[2024-01-05T01:20:57.748+0000] {processor.py:153} INFO - Started process (PID=4352) to work on /home/airflow/.local/lib/python3.7/site-packages/airflow/example_dags/example_short_circuit_decorator.py
[2024-01-05T01:20:57.750+0000] {processor.py:743} INFO - Processing file /home/airflow/.local/lib/python3.7/site-packages/airflow/example_dags/example_short_circuit_decorator.py for tasks to queue
[2024-01-05T01:20:57.752+0000] {logging_mixin.py:137} INFO - [2024-01-05T01:20:57.751+0000] {dagbag.py:538} INFO - Filling up the DagBag from /home/airflow/.local/lib/python3.7/site-packages/airflow/example_dags/example_short_circuit_decorator.py
[2024-01-05T01:20:57.777+0000] {processor.py:753} INFO - DAG(s) dict_keys(['example_short_circuit_decorator']) retrieved from /home/airflow/.local/lib/python3.7/site-packages/airflow/example_dags/example_short_circuit_decorator.py
[2024-01-05T01:20:57.806+0000] {logging_mixin.py:137} INFO - [2024-01-05T01:20:57.806+0000] {dag.py:2690} INFO - Sync 1 DAGs
[2024-01-05T01:20:57.830+0000] {logging_mixin.py:137} INFO - [2024-01-05T01:20:57.830+0000] {dag.py:3441} INFO - Setting next_dagrun for example_short_circuit_decorator to 2024-01-04T01:20:57.830345+00:00, run_after=2024-01-05T01:20:57.830345+00:00
[2024-01-05T01:20:57.845+0000] {processor.py:175} INFO - Processing /home/airflow/.local/lib/python3.7/site-packages/airflow/example_dags/example_short_circuit_decorator.py took 0.104 seconds
[2024-01-05T02:31:19.251+0000] {processor.py:153} INFO - Started process (PID=4415) to work on /home/airflow/.local/lib/python3.7/site-packages/airflow/example_dags/example_short_circuit_decorator.py
[2024-01-05T02:31:19.253+0000] {processor.py:743} INFO - Processing file /home/airflow/.local/lib/python3.7/site-packages/airflow/example_dags/example_short_circuit_decorator.py for tasks to queue
[2024-01-05T02:31:19.253+0000] {logging_mixin.py:137} INFO - [2024-01-05T02:31:19.253+0000] {dagbag.py:538} INFO - Filling up the DagBag from /home/airflow/.local/lib/python3.7/site-packages/airflow/example_dags/example_short_circuit_decorator.py
[2024-01-05T02:31:19.270+0000] {processor.py:753} INFO - DAG(s) dict_keys(['example_short_circuit_decorator']) retrieved from /home/airflow/.local/lib/python3.7/site-packages/airflow/example_dags/example_short_circuit_decorator.py
[2024-01-05T02:31:19.292+0000] {logging_mixin.py:137} INFO - [2024-01-05T02:31:19.292+0000] {dag.py:2690} INFO - Sync 1 DAGs
[2024-01-05T02:31:19.309+0000] {logging_mixin.py:137} INFO - [2024-01-05T02:31:19.309+0000] {dag.py:3441} INFO - Setting next_dagrun for example_short_circuit_decorator to 2024-01-04T02:31:19.309326+00:00, run_after=2024-01-05T02:31:19.309326+00:00
[2024-01-05T02:31:19.320+0000] {processor.py:175} INFO - Processing /home/airflow/.local/lib/python3.7/site-packages/airflow/example_dags/example_short_circuit_decorator.py took 0.072 seconds
[2024-01-05T03:42:28.068+0000] {processor.py:153} INFO - Started process (PID=4478) to work on /home/airflow/.local/lib/python3.7/site-packages/airflow/example_dags/example_short_circuit_decorator.py
[2024-01-05T03:42:28.069+0000] {processor.py:743} INFO - Processing file /home/airflow/.local/lib/python3.7/site-packages/airflow/example_dags/example_short_circuit_decorator.py for tasks to queue
[2024-01-05T03:42:28.070+0000] {logging_mixin.py:137} INFO - [2024-01-05T03:42:28.070+0000] {dagbag.py:538} INFO - Filling up the DagBag from /home/airflow/.local/lib/python3.7/site-packages/airflow/example_dags/example_short_circuit_decorator.py
[2024-01-05T03:42:28.090+0000] {processor.py:753} INFO - DAG(s) dict_keys(['example_short_circuit_decorator']) retrieved from /home/airflow/.local/lib/python3.7/site-packages/airflow/example_dags/example_short_circuit_decorator.py
[2024-01-05T03:42:28.111+0000] {logging_mixin.py:137} INFO - [2024-01-05T03:42:28.111+0000] {dag.py:2690} INFO - Sync 1 DAGs
[2024-01-05T03:42:28.129+0000] {logging_mixin.py:137} INFO - [2024-01-05T03:42:28.129+0000] {dag.py:3441} INFO - Setting next_dagrun for example_short_circuit_decorator to 2024-01-04T03:42:28.129627+00:00, run_after=2024-01-05T03:42:28.129627+00:00
[2024-01-05T03:42:28.143+0000] {processor.py:175} INFO - Processing /home/airflow/.local/lib/python3.7/site-packages/airflow/example_dags/example_short_circuit_decorator.py took 0.078 seconds
[2024-01-05T05:03:28.103+0000] {processor.py:153} INFO - Started process (PID=4553) to work on /home/airflow/.local/lib/python3.7/site-packages/airflow/example_dags/example_short_circuit_decorator.py
[2024-01-05T05:03:28.104+0000] {processor.py:743} INFO - Processing file /home/airflow/.local/lib/python3.7/site-packages/airflow/example_dags/example_short_circuit_decorator.py for tasks to queue
[2024-01-05T05:03:28.105+0000] {logging_mixin.py:137} INFO - [2024-01-05T05:03:28.105+0000] {dagbag.py:538} INFO - Filling up the DagBag from /home/airflow/.local/lib/python3.7/site-packages/airflow/example_dags/example_short_circuit_decorator.py
[2024-01-05T05:03:28.125+0000] {processor.py:753} INFO - DAG(s) dict_keys(['example_short_circuit_decorator']) retrieved from /home/airflow/.local/lib/python3.7/site-packages/airflow/example_dags/example_short_circuit_decorator.py
[2024-01-05T05:03:28.160+0000] {logging_mixin.py:137} INFO - [2024-01-05T05:03:28.160+0000] {dag.py:2690} INFO - Sync 1 DAGs
[2024-01-05T05:03:28.187+0000] {logging_mixin.py:137} INFO - [2024-01-05T05:03:28.187+0000] {dag.py:3441} INFO - Setting next_dagrun for example_short_circuit_decorator to 2024-01-04T05:03:28.187410+00:00, run_after=2024-01-05T05:03:28.187410+00:00
[2024-01-05T05:03:28.215+0000] {processor.py:175} INFO - Processing /home/airflow/.local/lib/python3.7/site-packages/airflow/example_dags/example_short_circuit_decorator.py took 0.115 seconds
[2024-01-05T06:28:03.733+0000] {processor.py:153} INFO - Started process (PID=4615) to work on /home/airflow/.local/lib/python3.7/site-packages/airflow/example_dags/example_short_circuit_decorator.py
[2024-01-05T06:28:03.734+0000] {processor.py:743} INFO - Processing file /home/airflow/.local/lib/python3.7/site-packages/airflow/example_dags/example_short_circuit_decorator.py for tasks to queue
[2024-01-05T06:28:03.735+0000] {logging_mixin.py:137} INFO - [2024-01-05T06:28:03.735+0000] {dagbag.py:538} INFO - Filling up the DagBag from /home/airflow/.local/lib/python3.7/site-packages/airflow/example_dags/example_short_circuit_decorator.py
[2024-01-05T06:28:03.752+0000] {processor.py:753} INFO - DAG(s) dict_keys(['example_short_circuit_decorator']) retrieved from /home/airflow/.local/lib/python3.7/site-packages/airflow/example_dags/example_short_circuit_decorator.py
[2024-01-05T06:28:03.772+0000] {logging_mixin.py:137} INFO - [2024-01-05T06:28:03.772+0000] {dag.py:2690} INFO - Sync 1 DAGs
[2024-01-05T06:28:03.791+0000] {logging_mixin.py:137} INFO - [2024-01-05T06:28:03.791+0000] {dag.py:3441} INFO - Setting next_dagrun for example_short_circuit_decorator to 2024-01-04T06:28:03.791061+00:00, run_after=2024-01-05T06:28:03.791061+00:00
[2024-01-05T06:28:03.802+0000] {processor.py:175} INFO - Processing /home/airflow/.local/lib/python3.7/site-packages/airflow/example_dags/example_short_circuit_decorator.py took 0.071 seconds
[2024-01-05T07:47:06.902+0000] {processor.py:153} INFO - Started process (PID=4690) to work on /home/airflow/.local/lib/python3.7/site-packages/airflow/example_dags/example_short_circuit_decorator.py
[2024-01-05T07:47:06.903+0000] {processor.py:743} INFO - Processing file /home/airflow/.local/lib/python3.7/site-packages/airflow/example_dags/example_short_circuit_decorator.py for tasks to queue
[2024-01-05T07:47:06.906+0000] {logging_mixin.py:137} INFO - [2024-01-05T07:47:06.905+0000] {dagbag.py:538} INFO - Filling up the DagBag from /home/airflow/.local/lib/python3.7/site-packages/airflow/example_dags/example_short_circuit_decorator.py
[2024-01-05T07:47:06.932+0000] {processor.py:753} INFO - DAG(s) dict_keys(['example_short_circuit_decorator']) retrieved from /home/airflow/.local/lib/python3.7/site-packages/airflow/example_dags/example_short_circuit_decorator.py
[2024-01-05T07:47:06.978+0000] {logging_mixin.py:137} INFO - [2024-01-05T07:47:06.978+0000] {dag.py:2690} INFO - Sync 1 DAGs
[2024-01-05T07:47:07.005+0000] {logging_mixin.py:137} INFO - [2024-01-05T07:47:07.005+0000] {dag.py:3441} INFO - Setting next_dagrun for example_short_circuit_decorator to 2024-01-04T07:47:07.005347+00:00, run_after=2024-01-05T07:47:07.005347+00:00
[2024-01-05T07:47:07.026+0000] {processor.py:175} INFO - Processing /home/airflow/.local/lib/python3.7/site-packages/airflow/example_dags/example_short_circuit_decorator.py took 0.128 seconds
[2024-01-05T09:24:48.614+0000] {processor.py:153} INFO - Started process (PID=4752) to work on /home/airflow/.local/lib/python3.7/site-packages/airflow/example_dags/example_short_circuit_decorator.py
[2024-01-05T09:24:48.616+0000] {processor.py:743} INFO - Processing file /home/airflow/.local/lib/python3.7/site-packages/airflow/example_dags/example_short_circuit_decorator.py for tasks to queue
[2024-01-05T09:24:48.617+0000] {logging_mixin.py:137} INFO - [2024-01-05T09:24:48.617+0000] {dagbag.py:538} INFO - Filling up the DagBag from /home/airflow/.local/lib/python3.7/site-packages/airflow/example_dags/example_short_circuit_decorator.py
[2024-01-05T09:24:48.643+0000] {processor.py:753} INFO - DAG(s) dict_keys(['example_short_circuit_decorator']) retrieved from /home/airflow/.local/lib/python3.7/site-packages/airflow/example_dags/example_short_circuit_decorator.py
[2024-01-05T09:24:48.666+0000] {logging_mixin.py:137} INFO - [2024-01-05T09:24:48.666+0000] {dag.py:2690} INFO - Sync 1 DAGs
[2024-01-05T09:24:48.686+0000] {logging_mixin.py:137} INFO - [2024-01-05T09:24:48.686+0000] {dag.py:3441} INFO - Setting next_dagrun for example_short_circuit_decorator to 2024-01-04T09:24:48.685754+00:00, run_after=2024-01-05T09:24:48.685754+00:00
[2024-01-05T09:24:48.697+0000] {processor.py:175} INFO - Processing /home/airflow/.local/lib/python3.7/site-packages/airflow/example_dags/example_short_circuit_decorator.py took 0.086 seconds
[2024-01-05T10:32:48.768+0000] {processor.py:153} INFO - Started process (PID=4815) to work on /home/airflow/.local/lib/python3.7/site-packages/airflow/example_dags/example_short_circuit_decorator.py
[2024-01-05T10:32:48.769+0000] {processor.py:743} INFO - Processing file /home/airflow/.local/lib/python3.7/site-packages/airflow/example_dags/example_short_circuit_decorator.py for tasks to queue
[2024-01-05T10:32:48.770+0000] {logging_mixin.py:137} INFO - [2024-01-05T10:32:48.770+0000] {dagbag.py:538} INFO - Filling up the DagBag from /home/airflow/.local/lib/python3.7/site-packages/airflow/example_dags/example_short_circuit_decorator.py
[2024-01-05T10:32:48.787+0000] {processor.py:753} INFO - DAG(s) dict_keys(['example_short_circuit_decorator']) retrieved from /home/airflow/.local/lib/python3.7/site-packages/airflow/example_dags/example_short_circuit_decorator.py
[2024-01-05T10:32:48.808+0000] {logging_mixin.py:137} INFO - [2024-01-05T10:32:48.808+0000] {dag.py:2690} INFO - Sync 1 DAGs
[2024-01-05T10:32:48.824+0000] {logging_mixin.py:137} INFO - [2024-01-05T10:32:48.824+0000] {dag.py:3441} INFO - Setting next_dagrun for example_short_circuit_decorator to 2024-01-04T10:32:48.824208+00:00, run_after=2024-01-05T10:32:48.824208+00:00
[2024-01-05T10:32:48.840+0000] {processor.py:175} INFO - Processing /home/airflow/.local/lib/python3.7/site-packages/airflow/example_dags/example_short_circuit_decorator.py took 0.075 seconds
[2024-01-05T11:33:47.738+0000] {processor.py:153} INFO - Started process (PID=4890) to work on /home/airflow/.local/lib/python3.7/site-packages/airflow/example_dags/example_short_circuit_decorator.py
[2024-01-05T11:33:47.739+0000] {processor.py:743} INFO - Processing file /home/airflow/.local/lib/python3.7/site-packages/airflow/example_dags/example_short_circuit_decorator.py for tasks to queue
[2024-01-05T11:33:47.740+0000] {logging_mixin.py:137} INFO - [2024-01-05T11:33:47.740+0000] {dagbag.py:538} INFO - Filling up the DagBag from /home/airflow/.local/lib/python3.7/site-packages/airflow/example_dags/example_short_circuit_decorator.py
[2024-01-05T11:33:47.757+0000] {processor.py:753} INFO - DAG(s) dict_keys(['example_short_circuit_decorator']) retrieved from /home/airflow/.local/lib/python3.7/site-packages/airflow/example_dags/example_short_circuit_decorator.py
[2024-01-05T11:33:47.778+0000] {logging_mixin.py:137} INFO - [2024-01-05T11:33:47.778+0000] {dag.py:2690} INFO - Sync 1 DAGs
[2024-01-05T11:33:47.794+0000] {logging_mixin.py:137} INFO - [2024-01-05T11:33:47.794+0000] {dag.py:3441} INFO - Setting next_dagrun for example_short_circuit_decorator to 2024-01-04T11:33:47.794327+00:00, run_after=2024-01-05T11:33:47.794327+00:00
[2024-01-05T11:33:47.806+0000] {processor.py:175} INFO - Processing /home/airflow/.local/lib/python3.7/site-packages/airflow/example_dags/example_short_circuit_decorator.py took 0.071 seconds
[2024-01-05T12:52:20.555+0000] {processor.py:153} INFO - Started process (PID=4953) to work on /home/airflow/.local/lib/python3.7/site-packages/airflow/example_dags/example_short_circuit_decorator.py
[2024-01-05T12:52:20.557+0000] {processor.py:743} INFO - Processing file /home/airflow/.local/lib/python3.7/site-packages/airflow/example_dags/example_short_circuit_decorator.py for tasks to queue
[2024-01-05T12:52:20.558+0000] {logging_mixin.py:137} INFO - [2024-01-05T12:52:20.558+0000] {dagbag.py:538} INFO - Filling up the DagBag from /home/airflow/.local/lib/python3.7/site-packages/airflow/example_dags/example_short_circuit_decorator.py
[2024-01-05T12:52:20.593+0000] {processor.py:753} INFO - DAG(s) dict_keys(['example_short_circuit_decorator']) retrieved from /home/airflow/.local/lib/python3.7/site-packages/airflow/example_dags/example_short_circuit_decorator.py
[2024-01-05T12:52:20.627+0000] {logging_mixin.py:137} INFO - [2024-01-05T12:52:20.627+0000] {dag.py:2690} INFO - Sync 1 DAGs
[2024-01-05T12:52:20.650+0000] {logging_mixin.py:137} INFO - [2024-01-05T12:52:20.649+0000] {dag.py:3441} INFO - Setting next_dagrun for example_short_circuit_decorator to 2024-01-04T12:52:20.649507+00:00, run_after=2024-01-05T12:52:20.649507+00:00
[2024-01-05T12:52:20.678+0000] {processor.py:175} INFO - Processing /home/airflow/.local/lib/python3.7/site-packages/airflow/example_dags/example_short_circuit_decorator.py took 0.127 seconds
[2024-01-05T14:01:07.036+0000] {processor.py:153} INFO - Started process (PID=5027) to work on /home/airflow/.local/lib/python3.7/site-packages/airflow/example_dags/example_short_circuit_decorator.py
[2024-01-05T14:01:07.038+0000] {processor.py:743} INFO - Processing file /home/airflow/.local/lib/python3.7/site-packages/airflow/example_dags/example_short_circuit_decorator.py for tasks to queue
[2024-01-05T14:01:07.039+0000] {logging_mixin.py:137} INFO - [2024-01-05T14:01:07.039+0000] {dagbag.py:538} INFO - Filling up the DagBag from /home/airflow/.local/lib/python3.7/site-packages/airflow/example_dags/example_short_circuit_decorator.py
[2024-01-05T14:01:07.059+0000] {processor.py:753} INFO - DAG(s) dict_keys(['example_short_circuit_decorator']) retrieved from /home/airflow/.local/lib/python3.7/site-packages/airflow/example_dags/example_short_circuit_decorator.py
[2024-01-05T14:01:07.080+0000] {logging_mixin.py:137} INFO - [2024-01-05T14:01:07.080+0000] {dag.py:2690} INFO - Sync 1 DAGs
[2024-01-05T14:01:07.101+0000] {logging_mixin.py:137} INFO - [2024-01-05T14:01:07.100+0000] {dag.py:3441} INFO - Setting next_dagrun for example_short_circuit_decorator to 2024-01-04T14:01:07.100754+00:00, run_after=2024-01-05T14:01:07.100754+00:00
[2024-01-05T14:01:07.114+0000] {processor.py:175} INFO - Processing /home/airflow/.local/lib/python3.7/site-packages/airflow/example_dags/example_short_circuit_decorator.py took 0.083 seconds
[2024-01-05T14:01:37.398+0000] {processor.py:153} INFO - Started process (PID=5091) to work on /home/airflow/.local/lib/python3.7/site-packages/airflow/example_dags/example_short_circuit_decorator.py
[2024-01-05T14:01:37.399+0000] {processor.py:743} INFO - Processing file /home/airflow/.local/lib/python3.7/site-packages/airflow/example_dags/example_short_circuit_decorator.py for tasks to queue
[2024-01-05T14:01:37.400+0000] {logging_mixin.py:137} INFO - [2024-01-05T14:01:37.400+0000] {dagbag.py:538} INFO - Filling up the DagBag from /home/airflow/.local/lib/python3.7/site-packages/airflow/example_dags/example_short_circuit_decorator.py
[2024-01-05T14:01:37.418+0000] {processor.py:753} INFO - DAG(s) dict_keys(['example_short_circuit_decorator']) retrieved from /home/airflow/.local/lib/python3.7/site-packages/airflow/example_dags/example_short_circuit_decorator.py
[2024-01-05T14:01:37.443+0000] {logging_mixin.py:137} INFO - [2024-01-05T14:01:37.443+0000] {dag.py:2690} INFO - Sync 1 DAGs
[2024-01-05T14:01:37.464+0000] {logging_mixin.py:137} INFO - [2024-01-05T14:01:37.464+0000] {dag.py:3441} INFO - Setting next_dagrun for example_short_circuit_decorator to 2024-01-04T14:01:37.464096+00:00, run_after=2024-01-05T14:01:37.464096+00:00
[2024-01-05T14:01:37.480+0000] {processor.py:175} INFO - Processing /home/airflow/.local/lib/python3.7/site-packages/airflow/example_dags/example_short_circuit_decorator.py took 0.085 seconds
[2024-01-05T14:02:09.453+0000] {processor.py:153} INFO - Started process (PID=5167) to work on /home/airflow/.local/lib/python3.7/site-packages/airflow/example_dags/example_short_circuit_decorator.py
[2024-01-05T14:02:09.469+0000] {processor.py:743} INFO - Processing file /home/airflow/.local/lib/python3.7/site-packages/airflow/example_dags/example_short_circuit_decorator.py for tasks to queue
[2024-01-05T14:02:09.471+0000] {logging_mixin.py:137} INFO - [2024-01-05T14:02:09.471+0000] {dagbag.py:538} INFO - Filling up the DagBag from /home/airflow/.local/lib/python3.7/site-packages/airflow/example_dags/example_short_circuit_decorator.py
[2024-01-05T14:02:09.537+0000] {processor.py:753} INFO - DAG(s) dict_keys(['example_short_circuit_decorator']) retrieved from /home/airflow/.local/lib/python3.7/site-packages/airflow/example_dags/example_short_circuit_decorator.py
[2024-01-05T14:02:09.585+0000] {logging_mixin.py:137} INFO - [2024-01-05T14:02:09.585+0000] {dag.py:2690} INFO - Sync 1 DAGs
[2024-01-05T14:02:09.611+0000] {logging_mixin.py:137} INFO - [2024-01-05T14:02:09.611+0000] {dag.py:3441} INFO - Setting next_dagrun for example_short_circuit_decorator to 2024-01-04T14:02:09.611115+00:00, run_after=2024-01-05T14:02:09.611115+00:00
[2024-01-05T14:02:09.638+0000] {processor.py:175} INFO - Processing /home/airflow/.local/lib/python3.7/site-packages/airflow/example_dags/example_short_circuit_decorator.py took 0.191 seconds
[2024-01-05T14:02:39.976+0000] {processor.py:153} INFO - Started process (PID=5230) to work on /home/airflow/.local/lib/python3.7/site-packages/airflow/example_dags/example_short_circuit_decorator.py
[2024-01-05T14:02:39.979+0000] {processor.py:743} INFO - Processing file /home/airflow/.local/lib/python3.7/site-packages/airflow/example_dags/example_short_circuit_decorator.py for tasks to queue
[2024-01-05T14:02:39.980+0000] {logging_mixin.py:137} INFO - [2024-01-05T14:02:39.980+0000] {dagbag.py:538} INFO - Filling up the DagBag from /home/airflow/.local/lib/python3.7/site-packages/airflow/example_dags/example_short_circuit_decorator.py
[2024-01-05T14:02:39.996+0000] {processor.py:753} INFO - DAG(s) dict_keys(['example_short_circuit_decorator']) retrieved from /home/airflow/.local/lib/python3.7/site-packages/airflow/example_dags/example_short_circuit_decorator.py
[2024-01-05T14:02:40.016+0000] {logging_mixin.py:137} INFO - [2024-01-05T14:02:40.015+0000] {dag.py:2690} INFO - Sync 1 DAGs
[2024-01-05T14:02:40.032+0000] {logging_mixin.py:137} INFO - [2024-01-05T14:02:40.032+0000] {dag.py:3441} INFO - Setting next_dagrun for example_short_circuit_decorator to 2024-01-04T14:02:40.031967+00:00, run_after=2024-01-05T14:02:40.031967+00:00
[2024-01-05T14:02:40.043+0000] {processor.py:175} INFO - Processing /home/airflow/.local/lib/python3.7/site-packages/airflow/example_dags/example_short_circuit_decorator.py took 0.070 seconds
[2024-01-05T14:03:10.733+0000] {processor.py:153} INFO - Started process (PID=5305) to work on /home/airflow/.local/lib/python3.7/site-packages/airflow/example_dags/example_short_circuit_decorator.py
[2024-01-05T14:03:10.735+0000] {processor.py:743} INFO - Processing file /home/airflow/.local/lib/python3.7/site-packages/airflow/example_dags/example_short_circuit_decorator.py for tasks to queue
[2024-01-05T14:03:10.737+0000] {logging_mixin.py:137} INFO - [2024-01-05T14:03:10.737+0000] {dagbag.py:538} INFO - Filling up the DagBag from /home/airflow/.local/lib/python3.7/site-packages/airflow/example_dags/example_short_circuit_decorator.py
[2024-01-05T14:03:10.755+0000] {processor.py:753} INFO - DAG(s) dict_keys(['example_short_circuit_decorator']) retrieved from /home/airflow/.local/lib/python3.7/site-packages/airflow/example_dags/example_short_circuit_decorator.py
[2024-01-05T14:03:10.779+0000] {logging_mixin.py:137} INFO - [2024-01-05T14:03:10.779+0000] {dag.py:2690} INFO - Sync 1 DAGs
[2024-01-05T14:03:10.797+0000] {logging_mixin.py:137} INFO - [2024-01-05T14:03:10.797+0000] {dag.py:3441} INFO - Setting next_dagrun for example_short_circuit_decorator to 2024-01-04T14:03:10.797395+00:00, run_after=2024-01-05T14:03:10.797395+00:00
[2024-01-05T14:03:10.817+0000] {processor.py:175} INFO - Processing /home/airflow/.local/lib/python3.7/site-packages/airflow/example_dags/example_short_circuit_decorator.py took 0.088 seconds
[2024-01-05T14:03:41.628+0000] {processor.py:153} INFO - Started process (PID=5368) to work on /home/airflow/.local/lib/python3.7/site-packages/airflow/example_dags/example_short_circuit_decorator.py
[2024-01-05T14:03:41.630+0000] {processor.py:743} INFO - Processing file /home/airflow/.local/lib/python3.7/site-packages/airflow/example_dags/example_short_circuit_decorator.py for tasks to queue
[2024-01-05T14:03:41.631+0000] {logging_mixin.py:137} INFO - [2024-01-05T14:03:41.630+0000] {dagbag.py:538} INFO - Filling up the DagBag from /home/airflow/.local/lib/python3.7/site-packages/airflow/example_dags/example_short_circuit_decorator.py
[2024-01-05T14:03:41.647+0000] {processor.py:753} INFO - DAG(s) dict_keys(['example_short_circuit_decorator']) retrieved from /home/airflow/.local/lib/python3.7/site-packages/airflow/example_dags/example_short_circuit_decorator.py
[2024-01-05T14:03:41.666+0000] {logging_mixin.py:137} INFO - [2024-01-05T14:03:41.666+0000] {dag.py:2690} INFO - Sync 1 DAGs
[2024-01-05T14:03:41.683+0000] {logging_mixin.py:137} INFO - [2024-01-05T14:03:41.682+0000] {dag.py:3441} INFO - Setting next_dagrun for example_short_circuit_decorator to 2024-01-04T14:03:41.682678+00:00, run_after=2024-01-05T14:03:41.682678+00:00
[2024-01-05T14:03:41.696+0000] {processor.py:175} INFO - Processing /home/airflow/.local/lib/python3.7/site-packages/airflow/example_dags/example_short_circuit_decorator.py took 0.071 seconds
[2024-01-05T14:04:12.008+0000] {processor.py:153} INFO - Started process (PID=5444) to work on /home/airflow/.local/lib/python3.7/site-packages/airflow/example_dags/example_short_circuit_decorator.py
[2024-01-05T14:04:12.010+0000] {processor.py:743} INFO - Processing file /home/airflow/.local/lib/python3.7/site-packages/airflow/example_dags/example_short_circuit_decorator.py for tasks to queue
[2024-01-05T14:04:12.011+0000] {logging_mixin.py:137} INFO - [2024-01-05T14:04:12.011+0000] {dagbag.py:538} INFO - Filling up the DagBag from /home/airflow/.local/lib/python3.7/site-packages/airflow/example_dags/example_short_circuit_decorator.py
[2024-01-05T14:04:12.028+0000] {processor.py:753} INFO - DAG(s) dict_keys(['example_short_circuit_decorator']) retrieved from /home/airflow/.local/lib/python3.7/site-packages/airflow/example_dags/example_short_circuit_decorator.py
[2024-01-05T14:04:12.049+0000] {logging_mixin.py:137} INFO - [2024-01-05T14:04:12.049+0000] {dag.py:2690} INFO - Sync 1 DAGs
[2024-01-05T14:04:12.072+0000] {logging_mixin.py:137} INFO - [2024-01-05T14:04:12.072+0000] {dag.py:3441} INFO - Setting next_dagrun for example_short_circuit_decorator to 2024-01-04T14:04:12.072242+00:00, run_after=2024-01-05T14:04:12.072242+00:00
[2024-01-05T14:04:12.088+0000] {processor.py:175} INFO - Processing /home/airflow/.local/lib/python3.7/site-packages/airflow/example_dags/example_short_circuit_decorator.py took 0.082 seconds
[2024-01-05T14:04:42.931+0000] {processor.py:153} INFO - Started process (PID=5507) to work on /home/airflow/.local/lib/python3.7/site-packages/airflow/example_dags/example_short_circuit_decorator.py
[2024-01-05T14:04:42.933+0000] {processor.py:743} INFO - Processing file /home/airflow/.local/lib/python3.7/site-packages/airflow/example_dags/example_short_circuit_decorator.py for tasks to queue
[2024-01-05T14:04:42.933+0000] {logging_mixin.py:137} INFO - [2024-01-05T14:04:42.933+0000] {dagbag.py:538} INFO - Filling up the DagBag from /home/airflow/.local/lib/python3.7/site-packages/airflow/example_dags/example_short_circuit_decorator.py
[2024-01-05T14:04:42.951+0000] {processor.py:753} INFO - DAG(s) dict_keys(['example_short_circuit_decorator']) retrieved from /home/airflow/.local/lib/python3.7/site-packages/airflow/example_dags/example_short_circuit_decorator.py
[2024-01-05T14:04:42.973+0000] {logging_mixin.py:137} INFO - [2024-01-05T14:04:42.973+0000] {dag.py:2690} INFO - Sync 1 DAGs
[2024-01-05T14:04:42.994+0000] {logging_mixin.py:137} INFO - [2024-01-05T14:04:42.994+0000] {dag.py:3441} INFO - Setting next_dagrun for example_short_circuit_decorator to 2024-01-04T14:04:42.993980+00:00, run_after=2024-01-05T14:04:42.993980+00:00
[2024-01-05T14:04:43.014+0000] {processor.py:175} INFO - Processing /home/airflow/.local/lib/python3.7/site-packages/airflow/example_dags/example_short_circuit_decorator.py took 0.087 seconds
[2024-01-05T14:05:13.650+0000] {processor.py:153} INFO - Started process (PID=5582) to work on /home/airflow/.local/lib/python3.7/site-packages/airflow/example_dags/example_short_circuit_decorator.py
[2024-01-05T14:05:13.651+0000] {processor.py:743} INFO - Processing file /home/airflow/.local/lib/python3.7/site-packages/airflow/example_dags/example_short_circuit_decorator.py for tasks to queue
[2024-01-05T14:05:13.652+0000] {logging_mixin.py:137} INFO - [2024-01-05T14:05:13.652+0000] {dagbag.py:538} INFO - Filling up the DagBag from /home/airflow/.local/lib/python3.7/site-packages/airflow/example_dags/example_short_circuit_decorator.py
[2024-01-05T14:05:13.668+0000] {processor.py:753} INFO - DAG(s) dict_keys(['example_short_circuit_decorator']) retrieved from /home/airflow/.local/lib/python3.7/site-packages/airflow/example_dags/example_short_circuit_decorator.py
[2024-01-05T14:05:13.693+0000] {logging_mixin.py:137} INFO - [2024-01-05T14:05:13.693+0000] {dag.py:2690} INFO - Sync 1 DAGs
[2024-01-05T14:05:13.709+0000] {logging_mixin.py:137} INFO - [2024-01-05T14:05:13.709+0000] {dag.py:3441} INFO - Setting next_dagrun for example_short_circuit_decorator to 2024-01-04T14:05:13.709577+00:00, run_after=2024-01-05T14:05:13.709577+00:00
[2024-01-05T14:05:13.725+0000] {processor.py:175} INFO - Processing /home/airflow/.local/lib/python3.7/site-packages/airflow/example_dags/example_short_circuit_decorator.py took 0.078 seconds
[2024-01-05T14:05:44.838+0000] {processor.py:153} INFO - Started process (PID=5658) to work on /home/airflow/.local/lib/python3.7/site-packages/airflow/example_dags/example_short_circuit_decorator.py
[2024-01-05T14:05:44.841+0000] {processor.py:743} INFO - Processing file /home/airflow/.local/lib/python3.7/site-packages/airflow/example_dags/example_short_circuit_decorator.py for tasks to queue
[2024-01-05T14:05:44.843+0000] {logging_mixin.py:137} INFO - [2024-01-05T14:05:44.843+0000] {dagbag.py:538} INFO - Filling up the DagBag from /home/airflow/.local/lib/python3.7/site-packages/airflow/example_dags/example_short_circuit_decorator.py
[2024-01-05T14:05:44.877+0000] {processor.py:753} INFO - DAG(s) dict_keys(['example_short_circuit_decorator']) retrieved from /home/airflow/.local/lib/python3.7/site-packages/airflow/example_dags/example_short_circuit_decorator.py
[2024-01-05T14:05:44.908+0000] {logging_mixin.py:137} INFO - [2024-01-05T14:05:44.908+0000] {dag.py:2690} INFO - Sync 1 DAGs
[2024-01-05T14:05:44.926+0000] {logging_mixin.py:137} INFO - [2024-01-05T14:05:44.926+0000] {dag.py:3441} INFO - Setting next_dagrun for example_short_circuit_decorator to 2024-01-04T14:05:44.926023+00:00, run_after=2024-01-05T14:05:44.926023+00:00
[2024-01-05T14:05:44.949+0000] {processor.py:175} INFO - Processing /home/airflow/.local/lib/python3.7/site-packages/airflow/example_dags/example_short_circuit_decorator.py took 0.114 seconds
[2024-01-05T14:06:15.025+0000] {processor.py:153} INFO - Started process (PID=5722) to work on /home/airflow/.local/lib/python3.7/site-packages/airflow/example_dags/example_short_circuit_decorator.py
[2024-01-05T14:06:15.028+0000] {processor.py:743} INFO - Processing file /home/airflow/.local/lib/python3.7/site-packages/airflow/example_dags/example_short_circuit_decorator.py for tasks to queue
[2024-01-05T14:06:15.029+0000] {logging_mixin.py:137} INFO - [2024-01-05T14:06:15.029+0000] {dagbag.py:538} INFO - Filling up the DagBag from /home/airflow/.local/lib/python3.7/site-packages/airflow/example_dags/example_short_circuit_decorator.py
[2024-01-05T14:06:15.049+0000] {processor.py:753} INFO - DAG(s) dict_keys(['example_short_circuit_decorator']) retrieved from /home/airflow/.local/lib/python3.7/site-packages/airflow/example_dags/example_short_circuit_decorator.py
[2024-01-05T14:06:15.069+0000] {logging_mixin.py:137} INFO - [2024-01-05T14:06:15.069+0000] {dag.py:2690} INFO - Sync 1 DAGs
[2024-01-05T14:06:15.093+0000] {logging_mixin.py:137} INFO - [2024-01-05T14:06:15.092+0000] {dag.py:3441} INFO - Setting next_dagrun for example_short_circuit_decorator to 2024-01-04T14:06:15.092668+00:00, run_after=2024-01-05T14:06:15.092668+00:00
[2024-01-05T14:06:15.104+0000] {processor.py:175} INFO - Processing /home/airflow/.local/lib/python3.7/site-packages/airflow/example_dags/example_short_circuit_decorator.py took 0.081 seconds
[2024-01-05T14:06:45.718+0000] {processor.py:153} INFO - Started process (PID=5796) to work on /home/airflow/.local/lib/python3.7/site-packages/airflow/example_dags/example_short_circuit_decorator.py
[2024-01-05T14:06:45.719+0000] {processor.py:743} INFO - Processing file /home/airflow/.local/lib/python3.7/site-packages/airflow/example_dags/example_short_circuit_decorator.py for tasks to queue
[2024-01-05T14:06:45.720+0000] {logging_mixin.py:137} INFO - [2024-01-05T14:06:45.720+0000] {dagbag.py:538} INFO - Filling up the DagBag from /home/airflow/.local/lib/python3.7/site-packages/airflow/example_dags/example_short_circuit_decorator.py
[2024-01-05T14:06:45.735+0000] {processor.py:753} INFO - DAG(s) dict_keys(['example_short_circuit_decorator']) retrieved from /home/airflow/.local/lib/python3.7/site-packages/airflow/example_dags/example_short_circuit_decorator.py
[2024-01-05T14:06:45.754+0000] {logging_mixin.py:137} INFO - [2024-01-05T14:06:45.754+0000] {dag.py:2690} INFO - Sync 1 DAGs
[2024-01-05T14:06:45.769+0000] {logging_mixin.py:137} INFO - [2024-01-05T14:06:45.768+0000] {dag.py:3441} INFO - Setting next_dagrun for example_short_circuit_decorator to 2024-01-04T14:06:45.768789+00:00, run_after=2024-01-05T14:06:45.768789+00:00
[2024-01-05T14:06:45.779+0000] {processor.py:175} INFO - Processing /home/airflow/.local/lib/python3.7/site-packages/airflow/example_dags/example_short_circuit_decorator.py took 0.064 seconds
[2024-01-05T14:07:16.367+0000] {processor.py:153} INFO - Started process (PID=5859) to work on /home/airflow/.local/lib/python3.7/site-packages/airflow/example_dags/example_short_circuit_decorator.py
[2024-01-05T14:07:16.384+0000] {processor.py:743} INFO - Processing file /home/airflow/.local/lib/python3.7/site-packages/airflow/example_dags/example_short_circuit_decorator.py for tasks to queue
[2024-01-05T14:07:16.386+0000] {logging_mixin.py:137} INFO - [2024-01-05T14:07:16.385+0000] {dagbag.py:538} INFO - Filling up the DagBag from /home/airflow/.local/lib/python3.7/site-packages/airflow/example_dags/example_short_circuit_decorator.py
[2024-01-05T14:07:16.407+0000] {processor.py:753} INFO - DAG(s) dict_keys(['example_short_circuit_decorator']) retrieved from /home/airflow/.local/lib/python3.7/site-packages/airflow/example_dags/example_short_circuit_decorator.py
[2024-01-05T14:07:16.428+0000] {logging_mixin.py:137} INFO - [2024-01-05T14:07:16.428+0000] {dag.py:2690} INFO - Sync 1 DAGs
[2024-01-05T14:07:16.446+0000] {logging_mixin.py:137} INFO - [2024-01-05T14:07:16.446+0000] {dag.py:3441} INFO - Setting next_dagrun for example_short_circuit_decorator to 2024-01-04T14:07:16.446174+00:00, run_after=2024-01-05T14:07:16.446174+00:00
[2024-01-05T14:07:16.459+0000] {processor.py:175} INFO - Processing /home/airflow/.local/lib/python3.7/site-packages/airflow/example_dags/example_short_circuit_decorator.py took 0.096 seconds
[2024-01-05T14:07:47.148+0000] {processor.py:153} INFO - Started process (PID=5934) to work on /home/airflow/.local/lib/python3.7/site-packages/airflow/example_dags/example_short_circuit_decorator.py
[2024-01-05T14:07:47.150+0000] {processor.py:743} INFO - Processing file /home/airflow/.local/lib/python3.7/site-packages/airflow/example_dags/example_short_circuit_decorator.py for tasks to queue
[2024-01-05T14:07:47.151+0000] {logging_mixin.py:137} INFO - [2024-01-05T14:07:47.151+0000] {dagbag.py:538} INFO - Filling up the DagBag from /home/airflow/.local/lib/python3.7/site-packages/airflow/example_dags/example_short_circuit_decorator.py
[2024-01-05T14:07:47.170+0000] {processor.py:753} INFO - DAG(s) dict_keys(['example_short_circuit_decorator']) retrieved from /home/airflow/.local/lib/python3.7/site-packages/airflow/example_dags/example_short_circuit_decorator.py
[2024-01-05T14:07:47.192+0000] {logging_mixin.py:137} INFO - [2024-01-05T14:07:47.191+0000] {dag.py:2690} INFO - Sync 1 DAGs
[2024-01-05T14:07:47.214+0000] {logging_mixin.py:137} INFO - [2024-01-05T14:07:47.214+0000] {dag.py:3441} INFO - Setting next_dagrun for example_short_circuit_decorator to 2024-01-04T14:07:47.214183+00:00, run_after=2024-01-05T14:07:47.214183+00:00
[2024-01-05T14:07:47.237+0000] {processor.py:175} INFO - Processing /home/airflow/.local/lib/python3.7/site-packages/airflow/example_dags/example_short_circuit_decorator.py took 0.092 seconds
[2024-01-05T14:08:17.847+0000] {processor.py:153} INFO - Started process (PID=5997) to work on /home/airflow/.local/lib/python3.7/site-packages/airflow/example_dags/example_short_circuit_decorator.py
[2024-01-05T14:08:17.848+0000] {processor.py:743} INFO - Processing file /home/airflow/.local/lib/python3.7/site-packages/airflow/example_dags/example_short_circuit_decorator.py for tasks to queue
[2024-01-05T14:08:17.849+0000] {logging_mixin.py:137} INFO - [2024-01-05T14:08:17.849+0000] {dagbag.py:538} INFO - Filling up the DagBag from /home/airflow/.local/lib/python3.7/site-packages/airflow/example_dags/example_short_circuit_decorator.py
[2024-01-05T14:08:17.866+0000] {processor.py:753} INFO - DAG(s) dict_keys(['example_short_circuit_decorator']) retrieved from /home/airflow/.local/lib/python3.7/site-packages/airflow/example_dags/example_short_circuit_decorator.py
[2024-01-05T14:08:17.885+0000] {logging_mixin.py:137} INFO - [2024-01-05T14:08:17.885+0000] {dag.py:2690} INFO - Sync 1 DAGs
[2024-01-05T14:08:17.902+0000] {logging_mixin.py:137} INFO - [2024-01-05T14:08:17.902+0000] {dag.py:3441} INFO - Setting next_dagrun for example_short_circuit_decorator to 2024-01-04T14:08:17.902598+00:00, run_after=2024-01-05T14:08:17.902598+00:00
[2024-01-05T14:08:17.914+0000] {processor.py:175} INFO - Processing /home/airflow/.local/lib/python3.7/site-packages/airflow/example_dags/example_short_circuit_decorator.py took 0.071 seconds
[2024-01-05T14:08:48.094+0000] {processor.py:153} INFO - Started process (PID=6072) to work on /home/airflow/.local/lib/python3.7/site-packages/airflow/example_dags/example_short_circuit_decorator.py
[2024-01-05T14:08:48.095+0000] {processor.py:743} INFO - Processing file /home/airflow/.local/lib/python3.7/site-packages/airflow/example_dags/example_short_circuit_decorator.py for tasks to queue
[2024-01-05T14:08:48.096+0000] {logging_mixin.py:137} INFO - [2024-01-05T14:08:48.096+0000] {dagbag.py:538} INFO - Filling up the DagBag from /home/airflow/.local/lib/python3.7/site-packages/airflow/example_dags/example_short_circuit_decorator.py
[2024-01-05T14:08:48.113+0000] {processor.py:753} INFO - DAG(s) dict_keys(['example_short_circuit_decorator']) retrieved from /home/airflow/.local/lib/python3.7/site-packages/airflow/example_dags/example_short_circuit_decorator.py
[2024-01-05T14:08:48.133+0000] {logging_mixin.py:137} INFO - [2024-01-05T14:08:48.133+0000] {dag.py:2690} INFO - Sync 1 DAGs
[2024-01-05T14:08:48.149+0000] {logging_mixin.py:137} INFO - [2024-01-05T14:08:48.149+0000] {dag.py:3441} INFO - Setting next_dagrun for example_short_circuit_decorator to 2024-01-04T14:08:48.149590+00:00, run_after=2024-01-05T14:08:48.149590+00:00
[2024-01-05T14:08:48.161+0000] {processor.py:175} INFO - Processing /home/airflow/.local/lib/python3.7/site-packages/airflow/example_dags/example_short_circuit_decorator.py took 0.070 seconds
[2024-01-05T14:09:18.651+0000] {processor.py:153} INFO - Started process (PID=6145) to work on /home/airflow/.local/lib/python3.7/site-packages/airflow/example_dags/example_short_circuit_decorator.py
[2024-01-05T14:09:18.652+0000] {processor.py:743} INFO - Processing file /home/airflow/.local/lib/python3.7/site-packages/airflow/example_dags/example_short_circuit_decorator.py for tasks to queue
[2024-01-05T14:09:18.653+0000] {logging_mixin.py:137} INFO - [2024-01-05T14:09:18.653+0000] {dagbag.py:538} INFO - Filling up the DagBag from /home/airflow/.local/lib/python3.7/site-packages/airflow/example_dags/example_short_circuit_decorator.py
[2024-01-05T14:09:18.677+0000] {processor.py:753} INFO - DAG(s) dict_keys(['example_short_circuit_decorator']) retrieved from /home/airflow/.local/lib/python3.7/site-packages/airflow/example_dags/example_short_circuit_decorator.py
[2024-01-05T14:09:18.714+0000] {logging_mixin.py:137} INFO - [2024-01-05T14:09:18.714+0000] {dag.py:2690} INFO - Sync 1 DAGs
[2024-01-05T14:09:18.785+0000] {logging_mixin.py:137} INFO - [2024-01-05T14:09:18.784+0000] {dag.py:3441} INFO - Setting next_dagrun for example_short_circuit_decorator to 2024-01-04T14:09:18.784685+00:00, run_after=2024-01-05T14:09:18.784685+00:00
[2024-01-05T14:09:18.817+0000] {processor.py:175} INFO - Processing /home/airflow/.local/lib/python3.7/site-packages/airflow/example_dags/example_short_circuit_decorator.py took 0.170 seconds
[2024-01-05T14:09:49.200+0000] {processor.py:153} INFO - Started process (PID=6211) to work on /home/airflow/.local/lib/python3.7/site-packages/airflow/example_dags/example_short_circuit_decorator.py
[2024-01-05T14:09:49.201+0000] {processor.py:743} INFO - Processing file /home/airflow/.local/lib/python3.7/site-packages/airflow/example_dags/example_short_circuit_decorator.py for tasks to queue
[2024-01-05T14:09:49.203+0000] {logging_mixin.py:137} INFO - [2024-01-05T14:09:49.203+0000] {dagbag.py:538} INFO - Filling up the DagBag from /home/airflow/.local/lib/python3.7/site-packages/airflow/example_dags/example_short_circuit_decorator.py
[2024-01-05T14:09:49.236+0000] {processor.py:753} INFO - DAG(s) dict_keys(['example_short_circuit_decorator']) retrieved from /home/airflow/.local/lib/python3.7/site-packages/airflow/example_dags/example_short_circuit_decorator.py
[2024-01-05T14:09:49.264+0000] {logging_mixin.py:137} INFO - [2024-01-05T14:09:49.263+0000] {dag.py:2690} INFO - Sync 1 DAGs
[2024-01-05T14:09:49.284+0000] {logging_mixin.py:137} INFO - [2024-01-05T14:09:49.284+0000] {dag.py:3441} INFO - Setting next_dagrun for example_short_circuit_decorator to 2024-01-04T14:09:49.284431+00:00, run_after=2024-01-05T14:09:49.284431+00:00
[2024-01-05T14:09:49.298+0000] {processor.py:175} INFO - Processing /home/airflow/.local/lib/python3.7/site-packages/airflow/example_dags/example_short_circuit_decorator.py took 0.104 seconds
[2024-01-05T14:10:20.275+0000] {processor.py:153} INFO - Started process (PID=6280) to work on /home/airflow/.local/lib/python3.7/site-packages/airflow/example_dags/example_short_circuit_decorator.py
[2024-01-05T14:10:20.277+0000] {processor.py:743} INFO - Processing file /home/airflow/.local/lib/python3.7/site-packages/airflow/example_dags/example_short_circuit_decorator.py for tasks to queue
[2024-01-05T14:10:20.278+0000] {logging_mixin.py:137} INFO - [2024-01-05T14:10:20.278+0000] {dagbag.py:538} INFO - Filling up the DagBag from /home/airflow/.local/lib/python3.7/site-packages/airflow/example_dags/example_short_circuit_decorator.py
[2024-01-05T14:10:20.322+0000] {processor.py:753} INFO - DAG(s) dict_keys(['example_short_circuit_decorator']) retrieved from /home/airflow/.local/lib/python3.7/site-packages/airflow/example_dags/example_short_circuit_decorator.py
[2024-01-05T14:10:20.475+0000] {logging_mixin.py:137} INFO - [2024-01-05T14:10:20.475+0000] {dag.py:2690} INFO - Sync 1 DAGs
[2024-01-05T14:10:20.616+0000] {logging_mixin.py:137} INFO - [2024-01-05T14:10:20.615+0000] {dag.py:3441} INFO - Setting next_dagrun for example_short_circuit_decorator to 2024-01-04T14:10:20.614970+00:00, run_after=2024-01-05T14:10:20.614970+00:00
[2024-01-05T14:10:20.699+0000] {processor.py:175} INFO - Processing /home/airflow/.local/lib/python3.7/site-packages/airflow/example_dags/example_short_circuit_decorator.py took 0.426 seconds
[2024-01-05T14:10:50.843+0000] {processor.py:153} INFO - Started process (PID=6347) to work on /home/airflow/.local/lib/python3.7/site-packages/airflow/example_dags/example_short_circuit_decorator.py
[2024-01-05T14:10:50.848+0000] {processor.py:743} INFO - Processing file /home/airflow/.local/lib/python3.7/site-packages/airflow/example_dags/example_short_circuit_decorator.py for tasks to queue
[2024-01-05T14:10:50.849+0000] {logging_mixin.py:137} INFO - [2024-01-05T14:10:50.849+0000] {dagbag.py:538} INFO - Filling up the DagBag from /home/airflow/.local/lib/python3.7/site-packages/airflow/example_dags/example_short_circuit_decorator.py
[2024-01-05T14:10:50.872+0000] {processor.py:753} INFO - DAG(s) dict_keys(['example_short_circuit_decorator']) retrieved from /home/airflow/.local/lib/python3.7/site-packages/airflow/example_dags/example_short_circuit_decorator.py
[2024-01-05T14:10:50.893+0000] {logging_mixin.py:137} INFO - [2024-01-05T14:10:50.893+0000] {dag.py:2690} INFO - Sync 1 DAGs
[2024-01-05T14:10:50.909+0000] {logging_mixin.py:137} INFO - [2024-01-05T14:10:50.909+0000] {dag.py:3441} INFO - Setting next_dagrun for example_short_circuit_decorator to 2024-01-04T14:10:50.909023+00:00, run_after=2024-01-05T14:10:50.909023+00:00
[2024-01-05T14:10:50.921+0000] {processor.py:175} INFO - Processing /home/airflow/.local/lib/python3.7/site-packages/airflow/example_dags/example_short_circuit_decorator.py took 0.082 seconds
[2024-01-05T14:11:22.472+0000] {processor.py:153} INFO - Started process (PID=6421) to work on /home/airflow/.local/lib/python3.7/site-packages/airflow/example_dags/example_short_circuit_decorator.py
[2024-01-05T14:11:22.474+0000] {processor.py:743} INFO - Processing file /home/airflow/.local/lib/python3.7/site-packages/airflow/example_dags/example_short_circuit_decorator.py for tasks to queue
[2024-01-05T14:11:22.475+0000] {logging_mixin.py:137} INFO - [2024-01-05T14:11:22.475+0000] {dagbag.py:538} INFO - Filling up the DagBag from /home/airflow/.local/lib/python3.7/site-packages/airflow/example_dags/example_short_circuit_decorator.py
[2024-01-05T14:11:22.502+0000] {processor.py:753} INFO - DAG(s) dict_keys(['example_short_circuit_decorator']) retrieved from /home/airflow/.local/lib/python3.7/site-packages/airflow/example_dags/example_short_circuit_decorator.py
[2024-01-05T14:11:22.546+0000] {logging_mixin.py:137} INFO - [2024-01-05T14:11:22.546+0000] {dag.py:2690} INFO - Sync 1 DAGs
[2024-01-05T14:11:22.576+0000] {logging_mixin.py:137} INFO - [2024-01-05T14:11:22.576+0000] {dag.py:3441} INFO - Setting next_dagrun for example_short_circuit_decorator to 2024-01-04T14:11:22.575601+00:00, run_after=2024-01-05T14:11:22.575601+00:00
[2024-01-05T14:11:22.603+0000] {processor.py:175} INFO - Processing /home/airflow/.local/lib/python3.7/site-packages/airflow/example_dags/example_short_circuit_decorator.py took 0.134 seconds
[2024-01-05T14:11:52.981+0000] {processor.py:153} INFO - Started process (PID=6483) to work on /home/airflow/.local/lib/python3.7/site-packages/airflow/example_dags/example_short_circuit_decorator.py
[2024-01-05T14:11:52.982+0000] {processor.py:743} INFO - Processing file /home/airflow/.local/lib/python3.7/site-packages/airflow/example_dags/example_short_circuit_decorator.py for tasks to queue
[2024-01-05T14:11:52.983+0000] {logging_mixin.py:137} INFO - [2024-01-05T14:11:52.983+0000] {dagbag.py:538} INFO - Filling up the DagBag from /home/airflow/.local/lib/python3.7/site-packages/airflow/example_dags/example_short_circuit_decorator.py
[2024-01-05T14:11:53.001+0000] {processor.py:753} INFO - DAG(s) dict_keys(['example_short_circuit_decorator']) retrieved from /home/airflow/.local/lib/python3.7/site-packages/airflow/example_dags/example_short_circuit_decorator.py
[2024-01-05T14:11:53.022+0000] {logging_mixin.py:137} INFO - [2024-01-05T14:11:53.022+0000] {dag.py:2690} INFO - Sync 1 DAGs
[2024-01-05T14:11:53.044+0000] {logging_mixin.py:137} INFO - [2024-01-05T14:11:53.044+0000] {dag.py:3441} INFO - Setting next_dagrun for example_short_circuit_decorator to 2024-01-04T14:11:53.043756+00:00, run_after=2024-01-05T14:11:53.043756+00:00
[2024-01-05T14:11:53.062+0000] {processor.py:175} INFO - Processing /home/airflow/.local/lib/python3.7/site-packages/airflow/example_dags/example_short_circuit_decorator.py took 0.084 seconds
[2024-01-05T14:12:23.992+0000] {processor.py:153} INFO - Started process (PID=6559) to work on /home/airflow/.local/lib/python3.7/site-packages/airflow/example_dags/example_short_circuit_decorator.py
[2024-01-05T14:12:23.994+0000] {processor.py:743} INFO - Processing file /home/airflow/.local/lib/python3.7/site-packages/airflow/example_dags/example_short_circuit_decorator.py for tasks to queue
[2024-01-05T14:12:23.994+0000] {logging_mixin.py:137} INFO - [2024-01-05T14:12:23.994+0000] {dagbag.py:538} INFO - Filling up the DagBag from /home/airflow/.local/lib/python3.7/site-packages/airflow/example_dags/example_short_circuit_decorator.py
[2024-01-05T14:12:24.014+0000] {processor.py:753} INFO - DAG(s) dict_keys(['example_short_circuit_decorator']) retrieved from /home/airflow/.local/lib/python3.7/site-packages/airflow/example_dags/example_short_circuit_decorator.py
[2024-01-05T14:12:24.036+0000] {logging_mixin.py:137} INFO - [2024-01-05T14:12:24.035+0000] {dag.py:2690} INFO - Sync 1 DAGs
[2024-01-05T14:12:24.054+0000] {logging_mixin.py:137} INFO - [2024-01-05T14:12:24.054+0000] {dag.py:3441} INFO - Setting next_dagrun for example_short_circuit_decorator to 2024-01-04T14:12:24.054057+00:00, run_after=2024-01-05T14:12:24.054057+00:00
[2024-01-05T14:12:24.066+0000] {processor.py:175} INFO - Processing /home/airflow/.local/lib/python3.7/site-packages/airflow/example_dags/example_short_circuit_decorator.py took 0.077 seconds
[2024-01-05T14:12:54.508+0000] {processor.py:153} INFO - Started process (PID=6622) to work on /home/airflow/.local/lib/python3.7/site-packages/airflow/example_dags/example_short_circuit_decorator.py
[2024-01-05T14:12:54.509+0000] {processor.py:743} INFO - Processing file /home/airflow/.local/lib/python3.7/site-packages/airflow/example_dags/example_short_circuit_decorator.py for tasks to queue
[2024-01-05T14:12:54.510+0000] {logging_mixin.py:137} INFO - [2024-01-05T14:12:54.510+0000] {dagbag.py:538} INFO - Filling up the DagBag from /home/airflow/.local/lib/python3.7/site-packages/airflow/example_dags/example_short_circuit_decorator.py
[2024-01-05T14:12:54.526+0000] {processor.py:753} INFO - DAG(s) dict_keys(['example_short_circuit_decorator']) retrieved from /home/airflow/.local/lib/python3.7/site-packages/airflow/example_dags/example_short_circuit_decorator.py
[2024-01-05T14:12:54.546+0000] {logging_mixin.py:137} INFO - [2024-01-05T14:12:54.546+0000] {dag.py:2690} INFO - Sync 1 DAGs
[2024-01-05T14:12:54.562+0000] {logging_mixin.py:137} INFO - [2024-01-05T14:12:54.562+0000] {dag.py:3441} INFO - Setting next_dagrun for example_short_circuit_decorator to 2024-01-04T14:12:54.562634+00:00, run_after=2024-01-05T14:12:54.562634+00:00
[2024-01-05T14:12:54.575+0000] {processor.py:175} INFO - Processing /home/airflow/.local/lib/python3.7/site-packages/airflow/example_dags/example_short_circuit_decorator.py took 0.070 seconds
[2024-01-05T14:13:25.276+0000] {processor.py:153} INFO - Started process (PID=6696) to work on /home/airflow/.local/lib/python3.7/site-packages/airflow/example_dags/example_short_circuit_decorator.py
[2024-01-05T14:13:25.278+0000] {processor.py:743} INFO - Processing file /home/airflow/.local/lib/python3.7/site-packages/airflow/example_dags/example_short_circuit_decorator.py for tasks to queue
[2024-01-05T14:13:25.278+0000] {logging_mixin.py:137} INFO - [2024-01-05T14:13:25.278+0000] {dagbag.py:538} INFO - Filling up the DagBag from /home/airflow/.local/lib/python3.7/site-packages/airflow/example_dags/example_short_circuit_decorator.py
[2024-01-05T14:13:25.295+0000] {processor.py:753} INFO - DAG(s) dict_keys(['example_short_circuit_decorator']) retrieved from /home/airflow/.local/lib/python3.7/site-packages/airflow/example_dags/example_short_circuit_decorator.py
[2024-01-05T14:13:25.316+0000] {logging_mixin.py:137} INFO - [2024-01-05T14:13:25.315+0000] {dag.py:2690} INFO - Sync 1 DAGs
[2024-01-05T14:13:25.337+0000] {logging_mixin.py:137} INFO - [2024-01-05T14:13:25.337+0000] {dag.py:3441} INFO - Setting next_dagrun for example_short_circuit_decorator to 2024-01-04T14:13:25.337229+00:00, run_after=2024-01-05T14:13:25.337229+00:00
[2024-01-05T14:13:25.398+0000] {processor.py:175} INFO - Processing /home/airflow/.local/lib/python3.7/site-packages/airflow/example_dags/example_short_circuit_decorator.py took 0.125 seconds
[2024-01-05T14:13:56.504+0000] {processor.py:153} INFO - Started process (PID=6772) to work on /home/airflow/.local/lib/python3.7/site-packages/airflow/example_dags/example_short_circuit_decorator.py
[2024-01-05T14:13:56.505+0000] {processor.py:743} INFO - Processing file /home/airflow/.local/lib/python3.7/site-packages/airflow/example_dags/example_short_circuit_decorator.py for tasks to queue
[2024-01-05T14:13:56.507+0000] {logging_mixin.py:137} INFO - [2024-01-05T14:13:56.507+0000] {dagbag.py:538} INFO - Filling up the DagBag from /home/airflow/.local/lib/python3.7/site-packages/airflow/example_dags/example_short_circuit_decorator.py
[2024-01-05T14:13:56.541+0000] {processor.py:753} INFO - DAG(s) dict_keys(['example_short_circuit_decorator']) retrieved from /home/airflow/.local/lib/python3.7/site-packages/airflow/example_dags/example_short_circuit_decorator.py
[2024-01-05T14:13:56.580+0000] {logging_mixin.py:137} INFO - [2024-01-05T14:13:56.580+0000] {dag.py:2690} INFO - Sync 1 DAGs
[2024-01-05T14:13:56.609+0000] {logging_mixin.py:137} INFO - [2024-01-05T14:13:56.609+0000] {dag.py:3441} INFO - Setting next_dagrun for example_short_circuit_decorator to 2024-01-04T14:13:56.609078+00:00, run_after=2024-01-05T14:13:56.609078+00:00
[2024-01-05T14:13:56.631+0000] {processor.py:175} INFO - Processing /home/airflow/.local/lib/python3.7/site-packages/airflow/example_dags/example_short_circuit_decorator.py took 0.131 seconds
[2024-01-05T14:14:27.312+0000] {processor.py:153} INFO - Started process (PID=6835) to work on /home/airflow/.local/lib/python3.7/site-packages/airflow/example_dags/example_short_circuit_decorator.py
[2024-01-05T14:14:27.313+0000] {processor.py:743} INFO - Processing file /home/airflow/.local/lib/python3.7/site-packages/airflow/example_dags/example_short_circuit_decorator.py for tasks to queue
[2024-01-05T14:14:27.314+0000] {logging_mixin.py:137} INFO - [2024-01-05T14:14:27.314+0000] {dagbag.py:538} INFO - Filling up the DagBag from /home/airflow/.local/lib/python3.7/site-packages/airflow/example_dags/example_short_circuit_decorator.py
[2024-01-05T14:14:27.331+0000] {processor.py:753} INFO - DAG(s) dict_keys(['example_short_circuit_decorator']) retrieved from /home/airflow/.local/lib/python3.7/site-packages/airflow/example_dags/example_short_circuit_decorator.py
[2024-01-05T14:14:27.352+0000] {logging_mixin.py:137} INFO - [2024-01-05T14:14:27.352+0000] {dag.py:2690} INFO - Sync 1 DAGs
[2024-01-05T14:14:27.370+0000] {logging_mixin.py:137} INFO - [2024-01-05T14:14:27.370+0000] {dag.py:3441} INFO - Setting next_dagrun for example_short_circuit_decorator to 2024-01-04T14:14:27.370245+00:00, run_after=2024-01-05T14:14:27.370245+00:00
[2024-01-05T14:14:27.383+0000] {processor.py:175} INFO - Processing /home/airflow/.local/lib/python3.7/site-packages/airflow/example_dags/example_short_circuit_decorator.py took 0.075 seconds
[2024-01-05T14:14:58.351+0000] {processor.py:153} INFO - Started process (PID=6910) to work on /home/airflow/.local/lib/python3.7/site-packages/airflow/example_dags/example_short_circuit_decorator.py
[2024-01-05T14:14:58.352+0000] {processor.py:743} INFO - Processing file /home/airflow/.local/lib/python3.7/site-packages/airflow/example_dags/example_short_circuit_decorator.py for tasks to queue
[2024-01-05T14:14:58.353+0000] {logging_mixin.py:137} INFO - [2024-01-05T14:14:58.353+0000] {dagbag.py:538} INFO - Filling up the DagBag from /home/airflow/.local/lib/python3.7/site-packages/airflow/example_dags/example_short_circuit_decorator.py
[2024-01-05T14:14:58.371+0000] {processor.py:753} INFO - DAG(s) dict_keys(['example_short_circuit_decorator']) retrieved from /home/airflow/.local/lib/python3.7/site-packages/airflow/example_dags/example_short_circuit_decorator.py
[2024-01-05T14:14:58.390+0000] {logging_mixin.py:137} INFO - [2024-01-05T14:14:58.390+0000] {dag.py:2690} INFO - Sync 1 DAGs
[2024-01-05T14:14:58.408+0000] {logging_mixin.py:137} INFO - [2024-01-05T14:14:58.408+0000] {dag.py:3441} INFO - Setting next_dagrun for example_short_circuit_decorator to 2024-01-04T14:14:58.407836+00:00, run_after=2024-01-05T14:14:58.407836+00:00
[2024-01-05T14:14:58.419+0000] {processor.py:175} INFO - Processing /home/airflow/.local/lib/python3.7/site-packages/airflow/example_dags/example_short_circuit_decorator.py took 0.071 seconds
[2024-01-05T14:15:29.848+0000] {processor.py:153} INFO - Started process (PID=6973) to work on /home/airflow/.local/lib/python3.7/site-packages/airflow/example_dags/example_short_circuit_decorator.py
[2024-01-05T14:15:29.849+0000] {processor.py:743} INFO - Processing file /home/airflow/.local/lib/python3.7/site-packages/airflow/example_dags/example_short_circuit_decorator.py for tasks to queue
[2024-01-05T14:15:29.850+0000] {logging_mixin.py:137} INFO - [2024-01-05T14:15:29.850+0000] {dagbag.py:538} INFO - Filling up the DagBag from /home/airflow/.local/lib/python3.7/site-packages/airflow/example_dags/example_short_circuit_decorator.py
[2024-01-05T14:15:29.869+0000] {processor.py:753} INFO - DAG(s) dict_keys(['example_short_circuit_decorator']) retrieved from /home/airflow/.local/lib/python3.7/site-packages/airflow/example_dags/example_short_circuit_decorator.py
[2024-01-05T14:15:29.889+0000] {logging_mixin.py:137} INFO - [2024-01-05T14:15:29.889+0000] {dag.py:2690} INFO - Sync 1 DAGs
[2024-01-05T14:15:29.905+0000] {logging_mixin.py:137} INFO - [2024-01-05T14:15:29.905+0000] {dag.py:3441} INFO - Setting next_dagrun for example_short_circuit_decorator to 2024-01-04T14:15:29.905601+00:00, run_after=2024-01-05T14:15:29.905601+00:00
[2024-01-05T14:15:29.917+0000] {processor.py:175} INFO - Processing /home/airflow/.local/lib/python3.7/site-packages/airflow/example_dags/example_short_circuit_decorator.py took 0.072 seconds
[2024-01-05T14:16:00.665+0000] {processor.py:153} INFO - Started process (PID=7048) to work on /home/airflow/.local/lib/python3.7/site-packages/airflow/example_dags/example_short_circuit_decorator.py
[2024-01-05T14:16:00.666+0000] {processor.py:743} INFO - Processing file /home/airflow/.local/lib/python3.7/site-packages/airflow/example_dags/example_short_circuit_decorator.py for tasks to queue
[2024-01-05T14:16:00.667+0000] {logging_mixin.py:137} INFO - [2024-01-05T14:16:00.667+0000] {dagbag.py:538} INFO - Filling up the DagBag from /home/airflow/.local/lib/python3.7/site-packages/airflow/example_dags/example_short_circuit_decorator.py
[2024-01-05T14:16:00.684+0000] {processor.py:753} INFO - DAG(s) dict_keys(['example_short_circuit_decorator']) retrieved from /home/airflow/.local/lib/python3.7/site-packages/airflow/example_dags/example_short_circuit_decorator.py
[2024-01-05T14:16:00.703+0000] {logging_mixin.py:137} INFO - [2024-01-05T14:16:00.703+0000] {dag.py:2690} INFO - Sync 1 DAGs
[2024-01-05T14:16:00.720+0000] {logging_mixin.py:137} INFO - [2024-01-05T14:16:00.720+0000] {dag.py:3441} INFO - Setting next_dagrun for example_short_circuit_decorator to 2024-01-04T14:16:00.719997+00:00, run_after=2024-01-05T14:16:00.719997+00:00
[2024-01-05T14:16:00.732+0000] {processor.py:175} INFO - Processing /home/airflow/.local/lib/python3.7/site-packages/airflow/example_dags/example_short_circuit_decorator.py took 0.070 seconds
[2024-01-05T14:16:31.524+0000] {processor.py:153} INFO - Started process (PID=7111) to work on /home/airflow/.local/lib/python3.7/site-packages/airflow/example_dags/example_short_circuit_decorator.py
[2024-01-05T14:16:31.526+0000] {processor.py:743} INFO - Processing file /home/airflow/.local/lib/python3.7/site-packages/airflow/example_dags/example_short_circuit_decorator.py for tasks to queue
[2024-01-05T14:16:31.527+0000] {logging_mixin.py:137} INFO - [2024-01-05T14:16:31.527+0000] {dagbag.py:538} INFO - Filling up the DagBag from /home/airflow/.local/lib/python3.7/site-packages/airflow/example_dags/example_short_circuit_decorator.py
[2024-01-05T14:16:31.544+0000] {processor.py:753} INFO - DAG(s) dict_keys(['example_short_circuit_decorator']) retrieved from /home/airflow/.local/lib/python3.7/site-packages/airflow/example_dags/example_short_circuit_decorator.py
[2024-01-05T14:16:31.566+0000] {logging_mixin.py:137} INFO - [2024-01-05T14:16:31.566+0000] {dag.py:2690} INFO - Sync 1 DAGs
[2024-01-05T14:16:31.582+0000] {logging_mixin.py:137} INFO - [2024-01-05T14:16:31.582+0000] {dag.py:3441} INFO - Setting next_dagrun for example_short_circuit_decorator to 2024-01-04T14:16:31.582390+00:00, run_after=2024-01-05T14:16:31.582390+00:00
[2024-01-05T14:16:31.595+0000] {processor.py:175} INFO - Processing /home/airflow/.local/lib/python3.7/site-packages/airflow/example_dags/example_short_circuit_decorator.py took 0.074 seconds
[2024-01-05T14:17:01.993+0000] {processor.py:153} INFO - Started process (PID=7186) to work on /home/airflow/.local/lib/python3.7/site-packages/airflow/example_dags/example_short_circuit_decorator.py
[2024-01-05T14:17:01.995+0000] {processor.py:743} INFO - Processing file /home/airflow/.local/lib/python3.7/site-packages/airflow/example_dags/example_short_circuit_decorator.py for tasks to queue
[2024-01-05T14:17:01.996+0000] {logging_mixin.py:137} INFO - [2024-01-05T14:17:01.996+0000] {dagbag.py:538} INFO - Filling up the DagBag from /home/airflow/.local/lib/python3.7/site-packages/airflow/example_dags/example_short_circuit_decorator.py
[2024-01-05T14:17:02.029+0000] {processor.py:753} INFO - DAG(s) dict_keys(['example_short_circuit_decorator']) retrieved from /home/airflow/.local/lib/python3.7/site-packages/airflow/example_dags/example_short_circuit_decorator.py
[2024-01-05T14:17:02.054+0000] {logging_mixin.py:137} INFO - [2024-01-05T14:17:02.054+0000] {dag.py:2690} INFO - Sync 1 DAGs
[2024-01-05T14:17:02.073+0000] {logging_mixin.py:137} INFO - [2024-01-05T14:17:02.073+0000] {dag.py:3441} INFO - Setting next_dagrun for example_short_circuit_decorator to 2024-01-04T14:17:02.072897+00:00, run_after=2024-01-05T14:17:02.072897+00:00
[2024-01-05T14:17:02.086+0000] {processor.py:175} INFO - Processing /home/airflow/.local/lib/python3.7/site-packages/airflow/example_dags/example_short_circuit_decorator.py took 0.097 seconds
[2024-01-05T14:17:32.130+0000] {processor.py:153} INFO - Started process (PID=7249) to work on /home/airflow/.local/lib/python3.7/site-packages/airflow/example_dags/example_short_circuit_decorator.py
[2024-01-05T14:17:32.131+0000] {processor.py:743} INFO - Processing file /home/airflow/.local/lib/python3.7/site-packages/airflow/example_dags/example_short_circuit_decorator.py for tasks to queue
[2024-01-05T14:17:32.132+0000] {logging_mixin.py:137} INFO - [2024-01-05T14:17:32.132+0000] {dagbag.py:538} INFO - Filling up the DagBag from /home/airflow/.local/lib/python3.7/site-packages/airflow/example_dags/example_short_circuit_decorator.py
[2024-01-05T14:17:32.148+0000] {processor.py:753} INFO - DAG(s) dict_keys(['example_short_circuit_decorator']) retrieved from /home/airflow/.local/lib/python3.7/site-packages/airflow/example_dags/example_short_circuit_decorator.py
[2024-01-05T14:17:32.167+0000] {logging_mixin.py:137} INFO - [2024-01-05T14:17:32.167+0000] {dag.py:2690} INFO - Sync 1 DAGs
[2024-01-05T14:17:32.189+0000] {logging_mixin.py:137} INFO - [2024-01-05T14:17:32.189+0000] {dag.py:3441} INFO - Setting next_dagrun for example_short_circuit_decorator to 2024-01-04T14:17:32.189057+00:00, run_after=2024-01-05T14:17:32.189057+00:00
[2024-01-05T14:17:32.204+0000] {processor.py:175} INFO - Processing /home/airflow/.local/lib/python3.7/site-packages/airflow/example_dags/example_short_circuit_decorator.py took 0.077 seconds
[2024-01-05T14:18:02.468+0000] {processor.py:153} INFO - Started process (PID=7324) to work on /home/airflow/.local/lib/python3.7/site-packages/airflow/example_dags/example_short_circuit_decorator.py
[2024-01-05T14:18:02.470+0000] {processor.py:743} INFO - Processing file /home/airflow/.local/lib/python3.7/site-packages/airflow/example_dags/example_short_circuit_decorator.py for tasks to queue
[2024-01-05T14:18:02.471+0000] {logging_mixin.py:137} INFO - [2024-01-05T14:18:02.471+0000] {dagbag.py:538} INFO - Filling up the DagBag from /home/airflow/.local/lib/python3.7/site-packages/airflow/example_dags/example_short_circuit_decorator.py
[2024-01-05T14:18:02.489+0000] {processor.py:753} INFO - DAG(s) dict_keys(['example_short_circuit_decorator']) retrieved from /home/airflow/.local/lib/python3.7/site-packages/airflow/example_dags/example_short_circuit_decorator.py
[2024-01-05T14:18:02.517+0000] {logging_mixin.py:137} INFO - [2024-01-05T14:18:02.517+0000] {dag.py:2690} INFO - Sync 1 DAGs
[2024-01-05T14:18:02.539+0000] {logging_mixin.py:137} INFO - [2024-01-05T14:18:02.539+0000] {dag.py:3441} INFO - Setting next_dagrun for example_short_circuit_decorator to 2024-01-04T14:18:02.538677+00:00, run_after=2024-01-05T14:18:02.538677+00:00
[2024-01-05T14:18:02.561+0000] {processor.py:175} INFO - Processing /home/airflow/.local/lib/python3.7/site-packages/airflow/example_dags/example_short_circuit_decorator.py took 0.096 seconds
[2024-01-05T14:18:33.524+0000] {processor.py:153} INFO - Started process (PID=7386) to work on /home/airflow/.local/lib/python3.7/site-packages/airflow/example_dags/example_short_circuit_decorator.py
[2024-01-05T14:18:33.525+0000] {processor.py:743} INFO - Processing file /home/airflow/.local/lib/python3.7/site-packages/airflow/example_dags/example_short_circuit_decorator.py for tasks to queue
[2024-01-05T14:18:33.526+0000] {logging_mixin.py:137} INFO - [2024-01-05T14:18:33.526+0000] {dagbag.py:538} INFO - Filling up the DagBag from /home/airflow/.local/lib/python3.7/site-packages/airflow/example_dags/example_short_circuit_decorator.py
[2024-01-05T14:18:33.546+0000] {processor.py:753} INFO - DAG(s) dict_keys(['example_short_circuit_decorator']) retrieved from /home/airflow/.local/lib/python3.7/site-packages/airflow/example_dags/example_short_circuit_decorator.py
[2024-01-05T14:18:33.581+0000] {logging_mixin.py:137} INFO - [2024-01-05T14:18:33.581+0000] {dag.py:2690} INFO - Sync 1 DAGs
[2024-01-05T14:18:33.603+0000] {logging_mixin.py:137} INFO - [2024-01-05T14:18:33.603+0000] {dag.py:3441} INFO - Setting next_dagrun for example_short_circuit_decorator to 2024-01-04T14:18:33.603210+00:00, run_after=2024-01-05T14:18:33.603210+00:00
[2024-01-05T14:18:33.620+0000] {processor.py:175} INFO - Processing /home/airflow/.local/lib/python3.7/site-packages/airflow/example_dags/example_short_circuit_decorator.py took 0.099 seconds
[2024-01-05T14:19:04.068+0000] {processor.py:153} INFO - Started process (PID=7461) to work on /home/airflow/.local/lib/python3.7/site-packages/airflow/example_dags/example_short_circuit_decorator.py
[2024-01-05T14:19:04.070+0000] {processor.py:743} INFO - Processing file /home/airflow/.local/lib/python3.7/site-packages/airflow/example_dags/example_short_circuit_decorator.py for tasks to queue
[2024-01-05T14:19:04.070+0000] {logging_mixin.py:137} INFO - [2024-01-05T14:19:04.070+0000] {dagbag.py:538} INFO - Filling up the DagBag from /home/airflow/.local/lib/python3.7/site-packages/airflow/example_dags/example_short_circuit_decorator.py
[2024-01-05T14:19:04.091+0000] {processor.py:753} INFO - DAG(s) dict_keys(['example_short_circuit_decorator']) retrieved from /home/airflow/.local/lib/python3.7/site-packages/airflow/example_dags/example_short_circuit_decorator.py
[2024-01-05T14:19:04.116+0000] {logging_mixin.py:137} INFO - [2024-01-05T14:19:04.116+0000] {dag.py:2690} INFO - Sync 1 DAGs
[2024-01-05T14:19:04.134+0000] {logging_mixin.py:137} INFO - [2024-01-05T14:19:04.134+0000] {dag.py:3441} INFO - Setting next_dagrun for example_short_circuit_decorator to 2024-01-04T14:19:04.134599+00:00, run_after=2024-01-05T14:19:04.134599+00:00
[2024-01-05T14:19:04.146+0000] {processor.py:175} INFO - Processing /home/airflow/.local/lib/python3.7/site-packages/airflow/example_dags/example_short_circuit_decorator.py took 0.081 seconds
[2024-01-05T14:19:34.504+0000] {processor.py:153} INFO - Started process (PID=7536) to work on /home/airflow/.local/lib/python3.7/site-packages/airflow/example_dags/example_short_circuit_decorator.py
[2024-01-05T14:19:34.506+0000] {processor.py:743} INFO - Processing file /home/airflow/.local/lib/python3.7/site-packages/airflow/example_dags/example_short_circuit_decorator.py for tasks to queue
[2024-01-05T14:19:34.507+0000] {logging_mixin.py:137} INFO - [2024-01-05T14:19:34.507+0000] {dagbag.py:538} INFO - Filling up the DagBag from /home/airflow/.local/lib/python3.7/site-packages/airflow/example_dags/example_short_circuit_decorator.py
[2024-01-05T14:19:34.535+0000] {processor.py:753} INFO - DAG(s) dict_keys(['example_short_circuit_decorator']) retrieved from /home/airflow/.local/lib/python3.7/site-packages/airflow/example_dags/example_short_circuit_decorator.py
[2024-01-05T14:19:34.618+0000] {logging_mixin.py:137} INFO - [2024-01-05T14:19:34.618+0000] {dag.py:2690} INFO - Sync 1 DAGs
[2024-01-05T14:19:34.652+0000] {logging_mixin.py:137} INFO - [2024-01-05T14:19:34.652+0000] {dag.py:3441} INFO - Setting next_dagrun for example_short_circuit_decorator to 2024-01-04T14:19:34.652303+00:00, run_after=2024-01-05T14:19:34.652303+00:00
[2024-01-05T14:19:34.681+0000] {processor.py:175} INFO - Processing /home/airflow/.local/lib/python3.7/site-packages/airflow/example_dags/example_short_circuit_decorator.py took 0.180 seconds
[2024-01-05T14:20:05.345+0000] {processor.py:153} INFO - Started process (PID=7598) to work on /home/airflow/.local/lib/python3.7/site-packages/airflow/example_dags/example_short_circuit_decorator.py
[2024-01-05T14:20:05.347+0000] {processor.py:743} INFO - Processing file /home/airflow/.local/lib/python3.7/site-packages/airflow/example_dags/example_short_circuit_decorator.py for tasks to queue
[2024-01-05T14:20:05.348+0000] {logging_mixin.py:137} INFO - [2024-01-05T14:20:05.348+0000] {dagbag.py:538} INFO - Filling up the DagBag from /home/airflow/.local/lib/python3.7/site-packages/airflow/example_dags/example_short_circuit_decorator.py
[2024-01-05T14:20:05.365+0000] {processor.py:753} INFO - DAG(s) dict_keys(['example_short_circuit_decorator']) retrieved from /home/airflow/.local/lib/python3.7/site-packages/airflow/example_dags/example_short_circuit_decorator.py
[2024-01-05T14:20:05.387+0000] {logging_mixin.py:137} INFO - [2024-01-05T14:20:05.387+0000] {dag.py:2690} INFO - Sync 1 DAGs
[2024-01-05T14:20:05.411+0000] {logging_mixin.py:137} INFO - [2024-01-05T14:20:05.411+0000] {dag.py:3441} INFO - Setting next_dagrun for example_short_circuit_decorator to 2024-01-04T14:20:05.411052+00:00, run_after=2024-01-05T14:20:05.411052+00:00
[2024-01-05T14:20:05.424+0000] {processor.py:175} INFO - Processing /home/airflow/.local/lib/python3.7/site-packages/airflow/example_dags/example_short_circuit_decorator.py took 0.083 seconds
[2024-01-05T14:20:36.352+0000] {processor.py:153} INFO - Started process (PID=7673) to work on /home/airflow/.local/lib/python3.7/site-packages/airflow/example_dags/example_short_circuit_decorator.py
[2024-01-05T14:20:36.353+0000] {processor.py:743} INFO - Processing file /home/airflow/.local/lib/python3.7/site-packages/airflow/example_dags/example_short_circuit_decorator.py for tasks to queue
[2024-01-05T14:20:36.354+0000] {logging_mixin.py:137} INFO - [2024-01-05T14:20:36.354+0000] {dagbag.py:538} INFO - Filling up the DagBag from /home/airflow/.local/lib/python3.7/site-packages/airflow/example_dags/example_short_circuit_decorator.py
[2024-01-05T14:20:36.372+0000] {processor.py:753} INFO - DAG(s) dict_keys(['example_short_circuit_decorator']) retrieved from /home/airflow/.local/lib/python3.7/site-packages/airflow/example_dags/example_short_circuit_decorator.py
[2024-01-05T14:20:36.392+0000] {logging_mixin.py:137} INFO - [2024-01-05T14:20:36.392+0000] {dag.py:2690} INFO - Sync 1 DAGs
[2024-01-05T14:20:36.410+0000] {logging_mixin.py:137} INFO - [2024-01-05T14:20:36.410+0000] {dag.py:3441} INFO - Setting next_dagrun for example_short_circuit_decorator to 2024-01-04T14:20:36.410465+00:00, run_after=2024-01-05T14:20:36.410465+00:00
[2024-01-05T14:20:36.421+0000] {processor.py:175} INFO - Processing /home/airflow/.local/lib/python3.7/site-packages/airflow/example_dags/example_short_circuit_decorator.py took 0.072 seconds
[2024-01-05T14:21:07.185+0000] {processor.py:153} INFO - Started process (PID=7736) to work on /home/airflow/.local/lib/python3.7/site-packages/airflow/example_dags/example_short_circuit_decorator.py
[2024-01-05T14:21:07.187+0000] {processor.py:743} INFO - Processing file /home/airflow/.local/lib/python3.7/site-packages/airflow/example_dags/example_short_circuit_decorator.py for tasks to queue
[2024-01-05T14:21:07.188+0000] {logging_mixin.py:137} INFO - [2024-01-05T14:21:07.188+0000] {dagbag.py:538} INFO - Filling up the DagBag from /home/airflow/.local/lib/python3.7/site-packages/airflow/example_dags/example_short_circuit_decorator.py
[2024-01-05T14:21:07.207+0000] {processor.py:753} INFO - DAG(s) dict_keys(['example_short_circuit_decorator']) retrieved from /home/airflow/.local/lib/python3.7/site-packages/airflow/example_dags/example_short_circuit_decorator.py
[2024-01-05T14:21:07.227+0000] {logging_mixin.py:137} INFO - [2024-01-05T14:21:07.227+0000] {dag.py:2690} INFO - Sync 1 DAGs
[2024-01-05T14:21:07.245+0000] {logging_mixin.py:137} INFO - [2024-01-05T14:21:07.244+0000] {dag.py:3441} INFO - Setting next_dagrun for example_short_circuit_decorator to 2024-01-04T14:21:07.244678+00:00, run_after=2024-01-05T14:21:07.244678+00:00
[2024-01-05T14:21:07.257+0000] {processor.py:175} INFO - Processing /home/airflow/.local/lib/python3.7/site-packages/airflow/example_dags/example_short_circuit_decorator.py took 0.075 seconds
[2024-01-05T14:21:37.969+0000] {processor.py:153} INFO - Started process (PID=7812) to work on /home/airflow/.local/lib/python3.7/site-packages/airflow/example_dags/example_short_circuit_decorator.py
[2024-01-05T14:21:37.971+0000] {processor.py:743} INFO - Processing file /home/airflow/.local/lib/python3.7/site-packages/airflow/example_dags/example_short_circuit_decorator.py for tasks to queue
[2024-01-05T14:21:37.973+0000] {logging_mixin.py:137} INFO - [2024-01-05T14:21:37.973+0000] {dagbag.py:538} INFO - Filling up the DagBag from /home/airflow/.local/lib/python3.7/site-packages/airflow/example_dags/example_short_circuit_decorator.py
[2024-01-05T14:21:37.992+0000] {processor.py:753} INFO - DAG(s) dict_keys(['example_short_circuit_decorator']) retrieved from /home/airflow/.local/lib/python3.7/site-packages/airflow/example_dags/example_short_circuit_decorator.py
[2024-01-05T14:21:38.014+0000] {logging_mixin.py:137} INFO - [2024-01-05T14:21:38.014+0000] {dag.py:2690} INFO - Sync 1 DAGs
[2024-01-05T14:21:38.034+0000] {logging_mixin.py:137} INFO - [2024-01-05T14:21:38.034+0000] {dag.py:3441} INFO - Setting next_dagrun for example_short_circuit_decorator to 2024-01-04T14:21:38.033908+00:00, run_after=2024-01-05T14:21:38.033908+00:00
[2024-01-05T14:21:38.047+0000] {processor.py:175} INFO - Processing /home/airflow/.local/lib/python3.7/site-packages/airflow/example_dags/example_short_circuit_decorator.py took 0.081 seconds
[2024-01-05T14:22:08.379+0000] {processor.py:153} INFO - Started process (PID=7884) to work on /home/airflow/.local/lib/python3.7/site-packages/airflow/example_dags/example_short_circuit_decorator.py
[2024-01-05T14:22:08.381+0000] {processor.py:743} INFO - Processing file /home/airflow/.local/lib/python3.7/site-packages/airflow/example_dags/example_short_circuit_decorator.py for tasks to queue
[2024-01-05T14:22:08.382+0000] {logging_mixin.py:137} INFO - [2024-01-05T14:22:08.382+0000] {dagbag.py:538} INFO - Filling up the DagBag from /home/airflow/.local/lib/python3.7/site-packages/airflow/example_dags/example_short_circuit_decorator.py
[2024-01-05T14:22:08.410+0000] {processor.py:753} INFO - DAG(s) dict_keys(['example_short_circuit_decorator']) retrieved from /home/airflow/.local/lib/python3.7/site-packages/airflow/example_dags/example_short_circuit_decorator.py
[2024-01-05T14:22:08.470+0000] {logging_mixin.py:137} INFO - [2024-01-05T14:22:08.470+0000] {dag.py:2690} INFO - Sync 1 DAGs
[2024-01-05T14:22:08.496+0000] {logging_mixin.py:137} INFO - [2024-01-05T14:22:08.496+0000] {dag.py:3441} INFO - Setting next_dagrun for example_short_circuit_decorator to 2024-01-04T14:22:08.496177+00:00, run_after=2024-01-05T14:22:08.496177+00:00
[2024-01-05T14:22:08.513+0000] {processor.py:175} INFO - Processing /home/airflow/.local/lib/python3.7/site-packages/airflow/example_dags/example_short_circuit_decorator.py took 0.149 seconds
[2024-01-05T14:22:38.811+0000] {processor.py:153} INFO - Started process (PID=7951) to work on /home/airflow/.local/lib/python3.7/site-packages/airflow/example_dags/example_short_circuit_decorator.py
[2024-01-05T14:22:38.812+0000] {processor.py:743} INFO - Processing file /home/airflow/.local/lib/python3.7/site-packages/airflow/example_dags/example_short_circuit_decorator.py for tasks to queue
[2024-01-05T14:22:38.813+0000] {logging_mixin.py:137} INFO - [2024-01-05T14:22:38.812+0000] {dagbag.py:538} INFO - Filling up the DagBag from /home/airflow/.local/lib/python3.7/site-packages/airflow/example_dags/example_short_circuit_decorator.py
[2024-01-05T14:22:38.830+0000] {processor.py:753} INFO - DAG(s) dict_keys(['example_short_circuit_decorator']) retrieved from /home/airflow/.local/lib/python3.7/site-packages/airflow/example_dags/example_short_circuit_decorator.py
[2024-01-05T14:22:38.852+0000] {logging_mixin.py:137} INFO - [2024-01-05T14:22:38.852+0000] {dag.py:2690} INFO - Sync 1 DAGs
[2024-01-05T14:22:38.870+0000] {logging_mixin.py:137} INFO - [2024-01-05T14:22:38.870+0000] {dag.py:3441} INFO - Setting next_dagrun for example_short_circuit_decorator to 2024-01-04T14:22:38.870305+00:00, run_after=2024-01-05T14:22:38.870305+00:00
[2024-01-05T14:22:38.883+0000] {processor.py:175} INFO - Processing /home/airflow/.local/lib/python3.7/site-packages/airflow/example_dags/example_short_circuit_decorator.py took 0.076 seconds
[2024-01-05T14:23:10.141+0000] {processor.py:153} INFO - Started process (PID=8027) to work on /home/airflow/.local/lib/python3.7/site-packages/airflow/example_dags/example_short_circuit_decorator.py
[2024-01-05T14:23:10.152+0000] {processor.py:743} INFO - Processing file /home/airflow/.local/lib/python3.7/site-packages/airflow/example_dags/example_short_circuit_decorator.py for tasks to queue
[2024-01-05T14:23:10.154+0000] {logging_mixin.py:137} INFO - [2024-01-05T14:23:10.154+0000] {dagbag.py:538} INFO - Filling up the DagBag from /home/airflow/.local/lib/python3.7/site-packages/airflow/example_dags/example_short_circuit_decorator.py
[2024-01-05T14:23:10.195+0000] {processor.py:753} INFO - DAG(s) dict_keys(['example_short_circuit_decorator']) retrieved from /home/airflow/.local/lib/python3.7/site-packages/airflow/example_dags/example_short_circuit_decorator.py
[2024-01-05T14:23:10.222+0000] {logging_mixin.py:137} INFO - [2024-01-05T14:23:10.222+0000] {dag.py:2690} INFO - Sync 1 DAGs
[2024-01-05T14:23:10.244+0000] {logging_mixin.py:137} INFO - [2024-01-05T14:23:10.244+0000] {dag.py:3441} INFO - Setting next_dagrun for example_short_circuit_decorator to 2024-01-04T14:23:10.243893+00:00, run_after=2024-01-05T14:23:10.243893+00:00
[2024-01-05T14:23:10.283+0000] {processor.py:175} INFO - Processing /home/airflow/.local/lib/python3.7/site-packages/airflow/example_dags/example_short_circuit_decorator.py took 0.145 seconds
[2024-01-05T14:23:41.092+0000] {processor.py:153} INFO - Started process (PID=8089) to work on /home/airflow/.local/lib/python3.7/site-packages/airflow/example_dags/example_short_circuit_decorator.py
[2024-01-05T14:23:41.094+0000] {processor.py:743} INFO - Processing file /home/airflow/.local/lib/python3.7/site-packages/airflow/example_dags/example_short_circuit_decorator.py for tasks to queue
[2024-01-05T14:23:41.095+0000] {logging_mixin.py:137} INFO - [2024-01-05T14:23:41.095+0000] {dagbag.py:538} INFO - Filling up the DagBag from /home/airflow/.local/lib/python3.7/site-packages/airflow/example_dags/example_short_circuit_decorator.py
[2024-01-05T14:23:41.115+0000] {processor.py:753} INFO - DAG(s) dict_keys(['example_short_circuit_decorator']) retrieved from /home/airflow/.local/lib/python3.7/site-packages/airflow/example_dags/example_short_circuit_decorator.py
[2024-01-05T14:23:41.135+0000] {logging_mixin.py:137} INFO - [2024-01-05T14:23:41.135+0000] {dag.py:2690} INFO - Sync 1 DAGs
[2024-01-05T14:23:41.152+0000] {logging_mixin.py:137} INFO - [2024-01-05T14:23:41.152+0000] {dag.py:3441} INFO - Setting next_dagrun for example_short_circuit_decorator to 2024-01-04T14:23:41.152140+00:00, run_after=2024-01-05T14:23:41.152140+00:00
[2024-01-05T14:23:41.163+0000] {processor.py:175} INFO - Processing /home/airflow/.local/lib/python3.7/site-packages/airflow/example_dags/example_short_circuit_decorator.py took 0.074 seconds
[2024-01-05T14:24:11.917+0000] {processor.py:153} INFO - Started process (PID=8164) to work on /home/airflow/.local/lib/python3.7/site-packages/airflow/example_dags/example_short_circuit_decorator.py
[2024-01-05T14:24:11.918+0000] {processor.py:743} INFO - Processing file /home/airflow/.local/lib/python3.7/site-packages/airflow/example_dags/example_short_circuit_decorator.py for tasks to queue
[2024-01-05T14:24:11.919+0000] {logging_mixin.py:137} INFO - [2024-01-05T14:24:11.919+0000] {dagbag.py:538} INFO - Filling up the DagBag from /home/airflow/.local/lib/python3.7/site-packages/airflow/example_dags/example_short_circuit_decorator.py
[2024-01-05T14:24:11.951+0000] {processor.py:753} INFO - DAG(s) dict_keys(['example_short_circuit_decorator']) retrieved from /home/airflow/.local/lib/python3.7/site-packages/airflow/example_dags/example_short_circuit_decorator.py
[2024-01-05T14:24:11.980+0000] {logging_mixin.py:137} INFO - [2024-01-05T14:24:11.980+0000] {dag.py:2690} INFO - Sync 1 DAGs
[2024-01-05T14:24:11.999+0000] {logging_mixin.py:137} INFO - [2024-01-05T14:24:11.998+0000] {dag.py:3441} INFO - Setting next_dagrun for example_short_circuit_decorator to 2024-01-04T14:24:11.998687+00:00, run_after=2024-01-05T14:24:11.998687+00:00
[2024-01-05T14:24:12.011+0000] {processor.py:175} INFO - Processing /home/airflow/.local/lib/python3.7/site-packages/airflow/example_dags/example_short_circuit_decorator.py took 0.098 seconds
[2024-01-05T14:24:42.532+0000] {processor.py:153} INFO - Started process (PID=8228) to work on /home/airflow/.local/lib/python3.7/site-packages/airflow/example_dags/example_short_circuit_decorator.py
[2024-01-05T14:24:42.534+0000] {processor.py:743} INFO - Processing file /home/airflow/.local/lib/python3.7/site-packages/airflow/example_dags/example_short_circuit_decorator.py for tasks to queue
[2024-01-05T14:24:42.535+0000] {logging_mixin.py:137} INFO - [2024-01-05T14:24:42.535+0000] {dagbag.py:538} INFO - Filling up the DagBag from /home/airflow/.local/lib/python3.7/site-packages/airflow/example_dags/example_short_circuit_decorator.py
[2024-01-05T14:24:42.557+0000] {processor.py:753} INFO - DAG(s) dict_keys(['example_short_circuit_decorator']) retrieved from /home/airflow/.local/lib/python3.7/site-packages/airflow/example_dags/example_short_circuit_decorator.py
[2024-01-05T14:24:42.581+0000] {logging_mixin.py:137} INFO - [2024-01-05T14:24:42.581+0000] {dag.py:2690} INFO - Sync 1 DAGs
[2024-01-05T14:24:42.597+0000] {logging_mixin.py:137} INFO - [2024-01-05T14:24:42.597+0000] {dag.py:3441} INFO - Setting next_dagrun for example_short_circuit_decorator to 2024-01-04T14:24:42.597302+00:00, run_after=2024-01-05T14:24:42.597302+00:00
[2024-01-05T14:24:42.609+0000] {processor.py:175} INFO - Processing /home/airflow/.local/lib/python3.7/site-packages/airflow/example_dags/example_short_circuit_decorator.py took 0.080 seconds
[2024-01-05T14:25:12.857+0000] {processor.py:153} INFO - Started process (PID=8306) to work on /home/airflow/.local/lib/python3.7/site-packages/airflow/example_dags/example_short_circuit_decorator.py
[2024-01-05T14:25:12.858+0000] {processor.py:743} INFO - Processing file /home/airflow/.local/lib/python3.7/site-packages/airflow/example_dags/example_short_circuit_decorator.py for tasks to queue
[2024-01-05T14:25:12.859+0000] {logging_mixin.py:137} INFO - [2024-01-05T14:25:12.859+0000] {dagbag.py:538} INFO - Filling up the DagBag from /home/airflow/.local/lib/python3.7/site-packages/airflow/example_dags/example_short_circuit_decorator.py
[2024-01-05T14:25:12.876+0000] {processor.py:753} INFO - DAG(s) dict_keys(['example_short_circuit_decorator']) retrieved from /home/airflow/.local/lib/python3.7/site-packages/airflow/example_dags/example_short_circuit_decorator.py
[2024-01-05T14:25:12.896+0000] {logging_mixin.py:137} INFO - [2024-01-05T14:25:12.896+0000] {dag.py:2690} INFO - Sync 1 DAGs
[2024-01-05T14:25:12.912+0000] {logging_mixin.py:137} INFO - [2024-01-05T14:25:12.912+0000] {dag.py:3441} INFO - Setting next_dagrun for example_short_circuit_decorator to 2024-01-04T14:25:12.911974+00:00, run_after=2024-01-05T14:25:12.911974+00:00
[2024-01-05T14:25:12.924+0000] {processor.py:175} INFO - Processing /home/airflow/.local/lib/python3.7/site-packages/airflow/example_dags/example_short_circuit_decorator.py took 0.069 seconds
[2024-01-05T14:25:43.772+0000] {processor.py:153} INFO - Started process (PID=8367) to work on /home/airflow/.local/lib/python3.7/site-packages/airflow/example_dags/example_short_circuit_decorator.py
[2024-01-05T14:25:43.777+0000] {processor.py:743} INFO - Processing file /home/airflow/.local/lib/python3.7/site-packages/airflow/example_dags/example_short_circuit_decorator.py for tasks to queue
[2024-01-05T14:25:43.782+0000] {logging_mixin.py:137} INFO - [2024-01-05T14:25:43.782+0000] {dagbag.py:538} INFO - Filling up the DagBag from /home/airflow/.local/lib/python3.7/site-packages/airflow/example_dags/example_short_circuit_decorator.py
[2024-01-05T14:25:43.799+0000] {processor.py:753} INFO - DAG(s) dict_keys(['example_short_circuit_decorator']) retrieved from /home/airflow/.local/lib/python3.7/site-packages/airflow/example_dags/example_short_circuit_decorator.py
[2024-01-05T14:25:43.819+0000] {logging_mixin.py:137} INFO - [2024-01-05T14:25:43.819+0000] {dag.py:2690} INFO - Sync 1 DAGs
[2024-01-05T14:25:43.836+0000] {logging_mixin.py:137} INFO - [2024-01-05T14:25:43.836+0000] {dag.py:3441} INFO - Setting next_dagrun for example_short_circuit_decorator to 2024-01-04T14:25:43.835838+00:00, run_after=2024-01-05T14:25:43.835838+00:00
[2024-01-05T14:25:43.847+0000] {processor.py:175} INFO - Processing /home/airflow/.local/lib/python3.7/site-packages/airflow/example_dags/example_short_circuit_decorator.py took 0.078 seconds
[2024-01-05T14:26:14.388+0000] {processor.py:153} INFO - Started process (PID=8442) to work on /home/airflow/.local/lib/python3.7/site-packages/airflow/example_dags/example_short_circuit_decorator.py
[2024-01-05T14:26:14.390+0000] {processor.py:743} INFO - Processing file /home/airflow/.local/lib/python3.7/site-packages/airflow/example_dags/example_short_circuit_decorator.py for tasks to queue
[2024-01-05T14:26:14.391+0000] {logging_mixin.py:137} INFO - [2024-01-05T14:26:14.391+0000] {dagbag.py:538} INFO - Filling up the DagBag from /home/airflow/.local/lib/python3.7/site-packages/airflow/example_dags/example_short_circuit_decorator.py
[2024-01-05T14:26:14.414+0000] {processor.py:753} INFO - DAG(s) dict_keys(['example_short_circuit_decorator']) retrieved from /home/airflow/.local/lib/python3.7/site-packages/airflow/example_dags/example_short_circuit_decorator.py
[2024-01-05T14:26:14.445+0000] {logging_mixin.py:137} INFO - [2024-01-05T14:26:14.445+0000] {dag.py:2690} INFO - Sync 1 DAGs
[2024-01-05T14:26:14.472+0000] {logging_mixin.py:137} INFO - [2024-01-05T14:26:14.472+0000] {dag.py:3441} INFO - Setting next_dagrun for example_short_circuit_decorator to 2024-01-04T14:26:14.471560+00:00, run_after=2024-01-05T14:26:14.471560+00:00
[2024-01-05T14:26:14.487+0000] {processor.py:175} INFO - Processing /home/airflow/.local/lib/python3.7/site-packages/airflow/example_dags/example_short_circuit_decorator.py took 0.105 seconds
[2024-01-05T14:26:44.641+0000] {processor.py:153} INFO - Started process (PID=8514) to work on /home/airflow/.local/lib/python3.7/site-packages/airflow/example_dags/example_short_circuit_decorator.py
[2024-01-05T14:26:44.643+0000] {processor.py:743} INFO - Processing file /home/airflow/.local/lib/python3.7/site-packages/airflow/example_dags/example_short_circuit_decorator.py for tasks to queue
[2024-01-05T14:26:44.645+0000] {logging_mixin.py:137} INFO - [2024-01-05T14:26:44.644+0000] {dagbag.py:538} INFO - Filling up the DagBag from /home/airflow/.local/lib/python3.7/site-packages/airflow/example_dags/example_short_circuit_decorator.py
[2024-01-05T14:26:44.667+0000] {processor.py:753} INFO - DAG(s) dict_keys(['example_short_circuit_decorator']) retrieved from /home/airflow/.local/lib/python3.7/site-packages/airflow/example_dags/example_short_circuit_decorator.py
[2024-01-05T14:26:44.694+0000] {logging_mixin.py:137} INFO - [2024-01-05T14:26:44.693+0000] {dag.py:2690} INFO - Sync 1 DAGs
[2024-01-05T14:26:44.715+0000] {logging_mixin.py:137} INFO - [2024-01-05T14:26:44.715+0000] {dag.py:3441} INFO - Setting next_dagrun for example_short_circuit_decorator to 2024-01-04T14:26:44.715473+00:00, run_after=2024-01-05T14:26:44.715473+00:00
[2024-01-05T14:26:44.738+0000] {processor.py:175} INFO - Processing /home/airflow/.local/lib/python3.7/site-packages/airflow/example_dags/example_short_circuit_decorator.py took 0.100 seconds
