[2024-01-05T01:20:52.947+0000] {processor.py:153} INFO - Started process (PID=4311) to work on /home/airflow/.local/lib/python3.7/site-packages/airflow/example_dags/example_sensor_decorator.py
[2024-01-05T01:20:52.956+0000] {processor.py:743} INFO - Processing file /home/airflow/.local/lib/python3.7/site-packages/airflow/example_dags/example_sensor_decorator.py for tasks to queue
[2024-01-05T01:20:52.960+0000] {logging_mixin.py:137} INFO - [2024-01-05T01:20:52.960+0000] {dagbag.py:538} INFO - Filling up the DagBag from /home/airflow/.local/lib/python3.7/site-packages/airflow/example_dags/example_sensor_decorator.py
[2024-01-05T01:20:53.021+0000] {processor.py:753} INFO - DAG(s) dict_keys(['example_sensor_decorator']) retrieved from /home/airflow/.local/lib/python3.7/site-packages/airflow/example_dags/example_sensor_decorator.py
[2024-01-05T01:20:53.076+0000] {logging_mixin.py:137} INFO - [2024-01-05T01:20:53.076+0000] {dag.py:2690} INFO - Sync 1 DAGs
[2024-01-05T01:20:53.120+0000] {logging_mixin.py:137} INFO - [2024-01-05T01:20:53.119+0000] {dag.py:3441} INFO - Setting next_dagrun for example_sensor_decorator to None, run_after=None
[2024-01-05T01:20:53.155+0000] {processor.py:175} INFO - Processing /home/airflow/.local/lib/python3.7/site-packages/airflow/example_dags/example_sensor_decorator.py took 0.222 seconds
[2024-01-05T02:31:17.282+0000] {processor.py:153} INFO - Started process (PID=4387) to work on /home/airflow/.local/lib/python3.7/site-packages/airflow/example_dags/example_sensor_decorator.py
[2024-01-05T02:31:17.284+0000] {processor.py:743} INFO - Processing file /home/airflow/.local/lib/python3.7/site-packages/airflow/example_dags/example_sensor_decorator.py for tasks to queue
[2024-01-05T02:31:17.285+0000] {logging_mixin.py:137} INFO - [2024-01-05T02:31:17.285+0000] {dagbag.py:538} INFO - Filling up the DagBag from /home/airflow/.local/lib/python3.7/site-packages/airflow/example_dags/example_sensor_decorator.py
[2024-01-05T02:31:17.303+0000] {processor.py:753} INFO - DAG(s) dict_keys(['example_sensor_decorator']) retrieved from /home/airflow/.local/lib/python3.7/site-packages/airflow/example_dags/example_sensor_decorator.py
[2024-01-05T02:31:17.322+0000] {logging_mixin.py:137} INFO - [2024-01-05T02:31:17.322+0000] {dag.py:2690} INFO - Sync 1 DAGs
[2024-01-05T02:31:17.362+0000] {logging_mixin.py:137} INFO - [2024-01-05T02:31:17.361+0000] {dag.py:3441} INFO - Setting next_dagrun for example_sensor_decorator to None, run_after=None
[2024-01-05T02:31:17.384+0000] {processor.py:175} INFO - Processing /home/airflow/.local/lib/python3.7/site-packages/airflow/example_dags/example_sensor_decorator.py took 0.105 seconds
[2024-01-05T03:42:26.204+0000] {processor.py:153} INFO - Started process (PID=4450) to work on /home/airflow/.local/lib/python3.7/site-packages/airflow/example_dags/example_sensor_decorator.py
[2024-01-05T03:42:26.206+0000] {processor.py:743} INFO - Processing file /home/airflow/.local/lib/python3.7/site-packages/airflow/example_dags/example_sensor_decorator.py for tasks to queue
[2024-01-05T03:42:26.207+0000] {logging_mixin.py:137} INFO - [2024-01-05T03:42:26.206+0000] {dagbag.py:538} INFO - Filling up the DagBag from /home/airflow/.local/lib/python3.7/site-packages/airflow/example_dags/example_sensor_decorator.py
[2024-01-05T03:42:26.224+0000] {processor.py:753} INFO - DAG(s) dict_keys(['example_sensor_decorator']) retrieved from /home/airflow/.local/lib/python3.7/site-packages/airflow/example_dags/example_sensor_decorator.py
[2024-01-05T03:42:26.243+0000] {logging_mixin.py:137} INFO - [2024-01-05T03:42:26.242+0000] {dag.py:2690} INFO - Sync 1 DAGs
[2024-01-05T03:42:26.258+0000] {logging_mixin.py:137} INFO - [2024-01-05T03:42:26.258+0000] {dag.py:3441} INFO - Setting next_dagrun for example_sensor_decorator to None, run_after=None
[2024-01-05T03:42:26.271+0000] {processor.py:175} INFO - Processing /home/airflow/.local/lib/python3.7/site-packages/airflow/example_dags/example_sensor_decorator.py took 0.069 seconds
[2024-01-05T05:03:25.439+0000] {processor.py:153} INFO - Started process (PID=4522) to work on /home/airflow/.local/lib/python3.7/site-packages/airflow/example_dags/example_sensor_decorator.py
[2024-01-05T05:03:25.450+0000] {processor.py:743} INFO - Processing file /home/airflow/.local/lib/python3.7/site-packages/airflow/example_dags/example_sensor_decorator.py for tasks to queue
[2024-01-05T05:03:25.454+0000] {logging_mixin.py:137} INFO - [2024-01-05T05:03:25.454+0000] {dagbag.py:538} INFO - Filling up the DagBag from /home/airflow/.local/lib/python3.7/site-packages/airflow/example_dags/example_sensor_decorator.py
[2024-01-05T05:03:25.526+0000] {processor.py:753} INFO - DAG(s) dict_keys(['example_sensor_decorator']) retrieved from /home/airflow/.local/lib/python3.7/site-packages/airflow/example_dags/example_sensor_decorator.py
[2024-01-05T05:03:25.615+0000] {logging_mixin.py:137} INFO - [2024-01-05T05:03:25.615+0000] {dag.py:2690} INFO - Sync 1 DAGs
[2024-01-05T05:03:25.640+0000] {logging_mixin.py:137} INFO - [2024-01-05T05:03:25.640+0000] {dag.py:3441} INFO - Setting next_dagrun for example_sensor_decorator to None, run_after=None
[2024-01-05T05:03:25.658+0000] {processor.py:175} INFO - Processing /home/airflow/.local/lib/python3.7/site-packages/airflow/example_dags/example_sensor_decorator.py took 0.225 seconds
[2024-01-05T06:28:02.206+0000] {processor.py:153} INFO - Started process (PID=4587) to work on /home/airflow/.local/lib/python3.7/site-packages/airflow/example_dags/example_sensor_decorator.py
[2024-01-05T06:28:02.209+0000] {processor.py:743} INFO - Processing file /home/airflow/.local/lib/python3.7/site-packages/airflow/example_dags/example_sensor_decorator.py for tasks to queue
[2024-01-05T06:28:02.211+0000] {logging_mixin.py:137} INFO - [2024-01-05T06:28:02.210+0000] {dagbag.py:538} INFO - Filling up the DagBag from /home/airflow/.local/lib/python3.7/site-packages/airflow/example_dags/example_sensor_decorator.py
[2024-01-05T06:28:02.234+0000] {processor.py:753} INFO - DAG(s) dict_keys(['example_sensor_decorator']) retrieved from /home/airflow/.local/lib/python3.7/site-packages/airflow/example_dags/example_sensor_decorator.py
[2024-01-05T06:28:02.261+0000] {logging_mixin.py:137} INFO - [2024-01-05T06:28:02.261+0000] {dag.py:2690} INFO - Sync 1 DAGs
[2024-01-05T06:28:02.280+0000] {logging_mixin.py:137} INFO - [2024-01-05T06:28:02.280+0000] {dag.py:3441} INFO - Setting next_dagrun for example_sensor_decorator to None, run_after=None
[2024-01-05T06:28:02.291+0000] {processor.py:175} INFO - Processing /home/airflow/.local/lib/python3.7/site-packages/airflow/example_dags/example_sensor_decorator.py took 0.092 seconds
[2024-01-05T07:47:03.804+0000] {processor.py:153} INFO - Started process (PID=4650) to work on /home/airflow/.local/lib/python3.7/site-packages/airflow/example_dags/example_sensor_decorator.py
[2024-01-05T07:47:03.806+0000] {processor.py:743} INFO - Processing file /home/airflow/.local/lib/python3.7/site-packages/airflow/example_dags/example_sensor_decorator.py for tasks to queue
[2024-01-05T07:47:03.808+0000] {logging_mixin.py:137} INFO - [2024-01-05T07:47:03.808+0000] {dagbag.py:538} INFO - Filling up the DagBag from /home/airflow/.local/lib/python3.7/site-packages/airflow/example_dags/example_sensor_decorator.py
[2024-01-05T07:47:03.829+0000] {processor.py:753} INFO - DAG(s) dict_keys(['example_sensor_decorator']) retrieved from /home/airflow/.local/lib/python3.7/site-packages/airflow/example_dags/example_sensor_decorator.py
[2024-01-05T07:47:03.849+0000] {logging_mixin.py:137} INFO - [2024-01-05T07:47:03.849+0000] {dag.py:2690} INFO - Sync 1 DAGs
[2024-01-05T07:47:03.867+0000] {logging_mixin.py:137} INFO - [2024-01-05T07:47:03.867+0000] {dag.py:3441} INFO - Setting next_dagrun for example_sensor_decorator to None, run_after=None
[2024-01-05T07:47:03.881+0000] {processor.py:175} INFO - Processing /home/airflow/.local/lib/python3.7/site-packages/airflow/example_dags/example_sensor_decorator.py took 0.082 seconds
[2024-01-05T09:24:46.016+0000] {processor.py:153} INFO - Started process (PID=4724) to work on /home/airflow/.local/lib/python3.7/site-packages/airflow/example_dags/example_sensor_decorator.py
[2024-01-05T09:24:46.019+0000] {processor.py:743} INFO - Processing file /home/airflow/.local/lib/python3.7/site-packages/airflow/example_dags/example_sensor_decorator.py for tasks to queue
[2024-01-05T09:24:46.020+0000] {logging_mixin.py:137} INFO - [2024-01-05T09:24:46.020+0000] {dagbag.py:538} INFO - Filling up the DagBag from /home/airflow/.local/lib/python3.7/site-packages/airflow/example_dags/example_sensor_decorator.py
[2024-01-05T09:24:46.079+0000] {processor.py:753} INFO - DAG(s) dict_keys(['example_sensor_decorator']) retrieved from /home/airflow/.local/lib/python3.7/site-packages/airflow/example_dags/example_sensor_decorator.py
[2024-01-05T09:24:46.107+0000] {logging_mixin.py:137} INFO - [2024-01-05T09:24:46.107+0000] {dag.py:2690} INFO - Sync 1 DAGs
[2024-01-05T09:24:46.148+0000] {logging_mixin.py:137} INFO - [2024-01-05T09:24:46.147+0000] {dag.py:3441} INFO - Setting next_dagrun for example_sensor_decorator to None, run_after=None
[2024-01-05T09:24:46.171+0000] {processor.py:175} INFO - Processing /home/airflow/.local/lib/python3.7/site-packages/airflow/example_dags/example_sensor_decorator.py took 0.159 seconds
[2024-01-05T10:32:47.225+0000] {processor.py:153} INFO - Started process (PID=4787) to work on /home/airflow/.local/lib/python3.7/site-packages/airflow/example_dags/example_sensor_decorator.py
[2024-01-05T10:32:47.227+0000] {processor.py:743} INFO - Processing file /home/airflow/.local/lib/python3.7/site-packages/airflow/example_dags/example_sensor_decorator.py for tasks to queue
[2024-01-05T10:32:47.227+0000] {logging_mixin.py:137} INFO - [2024-01-05T10:32:47.227+0000] {dagbag.py:538} INFO - Filling up the DagBag from /home/airflow/.local/lib/python3.7/site-packages/airflow/example_dags/example_sensor_decorator.py
[2024-01-05T10:32:47.244+0000] {processor.py:753} INFO - DAG(s) dict_keys(['example_sensor_decorator']) retrieved from /home/airflow/.local/lib/python3.7/site-packages/airflow/example_dags/example_sensor_decorator.py
[2024-01-05T10:32:47.263+0000] {logging_mixin.py:137} INFO - [2024-01-05T10:32:47.263+0000] {dag.py:2690} INFO - Sync 1 DAGs
[2024-01-05T10:32:47.280+0000] {logging_mixin.py:137} INFO - [2024-01-05T10:32:47.279+0000] {dag.py:3441} INFO - Setting next_dagrun for example_sensor_decorator to None, run_after=None
[2024-01-05T10:32:47.290+0000] {processor.py:175} INFO - Processing /home/airflow/.local/lib/python3.7/site-packages/airflow/example_dags/example_sensor_decorator.py took 0.067 seconds
[2024-01-05T11:33:45.946+0000] {processor.py:153} INFO - Started process (PID=4859) to work on /home/airflow/.local/lib/python3.7/site-packages/airflow/example_dags/example_sensor_decorator.py
[2024-01-05T11:33:45.948+0000] {processor.py:743} INFO - Processing file /home/airflow/.local/lib/python3.7/site-packages/airflow/example_dags/example_sensor_decorator.py for tasks to queue
[2024-01-05T11:33:45.949+0000] {logging_mixin.py:137} INFO - [2024-01-05T11:33:45.948+0000] {dagbag.py:538} INFO - Filling up the DagBag from /home/airflow/.local/lib/python3.7/site-packages/airflow/example_dags/example_sensor_decorator.py
[2024-01-05T11:33:45.980+0000] {processor.py:753} INFO - DAG(s) dict_keys(['example_sensor_decorator']) retrieved from /home/airflow/.local/lib/python3.7/site-packages/airflow/example_dags/example_sensor_decorator.py
[2024-01-05T11:33:46.059+0000] {logging_mixin.py:137} INFO - [2024-01-05T11:33:46.058+0000] {dag.py:2690} INFO - Sync 1 DAGs
[2024-01-05T11:33:46.095+0000] {logging_mixin.py:137} INFO - [2024-01-05T11:33:46.095+0000] {dag.py:3441} INFO - Setting next_dagrun for example_sensor_decorator to None, run_after=None
[2024-01-05T11:33:46.137+0000] {processor.py:175} INFO - Processing /home/airflow/.local/lib/python3.7/site-packages/airflow/example_dags/example_sensor_decorator.py took 0.194 seconds
[2024-01-05T12:52:17.114+0000] {processor.py:153} INFO - Started process (PID=4925) to work on /home/airflow/.local/lib/python3.7/site-packages/airflow/example_dags/example_sensor_decorator.py
[2024-01-05T12:52:17.117+0000] {processor.py:743} INFO - Processing file /home/airflow/.local/lib/python3.7/site-packages/airflow/example_dags/example_sensor_decorator.py for tasks to queue
[2024-01-05T12:52:17.121+0000] {logging_mixin.py:137} INFO - [2024-01-05T12:52:17.120+0000] {dagbag.py:538} INFO - Filling up the DagBag from /home/airflow/.local/lib/python3.7/site-packages/airflow/example_dags/example_sensor_decorator.py
[2024-01-05T12:52:17.144+0000] {processor.py:753} INFO - DAG(s) dict_keys(['example_sensor_decorator']) retrieved from /home/airflow/.local/lib/python3.7/site-packages/airflow/example_dags/example_sensor_decorator.py
[2024-01-05T12:52:17.203+0000] {logging_mixin.py:137} INFO - [2024-01-05T12:52:17.203+0000] {dag.py:2690} INFO - Sync 1 DAGs
[2024-01-05T12:52:17.233+0000] {logging_mixin.py:137} INFO - [2024-01-05T12:52:17.233+0000] {dag.py:3441} INFO - Setting next_dagrun for example_sensor_decorator to None, run_after=None
[2024-01-05T12:52:17.251+0000] {processor.py:175} INFO - Processing /home/airflow/.local/lib/python3.7/site-packages/airflow/example_dags/example_sensor_decorator.py took 0.141 seconds
[2024-01-05T14:01:01.720+0000] {processor.py:153} INFO - Started process (PID=4996) to work on /home/airflow/.local/lib/python3.7/site-packages/airflow/example_dags/example_sensor_decorator.py
[2024-01-05T14:01:01.722+0000] {processor.py:743} INFO - Processing file /home/airflow/.local/lib/python3.7/site-packages/airflow/example_dags/example_sensor_decorator.py for tasks to queue
[2024-01-05T14:01:01.724+0000] {logging_mixin.py:137} INFO - [2024-01-05T14:01:01.723+0000] {dagbag.py:538} INFO - Filling up the DagBag from /home/airflow/.local/lib/python3.7/site-packages/airflow/example_dags/example_sensor_decorator.py
[2024-01-05T14:01:01.757+0000] {processor.py:753} INFO - DAG(s) dict_keys(['example_sensor_decorator']) retrieved from /home/airflow/.local/lib/python3.7/site-packages/airflow/example_dags/example_sensor_decorator.py
[2024-01-05T14:01:01.817+0000] {logging_mixin.py:137} INFO - [2024-01-05T14:01:01.817+0000] {dag.py:2690} INFO - Sync 1 DAGs
[2024-01-05T14:01:01.873+0000] {logging_mixin.py:137} INFO - [2024-01-05T14:01:01.873+0000] {dag.py:3441} INFO - Setting next_dagrun for example_sensor_decorator to None, run_after=None
[2024-01-05T14:01:01.952+0000] {processor.py:175} INFO - Processing /home/airflow/.local/lib/python3.7/site-packages/airflow/example_dags/example_sensor_decorator.py took 0.236 seconds
[2024-01-05T14:01:33.326+0000] {processor.py:153} INFO - Started process (PID=5063) to work on /home/airflow/.local/lib/python3.7/site-packages/airflow/example_dags/example_sensor_decorator.py
[2024-01-05T14:01:33.327+0000] {processor.py:743} INFO - Processing file /home/airflow/.local/lib/python3.7/site-packages/airflow/example_dags/example_sensor_decorator.py for tasks to queue
[2024-01-05T14:01:33.329+0000] {logging_mixin.py:137} INFO - [2024-01-05T14:01:33.329+0000] {dagbag.py:538} INFO - Filling up the DagBag from /home/airflow/.local/lib/python3.7/site-packages/airflow/example_dags/example_sensor_decorator.py
[2024-01-05T14:01:33.369+0000] {processor.py:753} INFO - DAG(s) dict_keys(['example_sensor_decorator']) retrieved from /home/airflow/.local/lib/python3.7/site-packages/airflow/example_dags/example_sensor_decorator.py
[2024-01-05T14:01:33.395+0000] {logging_mixin.py:137} INFO - [2024-01-05T14:01:33.395+0000] {dag.py:2690} INFO - Sync 1 DAGs
[2024-01-05T14:01:33.432+0000] {logging_mixin.py:137} INFO - [2024-01-05T14:01:33.432+0000] {dag.py:3441} INFO - Setting next_dagrun for example_sensor_decorator to None, run_after=None
[2024-01-05T14:01:33.461+0000] {processor.py:175} INFO - Processing /home/airflow/.local/lib/python3.7/site-packages/airflow/example_dags/example_sensor_decorator.py took 0.139 seconds
[2024-01-05T14:02:03.521+0000] {processor.py:153} INFO - Started process (PID=5127) to work on /home/airflow/.local/lib/python3.7/site-packages/airflow/example_dags/example_sensor_decorator.py
[2024-01-05T14:02:03.523+0000] {processor.py:743} INFO - Processing file /home/airflow/.local/lib/python3.7/site-packages/airflow/example_dags/example_sensor_decorator.py for tasks to queue
[2024-01-05T14:02:03.524+0000] {logging_mixin.py:137} INFO - [2024-01-05T14:02:03.523+0000] {dagbag.py:538} INFO - Filling up the DagBag from /home/airflow/.local/lib/python3.7/site-packages/airflow/example_dags/example_sensor_decorator.py
[2024-01-05T14:02:03.539+0000] {processor.py:753} INFO - DAG(s) dict_keys(['example_sensor_decorator']) retrieved from /home/airflow/.local/lib/python3.7/site-packages/airflow/example_dags/example_sensor_decorator.py
[2024-01-05T14:02:03.557+0000] {logging_mixin.py:137} INFO - [2024-01-05T14:02:03.557+0000] {dag.py:2690} INFO - Sync 1 DAGs
[2024-01-05T14:02:03.573+0000] {logging_mixin.py:137} INFO - [2024-01-05T14:02:03.573+0000] {dag.py:3441} INFO - Setting next_dagrun for example_sensor_decorator to None, run_after=None
[2024-01-05T14:02:03.583+0000] {processor.py:175} INFO - Processing /home/airflow/.local/lib/python3.7/site-packages/airflow/example_dags/example_sensor_decorator.py took 0.065 seconds
[2024-01-05T14:02:34.219+0000] {processor.py:153} INFO - Started process (PID=5202) to work on /home/airflow/.local/lib/python3.7/site-packages/airflow/example_dags/example_sensor_decorator.py
[2024-01-05T14:02:34.221+0000] {processor.py:743} INFO - Processing file /home/airflow/.local/lib/python3.7/site-packages/airflow/example_dags/example_sensor_decorator.py for tasks to queue
[2024-01-05T14:02:34.225+0000] {logging_mixin.py:137} INFO - [2024-01-05T14:02:34.224+0000] {dagbag.py:538} INFO - Filling up the DagBag from /home/airflow/.local/lib/python3.7/site-packages/airflow/example_dags/example_sensor_decorator.py
[2024-01-05T14:02:34.264+0000] {processor.py:753} INFO - DAG(s) dict_keys(['example_sensor_decorator']) retrieved from /home/airflow/.local/lib/python3.7/site-packages/airflow/example_dags/example_sensor_decorator.py
[2024-01-05T14:02:34.293+0000] {logging_mixin.py:137} INFO - [2024-01-05T14:02:34.293+0000] {dag.py:2690} INFO - Sync 1 DAGs
[2024-01-05T14:02:34.311+0000] {logging_mixin.py:137} INFO - [2024-01-05T14:02:34.310+0000] {dag.py:3441} INFO - Setting next_dagrun for example_sensor_decorator to None, run_after=None
[2024-01-05T14:02:34.323+0000] {processor.py:175} INFO - Processing /home/airflow/.local/lib/python3.7/site-packages/airflow/example_dags/example_sensor_decorator.py took 0.109 seconds
[2024-01-05T14:03:05.140+0000] {processor.py:153} INFO - Started process (PID=5265) to work on /home/airflow/.local/lib/python3.7/site-packages/airflow/example_dags/example_sensor_decorator.py
[2024-01-05T14:03:05.141+0000] {processor.py:743} INFO - Processing file /home/airflow/.local/lib/python3.7/site-packages/airflow/example_dags/example_sensor_decorator.py for tasks to queue
[2024-01-05T14:03:05.142+0000] {logging_mixin.py:137} INFO - [2024-01-05T14:03:05.142+0000] {dagbag.py:538} INFO - Filling up the DagBag from /home/airflow/.local/lib/python3.7/site-packages/airflow/example_dags/example_sensor_decorator.py
[2024-01-05T14:03:05.158+0000] {processor.py:753} INFO - DAG(s) dict_keys(['example_sensor_decorator']) retrieved from /home/airflow/.local/lib/python3.7/site-packages/airflow/example_dags/example_sensor_decorator.py
[2024-01-05T14:03:05.177+0000] {logging_mixin.py:137} INFO - [2024-01-05T14:03:05.177+0000] {dag.py:2690} INFO - Sync 1 DAGs
[2024-01-05T14:03:05.196+0000] {logging_mixin.py:137} INFO - [2024-01-05T14:03:05.196+0000] {dag.py:3441} INFO - Setting next_dagrun for example_sensor_decorator to None, run_after=None
[2024-01-05T14:03:05.211+0000] {processor.py:175} INFO - Processing /home/airflow/.local/lib/python3.7/site-packages/airflow/example_dags/example_sensor_decorator.py took 0.074 seconds
[2024-01-05T14:03:35.949+0000] {processor.py:153} INFO - Started process (PID=5340) to work on /home/airflow/.local/lib/python3.7/site-packages/airflow/example_dags/example_sensor_decorator.py
[2024-01-05T14:03:35.951+0000] {processor.py:743} INFO - Processing file /home/airflow/.local/lib/python3.7/site-packages/airflow/example_dags/example_sensor_decorator.py for tasks to queue
[2024-01-05T14:03:35.954+0000] {logging_mixin.py:137} INFO - [2024-01-05T14:03:35.953+0000] {dagbag.py:538} INFO - Filling up the DagBag from /home/airflow/.local/lib/python3.7/site-packages/airflow/example_dags/example_sensor_decorator.py
[2024-01-05T14:03:35.991+0000] {processor.py:753} INFO - DAG(s) dict_keys(['example_sensor_decorator']) retrieved from /home/airflow/.local/lib/python3.7/site-packages/airflow/example_dags/example_sensor_decorator.py
[2024-01-05T14:03:36.017+0000] {logging_mixin.py:137} INFO - [2024-01-05T14:03:36.017+0000] {dag.py:2690} INFO - Sync 1 DAGs
[2024-01-05T14:03:36.036+0000] {logging_mixin.py:137} INFO - [2024-01-05T14:03:36.036+0000] {dag.py:3441} INFO - Setting next_dagrun for example_sensor_decorator to None, run_after=None
[2024-01-05T14:03:36.049+0000] {processor.py:175} INFO - Processing /home/airflow/.local/lib/python3.7/site-packages/airflow/example_dags/example_sensor_decorator.py took 0.107 seconds
[2024-01-05T14:04:06.585+0000] {processor.py:153} INFO - Started process (PID=5404) to work on /home/airflow/.local/lib/python3.7/site-packages/airflow/example_dags/example_sensor_decorator.py
[2024-01-05T14:04:06.587+0000] {processor.py:743} INFO - Processing file /home/airflow/.local/lib/python3.7/site-packages/airflow/example_dags/example_sensor_decorator.py for tasks to queue
[2024-01-05T14:04:06.587+0000] {logging_mixin.py:137} INFO - [2024-01-05T14:04:06.587+0000] {dagbag.py:538} INFO - Filling up the DagBag from /home/airflow/.local/lib/python3.7/site-packages/airflow/example_dags/example_sensor_decorator.py
[2024-01-05T14:04:06.602+0000] {processor.py:753} INFO - DAG(s) dict_keys(['example_sensor_decorator']) retrieved from /home/airflow/.local/lib/python3.7/site-packages/airflow/example_dags/example_sensor_decorator.py
[2024-01-05T14:04:06.624+0000] {logging_mixin.py:137} INFO - [2024-01-05T14:04:06.624+0000] {dag.py:2690} INFO - Sync 1 DAGs
[2024-01-05T14:04:06.642+0000] {logging_mixin.py:137} INFO - [2024-01-05T14:04:06.642+0000] {dag.py:3441} INFO - Setting next_dagrun for example_sensor_decorator to None, run_after=None
[2024-01-05T14:04:06.654+0000] {processor.py:175} INFO - Processing /home/airflow/.local/lib/python3.7/site-packages/airflow/example_dags/example_sensor_decorator.py took 0.072 seconds
[2024-01-05T14:04:36.958+0000] {processor.py:153} INFO - Started process (PID=5479) to work on /home/airflow/.local/lib/python3.7/site-packages/airflow/example_dags/example_sensor_decorator.py
[2024-01-05T14:04:36.960+0000] {processor.py:743} INFO - Processing file /home/airflow/.local/lib/python3.7/site-packages/airflow/example_dags/example_sensor_decorator.py for tasks to queue
[2024-01-05T14:04:36.961+0000] {logging_mixin.py:137} INFO - [2024-01-05T14:04:36.961+0000] {dagbag.py:538} INFO - Filling up the DagBag from /home/airflow/.local/lib/python3.7/site-packages/airflow/example_dags/example_sensor_decorator.py
[2024-01-05T14:04:36.978+0000] {processor.py:753} INFO - DAG(s) dict_keys(['example_sensor_decorator']) retrieved from /home/airflow/.local/lib/python3.7/site-packages/airflow/example_dags/example_sensor_decorator.py
[2024-01-05T14:04:36.998+0000] {logging_mixin.py:137} INFO - [2024-01-05T14:04:36.998+0000] {dag.py:2690} INFO - Sync 1 DAGs
[2024-01-05T14:04:37.015+0000] {logging_mixin.py:137} INFO - [2024-01-05T14:04:37.015+0000] {dag.py:3441} INFO - Setting next_dagrun for example_sensor_decorator to None, run_after=None
[2024-01-05T14:04:37.028+0000] {processor.py:175} INFO - Processing /home/airflow/.local/lib/python3.7/site-packages/airflow/example_dags/example_sensor_decorator.py took 0.073 seconds
[2024-01-05T14:05:07.098+0000] {processor.py:153} INFO - Started process (PID=5542) to work on /home/airflow/.local/lib/python3.7/site-packages/airflow/example_dags/example_sensor_decorator.py
[2024-01-05T14:05:07.099+0000] {processor.py:743} INFO - Processing file /home/airflow/.local/lib/python3.7/site-packages/airflow/example_dags/example_sensor_decorator.py for tasks to queue
[2024-01-05T14:05:07.100+0000] {logging_mixin.py:137} INFO - [2024-01-05T14:05:07.100+0000] {dagbag.py:538} INFO - Filling up the DagBag from /home/airflow/.local/lib/python3.7/site-packages/airflow/example_dags/example_sensor_decorator.py
[2024-01-05T14:05:07.117+0000] {processor.py:753} INFO - DAG(s) dict_keys(['example_sensor_decorator']) retrieved from /home/airflow/.local/lib/python3.7/site-packages/airflow/example_dags/example_sensor_decorator.py
[2024-01-05T14:05:07.145+0000] {logging_mixin.py:137} INFO - [2024-01-05T14:05:07.145+0000] {dag.py:2690} INFO - Sync 1 DAGs
[2024-01-05T14:05:07.167+0000] {logging_mixin.py:137} INFO - [2024-01-05T14:05:07.167+0000] {dag.py:3441} INFO - Setting next_dagrun for example_sensor_decorator to None, run_after=None
[2024-01-05T14:05:07.183+0000] {processor.py:175} INFO - Processing /home/airflow/.local/lib/python3.7/site-packages/airflow/example_dags/example_sensor_decorator.py took 0.088 seconds
[2024-01-05T14:05:37.507+0000] {processor.py:153} INFO - Started process (PID=5617) to work on /home/airflow/.local/lib/python3.7/site-packages/airflow/example_dags/example_sensor_decorator.py
[2024-01-05T14:05:37.508+0000] {processor.py:743} INFO - Processing file /home/airflow/.local/lib/python3.7/site-packages/airflow/example_dags/example_sensor_decorator.py for tasks to queue
[2024-01-05T14:05:37.509+0000] {logging_mixin.py:137} INFO - [2024-01-05T14:05:37.509+0000] {dagbag.py:538} INFO - Filling up the DagBag from /home/airflow/.local/lib/python3.7/site-packages/airflow/example_dags/example_sensor_decorator.py
[2024-01-05T14:05:37.523+0000] {processor.py:753} INFO - DAG(s) dict_keys(['example_sensor_decorator']) retrieved from /home/airflow/.local/lib/python3.7/site-packages/airflow/example_dags/example_sensor_decorator.py
[2024-01-05T14:05:37.542+0000] {logging_mixin.py:137} INFO - [2024-01-05T14:05:37.542+0000] {dag.py:2690} INFO - Sync 1 DAGs
[2024-01-05T14:05:37.557+0000] {logging_mixin.py:137} INFO - [2024-01-05T14:05:37.557+0000] {dag.py:3441} INFO - Setting next_dagrun for example_sensor_decorator to None, run_after=None
[2024-01-05T14:05:37.567+0000] {processor.py:175} INFO - Processing /home/airflow/.local/lib/python3.7/site-packages/airflow/example_dags/example_sensor_decorator.py took 0.063 seconds
[2024-01-05T14:06:08.057+0000] {processor.py:153} INFO - Started process (PID=5693) to work on /home/airflow/.local/lib/python3.7/site-packages/airflow/example_dags/example_sensor_decorator.py
[2024-01-05T14:06:08.059+0000] {processor.py:743} INFO - Processing file /home/airflow/.local/lib/python3.7/site-packages/airflow/example_dags/example_sensor_decorator.py for tasks to queue
[2024-01-05T14:06:08.060+0000] {logging_mixin.py:137} INFO - [2024-01-05T14:06:08.060+0000] {dagbag.py:538} INFO - Filling up the DagBag from /home/airflow/.local/lib/python3.7/site-packages/airflow/example_dags/example_sensor_decorator.py
[2024-01-05T14:06:08.082+0000] {processor.py:753} INFO - DAG(s) dict_keys(['example_sensor_decorator']) retrieved from /home/airflow/.local/lib/python3.7/site-packages/airflow/example_dags/example_sensor_decorator.py
[2024-01-05T14:06:08.107+0000] {logging_mixin.py:137} INFO - [2024-01-05T14:06:08.107+0000] {dag.py:2690} INFO - Sync 1 DAGs
[2024-01-05T14:06:08.125+0000] {logging_mixin.py:137} INFO - [2024-01-05T14:06:08.125+0000] {dag.py:3441} INFO - Setting next_dagrun for example_sensor_decorator to None, run_after=None
[2024-01-05T14:06:08.140+0000] {processor.py:175} INFO - Processing /home/airflow/.local/lib/python3.7/site-packages/airflow/example_dags/example_sensor_decorator.py took 0.089 seconds
[2024-01-05T14:06:39.072+0000] {processor.py:153} INFO - Started process (PID=5756) to work on /home/airflow/.local/lib/python3.7/site-packages/airflow/example_dags/example_sensor_decorator.py
[2024-01-05T14:06:39.073+0000] {processor.py:743} INFO - Processing file /home/airflow/.local/lib/python3.7/site-packages/airflow/example_dags/example_sensor_decorator.py for tasks to queue
[2024-01-05T14:06:39.074+0000] {logging_mixin.py:137} INFO - [2024-01-05T14:06:39.074+0000] {dagbag.py:538} INFO - Filling up the DagBag from /home/airflow/.local/lib/python3.7/site-packages/airflow/example_dags/example_sensor_decorator.py
[2024-01-05T14:06:39.091+0000] {processor.py:753} INFO - DAG(s) dict_keys(['example_sensor_decorator']) retrieved from /home/airflow/.local/lib/python3.7/site-packages/airflow/example_dags/example_sensor_decorator.py
[2024-01-05T14:06:39.112+0000] {logging_mixin.py:137} INFO - [2024-01-05T14:06:39.112+0000] {dag.py:2690} INFO - Sync 1 DAGs
[2024-01-05T14:06:39.131+0000] {logging_mixin.py:137} INFO - [2024-01-05T14:06:39.131+0000] {dag.py:3441} INFO - Setting next_dagrun for example_sensor_decorator to None, run_after=None
[2024-01-05T14:06:39.144+0000] {processor.py:175} INFO - Processing /home/airflow/.local/lib/python3.7/site-packages/airflow/example_dags/example_sensor_decorator.py took 0.075 seconds
[2024-01-05T14:07:09.801+0000] {processor.py:153} INFO - Started process (PID=5831) to work on /home/airflow/.local/lib/python3.7/site-packages/airflow/example_dags/example_sensor_decorator.py
[2024-01-05T14:07:09.802+0000] {processor.py:743} INFO - Processing file /home/airflow/.local/lib/python3.7/site-packages/airflow/example_dags/example_sensor_decorator.py for tasks to queue
[2024-01-05T14:07:09.803+0000] {logging_mixin.py:137} INFO - [2024-01-05T14:07:09.803+0000] {dagbag.py:538} INFO - Filling up the DagBag from /home/airflow/.local/lib/python3.7/site-packages/airflow/example_dags/example_sensor_decorator.py
[2024-01-05T14:07:09.820+0000] {processor.py:753} INFO - DAG(s) dict_keys(['example_sensor_decorator']) retrieved from /home/airflow/.local/lib/python3.7/site-packages/airflow/example_dags/example_sensor_decorator.py
[2024-01-05T14:07:09.838+0000] {logging_mixin.py:137} INFO - [2024-01-05T14:07:09.838+0000] {dag.py:2690} INFO - Sync 1 DAGs
[2024-01-05T14:07:09.854+0000] {logging_mixin.py:137} INFO - [2024-01-05T14:07:09.854+0000] {dag.py:3441} INFO - Setting next_dagrun for example_sensor_decorator to None, run_after=None
[2024-01-05T14:07:09.864+0000] {processor.py:175} INFO - Processing /home/airflow/.local/lib/python3.7/site-packages/airflow/example_dags/example_sensor_decorator.py took 0.066 seconds
[2024-01-05T14:07:40.238+0000] {processor.py:153} INFO - Started process (PID=5894) to work on /home/airflow/.local/lib/python3.7/site-packages/airflow/example_dags/example_sensor_decorator.py
[2024-01-05T14:07:40.239+0000] {processor.py:743} INFO - Processing file /home/airflow/.local/lib/python3.7/site-packages/airflow/example_dags/example_sensor_decorator.py for tasks to queue
[2024-01-05T14:07:40.240+0000] {logging_mixin.py:137} INFO - [2024-01-05T14:07:40.240+0000] {dagbag.py:538} INFO - Filling up the DagBag from /home/airflow/.local/lib/python3.7/site-packages/airflow/example_dags/example_sensor_decorator.py
[2024-01-05T14:07:40.255+0000] {processor.py:753} INFO - DAG(s) dict_keys(['example_sensor_decorator']) retrieved from /home/airflow/.local/lib/python3.7/site-packages/airflow/example_dags/example_sensor_decorator.py
[2024-01-05T14:07:40.274+0000] {logging_mixin.py:137} INFO - [2024-01-05T14:07:40.274+0000] {dag.py:2690} INFO - Sync 1 DAGs
[2024-01-05T14:07:40.289+0000] {logging_mixin.py:137} INFO - [2024-01-05T14:07:40.289+0000] {dag.py:3441} INFO - Setting next_dagrun for example_sensor_decorator to None, run_after=None
[2024-01-05T14:07:40.301+0000] {processor.py:175} INFO - Processing /home/airflow/.local/lib/python3.7/site-packages/airflow/example_dags/example_sensor_decorator.py took 0.066 seconds
[2024-01-05T14:08:11.203+0000] {processor.py:153} INFO - Started process (PID=5969) to work on /home/airflow/.local/lib/python3.7/site-packages/airflow/example_dags/example_sensor_decorator.py
[2024-01-05T14:08:11.205+0000] {processor.py:743} INFO - Processing file /home/airflow/.local/lib/python3.7/site-packages/airflow/example_dags/example_sensor_decorator.py for tasks to queue
[2024-01-05T14:08:11.208+0000] {logging_mixin.py:137} INFO - [2024-01-05T14:08:11.208+0000] {dagbag.py:538} INFO - Filling up the DagBag from /home/airflow/.local/lib/python3.7/site-packages/airflow/example_dags/example_sensor_decorator.py
[2024-01-05T14:08:11.228+0000] {processor.py:753} INFO - DAG(s) dict_keys(['example_sensor_decorator']) retrieved from /home/airflow/.local/lib/python3.7/site-packages/airflow/example_dags/example_sensor_decorator.py
[2024-01-05T14:08:11.256+0000] {logging_mixin.py:137} INFO - [2024-01-05T14:08:11.256+0000] {dag.py:2690} INFO - Sync 1 DAGs
[2024-01-05T14:08:11.280+0000] {logging_mixin.py:137} INFO - [2024-01-05T14:08:11.279+0000] {dag.py:3441} INFO - Setting next_dagrun for example_sensor_decorator to None, run_after=None
[2024-01-05T14:08:11.296+0000] {processor.py:175} INFO - Processing /home/airflow/.local/lib/python3.7/site-packages/airflow/example_dags/example_sensor_decorator.py took 0.098 seconds
[2024-01-05T14:08:41.967+0000] {processor.py:153} INFO - Started process (PID=6039) to work on /home/airflow/.local/lib/python3.7/site-packages/airflow/example_dags/example_sensor_decorator.py
[2024-01-05T14:08:41.968+0000] {processor.py:743} INFO - Processing file /home/airflow/.local/lib/python3.7/site-packages/airflow/example_dags/example_sensor_decorator.py for tasks to queue
[2024-01-05T14:08:41.969+0000] {logging_mixin.py:137} INFO - [2024-01-05T14:08:41.969+0000] {dagbag.py:538} INFO - Filling up the DagBag from /home/airflow/.local/lib/python3.7/site-packages/airflow/example_dags/example_sensor_decorator.py
[2024-01-05T14:08:41.988+0000] {processor.py:753} INFO - DAG(s) dict_keys(['example_sensor_decorator']) retrieved from /home/airflow/.local/lib/python3.7/site-packages/airflow/example_dags/example_sensor_decorator.py
[2024-01-05T14:08:42.013+0000] {logging_mixin.py:137} INFO - [2024-01-05T14:08:42.013+0000] {dag.py:2690} INFO - Sync 1 DAGs
[2024-01-05T14:08:42.066+0000] {logging_mixin.py:137} INFO - [2024-01-05T14:08:42.066+0000] {dag.py:3441} INFO - Setting next_dagrun for example_sensor_decorator to None, run_after=None
[2024-01-05T14:08:42.095+0000] {processor.py:175} INFO - Processing /home/airflow/.local/lib/python3.7/site-packages/airflow/example_dags/example_sensor_decorator.py took 0.130 seconds
[2024-01-05T14:09:12.950+0000] {processor.py:153} INFO - Started process (PID=6108) to work on /home/airflow/.local/lib/python3.7/site-packages/airflow/example_dags/example_sensor_decorator.py
[2024-01-05T14:09:12.952+0000] {processor.py:743} INFO - Processing file /home/airflow/.local/lib/python3.7/site-packages/airflow/example_dags/example_sensor_decorator.py for tasks to queue
[2024-01-05T14:09:12.953+0000] {logging_mixin.py:137} INFO - [2024-01-05T14:09:12.953+0000] {dagbag.py:538} INFO - Filling up the DagBag from /home/airflow/.local/lib/python3.7/site-packages/airflow/example_dags/example_sensor_decorator.py
[2024-01-05T14:09:12.973+0000] {processor.py:753} INFO - DAG(s) dict_keys(['example_sensor_decorator']) retrieved from /home/airflow/.local/lib/python3.7/site-packages/airflow/example_dags/example_sensor_decorator.py
[2024-01-05T14:09:12.998+0000] {logging_mixin.py:137} INFO - [2024-01-05T14:09:12.998+0000] {dag.py:2690} INFO - Sync 1 DAGs
[2024-01-05T14:09:13.015+0000] {logging_mixin.py:137} INFO - [2024-01-05T14:09:13.014+0000] {dag.py:3441} INFO - Setting next_dagrun for example_sensor_decorator to None, run_after=None
[2024-01-05T14:09:13.026+0000] {processor.py:175} INFO - Processing /home/airflow/.local/lib/python3.7/site-packages/airflow/example_dags/example_sensor_decorator.py took 0.080 seconds
[2024-01-05T14:09:45.000+0000] {processor.py:153} INFO - Started process (PID=6183) to work on /home/airflow/.local/lib/python3.7/site-packages/airflow/example_dags/example_sensor_decorator.py
[2024-01-05T14:09:45.003+0000] {processor.py:743} INFO - Processing file /home/airflow/.local/lib/python3.7/site-packages/airflow/example_dags/example_sensor_decorator.py for tasks to queue
[2024-01-05T14:09:45.005+0000] {logging_mixin.py:137} INFO - [2024-01-05T14:09:45.005+0000] {dagbag.py:538} INFO - Filling up the DagBag from /home/airflow/.local/lib/python3.7/site-packages/airflow/example_dags/example_sensor_decorator.py
[2024-01-05T14:09:45.086+0000] {processor.py:753} INFO - DAG(s) dict_keys(['example_sensor_decorator']) retrieved from /home/airflow/.local/lib/python3.7/site-packages/airflow/example_dags/example_sensor_decorator.py
[2024-01-05T14:09:45.181+0000] {logging_mixin.py:137} INFO - [2024-01-05T14:09:45.180+0000] {dag.py:2690} INFO - Sync 1 DAGs
[2024-01-05T14:09:45.220+0000] {logging_mixin.py:137} INFO - [2024-01-05T14:09:45.219+0000] {dag.py:3441} INFO - Setting next_dagrun for example_sensor_decorator to None, run_after=None
[2024-01-05T14:09:45.240+0000] {processor.py:175} INFO - Processing /home/airflow/.local/lib/python3.7/site-packages/airflow/example_dags/example_sensor_decorator.py took 0.252 seconds
[2024-01-05T14:10:15.329+0000] {processor.py:153} INFO - Started process (PID=6245) to work on /home/airflow/.local/lib/python3.7/site-packages/airflow/example_dags/example_sensor_decorator.py
[2024-01-05T14:10:15.330+0000] {processor.py:743} INFO - Processing file /home/airflow/.local/lib/python3.7/site-packages/airflow/example_dags/example_sensor_decorator.py for tasks to queue
[2024-01-05T14:10:15.331+0000] {logging_mixin.py:137} INFO - [2024-01-05T14:10:15.331+0000] {dagbag.py:538} INFO - Filling up the DagBag from /home/airflow/.local/lib/python3.7/site-packages/airflow/example_dags/example_sensor_decorator.py
[2024-01-05T14:10:15.350+0000] {processor.py:753} INFO - DAG(s) dict_keys(['example_sensor_decorator']) retrieved from /home/airflow/.local/lib/python3.7/site-packages/airflow/example_dags/example_sensor_decorator.py
[2024-01-05T14:10:15.368+0000] {logging_mixin.py:137} INFO - [2024-01-05T14:10:15.368+0000] {dag.py:2690} INFO - Sync 1 DAGs
[2024-01-05T14:10:15.384+0000] {logging_mixin.py:137} INFO - [2024-01-05T14:10:15.384+0000] {dag.py:3441} INFO - Setting next_dagrun for example_sensor_decorator to None, run_after=None
[2024-01-05T14:10:15.394+0000] {processor.py:175} INFO - Processing /home/airflow/.local/lib/python3.7/site-packages/airflow/example_dags/example_sensor_decorator.py took 0.070 seconds
[2024-01-05T14:10:46.919+0000] {processor.py:153} INFO - Started process (PID=6318) to work on /home/airflow/.local/lib/python3.7/site-packages/airflow/example_dags/example_sensor_decorator.py
[2024-01-05T14:10:46.921+0000] {processor.py:743} INFO - Processing file /home/airflow/.local/lib/python3.7/site-packages/airflow/example_dags/example_sensor_decorator.py for tasks to queue
[2024-01-05T14:10:46.922+0000] {logging_mixin.py:137} INFO - [2024-01-05T14:10:46.922+0000] {dagbag.py:538} INFO - Filling up the DagBag from /home/airflow/.local/lib/python3.7/site-packages/airflow/example_dags/example_sensor_decorator.py
[2024-01-05T14:10:46.948+0000] {processor.py:753} INFO - DAG(s) dict_keys(['example_sensor_decorator']) retrieved from /home/airflow/.local/lib/python3.7/site-packages/airflow/example_dags/example_sensor_decorator.py
[2024-01-05T14:10:46.981+0000] {logging_mixin.py:137} INFO - [2024-01-05T14:10:46.980+0000] {dag.py:2690} INFO - Sync 1 DAGs
[2024-01-05T14:10:47.003+0000] {logging_mixin.py:137} INFO - [2024-01-05T14:10:47.003+0000] {dag.py:3441} INFO - Setting next_dagrun for example_sensor_decorator to None, run_after=None
[2024-01-05T14:10:47.021+0000] {processor.py:175} INFO - Processing /home/airflow/.local/lib/python3.7/site-packages/airflow/example_dags/example_sensor_decorator.py took 0.106 seconds
[2024-01-05T14:11:18.119+0000] {processor.py:153} INFO - Started process (PID=6381) to work on /home/airflow/.local/lib/python3.7/site-packages/airflow/example_dags/example_sensor_decorator.py
[2024-01-05T14:11:18.121+0000] {processor.py:743} INFO - Processing file /home/airflow/.local/lib/python3.7/site-packages/airflow/example_dags/example_sensor_decorator.py for tasks to queue
[2024-01-05T14:11:18.122+0000] {logging_mixin.py:137} INFO - [2024-01-05T14:11:18.122+0000] {dagbag.py:538} INFO - Filling up the DagBag from /home/airflow/.local/lib/python3.7/site-packages/airflow/example_dags/example_sensor_decorator.py
[2024-01-05T14:11:18.149+0000] {processor.py:753} INFO - DAG(s) dict_keys(['example_sensor_decorator']) retrieved from /home/airflow/.local/lib/python3.7/site-packages/airflow/example_dags/example_sensor_decorator.py
[2024-01-05T14:11:18.172+0000] {logging_mixin.py:137} INFO - [2024-01-05T14:11:18.171+0000] {dag.py:2690} INFO - Sync 1 DAGs
[2024-01-05T14:11:18.189+0000] {logging_mixin.py:137} INFO - [2024-01-05T14:11:18.189+0000] {dag.py:3441} INFO - Setting next_dagrun for example_sensor_decorator to None, run_after=None
[2024-01-05T14:11:18.202+0000] {processor.py:175} INFO - Processing /home/airflow/.local/lib/python3.7/site-packages/airflow/example_dags/example_sensor_decorator.py took 0.088 seconds
[2024-01-05T14:11:48.502+0000] {processor.py:153} INFO - Started process (PID=6455) to work on /home/airflow/.local/lib/python3.7/site-packages/airflow/example_dags/example_sensor_decorator.py
[2024-01-05T14:11:48.503+0000] {processor.py:743} INFO - Processing file /home/airflow/.local/lib/python3.7/site-packages/airflow/example_dags/example_sensor_decorator.py for tasks to queue
[2024-01-05T14:11:48.504+0000] {logging_mixin.py:137} INFO - [2024-01-05T14:11:48.504+0000] {dagbag.py:538} INFO - Filling up the DagBag from /home/airflow/.local/lib/python3.7/site-packages/airflow/example_dags/example_sensor_decorator.py
[2024-01-05T14:11:48.522+0000] {processor.py:753} INFO - DAG(s) dict_keys(['example_sensor_decorator']) retrieved from /home/airflow/.local/lib/python3.7/site-packages/airflow/example_dags/example_sensor_decorator.py
[2024-01-05T14:11:48.542+0000] {logging_mixin.py:137} INFO - [2024-01-05T14:11:48.542+0000] {dag.py:2690} INFO - Sync 1 DAGs
[2024-01-05T14:11:48.560+0000] {logging_mixin.py:137} INFO - [2024-01-05T14:11:48.560+0000] {dag.py:3441} INFO - Setting next_dagrun for example_sensor_decorator to None, run_after=None
[2024-01-05T14:11:48.572+0000] {processor.py:175} INFO - Processing /home/airflow/.local/lib/python3.7/site-packages/airflow/example_dags/example_sensor_decorator.py took 0.073 seconds
[2024-01-05T14:12:18.990+0000] {processor.py:153} INFO - Started process (PID=6519) to work on /home/airflow/.local/lib/python3.7/site-packages/airflow/example_dags/example_sensor_decorator.py
[2024-01-05T14:12:18.992+0000] {processor.py:743} INFO - Processing file /home/airflow/.local/lib/python3.7/site-packages/airflow/example_dags/example_sensor_decorator.py for tasks to queue
[2024-01-05T14:12:18.993+0000] {logging_mixin.py:137} INFO - [2024-01-05T14:12:18.993+0000] {dagbag.py:538} INFO - Filling up the DagBag from /home/airflow/.local/lib/python3.7/site-packages/airflow/example_dags/example_sensor_decorator.py
[2024-01-05T14:12:19.013+0000] {processor.py:753} INFO - DAG(s) dict_keys(['example_sensor_decorator']) retrieved from /home/airflow/.local/lib/python3.7/site-packages/airflow/example_dags/example_sensor_decorator.py
[2024-01-05T14:12:19.040+0000] {logging_mixin.py:137} INFO - [2024-01-05T14:12:19.040+0000] {dag.py:2690} INFO - Sync 1 DAGs
[2024-01-05T14:12:19.060+0000] {logging_mixin.py:137} INFO - [2024-01-05T14:12:19.060+0000] {dag.py:3441} INFO - Setting next_dagrun for example_sensor_decorator to None, run_after=None
[2024-01-05T14:12:19.075+0000] {processor.py:175} INFO - Processing /home/airflow/.local/lib/python3.7/site-packages/airflow/example_dags/example_sensor_decorator.py took 0.088 seconds
[2024-01-05T14:12:50.058+0000] {processor.py:153} INFO - Started process (PID=6594) to work on /home/airflow/.local/lib/python3.7/site-packages/airflow/example_dags/example_sensor_decorator.py
[2024-01-05T14:12:50.060+0000] {processor.py:743} INFO - Processing file /home/airflow/.local/lib/python3.7/site-packages/airflow/example_dags/example_sensor_decorator.py for tasks to queue
[2024-01-05T14:12:50.061+0000] {logging_mixin.py:137} INFO - [2024-01-05T14:12:50.061+0000] {dagbag.py:538} INFO - Filling up the DagBag from /home/airflow/.local/lib/python3.7/site-packages/airflow/example_dags/example_sensor_decorator.py
[2024-01-05T14:12:50.078+0000] {processor.py:753} INFO - DAG(s) dict_keys(['example_sensor_decorator']) retrieved from /home/airflow/.local/lib/python3.7/site-packages/airflow/example_dags/example_sensor_decorator.py
[2024-01-05T14:12:50.097+0000] {logging_mixin.py:137} INFO - [2024-01-05T14:12:50.097+0000] {dag.py:2690} INFO - Sync 1 DAGs
[2024-01-05T14:12:50.114+0000] {logging_mixin.py:137} INFO - [2024-01-05T14:12:50.114+0000] {dag.py:3441} INFO - Setting next_dagrun for example_sensor_decorator to None, run_after=None
[2024-01-05T14:12:50.126+0000] {processor.py:175} INFO - Processing /home/airflow/.local/lib/python3.7/site-packages/airflow/example_dags/example_sensor_decorator.py took 0.072 seconds
[2024-01-05T14:13:20.595+0000] {processor.py:153} INFO - Started process (PID=6668) to work on /home/airflow/.local/lib/python3.7/site-packages/airflow/example_dags/example_sensor_decorator.py
[2024-01-05T14:13:20.597+0000] {processor.py:743} INFO - Processing file /home/airflow/.local/lib/python3.7/site-packages/airflow/example_dags/example_sensor_decorator.py for tasks to queue
[2024-01-05T14:13:20.598+0000] {logging_mixin.py:137} INFO - [2024-01-05T14:13:20.598+0000] {dagbag.py:538} INFO - Filling up the DagBag from /home/airflow/.local/lib/python3.7/site-packages/airflow/example_dags/example_sensor_decorator.py
[2024-01-05T14:13:20.620+0000] {processor.py:753} INFO - DAG(s) dict_keys(['example_sensor_decorator']) retrieved from /home/airflow/.local/lib/python3.7/site-packages/airflow/example_dags/example_sensor_decorator.py
[2024-01-05T14:13:20.650+0000] {logging_mixin.py:137} INFO - [2024-01-05T14:13:20.650+0000] {dag.py:2690} INFO - Sync 1 DAGs
[2024-01-05T14:13:20.674+0000] {logging_mixin.py:137} INFO - [2024-01-05T14:13:20.674+0000] {dag.py:3441} INFO - Setting next_dagrun for example_sensor_decorator to None, run_after=None
[2024-01-05T14:13:20.696+0000] {processor.py:175} INFO - Processing /home/airflow/.local/lib/python3.7/site-packages/airflow/example_dags/example_sensor_decorator.py took 0.105 seconds
[2024-01-05T14:13:51.392+0000] {processor.py:153} INFO - Started process (PID=6731) to work on /home/airflow/.local/lib/python3.7/site-packages/airflow/example_dags/example_sensor_decorator.py
[2024-01-05T14:13:51.394+0000] {processor.py:743} INFO - Processing file /home/airflow/.local/lib/python3.7/site-packages/airflow/example_dags/example_sensor_decorator.py for tasks to queue
[2024-01-05T14:13:51.395+0000] {logging_mixin.py:137} INFO - [2024-01-05T14:13:51.394+0000] {dagbag.py:538} INFO - Filling up the DagBag from /home/airflow/.local/lib/python3.7/site-packages/airflow/example_dags/example_sensor_decorator.py
[2024-01-05T14:13:51.416+0000] {processor.py:753} INFO - DAG(s) dict_keys(['example_sensor_decorator']) retrieved from /home/airflow/.local/lib/python3.7/site-packages/airflow/example_dags/example_sensor_decorator.py
[2024-01-05T14:13:51.436+0000] {logging_mixin.py:137} INFO - [2024-01-05T14:13:51.436+0000] {dag.py:2690} INFO - Sync 1 DAGs
[2024-01-05T14:13:51.452+0000] {logging_mixin.py:137} INFO - [2024-01-05T14:13:51.452+0000] {dag.py:3441} INFO - Setting next_dagrun for example_sensor_decorator to None, run_after=None
[2024-01-05T14:13:51.464+0000] {processor.py:175} INFO - Processing /home/airflow/.local/lib/python3.7/site-packages/airflow/example_dags/example_sensor_decorator.py took 0.076 seconds
[2024-01-05T14:14:21.661+0000] {processor.py:153} INFO - Started process (PID=6807) to work on /home/airflow/.local/lib/python3.7/site-packages/airflow/example_dags/example_sensor_decorator.py
[2024-01-05T14:14:21.663+0000] {processor.py:743} INFO - Processing file /home/airflow/.local/lib/python3.7/site-packages/airflow/example_dags/example_sensor_decorator.py for tasks to queue
[2024-01-05T14:14:21.664+0000] {logging_mixin.py:137} INFO - [2024-01-05T14:14:21.664+0000] {dagbag.py:538} INFO - Filling up the DagBag from /home/airflow/.local/lib/python3.7/site-packages/airflow/example_dags/example_sensor_decorator.py
[2024-01-05T14:14:21.709+0000] {processor.py:753} INFO - DAG(s) dict_keys(['example_sensor_decorator']) retrieved from /home/airflow/.local/lib/python3.7/site-packages/airflow/example_dags/example_sensor_decorator.py
[2024-01-05T14:14:21.748+0000] {logging_mixin.py:137} INFO - [2024-01-05T14:14:21.748+0000] {dag.py:2690} INFO - Sync 1 DAGs
[2024-01-05T14:14:21.768+0000] {logging_mixin.py:137} INFO - [2024-01-05T14:14:21.768+0000] {dag.py:3441} INFO - Setting next_dagrun for example_sensor_decorator to None, run_after=None
[2024-01-05T14:14:21.782+0000] {processor.py:175} INFO - Processing /home/airflow/.local/lib/python3.7/site-packages/airflow/example_dags/example_sensor_decorator.py took 0.125 seconds
[2024-01-05T14:14:52.446+0000] {processor.py:153} INFO - Started process (PID=6870) to work on /home/airflow/.local/lib/python3.7/site-packages/airflow/example_dags/example_sensor_decorator.py
[2024-01-05T14:14:52.447+0000] {processor.py:743} INFO - Processing file /home/airflow/.local/lib/python3.7/site-packages/airflow/example_dags/example_sensor_decorator.py for tasks to queue
[2024-01-05T14:14:52.448+0000] {logging_mixin.py:137} INFO - [2024-01-05T14:14:52.448+0000] {dagbag.py:538} INFO - Filling up the DagBag from /home/airflow/.local/lib/python3.7/site-packages/airflow/example_dags/example_sensor_decorator.py
[2024-01-05T14:14:52.463+0000] {processor.py:753} INFO - DAG(s) dict_keys(['example_sensor_decorator']) retrieved from /home/airflow/.local/lib/python3.7/site-packages/airflow/example_dags/example_sensor_decorator.py
[2024-01-05T14:14:52.485+0000] {logging_mixin.py:137} INFO - [2024-01-05T14:14:52.485+0000] {dag.py:2690} INFO - Sync 1 DAGs
[2024-01-05T14:14:52.512+0000] {logging_mixin.py:137} INFO - [2024-01-05T14:14:52.512+0000] {dag.py:3441} INFO - Setting next_dagrun for example_sensor_decorator to None, run_after=None
[2024-01-05T14:14:52.539+0000] {processor.py:175} INFO - Processing /home/airflow/.local/lib/python3.7/site-packages/airflow/example_dags/example_sensor_decorator.py took 0.095 seconds
[2024-01-05T14:15:23.525+0000] {processor.py:153} INFO - Started process (PID=6945) to work on /home/airflow/.local/lib/python3.7/site-packages/airflow/example_dags/example_sensor_decorator.py
[2024-01-05T14:15:23.526+0000] {processor.py:743} INFO - Processing file /home/airflow/.local/lib/python3.7/site-packages/airflow/example_dags/example_sensor_decorator.py for tasks to queue
[2024-01-05T14:15:23.527+0000] {logging_mixin.py:137} INFO - [2024-01-05T14:15:23.527+0000] {dagbag.py:538} INFO - Filling up the DagBag from /home/airflow/.local/lib/python3.7/site-packages/airflow/example_dags/example_sensor_decorator.py
[2024-01-05T14:15:23.545+0000] {processor.py:753} INFO - DAG(s) dict_keys(['example_sensor_decorator']) retrieved from /home/airflow/.local/lib/python3.7/site-packages/airflow/example_dags/example_sensor_decorator.py
[2024-01-05T14:15:23.569+0000] {logging_mixin.py:137} INFO - [2024-01-05T14:15:23.569+0000] {dag.py:2690} INFO - Sync 1 DAGs
[2024-01-05T14:15:23.587+0000] {logging_mixin.py:137} INFO - [2024-01-05T14:15:23.587+0000] {dag.py:3441} INFO - Setting next_dagrun for example_sensor_decorator to None, run_after=None
[2024-01-05T14:15:23.600+0000] {processor.py:175} INFO - Processing /home/airflow/.local/lib/python3.7/site-packages/airflow/example_dags/example_sensor_decorator.py took 0.079 seconds
[2024-01-05T14:15:53.774+0000] {processor.py:153} INFO - Started process (PID=7008) to work on /home/airflow/.local/lib/python3.7/site-packages/airflow/example_dags/example_sensor_decorator.py
[2024-01-05T14:15:53.775+0000] {processor.py:743} INFO - Processing file /home/airflow/.local/lib/python3.7/site-packages/airflow/example_dags/example_sensor_decorator.py for tasks to queue
[2024-01-05T14:15:53.776+0000] {logging_mixin.py:137} INFO - [2024-01-05T14:15:53.776+0000] {dagbag.py:538} INFO - Filling up the DagBag from /home/airflow/.local/lib/python3.7/site-packages/airflow/example_dags/example_sensor_decorator.py
[2024-01-05T14:15:53.791+0000] {processor.py:753} INFO - DAG(s) dict_keys(['example_sensor_decorator']) retrieved from /home/airflow/.local/lib/python3.7/site-packages/airflow/example_dags/example_sensor_decorator.py
[2024-01-05T14:15:53.812+0000] {logging_mixin.py:137} INFO - [2024-01-05T14:15:53.812+0000] {dag.py:2690} INFO - Sync 1 DAGs
[2024-01-05T14:15:53.838+0000] {logging_mixin.py:137} INFO - [2024-01-05T14:15:53.838+0000] {dag.py:3441} INFO - Setting next_dagrun for example_sensor_decorator to None, run_after=None
[2024-01-05T14:15:53.853+0000] {processor.py:175} INFO - Processing /home/airflow/.local/lib/python3.7/site-packages/airflow/example_dags/example_sensor_decorator.py took 0.082 seconds
[2024-01-05T14:16:24.863+0000] {processor.py:153} INFO - Started process (PID=7083) to work on /home/airflow/.local/lib/python3.7/site-packages/airflow/example_dags/example_sensor_decorator.py
[2024-01-05T14:16:24.864+0000] {processor.py:743} INFO - Processing file /home/airflow/.local/lib/python3.7/site-packages/airflow/example_dags/example_sensor_decorator.py for tasks to queue
[2024-01-05T14:16:24.866+0000] {logging_mixin.py:137} INFO - [2024-01-05T14:16:24.865+0000] {dagbag.py:538} INFO - Filling up the DagBag from /home/airflow/.local/lib/python3.7/site-packages/airflow/example_dags/example_sensor_decorator.py
[2024-01-05T14:16:24.892+0000] {processor.py:753} INFO - DAG(s) dict_keys(['example_sensor_decorator']) retrieved from /home/airflow/.local/lib/python3.7/site-packages/airflow/example_dags/example_sensor_decorator.py
[2024-01-05T14:16:24.916+0000] {logging_mixin.py:137} INFO - [2024-01-05T14:16:24.915+0000] {dag.py:2690} INFO - Sync 1 DAGs
[2024-01-05T14:16:24.934+0000] {logging_mixin.py:137} INFO - [2024-01-05T14:16:24.934+0000] {dag.py:3441} INFO - Setting next_dagrun for example_sensor_decorator to None, run_after=None
[2024-01-05T14:16:24.947+0000] {processor.py:175} INFO - Processing /home/airflow/.local/lib/python3.7/site-packages/airflow/example_dags/example_sensor_decorator.py took 0.087 seconds
[2024-01-05T14:16:55.595+0000] {processor.py:153} INFO - Started process (PID=7147) to work on /home/airflow/.local/lib/python3.7/site-packages/airflow/example_dags/example_sensor_decorator.py
[2024-01-05T14:16:55.597+0000] {processor.py:743} INFO - Processing file /home/airflow/.local/lib/python3.7/site-packages/airflow/example_dags/example_sensor_decorator.py for tasks to queue
[2024-01-05T14:16:55.598+0000] {logging_mixin.py:137} INFO - [2024-01-05T14:16:55.598+0000] {dagbag.py:538} INFO - Filling up the DagBag from /home/airflow/.local/lib/python3.7/site-packages/airflow/example_dags/example_sensor_decorator.py
[2024-01-05T14:16:55.616+0000] {processor.py:753} INFO - DAG(s) dict_keys(['example_sensor_decorator']) retrieved from /home/airflow/.local/lib/python3.7/site-packages/airflow/example_dags/example_sensor_decorator.py
[2024-01-05T14:16:55.637+0000] {logging_mixin.py:137} INFO - [2024-01-05T14:16:55.637+0000] {dag.py:2690} INFO - Sync 1 DAGs
[2024-01-05T14:16:55.656+0000] {logging_mixin.py:137} INFO - [2024-01-05T14:16:55.655+0000] {dag.py:3441} INFO - Setting next_dagrun for example_sensor_decorator to None, run_after=None
[2024-01-05T14:16:55.670+0000] {processor.py:175} INFO - Processing /home/airflow/.local/lib/python3.7/site-packages/airflow/example_dags/example_sensor_decorator.py took 0.079 seconds
[2024-01-05T14:17:25.998+0000] {processor.py:153} INFO - Started process (PID=7221) to work on /home/airflow/.local/lib/python3.7/site-packages/airflow/example_dags/example_sensor_decorator.py
[2024-01-05T14:17:25.999+0000] {processor.py:743} INFO - Processing file /home/airflow/.local/lib/python3.7/site-packages/airflow/example_dags/example_sensor_decorator.py for tasks to queue
[2024-01-05T14:17:26.000+0000] {logging_mixin.py:137} INFO - [2024-01-05T14:17:26.000+0000] {dagbag.py:538} INFO - Filling up the DagBag from /home/airflow/.local/lib/python3.7/site-packages/airflow/example_dags/example_sensor_decorator.py
[2024-01-05T14:17:26.014+0000] {processor.py:753} INFO - DAG(s) dict_keys(['example_sensor_decorator']) retrieved from /home/airflow/.local/lib/python3.7/site-packages/airflow/example_dags/example_sensor_decorator.py
[2024-01-05T14:17:26.035+0000] {logging_mixin.py:137} INFO - [2024-01-05T14:17:26.035+0000] {dag.py:2690} INFO - Sync 1 DAGs
[2024-01-05T14:17:26.056+0000] {logging_mixin.py:137} INFO - [2024-01-05T14:17:26.056+0000] {dag.py:3441} INFO - Setting next_dagrun for example_sensor_decorator to None, run_after=None
[2024-01-05T14:17:26.066+0000] {processor.py:175} INFO - Processing /home/airflow/.local/lib/python3.7/site-packages/airflow/example_dags/example_sensor_decorator.py took 0.071 seconds
[2024-01-05T14:17:57.404+0000] {processor.py:153} INFO - Started process (PID=7284) to work on /home/airflow/.local/lib/python3.7/site-packages/airflow/example_dags/example_sensor_decorator.py
[2024-01-05T14:17:57.408+0000] {processor.py:743} INFO - Processing file /home/airflow/.local/lib/python3.7/site-packages/airflow/example_dags/example_sensor_decorator.py for tasks to queue
[2024-01-05T14:17:57.409+0000] {logging_mixin.py:137} INFO - [2024-01-05T14:17:57.409+0000] {dagbag.py:538} INFO - Filling up the DagBag from /home/airflow/.local/lib/python3.7/site-packages/airflow/example_dags/example_sensor_decorator.py
[2024-01-05T14:17:57.438+0000] {processor.py:753} INFO - DAG(s) dict_keys(['example_sensor_decorator']) retrieved from /home/airflow/.local/lib/python3.7/site-packages/airflow/example_dags/example_sensor_decorator.py
[2024-01-05T14:17:57.480+0000] {logging_mixin.py:137} INFO - [2024-01-05T14:17:57.480+0000] {dag.py:2690} INFO - Sync 1 DAGs
[2024-01-05T14:17:57.506+0000] {logging_mixin.py:137} INFO - [2024-01-05T14:17:57.506+0000] {dag.py:3441} INFO - Setting next_dagrun for example_sensor_decorator to None, run_after=None
[2024-01-05T14:17:57.522+0000] {processor.py:175} INFO - Processing /home/airflow/.local/lib/python3.7/site-packages/airflow/example_dags/example_sensor_decorator.py took 0.123 seconds
[2024-01-05T14:18:28.526+0000] {processor.py:153} INFO - Started process (PID=7358) to work on /home/airflow/.local/lib/python3.7/site-packages/airflow/example_dags/example_sensor_decorator.py
[2024-01-05T14:18:28.530+0000] {processor.py:743} INFO - Processing file /home/airflow/.local/lib/python3.7/site-packages/airflow/example_dags/example_sensor_decorator.py for tasks to queue
[2024-01-05T14:18:28.531+0000] {logging_mixin.py:137} INFO - [2024-01-05T14:18:28.531+0000] {dagbag.py:538} INFO - Filling up the DagBag from /home/airflow/.local/lib/python3.7/site-packages/airflow/example_dags/example_sensor_decorator.py
[2024-01-05T14:18:28.557+0000] {processor.py:753} INFO - DAG(s) dict_keys(['example_sensor_decorator']) retrieved from /home/airflow/.local/lib/python3.7/site-packages/airflow/example_dags/example_sensor_decorator.py
[2024-01-05T14:18:28.579+0000] {logging_mixin.py:137} INFO - [2024-01-05T14:18:28.578+0000] {dag.py:2690} INFO - Sync 1 DAGs
[2024-01-05T14:18:28.597+0000] {logging_mixin.py:137} INFO - [2024-01-05T14:18:28.597+0000] {dag.py:3441} INFO - Setting next_dagrun for example_sensor_decorator to None, run_after=None
[2024-01-05T14:18:28.609+0000] {processor.py:175} INFO - Processing /home/airflow/.local/lib/python3.7/site-packages/airflow/example_dags/example_sensor_decorator.py took 0.091 seconds
[2024-01-05T14:18:59.096+0000] {processor.py:153} INFO - Started process (PID=7433) to work on /home/airflow/.local/lib/python3.7/site-packages/airflow/example_dags/example_sensor_decorator.py
[2024-01-05T14:18:59.098+0000] {processor.py:743} INFO - Processing file /home/airflow/.local/lib/python3.7/site-packages/airflow/example_dags/example_sensor_decorator.py for tasks to queue
[2024-01-05T14:18:59.099+0000] {logging_mixin.py:137} INFO - [2024-01-05T14:18:59.099+0000] {dagbag.py:538} INFO - Filling up the DagBag from /home/airflow/.local/lib/python3.7/site-packages/airflow/example_dags/example_sensor_decorator.py
[2024-01-05T14:18:59.140+0000] {processor.py:753} INFO - DAG(s) dict_keys(['example_sensor_decorator']) retrieved from /home/airflow/.local/lib/python3.7/site-packages/airflow/example_dags/example_sensor_decorator.py
[2024-01-05T14:18:59.173+0000] {logging_mixin.py:137} INFO - [2024-01-05T14:18:59.172+0000] {dag.py:2690} INFO - Sync 1 DAGs
[2024-01-05T14:18:59.201+0000] {logging_mixin.py:137} INFO - [2024-01-05T14:18:59.200+0000] {dag.py:3441} INFO - Setting next_dagrun for example_sensor_decorator to None, run_after=None
[2024-01-05T14:18:59.219+0000] {processor.py:175} INFO - Processing /home/airflow/.local/lib/python3.7/site-packages/airflow/example_dags/example_sensor_decorator.py took 0.129 seconds
[2024-01-05T14:19:30.076+0000] {processor.py:153} INFO - Started process (PID=7496) to work on /home/airflow/.local/lib/python3.7/site-packages/airflow/example_dags/example_sensor_decorator.py
[2024-01-05T14:19:30.080+0000] {processor.py:743} INFO - Processing file /home/airflow/.local/lib/python3.7/site-packages/airflow/example_dags/example_sensor_decorator.py for tasks to queue
[2024-01-05T14:19:30.082+0000] {logging_mixin.py:137} INFO - [2024-01-05T14:19:30.082+0000] {dagbag.py:538} INFO - Filling up the DagBag from /home/airflow/.local/lib/python3.7/site-packages/airflow/example_dags/example_sensor_decorator.py
[2024-01-05T14:19:30.118+0000] {processor.py:753} INFO - DAG(s) dict_keys(['example_sensor_decorator']) retrieved from /home/airflow/.local/lib/python3.7/site-packages/airflow/example_dags/example_sensor_decorator.py
[2024-01-05T14:19:30.148+0000] {logging_mixin.py:137} INFO - [2024-01-05T14:19:30.148+0000] {dag.py:2690} INFO - Sync 1 DAGs
[2024-01-05T14:19:30.169+0000] {logging_mixin.py:137} INFO - [2024-01-05T14:19:30.169+0000] {dag.py:3441} INFO - Setting next_dagrun for example_sensor_decorator to None, run_after=None
[2024-01-05T14:19:30.197+0000] {processor.py:175} INFO - Processing /home/airflow/.local/lib/python3.7/site-packages/airflow/example_dags/example_sensor_decorator.py took 0.125 seconds
[2024-01-05T14:20:00.529+0000] {processor.py:153} INFO - Started process (PID=7570) to work on /home/airflow/.local/lib/python3.7/site-packages/airflow/example_dags/example_sensor_decorator.py
[2024-01-05T14:20:00.530+0000] {processor.py:743} INFO - Processing file /home/airflow/.local/lib/python3.7/site-packages/airflow/example_dags/example_sensor_decorator.py for tasks to queue
[2024-01-05T14:20:00.531+0000] {logging_mixin.py:137} INFO - [2024-01-05T14:20:00.531+0000] {dagbag.py:538} INFO - Filling up the DagBag from /home/airflow/.local/lib/python3.7/site-packages/airflow/example_dags/example_sensor_decorator.py
[2024-01-05T14:20:00.548+0000] {processor.py:753} INFO - DAG(s) dict_keys(['example_sensor_decorator']) retrieved from /home/airflow/.local/lib/python3.7/site-packages/airflow/example_dags/example_sensor_decorator.py
[2024-01-05T14:20:00.567+0000] {logging_mixin.py:137} INFO - [2024-01-05T14:20:00.567+0000] {dag.py:2690} INFO - Sync 1 DAGs
[2024-01-05T14:20:00.583+0000] {logging_mixin.py:137} INFO - [2024-01-05T14:20:00.583+0000] {dag.py:3441} INFO - Setting next_dagrun for example_sensor_decorator to None, run_after=None
[2024-01-05T14:20:00.595+0000] {processor.py:175} INFO - Processing /home/airflow/.local/lib/python3.7/site-packages/airflow/example_dags/example_sensor_decorator.py took 0.070 seconds
[2024-01-05T14:20:31.538+0000] {processor.py:153} INFO - Started process (PID=7640) to work on /home/airflow/.local/lib/python3.7/site-packages/airflow/example_dags/example_sensor_decorator.py
[2024-01-05T14:20:31.541+0000] {processor.py:743} INFO - Processing file /home/airflow/.local/lib/python3.7/site-packages/airflow/example_dags/example_sensor_decorator.py for tasks to queue
[2024-01-05T14:20:31.543+0000] {logging_mixin.py:137} INFO - [2024-01-05T14:20:31.543+0000] {dagbag.py:538} INFO - Filling up the DagBag from /home/airflow/.local/lib/python3.7/site-packages/airflow/example_dags/example_sensor_decorator.py
[2024-01-05T14:20:31.565+0000] {processor.py:753} INFO - DAG(s) dict_keys(['example_sensor_decorator']) retrieved from /home/airflow/.local/lib/python3.7/site-packages/airflow/example_dags/example_sensor_decorator.py
[2024-01-05T14:20:31.608+0000] {logging_mixin.py:137} INFO - [2024-01-05T14:20:31.608+0000] {dag.py:2690} INFO - Sync 1 DAGs
[2024-01-05T14:20:31.637+0000] {logging_mixin.py:137} INFO - [2024-01-05T14:20:31.637+0000] {dag.py:3441} INFO - Setting next_dagrun for example_sensor_decorator to None, run_after=None
[2024-01-05T14:20:31.673+0000] {processor.py:175} INFO - Processing /home/airflow/.local/lib/python3.7/site-packages/airflow/example_dags/example_sensor_decorator.py took 0.139 seconds
[2024-01-05T14:21:02.239+0000] {processor.py:153} INFO - Started process (PID=7708) to work on /home/airflow/.local/lib/python3.7/site-packages/airflow/example_dags/example_sensor_decorator.py
[2024-01-05T14:21:02.241+0000] {processor.py:743} INFO - Processing file /home/airflow/.local/lib/python3.7/site-packages/airflow/example_dags/example_sensor_decorator.py for tasks to queue
[2024-01-05T14:21:02.242+0000] {logging_mixin.py:137} INFO - [2024-01-05T14:21:02.242+0000] {dagbag.py:538} INFO - Filling up the DagBag from /home/airflow/.local/lib/python3.7/site-packages/airflow/example_dags/example_sensor_decorator.py
[2024-01-05T14:21:02.259+0000] {processor.py:753} INFO - DAG(s) dict_keys(['example_sensor_decorator']) retrieved from /home/airflow/.local/lib/python3.7/site-packages/airflow/example_dags/example_sensor_decorator.py
[2024-01-05T14:21:02.282+0000] {logging_mixin.py:137} INFO - [2024-01-05T14:21:02.282+0000] {dag.py:2690} INFO - Sync 1 DAGs
[2024-01-05T14:21:02.303+0000] {logging_mixin.py:137} INFO - [2024-01-05T14:21:02.303+0000] {dag.py:3441} INFO - Setting next_dagrun for example_sensor_decorator to None, run_after=None
[2024-01-05T14:21:02.316+0000] {processor.py:175} INFO - Processing /home/airflow/.local/lib/python3.7/site-packages/airflow/example_dags/example_sensor_decorator.py took 0.081 seconds
[2024-01-05T14:21:32.882+0000] {processor.py:153} INFO - Started process (PID=7784) to work on /home/airflow/.local/lib/python3.7/site-packages/airflow/example_dags/example_sensor_decorator.py
[2024-01-05T14:21:32.883+0000] {processor.py:743} INFO - Processing file /home/airflow/.local/lib/python3.7/site-packages/airflow/example_dags/example_sensor_decorator.py for tasks to queue
[2024-01-05T14:21:32.884+0000] {logging_mixin.py:137} INFO - [2024-01-05T14:21:32.884+0000] {dagbag.py:538} INFO - Filling up the DagBag from /home/airflow/.local/lib/python3.7/site-packages/airflow/example_dags/example_sensor_decorator.py
[2024-01-05T14:21:32.908+0000] {processor.py:753} INFO - DAG(s) dict_keys(['example_sensor_decorator']) retrieved from /home/airflow/.local/lib/python3.7/site-packages/airflow/example_dags/example_sensor_decorator.py
[2024-01-05T14:21:32.928+0000] {logging_mixin.py:137} INFO - [2024-01-05T14:21:32.928+0000] {dag.py:2690} INFO - Sync 1 DAGs
[2024-01-05T14:21:32.948+0000] {logging_mixin.py:137} INFO - [2024-01-05T14:21:32.947+0000] {dag.py:3441} INFO - Setting next_dagrun for example_sensor_decorator to None, run_after=None
[2024-01-05T14:21:32.965+0000] {processor.py:175} INFO - Processing /home/airflow/.local/lib/python3.7/site-packages/airflow/example_dags/example_sensor_decorator.py took 0.087 seconds
[2024-01-05T14:22:03.046+0000] {processor.py:153} INFO - Started process (PID=7847) to work on /home/airflow/.local/lib/python3.7/site-packages/airflow/example_dags/example_sensor_decorator.py
[2024-01-05T14:22:03.047+0000] {processor.py:743} INFO - Processing file /home/airflow/.local/lib/python3.7/site-packages/airflow/example_dags/example_sensor_decorator.py for tasks to queue
[2024-01-05T14:22:03.047+0000] {logging_mixin.py:137} INFO - [2024-01-05T14:22:03.047+0000] {dagbag.py:538} INFO - Filling up the DagBag from /home/airflow/.local/lib/python3.7/site-packages/airflow/example_dags/example_sensor_decorator.py
[2024-01-05T14:22:03.063+0000] {processor.py:753} INFO - DAG(s) dict_keys(['example_sensor_decorator']) retrieved from /home/airflow/.local/lib/python3.7/site-packages/airflow/example_dags/example_sensor_decorator.py
[2024-01-05T14:22:03.085+0000] {logging_mixin.py:137} INFO - [2024-01-05T14:22:03.084+0000] {dag.py:2690} INFO - Sync 1 DAGs
[2024-01-05T14:22:03.102+0000] {logging_mixin.py:137} INFO - [2024-01-05T14:22:03.102+0000] {dag.py:3441} INFO - Setting next_dagrun for example_sensor_decorator to None, run_after=None
[2024-01-05T14:22:03.114+0000] {processor.py:175} INFO - Processing /home/airflow/.local/lib/python3.7/site-packages/airflow/example_dags/example_sensor_decorator.py took 0.071 seconds
[2024-01-05T14:22:33.831+0000] {processor.py:153} INFO - Started process (PID=7923) to work on /home/airflow/.local/lib/python3.7/site-packages/airflow/example_dags/example_sensor_decorator.py
[2024-01-05T14:22:33.833+0000] {processor.py:743} INFO - Processing file /home/airflow/.local/lib/python3.7/site-packages/airflow/example_dags/example_sensor_decorator.py for tasks to queue
[2024-01-05T14:22:33.833+0000] {logging_mixin.py:137} INFO - [2024-01-05T14:22:33.833+0000] {dagbag.py:538} INFO - Filling up the DagBag from /home/airflow/.local/lib/python3.7/site-packages/airflow/example_dags/example_sensor_decorator.py
[2024-01-05T14:22:33.848+0000] {processor.py:753} INFO - DAG(s) dict_keys(['example_sensor_decorator']) retrieved from /home/airflow/.local/lib/python3.7/site-packages/airflow/example_dags/example_sensor_decorator.py
[2024-01-05T14:22:33.867+0000] {logging_mixin.py:137} INFO - [2024-01-05T14:22:33.867+0000] {dag.py:2690} INFO - Sync 1 DAGs
[2024-01-05T14:22:33.882+0000] {logging_mixin.py:137} INFO - [2024-01-05T14:22:33.882+0000] {dag.py:3441} INFO - Setting next_dagrun for example_sensor_decorator to None, run_after=None
[2024-01-05T14:22:33.895+0000] {processor.py:175} INFO - Processing /home/airflow/.local/lib/python3.7/site-packages/airflow/example_dags/example_sensor_decorator.py took 0.067 seconds
[2024-01-05T14:23:04.775+0000] {processor.py:153} INFO - Started process (PID=7986) to work on /home/airflow/.local/lib/python3.7/site-packages/airflow/example_dags/example_sensor_decorator.py
[2024-01-05T14:23:04.777+0000] {processor.py:743} INFO - Processing file /home/airflow/.local/lib/python3.7/site-packages/airflow/example_dags/example_sensor_decorator.py for tasks to queue
[2024-01-05T14:23:04.778+0000] {logging_mixin.py:137} INFO - [2024-01-05T14:23:04.778+0000] {dagbag.py:538} INFO - Filling up the DagBag from /home/airflow/.local/lib/python3.7/site-packages/airflow/example_dags/example_sensor_decorator.py
[2024-01-05T14:23:04.794+0000] {processor.py:753} INFO - DAG(s) dict_keys(['example_sensor_decorator']) retrieved from /home/airflow/.local/lib/python3.7/site-packages/airflow/example_dags/example_sensor_decorator.py
[2024-01-05T14:23:04.814+0000] {logging_mixin.py:137} INFO - [2024-01-05T14:23:04.814+0000] {dag.py:2690} INFO - Sync 1 DAGs
[2024-01-05T14:23:04.834+0000] {logging_mixin.py:137} INFO - [2024-01-05T14:23:04.834+0000] {dag.py:3441} INFO - Setting next_dagrun for example_sensor_decorator to None, run_after=None
[2024-01-05T14:23:04.847+0000] {processor.py:175} INFO - Processing /home/airflow/.local/lib/python3.7/site-packages/airflow/example_dags/example_sensor_decorator.py took 0.075 seconds
[2024-01-05T14:23:35.347+0000] {processor.py:153} INFO - Started process (PID=8061) to work on /home/airflow/.local/lib/python3.7/site-packages/airflow/example_dags/example_sensor_decorator.py
[2024-01-05T14:23:35.348+0000] {processor.py:743} INFO - Processing file /home/airflow/.local/lib/python3.7/site-packages/airflow/example_dags/example_sensor_decorator.py for tasks to queue
[2024-01-05T14:23:35.349+0000] {logging_mixin.py:137} INFO - [2024-01-05T14:23:35.349+0000] {dagbag.py:538} INFO - Filling up the DagBag from /home/airflow/.local/lib/python3.7/site-packages/airflow/example_dags/example_sensor_decorator.py
[2024-01-05T14:23:35.366+0000] {processor.py:753} INFO - DAG(s) dict_keys(['example_sensor_decorator']) retrieved from /home/airflow/.local/lib/python3.7/site-packages/airflow/example_dags/example_sensor_decorator.py
[2024-01-05T14:23:35.387+0000] {logging_mixin.py:137} INFO - [2024-01-05T14:23:35.387+0000] {dag.py:2690} INFO - Sync 1 DAGs
[2024-01-05T14:23:35.405+0000] {logging_mixin.py:137} INFO - [2024-01-05T14:23:35.404+0000] {dag.py:3441} INFO - Setting next_dagrun for example_sensor_decorator to None, run_after=None
[2024-01-05T14:23:35.419+0000] {processor.py:175} INFO - Processing /home/airflow/.local/lib/python3.7/site-packages/airflow/example_dags/example_sensor_decorator.py took 0.075 seconds
[2024-01-05T14:24:06.130+0000] {processor.py:153} INFO - Started process (PID=8124) to work on /home/airflow/.local/lib/python3.7/site-packages/airflow/example_dags/example_sensor_decorator.py
[2024-01-05T14:24:06.131+0000] {processor.py:743} INFO - Processing file /home/airflow/.local/lib/python3.7/site-packages/airflow/example_dags/example_sensor_decorator.py for tasks to queue
[2024-01-05T14:24:06.132+0000] {logging_mixin.py:137} INFO - [2024-01-05T14:24:06.132+0000] {dagbag.py:538} INFO - Filling up the DagBag from /home/airflow/.local/lib/python3.7/site-packages/airflow/example_dags/example_sensor_decorator.py
[2024-01-05T14:24:06.146+0000] {processor.py:753} INFO - DAG(s) dict_keys(['example_sensor_decorator']) retrieved from /home/airflow/.local/lib/python3.7/site-packages/airflow/example_dags/example_sensor_decorator.py
[2024-01-05T14:24:06.165+0000] {logging_mixin.py:137} INFO - [2024-01-05T14:24:06.165+0000] {dag.py:2690} INFO - Sync 1 DAGs
[2024-01-05T14:24:06.181+0000] {logging_mixin.py:137} INFO - [2024-01-05T14:24:06.181+0000] {dag.py:3441} INFO - Setting next_dagrun for example_sensor_decorator to None, run_after=None
[2024-01-05T14:24:06.193+0000] {processor.py:175} INFO - Processing /home/airflow/.local/lib/python3.7/site-packages/airflow/example_dags/example_sensor_decorator.py took 0.065 seconds
[2024-01-05T14:24:36.914+0000] {processor.py:153} INFO - Started process (PID=8200) to work on /home/airflow/.local/lib/python3.7/site-packages/airflow/example_dags/example_sensor_decorator.py
[2024-01-05T14:24:36.915+0000] {processor.py:743} INFO - Processing file /home/airflow/.local/lib/python3.7/site-packages/airflow/example_dags/example_sensor_decorator.py for tasks to queue
[2024-01-05T14:24:36.916+0000] {logging_mixin.py:137} INFO - [2024-01-05T14:24:36.916+0000] {dagbag.py:538} INFO - Filling up the DagBag from /home/airflow/.local/lib/python3.7/site-packages/airflow/example_dags/example_sensor_decorator.py
[2024-01-05T14:24:36.933+0000] {processor.py:753} INFO - DAG(s) dict_keys(['example_sensor_decorator']) retrieved from /home/airflow/.local/lib/python3.7/site-packages/airflow/example_dags/example_sensor_decorator.py
[2024-01-05T14:24:36.953+0000] {logging_mixin.py:137} INFO - [2024-01-05T14:24:36.953+0000] {dag.py:2690} INFO - Sync 1 DAGs
[2024-01-05T14:24:36.973+0000] {logging_mixin.py:137} INFO - [2024-01-05T14:24:36.973+0000] {dag.py:3441} INFO - Setting next_dagrun for example_sensor_decorator to None, run_after=None
[2024-01-05T14:24:37.006+0000] {processor.py:175} INFO - Processing /home/airflow/.local/lib/python3.7/site-packages/airflow/example_dags/example_sensor_decorator.py took 0.094 seconds
[2024-01-05T14:25:07.578+0000] {processor.py:153} INFO - Started process (PID=8263) to work on /home/airflow/.local/lib/python3.7/site-packages/airflow/example_dags/example_sensor_decorator.py
[2024-01-05T14:25:07.580+0000] {processor.py:743} INFO - Processing file /home/airflow/.local/lib/python3.7/site-packages/airflow/example_dags/example_sensor_decorator.py for tasks to queue
[2024-01-05T14:25:07.580+0000] {logging_mixin.py:137} INFO - [2024-01-05T14:25:07.580+0000] {dagbag.py:538} INFO - Filling up the DagBag from /home/airflow/.local/lib/python3.7/site-packages/airflow/example_dags/example_sensor_decorator.py
[2024-01-05T14:25:07.595+0000] {processor.py:753} INFO - DAG(s) dict_keys(['example_sensor_decorator']) retrieved from /home/airflow/.local/lib/python3.7/site-packages/airflow/example_dags/example_sensor_decorator.py
[2024-01-05T14:25:07.614+0000] {logging_mixin.py:137} INFO - [2024-01-05T14:25:07.614+0000] {dag.py:2690} INFO - Sync 1 DAGs
[2024-01-05T14:25:07.629+0000] {logging_mixin.py:137} INFO - [2024-01-05T14:25:07.629+0000] {dag.py:3441} INFO - Setting next_dagrun for example_sensor_decorator to None, run_after=None
[2024-01-05T14:25:07.642+0000] {processor.py:175} INFO - Processing /home/airflow/.local/lib/python3.7/site-packages/airflow/example_dags/example_sensor_decorator.py took 0.066 seconds
[2024-01-05T14:25:38.074+0000] {processor.py:153} INFO - Started process (PID=8339) to work on /home/airflow/.local/lib/python3.7/site-packages/airflow/example_dags/example_sensor_decorator.py
[2024-01-05T14:25:38.075+0000] {processor.py:743} INFO - Processing file /home/airflow/.local/lib/python3.7/site-packages/airflow/example_dags/example_sensor_decorator.py for tasks to queue
[2024-01-05T14:25:38.076+0000] {logging_mixin.py:137} INFO - [2024-01-05T14:25:38.076+0000] {dagbag.py:538} INFO - Filling up the DagBag from /home/airflow/.local/lib/python3.7/site-packages/airflow/example_dags/example_sensor_decorator.py
[2024-01-05T14:25:38.096+0000] {processor.py:753} INFO - DAG(s) dict_keys(['example_sensor_decorator']) retrieved from /home/airflow/.local/lib/python3.7/site-packages/airflow/example_dags/example_sensor_decorator.py
[2024-01-05T14:25:38.119+0000] {logging_mixin.py:137} INFO - [2024-01-05T14:25:38.119+0000] {dag.py:2690} INFO - Sync 1 DAGs
[2024-01-05T14:25:38.136+0000] {logging_mixin.py:137} INFO - [2024-01-05T14:25:38.136+0000] {dag.py:3441} INFO - Setting next_dagrun for example_sensor_decorator to None, run_after=None
[2024-01-05T14:25:38.147+0000] {processor.py:175} INFO - Processing /home/airflow/.local/lib/python3.7/site-packages/airflow/example_dags/example_sensor_decorator.py took 0.076 seconds
[2024-01-05T14:26:09.150+0000] {processor.py:153} INFO - Started process (PID=8411) to work on /home/airflow/.local/lib/python3.7/site-packages/airflow/example_dags/example_sensor_decorator.py
[2024-01-05T14:26:09.152+0000] {processor.py:743} INFO - Processing file /home/airflow/.local/lib/python3.7/site-packages/airflow/example_dags/example_sensor_decorator.py for tasks to queue
[2024-01-05T14:26:09.153+0000] {logging_mixin.py:137} INFO - [2024-01-05T14:26:09.153+0000] {dagbag.py:538} INFO - Filling up the DagBag from /home/airflow/.local/lib/python3.7/site-packages/airflow/example_dags/example_sensor_decorator.py
[2024-01-05T14:26:09.169+0000] {processor.py:753} INFO - DAG(s) dict_keys(['example_sensor_decorator']) retrieved from /home/airflow/.local/lib/python3.7/site-packages/airflow/example_dags/example_sensor_decorator.py
[2024-01-05T14:26:09.191+0000] {logging_mixin.py:137} INFO - [2024-01-05T14:26:09.190+0000] {dag.py:2690} INFO - Sync 1 DAGs
[2024-01-05T14:26:09.221+0000] {logging_mixin.py:137} INFO - [2024-01-05T14:26:09.221+0000] {dag.py:3441} INFO - Setting next_dagrun for example_sensor_decorator to None, run_after=None
[2024-01-05T14:26:09.252+0000] {processor.py:175} INFO - Processing /home/airflow/.local/lib/python3.7/site-packages/airflow/example_dags/example_sensor_decorator.py took 0.105 seconds
[2024-01-05T14:26:39.351+0000] {processor.py:153} INFO - Started process (PID=8477) to work on /home/airflow/.local/lib/python3.7/site-packages/airflow/example_dags/example_sensor_decorator.py
[2024-01-05T14:26:39.352+0000] {processor.py:743} INFO - Processing file /home/airflow/.local/lib/python3.7/site-packages/airflow/example_dags/example_sensor_decorator.py for tasks to queue
[2024-01-05T14:26:39.353+0000] {logging_mixin.py:137} INFO - [2024-01-05T14:26:39.353+0000] {dagbag.py:538} INFO - Filling up the DagBag from /home/airflow/.local/lib/python3.7/site-packages/airflow/example_dags/example_sensor_decorator.py
[2024-01-05T14:26:39.368+0000] {processor.py:753} INFO - DAG(s) dict_keys(['example_sensor_decorator']) retrieved from /home/airflow/.local/lib/python3.7/site-packages/airflow/example_dags/example_sensor_decorator.py
[2024-01-05T14:26:39.389+0000] {logging_mixin.py:137} INFO - [2024-01-05T14:26:39.389+0000] {dag.py:2690} INFO - Sync 1 DAGs
[2024-01-05T14:26:39.406+0000] {logging_mixin.py:137} INFO - [2024-01-05T14:26:39.406+0000] {dag.py:3441} INFO - Setting next_dagrun for example_sensor_decorator to None, run_after=None
[2024-01-05T14:26:39.418+0000] {processor.py:175} INFO - Processing /home/airflow/.local/lib/python3.7/site-packages/airflow/example_dags/example_sensor_decorator.py took 0.071 seconds
