[2024-01-05T01:20:57.563+0000] {processor.py:153} INFO - Started process (PID=4350) to work on /home/airflow/.local/lib/python3.7/site-packages/airflow/example_dags/example_xcom.py
[2024-01-05T01:20:57.564+0000] {processor.py:743} INFO - Processing file /home/airflow/.local/lib/python3.7/site-packages/airflow/example_dags/example_xcom.py for tasks to queue
[2024-01-05T01:20:57.575+0000] {logging_mixin.py:137} INFO - [2024-01-05T01:20:57.575+0000] {dagbag.py:538} INFO - Filling up the DagBag from /home/airflow/.local/lib/python3.7/site-packages/airflow/example_dags/example_xcom.py
[2024-01-05T01:20:57.601+0000] {processor.py:753} INFO - DAG(s) dict_keys(['example_xcom']) retrieved from /home/airflow/.local/lib/python3.7/site-packages/airflow/example_dags/example_xcom.py
[2024-01-05T01:20:57.643+0000] {logging_mixin.py:137} INFO - [2024-01-05T01:20:57.643+0000] {dag.py:2690} INFO - Sync 1 DAGs
[2024-01-05T01:20:57.674+0000] {logging_mixin.py:137} INFO - [2024-01-05T01:20:57.674+0000] {dag.py:3441} INFO - Setting next_dagrun for example_xcom to 2021-01-01T00:00:00+00:00, run_after=2021-01-01T00:00:00+00:00
[2024-01-05T01:20:57.693+0000] {processor.py:175} INFO - Processing /home/airflow/.local/lib/python3.7/site-packages/airflow/example_dags/example_xcom.py took 0.134 seconds
[2024-01-05T02:31:19.123+0000] {processor.py:153} INFO - Started process (PID=4413) to work on /home/airflow/.local/lib/python3.7/site-packages/airflow/example_dags/example_xcom.py
[2024-01-05T02:31:19.125+0000] {processor.py:743} INFO - Processing file /home/airflow/.local/lib/python3.7/site-packages/airflow/example_dags/example_xcom.py for tasks to queue
[2024-01-05T02:31:19.127+0000] {logging_mixin.py:137} INFO - [2024-01-05T02:31:19.127+0000] {dagbag.py:538} INFO - Filling up the DagBag from /home/airflow/.local/lib/python3.7/site-packages/airflow/example_dags/example_xcom.py
[2024-01-05T02:31:19.149+0000] {processor.py:753} INFO - DAG(s) dict_keys(['example_xcom']) retrieved from /home/airflow/.local/lib/python3.7/site-packages/airflow/example_dags/example_xcom.py
[2024-01-05T02:31:19.184+0000] {logging_mixin.py:137} INFO - [2024-01-05T02:31:19.184+0000] {dag.py:2690} INFO - Sync 1 DAGs
[2024-01-05T02:31:19.202+0000] {logging_mixin.py:137} INFO - [2024-01-05T02:31:19.202+0000] {dag.py:3441} INFO - Setting next_dagrun for example_xcom to 2021-01-01T00:00:00+00:00, run_after=2021-01-01T00:00:00+00:00
[2024-01-05T02:31:19.222+0000] {processor.py:175} INFO - Processing /home/airflow/.local/lib/python3.7/site-packages/airflow/example_dags/example_xcom.py took 0.105 seconds
[2024-01-05T03:42:27.968+0000] {processor.py:153} INFO - Started process (PID=4476) to work on /home/airflow/.local/lib/python3.7/site-packages/airflow/example_dags/example_xcom.py
[2024-01-05T03:42:27.969+0000] {processor.py:743} INFO - Processing file /home/airflow/.local/lib/python3.7/site-packages/airflow/example_dags/example_xcom.py for tasks to queue
[2024-01-05T03:42:27.970+0000] {logging_mixin.py:137} INFO - [2024-01-05T03:42:27.970+0000] {dagbag.py:538} INFO - Filling up the DagBag from /home/airflow/.local/lib/python3.7/site-packages/airflow/example_dags/example_xcom.py
[2024-01-05T03:42:27.988+0000] {processor.py:753} INFO - DAG(s) dict_keys(['example_xcom']) retrieved from /home/airflow/.local/lib/python3.7/site-packages/airflow/example_dags/example_xcom.py
[2024-01-05T03:42:28.009+0000] {logging_mixin.py:137} INFO - [2024-01-05T03:42:28.009+0000] {dag.py:2690} INFO - Sync 1 DAGs
[2024-01-05T03:42:28.025+0000] {logging_mixin.py:137} INFO - [2024-01-05T03:42:28.025+0000] {dag.py:3441} INFO - Setting next_dagrun for example_xcom to 2021-01-01T00:00:00+00:00, run_after=2021-01-01T00:00:00+00:00
[2024-01-05T03:42:28.035+0000] {processor.py:175} INFO - Processing /home/airflow/.local/lib/python3.7/site-packages/airflow/example_dags/example_xcom.py took 0.070 seconds
[2024-01-05T05:03:27.995+0000] {processor.py:153} INFO - Started process (PID=4551) to work on /home/airflow/.local/lib/python3.7/site-packages/airflow/example_dags/example_xcom.py
[2024-01-05T05:03:27.996+0000] {processor.py:743} INFO - Processing file /home/airflow/.local/lib/python3.7/site-packages/airflow/example_dags/example_xcom.py for tasks to queue
[2024-01-05T05:03:27.997+0000] {logging_mixin.py:137} INFO - [2024-01-05T05:03:27.997+0000] {dagbag.py:538} INFO - Filling up the DagBag from /home/airflow/.local/lib/python3.7/site-packages/airflow/example_dags/example_xcom.py
[2024-01-05T05:03:28.014+0000] {processor.py:753} INFO - DAG(s) dict_keys(['example_xcom']) retrieved from /home/airflow/.local/lib/python3.7/site-packages/airflow/example_dags/example_xcom.py
[2024-01-05T05:03:28.038+0000] {logging_mixin.py:137} INFO - [2024-01-05T05:03:28.038+0000] {dag.py:2690} INFO - Sync 1 DAGs
[2024-01-05T05:03:28.056+0000] {logging_mixin.py:137} INFO - [2024-01-05T05:03:28.056+0000] {dag.py:3441} INFO - Setting next_dagrun for example_xcom to 2021-01-01T00:00:00+00:00, run_after=2021-01-01T00:00:00+00:00
[2024-01-05T05:03:28.068+0000] {processor.py:175} INFO - Processing /home/airflow/.local/lib/python3.7/site-packages/airflow/example_dags/example_xcom.py took 0.076 seconds
[2024-01-05T06:28:03.641+0000] {processor.py:153} INFO - Started process (PID=4613) to work on /home/airflow/.local/lib/python3.7/site-packages/airflow/example_dags/example_xcom.py
[2024-01-05T06:28:03.642+0000] {processor.py:743} INFO - Processing file /home/airflow/.local/lib/python3.7/site-packages/airflow/example_dags/example_xcom.py for tasks to queue
[2024-01-05T06:28:03.643+0000] {logging_mixin.py:137} INFO - [2024-01-05T06:28:03.643+0000] {dagbag.py:538} INFO - Filling up the DagBag from /home/airflow/.local/lib/python3.7/site-packages/airflow/example_dags/example_xcom.py
[2024-01-05T06:28:03.658+0000] {processor.py:753} INFO - DAG(s) dict_keys(['example_xcom']) retrieved from /home/airflow/.local/lib/python3.7/site-packages/airflow/example_dags/example_xcom.py
[2024-01-05T06:28:03.679+0000] {logging_mixin.py:137} INFO - [2024-01-05T06:28:03.679+0000] {dag.py:2690} INFO - Sync 1 DAGs
[2024-01-05T06:28:03.696+0000] {logging_mixin.py:137} INFO - [2024-01-05T06:28:03.695+0000] {dag.py:3441} INFO - Setting next_dagrun for example_xcom to 2021-01-01T00:00:00+00:00, run_after=2021-01-01T00:00:00+00:00
[2024-01-05T06:28:03.706+0000] {processor.py:175} INFO - Processing /home/airflow/.local/lib/python3.7/site-packages/airflow/example_dags/example_xcom.py took 0.068 seconds
[2024-01-05T07:47:06.705+0000] {processor.py:153} INFO - Started process (PID=4685) to work on /home/airflow/.local/lib/python3.7/site-packages/airflow/example_dags/example_xcom.py
[2024-01-05T07:47:06.707+0000] {processor.py:743} INFO - Processing file /home/airflow/.local/lib/python3.7/site-packages/airflow/example_dags/example_xcom.py for tasks to queue
[2024-01-05T07:47:06.708+0000] {logging_mixin.py:137} INFO - [2024-01-05T07:47:06.708+0000] {dagbag.py:538} INFO - Filling up the DagBag from /home/airflow/.local/lib/python3.7/site-packages/airflow/example_dags/example_xcom.py
[2024-01-05T07:47:06.737+0000] {processor.py:753} INFO - DAG(s) dict_keys(['example_xcom']) retrieved from /home/airflow/.local/lib/python3.7/site-packages/airflow/example_dags/example_xcom.py
[2024-01-05T07:47:06.770+0000] {logging_mixin.py:137} INFO - [2024-01-05T07:47:06.770+0000] {dag.py:2690} INFO - Sync 1 DAGs
[2024-01-05T07:47:06.811+0000] {logging_mixin.py:137} INFO - [2024-01-05T07:47:06.811+0000] {dag.py:3441} INFO - Setting next_dagrun for example_xcom to 2021-01-01T00:00:00+00:00, run_after=2021-01-01T00:00:00+00:00
[2024-01-05T07:47:06.831+0000] {processor.py:175} INFO - Processing /home/airflow/.local/lib/python3.7/site-packages/airflow/example_dags/example_xcom.py took 0.132 seconds
[2024-01-05T09:24:48.501+0000] {processor.py:153} INFO - Started process (PID=4750) to work on /home/airflow/.local/lib/python3.7/site-packages/airflow/example_dags/example_xcom.py
[2024-01-05T09:24:48.503+0000] {processor.py:743} INFO - Processing file /home/airflow/.local/lib/python3.7/site-packages/airflow/example_dags/example_xcom.py for tasks to queue
[2024-01-05T09:24:48.506+0000] {logging_mixin.py:137} INFO - [2024-01-05T09:24:48.506+0000] {dagbag.py:538} INFO - Filling up the DagBag from /home/airflow/.local/lib/python3.7/site-packages/airflow/example_dags/example_xcom.py
[2024-01-05T09:24:48.526+0000] {processor.py:753} INFO - DAG(s) dict_keys(['example_xcom']) retrieved from /home/airflow/.local/lib/python3.7/site-packages/airflow/example_dags/example_xcom.py
[2024-01-05T09:24:48.554+0000] {logging_mixin.py:137} INFO - [2024-01-05T09:24:48.553+0000] {dag.py:2690} INFO - Sync 1 DAGs
[2024-01-05T09:24:48.574+0000] {logging_mixin.py:137} INFO - [2024-01-05T09:24:48.574+0000] {dag.py:3441} INFO - Setting next_dagrun for example_xcom to 2021-01-01T00:00:00+00:00, run_after=2021-01-01T00:00:00+00:00
[2024-01-05T09:24:48.588+0000] {processor.py:175} INFO - Processing /home/airflow/.local/lib/python3.7/site-packages/airflow/example_dags/example_xcom.py took 0.090 seconds
[2024-01-05T10:32:48.661+0000] {processor.py:153} INFO - Started process (PID=4813) to work on /home/airflow/.local/lib/python3.7/site-packages/airflow/example_dags/example_xcom.py
[2024-01-05T10:32:48.662+0000] {processor.py:743} INFO - Processing file /home/airflow/.local/lib/python3.7/site-packages/airflow/example_dags/example_xcom.py for tasks to queue
[2024-01-05T10:32:48.663+0000] {logging_mixin.py:137} INFO - [2024-01-05T10:32:48.663+0000] {dagbag.py:538} INFO - Filling up the DagBag from /home/airflow/.local/lib/python3.7/site-packages/airflow/example_dags/example_xcom.py
[2024-01-05T10:32:48.687+0000] {processor.py:753} INFO - DAG(s) dict_keys(['example_xcom']) retrieved from /home/airflow/.local/lib/python3.7/site-packages/airflow/example_dags/example_xcom.py
[2024-01-05T10:32:48.712+0000] {logging_mixin.py:137} INFO - [2024-01-05T10:32:48.712+0000] {dag.py:2690} INFO - Sync 1 DAGs
[2024-01-05T10:32:48.728+0000] {logging_mixin.py:137} INFO - [2024-01-05T10:32:48.728+0000] {dag.py:3441} INFO - Setting next_dagrun for example_xcom to 2021-01-01T00:00:00+00:00, run_after=2021-01-01T00:00:00+00:00
[2024-01-05T10:32:48.742+0000] {processor.py:175} INFO - Processing /home/airflow/.local/lib/python3.7/site-packages/airflow/example_dags/example_xcom.py took 0.083 seconds
[2024-01-05T11:33:47.643+0000] {processor.py:153} INFO - Started process (PID=4888) to work on /home/airflow/.local/lib/python3.7/site-packages/airflow/example_dags/example_xcom.py
[2024-01-05T11:33:47.644+0000] {processor.py:743} INFO - Processing file /home/airflow/.local/lib/python3.7/site-packages/airflow/example_dags/example_xcom.py for tasks to queue
[2024-01-05T11:33:47.645+0000] {logging_mixin.py:137} INFO - [2024-01-05T11:33:47.645+0000] {dagbag.py:538} INFO - Filling up the DagBag from /home/airflow/.local/lib/python3.7/site-packages/airflow/example_dags/example_xcom.py
[2024-01-05T11:33:47.662+0000] {processor.py:753} INFO - DAG(s) dict_keys(['example_xcom']) retrieved from /home/airflow/.local/lib/python3.7/site-packages/airflow/example_dags/example_xcom.py
[2024-01-05T11:33:47.682+0000] {logging_mixin.py:137} INFO - [2024-01-05T11:33:47.682+0000] {dag.py:2690} INFO - Sync 1 DAGs
[2024-01-05T11:33:47.698+0000] {logging_mixin.py:137} INFO - [2024-01-05T11:33:47.698+0000] {dag.py:3441} INFO - Setting next_dagrun for example_xcom to 2021-01-01T00:00:00+00:00, run_after=2021-01-01T00:00:00+00:00
[2024-01-05T11:33:47.711+0000] {processor.py:175} INFO - Processing /home/airflow/.local/lib/python3.7/site-packages/airflow/example_dags/example_xcom.py took 0.071 seconds
[2024-01-05T12:52:20.246+0000] {processor.py:153} INFO - Started process (PID=4951) to work on /home/airflow/.local/lib/python3.7/site-packages/airflow/example_dags/example_xcom.py
[2024-01-05T12:52:20.248+0000] {processor.py:743} INFO - Processing file /home/airflow/.local/lib/python3.7/site-packages/airflow/example_dags/example_xcom.py for tasks to queue
[2024-01-05T12:52:20.249+0000] {logging_mixin.py:137} INFO - [2024-01-05T12:52:20.249+0000] {dagbag.py:538} INFO - Filling up the DagBag from /home/airflow/.local/lib/python3.7/site-packages/airflow/example_dags/example_xcom.py
[2024-01-05T12:52:20.270+0000] {processor.py:753} INFO - DAG(s) dict_keys(['example_xcom']) retrieved from /home/airflow/.local/lib/python3.7/site-packages/airflow/example_dags/example_xcom.py
[2024-01-05T12:52:20.334+0000] {logging_mixin.py:137} INFO - [2024-01-05T12:52:20.334+0000] {dag.py:2690} INFO - Sync 1 DAGs
[2024-01-05T12:52:20.368+0000] {logging_mixin.py:137} INFO - [2024-01-05T12:52:20.368+0000] {dag.py:3441} INFO - Setting next_dagrun for example_xcom to 2021-01-01T00:00:00+00:00, run_after=2021-01-01T00:00:00+00:00
[2024-01-05T12:52:20.405+0000] {processor.py:175} INFO - Processing /home/airflow/.local/lib/python3.7/site-packages/airflow/example_dags/example_xcom.py took 0.162 seconds
[2024-01-05T14:01:06.929+0000] {processor.py:153} INFO - Started process (PID=5025) to work on /home/airflow/.local/lib/python3.7/site-packages/airflow/example_dags/example_xcom.py
[2024-01-05T14:01:06.930+0000] {processor.py:743} INFO - Processing file /home/airflow/.local/lib/python3.7/site-packages/airflow/example_dags/example_xcom.py for tasks to queue
[2024-01-05T14:01:06.931+0000] {logging_mixin.py:137} INFO - [2024-01-05T14:01:06.931+0000] {dagbag.py:538} INFO - Filling up the DagBag from /home/airflow/.local/lib/python3.7/site-packages/airflow/example_dags/example_xcom.py
[2024-01-05T14:01:06.948+0000] {processor.py:753} INFO - DAG(s) dict_keys(['example_xcom']) retrieved from /home/airflow/.local/lib/python3.7/site-packages/airflow/example_dags/example_xcom.py
[2024-01-05T14:01:06.969+0000] {logging_mixin.py:137} INFO - [2024-01-05T14:01:06.969+0000] {dag.py:2690} INFO - Sync 1 DAGs
[2024-01-05T14:01:06.988+0000] {logging_mixin.py:137} INFO - [2024-01-05T14:01:06.988+0000] {dag.py:3441} INFO - Setting next_dagrun for example_xcom to 2021-01-01T00:00:00+00:00, run_after=2021-01-01T00:00:00+00:00
[2024-01-05T14:01:07.001+0000] {processor.py:175} INFO - Processing /home/airflow/.local/lib/python3.7/site-packages/airflow/example_dags/example_xcom.py took 0.075 seconds
[2024-01-05T14:01:37.290+0000] {processor.py:153} INFO - Started process (PID=5089) to work on /home/airflow/.local/lib/python3.7/site-packages/airflow/example_dags/example_xcom.py
[2024-01-05T14:01:37.292+0000] {processor.py:743} INFO - Processing file /home/airflow/.local/lib/python3.7/site-packages/airflow/example_dags/example_xcom.py for tasks to queue
[2024-01-05T14:01:37.293+0000] {logging_mixin.py:137} INFO - [2024-01-05T14:01:37.293+0000] {dagbag.py:538} INFO - Filling up the DagBag from /home/airflow/.local/lib/python3.7/site-packages/airflow/example_dags/example_xcom.py
[2024-01-05T14:01:37.313+0000] {processor.py:753} INFO - DAG(s) dict_keys(['example_xcom']) retrieved from /home/airflow/.local/lib/python3.7/site-packages/airflow/example_dags/example_xcom.py
[2024-01-05T14:01:37.336+0000] {logging_mixin.py:137} INFO - [2024-01-05T14:01:37.336+0000] {dag.py:2690} INFO - Sync 1 DAGs
[2024-01-05T14:01:37.354+0000] {logging_mixin.py:137} INFO - [2024-01-05T14:01:37.354+0000] {dag.py:3441} INFO - Setting next_dagrun for example_xcom to 2021-01-01T00:00:00+00:00, run_after=2021-01-01T00:00:00+00:00
[2024-01-05T14:01:37.367+0000] {processor.py:175} INFO - Processing /home/airflow/.local/lib/python3.7/site-packages/airflow/example_dags/example_xcom.py took 0.079 seconds
[2024-01-05T14:02:09.122+0000] {processor.py:153} INFO - Started process (PID=5165) to work on /home/airflow/.local/lib/python3.7/site-packages/airflow/example_dags/example_xcom.py
[2024-01-05T14:02:09.129+0000] {processor.py:743} INFO - Processing file /home/airflow/.local/lib/python3.7/site-packages/airflow/example_dags/example_xcom.py for tasks to queue
[2024-01-05T14:02:09.130+0000] {logging_mixin.py:137} INFO - [2024-01-05T14:02:09.130+0000] {dagbag.py:538} INFO - Filling up the DagBag from /home/airflow/.local/lib/python3.7/site-packages/airflow/example_dags/example_xcom.py
[2024-01-05T14:02:09.204+0000] {processor.py:753} INFO - DAG(s) dict_keys(['example_xcom']) retrieved from /home/airflow/.local/lib/python3.7/site-packages/airflow/example_dags/example_xcom.py
[2024-01-05T14:02:09.289+0000] {logging_mixin.py:137} INFO - [2024-01-05T14:02:09.288+0000] {dag.py:2690} INFO - Sync 1 DAGs
[2024-01-05T14:02:09.354+0000] {logging_mixin.py:137} INFO - [2024-01-05T14:02:09.354+0000] {dag.py:3441} INFO - Setting next_dagrun for example_xcom to 2021-01-01T00:00:00+00:00, run_after=2021-01-01T00:00:00+00:00
[2024-01-05T14:02:09.385+0000] {processor.py:175} INFO - Processing /home/airflow/.local/lib/python3.7/site-packages/airflow/example_dags/example_xcom.py took 0.270 seconds
[2024-01-05T14:02:39.886+0000] {processor.py:153} INFO - Started process (PID=5228) to work on /home/airflow/.local/lib/python3.7/site-packages/airflow/example_dags/example_xcom.py
[2024-01-05T14:02:39.887+0000] {processor.py:743} INFO - Processing file /home/airflow/.local/lib/python3.7/site-packages/airflow/example_dags/example_xcom.py for tasks to queue
[2024-01-05T14:02:39.888+0000] {logging_mixin.py:137} INFO - [2024-01-05T14:02:39.888+0000] {dagbag.py:538} INFO - Filling up the DagBag from /home/airflow/.local/lib/python3.7/site-packages/airflow/example_dags/example_xcom.py
[2024-01-05T14:02:39.902+0000] {processor.py:753} INFO - DAG(s) dict_keys(['example_xcom']) retrieved from /home/airflow/.local/lib/python3.7/site-packages/airflow/example_dags/example_xcom.py
[2024-01-05T14:02:39.921+0000] {logging_mixin.py:137} INFO - [2024-01-05T14:02:39.921+0000] {dag.py:2690} INFO - Sync 1 DAGs
[2024-01-05T14:02:39.937+0000] {logging_mixin.py:137} INFO - [2024-01-05T14:02:39.937+0000] {dag.py:3441} INFO - Setting next_dagrun for example_xcom to 2021-01-01T00:00:00+00:00, run_after=2021-01-01T00:00:00+00:00
[2024-01-05T14:02:39.947+0000] {processor.py:175} INFO - Processing /home/airflow/.local/lib/python3.7/site-packages/airflow/example_dags/example_xcom.py took 0.065 seconds
[2024-01-05T14:03:10.617+0000] {processor.py:153} INFO - Started process (PID=5303) to work on /home/airflow/.local/lib/python3.7/site-packages/airflow/example_dags/example_xcom.py
[2024-01-05T14:03:10.619+0000] {processor.py:743} INFO - Processing file /home/airflow/.local/lib/python3.7/site-packages/airflow/example_dags/example_xcom.py for tasks to queue
[2024-01-05T14:03:10.620+0000] {logging_mixin.py:137} INFO - [2024-01-05T14:03:10.620+0000] {dagbag.py:538} INFO - Filling up the DagBag from /home/airflow/.local/lib/python3.7/site-packages/airflow/example_dags/example_xcom.py
[2024-01-05T14:03:10.637+0000] {processor.py:753} INFO - DAG(s) dict_keys(['example_xcom']) retrieved from /home/airflow/.local/lib/python3.7/site-packages/airflow/example_dags/example_xcom.py
[2024-01-05T14:03:10.660+0000] {logging_mixin.py:137} INFO - [2024-01-05T14:03:10.660+0000] {dag.py:2690} INFO - Sync 1 DAGs
[2024-01-05T14:03:10.679+0000] {logging_mixin.py:137} INFO - [2024-01-05T14:03:10.678+0000] {dag.py:3441} INFO - Setting next_dagrun for example_xcom to 2021-01-01T00:00:00+00:00, run_after=2021-01-01T00:00:00+00:00
[2024-01-05T14:03:10.699+0000] {processor.py:175} INFO - Processing /home/airflow/.local/lib/python3.7/site-packages/airflow/example_dags/example_xcom.py took 0.085 seconds
[2024-01-05T14:03:41.531+0000] {processor.py:153} INFO - Started process (PID=5366) to work on /home/airflow/.local/lib/python3.7/site-packages/airflow/example_dags/example_xcom.py
[2024-01-05T14:03:41.532+0000] {processor.py:743} INFO - Processing file /home/airflow/.local/lib/python3.7/site-packages/airflow/example_dags/example_xcom.py for tasks to queue
[2024-01-05T14:03:41.533+0000] {logging_mixin.py:137} INFO - [2024-01-05T14:03:41.533+0000] {dagbag.py:538} INFO - Filling up the DagBag from /home/airflow/.local/lib/python3.7/site-packages/airflow/example_dags/example_xcom.py
[2024-01-05T14:03:41.548+0000] {processor.py:753} INFO - DAG(s) dict_keys(['example_xcom']) retrieved from /home/airflow/.local/lib/python3.7/site-packages/airflow/example_dags/example_xcom.py
[2024-01-05T14:03:41.569+0000] {logging_mixin.py:137} INFO - [2024-01-05T14:03:41.568+0000] {dag.py:2690} INFO - Sync 1 DAGs
[2024-01-05T14:03:41.584+0000] {logging_mixin.py:137} INFO - [2024-01-05T14:03:41.584+0000] {dag.py:3441} INFO - Setting next_dagrun for example_xcom to 2021-01-01T00:00:00+00:00, run_after=2021-01-01T00:00:00+00:00
[2024-01-05T14:03:41.600+0000] {processor.py:175} INFO - Processing /home/airflow/.local/lib/python3.7/site-packages/airflow/example_dags/example_xcom.py took 0.072 seconds
[2024-01-05T14:04:11.827+0000] {processor.py:153} INFO - Started process (PID=5442) to work on /home/airflow/.local/lib/python3.7/site-packages/airflow/example_dags/example_xcom.py
[2024-01-05T14:04:11.829+0000] {processor.py:743} INFO - Processing file /home/airflow/.local/lib/python3.7/site-packages/airflow/example_dags/example_xcom.py for tasks to queue
[2024-01-05T14:04:11.829+0000] {logging_mixin.py:137} INFO - [2024-01-05T14:04:11.829+0000] {dagbag.py:538} INFO - Filling up the DagBag from /home/airflow/.local/lib/python3.7/site-packages/airflow/example_dags/example_xcom.py
[2024-01-05T14:04:11.844+0000] {processor.py:753} INFO - DAG(s) dict_keys(['example_xcom']) retrieved from /home/airflow/.local/lib/python3.7/site-packages/airflow/example_dags/example_xcom.py
[2024-01-05T14:04:11.870+0000] {logging_mixin.py:137} INFO - [2024-01-05T14:04:11.870+0000] {dag.py:2690} INFO - Sync 1 DAGs
[2024-01-05T14:04:11.888+0000] {logging_mixin.py:137} INFO - [2024-01-05T14:04:11.887+0000] {dag.py:3441} INFO - Setting next_dagrun for example_xcom to 2021-01-01T00:00:00+00:00, run_after=2021-01-01T00:00:00+00:00
[2024-01-05T14:04:11.901+0000] {processor.py:175} INFO - Processing /home/airflow/.local/lib/python3.7/site-packages/airflow/example_dags/example_xcom.py took 0.077 seconds
[2024-01-05T14:04:42.814+0000] {processor.py:153} INFO - Started process (PID=5505) to work on /home/airflow/.local/lib/python3.7/site-packages/airflow/example_dags/example_xcom.py
[2024-01-05T14:04:42.816+0000] {processor.py:743} INFO - Processing file /home/airflow/.local/lib/python3.7/site-packages/airflow/example_dags/example_xcom.py for tasks to queue
[2024-01-05T14:04:42.817+0000] {logging_mixin.py:137} INFO - [2024-01-05T14:04:42.817+0000] {dagbag.py:538} INFO - Filling up the DagBag from /home/airflow/.local/lib/python3.7/site-packages/airflow/example_dags/example_xcom.py
[2024-01-05T14:04:42.842+0000] {processor.py:753} INFO - DAG(s) dict_keys(['example_xcom']) retrieved from /home/airflow/.local/lib/python3.7/site-packages/airflow/example_dags/example_xcom.py
[2024-01-05T14:04:42.865+0000] {logging_mixin.py:137} INFO - [2024-01-05T14:04:42.865+0000] {dag.py:2690} INFO - Sync 1 DAGs
[2024-01-05T14:04:42.883+0000] {logging_mixin.py:137} INFO - [2024-01-05T14:04:42.883+0000] {dag.py:3441} INFO - Setting next_dagrun for example_xcom to 2021-01-01T00:00:00+00:00, run_after=2021-01-01T00:00:00+00:00
[2024-01-05T14:04:42.900+0000] {processor.py:175} INFO - Processing /home/airflow/.local/lib/python3.7/site-packages/airflow/example_dags/example_xcom.py took 0.090 seconds
[2024-01-05T14:05:13.555+0000] {processor.py:153} INFO - Started process (PID=5580) to work on /home/airflow/.local/lib/python3.7/site-packages/airflow/example_dags/example_xcom.py
[2024-01-05T14:05:13.556+0000] {processor.py:743} INFO - Processing file /home/airflow/.local/lib/python3.7/site-packages/airflow/example_dags/example_xcom.py for tasks to queue
[2024-01-05T14:05:13.557+0000] {logging_mixin.py:137} INFO - [2024-01-05T14:05:13.557+0000] {dagbag.py:538} INFO - Filling up the DagBag from /home/airflow/.local/lib/python3.7/site-packages/airflow/example_dags/example_xcom.py
[2024-01-05T14:05:13.572+0000] {processor.py:753} INFO - DAG(s) dict_keys(['example_xcom']) retrieved from /home/airflow/.local/lib/python3.7/site-packages/airflow/example_dags/example_xcom.py
[2024-01-05T14:05:13.593+0000] {logging_mixin.py:137} INFO - [2024-01-05T14:05:13.593+0000] {dag.py:2690} INFO - Sync 1 DAGs
[2024-01-05T14:05:13.613+0000] {logging_mixin.py:137} INFO - [2024-01-05T14:05:13.613+0000] {dag.py:3441} INFO - Setting next_dagrun for example_xcom to 2021-01-01T00:00:00+00:00, run_after=2021-01-01T00:00:00+00:00
[2024-01-05T14:05:13.624+0000] {processor.py:175} INFO - Processing /home/airflow/.local/lib/python3.7/site-packages/airflow/example_dags/example_xcom.py took 0.072 seconds
[2024-01-05T14:05:44.537+0000] {processor.py:153} INFO - Started process (PID=5655) to work on /home/airflow/.local/lib/python3.7/site-packages/airflow/example_dags/example_xcom.py
[2024-01-05T14:05:44.539+0000] {processor.py:743} INFO - Processing file /home/airflow/.local/lib/python3.7/site-packages/airflow/example_dags/example_xcom.py for tasks to queue
[2024-01-05T14:05:44.541+0000] {logging_mixin.py:137} INFO - [2024-01-05T14:05:44.541+0000] {dagbag.py:538} INFO - Filling up the DagBag from /home/airflow/.local/lib/python3.7/site-packages/airflow/example_dags/example_xcom.py
[2024-01-05T14:05:44.626+0000] {processor.py:753} INFO - DAG(s) dict_keys(['example_xcom']) retrieved from /home/airflow/.local/lib/python3.7/site-packages/airflow/example_dags/example_xcom.py
[2024-01-05T14:05:44.678+0000] {logging_mixin.py:137} INFO - [2024-01-05T14:05:44.677+0000] {dag.py:2690} INFO - Sync 1 DAGs
[2024-01-05T14:05:44.716+0000] {logging_mixin.py:137} INFO - [2024-01-05T14:05:44.716+0000] {dag.py:3441} INFO - Setting next_dagrun for example_xcom to 2021-01-01T00:00:00+00:00, run_after=2021-01-01T00:00:00+00:00
[2024-01-05T14:05:44.733+0000] {processor.py:175} INFO - Processing /home/airflow/.local/lib/python3.7/site-packages/airflow/example_dags/example_xcom.py took 0.200 seconds
[2024-01-05T14:06:14.868+0000] {processor.py:153} INFO - Started process (PID=5719) to work on /home/airflow/.local/lib/python3.7/site-packages/airflow/example_dags/example_xcom.py
[2024-01-05T14:06:14.869+0000] {processor.py:743} INFO - Processing file /home/airflow/.local/lib/python3.7/site-packages/airflow/example_dags/example_xcom.py for tasks to queue
[2024-01-05T14:06:14.870+0000] {logging_mixin.py:137} INFO - [2024-01-05T14:06:14.870+0000] {dagbag.py:538} INFO - Filling up the DagBag from /home/airflow/.local/lib/python3.7/site-packages/airflow/example_dags/example_xcom.py
[2024-01-05T14:06:14.886+0000] {processor.py:753} INFO - DAG(s) dict_keys(['example_xcom']) retrieved from /home/airflow/.local/lib/python3.7/site-packages/airflow/example_dags/example_xcom.py
[2024-01-05T14:06:14.906+0000] {logging_mixin.py:137} INFO - [2024-01-05T14:06:14.906+0000] {dag.py:2690} INFO - Sync 1 DAGs
[2024-01-05T14:06:14.923+0000] {logging_mixin.py:137} INFO - [2024-01-05T14:06:14.923+0000] {dag.py:3441} INFO - Setting next_dagrun for example_xcom to 2021-01-01T00:00:00+00:00, run_after=2021-01-01T00:00:00+00:00
[2024-01-05T14:06:14.934+0000] {processor.py:175} INFO - Processing /home/airflow/.local/lib/python3.7/site-packages/airflow/example_dags/example_xcom.py took 0.069 seconds
[2024-01-05T14:06:45.624+0000] {processor.py:153} INFO - Started process (PID=5794) to work on /home/airflow/.local/lib/python3.7/site-packages/airflow/example_dags/example_xcom.py
[2024-01-05T14:06:45.626+0000] {processor.py:743} INFO - Processing file /home/airflow/.local/lib/python3.7/site-packages/airflow/example_dags/example_xcom.py for tasks to queue
[2024-01-05T14:06:45.627+0000] {logging_mixin.py:137} INFO - [2024-01-05T14:06:45.626+0000] {dagbag.py:538} INFO - Filling up the DagBag from /home/airflow/.local/lib/python3.7/site-packages/airflow/example_dags/example_xcom.py
[2024-01-05T14:06:45.641+0000] {processor.py:753} INFO - DAG(s) dict_keys(['example_xcom']) retrieved from /home/airflow/.local/lib/python3.7/site-packages/airflow/example_dags/example_xcom.py
[2024-01-05T14:06:45.663+0000] {logging_mixin.py:137} INFO - [2024-01-05T14:06:45.663+0000] {dag.py:2690} INFO - Sync 1 DAGs
[2024-01-05T14:06:45.679+0000] {logging_mixin.py:137} INFO - [2024-01-05T14:06:45.679+0000] {dag.py:3441} INFO - Setting next_dagrun for example_xcom to 2021-01-01T00:00:00+00:00, run_after=2021-01-01T00:00:00+00:00
[2024-01-05T14:06:45.690+0000] {processor.py:175} INFO - Processing /home/airflow/.local/lib/python3.7/site-packages/airflow/example_dags/example_xcom.py took 0.069 seconds
[2024-01-05T14:07:16.270+0000] {processor.py:153} INFO - Started process (PID=5857) to work on /home/airflow/.local/lib/python3.7/site-packages/airflow/example_dags/example_xcom.py
[2024-01-05T14:07:16.271+0000] {processor.py:743} INFO - Processing file /home/airflow/.local/lib/python3.7/site-packages/airflow/example_dags/example_xcom.py for tasks to queue
[2024-01-05T14:07:16.272+0000] {logging_mixin.py:137} INFO - [2024-01-05T14:07:16.272+0000] {dagbag.py:538} INFO - Filling up the DagBag from /home/airflow/.local/lib/python3.7/site-packages/airflow/example_dags/example_xcom.py
[2024-01-05T14:07:16.287+0000] {processor.py:753} INFO - DAG(s) dict_keys(['example_xcom']) retrieved from /home/airflow/.local/lib/python3.7/site-packages/airflow/example_dags/example_xcom.py
[2024-01-05T14:07:16.307+0000] {logging_mixin.py:137} INFO - [2024-01-05T14:07:16.307+0000] {dag.py:2690} INFO - Sync 1 DAGs
[2024-01-05T14:07:16.322+0000] {logging_mixin.py:137} INFO - [2024-01-05T14:07:16.322+0000] {dag.py:3441} INFO - Setting next_dagrun for example_xcom to 2021-01-01T00:00:00+00:00, run_after=2021-01-01T00:00:00+00:00
[2024-01-05T14:07:16.334+0000] {processor.py:175} INFO - Processing /home/airflow/.local/lib/python3.7/site-packages/airflow/example_dags/example_xcom.py took 0.067 seconds
[2024-01-05T14:07:46.986+0000] {processor.py:153} INFO - Started process (PID=5932) to work on /home/airflow/.local/lib/python3.7/site-packages/airflow/example_dags/example_xcom.py
[2024-01-05T14:07:46.987+0000] {processor.py:743} INFO - Processing file /home/airflow/.local/lib/python3.7/site-packages/airflow/example_dags/example_xcom.py for tasks to queue
[2024-01-05T14:07:46.988+0000] {logging_mixin.py:137} INFO - [2024-01-05T14:07:46.988+0000] {dagbag.py:538} INFO - Filling up the DagBag from /home/airflow/.local/lib/python3.7/site-packages/airflow/example_dags/example_xcom.py
[2024-01-05T14:07:47.004+0000] {processor.py:753} INFO - DAG(s) dict_keys(['example_xcom']) retrieved from /home/airflow/.local/lib/python3.7/site-packages/airflow/example_dags/example_xcom.py
[2024-01-05T14:07:47.033+0000] {logging_mixin.py:137} INFO - [2024-01-05T14:07:47.032+0000] {dag.py:2690} INFO - Sync 1 DAGs
[2024-01-05T14:07:47.060+0000] {logging_mixin.py:137} INFO - [2024-01-05T14:07:47.060+0000] {dag.py:3441} INFO - Setting next_dagrun for example_xcom to 2021-01-01T00:00:00+00:00, run_after=2021-01-01T00:00:00+00:00
[2024-01-05T14:07:47.090+0000] {processor.py:175} INFO - Processing /home/airflow/.local/lib/python3.7/site-packages/airflow/example_dags/example_xcom.py took 0.107 seconds
[2024-01-05T14:08:17.758+0000] {processor.py:153} INFO - Started process (PID=5995) to work on /home/airflow/.local/lib/python3.7/site-packages/airflow/example_dags/example_xcom.py
[2024-01-05T14:08:17.759+0000] {processor.py:743} INFO - Processing file /home/airflow/.local/lib/python3.7/site-packages/airflow/example_dags/example_xcom.py for tasks to queue
[2024-01-05T14:08:17.760+0000] {logging_mixin.py:137} INFO - [2024-01-05T14:08:17.760+0000] {dagbag.py:538} INFO - Filling up the DagBag from /home/airflow/.local/lib/python3.7/site-packages/airflow/example_dags/example_xcom.py
[2024-01-05T14:08:17.776+0000] {processor.py:753} INFO - DAG(s) dict_keys(['example_xcom']) retrieved from /home/airflow/.local/lib/python3.7/site-packages/airflow/example_dags/example_xcom.py
[2024-01-05T14:08:17.795+0000] {logging_mixin.py:137} INFO - [2024-01-05T14:08:17.795+0000] {dag.py:2690} INFO - Sync 1 DAGs
[2024-01-05T14:08:17.811+0000] {logging_mixin.py:137} INFO - [2024-01-05T14:08:17.811+0000] {dag.py:3441} INFO - Setting next_dagrun for example_xcom to 2021-01-01T00:00:00+00:00, run_after=2021-01-01T00:00:00+00:00
[2024-01-05T14:08:17.822+0000] {processor.py:175} INFO - Processing /home/airflow/.local/lib/python3.7/site-packages/airflow/example_dags/example_xcom.py took 0.067 seconds
[2024-01-05T14:08:47.996+0000] {processor.py:153} INFO - Started process (PID=6070) to work on /home/airflow/.local/lib/python3.7/site-packages/airflow/example_dags/example_xcom.py
[2024-01-05T14:08:47.998+0000] {processor.py:743} INFO - Processing file /home/airflow/.local/lib/python3.7/site-packages/airflow/example_dags/example_xcom.py for tasks to queue
[2024-01-05T14:08:47.999+0000] {logging_mixin.py:137} INFO - [2024-01-05T14:08:47.999+0000] {dagbag.py:538} INFO - Filling up the DagBag from /home/airflow/.local/lib/python3.7/site-packages/airflow/example_dags/example_xcom.py
[2024-01-05T14:08:48.019+0000] {processor.py:753} INFO - DAG(s) dict_keys(['example_xcom']) retrieved from /home/airflow/.local/lib/python3.7/site-packages/airflow/example_dags/example_xcom.py
[2024-01-05T14:08:48.042+0000] {logging_mixin.py:137} INFO - [2024-01-05T14:08:48.042+0000] {dag.py:2690} INFO - Sync 1 DAGs
[2024-01-05T14:08:48.057+0000] {logging_mixin.py:137} INFO - [2024-01-05T14:08:48.057+0000] {dag.py:3441} INFO - Setting next_dagrun for example_xcom to 2021-01-01T00:00:00+00:00, run_after=2021-01-01T00:00:00+00:00
[2024-01-05T14:08:48.068+0000] {processor.py:175} INFO - Processing /home/airflow/.local/lib/python3.7/site-packages/airflow/example_dags/example_xcom.py took 0.075 seconds
[2024-01-05T14:09:18.512+0000] {processor.py:153} INFO - Started process (PID=6143) to work on /home/airflow/.local/lib/python3.7/site-packages/airflow/example_dags/example_xcom.py
[2024-01-05T14:09:18.514+0000] {processor.py:743} INFO - Processing file /home/airflow/.local/lib/python3.7/site-packages/airflow/example_dags/example_xcom.py for tasks to queue
[2024-01-05T14:09:18.515+0000] {logging_mixin.py:137} INFO - [2024-01-05T14:09:18.515+0000] {dagbag.py:538} INFO - Filling up the DagBag from /home/airflow/.local/lib/python3.7/site-packages/airflow/example_dags/example_xcom.py
[2024-01-05T14:09:18.538+0000] {processor.py:753} INFO - DAG(s) dict_keys(['example_xcom']) retrieved from /home/airflow/.local/lib/python3.7/site-packages/airflow/example_dags/example_xcom.py
[2024-01-05T14:09:18.569+0000] {logging_mixin.py:137} INFO - [2024-01-05T14:09:18.569+0000] {dag.py:2690} INFO - Sync 1 DAGs
[2024-01-05T14:09:18.592+0000] {logging_mixin.py:137} INFO - [2024-01-05T14:09:18.591+0000] {dag.py:3441} INFO - Setting next_dagrun for example_xcom to 2021-01-01T00:00:00+00:00, run_after=2021-01-01T00:00:00+00:00
[2024-01-05T14:09:18.611+0000] {processor.py:175} INFO - Processing /home/airflow/.local/lib/python3.7/site-packages/airflow/example_dags/example_xcom.py took 0.102 seconds
[2024-01-05T14:09:49.014+0000] {processor.py:153} INFO - Started process (PID=6209) to work on /home/airflow/.local/lib/python3.7/site-packages/airflow/example_dags/example_xcom.py
[2024-01-05T14:09:49.016+0000] {processor.py:743} INFO - Processing file /home/airflow/.local/lib/python3.7/site-packages/airflow/example_dags/example_xcom.py for tasks to queue
[2024-01-05T14:09:49.017+0000] {logging_mixin.py:137} INFO - [2024-01-05T14:09:49.017+0000] {dagbag.py:538} INFO - Filling up the DagBag from /home/airflow/.local/lib/python3.7/site-packages/airflow/example_dags/example_xcom.py
[2024-01-05T14:09:49.045+0000] {processor.py:753} INFO - DAG(s) dict_keys(['example_xcom']) retrieved from /home/airflow/.local/lib/python3.7/site-packages/airflow/example_dags/example_xcom.py
[2024-01-05T14:09:49.084+0000] {logging_mixin.py:137} INFO - [2024-01-05T14:09:49.083+0000] {dag.py:2690} INFO - Sync 1 DAGs
[2024-01-05T14:09:49.140+0000] {logging_mixin.py:137} INFO - [2024-01-05T14:09:49.140+0000] {dag.py:3441} INFO - Setting next_dagrun for example_xcom to 2021-01-01T00:00:00+00:00, run_after=2021-01-01T00:00:00+00:00
[2024-01-05T14:09:49.180+0000] {processor.py:175} INFO - Processing /home/airflow/.local/lib/python3.7/site-packages/airflow/example_dags/example_xcom.py took 0.169 seconds
[2024-01-05T14:10:20.068+0000] {processor.py:153} INFO - Started process (PID=6277) to work on /home/airflow/.local/lib/python3.7/site-packages/airflow/example_dags/example_xcom.py
[2024-01-05T14:10:20.073+0000] {processor.py:743} INFO - Processing file /home/airflow/.local/lib/python3.7/site-packages/airflow/example_dags/example_xcom.py for tasks to queue
[2024-01-05T14:10:20.076+0000] {logging_mixin.py:137} INFO - [2024-01-05T14:10:20.076+0000] {dagbag.py:538} INFO - Filling up the DagBag from /home/airflow/.local/lib/python3.7/site-packages/airflow/example_dags/example_xcom.py
[2024-01-05T14:10:20.102+0000] {processor.py:753} INFO - DAG(s) dict_keys(['example_xcom']) retrieved from /home/airflow/.local/lib/python3.7/site-packages/airflow/example_dags/example_xcom.py
[2024-01-05T14:10:20.195+0000] {logging_mixin.py:137} INFO - [2024-01-05T14:10:20.195+0000] {dag.py:2690} INFO - Sync 1 DAGs
[2024-01-05T14:10:20.226+0000] {logging_mixin.py:137} INFO - [2024-01-05T14:10:20.226+0000] {dag.py:3441} INFO - Setting next_dagrun for example_xcom to 2021-01-01T00:00:00+00:00, run_after=2021-01-01T00:00:00+00:00
[2024-01-05T14:10:20.243+0000] {processor.py:175} INFO - Processing /home/airflow/.local/lib/python3.7/site-packages/airflow/example_dags/example_xcom.py took 0.182 seconds
[2024-01-05T14:10:50.650+0000] {processor.py:153} INFO - Started process (PID=6344) to work on /home/airflow/.local/lib/python3.7/site-packages/airflow/example_dags/example_xcom.py
[2024-01-05T14:10:50.654+0000] {processor.py:743} INFO - Processing file /home/airflow/.local/lib/python3.7/site-packages/airflow/example_dags/example_xcom.py for tasks to queue
[2024-01-05T14:10:50.657+0000] {logging_mixin.py:137} INFO - [2024-01-05T14:10:50.657+0000] {dagbag.py:538} INFO - Filling up the DagBag from /home/airflow/.local/lib/python3.7/site-packages/airflow/example_dags/example_xcom.py
[2024-01-05T14:10:50.685+0000] {processor.py:753} INFO - DAG(s) dict_keys(['example_xcom']) retrieved from /home/airflow/.local/lib/python3.7/site-packages/airflow/example_dags/example_xcom.py
[2024-01-05T14:10:50.721+0000] {logging_mixin.py:137} INFO - [2024-01-05T14:10:50.720+0000] {dag.py:2690} INFO - Sync 1 DAGs
[2024-01-05T14:10:50.745+0000] {logging_mixin.py:137} INFO - [2024-01-05T14:10:50.745+0000] {dag.py:3441} INFO - Setting next_dagrun for example_xcom to 2021-01-01T00:00:00+00:00, run_after=2021-01-01T00:00:00+00:00
[2024-01-05T14:10:50.760+0000] {processor.py:175} INFO - Processing /home/airflow/.local/lib/python3.7/site-packages/airflow/example_dags/example_xcom.py took 0.121 seconds
[2024-01-05T14:11:22.198+0000] {processor.py:153} INFO - Started process (PID=6416) to work on /home/airflow/.local/lib/python3.7/site-packages/airflow/example_dags/example_xcom.py
[2024-01-05T14:11:22.201+0000] {processor.py:743} INFO - Processing file /home/airflow/.local/lib/python3.7/site-packages/airflow/example_dags/example_xcom.py for tasks to queue
[2024-01-05T14:11:22.203+0000] {logging_mixin.py:137} INFO - [2024-01-05T14:11:22.202+0000] {dagbag.py:538} INFO - Filling up the DagBag from /home/airflow/.local/lib/python3.7/site-packages/airflow/example_dags/example_xcom.py
[2024-01-05T14:11:22.252+0000] {processor.py:753} INFO - DAG(s) dict_keys(['example_xcom']) retrieved from /home/airflow/.local/lib/python3.7/site-packages/airflow/example_dags/example_xcom.py
[2024-01-05T14:11:22.317+0000] {logging_mixin.py:137} INFO - [2024-01-05T14:11:22.316+0000] {dag.py:2690} INFO - Sync 1 DAGs
[2024-01-05T14:11:22.398+0000] {logging_mixin.py:137} INFO - [2024-01-05T14:11:22.397+0000] {dag.py:3441} INFO - Setting next_dagrun for example_xcom to 2021-01-01T00:00:00+00:00, run_after=2021-01-01T00:00:00+00:00
[2024-01-05T14:11:22.431+0000] {processor.py:175} INFO - Processing /home/airflow/.local/lib/python3.7/site-packages/airflow/example_dags/example_xcom.py took 0.239 seconds
[2024-01-05T14:11:52.877+0000] {processor.py:153} INFO - Started process (PID=6481) to work on /home/airflow/.local/lib/python3.7/site-packages/airflow/example_dags/example_xcom.py
[2024-01-05T14:11:52.878+0000] {processor.py:743} INFO - Processing file /home/airflow/.local/lib/python3.7/site-packages/airflow/example_dags/example_xcom.py for tasks to queue
[2024-01-05T14:11:52.879+0000] {logging_mixin.py:137} INFO - [2024-01-05T14:11:52.879+0000] {dagbag.py:538} INFO - Filling up the DagBag from /home/airflow/.local/lib/python3.7/site-packages/airflow/example_dags/example_xcom.py
[2024-01-05T14:11:52.897+0000] {processor.py:753} INFO - DAG(s) dict_keys(['example_xcom']) retrieved from /home/airflow/.local/lib/python3.7/site-packages/airflow/example_dags/example_xcom.py
[2024-01-05T14:11:52.917+0000] {logging_mixin.py:137} INFO - [2024-01-05T14:11:52.917+0000] {dag.py:2690} INFO - Sync 1 DAGs
[2024-01-05T14:11:52.936+0000] {logging_mixin.py:137} INFO - [2024-01-05T14:11:52.936+0000] {dag.py:3441} INFO - Setting next_dagrun for example_xcom to 2021-01-01T00:00:00+00:00, run_after=2021-01-01T00:00:00+00:00
[2024-01-05T14:11:52.949+0000] {processor.py:175} INFO - Processing /home/airflow/.local/lib/python3.7/site-packages/airflow/example_dags/example_xcom.py took 0.076 seconds
[2024-01-05T14:12:23.889+0000] {processor.py:153} INFO - Started process (PID=6557) to work on /home/airflow/.local/lib/python3.7/site-packages/airflow/example_dags/example_xcom.py
[2024-01-05T14:12:23.891+0000] {processor.py:743} INFO - Processing file /home/airflow/.local/lib/python3.7/site-packages/airflow/example_dags/example_xcom.py for tasks to queue
[2024-01-05T14:12:23.892+0000] {logging_mixin.py:137} INFO - [2024-01-05T14:12:23.892+0000] {dagbag.py:538} INFO - Filling up the DagBag from /home/airflow/.local/lib/python3.7/site-packages/airflow/example_dags/example_xcom.py
[2024-01-05T14:12:23.908+0000] {processor.py:753} INFO - DAG(s) dict_keys(['example_xcom']) retrieved from /home/airflow/.local/lib/python3.7/site-packages/airflow/example_dags/example_xcom.py
[2024-01-05T14:12:23.934+0000] {logging_mixin.py:137} INFO - [2024-01-05T14:12:23.934+0000] {dag.py:2690} INFO - Sync 1 DAGs
[2024-01-05T14:12:23.954+0000] {logging_mixin.py:137} INFO - [2024-01-05T14:12:23.954+0000] {dag.py:3441} INFO - Setting next_dagrun for example_xcom to 2021-01-01T00:00:00+00:00, run_after=2021-01-01T00:00:00+00:00
[2024-01-05T14:12:23.966+0000] {processor.py:175} INFO - Processing /home/airflow/.local/lib/python3.7/site-packages/airflow/example_dags/example_xcom.py took 0.081 seconds
[2024-01-05T14:12:54.416+0000] {processor.py:153} INFO - Started process (PID=6620) to work on /home/airflow/.local/lib/python3.7/site-packages/airflow/example_dags/example_xcom.py
[2024-01-05T14:12:54.417+0000] {processor.py:743} INFO - Processing file /home/airflow/.local/lib/python3.7/site-packages/airflow/example_dags/example_xcom.py for tasks to queue
[2024-01-05T14:12:54.418+0000] {logging_mixin.py:137} INFO - [2024-01-05T14:12:54.418+0000] {dagbag.py:538} INFO - Filling up the DagBag from /home/airflow/.local/lib/python3.7/site-packages/airflow/example_dags/example_xcom.py
[2024-01-05T14:12:54.433+0000] {processor.py:753} INFO - DAG(s) dict_keys(['example_xcom']) retrieved from /home/airflow/.local/lib/python3.7/site-packages/airflow/example_dags/example_xcom.py
[2024-01-05T14:12:54.454+0000] {logging_mixin.py:137} INFO - [2024-01-05T14:12:54.454+0000] {dag.py:2690} INFO - Sync 1 DAGs
[2024-01-05T14:12:54.469+0000] {logging_mixin.py:137} INFO - [2024-01-05T14:12:54.469+0000] {dag.py:3441} INFO - Setting next_dagrun for example_xcom to 2021-01-01T00:00:00+00:00, run_after=2021-01-01T00:00:00+00:00
[2024-01-05T14:12:54.482+0000] {processor.py:175} INFO - Processing /home/airflow/.local/lib/python3.7/site-packages/airflow/example_dags/example_xcom.py took 0.069 seconds
[2024-01-05T14:13:25.178+0000] {processor.py:153} INFO - Started process (PID=6694) to work on /home/airflow/.local/lib/python3.7/site-packages/airflow/example_dags/example_xcom.py
[2024-01-05T14:13:25.179+0000] {processor.py:743} INFO - Processing file /home/airflow/.local/lib/python3.7/site-packages/airflow/example_dags/example_xcom.py for tasks to queue
[2024-01-05T14:13:25.180+0000] {logging_mixin.py:137} INFO - [2024-01-05T14:13:25.180+0000] {dagbag.py:538} INFO - Filling up the DagBag from /home/airflow/.local/lib/python3.7/site-packages/airflow/example_dags/example_xcom.py
[2024-01-05T14:13:25.196+0000] {processor.py:753} INFO - DAG(s) dict_keys(['example_xcom']) retrieved from /home/airflow/.local/lib/python3.7/site-packages/airflow/example_dags/example_xcom.py
[2024-01-05T14:13:25.217+0000] {logging_mixin.py:137} INFO - [2024-01-05T14:13:25.217+0000] {dag.py:2690} INFO - Sync 1 DAGs
[2024-01-05T14:13:25.235+0000] {logging_mixin.py:137} INFO - [2024-01-05T14:13:25.235+0000] {dag.py:3441} INFO - Setting next_dagrun for example_xcom to 2021-01-01T00:00:00+00:00, run_after=2021-01-01T00:00:00+00:00
[2024-01-05T14:13:25.249+0000] {processor.py:175} INFO - Processing /home/airflow/.local/lib/python3.7/site-packages/airflow/example_dags/example_xcom.py took 0.074 seconds
[2024-01-05T14:13:56.341+0000] {processor.py:153} INFO - Started process (PID=6770) to work on /home/airflow/.local/lib/python3.7/site-packages/airflow/example_dags/example_xcom.py
[2024-01-05T14:13:56.343+0000] {processor.py:743} INFO - Processing file /home/airflow/.local/lib/python3.7/site-packages/airflow/example_dags/example_xcom.py for tasks to queue
[2024-01-05T14:13:56.345+0000] {logging_mixin.py:137} INFO - [2024-01-05T14:13:56.345+0000] {dagbag.py:538} INFO - Filling up the DagBag from /home/airflow/.local/lib/python3.7/site-packages/airflow/example_dags/example_xcom.py
[2024-01-05T14:13:56.379+0000] {processor.py:753} INFO - DAG(s) dict_keys(['example_xcom']) retrieved from /home/airflow/.local/lib/python3.7/site-packages/airflow/example_dags/example_xcom.py
[2024-01-05T14:13:56.410+0000] {logging_mixin.py:137} INFO - [2024-01-05T14:13:56.409+0000] {dag.py:2690} INFO - Sync 1 DAGs
[2024-01-05T14:13:56.434+0000] {logging_mixin.py:137} INFO - [2024-01-05T14:13:56.434+0000] {dag.py:3441} INFO - Setting next_dagrun for example_xcom to 2021-01-01T00:00:00+00:00, run_after=2021-01-01T00:00:00+00:00
[2024-01-05T14:13:56.460+0000] {processor.py:175} INFO - Processing /home/airflow/.local/lib/python3.7/site-packages/airflow/example_dags/example_xcom.py took 0.123 seconds
[2024-01-05T14:14:27.195+0000] {processor.py:153} INFO - Started process (PID=6833) to work on /home/airflow/.local/lib/python3.7/site-packages/airflow/example_dags/example_xcom.py
[2024-01-05T14:14:27.196+0000] {processor.py:743} INFO - Processing file /home/airflow/.local/lib/python3.7/site-packages/airflow/example_dags/example_xcom.py for tasks to queue
[2024-01-05T14:14:27.198+0000] {logging_mixin.py:137} INFO - [2024-01-05T14:14:27.198+0000] {dagbag.py:538} INFO - Filling up the DagBag from /home/airflow/.local/lib/python3.7/site-packages/airflow/example_dags/example_xcom.py
[2024-01-05T14:14:27.214+0000] {processor.py:753} INFO - DAG(s) dict_keys(['example_xcom']) retrieved from /home/airflow/.local/lib/python3.7/site-packages/airflow/example_dags/example_xcom.py
[2024-01-05T14:14:27.238+0000] {logging_mixin.py:137} INFO - [2024-01-05T14:14:27.238+0000] {dag.py:2690} INFO - Sync 1 DAGs
[2024-01-05T14:14:27.264+0000] {logging_mixin.py:137} INFO - [2024-01-05T14:14:27.264+0000] {dag.py:3441} INFO - Setting next_dagrun for example_xcom to 2021-01-01T00:00:00+00:00, run_after=2021-01-01T00:00:00+00:00
[2024-01-05T14:14:27.281+0000] {processor.py:175} INFO - Processing /home/airflow/.local/lib/python3.7/site-packages/airflow/example_dags/example_xcom.py took 0.090 seconds
[2024-01-05T14:14:58.257+0000] {processor.py:153} INFO - Started process (PID=6908) to work on /home/airflow/.local/lib/python3.7/site-packages/airflow/example_dags/example_xcom.py
[2024-01-05T14:14:58.259+0000] {processor.py:743} INFO - Processing file /home/airflow/.local/lib/python3.7/site-packages/airflow/example_dags/example_xcom.py for tasks to queue
[2024-01-05T14:14:58.260+0000] {logging_mixin.py:137} INFO - [2024-01-05T14:14:58.259+0000] {dagbag.py:538} INFO - Filling up the DagBag from /home/airflow/.local/lib/python3.7/site-packages/airflow/example_dags/example_xcom.py
[2024-01-05T14:14:58.276+0000] {processor.py:753} INFO - DAG(s) dict_keys(['example_xcom']) retrieved from /home/airflow/.local/lib/python3.7/site-packages/airflow/example_dags/example_xcom.py
[2024-01-05T14:14:58.296+0000] {logging_mixin.py:137} INFO - [2024-01-05T14:14:58.296+0000] {dag.py:2690} INFO - Sync 1 DAGs
[2024-01-05T14:14:58.312+0000] {logging_mixin.py:137} INFO - [2024-01-05T14:14:58.312+0000] {dag.py:3441} INFO - Setting next_dagrun for example_xcom to 2021-01-01T00:00:00+00:00, run_after=2021-01-01T00:00:00+00:00
[2024-01-05T14:14:58.324+0000] {processor.py:175} INFO - Processing /home/airflow/.local/lib/python3.7/site-packages/airflow/example_dags/example_xcom.py took 0.070 seconds
[2024-01-05T14:15:29.746+0000] {processor.py:153} INFO - Started process (PID=6971) to work on /home/airflow/.local/lib/python3.7/site-packages/airflow/example_dags/example_xcom.py
[2024-01-05T14:15:29.747+0000] {processor.py:743} INFO - Processing file /home/airflow/.local/lib/python3.7/site-packages/airflow/example_dags/example_xcom.py for tasks to queue
[2024-01-05T14:15:29.748+0000] {logging_mixin.py:137} INFO - [2024-01-05T14:15:29.748+0000] {dagbag.py:538} INFO - Filling up the DagBag from /home/airflow/.local/lib/python3.7/site-packages/airflow/example_dags/example_xcom.py
[2024-01-05T14:15:29.768+0000] {processor.py:753} INFO - DAG(s) dict_keys(['example_xcom']) retrieved from /home/airflow/.local/lib/python3.7/site-packages/airflow/example_dags/example_xcom.py
[2024-01-05T14:15:29.790+0000] {logging_mixin.py:137} INFO - [2024-01-05T14:15:29.790+0000] {dag.py:2690} INFO - Sync 1 DAGs
[2024-01-05T14:15:29.808+0000] {logging_mixin.py:137} INFO - [2024-01-05T14:15:29.807+0000] {dag.py:3441} INFO - Setting next_dagrun for example_xcom to 2021-01-01T00:00:00+00:00, run_after=2021-01-01T00:00:00+00:00
[2024-01-05T14:15:29.821+0000] {processor.py:175} INFO - Processing /home/airflow/.local/lib/python3.7/site-packages/airflow/example_dags/example_xcom.py took 0.079 seconds
[2024-01-05T14:16:00.549+0000] {processor.py:153} INFO - Started process (PID=7046) to work on /home/airflow/.local/lib/python3.7/site-packages/airflow/example_dags/example_xcom.py
[2024-01-05T14:16:00.551+0000] {processor.py:743} INFO - Processing file /home/airflow/.local/lib/python3.7/site-packages/airflow/example_dags/example_xcom.py for tasks to queue
[2024-01-05T14:16:00.552+0000] {logging_mixin.py:137} INFO - [2024-01-05T14:16:00.552+0000] {dagbag.py:538} INFO - Filling up the DagBag from /home/airflow/.local/lib/python3.7/site-packages/airflow/example_dags/example_xcom.py
[2024-01-05T14:16:00.571+0000] {processor.py:753} INFO - DAG(s) dict_keys(['example_xcom']) retrieved from /home/airflow/.local/lib/python3.7/site-packages/airflow/example_dags/example_xcom.py
[2024-01-05T14:16:00.603+0000] {logging_mixin.py:137} INFO - [2024-01-05T14:16:00.603+0000] {dag.py:2690} INFO - Sync 1 DAGs
[2024-01-05T14:16:00.621+0000] {logging_mixin.py:137} INFO - [2024-01-05T14:16:00.620+0000] {dag.py:3441} INFO - Setting next_dagrun for example_xcom to 2021-01-01T00:00:00+00:00, run_after=2021-01-01T00:00:00+00:00
[2024-01-05T14:16:00.633+0000] {processor.py:175} INFO - Processing /home/airflow/.local/lib/python3.7/site-packages/airflow/example_dags/example_xcom.py took 0.088 seconds
[2024-01-05T14:16:31.415+0000] {processor.py:153} INFO - Started process (PID=7109) to work on /home/airflow/.local/lib/python3.7/site-packages/airflow/example_dags/example_xcom.py
[2024-01-05T14:16:31.417+0000] {processor.py:743} INFO - Processing file /home/airflow/.local/lib/python3.7/site-packages/airflow/example_dags/example_xcom.py for tasks to queue
[2024-01-05T14:16:31.421+0000] {logging_mixin.py:137} INFO - [2024-01-05T14:16:31.421+0000] {dagbag.py:538} INFO - Filling up the DagBag from /home/airflow/.local/lib/python3.7/site-packages/airflow/example_dags/example_xcom.py
[2024-01-05T14:16:31.437+0000] {processor.py:753} INFO - DAG(s) dict_keys(['example_xcom']) retrieved from /home/airflow/.local/lib/python3.7/site-packages/airflow/example_dags/example_xcom.py
[2024-01-05T14:16:31.463+0000] {logging_mixin.py:137} INFO - [2024-01-05T14:16:31.463+0000] {dag.py:2690} INFO - Sync 1 DAGs
[2024-01-05T14:16:31.481+0000] {logging_mixin.py:137} INFO - [2024-01-05T14:16:31.481+0000] {dag.py:3441} INFO - Setting next_dagrun for example_xcom to 2021-01-01T00:00:00+00:00, run_after=2021-01-01T00:00:00+00:00
[2024-01-05T14:16:31.495+0000] {processor.py:175} INFO - Processing /home/airflow/.local/lib/python3.7/site-packages/airflow/example_dags/example_xcom.py took 0.083 seconds
[2024-01-05T14:17:01.898+0000] {processor.py:153} INFO - Started process (PID=7184) to work on /home/airflow/.local/lib/python3.7/site-packages/airflow/example_dags/example_xcom.py
[2024-01-05T14:17:01.899+0000] {processor.py:743} INFO - Processing file /home/airflow/.local/lib/python3.7/site-packages/airflow/example_dags/example_xcom.py for tasks to queue
[2024-01-05T14:17:01.900+0000] {logging_mixin.py:137} INFO - [2024-01-05T14:17:01.900+0000] {dagbag.py:538} INFO - Filling up the DagBag from /home/airflow/.local/lib/python3.7/site-packages/airflow/example_dags/example_xcom.py
[2024-01-05T14:17:01.916+0000] {processor.py:753} INFO - DAG(s) dict_keys(['example_xcom']) retrieved from /home/airflow/.local/lib/python3.7/site-packages/airflow/example_dags/example_xcom.py
[2024-01-05T14:17:01.937+0000] {logging_mixin.py:137} INFO - [2024-01-05T14:17:01.937+0000] {dag.py:2690} INFO - Sync 1 DAGs
[2024-01-05T14:17:01.954+0000] {logging_mixin.py:137} INFO - [2024-01-05T14:17:01.953+0000] {dag.py:3441} INFO - Setting next_dagrun for example_xcom to 2021-01-01T00:00:00+00:00, run_after=2021-01-01T00:00:00+00:00
[2024-01-05T14:17:01.965+0000] {processor.py:175} INFO - Processing /home/airflow/.local/lib/python3.7/site-packages/airflow/example_dags/example_xcom.py took 0.070 seconds
[2024-01-05T14:17:32.025+0000] {processor.py:153} INFO - Started process (PID=7247) to work on /home/airflow/.local/lib/python3.7/site-packages/airflow/example_dags/example_xcom.py
[2024-01-05T14:17:32.027+0000] {processor.py:743} INFO - Processing file /home/airflow/.local/lib/python3.7/site-packages/airflow/example_dags/example_xcom.py for tasks to queue
[2024-01-05T14:17:32.028+0000] {logging_mixin.py:137} INFO - [2024-01-05T14:17:32.028+0000] {dagbag.py:538} INFO - Filling up the DagBag from /home/airflow/.local/lib/python3.7/site-packages/airflow/example_dags/example_xcom.py
[2024-01-05T14:17:32.046+0000] {processor.py:753} INFO - DAG(s) dict_keys(['example_xcom']) retrieved from /home/airflow/.local/lib/python3.7/site-packages/airflow/example_dags/example_xcom.py
[2024-01-05T14:17:32.071+0000] {logging_mixin.py:137} INFO - [2024-01-05T14:17:32.071+0000] {dag.py:2690} INFO - Sync 1 DAGs
[2024-01-05T14:17:32.090+0000] {logging_mixin.py:137} INFO - [2024-01-05T14:17:32.090+0000] {dag.py:3441} INFO - Setting next_dagrun for example_xcom to 2021-01-01T00:00:00+00:00, run_after=2021-01-01T00:00:00+00:00
[2024-01-05T14:17:32.104+0000] {processor.py:175} INFO - Processing /home/airflow/.local/lib/python3.7/site-packages/airflow/example_dags/example_xcom.py took 0.082 seconds
[2024-01-05T14:18:02.358+0000] {processor.py:153} INFO - Started process (PID=7322) to work on /home/airflow/.local/lib/python3.7/site-packages/airflow/example_dags/example_xcom.py
[2024-01-05T14:18:02.359+0000] {processor.py:743} INFO - Processing file /home/airflow/.local/lib/python3.7/site-packages/airflow/example_dags/example_xcom.py for tasks to queue
[2024-01-05T14:18:02.360+0000] {logging_mixin.py:137} INFO - [2024-01-05T14:18:02.360+0000] {dagbag.py:538} INFO - Filling up the DagBag from /home/airflow/.local/lib/python3.7/site-packages/airflow/example_dags/example_xcom.py
[2024-01-05T14:18:02.381+0000] {processor.py:753} INFO - DAG(s) dict_keys(['example_xcom']) retrieved from /home/airflow/.local/lib/python3.7/site-packages/airflow/example_dags/example_xcom.py
[2024-01-05T14:18:02.405+0000] {logging_mixin.py:137} INFO - [2024-01-05T14:18:02.405+0000] {dag.py:2690} INFO - Sync 1 DAGs
[2024-01-05T14:18:02.424+0000] {logging_mixin.py:137} INFO - [2024-01-05T14:18:02.424+0000] {dag.py:3441} INFO - Setting next_dagrun for example_xcom to 2021-01-01T00:00:00+00:00, run_after=2021-01-01T00:00:00+00:00
[2024-01-05T14:18:02.437+0000] {processor.py:175} INFO - Processing /home/airflow/.local/lib/python3.7/site-packages/airflow/example_dags/example_xcom.py took 0.082 seconds
[2024-01-05T14:18:33.416+0000] {processor.py:153} INFO - Started process (PID=7384) to work on /home/airflow/.local/lib/python3.7/site-packages/airflow/example_dags/example_xcom.py
[2024-01-05T14:18:33.418+0000] {processor.py:743} INFO - Processing file /home/airflow/.local/lib/python3.7/site-packages/airflow/example_dags/example_xcom.py for tasks to queue
[2024-01-05T14:18:33.418+0000] {logging_mixin.py:137} INFO - [2024-01-05T14:18:33.418+0000] {dagbag.py:538} INFO - Filling up the DagBag from /home/airflow/.local/lib/python3.7/site-packages/airflow/example_dags/example_xcom.py
[2024-01-05T14:18:33.437+0000] {processor.py:753} INFO - DAG(s) dict_keys(['example_xcom']) retrieved from /home/airflow/.local/lib/python3.7/site-packages/airflow/example_dags/example_xcom.py
[2024-01-05T14:18:33.462+0000] {logging_mixin.py:137} INFO - [2024-01-05T14:18:33.461+0000] {dag.py:2690} INFO - Sync 1 DAGs
[2024-01-05T14:18:33.480+0000] {logging_mixin.py:137} INFO - [2024-01-05T14:18:33.480+0000] {dag.py:3441} INFO - Setting next_dagrun for example_xcom to 2021-01-01T00:00:00+00:00, run_after=2021-01-01T00:00:00+00:00
[2024-01-05T14:18:33.493+0000] {processor.py:175} INFO - Processing /home/airflow/.local/lib/python3.7/site-packages/airflow/example_dags/example_xcom.py took 0.079 seconds
[2024-01-05T14:19:03.960+0000] {processor.py:153} INFO - Started process (PID=7459) to work on /home/airflow/.local/lib/python3.7/site-packages/airflow/example_dags/example_xcom.py
[2024-01-05T14:19:03.961+0000] {processor.py:743} INFO - Processing file /home/airflow/.local/lib/python3.7/site-packages/airflow/example_dags/example_xcom.py for tasks to queue
[2024-01-05T14:19:03.962+0000] {logging_mixin.py:137} INFO - [2024-01-05T14:19:03.962+0000] {dagbag.py:538} INFO - Filling up the DagBag from /home/airflow/.local/lib/python3.7/site-packages/airflow/example_dags/example_xcom.py
[2024-01-05T14:19:03.979+0000] {processor.py:753} INFO - DAG(s) dict_keys(['example_xcom']) retrieved from /home/airflow/.local/lib/python3.7/site-packages/airflow/example_dags/example_xcom.py
[2024-01-05T14:19:04.001+0000] {logging_mixin.py:137} INFO - [2024-01-05T14:19:04.000+0000] {dag.py:2690} INFO - Sync 1 DAGs
[2024-01-05T14:19:04.021+0000] {logging_mixin.py:137} INFO - [2024-01-05T14:19:04.020+0000] {dag.py:3441} INFO - Setting next_dagrun for example_xcom to 2021-01-01T00:00:00+00:00, run_after=2021-01-01T00:00:00+00:00
[2024-01-05T14:19:04.036+0000] {processor.py:175} INFO - Processing /home/airflow/.local/lib/python3.7/site-packages/airflow/example_dags/example_xcom.py took 0.080 seconds
[2024-01-05T14:19:34.240+0000] {processor.py:153} INFO - Started process (PID=7534) to work on /home/airflow/.local/lib/python3.7/site-packages/airflow/example_dags/example_xcom.py
[2024-01-05T14:19:34.241+0000] {processor.py:743} INFO - Processing file /home/airflow/.local/lib/python3.7/site-packages/airflow/example_dags/example_xcom.py for tasks to queue
[2024-01-05T14:19:34.243+0000] {logging_mixin.py:137} INFO - [2024-01-05T14:19:34.243+0000] {dagbag.py:538} INFO - Filling up the DagBag from /home/airflow/.local/lib/python3.7/site-packages/airflow/example_dags/example_xcom.py
[2024-01-05T14:19:34.263+0000] {processor.py:753} INFO - DAG(s) dict_keys(['example_xcom']) retrieved from /home/airflow/.local/lib/python3.7/site-packages/airflow/example_dags/example_xcom.py
[2024-01-05T14:19:34.292+0000] {logging_mixin.py:137} INFO - [2024-01-05T14:19:34.292+0000] {dag.py:2690} INFO - Sync 1 DAGs
[2024-01-05T14:19:34.320+0000] {logging_mixin.py:137} INFO - [2024-01-05T14:19:34.320+0000] {dag.py:3441} INFO - Setting next_dagrun for example_xcom to 2021-01-01T00:00:00+00:00, run_after=2021-01-01T00:00:00+00:00
[2024-01-05T14:19:34.344+0000] {processor.py:175} INFO - Processing /home/airflow/.local/lib/python3.7/site-packages/airflow/example_dags/example_xcom.py took 0.110 seconds
[2024-01-05T14:20:05.191+0000] {processor.py:153} INFO - Started process (PID=7596) to work on /home/airflow/.local/lib/python3.7/site-packages/airflow/example_dags/example_xcom.py
[2024-01-05T14:20:05.193+0000] {processor.py:743} INFO - Processing file /home/airflow/.local/lib/python3.7/site-packages/airflow/example_dags/example_xcom.py for tasks to queue
[2024-01-05T14:20:05.194+0000] {logging_mixin.py:137} INFO - [2024-01-05T14:20:05.194+0000] {dagbag.py:538} INFO - Filling up the DagBag from /home/airflow/.local/lib/python3.7/site-packages/airflow/example_dags/example_xcom.py
[2024-01-05T14:20:05.214+0000] {processor.py:753} INFO - DAG(s) dict_keys(['example_xcom']) retrieved from /home/airflow/.local/lib/python3.7/site-packages/airflow/example_dags/example_xcom.py
[2024-01-05T14:20:05.252+0000] {logging_mixin.py:137} INFO - [2024-01-05T14:20:05.252+0000] {dag.py:2690} INFO - Sync 1 DAGs
[2024-01-05T14:20:05.285+0000] {logging_mixin.py:137} INFO - [2024-01-05T14:20:05.285+0000] {dag.py:3441} INFO - Setting next_dagrun for example_xcom to 2021-01-01T00:00:00+00:00, run_after=2021-01-01T00:00:00+00:00
[2024-01-05T14:20:05.311+0000] {processor.py:175} INFO - Processing /home/airflow/.local/lib/python3.7/site-packages/airflow/example_dags/example_xcom.py took 0.123 seconds
[2024-01-05T14:20:36.247+0000] {processor.py:153} INFO - Started process (PID=7671) to work on /home/airflow/.local/lib/python3.7/site-packages/airflow/example_dags/example_xcom.py
[2024-01-05T14:20:36.250+0000] {processor.py:743} INFO - Processing file /home/airflow/.local/lib/python3.7/site-packages/airflow/example_dags/example_xcom.py for tasks to queue
[2024-01-05T14:20:36.251+0000] {logging_mixin.py:137} INFO - [2024-01-05T14:20:36.251+0000] {dagbag.py:538} INFO - Filling up the DagBag from /home/airflow/.local/lib/python3.7/site-packages/airflow/example_dags/example_xcom.py
[2024-01-05T14:20:36.266+0000] {processor.py:753} INFO - DAG(s) dict_keys(['example_xcom']) retrieved from /home/airflow/.local/lib/python3.7/site-packages/airflow/example_dags/example_xcom.py
[2024-01-05T14:20:36.289+0000] {logging_mixin.py:137} INFO - [2024-01-05T14:20:36.289+0000] {dag.py:2690} INFO - Sync 1 DAGs
[2024-01-05T14:20:36.313+0000] {logging_mixin.py:137} INFO - [2024-01-05T14:20:36.312+0000] {dag.py:3441} INFO - Setting next_dagrun for example_xcom to 2021-01-01T00:00:00+00:00, run_after=2021-01-01T00:00:00+00:00
[2024-01-05T14:20:36.325+0000] {processor.py:175} INFO - Processing /home/airflow/.local/lib/python3.7/site-packages/airflow/example_dags/example_xcom.py took 0.082 seconds
[2024-01-05T14:21:07.087+0000] {processor.py:153} INFO - Started process (PID=7734) to work on /home/airflow/.local/lib/python3.7/site-packages/airflow/example_dags/example_xcom.py
[2024-01-05T14:21:07.089+0000] {processor.py:743} INFO - Processing file /home/airflow/.local/lib/python3.7/site-packages/airflow/example_dags/example_xcom.py for tasks to queue
[2024-01-05T14:21:07.090+0000] {logging_mixin.py:137} INFO - [2024-01-05T14:21:07.090+0000] {dagbag.py:538} INFO - Filling up the DagBag from /home/airflow/.local/lib/python3.7/site-packages/airflow/example_dags/example_xcom.py
[2024-01-05T14:21:07.108+0000] {processor.py:753} INFO - DAG(s) dict_keys(['example_xcom']) retrieved from /home/airflow/.local/lib/python3.7/site-packages/airflow/example_dags/example_xcom.py
[2024-01-05T14:21:07.128+0000] {logging_mixin.py:137} INFO - [2024-01-05T14:21:07.128+0000] {dag.py:2690} INFO - Sync 1 DAGs
[2024-01-05T14:21:07.145+0000] {logging_mixin.py:137} INFO - [2024-01-05T14:21:07.145+0000] {dag.py:3441} INFO - Setting next_dagrun for example_xcom to 2021-01-01T00:00:00+00:00, run_after=2021-01-01T00:00:00+00:00
[2024-01-05T14:21:07.159+0000] {processor.py:175} INFO - Processing /home/airflow/.local/lib/python3.7/site-packages/airflow/example_dags/example_xcom.py took 0.075 seconds
[2024-01-05T14:21:37.830+0000] {processor.py:153} INFO - Started process (PID=7810) to work on /home/airflow/.local/lib/python3.7/site-packages/airflow/example_dags/example_xcom.py
[2024-01-05T14:21:37.831+0000] {processor.py:743} INFO - Processing file /home/airflow/.local/lib/python3.7/site-packages/airflow/example_dags/example_xcom.py for tasks to queue
[2024-01-05T14:21:37.832+0000] {logging_mixin.py:137} INFO - [2024-01-05T14:21:37.832+0000] {dagbag.py:538} INFO - Filling up the DagBag from /home/airflow/.local/lib/python3.7/site-packages/airflow/example_dags/example_xcom.py
[2024-01-05T14:21:37.853+0000] {processor.py:753} INFO - DAG(s) dict_keys(['example_xcom']) retrieved from /home/airflow/.local/lib/python3.7/site-packages/airflow/example_dags/example_xcom.py
[2024-01-05T14:21:37.875+0000] {logging_mixin.py:137} INFO - [2024-01-05T14:21:37.875+0000] {dag.py:2690} INFO - Sync 1 DAGs
[2024-01-05T14:21:37.906+0000] {logging_mixin.py:137} INFO - [2024-01-05T14:21:37.906+0000] {dag.py:3441} INFO - Setting next_dagrun for example_xcom to 2021-01-01T00:00:00+00:00, run_after=2021-01-01T00:00:00+00:00
[2024-01-05T14:21:37.931+0000] {processor.py:175} INFO - Processing /home/airflow/.local/lib/python3.7/site-packages/airflow/example_dags/example_xcom.py took 0.104 seconds
[2024-01-05T14:22:08.164+0000] {processor.py:153} INFO - Started process (PID=7882) to work on /home/airflow/.local/lib/python3.7/site-packages/airflow/example_dags/example_xcom.py
[2024-01-05T14:22:08.170+0000] {processor.py:743} INFO - Processing file /home/airflow/.local/lib/python3.7/site-packages/airflow/example_dags/example_xcom.py for tasks to queue
[2024-01-05T14:22:08.172+0000] {logging_mixin.py:137} INFO - [2024-01-05T14:22:08.172+0000] {dagbag.py:538} INFO - Filling up the DagBag from /home/airflow/.local/lib/python3.7/site-packages/airflow/example_dags/example_xcom.py
[2024-01-05T14:22:08.203+0000] {processor.py:753} INFO - DAG(s) dict_keys(['example_xcom']) retrieved from /home/airflow/.local/lib/python3.7/site-packages/airflow/example_dags/example_xcom.py
[2024-01-05T14:22:08.252+0000] {logging_mixin.py:137} INFO - [2024-01-05T14:22:08.252+0000] {dag.py:2690} INFO - Sync 1 DAGs
[2024-01-05T14:22:08.292+0000] {logging_mixin.py:137} INFO - [2024-01-05T14:22:08.292+0000] {dag.py:3441} INFO - Setting next_dagrun for example_xcom to 2021-01-01T00:00:00+00:00, run_after=2021-01-01T00:00:00+00:00
[2024-01-05T14:22:08.323+0000] {processor.py:175} INFO - Processing /home/airflow/.local/lib/python3.7/site-packages/airflow/example_dags/example_xcom.py took 0.168 seconds
[2024-01-05T14:22:38.610+0000] {processor.py:153} INFO - Started process (PID=7949) to work on /home/airflow/.local/lib/python3.7/site-packages/airflow/example_dags/example_xcom.py
[2024-01-05T14:22:38.611+0000] {processor.py:743} INFO - Processing file /home/airflow/.local/lib/python3.7/site-packages/airflow/example_dags/example_xcom.py for tasks to queue
[2024-01-05T14:22:38.612+0000] {logging_mixin.py:137} INFO - [2024-01-05T14:22:38.612+0000] {dagbag.py:538} INFO - Filling up the DagBag from /home/airflow/.local/lib/python3.7/site-packages/airflow/example_dags/example_xcom.py
[2024-01-05T14:22:38.629+0000] {processor.py:753} INFO - DAG(s) dict_keys(['example_xcom']) retrieved from /home/airflow/.local/lib/python3.7/site-packages/airflow/example_dags/example_xcom.py
[2024-01-05T14:22:38.653+0000] {logging_mixin.py:137} INFO - [2024-01-05T14:22:38.653+0000] {dag.py:2690} INFO - Sync 1 DAGs
[2024-01-05T14:22:38.680+0000] {logging_mixin.py:137} INFO - [2024-01-05T14:22:38.679+0000] {dag.py:3441} INFO - Setting next_dagrun for example_xcom to 2021-01-01T00:00:00+00:00, run_after=2021-01-01T00:00:00+00:00
[2024-01-05T14:22:38.694+0000] {processor.py:175} INFO - Processing /home/airflow/.local/lib/python3.7/site-packages/airflow/example_dags/example_xcom.py took 0.087 seconds
[2024-01-05T14:23:09.802+0000] {processor.py:153} INFO - Started process (PID=8025) to work on /home/airflow/.local/lib/python3.7/site-packages/airflow/example_dags/example_xcom.py
[2024-01-05T14:23:09.805+0000] {processor.py:743} INFO - Processing file /home/airflow/.local/lib/python3.7/site-packages/airflow/example_dags/example_xcom.py for tasks to queue
[2024-01-05T14:23:09.810+0000] {logging_mixin.py:137} INFO - [2024-01-05T14:23:09.809+0000] {dagbag.py:538} INFO - Filling up the DagBag from /home/airflow/.local/lib/python3.7/site-packages/airflow/example_dags/example_xcom.py
[2024-01-05T14:23:09.866+0000] {processor.py:753} INFO - DAG(s) dict_keys(['example_xcom']) retrieved from /home/airflow/.local/lib/python3.7/site-packages/airflow/example_dags/example_xcom.py
[2024-01-05T14:23:09.933+0000] {logging_mixin.py:137} INFO - [2024-01-05T14:23:09.932+0000] {dag.py:2690} INFO - Sync 1 DAGs
[2024-01-05T14:23:09.968+0000] {logging_mixin.py:137} INFO - [2024-01-05T14:23:09.968+0000] {dag.py:3441} INFO - Setting next_dagrun for example_xcom to 2021-01-01T00:00:00+00:00, run_after=2021-01-01T00:00:00+00:00
[2024-01-05T14:23:10.037+0000] {processor.py:175} INFO - Processing /home/airflow/.local/lib/python3.7/site-packages/airflow/example_dags/example_xcom.py took 0.241 seconds
[2024-01-05T14:23:40.829+0000] {processor.py:153} INFO - Started process (PID=8087) to work on /home/airflow/.local/lib/python3.7/site-packages/airflow/example_dags/example_xcom.py
[2024-01-05T14:23:40.832+0000] {processor.py:743} INFO - Processing file /home/airflow/.local/lib/python3.7/site-packages/airflow/example_dags/example_xcom.py for tasks to queue
[2024-01-05T14:23:40.834+0000] {logging_mixin.py:137} INFO - [2024-01-05T14:23:40.833+0000] {dagbag.py:538} INFO - Filling up the DagBag from /home/airflow/.local/lib/python3.7/site-packages/airflow/example_dags/example_xcom.py
[2024-01-05T14:23:40.957+0000] {processor.py:753} INFO - DAG(s) dict_keys(['example_xcom']) retrieved from /home/airflow/.local/lib/python3.7/site-packages/airflow/example_dags/example_xcom.py
[2024-01-05T14:23:41.005+0000] {logging_mixin.py:137} INFO - [2024-01-05T14:23:41.005+0000] {dag.py:2690} INFO - Sync 1 DAGs
[2024-01-05T14:23:41.031+0000] {logging_mixin.py:137} INFO - [2024-01-05T14:23:41.030+0000] {dag.py:3441} INFO - Setting next_dagrun for example_xcom to 2021-01-01T00:00:00+00:00, run_after=2021-01-01T00:00:00+00:00
[2024-01-05T14:23:41.046+0000] {processor.py:175} INFO - Processing /home/airflow/.local/lib/python3.7/site-packages/airflow/example_dags/example_xcom.py took 0.222 seconds
[2024-01-05T14:24:11.711+0000] {processor.py:153} INFO - Started process (PID=8162) to work on /home/airflow/.local/lib/python3.7/site-packages/airflow/example_dags/example_xcom.py
[2024-01-05T14:24:11.712+0000] {processor.py:743} INFO - Processing file /home/airflow/.local/lib/python3.7/site-packages/airflow/example_dags/example_xcom.py for tasks to queue
[2024-01-05T14:24:11.713+0000] {logging_mixin.py:137} INFO - [2024-01-05T14:24:11.713+0000] {dagbag.py:538} INFO - Filling up the DagBag from /home/airflow/.local/lib/python3.7/site-packages/airflow/example_dags/example_xcom.py
[2024-01-05T14:24:11.809+0000] {processor.py:753} INFO - DAG(s) dict_keys(['example_xcom']) retrieved from /home/airflow/.local/lib/python3.7/site-packages/airflow/example_dags/example_xcom.py
[2024-01-05T14:24:11.850+0000] {logging_mixin.py:137} INFO - [2024-01-05T14:24:11.850+0000] {dag.py:2690} INFO - Sync 1 DAGs
[2024-01-05T14:24:11.872+0000] {logging_mixin.py:137} INFO - [2024-01-05T14:24:11.872+0000] {dag.py:3441} INFO - Setting next_dagrun for example_xcom to 2021-01-01T00:00:00+00:00, run_after=2021-01-01T00:00:00+00:00
[2024-01-05T14:24:11.886+0000] {processor.py:175} INFO - Processing /home/airflow/.local/lib/python3.7/site-packages/airflow/example_dags/example_xcom.py took 0.178 seconds
[2024-01-05T14:24:42.432+0000] {processor.py:153} INFO - Started process (PID=8226) to work on /home/airflow/.local/lib/python3.7/site-packages/airflow/example_dags/example_xcom.py
[2024-01-05T14:24:42.434+0000] {processor.py:743} INFO - Processing file /home/airflow/.local/lib/python3.7/site-packages/airflow/example_dags/example_xcom.py for tasks to queue
[2024-01-05T14:24:42.436+0000] {logging_mixin.py:137} INFO - [2024-01-05T14:24:42.435+0000] {dagbag.py:538} INFO - Filling up the DagBag from /home/airflow/.local/lib/python3.7/site-packages/airflow/example_dags/example_xcom.py
[2024-01-05T14:24:42.459+0000] {processor.py:753} INFO - DAG(s) dict_keys(['example_xcom']) retrieved from /home/airflow/.local/lib/python3.7/site-packages/airflow/example_dags/example_xcom.py
[2024-01-05T14:24:42.482+0000] {logging_mixin.py:137} INFO - [2024-01-05T14:24:42.481+0000] {dag.py:2690} INFO - Sync 1 DAGs
[2024-01-05T14:24:42.497+0000] {logging_mixin.py:137} INFO - [2024-01-05T14:24:42.497+0000] {dag.py:3441} INFO - Setting next_dagrun for example_xcom to 2021-01-01T00:00:00+00:00, run_after=2021-01-01T00:00:00+00:00
[2024-01-05T14:24:42.508+0000] {processor.py:175} INFO - Processing /home/airflow/.local/lib/python3.7/site-packages/airflow/example_dags/example_xcom.py took 0.082 seconds
[2024-01-05T14:25:12.665+0000] {processor.py:153} INFO - Started process (PID=8302) to work on /home/airflow/.local/lib/python3.7/site-packages/airflow/example_dags/example_xcom.py
[2024-01-05T14:25:12.667+0000] {processor.py:743} INFO - Processing file /home/airflow/.local/lib/python3.7/site-packages/airflow/example_dags/example_xcom.py for tasks to queue
[2024-01-05T14:25:12.668+0000] {logging_mixin.py:137} INFO - [2024-01-05T14:25:12.668+0000] {dagbag.py:538} INFO - Filling up the DagBag from /home/airflow/.local/lib/python3.7/site-packages/airflow/example_dags/example_xcom.py
[2024-01-05T14:25:12.697+0000] {processor.py:753} INFO - DAG(s) dict_keys(['example_xcom']) retrieved from /home/airflow/.local/lib/python3.7/site-packages/airflow/example_dags/example_xcom.py
[2024-01-05T14:25:12.722+0000] {logging_mixin.py:137} INFO - [2024-01-05T14:25:12.721+0000] {dag.py:2690} INFO - Sync 1 DAGs
[2024-01-05T14:25:12.738+0000] {logging_mixin.py:137} INFO - [2024-01-05T14:25:12.738+0000] {dag.py:3441} INFO - Setting next_dagrun for example_xcom to 2021-01-01T00:00:00+00:00, run_after=2021-01-01T00:00:00+00:00
[2024-01-05T14:25:12.751+0000] {processor.py:175} INFO - Processing /home/airflow/.local/lib/python3.7/site-packages/airflow/example_dags/example_xcom.py took 0.093 seconds
[2024-01-05T14:25:43.664+0000] {processor.py:153} INFO - Started process (PID=8365) to work on /home/airflow/.local/lib/python3.7/site-packages/airflow/example_dags/example_xcom.py
[2024-01-05T14:25:43.666+0000] {processor.py:743} INFO - Processing file /home/airflow/.local/lib/python3.7/site-packages/airflow/example_dags/example_xcom.py for tasks to queue
[2024-01-05T14:25:43.667+0000] {logging_mixin.py:137} INFO - [2024-01-05T14:25:43.667+0000] {dagbag.py:538} INFO - Filling up the DagBag from /home/airflow/.local/lib/python3.7/site-packages/airflow/example_dags/example_xcom.py
[2024-01-05T14:25:43.686+0000] {processor.py:753} INFO - DAG(s) dict_keys(['example_xcom']) retrieved from /home/airflow/.local/lib/python3.7/site-packages/airflow/example_dags/example_xcom.py
[2024-01-05T14:25:43.710+0000] {logging_mixin.py:137} INFO - [2024-01-05T14:25:43.709+0000] {dag.py:2690} INFO - Sync 1 DAGs
[2024-01-05T14:25:43.730+0000] {logging_mixin.py:137} INFO - [2024-01-05T14:25:43.730+0000] {dag.py:3441} INFO - Setting next_dagrun for example_xcom to 2021-01-01T00:00:00+00:00, run_after=2021-01-01T00:00:00+00:00
[2024-01-05T14:25:43.745+0000] {processor.py:175} INFO - Processing /home/airflow/.local/lib/python3.7/site-packages/airflow/example_dags/example_xcom.py took 0.085 seconds
[2024-01-05T14:26:14.228+0000] {processor.py:153} INFO - Started process (PID=8440) to work on /home/airflow/.local/lib/python3.7/site-packages/airflow/example_dags/example_xcom.py
[2024-01-05T14:26:14.230+0000] {processor.py:743} INFO - Processing file /home/airflow/.local/lib/python3.7/site-packages/airflow/example_dags/example_xcom.py for tasks to queue
[2024-01-05T14:26:14.231+0000] {logging_mixin.py:137} INFO - [2024-01-05T14:26:14.231+0000] {dagbag.py:538} INFO - Filling up the DagBag from /home/airflow/.local/lib/python3.7/site-packages/airflow/example_dags/example_xcom.py
[2024-01-05T14:26:14.259+0000] {processor.py:753} INFO - DAG(s) dict_keys(['example_xcom']) retrieved from /home/airflow/.local/lib/python3.7/site-packages/airflow/example_dags/example_xcom.py
[2024-01-05T14:26:14.314+0000] {logging_mixin.py:137} INFO - [2024-01-05T14:26:14.314+0000] {dag.py:2690} INFO - Sync 1 DAGs
[2024-01-05T14:26:14.335+0000] {logging_mixin.py:137} INFO - [2024-01-05T14:26:14.335+0000] {dag.py:3441} INFO - Setting next_dagrun for example_xcom to 2021-01-01T00:00:00+00:00, run_after=2021-01-01T00:00:00+00:00
[2024-01-05T14:26:14.350+0000] {processor.py:175} INFO - Processing /home/airflow/.local/lib/python3.7/site-packages/airflow/example_dags/example_xcom.py took 0.127 seconds
[2024-01-05T14:26:44.452+0000] {processor.py:153} INFO - Started process (PID=8511) to work on /home/airflow/.local/lib/python3.7/site-packages/airflow/example_dags/example_xcom.py
[2024-01-05T14:26:44.454+0000] {processor.py:743} INFO - Processing file /home/airflow/.local/lib/python3.7/site-packages/airflow/example_dags/example_xcom.py for tasks to queue
[2024-01-05T14:26:44.456+0000] {logging_mixin.py:137} INFO - [2024-01-05T14:26:44.456+0000] {dagbag.py:538} INFO - Filling up the DagBag from /home/airflow/.local/lib/python3.7/site-packages/airflow/example_dags/example_xcom.py
[2024-01-05T14:26:44.489+0000] {processor.py:753} INFO - DAG(s) dict_keys(['example_xcom']) retrieved from /home/airflow/.local/lib/python3.7/site-packages/airflow/example_dags/example_xcom.py
[2024-01-05T14:26:44.540+0000] {logging_mixin.py:137} INFO - [2024-01-05T14:26:44.540+0000] {dag.py:2690} INFO - Sync 1 DAGs
[2024-01-05T14:26:44.568+0000] {logging_mixin.py:137} INFO - [2024-01-05T14:26:44.568+0000] {dag.py:3441} INFO - Setting next_dagrun for example_xcom to 2021-01-01T00:00:00+00:00, run_after=2021-01-01T00:00:00+00:00
[2024-01-05T14:26:44.587+0000] {processor.py:175} INFO - Processing /home/airflow/.local/lib/python3.7/site-packages/airflow/example_dags/example_xcom.py took 0.153 seconds
