[2024-01-05T01:20:56.472+0000] {processor.py:153} INFO - Started process (PID=4341) to work on /home/airflow/.local/lib/python3.7/site-packages/airflow/example_dags/example_trigger_controller_dag.py
[2024-01-05T01:20:56.480+0000] {processor.py:743} INFO - Processing file /home/airflow/.local/lib/python3.7/site-packages/airflow/example_dags/example_trigger_controller_dag.py for tasks to queue
[2024-01-05T01:20:56.481+0000] {logging_mixin.py:137} INFO - [2024-01-05T01:20:56.481+0000] {dagbag.py:538} INFO - Filling up the DagBag from /home/airflow/.local/lib/python3.7/site-packages/airflow/example_dags/example_trigger_controller_dag.py
[2024-01-05T01:20:56.508+0000] {processor.py:753} INFO - DAG(s) dict_keys(['example_trigger_controller_dag']) retrieved from /home/airflow/.local/lib/python3.7/site-packages/airflow/example_dags/example_trigger_controller_dag.py
[2024-01-05T01:20:56.547+0000] {logging_mixin.py:137} INFO - [2024-01-05T01:20:56.546+0000] {dag.py:2690} INFO - Sync 1 DAGs
[2024-01-05T01:20:56.591+0000] {logging_mixin.py:137} INFO - [2024-01-05T01:20:56.591+0000] {dag.py:3441} INFO - Setting next_dagrun for example_trigger_controller_dag to 2021-01-01T00:00:00+00:00, run_after=2021-01-01T00:00:00+00:00
[2024-01-05T01:20:56.610+0000] {processor.py:175} INFO - Processing /home/airflow/.local/lib/python3.7/site-packages/airflow/example_dags/example_trigger_controller_dag.py took 0.141 seconds
[2024-01-05T02:31:18.468+0000] {processor.py:153} INFO - Started process (PID=4404) to work on /home/airflow/.local/lib/python3.7/site-packages/airflow/example_dags/example_trigger_controller_dag.py
[2024-01-05T02:31:18.469+0000] {processor.py:743} INFO - Processing file /home/airflow/.local/lib/python3.7/site-packages/airflow/example_dags/example_trigger_controller_dag.py for tasks to queue
[2024-01-05T02:31:18.471+0000] {logging_mixin.py:137} INFO - [2024-01-05T02:31:18.471+0000] {dagbag.py:538} INFO - Filling up the DagBag from /home/airflow/.local/lib/python3.7/site-packages/airflow/example_dags/example_trigger_controller_dag.py
[2024-01-05T02:31:18.479+0000] {processor.py:753} INFO - DAG(s) dict_keys(['example_trigger_controller_dag']) retrieved from /home/airflow/.local/lib/python3.7/site-packages/airflow/example_dags/example_trigger_controller_dag.py
[2024-01-05T02:31:18.499+0000] {logging_mixin.py:137} INFO - [2024-01-05T02:31:18.499+0000] {dag.py:2690} INFO - Sync 1 DAGs
[2024-01-05T02:31:18.516+0000] {logging_mixin.py:137} INFO - [2024-01-05T02:31:18.516+0000] {dag.py:3441} INFO - Setting next_dagrun for example_trigger_controller_dag to 2021-01-01T00:00:00+00:00, run_after=2021-01-01T00:00:00+00:00
[2024-01-05T02:31:18.527+0000] {processor.py:175} INFO - Processing /home/airflow/.local/lib/python3.7/site-packages/airflow/example_dags/example_trigger_controller_dag.py took 0.063 seconds
[2024-01-05T03:42:27.433+0000] {processor.py:153} INFO - Started process (PID=4467) to work on /home/airflow/.local/lib/python3.7/site-packages/airflow/example_dags/example_trigger_controller_dag.py
[2024-01-05T03:42:27.434+0000] {processor.py:743} INFO - Processing file /home/airflow/.local/lib/python3.7/site-packages/airflow/example_dags/example_trigger_controller_dag.py for tasks to queue
[2024-01-05T03:42:27.434+0000] {logging_mixin.py:137} INFO - [2024-01-05T03:42:27.434+0000] {dagbag.py:538} INFO - Filling up the DagBag from /home/airflow/.local/lib/python3.7/site-packages/airflow/example_dags/example_trigger_controller_dag.py
[2024-01-05T03:42:27.443+0000] {processor.py:753} INFO - DAG(s) dict_keys(['example_trigger_controller_dag']) retrieved from /home/airflow/.local/lib/python3.7/site-packages/airflow/example_dags/example_trigger_controller_dag.py
[2024-01-05T03:42:27.476+0000] {logging_mixin.py:137} INFO - [2024-01-05T03:42:27.476+0000] {dag.py:2690} INFO - Sync 1 DAGs
[2024-01-05T03:42:27.497+0000] {logging_mixin.py:137} INFO - [2024-01-05T03:42:27.496+0000] {dag.py:3441} INFO - Setting next_dagrun for example_trigger_controller_dag to 2021-01-01T00:00:00+00:00, run_after=2021-01-01T00:00:00+00:00
[2024-01-05T03:42:27.509+0000] {processor.py:175} INFO - Processing /home/airflow/.local/lib/python3.7/site-packages/airflow/example_dags/example_trigger_controller_dag.py took 0.079 seconds
[2024-01-05T05:03:27.365+0000] {processor.py:153} INFO - Started process (PID=4542) to work on /home/airflow/.local/lib/python3.7/site-packages/airflow/example_dags/example_trigger_controller_dag.py
[2024-01-05T05:03:27.367+0000] {processor.py:743} INFO - Processing file /home/airflow/.local/lib/python3.7/site-packages/airflow/example_dags/example_trigger_controller_dag.py for tasks to queue
[2024-01-05T05:03:27.368+0000] {logging_mixin.py:137} INFO - [2024-01-05T05:03:27.368+0000] {dagbag.py:538} INFO - Filling up the DagBag from /home/airflow/.local/lib/python3.7/site-packages/airflow/example_dags/example_trigger_controller_dag.py
[2024-01-05T05:03:27.376+0000] {processor.py:753} INFO - DAG(s) dict_keys(['example_trigger_controller_dag']) retrieved from /home/airflow/.local/lib/python3.7/site-packages/airflow/example_dags/example_trigger_controller_dag.py
[2024-01-05T05:03:27.402+0000] {logging_mixin.py:137} INFO - [2024-01-05T05:03:27.402+0000] {dag.py:2690} INFO - Sync 1 DAGs
[2024-01-05T05:03:27.429+0000] {logging_mixin.py:137} INFO - [2024-01-05T05:03:27.429+0000] {dag.py:3441} INFO - Setting next_dagrun for example_trigger_controller_dag to 2021-01-01T00:00:00+00:00, run_after=2021-01-01T00:00:00+00:00
[2024-01-05T05:03:27.442+0000] {processor.py:175} INFO - Processing /home/airflow/.local/lib/python3.7/site-packages/airflow/example_dags/example_trigger_controller_dag.py took 0.080 seconds
[2024-01-05T06:28:03.228+0000] {processor.py:153} INFO - Started process (PID=4604) to work on /home/airflow/.local/lib/python3.7/site-packages/airflow/example_dags/example_trigger_controller_dag.py
[2024-01-05T06:28:03.230+0000] {processor.py:743} INFO - Processing file /home/airflow/.local/lib/python3.7/site-packages/airflow/example_dags/example_trigger_controller_dag.py for tasks to queue
[2024-01-05T06:28:03.231+0000] {logging_mixin.py:137} INFO - [2024-01-05T06:28:03.231+0000] {dagbag.py:538} INFO - Filling up the DagBag from /home/airflow/.local/lib/python3.7/site-packages/airflow/example_dags/example_trigger_controller_dag.py
[2024-01-05T06:28:03.241+0000] {processor.py:753} INFO - DAG(s) dict_keys(['example_trigger_controller_dag']) retrieved from /home/airflow/.local/lib/python3.7/site-packages/airflow/example_dags/example_trigger_controller_dag.py
[2024-01-05T06:28:03.265+0000] {logging_mixin.py:137} INFO - [2024-01-05T06:28:03.265+0000] {dag.py:2690} INFO - Sync 1 DAGs
[2024-01-05T06:28:03.282+0000] {logging_mixin.py:137} INFO - [2024-01-05T06:28:03.282+0000] {dag.py:3441} INFO - Setting next_dagrun for example_trigger_controller_dag to 2021-01-01T00:00:00+00:00, run_after=2021-01-01T00:00:00+00:00
[2024-01-05T06:28:03.294+0000] {processor.py:175} INFO - Processing /home/airflow/.local/lib/python3.7/site-packages/airflow/example_dags/example_trigger_controller_dag.py took 0.069 seconds
[2024-01-05T07:47:05.355+0000] {processor.py:153} INFO - Started process (PID=4674) to work on /home/airflow/.local/lib/python3.7/site-packages/airflow/example_dags/example_trigger_controller_dag.py
[2024-01-05T07:47:05.358+0000] {processor.py:743} INFO - Processing file /home/airflow/.local/lib/python3.7/site-packages/airflow/example_dags/example_trigger_controller_dag.py for tasks to queue
[2024-01-05T07:47:05.359+0000] {logging_mixin.py:137} INFO - [2024-01-05T07:47:05.359+0000] {dagbag.py:538} INFO - Filling up the DagBag from /home/airflow/.local/lib/python3.7/site-packages/airflow/example_dags/example_trigger_controller_dag.py
[2024-01-05T07:47:05.415+0000] {processor.py:753} INFO - DAG(s) dict_keys(['example_trigger_controller_dag']) retrieved from /home/airflow/.local/lib/python3.7/site-packages/airflow/example_dags/example_trigger_controller_dag.py
[2024-01-05T07:47:05.490+0000] {logging_mixin.py:137} INFO - [2024-01-05T07:47:05.490+0000] {dag.py:2690} INFO - Sync 1 DAGs
[2024-01-05T07:47:05.554+0000] {logging_mixin.py:137} INFO - [2024-01-05T07:47:05.553+0000] {dag.py:3441} INFO - Setting next_dagrun for example_trigger_controller_dag to 2021-01-01T00:00:00+00:00, run_after=2021-01-01T00:00:00+00:00
[2024-01-05T07:47:05.614+0000] {processor.py:175} INFO - Processing /home/airflow/.local/lib/python3.7/site-packages/airflow/example_dags/example_trigger_controller_dag.py took 0.267 seconds
[2024-01-05T09:24:47.836+0000] {processor.py:153} INFO - Started process (PID=4741) to work on /home/airflow/.local/lib/python3.7/site-packages/airflow/example_dags/example_trigger_controller_dag.py
[2024-01-05T09:24:47.839+0000] {processor.py:743} INFO - Processing file /home/airflow/.local/lib/python3.7/site-packages/airflow/example_dags/example_trigger_controller_dag.py for tasks to queue
[2024-01-05T09:24:47.841+0000] {logging_mixin.py:137} INFO - [2024-01-05T09:24:47.841+0000] {dagbag.py:538} INFO - Filling up the DagBag from /home/airflow/.local/lib/python3.7/site-packages/airflow/example_dags/example_trigger_controller_dag.py
[2024-01-05T09:24:47.857+0000] {processor.py:753} INFO - DAG(s) dict_keys(['example_trigger_controller_dag']) retrieved from /home/airflow/.local/lib/python3.7/site-packages/airflow/example_dags/example_trigger_controller_dag.py
[2024-01-05T09:24:47.882+0000] {logging_mixin.py:137} INFO - [2024-01-05T09:24:47.882+0000] {dag.py:2690} INFO - Sync 1 DAGs
[2024-01-05T09:24:47.901+0000] {logging_mixin.py:137} INFO - [2024-01-05T09:24:47.901+0000] {dag.py:3441} INFO - Setting next_dagrun for example_trigger_controller_dag to 2021-01-01T00:00:00+00:00, run_after=2021-01-01T00:00:00+00:00
[2024-01-05T09:24:47.913+0000] {processor.py:175} INFO - Processing /home/airflow/.local/lib/python3.7/site-packages/airflow/example_dags/example_trigger_controller_dag.py took 0.081 seconds
[2024-01-05T10:32:48.172+0000] {processor.py:153} INFO - Started process (PID=4804) to work on /home/airflow/.local/lib/python3.7/site-packages/airflow/example_dags/example_trigger_controller_dag.py
[2024-01-05T10:32:48.174+0000] {processor.py:743} INFO - Processing file /home/airflow/.local/lib/python3.7/site-packages/airflow/example_dags/example_trigger_controller_dag.py for tasks to queue
[2024-01-05T10:32:48.174+0000] {logging_mixin.py:137} INFO - [2024-01-05T10:32:48.174+0000] {dagbag.py:538} INFO - Filling up the DagBag from /home/airflow/.local/lib/python3.7/site-packages/airflow/example_dags/example_trigger_controller_dag.py
[2024-01-05T10:32:48.183+0000] {processor.py:753} INFO - DAG(s) dict_keys(['example_trigger_controller_dag']) retrieved from /home/airflow/.local/lib/python3.7/site-packages/airflow/example_dags/example_trigger_controller_dag.py
[2024-01-05T10:32:48.204+0000] {logging_mixin.py:137} INFO - [2024-01-05T10:32:48.204+0000] {dag.py:2690} INFO - Sync 1 DAGs
[2024-01-05T10:32:48.222+0000] {logging_mixin.py:137} INFO - [2024-01-05T10:32:48.222+0000] {dag.py:3441} INFO - Setting next_dagrun for example_trigger_controller_dag to 2021-01-01T00:00:00+00:00, run_after=2021-01-01T00:00:00+00:00
[2024-01-05T10:32:48.233+0000] {processor.py:175} INFO - Processing /home/airflow/.local/lib/python3.7/site-packages/airflow/example_dags/example_trigger_controller_dag.py took 0.063 seconds
[2024-01-05T11:33:47.201+0000] {processor.py:153} INFO - Started process (PID=4879) to work on /home/airflow/.local/lib/python3.7/site-packages/airflow/example_dags/example_trigger_controller_dag.py
[2024-01-05T11:33:47.202+0000] {processor.py:743} INFO - Processing file /home/airflow/.local/lib/python3.7/site-packages/airflow/example_dags/example_trigger_controller_dag.py for tasks to queue
[2024-01-05T11:33:47.203+0000] {logging_mixin.py:137} INFO - [2024-01-05T11:33:47.203+0000] {dagbag.py:538} INFO - Filling up the DagBag from /home/airflow/.local/lib/python3.7/site-packages/airflow/example_dags/example_trigger_controller_dag.py
[2024-01-05T11:33:47.221+0000] {processor.py:753} INFO - DAG(s) dict_keys(['example_trigger_controller_dag']) retrieved from /home/airflow/.local/lib/python3.7/site-packages/airflow/example_dags/example_trigger_controller_dag.py
[2024-01-05T11:33:47.245+0000] {logging_mixin.py:137} INFO - [2024-01-05T11:33:47.245+0000] {dag.py:2690} INFO - Sync 1 DAGs
[2024-01-05T11:33:47.263+0000] {logging_mixin.py:137} INFO - [2024-01-05T11:33:47.263+0000] {dag.py:3441} INFO - Setting next_dagrun for example_trigger_controller_dag to 2021-01-01T00:00:00+00:00, run_after=2021-01-01T00:00:00+00:00
[2024-01-05T11:33:47.275+0000] {processor.py:175} INFO - Processing /home/airflow/.local/lib/python3.7/site-packages/airflow/example_dags/example_trigger_controller_dag.py took 0.079 seconds
[2024-01-05T12:52:18.710+0000] {processor.py:153} INFO - Started process (PID=4942) to work on /home/airflow/.local/lib/python3.7/site-packages/airflow/example_dags/example_trigger_controller_dag.py
[2024-01-05T12:52:18.716+0000] {processor.py:743} INFO - Processing file /home/airflow/.local/lib/python3.7/site-packages/airflow/example_dags/example_trigger_controller_dag.py for tasks to queue
[2024-01-05T12:52:18.722+0000] {logging_mixin.py:137} INFO - [2024-01-05T12:52:18.722+0000] {dagbag.py:538} INFO - Filling up the DagBag from /home/airflow/.local/lib/python3.7/site-packages/airflow/example_dags/example_trigger_controller_dag.py
[2024-01-05T12:52:18.764+0000] {processor.py:753} INFO - DAG(s) dict_keys(['example_trigger_controller_dag']) retrieved from /home/airflow/.local/lib/python3.7/site-packages/airflow/example_dags/example_trigger_controller_dag.py
[2024-01-05T12:52:18.835+0000] {logging_mixin.py:137} INFO - [2024-01-05T12:52:18.835+0000] {dag.py:2690} INFO - Sync 1 DAGs
[2024-01-05T12:52:18.877+0000] {logging_mixin.py:137} INFO - [2024-01-05T12:52:18.877+0000] {dag.py:3441} INFO - Setting next_dagrun for example_trigger_controller_dag to 2021-01-01T00:00:00+00:00, run_after=2021-01-01T00:00:00+00:00
[2024-01-05T12:52:18.900+0000] {processor.py:175} INFO - Processing /home/airflow/.local/lib/python3.7/site-packages/airflow/example_dags/example_trigger_controller_dag.py took 0.205 seconds
[2024-01-05T14:01:06.317+0000] {processor.py:153} INFO - Started process (PID=5016) to work on /home/airflow/.local/lib/python3.7/site-packages/airflow/example_dags/example_trigger_controller_dag.py
[2024-01-05T14:01:06.323+0000] {processor.py:743} INFO - Processing file /home/airflow/.local/lib/python3.7/site-packages/airflow/example_dags/example_trigger_controller_dag.py for tasks to queue
[2024-01-05T14:01:06.326+0000] {logging_mixin.py:137} INFO - [2024-01-05T14:01:06.326+0000] {dagbag.py:538} INFO - Filling up the DagBag from /home/airflow/.local/lib/python3.7/site-packages/airflow/example_dags/example_trigger_controller_dag.py
[2024-01-05T14:01:06.357+0000] {processor.py:753} INFO - DAG(s) dict_keys(['example_trigger_controller_dag']) retrieved from /home/airflow/.local/lib/python3.7/site-packages/airflow/example_dags/example_trigger_controller_dag.py
[2024-01-05T14:01:06.405+0000] {logging_mixin.py:137} INFO - [2024-01-05T14:01:06.404+0000] {dag.py:2690} INFO - Sync 1 DAGs
[2024-01-05T14:01:06.460+0000] {logging_mixin.py:137} INFO - [2024-01-05T14:01:06.459+0000] {dag.py:3441} INFO - Setting next_dagrun for example_trigger_controller_dag to 2021-01-01T00:00:00+00:00, run_after=2021-01-01T00:00:00+00:00
[2024-01-05T14:01:06.474+0000] {processor.py:175} INFO - Processing /home/airflow/.local/lib/python3.7/site-packages/airflow/example_dags/example_trigger_controller_dag.py took 0.163 seconds
[2024-01-05T14:01:36.776+0000] {processor.py:153} INFO - Started process (PID=5080) to work on /home/airflow/.local/lib/python3.7/site-packages/airflow/example_dags/example_trigger_controller_dag.py
[2024-01-05T14:01:36.777+0000] {processor.py:743} INFO - Processing file /home/airflow/.local/lib/python3.7/site-packages/airflow/example_dags/example_trigger_controller_dag.py for tasks to queue
[2024-01-05T14:01:36.779+0000] {logging_mixin.py:137} INFO - [2024-01-05T14:01:36.779+0000] {dagbag.py:538} INFO - Filling up the DagBag from /home/airflow/.local/lib/python3.7/site-packages/airflow/example_dags/example_trigger_controller_dag.py
[2024-01-05T14:01:36.793+0000] {processor.py:753} INFO - DAG(s) dict_keys(['example_trigger_controller_dag']) retrieved from /home/airflow/.local/lib/python3.7/site-packages/airflow/example_dags/example_trigger_controller_dag.py
[2024-01-05T14:01:36.824+0000] {logging_mixin.py:137} INFO - [2024-01-05T14:01:36.824+0000] {dag.py:2690} INFO - Sync 1 DAGs
[2024-01-05T14:01:36.846+0000] {logging_mixin.py:137} INFO - [2024-01-05T14:01:36.846+0000] {dag.py:3441} INFO - Setting next_dagrun for example_trigger_controller_dag to 2021-01-01T00:00:00+00:00, run_after=2021-01-01T00:00:00+00:00
[2024-01-05T14:01:36.858+0000] {processor.py:175} INFO - Processing /home/airflow/.local/lib/python3.7/site-packages/airflow/example_dags/example_trigger_controller_dag.py took 0.086 seconds
[2024-01-05T14:02:07.946+0000] {processor.py:153} INFO - Started process (PID=5151) to work on /home/airflow/.local/lib/python3.7/site-packages/airflow/example_dags/example_trigger_controller_dag.py
[2024-01-05T14:02:07.949+0000] {processor.py:743} INFO - Processing file /home/airflow/.local/lib/python3.7/site-packages/airflow/example_dags/example_trigger_controller_dag.py for tasks to queue
[2024-01-05T14:02:07.953+0000] {logging_mixin.py:137} INFO - [2024-01-05T14:02:07.953+0000] {dagbag.py:538} INFO - Filling up the DagBag from /home/airflow/.local/lib/python3.7/site-packages/airflow/example_dags/example_trigger_controller_dag.py
[2024-01-05T14:02:07.972+0000] {processor.py:753} INFO - DAG(s) dict_keys(['example_trigger_controller_dag']) retrieved from /home/airflow/.local/lib/python3.7/site-packages/airflow/example_dags/example_trigger_controller_dag.py
[2024-01-05T14:02:08.008+0000] {logging_mixin.py:137} INFO - [2024-01-05T14:02:08.008+0000] {dag.py:2690} INFO - Sync 1 DAGs
[2024-01-05T14:02:08.036+0000] {logging_mixin.py:137} INFO - [2024-01-05T14:02:08.036+0000] {dag.py:3441} INFO - Setting next_dagrun for example_trigger_controller_dag to 2021-01-01T00:00:00+00:00, run_after=2021-01-01T00:00:00+00:00
[2024-01-05T14:02:08.081+0000] {processor.py:175} INFO - Processing /home/airflow/.local/lib/python3.7/site-packages/airflow/example_dags/example_trigger_controller_dag.py took 0.139 seconds
[2024-01-05T14:02:38.329+0000] {processor.py:153} INFO - Started process (PID=5219) to work on /home/airflow/.local/lib/python3.7/site-packages/airflow/example_dags/example_trigger_controller_dag.py
[2024-01-05T14:02:38.330+0000] {processor.py:743} INFO - Processing file /home/airflow/.local/lib/python3.7/site-packages/airflow/example_dags/example_trigger_controller_dag.py for tasks to queue
[2024-01-05T14:02:38.331+0000] {logging_mixin.py:137} INFO - [2024-01-05T14:02:38.331+0000] {dagbag.py:538} INFO - Filling up the DagBag from /home/airflow/.local/lib/python3.7/site-packages/airflow/example_dags/example_trigger_controller_dag.py
[2024-01-05T14:02:38.340+0000] {processor.py:753} INFO - DAG(s) dict_keys(['example_trigger_controller_dag']) retrieved from /home/airflow/.local/lib/python3.7/site-packages/airflow/example_dags/example_trigger_controller_dag.py
[2024-01-05T14:02:38.360+0000] {logging_mixin.py:137} INFO - [2024-01-05T14:02:38.360+0000] {dag.py:2690} INFO - Sync 1 DAGs
[2024-01-05T14:02:38.376+0000] {logging_mixin.py:137} INFO - [2024-01-05T14:02:38.376+0000] {dag.py:3441} INFO - Setting next_dagrun for example_trigger_controller_dag to 2021-01-01T00:00:00+00:00, run_after=2021-01-01T00:00:00+00:00
[2024-01-05T14:02:38.388+0000] {processor.py:175} INFO - Processing /home/airflow/.local/lib/python3.7/site-packages/airflow/example_dags/example_trigger_controller_dag.py took 0.062 seconds
[2024-01-05T14:03:09.552+0000] {processor.py:153} INFO - Started process (PID=5291) to work on /home/airflow/.local/lib/python3.7/site-packages/airflow/example_dags/example_trigger_controller_dag.py
[2024-01-05T14:03:09.558+0000] {processor.py:743} INFO - Processing file /home/airflow/.local/lib/python3.7/site-packages/airflow/example_dags/example_trigger_controller_dag.py for tasks to queue
[2024-01-05T14:03:09.569+0000] {logging_mixin.py:137} INFO - [2024-01-05T14:03:09.567+0000] {dagbag.py:538} INFO - Filling up the DagBag from /home/airflow/.local/lib/python3.7/site-packages/airflow/example_dags/example_trigger_controller_dag.py
[2024-01-05T14:03:09.647+0000] {processor.py:753} INFO - DAG(s) dict_keys(['example_trigger_controller_dag']) retrieved from /home/airflow/.local/lib/python3.7/site-packages/airflow/example_dags/example_trigger_controller_dag.py
[2024-01-05T14:03:09.736+0000] {logging_mixin.py:137} INFO - [2024-01-05T14:03:09.736+0000] {dag.py:2690} INFO - Sync 1 DAGs
[2024-01-05T14:03:09.822+0000] {logging_mixin.py:137} INFO - [2024-01-05T14:03:09.822+0000] {dag.py:3441} INFO - Setting next_dagrun for example_trigger_controller_dag to 2021-01-01T00:00:00+00:00, run_after=2021-01-01T00:00:00+00:00
[2024-01-05T14:03:09.848+0000] {processor.py:175} INFO - Processing /home/airflow/.local/lib/python3.7/site-packages/airflow/example_dags/example_trigger_controller_dag.py took 0.303 seconds
[2024-01-05T14:03:40.097+0000] {processor.py:153} INFO - Started process (PID=5357) to work on /home/airflow/.local/lib/python3.7/site-packages/airflow/example_dags/example_trigger_controller_dag.py
[2024-01-05T14:03:40.098+0000] {processor.py:743} INFO - Processing file /home/airflow/.local/lib/python3.7/site-packages/airflow/example_dags/example_trigger_controller_dag.py for tasks to queue
[2024-01-05T14:03:40.100+0000] {logging_mixin.py:137} INFO - [2024-01-05T14:03:40.099+0000] {dagbag.py:538} INFO - Filling up the DagBag from /home/airflow/.local/lib/python3.7/site-packages/airflow/example_dags/example_trigger_controller_dag.py
[2024-01-05T14:03:40.108+0000] {processor.py:753} INFO - DAG(s) dict_keys(['example_trigger_controller_dag']) retrieved from /home/airflow/.local/lib/python3.7/site-packages/airflow/example_dags/example_trigger_controller_dag.py
[2024-01-05T14:03:40.131+0000] {logging_mixin.py:137} INFO - [2024-01-05T14:03:40.131+0000] {dag.py:2690} INFO - Sync 1 DAGs
[2024-01-05T14:03:40.148+0000] {logging_mixin.py:137} INFO - [2024-01-05T14:03:40.148+0000] {dag.py:3441} INFO - Setting next_dagrun for example_trigger_controller_dag to 2021-01-01T00:00:00+00:00, run_after=2021-01-01T00:00:00+00:00
[2024-01-05T14:03:40.159+0000] {processor.py:175} INFO - Processing /home/airflow/.local/lib/python3.7/site-packages/airflow/example_dags/example_trigger_controller_dag.py took 0.066 seconds
[2024-01-05T14:04:11.282+0000] {processor.py:153} INFO - Started process (PID=5433) to work on /home/airflow/.local/lib/python3.7/site-packages/airflow/example_dags/example_trigger_controller_dag.py
[2024-01-05T14:04:11.283+0000] {processor.py:743} INFO - Processing file /home/airflow/.local/lib/python3.7/site-packages/airflow/example_dags/example_trigger_controller_dag.py for tasks to queue
[2024-01-05T14:04:11.284+0000] {logging_mixin.py:137} INFO - [2024-01-05T14:04:11.284+0000] {dagbag.py:538} INFO - Filling up the DagBag from /home/airflow/.local/lib/python3.7/site-packages/airflow/example_dags/example_trigger_controller_dag.py
[2024-01-05T14:04:11.292+0000] {processor.py:753} INFO - DAG(s) dict_keys(['example_trigger_controller_dag']) retrieved from /home/airflow/.local/lib/python3.7/site-packages/airflow/example_dags/example_trigger_controller_dag.py
[2024-01-05T14:04:11.312+0000] {logging_mixin.py:137} INFO - [2024-01-05T14:04:11.312+0000] {dag.py:2690} INFO - Sync 1 DAGs
[2024-01-05T14:04:11.328+0000] {logging_mixin.py:137} INFO - [2024-01-05T14:04:11.328+0000] {dag.py:3441} INFO - Setting next_dagrun for example_trigger_controller_dag to 2021-01-01T00:00:00+00:00, run_after=2021-01-01T00:00:00+00:00
[2024-01-05T14:04:11.339+0000] {processor.py:175} INFO - Processing /home/airflow/.local/lib/python3.7/site-packages/airflow/example_dags/example_trigger_controller_dag.py took 0.061 seconds
[2024-01-05T14:04:42.338+0000] {processor.py:153} INFO - Started process (PID=5496) to work on /home/airflow/.local/lib/python3.7/site-packages/airflow/example_dags/example_trigger_controller_dag.py
[2024-01-05T14:04:42.339+0000] {processor.py:743} INFO - Processing file /home/airflow/.local/lib/python3.7/site-packages/airflow/example_dags/example_trigger_controller_dag.py for tasks to queue
[2024-01-05T14:04:42.340+0000] {logging_mixin.py:137} INFO - [2024-01-05T14:04:42.340+0000] {dagbag.py:538} INFO - Filling up the DagBag from /home/airflow/.local/lib/python3.7/site-packages/airflow/example_dags/example_trigger_controller_dag.py
[2024-01-05T14:04:42.349+0000] {processor.py:753} INFO - DAG(s) dict_keys(['example_trigger_controller_dag']) retrieved from /home/airflow/.local/lib/python3.7/site-packages/airflow/example_dags/example_trigger_controller_dag.py
[2024-01-05T14:04:42.370+0000] {logging_mixin.py:137} INFO - [2024-01-05T14:04:42.370+0000] {dag.py:2690} INFO - Sync 1 DAGs
[2024-01-05T14:04:42.385+0000] {logging_mixin.py:137} INFO - [2024-01-05T14:04:42.385+0000] {dag.py:3441} INFO - Setting next_dagrun for example_trigger_controller_dag to 2021-01-01T00:00:00+00:00, run_after=2021-01-01T00:00:00+00:00
[2024-01-05T14:04:42.395+0000] {processor.py:175} INFO - Processing /home/airflow/.local/lib/python3.7/site-packages/airflow/example_dags/example_trigger_controller_dag.py took 0.060 seconds
[2024-01-05T14:05:13.161+0000] {processor.py:153} INFO - Started process (PID=5571) to work on /home/airflow/.local/lib/python3.7/site-packages/airflow/example_dags/example_trigger_controller_dag.py
[2024-01-05T14:05:13.162+0000] {processor.py:743} INFO - Processing file /home/airflow/.local/lib/python3.7/site-packages/airflow/example_dags/example_trigger_controller_dag.py for tasks to queue
[2024-01-05T14:05:13.163+0000] {logging_mixin.py:137} INFO - [2024-01-05T14:05:13.163+0000] {dagbag.py:538} INFO - Filling up the DagBag from /home/airflow/.local/lib/python3.7/site-packages/airflow/example_dags/example_trigger_controller_dag.py
[2024-01-05T14:05:13.171+0000] {processor.py:753} INFO - DAG(s) dict_keys(['example_trigger_controller_dag']) retrieved from /home/airflow/.local/lib/python3.7/site-packages/airflow/example_dags/example_trigger_controller_dag.py
[2024-01-05T14:05:13.191+0000] {logging_mixin.py:137} INFO - [2024-01-05T14:05:13.191+0000] {dag.py:2690} INFO - Sync 1 DAGs
[2024-01-05T14:05:13.207+0000] {logging_mixin.py:137} INFO - [2024-01-05T14:05:13.207+0000] {dag.py:3441} INFO - Setting next_dagrun for example_trigger_controller_dag to 2021-01-01T00:00:00+00:00, run_after=2021-01-01T00:00:00+00:00
[2024-01-05T14:05:13.218+0000] {processor.py:175} INFO - Processing /home/airflow/.local/lib/python3.7/site-packages/airflow/example_dags/example_trigger_controller_dag.py took 0.061 seconds
[2024-01-05T14:05:43.529+0000] {processor.py:153} INFO - Started process (PID=5643) to work on /home/airflow/.local/lib/python3.7/site-packages/airflow/example_dags/example_trigger_controller_dag.py
[2024-01-05T14:05:43.531+0000] {processor.py:743} INFO - Processing file /home/airflow/.local/lib/python3.7/site-packages/airflow/example_dags/example_trigger_controller_dag.py for tasks to queue
[2024-01-05T14:05:43.540+0000] {logging_mixin.py:137} INFO - [2024-01-05T14:05:43.532+0000] {dagbag.py:538} INFO - Filling up the DagBag from /home/airflow/.local/lib/python3.7/site-packages/airflow/example_dags/example_trigger_controller_dag.py
[2024-01-05T14:05:43.551+0000] {processor.py:753} INFO - DAG(s) dict_keys(['example_trigger_controller_dag']) retrieved from /home/airflow/.local/lib/python3.7/site-packages/airflow/example_dags/example_trigger_controller_dag.py
[2024-01-05T14:05:43.597+0000] {logging_mixin.py:137} INFO - [2024-01-05T14:05:43.597+0000] {dag.py:2690} INFO - Sync 1 DAGs
[2024-01-05T14:05:43.644+0000] {logging_mixin.py:137} INFO - [2024-01-05T14:05:43.644+0000] {dag.py:3441} INFO - Setting next_dagrun for example_trigger_controller_dag to 2021-01-01T00:00:00+00:00, run_after=2021-01-01T00:00:00+00:00
[2024-01-05T14:05:43.668+0000] {processor.py:175} INFO - Processing /home/airflow/.local/lib/python3.7/site-packages/airflow/example_dags/example_trigger_controller_dag.py took 0.142 seconds
[2024-01-05T14:06:14.373+0000] {processor.py:153} INFO - Started process (PID=5710) to work on /home/airflow/.local/lib/python3.7/site-packages/airflow/example_dags/example_trigger_controller_dag.py
[2024-01-05T14:06:14.375+0000] {processor.py:743} INFO - Processing file /home/airflow/.local/lib/python3.7/site-packages/airflow/example_dags/example_trigger_controller_dag.py for tasks to queue
[2024-01-05T14:06:14.377+0000] {logging_mixin.py:137} INFO - [2024-01-05T14:06:14.377+0000] {dagbag.py:538} INFO - Filling up the DagBag from /home/airflow/.local/lib/python3.7/site-packages/airflow/example_dags/example_trigger_controller_dag.py
[2024-01-05T14:06:14.391+0000] {processor.py:753} INFO - DAG(s) dict_keys(['example_trigger_controller_dag']) retrieved from /home/airflow/.local/lib/python3.7/site-packages/airflow/example_dags/example_trigger_controller_dag.py
[2024-01-05T14:06:14.415+0000] {logging_mixin.py:137} INFO - [2024-01-05T14:06:14.415+0000] {dag.py:2690} INFO - Sync 1 DAGs
[2024-01-05T14:06:14.501+0000] {logging_mixin.py:137} INFO - [2024-01-05T14:06:14.501+0000] {dag.py:3441} INFO - Setting next_dagrun for example_trigger_controller_dag to 2021-01-01T00:00:00+00:00, run_after=2021-01-01T00:00:00+00:00
[2024-01-05T14:06:14.516+0000] {processor.py:175} INFO - Processing /home/airflow/.local/lib/python3.7/site-packages/airflow/example_dags/example_trigger_controller_dag.py took 0.150 seconds
[2024-01-05T14:06:45.039+0000] {processor.py:153} INFO - Started process (PID=5785) to work on /home/airflow/.local/lib/python3.7/site-packages/airflow/example_dags/example_trigger_controller_dag.py
[2024-01-05T14:06:45.041+0000] {processor.py:743} INFO - Processing file /home/airflow/.local/lib/python3.7/site-packages/airflow/example_dags/example_trigger_controller_dag.py for tasks to queue
[2024-01-05T14:06:45.046+0000] {logging_mixin.py:137} INFO - [2024-01-05T14:06:45.045+0000] {dagbag.py:538} INFO - Filling up the DagBag from /home/airflow/.local/lib/python3.7/site-packages/airflow/example_dags/example_trigger_controller_dag.py
[2024-01-05T14:06:45.072+0000] {processor.py:753} INFO - DAG(s) dict_keys(['example_trigger_controller_dag']) retrieved from /home/airflow/.local/lib/python3.7/site-packages/airflow/example_dags/example_trigger_controller_dag.py
[2024-01-05T14:06:45.108+0000] {logging_mixin.py:137} INFO - [2024-01-05T14:06:45.108+0000] {dag.py:2690} INFO - Sync 1 DAGs
[2024-01-05T14:06:45.137+0000] {logging_mixin.py:137} INFO - [2024-01-05T14:06:45.137+0000] {dag.py:3441} INFO - Setting next_dagrun for example_trigger_controller_dag to 2021-01-01T00:00:00+00:00, run_after=2021-01-01T00:00:00+00:00
[2024-01-05T14:06:45.150+0000] {processor.py:175} INFO - Processing /home/airflow/.local/lib/python3.7/site-packages/airflow/example_dags/example_trigger_controller_dag.py took 0.122 seconds
[2024-01-05T14:07:15.741+0000] {processor.py:153} INFO - Started process (PID=5848) to work on /home/airflow/.local/lib/python3.7/site-packages/airflow/example_dags/example_trigger_controller_dag.py
[2024-01-05T14:07:15.747+0000] {processor.py:743} INFO - Processing file /home/airflow/.local/lib/python3.7/site-packages/airflow/example_dags/example_trigger_controller_dag.py for tasks to queue
[2024-01-05T14:07:15.750+0000] {logging_mixin.py:137} INFO - [2024-01-05T14:07:15.750+0000] {dagbag.py:538} INFO - Filling up the DagBag from /home/airflow/.local/lib/python3.7/site-packages/airflow/example_dags/example_trigger_controller_dag.py
[2024-01-05T14:07:15.771+0000] {processor.py:753} INFO - DAG(s) dict_keys(['example_trigger_controller_dag']) retrieved from /home/airflow/.local/lib/python3.7/site-packages/airflow/example_dags/example_trigger_controller_dag.py
[2024-01-05T14:07:15.825+0000] {logging_mixin.py:137} INFO - [2024-01-05T14:07:15.825+0000] {dag.py:2690} INFO - Sync 1 DAGs
[2024-01-05T14:07:15.848+0000] {logging_mixin.py:137} INFO - [2024-01-05T14:07:15.848+0000] {dag.py:3441} INFO - Setting next_dagrun for example_trigger_controller_dag to 2021-01-01T00:00:00+00:00, run_after=2021-01-01T00:00:00+00:00
[2024-01-05T14:07:15.862+0000] {processor.py:175} INFO - Processing /home/airflow/.local/lib/python3.7/site-packages/airflow/example_dags/example_trigger_controller_dag.py took 0.135 seconds
[2024-01-05T14:07:46.518+0000] {processor.py:153} INFO - Started process (PID=5923) to work on /home/airflow/.local/lib/python3.7/site-packages/airflow/example_dags/example_trigger_controller_dag.py
[2024-01-05T14:07:46.519+0000] {processor.py:743} INFO - Processing file /home/airflow/.local/lib/python3.7/site-packages/airflow/example_dags/example_trigger_controller_dag.py for tasks to queue
[2024-01-05T14:07:46.520+0000] {logging_mixin.py:137} INFO - [2024-01-05T14:07:46.520+0000] {dagbag.py:538} INFO - Filling up the DagBag from /home/airflow/.local/lib/python3.7/site-packages/airflow/example_dags/example_trigger_controller_dag.py
[2024-01-05T14:07:46.529+0000] {processor.py:753} INFO - DAG(s) dict_keys(['example_trigger_controller_dag']) retrieved from /home/airflow/.local/lib/python3.7/site-packages/airflow/example_dags/example_trigger_controller_dag.py
[2024-01-05T14:07:46.550+0000] {logging_mixin.py:137} INFO - [2024-01-05T14:07:46.550+0000] {dag.py:2690} INFO - Sync 1 DAGs
[2024-01-05T14:07:46.567+0000] {logging_mixin.py:137} INFO - [2024-01-05T14:07:46.567+0000] {dag.py:3441} INFO - Setting next_dagrun for example_trigger_controller_dag to 2021-01-01T00:00:00+00:00, run_after=2021-01-01T00:00:00+00:00
[2024-01-05T14:07:46.581+0000] {processor.py:175} INFO - Processing /home/airflow/.local/lib/python3.7/site-packages/airflow/example_dags/example_trigger_controller_dag.py took 0.066 seconds
[2024-01-05T14:08:17.278+0000] {processor.py:153} INFO - Started process (PID=5986) to work on /home/airflow/.local/lib/python3.7/site-packages/airflow/example_dags/example_trigger_controller_dag.py
[2024-01-05T14:08:17.280+0000] {processor.py:743} INFO - Processing file /home/airflow/.local/lib/python3.7/site-packages/airflow/example_dags/example_trigger_controller_dag.py for tasks to queue
[2024-01-05T14:08:17.280+0000] {logging_mixin.py:137} INFO - [2024-01-05T14:08:17.280+0000] {dagbag.py:538} INFO - Filling up the DagBag from /home/airflow/.local/lib/python3.7/site-packages/airflow/example_dags/example_trigger_controller_dag.py
[2024-01-05T14:08:17.290+0000] {processor.py:753} INFO - DAG(s) dict_keys(['example_trigger_controller_dag']) retrieved from /home/airflow/.local/lib/python3.7/site-packages/airflow/example_dags/example_trigger_controller_dag.py
[2024-01-05T14:08:17.313+0000] {logging_mixin.py:137} INFO - [2024-01-05T14:08:17.313+0000] {dag.py:2690} INFO - Sync 1 DAGs
[2024-01-05T14:08:17.336+0000] {logging_mixin.py:137} INFO - [2024-01-05T14:08:17.335+0000] {dag.py:3441} INFO - Setting next_dagrun for example_trigger_controller_dag to 2021-01-01T00:00:00+00:00, run_after=2021-01-01T00:00:00+00:00
[2024-01-05T14:08:17.350+0000] {processor.py:175} INFO - Processing /home/airflow/.local/lib/python3.7/site-packages/airflow/example_dags/example_trigger_controller_dag.py took 0.074 seconds
[2024-01-05T14:08:47.494+0000] {processor.py:153} INFO - Started process (PID=6061) to work on /home/airflow/.local/lib/python3.7/site-packages/airflow/example_dags/example_trigger_controller_dag.py
[2024-01-05T14:08:47.496+0000] {processor.py:743} INFO - Processing file /home/airflow/.local/lib/python3.7/site-packages/airflow/example_dags/example_trigger_controller_dag.py for tasks to queue
[2024-01-05T14:08:47.497+0000] {logging_mixin.py:137} INFO - [2024-01-05T14:08:47.497+0000] {dagbag.py:538} INFO - Filling up the DagBag from /home/airflow/.local/lib/python3.7/site-packages/airflow/example_dags/example_trigger_controller_dag.py
[2024-01-05T14:08:47.509+0000] {processor.py:753} INFO - DAG(s) dict_keys(['example_trigger_controller_dag']) retrieved from /home/airflow/.local/lib/python3.7/site-packages/airflow/example_dags/example_trigger_controller_dag.py
[2024-01-05T14:08:47.532+0000] {logging_mixin.py:137} INFO - [2024-01-05T14:08:47.531+0000] {dag.py:2690} INFO - Sync 1 DAGs
[2024-01-05T14:08:47.549+0000] {logging_mixin.py:137} INFO - [2024-01-05T14:08:47.549+0000] {dag.py:3441} INFO - Setting next_dagrun for example_trigger_controller_dag to 2021-01-01T00:00:00+00:00, run_after=2021-01-01T00:00:00+00:00
[2024-01-05T14:08:47.561+0000] {processor.py:175} INFO - Processing /home/airflow/.local/lib/python3.7/site-packages/airflow/example_dags/example_trigger_controller_dag.py took 0.071 seconds
[2024-01-05T14:09:17.833+0000] {processor.py:153} INFO - Started process (PID=6125) to work on /home/airflow/.local/lib/python3.7/site-packages/airflow/example_dags/example_trigger_controller_dag.py
[2024-01-05T14:09:17.834+0000] {processor.py:743} INFO - Processing file /home/airflow/.local/lib/python3.7/site-packages/airflow/example_dags/example_trigger_controller_dag.py for tasks to queue
[2024-01-05T14:09:17.836+0000] {logging_mixin.py:137} INFO - [2024-01-05T14:09:17.836+0000] {dagbag.py:538} INFO - Filling up the DagBag from /home/airflow/.local/lib/python3.7/site-packages/airflow/example_dags/example_trigger_controller_dag.py
[2024-01-05T14:09:17.848+0000] {processor.py:753} INFO - DAG(s) dict_keys(['example_trigger_controller_dag']) retrieved from /home/airflow/.local/lib/python3.7/site-packages/airflow/example_dags/example_trigger_controller_dag.py
[2024-01-05T14:09:17.873+0000] {logging_mixin.py:137} INFO - [2024-01-05T14:09:17.873+0000] {dag.py:2690} INFO - Sync 1 DAGs
[2024-01-05T14:09:17.894+0000] {logging_mixin.py:137} INFO - [2024-01-05T14:09:17.893+0000] {dag.py:3441} INFO - Setting next_dagrun for example_trigger_controller_dag to 2021-01-01T00:00:00+00:00, run_after=2021-01-01T00:00:00+00:00
[2024-01-05T14:09:17.909+0000] {processor.py:175} INFO - Processing /home/airflow/.local/lib/python3.7/site-packages/airflow/example_dags/example_trigger_controller_dag.py took 0.083 seconds
[2024-01-05T14:09:48.301+0000] {processor.py:153} INFO - Started process (PID=6200) to work on /home/airflow/.local/lib/python3.7/site-packages/airflow/example_dags/example_trigger_controller_dag.py
[2024-01-05T14:09:48.305+0000] {processor.py:743} INFO - Processing file /home/airflow/.local/lib/python3.7/site-packages/airflow/example_dags/example_trigger_controller_dag.py for tasks to queue
[2024-01-05T14:09:48.307+0000] {logging_mixin.py:137} INFO - [2024-01-05T14:09:48.307+0000] {dagbag.py:538} INFO - Filling up the DagBag from /home/airflow/.local/lib/python3.7/site-packages/airflow/example_dags/example_trigger_controller_dag.py
[2024-01-05T14:09:48.324+0000] {processor.py:753} INFO - DAG(s) dict_keys(['example_trigger_controller_dag']) retrieved from /home/airflow/.local/lib/python3.7/site-packages/airflow/example_dags/example_trigger_controller_dag.py
[2024-01-05T14:09:48.349+0000] {logging_mixin.py:137} INFO - [2024-01-05T14:09:48.349+0000] {dag.py:2690} INFO - Sync 1 DAGs
[2024-01-05T14:09:48.367+0000] {logging_mixin.py:137} INFO - [2024-01-05T14:09:48.367+0000] {dag.py:3441} INFO - Setting next_dagrun for example_trigger_controller_dag to 2021-01-01T00:00:00+00:00, run_after=2021-01-01T00:00:00+00:00
[2024-01-05T14:09:48.381+0000] {processor.py:175} INFO - Processing /home/airflow/.local/lib/python3.7/site-packages/airflow/example_dags/example_trigger_controller_dag.py took 0.090 seconds
[2024-01-05T14:10:18.406+0000] {processor.py:153} INFO - Started process (PID=6261) to work on /home/airflow/.local/lib/python3.7/site-packages/airflow/example_dags/example_trigger_controller_dag.py
[2024-01-05T14:10:18.407+0000] {processor.py:743} INFO - Processing file /home/airflow/.local/lib/python3.7/site-packages/airflow/example_dags/example_trigger_controller_dag.py for tasks to queue
[2024-01-05T14:10:18.408+0000] {logging_mixin.py:137} INFO - [2024-01-05T14:10:18.408+0000] {dagbag.py:538} INFO - Filling up the DagBag from /home/airflow/.local/lib/python3.7/site-packages/airflow/example_dags/example_trigger_controller_dag.py
[2024-01-05T14:10:18.418+0000] {processor.py:753} INFO - DAG(s) dict_keys(['example_trigger_controller_dag']) retrieved from /home/airflow/.local/lib/python3.7/site-packages/airflow/example_dags/example_trigger_controller_dag.py
[2024-01-05T14:10:18.440+0000] {logging_mixin.py:137} INFO - [2024-01-05T14:10:18.440+0000] {dag.py:2690} INFO - Sync 1 DAGs
[2024-01-05T14:10:18.457+0000] {logging_mixin.py:137} INFO - [2024-01-05T14:10:18.456+0000] {dag.py:3441} INFO - Setting next_dagrun for example_trigger_controller_dag to 2021-01-01T00:00:00+00:00, run_after=2021-01-01T00:00:00+00:00
[2024-01-05T14:10:18.470+0000] {processor.py:175} INFO - Processing /home/airflow/.local/lib/python3.7/site-packages/airflow/example_dags/example_trigger_controller_dag.py took 0.066 seconds
[2024-01-05T14:10:49.166+0000] {processor.py:153} INFO - Started process (PID=6335) to work on /home/airflow/.local/lib/python3.7/site-packages/airflow/example_dags/example_trigger_controller_dag.py
[2024-01-05T14:10:49.168+0000] {processor.py:743} INFO - Processing file /home/airflow/.local/lib/python3.7/site-packages/airflow/example_dags/example_trigger_controller_dag.py for tasks to queue
[2024-01-05T14:10:49.168+0000] {logging_mixin.py:137} INFO - [2024-01-05T14:10:49.168+0000] {dagbag.py:538} INFO - Filling up the DagBag from /home/airflow/.local/lib/python3.7/site-packages/airflow/example_dags/example_trigger_controller_dag.py
[2024-01-05T14:10:49.177+0000] {processor.py:753} INFO - DAG(s) dict_keys(['example_trigger_controller_dag']) retrieved from /home/airflow/.local/lib/python3.7/site-packages/airflow/example_dags/example_trigger_controller_dag.py
[2024-01-05T14:10:49.198+0000] {logging_mixin.py:137} INFO - [2024-01-05T14:10:49.198+0000] {dag.py:2690} INFO - Sync 1 DAGs
[2024-01-05T14:10:49.216+0000] {logging_mixin.py:137} INFO - [2024-01-05T14:10:49.216+0000] {dag.py:3441} INFO - Setting next_dagrun for example_trigger_controller_dag to 2021-01-01T00:00:00+00:00, run_after=2021-01-01T00:00:00+00:00
[2024-01-05T14:10:49.227+0000] {processor.py:175} INFO - Processing /home/airflow/.local/lib/python3.7/site-packages/airflow/example_dags/example_trigger_controller_dag.py took 0.064 seconds
[2024-01-05T14:11:20.095+0000] {processor.py:153} INFO - Started process (PID=6398) to work on /home/airflow/.local/lib/python3.7/site-packages/airflow/example_dags/example_trigger_controller_dag.py
[2024-01-05T14:11:20.097+0000] {processor.py:743} INFO - Processing file /home/airflow/.local/lib/python3.7/site-packages/airflow/example_dags/example_trigger_controller_dag.py for tasks to queue
[2024-01-05T14:11:20.098+0000] {logging_mixin.py:137} INFO - [2024-01-05T14:11:20.098+0000] {dagbag.py:538} INFO - Filling up the DagBag from /home/airflow/.local/lib/python3.7/site-packages/airflow/example_dags/example_trigger_controller_dag.py
[2024-01-05T14:11:20.108+0000] {processor.py:753} INFO - DAG(s) dict_keys(['example_trigger_controller_dag']) retrieved from /home/airflow/.local/lib/python3.7/site-packages/airflow/example_dags/example_trigger_controller_dag.py
[2024-01-05T14:11:20.134+0000] {logging_mixin.py:137} INFO - [2024-01-05T14:11:20.134+0000] {dag.py:2690} INFO - Sync 1 DAGs
[2024-01-05T14:11:20.162+0000] {logging_mixin.py:137} INFO - [2024-01-05T14:11:20.161+0000] {dag.py:3441} INFO - Setting next_dagrun for example_trigger_controller_dag to 2021-01-01T00:00:00+00:00, run_after=2021-01-01T00:00:00+00:00
[2024-01-05T14:11:20.198+0000] {processor.py:175} INFO - Processing /home/airflow/.local/lib/python3.7/site-packages/airflow/example_dags/example_trigger_controller_dag.py took 0.106 seconds
[2024-01-05T14:11:50.381+0000] {processor.py:153} INFO - Started process (PID=6472) to work on /home/airflow/.local/lib/python3.7/site-packages/airflow/example_dags/example_trigger_controller_dag.py
[2024-01-05T14:11:50.382+0000] {processor.py:743} INFO - Processing file /home/airflow/.local/lib/python3.7/site-packages/airflow/example_dags/example_trigger_controller_dag.py for tasks to queue
[2024-01-05T14:11:50.383+0000] {logging_mixin.py:137} INFO - [2024-01-05T14:11:50.383+0000] {dagbag.py:538} INFO - Filling up the DagBag from /home/airflow/.local/lib/python3.7/site-packages/airflow/example_dags/example_trigger_controller_dag.py
[2024-01-05T14:11:50.392+0000] {processor.py:753} INFO - DAG(s) dict_keys(['example_trigger_controller_dag']) retrieved from /home/airflow/.local/lib/python3.7/site-packages/airflow/example_dags/example_trigger_controller_dag.py
[2024-01-05T14:11:50.413+0000] {logging_mixin.py:137} INFO - [2024-01-05T14:11:50.413+0000] {dag.py:2690} INFO - Sync 1 DAGs
[2024-01-05T14:11:50.428+0000] {logging_mixin.py:137} INFO - [2024-01-05T14:11:50.428+0000] {dag.py:3441} INFO - Setting next_dagrun for example_trigger_controller_dag to 2021-01-01T00:00:00+00:00, run_after=2021-01-01T00:00:00+00:00
[2024-01-05T14:11:50.439+0000] {processor.py:175} INFO - Processing /home/airflow/.local/lib/python3.7/site-packages/airflow/example_dags/example_trigger_controller_dag.py took 0.061 seconds
[2024-01-05T14:12:21.227+0000] {processor.py:153} INFO - Started process (PID=6548) to work on /home/airflow/.local/lib/python3.7/site-packages/airflow/example_dags/example_trigger_controller_dag.py
[2024-01-05T14:12:21.230+0000] {processor.py:743} INFO - Processing file /home/airflow/.local/lib/python3.7/site-packages/airflow/example_dags/example_trigger_controller_dag.py for tasks to queue
[2024-01-05T14:12:21.231+0000] {logging_mixin.py:137} INFO - [2024-01-05T14:12:21.231+0000] {dagbag.py:538} INFO - Filling up the DagBag from /home/airflow/.local/lib/python3.7/site-packages/airflow/example_dags/example_trigger_controller_dag.py
[2024-01-05T14:12:21.252+0000] {processor.py:753} INFO - DAG(s) dict_keys(['example_trigger_controller_dag']) retrieved from /home/airflow/.local/lib/python3.7/site-packages/airflow/example_dags/example_trigger_controller_dag.py
[2024-01-05T14:12:21.317+0000] {logging_mixin.py:137} INFO - [2024-01-05T14:12:21.317+0000] {dag.py:2690} INFO - Sync 1 DAGs
[2024-01-05T14:12:21.344+0000] {logging_mixin.py:137} INFO - [2024-01-05T14:12:21.343+0000] {dag.py:3441} INFO - Setting next_dagrun for example_trigger_controller_dag to 2021-01-01T00:00:00+00:00, run_after=2021-01-01T00:00:00+00:00
[2024-01-05T14:12:21.361+0000] {processor.py:175} INFO - Processing /home/airflow/.local/lib/python3.7/site-packages/airflow/example_dags/example_trigger_controller_dag.py took 0.141 seconds
[2024-01-05T14:12:51.929+0000] {processor.py:153} INFO - Started process (PID=6611) to work on /home/airflow/.local/lib/python3.7/site-packages/airflow/example_dags/example_trigger_controller_dag.py
[2024-01-05T14:12:51.931+0000] {processor.py:743} INFO - Processing file /home/airflow/.local/lib/python3.7/site-packages/airflow/example_dags/example_trigger_controller_dag.py for tasks to queue
[2024-01-05T14:12:51.931+0000] {logging_mixin.py:137} INFO - [2024-01-05T14:12:51.931+0000] {dagbag.py:538} INFO - Filling up the DagBag from /home/airflow/.local/lib/python3.7/site-packages/airflow/example_dags/example_trigger_controller_dag.py
[2024-01-05T14:12:51.940+0000] {processor.py:753} INFO - DAG(s) dict_keys(['example_trigger_controller_dag']) retrieved from /home/airflow/.local/lib/python3.7/site-packages/airflow/example_dags/example_trigger_controller_dag.py
[2024-01-05T14:12:51.962+0000] {logging_mixin.py:137} INFO - [2024-01-05T14:12:51.962+0000] {dag.py:2690} INFO - Sync 1 DAGs
[2024-01-05T14:12:51.978+0000] {logging_mixin.py:137} INFO - [2024-01-05T14:12:51.978+0000] {dag.py:3441} INFO - Setting next_dagrun for example_trigger_controller_dag to 2021-01-01T00:00:00+00:00, run_after=2021-01-01T00:00:00+00:00
[2024-01-05T14:12:51.988+0000] {processor.py:175} INFO - Processing /home/airflow/.local/lib/python3.7/site-packages/airflow/example_dags/example_trigger_controller_dag.py took 0.062 seconds
[2024-01-05T14:13:22.668+0000] {processor.py:153} INFO - Started process (PID=6685) to work on /home/airflow/.local/lib/python3.7/site-packages/airflow/example_dags/example_trigger_controller_dag.py
[2024-01-05T14:13:22.670+0000] {processor.py:743} INFO - Processing file /home/airflow/.local/lib/python3.7/site-packages/airflow/example_dags/example_trigger_controller_dag.py for tasks to queue
[2024-01-05T14:13:22.671+0000] {logging_mixin.py:137} INFO - [2024-01-05T14:13:22.671+0000] {dagbag.py:538} INFO - Filling up the DagBag from /home/airflow/.local/lib/python3.7/site-packages/airflow/example_dags/example_trigger_controller_dag.py
[2024-01-05T14:13:22.680+0000] {processor.py:753} INFO - DAG(s) dict_keys(['example_trigger_controller_dag']) retrieved from /home/airflow/.local/lib/python3.7/site-packages/airflow/example_dags/example_trigger_controller_dag.py
[2024-01-05T14:13:22.701+0000] {logging_mixin.py:137} INFO - [2024-01-05T14:13:22.701+0000] {dag.py:2690} INFO - Sync 1 DAGs
[2024-01-05T14:13:22.716+0000] {logging_mixin.py:137} INFO - [2024-01-05T14:13:22.716+0000] {dag.py:3441} INFO - Setting next_dagrun for example_trigger_controller_dag to 2021-01-01T00:00:00+00:00, run_after=2021-01-01T00:00:00+00:00
[2024-01-05T14:13:22.727+0000] {processor.py:175} INFO - Processing /home/airflow/.local/lib/python3.7/site-packages/airflow/example_dags/example_trigger_controller_dag.py took 0.061 seconds
[2024-01-05T14:13:53.480+0000] {processor.py:153} INFO - Started process (PID=6748) to work on /home/airflow/.local/lib/python3.7/site-packages/airflow/example_dags/example_trigger_controller_dag.py
[2024-01-05T14:13:53.481+0000] {processor.py:743} INFO - Processing file /home/airflow/.local/lib/python3.7/site-packages/airflow/example_dags/example_trigger_controller_dag.py for tasks to queue
[2024-01-05T14:13:53.482+0000] {logging_mixin.py:137} INFO - [2024-01-05T14:13:53.482+0000] {dagbag.py:538} INFO - Filling up the DagBag from /home/airflow/.local/lib/python3.7/site-packages/airflow/example_dags/example_trigger_controller_dag.py
[2024-01-05T14:13:53.491+0000] {processor.py:753} INFO - DAG(s) dict_keys(['example_trigger_controller_dag']) retrieved from /home/airflow/.local/lib/python3.7/site-packages/airflow/example_dags/example_trigger_controller_dag.py
[2024-01-05T14:13:53.512+0000] {logging_mixin.py:137} INFO - [2024-01-05T14:13:53.512+0000] {dag.py:2690} INFO - Sync 1 DAGs
[2024-01-05T14:13:53.528+0000] {logging_mixin.py:137} INFO - [2024-01-05T14:13:53.528+0000] {dag.py:3441} INFO - Setting next_dagrun for example_trigger_controller_dag to 2021-01-01T00:00:00+00:00, run_after=2021-01-01T00:00:00+00:00
[2024-01-05T14:13:53.538+0000] {processor.py:175} INFO - Processing /home/airflow/.local/lib/python3.7/site-packages/airflow/example_dags/example_trigger_controller_dag.py took 0.061 seconds
[2024-01-05T14:14:23.693+0000] {processor.py:153} INFO - Started process (PID=6824) to work on /home/airflow/.local/lib/python3.7/site-packages/airflow/example_dags/example_trigger_controller_dag.py
[2024-01-05T14:14:23.695+0000] {processor.py:743} INFO - Processing file /home/airflow/.local/lib/python3.7/site-packages/airflow/example_dags/example_trigger_controller_dag.py for tasks to queue
[2024-01-05T14:14:23.696+0000] {logging_mixin.py:137} INFO - [2024-01-05T14:14:23.695+0000] {dagbag.py:538} INFO - Filling up the DagBag from /home/airflow/.local/lib/python3.7/site-packages/airflow/example_dags/example_trigger_controller_dag.py
[2024-01-05T14:14:23.704+0000] {processor.py:753} INFO - DAG(s) dict_keys(['example_trigger_controller_dag']) retrieved from /home/airflow/.local/lib/python3.7/site-packages/airflow/example_dags/example_trigger_controller_dag.py
[2024-01-05T14:14:23.734+0000] {logging_mixin.py:137} INFO - [2024-01-05T14:14:23.734+0000] {dag.py:2690} INFO - Sync 1 DAGs
[2024-01-05T14:14:23.754+0000] {logging_mixin.py:137} INFO - [2024-01-05T14:14:23.754+0000] {dag.py:3441} INFO - Setting next_dagrun for example_trigger_controller_dag to 2021-01-01T00:00:00+00:00, run_after=2021-01-01T00:00:00+00:00
[2024-01-05T14:14:23.768+0000] {processor.py:175} INFO - Processing /home/airflow/.local/lib/python3.7/site-packages/airflow/example_dags/example_trigger_controller_dag.py took 0.077 seconds
[2024-01-05T14:14:54.474+0000] {processor.py:153} INFO - Started process (PID=6887) to work on /home/airflow/.local/lib/python3.7/site-packages/airflow/example_dags/example_trigger_controller_dag.py
[2024-01-05T14:14:54.476+0000] {processor.py:743} INFO - Processing file /home/airflow/.local/lib/python3.7/site-packages/airflow/example_dags/example_trigger_controller_dag.py for tasks to queue
[2024-01-05T14:14:54.477+0000] {logging_mixin.py:137} INFO - [2024-01-05T14:14:54.476+0000] {dagbag.py:538} INFO - Filling up the DagBag from /home/airflow/.local/lib/python3.7/site-packages/airflow/example_dags/example_trigger_controller_dag.py
[2024-01-05T14:14:54.487+0000] {processor.py:753} INFO - DAG(s) dict_keys(['example_trigger_controller_dag']) retrieved from /home/airflow/.local/lib/python3.7/site-packages/airflow/example_dags/example_trigger_controller_dag.py
[2024-01-05T14:14:54.512+0000] {logging_mixin.py:137} INFO - [2024-01-05T14:14:54.512+0000] {dag.py:2690} INFO - Sync 1 DAGs
[2024-01-05T14:14:54.530+0000] {logging_mixin.py:137} INFO - [2024-01-05T14:14:54.530+0000] {dag.py:3441} INFO - Setting next_dagrun for example_trigger_controller_dag to 2021-01-01T00:00:00+00:00, run_after=2021-01-01T00:00:00+00:00
[2024-01-05T14:14:54.541+0000] {processor.py:175} INFO - Processing /home/airflow/.local/lib/python3.7/site-packages/airflow/example_dags/example_trigger_controller_dag.py took 0.070 seconds
[2024-01-05T14:15:25.594+0000] {processor.py:153} INFO - Started process (PID=6962) to work on /home/airflow/.local/lib/python3.7/site-packages/airflow/example_dags/example_trigger_controller_dag.py
[2024-01-05T14:15:25.596+0000] {processor.py:743} INFO - Processing file /home/airflow/.local/lib/python3.7/site-packages/airflow/example_dags/example_trigger_controller_dag.py for tasks to queue
[2024-01-05T14:15:25.597+0000] {logging_mixin.py:137} INFO - [2024-01-05T14:15:25.597+0000] {dagbag.py:538} INFO - Filling up the DagBag from /home/airflow/.local/lib/python3.7/site-packages/airflow/example_dags/example_trigger_controller_dag.py
[2024-01-05T14:15:25.607+0000] {processor.py:753} INFO - DAG(s) dict_keys(['example_trigger_controller_dag']) retrieved from /home/airflow/.local/lib/python3.7/site-packages/airflow/example_dags/example_trigger_controller_dag.py
[2024-01-05T14:15:25.633+0000] {logging_mixin.py:137} INFO - [2024-01-05T14:15:25.633+0000] {dag.py:2690} INFO - Sync 1 DAGs
[2024-01-05T14:15:25.652+0000] {logging_mixin.py:137} INFO - [2024-01-05T14:15:25.652+0000] {dag.py:3441} INFO - Setting next_dagrun for example_trigger_controller_dag to 2021-01-01T00:00:00+00:00, run_after=2021-01-01T00:00:00+00:00
[2024-01-05T14:15:25.665+0000] {processor.py:175} INFO - Processing /home/airflow/.local/lib/python3.7/site-packages/airflow/example_dags/example_trigger_controller_dag.py took 0.075 seconds
[2024-01-05T14:15:55.754+0000] {processor.py:153} INFO - Started process (PID=7025) to work on /home/airflow/.local/lib/python3.7/site-packages/airflow/example_dags/example_trigger_controller_dag.py
[2024-01-05T14:15:55.755+0000] {processor.py:743} INFO - Processing file /home/airflow/.local/lib/python3.7/site-packages/airflow/example_dags/example_trigger_controller_dag.py for tasks to queue
[2024-01-05T14:15:55.756+0000] {logging_mixin.py:137} INFO - [2024-01-05T14:15:55.756+0000] {dagbag.py:538} INFO - Filling up the DagBag from /home/airflow/.local/lib/python3.7/site-packages/airflow/example_dags/example_trigger_controller_dag.py
[2024-01-05T14:15:55.767+0000] {processor.py:753} INFO - DAG(s) dict_keys(['example_trigger_controller_dag']) retrieved from /home/airflow/.local/lib/python3.7/site-packages/airflow/example_dags/example_trigger_controller_dag.py
[2024-01-05T14:15:55.792+0000] {logging_mixin.py:137} INFO - [2024-01-05T14:15:55.792+0000] {dag.py:2690} INFO - Sync 1 DAGs
[2024-01-05T14:15:55.807+0000] {logging_mixin.py:137} INFO - [2024-01-05T14:15:55.807+0000] {dag.py:3441} INFO - Setting next_dagrun for example_trigger_controller_dag to 2021-01-01T00:00:00+00:00, run_after=2021-01-01T00:00:00+00:00
[2024-01-05T14:15:55.819+0000] {processor.py:175} INFO - Processing /home/airflow/.local/lib/python3.7/site-packages/airflow/example_dags/example_trigger_controller_dag.py took 0.069 seconds
[2024-01-05T14:16:26.837+0000] {processor.py:153} INFO - Started process (PID=7100) to work on /home/airflow/.local/lib/python3.7/site-packages/airflow/example_dags/example_trigger_controller_dag.py
[2024-01-05T14:16:26.839+0000] {processor.py:743} INFO - Processing file /home/airflow/.local/lib/python3.7/site-packages/airflow/example_dags/example_trigger_controller_dag.py for tasks to queue
[2024-01-05T14:16:26.839+0000] {logging_mixin.py:137} INFO - [2024-01-05T14:16:26.839+0000] {dagbag.py:538} INFO - Filling up the DagBag from /home/airflow/.local/lib/python3.7/site-packages/airflow/example_dags/example_trigger_controller_dag.py
[2024-01-05T14:16:26.848+0000] {processor.py:753} INFO - DAG(s) dict_keys(['example_trigger_controller_dag']) retrieved from /home/airflow/.local/lib/python3.7/site-packages/airflow/example_dags/example_trigger_controller_dag.py
[2024-01-05T14:16:26.869+0000] {logging_mixin.py:137} INFO - [2024-01-05T14:16:26.869+0000] {dag.py:2690} INFO - Sync 1 DAGs
[2024-01-05T14:16:26.886+0000] {logging_mixin.py:137} INFO - [2024-01-05T14:16:26.886+0000] {dag.py:3441} INFO - Setting next_dagrun for example_trigger_controller_dag to 2021-01-01T00:00:00+00:00, run_after=2021-01-01T00:00:00+00:00
[2024-01-05T14:16:26.896+0000] {processor.py:175} INFO - Processing /home/airflow/.local/lib/python3.7/site-packages/airflow/example_dags/example_trigger_controller_dag.py took 0.061 seconds
[2024-01-05T14:16:57.988+0000] {processor.py:153} INFO - Started process (PID=7172) to work on /home/airflow/.local/lib/python3.7/site-packages/airflow/example_dags/example_trigger_controller_dag.py
[2024-01-05T14:16:57.991+0000] {processor.py:743} INFO - Processing file /home/airflow/.local/lib/python3.7/site-packages/airflow/example_dags/example_trigger_controller_dag.py for tasks to queue
[2024-01-05T14:16:57.992+0000] {logging_mixin.py:137} INFO - [2024-01-05T14:16:57.992+0000] {dagbag.py:538} INFO - Filling up the DagBag from /home/airflow/.local/lib/python3.7/site-packages/airflow/example_dags/example_trigger_controller_dag.py
[2024-01-05T14:16:58.010+0000] {processor.py:753} INFO - DAG(s) dict_keys(['example_trigger_controller_dag']) retrieved from /home/airflow/.local/lib/python3.7/site-packages/airflow/example_dags/example_trigger_controller_dag.py
[2024-01-05T14:16:58.039+0000] {logging_mixin.py:137} INFO - [2024-01-05T14:16:58.039+0000] {dag.py:2690} INFO - Sync 1 DAGs
[2024-01-05T14:16:58.059+0000] {logging_mixin.py:137} INFO - [2024-01-05T14:16:58.059+0000] {dag.py:3441} INFO - Setting next_dagrun for example_trigger_controller_dag to 2021-01-01T00:00:00+00:00, run_after=2021-01-01T00:00:00+00:00
[2024-01-05T14:16:58.073+0000] {processor.py:175} INFO - Processing /home/airflow/.local/lib/python3.7/site-packages/airflow/example_dags/example_trigger_controller_dag.py took 0.089 seconds
[2024-01-05T14:17:29.343+0000] {processor.py:153} INFO - Started process (PID=7238) to work on /home/airflow/.local/lib/python3.7/site-packages/airflow/example_dags/example_trigger_controller_dag.py
[2024-01-05T14:17:29.346+0000] {processor.py:743} INFO - Processing file /home/airflow/.local/lib/python3.7/site-packages/airflow/example_dags/example_trigger_controller_dag.py for tasks to queue
[2024-01-05T14:17:29.347+0000] {logging_mixin.py:137} INFO - [2024-01-05T14:17:29.347+0000] {dagbag.py:538} INFO - Filling up the DagBag from /home/airflow/.local/lib/python3.7/site-packages/airflow/example_dags/example_trigger_controller_dag.py
[2024-01-05T14:17:29.362+0000] {processor.py:753} INFO - DAG(s) dict_keys(['example_trigger_controller_dag']) retrieved from /home/airflow/.local/lib/python3.7/site-packages/airflow/example_dags/example_trigger_controller_dag.py
[2024-01-05T14:17:29.391+0000] {logging_mixin.py:137} INFO - [2024-01-05T14:17:29.390+0000] {dag.py:2690} INFO - Sync 1 DAGs
[2024-01-05T14:17:29.410+0000] {logging_mixin.py:137} INFO - [2024-01-05T14:17:29.410+0000] {dag.py:3441} INFO - Setting next_dagrun for example_trigger_controller_dag to 2021-01-01T00:00:00+00:00, run_after=2021-01-01T00:00:00+00:00
[2024-01-05T14:17:29.422+0000] {processor.py:175} INFO - Processing /home/airflow/.local/lib/python3.7/site-packages/airflow/example_dags/example_trigger_controller_dag.py took 0.085 seconds
[2024-01-05T14:17:59.558+0000] {processor.py:153} INFO - Started process (PID=7313) to work on /home/airflow/.local/lib/python3.7/site-packages/airflow/example_dags/example_trigger_controller_dag.py
[2024-01-05T14:17:59.569+0000] {processor.py:743} INFO - Processing file /home/airflow/.local/lib/python3.7/site-packages/airflow/example_dags/example_trigger_controller_dag.py for tasks to queue
[2024-01-05T14:17:59.576+0000] {logging_mixin.py:137} INFO - [2024-01-05T14:17:59.576+0000] {dagbag.py:538} INFO - Filling up the DagBag from /home/airflow/.local/lib/python3.7/site-packages/airflow/example_dags/example_trigger_controller_dag.py
[2024-01-05T14:17:59.591+0000] {processor.py:753} INFO - DAG(s) dict_keys(['example_trigger_controller_dag']) retrieved from /home/airflow/.local/lib/python3.7/site-packages/airflow/example_dags/example_trigger_controller_dag.py
[2024-01-05T14:17:59.625+0000] {logging_mixin.py:137} INFO - [2024-01-05T14:17:59.625+0000] {dag.py:2690} INFO - Sync 1 DAGs
[2024-01-05T14:17:59.650+0000] {logging_mixin.py:137} INFO - [2024-01-05T14:17:59.649+0000] {dag.py:3441} INFO - Setting next_dagrun for example_trigger_controller_dag to 2021-01-01T00:00:00+00:00, run_after=2021-01-01T00:00:00+00:00
[2024-01-05T14:17:59.666+0000] {processor.py:175} INFO - Processing /home/airflow/.local/lib/python3.7/site-packages/airflow/example_dags/example_trigger_controller_dag.py took 0.114 seconds
[2024-01-05T14:18:29.750+0000] {processor.py:153} INFO - Started process (PID=7375) to work on /home/airflow/.local/lib/python3.7/site-packages/airflow/example_dags/example_trigger_controller_dag.py
[2024-01-05T14:18:29.751+0000] {processor.py:743} INFO - Processing file /home/airflow/.local/lib/python3.7/site-packages/airflow/example_dags/example_trigger_controller_dag.py for tasks to queue
[2024-01-05T14:18:29.752+0000] {logging_mixin.py:137} INFO - [2024-01-05T14:18:29.752+0000] {dagbag.py:538} INFO - Filling up the DagBag from /home/airflow/.local/lib/python3.7/site-packages/airflow/example_dags/example_trigger_controller_dag.py
[2024-01-05T14:18:29.762+0000] {processor.py:753} INFO - DAG(s) dict_keys(['example_trigger_controller_dag']) retrieved from /home/airflow/.local/lib/python3.7/site-packages/airflow/example_dags/example_trigger_controller_dag.py
[2024-01-05T14:18:29.786+0000] {logging_mixin.py:137} INFO - [2024-01-05T14:18:29.786+0000] {dag.py:2690} INFO - Sync 1 DAGs
[2024-01-05T14:18:29.808+0000] {logging_mixin.py:137} INFO - [2024-01-05T14:18:29.808+0000] {dag.py:3441} INFO - Setting next_dagrun for example_trigger_controller_dag to 2021-01-01T00:00:00+00:00, run_after=2021-01-01T00:00:00+00:00
[2024-01-05T14:18:29.825+0000] {processor.py:175} INFO - Processing /home/airflow/.local/lib/python3.7/site-packages/airflow/example_dags/example_trigger_controller_dag.py took 0.080 seconds
[2024-01-05T14:19:00.345+0000] {processor.py:153} INFO - Started process (PID=7450) to work on /home/airflow/.local/lib/python3.7/site-packages/airflow/example_dags/example_trigger_controller_dag.py
[2024-01-05T14:19:00.346+0000] {processor.py:743} INFO - Processing file /home/airflow/.local/lib/python3.7/site-packages/airflow/example_dags/example_trigger_controller_dag.py for tasks to queue
[2024-01-05T14:19:00.347+0000] {logging_mixin.py:137} INFO - [2024-01-05T14:19:00.347+0000] {dagbag.py:538} INFO - Filling up the DagBag from /home/airflow/.local/lib/python3.7/site-packages/airflow/example_dags/example_trigger_controller_dag.py
[2024-01-05T14:19:00.356+0000] {processor.py:753} INFO - DAG(s) dict_keys(['example_trigger_controller_dag']) retrieved from /home/airflow/.local/lib/python3.7/site-packages/airflow/example_dags/example_trigger_controller_dag.py
[2024-01-05T14:19:00.378+0000] {logging_mixin.py:137} INFO - [2024-01-05T14:19:00.377+0000] {dag.py:2690} INFO - Sync 1 DAGs
[2024-01-05T14:19:00.394+0000] {logging_mixin.py:137} INFO - [2024-01-05T14:19:00.394+0000] {dag.py:3441} INFO - Setting next_dagrun for example_trigger_controller_dag to 2021-01-01T00:00:00+00:00, run_after=2021-01-01T00:00:00+00:00
[2024-01-05T14:19:00.406+0000] {processor.py:175} INFO - Processing /home/airflow/.local/lib/python3.7/site-packages/airflow/example_dags/example_trigger_controller_dag.py took 0.065 seconds
[2024-01-05T14:19:31.490+0000] {processor.py:153} INFO - Started process (PID=7513) to work on /home/airflow/.local/lib/python3.7/site-packages/airflow/example_dags/example_trigger_controller_dag.py
[2024-01-05T14:19:31.491+0000] {processor.py:743} INFO - Processing file /home/airflow/.local/lib/python3.7/site-packages/airflow/example_dags/example_trigger_controller_dag.py for tasks to queue
[2024-01-05T14:19:31.496+0000] {logging_mixin.py:137} INFO - [2024-01-05T14:19:31.496+0000] {dagbag.py:538} INFO - Filling up the DagBag from /home/airflow/.local/lib/python3.7/site-packages/airflow/example_dags/example_trigger_controller_dag.py
[2024-01-05T14:19:31.509+0000] {processor.py:753} INFO - DAG(s) dict_keys(['example_trigger_controller_dag']) retrieved from /home/airflow/.local/lib/python3.7/site-packages/airflow/example_dags/example_trigger_controller_dag.py
[2024-01-05T14:19:31.545+0000] {logging_mixin.py:137} INFO - [2024-01-05T14:19:31.545+0000] {dag.py:2690} INFO - Sync 1 DAGs
[2024-01-05T14:19:31.573+0000] {logging_mixin.py:137} INFO - [2024-01-05T14:19:31.573+0000] {dag.py:3441} INFO - Setting next_dagrun for example_trigger_controller_dag to 2021-01-01T00:00:00+00:00, run_after=2021-01-01T00:00:00+00:00
[2024-01-05T14:19:31.589+0000] {processor.py:175} INFO - Processing /home/airflow/.local/lib/python3.7/site-packages/airflow/example_dags/example_trigger_controller_dag.py took 0.103 seconds
[2024-01-05T14:20:01.713+0000] {processor.py:153} INFO - Started process (PID=7587) to work on /home/airflow/.local/lib/python3.7/site-packages/airflow/example_dags/example_trigger_controller_dag.py
[2024-01-05T14:20:01.714+0000] {processor.py:743} INFO - Processing file /home/airflow/.local/lib/python3.7/site-packages/airflow/example_dags/example_trigger_controller_dag.py for tasks to queue
[2024-01-05T14:20:01.716+0000] {logging_mixin.py:137} INFO - [2024-01-05T14:20:01.716+0000] {dagbag.py:538} INFO - Filling up the DagBag from /home/airflow/.local/lib/python3.7/site-packages/airflow/example_dags/example_trigger_controller_dag.py
[2024-01-05T14:20:01.725+0000] {processor.py:753} INFO - DAG(s) dict_keys(['example_trigger_controller_dag']) retrieved from /home/airflow/.local/lib/python3.7/site-packages/airflow/example_dags/example_trigger_controller_dag.py
[2024-01-05T14:20:01.746+0000] {logging_mixin.py:137} INFO - [2024-01-05T14:20:01.746+0000] {dag.py:2690} INFO - Sync 1 DAGs
[2024-01-05T14:20:01.762+0000] {logging_mixin.py:137} INFO - [2024-01-05T14:20:01.761+0000] {dag.py:3441} INFO - Setting next_dagrun for example_trigger_controller_dag to 2021-01-01T00:00:00+00:00, run_after=2021-01-01T00:00:00+00:00
[2024-01-05T14:20:01.773+0000] {processor.py:175} INFO - Processing /home/airflow/.local/lib/python3.7/site-packages/airflow/example_dags/example_trigger_controller_dag.py took 0.063 seconds
[2024-01-05T14:20:33.307+0000] {processor.py:153} INFO - Started process (PID=7662) to work on /home/airflow/.local/lib/python3.7/site-packages/airflow/example_dags/example_trigger_controller_dag.py
[2024-01-05T14:20:33.310+0000] {processor.py:743} INFO - Processing file /home/airflow/.local/lib/python3.7/site-packages/airflow/example_dags/example_trigger_controller_dag.py for tasks to queue
[2024-01-05T14:20:33.311+0000] {logging_mixin.py:137} INFO - [2024-01-05T14:20:33.311+0000] {dagbag.py:538} INFO - Filling up the DagBag from /home/airflow/.local/lib/python3.7/site-packages/airflow/example_dags/example_trigger_controller_dag.py
[2024-01-05T14:20:33.326+0000] {processor.py:753} INFO - DAG(s) dict_keys(['example_trigger_controller_dag']) retrieved from /home/airflow/.local/lib/python3.7/site-packages/airflow/example_dags/example_trigger_controller_dag.py
[2024-01-05T14:20:33.350+0000] {logging_mixin.py:137} INFO - [2024-01-05T14:20:33.349+0000] {dag.py:2690} INFO - Sync 1 DAGs
[2024-01-05T14:20:33.379+0000] {logging_mixin.py:137} INFO - [2024-01-05T14:20:33.379+0000] {dag.py:3441} INFO - Setting next_dagrun for example_trigger_controller_dag to 2021-01-01T00:00:00+00:00, run_after=2021-01-01T00:00:00+00:00
[2024-01-05T14:20:33.407+0000] {processor.py:175} INFO - Processing /home/airflow/.local/lib/python3.7/site-packages/airflow/example_dags/example_trigger_controller_dag.py took 0.106 seconds
[2024-01-05T14:21:03.464+0000] {processor.py:153} INFO - Started process (PID=7725) to work on /home/airflow/.local/lib/python3.7/site-packages/airflow/example_dags/example_trigger_controller_dag.py
[2024-01-05T14:21:03.465+0000] {processor.py:743} INFO - Processing file /home/airflow/.local/lib/python3.7/site-packages/airflow/example_dags/example_trigger_controller_dag.py for tasks to queue
[2024-01-05T14:21:03.466+0000] {logging_mixin.py:137} INFO - [2024-01-05T14:21:03.466+0000] {dagbag.py:538} INFO - Filling up the DagBag from /home/airflow/.local/lib/python3.7/site-packages/airflow/example_dags/example_trigger_controller_dag.py
[2024-01-05T14:21:03.474+0000] {processor.py:753} INFO - DAG(s) dict_keys(['example_trigger_controller_dag']) retrieved from /home/airflow/.local/lib/python3.7/site-packages/airflow/example_dags/example_trigger_controller_dag.py
[2024-01-05T14:21:03.497+0000] {logging_mixin.py:137} INFO - [2024-01-05T14:21:03.497+0000] {dag.py:2690} INFO - Sync 1 DAGs
[2024-01-05T14:21:03.514+0000] {logging_mixin.py:137} INFO - [2024-01-05T14:21:03.513+0000] {dag.py:3441} INFO - Setting next_dagrun for example_trigger_controller_dag to 2021-01-01T00:00:00+00:00, run_after=2021-01-01T00:00:00+00:00
[2024-01-05T14:21:03.525+0000] {processor.py:175} INFO - Processing /home/airflow/.local/lib/python3.7/site-packages/airflow/example_dags/example_trigger_controller_dag.py took 0.064 seconds
[2024-01-05T14:21:34.110+0000] {processor.py:153} INFO - Started process (PID=7801) to work on /home/airflow/.local/lib/python3.7/site-packages/airflow/example_dags/example_trigger_controller_dag.py
[2024-01-05T14:21:34.112+0000] {processor.py:743} INFO - Processing file /home/airflow/.local/lib/python3.7/site-packages/airflow/example_dags/example_trigger_controller_dag.py for tasks to queue
[2024-01-05T14:21:34.112+0000] {logging_mixin.py:137} INFO - [2024-01-05T14:21:34.112+0000] {dagbag.py:538} INFO - Filling up the DagBag from /home/airflow/.local/lib/python3.7/site-packages/airflow/example_dags/example_trigger_controller_dag.py
[2024-01-05T14:21:34.121+0000] {processor.py:753} INFO - DAG(s) dict_keys(['example_trigger_controller_dag']) retrieved from /home/airflow/.local/lib/python3.7/site-packages/airflow/example_dags/example_trigger_controller_dag.py
[2024-01-05T14:21:34.144+0000] {logging_mixin.py:137} INFO - [2024-01-05T14:21:34.143+0000] {dag.py:2690} INFO - Sync 1 DAGs
[2024-01-05T14:21:34.163+0000] {logging_mixin.py:137} INFO - [2024-01-05T14:21:34.163+0000] {dag.py:3441} INFO - Setting next_dagrun for example_trigger_controller_dag to 2021-01-01T00:00:00+00:00, run_after=2021-01-01T00:00:00+00:00
[2024-01-05T14:21:34.176+0000] {processor.py:175} INFO - Processing /home/airflow/.local/lib/python3.7/site-packages/airflow/example_dags/example_trigger_controller_dag.py took 0.069 seconds
[2024-01-05T14:22:04.365+0000] {processor.py:153} INFO - Started process (PID=7864) to work on /home/airflow/.local/lib/python3.7/site-packages/airflow/example_dags/example_trigger_controller_dag.py
[2024-01-05T14:22:04.366+0000] {processor.py:743} INFO - Processing file /home/airflow/.local/lib/python3.7/site-packages/airflow/example_dags/example_trigger_controller_dag.py for tasks to queue
[2024-01-05T14:22:04.367+0000] {logging_mixin.py:137} INFO - [2024-01-05T14:22:04.366+0000] {dagbag.py:538} INFO - Filling up the DagBag from /home/airflow/.local/lib/python3.7/site-packages/airflow/example_dags/example_trigger_controller_dag.py
[2024-01-05T14:22:04.376+0000] {processor.py:753} INFO - DAG(s) dict_keys(['example_trigger_controller_dag']) retrieved from /home/airflow/.local/lib/python3.7/site-packages/airflow/example_dags/example_trigger_controller_dag.py
[2024-01-05T14:22:04.399+0000] {logging_mixin.py:137} INFO - [2024-01-05T14:22:04.398+0000] {dag.py:2690} INFO - Sync 1 DAGs
[2024-01-05T14:22:04.417+0000] {logging_mixin.py:137} INFO - [2024-01-05T14:22:04.417+0000] {dag.py:3441} INFO - Setting next_dagrun for example_trigger_controller_dag to 2021-01-01T00:00:00+00:00, run_after=2021-01-01T00:00:00+00:00
[2024-01-05T14:22:04.430+0000] {processor.py:175} INFO - Processing /home/airflow/.local/lib/python3.7/site-packages/airflow/example_dags/example_trigger_controller_dag.py took 0.068 seconds
[2024-01-05T14:22:35.081+0000] {processor.py:153} INFO - Started process (PID=7940) to work on /home/airflow/.local/lib/python3.7/site-packages/airflow/example_dags/example_trigger_controller_dag.py
[2024-01-05T14:22:35.083+0000] {processor.py:743} INFO - Processing file /home/airflow/.local/lib/python3.7/site-packages/airflow/example_dags/example_trigger_controller_dag.py for tasks to queue
[2024-01-05T14:22:35.087+0000] {logging_mixin.py:137} INFO - [2024-01-05T14:22:35.086+0000] {dagbag.py:538} INFO - Filling up the DagBag from /home/airflow/.local/lib/python3.7/site-packages/airflow/example_dags/example_trigger_controller_dag.py
[2024-01-05T14:22:35.101+0000] {processor.py:753} INFO - DAG(s) dict_keys(['example_trigger_controller_dag']) retrieved from /home/airflow/.local/lib/python3.7/site-packages/airflow/example_dags/example_trigger_controller_dag.py
[2024-01-05T14:22:35.131+0000] {logging_mixin.py:137} INFO - [2024-01-05T14:22:35.131+0000] {dag.py:2690} INFO - Sync 1 DAGs
[2024-01-05T14:22:35.154+0000] {logging_mixin.py:137} INFO - [2024-01-05T14:22:35.154+0000] {dag.py:3441} INFO - Setting next_dagrun for example_trigger_controller_dag to 2021-01-01T00:00:00+00:00, run_after=2021-01-01T00:00:00+00:00
[2024-01-05T14:22:35.166+0000] {processor.py:175} INFO - Processing /home/airflow/.local/lib/python3.7/site-packages/airflow/example_dags/example_trigger_controller_dag.py took 0.089 seconds
[2024-01-05T14:23:05.833+0000] {processor.py:153} INFO - Started process (PID=8003) to work on /home/airflow/.local/lib/python3.7/site-packages/airflow/example_dags/example_trigger_controller_dag.py
[2024-01-05T14:23:05.835+0000] {processor.py:743} INFO - Processing file /home/airflow/.local/lib/python3.7/site-packages/airflow/example_dags/example_trigger_controller_dag.py for tasks to queue
[2024-01-05T14:23:05.837+0000] {logging_mixin.py:137} INFO - [2024-01-05T14:23:05.837+0000] {dagbag.py:538} INFO - Filling up the DagBag from /home/airflow/.local/lib/python3.7/site-packages/airflow/example_dags/example_trigger_controller_dag.py
[2024-01-05T14:23:05.848+0000] {processor.py:753} INFO - DAG(s) dict_keys(['example_trigger_controller_dag']) retrieved from /home/airflow/.local/lib/python3.7/site-packages/airflow/example_dags/example_trigger_controller_dag.py
[2024-01-05T14:23:05.872+0000] {logging_mixin.py:137} INFO - [2024-01-05T14:23:05.872+0000] {dag.py:2690} INFO - Sync 1 DAGs
[2024-01-05T14:23:05.890+0000] {logging_mixin.py:137} INFO - [2024-01-05T14:23:05.890+0000] {dag.py:3441} INFO - Setting next_dagrun for example_trigger_controller_dag to 2021-01-01T00:00:00+00:00, run_after=2021-01-01T00:00:00+00:00
[2024-01-05T14:23:05.901+0000] {processor.py:175} INFO - Processing /home/airflow/.local/lib/python3.7/site-packages/airflow/example_dags/example_trigger_controller_dag.py took 0.074 seconds
[2024-01-05T14:23:36.317+0000] {processor.py:153} INFO - Started process (PID=8078) to work on /home/airflow/.local/lib/python3.7/site-packages/airflow/example_dags/example_trigger_controller_dag.py
[2024-01-05T14:23:36.318+0000] {processor.py:743} INFO - Processing file /home/airflow/.local/lib/python3.7/site-packages/airflow/example_dags/example_trigger_controller_dag.py for tasks to queue
[2024-01-05T14:23:36.319+0000] {logging_mixin.py:137} INFO - [2024-01-05T14:23:36.319+0000] {dagbag.py:538} INFO - Filling up the DagBag from /home/airflow/.local/lib/python3.7/site-packages/airflow/example_dags/example_trigger_controller_dag.py
[2024-01-05T14:23:36.329+0000] {processor.py:753} INFO - DAG(s) dict_keys(['example_trigger_controller_dag']) retrieved from /home/airflow/.local/lib/python3.7/site-packages/airflow/example_dags/example_trigger_controller_dag.py
[2024-01-05T14:23:36.351+0000] {logging_mixin.py:137} INFO - [2024-01-05T14:23:36.351+0000] {dag.py:2690} INFO - Sync 1 DAGs
[2024-01-05T14:23:36.369+0000] {logging_mixin.py:137} INFO - [2024-01-05T14:23:36.369+0000] {dag.py:3441} INFO - Setting next_dagrun for example_trigger_controller_dag to 2021-01-01T00:00:00+00:00, run_after=2021-01-01T00:00:00+00:00
[2024-01-05T14:23:36.382+0000] {processor.py:175} INFO - Processing /home/airflow/.local/lib/python3.7/site-packages/airflow/example_dags/example_trigger_controller_dag.py took 0.067 seconds
[2024-01-05T14:24:07.096+0000] {processor.py:153} INFO - Started process (PID=8141) to work on /home/airflow/.local/lib/python3.7/site-packages/airflow/example_dags/example_trigger_controller_dag.py
[2024-01-05T14:24:07.097+0000] {processor.py:743} INFO - Processing file /home/airflow/.local/lib/python3.7/site-packages/airflow/example_dags/example_trigger_controller_dag.py for tasks to queue
[2024-01-05T14:24:07.098+0000] {logging_mixin.py:137} INFO - [2024-01-05T14:24:07.098+0000] {dagbag.py:538} INFO - Filling up the DagBag from /home/airflow/.local/lib/python3.7/site-packages/airflow/example_dags/example_trigger_controller_dag.py
[2024-01-05T14:24:07.106+0000] {processor.py:753} INFO - DAG(s) dict_keys(['example_trigger_controller_dag']) retrieved from /home/airflow/.local/lib/python3.7/site-packages/airflow/example_dags/example_trigger_controller_dag.py
[2024-01-05T14:24:07.127+0000] {logging_mixin.py:137} INFO - [2024-01-05T14:24:07.127+0000] {dag.py:2690} INFO - Sync 1 DAGs
[2024-01-05T14:24:07.145+0000] {logging_mixin.py:137} INFO - [2024-01-05T14:24:07.145+0000] {dag.py:3441} INFO - Setting next_dagrun for example_trigger_controller_dag to 2021-01-01T00:00:00+00:00, run_after=2021-01-01T00:00:00+00:00
[2024-01-05T14:24:07.156+0000] {processor.py:175} INFO - Processing /home/airflow/.local/lib/python3.7/site-packages/airflow/example_dags/example_trigger_controller_dag.py took 0.063 seconds
[2024-01-05T14:24:37.783+0000] {processor.py:153} INFO - Started process (PID=8217) to work on /home/airflow/.local/lib/python3.7/site-packages/airflow/example_dags/example_trigger_controller_dag.py
[2024-01-05T14:24:37.785+0000] {processor.py:743} INFO - Processing file /home/airflow/.local/lib/python3.7/site-packages/airflow/example_dags/example_trigger_controller_dag.py for tasks to queue
[2024-01-05T14:24:37.785+0000] {logging_mixin.py:137} INFO - [2024-01-05T14:24:37.785+0000] {dagbag.py:538} INFO - Filling up the DagBag from /home/airflow/.local/lib/python3.7/site-packages/airflow/example_dags/example_trigger_controller_dag.py
[2024-01-05T14:24:37.796+0000] {processor.py:753} INFO - DAG(s) dict_keys(['example_trigger_controller_dag']) retrieved from /home/airflow/.local/lib/python3.7/site-packages/airflow/example_dags/example_trigger_controller_dag.py
[2024-01-05T14:24:37.818+0000] {logging_mixin.py:137} INFO - [2024-01-05T14:24:37.818+0000] {dag.py:2690} INFO - Sync 1 DAGs
[2024-01-05T14:24:37.835+0000] {logging_mixin.py:137} INFO - [2024-01-05T14:24:37.835+0000] {dag.py:3441} INFO - Setting next_dagrun for example_trigger_controller_dag to 2021-01-01T00:00:00+00:00, run_after=2021-01-01T00:00:00+00:00
[2024-01-05T14:24:37.847+0000] {processor.py:175} INFO - Processing /home/airflow/.local/lib/python3.7/site-packages/airflow/example_dags/example_trigger_controller_dag.py took 0.067 seconds
[2024-01-05T14:25:08.691+0000] {processor.py:153} INFO - Started process (PID=8290) to work on /home/airflow/.local/lib/python3.7/site-packages/airflow/example_dags/example_trigger_controller_dag.py
[2024-01-05T14:25:08.693+0000] {processor.py:743} INFO - Processing file /home/airflow/.local/lib/python3.7/site-packages/airflow/example_dags/example_trigger_controller_dag.py for tasks to queue
[2024-01-05T14:25:08.700+0000] {logging_mixin.py:137} INFO - [2024-01-05T14:25:08.700+0000] {dagbag.py:538} INFO - Filling up the DagBag from /home/airflow/.local/lib/python3.7/site-packages/airflow/example_dags/example_trigger_controller_dag.py
[2024-01-05T14:25:08.713+0000] {processor.py:753} INFO - DAG(s) dict_keys(['example_trigger_controller_dag']) retrieved from /home/airflow/.local/lib/python3.7/site-packages/airflow/example_dags/example_trigger_controller_dag.py
[2024-01-05T14:25:08.736+0000] {logging_mixin.py:137} INFO - [2024-01-05T14:25:08.735+0000] {dag.py:2690} INFO - Sync 1 DAGs
[2024-01-05T14:25:08.771+0000] {logging_mixin.py:137} INFO - [2024-01-05T14:25:08.771+0000] {dag.py:3441} INFO - Setting next_dagrun for example_trigger_controller_dag to 2021-01-01T00:00:00+00:00, run_after=2021-01-01T00:00:00+00:00
[2024-01-05T14:25:08.797+0000] {processor.py:175} INFO - Processing /home/airflow/.local/lib/python3.7/site-packages/airflow/example_dags/example_trigger_controller_dag.py took 0.109 seconds
[2024-01-05T14:25:38.840+0000] {processor.py:153} INFO - Started process (PID=8355) to work on /home/airflow/.local/lib/python3.7/site-packages/airflow/example_dags/example_trigger_controller_dag.py
[2024-01-05T14:25:38.841+0000] {processor.py:743} INFO - Processing file /home/airflow/.local/lib/python3.7/site-packages/airflow/example_dags/example_trigger_controller_dag.py for tasks to queue
[2024-01-05T14:25:38.842+0000] {logging_mixin.py:137} INFO - [2024-01-05T14:25:38.842+0000] {dagbag.py:538} INFO - Filling up the DagBag from /home/airflow/.local/lib/python3.7/site-packages/airflow/example_dags/example_trigger_controller_dag.py
[2024-01-05T14:25:38.850+0000] {processor.py:753} INFO - DAG(s) dict_keys(['example_trigger_controller_dag']) retrieved from /home/airflow/.local/lib/python3.7/site-packages/airflow/example_dags/example_trigger_controller_dag.py
[2024-01-05T14:25:38.871+0000] {logging_mixin.py:137} INFO - [2024-01-05T14:25:38.871+0000] {dag.py:2690} INFO - Sync 1 DAGs
[2024-01-05T14:25:38.887+0000] {logging_mixin.py:137} INFO - [2024-01-05T14:25:38.887+0000] {dag.py:3441} INFO - Setting next_dagrun for example_trigger_controller_dag to 2021-01-01T00:00:00+00:00, run_after=2021-01-01T00:00:00+00:00
[2024-01-05T14:25:38.898+0000] {processor.py:175} INFO - Processing /home/airflow/.local/lib/python3.7/site-packages/airflow/example_dags/example_trigger_controller_dag.py took 0.061 seconds
[2024-01-05T14:26:10.406+0000] {processor.py:153} INFO - Started process (PID=8431) to work on /home/airflow/.local/lib/python3.7/site-packages/airflow/example_dags/example_trigger_controller_dag.py
[2024-01-05T14:26:10.408+0000] {processor.py:743} INFO - Processing file /home/airflow/.local/lib/python3.7/site-packages/airflow/example_dags/example_trigger_controller_dag.py for tasks to queue
[2024-01-05T14:26:10.409+0000] {logging_mixin.py:137} INFO - [2024-01-05T14:26:10.409+0000] {dagbag.py:538} INFO - Filling up the DagBag from /home/airflow/.local/lib/python3.7/site-packages/airflow/example_dags/example_trigger_controller_dag.py
[2024-01-05T14:26:10.420+0000] {processor.py:753} INFO - DAG(s) dict_keys(['example_trigger_controller_dag']) retrieved from /home/airflow/.local/lib/python3.7/site-packages/airflow/example_dags/example_trigger_controller_dag.py
[2024-01-05T14:26:10.446+0000] {logging_mixin.py:137} INFO - [2024-01-05T14:26:10.446+0000] {dag.py:2690} INFO - Sync 1 DAGs
[2024-01-05T14:26:10.465+0000] {logging_mixin.py:137} INFO - [2024-01-05T14:26:10.465+0000] {dag.py:3441} INFO - Setting next_dagrun for example_trigger_controller_dag to 2021-01-01T00:00:00+00:00, run_after=2021-01-01T00:00:00+00:00
[2024-01-05T14:26:10.478+0000] {processor.py:175} INFO - Processing /home/airflow/.local/lib/python3.7/site-packages/airflow/example_dags/example_trigger_controller_dag.py took 0.075 seconds
[2024-01-05T14:26:40.599+0000] {processor.py:153} INFO - Started process (PID=8494) to work on /home/airflow/.local/lib/python3.7/site-packages/airflow/example_dags/example_trigger_controller_dag.py
[2024-01-05T14:26:40.600+0000] {processor.py:743} INFO - Processing file /home/airflow/.local/lib/python3.7/site-packages/airflow/example_dags/example_trigger_controller_dag.py for tasks to queue
[2024-01-05T14:26:40.601+0000] {logging_mixin.py:137} INFO - [2024-01-05T14:26:40.601+0000] {dagbag.py:538} INFO - Filling up the DagBag from /home/airflow/.local/lib/python3.7/site-packages/airflow/example_dags/example_trigger_controller_dag.py
[2024-01-05T14:26:40.609+0000] {processor.py:753} INFO - DAG(s) dict_keys(['example_trigger_controller_dag']) retrieved from /home/airflow/.local/lib/python3.7/site-packages/airflow/example_dags/example_trigger_controller_dag.py
[2024-01-05T14:26:40.632+0000] {logging_mixin.py:137} INFO - [2024-01-05T14:26:40.632+0000] {dag.py:2690} INFO - Sync 1 DAGs
[2024-01-05T14:26:40.648+0000] {logging_mixin.py:137} INFO - [2024-01-05T14:26:40.648+0000] {dag.py:3441} INFO - Setting next_dagrun for example_trigger_controller_dag to 2021-01-01T00:00:00+00:00, run_after=2021-01-01T00:00:00+00:00
[2024-01-05T14:26:40.659+0000] {processor.py:175} INFO - Processing /home/airflow/.local/lib/python3.7/site-packages/airflow/example_dags/example_trigger_controller_dag.py took 0.064 seconds
