[2024-01-05T01:20:56.879+0000] {processor.py:153} INFO - Started process (PID=4344) to work on /home/airflow/.local/lib/python3.7/site-packages/airflow/example_dags/example_xcomargs.py
[2024-01-05T01:20:56.885+0000] {processor.py:743} INFO - Processing file /home/airflow/.local/lib/python3.7/site-packages/airflow/example_dags/example_xcomargs.py for tasks to queue
[2024-01-05T01:20:56.886+0000] {logging_mixin.py:137} INFO - [2024-01-05T01:20:56.886+0000] {dagbag.py:538} INFO - Filling up the DagBag from /home/airflow/.local/lib/python3.7/site-packages/airflow/example_dags/example_xcomargs.py
[2024-01-05T01:20:56.933+0000] {processor.py:753} INFO - DAG(s) dict_keys(['example_xcom_args_with_operators', 'example_xcom_args']) retrieved from /home/airflow/.local/lib/python3.7/site-packages/airflow/example_dags/example_xcomargs.py
[2024-01-05T01:20:57.002+0000] {logging_mixin.py:137} INFO - [2024-01-05T01:20:57.002+0000] {dag.py:2690} INFO - Sync 2 DAGs
[2024-01-05T01:20:57.053+0000] {logging_mixin.py:137} INFO - [2024-01-05T01:20:57.053+0000] {dag.py:3441} INFO - Setting next_dagrun for example_xcom_args to None, run_after=None
[2024-01-05T01:20:57.067+0000] {logging_mixin.py:137} INFO - [2024-01-05T01:20:57.067+0000] {dag.py:3441} INFO - Setting next_dagrun for example_xcom_args_with_operators to None, run_after=None
[2024-01-05T01:20:57.096+0000] {processor.py:175} INFO - Processing /home/airflow/.local/lib/python3.7/site-packages/airflow/example_dags/example_xcomargs.py took 0.229 seconds
[2024-01-05T02:31:18.584+0000] {processor.py:153} INFO - Started process (PID=4407) to work on /home/airflow/.local/lib/python3.7/site-packages/airflow/example_dags/example_xcomargs.py
[2024-01-05T02:31:18.586+0000] {processor.py:743} INFO - Processing file /home/airflow/.local/lib/python3.7/site-packages/airflow/example_dags/example_xcomargs.py for tasks to queue
[2024-01-05T02:31:18.587+0000] {logging_mixin.py:137} INFO - [2024-01-05T02:31:18.587+0000] {dagbag.py:538} INFO - Filling up the DagBag from /home/airflow/.local/lib/python3.7/site-packages/airflow/example_dags/example_xcomargs.py
[2024-01-05T02:31:18.611+0000] {processor.py:753} INFO - DAG(s) dict_keys(['example_xcom_args_with_operators', 'example_xcom_args']) retrieved from /home/airflow/.local/lib/python3.7/site-packages/airflow/example_dags/example_xcomargs.py
[2024-01-05T02:31:18.647+0000] {logging_mixin.py:137} INFO - [2024-01-05T02:31:18.647+0000] {dag.py:2690} INFO - Sync 2 DAGs
[2024-01-05T02:31:18.665+0000] {logging_mixin.py:137} INFO - [2024-01-05T02:31:18.665+0000] {dag.py:3441} INFO - Setting next_dagrun for example_xcom_args to None, run_after=None
[2024-01-05T02:31:18.668+0000] {logging_mixin.py:137} INFO - [2024-01-05T02:31:18.668+0000] {dag.py:3441} INFO - Setting next_dagrun for example_xcom_args_with_operators to None, run_after=None
[2024-01-05T02:31:18.679+0000] {processor.py:175} INFO - Processing /home/airflow/.local/lib/python3.7/site-packages/airflow/example_dags/example_xcomargs.py took 0.099 seconds
[2024-01-05T03:42:27.649+0000] {processor.py:153} INFO - Started process (PID=4470) to work on /home/airflow/.local/lib/python3.7/site-packages/airflow/example_dags/example_xcomargs.py
[2024-01-05T03:42:27.651+0000] {processor.py:743} INFO - Processing file /home/airflow/.local/lib/python3.7/site-packages/airflow/example_dags/example_xcomargs.py for tasks to queue
[2024-01-05T03:42:27.652+0000] {logging_mixin.py:137} INFO - [2024-01-05T03:42:27.652+0000] {dagbag.py:538} INFO - Filling up the DagBag from /home/airflow/.local/lib/python3.7/site-packages/airflow/example_dags/example_xcomargs.py
[2024-01-05T03:42:27.677+0000] {processor.py:753} INFO - DAG(s) dict_keys(['example_xcom_args_with_operators', 'example_xcom_args']) retrieved from /home/airflow/.local/lib/python3.7/site-packages/airflow/example_dags/example_xcomargs.py
[2024-01-05T03:42:27.701+0000] {logging_mixin.py:137} INFO - [2024-01-05T03:42:27.701+0000] {dag.py:2690} INFO - Sync 2 DAGs
[2024-01-05T03:42:27.718+0000] {logging_mixin.py:137} INFO - [2024-01-05T03:42:27.718+0000] {dag.py:3441} INFO - Setting next_dagrun for example_xcom_args to None, run_after=None
[2024-01-05T03:42:27.721+0000] {logging_mixin.py:137} INFO - [2024-01-05T03:42:27.721+0000] {dag.py:3441} INFO - Setting next_dagrun for example_xcom_args_with_operators to None, run_after=None
[2024-01-05T03:42:27.745+0000] {processor.py:175} INFO - Processing /home/airflow/.local/lib/python3.7/site-packages/airflow/example_dags/example_xcomargs.py took 0.101 seconds
[2024-01-05T05:03:27.699+0000] {processor.py:153} INFO - Started process (PID=4545) to work on /home/airflow/.local/lib/python3.7/site-packages/airflow/example_dags/example_xcomargs.py
[2024-01-05T05:03:27.701+0000] {processor.py:743} INFO - Processing file /home/airflow/.local/lib/python3.7/site-packages/airflow/example_dags/example_xcomargs.py for tasks to queue
[2024-01-05T05:03:27.702+0000] {logging_mixin.py:137} INFO - [2024-01-05T05:03:27.702+0000] {dagbag.py:538} INFO - Filling up the DagBag from /home/airflow/.local/lib/python3.7/site-packages/airflow/example_dags/example_xcomargs.py
[2024-01-05T05:03:27.722+0000] {processor.py:753} INFO - DAG(s) dict_keys(['example_xcom_args_with_operators', 'example_xcom_args']) retrieved from /home/airflow/.local/lib/python3.7/site-packages/airflow/example_dags/example_xcomargs.py
[2024-01-05T05:03:27.746+0000] {logging_mixin.py:137} INFO - [2024-01-05T05:03:27.745+0000] {dag.py:2690} INFO - Sync 2 DAGs
[2024-01-05T05:03:27.763+0000] {logging_mixin.py:137} INFO - [2024-01-05T05:03:27.763+0000] {dag.py:3441} INFO - Setting next_dagrun for example_xcom_args to None, run_after=None
[2024-01-05T05:03:27.765+0000] {logging_mixin.py:137} INFO - [2024-01-05T05:03:27.765+0000] {dag.py:3441} INFO - Setting next_dagrun for example_xcom_args_with_operators to None, run_after=None
[2024-01-05T05:03:27.775+0000] {processor.py:175} INFO - Processing /home/airflow/.local/lib/python3.7/site-packages/airflow/example_dags/example_xcomargs.py took 0.080 seconds
[2024-01-05T06:28:03.350+0000] {processor.py:153} INFO - Started process (PID=4607) to work on /home/airflow/.local/lib/python3.7/site-packages/airflow/example_dags/example_xcomargs.py
[2024-01-05T06:28:03.352+0000] {processor.py:743} INFO - Processing file /home/airflow/.local/lib/python3.7/site-packages/airflow/example_dags/example_xcomargs.py for tasks to queue
[2024-01-05T06:28:03.352+0000] {logging_mixin.py:137} INFO - [2024-01-05T06:28:03.352+0000] {dagbag.py:538} INFO - Filling up the DagBag from /home/airflow/.local/lib/python3.7/site-packages/airflow/example_dags/example_xcomargs.py
[2024-01-05T06:28:03.369+0000] {processor.py:753} INFO - DAG(s) dict_keys(['example_xcom_args_with_operators', 'example_xcom_args']) retrieved from /home/airflow/.local/lib/python3.7/site-packages/airflow/example_dags/example_xcomargs.py
[2024-01-05T06:28:03.397+0000] {logging_mixin.py:137} INFO - [2024-01-05T06:28:03.396+0000] {dag.py:2690} INFO - Sync 2 DAGs
[2024-01-05T06:28:03.416+0000] {logging_mixin.py:137} INFO - [2024-01-05T06:28:03.416+0000] {dag.py:3441} INFO - Setting next_dagrun for example_xcom_args to None, run_after=None
[2024-01-05T06:28:03.419+0000] {logging_mixin.py:137} INFO - [2024-01-05T06:28:03.419+0000] {dag.py:3441} INFO - Setting next_dagrun for example_xcom_args_with_operators to None, run_after=None
[2024-01-05T06:28:03.429+0000] {processor.py:175} INFO - Processing /home/airflow/.local/lib/python3.7/site-packages/airflow/example_dags/example_xcomargs.py took 0.082 seconds
[2024-01-05T07:47:05.907+0000] {processor.py:153} INFO - Started process (PID=4679) to work on /home/airflow/.local/lib/python3.7/site-packages/airflow/example_dags/example_xcomargs.py
[2024-01-05T07:47:05.909+0000] {processor.py:743} INFO - Processing file /home/airflow/.local/lib/python3.7/site-packages/airflow/example_dags/example_xcomargs.py for tasks to queue
[2024-01-05T07:47:05.919+0000] {logging_mixin.py:137} INFO - [2024-01-05T07:47:05.919+0000] {dagbag.py:538} INFO - Filling up the DagBag from /home/airflow/.local/lib/python3.7/site-packages/airflow/example_dags/example_xcomargs.py
[2024-01-05T07:47:06.034+0000] {processor.py:753} INFO - DAG(s) dict_keys(['example_xcom_args', 'example_xcom_args_with_operators']) retrieved from /home/airflow/.local/lib/python3.7/site-packages/airflow/example_dags/example_xcomargs.py
[2024-01-05T07:47:06.104+0000] {logging_mixin.py:137} INFO - [2024-01-05T07:47:06.104+0000] {dag.py:2690} INFO - Sync 2 DAGs
[2024-01-05T07:47:06.153+0000] {logging_mixin.py:137} INFO - [2024-01-05T07:47:06.153+0000] {dag.py:3441} INFO - Setting next_dagrun for example_xcom_args to None, run_after=None
[2024-01-05T07:47:06.157+0000] {logging_mixin.py:137} INFO - [2024-01-05T07:47:06.157+0000] {dag.py:3441} INFO - Setting next_dagrun for example_xcom_args_with_operators to None, run_after=None
[2024-01-05T07:47:06.186+0000] {processor.py:175} INFO - Processing /home/airflow/.local/lib/python3.7/site-packages/airflow/example_dags/example_xcomargs.py took 0.285 seconds
[2024-01-05T09:24:48.011+0000] {processor.py:153} INFO - Started process (PID=4744) to work on /home/airflow/.local/lib/python3.7/site-packages/airflow/example_dags/example_xcomargs.py
[2024-01-05T09:24:48.013+0000] {processor.py:743} INFO - Processing file /home/airflow/.local/lib/python3.7/site-packages/airflow/example_dags/example_xcomargs.py for tasks to queue
[2024-01-05T09:24:48.016+0000] {logging_mixin.py:137} INFO - [2024-01-05T09:24:48.015+0000] {dagbag.py:538} INFO - Filling up the DagBag from /home/airflow/.local/lib/python3.7/site-packages/airflow/example_dags/example_xcomargs.py
[2024-01-05T09:24:48.046+0000] {processor.py:753} INFO - DAG(s) dict_keys(['example_xcom_args', 'example_xcom_args_with_operators']) retrieved from /home/airflow/.local/lib/python3.7/site-packages/airflow/example_dags/example_xcomargs.py
[2024-01-05T09:24:48.073+0000] {logging_mixin.py:137} INFO - [2024-01-05T09:24:48.073+0000] {dag.py:2690} INFO - Sync 2 DAGs
[2024-01-05T09:24:48.091+0000] {logging_mixin.py:137} INFO - [2024-01-05T09:24:48.091+0000] {dag.py:3441} INFO - Setting next_dagrun for example_xcom_args to None, run_after=None
[2024-01-05T09:24:48.094+0000] {logging_mixin.py:137} INFO - [2024-01-05T09:24:48.094+0000] {dag.py:3441} INFO - Setting next_dagrun for example_xcom_args_with_operators to None, run_after=None
[2024-01-05T09:24:48.104+0000] {processor.py:175} INFO - Processing /home/airflow/.local/lib/python3.7/site-packages/airflow/example_dags/example_xcomargs.py took 0.098 seconds
[2024-01-05T10:32:48.306+0000] {processor.py:153} INFO - Started process (PID=4807) to work on /home/airflow/.local/lib/python3.7/site-packages/airflow/example_dags/example_xcomargs.py
[2024-01-05T10:32:48.308+0000] {processor.py:743} INFO - Processing file /home/airflow/.local/lib/python3.7/site-packages/airflow/example_dags/example_xcomargs.py for tasks to queue
[2024-01-05T10:32:48.309+0000] {logging_mixin.py:137} INFO - [2024-01-05T10:32:48.308+0000] {dagbag.py:538} INFO - Filling up the DagBag from /home/airflow/.local/lib/python3.7/site-packages/airflow/example_dags/example_xcomargs.py
[2024-01-05T10:32:48.324+0000] {processor.py:753} INFO - DAG(s) dict_keys(['example_xcom_args_with_operators', 'example_xcom_args']) retrieved from /home/airflow/.local/lib/python3.7/site-packages/airflow/example_dags/example_xcomargs.py
[2024-01-05T10:32:48.350+0000] {logging_mixin.py:137} INFO - [2024-01-05T10:32:48.350+0000] {dag.py:2690} INFO - Sync 2 DAGs
[2024-01-05T10:32:48.371+0000] {logging_mixin.py:137} INFO - [2024-01-05T10:32:48.371+0000] {dag.py:3441} INFO - Setting next_dagrun for example_xcom_args to None, run_after=None
[2024-01-05T10:32:48.403+0000] {logging_mixin.py:137} INFO - [2024-01-05T10:32:48.403+0000] {dag.py:3441} INFO - Setting next_dagrun for example_xcom_args_with_operators to None, run_after=None
[2024-01-05T10:32:48.422+0000] {processor.py:175} INFO - Processing /home/airflow/.local/lib/python3.7/site-packages/airflow/example_dags/example_xcomargs.py took 0.118 seconds
[2024-01-05T11:33:47.362+0000] {processor.py:153} INFO - Started process (PID=4882) to work on /home/airflow/.local/lib/python3.7/site-packages/airflow/example_dags/example_xcomargs.py
[2024-01-05T11:33:47.364+0000] {processor.py:743} INFO - Processing file /home/airflow/.local/lib/python3.7/site-packages/airflow/example_dags/example_xcomargs.py for tasks to queue
[2024-01-05T11:33:47.365+0000] {logging_mixin.py:137} INFO - [2024-01-05T11:33:47.365+0000] {dagbag.py:538} INFO - Filling up the DagBag from /home/airflow/.local/lib/python3.7/site-packages/airflow/example_dags/example_xcomargs.py
[2024-01-05T11:33:47.382+0000] {processor.py:753} INFO - DAG(s) dict_keys(['example_xcom_args', 'example_xcom_args_with_operators']) retrieved from /home/airflow/.local/lib/python3.7/site-packages/airflow/example_dags/example_xcomargs.py
[2024-01-05T11:33:47.403+0000] {logging_mixin.py:137} INFO - [2024-01-05T11:33:47.403+0000] {dag.py:2690} INFO - Sync 2 DAGs
[2024-01-05T11:33:47.419+0000] {logging_mixin.py:137} INFO - [2024-01-05T11:33:47.419+0000] {dag.py:3441} INFO - Setting next_dagrun for example_xcom_args to None, run_after=None
[2024-01-05T11:33:47.422+0000] {logging_mixin.py:137} INFO - [2024-01-05T11:33:47.422+0000] {dag.py:3441} INFO - Setting next_dagrun for example_xcom_args_with_operators to None, run_after=None
[2024-01-05T11:33:47.432+0000] {processor.py:175} INFO - Processing /home/airflow/.local/lib/python3.7/site-packages/airflow/example_dags/example_xcomargs.py took 0.072 seconds
[2024-01-05T12:52:19.050+0000] {processor.py:153} INFO - Started process (PID=4945) to work on /home/airflow/.local/lib/python3.7/site-packages/airflow/example_dags/example_xcomargs.py
[2024-01-05T12:52:19.052+0000] {processor.py:743} INFO - Processing file /home/airflow/.local/lib/python3.7/site-packages/airflow/example_dags/example_xcomargs.py for tasks to queue
[2024-01-05T12:52:19.053+0000] {logging_mixin.py:137} INFO - [2024-01-05T12:52:19.053+0000] {dagbag.py:538} INFO - Filling up the DagBag from /home/airflow/.local/lib/python3.7/site-packages/airflow/example_dags/example_xcomargs.py
[2024-01-05T12:52:19.072+0000] {processor.py:753} INFO - DAG(s) dict_keys(['example_xcom_args_with_operators', 'example_xcom_args']) retrieved from /home/airflow/.local/lib/python3.7/site-packages/airflow/example_dags/example_xcomargs.py
[2024-01-05T12:52:19.104+0000] {logging_mixin.py:137} INFO - [2024-01-05T12:52:19.103+0000] {dag.py:2690} INFO - Sync 2 DAGs
[2024-01-05T12:52:19.175+0000] {logging_mixin.py:137} INFO - [2024-01-05T12:52:19.175+0000] {dag.py:3441} INFO - Setting next_dagrun for example_xcom_args to None, run_after=None
[2024-01-05T12:52:19.187+0000] {logging_mixin.py:137} INFO - [2024-01-05T12:52:19.186+0000] {dag.py:3441} INFO - Setting next_dagrun for example_xcom_args_with_operators to None, run_after=None
[2024-01-05T12:52:19.790+0000] {processor.py:175} INFO - Processing /home/airflow/.local/lib/python3.7/site-packages/airflow/example_dags/example_xcomargs.py took 0.743 seconds
[2024-01-05T14:01:06.535+0000] {processor.py:153} INFO - Started process (PID=5019) to work on /home/airflow/.local/lib/python3.7/site-packages/airflow/example_dags/example_xcomargs.py
[2024-01-05T14:01:06.537+0000] {processor.py:743} INFO - Processing file /home/airflow/.local/lib/python3.7/site-packages/airflow/example_dags/example_xcomargs.py for tasks to queue
[2024-01-05T14:01:06.538+0000] {logging_mixin.py:137} INFO - [2024-01-05T14:01:06.538+0000] {dagbag.py:538} INFO - Filling up the DagBag from /home/airflow/.local/lib/python3.7/site-packages/airflow/example_dags/example_xcomargs.py
[2024-01-05T14:01:06.562+0000] {processor.py:753} INFO - DAG(s) dict_keys(['example_xcom_args', 'example_xcom_args_with_operators']) retrieved from /home/airflow/.local/lib/python3.7/site-packages/airflow/example_dags/example_xcomargs.py
[2024-01-05T14:01:06.597+0000] {logging_mixin.py:137} INFO - [2024-01-05T14:01:06.597+0000] {dag.py:2690} INFO - Sync 2 DAGs
[2024-01-05T14:01:06.629+0000] {logging_mixin.py:137} INFO - [2024-01-05T14:01:06.629+0000] {dag.py:3441} INFO - Setting next_dagrun for example_xcom_args to None, run_after=None
[2024-01-05T14:01:06.633+0000] {logging_mixin.py:137} INFO - [2024-01-05T14:01:06.633+0000] {dag.py:3441} INFO - Setting next_dagrun for example_xcom_args_with_operators to None, run_after=None
[2024-01-05T14:01:06.653+0000] {processor.py:175} INFO - Processing /home/airflow/.local/lib/python3.7/site-packages/airflow/example_dags/example_xcomargs.py took 0.121 seconds
[2024-01-05T14:01:36.916+0000] {processor.py:153} INFO - Started process (PID=5083) to work on /home/airflow/.local/lib/python3.7/site-packages/airflow/example_dags/example_xcomargs.py
[2024-01-05T14:01:36.917+0000] {processor.py:743} INFO - Processing file /home/airflow/.local/lib/python3.7/site-packages/airflow/example_dags/example_xcomargs.py for tasks to queue
[2024-01-05T14:01:36.918+0000] {logging_mixin.py:137} INFO - [2024-01-05T14:01:36.918+0000] {dagbag.py:538} INFO - Filling up the DagBag from /home/airflow/.local/lib/python3.7/site-packages/airflow/example_dags/example_xcomargs.py
[2024-01-05T14:01:36.935+0000] {processor.py:753} INFO - DAG(s) dict_keys(['example_xcom_args', 'example_xcom_args_with_operators']) retrieved from /home/airflow/.local/lib/python3.7/site-packages/airflow/example_dags/example_xcomargs.py
[2024-01-05T14:01:36.966+0000] {logging_mixin.py:137} INFO - [2024-01-05T14:01:36.966+0000] {dag.py:2690} INFO - Sync 2 DAGs
[2024-01-05T14:01:36.988+0000] {logging_mixin.py:137} INFO - [2024-01-05T14:01:36.988+0000] {dag.py:3441} INFO - Setting next_dagrun for example_xcom_args to None, run_after=None
[2024-01-05T14:01:36.995+0000] {logging_mixin.py:137} INFO - [2024-01-05T14:01:36.995+0000] {dag.py:3441} INFO - Setting next_dagrun for example_xcom_args_with_operators to None, run_after=None
[2024-01-05T14:01:37.010+0000] {processor.py:175} INFO - Processing /home/airflow/.local/lib/python3.7/site-packages/airflow/example_dags/example_xcomargs.py took 0.097 seconds
[2024-01-05T14:02:08.331+0000] {processor.py:153} INFO - Started process (PID=5156) to work on /home/airflow/.local/lib/python3.7/site-packages/airflow/example_dags/example_xcomargs.py
[2024-01-05T14:02:08.333+0000] {processor.py:743} INFO - Processing file /home/airflow/.local/lib/python3.7/site-packages/airflow/example_dags/example_xcomargs.py for tasks to queue
[2024-01-05T14:02:08.334+0000] {logging_mixin.py:137} INFO - [2024-01-05T14:02:08.334+0000] {dagbag.py:538} INFO - Filling up the DagBag from /home/airflow/.local/lib/python3.7/site-packages/airflow/example_dags/example_xcomargs.py
[2024-01-05T14:02:08.378+0000] {processor.py:753} INFO - DAG(s) dict_keys(['example_xcom_args', 'example_xcom_args_with_operators']) retrieved from /home/airflow/.local/lib/python3.7/site-packages/airflow/example_dags/example_xcomargs.py
[2024-01-05T14:02:08.505+0000] {logging_mixin.py:137} INFO - [2024-01-05T14:02:08.505+0000] {dag.py:2690} INFO - Sync 2 DAGs
[2024-01-05T14:02:08.560+0000] {logging_mixin.py:137} INFO - [2024-01-05T14:02:08.560+0000] {dag.py:3441} INFO - Setting next_dagrun for example_xcom_args to None, run_after=None
[2024-01-05T14:02:08.564+0000] {logging_mixin.py:137} INFO - [2024-01-05T14:02:08.564+0000] {dag.py:3441} INFO - Setting next_dagrun for example_xcom_args_with_operators to None, run_after=None
[2024-01-05T14:02:08.581+0000] {processor.py:175} INFO - Processing /home/airflow/.local/lib/python3.7/site-packages/airflow/example_dags/example_xcomargs.py took 0.258 seconds
[2024-01-05T14:02:39.511+0000] {processor.py:153} INFO - Started process (PID=5222) to work on /home/airflow/.local/lib/python3.7/site-packages/airflow/example_dags/example_xcomargs.py
[2024-01-05T14:02:39.515+0000] {processor.py:743} INFO - Processing file /home/airflow/.local/lib/python3.7/site-packages/airflow/example_dags/example_xcomargs.py for tasks to queue
[2024-01-05T14:02:39.517+0000] {logging_mixin.py:137} INFO - [2024-01-05T14:02:39.516+0000] {dagbag.py:538} INFO - Filling up the DagBag from /home/airflow/.local/lib/python3.7/site-packages/airflow/example_dags/example_xcomargs.py
[2024-01-05T14:02:39.546+0000] {processor.py:753} INFO - DAG(s) dict_keys(['example_xcom_args_with_operators', 'example_xcom_args']) retrieved from /home/airflow/.local/lib/python3.7/site-packages/airflow/example_dags/example_xcomargs.py
[2024-01-05T14:02:39.568+0000] {logging_mixin.py:137} INFO - [2024-01-05T14:02:39.568+0000] {dag.py:2690} INFO - Sync 2 DAGs
[2024-01-05T14:02:39.584+0000] {logging_mixin.py:137} INFO - [2024-01-05T14:02:39.584+0000] {dag.py:3441} INFO - Setting next_dagrun for example_xcom_args to None, run_after=None
[2024-01-05T14:02:39.587+0000] {logging_mixin.py:137} INFO - [2024-01-05T14:02:39.587+0000] {dag.py:3441} INFO - Setting next_dagrun for example_xcom_args_with_operators to None, run_after=None
[2024-01-05T14:02:39.597+0000] {processor.py:175} INFO - Processing /home/airflow/.local/lib/python3.7/site-packages/airflow/example_dags/example_xcomargs.py took 0.095 seconds
[2024-01-05T14:03:10.131+0000] {processor.py:153} INFO - Started process (PID=5297) to work on /home/airflow/.local/lib/python3.7/site-packages/airflow/example_dags/example_xcomargs.py
[2024-01-05T14:03:10.133+0000] {processor.py:743} INFO - Processing file /home/airflow/.local/lib/python3.7/site-packages/airflow/example_dags/example_xcomargs.py for tasks to queue
[2024-01-05T14:03:10.134+0000] {logging_mixin.py:137} INFO - [2024-01-05T14:03:10.134+0000] {dagbag.py:538} INFO - Filling up the DagBag from /home/airflow/.local/lib/python3.7/site-packages/airflow/example_dags/example_xcomargs.py
[2024-01-05T14:03:10.159+0000] {processor.py:753} INFO - DAG(s) dict_keys(['example_xcom_args_with_operators', 'example_xcom_args']) retrieved from /home/airflow/.local/lib/python3.7/site-packages/airflow/example_dags/example_xcomargs.py
[2024-01-05T14:03:10.200+0000] {logging_mixin.py:137} INFO - [2024-01-05T14:03:10.199+0000] {dag.py:2690} INFO - Sync 2 DAGs
[2024-01-05T14:03:10.235+0000] {logging_mixin.py:137} INFO - [2024-01-05T14:03:10.235+0000] {dag.py:3441} INFO - Setting next_dagrun for example_xcom_args to None, run_after=None
[2024-01-05T14:03:10.240+0000] {logging_mixin.py:137} INFO - [2024-01-05T14:03:10.240+0000] {dag.py:3441} INFO - Setting next_dagrun for example_xcom_args_with_operators to None, run_after=None
[2024-01-05T14:03:10.256+0000] {processor.py:175} INFO - Processing /home/airflow/.local/lib/python3.7/site-packages/airflow/example_dags/example_xcomargs.py took 0.129 seconds
[2024-01-05T14:03:40.290+0000] {processor.py:153} INFO - Started process (PID=5360) to work on /home/airflow/.local/lib/python3.7/site-packages/airflow/example_dags/example_xcomargs.py
[2024-01-05T14:03:40.291+0000] {processor.py:743} INFO - Processing file /home/airflow/.local/lib/python3.7/site-packages/airflow/example_dags/example_xcomargs.py for tasks to queue
[2024-01-05T14:03:40.292+0000] {logging_mixin.py:137} INFO - [2024-01-05T14:03:40.292+0000] {dagbag.py:538} INFO - Filling up the DagBag from /home/airflow/.local/lib/python3.7/site-packages/airflow/example_dags/example_xcomargs.py
[2024-01-05T14:03:40.306+0000] {processor.py:753} INFO - DAG(s) dict_keys(['example_xcom_args', 'example_xcom_args_with_operators']) retrieved from /home/airflow/.local/lib/python3.7/site-packages/airflow/example_dags/example_xcomargs.py
[2024-01-05T14:03:40.328+0000] {logging_mixin.py:137} INFO - [2024-01-05T14:03:40.328+0000] {dag.py:2690} INFO - Sync 2 DAGs
[2024-01-05T14:03:40.344+0000] {logging_mixin.py:137} INFO - [2024-01-05T14:03:40.344+0000] {dag.py:3441} INFO - Setting next_dagrun for example_xcom_args to None, run_after=None
[2024-01-05T14:03:40.346+0000] {logging_mixin.py:137} INFO - [2024-01-05T14:03:40.346+0000] {dag.py:3441} INFO - Setting next_dagrun for example_xcom_args_with_operators to None, run_after=None
[2024-01-05T14:03:40.355+0000] {processor.py:175} INFO - Processing /home/airflow/.local/lib/python3.7/site-packages/airflow/example_dags/example_xcomargs.py took 0.068 seconds
[2024-01-05T14:04:11.460+0000] {processor.py:153} INFO - Started process (PID=5436) to work on /home/airflow/.local/lib/python3.7/site-packages/airflow/example_dags/example_xcomargs.py
[2024-01-05T14:04:11.461+0000] {processor.py:743} INFO - Processing file /home/airflow/.local/lib/python3.7/site-packages/airflow/example_dags/example_xcomargs.py for tasks to queue
[2024-01-05T14:04:11.462+0000] {logging_mixin.py:137} INFO - [2024-01-05T14:04:11.462+0000] {dagbag.py:538} INFO - Filling up the DagBag from /home/airflow/.local/lib/python3.7/site-packages/airflow/example_dags/example_xcomargs.py
[2024-01-05T14:04:11.487+0000] {processor.py:753} INFO - DAG(s) dict_keys(['example_xcom_args', 'example_xcom_args_with_operators']) retrieved from /home/airflow/.local/lib/python3.7/site-packages/airflow/example_dags/example_xcomargs.py
[2024-01-05T14:04:11.534+0000] {logging_mixin.py:137} INFO - [2024-01-05T14:04:11.534+0000] {dag.py:2690} INFO - Sync 2 DAGs
[2024-01-05T14:04:11.557+0000] {logging_mixin.py:137} INFO - [2024-01-05T14:04:11.557+0000] {dag.py:3441} INFO - Setting next_dagrun for example_xcom_args to None, run_after=None
[2024-01-05T14:04:11.560+0000] {logging_mixin.py:137} INFO - [2024-01-05T14:04:11.560+0000] {dag.py:3441} INFO - Setting next_dagrun for example_xcom_args_with_operators to None, run_after=None
[2024-01-05T14:04:11.571+0000] {processor.py:175} INFO - Processing /home/airflow/.local/lib/python3.7/site-packages/airflow/example_dags/example_xcomargs.py took 0.115 seconds
[2024-01-05T14:04:42.520+0000] {processor.py:153} INFO - Started process (PID=5499) to work on /home/airflow/.local/lib/python3.7/site-packages/airflow/example_dags/example_xcomargs.py
[2024-01-05T14:04:42.521+0000] {processor.py:743} INFO - Processing file /home/airflow/.local/lib/python3.7/site-packages/airflow/example_dags/example_xcomargs.py for tasks to queue
[2024-01-05T14:04:42.521+0000] {logging_mixin.py:137} INFO - [2024-01-05T14:04:42.521+0000] {dagbag.py:538} INFO - Filling up the DagBag from /home/airflow/.local/lib/python3.7/site-packages/airflow/example_dags/example_xcomargs.py
[2024-01-05T14:04:42.537+0000] {processor.py:753} INFO - DAG(s) dict_keys(['example_xcom_args_with_operators', 'example_xcom_args']) retrieved from /home/airflow/.local/lib/python3.7/site-packages/airflow/example_dags/example_xcomargs.py
[2024-01-05T14:04:42.557+0000] {logging_mixin.py:137} INFO - [2024-01-05T14:04:42.557+0000] {dag.py:2690} INFO - Sync 2 DAGs
[2024-01-05T14:04:42.572+0000] {logging_mixin.py:137} INFO - [2024-01-05T14:04:42.572+0000] {dag.py:3441} INFO - Setting next_dagrun for example_xcom_args to None, run_after=None
[2024-01-05T14:04:42.575+0000] {logging_mixin.py:137} INFO - [2024-01-05T14:04:42.575+0000] {dag.py:3441} INFO - Setting next_dagrun for example_xcom_args_with_operators to None, run_after=None
[2024-01-05T14:04:42.584+0000] {processor.py:175} INFO - Processing /home/airflow/.local/lib/python3.7/site-packages/airflow/example_dags/example_xcomargs.py took 0.067 seconds
[2024-01-05T14:05:13.276+0000] {processor.py:153} INFO - Started process (PID=5574) to work on /home/airflow/.local/lib/python3.7/site-packages/airflow/example_dags/example_xcomargs.py
[2024-01-05T14:05:13.278+0000] {processor.py:743} INFO - Processing file /home/airflow/.local/lib/python3.7/site-packages/airflow/example_dags/example_xcomargs.py for tasks to queue
[2024-01-05T14:05:13.283+0000] {logging_mixin.py:137} INFO - [2024-01-05T14:05:13.282+0000] {dagbag.py:538} INFO - Filling up the DagBag from /home/airflow/.local/lib/python3.7/site-packages/airflow/example_dags/example_xcomargs.py
[2024-01-05T14:05:13.298+0000] {processor.py:753} INFO - DAG(s) dict_keys(['example_xcom_args', 'example_xcom_args_with_operators']) retrieved from /home/airflow/.local/lib/python3.7/site-packages/airflow/example_dags/example_xcomargs.py
[2024-01-05T14:05:13.322+0000] {logging_mixin.py:137} INFO - [2024-01-05T14:05:13.321+0000] {dag.py:2690} INFO - Sync 2 DAGs
[2024-01-05T14:05:13.339+0000] {logging_mixin.py:137} INFO - [2024-01-05T14:05:13.339+0000] {dag.py:3441} INFO - Setting next_dagrun for example_xcom_args to None, run_after=None
[2024-01-05T14:05:13.341+0000] {logging_mixin.py:137} INFO - [2024-01-05T14:05:13.341+0000] {dag.py:3441} INFO - Setting next_dagrun for example_xcom_args_with_operators to None, run_after=None
[2024-01-05T14:05:13.351+0000] {processor.py:175} INFO - Processing /home/airflow/.local/lib/python3.7/site-packages/airflow/example_dags/example_xcomargs.py took 0.080 seconds
[2024-01-05T14:05:43.750+0000] {processor.py:153} INFO - Started process (PID=5646) to work on /home/airflow/.local/lib/python3.7/site-packages/airflow/example_dags/example_xcomargs.py
[2024-01-05T14:05:43.752+0000] {processor.py:743} INFO - Processing file /home/airflow/.local/lib/python3.7/site-packages/airflow/example_dags/example_xcomargs.py for tasks to queue
[2024-01-05T14:05:43.753+0000] {logging_mixin.py:137} INFO - [2024-01-05T14:05:43.753+0000] {dagbag.py:538} INFO - Filling up the DagBag from /home/airflow/.local/lib/python3.7/site-packages/airflow/example_dags/example_xcomargs.py
[2024-01-05T14:05:43.775+0000] {processor.py:753} INFO - DAG(s) dict_keys(['example_xcom_args_with_operators', 'example_xcom_args']) retrieved from /home/airflow/.local/lib/python3.7/site-packages/airflow/example_dags/example_xcomargs.py
[2024-01-05T14:05:43.825+0000] {logging_mixin.py:137} INFO - [2024-01-05T14:05:43.825+0000] {dag.py:2690} INFO - Sync 2 DAGs
[2024-01-05T14:05:43.844+0000] {logging_mixin.py:137} INFO - [2024-01-05T14:05:43.844+0000] {dag.py:3441} INFO - Setting next_dagrun for example_xcom_args to None, run_after=None
[2024-01-05T14:05:43.848+0000] {logging_mixin.py:137} INFO - [2024-01-05T14:05:43.848+0000] {dag.py:3441} INFO - Setting next_dagrun for example_xcom_args_with_operators to None, run_after=None
[2024-01-05T14:05:43.863+0000] {processor.py:175} INFO - Processing /home/airflow/.local/lib/python3.7/site-packages/airflow/example_dags/example_xcomargs.py took 0.116 seconds
[2024-01-05T14:06:14.568+0000] {processor.py:153} INFO - Started process (PID=5713) to work on /home/airflow/.local/lib/python3.7/site-packages/airflow/example_dags/example_xcomargs.py
[2024-01-05T14:06:14.569+0000] {processor.py:743} INFO - Processing file /home/airflow/.local/lib/python3.7/site-packages/airflow/example_dags/example_xcomargs.py for tasks to queue
[2024-01-05T14:06:14.570+0000] {logging_mixin.py:137} INFO - [2024-01-05T14:06:14.570+0000] {dagbag.py:538} INFO - Filling up the DagBag from /home/airflow/.local/lib/python3.7/site-packages/airflow/example_dags/example_xcomargs.py
[2024-01-05T14:06:14.585+0000] {processor.py:753} INFO - DAG(s) dict_keys(['example_xcom_args_with_operators', 'example_xcom_args']) retrieved from /home/airflow/.local/lib/python3.7/site-packages/airflow/example_dags/example_xcomargs.py
[2024-01-05T14:06:14.609+0000] {logging_mixin.py:137} INFO - [2024-01-05T14:06:14.609+0000] {dag.py:2690} INFO - Sync 2 DAGs
[2024-01-05T14:06:14.634+0000] {logging_mixin.py:137} INFO - [2024-01-05T14:06:14.634+0000] {dag.py:3441} INFO - Setting next_dagrun for example_xcom_args to None, run_after=None
[2024-01-05T14:06:14.637+0000] {logging_mixin.py:137} INFO - [2024-01-05T14:06:14.637+0000] {dag.py:3441} INFO - Setting next_dagrun for example_xcom_args_with_operators to None, run_after=None
[2024-01-05T14:06:14.651+0000] {processor.py:175} INFO - Processing /home/airflow/.local/lib/python3.7/site-packages/airflow/example_dags/example_xcomargs.py took 0.086 seconds
[2024-01-05T14:06:45.268+0000] {processor.py:153} INFO - Started process (PID=5788) to work on /home/airflow/.local/lib/python3.7/site-packages/airflow/example_dags/example_xcomargs.py
[2024-01-05T14:06:45.269+0000] {processor.py:743} INFO - Processing file /home/airflow/.local/lib/python3.7/site-packages/airflow/example_dags/example_xcomargs.py for tasks to queue
[2024-01-05T14:06:45.269+0000] {logging_mixin.py:137} INFO - [2024-01-05T14:06:45.269+0000] {dagbag.py:538} INFO - Filling up the DagBag from /home/airflow/.local/lib/python3.7/site-packages/airflow/example_dags/example_xcomargs.py
[2024-01-05T14:06:45.285+0000] {processor.py:753} INFO - DAG(s) dict_keys(['example_xcom_args', 'example_xcom_args_with_operators']) retrieved from /home/airflow/.local/lib/python3.7/site-packages/airflow/example_dags/example_xcomargs.py
[2024-01-05T14:06:45.305+0000] {logging_mixin.py:137} INFO - [2024-01-05T14:06:45.304+0000] {dag.py:2690} INFO - Sync 2 DAGs
[2024-01-05T14:06:45.319+0000] {logging_mixin.py:137} INFO - [2024-01-05T14:06:45.319+0000] {dag.py:3441} INFO - Setting next_dagrun for example_xcom_args to None, run_after=None
[2024-01-05T14:06:45.322+0000] {logging_mixin.py:137} INFO - [2024-01-05T14:06:45.322+0000] {dag.py:3441} INFO - Setting next_dagrun for example_xcom_args_with_operators to None, run_after=None
[2024-01-05T14:06:45.331+0000] {processor.py:175} INFO - Processing /home/airflow/.local/lib/python3.7/site-packages/airflow/example_dags/example_xcomargs.py took 0.068 seconds
[2024-01-05T14:07:15.980+0000] {processor.py:153} INFO - Started process (PID=5851) to work on /home/airflow/.local/lib/python3.7/site-packages/airflow/example_dags/example_xcomargs.py
[2024-01-05T14:07:15.982+0000] {processor.py:743} INFO - Processing file /home/airflow/.local/lib/python3.7/site-packages/airflow/example_dags/example_xcomargs.py for tasks to queue
[2024-01-05T14:07:15.982+0000] {logging_mixin.py:137} INFO - [2024-01-05T14:07:15.982+0000] {dagbag.py:538} INFO - Filling up the DagBag from /home/airflow/.local/lib/python3.7/site-packages/airflow/example_dags/example_xcomargs.py
[2024-01-05T14:07:16.004+0000] {processor.py:753} INFO - DAG(s) dict_keys(['example_xcom_args', 'example_xcom_args_with_operators']) retrieved from /home/airflow/.local/lib/python3.7/site-packages/airflow/example_dags/example_xcomargs.py
[2024-01-05T14:07:16.029+0000] {logging_mixin.py:137} INFO - [2024-01-05T14:07:16.029+0000] {dag.py:2690} INFO - Sync 2 DAGs
[2024-01-05T14:07:16.045+0000] {logging_mixin.py:137} INFO - [2024-01-05T14:07:16.045+0000] {dag.py:3441} INFO - Setting next_dagrun for example_xcom_args to None, run_after=None
[2024-01-05T14:07:16.048+0000] {logging_mixin.py:137} INFO - [2024-01-05T14:07:16.048+0000] {dag.py:3441} INFO - Setting next_dagrun for example_xcom_args_with_operators to None, run_after=None
[2024-01-05T14:07:16.058+0000] {processor.py:175} INFO - Processing /home/airflow/.local/lib/python3.7/site-packages/airflow/example_dags/example_xcomargs.py took 0.081 seconds
[2024-01-05T14:07:46.706+0000] {processor.py:153} INFO - Started process (PID=5926) to work on /home/airflow/.local/lib/python3.7/site-packages/airflow/example_dags/example_xcomargs.py
[2024-01-05T14:07:46.708+0000] {processor.py:743} INFO - Processing file /home/airflow/.local/lib/python3.7/site-packages/airflow/example_dags/example_xcomargs.py for tasks to queue
[2024-01-05T14:07:46.709+0000] {logging_mixin.py:137} INFO - [2024-01-05T14:07:46.709+0000] {dagbag.py:538} INFO - Filling up the DagBag from /home/airflow/.local/lib/python3.7/site-packages/airflow/example_dags/example_xcomargs.py
[2024-01-05T14:07:46.732+0000] {processor.py:753} INFO - DAG(s) dict_keys(['example_xcom_args', 'example_xcom_args_with_operators']) retrieved from /home/airflow/.local/lib/python3.7/site-packages/airflow/example_dags/example_xcomargs.py
[2024-01-05T14:07:46.757+0000] {logging_mixin.py:137} INFO - [2024-01-05T14:07:46.757+0000] {dag.py:2690} INFO - Sync 2 DAGs
[2024-01-05T14:07:46.772+0000] {logging_mixin.py:137} INFO - [2024-01-05T14:07:46.772+0000] {dag.py:3441} INFO - Setting next_dagrun for example_xcom_args to None, run_after=None
[2024-01-05T14:07:46.775+0000] {logging_mixin.py:137} INFO - [2024-01-05T14:07:46.775+0000] {dag.py:3441} INFO - Setting next_dagrun for example_xcom_args_with_operators to None, run_after=None
[2024-01-05T14:07:46.784+0000] {processor.py:175} INFO - Processing /home/airflow/.local/lib/python3.7/site-packages/airflow/example_dags/example_xcomargs.py took 0.081 seconds
[2024-01-05T14:08:17.486+0000] {processor.py:153} INFO - Started process (PID=5989) to work on /home/airflow/.local/lib/python3.7/site-packages/airflow/example_dags/example_xcomargs.py
[2024-01-05T14:08:17.488+0000] {processor.py:743} INFO - Processing file /home/airflow/.local/lib/python3.7/site-packages/airflow/example_dags/example_xcomargs.py for tasks to queue
[2024-01-05T14:08:17.488+0000] {logging_mixin.py:137} INFO - [2024-01-05T14:08:17.488+0000] {dagbag.py:538} INFO - Filling up the DagBag from /home/airflow/.local/lib/python3.7/site-packages/airflow/example_dags/example_xcomargs.py
[2024-01-05T14:08:17.507+0000] {processor.py:753} INFO - DAG(s) dict_keys(['example_xcom_args_with_operators', 'example_xcom_args']) retrieved from /home/airflow/.local/lib/python3.7/site-packages/airflow/example_dags/example_xcomargs.py
[2024-01-05T14:08:17.528+0000] {logging_mixin.py:137} INFO - [2024-01-05T14:08:17.528+0000] {dag.py:2690} INFO - Sync 2 DAGs
[2024-01-05T14:08:17.545+0000] {logging_mixin.py:137} INFO - [2024-01-05T14:08:17.544+0000] {dag.py:3441} INFO - Setting next_dagrun for example_xcom_args to None, run_after=None
[2024-01-05T14:08:17.547+0000] {logging_mixin.py:137} INFO - [2024-01-05T14:08:17.547+0000] {dag.py:3441} INFO - Setting next_dagrun for example_xcom_args_with_operators to None, run_after=None
[2024-01-05T14:08:17.556+0000] {processor.py:175} INFO - Processing /home/airflow/.local/lib/python3.7/site-packages/airflow/example_dags/example_xcomargs.py took 0.073 seconds
[2024-01-05T14:08:47.692+0000] {processor.py:153} INFO - Started process (PID=6064) to work on /home/airflow/.local/lib/python3.7/site-packages/airflow/example_dags/example_xcomargs.py
[2024-01-05T14:08:47.693+0000] {processor.py:743} INFO - Processing file /home/airflow/.local/lib/python3.7/site-packages/airflow/example_dags/example_xcomargs.py for tasks to queue
[2024-01-05T14:08:47.694+0000] {logging_mixin.py:137} INFO - [2024-01-05T14:08:47.694+0000] {dagbag.py:538} INFO - Filling up the DagBag from /home/airflow/.local/lib/python3.7/site-packages/airflow/example_dags/example_xcomargs.py
[2024-01-05T14:08:47.711+0000] {processor.py:753} INFO - DAG(s) dict_keys(['example_xcom_args', 'example_xcom_args_with_operators']) retrieved from /home/airflow/.local/lib/python3.7/site-packages/airflow/example_dags/example_xcomargs.py
[2024-01-05T14:08:47.732+0000] {logging_mixin.py:137} INFO - [2024-01-05T14:08:47.732+0000] {dag.py:2690} INFO - Sync 2 DAGs
[2024-01-05T14:08:47.748+0000] {logging_mixin.py:137} INFO - [2024-01-05T14:08:47.748+0000] {dag.py:3441} INFO - Setting next_dagrun for example_xcom_args to None, run_after=None
[2024-01-05T14:08:47.752+0000] {logging_mixin.py:137} INFO - [2024-01-05T14:08:47.752+0000] {dag.py:3441} INFO - Setting next_dagrun for example_xcom_args_with_operators to None, run_after=None
[2024-01-05T14:08:47.762+0000] {processor.py:175} INFO - Processing /home/airflow/.local/lib/python3.7/site-packages/airflow/example_dags/example_xcomargs.py took 0.073 seconds
[2024-01-05T14:09:18.072+0000] {processor.py:153} INFO - Started process (PID=6135) to work on /home/airflow/.local/lib/python3.7/site-packages/airflow/example_dags/example_xcomargs.py
[2024-01-05T14:09:18.074+0000] {processor.py:743} INFO - Processing file /home/airflow/.local/lib/python3.7/site-packages/airflow/example_dags/example_xcomargs.py for tasks to queue
[2024-01-05T14:09:18.075+0000] {logging_mixin.py:137} INFO - [2024-01-05T14:09:18.075+0000] {dagbag.py:538} INFO - Filling up the DagBag from /home/airflow/.local/lib/python3.7/site-packages/airflow/example_dags/example_xcomargs.py
[2024-01-05T14:09:18.096+0000] {processor.py:753} INFO - DAG(s) dict_keys(['example_xcom_args', 'example_xcom_args_with_operators']) retrieved from /home/airflow/.local/lib/python3.7/site-packages/airflow/example_dags/example_xcomargs.py
[2024-01-05T14:09:18.124+0000] {logging_mixin.py:137} INFO - [2024-01-05T14:09:18.123+0000] {dag.py:2690} INFO - Sync 2 DAGs
[2024-01-05T14:09:18.146+0000] {logging_mixin.py:137} INFO - [2024-01-05T14:09:18.146+0000] {dag.py:3441} INFO - Setting next_dagrun for example_xcom_args to None, run_after=None
[2024-01-05T14:09:18.152+0000] {logging_mixin.py:137} INFO - [2024-01-05T14:09:18.152+0000] {dag.py:3441} INFO - Setting next_dagrun for example_xcom_args_with_operators to None, run_after=None
[2024-01-05T14:09:18.173+0000] {processor.py:175} INFO - Processing /home/airflow/.local/lib/python3.7/site-packages/airflow/example_dags/example_xcomargs.py took 0.104 seconds
[2024-01-05T14:09:48.512+0000] {processor.py:153} INFO - Started process (PID=6203) to work on /home/airflow/.local/lib/python3.7/site-packages/airflow/example_dags/example_xcomargs.py
[2024-01-05T14:09:48.514+0000] {processor.py:743} INFO - Processing file /home/airflow/.local/lib/python3.7/site-packages/airflow/example_dags/example_xcomargs.py for tasks to queue
[2024-01-05T14:09:48.515+0000] {logging_mixin.py:137} INFO - [2024-01-05T14:09:48.515+0000] {dagbag.py:538} INFO - Filling up the DagBag from /home/airflow/.local/lib/python3.7/site-packages/airflow/example_dags/example_xcomargs.py
[2024-01-05T14:09:48.535+0000] {processor.py:753} INFO - DAG(s) dict_keys(['example_xcom_args', 'example_xcom_args_with_operators']) retrieved from /home/airflow/.local/lib/python3.7/site-packages/airflow/example_dags/example_xcomargs.py
[2024-01-05T14:09:48.556+0000] {logging_mixin.py:137} INFO - [2024-01-05T14:09:48.556+0000] {dag.py:2690} INFO - Sync 2 DAGs
[2024-01-05T14:09:48.571+0000] {logging_mixin.py:137} INFO - [2024-01-05T14:09:48.571+0000] {dag.py:3441} INFO - Setting next_dagrun for example_xcom_args to None, run_after=None
[2024-01-05T14:09:48.573+0000] {logging_mixin.py:137} INFO - [2024-01-05T14:09:48.573+0000] {dag.py:3441} INFO - Setting next_dagrun for example_xcom_args_with_operators to None, run_after=None
[2024-01-05T14:09:48.583+0000] {processor.py:175} INFO - Processing /home/airflow/.local/lib/python3.7/site-packages/airflow/example_dags/example_xcomargs.py took 0.074 seconds
[2024-01-05T14:10:18.707+0000] {processor.py:153} INFO - Started process (PID=6265) to work on /home/airflow/.local/lib/python3.7/site-packages/airflow/example_dags/example_xcomargs.py
[2024-01-05T14:10:18.708+0000] {processor.py:743} INFO - Processing file /home/airflow/.local/lib/python3.7/site-packages/airflow/example_dags/example_xcomargs.py for tasks to queue
[2024-01-05T14:10:18.709+0000] {logging_mixin.py:137} INFO - [2024-01-05T14:10:18.709+0000] {dagbag.py:538} INFO - Filling up the DagBag from /home/airflow/.local/lib/python3.7/site-packages/airflow/example_dags/example_xcomargs.py
[2024-01-05T14:10:18.723+0000] {processor.py:753} INFO - DAG(s) dict_keys(['example_xcom_args', 'example_xcom_args_with_operators']) retrieved from /home/airflow/.local/lib/python3.7/site-packages/airflow/example_dags/example_xcomargs.py
[2024-01-05T14:10:18.744+0000] {logging_mixin.py:137} INFO - [2024-01-05T14:10:18.744+0000] {dag.py:2690} INFO - Sync 2 DAGs
[2024-01-05T14:10:18.760+0000] {logging_mixin.py:137} INFO - [2024-01-05T14:10:18.760+0000] {dag.py:3441} INFO - Setting next_dagrun for example_xcom_args to None, run_after=None
[2024-01-05T14:10:18.763+0000] {logging_mixin.py:137} INFO - [2024-01-05T14:10:18.763+0000] {dag.py:3441} INFO - Setting next_dagrun for example_xcom_args_with_operators to None, run_after=None
[2024-01-05T14:10:18.772+0000] {processor.py:175} INFO - Processing /home/airflow/.local/lib/python3.7/site-packages/airflow/example_dags/example_xcomargs.py took 0.067 seconds
[2024-01-05T14:10:49.328+0000] {processor.py:153} INFO - Started process (PID=6338) to work on /home/airflow/.local/lib/python3.7/site-packages/airflow/example_dags/example_xcomargs.py
[2024-01-05T14:10:49.330+0000] {processor.py:743} INFO - Processing file /home/airflow/.local/lib/python3.7/site-packages/airflow/example_dags/example_xcomargs.py for tasks to queue
[2024-01-05T14:10:49.331+0000] {logging_mixin.py:137} INFO - [2024-01-05T14:10:49.331+0000] {dagbag.py:538} INFO - Filling up the DagBag from /home/airflow/.local/lib/python3.7/site-packages/airflow/example_dags/example_xcomargs.py
[2024-01-05T14:10:49.348+0000] {processor.py:753} INFO - DAG(s) dict_keys(['example_xcom_args_with_operators', 'example_xcom_args']) retrieved from /home/airflow/.local/lib/python3.7/site-packages/airflow/example_dags/example_xcomargs.py
[2024-01-05T14:10:49.371+0000] {logging_mixin.py:137} INFO - [2024-01-05T14:10:49.371+0000] {dag.py:2690} INFO - Sync 2 DAGs
[2024-01-05T14:10:49.387+0000] {logging_mixin.py:137} INFO - [2024-01-05T14:10:49.387+0000] {dag.py:3441} INFO - Setting next_dagrun for example_xcom_args to None, run_after=None
[2024-01-05T14:10:49.389+0000] {logging_mixin.py:137} INFO - [2024-01-05T14:10:49.389+0000] {dag.py:3441} INFO - Setting next_dagrun for example_xcom_args_with_operators to None, run_after=None
[2024-01-05T14:10:49.400+0000] {processor.py:175} INFO - Processing /home/airflow/.local/lib/python3.7/site-packages/airflow/example_dags/example_xcomargs.py took 0.075 seconds
[2024-01-05T14:11:20.690+0000] {processor.py:153} INFO - Started process (PID=6408) to work on /home/airflow/.local/lib/python3.7/site-packages/airflow/example_dags/example_xcomargs.py
[2024-01-05T14:11:20.696+0000] {processor.py:743} INFO - Processing file /home/airflow/.local/lib/python3.7/site-packages/airflow/example_dags/example_xcomargs.py for tasks to queue
[2024-01-05T14:11:20.698+0000] {logging_mixin.py:137} INFO - [2024-01-05T14:11:20.698+0000] {dagbag.py:538} INFO - Filling up the DagBag from /home/airflow/.local/lib/python3.7/site-packages/airflow/example_dags/example_xcomargs.py
[2024-01-05T14:11:20.723+0000] {processor.py:753} INFO - DAG(s) dict_keys(['example_xcom_args_with_operators', 'example_xcom_args']) retrieved from /home/airflow/.local/lib/python3.7/site-packages/airflow/example_dags/example_xcomargs.py
[2024-01-05T14:11:20.775+0000] {logging_mixin.py:137} INFO - [2024-01-05T14:11:20.775+0000] {dag.py:2690} INFO - Sync 2 DAGs
[2024-01-05T14:11:20.803+0000] {logging_mixin.py:137} INFO - [2024-01-05T14:11:20.803+0000] {dag.py:3441} INFO - Setting next_dagrun for example_xcom_args to None, run_after=None
[2024-01-05T14:11:20.833+0000] {logging_mixin.py:137} INFO - [2024-01-05T14:11:20.833+0000] {dag.py:3441} INFO - Setting next_dagrun for example_xcom_args_with_operators to None, run_after=None
[2024-01-05T14:11:20.882+0000] {processor.py:175} INFO - Processing /home/airflow/.local/lib/python3.7/site-packages/airflow/example_dags/example_xcomargs.py took 0.201 seconds
[2024-01-05T14:11:51.589+0000] {processor.py:153} INFO - Started process (PID=6475) to work on /home/airflow/.local/lib/python3.7/site-packages/airflow/example_dags/example_xcomargs.py
[2024-01-05T14:11:51.591+0000] {processor.py:743} INFO - Processing file /home/airflow/.local/lib/python3.7/site-packages/airflow/example_dags/example_xcomargs.py for tasks to queue
[2024-01-05T14:11:51.592+0000] {logging_mixin.py:137} INFO - [2024-01-05T14:11:51.592+0000] {dagbag.py:538} INFO - Filling up the DagBag from /home/airflow/.local/lib/python3.7/site-packages/airflow/example_dags/example_xcomargs.py
[2024-01-05T14:11:51.607+0000] {processor.py:753} INFO - DAG(s) dict_keys(['example_xcom_args', 'example_xcom_args_with_operators']) retrieved from /home/airflow/.local/lib/python3.7/site-packages/airflow/example_dags/example_xcomargs.py
[2024-01-05T14:11:51.628+0000] {logging_mixin.py:137} INFO - [2024-01-05T14:11:51.628+0000] {dag.py:2690} INFO - Sync 2 DAGs
[2024-01-05T14:11:51.644+0000] {logging_mixin.py:137} INFO - [2024-01-05T14:11:51.644+0000] {dag.py:3441} INFO - Setting next_dagrun for example_xcom_args to None, run_after=None
[2024-01-05T14:11:51.647+0000] {logging_mixin.py:137} INFO - [2024-01-05T14:11:51.647+0000] {dag.py:3441} INFO - Setting next_dagrun for example_xcom_args_with_operators to None, run_after=None
[2024-01-05T14:11:51.656+0000] {processor.py:175} INFO - Processing /home/airflow/.local/lib/python3.7/site-packages/airflow/example_dags/example_xcomargs.py took 0.070 seconds
[2024-01-05T14:12:22.614+0000] {processor.py:153} INFO - Started process (PID=6551) to work on /home/airflow/.local/lib/python3.7/site-packages/airflow/example_dags/example_xcomargs.py
[2024-01-05T14:12:22.615+0000] {processor.py:743} INFO - Processing file /home/airflow/.local/lib/python3.7/site-packages/airflow/example_dags/example_xcomargs.py for tasks to queue
[2024-01-05T14:12:22.616+0000] {logging_mixin.py:137} INFO - [2024-01-05T14:12:22.616+0000] {dagbag.py:538} INFO - Filling up the DagBag from /home/airflow/.local/lib/python3.7/site-packages/airflow/example_dags/example_xcomargs.py
[2024-01-05T14:12:22.635+0000] {processor.py:753} INFO - DAG(s) dict_keys(['example_xcom_args', 'example_xcom_args_with_operators']) retrieved from /home/airflow/.local/lib/python3.7/site-packages/airflow/example_dags/example_xcomargs.py
[2024-01-05T14:12:22.659+0000] {logging_mixin.py:137} INFO - [2024-01-05T14:12:22.659+0000] {dag.py:2690} INFO - Sync 2 DAGs
[2024-01-05T14:12:22.677+0000] {logging_mixin.py:137} INFO - [2024-01-05T14:12:22.677+0000] {dag.py:3441} INFO - Setting next_dagrun for example_xcom_args to None, run_after=None
[2024-01-05T14:12:22.679+0000] {logging_mixin.py:137} INFO - [2024-01-05T14:12:22.679+0000] {dag.py:3441} INFO - Setting next_dagrun for example_xcom_args_with_operators to None, run_after=None
[2024-01-05T14:12:22.689+0000] {processor.py:175} INFO - Processing /home/airflow/.local/lib/python3.7/site-packages/airflow/example_dags/example_xcomargs.py took 0.078 seconds
[2024-01-05T14:12:53.155+0000] {processor.py:153} INFO - Started process (PID=6614) to work on /home/airflow/.local/lib/python3.7/site-packages/airflow/example_dags/example_xcomargs.py
[2024-01-05T14:12:53.157+0000] {processor.py:743} INFO - Processing file /home/airflow/.local/lib/python3.7/site-packages/airflow/example_dags/example_xcomargs.py for tasks to queue
[2024-01-05T14:12:53.158+0000] {logging_mixin.py:137} INFO - [2024-01-05T14:12:53.158+0000] {dagbag.py:538} INFO - Filling up the DagBag from /home/airflow/.local/lib/python3.7/site-packages/airflow/example_dags/example_xcomargs.py
[2024-01-05T14:12:53.174+0000] {processor.py:753} INFO - DAG(s) dict_keys(['example_xcom_args', 'example_xcom_args_with_operators']) retrieved from /home/airflow/.local/lib/python3.7/site-packages/airflow/example_dags/example_xcomargs.py
[2024-01-05T14:12:53.199+0000] {logging_mixin.py:137} INFO - [2024-01-05T14:12:53.199+0000] {dag.py:2690} INFO - Sync 2 DAGs
[2024-01-05T14:12:53.216+0000] {logging_mixin.py:137} INFO - [2024-01-05T14:12:53.216+0000] {dag.py:3441} INFO - Setting next_dagrun for example_xcom_args to None, run_after=None
[2024-01-05T14:12:53.218+0000] {logging_mixin.py:137} INFO - [2024-01-05T14:12:53.218+0000] {dag.py:3441} INFO - Setting next_dagrun for example_xcom_args_with_operators to None, run_after=None
[2024-01-05T14:12:53.229+0000] {processor.py:175} INFO - Processing /home/airflow/.local/lib/python3.7/site-packages/airflow/example_dags/example_xcomargs.py took 0.077 seconds
[2024-01-05T14:13:23.901+0000] {processor.py:153} INFO - Started process (PID=6688) to work on /home/airflow/.local/lib/python3.7/site-packages/airflow/example_dags/example_xcomargs.py
[2024-01-05T14:13:23.902+0000] {processor.py:743} INFO - Processing file /home/airflow/.local/lib/python3.7/site-packages/airflow/example_dags/example_xcomargs.py for tasks to queue
[2024-01-05T14:13:23.903+0000] {logging_mixin.py:137} INFO - [2024-01-05T14:13:23.903+0000] {dagbag.py:538} INFO - Filling up the DagBag from /home/airflow/.local/lib/python3.7/site-packages/airflow/example_dags/example_xcomargs.py
[2024-01-05T14:13:23.919+0000] {processor.py:753} INFO - DAG(s) dict_keys(['example_xcom_args', 'example_xcom_args_with_operators']) retrieved from /home/airflow/.local/lib/python3.7/site-packages/airflow/example_dags/example_xcomargs.py
[2024-01-05T14:13:23.944+0000] {logging_mixin.py:137} INFO - [2024-01-05T14:13:23.944+0000] {dag.py:2690} INFO - Sync 2 DAGs
[2024-01-05T14:13:23.959+0000] {logging_mixin.py:137} INFO - [2024-01-05T14:13:23.959+0000] {dag.py:3441} INFO - Setting next_dagrun for example_xcom_args to None, run_after=None
[2024-01-05T14:13:23.962+0000] {logging_mixin.py:137} INFO - [2024-01-05T14:13:23.962+0000] {dag.py:3441} INFO - Setting next_dagrun for example_xcom_args_with_operators to None, run_after=None
[2024-01-05T14:13:23.971+0000] {processor.py:175} INFO - Processing /home/airflow/.local/lib/python3.7/site-packages/airflow/example_dags/example_xcomargs.py took 0.073 seconds
[2024-01-05T14:13:54.682+0000] {processor.py:153} INFO - Started process (PID=6751) to work on /home/airflow/.local/lib/python3.7/site-packages/airflow/example_dags/example_xcomargs.py
[2024-01-05T14:13:54.684+0000] {processor.py:743} INFO - Processing file /home/airflow/.local/lib/python3.7/site-packages/airflow/example_dags/example_xcomargs.py for tasks to queue
[2024-01-05T14:13:54.685+0000] {logging_mixin.py:137} INFO - [2024-01-05T14:13:54.685+0000] {dagbag.py:538} INFO - Filling up the DagBag from /home/airflow/.local/lib/python3.7/site-packages/airflow/example_dags/example_xcomargs.py
[2024-01-05T14:13:54.702+0000] {processor.py:753} INFO - DAG(s) dict_keys(['example_xcom_args_with_operators', 'example_xcom_args']) retrieved from /home/airflow/.local/lib/python3.7/site-packages/airflow/example_dags/example_xcomargs.py
[2024-01-05T14:13:54.726+0000] {logging_mixin.py:137} INFO - [2024-01-05T14:13:54.726+0000] {dag.py:2690} INFO - Sync 2 DAGs
[2024-01-05T14:13:54.742+0000] {logging_mixin.py:137} INFO - [2024-01-05T14:13:54.742+0000] {dag.py:3441} INFO - Setting next_dagrun for example_xcom_args to None, run_after=None
[2024-01-05T14:13:54.744+0000] {logging_mixin.py:137} INFO - [2024-01-05T14:13:54.744+0000] {dag.py:3441} INFO - Setting next_dagrun for example_xcom_args_with_operators to None, run_after=None
[2024-01-05T14:13:54.753+0000] {processor.py:175} INFO - Processing /home/airflow/.local/lib/python3.7/site-packages/airflow/example_dags/example_xcomargs.py took 0.074 seconds
[2024-01-05T14:14:24.901+0000] {processor.py:153} INFO - Started process (PID=6827) to work on /home/airflow/.local/lib/python3.7/site-packages/airflow/example_dags/example_xcomargs.py
[2024-01-05T14:14:24.903+0000] {processor.py:743} INFO - Processing file /home/airflow/.local/lib/python3.7/site-packages/airflow/example_dags/example_xcomargs.py for tasks to queue
[2024-01-05T14:14:24.904+0000] {logging_mixin.py:137} INFO - [2024-01-05T14:14:24.904+0000] {dagbag.py:538} INFO - Filling up the DagBag from /home/airflow/.local/lib/python3.7/site-packages/airflow/example_dags/example_xcomargs.py
[2024-01-05T14:14:24.924+0000] {processor.py:753} INFO - DAG(s) dict_keys(['example_xcom_args_with_operators', 'example_xcom_args']) retrieved from /home/airflow/.local/lib/python3.7/site-packages/airflow/example_dags/example_xcomargs.py
[2024-01-05T14:14:24.961+0000] {logging_mixin.py:137} INFO - [2024-01-05T14:14:24.961+0000] {dag.py:2690} INFO - Sync 2 DAGs
[2024-01-05T14:14:24.981+0000] {logging_mixin.py:137} INFO - [2024-01-05T14:14:24.981+0000] {dag.py:3441} INFO - Setting next_dagrun for example_xcom_args to None, run_after=None
[2024-01-05T14:14:24.984+0000] {logging_mixin.py:137} INFO - [2024-01-05T14:14:24.984+0000] {dag.py:3441} INFO - Setting next_dagrun for example_xcom_args_with_operators to None, run_after=None
[2024-01-05T14:14:24.995+0000] {processor.py:175} INFO - Processing /home/airflow/.local/lib/python3.7/site-packages/airflow/example_dags/example_xcomargs.py took 0.097 seconds
[2024-01-05T14:14:55.750+0000] {processor.py:153} INFO - Started process (PID=6890) to work on /home/airflow/.local/lib/python3.7/site-packages/airflow/example_dags/example_xcomargs.py
[2024-01-05T14:14:55.757+0000] {processor.py:743} INFO - Processing file /home/airflow/.local/lib/python3.7/site-packages/airflow/example_dags/example_xcomargs.py for tasks to queue
[2024-01-05T14:14:55.759+0000] {logging_mixin.py:137} INFO - [2024-01-05T14:14:55.759+0000] {dagbag.py:538} INFO - Filling up the DagBag from /home/airflow/.local/lib/python3.7/site-packages/airflow/example_dags/example_xcomargs.py
[2024-01-05T14:14:55.783+0000] {processor.py:753} INFO - DAG(s) dict_keys(['example_xcom_args', 'example_xcom_args_with_operators']) retrieved from /home/airflow/.local/lib/python3.7/site-packages/airflow/example_dags/example_xcomargs.py
[2024-01-05T14:14:55.843+0000] {logging_mixin.py:137} INFO - [2024-01-05T14:14:55.843+0000] {dag.py:2690} INFO - Sync 2 DAGs
[2024-01-05T14:14:55.862+0000] {logging_mixin.py:137} INFO - [2024-01-05T14:14:55.862+0000] {dag.py:3441} INFO - Setting next_dagrun for example_xcom_args to None, run_after=None
[2024-01-05T14:14:55.865+0000] {logging_mixin.py:137} INFO - [2024-01-05T14:14:55.865+0000] {dag.py:3441} INFO - Setting next_dagrun for example_xcom_args_with_operators to None, run_after=None
[2024-01-05T14:14:55.876+0000] {processor.py:175} INFO - Processing /home/airflow/.local/lib/python3.7/site-packages/airflow/example_dags/example_xcomargs.py took 0.130 seconds
[2024-01-05T14:15:26.818+0000] {processor.py:153} INFO - Started process (PID=6965) to work on /home/airflow/.local/lib/python3.7/site-packages/airflow/example_dags/example_xcomargs.py
[2024-01-05T14:15:26.819+0000] {processor.py:743} INFO - Processing file /home/airflow/.local/lib/python3.7/site-packages/airflow/example_dags/example_xcomargs.py for tasks to queue
[2024-01-05T14:15:26.819+0000] {logging_mixin.py:137} INFO - [2024-01-05T14:15:26.819+0000] {dagbag.py:538} INFO - Filling up the DagBag from /home/airflow/.local/lib/python3.7/site-packages/airflow/example_dags/example_xcomargs.py
[2024-01-05T14:15:26.834+0000] {processor.py:753} INFO - DAG(s) dict_keys(['example_xcom_args', 'example_xcom_args_with_operators']) retrieved from /home/airflow/.local/lib/python3.7/site-packages/airflow/example_dags/example_xcomargs.py
[2024-01-05T14:15:26.856+0000] {logging_mixin.py:137} INFO - [2024-01-05T14:15:26.856+0000] {dag.py:2690} INFO - Sync 2 DAGs
[2024-01-05T14:15:26.872+0000] {logging_mixin.py:137} INFO - [2024-01-05T14:15:26.872+0000] {dag.py:3441} INFO - Setting next_dagrun for example_xcom_args to None, run_after=None
[2024-01-05T14:15:26.874+0000] {logging_mixin.py:137} INFO - [2024-01-05T14:15:26.874+0000] {dag.py:3441} INFO - Setting next_dagrun for example_xcom_args_with_operators to None, run_after=None
[2024-01-05T14:15:26.884+0000] {processor.py:175} INFO - Processing /home/airflow/.local/lib/python3.7/site-packages/airflow/example_dags/example_xcomargs.py took 0.069 seconds
[2024-01-05T14:15:57.072+0000] {processor.py:153} INFO - Started process (PID=7037) to work on /home/airflow/.local/lib/python3.7/site-packages/airflow/example_dags/example_xcomargs.py
[2024-01-05T14:15:57.073+0000] {processor.py:743} INFO - Processing file /home/airflow/.local/lib/python3.7/site-packages/airflow/example_dags/example_xcomargs.py for tasks to queue
[2024-01-05T14:15:57.074+0000] {logging_mixin.py:137} INFO - [2024-01-05T14:15:57.074+0000] {dagbag.py:538} INFO - Filling up the DagBag from /home/airflow/.local/lib/python3.7/site-packages/airflow/example_dags/example_xcomargs.py
[2024-01-05T14:15:57.092+0000] {processor.py:753} INFO - DAG(s) dict_keys(['example_xcom_args', 'example_xcom_args_with_operators']) retrieved from /home/airflow/.local/lib/python3.7/site-packages/airflow/example_dags/example_xcomargs.py
[2024-01-05T14:15:57.137+0000] {logging_mixin.py:137} INFO - [2024-01-05T14:15:57.137+0000] {dag.py:2690} INFO - Sync 2 DAGs
[2024-01-05T14:15:57.180+0000] {logging_mixin.py:137} INFO - [2024-01-05T14:15:57.180+0000] {dag.py:3441} INFO - Setting next_dagrun for example_xcom_args to None, run_after=None
[2024-01-05T14:15:57.184+0000] {logging_mixin.py:137} INFO - [2024-01-05T14:15:57.184+0000] {dag.py:3441} INFO - Setting next_dagrun for example_xcom_args_with_operators to None, run_after=None
[2024-01-05T14:15:57.200+0000] {processor.py:175} INFO - Processing /home/airflow/.local/lib/python3.7/site-packages/airflow/example_dags/example_xcomargs.py took 0.130 seconds
[2024-01-05T14:16:28.056+0000] {processor.py:153} INFO - Started process (PID=7103) to work on /home/airflow/.local/lib/python3.7/site-packages/airflow/example_dags/example_xcomargs.py
[2024-01-05T14:16:28.057+0000] {processor.py:743} INFO - Processing file /home/airflow/.local/lib/python3.7/site-packages/airflow/example_dags/example_xcomargs.py for tasks to queue
[2024-01-05T14:16:28.057+0000] {logging_mixin.py:137} INFO - [2024-01-05T14:16:28.057+0000] {dagbag.py:538} INFO - Filling up the DagBag from /home/airflow/.local/lib/python3.7/site-packages/airflow/example_dags/example_xcomargs.py
[2024-01-05T14:16:28.074+0000] {processor.py:753} INFO - DAG(s) dict_keys(['example_xcom_args_with_operators', 'example_xcom_args']) retrieved from /home/airflow/.local/lib/python3.7/site-packages/airflow/example_dags/example_xcomargs.py
[2024-01-05T14:16:28.099+0000] {logging_mixin.py:137} INFO - [2024-01-05T14:16:28.099+0000] {dag.py:2690} INFO - Sync 2 DAGs
[2024-01-05T14:16:28.117+0000] {logging_mixin.py:137} INFO - [2024-01-05T14:16:28.117+0000] {dag.py:3441} INFO - Setting next_dagrun for example_xcom_args to None, run_after=None
[2024-01-05T14:16:28.119+0000] {logging_mixin.py:137} INFO - [2024-01-05T14:16:28.119+0000] {dag.py:3441} INFO - Setting next_dagrun for example_xcom_args_with_operators to None, run_after=None
[2024-01-05T14:16:28.129+0000] {processor.py:175} INFO - Processing /home/airflow/.local/lib/python3.7/site-packages/airflow/example_dags/example_xcomargs.py took 0.076 seconds
[2024-01-05T14:16:58.419+0000] {processor.py:153} INFO - Started process (PID=7175) to work on /home/airflow/.local/lib/python3.7/site-packages/airflow/example_dags/example_xcomargs.py
[2024-01-05T14:16:58.427+0000] {processor.py:743} INFO - Processing file /home/airflow/.local/lib/python3.7/site-packages/airflow/example_dags/example_xcomargs.py for tasks to queue
[2024-01-05T14:16:58.430+0000] {logging_mixin.py:137} INFO - [2024-01-05T14:16:58.429+0000] {dagbag.py:538} INFO - Filling up the DagBag from /home/airflow/.local/lib/python3.7/site-packages/airflow/example_dags/example_xcomargs.py
[2024-01-05T14:16:58.460+0000] {processor.py:753} INFO - DAG(s) dict_keys(['example_xcom_args', 'example_xcom_args_with_operators']) retrieved from /home/airflow/.local/lib/python3.7/site-packages/airflow/example_dags/example_xcomargs.py
[2024-01-05T14:16:58.511+0000] {logging_mixin.py:137} INFO - [2024-01-05T14:16:58.511+0000] {dag.py:2690} INFO - Sync 2 DAGs
[2024-01-05T14:16:58.572+0000] {logging_mixin.py:137} INFO - [2024-01-05T14:16:58.572+0000] {dag.py:3441} INFO - Setting next_dagrun for example_xcom_args to None, run_after=None
[2024-01-05T14:16:58.581+0000] {logging_mixin.py:137} INFO - [2024-01-05T14:16:58.580+0000] {dag.py:3441} INFO - Setting next_dagrun for example_xcom_args_with_operators to None, run_after=None
[2024-01-05T14:16:58.608+0000] {processor.py:175} INFO - Processing /home/airflow/.local/lib/python3.7/site-packages/airflow/example_dags/example_xcomargs.py took 0.214 seconds
[2024-01-05T14:17:29.472+0000] {processor.py:153} INFO - Started process (PID=7241) to work on /home/airflow/.local/lib/python3.7/site-packages/airflow/example_dags/example_xcomargs.py
[2024-01-05T14:17:29.473+0000] {processor.py:743} INFO - Processing file /home/airflow/.local/lib/python3.7/site-packages/airflow/example_dags/example_xcomargs.py for tasks to queue
[2024-01-05T14:17:29.474+0000] {logging_mixin.py:137} INFO - [2024-01-05T14:17:29.474+0000] {dagbag.py:538} INFO - Filling up the DagBag from /home/airflow/.local/lib/python3.7/site-packages/airflow/example_dags/example_xcomargs.py
[2024-01-05T14:17:29.490+0000] {processor.py:753} INFO - DAG(s) dict_keys(['example_xcom_args_with_operators', 'example_xcom_args']) retrieved from /home/airflow/.local/lib/python3.7/site-packages/airflow/example_dags/example_xcomargs.py
[2024-01-05T14:17:29.514+0000] {logging_mixin.py:137} INFO - [2024-01-05T14:17:29.514+0000] {dag.py:2690} INFO - Sync 2 DAGs
[2024-01-05T14:17:29.538+0000] {logging_mixin.py:137} INFO - [2024-01-05T14:17:29.538+0000] {dag.py:3441} INFO - Setting next_dagrun for example_xcom_args to None, run_after=None
[2024-01-05T14:17:29.548+0000] {logging_mixin.py:137} INFO - [2024-01-05T14:17:29.548+0000] {dag.py:3441} INFO - Setting next_dagrun for example_xcom_args_with_operators to None, run_after=None
[2024-01-05T14:17:29.569+0000] {processor.py:175} INFO - Processing /home/airflow/.local/lib/python3.7/site-packages/airflow/example_dags/example_xcomargs.py took 0.100 seconds
[2024-01-05T14:17:59.862+0000] {processor.py:153} INFO - Started process (PID=7316) to work on /home/airflow/.local/lib/python3.7/site-packages/airflow/example_dags/example_xcomargs.py
[2024-01-05T14:17:59.867+0000] {processor.py:743} INFO - Processing file /home/airflow/.local/lib/python3.7/site-packages/airflow/example_dags/example_xcomargs.py for tasks to queue
[2024-01-05T14:17:59.901+0000] {logging_mixin.py:137} INFO - [2024-01-05T14:17:59.900+0000] {dagbag.py:538} INFO - Filling up the DagBag from /home/airflow/.local/lib/python3.7/site-packages/airflow/example_dags/example_xcomargs.py
[2024-01-05T14:17:59.938+0000] {processor.py:753} INFO - DAG(s) dict_keys(['example_xcom_args_with_operators', 'example_xcom_args']) retrieved from /home/airflow/.local/lib/python3.7/site-packages/airflow/example_dags/example_xcomargs.py
[2024-01-05T14:17:59.963+0000] {logging_mixin.py:137} INFO - [2024-01-05T14:17:59.963+0000] {dag.py:2690} INFO - Sync 2 DAGs
[2024-01-05T14:17:59.986+0000] {logging_mixin.py:137} INFO - [2024-01-05T14:17:59.986+0000] {dag.py:3441} INFO - Setting next_dagrun for example_xcom_args to None, run_after=None
[2024-01-05T14:17:59.990+0000] {logging_mixin.py:137} INFO - [2024-01-05T14:17:59.990+0000] {dag.py:3441} INFO - Setting next_dagrun for example_xcom_args_with_operators to None, run_after=None
[2024-01-05T14:18:00.008+0000] {processor.py:175} INFO - Processing /home/airflow/.local/lib/python3.7/site-packages/airflow/example_dags/example_xcomargs.py took 0.159 seconds
[2024-01-05T14:18:30.979+0000] {processor.py:153} INFO - Started process (PID=7378) to work on /home/airflow/.local/lib/python3.7/site-packages/airflow/example_dags/example_xcomargs.py
[2024-01-05T14:18:30.982+0000] {processor.py:743} INFO - Processing file /home/airflow/.local/lib/python3.7/site-packages/airflow/example_dags/example_xcomargs.py for tasks to queue
[2024-01-05T14:18:30.984+0000] {logging_mixin.py:137} INFO - [2024-01-05T14:18:30.983+0000] {dagbag.py:538} INFO - Filling up the DagBag from /home/airflow/.local/lib/python3.7/site-packages/airflow/example_dags/example_xcomargs.py
[2024-01-05T14:18:31.015+0000] {processor.py:753} INFO - DAG(s) dict_keys(['example_xcom_args', 'example_xcom_args_with_operators']) retrieved from /home/airflow/.local/lib/python3.7/site-packages/airflow/example_dags/example_xcomargs.py
[2024-01-05T14:18:31.045+0000] {logging_mixin.py:137} INFO - [2024-01-05T14:18:31.045+0000] {dag.py:2690} INFO - Sync 2 DAGs
[2024-01-05T14:18:31.064+0000] {logging_mixin.py:137} INFO - [2024-01-05T14:18:31.064+0000] {dag.py:3441} INFO - Setting next_dagrun for example_xcom_args to None, run_after=None
[2024-01-05T14:18:31.067+0000] {logging_mixin.py:137} INFO - [2024-01-05T14:18:31.067+0000] {dag.py:3441} INFO - Setting next_dagrun for example_xcom_args_with_operators to None, run_after=None
[2024-01-05T14:18:31.080+0000] {processor.py:175} INFO - Processing /home/airflow/.local/lib/python3.7/site-packages/airflow/example_dags/example_xcomargs.py took 0.109 seconds
[2024-01-05T14:19:01.491+0000] {processor.py:153} INFO - Started process (PID=7453) to work on /home/airflow/.local/lib/python3.7/site-packages/airflow/example_dags/example_xcomargs.py
[2024-01-05T14:19:01.495+0000] {processor.py:743} INFO - Processing file /home/airflow/.local/lib/python3.7/site-packages/airflow/example_dags/example_xcomargs.py for tasks to queue
[2024-01-05T14:19:01.498+0000] {logging_mixin.py:137} INFO - [2024-01-05T14:19:01.497+0000] {dagbag.py:538} INFO - Filling up the DagBag from /home/airflow/.local/lib/python3.7/site-packages/airflow/example_dags/example_xcomargs.py
[2024-01-05T14:19:01.533+0000] {processor.py:753} INFO - DAG(s) dict_keys(['example_xcom_args_with_operators', 'example_xcom_args']) retrieved from /home/airflow/.local/lib/python3.7/site-packages/airflow/example_dags/example_xcomargs.py
[2024-01-05T14:19:01.560+0000] {logging_mixin.py:137} INFO - [2024-01-05T14:19:01.560+0000] {dag.py:2690} INFO - Sync 2 DAGs
[2024-01-05T14:19:01.576+0000] {logging_mixin.py:137} INFO - [2024-01-05T14:19:01.576+0000] {dag.py:3441} INFO - Setting next_dagrun for example_xcom_args to None, run_after=None
[2024-01-05T14:19:01.578+0000] {logging_mixin.py:137} INFO - [2024-01-05T14:19:01.578+0000] {dag.py:3441} INFO - Setting next_dagrun for example_xcom_args_with_operators to None, run_after=None
[2024-01-05T14:19:01.588+0000] {processor.py:175} INFO - Processing /home/airflow/.local/lib/python3.7/site-packages/airflow/example_dags/example_xcomargs.py took 0.106 seconds
[2024-01-05T14:19:31.724+0000] {processor.py:153} INFO - Started process (PID=7516) to work on /home/airflow/.local/lib/python3.7/site-packages/airflow/example_dags/example_xcomargs.py
[2024-01-05T14:19:31.727+0000] {processor.py:743} INFO - Processing file /home/airflow/.local/lib/python3.7/site-packages/airflow/example_dags/example_xcomargs.py for tasks to queue
[2024-01-05T14:19:31.728+0000] {logging_mixin.py:137} INFO - [2024-01-05T14:19:31.728+0000] {dagbag.py:538} INFO - Filling up the DagBag from /home/airflow/.local/lib/python3.7/site-packages/airflow/example_dags/example_xcomargs.py
[2024-01-05T14:19:31.748+0000] {processor.py:753} INFO - DAG(s) dict_keys(['example_xcom_args_with_operators', 'example_xcom_args']) retrieved from /home/airflow/.local/lib/python3.7/site-packages/airflow/example_dags/example_xcomargs.py
[2024-01-05T14:19:31.769+0000] {logging_mixin.py:137} INFO - [2024-01-05T14:19:31.769+0000] {dag.py:2690} INFO - Sync 2 DAGs
[2024-01-05T14:19:31.785+0000] {logging_mixin.py:137} INFO - [2024-01-05T14:19:31.785+0000] {dag.py:3441} INFO - Setting next_dagrun for example_xcom_args to None, run_after=None
[2024-01-05T14:19:31.788+0000] {logging_mixin.py:137} INFO - [2024-01-05T14:19:31.788+0000] {dag.py:3441} INFO - Setting next_dagrun for example_xcom_args_with_operators to None, run_after=None
[2024-01-05T14:19:31.799+0000] {processor.py:175} INFO - Processing /home/airflow/.local/lib/python3.7/site-packages/airflow/example_dags/example_xcomargs.py took 0.078 seconds
[2024-01-05T14:20:01.895+0000] {processor.py:153} INFO - Started process (PID=7590) to work on /home/airflow/.local/lib/python3.7/site-packages/airflow/example_dags/example_xcomargs.py
[2024-01-05T14:20:01.897+0000] {processor.py:743} INFO - Processing file /home/airflow/.local/lib/python3.7/site-packages/airflow/example_dags/example_xcomargs.py for tasks to queue
[2024-01-05T14:20:01.898+0000] {logging_mixin.py:137} INFO - [2024-01-05T14:20:01.897+0000] {dagbag.py:538} INFO - Filling up the DagBag from /home/airflow/.local/lib/python3.7/site-packages/airflow/example_dags/example_xcomargs.py
[2024-01-05T14:20:01.912+0000] {processor.py:753} INFO - DAG(s) dict_keys(['example_xcom_args_with_operators', 'example_xcom_args']) retrieved from /home/airflow/.local/lib/python3.7/site-packages/airflow/example_dags/example_xcomargs.py
[2024-01-05T14:20:01.934+0000] {logging_mixin.py:137} INFO - [2024-01-05T14:20:01.934+0000] {dag.py:2690} INFO - Sync 2 DAGs
[2024-01-05T14:20:01.950+0000] {logging_mixin.py:137} INFO - [2024-01-05T14:20:01.950+0000] {dag.py:3441} INFO - Setting next_dagrun for example_xcom_args to None, run_after=None
[2024-01-05T14:20:01.952+0000] {logging_mixin.py:137} INFO - [2024-01-05T14:20:01.952+0000] {dag.py:3441} INFO - Setting next_dagrun for example_xcom_args_with_operators to None, run_after=None
[2024-01-05T14:20:01.962+0000] {processor.py:175} INFO - Processing /home/airflow/.local/lib/python3.7/site-packages/airflow/example_dags/example_xcomargs.py took 0.069 seconds
[2024-01-05T14:20:33.515+0000] {processor.py:153} INFO - Started process (PID=7665) to work on /home/airflow/.local/lib/python3.7/site-packages/airflow/example_dags/example_xcomargs.py
[2024-01-05T14:20:33.517+0000] {processor.py:743} INFO - Processing file /home/airflow/.local/lib/python3.7/site-packages/airflow/example_dags/example_xcomargs.py for tasks to queue
[2024-01-05T14:20:33.519+0000] {logging_mixin.py:137} INFO - [2024-01-05T14:20:33.519+0000] {dagbag.py:538} INFO - Filling up the DagBag from /home/airflow/.local/lib/python3.7/site-packages/airflow/example_dags/example_xcomargs.py
[2024-01-05T14:20:33.545+0000] {processor.py:753} INFO - DAG(s) dict_keys(['example_xcom_args', 'example_xcom_args_with_operators']) retrieved from /home/airflow/.local/lib/python3.7/site-packages/airflow/example_dags/example_xcomargs.py
[2024-01-05T14:20:33.620+0000] {logging_mixin.py:137} INFO - [2024-01-05T14:20:33.619+0000] {dag.py:2690} INFO - Sync 2 DAGs
[2024-01-05T14:20:33.705+0000] {logging_mixin.py:137} INFO - [2024-01-05T14:20:33.704+0000] {dag.py:3441} INFO - Setting next_dagrun for example_xcom_args to None, run_after=None
[2024-01-05T14:20:33.710+0000] {logging_mixin.py:137} INFO - [2024-01-05T14:20:33.710+0000] {dag.py:3441} INFO - Setting next_dagrun for example_xcom_args_with_operators to None, run_after=None
[2024-01-05T14:20:33.747+0000] {processor.py:175} INFO - Processing /home/airflow/.local/lib/python3.7/site-packages/airflow/example_dags/example_xcomargs.py took 0.237 seconds
[2024-01-05T14:21:04.576+0000] {processor.py:153} INFO - Started process (PID=7728) to work on /home/airflow/.local/lib/python3.7/site-packages/airflow/example_dags/example_xcomargs.py
[2024-01-05T14:21:04.578+0000] {processor.py:743} INFO - Processing file /home/airflow/.local/lib/python3.7/site-packages/airflow/example_dags/example_xcomargs.py for tasks to queue
[2024-01-05T14:21:04.579+0000] {logging_mixin.py:137} INFO - [2024-01-05T14:21:04.579+0000] {dagbag.py:538} INFO - Filling up the DagBag from /home/airflow/.local/lib/python3.7/site-packages/airflow/example_dags/example_xcomargs.py
[2024-01-05T14:21:04.599+0000] {processor.py:753} INFO - DAG(s) dict_keys(['example_xcom_args_with_operators', 'example_xcom_args']) retrieved from /home/airflow/.local/lib/python3.7/site-packages/airflow/example_dags/example_xcomargs.py
[2024-01-05T14:21:04.627+0000] {logging_mixin.py:137} INFO - [2024-01-05T14:21:04.627+0000] {dag.py:2690} INFO - Sync 2 DAGs
[2024-01-05T14:21:04.647+0000] {logging_mixin.py:137} INFO - [2024-01-05T14:21:04.647+0000] {dag.py:3441} INFO - Setting next_dagrun for example_xcom_args to None, run_after=None
[2024-01-05T14:21:04.650+0000] {logging_mixin.py:137} INFO - [2024-01-05T14:21:04.650+0000] {dag.py:3441} INFO - Setting next_dagrun for example_xcom_args_with_operators to None, run_after=None
[2024-01-05T14:21:04.661+0000] {processor.py:175} INFO - Processing /home/airflow/.local/lib/python3.7/site-packages/airflow/example_dags/example_xcomargs.py took 0.089 seconds
[2024-01-05T14:21:35.251+0000] {processor.py:153} INFO - Started process (PID=7804) to work on /home/airflow/.local/lib/python3.7/site-packages/airflow/example_dags/example_xcomargs.py
[2024-01-05T14:21:35.253+0000] {processor.py:743} INFO - Processing file /home/airflow/.local/lib/python3.7/site-packages/airflow/example_dags/example_xcomargs.py for tasks to queue
[2024-01-05T14:21:35.255+0000] {logging_mixin.py:137} INFO - [2024-01-05T14:21:35.255+0000] {dagbag.py:538} INFO - Filling up the DagBag from /home/airflow/.local/lib/python3.7/site-packages/airflow/example_dags/example_xcomargs.py
[2024-01-05T14:21:35.282+0000] {processor.py:753} INFO - DAG(s) dict_keys(['example_xcom_args_with_operators', 'example_xcom_args']) retrieved from /home/airflow/.local/lib/python3.7/site-packages/airflow/example_dags/example_xcomargs.py
[2024-01-05T14:21:35.308+0000] {logging_mixin.py:137} INFO - [2024-01-05T14:21:35.308+0000] {dag.py:2690} INFO - Sync 2 DAGs
[2024-01-05T14:21:35.328+0000] {logging_mixin.py:137} INFO - [2024-01-05T14:21:35.328+0000] {dag.py:3441} INFO - Setting next_dagrun for example_xcom_args to None, run_after=None
[2024-01-05T14:21:35.331+0000] {logging_mixin.py:137} INFO - [2024-01-05T14:21:35.331+0000] {dag.py:3441} INFO - Setting next_dagrun for example_xcom_args_with_operators to None, run_after=None
[2024-01-05T14:21:35.344+0000] {processor.py:175} INFO - Processing /home/airflow/.local/lib/python3.7/site-packages/airflow/example_dags/example_xcomargs.py took 0.099 seconds
[2024-01-05T14:22:05.524+0000] {processor.py:153} INFO - Started process (PID=7867) to work on /home/airflow/.local/lib/python3.7/site-packages/airflow/example_dags/example_xcomargs.py
[2024-01-05T14:22:05.526+0000] {processor.py:743} INFO - Processing file /home/airflow/.local/lib/python3.7/site-packages/airflow/example_dags/example_xcomargs.py for tasks to queue
[2024-01-05T14:22:05.527+0000] {logging_mixin.py:137} INFO - [2024-01-05T14:22:05.527+0000] {dagbag.py:538} INFO - Filling up the DagBag from /home/airflow/.local/lib/python3.7/site-packages/airflow/example_dags/example_xcomargs.py
[2024-01-05T14:22:05.556+0000] {processor.py:753} INFO - DAG(s) dict_keys(['example_xcom_args_with_operators', 'example_xcom_args']) retrieved from /home/airflow/.local/lib/python3.7/site-packages/airflow/example_dags/example_xcomargs.py
[2024-01-05T14:22:05.587+0000] {logging_mixin.py:137} INFO - [2024-01-05T14:22:05.587+0000] {dag.py:2690} INFO - Sync 2 DAGs
[2024-01-05T14:22:05.609+0000] {logging_mixin.py:137} INFO - [2024-01-05T14:22:05.609+0000] {dag.py:3441} INFO - Setting next_dagrun for example_xcom_args to None, run_after=None
[2024-01-05T14:22:05.616+0000] {logging_mixin.py:137} INFO - [2024-01-05T14:22:05.616+0000] {dag.py:3441} INFO - Setting next_dagrun for example_xcom_args_with_operators to None, run_after=None
[2024-01-05T14:22:05.640+0000] {processor.py:175} INFO - Processing /home/airflow/.local/lib/python3.7/site-packages/airflow/example_dags/example_xcomargs.py took 0.123 seconds
[2024-01-05T14:22:36.241+0000] {processor.py:153} INFO - Started process (PID=7943) to work on /home/airflow/.local/lib/python3.7/site-packages/airflow/example_dags/example_xcomargs.py
[2024-01-05T14:22:36.242+0000] {processor.py:743} INFO - Processing file /home/airflow/.local/lib/python3.7/site-packages/airflow/example_dags/example_xcomargs.py for tasks to queue
[2024-01-05T14:22:36.243+0000] {logging_mixin.py:137} INFO - [2024-01-05T14:22:36.243+0000] {dagbag.py:538} INFO - Filling up the DagBag from /home/airflow/.local/lib/python3.7/site-packages/airflow/example_dags/example_xcomargs.py
[2024-01-05T14:22:36.266+0000] {processor.py:753} INFO - DAG(s) dict_keys(['example_xcom_args', 'example_xcom_args_with_operators']) retrieved from /home/airflow/.local/lib/python3.7/site-packages/airflow/example_dags/example_xcomargs.py
[2024-01-05T14:22:36.300+0000] {logging_mixin.py:137} INFO - [2024-01-05T14:22:36.300+0000] {dag.py:2690} INFO - Sync 2 DAGs
[2024-01-05T14:22:36.322+0000] {logging_mixin.py:137} INFO - [2024-01-05T14:22:36.322+0000] {dag.py:3441} INFO - Setting next_dagrun for example_xcom_args to None, run_after=None
[2024-01-05T14:22:36.325+0000] {logging_mixin.py:137} INFO - [2024-01-05T14:22:36.325+0000] {dag.py:3441} INFO - Setting next_dagrun for example_xcom_args_with_operators to None, run_after=None
[2024-01-05T14:22:36.337+0000] {processor.py:175} INFO - Processing /home/airflow/.local/lib/python3.7/site-packages/airflow/example_dags/example_xcomargs.py took 0.101 seconds
[2024-01-05T14:23:06.972+0000] {processor.py:153} INFO - Started process (PID=8006) to work on /home/airflow/.local/lib/python3.7/site-packages/airflow/example_dags/example_xcomargs.py
[2024-01-05T14:23:06.974+0000] {processor.py:743} INFO - Processing file /home/airflow/.local/lib/python3.7/site-packages/airflow/example_dags/example_xcomargs.py for tasks to queue
[2024-01-05T14:23:06.975+0000] {logging_mixin.py:137} INFO - [2024-01-05T14:23:06.975+0000] {dagbag.py:538} INFO - Filling up the DagBag from /home/airflow/.local/lib/python3.7/site-packages/airflow/example_dags/example_xcomargs.py
[2024-01-05T14:23:06.997+0000] {processor.py:753} INFO - DAG(s) dict_keys(['example_xcom_args', 'example_xcom_args_with_operators']) retrieved from /home/airflow/.local/lib/python3.7/site-packages/airflow/example_dags/example_xcomargs.py
[2024-01-05T14:23:07.021+0000] {logging_mixin.py:137} INFO - [2024-01-05T14:23:07.021+0000] {dag.py:2690} INFO - Sync 2 DAGs
[2024-01-05T14:23:07.036+0000] {logging_mixin.py:137} INFO - [2024-01-05T14:23:07.036+0000] {dag.py:3441} INFO - Setting next_dagrun for example_xcom_args to None, run_after=None
[2024-01-05T14:23:07.039+0000] {logging_mixin.py:137} INFO - [2024-01-05T14:23:07.039+0000] {dag.py:3441} INFO - Setting next_dagrun for example_xcom_args_with_operators to None, run_after=None
[2024-01-05T14:23:07.050+0000] {processor.py:175} INFO - Processing /home/airflow/.local/lib/python3.7/site-packages/airflow/example_dags/example_xcomargs.py took 0.084 seconds
[2024-01-05T14:23:37.474+0000] {processor.py:153} INFO - Started process (PID=8081) to work on /home/airflow/.local/lib/python3.7/site-packages/airflow/example_dags/example_xcomargs.py
[2024-01-05T14:23:37.476+0000] {processor.py:743} INFO - Processing file /home/airflow/.local/lib/python3.7/site-packages/airflow/example_dags/example_xcomargs.py for tasks to queue
[2024-01-05T14:23:37.478+0000] {logging_mixin.py:137} INFO - [2024-01-05T14:23:37.478+0000] {dagbag.py:538} INFO - Filling up the DagBag from /home/airflow/.local/lib/python3.7/site-packages/airflow/example_dags/example_xcomargs.py
[2024-01-05T14:23:37.502+0000] {processor.py:753} INFO - DAG(s) dict_keys(['example_xcom_args_with_operators', 'example_xcom_args']) retrieved from /home/airflow/.local/lib/python3.7/site-packages/airflow/example_dags/example_xcomargs.py
[2024-01-05T14:23:37.530+0000] {logging_mixin.py:137} INFO - [2024-01-05T14:23:37.530+0000] {dag.py:2690} INFO - Sync 2 DAGs
[2024-01-05T14:23:37.548+0000] {logging_mixin.py:137} INFO - [2024-01-05T14:23:37.547+0000] {dag.py:3441} INFO - Setting next_dagrun for example_xcom_args to None, run_after=None
[2024-01-05T14:23:37.550+0000] {logging_mixin.py:137} INFO - [2024-01-05T14:23:37.550+0000] {dag.py:3441} INFO - Setting next_dagrun for example_xcom_args_with_operators to None, run_after=None
[2024-01-05T14:23:37.560+0000] {processor.py:175} INFO - Processing /home/airflow/.local/lib/python3.7/site-packages/airflow/example_dags/example_xcomargs.py took 0.090 seconds
[2024-01-05T14:24:08.253+0000] {processor.py:153} INFO - Started process (PID=8144) to work on /home/airflow/.local/lib/python3.7/site-packages/airflow/example_dags/example_xcomargs.py
[2024-01-05T14:24:08.255+0000] {processor.py:743} INFO - Processing file /home/airflow/.local/lib/python3.7/site-packages/airflow/example_dags/example_xcomargs.py for tasks to queue
[2024-01-05T14:24:08.256+0000] {logging_mixin.py:137} INFO - [2024-01-05T14:24:08.256+0000] {dagbag.py:538} INFO - Filling up the DagBag from /home/airflow/.local/lib/python3.7/site-packages/airflow/example_dags/example_xcomargs.py
[2024-01-05T14:24:08.289+0000] {processor.py:753} INFO - DAG(s) dict_keys(['example_xcom_args_with_operators', 'example_xcom_args']) retrieved from /home/airflow/.local/lib/python3.7/site-packages/airflow/example_dags/example_xcomargs.py
[2024-01-05T14:24:08.349+0000] {logging_mixin.py:137} INFO - [2024-01-05T14:24:08.349+0000] {dag.py:2690} INFO - Sync 2 DAGs
[2024-01-05T14:24:08.403+0000] {logging_mixin.py:137} INFO - [2024-01-05T14:24:08.403+0000] {dag.py:3441} INFO - Setting next_dagrun for example_xcom_args to None, run_after=None
[2024-01-05T14:24:08.410+0000] {logging_mixin.py:137} INFO - [2024-01-05T14:24:08.410+0000] {dag.py:3441} INFO - Setting next_dagrun for example_xcom_args_with_operators to None, run_after=None
[2024-01-05T14:24:08.430+0000] {processor.py:175} INFO - Processing /home/airflow/.local/lib/python3.7/site-packages/airflow/example_dags/example_xcomargs.py took 0.181 seconds
[2024-01-05T14:24:38.901+0000] {processor.py:153} INFO - Started process (PID=8220) to work on /home/airflow/.local/lib/python3.7/site-packages/airflow/example_dags/example_xcomargs.py
[2024-01-05T14:24:38.903+0000] {processor.py:743} INFO - Processing file /home/airflow/.local/lib/python3.7/site-packages/airflow/example_dags/example_xcomargs.py for tasks to queue
[2024-01-05T14:24:38.904+0000] {logging_mixin.py:137} INFO - [2024-01-05T14:24:38.904+0000] {dagbag.py:538} INFO - Filling up the DagBag from /home/airflow/.local/lib/python3.7/site-packages/airflow/example_dags/example_xcomargs.py
[2024-01-05T14:24:38.926+0000] {processor.py:753} INFO - DAG(s) dict_keys(['example_xcom_args_with_operators', 'example_xcom_args']) retrieved from /home/airflow/.local/lib/python3.7/site-packages/airflow/example_dags/example_xcomargs.py
[2024-01-05T14:24:38.947+0000] {logging_mixin.py:137} INFO - [2024-01-05T14:24:38.947+0000] {dag.py:2690} INFO - Sync 2 DAGs
[2024-01-05T14:24:38.962+0000] {logging_mixin.py:137} INFO - [2024-01-05T14:24:38.962+0000] {dag.py:3441} INFO - Setting next_dagrun for example_xcom_args to None, run_after=None
[2024-01-05T14:24:38.965+0000] {logging_mixin.py:137} INFO - [2024-01-05T14:24:38.965+0000] {dag.py:3441} INFO - Setting next_dagrun for example_xcom_args_with_operators to None, run_after=None
[2024-01-05T14:24:38.976+0000] {processor.py:175} INFO - Processing /home/airflow/.local/lib/python3.7/site-packages/airflow/example_dags/example_xcomargs.py took 0.079 seconds
[2024-01-05T14:25:09.150+0000] {processor.py:153} INFO - Started process (PID=8293) to work on /home/airflow/.local/lib/python3.7/site-packages/airflow/example_dags/example_xcomargs.py
[2024-01-05T14:25:09.151+0000] {processor.py:743} INFO - Processing file /home/airflow/.local/lib/python3.7/site-packages/airflow/example_dags/example_xcomargs.py for tasks to queue
[2024-01-05T14:25:09.152+0000] {logging_mixin.py:137} INFO - [2024-01-05T14:25:09.152+0000] {dagbag.py:538} INFO - Filling up the DagBag from /home/airflow/.local/lib/python3.7/site-packages/airflow/example_dags/example_xcomargs.py
[2024-01-05T14:25:09.195+0000] {processor.py:753} INFO - DAG(s) dict_keys(['example_xcom_args_with_operators', 'example_xcom_args']) retrieved from /home/airflow/.local/lib/python3.7/site-packages/airflow/example_dags/example_xcomargs.py
[2024-01-05T14:25:09.249+0000] {logging_mixin.py:137} INFO - [2024-01-05T14:25:09.249+0000] {dag.py:2690} INFO - Sync 2 DAGs
[2024-01-05T14:25:09.287+0000] {logging_mixin.py:137} INFO - [2024-01-05T14:25:09.287+0000] {dag.py:3441} INFO - Setting next_dagrun for example_xcom_args to None, run_after=None
[2024-01-05T14:25:09.292+0000] {logging_mixin.py:137} INFO - [2024-01-05T14:25:09.292+0000] {dag.py:3441} INFO - Setting next_dagrun for example_xcom_args_with_operators to None, run_after=None
[2024-01-05T14:25:09.307+0000] {processor.py:175} INFO - Processing /home/airflow/.local/lib/python3.7/site-packages/airflow/example_dags/example_xcomargs.py took 0.162 seconds
[2024-01-05T14:25:40.071+0000] {processor.py:153} INFO - Started process (PID=8359) to work on /home/airflow/.local/lib/python3.7/site-packages/airflow/example_dags/example_xcomargs.py
[2024-01-05T14:25:40.072+0000] {processor.py:743} INFO - Processing file /home/airflow/.local/lib/python3.7/site-packages/airflow/example_dags/example_xcomargs.py for tasks to queue
[2024-01-05T14:25:40.073+0000] {logging_mixin.py:137} INFO - [2024-01-05T14:25:40.073+0000] {dagbag.py:538} INFO - Filling up the DagBag from /home/airflow/.local/lib/python3.7/site-packages/airflow/example_dags/example_xcomargs.py
[2024-01-05T14:25:40.087+0000] {processor.py:753} INFO - DAG(s) dict_keys(['example_xcom_args', 'example_xcom_args_with_operators']) retrieved from /home/airflow/.local/lib/python3.7/site-packages/airflow/example_dags/example_xcomargs.py
[2024-01-05T14:25:40.108+0000] {logging_mixin.py:137} INFO - [2024-01-05T14:25:40.107+0000] {dag.py:2690} INFO - Sync 2 DAGs
[2024-01-05T14:25:40.123+0000] {logging_mixin.py:137} INFO - [2024-01-05T14:25:40.123+0000] {dag.py:3441} INFO - Setting next_dagrun for example_xcom_args to None, run_after=None
[2024-01-05T14:25:40.125+0000] {logging_mixin.py:137} INFO - [2024-01-05T14:25:40.125+0000] {dag.py:3441} INFO - Setting next_dagrun for example_xcom_args_with_operators to None, run_after=None
[2024-01-05T14:25:40.135+0000] {processor.py:175} INFO - Processing /home/airflow/.local/lib/python3.7/site-packages/airflow/example_dags/example_xcomargs.py took 0.067 seconds
[2024-01-05T14:26:10.621+0000] {processor.py:153} INFO - Started process (PID=8434) to work on /home/airflow/.local/lib/python3.7/site-packages/airflow/example_dags/example_xcomargs.py
[2024-01-05T14:26:10.623+0000] {processor.py:743} INFO - Processing file /home/airflow/.local/lib/python3.7/site-packages/airflow/example_dags/example_xcomargs.py for tasks to queue
[2024-01-05T14:26:10.623+0000] {logging_mixin.py:137} INFO - [2024-01-05T14:26:10.623+0000] {dagbag.py:538} INFO - Filling up the DagBag from /home/airflow/.local/lib/python3.7/site-packages/airflow/example_dags/example_xcomargs.py
[2024-01-05T14:26:10.638+0000] {processor.py:753} INFO - DAG(s) dict_keys(['example_xcom_args_with_operators', 'example_xcom_args']) retrieved from /home/airflow/.local/lib/python3.7/site-packages/airflow/example_dags/example_xcomargs.py
[2024-01-05T14:26:10.660+0000] {logging_mixin.py:137} INFO - [2024-01-05T14:26:10.660+0000] {dag.py:2690} INFO - Sync 2 DAGs
[2024-01-05T14:26:10.675+0000] {logging_mixin.py:137} INFO - [2024-01-05T14:26:10.675+0000] {dag.py:3441} INFO - Setting next_dagrun for example_xcom_args to None, run_after=None
[2024-01-05T14:26:10.678+0000] {logging_mixin.py:137} INFO - [2024-01-05T14:26:10.678+0000] {dag.py:3441} INFO - Setting next_dagrun for example_xcom_args_with_operators to None, run_after=None
[2024-01-05T14:26:10.691+0000] {processor.py:175} INFO - Processing /home/airflow/.local/lib/python3.7/site-packages/airflow/example_dags/example_xcomargs.py took 0.072 seconds
[2024-01-05T14:26:40.786+0000] {processor.py:153} INFO - Started process (PID=8497) to work on /home/airflow/.local/lib/python3.7/site-packages/airflow/example_dags/example_xcomargs.py
[2024-01-05T14:26:40.788+0000] {processor.py:743} INFO - Processing file /home/airflow/.local/lib/python3.7/site-packages/airflow/example_dags/example_xcomargs.py for tasks to queue
[2024-01-05T14:26:40.788+0000] {logging_mixin.py:137} INFO - [2024-01-05T14:26:40.788+0000] {dagbag.py:538} INFO - Filling up the DagBag from /home/airflow/.local/lib/python3.7/site-packages/airflow/example_dags/example_xcomargs.py
[2024-01-05T14:26:40.805+0000] {processor.py:753} INFO - DAG(s) dict_keys(['example_xcom_args_with_operators', 'example_xcom_args']) retrieved from /home/airflow/.local/lib/python3.7/site-packages/airflow/example_dags/example_xcomargs.py
[2024-01-05T14:26:40.828+0000] {logging_mixin.py:137} INFO - [2024-01-05T14:26:40.827+0000] {dag.py:2690} INFO - Sync 2 DAGs
[2024-01-05T14:26:40.845+0000] {logging_mixin.py:137} INFO - [2024-01-05T14:26:40.845+0000] {dag.py:3441} INFO - Setting next_dagrun for example_xcom_args to None, run_after=None
[2024-01-05T14:26:40.850+0000] {logging_mixin.py:137} INFO - [2024-01-05T14:26:40.850+0000] {dag.py:3441} INFO - Setting next_dagrun for example_xcom_args_with_operators to None, run_after=None
[2024-01-05T14:26:40.871+0000] {processor.py:175} INFO - Processing /home/airflow/.local/lib/python3.7/site-packages/airflow/example_dags/example_xcomargs.py took 0.088 seconds
