[2024-01-05T01:20:57.203+0000] {processor.py:153} INFO - Started process (PID=4346) to work on /home/airflow/.local/lib/python3.7/site-packages/airflow/example_dags/example_sla_dag.py
[2024-01-05T01:20:57.204+0000] {processor.py:743} INFO - Processing file /home/airflow/.local/lib/python3.7/site-packages/airflow/example_dags/example_sla_dag.py for tasks to queue
[2024-01-05T01:20:57.206+0000] {logging_mixin.py:137} INFO - [2024-01-05T01:20:57.205+0000] {dagbag.py:538} INFO - Filling up the DagBag from /home/airflow/.local/lib/python3.7/site-packages/airflow/example_dags/example_sla_dag.py
[2024-01-05T01:20:57.234+0000] {processor.py:753} INFO - DAG(s) dict_keys(['example_sla_dag']) retrieved from /home/airflow/.local/lib/python3.7/site-packages/airflow/example_dags/example_sla_dag.py
[2024-01-05T01:20:57.259+0000] {logging_mixin.py:137} INFO - [2024-01-05T01:20:57.259+0000] {dag.py:2690} INFO - Sync 1 DAGs
[2024-01-05T01:20:57.306+0000] {logging_mixin.py:137} INFO - [2024-01-05T01:20:57.305+0000] {dag.py:3441} INFO - Setting next_dagrun for example_sla_dag to 2024-01-05T01:18:00+00:00, run_after=2024-01-05T01:20:00+00:00
[2024-01-05T01:20:57.344+0000] {processor.py:175} INFO - Processing /home/airflow/.local/lib/python3.7/site-packages/airflow/example_dags/example_sla_dag.py took 0.146 seconds
[2024-01-05T02:31:18.705+0000] {processor.py:153} INFO - Started process (PID=4409) to work on /home/airflow/.local/lib/python3.7/site-packages/airflow/example_dags/example_sla_dag.py
[2024-01-05T02:31:18.707+0000] {processor.py:743} INFO - Processing file /home/airflow/.local/lib/python3.7/site-packages/airflow/example_dags/example_sla_dag.py for tasks to queue
[2024-01-05T02:31:18.709+0000] {logging_mixin.py:137} INFO - [2024-01-05T02:31:18.708+0000] {dagbag.py:538} INFO - Filling up the DagBag from /home/airflow/.local/lib/python3.7/site-packages/airflow/example_dags/example_sla_dag.py
[2024-01-05T02:31:18.733+0000] {processor.py:753} INFO - DAG(s) dict_keys(['example_sla_dag']) retrieved from /home/airflow/.local/lib/python3.7/site-packages/airflow/example_dags/example_sla_dag.py
[2024-01-05T02:31:18.769+0000] {logging_mixin.py:137} INFO - [2024-01-05T02:31:18.769+0000] {dag.py:2690} INFO - Sync 1 DAGs
[2024-01-05T02:31:18.792+0000] {logging_mixin.py:137} INFO - [2024-01-05T02:31:18.792+0000] {dag.py:3441} INFO - Setting next_dagrun for example_sla_dag to 2024-01-05T02:28:00+00:00, run_after=2024-01-05T02:30:00+00:00
[2024-01-05T02:31:18.806+0000] {processor.py:175} INFO - Processing /home/airflow/.local/lib/python3.7/site-packages/airflow/example_dags/example_sla_dag.py took 0.105 seconds
[2024-01-05T03:42:27.775+0000] {processor.py:153} INFO - Started process (PID=4472) to work on /home/airflow/.local/lib/python3.7/site-packages/airflow/example_dags/example_sla_dag.py
[2024-01-05T03:42:27.776+0000] {processor.py:743} INFO - Processing file /home/airflow/.local/lib/python3.7/site-packages/airflow/example_dags/example_sla_dag.py for tasks to queue
[2024-01-05T03:42:27.778+0000] {logging_mixin.py:137} INFO - [2024-01-05T03:42:27.777+0000] {dagbag.py:538} INFO - Filling up the DagBag from /home/airflow/.local/lib/python3.7/site-packages/airflow/example_dags/example_sla_dag.py
[2024-01-05T03:42:27.795+0000] {processor.py:753} INFO - DAG(s) dict_keys(['example_sla_dag']) retrieved from /home/airflow/.local/lib/python3.7/site-packages/airflow/example_dags/example_sla_dag.py
[2024-01-05T03:42:27.818+0000] {logging_mixin.py:137} INFO - [2024-01-05T03:42:27.818+0000] {dag.py:2690} INFO - Sync 1 DAGs
[2024-01-05T03:42:27.835+0000] {logging_mixin.py:137} INFO - [2024-01-05T03:42:27.835+0000] {dag.py:3441} INFO - Setting next_dagrun for example_sla_dag to 2024-01-05T03:40:00+00:00, run_after=2024-01-05T03:42:00+00:00
[2024-01-05T03:42:27.846+0000] {processor.py:175} INFO - Processing /home/airflow/.local/lib/python3.7/site-packages/airflow/example_dags/example_sla_dag.py took 0.075 seconds
[2024-01-05T05:03:27.803+0000] {processor.py:153} INFO - Started process (PID=4547) to work on /home/airflow/.local/lib/python3.7/site-packages/airflow/example_dags/example_sla_dag.py
[2024-01-05T05:03:27.805+0000] {processor.py:743} INFO - Processing file /home/airflow/.local/lib/python3.7/site-packages/airflow/example_dags/example_sla_dag.py for tasks to queue
[2024-01-05T05:03:27.805+0000] {logging_mixin.py:137} INFO - [2024-01-05T05:03:27.805+0000] {dagbag.py:538} INFO - Filling up the DagBag from /home/airflow/.local/lib/python3.7/site-packages/airflow/example_dags/example_sla_dag.py
[2024-01-05T05:03:27.829+0000] {processor.py:753} INFO - DAG(s) dict_keys(['example_sla_dag']) retrieved from /home/airflow/.local/lib/python3.7/site-packages/airflow/example_dags/example_sla_dag.py
[2024-01-05T05:03:27.851+0000] {logging_mixin.py:137} INFO - [2024-01-05T05:03:27.851+0000] {dag.py:2690} INFO - Sync 1 DAGs
[2024-01-05T05:03:27.870+0000] {logging_mixin.py:137} INFO - [2024-01-05T05:03:27.870+0000] {dag.py:3441} INFO - Setting next_dagrun for example_sla_dag to 2024-01-05T05:00:00+00:00, run_after=2024-01-05T05:02:00+00:00
[2024-01-05T05:03:27.883+0000] {processor.py:175} INFO - Processing /home/airflow/.local/lib/python3.7/site-packages/airflow/example_dags/example_sla_dag.py took 0.083 seconds
[2024-01-05T06:28:03.454+0000] {processor.py:153} INFO - Started process (PID=4609) to work on /home/airflow/.local/lib/python3.7/site-packages/airflow/example_dags/example_sla_dag.py
[2024-01-05T06:28:03.455+0000] {processor.py:743} INFO - Processing file /home/airflow/.local/lib/python3.7/site-packages/airflow/example_dags/example_sla_dag.py for tasks to queue
[2024-01-05T06:28:03.456+0000] {logging_mixin.py:137} INFO - [2024-01-05T06:28:03.456+0000] {dagbag.py:538} INFO - Filling up the DagBag from /home/airflow/.local/lib/python3.7/site-packages/airflow/example_dags/example_sla_dag.py
[2024-01-05T06:28:03.471+0000] {processor.py:753} INFO - DAG(s) dict_keys(['example_sla_dag']) retrieved from /home/airflow/.local/lib/python3.7/site-packages/airflow/example_dags/example_sla_dag.py
[2024-01-05T06:28:03.493+0000] {logging_mixin.py:137} INFO - [2024-01-05T06:28:03.492+0000] {dag.py:2690} INFO - Sync 1 DAGs
[2024-01-05T06:28:03.511+0000] {logging_mixin.py:137} INFO - [2024-01-05T06:28:03.511+0000] {dag.py:3441} INFO - Setting next_dagrun for example_sla_dag to 2024-01-05T06:26:00+00:00, run_after=2024-01-05T06:28:00+00:00
[2024-01-05T06:28:03.522+0000] {processor.py:175} INFO - Processing /home/airflow/.local/lib/python3.7/site-packages/airflow/example_dags/example_sla_dag.py took 0.070 seconds
[2024-01-05T07:47:06.265+0000] {processor.py:153} INFO - Started process (PID=4681) to work on /home/airflow/.local/lib/python3.7/site-packages/airflow/example_dags/example_sla_dag.py
[2024-01-05T07:47:06.268+0000] {processor.py:743} INFO - Processing file /home/airflow/.local/lib/python3.7/site-packages/airflow/example_dags/example_sla_dag.py for tasks to queue
[2024-01-05T07:47:06.271+0000] {logging_mixin.py:137} INFO - [2024-01-05T07:47:06.271+0000] {dagbag.py:538} INFO - Filling up the DagBag from /home/airflow/.local/lib/python3.7/site-packages/airflow/example_dags/example_sla_dag.py
[2024-01-05T07:47:06.317+0000] {processor.py:753} INFO - DAG(s) dict_keys(['example_sla_dag']) retrieved from /home/airflow/.local/lib/python3.7/site-packages/airflow/example_dags/example_sla_dag.py
[2024-01-05T07:47:06.353+0000] {logging_mixin.py:137} INFO - [2024-01-05T07:47:06.353+0000] {dag.py:2690} INFO - Sync 1 DAGs
[2024-01-05T07:47:06.389+0000] {logging_mixin.py:137} INFO - [2024-01-05T07:47:06.389+0000] {dag.py:3441} INFO - Setting next_dagrun for example_sla_dag to 2024-01-05T07:44:00+00:00, run_after=2024-01-05T07:46:00+00:00
[2024-01-05T07:47:06.430+0000] {processor.py:175} INFO - Processing /home/airflow/.local/lib/python3.7/site-packages/airflow/example_dags/example_sla_dag.py took 0.171 seconds
[2024-01-05T09:24:48.150+0000] {processor.py:153} INFO - Started process (PID=4746) to work on /home/airflow/.local/lib/python3.7/site-packages/airflow/example_dags/example_sla_dag.py
[2024-01-05T09:24:48.152+0000] {processor.py:743} INFO - Processing file /home/airflow/.local/lib/python3.7/site-packages/airflow/example_dags/example_sla_dag.py for tasks to queue
[2024-01-05T09:24:48.154+0000] {logging_mixin.py:137} INFO - [2024-01-05T09:24:48.154+0000] {dagbag.py:538} INFO - Filling up the DagBag from /home/airflow/.local/lib/python3.7/site-packages/airflow/example_dags/example_sla_dag.py
[2024-01-05T09:24:48.179+0000] {processor.py:753} INFO - DAG(s) dict_keys(['example_sla_dag']) retrieved from /home/airflow/.local/lib/python3.7/site-packages/airflow/example_dags/example_sla_dag.py
[2024-01-05T09:24:48.212+0000] {logging_mixin.py:137} INFO - [2024-01-05T09:24:48.212+0000] {dag.py:2690} INFO - Sync 1 DAGs
[2024-01-05T09:24:48.233+0000] {logging_mixin.py:137} INFO - [2024-01-05T09:24:48.233+0000] {dag.py:3441} INFO - Setting next_dagrun for example_sla_dag to 2024-01-05T09:22:00+00:00, run_after=2024-01-05T09:24:00+00:00
[2024-01-05T09:24:48.245+0000] {processor.py:175} INFO - Processing /home/airflow/.local/lib/python3.7/site-packages/airflow/example_dags/example_sla_dag.py took 0.098 seconds
[2024-01-05T10:32:48.460+0000] {processor.py:153} INFO - Started process (PID=4809) to work on /home/airflow/.local/lib/python3.7/site-packages/airflow/example_dags/example_sla_dag.py
[2024-01-05T10:32:48.461+0000] {processor.py:743} INFO - Processing file /home/airflow/.local/lib/python3.7/site-packages/airflow/example_dags/example_sla_dag.py for tasks to queue
[2024-01-05T10:32:48.462+0000] {logging_mixin.py:137} INFO - [2024-01-05T10:32:48.462+0000] {dagbag.py:538} INFO - Filling up the DagBag from /home/airflow/.local/lib/python3.7/site-packages/airflow/example_dags/example_sla_dag.py
[2024-01-05T10:32:48.484+0000] {processor.py:753} INFO - DAG(s) dict_keys(['example_sla_dag']) retrieved from /home/airflow/.local/lib/python3.7/site-packages/airflow/example_dags/example_sla_dag.py
[2024-01-05T10:32:48.512+0000] {logging_mixin.py:137} INFO - [2024-01-05T10:32:48.512+0000] {dag.py:2690} INFO - Sync 1 DAGs
[2024-01-05T10:32:48.530+0000] {logging_mixin.py:137} INFO - [2024-01-05T10:32:48.530+0000] {dag.py:3441} INFO - Setting next_dagrun for example_sla_dag to 2024-01-05T10:30:00+00:00, run_after=2024-01-05T10:32:00+00:00
[2024-01-05T10:32:48.541+0000] {processor.py:175} INFO - Processing /home/airflow/.local/lib/python3.7/site-packages/airflow/example_dags/example_sla_dag.py took 0.085 seconds
[2024-01-05T11:33:47.456+0000] {processor.py:153} INFO - Started process (PID=4884) to work on /home/airflow/.local/lib/python3.7/site-packages/airflow/example_dags/example_sla_dag.py
[2024-01-05T11:33:47.458+0000] {processor.py:743} INFO - Processing file /home/airflow/.local/lib/python3.7/site-packages/airflow/example_dags/example_sla_dag.py for tasks to queue
[2024-01-05T11:33:47.458+0000] {logging_mixin.py:137} INFO - [2024-01-05T11:33:47.458+0000] {dagbag.py:538} INFO - Filling up the DagBag from /home/airflow/.local/lib/python3.7/site-packages/airflow/example_dags/example_sla_dag.py
[2024-01-05T11:33:47.475+0000] {processor.py:753} INFO - DAG(s) dict_keys(['example_sla_dag']) retrieved from /home/airflow/.local/lib/python3.7/site-packages/airflow/example_dags/example_sla_dag.py
[2024-01-05T11:33:47.501+0000] {logging_mixin.py:137} INFO - [2024-01-05T11:33:47.501+0000] {dag.py:2690} INFO - Sync 1 DAGs
[2024-01-05T11:33:47.522+0000] {logging_mixin.py:137} INFO - [2024-01-05T11:33:47.521+0000] {dag.py:3441} INFO - Setting next_dagrun for example_sla_dag to 2024-01-05T11:30:00+00:00, run_after=2024-01-05T11:32:00+00:00
[2024-01-05T11:33:47.533+0000] {processor.py:175} INFO - Processing /home/airflow/.local/lib/python3.7/site-packages/airflow/example_dags/example_sla_dag.py took 0.080 seconds
[2024-01-05T12:52:19.946+0000] {processor.py:153} INFO - Started process (PID=4947) to work on /home/airflow/.local/lib/python3.7/site-packages/airflow/example_dags/example_sla_dag.py
[2024-01-05T12:52:19.949+0000] {processor.py:743} INFO - Processing file /home/airflow/.local/lib/python3.7/site-packages/airflow/example_dags/example_sla_dag.py for tasks to queue
[2024-01-05T12:52:19.963+0000] {logging_mixin.py:137} INFO - [2024-01-05T12:52:19.961+0000] {dagbag.py:538} INFO - Filling up the DagBag from /home/airflow/.local/lib/python3.7/site-packages/airflow/example_dags/example_sla_dag.py
[2024-01-05T12:52:20.004+0000] {processor.py:753} INFO - DAG(s) dict_keys(['example_sla_dag']) retrieved from /home/airflow/.local/lib/python3.7/site-packages/airflow/example_dags/example_sla_dag.py
[2024-01-05T12:52:20.048+0000] {logging_mixin.py:137} INFO - [2024-01-05T12:52:20.048+0000] {dag.py:2690} INFO - Sync 1 DAGs
[2024-01-05T12:52:20.085+0000] {logging_mixin.py:137} INFO - [2024-01-05T12:52:20.085+0000] {dag.py:3441} INFO - Setting next_dagrun for example_sla_dag to 2024-01-05T12:50:00+00:00, run_after=2024-01-05T12:52:00+00:00
[2024-01-05T12:52:20.104+0000] {processor.py:175} INFO - Processing /home/airflow/.local/lib/python3.7/site-packages/airflow/example_dags/example_sla_dag.py took 0.163 seconds
[2024-01-05T14:01:06.691+0000] {processor.py:153} INFO - Started process (PID=5021) to work on /home/airflow/.local/lib/python3.7/site-packages/airflow/example_dags/example_sla_dag.py
[2024-01-05T14:01:06.692+0000] {processor.py:743} INFO - Processing file /home/airflow/.local/lib/python3.7/site-packages/airflow/example_dags/example_sla_dag.py for tasks to queue
[2024-01-05T14:01:06.693+0000] {logging_mixin.py:137} INFO - [2024-01-05T14:01:06.693+0000] {dagbag.py:538} INFO - Filling up the DagBag from /home/airflow/.local/lib/python3.7/site-packages/airflow/example_dags/example_sla_dag.py
[2024-01-05T14:01:06.712+0000] {processor.py:753} INFO - DAG(s) dict_keys(['example_sla_dag']) retrieved from /home/airflow/.local/lib/python3.7/site-packages/airflow/example_dags/example_sla_dag.py
[2024-01-05T14:01:06.740+0000] {logging_mixin.py:137} INFO - [2024-01-05T14:01:06.740+0000] {dag.py:2690} INFO - Sync 1 DAGs
[2024-01-05T14:01:06.770+0000] {logging_mixin.py:137} INFO - [2024-01-05T14:01:06.770+0000] {dag.py:3441} INFO - Setting next_dagrun for example_sla_dag to 2024-01-05T13:58:00+00:00, run_after=2024-01-05T14:00:00+00:00
[2024-01-05T14:01:06.785+0000] {processor.py:175} INFO - Processing /home/airflow/.local/lib/python3.7/site-packages/airflow/example_dags/example_sla_dag.py took 0.098 seconds
[2024-01-05T14:01:37.068+0000] {processor.py:153} INFO - Started process (PID=5085) to work on /home/airflow/.local/lib/python3.7/site-packages/airflow/example_dags/example_sla_dag.py
[2024-01-05T14:01:37.070+0000] {processor.py:743} INFO - Processing file /home/airflow/.local/lib/python3.7/site-packages/airflow/example_dags/example_sla_dag.py for tasks to queue
[2024-01-05T14:01:37.071+0000] {logging_mixin.py:137} INFO - [2024-01-05T14:01:37.071+0000] {dagbag.py:538} INFO - Filling up the DagBag from /home/airflow/.local/lib/python3.7/site-packages/airflow/example_dags/example_sla_dag.py
[2024-01-05T14:01:37.091+0000] {processor.py:753} INFO - DAG(s) dict_keys(['example_sla_dag']) retrieved from /home/airflow/.local/lib/python3.7/site-packages/airflow/example_dags/example_sla_dag.py
[2024-01-05T14:01:37.122+0000] {logging_mixin.py:137} INFO - [2024-01-05T14:01:37.122+0000] {dag.py:2690} INFO - Sync 1 DAGs
[2024-01-05T14:01:37.145+0000] {logging_mixin.py:137} INFO - [2024-01-05T14:01:37.144+0000] {dag.py:3441} INFO - Setting next_dagrun for example_sla_dag to 2024-01-05T13:58:00+00:00, run_after=2024-01-05T14:00:00+00:00
[2024-01-05T14:01:37.164+0000] {processor.py:175} INFO - Processing /home/airflow/.local/lib/python3.7/site-packages/airflow/example_dags/example_sla_dag.py took 0.106 seconds
[2024-01-05T14:02:08.655+0000] {processor.py:153} INFO - Started process (PID=5158) to work on /home/airflow/.local/lib/python3.7/site-packages/airflow/example_dags/example_sla_dag.py
[2024-01-05T14:02:08.657+0000] {processor.py:743} INFO - Processing file /home/airflow/.local/lib/python3.7/site-packages/airflow/example_dags/example_sla_dag.py for tasks to queue
[2024-01-05T14:02:08.668+0000] {logging_mixin.py:137} INFO - [2024-01-05T14:02:08.668+0000] {dagbag.py:538} INFO - Filling up the DagBag from /home/airflow/.local/lib/python3.7/site-packages/airflow/example_dags/example_sla_dag.py
[2024-01-05T14:02:08.700+0000] {processor.py:753} INFO - DAG(s) dict_keys(['example_sla_dag']) retrieved from /home/airflow/.local/lib/python3.7/site-packages/airflow/example_dags/example_sla_dag.py
[2024-01-05T14:02:08.754+0000] {logging_mixin.py:137} INFO - [2024-01-05T14:02:08.754+0000] {dag.py:2690} INFO - Sync 1 DAGs
[2024-01-05T14:02:08.829+0000] {logging_mixin.py:137} INFO - [2024-01-05T14:02:08.829+0000] {dag.py:3441} INFO - Setting next_dagrun for example_sla_dag to 2024-01-05T14:00:00+00:00, run_after=2024-01-05T14:02:00+00:00
[2024-01-05T14:02:08.871+0000] {processor.py:175} INFO - Processing /home/airflow/.local/lib/python3.7/site-packages/airflow/example_dags/example_sla_dag.py took 0.219 seconds
[2024-01-05T14:02:39.621+0000] {processor.py:153} INFO - Started process (PID=5224) to work on /home/airflow/.local/lib/python3.7/site-packages/airflow/example_dags/example_sla_dag.py
[2024-01-05T14:02:39.622+0000] {processor.py:743} INFO - Processing file /home/airflow/.local/lib/python3.7/site-packages/airflow/example_dags/example_sla_dag.py for tasks to queue
[2024-01-05T14:02:39.623+0000] {logging_mixin.py:137} INFO - [2024-01-05T14:02:39.623+0000] {dagbag.py:538} INFO - Filling up the DagBag from /home/airflow/.local/lib/python3.7/site-packages/airflow/example_dags/example_sla_dag.py
[2024-01-05T14:02:39.638+0000] {processor.py:753} INFO - DAG(s) dict_keys(['example_sla_dag']) retrieved from /home/airflow/.local/lib/python3.7/site-packages/airflow/example_dags/example_sla_dag.py
[2024-01-05T14:02:39.657+0000] {logging_mixin.py:137} INFO - [2024-01-05T14:02:39.657+0000] {dag.py:2690} INFO - Sync 1 DAGs
[2024-01-05T14:02:39.674+0000] {logging_mixin.py:137} INFO - [2024-01-05T14:02:39.674+0000] {dag.py:3441} INFO - Setting next_dagrun for example_sla_dag to 2024-01-05T14:00:00+00:00, run_after=2024-01-05T14:02:00+00:00
[2024-01-05T14:02:39.684+0000] {processor.py:175} INFO - Processing /home/airflow/.local/lib/python3.7/site-packages/airflow/example_dags/example_sla_dag.py took 0.066 seconds
[2024-01-05T14:03:10.302+0000] {processor.py:153} INFO - Started process (PID=5299) to work on /home/airflow/.local/lib/python3.7/site-packages/airflow/example_dags/example_sla_dag.py
[2024-01-05T14:03:10.304+0000] {processor.py:743} INFO - Processing file /home/airflow/.local/lib/python3.7/site-packages/airflow/example_dags/example_sla_dag.py for tasks to queue
[2024-01-05T14:03:10.305+0000] {logging_mixin.py:137} INFO - [2024-01-05T14:03:10.305+0000] {dagbag.py:538} INFO - Filling up the DagBag from /home/airflow/.local/lib/python3.7/site-packages/airflow/example_dags/example_sla_dag.py
[2024-01-05T14:03:10.338+0000] {processor.py:753} INFO - DAG(s) dict_keys(['example_sla_dag']) retrieved from /home/airflow/.local/lib/python3.7/site-packages/airflow/example_dags/example_sla_dag.py
[2024-01-05T14:03:10.375+0000] {logging_mixin.py:137} INFO - [2024-01-05T14:03:10.375+0000] {dag.py:2690} INFO - Sync 1 DAGs
[2024-01-05T14:03:10.411+0000] {logging_mixin.py:137} INFO - [2024-01-05T14:03:10.411+0000] {dag.py:3441} INFO - Setting next_dagrun for example_sla_dag to 2024-01-05T14:00:00+00:00, run_after=2024-01-05T14:02:00+00:00
[2024-01-05T14:03:10.432+0000] {processor.py:175} INFO - Processing /home/airflow/.local/lib/python3.7/site-packages/airflow/example_dags/example_sla_dag.py took 0.135 seconds
[2024-01-05T14:03:41.338+0000] {processor.py:153} INFO - Started process (PID=5362) to work on /home/airflow/.local/lib/python3.7/site-packages/airflow/example_dags/example_sla_dag.py
[2024-01-05T14:03:41.340+0000] {processor.py:743} INFO - Processing file /home/airflow/.local/lib/python3.7/site-packages/airflow/example_dags/example_sla_dag.py for tasks to queue
[2024-01-05T14:03:41.341+0000] {logging_mixin.py:137} INFO - [2024-01-05T14:03:41.341+0000] {dagbag.py:538} INFO - Filling up the DagBag from /home/airflow/.local/lib/python3.7/site-packages/airflow/example_dags/example_sla_dag.py
[2024-01-05T14:03:41.363+0000] {processor.py:753} INFO - DAG(s) dict_keys(['example_sla_dag']) retrieved from /home/airflow/.local/lib/python3.7/site-packages/airflow/example_dags/example_sla_dag.py
[2024-01-05T14:03:41.385+0000] {logging_mixin.py:137} INFO - [2024-01-05T14:03:41.384+0000] {dag.py:2690} INFO - Sync 1 DAGs
[2024-01-05T14:03:41.401+0000] {logging_mixin.py:137} INFO - [2024-01-05T14:03:41.401+0000] {dag.py:3441} INFO - Setting next_dagrun for example_sla_dag to 2024-01-05T14:00:00+00:00, run_after=2024-01-05T14:02:00+00:00
[2024-01-05T14:03:41.413+0000] {processor.py:175} INFO - Processing /home/airflow/.local/lib/python3.7/site-packages/airflow/example_dags/example_sla_dag.py took 0.080 seconds
[2024-01-05T14:04:11.608+0000] {processor.py:153} INFO - Started process (PID=5438) to work on /home/airflow/.local/lib/python3.7/site-packages/airflow/example_dags/example_sla_dag.py
[2024-01-05T14:04:11.610+0000] {processor.py:743} INFO - Processing file /home/airflow/.local/lib/python3.7/site-packages/airflow/example_dags/example_sla_dag.py for tasks to queue
[2024-01-05T14:04:11.611+0000] {logging_mixin.py:137} INFO - [2024-01-05T14:04:11.611+0000] {dagbag.py:538} INFO - Filling up the DagBag from /home/airflow/.local/lib/python3.7/site-packages/airflow/example_dags/example_sla_dag.py
[2024-01-05T14:04:11.631+0000] {processor.py:753} INFO - DAG(s) dict_keys(['example_sla_dag']) retrieved from /home/airflow/.local/lib/python3.7/site-packages/airflow/example_dags/example_sla_dag.py
[2024-01-05T14:04:11.652+0000] {logging_mixin.py:137} INFO - [2024-01-05T14:04:11.652+0000] {dag.py:2690} INFO - Sync 1 DAGs
[2024-01-05T14:04:11.670+0000] {logging_mixin.py:137} INFO - [2024-01-05T14:04:11.670+0000] {dag.py:3441} INFO - Setting next_dagrun for example_sla_dag to 2024-01-05T14:02:00+00:00, run_after=2024-01-05T14:04:00+00:00
[2024-01-05T14:04:11.685+0000] {processor.py:175} INFO - Processing /home/airflow/.local/lib/python3.7/site-packages/airflow/example_dags/example_sla_dag.py took 0.081 seconds
[2024-01-05T14:04:42.611+0000] {processor.py:153} INFO - Started process (PID=5501) to work on /home/airflow/.local/lib/python3.7/site-packages/airflow/example_dags/example_sla_dag.py
[2024-01-05T14:04:42.613+0000] {processor.py:743} INFO - Processing file /home/airflow/.local/lib/python3.7/site-packages/airflow/example_dags/example_sla_dag.py for tasks to queue
[2024-01-05T14:04:42.614+0000] {logging_mixin.py:137} INFO - [2024-01-05T14:04:42.614+0000] {dagbag.py:538} INFO - Filling up the DagBag from /home/airflow/.local/lib/python3.7/site-packages/airflow/example_dags/example_sla_dag.py
[2024-01-05T14:04:42.630+0000] {processor.py:753} INFO - DAG(s) dict_keys(['example_sla_dag']) retrieved from /home/airflow/.local/lib/python3.7/site-packages/airflow/example_dags/example_sla_dag.py
[2024-01-05T14:04:42.649+0000] {logging_mixin.py:137} INFO - [2024-01-05T14:04:42.649+0000] {dag.py:2690} INFO - Sync 1 DAGs
[2024-01-05T14:04:42.667+0000] {logging_mixin.py:137} INFO - [2024-01-05T14:04:42.667+0000] {dag.py:3441} INFO - Setting next_dagrun for example_sla_dag to 2024-01-05T14:02:00+00:00, run_after=2024-01-05T14:04:00+00:00
[2024-01-05T14:04:42.679+0000] {processor.py:175} INFO - Processing /home/airflow/.local/lib/python3.7/site-packages/airflow/example_dags/example_sla_dag.py took 0.070 seconds
[2024-01-05T14:05:13.376+0000] {processor.py:153} INFO - Started process (PID=5576) to work on /home/airflow/.local/lib/python3.7/site-packages/airflow/example_dags/example_sla_dag.py
[2024-01-05T14:05:13.377+0000] {processor.py:743} INFO - Processing file /home/airflow/.local/lib/python3.7/site-packages/airflow/example_dags/example_sla_dag.py for tasks to queue
[2024-01-05T14:05:13.378+0000] {logging_mixin.py:137} INFO - [2024-01-05T14:05:13.378+0000] {dagbag.py:538} INFO - Filling up the DagBag from /home/airflow/.local/lib/python3.7/site-packages/airflow/example_dags/example_sla_dag.py
[2024-01-05T14:05:13.393+0000] {processor.py:753} INFO - DAG(s) dict_keys(['example_sla_dag']) retrieved from /home/airflow/.local/lib/python3.7/site-packages/airflow/example_dags/example_sla_dag.py
[2024-01-05T14:05:13.415+0000] {logging_mixin.py:137} INFO - [2024-01-05T14:05:13.415+0000] {dag.py:2690} INFO - Sync 1 DAGs
[2024-01-05T14:05:13.433+0000] {logging_mixin.py:137} INFO - [2024-01-05T14:05:13.433+0000] {dag.py:3441} INFO - Setting next_dagrun for example_sla_dag to 2024-01-05T14:02:00+00:00, run_after=2024-01-05T14:04:00+00:00
[2024-01-05T14:05:13.444+0000] {processor.py:175} INFO - Processing /home/airflow/.local/lib/python3.7/site-packages/airflow/example_dags/example_sla_dag.py took 0.071 seconds
[2024-01-05T14:05:43.902+0000] {processor.py:153} INFO - Started process (PID=5648) to work on /home/airflow/.local/lib/python3.7/site-packages/airflow/example_dags/example_sla_dag.py
[2024-01-05T14:05:43.904+0000] {processor.py:743} INFO - Processing file /home/airflow/.local/lib/python3.7/site-packages/airflow/example_dags/example_sla_dag.py for tasks to queue
[2024-01-05T14:05:43.905+0000] {logging_mixin.py:137} INFO - [2024-01-05T14:05:43.905+0000] {dagbag.py:538} INFO - Filling up the DagBag from /home/airflow/.local/lib/python3.7/site-packages/airflow/example_dags/example_sla_dag.py
[2024-01-05T14:05:43.954+0000] {processor.py:753} INFO - DAG(s) dict_keys(['example_sla_dag']) retrieved from /home/airflow/.local/lib/python3.7/site-packages/airflow/example_dags/example_sla_dag.py
[2024-01-05T14:05:44.015+0000] {logging_mixin.py:137} INFO - [2024-01-05T14:05:44.015+0000] {dag.py:2690} INFO - Sync 1 DAGs
[2024-01-05T14:05:44.040+0000] {logging_mixin.py:137} INFO - [2024-01-05T14:05:44.040+0000] {dag.py:3441} INFO - Setting next_dagrun for example_sla_dag to 2024-01-05T14:02:00+00:00, run_after=2024-01-05T14:04:00+00:00
[2024-01-05T14:05:44.179+0000] {processor.py:175} INFO - Processing /home/airflow/.local/lib/python3.7/site-packages/airflow/example_dags/example_sla_dag.py took 0.281 seconds
[2024-01-05T14:06:14.683+0000] {processor.py:153} INFO - Started process (PID=5715) to work on /home/airflow/.local/lib/python3.7/site-packages/airflow/example_dags/example_sla_dag.py
[2024-01-05T14:06:14.685+0000] {processor.py:743} INFO - Processing file /home/airflow/.local/lib/python3.7/site-packages/airflow/example_dags/example_sla_dag.py for tasks to queue
[2024-01-05T14:06:14.687+0000] {logging_mixin.py:137} INFO - [2024-01-05T14:06:14.686+0000] {dagbag.py:538} INFO - Filling up the DagBag from /home/airflow/.local/lib/python3.7/site-packages/airflow/example_dags/example_sla_dag.py
[2024-01-05T14:06:14.703+0000] {processor.py:753} INFO - DAG(s) dict_keys(['example_sla_dag']) retrieved from /home/airflow/.local/lib/python3.7/site-packages/airflow/example_dags/example_sla_dag.py
[2024-01-05T14:06:14.725+0000] {logging_mixin.py:137} INFO - [2024-01-05T14:06:14.725+0000] {dag.py:2690} INFO - Sync 1 DAGs
[2024-01-05T14:06:14.745+0000] {logging_mixin.py:137} INFO - [2024-01-05T14:06:14.745+0000] {dag.py:3441} INFO - Setting next_dagrun for example_sla_dag to 2024-01-05T14:04:00+00:00, run_after=2024-01-05T14:06:00+00:00
[2024-01-05T14:06:14.757+0000] {processor.py:175} INFO - Processing /home/airflow/.local/lib/python3.7/site-packages/airflow/example_dags/example_sla_dag.py took 0.077 seconds
[2024-01-05T14:06:45.357+0000] {processor.py:153} INFO - Started process (PID=5790) to work on /home/airflow/.local/lib/python3.7/site-packages/airflow/example_dags/example_sla_dag.py
[2024-01-05T14:06:45.358+0000] {processor.py:743} INFO - Processing file /home/airflow/.local/lib/python3.7/site-packages/airflow/example_dags/example_sla_dag.py for tasks to queue
[2024-01-05T14:06:45.359+0000] {logging_mixin.py:137} INFO - [2024-01-05T14:06:45.359+0000] {dagbag.py:538} INFO - Filling up the DagBag from /home/airflow/.local/lib/python3.7/site-packages/airflow/example_dags/example_sla_dag.py
[2024-01-05T14:06:45.376+0000] {processor.py:753} INFO - DAG(s) dict_keys(['example_sla_dag']) retrieved from /home/airflow/.local/lib/python3.7/site-packages/airflow/example_dags/example_sla_dag.py
[2024-01-05T14:06:45.397+0000] {logging_mixin.py:137} INFO - [2024-01-05T14:06:45.397+0000] {dag.py:2690} INFO - Sync 1 DAGs
[2024-01-05T14:06:45.414+0000] {logging_mixin.py:137} INFO - [2024-01-05T14:06:45.414+0000] {dag.py:3441} INFO - Setting next_dagrun for example_sla_dag to 2024-01-05T14:04:00+00:00, run_after=2024-01-05T14:06:00+00:00
[2024-01-05T14:06:45.425+0000] {processor.py:175} INFO - Processing /home/airflow/.local/lib/python3.7/site-packages/airflow/example_dags/example_sla_dag.py took 0.071 seconds
[2024-01-05T14:07:16.087+0000] {processor.py:153} INFO - Started process (PID=5853) to work on /home/airflow/.local/lib/python3.7/site-packages/airflow/example_dags/example_sla_dag.py
[2024-01-05T14:07:16.088+0000] {processor.py:743} INFO - Processing file /home/airflow/.local/lib/python3.7/site-packages/airflow/example_dags/example_sla_dag.py for tasks to queue
[2024-01-05T14:07:16.089+0000] {logging_mixin.py:137} INFO - [2024-01-05T14:07:16.089+0000] {dagbag.py:538} INFO - Filling up the DagBag from /home/airflow/.local/lib/python3.7/site-packages/airflow/example_dags/example_sla_dag.py
[2024-01-05T14:07:16.104+0000] {processor.py:753} INFO - DAG(s) dict_keys(['example_sla_dag']) retrieved from /home/airflow/.local/lib/python3.7/site-packages/airflow/example_dags/example_sla_dag.py
[2024-01-05T14:07:16.125+0000] {logging_mixin.py:137} INFO - [2024-01-05T14:07:16.125+0000] {dag.py:2690} INFO - Sync 1 DAGs
[2024-01-05T14:07:16.143+0000] {logging_mixin.py:137} INFO - [2024-01-05T14:07:16.143+0000] {dag.py:3441} INFO - Setting next_dagrun for example_sla_dag to 2024-01-05T14:04:00+00:00, run_after=2024-01-05T14:06:00+00:00
[2024-01-05T14:07:16.155+0000] {processor.py:175} INFO - Processing /home/airflow/.local/lib/python3.7/site-packages/airflow/example_dags/example_sla_dag.py took 0.071 seconds
[2024-01-05T14:07:46.810+0000] {processor.py:153} INFO - Started process (PID=5928) to work on /home/airflow/.local/lib/python3.7/site-packages/airflow/example_dags/example_sla_dag.py
[2024-01-05T14:07:46.811+0000] {processor.py:743} INFO - Processing file /home/airflow/.local/lib/python3.7/site-packages/airflow/example_dags/example_sla_dag.py for tasks to queue
[2024-01-05T14:07:46.812+0000] {logging_mixin.py:137} INFO - [2024-01-05T14:07:46.812+0000] {dagbag.py:538} INFO - Filling up the DagBag from /home/airflow/.local/lib/python3.7/site-packages/airflow/example_dags/example_sla_dag.py
[2024-01-05T14:07:46.832+0000] {processor.py:753} INFO - DAG(s) dict_keys(['example_sla_dag']) retrieved from /home/airflow/.local/lib/python3.7/site-packages/airflow/example_dags/example_sla_dag.py
[2024-01-05T14:07:46.852+0000] {logging_mixin.py:137} INFO - [2024-01-05T14:07:46.852+0000] {dag.py:2690} INFO - Sync 1 DAGs
[2024-01-05T14:07:46.870+0000] {logging_mixin.py:137} INFO - [2024-01-05T14:07:46.870+0000] {dag.py:3441} INFO - Setting next_dagrun for example_sla_dag to 2024-01-05T14:04:00+00:00, run_after=2024-01-05T14:06:00+00:00
[2024-01-05T14:07:46.880+0000] {processor.py:175} INFO - Processing /home/airflow/.local/lib/python3.7/site-packages/airflow/example_dags/example_sla_dag.py took 0.073 seconds
[2024-01-05T14:08:17.580+0000] {processor.py:153} INFO - Started process (PID=5991) to work on /home/airflow/.local/lib/python3.7/site-packages/airflow/example_dags/example_sla_dag.py
[2024-01-05T14:08:17.581+0000] {processor.py:743} INFO - Processing file /home/airflow/.local/lib/python3.7/site-packages/airflow/example_dags/example_sla_dag.py for tasks to queue
[2024-01-05T14:08:17.582+0000] {logging_mixin.py:137} INFO - [2024-01-05T14:08:17.582+0000] {dagbag.py:538} INFO - Filling up the DagBag from /home/airflow/.local/lib/python3.7/site-packages/airflow/example_dags/example_sla_dag.py
[2024-01-05T14:08:17.599+0000] {processor.py:753} INFO - DAG(s) dict_keys(['example_sla_dag']) retrieved from /home/airflow/.local/lib/python3.7/site-packages/airflow/example_dags/example_sla_dag.py
[2024-01-05T14:08:17.621+0000] {logging_mixin.py:137} INFO - [2024-01-05T14:08:17.621+0000] {dag.py:2690} INFO - Sync 1 DAGs
[2024-01-05T14:08:17.639+0000] {logging_mixin.py:137} INFO - [2024-01-05T14:08:17.639+0000] {dag.py:3441} INFO - Setting next_dagrun for example_sla_dag to 2024-01-05T14:06:00+00:00, run_after=2024-01-05T14:08:00+00:00
[2024-01-05T14:08:17.650+0000] {processor.py:175} INFO - Processing /home/airflow/.local/lib/python3.7/site-packages/airflow/example_dags/example_sla_dag.py took 0.072 seconds
[2024-01-05T14:08:47.789+0000] {processor.py:153} INFO - Started process (PID=6066) to work on /home/airflow/.local/lib/python3.7/site-packages/airflow/example_dags/example_sla_dag.py
[2024-01-05T14:08:47.790+0000] {processor.py:743} INFO - Processing file /home/airflow/.local/lib/python3.7/site-packages/airflow/example_dags/example_sla_dag.py for tasks to queue
[2024-01-05T14:08:47.791+0000] {logging_mixin.py:137} INFO - [2024-01-05T14:08:47.791+0000] {dagbag.py:538} INFO - Filling up the DagBag from /home/airflow/.local/lib/python3.7/site-packages/airflow/example_dags/example_sla_dag.py
[2024-01-05T14:08:47.807+0000] {processor.py:753} INFO - DAG(s) dict_keys(['example_sla_dag']) retrieved from /home/airflow/.local/lib/python3.7/site-packages/airflow/example_dags/example_sla_dag.py
[2024-01-05T14:08:47.834+0000] {logging_mixin.py:137} INFO - [2024-01-05T14:08:47.834+0000] {dag.py:2690} INFO - Sync 1 DAGs
[2024-01-05T14:08:47.857+0000] {logging_mixin.py:137} INFO - [2024-01-05T14:08:47.857+0000] {dag.py:3441} INFO - Setting next_dagrun for example_sla_dag to 2024-01-05T14:06:00+00:00, run_after=2024-01-05T14:08:00+00:00
[2024-01-05T14:08:47.870+0000] {processor.py:175} INFO - Processing /home/airflow/.local/lib/python3.7/site-packages/airflow/example_dags/example_sla_dag.py took 0.084 seconds
[2024-01-05T14:09:18.214+0000] {processor.py:153} INFO - Started process (PID=6139) to work on /home/airflow/.local/lib/python3.7/site-packages/airflow/example_dags/example_sla_dag.py
[2024-01-05T14:09:18.215+0000] {processor.py:743} INFO - Processing file /home/airflow/.local/lib/python3.7/site-packages/airflow/example_dags/example_sla_dag.py for tasks to queue
[2024-01-05T14:09:18.216+0000] {logging_mixin.py:137} INFO - [2024-01-05T14:09:18.216+0000] {dagbag.py:538} INFO - Filling up the DagBag from /home/airflow/.local/lib/python3.7/site-packages/airflow/example_dags/example_sla_dag.py
[2024-01-05T14:09:18.233+0000] {processor.py:753} INFO - DAG(s) dict_keys(['example_sla_dag']) retrieved from /home/airflow/.local/lib/python3.7/site-packages/airflow/example_dags/example_sla_dag.py
[2024-01-05T14:09:18.254+0000] {logging_mixin.py:137} INFO - [2024-01-05T14:09:18.253+0000] {dag.py:2690} INFO - Sync 1 DAGs
[2024-01-05T14:09:18.280+0000] {logging_mixin.py:137} INFO - [2024-01-05T14:09:18.280+0000] {dag.py:3441} INFO - Setting next_dagrun for example_sla_dag to 2024-01-05T14:06:00+00:00, run_after=2024-01-05T14:08:00+00:00
[2024-01-05T14:09:18.299+0000] {processor.py:175} INFO - Processing /home/airflow/.local/lib/python3.7/site-packages/airflow/example_dags/example_sla_dag.py took 0.088 seconds
[2024-01-05T14:09:48.611+0000] {processor.py:153} INFO - Started process (PID=6205) to work on /home/airflow/.local/lib/python3.7/site-packages/airflow/example_dags/example_sla_dag.py
[2024-01-05T14:09:48.612+0000] {processor.py:743} INFO - Processing file /home/airflow/.local/lib/python3.7/site-packages/airflow/example_dags/example_sla_dag.py for tasks to queue
[2024-01-05T14:09:48.613+0000] {logging_mixin.py:137} INFO - [2024-01-05T14:09:48.613+0000] {dagbag.py:538} INFO - Filling up the DagBag from /home/airflow/.local/lib/python3.7/site-packages/airflow/example_dags/example_sla_dag.py
[2024-01-05T14:09:48.630+0000] {processor.py:753} INFO - DAG(s) dict_keys(['example_sla_dag']) retrieved from /home/airflow/.local/lib/python3.7/site-packages/airflow/example_dags/example_sla_dag.py
[2024-01-05T14:09:48.650+0000] {logging_mixin.py:137} INFO - [2024-01-05T14:09:48.650+0000] {dag.py:2690} INFO - Sync 1 DAGs
[2024-01-05T14:09:48.677+0000] {logging_mixin.py:137} INFO - [2024-01-05T14:09:48.677+0000] {dag.py:3441} INFO - Setting next_dagrun for example_sla_dag to 2024-01-05T14:06:00+00:00, run_after=2024-01-05T14:08:00+00:00
[2024-01-05T14:09:48.717+0000] {processor.py:175} INFO - Processing /home/airflow/.local/lib/python3.7/site-packages/airflow/example_dags/example_sla_dag.py took 0.109 seconds
[2024-01-05T14:10:18.876+0000] {processor.py:153} INFO - Started process (PID=6267) to work on /home/airflow/.local/lib/python3.7/site-packages/airflow/example_dags/example_sla_dag.py
[2024-01-05T14:10:18.878+0000] {processor.py:743} INFO - Processing file /home/airflow/.local/lib/python3.7/site-packages/airflow/example_dags/example_sla_dag.py for tasks to queue
[2024-01-05T14:10:18.879+0000] {logging_mixin.py:137} INFO - [2024-01-05T14:10:18.879+0000] {dagbag.py:538} INFO - Filling up the DagBag from /home/airflow/.local/lib/python3.7/site-packages/airflow/example_dags/example_sla_dag.py
[2024-01-05T14:10:18.894+0000] {processor.py:753} INFO - DAG(s) dict_keys(['example_sla_dag']) retrieved from /home/airflow/.local/lib/python3.7/site-packages/airflow/example_dags/example_sla_dag.py
[2024-01-05T14:10:18.915+0000] {logging_mixin.py:137} INFO - [2024-01-05T14:10:18.915+0000] {dag.py:2690} INFO - Sync 1 DAGs
[2024-01-05T14:10:18.932+0000] {logging_mixin.py:137} INFO - [2024-01-05T14:10:18.932+0000] {dag.py:3441} INFO - Setting next_dagrun for example_sla_dag to 2024-01-05T14:08:00+00:00, run_after=2024-01-05T14:10:00+00:00
[2024-01-05T14:10:18.943+0000] {processor.py:175} INFO - Processing /home/airflow/.local/lib/python3.7/site-packages/airflow/example_dags/example_sla_dag.py took 0.069 seconds
[2024-01-05T14:10:49.426+0000] {processor.py:153} INFO - Started process (PID=6340) to work on /home/airflow/.local/lib/python3.7/site-packages/airflow/example_dags/example_sla_dag.py
[2024-01-05T14:10:49.429+0000] {processor.py:743} INFO - Processing file /home/airflow/.local/lib/python3.7/site-packages/airflow/example_dags/example_sla_dag.py for tasks to queue
[2024-01-05T14:10:49.430+0000] {logging_mixin.py:137} INFO - [2024-01-05T14:10:49.430+0000] {dagbag.py:538} INFO - Filling up the DagBag from /home/airflow/.local/lib/python3.7/site-packages/airflow/example_dags/example_sla_dag.py
[2024-01-05T14:10:49.446+0000] {processor.py:753} INFO - DAG(s) dict_keys(['example_sla_dag']) retrieved from /home/airflow/.local/lib/python3.7/site-packages/airflow/example_dags/example_sla_dag.py
[2024-01-05T14:10:49.466+0000] {logging_mixin.py:137} INFO - [2024-01-05T14:10:49.466+0000] {dag.py:2690} INFO - Sync 1 DAGs
[2024-01-05T14:10:49.483+0000] {logging_mixin.py:137} INFO - [2024-01-05T14:10:49.483+0000] {dag.py:3441} INFO - Setting next_dagrun for example_sla_dag to 2024-01-05T14:08:00+00:00, run_after=2024-01-05T14:10:00+00:00
[2024-01-05T14:10:49.494+0000] {processor.py:175} INFO - Processing /home/airflow/.local/lib/python3.7/site-packages/airflow/example_dags/example_sla_dag.py took 0.071 seconds
[2024-01-05T14:11:21.334+0000] {processor.py:153} INFO - Started process (PID=6412) to work on /home/airflow/.local/lib/python3.7/site-packages/airflow/example_dags/example_sla_dag.py
[2024-01-05T14:11:21.338+0000] {processor.py:743} INFO - Processing file /home/airflow/.local/lib/python3.7/site-packages/airflow/example_dags/example_sla_dag.py for tasks to queue
[2024-01-05T14:11:21.348+0000] {logging_mixin.py:137} INFO - [2024-01-05T14:11:21.348+0000] {dagbag.py:538} INFO - Filling up the DagBag from /home/airflow/.local/lib/python3.7/site-packages/airflow/example_dags/example_sla_dag.py
[2024-01-05T14:11:21.482+0000] {processor.py:753} INFO - DAG(s) dict_keys(['example_sla_dag']) retrieved from /home/airflow/.local/lib/python3.7/site-packages/airflow/example_dags/example_sla_dag.py
[2024-01-05T14:11:21.603+0000] {logging_mixin.py:137} INFO - [2024-01-05T14:11:21.603+0000] {dag.py:2690} INFO - Sync 1 DAGs
[2024-01-05T14:11:21.692+0000] {logging_mixin.py:137} INFO - [2024-01-05T14:11:21.692+0000] {dag.py:3441} INFO - Setting next_dagrun for example_sla_dag to 2024-01-05T14:08:00+00:00, run_after=2024-01-05T14:10:00+00:00
[2024-01-05T14:11:21.745+0000] {processor.py:175} INFO - Processing /home/airflow/.local/lib/python3.7/site-packages/airflow/example_dags/example_sla_dag.py took 0.415 seconds
[2024-01-05T14:11:52.645+0000] {processor.py:153} INFO - Started process (PID=6477) to work on /home/airflow/.local/lib/python3.7/site-packages/airflow/example_dags/example_sla_dag.py
[2024-01-05T14:11:52.647+0000] {processor.py:743} INFO - Processing file /home/airflow/.local/lib/python3.7/site-packages/airflow/example_dags/example_sla_dag.py for tasks to queue
[2024-01-05T14:11:52.649+0000] {logging_mixin.py:137} INFO - [2024-01-05T14:11:52.649+0000] {dagbag.py:538} INFO - Filling up the DagBag from /home/airflow/.local/lib/python3.7/site-packages/airflow/example_dags/example_sla_dag.py
[2024-01-05T14:11:52.685+0000] {processor.py:753} INFO - DAG(s) dict_keys(['example_sla_dag']) retrieved from /home/airflow/.local/lib/python3.7/site-packages/airflow/example_dags/example_sla_dag.py
[2024-01-05T14:11:52.709+0000] {logging_mixin.py:137} INFO - [2024-01-05T14:11:52.709+0000] {dag.py:2690} INFO - Sync 1 DAGs
[2024-01-05T14:11:52.727+0000] {logging_mixin.py:137} INFO - [2024-01-05T14:11:52.727+0000] {dag.py:3441} INFO - Setting next_dagrun for example_sla_dag to 2024-01-05T14:08:00+00:00, run_after=2024-01-05T14:10:00+00:00
[2024-01-05T14:11:52.741+0000] {processor.py:175} INFO - Processing /home/airflow/.local/lib/python3.7/site-packages/airflow/example_dags/example_sla_dag.py took 0.103 seconds
[2024-01-05T14:12:23.676+0000] {processor.py:153} INFO - Started process (PID=6553) to work on /home/airflow/.local/lib/python3.7/site-packages/airflow/example_dags/example_sla_dag.py
[2024-01-05T14:12:23.678+0000] {processor.py:743} INFO - Processing file /home/airflow/.local/lib/python3.7/site-packages/airflow/example_dags/example_sla_dag.py for tasks to queue
[2024-01-05T14:12:23.679+0000] {logging_mixin.py:137} INFO - [2024-01-05T14:12:23.679+0000] {dagbag.py:538} INFO - Filling up the DagBag from /home/airflow/.local/lib/python3.7/site-packages/airflow/example_dags/example_sla_dag.py
[2024-01-05T14:12:23.702+0000] {processor.py:753} INFO - DAG(s) dict_keys(['example_sla_dag']) retrieved from /home/airflow/.local/lib/python3.7/site-packages/airflow/example_dags/example_sla_dag.py
[2024-01-05T14:12:23.726+0000] {logging_mixin.py:137} INFO - [2024-01-05T14:12:23.726+0000] {dag.py:2690} INFO - Sync 1 DAGs
[2024-01-05T14:12:23.749+0000] {logging_mixin.py:137} INFO - [2024-01-05T14:12:23.748+0000] {dag.py:3441} INFO - Setting next_dagrun for example_sla_dag to 2024-01-05T14:10:00+00:00, run_after=2024-01-05T14:12:00+00:00
[2024-01-05T14:12:23.762+0000] {processor.py:175} INFO - Processing /home/airflow/.local/lib/python3.7/site-packages/airflow/example_dags/example_sla_dag.py took 0.092 seconds
[2024-01-05T14:12:54.207+0000] {processor.py:153} INFO - Started process (PID=6616) to work on /home/airflow/.local/lib/python3.7/site-packages/airflow/example_dags/example_sla_dag.py
[2024-01-05T14:12:54.209+0000] {processor.py:743} INFO - Processing file /home/airflow/.local/lib/python3.7/site-packages/airflow/example_dags/example_sla_dag.py for tasks to queue
[2024-01-05T14:12:54.211+0000] {logging_mixin.py:137} INFO - [2024-01-05T14:12:54.211+0000] {dagbag.py:538} INFO - Filling up the DagBag from /home/airflow/.local/lib/python3.7/site-packages/airflow/example_dags/example_sla_dag.py
[2024-01-05T14:12:54.235+0000] {processor.py:753} INFO - DAG(s) dict_keys(['example_sla_dag']) retrieved from /home/airflow/.local/lib/python3.7/site-packages/airflow/example_dags/example_sla_dag.py
[2024-01-05T14:12:54.264+0000] {logging_mixin.py:137} INFO - [2024-01-05T14:12:54.264+0000] {dag.py:2690} INFO - Sync 1 DAGs
[2024-01-05T14:12:54.284+0000] {logging_mixin.py:137} INFO - [2024-01-05T14:12:54.283+0000] {dag.py:3441} INFO - Setting next_dagrun for example_sla_dag to 2024-01-05T14:10:00+00:00, run_after=2024-01-05T14:12:00+00:00
[2024-01-05T14:12:54.299+0000] {processor.py:175} INFO - Processing /home/airflow/.local/lib/python3.7/site-packages/airflow/example_dags/example_sla_dag.py took 0.097 seconds
[2024-01-05T14:13:24.962+0000] {processor.py:153} INFO - Started process (PID=6690) to work on /home/airflow/.local/lib/python3.7/site-packages/airflow/example_dags/example_sla_dag.py
[2024-01-05T14:13:24.964+0000] {processor.py:743} INFO - Processing file /home/airflow/.local/lib/python3.7/site-packages/airflow/example_dags/example_sla_dag.py for tasks to queue
[2024-01-05T14:13:24.966+0000] {logging_mixin.py:137} INFO - [2024-01-05T14:13:24.966+0000] {dagbag.py:538} INFO - Filling up the DagBag from /home/airflow/.local/lib/python3.7/site-packages/airflow/example_dags/example_sla_dag.py
[2024-01-05T14:13:24.992+0000] {processor.py:753} INFO - DAG(s) dict_keys(['example_sla_dag']) retrieved from /home/airflow/.local/lib/python3.7/site-packages/airflow/example_dags/example_sla_dag.py
[2024-01-05T14:13:25.015+0000] {logging_mixin.py:137} INFO - [2024-01-05T14:13:25.015+0000] {dag.py:2690} INFO - Sync 1 DAGs
[2024-01-05T14:13:25.040+0000] {logging_mixin.py:137} INFO - [2024-01-05T14:13:25.039+0000] {dag.py:3441} INFO - Setting next_dagrun for example_sla_dag to 2024-01-05T14:10:00+00:00, run_after=2024-01-05T14:12:00+00:00
[2024-01-05T14:13:25.055+0000] {processor.py:175} INFO - Processing /home/airflow/.local/lib/python3.7/site-packages/airflow/example_dags/example_sla_dag.py took 0.100 seconds
[2024-01-05T14:13:55.708+0000] {processor.py:153} INFO - Started process (PID=6763) to work on /home/airflow/.local/lib/python3.7/site-packages/airflow/example_dags/example_sla_dag.py
[2024-01-05T14:13:55.710+0000] {processor.py:743} INFO - Processing file /home/airflow/.local/lib/python3.7/site-packages/airflow/example_dags/example_sla_dag.py for tasks to queue
[2024-01-05T14:13:55.712+0000] {logging_mixin.py:137} INFO - [2024-01-05T14:13:55.711+0000] {dagbag.py:538} INFO - Filling up the DagBag from /home/airflow/.local/lib/python3.7/site-packages/airflow/example_dags/example_sla_dag.py
[2024-01-05T14:13:55.761+0000] {processor.py:753} INFO - DAG(s) dict_keys(['example_sla_dag']) retrieved from /home/airflow/.local/lib/python3.7/site-packages/airflow/example_dags/example_sla_dag.py
[2024-01-05T14:13:55.890+0000] {logging_mixin.py:137} INFO - [2024-01-05T14:13:55.889+0000] {dag.py:2690} INFO - Sync 1 DAGs
[2024-01-05T14:13:55.958+0000] {logging_mixin.py:137} INFO - [2024-01-05T14:13:55.958+0000] {dag.py:3441} INFO - Setting next_dagrun for example_sla_dag to 2024-01-05T14:10:00+00:00, run_after=2024-01-05T14:12:00+00:00
[2024-01-05T14:13:56.010+0000] {processor.py:175} INFO - Processing /home/airflow/.local/lib/python3.7/site-packages/airflow/example_dags/example_sla_dag.py took 0.307 seconds
[2024-01-05T14:14:26.951+0000] {processor.py:153} INFO - Started process (PID=6829) to work on /home/airflow/.local/lib/python3.7/site-packages/airflow/example_dags/example_sla_dag.py
[2024-01-05T14:14:26.953+0000] {processor.py:743} INFO - Processing file /home/airflow/.local/lib/python3.7/site-packages/airflow/example_dags/example_sla_dag.py for tasks to queue
[2024-01-05T14:14:26.955+0000] {logging_mixin.py:137} INFO - [2024-01-05T14:14:26.955+0000] {dagbag.py:538} INFO - Filling up the DagBag from /home/airflow/.local/lib/python3.7/site-packages/airflow/example_dags/example_sla_dag.py
[2024-01-05T14:14:26.984+0000] {processor.py:753} INFO - DAG(s) dict_keys(['example_sla_dag']) retrieved from /home/airflow/.local/lib/python3.7/site-packages/airflow/example_dags/example_sla_dag.py
[2024-01-05T14:14:27.010+0000] {logging_mixin.py:137} INFO - [2024-01-05T14:14:27.010+0000] {dag.py:2690} INFO - Sync 1 DAGs
[2024-01-05T14:14:27.046+0000] {logging_mixin.py:137} INFO - [2024-01-05T14:14:27.046+0000] {dag.py:3441} INFO - Setting next_dagrun for example_sla_dag to 2024-01-05T14:12:00+00:00, run_after=2024-01-05T14:14:00+00:00
[2024-01-05T14:14:27.063+0000] {processor.py:175} INFO - Processing /home/airflow/.local/lib/python3.7/site-packages/airflow/example_dags/example_sla_dag.py took 0.118 seconds
[2024-01-05T14:14:57.896+0000] {processor.py:153} INFO - Started process (PID=6904) to work on /home/airflow/.local/lib/python3.7/site-packages/airflow/example_dags/example_sla_dag.py
[2024-01-05T14:14:57.902+0000] {processor.py:743} INFO - Processing file /home/airflow/.local/lib/python3.7/site-packages/airflow/example_dags/example_sla_dag.py for tasks to queue
[2024-01-05T14:14:57.904+0000] {logging_mixin.py:137} INFO - [2024-01-05T14:14:57.904+0000] {dagbag.py:538} INFO - Filling up the DagBag from /home/airflow/.local/lib/python3.7/site-packages/airflow/example_dags/example_sla_dag.py
[2024-01-05T14:14:57.941+0000] {processor.py:753} INFO - DAG(s) dict_keys(['example_sla_dag']) retrieved from /home/airflow/.local/lib/python3.7/site-packages/airflow/example_dags/example_sla_dag.py
[2024-01-05T14:14:57.985+0000] {logging_mixin.py:137} INFO - [2024-01-05T14:14:57.985+0000] {dag.py:2690} INFO - Sync 1 DAGs
[2024-01-05T14:14:58.025+0000] {logging_mixin.py:137} INFO - [2024-01-05T14:14:58.025+0000] {dag.py:3441} INFO - Setting next_dagrun for example_sla_dag to 2024-01-05T14:12:00+00:00, run_after=2024-01-05T14:14:00+00:00
[2024-01-05T14:14:58.045+0000] {processor.py:175} INFO - Processing /home/airflow/.local/lib/python3.7/site-packages/airflow/example_dags/example_sla_dag.py took 0.184 seconds
[2024-01-05T14:15:28.894+0000] {processor.py:153} INFO - Started process (PID=6967) to work on /home/airflow/.local/lib/python3.7/site-packages/airflow/example_dags/example_sla_dag.py
[2024-01-05T14:15:28.896+0000] {processor.py:743} INFO - Processing file /home/airflow/.local/lib/python3.7/site-packages/airflow/example_dags/example_sla_dag.py for tasks to queue
[2024-01-05T14:15:28.898+0000] {logging_mixin.py:137} INFO - [2024-01-05T14:15:28.898+0000] {dagbag.py:538} INFO - Filling up the DagBag from /home/airflow/.local/lib/python3.7/site-packages/airflow/example_dags/example_sla_dag.py
[2024-01-05T14:15:28.929+0000] {processor.py:753} INFO - DAG(s) dict_keys(['example_sla_dag']) retrieved from /home/airflow/.local/lib/python3.7/site-packages/airflow/example_dags/example_sla_dag.py
[2024-01-05T14:15:28.964+0000] {logging_mixin.py:137} INFO - [2024-01-05T14:15:28.964+0000] {dag.py:2690} INFO - Sync 1 DAGs
[2024-01-05T14:15:28.994+0000] {logging_mixin.py:137} INFO - [2024-01-05T14:15:28.994+0000] {dag.py:3441} INFO - Setting next_dagrun for example_sla_dag to 2024-01-05T14:12:00+00:00, run_after=2024-01-05T14:14:00+00:00
[2024-01-05T14:15:29.245+0000] {processor.py:175} INFO - Processing /home/airflow/.local/lib/python3.7/site-packages/airflow/example_dags/example_sla_dag.py took 0.356 seconds
[2024-01-05T14:15:59.382+0000] {processor.py:153} INFO - Started process (PID=7042) to work on /home/airflow/.local/lib/python3.7/site-packages/airflow/example_dags/example_sla_dag.py
[2024-01-05T14:15:59.383+0000] {processor.py:743} INFO - Processing file /home/airflow/.local/lib/python3.7/site-packages/airflow/example_dags/example_sla_dag.py for tasks to queue
[2024-01-05T14:15:59.384+0000] {logging_mixin.py:137} INFO - [2024-01-05T14:15:59.384+0000] {dagbag.py:538} INFO - Filling up the DagBag from /home/airflow/.local/lib/python3.7/site-packages/airflow/example_dags/example_sla_dag.py
[2024-01-05T14:15:59.410+0000] {processor.py:753} INFO - DAG(s) dict_keys(['example_sla_dag']) retrieved from /home/airflow/.local/lib/python3.7/site-packages/airflow/example_dags/example_sla_dag.py
[2024-01-05T14:15:59.439+0000] {logging_mixin.py:137} INFO - [2024-01-05T14:15:59.439+0000] {dag.py:2690} INFO - Sync 1 DAGs
[2024-01-05T14:15:59.463+0000] {logging_mixin.py:137} INFO - [2024-01-05T14:15:59.463+0000] {dag.py:3441} INFO - Setting next_dagrun for example_sla_dag to 2024-01-05T14:12:00+00:00, run_after=2024-01-05T14:14:00+00:00
[2024-01-05T14:15:59.480+0000] {processor.py:175} INFO - Processing /home/airflow/.local/lib/python3.7/site-packages/airflow/example_dags/example_sla_dag.py took 0.101 seconds
[2024-01-05T14:16:30.130+0000] {processor.py:153} INFO - Started process (PID=7105) to work on /home/airflow/.local/lib/python3.7/site-packages/airflow/example_dags/example_sla_dag.py
[2024-01-05T14:16:30.133+0000] {processor.py:743} INFO - Processing file /home/airflow/.local/lib/python3.7/site-packages/airflow/example_dags/example_sla_dag.py for tasks to queue
[2024-01-05T14:16:30.135+0000] {logging_mixin.py:137} INFO - [2024-01-05T14:16:30.134+0000] {dagbag.py:538} INFO - Filling up the DagBag from /home/airflow/.local/lib/python3.7/site-packages/airflow/example_dags/example_sla_dag.py
[2024-01-05T14:16:30.183+0000] {processor.py:753} INFO - DAG(s) dict_keys(['example_sla_dag']) retrieved from /home/airflow/.local/lib/python3.7/site-packages/airflow/example_dags/example_sla_dag.py
[2024-01-05T14:16:30.231+0000] {logging_mixin.py:137} INFO - [2024-01-05T14:16:30.231+0000] {dag.py:2690} INFO - Sync 1 DAGs
[2024-01-05T14:16:30.274+0000] {logging_mixin.py:137} INFO - [2024-01-05T14:16:30.273+0000] {dag.py:3441} INFO - Setting next_dagrun for example_sla_dag to 2024-01-05T14:14:00+00:00, run_after=2024-01-05T14:16:00+00:00
[2024-01-05T14:16:30.290+0000] {processor.py:175} INFO - Processing /home/airflow/.local/lib/python3.7/site-packages/airflow/example_dags/example_sla_dag.py took 0.175 seconds
[2024-01-05T14:17:00.516+0000] {processor.py:153} INFO - Started process (PID=7180) to work on /home/airflow/.local/lib/python3.7/site-packages/airflow/example_dags/example_sla_dag.py
[2024-01-05T14:17:00.525+0000] {processor.py:743} INFO - Processing file /home/airflow/.local/lib/python3.7/site-packages/airflow/example_dags/example_sla_dag.py for tasks to queue
[2024-01-05T14:17:00.530+0000] {logging_mixin.py:137} INFO - [2024-01-05T14:17:00.530+0000] {dagbag.py:538} INFO - Filling up the DagBag from /home/airflow/.local/lib/python3.7/site-packages/airflow/example_dags/example_sla_dag.py
[2024-01-05T14:17:00.585+0000] {processor.py:753} INFO - DAG(s) dict_keys(['example_sla_dag']) retrieved from /home/airflow/.local/lib/python3.7/site-packages/airflow/example_dags/example_sla_dag.py
[2024-01-05T14:17:00.612+0000] {logging_mixin.py:137} INFO - [2024-01-05T14:17:00.612+0000] {dag.py:2690} INFO - Sync 1 DAGs
[2024-01-05T14:17:00.654+0000] {logging_mixin.py:137} INFO - [2024-01-05T14:17:00.654+0000] {dag.py:3441} INFO - Setting next_dagrun for example_sla_dag to 2024-01-05T14:14:00+00:00, run_after=2024-01-05T14:16:00+00:00
[2024-01-05T14:17:00.668+0000] {processor.py:175} INFO - Processing /home/airflow/.local/lib/python3.7/site-packages/airflow/example_dags/example_sla_dag.py took 0.171 seconds
[2024-01-05T14:17:31.637+0000] {processor.py:153} INFO - Started process (PID=7243) to work on /home/airflow/.local/lib/python3.7/site-packages/airflow/example_dags/example_sla_dag.py
[2024-01-05T14:17:31.640+0000] {processor.py:743} INFO - Processing file /home/airflow/.local/lib/python3.7/site-packages/airflow/example_dags/example_sla_dag.py for tasks to queue
[2024-01-05T14:17:31.643+0000] {logging_mixin.py:137} INFO - [2024-01-05T14:17:31.643+0000] {dagbag.py:538} INFO - Filling up the DagBag from /home/airflow/.local/lib/python3.7/site-packages/airflow/example_dags/example_sla_dag.py
[2024-01-05T14:17:31.699+0000] {processor.py:753} INFO - DAG(s) dict_keys(['example_sla_dag']) retrieved from /home/airflow/.local/lib/python3.7/site-packages/airflow/example_dags/example_sla_dag.py
[2024-01-05T14:17:31.752+0000] {logging_mixin.py:137} INFO - [2024-01-05T14:17:31.752+0000] {dag.py:2690} INFO - Sync 1 DAGs
[2024-01-05T14:17:31.783+0000] {logging_mixin.py:137} INFO - [2024-01-05T14:17:31.783+0000] {dag.py:3441} INFO - Setting next_dagrun for example_sla_dag to 2024-01-05T14:14:00+00:00, run_after=2024-01-05T14:16:00+00:00
[2024-01-05T14:17:31.799+0000] {processor.py:175} INFO - Processing /home/airflow/.local/lib/python3.7/site-packages/airflow/example_dags/example_sla_dag.py took 0.166 seconds
[2024-01-05T14:18:02.007+0000] {processor.py:153} INFO - Started process (PID=7318) to work on /home/airflow/.local/lib/python3.7/site-packages/airflow/example_dags/example_sla_dag.py
[2024-01-05T14:18:02.009+0000] {processor.py:743} INFO - Processing file /home/airflow/.local/lib/python3.7/site-packages/airflow/example_dags/example_sla_dag.py for tasks to queue
[2024-01-05T14:18:02.011+0000] {logging_mixin.py:137} INFO - [2024-01-05T14:18:02.011+0000] {dagbag.py:538} INFO - Filling up the DagBag from /home/airflow/.local/lib/python3.7/site-packages/airflow/example_dags/example_sla_dag.py
[2024-01-05T14:18:02.053+0000] {processor.py:753} INFO - DAG(s) dict_keys(['example_sla_dag']) retrieved from /home/airflow/.local/lib/python3.7/site-packages/airflow/example_dags/example_sla_dag.py
[2024-01-05T14:18:02.095+0000] {logging_mixin.py:137} INFO - [2024-01-05T14:18:02.095+0000] {dag.py:2690} INFO - Sync 1 DAGs
[2024-01-05T14:18:02.126+0000] {logging_mixin.py:137} INFO - [2024-01-05T14:18:02.126+0000] {dag.py:3441} INFO - Setting next_dagrun for example_sla_dag to 2024-01-05T14:16:00+00:00, run_after=2024-01-05T14:18:00+00:00
[2024-01-05T14:18:02.141+0000] {processor.py:175} INFO - Processing /home/airflow/.local/lib/python3.7/site-packages/airflow/example_dags/example_sla_dag.py took 0.147 seconds
[2024-01-05T14:18:33.090+0000] {processor.py:153} INFO - Started process (PID=7380) to work on /home/airflow/.local/lib/python3.7/site-packages/airflow/example_dags/example_sla_dag.py
[2024-01-05T14:18:33.097+0000] {processor.py:743} INFO - Processing file /home/airflow/.local/lib/python3.7/site-packages/airflow/example_dags/example_sla_dag.py for tasks to queue
[2024-01-05T14:18:33.101+0000] {logging_mixin.py:137} INFO - [2024-01-05T14:18:33.101+0000] {dagbag.py:538} INFO - Filling up the DagBag from /home/airflow/.local/lib/python3.7/site-packages/airflow/example_dags/example_sla_dag.py
[2024-01-05T14:18:33.130+0000] {processor.py:753} INFO - DAG(s) dict_keys(['example_sla_dag']) retrieved from /home/airflow/.local/lib/python3.7/site-packages/airflow/example_dags/example_sla_dag.py
[2024-01-05T14:18:33.152+0000] {logging_mixin.py:137} INFO - [2024-01-05T14:18:33.152+0000] {dag.py:2690} INFO - Sync 1 DAGs
[2024-01-05T14:18:33.175+0000] {logging_mixin.py:137} INFO - [2024-01-05T14:18:33.175+0000] {dag.py:3441} INFO - Setting next_dagrun for example_sla_dag to 2024-01-05T14:16:00+00:00, run_after=2024-01-05T14:18:00+00:00
[2024-01-05T14:18:33.192+0000] {processor.py:175} INFO - Processing /home/airflow/.local/lib/python3.7/site-packages/airflow/example_dags/example_sla_dag.py took 0.113 seconds
[2024-01-05T14:19:03.594+0000] {processor.py:153} INFO - Started process (PID=7455) to work on /home/airflow/.local/lib/python3.7/site-packages/airflow/example_dags/example_sla_dag.py
[2024-01-05T14:19:03.596+0000] {processor.py:743} INFO - Processing file /home/airflow/.local/lib/python3.7/site-packages/airflow/example_dags/example_sla_dag.py for tasks to queue
[2024-01-05T14:19:03.597+0000] {logging_mixin.py:137} INFO - [2024-01-05T14:19:03.597+0000] {dagbag.py:538} INFO - Filling up the DagBag from /home/airflow/.local/lib/python3.7/site-packages/airflow/example_dags/example_sla_dag.py
[2024-01-05T14:19:03.648+0000] {processor.py:753} INFO - DAG(s) dict_keys(['example_sla_dag']) retrieved from /home/airflow/.local/lib/python3.7/site-packages/airflow/example_dags/example_sla_dag.py
[2024-01-05T14:19:03.688+0000] {logging_mixin.py:137} INFO - [2024-01-05T14:19:03.688+0000] {dag.py:2690} INFO - Sync 1 DAGs
[2024-01-05T14:19:03.731+0000] {logging_mixin.py:137} INFO - [2024-01-05T14:19:03.731+0000] {dag.py:3441} INFO - Setting next_dagrun for example_sla_dag to 2024-01-05T14:16:00+00:00, run_after=2024-01-05T14:18:00+00:00
[2024-01-05T14:19:03.746+0000] {processor.py:175} INFO - Processing /home/airflow/.local/lib/python3.7/site-packages/airflow/example_dags/example_sla_dag.py took 0.156 seconds
[2024-01-05T14:19:33.869+0000] {processor.py:153} INFO - Started process (PID=7530) to work on /home/airflow/.local/lib/python3.7/site-packages/airflow/example_dags/example_sla_dag.py
[2024-01-05T14:19:33.871+0000] {processor.py:743} INFO - Processing file /home/airflow/.local/lib/python3.7/site-packages/airflow/example_dags/example_sla_dag.py for tasks to queue
[2024-01-05T14:19:33.873+0000] {logging_mixin.py:137} INFO - [2024-01-05T14:19:33.873+0000] {dagbag.py:538} INFO - Filling up the DagBag from /home/airflow/.local/lib/python3.7/site-packages/airflow/example_dags/example_sla_dag.py
[2024-01-05T14:19:33.906+0000] {processor.py:753} INFO - DAG(s) dict_keys(['example_sla_dag']) retrieved from /home/airflow/.local/lib/python3.7/site-packages/airflow/example_dags/example_sla_dag.py
[2024-01-05T14:19:33.957+0000] {logging_mixin.py:137} INFO - [2024-01-05T14:19:33.957+0000] {dag.py:2690} INFO - Sync 1 DAGs
[2024-01-05T14:19:34.001+0000] {logging_mixin.py:137} INFO - [2024-01-05T14:19:34.001+0000] {dag.py:3441} INFO - Setting next_dagrun for example_sla_dag to 2024-01-05T14:16:00+00:00, run_after=2024-01-05T14:18:00+00:00
[2024-01-05T14:19:34.037+0000] {processor.py:175} INFO - Processing /home/airflow/.local/lib/python3.7/site-packages/airflow/example_dags/example_sla_dag.py took 0.183 seconds
[2024-01-05T14:20:04.945+0000] {processor.py:153} INFO - Started process (PID=7592) to work on /home/airflow/.local/lib/python3.7/site-packages/airflow/example_dags/example_sla_dag.py
[2024-01-05T14:20:04.947+0000] {processor.py:743} INFO - Processing file /home/airflow/.local/lib/python3.7/site-packages/airflow/example_dags/example_sla_dag.py for tasks to queue
[2024-01-05T14:20:04.948+0000] {logging_mixin.py:137} INFO - [2024-01-05T14:20:04.948+0000] {dagbag.py:538} INFO - Filling up the DagBag from /home/airflow/.local/lib/python3.7/site-packages/airflow/example_dags/example_sla_dag.py
[2024-01-05T14:20:04.972+0000] {processor.py:753} INFO - DAG(s) dict_keys(['example_sla_dag']) retrieved from /home/airflow/.local/lib/python3.7/site-packages/airflow/example_dags/example_sla_dag.py
[2024-01-05T14:20:05.012+0000] {logging_mixin.py:137} INFO - [2024-01-05T14:20:05.012+0000] {dag.py:2690} INFO - Sync 1 DAGs
[2024-01-05T14:20:05.037+0000] {logging_mixin.py:137} INFO - [2024-01-05T14:20:05.037+0000] {dag.py:3441} INFO - Setting next_dagrun for example_sla_dag to 2024-01-05T14:18:00+00:00, run_after=2024-01-05T14:20:00+00:00
[2024-01-05T14:20:05.052+0000] {processor.py:175} INFO - Processing /home/airflow/.local/lib/python3.7/site-packages/airflow/example_dags/example_sla_dag.py took 0.112 seconds
[2024-01-05T14:20:35.881+0000] {processor.py:153} INFO - Started process (PID=7667) to work on /home/airflow/.local/lib/python3.7/site-packages/airflow/example_dags/example_sla_dag.py
[2024-01-05T14:20:35.883+0000] {processor.py:743} INFO - Processing file /home/airflow/.local/lib/python3.7/site-packages/airflow/example_dags/example_sla_dag.py for tasks to queue
[2024-01-05T14:20:35.885+0000] {logging_mixin.py:137} INFO - [2024-01-05T14:20:35.885+0000] {dagbag.py:538} INFO - Filling up the DagBag from /home/airflow/.local/lib/python3.7/site-packages/airflow/example_dags/example_sla_dag.py
[2024-01-05T14:20:35.926+0000] {processor.py:753} INFO - DAG(s) dict_keys(['example_sla_dag']) retrieved from /home/airflow/.local/lib/python3.7/site-packages/airflow/example_dags/example_sla_dag.py
[2024-01-05T14:20:35.961+0000] {logging_mixin.py:137} INFO - [2024-01-05T14:20:35.961+0000] {dag.py:2690} INFO - Sync 1 DAGs
[2024-01-05T14:20:36.011+0000] {logging_mixin.py:137} INFO - [2024-01-05T14:20:36.010+0000] {dag.py:3441} INFO - Setting next_dagrun for example_sla_dag to 2024-01-05T14:18:00+00:00, run_after=2024-01-05T14:20:00+00:00
[2024-01-05T14:20:36.037+0000] {processor.py:175} INFO - Processing /home/airflow/.local/lib/python3.7/site-packages/airflow/example_dags/example_sla_dag.py took 0.161 seconds
[2024-01-05T14:21:06.696+0000] {processor.py:153} INFO - Started process (PID=7730) to work on /home/airflow/.local/lib/python3.7/site-packages/airflow/example_dags/example_sla_dag.py
[2024-01-05T14:21:06.697+0000] {processor.py:743} INFO - Processing file /home/airflow/.local/lib/python3.7/site-packages/airflow/example_dags/example_sla_dag.py for tasks to queue
[2024-01-05T14:21:06.699+0000] {logging_mixin.py:137} INFO - [2024-01-05T14:21:06.699+0000] {dagbag.py:538} INFO - Filling up the DagBag from /home/airflow/.local/lib/python3.7/site-packages/airflow/example_dags/example_sla_dag.py
[2024-01-05T14:21:06.736+0000] {processor.py:753} INFO - DAG(s) dict_keys(['example_sla_dag']) retrieved from /home/airflow/.local/lib/python3.7/site-packages/airflow/example_dags/example_sla_dag.py
[2024-01-05T14:21:06.767+0000] {logging_mixin.py:137} INFO - [2024-01-05T14:21:06.767+0000] {dag.py:2690} INFO - Sync 1 DAGs
[2024-01-05T14:21:06.798+0000] {logging_mixin.py:137} INFO - [2024-01-05T14:21:06.798+0000] {dag.py:3441} INFO - Setting next_dagrun for example_sla_dag to 2024-01-05T14:18:00+00:00, run_after=2024-01-05T14:20:00+00:00
[2024-01-05T14:21:06.827+0000] {processor.py:175} INFO - Processing /home/airflow/.local/lib/python3.7/site-packages/airflow/example_dags/example_sla_dag.py took 0.134 seconds
[2024-01-05T14:21:37.413+0000] {processor.py:153} INFO - Started process (PID=7806) to work on /home/airflow/.local/lib/python3.7/site-packages/airflow/example_dags/example_sla_dag.py
[2024-01-05T14:21:37.415+0000] {processor.py:743} INFO - Processing file /home/airflow/.local/lib/python3.7/site-packages/airflow/example_dags/example_sla_dag.py for tasks to queue
[2024-01-05T14:21:37.417+0000] {logging_mixin.py:137} INFO - [2024-01-05T14:21:37.417+0000] {dagbag.py:538} INFO - Filling up the DagBag from /home/airflow/.local/lib/python3.7/site-packages/airflow/example_dags/example_sla_dag.py
[2024-01-05T14:21:37.459+0000] {processor.py:753} INFO - DAG(s) dict_keys(['example_sla_dag']) retrieved from /home/airflow/.local/lib/python3.7/site-packages/airflow/example_dags/example_sla_dag.py
[2024-01-05T14:21:37.488+0000] {logging_mixin.py:137} INFO - [2024-01-05T14:21:37.487+0000] {dag.py:2690} INFO - Sync 1 DAGs
[2024-01-05T14:21:37.524+0000] {logging_mixin.py:137} INFO - [2024-01-05T14:21:37.524+0000] {dag.py:3441} INFO - Setting next_dagrun for example_sla_dag to 2024-01-05T14:18:00+00:00, run_after=2024-01-05T14:20:00+00:00
[2024-01-05T14:21:37.546+0000] {processor.py:175} INFO - Processing /home/airflow/.local/lib/python3.7/site-packages/airflow/example_dags/example_sla_dag.py took 0.137 seconds
[2024-01-05T14:22:07.713+0000] {processor.py:153} INFO - Started process (PID=7878) to work on /home/airflow/.local/lib/python3.7/site-packages/airflow/example_dags/example_sla_dag.py
[2024-01-05T14:22:07.715+0000] {processor.py:743} INFO - Processing file /home/airflow/.local/lib/python3.7/site-packages/airflow/example_dags/example_sla_dag.py for tasks to queue
[2024-01-05T14:22:07.717+0000] {logging_mixin.py:137} INFO - [2024-01-05T14:22:07.717+0000] {dagbag.py:538} INFO - Filling up the DagBag from /home/airflow/.local/lib/python3.7/site-packages/airflow/example_dags/example_sla_dag.py
[2024-01-05T14:22:07.759+0000] {processor.py:753} INFO - DAG(s) dict_keys(['example_sla_dag']) retrieved from /home/airflow/.local/lib/python3.7/site-packages/airflow/example_dags/example_sla_dag.py
[2024-01-05T14:22:07.863+0000] {logging_mixin.py:137} INFO - [2024-01-05T14:22:07.862+0000] {dag.py:2690} INFO - Sync 1 DAGs
[2024-01-05T14:22:07.922+0000] {logging_mixin.py:137} INFO - [2024-01-05T14:22:07.922+0000] {dag.py:3441} INFO - Setting next_dagrun for example_sla_dag to 2024-01-05T14:20:00+00:00, run_after=2024-01-05T14:22:00+00:00
[2024-01-05T14:22:07.946+0000] {processor.py:175} INFO - Processing /home/airflow/.local/lib/python3.7/site-packages/airflow/example_dags/example_sla_dag.py took 0.238 seconds
[2024-01-05T14:22:38.301+0000] {processor.py:153} INFO - Started process (PID=7945) to work on /home/airflow/.local/lib/python3.7/site-packages/airflow/example_dags/example_sla_dag.py
[2024-01-05T14:22:38.302+0000] {processor.py:743} INFO - Processing file /home/airflow/.local/lib/python3.7/site-packages/airflow/example_dags/example_sla_dag.py for tasks to queue
[2024-01-05T14:22:38.303+0000] {logging_mixin.py:137} INFO - [2024-01-05T14:22:38.303+0000] {dagbag.py:538} INFO - Filling up the DagBag from /home/airflow/.local/lib/python3.7/site-packages/airflow/example_dags/example_sla_dag.py
[2024-01-05T14:22:38.323+0000] {processor.py:753} INFO - DAG(s) dict_keys(['example_sla_dag']) retrieved from /home/airflow/.local/lib/python3.7/site-packages/airflow/example_dags/example_sla_dag.py
[2024-01-05T14:22:38.346+0000] {logging_mixin.py:137} INFO - [2024-01-05T14:22:38.346+0000] {dag.py:2690} INFO - Sync 1 DAGs
[2024-01-05T14:22:38.368+0000] {logging_mixin.py:137} INFO - [2024-01-05T14:22:38.368+0000] {dag.py:3441} INFO - Setting next_dagrun for example_sla_dag to 2024-01-05T14:20:00+00:00, run_after=2024-01-05T14:22:00+00:00
[2024-01-05T14:22:38.382+0000] {processor.py:175} INFO - Processing /home/airflow/.local/lib/python3.7/site-packages/airflow/example_dags/example_sla_dag.py took 0.086 seconds
[2024-01-05T14:23:09.150+0000] {processor.py:153} INFO - Started process (PID=8021) to work on /home/airflow/.local/lib/python3.7/site-packages/airflow/example_dags/example_sla_dag.py
[2024-01-05T14:23:09.159+0000] {processor.py:743} INFO - Processing file /home/airflow/.local/lib/python3.7/site-packages/airflow/example_dags/example_sla_dag.py for tasks to queue
[2024-01-05T14:23:09.160+0000] {logging_mixin.py:137} INFO - [2024-01-05T14:23:09.160+0000] {dagbag.py:538} INFO - Filling up the DagBag from /home/airflow/.local/lib/python3.7/site-packages/airflow/example_dags/example_sla_dag.py
[2024-01-05T14:23:09.295+0000] {processor.py:753} INFO - DAG(s) dict_keys(['example_sla_dag']) retrieved from /home/airflow/.local/lib/python3.7/site-packages/airflow/example_dags/example_sla_dag.py
[2024-01-05T14:23:09.332+0000] {logging_mixin.py:137} INFO - [2024-01-05T14:23:09.332+0000] {dag.py:2690} INFO - Sync 1 DAGs
[2024-01-05T14:23:09.374+0000] {logging_mixin.py:137} INFO - [2024-01-05T14:23:09.374+0000] {dag.py:3441} INFO - Setting next_dagrun for example_sla_dag to 2024-01-05T14:20:00+00:00, run_after=2024-01-05T14:22:00+00:00
[2024-01-05T14:23:09.403+0000] {processor.py:175} INFO - Processing /home/airflow/.local/lib/python3.7/site-packages/airflow/example_dags/example_sla_dag.py took 0.259 seconds
[2024-01-05T14:23:39.532+0000] {processor.py:153} INFO - Started process (PID=8083) to work on /home/airflow/.local/lib/python3.7/site-packages/airflow/example_dags/example_sla_dag.py
[2024-01-05T14:23:39.535+0000] {processor.py:743} INFO - Processing file /home/airflow/.local/lib/python3.7/site-packages/airflow/example_dags/example_sla_dag.py for tasks to queue
[2024-01-05T14:23:39.536+0000] {logging_mixin.py:137} INFO - [2024-01-05T14:23:39.536+0000] {dagbag.py:538} INFO - Filling up the DagBag from /home/airflow/.local/lib/python3.7/site-packages/airflow/example_dags/example_sla_dag.py
[2024-01-05T14:23:39.574+0000] {processor.py:753} INFO - DAG(s) dict_keys(['example_sla_dag']) retrieved from /home/airflow/.local/lib/python3.7/site-packages/airflow/example_dags/example_sla_dag.py
[2024-01-05T14:23:39.604+0000] {logging_mixin.py:137} INFO - [2024-01-05T14:23:39.604+0000] {dag.py:2690} INFO - Sync 1 DAGs
[2024-01-05T14:23:39.627+0000] {logging_mixin.py:137} INFO - [2024-01-05T14:23:39.627+0000] {dag.py:3441} INFO - Setting next_dagrun for example_sla_dag to 2024-01-05T14:20:00+00:00, run_after=2024-01-05T14:22:00+00:00
[2024-01-05T14:23:39.641+0000] {processor.py:175} INFO - Processing /home/airflow/.local/lib/python3.7/site-packages/airflow/example_dags/example_sla_dag.py took 0.113 seconds
[2024-01-05T14:24:10.341+0000] {processor.py:153} INFO - Started process (PID=8158) to work on /home/airflow/.local/lib/python3.7/site-packages/airflow/example_dags/example_sla_dag.py
[2024-01-05T14:24:10.343+0000] {processor.py:743} INFO - Processing file /home/airflow/.local/lib/python3.7/site-packages/airflow/example_dags/example_sla_dag.py for tasks to queue
[2024-01-05T14:24:10.345+0000] {logging_mixin.py:137} INFO - [2024-01-05T14:24:10.344+0000] {dagbag.py:538} INFO - Filling up the DagBag from /home/airflow/.local/lib/python3.7/site-packages/airflow/example_dags/example_sla_dag.py
[2024-01-05T14:24:10.374+0000] {processor.py:753} INFO - DAG(s) dict_keys(['example_sla_dag']) retrieved from /home/airflow/.local/lib/python3.7/site-packages/airflow/example_dags/example_sla_dag.py
[2024-01-05T14:24:10.419+0000] {logging_mixin.py:137} INFO - [2024-01-05T14:24:10.418+0000] {dag.py:2690} INFO - Sync 1 DAGs
[2024-01-05T14:24:10.447+0000] {logging_mixin.py:137} INFO - [2024-01-05T14:24:10.447+0000] {dag.py:3441} INFO - Setting next_dagrun for example_sla_dag to 2024-01-05T14:22:00+00:00, run_after=2024-01-05T14:24:00+00:00
[2024-01-05T14:24:10.469+0000] {processor.py:175} INFO - Processing /home/airflow/.local/lib/python3.7/site-packages/airflow/example_dags/example_sla_dag.py took 0.134 seconds
[2024-01-05T14:24:41.058+0000] {processor.py:153} INFO - Started process (PID=8222) to work on /home/airflow/.local/lib/python3.7/site-packages/airflow/example_dags/example_sla_dag.py
[2024-01-05T14:24:41.061+0000] {processor.py:743} INFO - Processing file /home/airflow/.local/lib/python3.7/site-packages/airflow/example_dags/example_sla_dag.py for tasks to queue
[2024-01-05T14:24:41.063+0000] {logging_mixin.py:137} INFO - [2024-01-05T14:24:41.063+0000] {dagbag.py:538} INFO - Filling up the DagBag from /home/airflow/.local/lib/python3.7/site-packages/airflow/example_dags/example_sla_dag.py
[2024-01-05T14:24:41.103+0000] {processor.py:753} INFO - DAG(s) dict_keys(['example_sla_dag']) retrieved from /home/airflow/.local/lib/python3.7/site-packages/airflow/example_dags/example_sla_dag.py
[2024-01-05T14:24:41.145+0000] {logging_mixin.py:137} INFO - [2024-01-05T14:24:41.145+0000] {dag.py:2690} INFO - Sync 1 DAGs
[2024-01-05T14:24:41.175+0000] {logging_mixin.py:137} INFO - [2024-01-05T14:24:41.175+0000] {dag.py:3441} INFO - Setting next_dagrun for example_sla_dag to 2024-01-05T14:22:00+00:00, run_after=2024-01-05T14:24:00+00:00
[2024-01-05T14:24:41.196+0000] {processor.py:175} INFO - Processing /home/airflow/.local/lib/python3.7/site-packages/airflow/example_dags/example_sla_dag.py took 0.151 seconds
[2024-01-05T14:25:11.399+0000] {processor.py:153} INFO - Started process (PID=8298) to work on /home/airflow/.local/lib/python3.7/site-packages/airflow/example_dags/example_sla_dag.py
[2024-01-05T14:25:11.401+0000] {processor.py:743} INFO - Processing file /home/airflow/.local/lib/python3.7/site-packages/airflow/example_dags/example_sla_dag.py for tasks to queue
[2024-01-05T14:25:11.402+0000] {logging_mixin.py:137} INFO - [2024-01-05T14:25:11.402+0000] {dagbag.py:538} INFO - Filling up the DagBag from /home/airflow/.local/lib/python3.7/site-packages/airflow/example_dags/example_sla_dag.py
[2024-01-05T14:25:11.425+0000] {processor.py:753} INFO - DAG(s) dict_keys(['example_sla_dag']) retrieved from /home/airflow/.local/lib/python3.7/site-packages/airflow/example_dags/example_sla_dag.py
[2024-01-05T14:25:11.449+0000] {logging_mixin.py:137} INFO - [2024-01-05T14:25:11.449+0000] {dag.py:2690} INFO - Sync 1 DAGs
[2024-01-05T14:25:11.469+0000] {logging_mixin.py:137} INFO - [2024-01-05T14:25:11.469+0000] {dag.py:3441} INFO - Setting next_dagrun for example_sla_dag to 2024-01-05T14:22:00+00:00, run_after=2024-01-05T14:24:00+00:00
[2024-01-05T14:25:11.488+0000] {processor.py:175} INFO - Processing /home/airflow/.local/lib/python3.7/site-packages/airflow/example_dags/example_sla_dag.py took 0.095 seconds
[2024-01-05T14:25:42.183+0000] {processor.py:153} INFO - Started process (PID=8361) to work on /home/airflow/.local/lib/python3.7/site-packages/airflow/example_dags/example_sla_dag.py
[2024-01-05T14:25:42.186+0000] {processor.py:743} INFO - Processing file /home/airflow/.local/lib/python3.7/site-packages/airflow/example_dags/example_sla_dag.py for tasks to queue
[2024-01-05T14:25:42.191+0000] {logging_mixin.py:137} INFO - [2024-01-05T14:25:42.190+0000] {dagbag.py:538} INFO - Filling up the DagBag from /home/airflow/.local/lib/python3.7/site-packages/airflow/example_dags/example_sla_dag.py
[2024-01-05T14:25:42.330+0000] {processor.py:753} INFO - DAG(s) dict_keys(['example_sla_dag']) retrieved from /home/airflow/.local/lib/python3.7/site-packages/airflow/example_dags/example_sla_dag.py
[2024-01-05T14:25:42.373+0000] {logging_mixin.py:137} INFO - [2024-01-05T14:25:42.373+0000] {dag.py:2690} INFO - Sync 1 DAGs
[2024-01-05T14:25:42.399+0000] {logging_mixin.py:137} INFO - [2024-01-05T14:25:42.398+0000] {dag.py:3441} INFO - Setting next_dagrun for example_sla_dag to 2024-01-05T14:22:00+00:00, run_after=2024-01-05T14:24:00+00:00
[2024-01-05T14:25:42.412+0000] {processor.py:175} INFO - Processing /home/airflow/.local/lib/python3.7/site-packages/airflow/example_dags/example_sla_dag.py took 0.234 seconds
[2024-01-05T14:26:12.793+0000] {processor.py:153} INFO - Started process (PID=8436) to work on /home/airflow/.local/lib/python3.7/site-packages/airflow/example_dags/example_sla_dag.py
[2024-01-05T14:26:12.795+0000] {processor.py:743} INFO - Processing file /home/airflow/.local/lib/python3.7/site-packages/airflow/example_dags/example_sla_dag.py for tasks to queue
[2024-01-05T14:26:12.797+0000] {logging_mixin.py:137} INFO - [2024-01-05T14:26:12.797+0000] {dagbag.py:538} INFO - Filling up the DagBag from /home/airflow/.local/lib/python3.7/site-packages/airflow/example_dags/example_sla_dag.py
[2024-01-05T14:26:12.819+0000] {processor.py:753} INFO - DAG(s) dict_keys(['example_sla_dag']) retrieved from /home/airflow/.local/lib/python3.7/site-packages/airflow/example_dags/example_sla_dag.py
[2024-01-05T14:26:12.846+0000] {logging_mixin.py:137} INFO - [2024-01-05T14:26:12.846+0000] {dag.py:2690} INFO - Sync 1 DAGs
[2024-01-05T14:26:12.880+0000] {logging_mixin.py:137} INFO - [2024-01-05T14:26:12.880+0000] {dag.py:3441} INFO - Setting next_dagrun for example_sla_dag to 2024-01-05T14:24:00+00:00, run_after=2024-01-05T14:26:00+00:00
[2024-01-05T14:26:12.904+0000] {processor.py:175} INFO - Processing /home/airflow/.local/lib/python3.7/site-packages/airflow/example_dags/example_sla_dag.py took 0.115 seconds
[2024-01-05T14:26:42.989+0000] {processor.py:153} INFO - Started process (PID=8499) to work on /home/airflow/.local/lib/python3.7/site-packages/airflow/example_dags/example_sla_dag.py
[2024-01-05T14:26:42.992+0000] {processor.py:743} INFO - Processing file /home/airflow/.local/lib/python3.7/site-packages/airflow/example_dags/example_sla_dag.py for tasks to queue
[2024-01-05T14:26:42.993+0000] {logging_mixin.py:137} INFO - [2024-01-05T14:26:42.993+0000] {dagbag.py:538} INFO - Filling up the DagBag from /home/airflow/.local/lib/python3.7/site-packages/airflow/example_dags/example_sla_dag.py
[2024-01-05T14:26:43.039+0000] {processor.py:753} INFO - DAG(s) dict_keys(['example_sla_dag']) retrieved from /home/airflow/.local/lib/python3.7/site-packages/airflow/example_dags/example_sla_dag.py
[2024-01-05T14:26:43.087+0000] {logging_mixin.py:137} INFO - [2024-01-05T14:26:43.087+0000] {dag.py:2690} INFO - Sync 1 DAGs
[2024-01-05T14:26:43.133+0000] {logging_mixin.py:137} INFO - [2024-01-05T14:26:43.133+0000] {dag.py:3441} INFO - Setting next_dagrun for example_sla_dag to 2024-01-05T14:24:00+00:00, run_after=2024-01-05T14:26:00+00:00
[2024-01-05T14:26:43.156+0000] {processor.py:175} INFO - Processing /home/airflow/.local/lib/python3.7/site-packages/airflow/example_dags/example_sla_dag.py took 0.171 seconds
