[2024-01-05T01:20:52.539+0000] {processor.py:153} INFO - Started process (PID=4307) to work on /home/airflow/.local/lib/python3.7/site-packages/airflow/example_dags/example_branch_operator.py
[2024-01-05T01:20:52.540+0000] {processor.py:743} INFO - Processing file /home/airflow/.local/lib/python3.7/site-packages/airflow/example_dags/example_branch_operator.py for tasks to queue
[2024-01-05T01:20:52.541+0000] {logging_mixin.py:137} INFO - [2024-01-05T01:20:52.541+0000] {dagbag.py:538} INFO - Filling up the DagBag from /home/airflow/.local/lib/python3.7/site-packages/airflow/example_dags/example_branch_operator.py
[2024-01-05T01:20:52.557+0000] {processor.py:753} INFO - DAG(s) dict_keys(['example_branch_operator']) retrieved from /home/airflow/.local/lib/python3.7/site-packages/airflow/example_dags/example_branch_operator.py
[2024-01-05T01:20:52.578+0000] {logging_mixin.py:137} INFO - [2024-01-05T01:20:52.578+0000] {dag.py:2690} INFO - Sync 1 DAGs
[2024-01-05T01:20:52.594+0000] {logging_mixin.py:137} INFO - [2024-01-05T01:20:52.594+0000] {dag.py:3441} INFO - Setting next_dagrun for example_branch_operator to 2024-01-04T00:00:00+00:00, run_after=2024-01-05T00:00:00+00:00
[2024-01-05T01:20:52.611+0000] {processor.py:175} INFO - Processing /home/airflow/.local/lib/python3.7/site-packages/airflow/example_dags/example_branch_operator.py took 0.075 seconds
[2024-01-05T02:31:17.053+0000] {processor.py:153} INFO - Started process (PID=4383) to work on /home/airflow/.local/lib/python3.7/site-packages/airflow/example_dags/example_branch_operator.py
[2024-01-05T02:31:17.055+0000] {processor.py:743} INFO - Processing file /home/airflow/.local/lib/python3.7/site-packages/airflow/example_dags/example_branch_operator.py for tasks to queue
[2024-01-05T02:31:17.055+0000] {logging_mixin.py:137} INFO - [2024-01-05T02:31:17.055+0000] {dagbag.py:538} INFO - Filling up the DagBag from /home/airflow/.local/lib/python3.7/site-packages/airflow/example_dags/example_branch_operator.py
[2024-01-05T02:31:17.068+0000] {processor.py:753} INFO - DAG(s) dict_keys(['example_branch_operator']) retrieved from /home/airflow/.local/lib/python3.7/site-packages/airflow/example_dags/example_branch_operator.py
[2024-01-05T02:31:17.088+0000] {logging_mixin.py:137} INFO - [2024-01-05T02:31:17.088+0000] {dag.py:2690} INFO - Sync 1 DAGs
[2024-01-05T02:31:17.107+0000] {logging_mixin.py:137} INFO - [2024-01-05T02:31:17.107+0000] {dag.py:3441} INFO - Setting next_dagrun for example_branch_operator to 2024-01-04T00:00:00+00:00, run_after=2024-01-05T00:00:00+00:00
[2024-01-05T02:31:17.118+0000] {processor.py:175} INFO - Processing /home/airflow/.local/lib/python3.7/site-packages/airflow/example_dags/example_branch_operator.py took 0.067 seconds
[2024-01-05T03:42:25.559+0000] {processor.py:153} INFO - Started process (PID=4446) to work on /home/airflow/.local/lib/python3.7/site-packages/airflow/example_dags/example_branch_operator.py
[2024-01-05T03:42:25.564+0000] {processor.py:743} INFO - Processing file /home/airflow/.local/lib/python3.7/site-packages/airflow/example_dags/example_branch_operator.py for tasks to queue
[2024-01-05T03:42:25.567+0000] {logging_mixin.py:137} INFO - [2024-01-05T03:42:25.567+0000] {dagbag.py:538} INFO - Filling up the DagBag from /home/airflow/.local/lib/python3.7/site-packages/airflow/example_dags/example_branch_operator.py
[2024-01-05T03:42:25.637+0000] {processor.py:753} INFO - DAG(s) dict_keys(['example_branch_operator']) retrieved from /home/airflow/.local/lib/python3.7/site-packages/airflow/example_dags/example_branch_operator.py
[2024-01-05T03:42:25.705+0000] {logging_mixin.py:137} INFO - [2024-01-05T03:42:25.705+0000] {dag.py:2690} INFO - Sync 1 DAGs
[2024-01-05T03:42:25.818+0000] {logging_mixin.py:137} INFO - [2024-01-05T03:42:25.818+0000] {dag.py:3441} INFO - Setting next_dagrun for example_branch_operator to 2024-01-04T00:00:00+00:00, run_after=2024-01-05T00:00:00+00:00
[2024-01-05T03:42:25.881+0000] {processor.py:175} INFO - Processing /home/airflow/.local/lib/python3.7/site-packages/airflow/example_dags/example_branch_operator.py took 0.328 seconds
[2024-01-05T05:03:24.693+0000] {processor.py:153} INFO - Started process (PID=4518) to work on /home/airflow/.local/lib/python3.7/site-packages/airflow/example_dags/example_branch_operator.py
[2024-01-05T05:03:24.695+0000] {processor.py:743} INFO - Processing file /home/airflow/.local/lib/python3.7/site-packages/airflow/example_dags/example_branch_operator.py for tasks to queue
[2024-01-05T05:03:24.696+0000] {logging_mixin.py:137} INFO - [2024-01-05T05:03:24.696+0000] {dagbag.py:538} INFO - Filling up the DagBag from /home/airflow/.local/lib/python3.7/site-packages/airflow/example_dags/example_branch_operator.py
[2024-01-05T05:03:24.734+0000] {processor.py:753} INFO - DAG(s) dict_keys(['example_branch_operator']) retrieved from /home/airflow/.local/lib/python3.7/site-packages/airflow/example_dags/example_branch_operator.py
[2024-01-05T05:03:24.772+0000] {logging_mixin.py:137} INFO - [2024-01-05T05:03:24.772+0000] {dag.py:2690} INFO - Sync 1 DAGs
[2024-01-05T05:03:24.817+0000] {logging_mixin.py:137} INFO - [2024-01-05T05:03:24.817+0000] {dag.py:3441} INFO - Setting next_dagrun for example_branch_operator to 2024-01-04T00:00:00+00:00, run_after=2024-01-05T00:00:00+00:00
[2024-01-05T05:03:24.881+0000] {processor.py:175} INFO - Processing /home/airflow/.local/lib/python3.7/site-packages/airflow/example_dags/example_branch_operator.py took 0.192 seconds
[2024-01-05T06:28:01.101+0000] {processor.py:153} INFO - Started process (PID=4583) to work on /home/airflow/.local/lib/python3.7/site-packages/airflow/example_dags/example_branch_operator.py
[2024-01-05T06:28:01.114+0000] {processor.py:743} INFO - Processing file /home/airflow/.local/lib/python3.7/site-packages/airflow/example_dags/example_branch_operator.py for tasks to queue
[2024-01-05T06:28:01.117+0000] {logging_mixin.py:137} INFO - [2024-01-05T06:28:01.116+0000] {dagbag.py:538} INFO - Filling up the DagBag from /home/airflow/.local/lib/python3.7/site-packages/airflow/example_dags/example_branch_operator.py
[2024-01-05T06:28:01.222+0000] {processor.py:753} INFO - DAG(s) dict_keys(['example_branch_operator']) retrieved from /home/airflow/.local/lib/python3.7/site-packages/airflow/example_dags/example_branch_operator.py
[2024-01-05T06:28:01.769+0000] {logging_mixin.py:137} INFO - [2024-01-05T06:28:01.328+0000] {dag.py:2690} INFO - Sync 1 DAGs
[2024-01-05T06:28:01.940+0000] {logging_mixin.py:137} INFO - [2024-01-05T06:28:01.940+0000] {dag.py:3441} INFO - Setting next_dagrun for example_branch_operator to 2024-01-04T00:00:00+00:00, run_after=2024-01-05T00:00:00+00:00
[2024-01-05T06:28:01.987+0000] {processor.py:175} INFO - Processing /home/airflow/.local/lib/python3.7/site-packages/airflow/example_dags/example_branch_operator.py took 0.893 seconds
[2024-01-05T07:47:03.565+0000] {processor.py:153} INFO - Started process (PID=4646) to work on /home/airflow/.local/lib/python3.7/site-packages/airflow/example_dags/example_branch_operator.py
[2024-01-05T07:47:03.566+0000] {processor.py:743} INFO - Processing file /home/airflow/.local/lib/python3.7/site-packages/airflow/example_dags/example_branch_operator.py for tasks to queue
[2024-01-05T07:47:03.567+0000] {logging_mixin.py:137} INFO - [2024-01-05T07:47:03.567+0000] {dagbag.py:538} INFO - Filling up the DagBag from /home/airflow/.local/lib/python3.7/site-packages/airflow/example_dags/example_branch_operator.py
[2024-01-05T07:47:03.580+0000] {processor.py:753} INFO - DAG(s) dict_keys(['example_branch_operator']) retrieved from /home/airflow/.local/lib/python3.7/site-packages/airflow/example_dags/example_branch_operator.py
[2024-01-05T07:47:03.602+0000] {logging_mixin.py:137} INFO - [2024-01-05T07:47:03.602+0000] {dag.py:2690} INFO - Sync 1 DAGs
[2024-01-05T07:47:03.620+0000] {logging_mixin.py:137} INFO - [2024-01-05T07:47:03.620+0000] {dag.py:3441} INFO - Setting next_dagrun for example_branch_operator to 2024-01-04T00:00:00+00:00, run_after=2024-01-05T00:00:00+00:00
[2024-01-05T07:47:03.639+0000] {processor.py:175} INFO - Processing /home/airflow/.local/lib/python3.7/site-packages/airflow/example_dags/example_branch_operator.py took 0.077 seconds
[2024-01-05T09:24:44.960+0000] {processor.py:153} INFO - Started process (PID=4720) to work on /home/airflow/.local/lib/python3.7/site-packages/airflow/example_dags/example_branch_operator.py
[2024-01-05T09:24:44.967+0000] {processor.py:743} INFO - Processing file /home/airflow/.local/lib/python3.7/site-packages/airflow/example_dags/example_branch_operator.py for tasks to queue
[2024-01-05T09:24:44.969+0000] {logging_mixin.py:137} INFO - [2024-01-05T09:24:44.969+0000] {dagbag.py:538} INFO - Filling up the DagBag from /home/airflow/.local/lib/python3.7/site-packages/airflow/example_dags/example_branch_operator.py
[2024-01-05T09:24:45.052+0000] {processor.py:753} INFO - DAG(s) dict_keys(['example_branch_operator']) retrieved from /home/airflow/.local/lib/python3.7/site-packages/airflow/example_dags/example_branch_operator.py
[2024-01-05T09:24:45.251+0000] {logging_mixin.py:137} INFO - [2024-01-05T09:24:45.251+0000] {dag.py:2690} INFO - Sync 1 DAGs
[2024-01-05T09:24:45.464+0000] {logging_mixin.py:137} INFO - [2024-01-05T09:24:45.464+0000] {dag.py:3441} INFO - Setting next_dagrun for example_branch_operator to 2024-01-04T00:00:00+00:00, run_after=2024-01-05T00:00:00+00:00
[2024-01-05T09:24:45.611+0000] {processor.py:175} INFO - Processing /home/airflow/.local/lib/python3.7/site-packages/airflow/example_dags/example_branch_operator.py took 0.667 seconds
[2024-01-05T10:32:46.903+0000] {processor.py:153} INFO - Started process (PID=4783) to work on /home/airflow/.local/lib/python3.7/site-packages/airflow/example_dags/example_branch_operator.py
[2024-01-05T10:32:46.904+0000] {processor.py:743} INFO - Processing file /home/airflow/.local/lib/python3.7/site-packages/airflow/example_dags/example_branch_operator.py for tasks to queue
[2024-01-05T10:32:46.905+0000] {logging_mixin.py:137} INFO - [2024-01-05T10:32:46.905+0000] {dagbag.py:538} INFO - Filling up the DagBag from /home/airflow/.local/lib/python3.7/site-packages/airflow/example_dags/example_branch_operator.py
[2024-01-05T10:32:46.919+0000] {processor.py:753} INFO - DAG(s) dict_keys(['example_branch_operator']) retrieved from /home/airflow/.local/lib/python3.7/site-packages/airflow/example_dags/example_branch_operator.py
[2024-01-05T10:32:46.960+0000] {logging_mixin.py:137} INFO - [2024-01-05T10:32:46.960+0000] {dag.py:2690} INFO - Sync 1 DAGs
[2024-01-05T10:32:46.979+0000] {logging_mixin.py:137} INFO - [2024-01-05T10:32:46.979+0000] {dag.py:3441} INFO - Setting next_dagrun for example_branch_operator to 2024-01-04T00:00:00+00:00, run_after=2024-01-05T00:00:00+00:00
[2024-01-05T10:32:46.991+0000] {processor.py:175} INFO - Processing /home/airflow/.local/lib/python3.7/site-packages/airflow/example_dags/example_branch_operator.py took 0.091 seconds
[2024-01-05T11:33:45.056+0000] {processor.py:153} INFO - Started process (PID=4855) to work on /home/airflow/.local/lib/python3.7/site-packages/airflow/example_dags/example_branch_operator.py
[2024-01-05T11:33:45.072+0000] {processor.py:743} INFO - Processing file /home/airflow/.local/lib/python3.7/site-packages/airflow/example_dags/example_branch_operator.py for tasks to queue
[2024-01-05T11:33:45.078+0000] {logging_mixin.py:137} INFO - [2024-01-05T11:33:45.077+0000] {dagbag.py:538} INFO - Filling up the DagBag from /home/airflow/.local/lib/python3.7/site-packages/airflow/example_dags/example_branch_operator.py
[2024-01-05T11:33:45.174+0000] {processor.py:753} INFO - DAG(s) dict_keys(['example_branch_operator']) retrieved from /home/airflow/.local/lib/python3.7/site-packages/airflow/example_dags/example_branch_operator.py
[2024-01-05T11:33:45.435+0000] {logging_mixin.py:137} INFO - [2024-01-05T11:33:45.434+0000] {dag.py:2690} INFO - Sync 1 DAGs
[2024-01-05T11:33:45.588+0000] {logging_mixin.py:137} INFO - [2024-01-05T11:33:45.580+0000] {dag.py:3441} INFO - Setting next_dagrun for example_branch_operator to 2024-01-04T00:00:00+00:00, run_after=2024-01-05T00:00:00+00:00
[2024-01-05T11:33:45.646+0000] {processor.py:175} INFO - Processing /home/airflow/.local/lib/python3.7/site-packages/airflow/example_dags/example_branch_operator.py took 0.757 seconds
[2024-01-05T12:52:16.621+0000] {processor.py:153} INFO - Started process (PID=4921) to work on /home/airflow/.local/lib/python3.7/site-packages/airflow/example_dags/example_branch_operator.py
[2024-01-05T12:52:16.623+0000] {processor.py:743} INFO - Processing file /home/airflow/.local/lib/python3.7/site-packages/airflow/example_dags/example_branch_operator.py for tasks to queue
[2024-01-05T12:52:16.623+0000] {logging_mixin.py:137} INFO - [2024-01-05T12:52:16.623+0000] {dagbag.py:538} INFO - Filling up the DagBag from /home/airflow/.local/lib/python3.7/site-packages/airflow/example_dags/example_branch_operator.py
[2024-01-05T12:52:16.647+0000] {processor.py:753} INFO - DAG(s) dict_keys(['example_branch_operator']) retrieved from /home/airflow/.local/lib/python3.7/site-packages/airflow/example_dags/example_branch_operator.py
[2024-01-05T12:52:16.695+0000] {logging_mixin.py:137} INFO - [2024-01-05T12:52:16.695+0000] {dag.py:2690} INFO - Sync 1 DAGs
[2024-01-05T12:52:16.727+0000] {logging_mixin.py:137} INFO - [2024-01-05T12:52:16.727+0000] {dag.py:3441} INFO - Setting next_dagrun for example_branch_operator to 2024-01-04T00:00:00+00:00, run_after=2024-01-05T00:00:00+00:00
[2024-01-05T12:52:16.740+0000] {processor.py:175} INFO - Processing /home/airflow/.local/lib/python3.7/site-packages/airflow/example_dags/example_branch_operator.py took 0.122 seconds
[2024-01-05T14:01:00.964+0000] {processor.py:153} INFO - Started process (PID=4984) to work on /home/airflow/.local/lib/python3.7/site-packages/airflow/example_dags/example_branch_operator.py
[2024-01-05T14:01:00.967+0000] {processor.py:743} INFO - Processing file /home/airflow/.local/lib/python3.7/site-packages/airflow/example_dags/example_branch_operator.py for tasks to queue
[2024-01-05T14:01:00.974+0000] {logging_mixin.py:137} INFO - [2024-01-05T14:01:00.973+0000] {dagbag.py:538} INFO - Filling up the DagBag from /home/airflow/.local/lib/python3.7/site-packages/airflow/example_dags/example_branch_operator.py
[2024-01-05T14:01:01.083+0000] {processor.py:753} INFO - DAG(s) dict_keys(['example_branch_operator']) retrieved from /home/airflow/.local/lib/python3.7/site-packages/airflow/example_dags/example_branch_operator.py
[2024-01-05T14:01:01.225+0000] {logging_mixin.py:137} INFO - [2024-01-05T14:01:01.224+0000] {dag.py:2690} INFO - Sync 1 DAGs
[2024-01-05T14:01:01.290+0000] {logging_mixin.py:137} INFO - [2024-01-05T14:01:01.290+0000] {dag.py:3441} INFO - Setting next_dagrun for example_branch_operator to 2024-01-04T00:00:00+00:00, run_after=2024-01-05T00:00:00+00:00
[2024-01-05T14:01:01.320+0000] {processor.py:175} INFO - Processing /home/airflow/.local/lib/python3.7/site-packages/airflow/example_dags/example_branch_operator.py took 0.361 seconds
[2024-01-05T14:01:32.496+0000] {processor.py:153} INFO - Started process (PID=5059) to work on /home/airflow/.local/lib/python3.7/site-packages/airflow/example_dags/example_branch_operator.py
[2024-01-05T14:01:32.509+0000] {processor.py:743} INFO - Processing file /home/airflow/.local/lib/python3.7/site-packages/airflow/example_dags/example_branch_operator.py for tasks to queue
[2024-01-05T14:01:32.511+0000] {logging_mixin.py:137} INFO - [2024-01-05T14:01:32.511+0000] {dagbag.py:538} INFO - Filling up the DagBag from /home/airflow/.local/lib/python3.7/site-packages/airflow/example_dags/example_branch_operator.py
[2024-01-05T14:01:32.576+0000] {processor.py:753} INFO - DAG(s) dict_keys(['example_branch_operator']) retrieved from /home/airflow/.local/lib/python3.7/site-packages/airflow/example_dags/example_branch_operator.py
[2024-01-05T14:01:32.675+0000] {logging_mixin.py:137} INFO - [2024-01-05T14:01:32.675+0000] {dag.py:2690} INFO - Sync 1 DAGs
[2024-01-05T14:01:32.731+0000] {logging_mixin.py:137} INFO - [2024-01-05T14:01:32.731+0000] {dag.py:3441} INFO - Setting next_dagrun for example_branch_operator to 2024-01-04T00:00:00+00:00, run_after=2024-01-05T00:00:00+00:00
[2024-01-05T14:01:32.812+0000] {processor.py:175} INFO - Processing /home/airflow/.local/lib/python3.7/site-packages/airflow/example_dags/example_branch_operator.py took 0.325 seconds
[2024-01-05T14:02:03.169+0000] {processor.py:153} INFO - Started process (PID=5123) to work on /home/airflow/.local/lib/python3.7/site-packages/airflow/example_dags/example_branch_operator.py
[2024-01-05T14:02:03.171+0000] {processor.py:743} INFO - Processing file /home/airflow/.local/lib/python3.7/site-packages/airflow/example_dags/example_branch_operator.py for tasks to queue
[2024-01-05T14:02:03.172+0000] {logging_mixin.py:137} INFO - [2024-01-05T14:02:03.171+0000] {dagbag.py:538} INFO - Filling up the DagBag from /home/airflow/.local/lib/python3.7/site-packages/airflow/example_dags/example_branch_operator.py
[2024-01-05T14:02:03.186+0000] {processor.py:753} INFO - DAG(s) dict_keys(['example_branch_operator']) retrieved from /home/airflow/.local/lib/python3.7/site-packages/airflow/example_dags/example_branch_operator.py
[2024-01-05T14:02:03.230+0000] {logging_mixin.py:137} INFO - [2024-01-05T14:02:03.230+0000] {dag.py:2690} INFO - Sync 1 DAGs
[2024-01-05T14:02:03.264+0000] {logging_mixin.py:137} INFO - [2024-01-05T14:02:03.264+0000] {dag.py:3441} INFO - Setting next_dagrun for example_branch_operator to 2024-01-04T00:00:00+00:00, run_after=2024-01-05T00:00:00+00:00
[2024-01-05T14:02:03.289+0000] {processor.py:175} INFO - Processing /home/airflow/.local/lib/python3.7/site-packages/airflow/example_dags/example_branch_operator.py took 0.123 seconds
[2024-01-05T14:02:33.596+0000] {processor.py:153} INFO - Started process (PID=5198) to work on /home/airflow/.local/lib/python3.7/site-packages/airflow/example_dags/example_branch_operator.py
[2024-01-05T14:02:33.599+0000] {processor.py:743} INFO - Processing file /home/airflow/.local/lib/python3.7/site-packages/airflow/example_dags/example_branch_operator.py for tasks to queue
[2024-01-05T14:02:33.600+0000] {logging_mixin.py:137} INFO - [2024-01-05T14:02:33.600+0000] {dagbag.py:538} INFO - Filling up the DagBag from /home/airflow/.local/lib/python3.7/site-packages/airflow/example_dags/example_branch_operator.py
[2024-01-05T14:02:33.649+0000] {processor.py:753} INFO - DAG(s) dict_keys(['example_branch_operator']) retrieved from /home/airflow/.local/lib/python3.7/site-packages/airflow/example_dags/example_branch_operator.py
[2024-01-05T14:02:33.710+0000] {logging_mixin.py:137} INFO - [2024-01-05T14:02:33.710+0000] {dag.py:2690} INFO - Sync 1 DAGs
[2024-01-05T14:02:33.740+0000] {logging_mixin.py:137} INFO - [2024-01-05T14:02:33.740+0000] {dag.py:3441} INFO - Setting next_dagrun for example_branch_operator to 2024-01-04T00:00:00+00:00, run_after=2024-01-05T00:00:00+00:00
[2024-01-05T14:02:33.758+0000] {processor.py:175} INFO - Processing /home/airflow/.local/lib/python3.7/site-packages/airflow/example_dags/example_branch_operator.py took 0.173 seconds
[2024-01-05T14:03:03.877+0000] {processor.py:153} INFO - Started process (PID=5260) to work on /home/airflow/.local/lib/python3.7/site-packages/airflow/example_dags/example_branch_operator.py
[2024-01-05T14:03:03.878+0000] {processor.py:743} INFO - Processing file /home/airflow/.local/lib/python3.7/site-packages/airflow/example_dags/example_branch_operator.py for tasks to queue
[2024-01-05T14:03:03.879+0000] {logging_mixin.py:137} INFO - [2024-01-05T14:03:03.879+0000] {dagbag.py:538} INFO - Filling up the DagBag from /home/airflow/.local/lib/python3.7/site-packages/airflow/example_dags/example_branch_operator.py
[2024-01-05T14:03:03.893+0000] {processor.py:753} INFO - DAG(s) dict_keys(['example_branch_operator']) retrieved from /home/airflow/.local/lib/python3.7/site-packages/airflow/example_dags/example_branch_operator.py
[2024-01-05T14:03:03.914+0000] {logging_mixin.py:137} INFO - [2024-01-05T14:03:03.914+0000] {dag.py:2690} INFO - Sync 1 DAGs
[2024-01-05T14:03:03.930+0000] {logging_mixin.py:137} INFO - [2024-01-05T14:03:03.930+0000] {dag.py:3441} INFO - Setting next_dagrun for example_branch_operator to 2024-01-04T00:00:00+00:00, run_after=2024-01-05T00:00:00+00:00
[2024-01-05T14:03:03.941+0000] {processor.py:175} INFO - Processing /home/airflow/.local/lib/python3.7/site-packages/airflow/example_dags/example_branch_operator.py took 0.068 seconds
[2024-01-05T14:03:34.590+0000] {processor.py:153} INFO - Started process (PID=5336) to work on /home/airflow/.local/lib/python3.7/site-packages/airflow/example_dags/example_branch_operator.py
[2024-01-05T14:03:34.592+0000] {processor.py:743} INFO - Processing file /home/airflow/.local/lib/python3.7/site-packages/airflow/example_dags/example_branch_operator.py for tasks to queue
[2024-01-05T14:03:34.592+0000] {logging_mixin.py:137} INFO - [2024-01-05T14:03:34.592+0000] {dagbag.py:538} INFO - Filling up the DagBag from /home/airflow/.local/lib/python3.7/site-packages/airflow/example_dags/example_branch_operator.py
[2024-01-05T14:03:34.605+0000] {processor.py:753} INFO - DAG(s) dict_keys(['example_branch_operator']) retrieved from /home/airflow/.local/lib/python3.7/site-packages/airflow/example_dags/example_branch_operator.py
[2024-01-05T14:03:34.626+0000] {logging_mixin.py:137} INFO - [2024-01-05T14:03:34.626+0000] {dag.py:2690} INFO - Sync 1 DAGs
[2024-01-05T14:03:34.653+0000] {logging_mixin.py:137} INFO - [2024-01-05T14:03:34.652+0000] {dag.py:3441} INFO - Setting next_dagrun for example_branch_operator to 2024-01-04T00:00:00+00:00, run_after=2024-01-05T00:00:00+00:00
[2024-01-05T14:03:34.669+0000] {processor.py:175} INFO - Processing /home/airflow/.local/lib/python3.7/site-packages/airflow/example_dags/example_branch_operator.py took 0.082 seconds
[2024-01-05T14:04:05.392+0000] {processor.py:153} INFO - Started process (PID=5400) to work on /home/airflow/.local/lib/python3.7/site-packages/airflow/example_dags/example_branch_operator.py
[2024-01-05T14:04:05.393+0000] {processor.py:743} INFO - Processing file /home/airflow/.local/lib/python3.7/site-packages/airflow/example_dags/example_branch_operator.py for tasks to queue
[2024-01-05T14:04:05.394+0000] {logging_mixin.py:137} INFO - [2024-01-05T14:04:05.394+0000] {dagbag.py:538} INFO - Filling up the DagBag from /home/airflow/.local/lib/python3.7/site-packages/airflow/example_dags/example_branch_operator.py
[2024-01-05T14:04:05.406+0000] {processor.py:753} INFO - DAG(s) dict_keys(['example_branch_operator']) retrieved from /home/airflow/.local/lib/python3.7/site-packages/airflow/example_dags/example_branch_operator.py
[2024-01-05T14:04:05.431+0000] {logging_mixin.py:137} INFO - [2024-01-05T14:04:05.431+0000] {dag.py:2690} INFO - Sync 1 DAGs
[2024-01-05T14:04:05.448+0000] {logging_mixin.py:137} INFO - [2024-01-05T14:04:05.448+0000] {dag.py:3441} INFO - Setting next_dagrun for example_branch_operator to 2024-01-04T00:00:00+00:00, run_after=2024-01-05T00:00:00+00:00
[2024-01-05T14:04:05.460+0000] {processor.py:175} INFO - Processing /home/airflow/.local/lib/python3.7/site-packages/airflow/example_dags/example_branch_operator.py took 0.071 seconds
[2024-01-05T14:04:35.822+0000] {processor.py:153} INFO - Started process (PID=5475) to work on /home/airflow/.local/lib/python3.7/site-packages/airflow/example_dags/example_branch_operator.py
[2024-01-05T14:04:35.823+0000] {processor.py:743} INFO - Processing file /home/airflow/.local/lib/python3.7/site-packages/airflow/example_dags/example_branch_operator.py for tasks to queue
[2024-01-05T14:04:35.824+0000] {logging_mixin.py:137} INFO - [2024-01-05T14:04:35.823+0000] {dagbag.py:538} INFO - Filling up the DagBag from /home/airflow/.local/lib/python3.7/site-packages/airflow/example_dags/example_branch_operator.py
[2024-01-05T14:04:35.835+0000] {processor.py:753} INFO - DAG(s) dict_keys(['example_branch_operator']) retrieved from /home/airflow/.local/lib/python3.7/site-packages/airflow/example_dags/example_branch_operator.py
[2024-01-05T14:04:35.856+0000] {logging_mixin.py:137} INFO - [2024-01-05T14:04:35.856+0000] {dag.py:2690} INFO - Sync 1 DAGs
[2024-01-05T14:04:35.873+0000] {logging_mixin.py:137} INFO - [2024-01-05T14:04:35.873+0000] {dag.py:3441} INFO - Setting next_dagrun for example_branch_operator to 2024-01-04T00:00:00+00:00, run_after=2024-01-05T00:00:00+00:00
[2024-01-05T14:04:35.885+0000] {processor.py:175} INFO - Processing /home/airflow/.local/lib/python3.7/site-packages/airflow/example_dags/example_branch_operator.py took 0.066 seconds
[2024-01-05T14:05:06.824+0000] {processor.py:153} INFO - Started process (PID=5538) to work on /home/airflow/.local/lib/python3.7/site-packages/airflow/example_dags/example_branch_operator.py
[2024-01-05T14:05:06.825+0000] {processor.py:743} INFO - Processing file /home/airflow/.local/lib/python3.7/site-packages/airflow/example_dags/example_branch_operator.py for tasks to queue
[2024-01-05T14:05:06.826+0000] {logging_mixin.py:137} INFO - [2024-01-05T14:05:06.826+0000] {dagbag.py:538} INFO - Filling up the DagBag from /home/airflow/.local/lib/python3.7/site-packages/airflow/example_dags/example_branch_operator.py
[2024-01-05T14:05:06.840+0000] {processor.py:753} INFO - DAG(s) dict_keys(['example_branch_operator']) retrieved from /home/airflow/.local/lib/python3.7/site-packages/airflow/example_dags/example_branch_operator.py
[2024-01-05T14:05:06.874+0000] {logging_mixin.py:137} INFO - [2024-01-05T14:05:06.874+0000] {dag.py:2690} INFO - Sync 1 DAGs
[2024-01-05T14:05:06.905+0000] {logging_mixin.py:137} INFO - [2024-01-05T14:05:06.905+0000] {dag.py:3441} INFO - Setting next_dagrun for example_branch_operator to 2024-01-04T00:00:00+00:00, run_after=2024-01-05T00:00:00+00:00
[2024-01-05T14:05:06.933+0000] {processor.py:175} INFO - Processing /home/airflow/.local/lib/python3.7/site-packages/airflow/example_dags/example_branch_operator.py took 0.113 seconds
[2024-01-05T14:05:37.322+0000] {processor.py:153} INFO - Started process (PID=5613) to work on /home/airflow/.local/lib/python3.7/site-packages/airflow/example_dags/example_branch_operator.py
[2024-01-05T14:05:37.323+0000] {processor.py:743} INFO - Processing file /home/airflow/.local/lib/python3.7/site-packages/airflow/example_dags/example_branch_operator.py for tasks to queue
[2024-01-05T14:05:37.323+0000] {logging_mixin.py:137} INFO - [2024-01-05T14:05:37.323+0000] {dagbag.py:538} INFO - Filling up the DagBag from /home/airflow/.local/lib/python3.7/site-packages/airflow/example_dags/example_branch_operator.py
[2024-01-05T14:05:37.337+0000] {processor.py:753} INFO - DAG(s) dict_keys(['example_branch_operator']) retrieved from /home/airflow/.local/lib/python3.7/site-packages/airflow/example_dags/example_branch_operator.py
[2024-01-05T14:05:37.357+0000] {logging_mixin.py:137} INFO - [2024-01-05T14:05:37.357+0000] {dag.py:2690} INFO - Sync 1 DAGs
[2024-01-05T14:05:37.373+0000] {logging_mixin.py:137} INFO - [2024-01-05T14:05:37.373+0000] {dag.py:3441} INFO - Setting next_dagrun for example_branch_operator to 2024-01-04T00:00:00+00:00, run_after=2024-01-05T00:00:00+00:00
[2024-01-05T14:05:37.384+0000] {processor.py:175} INFO - Processing /home/airflow/.local/lib/python3.7/site-packages/airflow/example_dags/example_branch_operator.py took 0.065 seconds
[2024-01-05T14:06:07.601+0000] {processor.py:153} INFO - Started process (PID=5686) to work on /home/airflow/.local/lib/python3.7/site-packages/airflow/example_dags/example_branch_operator.py
[2024-01-05T14:06:07.602+0000] {processor.py:743} INFO - Processing file /home/airflow/.local/lib/python3.7/site-packages/airflow/example_dags/example_branch_operator.py for tasks to queue
[2024-01-05T14:06:07.603+0000] {logging_mixin.py:137} INFO - [2024-01-05T14:06:07.603+0000] {dagbag.py:538} INFO - Filling up the DagBag from /home/airflow/.local/lib/python3.7/site-packages/airflow/example_dags/example_branch_operator.py
[2024-01-05T14:06:07.617+0000] {processor.py:753} INFO - DAG(s) dict_keys(['example_branch_operator']) retrieved from /home/airflow/.local/lib/python3.7/site-packages/airflow/example_dags/example_branch_operator.py
[2024-01-05T14:06:07.657+0000] {logging_mixin.py:137} INFO - [2024-01-05T14:06:07.657+0000] {dag.py:2690} INFO - Sync 1 DAGs
[2024-01-05T14:06:07.690+0000] {logging_mixin.py:137} INFO - [2024-01-05T14:06:07.690+0000] {dag.py:3441} INFO - Setting next_dagrun for example_branch_operator to 2024-01-04T00:00:00+00:00, run_after=2024-01-05T00:00:00+00:00
[2024-01-05T14:06:07.712+0000] {processor.py:175} INFO - Processing /home/airflow/.local/lib/python3.7/site-packages/airflow/example_dags/example_branch_operator.py took 0.115 seconds
[2024-01-05T14:06:38.776+0000] {processor.py:153} INFO - Started process (PID=5752) to work on /home/airflow/.local/lib/python3.7/site-packages/airflow/example_dags/example_branch_operator.py
[2024-01-05T14:06:38.778+0000] {processor.py:743} INFO - Processing file /home/airflow/.local/lib/python3.7/site-packages/airflow/example_dags/example_branch_operator.py for tasks to queue
[2024-01-05T14:06:38.779+0000] {logging_mixin.py:137} INFO - [2024-01-05T14:06:38.779+0000] {dagbag.py:538} INFO - Filling up the DagBag from /home/airflow/.local/lib/python3.7/site-packages/airflow/example_dags/example_branch_operator.py
[2024-01-05T14:06:38.793+0000] {processor.py:753} INFO - DAG(s) dict_keys(['example_branch_operator']) retrieved from /home/airflow/.local/lib/python3.7/site-packages/airflow/example_dags/example_branch_operator.py
[2024-01-05T14:06:38.816+0000] {logging_mixin.py:137} INFO - [2024-01-05T14:06:38.815+0000] {dag.py:2690} INFO - Sync 1 DAGs
[2024-01-05T14:06:38.839+0000] {logging_mixin.py:137} INFO - [2024-01-05T14:06:38.839+0000] {dag.py:3441} INFO - Setting next_dagrun for example_branch_operator to 2024-01-04T00:00:00+00:00, run_after=2024-01-05T00:00:00+00:00
[2024-01-05T14:06:38.878+0000] {processor.py:175} INFO - Processing /home/airflow/.local/lib/python3.7/site-packages/airflow/example_dags/example_branch_operator.py took 0.105 seconds
[2024-01-05T14:07:09.533+0000] {processor.py:153} INFO - Started process (PID=5827) to work on /home/airflow/.local/lib/python3.7/site-packages/airflow/example_dags/example_branch_operator.py
[2024-01-05T14:07:09.534+0000] {processor.py:743} INFO - Processing file /home/airflow/.local/lib/python3.7/site-packages/airflow/example_dags/example_branch_operator.py for tasks to queue
[2024-01-05T14:07:09.535+0000] {logging_mixin.py:137} INFO - [2024-01-05T14:07:09.535+0000] {dagbag.py:538} INFO - Filling up the DagBag from /home/airflow/.local/lib/python3.7/site-packages/airflow/example_dags/example_branch_operator.py
[2024-01-05T14:07:09.546+0000] {processor.py:753} INFO - DAG(s) dict_keys(['example_branch_operator']) retrieved from /home/airflow/.local/lib/python3.7/site-packages/airflow/example_dags/example_branch_operator.py
[2024-01-05T14:07:09.565+0000] {logging_mixin.py:137} INFO - [2024-01-05T14:07:09.565+0000] {dag.py:2690} INFO - Sync 1 DAGs
[2024-01-05T14:07:09.581+0000] {logging_mixin.py:137} INFO - [2024-01-05T14:07:09.581+0000] {dag.py:3441} INFO - Setting next_dagrun for example_branch_operator to 2024-01-04T00:00:00+00:00, run_after=2024-01-05T00:00:00+00:00
[2024-01-05T14:07:09.593+0000] {processor.py:175} INFO - Processing /home/airflow/.local/lib/python3.7/site-packages/airflow/example_dags/example_branch_operator.py took 0.063 seconds
[2024-01-05T14:07:40.044+0000] {processor.py:153} INFO - Started process (PID=5890) to work on /home/airflow/.local/lib/python3.7/site-packages/airflow/example_dags/example_branch_operator.py
[2024-01-05T14:07:40.045+0000] {processor.py:743} INFO - Processing file /home/airflow/.local/lib/python3.7/site-packages/airflow/example_dags/example_branch_operator.py for tasks to queue
[2024-01-05T14:07:40.046+0000] {logging_mixin.py:137} INFO - [2024-01-05T14:07:40.046+0000] {dagbag.py:538} INFO - Filling up the DagBag from /home/airflow/.local/lib/python3.7/site-packages/airflow/example_dags/example_branch_operator.py
[2024-01-05T14:07:40.060+0000] {processor.py:753} INFO - DAG(s) dict_keys(['example_branch_operator']) retrieved from /home/airflow/.local/lib/python3.7/site-packages/airflow/example_dags/example_branch_operator.py
[2024-01-05T14:07:40.086+0000] {logging_mixin.py:137} INFO - [2024-01-05T14:07:40.086+0000] {dag.py:2690} INFO - Sync 1 DAGs
[2024-01-05T14:07:40.102+0000] {logging_mixin.py:137} INFO - [2024-01-05T14:07:40.102+0000] {dag.py:3441} INFO - Setting next_dagrun for example_branch_operator to 2024-01-04T00:00:00+00:00, run_after=2024-01-05T00:00:00+00:00
[2024-01-05T14:07:40.113+0000] {processor.py:175} INFO - Processing /home/airflow/.local/lib/python3.7/site-packages/airflow/example_dags/example_branch_operator.py took 0.072 seconds
[2024-01-05T14:08:10.879+0000] {processor.py:153} INFO - Started process (PID=5965) to work on /home/airflow/.local/lib/python3.7/site-packages/airflow/example_dags/example_branch_operator.py
[2024-01-05T14:08:10.880+0000] {processor.py:743} INFO - Processing file /home/airflow/.local/lib/python3.7/site-packages/airflow/example_dags/example_branch_operator.py for tasks to queue
[2024-01-05T14:08:10.881+0000] {logging_mixin.py:137} INFO - [2024-01-05T14:08:10.881+0000] {dagbag.py:538} INFO - Filling up the DagBag from /home/airflow/.local/lib/python3.7/site-packages/airflow/example_dags/example_branch_operator.py
[2024-01-05T14:08:10.893+0000] {processor.py:753} INFO - DAG(s) dict_keys(['example_branch_operator']) retrieved from /home/airflow/.local/lib/python3.7/site-packages/airflow/example_dags/example_branch_operator.py
[2024-01-05T14:08:10.925+0000] {logging_mixin.py:137} INFO - [2024-01-05T14:08:10.925+0000] {dag.py:2690} INFO - Sync 1 DAGs
[2024-01-05T14:08:10.968+0000] {logging_mixin.py:137} INFO - [2024-01-05T14:08:10.968+0000] {dag.py:3441} INFO - Setting next_dagrun for example_branch_operator to 2024-01-04T00:00:00+00:00, run_after=2024-01-05T00:00:00+00:00
[2024-01-05T14:08:11.001+0000] {processor.py:175} INFO - Processing /home/airflow/.local/lib/python3.7/site-packages/airflow/example_dags/example_branch_operator.py took 0.125 seconds
[2024-01-05T14:08:41.705+0000] {processor.py:153} INFO - Started process (PID=6028) to work on /home/airflow/.local/lib/python3.7/site-packages/airflow/example_dags/example_branch_operator.py
[2024-01-05T14:08:41.707+0000] {processor.py:743} INFO - Processing file /home/airflow/.local/lib/python3.7/site-packages/airflow/example_dags/example_branch_operator.py for tasks to queue
[2024-01-05T14:08:41.708+0000] {logging_mixin.py:137} INFO - [2024-01-05T14:08:41.708+0000] {dagbag.py:538} INFO - Filling up the DagBag from /home/airflow/.local/lib/python3.7/site-packages/airflow/example_dags/example_branch_operator.py
[2024-01-05T14:08:41.721+0000] {processor.py:753} INFO - DAG(s) dict_keys(['example_branch_operator']) retrieved from /home/airflow/.local/lib/python3.7/site-packages/airflow/example_dags/example_branch_operator.py
[2024-01-05T14:08:41.741+0000] {logging_mixin.py:137} INFO - [2024-01-05T14:08:41.741+0000] {dag.py:2690} INFO - Sync 1 DAGs
[2024-01-05T14:08:41.760+0000] {logging_mixin.py:137} INFO - [2024-01-05T14:08:41.760+0000] {dag.py:3441} INFO - Setting next_dagrun for example_branch_operator to 2024-01-04T00:00:00+00:00, run_after=2024-01-05T00:00:00+00:00
[2024-01-05T14:08:41.774+0000] {processor.py:175} INFO - Processing /home/airflow/.local/lib/python3.7/site-packages/airflow/example_dags/example_branch_operator.py took 0.072 seconds
[2024-01-05T14:09:12.755+0000] {processor.py:153} INFO - Started process (PID=6104) to work on /home/airflow/.local/lib/python3.7/site-packages/airflow/example_dags/example_branch_operator.py
[2024-01-05T14:09:12.756+0000] {processor.py:743} INFO - Processing file /home/airflow/.local/lib/python3.7/site-packages/airflow/example_dags/example_branch_operator.py for tasks to queue
[2024-01-05T14:09:12.757+0000] {logging_mixin.py:137} INFO - [2024-01-05T14:09:12.757+0000] {dagbag.py:538} INFO - Filling up the DagBag from /home/airflow/.local/lib/python3.7/site-packages/airflow/example_dags/example_branch_operator.py
[2024-01-05T14:09:12.770+0000] {processor.py:753} INFO - DAG(s) dict_keys(['example_branch_operator']) retrieved from /home/airflow/.local/lib/python3.7/site-packages/airflow/example_dags/example_branch_operator.py
[2024-01-05T14:09:12.790+0000] {logging_mixin.py:137} INFO - [2024-01-05T14:09:12.790+0000] {dag.py:2690} INFO - Sync 1 DAGs
[2024-01-05T14:09:12.807+0000] {logging_mixin.py:137} INFO - [2024-01-05T14:09:12.807+0000] {dag.py:3441} INFO - Setting next_dagrun for example_branch_operator to 2024-01-04T00:00:00+00:00, run_after=2024-01-05T00:00:00+00:00
[2024-01-05T14:09:12.818+0000] {processor.py:175} INFO - Processing /home/airflow/.local/lib/python3.7/site-packages/airflow/example_dags/example_branch_operator.py took 0.066 seconds
[2024-01-05T14:09:44.242+0000] {processor.py:153} INFO - Started process (PID=6179) to work on /home/airflow/.local/lib/python3.7/site-packages/airflow/example_dags/example_branch_operator.py
[2024-01-05T14:09:44.244+0000] {processor.py:743} INFO - Processing file /home/airflow/.local/lib/python3.7/site-packages/airflow/example_dags/example_branch_operator.py for tasks to queue
[2024-01-05T14:09:44.245+0000] {logging_mixin.py:137} INFO - [2024-01-05T14:09:44.245+0000] {dagbag.py:538} INFO - Filling up the DagBag from /home/airflow/.local/lib/python3.7/site-packages/airflow/example_dags/example_branch_operator.py
[2024-01-05T14:09:44.293+0000] {processor.py:753} INFO - DAG(s) dict_keys(['example_branch_operator']) retrieved from /home/airflow/.local/lib/python3.7/site-packages/airflow/example_dags/example_branch_operator.py
[2024-01-05T14:09:44.363+0000] {logging_mixin.py:137} INFO - [2024-01-05T14:09:44.363+0000] {dag.py:2690} INFO - Sync 1 DAGs
[2024-01-05T14:09:44.437+0000] {logging_mixin.py:137} INFO - [2024-01-05T14:09:44.437+0000] {dag.py:3441} INFO - Setting next_dagrun for example_branch_operator to 2024-01-04T00:00:00+00:00, run_after=2024-01-05T00:00:00+00:00
[2024-01-05T14:09:44.458+0000] {processor.py:175} INFO - Processing /home/airflow/.local/lib/python3.7/site-packages/airflow/example_dags/example_branch_operator.py took 0.234 seconds
[2024-01-05T14:10:15.070+0000] {processor.py:153} INFO - Started process (PID=6241) to work on /home/airflow/.local/lib/python3.7/site-packages/airflow/example_dags/example_branch_operator.py
[2024-01-05T14:10:15.072+0000] {processor.py:743} INFO - Processing file /home/airflow/.local/lib/python3.7/site-packages/airflow/example_dags/example_branch_operator.py for tasks to queue
[2024-01-05T14:10:15.073+0000] {logging_mixin.py:137} INFO - [2024-01-05T14:10:15.073+0000] {dagbag.py:538} INFO - Filling up the DagBag from /home/airflow/.local/lib/python3.7/site-packages/airflow/example_dags/example_branch_operator.py
[2024-01-05T14:10:15.088+0000] {processor.py:753} INFO - DAG(s) dict_keys(['example_branch_operator']) retrieved from /home/airflow/.local/lib/python3.7/site-packages/airflow/example_dags/example_branch_operator.py
[2024-01-05T14:10:15.108+0000] {logging_mixin.py:137} INFO - [2024-01-05T14:10:15.108+0000] {dag.py:2690} INFO - Sync 1 DAGs
[2024-01-05T14:10:15.126+0000] {logging_mixin.py:137} INFO - [2024-01-05T14:10:15.126+0000] {dag.py:3441} INFO - Setting next_dagrun for example_branch_operator to 2024-01-05T00:00:00+00:00, run_after=2024-01-06T00:00:00+00:00
[2024-01-05T14:10:15.138+0000] {processor.py:175} INFO - Processing /home/airflow/.local/lib/python3.7/site-packages/airflow/example_dags/example_branch_operator.py took 0.072 seconds
[2024-01-05T14:10:46.177+0000] {processor.py:153} INFO - Started process (PID=6314) to work on /home/airflow/.local/lib/python3.7/site-packages/airflow/example_dags/example_branch_operator.py
[2024-01-05T14:10:46.179+0000] {processor.py:743} INFO - Processing file /home/airflow/.local/lib/python3.7/site-packages/airflow/example_dags/example_branch_operator.py for tasks to queue
[2024-01-05T14:10:46.180+0000] {logging_mixin.py:137} INFO - [2024-01-05T14:10:46.180+0000] {dagbag.py:538} INFO - Filling up the DagBag from /home/airflow/.local/lib/python3.7/site-packages/airflow/example_dags/example_branch_operator.py
[2024-01-05T14:10:46.195+0000] {processor.py:753} INFO - DAG(s) dict_keys(['example_branch_operator']) retrieved from /home/airflow/.local/lib/python3.7/site-packages/airflow/example_dags/example_branch_operator.py
[2024-01-05T14:10:46.218+0000] {logging_mixin.py:137} INFO - [2024-01-05T14:10:46.217+0000] {dag.py:2690} INFO - Sync 1 DAGs
[2024-01-05T14:10:46.240+0000] {logging_mixin.py:137} INFO - [2024-01-05T14:10:46.240+0000] {dag.py:3441} INFO - Setting next_dagrun for example_branch_operator to 2024-01-05T00:00:00+00:00, run_after=2024-01-06T00:00:00+00:00
[2024-01-05T14:10:46.257+0000] {processor.py:175} INFO - Processing /home/airflow/.local/lib/python3.7/site-packages/airflow/example_dags/example_branch_operator.py took 0.086 seconds
[2024-01-05T14:11:16.626+0000] {processor.py:153} INFO - Started process (PID=6377) to work on /home/airflow/.local/lib/python3.7/site-packages/airflow/example_dags/example_branch_operator.py
[2024-01-05T14:11:16.627+0000] {processor.py:743} INFO - Processing file /home/airflow/.local/lib/python3.7/site-packages/airflow/example_dags/example_branch_operator.py for tasks to queue
[2024-01-05T14:11:16.628+0000] {logging_mixin.py:137} INFO - [2024-01-05T14:11:16.628+0000] {dagbag.py:538} INFO - Filling up the DagBag from /home/airflow/.local/lib/python3.7/site-packages/airflow/example_dags/example_branch_operator.py
[2024-01-05T14:11:16.640+0000] {processor.py:753} INFO - DAG(s) dict_keys(['example_branch_operator']) retrieved from /home/airflow/.local/lib/python3.7/site-packages/airflow/example_dags/example_branch_operator.py
[2024-01-05T14:11:16.735+0000] {logging_mixin.py:137} INFO - [2024-01-05T14:11:16.735+0000] {dag.py:2690} INFO - Sync 1 DAGs
[2024-01-05T14:11:16.764+0000] {logging_mixin.py:137} INFO - [2024-01-05T14:11:16.764+0000] {dag.py:3441} INFO - Setting next_dagrun for example_branch_operator to 2024-01-05T00:00:00+00:00, run_after=2024-01-06T00:00:00+00:00
[2024-01-05T14:11:16.850+0000] {processor.py:175} INFO - Processing /home/airflow/.local/lib/python3.7/site-packages/airflow/example_dags/example_branch_operator.py took 0.227 seconds
[2024-01-05T14:11:47.257+0000] {processor.py:153} INFO - Started process (PID=6451) to work on /home/airflow/.local/lib/python3.7/site-packages/airflow/example_dags/example_branch_operator.py
[2024-01-05T14:11:47.259+0000] {processor.py:743} INFO - Processing file /home/airflow/.local/lib/python3.7/site-packages/airflow/example_dags/example_branch_operator.py for tasks to queue
[2024-01-05T14:11:47.260+0000] {logging_mixin.py:137} INFO - [2024-01-05T14:11:47.260+0000] {dagbag.py:538} INFO - Filling up the DagBag from /home/airflow/.local/lib/python3.7/site-packages/airflow/example_dags/example_branch_operator.py
[2024-01-05T14:11:47.275+0000] {processor.py:753} INFO - DAG(s) dict_keys(['example_branch_operator']) retrieved from /home/airflow/.local/lib/python3.7/site-packages/airflow/example_dags/example_branch_operator.py
[2024-01-05T14:11:47.297+0000] {logging_mixin.py:137} INFO - [2024-01-05T14:11:47.297+0000] {dag.py:2690} INFO - Sync 1 DAGs
[2024-01-05T14:11:47.314+0000] {logging_mixin.py:137} INFO - [2024-01-05T14:11:47.314+0000] {dag.py:3441} INFO - Setting next_dagrun for example_branch_operator to 2024-01-05T00:00:00+00:00, run_after=2024-01-06T00:00:00+00:00
[2024-01-05T14:11:47.325+0000] {processor.py:175} INFO - Processing /home/airflow/.local/lib/python3.7/site-packages/airflow/example_dags/example_branch_operator.py took 0.072 seconds
[2024-01-05T14:12:17.735+0000] {processor.py:153} INFO - Started process (PID=6515) to work on /home/airflow/.local/lib/python3.7/site-packages/airflow/example_dags/example_branch_operator.py
[2024-01-05T14:12:17.736+0000] {processor.py:743} INFO - Processing file /home/airflow/.local/lib/python3.7/site-packages/airflow/example_dags/example_branch_operator.py for tasks to queue
[2024-01-05T14:12:17.737+0000] {logging_mixin.py:137} INFO - [2024-01-05T14:12:17.737+0000] {dagbag.py:538} INFO - Filling up the DagBag from /home/airflow/.local/lib/python3.7/site-packages/airflow/example_dags/example_branch_operator.py
[2024-01-05T14:12:17.749+0000] {processor.py:753} INFO - DAG(s) dict_keys(['example_branch_operator']) retrieved from /home/airflow/.local/lib/python3.7/site-packages/airflow/example_dags/example_branch_operator.py
[2024-01-05T14:12:17.769+0000] {logging_mixin.py:137} INFO - [2024-01-05T14:12:17.769+0000] {dag.py:2690} INFO - Sync 1 DAGs
[2024-01-05T14:12:17.789+0000] {logging_mixin.py:137} INFO - [2024-01-05T14:12:17.789+0000] {dag.py:3441} INFO - Setting next_dagrun for example_branch_operator to 2024-01-05T00:00:00+00:00, run_after=2024-01-06T00:00:00+00:00
[2024-01-05T14:12:17.810+0000] {processor.py:175} INFO - Processing /home/airflow/.local/lib/python3.7/site-packages/airflow/example_dags/example_branch_operator.py took 0.079 seconds
[2024-01-05T14:12:48.801+0000] {processor.py:153} INFO - Started process (PID=6590) to work on /home/airflow/.local/lib/python3.7/site-packages/airflow/example_dags/example_branch_operator.py
[2024-01-05T14:12:48.802+0000] {processor.py:743} INFO - Processing file /home/airflow/.local/lib/python3.7/site-packages/airflow/example_dags/example_branch_operator.py for tasks to queue
[2024-01-05T14:12:48.803+0000] {logging_mixin.py:137} INFO - [2024-01-05T14:12:48.803+0000] {dagbag.py:538} INFO - Filling up the DagBag from /home/airflow/.local/lib/python3.7/site-packages/airflow/example_dags/example_branch_operator.py
[2024-01-05T14:12:48.815+0000] {processor.py:753} INFO - DAG(s) dict_keys(['example_branch_operator']) retrieved from /home/airflow/.local/lib/python3.7/site-packages/airflow/example_dags/example_branch_operator.py
[2024-01-05T14:12:48.835+0000] {logging_mixin.py:137} INFO - [2024-01-05T14:12:48.835+0000] {dag.py:2690} INFO - Sync 1 DAGs
[2024-01-05T14:12:48.857+0000] {logging_mixin.py:137} INFO - [2024-01-05T14:12:48.857+0000] {dag.py:3441} INFO - Setting next_dagrun for example_branch_operator to 2024-01-05T00:00:00+00:00, run_after=2024-01-06T00:00:00+00:00
[2024-01-05T14:12:48.868+0000] {processor.py:175} INFO - Processing /home/airflow/.local/lib/python3.7/site-packages/airflow/example_dags/example_branch_operator.py took 0.070 seconds
[2024-01-05T14:13:19.246+0000] {processor.py:153} INFO - Started process (PID=6651) to work on /home/airflow/.local/lib/python3.7/site-packages/airflow/example_dags/example_branch_operator.py
[2024-01-05T14:13:19.249+0000] {processor.py:743} INFO - Processing file /home/airflow/.local/lib/python3.7/site-packages/airflow/example_dags/example_branch_operator.py for tasks to queue
[2024-01-05T14:13:19.250+0000] {logging_mixin.py:137} INFO - [2024-01-05T14:13:19.250+0000] {dagbag.py:538} INFO - Filling up the DagBag from /home/airflow/.local/lib/python3.7/site-packages/airflow/example_dags/example_branch_operator.py
[2024-01-05T14:13:19.268+0000] {processor.py:753} INFO - DAG(s) dict_keys(['example_branch_operator']) retrieved from /home/airflow/.local/lib/python3.7/site-packages/airflow/example_dags/example_branch_operator.py
[2024-01-05T14:13:19.296+0000] {logging_mixin.py:137} INFO - [2024-01-05T14:13:19.296+0000] {dag.py:2690} INFO - Sync 1 DAGs
[2024-01-05T14:13:19.327+0000] {logging_mixin.py:137} INFO - [2024-01-05T14:13:19.327+0000] {dag.py:3441} INFO - Setting next_dagrun for example_branch_operator to 2024-01-05T00:00:00+00:00, run_after=2024-01-06T00:00:00+00:00
[2024-01-05T14:13:19.362+0000] {processor.py:175} INFO - Processing /home/airflow/.local/lib/python3.7/site-packages/airflow/example_dags/example_branch_operator.py took 0.120 seconds
[2024-01-05T14:13:50.172+0000] {processor.py:153} INFO - Started process (PID=6727) to work on /home/airflow/.local/lib/python3.7/site-packages/airflow/example_dags/example_branch_operator.py
[2024-01-05T14:13:50.175+0000] {processor.py:743} INFO - Processing file /home/airflow/.local/lib/python3.7/site-packages/airflow/example_dags/example_branch_operator.py for tasks to queue
[2024-01-05T14:13:50.176+0000] {logging_mixin.py:137} INFO - [2024-01-05T14:13:50.176+0000] {dagbag.py:538} INFO - Filling up the DagBag from /home/airflow/.local/lib/python3.7/site-packages/airflow/example_dags/example_branch_operator.py
[2024-01-05T14:13:50.197+0000] {processor.py:753} INFO - DAG(s) dict_keys(['example_branch_operator']) retrieved from /home/airflow/.local/lib/python3.7/site-packages/airflow/example_dags/example_branch_operator.py
[2024-01-05T14:13:50.223+0000] {logging_mixin.py:137} INFO - [2024-01-05T14:13:50.223+0000] {dag.py:2690} INFO - Sync 1 DAGs
[2024-01-05T14:13:50.247+0000] {logging_mixin.py:137} INFO - [2024-01-05T14:13:50.247+0000] {dag.py:3441} INFO - Setting next_dagrun for example_branch_operator to 2024-01-05T00:00:00+00:00, run_after=2024-01-06T00:00:00+00:00
[2024-01-05T14:13:50.264+0000] {processor.py:175} INFO - Processing /home/airflow/.local/lib/python3.7/site-packages/airflow/example_dags/example_branch_operator.py took 0.095 seconds
[2024-01-05T14:14:21.398+0000] {processor.py:153} INFO - Started process (PID=6803) to work on /home/airflow/.local/lib/python3.7/site-packages/airflow/example_dags/example_branch_operator.py
[2024-01-05T14:14:21.400+0000] {processor.py:743} INFO - Processing file /home/airflow/.local/lib/python3.7/site-packages/airflow/example_dags/example_branch_operator.py for tasks to queue
[2024-01-05T14:14:21.401+0000] {logging_mixin.py:137} INFO - [2024-01-05T14:14:21.401+0000] {dagbag.py:538} INFO - Filling up the DagBag from /home/airflow/.local/lib/python3.7/site-packages/airflow/example_dags/example_branch_operator.py
[2024-01-05T14:14:21.424+0000] {processor.py:753} INFO - DAG(s) dict_keys(['example_branch_operator']) retrieved from /home/airflow/.local/lib/python3.7/site-packages/airflow/example_dags/example_branch_operator.py
[2024-01-05T14:14:21.460+0000] {logging_mixin.py:137} INFO - [2024-01-05T14:14:21.460+0000] {dag.py:2690} INFO - Sync 1 DAGs
[2024-01-05T14:14:21.489+0000] {logging_mixin.py:137} INFO - [2024-01-05T14:14:21.489+0000] {dag.py:3441} INFO - Setting next_dagrun for example_branch_operator to 2024-01-05T00:00:00+00:00, run_after=2024-01-06T00:00:00+00:00
[2024-01-05T14:14:21.521+0000] {processor.py:175} INFO - Processing /home/airflow/.local/lib/python3.7/site-packages/airflow/example_dags/example_branch_operator.py took 0.132 seconds
[2024-01-05T14:14:52.220+0000] {processor.py:153} INFO - Started process (PID=6866) to work on /home/airflow/.local/lib/python3.7/site-packages/airflow/example_dags/example_branch_operator.py
[2024-01-05T14:14:52.222+0000] {processor.py:743} INFO - Processing file /home/airflow/.local/lib/python3.7/site-packages/airflow/example_dags/example_branch_operator.py for tasks to queue
[2024-01-05T14:14:52.223+0000] {logging_mixin.py:137} INFO - [2024-01-05T14:14:52.223+0000] {dagbag.py:538} INFO - Filling up the DagBag from /home/airflow/.local/lib/python3.7/site-packages/airflow/example_dags/example_branch_operator.py
[2024-01-05T14:14:52.239+0000] {processor.py:753} INFO - DAG(s) dict_keys(['example_branch_operator']) retrieved from /home/airflow/.local/lib/python3.7/site-packages/airflow/example_dags/example_branch_operator.py
[2024-01-05T14:14:52.265+0000] {logging_mixin.py:137} INFO - [2024-01-05T14:14:52.265+0000] {dag.py:2690} INFO - Sync 1 DAGs
[2024-01-05T14:14:52.283+0000] {logging_mixin.py:137} INFO - [2024-01-05T14:14:52.283+0000] {dag.py:3441} INFO - Setting next_dagrun for example_branch_operator to 2024-01-05T00:00:00+00:00, run_after=2024-01-06T00:00:00+00:00
[2024-01-05T14:14:52.293+0000] {processor.py:175} INFO - Processing /home/airflow/.local/lib/python3.7/site-packages/airflow/example_dags/example_branch_operator.py took 0.079 seconds
[2024-01-05T14:15:23.282+0000] {processor.py:153} INFO - Started process (PID=6941) to work on /home/airflow/.local/lib/python3.7/site-packages/airflow/example_dags/example_branch_operator.py
[2024-01-05T14:15:23.283+0000] {processor.py:743} INFO - Processing file /home/airflow/.local/lib/python3.7/site-packages/airflow/example_dags/example_branch_operator.py for tasks to queue
[2024-01-05T14:15:23.284+0000] {logging_mixin.py:137} INFO - [2024-01-05T14:15:23.284+0000] {dagbag.py:538} INFO - Filling up the DagBag from /home/airflow/.local/lib/python3.7/site-packages/airflow/example_dags/example_branch_operator.py
[2024-01-05T14:15:23.298+0000] {processor.py:753} INFO - DAG(s) dict_keys(['example_branch_operator']) retrieved from /home/airflow/.local/lib/python3.7/site-packages/airflow/example_dags/example_branch_operator.py
[2024-01-05T14:15:23.330+0000] {logging_mixin.py:137} INFO - [2024-01-05T14:15:23.330+0000] {dag.py:2690} INFO - Sync 1 DAGs
[2024-01-05T14:15:23.349+0000] {logging_mixin.py:137} INFO - [2024-01-05T14:15:23.349+0000] {dag.py:3441} INFO - Setting next_dagrun for example_branch_operator to 2024-01-05T00:00:00+00:00, run_after=2024-01-06T00:00:00+00:00
[2024-01-05T14:15:23.364+0000] {processor.py:175} INFO - Processing /home/airflow/.local/lib/python3.7/site-packages/airflow/example_dags/example_branch_operator.py took 0.087 seconds
[2024-01-05T14:15:53.577+0000] {processor.py:153} INFO - Started process (PID=7004) to work on /home/airflow/.local/lib/python3.7/site-packages/airflow/example_dags/example_branch_operator.py
[2024-01-05T14:15:53.579+0000] {processor.py:743} INFO - Processing file /home/airflow/.local/lib/python3.7/site-packages/airflow/example_dags/example_branch_operator.py for tasks to queue
[2024-01-05T14:15:53.580+0000] {logging_mixin.py:137} INFO - [2024-01-05T14:15:53.580+0000] {dagbag.py:538} INFO - Filling up the DagBag from /home/airflow/.local/lib/python3.7/site-packages/airflow/example_dags/example_branch_operator.py
[2024-01-05T14:15:53.592+0000] {processor.py:753} INFO - DAG(s) dict_keys(['example_branch_operator']) retrieved from /home/airflow/.local/lib/python3.7/site-packages/airflow/example_dags/example_branch_operator.py
[2024-01-05T14:15:53.611+0000] {logging_mixin.py:137} INFO - [2024-01-05T14:15:53.611+0000] {dag.py:2690} INFO - Sync 1 DAGs
[2024-01-05T14:15:53.628+0000] {logging_mixin.py:137} INFO - [2024-01-05T14:15:53.628+0000] {dag.py:3441} INFO - Setting next_dagrun for example_branch_operator to 2024-01-05T00:00:00+00:00, run_after=2024-01-06T00:00:00+00:00
[2024-01-05T14:15:53.640+0000] {processor.py:175} INFO - Processing /home/airflow/.local/lib/python3.7/site-packages/airflow/example_dags/example_branch_operator.py took 0.065 seconds
[2024-01-05T14:16:24.405+0000] {processor.py:153} INFO - Started process (PID=7079) to work on /home/airflow/.local/lib/python3.7/site-packages/airflow/example_dags/example_branch_operator.py
[2024-01-05T14:16:24.407+0000] {processor.py:743} INFO - Processing file /home/airflow/.local/lib/python3.7/site-packages/airflow/example_dags/example_branch_operator.py for tasks to queue
[2024-01-05T14:16:24.407+0000] {logging_mixin.py:137} INFO - [2024-01-05T14:16:24.407+0000] {dagbag.py:538} INFO - Filling up the DagBag from /home/airflow/.local/lib/python3.7/site-packages/airflow/example_dags/example_branch_operator.py
[2024-01-05T14:16:24.419+0000] {processor.py:753} INFO - DAG(s) dict_keys(['example_branch_operator']) retrieved from /home/airflow/.local/lib/python3.7/site-packages/airflow/example_dags/example_branch_operator.py
[2024-01-05T14:16:24.439+0000] {logging_mixin.py:137} INFO - [2024-01-05T14:16:24.439+0000] {dag.py:2690} INFO - Sync 1 DAGs
[2024-01-05T14:16:24.457+0000] {logging_mixin.py:137} INFO - [2024-01-05T14:16:24.457+0000] {dag.py:3441} INFO - Setting next_dagrun for example_branch_operator to 2024-01-05T00:00:00+00:00, run_after=2024-01-06T00:00:00+00:00
[2024-01-05T14:16:24.467+0000] {processor.py:175} INFO - Processing /home/airflow/.local/lib/python3.7/site-packages/airflow/example_dags/example_branch_operator.py took 0.065 seconds
[2024-01-05T14:16:55.358+0000] {processor.py:153} INFO - Started process (PID=7143) to work on /home/airflow/.local/lib/python3.7/site-packages/airflow/example_dags/example_branch_operator.py
[2024-01-05T14:16:55.359+0000] {processor.py:743} INFO - Processing file /home/airflow/.local/lib/python3.7/site-packages/airflow/example_dags/example_branch_operator.py for tasks to queue
[2024-01-05T14:16:55.360+0000] {logging_mixin.py:137} INFO - [2024-01-05T14:16:55.360+0000] {dagbag.py:538} INFO - Filling up the DagBag from /home/airflow/.local/lib/python3.7/site-packages/airflow/example_dags/example_branch_operator.py
[2024-01-05T14:16:55.372+0000] {processor.py:753} INFO - DAG(s) dict_keys(['example_branch_operator']) retrieved from /home/airflow/.local/lib/python3.7/site-packages/airflow/example_dags/example_branch_operator.py
[2024-01-05T14:16:55.393+0000] {logging_mixin.py:137} INFO - [2024-01-05T14:16:55.393+0000] {dag.py:2690} INFO - Sync 1 DAGs
[2024-01-05T14:16:55.410+0000] {logging_mixin.py:137} INFO - [2024-01-05T14:16:55.410+0000] {dag.py:3441} INFO - Setting next_dagrun for example_branch_operator to 2024-01-05T00:00:00+00:00, run_after=2024-01-06T00:00:00+00:00
[2024-01-05T14:16:55.422+0000] {processor.py:175} INFO - Processing /home/airflow/.local/lib/python3.7/site-packages/airflow/example_dags/example_branch_operator.py took 0.067 seconds
[2024-01-05T14:17:25.800+0000] {processor.py:153} INFO - Started process (PID=7217) to work on /home/airflow/.local/lib/python3.7/site-packages/airflow/example_dags/example_branch_operator.py
[2024-01-05T14:17:25.801+0000] {processor.py:743} INFO - Processing file /home/airflow/.local/lib/python3.7/site-packages/airflow/example_dags/example_branch_operator.py for tasks to queue
[2024-01-05T14:17:25.802+0000] {logging_mixin.py:137} INFO - [2024-01-05T14:17:25.802+0000] {dagbag.py:538} INFO - Filling up the DagBag from /home/airflow/.local/lib/python3.7/site-packages/airflow/example_dags/example_branch_operator.py
[2024-01-05T14:17:25.815+0000] {processor.py:753} INFO - DAG(s) dict_keys(['example_branch_operator']) retrieved from /home/airflow/.local/lib/python3.7/site-packages/airflow/example_dags/example_branch_operator.py
[2024-01-05T14:17:25.835+0000] {logging_mixin.py:137} INFO - [2024-01-05T14:17:25.835+0000] {dag.py:2690} INFO - Sync 1 DAGs
[2024-01-05T14:17:25.854+0000] {logging_mixin.py:137} INFO - [2024-01-05T14:17:25.853+0000] {dag.py:3441} INFO - Setting next_dagrun for example_branch_operator to 2024-01-05T00:00:00+00:00, run_after=2024-01-06T00:00:00+00:00
[2024-01-05T14:17:25.867+0000] {processor.py:175} INFO - Processing /home/airflow/.local/lib/python3.7/site-packages/airflow/example_dags/example_branch_operator.py took 0.070 seconds
[2024-01-05T14:17:56.972+0000] {processor.py:153} INFO - Started process (PID=7280) to work on /home/airflow/.local/lib/python3.7/site-packages/airflow/example_dags/example_branch_operator.py
[2024-01-05T14:17:56.974+0000] {processor.py:743} INFO - Processing file /home/airflow/.local/lib/python3.7/site-packages/airflow/example_dags/example_branch_operator.py for tasks to queue
[2024-01-05T14:17:56.975+0000] {logging_mixin.py:137} INFO - [2024-01-05T14:17:56.974+0000] {dagbag.py:538} INFO - Filling up the DagBag from /home/airflow/.local/lib/python3.7/site-packages/airflow/example_dags/example_branch_operator.py
[2024-01-05T14:17:57.003+0000] {processor.py:753} INFO - DAG(s) dict_keys(['example_branch_operator']) retrieved from /home/airflow/.local/lib/python3.7/site-packages/airflow/example_dags/example_branch_operator.py
[2024-01-05T14:17:57.032+0000] {logging_mixin.py:137} INFO - [2024-01-05T14:17:57.032+0000] {dag.py:2690} INFO - Sync 1 DAGs
[2024-01-05T14:17:57.065+0000] {logging_mixin.py:137} INFO - [2024-01-05T14:17:57.065+0000] {dag.py:3441} INFO - Setting next_dagrun for example_branch_operator to 2024-01-05T00:00:00+00:00, run_after=2024-01-06T00:00:00+00:00
[2024-01-05T14:17:57.088+0000] {processor.py:175} INFO - Processing /home/airflow/.local/lib/python3.7/site-packages/airflow/example_dags/example_branch_operator.py took 0.120 seconds
[2024-01-05T14:18:27.282+0000] {processor.py:153} INFO - Started process (PID=7354) to work on /home/airflow/.local/lib/python3.7/site-packages/airflow/example_dags/example_branch_operator.py
[2024-01-05T14:18:27.283+0000] {processor.py:743} INFO - Processing file /home/airflow/.local/lib/python3.7/site-packages/airflow/example_dags/example_branch_operator.py for tasks to queue
[2024-01-05T14:18:27.285+0000] {logging_mixin.py:137} INFO - [2024-01-05T14:18:27.285+0000] {dagbag.py:538} INFO - Filling up the DagBag from /home/airflow/.local/lib/python3.7/site-packages/airflow/example_dags/example_branch_operator.py
[2024-01-05T14:18:27.298+0000] {processor.py:753} INFO - DAG(s) dict_keys(['example_branch_operator']) retrieved from /home/airflow/.local/lib/python3.7/site-packages/airflow/example_dags/example_branch_operator.py
[2024-01-05T14:18:27.320+0000] {logging_mixin.py:137} INFO - [2024-01-05T14:18:27.320+0000] {dag.py:2690} INFO - Sync 1 DAGs
[2024-01-05T14:18:27.351+0000] {logging_mixin.py:137} INFO - [2024-01-05T14:18:27.351+0000] {dag.py:3441} INFO - Setting next_dagrun for example_branch_operator to 2024-01-05T00:00:00+00:00, run_after=2024-01-06T00:00:00+00:00
[2024-01-05T14:18:27.364+0000] {processor.py:175} INFO - Processing /home/airflow/.local/lib/python3.7/site-packages/airflow/example_dags/example_branch_operator.py took 0.085 seconds
[2024-01-05T14:18:58.472+0000] {processor.py:153} INFO - Started process (PID=7429) to work on /home/airflow/.local/lib/python3.7/site-packages/airflow/example_dags/example_branch_operator.py
[2024-01-05T14:18:58.481+0000] {processor.py:743} INFO - Processing file /home/airflow/.local/lib/python3.7/site-packages/airflow/example_dags/example_branch_operator.py for tasks to queue
[2024-01-05T14:18:58.485+0000] {logging_mixin.py:137} INFO - [2024-01-05T14:18:58.484+0000] {dagbag.py:538} INFO - Filling up the DagBag from /home/airflow/.local/lib/python3.7/site-packages/airflow/example_dags/example_branch_operator.py
[2024-01-05T14:18:58.510+0000] {processor.py:753} INFO - DAG(s) dict_keys(['example_branch_operator']) retrieved from /home/airflow/.local/lib/python3.7/site-packages/airflow/example_dags/example_branch_operator.py
[2024-01-05T14:18:58.550+0000] {logging_mixin.py:137} INFO - [2024-01-05T14:18:58.550+0000] {dag.py:2690} INFO - Sync 1 DAGs
[2024-01-05T14:18:58.582+0000] {logging_mixin.py:137} INFO - [2024-01-05T14:18:58.582+0000] {dag.py:3441} INFO - Setting next_dagrun for example_branch_operator to 2024-01-05T00:00:00+00:00, run_after=2024-01-06T00:00:00+00:00
[2024-01-05T14:18:58.608+0000] {processor.py:175} INFO - Processing /home/airflow/.local/lib/python3.7/site-packages/airflow/example_dags/example_branch_operator.py took 0.139 seconds
[2024-01-05T14:19:28.898+0000] {processor.py:153} INFO - Started process (PID=7492) to work on /home/airflow/.local/lib/python3.7/site-packages/airflow/example_dags/example_branch_operator.py
[2024-01-05T14:19:28.899+0000] {processor.py:743} INFO - Processing file /home/airflow/.local/lib/python3.7/site-packages/airflow/example_dags/example_branch_operator.py for tasks to queue
[2024-01-05T14:19:28.900+0000] {logging_mixin.py:137} INFO - [2024-01-05T14:19:28.900+0000] {dagbag.py:538} INFO - Filling up the DagBag from /home/airflow/.local/lib/python3.7/site-packages/airflow/example_dags/example_branch_operator.py
[2024-01-05T14:19:28.913+0000] {processor.py:753} INFO - DAG(s) dict_keys(['example_branch_operator']) retrieved from /home/airflow/.local/lib/python3.7/site-packages/airflow/example_dags/example_branch_operator.py
[2024-01-05T14:19:28.936+0000] {logging_mixin.py:137} INFO - [2024-01-05T14:19:28.936+0000] {dag.py:2690} INFO - Sync 1 DAGs
[2024-01-05T14:19:28.958+0000] {logging_mixin.py:137} INFO - [2024-01-05T14:19:28.958+0000] {dag.py:3441} INFO - Setting next_dagrun for example_branch_operator to 2024-01-05T00:00:00+00:00, run_after=2024-01-06T00:00:00+00:00
[2024-01-05T14:19:28.980+0000] {processor.py:175} INFO - Processing /home/airflow/.local/lib/python3.7/site-packages/airflow/example_dags/example_branch_operator.py took 0.085 seconds
[2024-01-05T14:20:00.173+0000] {processor.py:153} INFO - Started process (PID=7566) to work on /home/airflow/.local/lib/python3.7/site-packages/airflow/example_dags/example_branch_operator.py
[2024-01-05T14:20:00.176+0000] {processor.py:743} INFO - Processing file /home/airflow/.local/lib/python3.7/site-packages/airflow/example_dags/example_branch_operator.py for tasks to queue
[2024-01-05T14:20:00.178+0000] {logging_mixin.py:137} INFO - [2024-01-05T14:20:00.178+0000] {dagbag.py:538} INFO - Filling up the DagBag from /home/airflow/.local/lib/python3.7/site-packages/airflow/example_dags/example_branch_operator.py
[2024-01-05T14:20:00.207+0000] {processor.py:753} INFO - DAG(s) dict_keys(['example_branch_operator']) retrieved from /home/airflow/.local/lib/python3.7/site-packages/airflow/example_dags/example_branch_operator.py
[2024-01-05T14:20:00.262+0000] {logging_mixin.py:137} INFO - [2024-01-05T14:20:00.262+0000] {dag.py:2690} INFO - Sync 1 DAGs
[2024-01-05T14:20:00.287+0000] {logging_mixin.py:137} INFO - [2024-01-05T14:20:00.287+0000] {dag.py:3441} INFO - Setting next_dagrun for example_branch_operator to 2024-01-05T00:00:00+00:00, run_after=2024-01-06T00:00:00+00:00
[2024-01-05T14:20:00.303+0000] {processor.py:175} INFO - Processing /home/airflow/.local/lib/python3.7/site-packages/airflow/example_dags/example_branch_operator.py took 0.136 seconds
[2024-01-05T14:20:31.129+0000] {processor.py:153} INFO - Started process (PID=7629) to work on /home/airflow/.local/lib/python3.7/site-packages/airflow/example_dags/example_branch_operator.py
[2024-01-05T14:20:31.132+0000] {processor.py:743} INFO - Processing file /home/airflow/.local/lib/python3.7/site-packages/airflow/example_dags/example_branch_operator.py for tasks to queue
[2024-01-05T14:20:31.134+0000] {logging_mixin.py:137} INFO - [2024-01-05T14:20:31.134+0000] {dagbag.py:538} INFO - Filling up the DagBag from /home/airflow/.local/lib/python3.7/site-packages/airflow/example_dags/example_branch_operator.py
[2024-01-05T14:20:31.153+0000] {processor.py:753} INFO - DAG(s) dict_keys(['example_branch_operator']) retrieved from /home/airflow/.local/lib/python3.7/site-packages/airflow/example_dags/example_branch_operator.py
[2024-01-05T14:20:31.178+0000] {logging_mixin.py:137} INFO - [2024-01-05T14:20:31.177+0000] {dag.py:2690} INFO - Sync 1 DAGs
[2024-01-05T14:20:31.229+0000] {logging_mixin.py:137} INFO - [2024-01-05T14:20:31.228+0000] {dag.py:3441} INFO - Setting next_dagrun for example_branch_operator to 2024-01-05T00:00:00+00:00, run_after=2024-01-06T00:00:00+00:00
[2024-01-05T14:20:31.262+0000] {processor.py:175} INFO - Processing /home/airflow/.local/lib/python3.7/site-packages/airflow/example_dags/example_branch_operator.py took 0.139 seconds
[2024-01-05T14:21:01.946+0000] {processor.py:153} INFO - Started process (PID=7704) to work on /home/airflow/.local/lib/python3.7/site-packages/airflow/example_dags/example_branch_operator.py
[2024-01-05T14:21:01.951+0000] {processor.py:743} INFO - Processing file /home/airflow/.local/lib/python3.7/site-packages/airflow/example_dags/example_branch_operator.py for tasks to queue
[2024-01-05T14:21:01.953+0000] {logging_mixin.py:137} INFO - [2024-01-05T14:21:01.952+0000] {dagbag.py:538} INFO - Filling up the DagBag from /home/airflow/.local/lib/python3.7/site-packages/airflow/example_dags/example_branch_operator.py
[2024-01-05T14:21:01.977+0000] {processor.py:753} INFO - DAG(s) dict_keys(['example_branch_operator']) retrieved from /home/airflow/.local/lib/python3.7/site-packages/airflow/example_dags/example_branch_operator.py
[2024-01-05T14:21:02.016+0000] {logging_mixin.py:137} INFO - [2024-01-05T14:21:02.016+0000] {dag.py:2690} INFO - Sync 1 DAGs
[2024-01-05T14:21:02.055+0000] {logging_mixin.py:137} INFO - [2024-01-05T14:21:02.055+0000] {dag.py:3441} INFO - Setting next_dagrun for example_branch_operator to 2024-01-05T00:00:00+00:00, run_after=2024-01-06T00:00:00+00:00
[2024-01-05T14:21:02.076+0000] {processor.py:175} INFO - Processing /home/airflow/.local/lib/python3.7/site-packages/airflow/example_dags/example_branch_operator.py took 0.145 seconds
[2024-01-05T14:21:32.352+0000] {processor.py:153} INFO - Started process (PID=7777) to work on /home/airflow/.local/lib/python3.7/site-packages/airflow/example_dags/example_branch_operator.py
[2024-01-05T14:21:32.353+0000] {processor.py:743} INFO - Processing file /home/airflow/.local/lib/python3.7/site-packages/airflow/example_dags/example_branch_operator.py for tasks to queue
[2024-01-05T14:21:32.354+0000] {logging_mixin.py:137} INFO - [2024-01-05T14:21:32.354+0000] {dagbag.py:538} INFO - Filling up the DagBag from /home/airflow/.local/lib/python3.7/site-packages/airflow/example_dags/example_branch_operator.py
[2024-01-05T14:21:32.381+0000] {processor.py:753} INFO - DAG(s) dict_keys(['example_branch_operator']) retrieved from /home/airflow/.local/lib/python3.7/site-packages/airflow/example_dags/example_branch_operator.py
[2024-01-05T14:21:32.448+0000] {logging_mixin.py:137} INFO - [2024-01-05T14:21:32.448+0000] {dag.py:2690} INFO - Sync 1 DAGs
[2024-01-05T14:21:32.480+0000] {logging_mixin.py:137} INFO - [2024-01-05T14:21:32.480+0000] {dag.py:3441} INFO - Setting next_dagrun for example_branch_operator to 2024-01-05T00:00:00+00:00, run_after=2024-01-06T00:00:00+00:00
[2024-01-05T14:21:32.519+0000] {processor.py:175} INFO - Processing /home/airflow/.local/lib/python3.7/site-packages/airflow/example_dags/example_branch_operator.py took 0.176 seconds
[2024-01-05T14:22:02.717+0000] {processor.py:153} INFO - Started process (PID=7843) to work on /home/airflow/.local/lib/python3.7/site-packages/airflow/example_dags/example_branch_operator.py
[2024-01-05T14:22:02.718+0000] {processor.py:743} INFO - Processing file /home/airflow/.local/lib/python3.7/site-packages/airflow/example_dags/example_branch_operator.py for tasks to queue
[2024-01-05T14:22:02.718+0000] {logging_mixin.py:137} INFO - [2024-01-05T14:22:02.718+0000] {dagbag.py:538} INFO - Filling up the DagBag from /home/airflow/.local/lib/python3.7/site-packages/airflow/example_dags/example_branch_operator.py
[2024-01-05T14:22:02.731+0000] {processor.py:753} INFO - DAG(s) dict_keys(['example_branch_operator']) retrieved from /home/airflow/.local/lib/python3.7/site-packages/airflow/example_dags/example_branch_operator.py
[2024-01-05T14:22:02.759+0000] {logging_mixin.py:137} INFO - [2024-01-05T14:22:02.759+0000] {dag.py:2690} INFO - Sync 1 DAGs
[2024-01-05T14:22:02.784+0000] {logging_mixin.py:137} INFO - [2024-01-05T14:22:02.784+0000] {dag.py:3441} INFO - Setting next_dagrun for example_branch_operator to 2024-01-05T00:00:00+00:00, run_after=2024-01-06T00:00:00+00:00
[2024-01-05T14:22:02.807+0000] {processor.py:175} INFO - Processing /home/airflow/.local/lib/python3.7/site-packages/airflow/example_dags/example_branch_operator.py took 0.094 seconds
[2024-01-05T14:22:33.358+0000] {processor.py:153} INFO - Started process (PID=7919) to work on /home/airflow/.local/lib/python3.7/site-packages/airflow/example_dags/example_branch_operator.py
[2024-01-05T14:22:33.360+0000] {processor.py:743} INFO - Processing file /home/airflow/.local/lib/python3.7/site-packages/airflow/example_dags/example_branch_operator.py for tasks to queue
[2024-01-05T14:22:33.361+0000] {logging_mixin.py:137} INFO - [2024-01-05T14:22:33.360+0000] {dagbag.py:538} INFO - Filling up the DagBag from /home/airflow/.local/lib/python3.7/site-packages/airflow/example_dags/example_branch_operator.py
[2024-01-05T14:22:33.379+0000] {processor.py:753} INFO - DAG(s) dict_keys(['example_branch_operator']) retrieved from /home/airflow/.local/lib/python3.7/site-packages/airflow/example_dags/example_branch_operator.py
[2024-01-05T14:22:33.424+0000] {logging_mixin.py:137} INFO - [2024-01-05T14:22:33.424+0000] {dag.py:2690} INFO - Sync 1 DAGs
[2024-01-05T14:22:33.450+0000] {logging_mixin.py:137} INFO - [2024-01-05T14:22:33.450+0000] {dag.py:3441} INFO - Setting next_dagrun for example_branch_operator to 2024-01-05T00:00:00+00:00, run_after=2024-01-06T00:00:00+00:00
[2024-01-05T14:22:33.476+0000] {processor.py:175} INFO - Processing /home/airflow/.local/lib/python3.7/site-packages/airflow/example_dags/example_branch_operator.py took 0.127 seconds
[2024-01-05T14:23:04.535+0000] {processor.py:153} INFO - Started process (PID=7982) to work on /home/airflow/.local/lib/python3.7/site-packages/airflow/example_dags/example_branch_operator.py
[2024-01-05T14:23:04.537+0000] {processor.py:743} INFO - Processing file /home/airflow/.local/lib/python3.7/site-packages/airflow/example_dags/example_branch_operator.py for tasks to queue
[2024-01-05T14:23:04.537+0000] {logging_mixin.py:137} INFO - [2024-01-05T14:23:04.537+0000] {dagbag.py:538} INFO - Filling up the DagBag from /home/airflow/.local/lib/python3.7/site-packages/airflow/example_dags/example_branch_operator.py
[2024-01-05T14:23:04.550+0000] {processor.py:753} INFO - DAG(s) dict_keys(['example_branch_operator']) retrieved from /home/airflow/.local/lib/python3.7/site-packages/airflow/example_dags/example_branch_operator.py
[2024-01-05T14:23:04.579+0000] {logging_mixin.py:137} INFO - [2024-01-05T14:23:04.579+0000] {dag.py:2690} INFO - Sync 1 DAGs
[2024-01-05T14:23:04.605+0000] {logging_mixin.py:137} INFO - [2024-01-05T14:23:04.605+0000] {dag.py:3441} INFO - Setting next_dagrun for example_branch_operator to 2024-01-05T00:00:00+00:00, run_after=2024-01-06T00:00:00+00:00
[2024-01-05T14:23:04.623+0000] {processor.py:175} INFO - Processing /home/airflow/.local/lib/python3.7/site-packages/airflow/example_dags/example_branch_operator.py took 0.091 seconds
[2024-01-05T14:23:34.877+0000] {processor.py:153} INFO - Started process (PID=8057) to work on /home/airflow/.local/lib/python3.7/site-packages/airflow/example_dags/example_branch_operator.py
[2024-01-05T14:23:34.878+0000] {processor.py:743} INFO - Processing file /home/airflow/.local/lib/python3.7/site-packages/airflow/example_dags/example_branch_operator.py for tasks to queue
[2024-01-05T14:23:34.880+0000] {logging_mixin.py:137} INFO - [2024-01-05T14:23:34.879+0000] {dagbag.py:538} INFO - Filling up the DagBag from /home/airflow/.local/lib/python3.7/site-packages/airflow/example_dags/example_branch_operator.py
[2024-01-05T14:23:34.893+0000] {processor.py:753} INFO - DAG(s) dict_keys(['example_branch_operator']) retrieved from /home/airflow/.local/lib/python3.7/site-packages/airflow/example_dags/example_branch_operator.py
[2024-01-05T14:23:34.912+0000] {logging_mixin.py:137} INFO - [2024-01-05T14:23:34.912+0000] {dag.py:2690} INFO - Sync 1 DAGs
[2024-01-05T14:23:34.931+0000] {logging_mixin.py:137} INFO - [2024-01-05T14:23:34.931+0000] {dag.py:3441} INFO - Setting next_dagrun for example_branch_operator to 2024-01-05T00:00:00+00:00, run_after=2024-01-06T00:00:00+00:00
[2024-01-05T14:23:34.942+0000] {processor.py:175} INFO - Processing /home/airflow/.local/lib/python3.7/site-packages/airflow/example_dags/example_branch_operator.py took 0.069 seconds
[2024-01-05T14:24:05.940+0000] {processor.py:153} INFO - Started process (PID=8120) to work on /home/airflow/.local/lib/python3.7/site-packages/airflow/example_dags/example_branch_operator.py
[2024-01-05T14:24:05.941+0000] {processor.py:743} INFO - Processing file /home/airflow/.local/lib/python3.7/site-packages/airflow/example_dags/example_branch_operator.py for tasks to queue
[2024-01-05T14:24:05.941+0000] {logging_mixin.py:137} INFO - [2024-01-05T14:24:05.941+0000] {dagbag.py:538} INFO - Filling up the DagBag from /home/airflow/.local/lib/python3.7/site-packages/airflow/example_dags/example_branch_operator.py
[2024-01-05T14:24:05.953+0000] {processor.py:753} INFO - DAG(s) dict_keys(['example_branch_operator']) retrieved from /home/airflow/.local/lib/python3.7/site-packages/airflow/example_dags/example_branch_operator.py
[2024-01-05T14:24:05.972+0000] {logging_mixin.py:137} INFO - [2024-01-05T14:24:05.972+0000] {dag.py:2690} INFO - Sync 1 DAGs
[2024-01-05T14:24:05.992+0000] {logging_mixin.py:137} INFO - [2024-01-05T14:24:05.992+0000] {dag.py:3441} INFO - Setting next_dagrun for example_branch_operator to 2024-01-05T00:00:00+00:00, run_after=2024-01-06T00:00:00+00:00
[2024-01-05T14:24:06.003+0000] {processor.py:175} INFO - Processing /home/airflow/.local/lib/python3.7/site-packages/airflow/example_dags/example_branch_operator.py took 0.066 seconds
[2024-01-05T14:24:36.675+0000] {processor.py:153} INFO - Started process (PID=8196) to work on /home/airflow/.local/lib/python3.7/site-packages/airflow/example_dags/example_branch_operator.py
[2024-01-05T14:24:36.676+0000] {processor.py:743} INFO - Processing file /home/airflow/.local/lib/python3.7/site-packages/airflow/example_dags/example_branch_operator.py for tasks to queue
[2024-01-05T14:24:36.677+0000] {logging_mixin.py:137} INFO - [2024-01-05T14:24:36.677+0000] {dagbag.py:538} INFO - Filling up the DagBag from /home/airflow/.local/lib/python3.7/site-packages/airflow/example_dags/example_branch_operator.py
[2024-01-05T14:24:36.688+0000] {processor.py:753} INFO - DAG(s) dict_keys(['example_branch_operator']) retrieved from /home/airflow/.local/lib/python3.7/site-packages/airflow/example_dags/example_branch_operator.py
[2024-01-05T14:24:36.710+0000] {logging_mixin.py:137} INFO - [2024-01-05T14:24:36.710+0000] {dag.py:2690} INFO - Sync 1 DAGs
[2024-01-05T14:24:36.728+0000] {logging_mixin.py:137} INFO - [2024-01-05T14:24:36.728+0000] {dag.py:3441} INFO - Setting next_dagrun for example_branch_operator to 2024-01-05T00:00:00+00:00, run_after=2024-01-06T00:00:00+00:00
[2024-01-05T14:24:36.740+0000] {processor.py:175} INFO - Processing /home/airflow/.local/lib/python3.7/site-packages/airflow/example_dags/example_branch_operator.py took 0.068 seconds
[2024-01-05T14:25:07.298+0000] {processor.py:153} INFO - Started process (PID=8259) to work on /home/airflow/.local/lib/python3.7/site-packages/airflow/example_dags/example_branch_operator.py
[2024-01-05T14:25:07.303+0000] {processor.py:743} INFO - Processing file /home/airflow/.local/lib/python3.7/site-packages/airflow/example_dags/example_branch_operator.py for tasks to queue
[2024-01-05T14:25:07.307+0000] {logging_mixin.py:137} INFO - [2024-01-05T14:25:07.306+0000] {dagbag.py:538} INFO - Filling up the DagBag from /home/airflow/.local/lib/python3.7/site-packages/airflow/example_dags/example_branch_operator.py
[2024-01-05T14:25:07.322+0000] {processor.py:753} INFO - DAG(s) dict_keys(['example_branch_operator']) retrieved from /home/airflow/.local/lib/python3.7/site-packages/airflow/example_dags/example_branch_operator.py
[2024-01-05T14:25:07.344+0000] {logging_mixin.py:137} INFO - [2024-01-05T14:25:07.344+0000] {dag.py:2690} INFO - Sync 1 DAGs
[2024-01-05T14:25:07.361+0000] {logging_mixin.py:137} INFO - [2024-01-05T14:25:07.361+0000] {dag.py:3441} INFO - Setting next_dagrun for example_branch_operator to 2024-01-05T00:00:00+00:00, run_after=2024-01-06T00:00:00+00:00
[2024-01-05T14:25:07.372+0000] {processor.py:175} INFO - Processing /home/airflow/.local/lib/python3.7/site-packages/airflow/example_dags/example_branch_operator.py took 0.078 seconds
[2024-01-05T14:25:37.794+0000] {processor.py:153} INFO - Started process (PID=8335) to work on /home/airflow/.local/lib/python3.7/site-packages/airflow/example_dags/example_branch_operator.py
[2024-01-05T14:25:37.795+0000] {processor.py:743} INFO - Processing file /home/airflow/.local/lib/python3.7/site-packages/airflow/example_dags/example_branch_operator.py for tasks to queue
[2024-01-05T14:25:37.796+0000] {logging_mixin.py:137} INFO - [2024-01-05T14:25:37.796+0000] {dagbag.py:538} INFO - Filling up the DagBag from /home/airflow/.local/lib/python3.7/site-packages/airflow/example_dags/example_branch_operator.py
[2024-01-05T14:25:37.807+0000] {processor.py:753} INFO - DAG(s) dict_keys(['example_branch_operator']) retrieved from /home/airflow/.local/lib/python3.7/site-packages/airflow/example_dags/example_branch_operator.py
[2024-01-05T14:25:37.828+0000] {logging_mixin.py:137} INFO - [2024-01-05T14:25:37.827+0000] {dag.py:2690} INFO - Sync 1 DAGs
[2024-01-05T14:25:37.844+0000] {logging_mixin.py:137} INFO - [2024-01-05T14:25:37.844+0000] {dag.py:3441} INFO - Setting next_dagrun for example_branch_operator to 2024-01-05T00:00:00+00:00, run_after=2024-01-06T00:00:00+00:00
[2024-01-05T14:25:37.854+0000] {processor.py:175} INFO - Processing /home/airflow/.local/lib/python3.7/site-packages/airflow/example_dags/example_branch_operator.py took 0.063 seconds
[2024-01-05T14:26:08.767+0000] {processor.py:153} INFO - Started process (PID=8405) to work on /home/airflow/.local/lib/python3.7/site-packages/airflow/example_dags/example_branch_operator.py
[2024-01-05T14:26:08.781+0000] {processor.py:743} INFO - Processing file /home/airflow/.local/lib/python3.7/site-packages/airflow/example_dags/example_branch_operator.py for tasks to queue
[2024-01-05T14:26:08.783+0000] {logging_mixin.py:137} INFO - [2024-01-05T14:26:08.782+0000] {dagbag.py:538} INFO - Filling up the DagBag from /home/airflow/.local/lib/python3.7/site-packages/airflow/example_dags/example_branch_operator.py
[2024-01-05T14:26:08.821+0000] {processor.py:753} INFO - DAG(s) dict_keys(['example_branch_operator']) retrieved from /home/airflow/.local/lib/python3.7/site-packages/airflow/example_dags/example_branch_operator.py
[2024-01-05T14:26:08.864+0000] {logging_mixin.py:137} INFO - [2024-01-05T14:26:08.864+0000] {dag.py:2690} INFO - Sync 1 DAGs
[2024-01-05T14:26:08.892+0000] {logging_mixin.py:137} INFO - [2024-01-05T14:26:08.892+0000] {dag.py:3441} INFO - Setting next_dagrun for example_branch_operator to 2024-01-05T00:00:00+00:00, run_after=2024-01-06T00:00:00+00:00
[2024-01-05T14:26:08.910+0000] {processor.py:175} INFO - Processing /home/airflow/.local/lib/python3.7/site-packages/airflow/example_dags/example_branch_operator.py took 0.147 seconds
[2024-01-05T14:26:39.139+0000] {processor.py:153} INFO - Started process (PID=8473) to work on /home/airflow/.local/lib/python3.7/site-packages/airflow/example_dags/example_branch_operator.py
[2024-01-05T14:26:39.141+0000] {processor.py:743} INFO - Processing file /home/airflow/.local/lib/python3.7/site-packages/airflow/example_dags/example_branch_operator.py for tasks to queue
[2024-01-05T14:26:39.141+0000] {logging_mixin.py:137} INFO - [2024-01-05T14:26:39.141+0000] {dagbag.py:538} INFO - Filling up the DagBag from /home/airflow/.local/lib/python3.7/site-packages/airflow/example_dags/example_branch_operator.py
[2024-01-05T14:26:39.155+0000] {processor.py:753} INFO - DAG(s) dict_keys(['example_branch_operator']) retrieved from /home/airflow/.local/lib/python3.7/site-packages/airflow/example_dags/example_branch_operator.py
[2024-01-05T14:26:39.176+0000] {logging_mixin.py:137} INFO - [2024-01-05T14:26:39.176+0000] {dag.py:2690} INFO - Sync 1 DAGs
[2024-01-05T14:26:39.193+0000] {logging_mixin.py:137} INFO - [2024-01-05T14:26:39.192+0000] {dag.py:3441} INFO - Setting next_dagrun for example_branch_operator to 2024-01-05T00:00:00+00:00, run_after=2024-01-06T00:00:00+00:00
[2024-01-05T14:26:39.203+0000] {processor.py:175} INFO - Processing /home/airflow/.local/lib/python3.7/site-packages/airflow/example_dags/example_branch_operator.py took 0.066 seconds
