[2024-01-05T01:20:55.598+0000] {processor.py:153} INFO - Started process (PID=4337) to work on /home/airflow/.local/lib/python3.7/site-packages/airflow/example_dags/example_branch_labels.py
[2024-01-05T01:20:55.611+0000] {processor.py:743} INFO - Processing file /home/airflow/.local/lib/python3.7/site-packages/airflow/example_dags/example_branch_labels.py for tasks to queue
[2024-01-05T01:20:55.618+0000] {logging_mixin.py:137} INFO - [2024-01-05T01:20:55.617+0000] {dagbag.py:538} INFO - Filling up the DagBag from /home/airflow/.local/lib/python3.7/site-packages/airflow/example_dags/example_branch_labels.py
[2024-01-05T01:20:55.798+0000] {processor.py:753} INFO - DAG(s) dict_keys(['example_branch_labels']) retrieved from /home/airflow/.local/lib/python3.7/site-packages/airflow/example_dags/example_branch_labels.py
[2024-01-05T01:20:55.930+0000] {logging_mixin.py:137} INFO - [2024-01-05T01:20:55.930+0000] {dag.py:2690} INFO - Sync 1 DAGs
[2024-01-05T01:20:56.020+0000] {logging_mixin.py:137} INFO - [2024-01-05T01:20:56.019+0000] {dag.py:3441} INFO - Setting next_dagrun for example_branch_labels to 2024-01-04T00:00:00+00:00, run_after=2024-01-05T00:00:00+00:00
[2024-01-05T01:20:56.112+0000] {processor.py:175} INFO - Processing /home/airflow/.local/lib/python3.7/site-packages/airflow/example_dags/example_branch_labels.py took 0.551 seconds
[2024-01-05T02:31:18.176+0000] {processor.py:153} INFO - Started process (PID=4400) to work on /home/airflow/.local/lib/python3.7/site-packages/airflow/example_dags/example_branch_labels.py
[2024-01-05T02:31:18.178+0000] {processor.py:743} INFO - Processing file /home/airflow/.local/lib/python3.7/site-packages/airflow/example_dags/example_branch_labels.py for tasks to queue
[2024-01-05T02:31:18.179+0000] {logging_mixin.py:137} INFO - [2024-01-05T02:31:18.179+0000] {dagbag.py:538} INFO - Filling up the DagBag from /home/airflow/.local/lib/python3.7/site-packages/airflow/example_dags/example_branch_labels.py
[2024-01-05T02:31:18.190+0000] {processor.py:753} INFO - DAG(s) dict_keys(['example_branch_labels']) retrieved from /home/airflow/.local/lib/python3.7/site-packages/airflow/example_dags/example_branch_labels.py
[2024-01-05T02:31:18.211+0000] {logging_mixin.py:137} INFO - [2024-01-05T02:31:18.210+0000] {dag.py:2690} INFO - Sync 1 DAGs
[2024-01-05T02:31:18.228+0000] {logging_mixin.py:137} INFO - [2024-01-05T02:31:18.227+0000] {dag.py:3441} INFO - Setting next_dagrun for example_branch_labels to 2024-01-04T00:00:00+00:00, run_after=2024-01-05T00:00:00+00:00
[2024-01-05T02:31:18.243+0000] {processor.py:175} INFO - Processing /home/airflow/.local/lib/python3.7/site-packages/airflow/example_dags/example_branch_labels.py took 0.070 seconds
[2024-01-05T03:42:27.218+0000] {processor.py:153} INFO - Started process (PID=4463) to work on /home/airflow/.local/lib/python3.7/site-packages/airflow/example_dags/example_branch_labels.py
[2024-01-05T03:42:27.220+0000] {processor.py:743} INFO - Processing file /home/airflow/.local/lib/python3.7/site-packages/airflow/example_dags/example_branch_labels.py for tasks to queue
[2024-01-05T03:42:27.221+0000] {logging_mixin.py:137} INFO - [2024-01-05T03:42:27.221+0000] {dagbag.py:538} INFO - Filling up the DagBag from /home/airflow/.local/lib/python3.7/site-packages/airflow/example_dags/example_branch_labels.py
[2024-01-05T03:42:27.252+0000] {processor.py:753} INFO - DAG(s) dict_keys(['example_branch_labels']) retrieved from /home/airflow/.local/lib/python3.7/site-packages/airflow/example_dags/example_branch_labels.py
[2024-01-05T03:42:27.277+0000] {logging_mixin.py:137} INFO - [2024-01-05T03:42:27.277+0000] {dag.py:2690} INFO - Sync 1 DAGs
[2024-01-05T03:42:27.296+0000] {logging_mixin.py:137} INFO - [2024-01-05T03:42:27.296+0000] {dag.py:3441} INFO - Setting next_dagrun for example_branch_labels to 2024-01-04T00:00:00+00:00, run_after=2024-01-05T00:00:00+00:00
[2024-01-05T03:42:27.307+0000] {processor.py:175} INFO - Processing /home/airflow/.local/lib/python3.7/site-packages/airflow/example_dags/example_branch_labels.py took 0.093 seconds
[2024-01-05T05:03:27.104+0000] {processor.py:153} INFO - Started process (PID=4538) to work on /home/airflow/.local/lib/python3.7/site-packages/airflow/example_dags/example_branch_labels.py
[2024-01-05T05:03:27.108+0000] {processor.py:743} INFO - Processing file /home/airflow/.local/lib/python3.7/site-packages/airflow/example_dags/example_branch_labels.py for tasks to queue
[2024-01-05T05:03:27.110+0000] {logging_mixin.py:137} INFO - [2024-01-05T05:03:27.110+0000] {dagbag.py:538} INFO - Filling up the DagBag from /home/airflow/.local/lib/python3.7/site-packages/airflow/example_dags/example_branch_labels.py
[2024-01-05T05:03:27.158+0000] {processor.py:753} INFO - DAG(s) dict_keys(['example_branch_labels']) retrieved from /home/airflow/.local/lib/python3.7/site-packages/airflow/example_dags/example_branch_labels.py
[2024-01-05T05:03:27.192+0000] {logging_mixin.py:137} INFO - [2024-01-05T05:03:27.192+0000] {dag.py:2690} INFO - Sync 1 DAGs
[2024-01-05T05:03:27.220+0000] {logging_mixin.py:137} INFO - [2024-01-05T05:03:27.220+0000] {dag.py:3441} INFO - Setting next_dagrun for example_branch_labels to 2024-01-04T00:00:00+00:00, run_after=2024-01-05T00:00:00+00:00
[2024-01-05T05:03:27.239+0000] {processor.py:175} INFO - Processing /home/airflow/.local/lib/python3.7/site-packages/airflow/example_dags/example_branch_labels.py took 0.152 seconds
[2024-01-05T06:28:02.952+0000] {processor.py:153} INFO - Started process (PID=4600) to work on /home/airflow/.local/lib/python3.7/site-packages/airflow/example_dags/example_branch_labels.py
[2024-01-05T06:28:02.955+0000] {processor.py:743} INFO - Processing file /home/airflow/.local/lib/python3.7/site-packages/airflow/example_dags/example_branch_labels.py for tasks to queue
[2024-01-05T06:28:02.957+0000] {logging_mixin.py:137} INFO - [2024-01-05T06:28:02.957+0000] {dagbag.py:538} INFO - Filling up the DagBag from /home/airflow/.local/lib/python3.7/site-packages/airflow/example_dags/example_branch_labels.py
[2024-01-05T06:28:02.970+0000] {processor.py:753} INFO - DAG(s) dict_keys(['example_branch_labels']) retrieved from /home/airflow/.local/lib/python3.7/site-packages/airflow/example_dags/example_branch_labels.py
[2024-01-05T06:28:02.991+0000] {logging_mixin.py:137} INFO - [2024-01-05T06:28:02.991+0000] {dag.py:2690} INFO - Sync 1 DAGs
[2024-01-05T06:28:03.009+0000] {logging_mixin.py:137} INFO - [2024-01-05T06:28:03.009+0000] {dag.py:3441} INFO - Setting next_dagrun for example_branch_labels to 2024-01-04T00:00:00+00:00, run_after=2024-01-05T00:00:00+00:00
[2024-01-05T06:28:03.020+0000] {processor.py:175} INFO - Processing /home/airflow/.local/lib/python3.7/site-packages/airflow/example_dags/example_branch_labels.py took 0.073 seconds
[2024-01-05T07:47:04.987+0000] {processor.py:153} INFO - Started process (PID=4663) to work on /home/airflow/.local/lib/python3.7/site-packages/airflow/example_dags/example_branch_labels.py
[2024-01-05T07:47:04.988+0000] {processor.py:743} INFO - Processing file /home/airflow/.local/lib/python3.7/site-packages/airflow/example_dags/example_branch_labels.py for tasks to queue
[2024-01-05T07:47:04.989+0000] {logging_mixin.py:137} INFO - [2024-01-05T07:47:04.989+0000] {dagbag.py:538} INFO - Filling up the DagBag from /home/airflow/.local/lib/python3.7/site-packages/airflow/example_dags/example_branch_labels.py
[2024-01-05T07:47:05.003+0000] {processor.py:753} INFO - DAG(s) dict_keys(['example_branch_labels']) retrieved from /home/airflow/.local/lib/python3.7/site-packages/airflow/example_dags/example_branch_labels.py
[2024-01-05T07:47:05.027+0000] {logging_mixin.py:137} INFO - [2024-01-05T07:47:05.027+0000] {dag.py:2690} INFO - Sync 1 DAGs
[2024-01-05T07:47:05.047+0000] {logging_mixin.py:137} INFO - [2024-01-05T07:47:05.047+0000] {dag.py:3441} INFO - Setting next_dagrun for example_branch_labels to 2024-01-04T00:00:00+00:00, run_after=2024-01-05T00:00:00+00:00
[2024-01-05T07:47:05.071+0000] {processor.py:175} INFO - Processing /home/airflow/.local/lib/python3.7/site-packages/airflow/example_dags/example_branch_labels.py took 0.088 seconds
[2024-01-05T09:24:47.538+0000] {processor.py:153} INFO - Started process (PID=4737) to work on /home/airflow/.local/lib/python3.7/site-packages/airflow/example_dags/example_branch_labels.py
[2024-01-05T09:24:47.551+0000] {processor.py:743} INFO - Processing file /home/airflow/.local/lib/python3.7/site-packages/airflow/example_dags/example_branch_labels.py for tasks to queue
[2024-01-05T09:24:47.553+0000] {logging_mixin.py:137} INFO - [2024-01-05T09:24:47.553+0000] {dagbag.py:538} INFO - Filling up the DagBag from /home/airflow/.local/lib/python3.7/site-packages/airflow/example_dags/example_branch_labels.py
[2024-01-05T09:24:47.577+0000] {processor.py:753} INFO - DAG(s) dict_keys(['example_branch_labels']) retrieved from /home/airflow/.local/lib/python3.7/site-packages/airflow/example_dags/example_branch_labels.py
[2024-01-05T09:24:47.617+0000] {logging_mixin.py:137} INFO - [2024-01-05T09:24:47.617+0000] {dag.py:2690} INFO - Sync 1 DAGs
[2024-01-05T09:24:47.653+0000] {logging_mixin.py:137} INFO - [2024-01-05T09:24:47.653+0000] {dag.py:3441} INFO - Setting next_dagrun for example_branch_labels to 2024-01-04T00:00:00+00:00, run_after=2024-01-05T00:00:00+00:00
[2024-01-05T09:24:47.685+0000] {processor.py:175} INFO - Processing /home/airflow/.local/lib/python3.7/site-packages/airflow/example_dags/example_branch_labels.py took 0.156 seconds
[2024-01-05T10:32:47.956+0000] {processor.py:153} INFO - Started process (PID=4800) to work on /home/airflow/.local/lib/python3.7/site-packages/airflow/example_dags/example_branch_labels.py
[2024-01-05T10:32:47.958+0000] {processor.py:743} INFO - Processing file /home/airflow/.local/lib/python3.7/site-packages/airflow/example_dags/example_branch_labels.py for tasks to queue
[2024-01-05T10:32:47.959+0000] {logging_mixin.py:137} INFO - [2024-01-05T10:32:47.958+0000] {dagbag.py:538} INFO - Filling up the DagBag from /home/airflow/.local/lib/python3.7/site-packages/airflow/example_dags/example_branch_labels.py
[2024-01-05T10:32:47.972+0000] {processor.py:753} INFO - DAG(s) dict_keys(['example_branch_labels']) retrieved from /home/airflow/.local/lib/python3.7/site-packages/airflow/example_dags/example_branch_labels.py
[2024-01-05T10:32:47.992+0000] {logging_mixin.py:137} INFO - [2024-01-05T10:32:47.992+0000] {dag.py:2690} INFO - Sync 1 DAGs
[2024-01-05T10:32:48.012+0000] {logging_mixin.py:137} INFO - [2024-01-05T10:32:48.012+0000] {dag.py:3441} INFO - Setting next_dagrun for example_branch_labels to 2024-01-04T00:00:00+00:00, run_after=2024-01-05T00:00:00+00:00
[2024-01-05T10:32:48.022+0000] {processor.py:175} INFO - Processing /home/airflow/.local/lib/python3.7/site-packages/airflow/example_dags/example_branch_labels.py took 0.070 seconds
[2024-01-05T11:33:46.964+0000] {processor.py:153} INFO - Started process (PID=4875) to work on /home/airflow/.local/lib/python3.7/site-packages/airflow/example_dags/example_branch_labels.py
[2024-01-05T11:33:46.966+0000] {processor.py:743} INFO - Processing file /home/airflow/.local/lib/python3.7/site-packages/airflow/example_dags/example_branch_labels.py for tasks to queue
[2024-01-05T11:33:46.967+0000] {logging_mixin.py:137} INFO - [2024-01-05T11:33:46.967+0000] {dagbag.py:538} INFO - Filling up the DagBag from /home/airflow/.local/lib/python3.7/site-packages/airflow/example_dags/example_branch_labels.py
[2024-01-05T11:33:46.983+0000] {processor.py:753} INFO - DAG(s) dict_keys(['example_branch_labels']) retrieved from /home/airflow/.local/lib/python3.7/site-packages/airflow/example_dags/example_branch_labels.py
[2024-01-05T11:33:47.012+0000] {logging_mixin.py:137} INFO - [2024-01-05T11:33:47.012+0000] {dag.py:2690} INFO - Sync 1 DAGs
[2024-01-05T11:33:47.032+0000] {logging_mixin.py:137} INFO - [2024-01-05T11:33:47.032+0000] {dag.py:3441} INFO - Setting next_dagrun for example_branch_labels to 2024-01-04T00:00:00+00:00, run_after=2024-01-05T00:00:00+00:00
[2024-01-05T11:33:47.045+0000] {processor.py:175} INFO - Processing /home/airflow/.local/lib/python3.7/site-packages/airflow/example_dags/example_branch_labels.py took 0.086 seconds
[2024-01-05T12:52:18.198+0000] {processor.py:153} INFO - Started process (PID=4938) to work on /home/airflow/.local/lib/python3.7/site-packages/airflow/example_dags/example_branch_labels.py
[2024-01-05T12:52:18.204+0000] {processor.py:743} INFO - Processing file /home/airflow/.local/lib/python3.7/site-packages/airflow/example_dags/example_branch_labels.py for tasks to queue
[2024-01-05T12:52:18.206+0000] {logging_mixin.py:137} INFO - [2024-01-05T12:52:18.206+0000] {dagbag.py:538} INFO - Filling up the DagBag from /home/airflow/.local/lib/python3.7/site-packages/airflow/example_dags/example_branch_labels.py
[2024-01-05T12:52:18.228+0000] {processor.py:753} INFO - DAG(s) dict_keys(['example_branch_labels']) retrieved from /home/airflow/.local/lib/python3.7/site-packages/airflow/example_dags/example_branch_labels.py
[2024-01-05T12:52:18.282+0000] {logging_mixin.py:137} INFO - [2024-01-05T12:52:18.282+0000] {dag.py:2690} INFO - Sync 1 DAGs
[2024-01-05T12:52:18.308+0000] {logging_mixin.py:137} INFO - [2024-01-05T12:52:18.308+0000] {dag.py:3441} INFO - Setting next_dagrun for example_branch_labels to 2024-01-04T00:00:00+00:00, run_after=2024-01-05T00:00:00+00:00
[2024-01-05T12:52:18.350+0000] {processor.py:175} INFO - Processing /home/airflow/.local/lib/python3.7/site-packages/airflow/example_dags/example_branch_labels.py took 0.156 seconds
[2024-01-05T14:01:05.192+0000] {processor.py:153} INFO - Started process (PID=5012) to work on /home/airflow/.local/lib/python3.7/site-packages/airflow/example_dags/example_branch_labels.py
[2024-01-05T14:01:05.195+0000] {processor.py:743} INFO - Processing file /home/airflow/.local/lib/python3.7/site-packages/airflow/example_dags/example_branch_labels.py for tasks to queue
[2024-01-05T14:01:05.196+0000] {logging_mixin.py:137} INFO - [2024-01-05T14:01:05.196+0000] {dagbag.py:538} INFO - Filling up the DagBag from /home/airflow/.local/lib/python3.7/site-packages/airflow/example_dags/example_branch_labels.py
[2024-01-05T14:01:05.282+0000] {processor.py:753} INFO - DAG(s) dict_keys(['example_branch_labels']) retrieved from /home/airflow/.local/lib/python3.7/site-packages/airflow/example_dags/example_branch_labels.py
[2024-01-05T14:01:05.376+0000] {logging_mixin.py:137} INFO - [2024-01-05T14:01:05.376+0000] {dag.py:2690} INFO - Sync 1 DAGs
[2024-01-05T14:01:05.499+0000] {logging_mixin.py:137} INFO - [2024-01-05T14:01:05.498+0000] {dag.py:3441} INFO - Setting next_dagrun for example_branch_labels to 2024-01-04T00:00:00+00:00, run_after=2024-01-05T00:00:00+00:00
[2024-01-05T14:01:05.626+0000] {processor.py:175} INFO - Processing /home/airflow/.local/lib/python3.7/site-packages/airflow/example_dags/example_branch_labels.py took 0.441 seconds
[2024-01-05T14:01:36.465+0000] {processor.py:153} INFO - Started process (PID=5076) to work on /home/airflow/.local/lib/python3.7/site-packages/airflow/example_dags/example_branch_labels.py
[2024-01-05T14:01:36.467+0000] {processor.py:743} INFO - Processing file /home/airflow/.local/lib/python3.7/site-packages/airflow/example_dags/example_branch_labels.py for tasks to queue
[2024-01-05T14:01:36.468+0000] {logging_mixin.py:137} INFO - [2024-01-05T14:01:36.467+0000] {dagbag.py:538} INFO - Filling up the DagBag from /home/airflow/.local/lib/python3.7/site-packages/airflow/example_dags/example_branch_labels.py
[2024-01-05T14:01:36.485+0000] {processor.py:753} INFO - DAG(s) dict_keys(['example_branch_labels']) retrieved from /home/airflow/.local/lib/python3.7/site-packages/airflow/example_dags/example_branch_labels.py
[2024-01-05T14:01:36.514+0000] {logging_mixin.py:137} INFO - [2024-01-05T14:01:36.514+0000] {dag.py:2690} INFO - Sync 1 DAGs
[2024-01-05T14:01:36.536+0000] {logging_mixin.py:137} INFO - [2024-01-05T14:01:36.536+0000] {dag.py:3441} INFO - Setting next_dagrun for example_branch_labels to 2024-01-04T00:00:00+00:00, run_after=2024-01-05T00:00:00+00:00
[2024-01-05T14:01:36.549+0000] {processor.py:175} INFO - Processing /home/airflow/.local/lib/python3.7/site-packages/airflow/example_dags/example_branch_labels.py took 0.090 seconds
[2024-01-05T14:02:07.412+0000] {processor.py:153} INFO - Started process (PID=5140) to work on /home/airflow/.local/lib/python3.7/site-packages/airflow/example_dags/example_branch_labels.py
[2024-01-05T14:02:07.417+0000] {processor.py:743} INFO - Processing file /home/airflow/.local/lib/python3.7/site-packages/airflow/example_dags/example_branch_labels.py for tasks to queue
[2024-01-05T14:02:07.419+0000] {logging_mixin.py:137} INFO - [2024-01-05T14:02:07.419+0000] {dagbag.py:538} INFO - Filling up the DagBag from /home/airflow/.local/lib/python3.7/site-packages/airflow/example_dags/example_branch_labels.py
[2024-01-05T14:02:07.439+0000] {processor.py:753} INFO - DAG(s) dict_keys(['example_branch_labels']) retrieved from /home/airflow/.local/lib/python3.7/site-packages/airflow/example_dags/example_branch_labels.py
[2024-01-05T14:02:07.503+0000] {logging_mixin.py:137} INFO - [2024-01-05T14:02:07.503+0000] {dag.py:2690} INFO - Sync 1 DAGs
[2024-01-05T14:02:07.532+0000] {logging_mixin.py:137} INFO - [2024-01-05T14:02:07.532+0000] {dag.py:3441} INFO - Setting next_dagrun for example_branch_labels to 2024-01-04T00:00:00+00:00, run_after=2024-01-05T00:00:00+00:00
[2024-01-05T14:02:07.568+0000] {processor.py:175} INFO - Processing /home/airflow/.local/lib/python3.7/site-packages/airflow/example_dags/example_branch_labels.py took 0.161 seconds
[2024-01-05T14:02:38.040+0000] {processor.py:153} INFO - Started process (PID=5215) to work on /home/airflow/.local/lib/python3.7/site-packages/airflow/example_dags/example_branch_labels.py
[2024-01-05T14:02:38.042+0000] {processor.py:743} INFO - Processing file /home/airflow/.local/lib/python3.7/site-packages/airflow/example_dags/example_branch_labels.py for tasks to queue
[2024-01-05T14:02:38.044+0000] {logging_mixin.py:137} INFO - [2024-01-05T14:02:38.043+0000] {dagbag.py:538} INFO - Filling up the DagBag from /home/airflow/.local/lib/python3.7/site-packages/airflow/example_dags/example_branch_labels.py
[2024-01-05T14:02:38.065+0000] {processor.py:753} INFO - DAG(s) dict_keys(['example_branch_labels']) retrieved from /home/airflow/.local/lib/python3.7/site-packages/airflow/example_dags/example_branch_labels.py
[2024-01-05T14:02:38.091+0000] {logging_mixin.py:137} INFO - [2024-01-05T14:02:38.091+0000] {dag.py:2690} INFO - Sync 1 DAGs
[2024-01-05T14:02:38.111+0000] {logging_mixin.py:137} INFO - [2024-01-05T14:02:38.111+0000] {dag.py:3441} INFO - Setting next_dagrun for example_branch_labels to 2024-01-04T00:00:00+00:00, run_after=2024-01-05T00:00:00+00:00
[2024-01-05T14:02:38.125+0000] {processor.py:175} INFO - Processing /home/airflow/.local/lib/python3.7/site-packages/airflow/example_dags/example_branch_labels.py took 0.090 seconds
[2024-01-05T14:03:09.013+0000] {processor.py:153} INFO - Started process (PID=5287) to work on /home/airflow/.local/lib/python3.7/site-packages/airflow/example_dags/example_branch_labels.py
[2024-01-05T14:03:09.026+0000] {processor.py:743} INFO - Processing file /home/airflow/.local/lib/python3.7/site-packages/airflow/example_dags/example_branch_labels.py for tasks to queue
[2024-01-05T14:03:09.027+0000] {logging_mixin.py:137} INFO - [2024-01-05T14:03:09.027+0000] {dagbag.py:538} INFO - Filling up the DagBag from /home/airflow/.local/lib/python3.7/site-packages/airflow/example_dags/example_branch_labels.py
[2024-01-05T14:03:09.047+0000] {processor.py:753} INFO - DAG(s) dict_keys(['example_branch_labels']) retrieved from /home/airflow/.local/lib/python3.7/site-packages/airflow/example_dags/example_branch_labels.py
[2024-01-05T14:03:09.108+0000] {logging_mixin.py:137} INFO - [2024-01-05T14:03:09.108+0000] {dag.py:2690} INFO - Sync 1 DAGs
[2024-01-05T14:03:09.155+0000] {logging_mixin.py:137} INFO - [2024-01-05T14:03:09.155+0000] {dag.py:3441} INFO - Setting next_dagrun for example_branch_labels to 2024-01-04T00:00:00+00:00, run_after=2024-01-05T00:00:00+00:00
[2024-01-05T14:03:09.189+0000] {processor.py:175} INFO - Processing /home/airflow/.local/lib/python3.7/site-packages/airflow/example_dags/example_branch_labels.py took 0.183 seconds
[2024-01-05T14:03:39.737+0000] {processor.py:153} INFO - Started process (PID=5353) to work on /home/airflow/.local/lib/python3.7/site-packages/airflow/example_dags/example_branch_labels.py
[2024-01-05T14:03:39.741+0000] {processor.py:743} INFO - Processing file /home/airflow/.local/lib/python3.7/site-packages/airflow/example_dags/example_branch_labels.py for tasks to queue
[2024-01-05T14:03:39.744+0000] {logging_mixin.py:137} INFO - [2024-01-05T14:03:39.744+0000] {dagbag.py:538} INFO - Filling up the DagBag from /home/airflow/.local/lib/python3.7/site-packages/airflow/example_dags/example_branch_labels.py
[2024-01-05T14:03:39.763+0000] {processor.py:753} INFO - DAG(s) dict_keys(['example_branch_labels']) retrieved from /home/airflow/.local/lib/python3.7/site-packages/airflow/example_dags/example_branch_labels.py
[2024-01-05T14:03:39.802+0000] {logging_mixin.py:137} INFO - [2024-01-05T14:03:39.802+0000] {dag.py:2690} INFO - Sync 1 DAGs
[2024-01-05T14:03:39.850+0000] {logging_mixin.py:137} INFO - [2024-01-05T14:03:39.850+0000] {dag.py:3441} INFO - Setting next_dagrun for example_branch_labels to 2024-01-04T00:00:00+00:00, run_after=2024-01-05T00:00:00+00:00
[2024-01-05T14:03:39.876+0000] {processor.py:175} INFO - Processing /home/airflow/.local/lib/python3.7/site-packages/airflow/example_dags/example_branch_labels.py took 0.145 seconds
[2024-01-05T14:04:10.714+0000] {processor.py:153} INFO - Started process (PID=5429) to work on /home/airflow/.local/lib/python3.7/site-packages/airflow/example_dags/example_branch_labels.py
[2024-01-05T14:04:10.716+0000] {processor.py:743} INFO - Processing file /home/airflow/.local/lib/python3.7/site-packages/airflow/example_dags/example_branch_labels.py for tasks to queue
[2024-01-05T14:04:10.717+0000] {logging_mixin.py:137} INFO - [2024-01-05T14:04:10.717+0000] {dagbag.py:538} INFO - Filling up the DagBag from /home/airflow/.local/lib/python3.7/site-packages/airflow/example_dags/example_branch_labels.py
[2024-01-05T14:04:10.734+0000] {processor.py:753} INFO - DAG(s) dict_keys(['example_branch_labels']) retrieved from /home/airflow/.local/lib/python3.7/site-packages/airflow/example_dags/example_branch_labels.py
[2024-01-05T14:04:10.759+0000] {logging_mixin.py:137} INFO - [2024-01-05T14:04:10.758+0000] {dag.py:2690} INFO - Sync 1 DAGs
[2024-01-05T14:04:10.776+0000] {logging_mixin.py:137} INFO - [2024-01-05T14:04:10.776+0000] {dag.py:3441} INFO - Setting next_dagrun for example_branch_labels to 2024-01-04T00:00:00+00:00, run_after=2024-01-05T00:00:00+00:00
[2024-01-05T14:04:10.788+0000] {processor.py:175} INFO - Processing /home/airflow/.local/lib/python3.7/site-packages/airflow/example_dags/example_branch_labels.py took 0.082 seconds
[2024-01-05T14:04:40.856+0000] {processor.py:153} INFO - Started process (PID=5491) to work on /home/airflow/.local/lib/python3.7/site-packages/airflow/example_dags/example_branch_labels.py
[2024-01-05T14:04:40.859+0000] {processor.py:743} INFO - Processing file /home/airflow/.local/lib/python3.7/site-packages/airflow/example_dags/example_branch_labels.py for tasks to queue
[2024-01-05T14:04:40.862+0000] {logging_mixin.py:137} INFO - [2024-01-05T14:04:40.861+0000] {dagbag.py:538} INFO - Filling up the DagBag from /home/airflow/.local/lib/python3.7/site-packages/airflow/example_dags/example_branch_labels.py
[2024-01-05T14:04:40.882+0000] {processor.py:753} INFO - DAG(s) dict_keys(['example_branch_labels']) retrieved from /home/airflow/.local/lib/python3.7/site-packages/airflow/example_dags/example_branch_labels.py
[2024-01-05T14:04:40.911+0000] {logging_mixin.py:137} INFO - [2024-01-05T14:04:40.911+0000] {dag.py:2690} INFO - Sync 1 DAGs
[2024-01-05T14:04:40.933+0000] {logging_mixin.py:137} INFO - [2024-01-05T14:04:40.933+0000] {dag.py:3441} INFO - Setting next_dagrun for example_branch_labels to 2024-01-04T00:00:00+00:00, run_after=2024-01-05T00:00:00+00:00
[2024-01-05T14:04:40.947+0000] {processor.py:175} INFO - Processing /home/airflow/.local/lib/python3.7/site-packages/airflow/example_dags/example_branch_labels.py took 0.098 seconds
[2024-01-05T14:05:10.973+0000] {processor.py:153} INFO - Started process (PID=5566) to work on /home/airflow/.local/lib/python3.7/site-packages/airflow/example_dags/example_branch_labels.py
[2024-01-05T14:05:10.974+0000] {processor.py:743} INFO - Processing file /home/airflow/.local/lib/python3.7/site-packages/airflow/example_dags/example_branch_labels.py for tasks to queue
[2024-01-05T14:05:10.975+0000] {logging_mixin.py:137} INFO - [2024-01-05T14:05:10.975+0000] {dagbag.py:538} INFO - Filling up the DagBag from /home/airflow/.local/lib/python3.7/site-packages/airflow/example_dags/example_branch_labels.py
[2024-01-05T14:05:10.985+0000] {processor.py:753} INFO - DAG(s) dict_keys(['example_branch_labels']) retrieved from /home/airflow/.local/lib/python3.7/site-packages/airflow/example_dags/example_branch_labels.py
[2024-01-05T14:05:11.004+0000] {logging_mixin.py:137} INFO - [2024-01-05T14:05:11.004+0000] {dag.py:2690} INFO - Sync 1 DAGs
[2024-01-05T14:05:11.020+0000] {logging_mixin.py:137} INFO - [2024-01-05T14:05:11.020+0000] {dag.py:3441} INFO - Setting next_dagrun for example_branch_labels to 2024-01-04T00:00:00+00:00, run_after=2024-01-05T00:00:00+00:00
[2024-01-05T14:05:11.029+0000] {processor.py:175} INFO - Processing /home/airflow/.local/lib/python3.7/site-packages/airflow/example_dags/example_branch_labels.py took 0.059 seconds
[2024-01-05T14:05:41.250+0000] {processor.py:153} INFO - Started process (PID=5629) to work on /home/airflow/.local/lib/python3.7/site-packages/airflow/example_dags/example_branch_labels.py
[2024-01-05T14:05:41.251+0000] {processor.py:743} INFO - Processing file /home/airflow/.local/lib/python3.7/site-packages/airflow/example_dags/example_branch_labels.py for tasks to queue
[2024-01-05T14:05:41.252+0000] {logging_mixin.py:137} INFO - [2024-01-05T14:05:41.252+0000] {dagbag.py:538} INFO - Filling up the DagBag from /home/airflow/.local/lib/python3.7/site-packages/airflow/example_dags/example_branch_labels.py
[2024-01-05T14:05:41.262+0000] {processor.py:753} INFO - DAG(s) dict_keys(['example_branch_labels']) retrieved from /home/airflow/.local/lib/python3.7/site-packages/airflow/example_dags/example_branch_labels.py
[2024-01-05T14:05:41.288+0000] {logging_mixin.py:137} INFO - [2024-01-05T14:05:41.288+0000] {dag.py:2690} INFO - Sync 1 DAGs
[2024-01-05T14:05:41.313+0000] {logging_mixin.py:137} INFO - [2024-01-05T14:05:41.312+0000] {dag.py:3441} INFO - Setting next_dagrun for example_branch_labels to 2024-01-04T00:00:00+00:00, run_after=2024-01-05T00:00:00+00:00
[2024-01-05T14:05:41.325+0000] {processor.py:175} INFO - Processing /home/airflow/.local/lib/python3.7/site-packages/airflow/example_dags/example_branch_labels.py took 0.077 seconds
[2024-01-05T14:06:12.003+0000] {processor.py:153} INFO - Started process (PID=5705) to work on /home/airflow/.local/lib/python3.7/site-packages/airflow/example_dags/example_branch_labels.py
[2024-01-05T14:06:12.005+0000] {processor.py:743} INFO - Processing file /home/airflow/.local/lib/python3.7/site-packages/airflow/example_dags/example_branch_labels.py for tasks to queue
[2024-01-05T14:06:12.005+0000] {logging_mixin.py:137} INFO - [2024-01-05T14:06:12.005+0000] {dagbag.py:538} INFO - Filling up the DagBag from /home/airflow/.local/lib/python3.7/site-packages/airflow/example_dags/example_branch_labels.py
[2024-01-05T14:06:12.016+0000] {processor.py:753} INFO - DAG(s) dict_keys(['example_branch_labels']) retrieved from /home/airflow/.local/lib/python3.7/site-packages/airflow/example_dags/example_branch_labels.py
[2024-01-05T14:06:12.036+0000] {logging_mixin.py:137} INFO - [2024-01-05T14:06:12.036+0000] {dag.py:2690} INFO - Sync 1 DAGs
[2024-01-05T14:06:12.053+0000] {logging_mixin.py:137} INFO - [2024-01-05T14:06:12.053+0000] {dag.py:3441} INFO - Setting next_dagrun for example_branch_labels to 2024-01-04T00:00:00+00:00, run_after=2024-01-05T00:00:00+00:00
[2024-01-05T14:06:12.064+0000] {processor.py:175} INFO - Processing /home/airflow/.local/lib/python3.7/site-packages/airflow/example_dags/example_branch_labels.py took 0.063 seconds
[2024-01-05T14:06:42.976+0000] {processor.py:153} INFO - Started process (PID=5775) to work on /home/airflow/.local/lib/python3.7/site-packages/airflow/example_dags/example_branch_labels.py
[2024-01-05T14:06:42.978+0000] {processor.py:743} INFO - Processing file /home/airflow/.local/lib/python3.7/site-packages/airflow/example_dags/example_branch_labels.py for tasks to queue
[2024-01-05T14:06:42.979+0000] {logging_mixin.py:137} INFO - [2024-01-05T14:06:42.979+0000] {dagbag.py:538} INFO - Filling up the DagBag from /home/airflow/.local/lib/python3.7/site-packages/airflow/example_dags/example_branch_labels.py
[2024-01-05T14:06:42.991+0000] {processor.py:753} INFO - DAG(s) dict_keys(['example_branch_labels']) retrieved from /home/airflow/.local/lib/python3.7/site-packages/airflow/example_dags/example_branch_labels.py
[2024-01-05T14:06:43.020+0000] {logging_mixin.py:137} INFO - [2024-01-05T14:06:43.020+0000] {dag.py:2690} INFO - Sync 1 DAGs
[2024-01-05T14:06:43.048+0000] {logging_mixin.py:137} INFO - [2024-01-05T14:06:43.048+0000] {dag.py:3441} INFO - Setting next_dagrun for example_branch_labels to 2024-01-04T00:00:00+00:00, run_after=2024-01-05T00:00:00+00:00
[2024-01-05T14:06:43.063+0000] {processor.py:175} INFO - Processing /home/airflow/.local/lib/python3.7/site-packages/airflow/example_dags/example_branch_labels.py took 0.090 seconds
[2024-01-05T14:07:13.469+0000] {processor.py:153} INFO - Started process (PID=5843) to work on /home/airflow/.local/lib/python3.7/site-packages/airflow/example_dags/example_branch_labels.py
[2024-01-05T14:07:13.470+0000] {processor.py:743} INFO - Processing file /home/airflow/.local/lib/python3.7/site-packages/airflow/example_dags/example_branch_labels.py for tasks to queue
[2024-01-05T14:07:13.471+0000] {logging_mixin.py:137} INFO - [2024-01-05T14:07:13.471+0000] {dagbag.py:538} INFO - Filling up the DagBag from /home/airflow/.local/lib/python3.7/site-packages/airflow/example_dags/example_branch_labels.py
[2024-01-05T14:07:13.482+0000] {processor.py:753} INFO - DAG(s) dict_keys(['example_branch_labels']) retrieved from /home/airflow/.local/lib/python3.7/site-packages/airflow/example_dags/example_branch_labels.py
[2024-01-05T14:07:13.535+0000] {logging_mixin.py:137} INFO - [2024-01-05T14:07:13.535+0000] {dag.py:2690} INFO - Sync 1 DAGs
[2024-01-05T14:07:13.557+0000] {logging_mixin.py:137} INFO - [2024-01-05T14:07:13.557+0000] {dag.py:3441} INFO - Setting next_dagrun for example_branch_labels to 2024-01-04T00:00:00+00:00, run_after=2024-01-05T00:00:00+00:00
[2024-01-05T14:07:13.568+0000] {processor.py:175} INFO - Processing /home/airflow/.local/lib/python3.7/site-packages/airflow/example_dags/example_branch_labels.py took 0.102 seconds
[2024-01-05T14:07:44.117+0000] {processor.py:153} INFO - Started process (PID=5918) to work on /home/airflow/.local/lib/python3.7/site-packages/airflow/example_dags/example_branch_labels.py
[2024-01-05T14:07:44.119+0000] {processor.py:743} INFO - Processing file /home/airflow/.local/lib/python3.7/site-packages/airflow/example_dags/example_branch_labels.py for tasks to queue
[2024-01-05T14:07:44.121+0000] {logging_mixin.py:137} INFO - [2024-01-05T14:07:44.120+0000] {dagbag.py:538} INFO - Filling up the DagBag from /home/airflow/.local/lib/python3.7/site-packages/airflow/example_dags/example_branch_labels.py
[2024-01-05T14:07:44.149+0000] {processor.py:753} INFO - DAG(s) dict_keys(['example_branch_labels']) retrieved from /home/airflow/.local/lib/python3.7/site-packages/airflow/example_dags/example_branch_labels.py
[2024-01-05T14:07:44.180+0000] {logging_mixin.py:137} INFO - [2024-01-05T14:07:44.180+0000] {dag.py:2690} INFO - Sync 1 DAGs
[2024-01-05T14:07:44.210+0000] {logging_mixin.py:137} INFO - [2024-01-05T14:07:44.210+0000] {dag.py:3441} INFO - Setting next_dagrun for example_branch_labels to 2024-01-04T00:00:00+00:00, run_after=2024-01-05T00:00:00+00:00
[2024-01-05T14:07:44.223+0000] {processor.py:175} INFO - Processing /home/airflow/.local/lib/python3.7/site-packages/airflow/example_dags/example_branch_labels.py took 0.111 seconds
[2024-01-05T14:08:14.929+0000] {processor.py:153} INFO - Started process (PID=5981) to work on /home/airflow/.local/lib/python3.7/site-packages/airflow/example_dags/example_branch_labels.py
[2024-01-05T14:08:14.930+0000] {processor.py:743} INFO - Processing file /home/airflow/.local/lib/python3.7/site-packages/airflow/example_dags/example_branch_labels.py for tasks to queue
[2024-01-05T14:08:14.931+0000] {logging_mixin.py:137} INFO - [2024-01-05T14:08:14.931+0000] {dagbag.py:538} INFO - Filling up the DagBag from /home/airflow/.local/lib/python3.7/site-packages/airflow/example_dags/example_branch_labels.py
[2024-01-05T14:08:14.941+0000] {processor.py:753} INFO - DAG(s) dict_keys(['example_branch_labels']) retrieved from /home/airflow/.local/lib/python3.7/site-packages/airflow/example_dags/example_branch_labels.py
[2024-01-05T14:08:14.961+0000] {logging_mixin.py:137} INFO - [2024-01-05T14:08:14.961+0000] {dag.py:2690} INFO - Sync 1 DAGs
[2024-01-05T14:08:14.977+0000] {logging_mixin.py:137} INFO - [2024-01-05T14:08:14.977+0000] {dag.py:3441} INFO - Setting next_dagrun for example_branch_labels to 2024-01-04T00:00:00+00:00, run_after=2024-01-05T00:00:00+00:00
[2024-01-05T14:08:14.989+0000] {processor.py:175} INFO - Processing /home/airflow/.local/lib/python3.7/site-packages/airflow/example_dags/example_branch_labels.py took 0.063 seconds
[2024-01-05T14:08:46.188+0000] {processor.py:153} INFO - Started process (PID=6056) to work on /home/airflow/.local/lib/python3.7/site-packages/airflow/example_dags/example_branch_labels.py
[2024-01-05T14:08:46.190+0000] {processor.py:743} INFO - Processing file /home/airflow/.local/lib/python3.7/site-packages/airflow/example_dags/example_branch_labels.py for tasks to queue
[2024-01-05T14:08:46.191+0000] {logging_mixin.py:137} INFO - [2024-01-05T14:08:46.191+0000] {dagbag.py:538} INFO - Filling up the DagBag from /home/airflow/.local/lib/python3.7/site-packages/airflow/example_dags/example_branch_labels.py
[2024-01-05T14:08:46.205+0000] {processor.py:753} INFO - DAG(s) dict_keys(['example_branch_labels']) retrieved from /home/airflow/.local/lib/python3.7/site-packages/airflow/example_dags/example_branch_labels.py
[2024-01-05T14:08:46.229+0000] {logging_mixin.py:137} INFO - [2024-01-05T14:08:46.229+0000] {dag.py:2690} INFO - Sync 1 DAGs
[2024-01-05T14:08:46.251+0000] {logging_mixin.py:137} INFO - [2024-01-05T14:08:46.251+0000] {dag.py:3441} INFO - Setting next_dagrun for example_branch_labels to 2024-01-04T00:00:00+00:00, run_after=2024-01-05T00:00:00+00:00
[2024-01-05T14:08:46.266+0000] {processor.py:175} INFO - Processing /home/airflow/.local/lib/python3.7/site-packages/airflow/example_dags/example_branch_labels.py took 0.081 seconds
[2024-01-05T14:09:16.590+0000] {processor.py:153} INFO - Started process (PID=6120) to work on /home/airflow/.local/lib/python3.7/site-packages/airflow/example_dags/example_branch_labels.py
[2024-01-05T14:09:16.591+0000] {processor.py:743} INFO - Processing file /home/airflow/.local/lib/python3.7/site-packages/airflow/example_dags/example_branch_labels.py for tasks to queue
[2024-01-05T14:09:16.592+0000] {logging_mixin.py:137} INFO - [2024-01-05T14:09:16.592+0000] {dagbag.py:538} INFO - Filling up the DagBag from /home/airflow/.local/lib/python3.7/site-packages/airflow/example_dags/example_branch_labels.py
[2024-01-05T14:09:16.602+0000] {processor.py:753} INFO - DAG(s) dict_keys(['example_branch_labels']) retrieved from /home/airflow/.local/lib/python3.7/site-packages/airflow/example_dags/example_branch_labels.py
[2024-01-05T14:09:16.623+0000] {logging_mixin.py:137} INFO - [2024-01-05T14:09:16.623+0000] {dag.py:2690} INFO - Sync 1 DAGs
[2024-01-05T14:09:16.640+0000] {logging_mixin.py:137} INFO - [2024-01-05T14:09:16.640+0000] {dag.py:3441} INFO - Setting next_dagrun for example_branch_labels to 2024-01-04T00:00:00+00:00, run_after=2024-01-05T00:00:00+00:00
[2024-01-05T14:09:16.652+0000] {processor.py:175} INFO - Processing /home/airflow/.local/lib/python3.7/site-packages/airflow/example_dags/example_branch_labels.py took 0.065 seconds
[2024-01-05T14:09:47.003+0000] {processor.py:153} INFO - Started process (PID=6195) to work on /home/airflow/.local/lib/python3.7/site-packages/airflow/example_dags/example_branch_labels.py
[2024-01-05T14:09:47.005+0000] {processor.py:743} INFO - Processing file /home/airflow/.local/lib/python3.7/site-packages/airflow/example_dags/example_branch_labels.py for tasks to queue
[2024-01-05T14:09:47.007+0000] {logging_mixin.py:137} INFO - [2024-01-05T14:09:47.007+0000] {dagbag.py:538} INFO - Filling up the DagBag from /home/airflow/.local/lib/python3.7/site-packages/airflow/example_dags/example_branch_labels.py
[2024-01-05T14:09:47.027+0000] {processor.py:753} INFO - DAG(s) dict_keys(['example_branch_labels']) retrieved from /home/airflow/.local/lib/python3.7/site-packages/airflow/example_dags/example_branch_labels.py
[2024-01-05T14:09:47.059+0000] {logging_mixin.py:137} INFO - [2024-01-05T14:09:47.059+0000] {dag.py:2690} INFO - Sync 1 DAGs
[2024-01-05T14:09:47.086+0000] {logging_mixin.py:137} INFO - [2024-01-05T14:09:47.086+0000] {dag.py:3441} INFO - Setting next_dagrun for example_branch_labels to 2024-01-04T00:00:00+00:00, run_after=2024-01-05T00:00:00+00:00
[2024-01-05T14:09:47.101+0000] {processor.py:175} INFO - Processing /home/airflow/.local/lib/python3.7/site-packages/airflow/example_dags/example_branch_labels.py took 0.103 seconds
[2024-01-05T14:10:18.230+0000] {processor.py:153} INFO - Started process (PID=6258) to work on /home/airflow/.local/lib/python3.7/site-packages/airflow/example_dags/example_branch_labels.py
[2024-01-05T14:10:18.232+0000] {processor.py:743} INFO - Processing file /home/airflow/.local/lib/python3.7/site-packages/airflow/example_dags/example_branch_labels.py for tasks to queue
[2024-01-05T14:10:18.233+0000] {logging_mixin.py:137} INFO - [2024-01-05T14:10:18.233+0000] {dagbag.py:538} INFO - Filling up the DagBag from /home/airflow/.local/lib/python3.7/site-packages/airflow/example_dags/example_branch_labels.py
[2024-01-05T14:10:18.244+0000] {processor.py:753} INFO - DAG(s) dict_keys(['example_branch_labels']) retrieved from /home/airflow/.local/lib/python3.7/site-packages/airflow/example_dags/example_branch_labels.py
[2024-01-05T14:10:18.266+0000] {logging_mixin.py:137} INFO - [2024-01-05T14:10:18.266+0000] {dag.py:2690} INFO - Sync 1 DAGs
[2024-01-05T14:10:18.283+0000] {logging_mixin.py:137} INFO - [2024-01-05T14:10:18.283+0000] {dag.py:3441} INFO - Setting next_dagrun for example_branch_labels to 2024-01-04T00:00:00+00:00, run_after=2024-01-05T00:00:00+00:00
[2024-01-05T14:10:18.295+0000] {processor.py:175} INFO - Processing /home/airflow/.local/lib/python3.7/site-packages/airflow/example_dags/example_branch_labels.py took 0.068 seconds
[2024-01-05T14:10:48.986+0000] {processor.py:153} INFO - Started process (PID=6331) to work on /home/airflow/.local/lib/python3.7/site-packages/airflow/example_dags/example_branch_labels.py
[2024-01-05T14:10:48.987+0000] {processor.py:743} INFO - Processing file /home/airflow/.local/lib/python3.7/site-packages/airflow/example_dags/example_branch_labels.py for tasks to queue
[2024-01-05T14:10:48.988+0000] {logging_mixin.py:137} INFO - [2024-01-05T14:10:48.988+0000] {dagbag.py:538} INFO - Filling up the DagBag from /home/airflow/.local/lib/python3.7/site-packages/airflow/example_dags/example_branch_labels.py
[2024-01-05T14:10:49.000+0000] {processor.py:753} INFO - DAG(s) dict_keys(['example_branch_labels']) retrieved from /home/airflow/.local/lib/python3.7/site-packages/airflow/example_dags/example_branch_labels.py
[2024-01-05T14:10:49.020+0000] {logging_mixin.py:137} INFO - [2024-01-05T14:10:49.020+0000] {dag.py:2690} INFO - Sync 1 DAGs
[2024-01-05T14:10:49.038+0000] {logging_mixin.py:137} INFO - [2024-01-05T14:10:49.038+0000] {dag.py:3441} INFO - Setting next_dagrun for example_branch_labels to 2024-01-04T00:00:00+00:00, run_after=2024-01-05T00:00:00+00:00
[2024-01-05T14:10:49.049+0000] {processor.py:175} INFO - Processing /home/airflow/.local/lib/python3.7/site-packages/airflow/example_dags/example_branch_labels.py took 0.066 seconds
[2024-01-05T14:11:19.844+0000] {processor.py:153} INFO - Started process (PID=6394) to work on /home/airflow/.local/lib/python3.7/site-packages/airflow/example_dags/example_branch_labels.py
[2024-01-05T14:11:19.846+0000] {processor.py:743} INFO - Processing file /home/airflow/.local/lib/python3.7/site-packages/airflow/example_dags/example_branch_labels.py for tasks to queue
[2024-01-05T14:11:19.847+0000] {logging_mixin.py:137} INFO - [2024-01-05T14:11:19.847+0000] {dagbag.py:538} INFO - Filling up the DagBag from /home/airflow/.local/lib/python3.7/site-packages/airflow/example_dags/example_branch_labels.py
[2024-01-05T14:11:19.859+0000] {processor.py:753} INFO - DAG(s) dict_keys(['example_branch_labels']) retrieved from /home/airflow/.local/lib/python3.7/site-packages/airflow/example_dags/example_branch_labels.py
[2024-01-05T14:11:19.900+0000] {logging_mixin.py:137} INFO - [2024-01-05T14:11:19.899+0000] {dag.py:2690} INFO - Sync 1 DAGs
[2024-01-05T14:11:19.928+0000] {logging_mixin.py:137} INFO - [2024-01-05T14:11:19.928+0000] {dag.py:3441} INFO - Setting next_dagrun for example_branch_labels to 2024-01-04T00:00:00+00:00, run_after=2024-01-05T00:00:00+00:00
[2024-01-05T14:11:19.942+0000] {processor.py:175} INFO - Processing /home/airflow/.local/lib/python3.7/site-packages/airflow/example_dags/example_branch_labels.py took 0.100 seconds
[2024-01-05T14:11:50.201+0000] {processor.py:153} INFO - Started process (PID=6468) to work on /home/airflow/.local/lib/python3.7/site-packages/airflow/example_dags/example_branch_labels.py
[2024-01-05T14:11:50.203+0000] {processor.py:743} INFO - Processing file /home/airflow/.local/lib/python3.7/site-packages/airflow/example_dags/example_branch_labels.py for tasks to queue
[2024-01-05T14:11:50.204+0000] {logging_mixin.py:137} INFO - [2024-01-05T14:11:50.203+0000] {dagbag.py:538} INFO - Filling up the DagBag from /home/airflow/.local/lib/python3.7/site-packages/airflow/example_dags/example_branch_labels.py
[2024-01-05T14:11:50.215+0000] {processor.py:753} INFO - DAG(s) dict_keys(['example_branch_labels']) retrieved from /home/airflow/.local/lib/python3.7/site-packages/airflow/example_dags/example_branch_labels.py
[2024-01-05T14:11:50.238+0000] {logging_mixin.py:137} INFO - [2024-01-05T14:11:50.238+0000] {dag.py:2690} INFO - Sync 1 DAGs
[2024-01-05T14:11:50.255+0000] {logging_mixin.py:137} INFO - [2024-01-05T14:11:50.255+0000] {dag.py:3441} INFO - Setting next_dagrun for example_branch_labels to 2024-01-04T00:00:00+00:00, run_after=2024-01-05T00:00:00+00:00
[2024-01-05T14:11:50.266+0000] {processor.py:175} INFO - Processing /home/airflow/.local/lib/python3.7/site-packages/airflow/example_dags/example_branch_labels.py took 0.067 seconds
[2024-01-05T14:12:20.926+0000] {processor.py:153} INFO - Started process (PID=6544) to work on /home/airflow/.local/lib/python3.7/site-packages/airflow/example_dags/example_branch_labels.py
[2024-01-05T14:12:20.927+0000] {processor.py:743} INFO - Processing file /home/airflow/.local/lib/python3.7/site-packages/airflow/example_dags/example_branch_labels.py for tasks to queue
[2024-01-05T14:12:20.928+0000] {logging_mixin.py:137} INFO - [2024-01-05T14:12:20.928+0000] {dagbag.py:538} INFO - Filling up the DagBag from /home/airflow/.local/lib/python3.7/site-packages/airflow/example_dags/example_branch_labels.py
[2024-01-05T14:12:20.943+0000] {processor.py:753} INFO - DAG(s) dict_keys(['example_branch_labels']) retrieved from /home/airflow/.local/lib/python3.7/site-packages/airflow/example_dags/example_branch_labels.py
[2024-01-05T14:12:20.982+0000] {logging_mixin.py:137} INFO - [2024-01-05T14:12:20.982+0000] {dag.py:2690} INFO - Sync 1 DAGs
[2024-01-05T14:12:21.004+0000] {logging_mixin.py:137} INFO - [2024-01-05T14:12:21.004+0000] {dag.py:3441} INFO - Setting next_dagrun for example_branch_labels to 2024-01-04T00:00:00+00:00, run_after=2024-01-05T00:00:00+00:00
[2024-01-05T14:12:21.025+0000] {processor.py:175} INFO - Processing /home/airflow/.local/lib/python3.7/site-packages/airflow/example_dags/example_branch_labels.py took 0.103 seconds
[2024-01-05T14:12:51.750+0000] {processor.py:153} INFO - Started process (PID=6607) to work on /home/airflow/.local/lib/python3.7/site-packages/airflow/example_dags/example_branch_labels.py
[2024-01-05T14:12:51.752+0000] {processor.py:743} INFO - Processing file /home/airflow/.local/lib/python3.7/site-packages/airflow/example_dags/example_branch_labels.py for tasks to queue
[2024-01-05T14:12:51.753+0000] {logging_mixin.py:137} INFO - [2024-01-05T14:12:51.753+0000] {dagbag.py:538} INFO - Filling up the DagBag from /home/airflow/.local/lib/python3.7/site-packages/airflow/example_dags/example_branch_labels.py
[2024-01-05T14:12:51.765+0000] {processor.py:753} INFO - DAG(s) dict_keys(['example_branch_labels']) retrieved from /home/airflow/.local/lib/python3.7/site-packages/airflow/example_dags/example_branch_labels.py
[2024-01-05T14:12:51.786+0000] {logging_mixin.py:137} INFO - [2024-01-05T14:12:51.786+0000] {dag.py:2690} INFO - Sync 1 DAGs
[2024-01-05T14:12:51.803+0000] {logging_mixin.py:137} INFO - [2024-01-05T14:12:51.803+0000] {dag.py:3441} INFO - Setting next_dagrun for example_branch_labels to 2024-01-04T00:00:00+00:00, run_after=2024-01-05T00:00:00+00:00
[2024-01-05T14:12:51.814+0000] {processor.py:175} INFO - Processing /home/airflow/.local/lib/python3.7/site-packages/airflow/example_dags/example_branch_labels.py took 0.067 seconds
[2024-01-05T14:13:22.473+0000] {processor.py:153} INFO - Started process (PID=6681) to work on /home/airflow/.local/lib/python3.7/site-packages/airflow/example_dags/example_branch_labels.py
[2024-01-05T14:13:22.474+0000] {processor.py:743} INFO - Processing file /home/airflow/.local/lib/python3.7/site-packages/airflow/example_dags/example_branch_labels.py for tasks to queue
[2024-01-05T14:13:22.475+0000] {logging_mixin.py:137} INFO - [2024-01-05T14:13:22.475+0000] {dagbag.py:538} INFO - Filling up the DagBag from /home/airflow/.local/lib/python3.7/site-packages/airflow/example_dags/example_branch_labels.py
[2024-01-05T14:13:22.492+0000] {processor.py:753} INFO - DAG(s) dict_keys(['example_branch_labels']) retrieved from /home/airflow/.local/lib/python3.7/site-packages/airflow/example_dags/example_branch_labels.py
[2024-01-05T14:13:22.513+0000] {logging_mixin.py:137} INFO - [2024-01-05T14:13:22.513+0000] {dag.py:2690} INFO - Sync 1 DAGs
[2024-01-05T14:13:22.530+0000] {logging_mixin.py:137} INFO - [2024-01-05T14:13:22.530+0000] {dag.py:3441} INFO - Setting next_dagrun for example_branch_labels to 2024-01-04T00:00:00+00:00, run_after=2024-01-05T00:00:00+00:00
[2024-01-05T14:13:22.541+0000] {processor.py:175} INFO - Processing /home/airflow/.local/lib/python3.7/site-packages/airflow/example_dags/example_branch_labels.py took 0.071 seconds
[2024-01-05T14:13:53.283+0000] {processor.py:153} INFO - Started process (PID=6744) to work on /home/airflow/.local/lib/python3.7/site-packages/airflow/example_dags/example_branch_labels.py
[2024-01-05T14:13:53.285+0000] {processor.py:743} INFO - Processing file /home/airflow/.local/lib/python3.7/site-packages/airflow/example_dags/example_branch_labels.py for tasks to queue
[2024-01-05T14:13:53.286+0000] {logging_mixin.py:137} INFO - [2024-01-05T14:13:53.285+0000] {dagbag.py:538} INFO - Filling up the DagBag from /home/airflow/.local/lib/python3.7/site-packages/airflow/example_dags/example_branch_labels.py
[2024-01-05T14:13:53.297+0000] {processor.py:753} INFO - DAG(s) dict_keys(['example_branch_labels']) retrieved from /home/airflow/.local/lib/python3.7/site-packages/airflow/example_dags/example_branch_labels.py
[2024-01-05T14:13:53.319+0000] {logging_mixin.py:137} INFO - [2024-01-05T14:13:53.319+0000] {dag.py:2690} INFO - Sync 1 DAGs
[2024-01-05T14:13:53.336+0000] {logging_mixin.py:137} INFO - [2024-01-05T14:13:53.336+0000] {dag.py:3441} INFO - Setting next_dagrun for example_branch_labels to 2024-01-04T00:00:00+00:00, run_after=2024-01-05T00:00:00+00:00
[2024-01-05T14:13:53.354+0000] {processor.py:175} INFO - Processing /home/airflow/.local/lib/python3.7/site-packages/airflow/example_dags/example_branch_labels.py took 0.074 seconds
[2024-01-05T14:14:23.514+0000] {processor.py:153} INFO - Started process (PID=6820) to work on /home/airflow/.local/lib/python3.7/site-packages/airflow/example_dags/example_branch_labels.py
[2024-01-05T14:14:23.516+0000] {processor.py:743} INFO - Processing file /home/airflow/.local/lib/python3.7/site-packages/airflow/example_dags/example_branch_labels.py for tasks to queue
[2024-01-05T14:14:23.517+0000] {logging_mixin.py:137} INFO - [2024-01-05T14:14:23.517+0000] {dagbag.py:538} INFO - Filling up the DagBag from /home/airflow/.local/lib/python3.7/site-packages/airflow/example_dags/example_branch_labels.py
[2024-01-05T14:14:23.528+0000] {processor.py:753} INFO - DAG(s) dict_keys(['example_branch_labels']) retrieved from /home/airflow/.local/lib/python3.7/site-packages/airflow/example_dags/example_branch_labels.py
[2024-01-05T14:14:23.549+0000] {logging_mixin.py:137} INFO - [2024-01-05T14:14:23.549+0000] {dag.py:2690} INFO - Sync 1 DAGs
[2024-01-05T14:14:23.566+0000] {logging_mixin.py:137} INFO - [2024-01-05T14:14:23.566+0000] {dag.py:3441} INFO - Setting next_dagrun for example_branch_labels to 2024-01-04T00:00:00+00:00, run_after=2024-01-05T00:00:00+00:00
[2024-01-05T14:14:23.577+0000] {processor.py:175} INFO - Processing /home/airflow/.local/lib/python3.7/site-packages/airflow/example_dags/example_branch_labels.py took 0.065 seconds
[2024-01-05T14:14:54.242+0000] {processor.py:153} INFO - Started process (PID=6883) to work on /home/airflow/.local/lib/python3.7/site-packages/airflow/example_dags/example_branch_labels.py
[2024-01-05T14:14:54.243+0000] {processor.py:743} INFO - Processing file /home/airflow/.local/lib/python3.7/site-packages/airflow/example_dags/example_branch_labels.py for tasks to queue
[2024-01-05T14:14:54.244+0000] {logging_mixin.py:137} INFO - [2024-01-05T14:14:54.244+0000] {dagbag.py:538} INFO - Filling up the DagBag from /home/airflow/.local/lib/python3.7/site-packages/airflow/example_dags/example_branch_labels.py
[2024-01-05T14:14:54.255+0000] {processor.py:753} INFO - DAG(s) dict_keys(['example_branch_labels']) retrieved from /home/airflow/.local/lib/python3.7/site-packages/airflow/example_dags/example_branch_labels.py
[2024-01-05T14:14:54.280+0000] {logging_mixin.py:137} INFO - [2024-01-05T14:14:54.279+0000] {dag.py:2690} INFO - Sync 1 DAGs
[2024-01-05T14:14:54.302+0000] {logging_mixin.py:137} INFO - [2024-01-05T14:14:54.302+0000] {dag.py:3441} INFO - Setting next_dagrun for example_branch_labels to 2024-01-04T00:00:00+00:00, run_after=2024-01-05T00:00:00+00:00
[2024-01-05T14:14:54.315+0000] {processor.py:175} INFO - Processing /home/airflow/.local/lib/python3.7/site-packages/airflow/example_dags/example_branch_labels.py took 0.076 seconds
[2024-01-05T14:15:25.378+0000] {processor.py:153} INFO - Started process (PID=6958) to work on /home/airflow/.local/lib/python3.7/site-packages/airflow/example_dags/example_branch_labels.py
[2024-01-05T14:15:25.379+0000] {processor.py:743} INFO - Processing file /home/airflow/.local/lib/python3.7/site-packages/airflow/example_dags/example_branch_labels.py for tasks to queue
[2024-01-05T14:15:25.380+0000] {logging_mixin.py:137} INFO - [2024-01-05T14:15:25.380+0000] {dagbag.py:538} INFO - Filling up the DagBag from /home/airflow/.local/lib/python3.7/site-packages/airflow/example_dags/example_branch_labels.py
[2024-01-05T14:15:25.393+0000] {processor.py:753} INFO - DAG(s) dict_keys(['example_branch_labels']) retrieved from /home/airflow/.local/lib/python3.7/site-packages/airflow/example_dags/example_branch_labels.py
[2024-01-05T14:15:25.425+0000] {logging_mixin.py:137} INFO - [2024-01-05T14:15:25.425+0000] {dag.py:2690} INFO - Sync 1 DAGs
[2024-01-05T14:15:25.453+0000] {logging_mixin.py:137} INFO - [2024-01-05T14:15:25.453+0000] {dag.py:3441} INFO - Setting next_dagrun for example_branch_labels to 2024-01-04T00:00:00+00:00, run_after=2024-01-05T00:00:00+00:00
[2024-01-05T14:15:25.467+0000] {processor.py:175} INFO - Processing /home/airflow/.local/lib/python3.7/site-packages/airflow/example_dags/example_branch_labels.py took 0.091 seconds
[2024-01-05T14:15:55.513+0000] {processor.py:153} INFO - Started process (PID=7021) to work on /home/airflow/.local/lib/python3.7/site-packages/airflow/example_dags/example_branch_labels.py
[2024-01-05T14:15:55.514+0000] {processor.py:743} INFO - Processing file /home/airflow/.local/lib/python3.7/site-packages/airflow/example_dags/example_branch_labels.py for tasks to queue
[2024-01-05T14:15:55.515+0000] {logging_mixin.py:137} INFO - [2024-01-05T14:15:55.515+0000] {dagbag.py:538} INFO - Filling up the DagBag from /home/airflow/.local/lib/python3.7/site-packages/airflow/example_dags/example_branch_labels.py
[2024-01-05T14:15:55.531+0000] {processor.py:753} INFO - DAG(s) dict_keys(['example_branch_labels']) retrieved from /home/airflow/.local/lib/python3.7/site-packages/airflow/example_dags/example_branch_labels.py
[2024-01-05T14:15:55.558+0000] {logging_mixin.py:137} INFO - [2024-01-05T14:15:55.558+0000] {dag.py:2690} INFO - Sync 1 DAGs
[2024-01-05T14:15:55.577+0000] {logging_mixin.py:137} INFO - [2024-01-05T14:15:55.577+0000] {dag.py:3441} INFO - Setting next_dagrun for example_branch_labels to 2024-01-04T00:00:00+00:00, run_after=2024-01-05T00:00:00+00:00
[2024-01-05T14:15:55.594+0000] {processor.py:175} INFO - Processing /home/airflow/.local/lib/python3.7/site-packages/airflow/example_dags/example_branch_labels.py took 0.084 seconds
[2024-01-05T14:16:26.624+0000] {processor.py:153} INFO - Started process (PID=7096) to work on /home/airflow/.local/lib/python3.7/site-packages/airflow/example_dags/example_branch_labels.py
[2024-01-05T14:16:26.625+0000] {processor.py:743} INFO - Processing file /home/airflow/.local/lib/python3.7/site-packages/airflow/example_dags/example_branch_labels.py for tasks to queue
[2024-01-05T14:16:26.626+0000] {logging_mixin.py:137} INFO - [2024-01-05T14:16:26.626+0000] {dagbag.py:538} INFO - Filling up the DagBag from /home/airflow/.local/lib/python3.7/site-packages/airflow/example_dags/example_branch_labels.py
[2024-01-05T14:16:26.637+0000] {processor.py:753} INFO - DAG(s) dict_keys(['example_branch_labels']) retrieved from /home/airflow/.local/lib/python3.7/site-packages/airflow/example_dags/example_branch_labels.py
[2024-01-05T14:16:26.664+0000] {logging_mixin.py:137} INFO - [2024-01-05T14:16:26.664+0000] {dag.py:2690} INFO - Sync 1 DAGs
[2024-01-05T14:16:26.691+0000] {logging_mixin.py:137} INFO - [2024-01-05T14:16:26.691+0000] {dag.py:3441} INFO - Setting next_dagrun for example_branch_labels to 2024-01-04T00:00:00+00:00, run_after=2024-01-05T00:00:00+00:00
[2024-01-05T14:16:26.705+0000] {processor.py:175} INFO - Processing /home/airflow/.local/lib/python3.7/site-packages/airflow/example_dags/example_branch_labels.py took 0.084 seconds
[2024-01-05T14:16:57.523+0000] {processor.py:153} INFO - Started process (PID=7166) to work on /home/airflow/.local/lib/python3.7/site-packages/airflow/example_dags/example_branch_labels.py
[2024-01-05T14:16:57.531+0000] {processor.py:743} INFO - Processing file /home/airflow/.local/lib/python3.7/site-packages/airflow/example_dags/example_branch_labels.py for tasks to queue
[2024-01-05T14:16:57.534+0000] {logging_mixin.py:137} INFO - [2024-01-05T14:16:57.534+0000] {dagbag.py:538} INFO - Filling up the DagBag from /home/airflow/.local/lib/python3.7/site-packages/airflow/example_dags/example_branch_labels.py
[2024-01-05T14:16:57.567+0000] {processor.py:753} INFO - DAG(s) dict_keys(['example_branch_labels']) retrieved from /home/airflow/.local/lib/python3.7/site-packages/airflow/example_dags/example_branch_labels.py
[2024-01-05T14:16:57.605+0000] {logging_mixin.py:137} INFO - [2024-01-05T14:16:57.605+0000] {dag.py:2690} INFO - Sync 1 DAGs
[2024-01-05T14:16:57.648+0000] {logging_mixin.py:137} INFO - [2024-01-05T14:16:57.648+0000] {dag.py:3441} INFO - Setting next_dagrun for example_branch_labels to 2024-01-04T00:00:00+00:00, run_after=2024-01-05T00:00:00+00:00
[2024-01-05T14:16:57.684+0000] {processor.py:175} INFO - Processing /home/airflow/.local/lib/python3.7/site-packages/airflow/example_dags/example_branch_labels.py took 0.173 seconds
[2024-01-05T14:17:27.801+0000] {processor.py:153} INFO - Started process (PID=7234) to work on /home/airflow/.local/lib/python3.7/site-packages/airflow/example_dags/example_branch_labels.py
[2024-01-05T14:17:27.803+0000] {processor.py:743} INFO - Processing file /home/airflow/.local/lib/python3.7/site-packages/airflow/example_dags/example_branch_labels.py for tasks to queue
[2024-01-05T14:17:27.804+0000] {logging_mixin.py:137} INFO - [2024-01-05T14:17:27.804+0000] {dagbag.py:538} INFO - Filling up the DagBag from /home/airflow/.local/lib/python3.7/site-packages/airflow/example_dags/example_branch_labels.py
[2024-01-05T14:17:27.816+0000] {processor.py:753} INFO - DAG(s) dict_keys(['example_branch_labels']) retrieved from /home/airflow/.local/lib/python3.7/site-packages/airflow/example_dags/example_branch_labels.py
[2024-01-05T14:17:27.840+0000] {logging_mixin.py:137} INFO - [2024-01-05T14:17:27.840+0000] {dag.py:2690} INFO - Sync 1 DAGs
[2024-01-05T14:17:27.857+0000] {logging_mixin.py:137} INFO - [2024-01-05T14:17:27.857+0000] {dag.py:3441} INFO - Setting next_dagrun for example_branch_labels to 2024-01-04T00:00:00+00:00, run_after=2024-01-05T00:00:00+00:00
[2024-01-05T14:17:27.869+0000] {processor.py:175} INFO - Processing /home/airflow/.local/lib/python3.7/site-packages/airflow/example_dags/example_branch_labels.py took 0.071 seconds
[2024-01-05T14:17:59.190+0000] {processor.py:153} INFO - Started process (PID=7309) to work on /home/airflow/.local/lib/python3.7/site-packages/airflow/example_dags/example_branch_labels.py
[2024-01-05T14:17:59.192+0000] {processor.py:743} INFO - Processing file /home/airflow/.local/lib/python3.7/site-packages/airflow/example_dags/example_branch_labels.py for tasks to queue
[2024-01-05T14:17:59.193+0000] {logging_mixin.py:137} INFO - [2024-01-05T14:17:59.193+0000] {dagbag.py:538} INFO - Filling up the DagBag from /home/airflow/.local/lib/python3.7/site-packages/airflow/example_dags/example_branch_labels.py
[2024-01-05T14:17:59.218+0000] {processor.py:753} INFO - DAG(s) dict_keys(['example_branch_labels']) retrieved from /home/airflow/.local/lib/python3.7/site-packages/airflow/example_dags/example_branch_labels.py
[2024-01-05T14:17:59.247+0000] {logging_mixin.py:137} INFO - [2024-01-05T14:17:59.247+0000] {dag.py:2690} INFO - Sync 1 DAGs
[2024-01-05T14:17:59.295+0000] {logging_mixin.py:137} INFO - [2024-01-05T14:17:59.295+0000] {dag.py:3441} INFO - Setting next_dagrun for example_branch_labels to 2024-01-04T00:00:00+00:00, run_after=2024-01-05T00:00:00+00:00
[2024-01-05T14:17:59.321+0000] {processor.py:175} INFO - Processing /home/airflow/.local/lib/python3.7/site-packages/airflow/example_dags/example_branch_labels.py took 0.136 seconds
[2024-01-05T14:18:29.546+0000] {processor.py:153} INFO - Started process (PID=7371) to work on /home/airflow/.local/lib/python3.7/site-packages/airflow/example_dags/example_branch_labels.py
[2024-01-05T14:18:29.548+0000] {processor.py:743} INFO - Processing file /home/airflow/.local/lib/python3.7/site-packages/airflow/example_dags/example_branch_labels.py for tasks to queue
[2024-01-05T14:18:29.548+0000] {logging_mixin.py:137} INFO - [2024-01-05T14:18:29.548+0000] {dagbag.py:538} INFO - Filling up the DagBag from /home/airflow/.local/lib/python3.7/site-packages/airflow/example_dags/example_branch_labels.py
[2024-01-05T14:18:29.560+0000] {processor.py:753} INFO - DAG(s) dict_keys(['example_branch_labels']) retrieved from /home/airflow/.local/lib/python3.7/site-packages/airflow/example_dags/example_branch_labels.py
[2024-01-05T14:18:29.581+0000] {logging_mixin.py:137} INFO - [2024-01-05T14:18:29.581+0000] {dag.py:2690} INFO - Sync 1 DAGs
[2024-01-05T14:18:29.602+0000] {logging_mixin.py:137} INFO - [2024-01-05T14:18:29.601+0000] {dag.py:3441} INFO - Setting next_dagrun for example_branch_labels to 2024-01-04T00:00:00+00:00, run_after=2024-01-05T00:00:00+00:00
[2024-01-05T14:18:29.614+0000] {processor.py:175} INFO - Processing /home/airflow/.local/lib/python3.7/site-packages/airflow/example_dags/example_branch_labels.py took 0.070 seconds
[2024-01-05T14:19:00.050+0000] {processor.py:153} INFO - Started process (PID=7446) to work on /home/airflow/.local/lib/python3.7/site-packages/airflow/example_dags/example_branch_labels.py
[2024-01-05T14:19:00.051+0000] {processor.py:743} INFO - Processing file /home/airflow/.local/lib/python3.7/site-packages/airflow/example_dags/example_branch_labels.py for tasks to queue
[2024-01-05T14:19:00.052+0000] {logging_mixin.py:137} INFO - [2024-01-05T14:19:00.052+0000] {dagbag.py:538} INFO - Filling up the DagBag from /home/airflow/.local/lib/python3.7/site-packages/airflow/example_dags/example_branch_labels.py
[2024-01-05T14:19:00.064+0000] {processor.py:753} INFO - DAG(s) dict_keys(['example_branch_labels']) retrieved from /home/airflow/.local/lib/python3.7/site-packages/airflow/example_dags/example_branch_labels.py
[2024-01-05T14:19:00.086+0000] {logging_mixin.py:137} INFO - [2024-01-05T14:19:00.086+0000] {dag.py:2690} INFO - Sync 1 DAGs
[2024-01-05T14:19:00.106+0000] {logging_mixin.py:137} INFO - [2024-01-05T14:19:00.106+0000] {dag.py:3441} INFO - Setting next_dagrun for example_branch_labels to 2024-01-04T00:00:00+00:00, run_after=2024-01-05T00:00:00+00:00
[2024-01-05T14:19:00.117+0000] {processor.py:175} INFO - Processing /home/airflow/.local/lib/python3.7/site-packages/airflow/example_dags/example_branch_labels.py took 0.070 seconds
[2024-01-05T14:19:31.221+0000] {processor.py:153} INFO - Started process (PID=7509) to work on /home/airflow/.local/lib/python3.7/site-packages/airflow/example_dags/example_branch_labels.py
[2024-01-05T14:19:31.223+0000] {processor.py:743} INFO - Processing file /home/airflow/.local/lib/python3.7/site-packages/airflow/example_dags/example_branch_labels.py for tasks to queue
[2024-01-05T14:19:31.224+0000] {logging_mixin.py:137} INFO - [2024-01-05T14:19:31.224+0000] {dagbag.py:538} INFO - Filling up the DagBag from /home/airflow/.local/lib/python3.7/site-packages/airflow/example_dags/example_branch_labels.py
[2024-01-05T14:19:31.240+0000] {processor.py:753} INFO - DAG(s) dict_keys(['example_branch_labels']) retrieved from /home/airflow/.local/lib/python3.7/site-packages/airflow/example_dags/example_branch_labels.py
[2024-01-05T14:19:31.270+0000] {logging_mixin.py:137} INFO - [2024-01-05T14:19:31.270+0000] {dag.py:2690} INFO - Sync 1 DAGs
[2024-01-05T14:19:31.290+0000] {logging_mixin.py:137} INFO - [2024-01-05T14:19:31.289+0000] {dag.py:3441} INFO - Setting next_dagrun for example_branch_labels to 2024-01-04T00:00:00+00:00, run_after=2024-01-05T00:00:00+00:00
[2024-01-05T14:19:31.307+0000] {processor.py:175} INFO - Processing /home/airflow/.local/lib/python3.7/site-packages/airflow/example_dags/example_branch_labels.py took 0.090 seconds
[2024-01-05T14:20:01.414+0000] {processor.py:153} INFO - Started process (PID=7583) to work on /home/airflow/.local/lib/python3.7/site-packages/airflow/example_dags/example_branch_labels.py
[2024-01-05T14:20:01.415+0000] {processor.py:743} INFO - Processing file /home/airflow/.local/lib/python3.7/site-packages/airflow/example_dags/example_branch_labels.py for tasks to queue
[2024-01-05T14:20:01.416+0000] {logging_mixin.py:137} INFO - [2024-01-05T14:20:01.416+0000] {dagbag.py:538} INFO - Filling up the DagBag from /home/airflow/.local/lib/python3.7/site-packages/airflow/example_dags/example_branch_labels.py
[2024-01-05T14:20:01.427+0000] {processor.py:753} INFO - DAG(s) dict_keys(['example_branch_labels']) retrieved from /home/airflow/.local/lib/python3.7/site-packages/airflow/example_dags/example_branch_labels.py
[2024-01-05T14:20:01.448+0000] {logging_mixin.py:137} INFO - [2024-01-05T14:20:01.448+0000] {dag.py:2690} INFO - Sync 1 DAGs
[2024-01-05T14:20:01.465+0000] {logging_mixin.py:137} INFO - [2024-01-05T14:20:01.465+0000] {dag.py:3441} INFO - Setting next_dagrun for example_branch_labels to 2024-01-04T00:00:00+00:00, run_after=2024-01-05T00:00:00+00:00
[2024-01-05T14:20:01.476+0000] {processor.py:175} INFO - Processing /home/airflow/.local/lib/python3.7/site-packages/airflow/example_dags/example_branch_labels.py took 0.065 seconds
[2024-01-05T14:20:32.889+0000] {processor.py:153} INFO - Started process (PID=7658) to work on /home/airflow/.local/lib/python3.7/site-packages/airflow/example_dags/example_branch_labels.py
[2024-01-05T14:20:32.893+0000] {processor.py:743} INFO - Processing file /home/airflow/.local/lib/python3.7/site-packages/airflow/example_dags/example_branch_labels.py for tasks to queue
[2024-01-05T14:20:32.895+0000] {logging_mixin.py:137} INFO - [2024-01-05T14:20:32.895+0000] {dagbag.py:538} INFO - Filling up the DagBag from /home/airflow/.local/lib/python3.7/site-packages/airflow/example_dags/example_branch_labels.py
[2024-01-05T14:20:32.920+0000] {processor.py:753} INFO - DAG(s) dict_keys(['example_branch_labels']) retrieved from /home/airflow/.local/lib/python3.7/site-packages/airflow/example_dags/example_branch_labels.py
[2024-01-05T14:20:32.948+0000] {logging_mixin.py:137} INFO - [2024-01-05T14:20:32.948+0000] {dag.py:2690} INFO - Sync 1 DAGs
[2024-01-05T14:20:32.970+0000] {logging_mixin.py:137} INFO - [2024-01-05T14:20:32.969+0000] {dag.py:3441} INFO - Setting next_dagrun for example_branch_labels to 2024-01-04T00:00:00+00:00, run_after=2024-01-05T00:00:00+00:00
[2024-01-05T14:20:32.986+0000] {processor.py:175} INFO - Processing /home/airflow/.local/lib/python3.7/site-packages/airflow/example_dags/example_branch_labels.py took 0.102 seconds
[2024-01-05T14:21:03.153+0000] {processor.py:153} INFO - Started process (PID=7721) to work on /home/airflow/.local/lib/python3.7/site-packages/airflow/example_dags/example_branch_labels.py
[2024-01-05T14:21:03.155+0000] {processor.py:743} INFO - Processing file /home/airflow/.local/lib/python3.7/site-packages/airflow/example_dags/example_branch_labels.py for tasks to queue
[2024-01-05T14:21:03.156+0000] {logging_mixin.py:137} INFO - [2024-01-05T14:21:03.156+0000] {dagbag.py:538} INFO - Filling up the DagBag from /home/airflow/.local/lib/python3.7/site-packages/airflow/example_dags/example_branch_labels.py
[2024-01-05T14:21:03.168+0000] {processor.py:753} INFO - DAG(s) dict_keys(['example_branch_labels']) retrieved from /home/airflow/.local/lib/python3.7/site-packages/airflow/example_dags/example_branch_labels.py
[2024-01-05T14:21:03.195+0000] {logging_mixin.py:137} INFO - [2024-01-05T14:21:03.195+0000] {dag.py:2690} INFO - Sync 1 DAGs
[2024-01-05T14:21:03.217+0000] {logging_mixin.py:137} INFO - [2024-01-05T14:21:03.217+0000] {dag.py:3441} INFO - Setting next_dagrun for example_branch_labels to 2024-01-04T00:00:00+00:00, run_after=2024-01-05T00:00:00+00:00
[2024-01-05T14:21:03.231+0000] {processor.py:175} INFO - Processing /home/airflow/.local/lib/python3.7/site-packages/airflow/example_dags/example_branch_labels.py took 0.083 seconds
[2024-01-05T14:21:33.898+0000] {processor.py:153} INFO - Started process (PID=7797) to work on /home/airflow/.local/lib/python3.7/site-packages/airflow/example_dags/example_branch_labels.py
[2024-01-05T14:21:33.899+0000] {processor.py:743} INFO - Processing file /home/airflow/.local/lib/python3.7/site-packages/airflow/example_dags/example_branch_labels.py for tasks to queue
[2024-01-05T14:21:33.900+0000] {logging_mixin.py:137} INFO - [2024-01-05T14:21:33.900+0000] {dagbag.py:538} INFO - Filling up the DagBag from /home/airflow/.local/lib/python3.7/site-packages/airflow/example_dags/example_branch_labels.py
[2024-01-05T14:21:33.911+0000] {processor.py:753} INFO - DAG(s) dict_keys(['example_branch_labels']) retrieved from /home/airflow/.local/lib/python3.7/site-packages/airflow/example_dags/example_branch_labels.py
[2024-01-05T14:21:33.937+0000] {logging_mixin.py:137} INFO - [2024-01-05T14:21:33.937+0000] {dag.py:2690} INFO - Sync 1 DAGs
[2024-01-05T14:21:33.960+0000] {logging_mixin.py:137} INFO - [2024-01-05T14:21:33.960+0000] {dag.py:3441} INFO - Setting next_dagrun for example_branch_labels to 2024-01-04T00:00:00+00:00, run_after=2024-01-05T00:00:00+00:00
[2024-01-05T14:21:33.972+0000] {processor.py:175} INFO - Processing /home/airflow/.local/lib/python3.7/site-packages/airflow/example_dags/example_branch_labels.py took 0.078 seconds
[2024-01-05T14:22:04.171+0000] {processor.py:153} INFO - Started process (PID=7860) to work on /home/airflow/.local/lib/python3.7/site-packages/airflow/example_dags/example_branch_labels.py
[2024-01-05T14:22:04.173+0000] {processor.py:743} INFO - Processing file /home/airflow/.local/lib/python3.7/site-packages/airflow/example_dags/example_branch_labels.py for tasks to queue
[2024-01-05T14:22:04.173+0000] {logging_mixin.py:137} INFO - [2024-01-05T14:22:04.173+0000] {dagbag.py:538} INFO - Filling up the DagBag from /home/airflow/.local/lib/python3.7/site-packages/airflow/example_dags/example_branch_labels.py
[2024-01-05T14:22:04.184+0000] {processor.py:753} INFO - DAG(s) dict_keys(['example_branch_labels']) retrieved from /home/airflow/.local/lib/python3.7/site-packages/airflow/example_dags/example_branch_labels.py
[2024-01-05T14:22:04.206+0000] {logging_mixin.py:137} INFO - [2024-01-05T14:22:04.206+0000] {dag.py:2690} INFO - Sync 1 DAGs
[2024-01-05T14:22:04.224+0000] {logging_mixin.py:137} INFO - [2024-01-05T14:22:04.224+0000] {dag.py:3441} INFO - Setting next_dagrun for example_branch_labels to 2024-01-04T00:00:00+00:00, run_after=2024-01-05T00:00:00+00:00
[2024-01-05T14:22:04.235+0000] {processor.py:175} INFO - Processing /home/airflow/.local/lib/python3.7/site-packages/airflow/example_dags/example_branch_labels.py took 0.066 seconds
[2024-01-05T14:22:34.818+0000] {processor.py:153} INFO - Started process (PID=7936) to work on /home/airflow/.local/lib/python3.7/site-packages/airflow/example_dags/example_branch_labels.py
[2024-01-05T14:22:34.822+0000] {processor.py:743} INFO - Processing file /home/airflow/.local/lib/python3.7/site-packages/airflow/example_dags/example_branch_labels.py for tasks to queue
[2024-01-05T14:22:34.825+0000] {logging_mixin.py:137} INFO - [2024-01-05T14:22:34.825+0000] {dagbag.py:538} INFO - Filling up the DagBag from /home/airflow/.local/lib/python3.7/site-packages/airflow/example_dags/example_branch_labels.py
[2024-01-05T14:22:34.840+0000] {processor.py:753} INFO - DAG(s) dict_keys(['example_branch_labels']) retrieved from /home/airflow/.local/lib/python3.7/site-packages/airflow/example_dags/example_branch_labels.py
[2024-01-05T14:22:34.865+0000] {logging_mixin.py:137} INFO - [2024-01-05T14:22:34.865+0000] {dag.py:2690} INFO - Sync 1 DAGs
[2024-01-05T14:22:34.894+0000] {logging_mixin.py:137} INFO - [2024-01-05T14:22:34.893+0000] {dag.py:3441} INFO - Setting next_dagrun for example_branch_labels to 2024-01-04T00:00:00+00:00, run_after=2024-01-05T00:00:00+00:00
[2024-01-05T14:22:34.910+0000] {processor.py:175} INFO - Processing /home/airflow/.local/lib/python3.7/site-packages/airflow/example_dags/example_branch_labels.py took 0.097 seconds
[2024-01-05T14:23:05.581+0000] {processor.py:153} INFO - Started process (PID=7999) to work on /home/airflow/.local/lib/python3.7/site-packages/airflow/example_dags/example_branch_labels.py
[2024-01-05T14:23:05.582+0000] {processor.py:743} INFO - Processing file /home/airflow/.local/lib/python3.7/site-packages/airflow/example_dags/example_branch_labels.py for tasks to queue
[2024-01-05T14:23:05.583+0000] {logging_mixin.py:137} INFO - [2024-01-05T14:23:05.583+0000] {dagbag.py:538} INFO - Filling up the DagBag from /home/airflow/.local/lib/python3.7/site-packages/airflow/example_dags/example_branch_labels.py
[2024-01-05T14:23:05.594+0000] {processor.py:753} INFO - DAG(s) dict_keys(['example_branch_labels']) retrieved from /home/airflow/.local/lib/python3.7/site-packages/airflow/example_dags/example_branch_labels.py
[2024-01-05T14:23:05.622+0000] {logging_mixin.py:137} INFO - [2024-01-05T14:23:05.622+0000] {dag.py:2690} INFO - Sync 1 DAGs
[2024-01-05T14:23:05.644+0000] {logging_mixin.py:137} INFO - [2024-01-05T14:23:05.644+0000] {dag.py:3441} INFO - Setting next_dagrun for example_branch_labels to 2024-01-04T00:00:00+00:00, run_after=2024-01-05T00:00:00+00:00
[2024-01-05T14:23:05.664+0000] {processor.py:175} INFO - Processing /home/airflow/.local/lib/python3.7/site-packages/airflow/example_dags/example_branch_labels.py took 0.086 seconds
[2024-01-05T14:23:36.079+0000] {processor.py:153} INFO - Started process (PID=8074) to work on /home/airflow/.local/lib/python3.7/site-packages/airflow/example_dags/example_branch_labels.py
[2024-01-05T14:23:36.080+0000] {processor.py:743} INFO - Processing file /home/airflow/.local/lib/python3.7/site-packages/airflow/example_dags/example_branch_labels.py for tasks to queue
[2024-01-05T14:23:36.081+0000] {logging_mixin.py:137} INFO - [2024-01-05T14:23:36.081+0000] {dagbag.py:538} INFO - Filling up the DagBag from /home/airflow/.local/lib/python3.7/site-packages/airflow/example_dags/example_branch_labels.py
[2024-01-05T14:23:36.092+0000] {processor.py:753} INFO - DAG(s) dict_keys(['example_branch_labels']) retrieved from /home/airflow/.local/lib/python3.7/site-packages/airflow/example_dags/example_branch_labels.py
[2024-01-05T14:23:36.118+0000] {logging_mixin.py:137} INFO - [2024-01-05T14:23:36.118+0000] {dag.py:2690} INFO - Sync 1 DAGs
[2024-01-05T14:23:36.139+0000] {logging_mixin.py:137} INFO - [2024-01-05T14:23:36.138+0000] {dag.py:3441} INFO - Setting next_dagrun for example_branch_labels to 2024-01-04T00:00:00+00:00, run_after=2024-01-05T00:00:00+00:00
[2024-01-05T14:23:36.153+0000] {processor.py:175} INFO - Processing /home/airflow/.local/lib/python3.7/site-packages/airflow/example_dags/example_branch_labels.py took 0.076 seconds
[2024-01-05T14:24:06.854+0000] {processor.py:153} INFO - Started process (PID=8137) to work on /home/airflow/.local/lib/python3.7/site-packages/airflow/example_dags/example_branch_labels.py
[2024-01-05T14:24:06.855+0000] {processor.py:743} INFO - Processing file /home/airflow/.local/lib/python3.7/site-packages/airflow/example_dags/example_branch_labels.py for tasks to queue
[2024-01-05T14:24:06.856+0000] {logging_mixin.py:137} INFO - [2024-01-05T14:24:06.855+0000] {dagbag.py:538} INFO - Filling up the DagBag from /home/airflow/.local/lib/python3.7/site-packages/airflow/example_dags/example_branch_labels.py
[2024-01-05T14:24:06.866+0000] {processor.py:753} INFO - DAG(s) dict_keys(['example_branch_labels']) retrieved from /home/airflow/.local/lib/python3.7/site-packages/airflow/example_dags/example_branch_labels.py
[2024-01-05T14:24:06.887+0000] {logging_mixin.py:137} INFO - [2024-01-05T14:24:06.887+0000] {dag.py:2690} INFO - Sync 1 DAGs
[2024-01-05T14:24:06.904+0000] {logging_mixin.py:137} INFO - [2024-01-05T14:24:06.904+0000] {dag.py:3441} INFO - Setting next_dagrun for example_branch_labels to 2024-01-04T00:00:00+00:00, run_after=2024-01-05T00:00:00+00:00
[2024-01-05T14:24:06.915+0000] {processor.py:175} INFO - Processing /home/airflow/.local/lib/python3.7/site-packages/airflow/example_dags/example_branch_labels.py took 0.064 seconds
[2024-01-05T14:24:37.607+0000] {processor.py:153} INFO - Started process (PID=8213) to work on /home/airflow/.local/lib/python3.7/site-packages/airflow/example_dags/example_branch_labels.py
[2024-01-05T14:24:37.608+0000] {processor.py:743} INFO - Processing file /home/airflow/.local/lib/python3.7/site-packages/airflow/example_dags/example_branch_labels.py for tasks to queue
[2024-01-05T14:24:37.609+0000] {logging_mixin.py:137} INFO - [2024-01-05T14:24:37.609+0000] {dagbag.py:538} INFO - Filling up the DagBag from /home/airflow/.local/lib/python3.7/site-packages/airflow/example_dags/example_branch_labels.py
[2024-01-05T14:24:37.620+0000] {processor.py:753} INFO - DAG(s) dict_keys(['example_branch_labels']) retrieved from /home/airflow/.local/lib/python3.7/site-packages/airflow/example_dags/example_branch_labels.py
[2024-01-05T14:24:37.641+0000] {logging_mixin.py:137} INFO - [2024-01-05T14:24:37.640+0000] {dag.py:2690} INFO - Sync 1 DAGs
[2024-01-05T14:24:37.657+0000] {logging_mixin.py:137} INFO - [2024-01-05T14:24:37.657+0000] {dag.py:3441} INFO - Setting next_dagrun for example_branch_labels to 2024-01-04T00:00:00+00:00, run_after=2024-01-05T00:00:00+00:00
[2024-01-05T14:24:37.667+0000] {processor.py:175} INFO - Processing /home/airflow/.local/lib/python3.7/site-packages/airflow/example_dags/example_branch_labels.py took 0.064 seconds
[2024-01-05T14:25:08.422+0000] {processor.py:153} INFO - Started process (PID=8283) to work on /home/airflow/.local/lib/python3.7/site-packages/airflow/example_dags/example_branch_labels.py
[2024-01-05T14:25:08.429+0000] {processor.py:743} INFO - Processing file /home/airflow/.local/lib/python3.7/site-packages/airflow/example_dags/example_branch_labels.py for tasks to queue
[2024-01-05T14:25:08.431+0000] {logging_mixin.py:137} INFO - [2024-01-05T14:25:08.431+0000] {dagbag.py:538} INFO - Filling up the DagBag from /home/airflow/.local/lib/python3.7/site-packages/airflow/example_dags/example_branch_labels.py
[2024-01-05T14:25:08.448+0000] {processor.py:753} INFO - DAG(s) dict_keys(['example_branch_labels']) retrieved from /home/airflow/.local/lib/python3.7/site-packages/airflow/example_dags/example_branch_labels.py
[2024-01-05T14:25:08.470+0000] {logging_mixin.py:137} INFO - [2024-01-05T14:25:08.470+0000] {dag.py:2690} INFO - Sync 1 DAGs
[2024-01-05T14:25:08.489+0000] {logging_mixin.py:137} INFO - [2024-01-05T14:25:08.489+0000] {dag.py:3441} INFO - Setting next_dagrun for example_branch_labels to 2024-01-04T00:00:00+00:00, run_after=2024-01-05T00:00:00+00:00
[2024-01-05T14:25:08.520+0000] {processor.py:175} INFO - Processing /home/airflow/.local/lib/python3.7/site-packages/airflow/example_dags/example_branch_labels.py took 0.112 seconds
[2024-01-05T14:25:38.712+0000] {processor.py:153} INFO - Started process (PID=8352) to work on /home/airflow/.local/lib/python3.7/site-packages/airflow/example_dags/example_branch_labels.py
[2024-01-05T14:25:38.713+0000] {processor.py:743} INFO - Processing file /home/airflow/.local/lib/python3.7/site-packages/airflow/example_dags/example_branch_labels.py for tasks to queue
[2024-01-05T14:25:38.714+0000] {logging_mixin.py:137} INFO - [2024-01-05T14:25:38.714+0000] {dagbag.py:538} INFO - Filling up the DagBag from /home/airflow/.local/lib/python3.7/site-packages/airflow/example_dags/example_branch_labels.py
[2024-01-05T14:25:38.724+0000] {processor.py:753} INFO - DAG(s) dict_keys(['example_branch_labels']) retrieved from /home/airflow/.local/lib/python3.7/site-packages/airflow/example_dags/example_branch_labels.py
[2024-01-05T14:25:38.746+0000] {logging_mixin.py:137} INFO - [2024-01-05T14:25:38.746+0000] {dag.py:2690} INFO - Sync 1 DAGs
[2024-01-05T14:25:38.762+0000] {logging_mixin.py:137} INFO - [2024-01-05T14:25:38.762+0000] {dag.py:3441} INFO - Setting next_dagrun for example_branch_labels to 2024-01-04T00:00:00+00:00, run_after=2024-01-05T00:00:00+00:00
[2024-01-05T14:25:38.773+0000] {processor.py:175} INFO - Processing /home/airflow/.local/lib/python3.7/site-packages/airflow/example_dags/example_branch_labels.py took 0.064 seconds
[2024-01-05T14:26:10.165+0000] {processor.py:153} INFO - Started process (PID=8427) to work on /home/airflow/.local/lib/python3.7/site-packages/airflow/example_dags/example_branch_labels.py
[2024-01-05T14:26:10.166+0000] {processor.py:743} INFO - Processing file /home/airflow/.local/lib/python3.7/site-packages/airflow/example_dags/example_branch_labels.py for tasks to queue
[2024-01-05T14:26:10.167+0000] {logging_mixin.py:137} INFO - [2024-01-05T14:26:10.167+0000] {dagbag.py:538} INFO - Filling up the DagBag from /home/airflow/.local/lib/python3.7/site-packages/airflow/example_dags/example_branch_labels.py
[2024-01-05T14:26:10.182+0000] {processor.py:753} INFO - DAG(s) dict_keys(['example_branch_labels']) retrieved from /home/airflow/.local/lib/python3.7/site-packages/airflow/example_dags/example_branch_labels.py
[2024-01-05T14:26:10.218+0000] {logging_mixin.py:137} INFO - [2024-01-05T14:26:10.218+0000] {dag.py:2690} INFO - Sync 1 DAGs
[2024-01-05T14:26:10.248+0000] {logging_mixin.py:137} INFO - [2024-01-05T14:26:10.248+0000] {dag.py:3441} INFO - Setting next_dagrun for example_branch_labels to 2024-01-04T00:00:00+00:00, run_after=2024-01-05T00:00:00+00:00
[2024-01-05T14:26:10.265+0000] {processor.py:175} INFO - Processing /home/airflow/.local/lib/python3.7/site-packages/airflow/example_dags/example_branch_labels.py took 0.104 seconds
[2024-01-05T14:26:40.314+0000] {processor.py:153} INFO - Started process (PID=8490) to work on /home/airflow/.local/lib/python3.7/site-packages/airflow/example_dags/example_branch_labels.py
[2024-01-05T14:26:40.315+0000] {processor.py:743} INFO - Processing file /home/airflow/.local/lib/python3.7/site-packages/airflow/example_dags/example_branch_labels.py for tasks to queue
[2024-01-05T14:26:40.316+0000] {logging_mixin.py:137} INFO - [2024-01-05T14:26:40.316+0000] {dagbag.py:538} INFO - Filling up the DagBag from /home/airflow/.local/lib/python3.7/site-packages/airflow/example_dags/example_branch_labels.py
[2024-01-05T14:26:40.328+0000] {processor.py:753} INFO - DAG(s) dict_keys(['example_branch_labels']) retrieved from /home/airflow/.local/lib/python3.7/site-packages/airflow/example_dags/example_branch_labels.py
[2024-01-05T14:26:40.351+0000] {logging_mixin.py:137} INFO - [2024-01-05T14:26:40.351+0000] {dag.py:2690} INFO - Sync 1 DAGs
[2024-01-05T14:26:40.368+0000] {logging_mixin.py:137} INFO - [2024-01-05T14:26:40.368+0000] {dag.py:3441} INFO - Setting next_dagrun for example_branch_labels to 2024-01-04T00:00:00+00:00, run_after=2024-01-05T00:00:00+00:00
[2024-01-05T14:26:40.379+0000] {processor.py:175} INFO - Processing /home/airflow/.local/lib/python3.7/site-packages/airflow/example_dags/example_branch_labels.py took 0.068 seconds
