[2024-01-05T01:20:52.289+0000] {processor.py:153} INFO - Started process (PID=4304) to work on /home/airflow/.local/lib/python3.7/site-packages/airflow/example_dags/example_bash_operator.py
[2024-01-05T01:20:52.290+0000] {processor.py:743} INFO - Processing file /home/airflow/.local/lib/python3.7/site-packages/airflow/example_dags/example_bash_operator.py for tasks to queue
[2024-01-05T01:20:52.292+0000] {logging_mixin.py:137} INFO - [2024-01-05T01:20:52.292+0000] {dagbag.py:538} INFO - Filling up the DagBag from /home/airflow/.local/lib/python3.7/site-packages/airflow/example_dags/example_bash_operator.py
[2024-01-05T01:20:52.341+0000] {processor.py:753} INFO - DAG(s) dict_keys(['example_bash_operator']) retrieved from /home/airflow/.local/lib/python3.7/site-packages/airflow/example_dags/example_bash_operator.py
[2024-01-05T01:20:52.376+0000] {logging_mixin.py:137} INFO - [2024-01-05T01:20:52.376+0000] {dag.py:2690} INFO - Sync 1 DAGs
[2024-01-05T01:20:52.400+0000] {logging_mixin.py:137} INFO - [2024-01-05T01:20:52.400+0000] {dag.py:3441} INFO - Setting next_dagrun for example_bash_operator to 2024-01-04T00:00:00+00:00, run_after=2024-01-05T00:00:00+00:00
[2024-01-05T01:20:52.414+0000] {processor.py:175} INFO - Processing /home/airflow/.local/lib/python3.7/site-packages/airflow/example_dags/example_bash_operator.py took 0.131 seconds
[2024-01-05T02:31:16.492+0000] {processor.py:153} INFO - Started process (PID=4380) to work on /home/airflow/.local/lib/python3.7/site-packages/airflow/example_dags/example_bash_operator.py
[2024-01-05T02:31:16.511+0000] {processor.py:743} INFO - Processing file /home/airflow/.local/lib/python3.7/site-packages/airflow/example_dags/example_bash_operator.py for tasks to queue
[2024-01-05T02:31:16.525+0000] {logging_mixin.py:137} INFO - [2024-01-05T02:31:16.525+0000] {dagbag.py:538} INFO - Filling up the DagBag from /home/airflow/.local/lib/python3.7/site-packages/airflow/example_dags/example_bash_operator.py
[2024-01-05T02:31:16.710+0000] {processor.py:753} INFO - DAG(s) dict_keys(['example_bash_operator']) retrieved from /home/airflow/.local/lib/python3.7/site-packages/airflow/example_dags/example_bash_operator.py
[2024-01-05T02:31:16.793+0000] {logging_mixin.py:137} INFO - [2024-01-05T02:31:16.792+0000] {dag.py:2690} INFO - Sync 1 DAGs
[2024-01-05T02:31:16.839+0000] {logging_mixin.py:137} INFO - [2024-01-05T02:31:16.839+0000] {dag.py:3441} INFO - Setting next_dagrun for example_bash_operator to 2024-01-04T00:00:00+00:00, run_after=2024-01-05T00:00:00+00:00
[2024-01-05T02:31:16.876+0000] {processor.py:175} INFO - Processing /home/airflow/.local/lib/python3.7/site-packages/airflow/example_dags/example_bash_operator.py took 0.473 seconds
[2024-01-05T03:42:24.639+0000] {processor.py:153} INFO - Started process (PID=4443) to work on /home/airflow/.local/lib/python3.7/site-packages/airflow/example_dags/example_bash_operator.py
[2024-01-05T03:42:24.646+0000] {processor.py:743} INFO - Processing file /home/airflow/.local/lib/python3.7/site-packages/airflow/example_dags/example_bash_operator.py for tasks to queue
[2024-01-05T03:42:24.650+0000] {logging_mixin.py:137} INFO - [2024-01-05T03:42:24.648+0000] {dagbag.py:538} INFO - Filling up the DagBag from /home/airflow/.local/lib/python3.7/site-packages/airflow/example_dags/example_bash_operator.py
[2024-01-05T03:42:24.762+0000] {processor.py:753} INFO - DAG(s) dict_keys(['example_bash_operator']) retrieved from /home/airflow/.local/lib/python3.7/site-packages/airflow/example_dags/example_bash_operator.py
[2024-01-05T03:42:24.884+0000] {logging_mixin.py:137} INFO - [2024-01-05T03:42:24.883+0000] {dag.py:2690} INFO - Sync 1 DAGs
[2024-01-05T03:42:24.960+0000] {logging_mixin.py:137} INFO - [2024-01-05T03:42:24.959+0000] {dag.py:3441} INFO - Setting next_dagrun for example_bash_operator to 2024-01-04T00:00:00+00:00, run_after=2024-01-05T00:00:00+00:00
[2024-01-05T03:42:24.979+0000] {processor.py:175} INFO - Processing /home/airflow/.local/lib/python3.7/site-packages/airflow/example_dags/example_bash_operator.py took 0.346 seconds
[2024-01-05T05:03:22.788+0000] {processor.py:153} INFO - Started process (PID=4512) to work on /home/airflow/.local/lib/python3.7/site-packages/airflow/example_dags/example_bash_operator.py
[2024-01-05T05:03:22.790+0000] {processor.py:743} INFO - Processing file /home/airflow/.local/lib/python3.7/site-packages/airflow/example_dags/example_bash_operator.py for tasks to queue
[2024-01-05T05:03:22.805+0000] {logging_mixin.py:137} INFO - [2024-01-05T05:03:22.804+0000] {dagbag.py:538} INFO - Filling up the DagBag from /home/airflow/.local/lib/python3.7/site-packages/airflow/example_dags/example_bash_operator.py
[2024-01-05T05:03:23.039+0000] {processor.py:753} INFO - DAG(s) dict_keys(['example_bash_operator']) retrieved from /home/airflow/.local/lib/python3.7/site-packages/airflow/example_dags/example_bash_operator.py
[2024-01-05T05:03:23.281+0000] {logging_mixin.py:137} INFO - [2024-01-05T05:03:23.279+0000] {dag.py:2690} INFO - Sync 1 DAGs
[2024-01-05T05:03:23.428+0000] {logging_mixin.py:137} INFO - [2024-01-05T05:03:23.428+0000] {dag.py:3441} INFO - Setting next_dagrun for example_bash_operator to 2024-01-04T00:00:00+00:00, run_after=2024-01-05T00:00:00+00:00
[2024-01-05T05:03:23.510+0000] {processor.py:175} INFO - Processing /home/airflow/.local/lib/python3.7/site-packages/airflow/example_dags/example_bash_operator.py took 0.727 seconds
[2024-01-05T06:28:00.147+0000] {processor.py:153} INFO - Started process (PID=4580) to work on /home/airflow/.local/lib/python3.7/site-packages/airflow/example_dags/example_bash_operator.py
[2024-01-05T06:28:00.151+0000] {processor.py:743} INFO - Processing file /home/airflow/.local/lib/python3.7/site-packages/airflow/example_dags/example_bash_operator.py for tasks to queue
[2024-01-05T06:28:00.154+0000] {logging_mixin.py:137} INFO - [2024-01-05T06:28:00.154+0000] {dagbag.py:538} INFO - Filling up the DagBag from /home/airflow/.local/lib/python3.7/site-packages/airflow/example_dags/example_bash_operator.py
[2024-01-05T06:28:00.221+0000] {processor.py:753} INFO - DAG(s) dict_keys(['example_bash_operator']) retrieved from /home/airflow/.local/lib/python3.7/site-packages/airflow/example_dags/example_bash_operator.py
[2024-01-05T06:28:00.319+0000] {logging_mixin.py:137} INFO - [2024-01-05T06:28:00.319+0000] {dag.py:2690} INFO - Sync 1 DAGs
[2024-01-05T06:28:00.425+0000] {logging_mixin.py:137} INFO - [2024-01-05T06:28:00.425+0000] {dag.py:3441} INFO - Setting next_dagrun for example_bash_operator to 2024-01-04T00:00:00+00:00, run_after=2024-01-05T00:00:00+00:00
[2024-01-05T06:28:00.472+0000] {processor.py:175} INFO - Processing /home/airflow/.local/lib/python3.7/site-packages/airflow/example_dags/example_bash_operator.py took 0.334 seconds
[2024-01-05T07:47:03.195+0000] {processor.py:153} INFO - Started process (PID=4643) to work on /home/airflow/.local/lib/python3.7/site-packages/airflow/example_dags/example_bash_operator.py
[2024-01-05T07:47:03.202+0000] {processor.py:743} INFO - Processing file /home/airflow/.local/lib/python3.7/site-packages/airflow/example_dags/example_bash_operator.py for tasks to queue
[2024-01-05T07:47:03.206+0000] {logging_mixin.py:137} INFO - [2024-01-05T07:47:03.206+0000] {dagbag.py:538} INFO - Filling up the DagBag from /home/airflow/.local/lib/python3.7/site-packages/airflow/example_dags/example_bash_operator.py
[2024-01-05T07:47:03.308+0000] {processor.py:753} INFO - DAG(s) dict_keys(['example_bash_operator']) retrieved from /home/airflow/.local/lib/python3.7/site-packages/airflow/example_dags/example_bash_operator.py
[2024-01-05T07:47:03.369+0000] {logging_mixin.py:137} INFO - [2024-01-05T07:47:03.368+0000] {dag.py:2690} INFO - Sync 1 DAGs
[2024-01-05T07:47:03.391+0000] {logging_mixin.py:137} INFO - [2024-01-05T07:47:03.391+0000] {dag.py:3441} INFO - Setting next_dagrun for example_bash_operator to 2024-01-04T00:00:00+00:00, run_after=2024-01-05T00:00:00+00:00
[2024-01-05T07:47:03.425+0000] {processor.py:175} INFO - Processing /home/airflow/.local/lib/python3.7/site-packages/airflow/example_dags/example_bash_operator.py took 0.249 seconds
[2024-01-05T09:24:44.243+0000] {processor.py:153} INFO - Started process (PID=4714) to work on /home/airflow/.local/lib/python3.7/site-packages/airflow/example_dags/example_bash_operator.py
[2024-01-05T09:24:44.248+0000] {processor.py:743} INFO - Processing file /home/airflow/.local/lib/python3.7/site-packages/airflow/example_dags/example_bash_operator.py for tasks to queue
[2024-01-05T09:24:44.250+0000] {logging_mixin.py:137} INFO - [2024-01-05T09:24:44.249+0000] {dagbag.py:538} INFO - Filling up the DagBag from /home/airflow/.local/lib/python3.7/site-packages/airflow/example_dags/example_bash_operator.py
[2024-01-05T09:24:44.292+0000] {processor.py:753} INFO - DAG(s) dict_keys(['example_bash_operator']) retrieved from /home/airflow/.local/lib/python3.7/site-packages/airflow/example_dags/example_bash_operator.py
[2024-01-05T09:24:44.336+0000] {logging_mixin.py:137} INFO - [2024-01-05T09:24:44.335+0000] {dag.py:2690} INFO - Sync 1 DAGs
[2024-01-05T09:24:44.423+0000] {logging_mixin.py:137} INFO - [2024-01-05T09:24:44.423+0000] {dag.py:3441} INFO - Setting next_dagrun for example_bash_operator to 2024-01-04T00:00:00+00:00, run_after=2024-01-05T00:00:00+00:00
[2024-01-05T09:24:44.468+0000] {processor.py:175} INFO - Processing /home/airflow/.local/lib/python3.7/site-packages/airflow/example_dags/example_bash_operator.py took 0.234 seconds
[2024-01-05T10:32:46.027+0000] {processor.py:153} INFO - Started process (PID=4780) to work on /home/airflow/.local/lib/python3.7/site-packages/airflow/example_dags/example_bash_operator.py
[2024-01-05T10:32:46.039+0000] {processor.py:743} INFO - Processing file /home/airflow/.local/lib/python3.7/site-packages/airflow/example_dags/example_bash_operator.py for tasks to queue
[2024-01-05T10:32:46.043+0000] {logging_mixin.py:137} INFO - [2024-01-05T10:32:46.043+0000] {dagbag.py:538} INFO - Filling up the DagBag from /home/airflow/.local/lib/python3.7/site-packages/airflow/example_dags/example_bash_operator.py
[2024-01-05T10:32:46.171+0000] {processor.py:753} INFO - DAG(s) dict_keys(['example_bash_operator']) retrieved from /home/airflow/.local/lib/python3.7/site-packages/airflow/example_dags/example_bash_operator.py
[2024-01-05T10:32:46.269+0000] {logging_mixin.py:137} INFO - [2024-01-05T10:32:46.269+0000] {dag.py:2690} INFO - Sync 1 DAGs
[2024-01-05T10:32:46.344+0000] {logging_mixin.py:137} INFO - [2024-01-05T10:32:46.344+0000] {dag.py:3441} INFO - Setting next_dagrun for example_bash_operator to 2024-01-04T00:00:00+00:00, run_after=2024-01-05T00:00:00+00:00
[2024-01-05T10:32:46.381+0000] {processor.py:175} INFO - Processing /home/airflow/.local/lib/python3.7/site-packages/airflow/example_dags/example_bash_operator.py took 0.362 seconds
[2024-01-05T11:33:43.868+0000] {processor.py:153} INFO - Started process (PID=4852) to work on /home/airflow/.local/lib/python3.7/site-packages/airflow/example_dags/example_bash_operator.py
[2024-01-05T11:33:43.873+0000] {processor.py:743} INFO - Processing file /home/airflow/.local/lib/python3.7/site-packages/airflow/example_dags/example_bash_operator.py for tasks to queue
[2024-01-05T11:33:43.876+0000] {logging_mixin.py:137} INFO - [2024-01-05T11:33:43.875+0000] {dagbag.py:538} INFO - Filling up the DagBag from /home/airflow/.local/lib/python3.7/site-packages/airflow/example_dags/example_bash_operator.py
[2024-01-05T11:33:43.952+0000] {processor.py:753} INFO - DAG(s) dict_keys(['example_bash_operator']) retrieved from /home/airflow/.local/lib/python3.7/site-packages/airflow/example_dags/example_bash_operator.py
[2024-01-05T11:33:44.057+0000] {logging_mixin.py:137} INFO - [2024-01-05T11:33:44.057+0000] {dag.py:2690} INFO - Sync 1 DAGs
[2024-01-05T11:33:44.174+0000] {logging_mixin.py:137} INFO - [2024-01-05T11:33:44.174+0000] {dag.py:3441} INFO - Setting next_dagrun for example_bash_operator to 2024-01-04T00:00:00+00:00, run_after=2024-01-05T00:00:00+00:00
[2024-01-05T11:33:44.231+0000] {processor.py:175} INFO - Processing /home/airflow/.local/lib/python3.7/site-packages/airflow/example_dags/example_bash_operator.py took 0.376 seconds
[2024-01-05T12:52:16.015+0000] {processor.py:153} INFO - Started process (PID=4918) to work on /home/airflow/.local/lib/python3.7/site-packages/airflow/example_dags/example_bash_operator.py
[2024-01-05T12:52:16.033+0000] {processor.py:743} INFO - Processing file /home/airflow/.local/lib/python3.7/site-packages/airflow/example_dags/example_bash_operator.py for tasks to queue
[2024-01-05T12:52:16.035+0000] {logging_mixin.py:137} INFO - [2024-01-05T12:52:16.034+0000] {dagbag.py:538} INFO - Filling up the DagBag from /home/airflow/.local/lib/python3.7/site-packages/airflow/example_dags/example_bash_operator.py
[2024-01-05T12:52:16.109+0000] {processor.py:753} INFO - DAG(s) dict_keys(['example_bash_operator']) retrieved from /home/airflow/.local/lib/python3.7/site-packages/airflow/example_dags/example_bash_operator.py
[2024-01-05T12:52:16.210+0000] {logging_mixin.py:137} INFO - [2024-01-05T12:52:16.210+0000] {dag.py:2690} INFO - Sync 1 DAGs
[2024-01-05T12:52:16.303+0000] {logging_mixin.py:137} INFO - [2024-01-05T12:52:16.303+0000] {dag.py:3441} INFO - Setting next_dagrun for example_bash_operator to 2024-01-04T00:00:00+00:00, run_after=2024-01-05T00:00:00+00:00
[2024-01-05T12:52:16.375+0000] {processor.py:175} INFO - Processing /home/airflow/.local/lib/python3.7/site-packages/airflow/example_dags/example_bash_operator.py took 0.408 seconds
[2024-01-05T14:00:59.952+0000] {processor.py:153} INFO - Started process (PID=4981) to work on /home/airflow/.local/lib/python3.7/site-packages/airflow/example_dags/example_bash_operator.py
[2024-01-05T14:00:59.957+0000] {processor.py:743} INFO - Processing file /home/airflow/.local/lib/python3.7/site-packages/airflow/example_dags/example_bash_operator.py for tasks to queue
[2024-01-05T14:00:59.960+0000] {logging_mixin.py:137} INFO - [2024-01-05T14:00:59.959+0000] {dagbag.py:538} INFO - Filling up the DagBag from /home/airflow/.local/lib/python3.7/site-packages/airflow/example_dags/example_bash_operator.py
[2024-01-05T14:01:00.161+0000] {processor.py:753} INFO - DAG(s) dict_keys(['example_bash_operator']) retrieved from /home/airflow/.local/lib/python3.7/site-packages/airflow/example_dags/example_bash_operator.py
[2024-01-05T14:01:00.368+0000] {logging_mixin.py:137} INFO - [2024-01-05T14:01:00.367+0000] {dag.py:2690} INFO - Sync 1 DAGs
[2024-01-05T14:01:00.447+0000] {logging_mixin.py:137} INFO - [2024-01-05T14:01:00.446+0000] {dag.py:3441} INFO - Setting next_dagrun for example_bash_operator to 2024-01-04T00:00:00+00:00, run_after=2024-01-05T00:00:00+00:00
[2024-01-05T14:01:00.510+0000] {processor.py:175} INFO - Processing /home/airflow/.local/lib/python3.7/site-packages/airflow/example_dags/example_bash_operator.py took 0.585 seconds
[2024-01-05T14:01:30.908+0000] {processor.py:153} INFO - Started process (PID=5056) to work on /home/airflow/.local/lib/python3.7/site-packages/airflow/example_dags/example_bash_operator.py
[2024-01-05T14:01:30.914+0000] {processor.py:743} INFO - Processing file /home/airflow/.local/lib/python3.7/site-packages/airflow/example_dags/example_bash_operator.py for tasks to queue
[2024-01-05T14:01:30.923+0000] {logging_mixin.py:137} INFO - [2024-01-05T14:01:30.921+0000] {dagbag.py:538} INFO - Filling up the DagBag from /home/airflow/.local/lib/python3.7/site-packages/airflow/example_dags/example_bash_operator.py
[2024-01-05T14:01:31.013+0000] {processor.py:753} INFO - DAG(s) dict_keys(['example_bash_operator']) retrieved from /home/airflow/.local/lib/python3.7/site-packages/airflow/example_dags/example_bash_operator.py
[2024-01-05T14:01:31.154+0000] {logging_mixin.py:137} INFO - [2024-01-05T14:01:31.154+0000] {dag.py:2690} INFO - Sync 1 DAGs
[2024-01-05T14:01:31.272+0000] {logging_mixin.py:137} INFO - [2024-01-05T14:01:31.272+0000] {dag.py:3441} INFO - Setting next_dagrun for example_bash_operator to 2024-01-04T00:00:00+00:00, run_after=2024-01-05T00:00:00+00:00
[2024-01-05T14:01:31.370+0000] {processor.py:175} INFO - Processing /home/airflow/.local/lib/python3.7/site-packages/airflow/example_dags/example_bash_operator.py took 0.503 seconds
[2024-01-05T14:02:02.000+0000] {processor.py:153} INFO - Started process (PID=5120) to work on /home/airflow/.local/lib/python3.7/site-packages/airflow/example_dags/example_bash_operator.py
[2024-01-05T14:02:02.002+0000] {processor.py:743} INFO - Processing file /home/airflow/.local/lib/python3.7/site-packages/airflow/example_dags/example_bash_operator.py for tasks to queue
[2024-01-05T14:02:02.003+0000] {logging_mixin.py:137} INFO - [2024-01-05T14:02:02.003+0000] {dagbag.py:538} INFO - Filling up the DagBag from /home/airflow/.local/lib/python3.7/site-packages/airflow/example_dags/example_bash_operator.py
[2024-01-05T14:02:02.059+0000] {processor.py:753} INFO - DAG(s) dict_keys(['example_bash_operator']) retrieved from /home/airflow/.local/lib/python3.7/site-packages/airflow/example_dags/example_bash_operator.py
[2024-01-05T14:02:02.094+0000] {logging_mixin.py:137} INFO - [2024-01-05T14:02:02.094+0000] {dag.py:2690} INFO - Sync 1 DAGs
[2024-01-05T14:02:02.134+0000] {logging_mixin.py:137} INFO - [2024-01-05T14:02:02.134+0000] {dag.py:3441} INFO - Setting next_dagrun for example_bash_operator to 2024-01-04T00:00:00+00:00, run_after=2024-01-05T00:00:00+00:00
[2024-01-05T14:02:02.148+0000] {processor.py:175} INFO - Processing /home/airflow/.local/lib/python3.7/site-packages/airflow/example_dags/example_bash_operator.py took 0.153 seconds
[2024-01-05T14:02:33.074+0000] {processor.py:153} INFO - Started process (PID=5192) to work on /home/airflow/.local/lib/python3.7/site-packages/airflow/example_dags/example_bash_operator.py
[2024-01-05T14:02:33.076+0000] {processor.py:743} INFO - Processing file /home/airflow/.local/lib/python3.7/site-packages/airflow/example_dags/example_bash_operator.py for tasks to queue
[2024-01-05T14:02:33.077+0000] {logging_mixin.py:137} INFO - [2024-01-05T14:02:33.077+0000] {dagbag.py:538} INFO - Filling up the DagBag from /home/airflow/.local/lib/python3.7/site-packages/airflow/example_dags/example_bash_operator.py
[2024-01-05T14:02:33.173+0000] {processor.py:753} INFO - DAG(s) dict_keys(['example_bash_operator']) retrieved from /home/airflow/.local/lib/python3.7/site-packages/airflow/example_dags/example_bash_operator.py
[2024-01-05T14:02:33.257+0000] {logging_mixin.py:137} INFO - [2024-01-05T14:02:33.257+0000] {dag.py:2690} INFO - Sync 1 DAGs
[2024-01-05T14:02:33.328+0000] {logging_mixin.py:137} INFO - [2024-01-05T14:02:33.328+0000] {dag.py:3441} INFO - Setting next_dagrun for example_bash_operator to 2024-01-04T00:00:00+00:00, run_after=2024-01-05T00:00:00+00:00
[2024-01-05T14:02:33.370+0000] {processor.py:175} INFO - Processing /home/airflow/.local/lib/python3.7/site-packages/airflow/example_dags/example_bash_operator.py took 0.305 seconds
[2024-01-05T14:03:03.563+0000] {processor.py:153} INFO - Started process (PID=5258) to work on /home/airflow/.local/lib/python3.7/site-packages/airflow/example_dags/example_bash_operator.py
[2024-01-05T14:03:03.567+0000] {processor.py:743} INFO - Processing file /home/airflow/.local/lib/python3.7/site-packages/airflow/example_dags/example_bash_operator.py for tasks to queue
[2024-01-05T14:03:03.571+0000] {logging_mixin.py:137} INFO - [2024-01-05T14:03:03.570+0000] {dagbag.py:538} INFO - Filling up the DagBag from /home/airflow/.local/lib/python3.7/site-packages/airflow/example_dags/example_bash_operator.py
[2024-01-05T14:03:03.623+0000] {processor.py:753} INFO - DAG(s) dict_keys(['example_bash_operator']) retrieved from /home/airflow/.local/lib/python3.7/site-packages/airflow/example_dags/example_bash_operator.py
[2024-01-05T14:03:03.686+0000] {logging_mixin.py:137} INFO - [2024-01-05T14:03:03.686+0000] {dag.py:2690} INFO - Sync 1 DAGs
[2024-01-05T14:03:03.715+0000] {logging_mixin.py:137} INFO - [2024-01-05T14:03:03.715+0000] {dag.py:3441} INFO - Setting next_dagrun for example_bash_operator to 2024-01-04T00:00:00+00:00, run_after=2024-01-05T00:00:00+00:00
[2024-01-05T14:03:03.739+0000] {processor.py:175} INFO - Processing /home/airflow/.local/lib/python3.7/site-packages/airflow/example_dags/example_bash_operator.py took 0.183 seconds
[2024-01-05T14:03:34.237+0000] {processor.py:153} INFO - Started process (PID=5333) to work on /home/airflow/.local/lib/python3.7/site-packages/airflow/example_dags/example_bash_operator.py
[2024-01-05T14:03:34.241+0000] {processor.py:743} INFO - Processing file /home/airflow/.local/lib/python3.7/site-packages/airflow/example_dags/example_bash_operator.py for tasks to queue
[2024-01-05T14:03:34.244+0000] {logging_mixin.py:137} INFO - [2024-01-05T14:03:34.243+0000] {dagbag.py:538} INFO - Filling up the DagBag from /home/airflow/.local/lib/python3.7/site-packages/airflow/example_dags/example_bash_operator.py
[2024-01-05T14:03:34.311+0000] {processor.py:753} INFO - DAG(s) dict_keys(['example_bash_operator']) retrieved from /home/airflow/.local/lib/python3.7/site-packages/airflow/example_dags/example_bash_operator.py
[2024-01-05T14:03:34.377+0000] {logging_mixin.py:137} INFO - [2024-01-05T14:03:34.377+0000] {dag.py:2690} INFO - Sync 1 DAGs
[2024-01-05T14:03:34.411+0000] {logging_mixin.py:137} INFO - [2024-01-05T14:03:34.411+0000] {dag.py:3441} INFO - Setting next_dagrun for example_bash_operator to 2024-01-04T00:00:00+00:00, run_after=2024-01-05T00:00:00+00:00
[2024-01-05T14:03:34.434+0000] {processor.py:175} INFO - Processing /home/airflow/.local/lib/python3.7/site-packages/airflow/example_dags/example_bash_operator.py took 0.206 seconds
[2024-01-05T14:04:05.134+0000] {processor.py:153} INFO - Started process (PID=5397) to work on /home/airflow/.local/lib/python3.7/site-packages/airflow/example_dags/example_bash_operator.py
[2024-01-05T14:04:05.138+0000] {processor.py:743} INFO - Processing file /home/airflow/.local/lib/python3.7/site-packages/airflow/example_dags/example_bash_operator.py for tasks to queue
[2024-01-05T14:04:05.140+0000] {logging_mixin.py:137} INFO - [2024-01-05T14:04:05.139+0000] {dagbag.py:538} INFO - Filling up the DagBag from /home/airflow/.local/lib/python3.7/site-packages/airflow/example_dags/example_bash_operator.py
[2024-01-05T14:04:05.182+0000] {processor.py:753} INFO - DAG(s) dict_keys(['example_bash_operator']) retrieved from /home/airflow/.local/lib/python3.7/site-packages/airflow/example_dags/example_bash_operator.py
[2024-01-05T14:04:05.233+0000] {logging_mixin.py:137} INFO - [2024-01-05T14:04:05.233+0000] {dag.py:2690} INFO - Sync 1 DAGs
[2024-01-05T14:04:05.256+0000] {logging_mixin.py:137} INFO - [2024-01-05T14:04:05.256+0000] {dag.py:3441} INFO - Setting next_dagrun for example_bash_operator to 2024-01-04T00:00:00+00:00, run_after=2024-01-05T00:00:00+00:00
[2024-01-05T14:04:05.270+0000] {processor.py:175} INFO - Processing /home/airflow/.local/lib/python3.7/site-packages/airflow/example_dags/example_bash_operator.py took 0.146 seconds
[2024-01-05T14:04:35.559+0000] {processor.py:153} INFO - Started process (PID=5472) to work on /home/airflow/.local/lib/python3.7/site-packages/airflow/example_dags/example_bash_operator.py
[2024-01-05T14:04:35.562+0000] {processor.py:743} INFO - Processing file /home/airflow/.local/lib/python3.7/site-packages/airflow/example_dags/example_bash_operator.py for tasks to queue
[2024-01-05T14:04:35.564+0000] {logging_mixin.py:137} INFO - [2024-01-05T14:04:35.564+0000] {dagbag.py:538} INFO - Filling up the DagBag from /home/airflow/.local/lib/python3.7/site-packages/airflow/example_dags/example_bash_operator.py
[2024-01-05T14:04:35.597+0000] {processor.py:753} INFO - DAG(s) dict_keys(['example_bash_operator']) retrieved from /home/airflow/.local/lib/python3.7/site-packages/airflow/example_dags/example_bash_operator.py
[2024-01-05T14:04:35.639+0000] {logging_mixin.py:137} INFO - [2024-01-05T14:04:35.639+0000] {dag.py:2690} INFO - Sync 1 DAGs
[2024-01-05T14:04:35.662+0000] {logging_mixin.py:137} INFO - [2024-01-05T14:04:35.662+0000] {dag.py:3441} INFO - Setting next_dagrun for example_bash_operator to 2024-01-04T00:00:00+00:00, run_after=2024-01-05T00:00:00+00:00
[2024-01-05T14:04:35.674+0000] {processor.py:175} INFO - Processing /home/airflow/.local/lib/python3.7/site-packages/airflow/example_dags/example_bash_operator.py took 0.121 seconds
[2024-01-05T14:05:06.470+0000] {processor.py:153} INFO - Started process (PID=5535) to work on /home/airflow/.local/lib/python3.7/site-packages/airflow/example_dags/example_bash_operator.py
[2024-01-05T14:05:06.472+0000] {processor.py:743} INFO - Processing file /home/airflow/.local/lib/python3.7/site-packages/airflow/example_dags/example_bash_operator.py for tasks to queue
[2024-01-05T14:05:06.473+0000] {logging_mixin.py:137} INFO - [2024-01-05T14:05:06.473+0000] {dagbag.py:538} INFO - Filling up the DagBag from /home/airflow/.local/lib/python3.7/site-packages/airflow/example_dags/example_bash_operator.py
[2024-01-05T14:05:06.523+0000] {processor.py:753} INFO - DAG(s) dict_keys(['example_bash_operator']) retrieved from /home/airflow/.local/lib/python3.7/site-packages/airflow/example_dags/example_bash_operator.py
[2024-01-05T14:05:06.588+0000] {logging_mixin.py:137} INFO - [2024-01-05T14:05:06.588+0000] {dag.py:2690} INFO - Sync 1 DAGs
[2024-01-05T14:05:06.624+0000] {logging_mixin.py:137} INFO - [2024-01-05T14:05:06.624+0000] {dag.py:3441} INFO - Setting next_dagrun for example_bash_operator to 2024-01-04T00:00:00+00:00, run_after=2024-01-05T00:00:00+00:00
[2024-01-05T14:05:06.655+0000] {processor.py:175} INFO - Processing /home/airflow/.local/lib/python3.7/site-packages/airflow/example_dags/example_bash_operator.py took 0.189 seconds
[2024-01-05T14:05:37.105+0000] {processor.py:153} INFO - Started process (PID=5610) to work on /home/airflow/.local/lib/python3.7/site-packages/airflow/example_dags/example_bash_operator.py
[2024-01-05T14:05:37.109+0000] {processor.py:743} INFO - Processing file /home/airflow/.local/lib/python3.7/site-packages/airflow/example_dags/example_bash_operator.py for tasks to queue
[2024-01-05T14:05:37.111+0000] {logging_mixin.py:137} INFO - [2024-01-05T14:05:37.111+0000] {dagbag.py:538} INFO - Filling up the DagBag from /home/airflow/.local/lib/python3.7/site-packages/airflow/example_dags/example_bash_operator.py
[2024-01-05T14:05:37.143+0000] {processor.py:753} INFO - DAG(s) dict_keys(['example_bash_operator']) retrieved from /home/airflow/.local/lib/python3.7/site-packages/airflow/example_dags/example_bash_operator.py
[2024-01-05T14:05:37.172+0000] {logging_mixin.py:137} INFO - [2024-01-05T14:05:37.172+0000] {dag.py:2690} INFO - Sync 1 DAGs
[2024-01-05T14:05:37.190+0000] {logging_mixin.py:137} INFO - [2024-01-05T14:05:37.190+0000] {dag.py:3441} INFO - Setting next_dagrun for example_bash_operator to 2024-01-04T00:00:00+00:00, run_after=2024-01-05T00:00:00+00:00
[2024-01-05T14:05:37.201+0000] {processor.py:175} INFO - Processing /home/airflow/.local/lib/python3.7/site-packages/airflow/example_dags/example_bash_operator.py took 0.110 seconds
[2024-01-05T14:06:07.314+0000] {processor.py:153} INFO - Started process (PID=5681) to work on /home/airflow/.local/lib/python3.7/site-packages/airflow/example_dags/example_bash_operator.py
[2024-01-05T14:06:07.316+0000] {processor.py:743} INFO - Processing file /home/airflow/.local/lib/python3.7/site-packages/airflow/example_dags/example_bash_operator.py for tasks to queue
[2024-01-05T14:06:07.318+0000] {logging_mixin.py:137} INFO - [2024-01-05T14:06:07.318+0000] {dagbag.py:538} INFO - Filling up the DagBag from /home/airflow/.local/lib/python3.7/site-packages/airflow/example_dags/example_bash_operator.py
[2024-01-05T14:06:07.352+0000] {processor.py:753} INFO - DAG(s) dict_keys(['example_bash_operator']) retrieved from /home/airflow/.local/lib/python3.7/site-packages/airflow/example_dags/example_bash_operator.py
[2024-01-05T14:06:07.412+0000] {logging_mixin.py:137} INFO - [2024-01-05T14:06:07.411+0000] {dag.py:2690} INFO - Sync 1 DAGs
[2024-01-05T14:06:07.447+0000] {logging_mixin.py:137} INFO - [2024-01-05T14:06:07.447+0000] {dag.py:3441} INFO - Setting next_dagrun for example_bash_operator to 2024-01-04T00:00:00+00:00, run_after=2024-01-05T00:00:00+00:00
[2024-01-05T14:06:07.463+0000] {processor.py:175} INFO - Processing /home/airflow/.local/lib/python3.7/site-packages/airflow/example_dags/example_bash_operator.py took 0.153 seconds
[2024-01-05T14:06:38.483+0000] {processor.py:153} INFO - Started process (PID=5749) to work on /home/airflow/.local/lib/python3.7/site-packages/airflow/example_dags/example_bash_operator.py
[2024-01-05T14:06:38.491+0000] {processor.py:743} INFO - Processing file /home/airflow/.local/lib/python3.7/site-packages/airflow/example_dags/example_bash_operator.py for tasks to queue
[2024-01-05T14:06:38.493+0000] {logging_mixin.py:137} INFO - [2024-01-05T14:06:38.493+0000] {dagbag.py:538} INFO - Filling up the DagBag from /home/airflow/.local/lib/python3.7/site-packages/airflow/example_dags/example_bash_operator.py
[2024-01-05T14:06:38.525+0000] {processor.py:753} INFO - DAG(s) dict_keys(['example_bash_operator']) retrieved from /home/airflow/.local/lib/python3.7/site-packages/airflow/example_dags/example_bash_operator.py
[2024-01-05T14:06:38.571+0000] {logging_mixin.py:137} INFO - [2024-01-05T14:06:38.571+0000] {dag.py:2690} INFO - Sync 1 DAGs
[2024-01-05T14:06:38.603+0000] {logging_mixin.py:137} INFO - [2024-01-05T14:06:38.603+0000] {dag.py:3441} INFO - Setting next_dagrun for example_bash_operator to 2024-01-04T00:00:00+00:00, run_after=2024-01-05T00:00:00+00:00
[2024-01-05T14:06:38.620+0000] {processor.py:175} INFO - Processing /home/airflow/.local/lib/python3.7/site-packages/airflow/example_dags/example_bash_operator.py took 0.148 seconds
[2024-01-05T14:07:09.316+0000] {processor.py:153} INFO - Started process (PID=5824) to work on /home/airflow/.local/lib/python3.7/site-packages/airflow/example_dags/example_bash_operator.py
[2024-01-05T14:07:09.318+0000] {processor.py:743} INFO - Processing file /home/airflow/.local/lib/python3.7/site-packages/airflow/example_dags/example_bash_operator.py for tasks to queue
[2024-01-05T14:07:09.320+0000] {logging_mixin.py:137} INFO - [2024-01-05T14:07:09.319+0000] {dagbag.py:538} INFO - Filling up the DagBag from /home/airflow/.local/lib/python3.7/site-packages/airflow/example_dags/example_bash_operator.py
[2024-01-05T14:07:09.347+0000] {processor.py:753} INFO - DAG(s) dict_keys(['example_bash_operator']) retrieved from /home/airflow/.local/lib/python3.7/site-packages/airflow/example_dags/example_bash_operator.py
[2024-01-05T14:07:09.378+0000] {logging_mixin.py:137} INFO - [2024-01-05T14:07:09.378+0000] {dag.py:2690} INFO - Sync 1 DAGs
[2024-01-05T14:07:09.406+0000] {logging_mixin.py:137} INFO - [2024-01-05T14:07:09.406+0000] {dag.py:3441} INFO - Setting next_dagrun for example_bash_operator to 2024-01-04T00:00:00+00:00, run_after=2024-01-05T00:00:00+00:00
[2024-01-05T14:07:09.420+0000] {processor.py:175} INFO - Processing /home/airflow/.local/lib/python3.7/site-packages/airflow/example_dags/example_bash_operator.py took 0.108 seconds
[2024-01-05T14:07:39.831+0000] {processor.py:153} INFO - Started process (PID=5887) to work on /home/airflow/.local/lib/python3.7/site-packages/airflow/example_dags/example_bash_operator.py
[2024-01-05T14:07:39.833+0000] {processor.py:743} INFO - Processing file /home/airflow/.local/lib/python3.7/site-packages/airflow/example_dags/example_bash_operator.py for tasks to queue
[2024-01-05T14:07:39.834+0000] {logging_mixin.py:137} INFO - [2024-01-05T14:07:39.834+0000] {dagbag.py:538} INFO - Filling up the DagBag from /home/airflow/.local/lib/python3.7/site-packages/airflow/example_dags/example_bash_operator.py
[2024-01-05T14:07:39.861+0000] {processor.py:753} INFO - DAG(s) dict_keys(['example_bash_operator']) retrieved from /home/airflow/.local/lib/python3.7/site-packages/airflow/example_dags/example_bash_operator.py
[2024-01-05T14:07:39.890+0000] {logging_mixin.py:137} INFO - [2024-01-05T14:07:39.890+0000] {dag.py:2690} INFO - Sync 1 DAGs
[2024-01-05T14:07:39.908+0000] {logging_mixin.py:137} INFO - [2024-01-05T14:07:39.908+0000] {dag.py:3441} INFO - Setting next_dagrun for example_bash_operator to 2024-01-04T00:00:00+00:00, run_after=2024-01-05T00:00:00+00:00
[2024-01-05T14:07:39.931+0000] {processor.py:175} INFO - Processing /home/airflow/.local/lib/python3.7/site-packages/airflow/example_dags/example_bash_operator.py took 0.103 seconds
[2024-01-05T14:08:10.591+0000] {processor.py:153} INFO - Started process (PID=5962) to work on /home/airflow/.local/lib/python3.7/site-packages/airflow/example_dags/example_bash_operator.py
[2024-01-05T14:08:10.594+0000] {processor.py:743} INFO - Processing file /home/airflow/.local/lib/python3.7/site-packages/airflow/example_dags/example_bash_operator.py for tasks to queue
[2024-01-05T14:08:10.596+0000] {logging_mixin.py:137} INFO - [2024-01-05T14:08:10.596+0000] {dagbag.py:538} INFO - Filling up the DagBag from /home/airflow/.local/lib/python3.7/site-packages/airflow/example_dags/example_bash_operator.py
[2024-01-05T14:08:10.626+0000] {processor.py:753} INFO - DAG(s) dict_keys(['example_bash_operator']) retrieved from /home/airflow/.local/lib/python3.7/site-packages/airflow/example_dags/example_bash_operator.py
[2024-01-05T14:08:10.689+0000] {logging_mixin.py:137} INFO - [2024-01-05T14:08:10.689+0000] {dag.py:2690} INFO - Sync 1 DAGs
[2024-01-05T14:08:10.725+0000] {logging_mixin.py:137} INFO - [2024-01-05T14:08:10.725+0000] {dag.py:3441} INFO - Setting next_dagrun for example_bash_operator to 2024-01-04T00:00:00+00:00, run_after=2024-01-05T00:00:00+00:00
[2024-01-05T14:08:10.754+0000] {processor.py:175} INFO - Processing /home/airflow/.local/lib/python3.7/site-packages/airflow/example_dags/example_bash_operator.py took 0.167 seconds
[2024-01-05T14:08:41.367+0000] {processor.py:153} INFO - Started process (PID=6025) to work on /home/airflow/.local/lib/python3.7/site-packages/airflow/example_dags/example_bash_operator.py
[2024-01-05T14:08:41.370+0000] {processor.py:743} INFO - Processing file /home/airflow/.local/lib/python3.7/site-packages/airflow/example_dags/example_bash_operator.py for tasks to queue
[2024-01-05T14:08:41.372+0000] {logging_mixin.py:137} INFO - [2024-01-05T14:08:41.372+0000] {dagbag.py:538} INFO - Filling up the DagBag from /home/airflow/.local/lib/python3.7/site-packages/airflow/example_dags/example_bash_operator.py
[2024-01-05T14:08:41.428+0000] {processor.py:753} INFO - DAG(s) dict_keys(['example_bash_operator']) retrieved from /home/airflow/.local/lib/python3.7/site-packages/airflow/example_dags/example_bash_operator.py
[2024-01-05T14:08:41.463+0000] {logging_mixin.py:137} INFO - [2024-01-05T14:08:41.463+0000] {dag.py:2690} INFO - Sync 1 DAGs
[2024-01-05T14:08:41.491+0000] {logging_mixin.py:137} INFO - [2024-01-05T14:08:41.490+0000] {dag.py:3441} INFO - Setting next_dagrun for example_bash_operator to 2024-01-04T00:00:00+00:00, run_after=2024-01-05T00:00:00+00:00
[2024-01-05T14:08:41.521+0000] {processor.py:175} INFO - Processing /home/airflow/.local/lib/python3.7/site-packages/airflow/example_dags/example_bash_operator.py took 0.161 seconds
[2024-01-05T14:09:12.528+0000] {processor.py:153} INFO - Started process (PID=6101) to work on /home/airflow/.local/lib/python3.7/site-packages/airflow/example_dags/example_bash_operator.py
[2024-01-05T14:09:12.529+0000] {processor.py:743} INFO - Processing file /home/airflow/.local/lib/python3.7/site-packages/airflow/example_dags/example_bash_operator.py for tasks to queue
[2024-01-05T14:09:12.531+0000] {logging_mixin.py:137} INFO - [2024-01-05T14:09:12.531+0000] {dagbag.py:538} INFO - Filling up the DagBag from /home/airflow/.local/lib/python3.7/site-packages/airflow/example_dags/example_bash_operator.py
[2024-01-05T14:09:12.562+0000] {processor.py:753} INFO - DAG(s) dict_keys(['example_bash_operator']) retrieved from /home/airflow/.local/lib/python3.7/site-packages/airflow/example_dags/example_bash_operator.py
[2024-01-05T14:09:12.592+0000] {logging_mixin.py:137} INFO - [2024-01-05T14:09:12.592+0000] {dag.py:2690} INFO - Sync 1 DAGs
[2024-01-05T14:09:12.625+0000] {logging_mixin.py:137} INFO - [2024-01-05T14:09:12.625+0000] {dag.py:3441} INFO - Setting next_dagrun for example_bash_operator to 2024-01-04T00:00:00+00:00, run_after=2024-01-05T00:00:00+00:00
[2024-01-05T14:09:12.638+0000] {processor.py:175} INFO - Processing /home/airflow/.local/lib/python3.7/site-packages/airflow/example_dags/example_bash_operator.py took 0.115 seconds
[2024-01-05T14:09:43.251+0000] {processor.py:153} INFO - Started process (PID=6176) to work on /home/airflow/.local/lib/python3.7/site-packages/airflow/example_dags/example_bash_operator.py
[2024-01-05T14:09:43.254+0000] {processor.py:743} INFO - Processing file /home/airflow/.local/lib/python3.7/site-packages/airflow/example_dags/example_bash_operator.py for tasks to queue
[2024-01-05T14:09:43.257+0000] {logging_mixin.py:137} INFO - [2024-01-05T14:09:43.256+0000] {dagbag.py:538} INFO - Filling up the DagBag from /home/airflow/.local/lib/python3.7/site-packages/airflow/example_dags/example_bash_operator.py
[2024-01-05T14:09:43.346+0000] {processor.py:753} INFO - DAG(s) dict_keys(['example_bash_operator']) retrieved from /home/airflow/.local/lib/python3.7/site-packages/airflow/example_dags/example_bash_operator.py
[2024-01-05T14:09:43.537+0000] {logging_mixin.py:137} INFO - [2024-01-05T14:09:43.537+0000] {dag.py:2690} INFO - Sync 1 DAGs
[2024-01-05T14:09:43.617+0000] {logging_mixin.py:137} INFO - [2024-01-05T14:09:43.616+0000] {dag.py:3441} INFO - Setting next_dagrun for example_bash_operator to 2024-01-04T00:00:00+00:00, run_after=2024-01-05T00:00:00+00:00
[2024-01-05T14:09:43.718+0000] {processor.py:175} INFO - Processing /home/airflow/.local/lib/python3.7/site-packages/airflow/example_dags/example_bash_operator.py took 0.477 seconds
[2024-01-05T14:10:14.788+0000] {processor.py:153} INFO - Started process (PID=6238) to work on /home/airflow/.local/lib/python3.7/site-packages/airflow/example_dags/example_bash_operator.py
[2024-01-05T14:10:14.791+0000] {processor.py:743} INFO - Processing file /home/airflow/.local/lib/python3.7/site-packages/airflow/example_dags/example_bash_operator.py for tasks to queue
[2024-01-05T14:10:14.792+0000] {logging_mixin.py:137} INFO - [2024-01-05T14:10:14.792+0000] {dagbag.py:538} INFO - Filling up the DagBag from /home/airflow/.local/lib/python3.7/site-packages/airflow/example_dags/example_bash_operator.py
[2024-01-05T14:10:14.852+0000] {processor.py:753} INFO - DAG(s) dict_keys(['example_bash_operator']) retrieved from /home/airflow/.local/lib/python3.7/site-packages/airflow/example_dags/example_bash_operator.py
[2024-01-05T14:10:14.889+0000] {logging_mixin.py:137} INFO - [2024-01-05T14:10:14.889+0000] {dag.py:2690} INFO - Sync 1 DAGs
[2024-01-05T14:10:14.911+0000] {logging_mixin.py:137} INFO - [2024-01-05T14:10:14.911+0000] {dag.py:3441} INFO - Setting next_dagrun for example_bash_operator to 2024-01-04T00:00:00+00:00, run_after=2024-01-05T00:00:00+00:00
[2024-01-05T14:10:14.926+0000] {processor.py:175} INFO - Processing /home/airflow/.local/lib/python3.7/site-packages/airflow/example_dags/example_bash_operator.py took 0.144 seconds
[2024-01-05T14:10:45.882+0000] {processor.py:153} INFO - Started process (PID=6311) to work on /home/airflow/.local/lib/python3.7/site-packages/airflow/example_dags/example_bash_operator.py
[2024-01-05T14:10:45.886+0000] {processor.py:743} INFO - Processing file /home/airflow/.local/lib/python3.7/site-packages/airflow/example_dags/example_bash_operator.py for tasks to queue
[2024-01-05T14:10:45.888+0000] {logging_mixin.py:137} INFO - [2024-01-05T14:10:45.888+0000] {dagbag.py:538} INFO - Filling up the DagBag from /home/airflow/.local/lib/python3.7/site-packages/airflow/example_dags/example_bash_operator.py
[2024-01-05T14:10:45.920+0000] {processor.py:753} INFO - DAG(s) dict_keys(['example_bash_operator']) retrieved from /home/airflow/.local/lib/python3.7/site-packages/airflow/example_dags/example_bash_operator.py
[2024-01-05T14:10:45.958+0000] {logging_mixin.py:137} INFO - [2024-01-05T14:10:45.957+0000] {dag.py:2690} INFO - Sync 1 DAGs
[2024-01-05T14:10:45.981+0000] {logging_mixin.py:137} INFO - [2024-01-05T14:10:45.981+0000] {dag.py:3441} INFO - Setting next_dagrun for example_bash_operator to 2024-01-04T00:00:00+00:00, run_after=2024-01-05T00:00:00+00:00
[2024-01-05T14:10:45.995+0000] {processor.py:175} INFO - Processing /home/airflow/.local/lib/python3.7/site-packages/airflow/example_dags/example_bash_operator.py took 0.123 seconds
[2024-01-05T14:11:16.274+0000] {processor.py:153} INFO - Started process (PID=6374) to work on /home/airflow/.local/lib/python3.7/site-packages/airflow/example_dags/example_bash_operator.py
[2024-01-05T14:11:16.277+0000] {processor.py:743} INFO - Processing file /home/airflow/.local/lib/python3.7/site-packages/airflow/example_dags/example_bash_operator.py for tasks to queue
[2024-01-05T14:11:16.279+0000] {logging_mixin.py:137} INFO - [2024-01-05T14:11:16.279+0000] {dagbag.py:538} INFO - Filling up the DagBag from /home/airflow/.local/lib/python3.7/site-packages/airflow/example_dags/example_bash_operator.py
[2024-01-05T14:11:16.342+0000] {processor.py:753} INFO - DAG(s) dict_keys(['example_bash_operator']) retrieved from /home/airflow/.local/lib/python3.7/site-packages/airflow/example_dags/example_bash_operator.py
[2024-01-05T14:11:16.379+0000] {logging_mixin.py:137} INFO - [2024-01-05T14:11:16.378+0000] {dag.py:2690} INFO - Sync 1 DAGs
[2024-01-05T14:11:16.406+0000] {logging_mixin.py:137} INFO - [2024-01-05T14:11:16.406+0000] {dag.py:3441} INFO - Setting next_dagrun for example_bash_operator to 2024-01-04T00:00:00+00:00, run_after=2024-01-05T00:00:00+00:00
[2024-01-05T14:11:16.428+0000] {processor.py:175} INFO - Processing /home/airflow/.local/lib/python3.7/site-packages/airflow/example_dags/example_bash_operator.py took 0.164 seconds
[2024-01-05T14:11:46.951+0000] {processor.py:153} INFO - Started process (PID=6448) to work on /home/airflow/.local/lib/python3.7/site-packages/airflow/example_dags/example_bash_operator.py
[2024-01-05T14:11:46.954+0000] {processor.py:743} INFO - Processing file /home/airflow/.local/lib/python3.7/site-packages/airflow/example_dags/example_bash_operator.py for tasks to queue
[2024-01-05T14:11:46.955+0000] {logging_mixin.py:137} INFO - [2024-01-05T14:11:46.955+0000] {dagbag.py:538} INFO - Filling up the DagBag from /home/airflow/.local/lib/python3.7/site-packages/airflow/example_dags/example_bash_operator.py
[2024-01-05T14:11:46.993+0000] {processor.py:753} INFO - DAG(s) dict_keys(['example_bash_operator']) retrieved from /home/airflow/.local/lib/python3.7/site-packages/airflow/example_dags/example_bash_operator.py
[2024-01-05T14:11:47.023+0000] {logging_mixin.py:137} INFO - [2024-01-05T14:11:47.023+0000] {dag.py:2690} INFO - Sync 1 DAGs
[2024-01-05T14:11:47.051+0000] {logging_mixin.py:137} INFO - [2024-01-05T14:11:47.050+0000] {dag.py:3441} INFO - Setting next_dagrun for example_bash_operator to 2024-01-04T00:00:00+00:00, run_after=2024-01-05T00:00:00+00:00
[2024-01-05T14:11:47.087+0000] {processor.py:175} INFO - Processing /home/airflow/.local/lib/python3.7/site-packages/airflow/example_dags/example_bash_operator.py took 0.141 seconds
[2024-01-05T14:12:17.448+0000] {processor.py:153} INFO - Started process (PID=6512) to work on /home/airflow/.local/lib/python3.7/site-packages/airflow/example_dags/example_bash_operator.py
[2024-01-05T14:12:17.455+0000] {processor.py:743} INFO - Processing file /home/airflow/.local/lib/python3.7/site-packages/airflow/example_dags/example_bash_operator.py for tasks to queue
[2024-01-05T14:12:17.458+0000] {logging_mixin.py:137} INFO - [2024-01-05T14:12:17.458+0000] {dagbag.py:538} INFO - Filling up the DagBag from /home/airflow/.local/lib/python3.7/site-packages/airflow/example_dags/example_bash_operator.py
[2024-01-05T14:12:17.512+0000] {processor.py:753} INFO - DAG(s) dict_keys(['example_bash_operator']) retrieved from /home/airflow/.local/lib/python3.7/site-packages/airflow/example_dags/example_bash_operator.py
[2024-01-05T14:12:17.561+0000] {logging_mixin.py:137} INFO - [2024-01-05T14:12:17.561+0000] {dag.py:2690} INFO - Sync 1 DAGs
[2024-01-05T14:12:17.587+0000] {logging_mixin.py:137} INFO - [2024-01-05T14:12:17.586+0000] {dag.py:3441} INFO - Setting next_dagrun for example_bash_operator to 2024-01-04T00:00:00+00:00, run_after=2024-01-05T00:00:00+00:00
[2024-01-05T14:12:17.600+0000] {processor.py:175} INFO - Processing /home/airflow/.local/lib/python3.7/site-packages/airflow/example_dags/example_bash_operator.py took 0.159 seconds
[2024-01-05T14:12:48.519+0000] {processor.py:153} INFO - Started process (PID=6587) to work on /home/airflow/.local/lib/python3.7/site-packages/airflow/example_dags/example_bash_operator.py
[2024-01-05T14:12:48.523+0000] {processor.py:743} INFO - Processing file /home/airflow/.local/lib/python3.7/site-packages/airflow/example_dags/example_bash_operator.py for tasks to queue
[2024-01-05T14:12:48.526+0000] {logging_mixin.py:137} INFO - [2024-01-05T14:12:48.525+0000] {dagbag.py:538} INFO - Filling up the DagBag from /home/airflow/.local/lib/python3.7/site-packages/airflow/example_dags/example_bash_operator.py
[2024-01-05T14:12:48.561+0000] {processor.py:753} INFO - DAG(s) dict_keys(['example_bash_operator']) retrieved from /home/airflow/.local/lib/python3.7/site-packages/airflow/example_dags/example_bash_operator.py
[2024-01-05T14:12:48.610+0000] {logging_mixin.py:137} INFO - [2024-01-05T14:12:48.610+0000] {dag.py:2690} INFO - Sync 1 DAGs
[2024-01-05T14:12:48.635+0000] {logging_mixin.py:137} INFO - [2024-01-05T14:12:48.635+0000] {dag.py:3441} INFO - Setting next_dagrun for example_bash_operator to 2024-01-04T00:00:00+00:00, run_after=2024-01-05T00:00:00+00:00
[2024-01-05T14:12:48.651+0000] {processor.py:175} INFO - Processing /home/airflow/.local/lib/python3.7/site-packages/airflow/example_dags/example_bash_operator.py took 0.156 seconds
[2024-01-05T14:13:18.989+0000] {processor.py:153} INFO - Started process (PID=6648) to work on /home/airflow/.local/lib/python3.7/site-packages/airflow/example_dags/example_bash_operator.py
[2024-01-05T14:13:18.991+0000] {processor.py:743} INFO - Processing file /home/airflow/.local/lib/python3.7/site-packages/airflow/example_dags/example_bash_operator.py for tasks to queue
[2024-01-05T14:13:18.996+0000] {logging_mixin.py:137} INFO - [2024-01-05T14:13:18.996+0000] {dagbag.py:538} INFO - Filling up the DagBag from /home/airflow/.local/lib/python3.7/site-packages/airflow/example_dags/example_bash_operator.py
[2024-01-05T14:13:19.043+0000] {processor.py:753} INFO - DAG(s) dict_keys(['example_bash_operator']) retrieved from /home/airflow/.local/lib/python3.7/site-packages/airflow/example_dags/example_bash_operator.py
[2024-01-05T14:13:19.076+0000] {logging_mixin.py:137} INFO - [2024-01-05T14:13:19.076+0000] {dag.py:2690} INFO - Sync 1 DAGs
[2024-01-05T14:13:19.095+0000] {logging_mixin.py:137} INFO - [2024-01-05T14:13:19.095+0000] {dag.py:3441} INFO - Setting next_dagrun for example_bash_operator to 2024-01-04T00:00:00+00:00, run_after=2024-01-05T00:00:00+00:00
[2024-01-05T14:13:19.107+0000] {processor.py:175} INFO - Processing /home/airflow/.local/lib/python3.7/site-packages/airflow/example_dags/example_bash_operator.py took 0.124 seconds
[2024-01-05T14:13:49.836+0000] {processor.py:153} INFO - Started process (PID=6724) to work on /home/airflow/.local/lib/python3.7/site-packages/airflow/example_dags/example_bash_operator.py
[2024-01-05T14:13:49.840+0000] {processor.py:743} INFO - Processing file /home/airflow/.local/lib/python3.7/site-packages/airflow/example_dags/example_bash_operator.py for tasks to queue
[2024-01-05T14:13:49.842+0000] {logging_mixin.py:137} INFO - [2024-01-05T14:13:49.842+0000] {dagbag.py:538} INFO - Filling up the DagBag from /home/airflow/.local/lib/python3.7/site-packages/airflow/example_dags/example_bash_operator.py
[2024-01-05T14:13:49.899+0000] {processor.py:753} INFO - DAG(s) dict_keys(['example_bash_operator']) retrieved from /home/airflow/.local/lib/python3.7/site-packages/airflow/example_dags/example_bash_operator.py
[2024-01-05T14:13:49.947+0000] {logging_mixin.py:137} INFO - [2024-01-05T14:13:49.947+0000] {dag.py:2690} INFO - Sync 1 DAGs
[2024-01-05T14:13:49.974+0000] {logging_mixin.py:137} INFO - [2024-01-05T14:13:49.974+0000] {dag.py:3441} INFO - Setting next_dagrun for example_bash_operator to 2024-01-04T00:00:00+00:00, run_after=2024-01-05T00:00:00+00:00
[2024-01-05T14:13:49.996+0000] {processor.py:175} INFO - Processing /home/airflow/.local/lib/python3.7/site-packages/airflow/example_dags/example_bash_operator.py took 0.167 seconds
[2024-01-05T14:14:20.956+0000] {processor.py:153} INFO - Started process (PID=6800) to work on /home/airflow/.local/lib/python3.7/site-packages/airflow/example_dags/example_bash_operator.py
[2024-01-05T14:14:20.958+0000] {processor.py:743} INFO - Processing file /home/airflow/.local/lib/python3.7/site-packages/airflow/example_dags/example_bash_operator.py for tasks to queue
[2024-01-05T14:14:20.960+0000] {logging_mixin.py:137} INFO - [2024-01-05T14:14:20.960+0000] {dagbag.py:538} INFO - Filling up the DagBag from /home/airflow/.local/lib/python3.7/site-packages/airflow/example_dags/example_bash_operator.py
[2024-01-05T14:14:21.028+0000] {processor.py:753} INFO - DAG(s) dict_keys(['example_bash_operator']) retrieved from /home/airflow/.local/lib/python3.7/site-packages/airflow/example_dags/example_bash_operator.py
[2024-01-05T14:14:21.113+0000] {logging_mixin.py:137} INFO - [2024-01-05T14:14:21.113+0000] {dag.py:2690} INFO - Sync 1 DAGs
[2024-01-05T14:14:21.167+0000] {logging_mixin.py:137} INFO - [2024-01-05T14:14:21.167+0000] {dag.py:3441} INFO - Setting next_dagrun for example_bash_operator to 2024-01-04T00:00:00+00:00, run_after=2024-01-05T00:00:00+00:00
[2024-01-05T14:14:21.197+0000] {processor.py:175} INFO - Processing /home/airflow/.local/lib/python3.7/site-packages/airflow/example_dags/example_bash_operator.py took 0.249 seconds
[2024-01-05T14:14:51.959+0000] {processor.py:153} INFO - Started process (PID=6863) to work on /home/airflow/.local/lib/python3.7/site-packages/airflow/example_dags/example_bash_operator.py
[2024-01-05T14:14:51.961+0000] {processor.py:743} INFO - Processing file /home/airflow/.local/lib/python3.7/site-packages/airflow/example_dags/example_bash_operator.py for tasks to queue
[2024-01-05T14:14:51.962+0000] {logging_mixin.py:137} INFO - [2024-01-05T14:14:51.962+0000] {dagbag.py:538} INFO - Filling up the DagBag from /home/airflow/.local/lib/python3.7/site-packages/airflow/example_dags/example_bash_operator.py
[2024-01-05T14:14:51.996+0000] {processor.py:753} INFO - DAG(s) dict_keys(['example_bash_operator']) retrieved from /home/airflow/.local/lib/python3.7/site-packages/airflow/example_dags/example_bash_operator.py
[2024-01-05T14:14:52.061+0000] {logging_mixin.py:137} INFO - [2024-01-05T14:14:52.061+0000] {dag.py:2690} INFO - Sync 1 DAGs
[2024-01-05T14:14:52.087+0000] {logging_mixin.py:137} INFO - [2024-01-05T14:14:52.087+0000] {dag.py:3441} INFO - Setting next_dagrun for example_bash_operator to 2024-01-04T00:00:00+00:00, run_after=2024-01-05T00:00:00+00:00
[2024-01-05T14:14:52.100+0000] {processor.py:175} INFO - Processing /home/airflow/.local/lib/python3.7/site-packages/airflow/example_dags/example_bash_operator.py took 0.145 seconds
[2024-01-05T14:15:23.007+0000] {processor.py:153} INFO - Started process (PID=6938) to work on /home/airflow/.local/lib/python3.7/site-packages/airflow/example_dags/example_bash_operator.py
[2024-01-05T14:15:23.011+0000] {processor.py:743} INFO - Processing file /home/airflow/.local/lib/python3.7/site-packages/airflow/example_dags/example_bash_operator.py for tasks to queue
[2024-01-05T14:15:23.017+0000] {logging_mixin.py:137} INFO - [2024-01-05T14:15:23.016+0000] {dagbag.py:538} INFO - Filling up the DagBag from /home/airflow/.local/lib/python3.7/site-packages/airflow/example_dags/example_bash_operator.py
[2024-01-05T14:15:23.069+0000] {processor.py:753} INFO - DAG(s) dict_keys(['example_bash_operator']) retrieved from /home/airflow/.local/lib/python3.7/site-packages/airflow/example_dags/example_bash_operator.py
[2024-01-05T14:15:23.114+0000] {logging_mixin.py:137} INFO - [2024-01-05T14:15:23.114+0000] {dag.py:2690} INFO - Sync 1 DAGs
[2024-01-05T14:15:23.137+0000] {logging_mixin.py:137} INFO - [2024-01-05T14:15:23.137+0000] {dag.py:3441} INFO - Setting next_dagrun for example_bash_operator to 2024-01-04T00:00:00+00:00, run_after=2024-01-05T00:00:00+00:00
[2024-01-05T14:15:23.152+0000] {processor.py:175} INFO - Processing /home/airflow/.local/lib/python3.7/site-packages/airflow/example_dags/example_bash_operator.py took 0.151 seconds
[2024-01-05T14:15:53.307+0000] {processor.py:153} INFO - Started process (PID=7001) to work on /home/airflow/.local/lib/python3.7/site-packages/airflow/example_dags/example_bash_operator.py
[2024-01-05T14:15:53.309+0000] {processor.py:743} INFO - Processing file /home/airflow/.local/lib/python3.7/site-packages/airflow/example_dags/example_bash_operator.py for tasks to queue
[2024-01-05T14:15:53.311+0000] {logging_mixin.py:137} INFO - [2024-01-05T14:15:53.311+0000] {dagbag.py:538} INFO - Filling up the DagBag from /home/airflow/.local/lib/python3.7/site-packages/airflow/example_dags/example_bash_operator.py
[2024-01-05T14:15:53.370+0000] {processor.py:753} INFO - DAG(s) dict_keys(['example_bash_operator']) retrieved from /home/airflow/.local/lib/python3.7/site-packages/airflow/example_dags/example_bash_operator.py
[2024-01-05T14:15:53.407+0000] {logging_mixin.py:137} INFO - [2024-01-05T14:15:53.407+0000] {dag.py:2690} INFO - Sync 1 DAGs
[2024-01-05T14:15:53.430+0000] {logging_mixin.py:137} INFO - [2024-01-05T14:15:53.430+0000] {dag.py:3441} INFO - Setting next_dagrun for example_bash_operator to 2024-01-04T00:00:00+00:00, run_after=2024-01-05T00:00:00+00:00
[2024-01-05T14:15:53.452+0000] {processor.py:175} INFO - Processing /home/airflow/.local/lib/python3.7/site-packages/airflow/example_dags/example_bash_operator.py took 0.152 seconds
[2024-01-05T14:16:24.151+0000] {processor.py:153} INFO - Started process (PID=7076) to work on /home/airflow/.local/lib/python3.7/site-packages/airflow/example_dags/example_bash_operator.py
[2024-01-05T14:16:24.154+0000] {processor.py:743} INFO - Processing file /home/airflow/.local/lib/python3.7/site-packages/airflow/example_dags/example_bash_operator.py for tasks to queue
[2024-01-05T14:16:24.156+0000] {logging_mixin.py:137} INFO - [2024-01-05T14:16:24.155+0000] {dagbag.py:538} INFO - Filling up the DagBag from /home/airflow/.local/lib/python3.7/site-packages/airflow/example_dags/example_bash_operator.py
[2024-01-05T14:16:24.191+0000] {processor.py:753} INFO - DAG(s) dict_keys(['example_bash_operator']) retrieved from /home/airflow/.local/lib/python3.7/site-packages/airflow/example_dags/example_bash_operator.py
[2024-01-05T14:16:24.244+0000] {logging_mixin.py:137} INFO - [2024-01-05T14:16:24.244+0000] {dag.py:2690} INFO - Sync 1 DAGs
[2024-01-05T14:16:24.269+0000] {logging_mixin.py:137} INFO - [2024-01-05T14:16:24.269+0000] {dag.py:3441} INFO - Setting next_dagrun for example_bash_operator to 2024-01-04T00:00:00+00:00, run_after=2024-01-05T00:00:00+00:00
[2024-01-05T14:16:24.282+0000] {processor.py:175} INFO - Processing /home/airflow/.local/lib/python3.7/site-packages/airflow/example_dags/example_bash_operator.py took 0.138 seconds
[2024-01-05T14:16:55.025+0000] {processor.py:153} INFO - Started process (PID=7140) to work on /home/airflow/.local/lib/python3.7/site-packages/airflow/example_dags/example_bash_operator.py
[2024-01-05T14:16:55.029+0000] {processor.py:743} INFO - Processing file /home/airflow/.local/lib/python3.7/site-packages/airflow/example_dags/example_bash_operator.py for tasks to queue
[2024-01-05T14:16:55.030+0000] {logging_mixin.py:137} INFO - [2024-01-05T14:16:55.030+0000] {dagbag.py:538} INFO - Filling up the DagBag from /home/airflow/.local/lib/python3.7/site-packages/airflow/example_dags/example_bash_operator.py
[2024-01-05T14:16:55.083+0000] {processor.py:753} INFO - DAG(s) dict_keys(['example_bash_operator']) retrieved from /home/airflow/.local/lib/python3.7/site-packages/airflow/example_dags/example_bash_operator.py
[2024-01-05T14:16:55.124+0000] {logging_mixin.py:137} INFO - [2024-01-05T14:16:55.124+0000] {dag.py:2690} INFO - Sync 1 DAGs
[2024-01-05T14:16:55.154+0000] {logging_mixin.py:137} INFO - [2024-01-05T14:16:55.154+0000] {dag.py:3441} INFO - Setting next_dagrun for example_bash_operator to 2024-01-04T00:00:00+00:00, run_after=2024-01-05T00:00:00+00:00
[2024-01-05T14:16:55.219+0000] {processor.py:175} INFO - Processing /home/airflow/.local/lib/python3.7/site-packages/airflow/example_dags/example_bash_operator.py took 0.201 seconds
[2024-01-05T14:17:25.551+0000] {processor.py:153} INFO - Started process (PID=7214) to work on /home/airflow/.local/lib/python3.7/site-packages/airflow/example_dags/example_bash_operator.py
[2024-01-05T14:17:25.553+0000] {processor.py:743} INFO - Processing file /home/airflow/.local/lib/python3.7/site-packages/airflow/example_dags/example_bash_operator.py for tasks to queue
[2024-01-05T14:17:25.556+0000] {logging_mixin.py:137} INFO - [2024-01-05T14:17:25.555+0000] {dagbag.py:538} INFO - Filling up the DagBag from /home/airflow/.local/lib/python3.7/site-packages/airflow/example_dags/example_bash_operator.py
[2024-01-05T14:17:25.595+0000] {processor.py:753} INFO - DAG(s) dict_keys(['example_bash_operator']) retrieved from /home/airflow/.local/lib/python3.7/site-packages/airflow/example_dags/example_bash_operator.py
[2024-01-05T14:17:25.641+0000] {logging_mixin.py:137} INFO - [2024-01-05T14:17:25.641+0000] {dag.py:2690} INFO - Sync 1 DAGs
[2024-01-05T14:17:25.665+0000] {logging_mixin.py:137} INFO - [2024-01-05T14:17:25.665+0000] {dag.py:3441} INFO - Setting next_dagrun for example_bash_operator to 2024-01-04T00:00:00+00:00, run_after=2024-01-05T00:00:00+00:00
[2024-01-05T14:17:25.679+0000] {processor.py:175} INFO - Processing /home/airflow/.local/lib/python3.7/site-packages/airflow/example_dags/example_bash_operator.py took 0.136 seconds
[2024-01-05T14:17:56.613+0000] {processor.py:153} INFO - Started process (PID=7277) to work on /home/airflow/.local/lib/python3.7/site-packages/airflow/example_dags/example_bash_operator.py
[2024-01-05T14:17:56.618+0000] {processor.py:743} INFO - Processing file /home/airflow/.local/lib/python3.7/site-packages/airflow/example_dags/example_bash_operator.py for tasks to queue
[2024-01-05T14:17:56.619+0000] {logging_mixin.py:137} INFO - [2024-01-05T14:17:56.619+0000] {dagbag.py:538} INFO - Filling up the DagBag from /home/airflow/.local/lib/python3.7/site-packages/airflow/example_dags/example_bash_operator.py
[2024-01-05T14:17:56.686+0000] {processor.py:753} INFO - DAG(s) dict_keys(['example_bash_operator']) retrieved from /home/airflow/.local/lib/python3.7/site-packages/airflow/example_dags/example_bash_operator.py
[2024-01-05T14:17:56.746+0000] {logging_mixin.py:137} INFO - [2024-01-05T14:17:56.746+0000] {dag.py:2690} INFO - Sync 1 DAGs
[2024-01-05T14:17:56.777+0000] {logging_mixin.py:137} INFO - [2024-01-05T14:17:56.777+0000] {dag.py:3441} INFO - Setting next_dagrun for example_bash_operator to 2024-01-04T00:00:00+00:00, run_after=2024-01-05T00:00:00+00:00
[2024-01-05T14:17:56.800+0000] {processor.py:175} INFO - Processing /home/airflow/.local/lib/python3.7/site-packages/airflow/example_dags/example_bash_operator.py took 0.199 seconds
[2024-01-05T14:18:26.917+0000] {processor.py:153} INFO - Started process (PID=7351) to work on /home/airflow/.local/lib/python3.7/site-packages/airflow/example_dags/example_bash_operator.py
[2024-01-05T14:18:26.919+0000] {processor.py:743} INFO - Processing file /home/airflow/.local/lib/python3.7/site-packages/airflow/example_dags/example_bash_operator.py for tasks to queue
[2024-01-05T14:18:26.920+0000] {logging_mixin.py:137} INFO - [2024-01-05T14:18:26.920+0000] {dagbag.py:538} INFO - Filling up the DagBag from /home/airflow/.local/lib/python3.7/site-packages/airflow/example_dags/example_bash_operator.py
[2024-01-05T14:18:26.969+0000] {processor.py:753} INFO - DAG(s) dict_keys(['example_bash_operator']) retrieved from /home/airflow/.local/lib/python3.7/site-packages/airflow/example_dags/example_bash_operator.py
[2024-01-05T14:18:27.029+0000] {logging_mixin.py:137} INFO - [2024-01-05T14:18:27.028+0000] {dag.py:2690} INFO - Sync 1 DAGs
[2024-01-05T14:18:27.056+0000] {logging_mixin.py:137} INFO - [2024-01-05T14:18:27.055+0000] {dag.py:3441} INFO - Setting next_dagrun for example_bash_operator to 2024-01-04T00:00:00+00:00, run_after=2024-01-05T00:00:00+00:00
[2024-01-05T14:18:27.075+0000] {processor.py:175} INFO - Processing /home/airflow/.local/lib/python3.7/site-packages/airflow/example_dags/example_bash_operator.py took 0.164 seconds
[2024-01-05T14:18:58.036+0000] {processor.py:153} INFO - Started process (PID=7426) to work on /home/airflow/.local/lib/python3.7/site-packages/airflow/example_dags/example_bash_operator.py
[2024-01-05T14:18:58.050+0000] {processor.py:743} INFO - Processing file /home/airflow/.local/lib/python3.7/site-packages/airflow/example_dags/example_bash_operator.py for tasks to queue
[2024-01-05T14:18:58.052+0000] {logging_mixin.py:137} INFO - [2024-01-05T14:18:58.052+0000] {dagbag.py:538} INFO - Filling up the DagBag from /home/airflow/.local/lib/python3.7/site-packages/airflow/example_dags/example_bash_operator.py
[2024-01-05T14:18:58.104+0000] {processor.py:753} INFO - DAG(s) dict_keys(['example_bash_operator']) retrieved from /home/airflow/.local/lib/python3.7/site-packages/airflow/example_dags/example_bash_operator.py
[2024-01-05T14:18:58.170+0000] {logging_mixin.py:137} INFO - [2024-01-05T14:18:58.170+0000] {dag.py:2690} INFO - Sync 1 DAGs
[2024-01-05T14:18:58.197+0000] {logging_mixin.py:137} INFO - [2024-01-05T14:18:58.197+0000] {dag.py:3441} INFO - Setting next_dagrun for example_bash_operator to 2024-01-04T00:00:00+00:00, run_after=2024-01-05T00:00:00+00:00
[2024-01-05T14:18:58.230+0000] {processor.py:175} INFO - Processing /home/airflow/.local/lib/python3.7/site-packages/airflow/example_dags/example_bash_operator.py took 0.207 seconds
[2024-01-05T14:19:28.572+0000] {processor.py:153} INFO - Started process (PID=7489) to work on /home/airflow/.local/lib/python3.7/site-packages/airflow/example_dags/example_bash_operator.py
[2024-01-05T14:19:28.576+0000] {processor.py:743} INFO - Processing file /home/airflow/.local/lib/python3.7/site-packages/airflow/example_dags/example_bash_operator.py for tasks to queue
[2024-01-05T14:19:28.577+0000] {logging_mixin.py:137} INFO - [2024-01-05T14:19:28.577+0000] {dagbag.py:538} INFO - Filling up the DagBag from /home/airflow/.local/lib/python3.7/site-packages/airflow/example_dags/example_bash_operator.py
[2024-01-05T14:19:28.627+0000] {processor.py:753} INFO - DAG(s) dict_keys(['example_bash_operator']) retrieved from /home/airflow/.local/lib/python3.7/site-packages/airflow/example_dags/example_bash_operator.py
[2024-01-05T14:19:28.706+0000] {logging_mixin.py:137} INFO - [2024-01-05T14:19:28.705+0000] {dag.py:2690} INFO - Sync 1 DAGs
[2024-01-05T14:19:28.745+0000] {logging_mixin.py:137} INFO - [2024-01-05T14:19:28.745+0000] {dag.py:3441} INFO - Setting next_dagrun for example_bash_operator to 2024-01-04T00:00:00+00:00, run_after=2024-01-05T00:00:00+00:00
[2024-01-05T14:19:28.763+0000] {processor.py:175} INFO - Processing /home/airflow/.local/lib/python3.7/site-packages/airflow/example_dags/example_bash_operator.py took 0.198 seconds
[2024-01-05T14:19:58.955+0000] {processor.py:153} INFO - Started process (PID=7563) to work on /home/airflow/.local/lib/python3.7/site-packages/airflow/example_dags/example_bash_operator.py
[2024-01-05T14:19:58.957+0000] {processor.py:743} INFO - Processing file /home/airflow/.local/lib/python3.7/site-packages/airflow/example_dags/example_bash_operator.py for tasks to queue
[2024-01-05T14:19:58.959+0000] {logging_mixin.py:137} INFO - [2024-01-05T14:19:58.959+0000] {dagbag.py:538} INFO - Filling up the DagBag from /home/airflow/.local/lib/python3.7/site-packages/airflow/example_dags/example_bash_operator.py
[2024-01-05T14:19:59.009+0000] {processor.py:753} INFO - DAG(s) dict_keys(['example_bash_operator']) retrieved from /home/airflow/.local/lib/python3.7/site-packages/airflow/example_dags/example_bash_operator.py
[2024-01-05T14:19:59.037+0000] {logging_mixin.py:137} INFO - [2024-01-05T14:19:59.037+0000] {dag.py:2690} INFO - Sync 1 DAGs
[2024-01-05T14:19:59.057+0000] {logging_mixin.py:137} INFO - [2024-01-05T14:19:59.056+0000] {dag.py:3441} INFO - Setting next_dagrun for example_bash_operator to 2024-01-04T00:00:00+00:00, run_after=2024-01-05T00:00:00+00:00
[2024-01-05T14:19:59.070+0000] {processor.py:175} INFO - Processing /home/airflow/.local/lib/python3.7/site-packages/airflow/example_dags/example_bash_operator.py took 0.122 seconds
[2024-01-05T14:20:29.818+0000] {processor.py:153} INFO - Started process (PID=7626) to work on /home/airflow/.local/lib/python3.7/site-packages/airflow/example_dags/example_bash_operator.py
[2024-01-05T14:20:29.821+0000] {processor.py:743} INFO - Processing file /home/airflow/.local/lib/python3.7/site-packages/airflow/example_dags/example_bash_operator.py for tasks to queue
[2024-01-05T14:20:29.825+0000] {logging_mixin.py:137} INFO - [2024-01-05T14:20:29.825+0000] {dagbag.py:538} INFO - Filling up the DagBag from /home/airflow/.local/lib/python3.7/site-packages/airflow/example_dags/example_bash_operator.py
[2024-01-05T14:20:29.909+0000] {processor.py:753} INFO - DAG(s) dict_keys(['example_bash_operator']) retrieved from /home/airflow/.local/lib/python3.7/site-packages/airflow/example_dags/example_bash_operator.py
[2024-01-05T14:20:29.982+0000] {logging_mixin.py:137} INFO - [2024-01-05T14:20:29.982+0000] {dag.py:2690} INFO - Sync 1 DAGs
[2024-01-05T14:20:30.029+0000] {logging_mixin.py:137} INFO - [2024-01-05T14:20:30.029+0000] {dag.py:3441} INFO - Setting next_dagrun for example_bash_operator to 2024-01-04T00:00:00+00:00, run_after=2024-01-05T00:00:00+00:00
[2024-01-05T14:20:30.045+0000] {processor.py:175} INFO - Processing /home/airflow/.local/lib/python3.7/site-packages/airflow/example_dags/example_bash_operator.py took 0.236 seconds
[2024-01-05T14:21:00.718+0000] {processor.py:153} INFO - Started process (PID=7701) to work on /home/airflow/.local/lib/python3.7/site-packages/airflow/example_dags/example_bash_operator.py
[2024-01-05T14:21:00.720+0000] {processor.py:743} INFO - Processing file /home/airflow/.local/lib/python3.7/site-packages/airflow/example_dags/example_bash_operator.py for tasks to queue
[2024-01-05T14:21:00.722+0000] {logging_mixin.py:137} INFO - [2024-01-05T14:21:00.722+0000] {dagbag.py:538} INFO - Filling up the DagBag from /home/airflow/.local/lib/python3.7/site-packages/airflow/example_dags/example_bash_operator.py
[2024-01-05T14:21:00.775+0000] {processor.py:753} INFO - DAG(s) dict_keys(['example_bash_operator']) retrieved from /home/airflow/.local/lib/python3.7/site-packages/airflow/example_dags/example_bash_operator.py
[2024-01-05T14:21:00.810+0000] {logging_mixin.py:137} INFO - [2024-01-05T14:21:00.810+0000] {dag.py:2690} INFO - Sync 1 DAGs
[2024-01-05T14:21:00.834+0000] {logging_mixin.py:137} INFO - [2024-01-05T14:21:00.834+0000] {dag.py:3441} INFO - Setting next_dagrun for example_bash_operator to 2024-01-04T00:00:00+00:00, run_after=2024-01-05T00:00:00+00:00
[2024-01-05T14:21:00.849+0000] {processor.py:175} INFO - Processing /home/airflow/.local/lib/python3.7/site-packages/airflow/example_dags/example_bash_operator.py took 0.138 seconds
[2024-01-05T14:21:31.621+0000] {processor.py:153} INFO - Started process (PID=7774) to work on /home/airflow/.local/lib/python3.7/site-packages/airflow/example_dags/example_bash_operator.py
[2024-01-05T14:21:31.624+0000] {processor.py:743} INFO - Processing file /home/airflow/.local/lib/python3.7/site-packages/airflow/example_dags/example_bash_operator.py for tasks to queue
[2024-01-05T14:21:31.626+0000] {logging_mixin.py:137} INFO - [2024-01-05T14:21:31.626+0000] {dagbag.py:538} INFO - Filling up the DagBag from /home/airflow/.local/lib/python3.7/site-packages/airflow/example_dags/example_bash_operator.py
[2024-01-05T14:21:31.693+0000] {processor.py:753} INFO - DAG(s) dict_keys(['example_bash_operator']) retrieved from /home/airflow/.local/lib/python3.7/site-packages/airflow/example_dags/example_bash_operator.py
[2024-01-05T14:21:31.833+0000] {logging_mixin.py:137} INFO - [2024-01-05T14:21:31.832+0000] {dag.py:2690} INFO - Sync 1 DAGs
[2024-01-05T14:21:32.028+0000] {logging_mixin.py:137} INFO - [2024-01-05T14:21:32.026+0000] {dag.py:3441} INFO - Setting next_dagrun for example_bash_operator to 2024-01-04T00:00:00+00:00, run_after=2024-01-05T00:00:00+00:00
[2024-01-05T14:21:32.128+0000] {processor.py:175} INFO - Processing /home/airflow/.local/lib/python3.7/site-packages/airflow/example_dags/example_bash_operator.py took 0.519 seconds
[2024-01-05T14:22:02.390+0000] {processor.py:153} INFO - Started process (PID=7840) to work on /home/airflow/.local/lib/python3.7/site-packages/airflow/example_dags/example_bash_operator.py
[2024-01-05T14:22:02.392+0000] {processor.py:743} INFO - Processing file /home/airflow/.local/lib/python3.7/site-packages/airflow/example_dags/example_bash_operator.py for tasks to queue
[2024-01-05T14:22:02.393+0000] {logging_mixin.py:137} INFO - [2024-01-05T14:22:02.393+0000] {dagbag.py:538} INFO - Filling up the DagBag from /home/airflow/.local/lib/python3.7/site-packages/airflow/example_dags/example_bash_operator.py
[2024-01-05T14:22:02.438+0000] {processor.py:753} INFO - DAG(s) dict_keys(['example_bash_operator']) retrieved from /home/airflow/.local/lib/python3.7/site-packages/airflow/example_dags/example_bash_operator.py
[2024-01-05T14:22:02.506+0000] {logging_mixin.py:137} INFO - [2024-01-05T14:22:02.506+0000] {dag.py:2690} INFO - Sync 1 DAGs
[2024-01-05T14:22:02.552+0000] {logging_mixin.py:137} INFO - [2024-01-05T14:22:02.552+0000] {dag.py:3441} INFO - Setting next_dagrun for example_bash_operator to 2024-01-04T00:00:00+00:00, run_after=2024-01-05T00:00:00+00:00
[2024-01-05T14:22:02.572+0000] {processor.py:175} INFO - Processing /home/airflow/.local/lib/python3.7/site-packages/airflow/example_dags/example_bash_operator.py took 0.199 seconds
[2024-01-05T14:22:32.924+0000] {processor.py:153} INFO - Started process (PID=7916) to work on /home/airflow/.local/lib/python3.7/site-packages/airflow/example_dags/example_bash_operator.py
[2024-01-05T14:22:32.926+0000] {processor.py:743} INFO - Processing file /home/airflow/.local/lib/python3.7/site-packages/airflow/example_dags/example_bash_operator.py for tasks to queue
[2024-01-05T14:22:32.927+0000] {logging_mixin.py:137} INFO - [2024-01-05T14:22:32.927+0000] {dagbag.py:538} INFO - Filling up the DagBag from /home/airflow/.local/lib/python3.7/site-packages/airflow/example_dags/example_bash_operator.py
[2024-01-05T14:22:33.001+0000] {processor.py:753} INFO - DAG(s) dict_keys(['example_bash_operator']) retrieved from /home/airflow/.local/lib/python3.7/site-packages/airflow/example_dags/example_bash_operator.py
[2024-01-05T14:22:33.094+0000] {logging_mixin.py:137} INFO - [2024-01-05T14:22:33.094+0000] {dag.py:2690} INFO - Sync 1 DAGs
[2024-01-05T14:22:33.136+0000] {logging_mixin.py:137} INFO - [2024-01-05T14:22:33.136+0000] {dag.py:3441} INFO - Setting next_dagrun for example_bash_operator to 2024-01-04T00:00:00+00:00, run_after=2024-01-05T00:00:00+00:00
[2024-01-05T14:22:33.157+0000] {processor.py:175} INFO - Processing /home/airflow/.local/lib/python3.7/site-packages/airflow/example_dags/example_bash_operator.py took 0.237 seconds
[2024-01-05T14:23:04.229+0000] {processor.py:153} INFO - Started process (PID=7979) to work on /home/airflow/.local/lib/python3.7/site-packages/airflow/example_dags/example_bash_operator.py
[2024-01-05T14:23:04.232+0000] {processor.py:743} INFO - Processing file /home/airflow/.local/lib/python3.7/site-packages/airflow/example_dags/example_bash_operator.py for tasks to queue
[2024-01-05T14:23:04.234+0000] {logging_mixin.py:137} INFO - [2024-01-05T14:23:04.234+0000] {dagbag.py:538} INFO - Filling up the DagBag from /home/airflow/.local/lib/python3.7/site-packages/airflow/example_dags/example_bash_operator.py
[2024-01-05T14:23:04.292+0000] {processor.py:753} INFO - DAG(s) dict_keys(['example_bash_operator']) retrieved from /home/airflow/.local/lib/python3.7/site-packages/airflow/example_dags/example_bash_operator.py
[2024-01-05T14:23:04.339+0000] {logging_mixin.py:137} INFO - [2024-01-05T14:23:04.339+0000] {dag.py:2690} INFO - Sync 1 DAGs
[2024-01-05T14:23:04.389+0000] {logging_mixin.py:137} INFO - [2024-01-05T14:23:04.389+0000] {dag.py:3441} INFO - Setting next_dagrun for example_bash_operator to 2024-01-04T00:00:00+00:00, run_after=2024-01-05T00:00:00+00:00
[2024-01-05T14:23:04.409+0000] {processor.py:175} INFO - Processing /home/airflow/.local/lib/python3.7/site-packages/airflow/example_dags/example_bash_operator.py took 0.185 seconds
[2024-01-05T14:23:34.587+0000] {processor.py:153} INFO - Started process (PID=8054) to work on /home/airflow/.local/lib/python3.7/site-packages/airflow/example_dags/example_bash_operator.py
[2024-01-05T14:23:34.589+0000] {processor.py:743} INFO - Processing file /home/airflow/.local/lib/python3.7/site-packages/airflow/example_dags/example_bash_operator.py for tasks to queue
[2024-01-05T14:23:34.590+0000] {logging_mixin.py:137} INFO - [2024-01-05T14:23:34.590+0000] {dagbag.py:538} INFO - Filling up the DagBag from /home/airflow/.local/lib/python3.7/site-packages/airflow/example_dags/example_bash_operator.py
[2024-01-05T14:23:34.633+0000] {processor.py:753} INFO - DAG(s) dict_keys(['example_bash_operator']) retrieved from /home/airflow/.local/lib/python3.7/site-packages/airflow/example_dags/example_bash_operator.py
[2024-01-05T14:23:34.681+0000] {logging_mixin.py:137} INFO - [2024-01-05T14:23:34.681+0000] {dag.py:2690} INFO - Sync 1 DAGs
[2024-01-05T14:23:34.710+0000] {logging_mixin.py:137} INFO - [2024-01-05T14:23:34.710+0000] {dag.py:3441} INFO - Setting next_dagrun for example_bash_operator to 2024-01-04T00:00:00+00:00, run_after=2024-01-05T00:00:00+00:00
[2024-01-05T14:23:34.724+0000] {processor.py:175} INFO - Processing /home/airflow/.local/lib/python3.7/site-packages/airflow/example_dags/example_bash_operator.py took 0.144 seconds
[2024-01-05T14:24:05.693+0000] {processor.py:153} INFO - Started process (PID=8117) to work on /home/airflow/.local/lib/python3.7/site-packages/airflow/example_dags/example_bash_operator.py
[2024-01-05T14:24:05.696+0000] {processor.py:743} INFO - Processing file /home/airflow/.local/lib/python3.7/site-packages/airflow/example_dags/example_bash_operator.py for tasks to queue
[2024-01-05T14:24:05.699+0000] {logging_mixin.py:137} INFO - [2024-01-05T14:24:05.698+0000] {dagbag.py:538} INFO - Filling up the DagBag from /home/airflow/.local/lib/python3.7/site-packages/airflow/example_dags/example_bash_operator.py
[2024-01-05T14:24:05.741+0000] {processor.py:753} INFO - DAG(s) dict_keys(['example_bash_operator']) retrieved from /home/airflow/.local/lib/python3.7/site-packages/airflow/example_dags/example_bash_operator.py
[2024-01-05T14:24:05.780+0000] {logging_mixin.py:137} INFO - [2024-01-05T14:24:05.780+0000] {dag.py:2690} INFO - Sync 1 DAGs
[2024-01-05T14:24:05.814+0000] {logging_mixin.py:137} INFO - [2024-01-05T14:24:05.813+0000] {dag.py:3441} INFO - Setting next_dagrun for example_bash_operator to 2024-01-04T00:00:00+00:00, run_after=2024-01-05T00:00:00+00:00
[2024-01-05T14:24:05.827+0000] {processor.py:175} INFO - Processing /home/airflow/.local/lib/python3.7/site-packages/airflow/example_dags/example_bash_operator.py took 0.138 seconds
[2024-01-05T14:24:36.452+0000] {processor.py:153} INFO - Started process (PID=8193) to work on /home/airflow/.local/lib/python3.7/site-packages/airflow/example_dags/example_bash_operator.py
[2024-01-05T14:24:36.453+0000] {processor.py:743} INFO - Processing file /home/airflow/.local/lib/python3.7/site-packages/airflow/example_dags/example_bash_operator.py for tasks to queue
[2024-01-05T14:24:36.454+0000] {logging_mixin.py:137} INFO - [2024-01-05T14:24:36.454+0000] {dagbag.py:538} INFO - Filling up the DagBag from /home/airflow/.local/lib/python3.7/site-packages/airflow/example_dags/example_bash_operator.py
[2024-01-05T14:24:36.481+0000] {processor.py:753} INFO - DAG(s) dict_keys(['example_bash_operator']) retrieved from /home/airflow/.local/lib/python3.7/site-packages/airflow/example_dags/example_bash_operator.py
[2024-01-05T14:24:36.520+0000] {logging_mixin.py:137} INFO - [2024-01-05T14:24:36.520+0000] {dag.py:2690} INFO - Sync 1 DAGs
[2024-01-05T14:24:36.544+0000] {logging_mixin.py:137} INFO - [2024-01-05T14:24:36.543+0000] {dag.py:3441} INFO - Setting next_dagrun for example_bash_operator to 2024-01-04T00:00:00+00:00, run_after=2024-01-05T00:00:00+00:00
[2024-01-05T14:24:36.557+0000] {processor.py:175} INFO - Processing /home/airflow/.local/lib/python3.7/site-packages/airflow/example_dags/example_bash_operator.py took 0.111 seconds
[2024-01-05T14:25:07.027+0000] {processor.py:153} INFO - Started process (PID=8256) to work on /home/airflow/.local/lib/python3.7/site-packages/airflow/example_dags/example_bash_operator.py
[2024-01-05T14:25:07.029+0000] {processor.py:743} INFO - Processing file /home/airflow/.local/lib/python3.7/site-packages/airflow/example_dags/example_bash_operator.py for tasks to queue
[2024-01-05T14:25:07.030+0000] {logging_mixin.py:137} INFO - [2024-01-05T14:25:07.029+0000] {dagbag.py:538} INFO - Filling up the DagBag from /home/airflow/.local/lib/python3.7/site-packages/airflow/example_dags/example_bash_operator.py
[2024-01-05T14:25:07.073+0000] {processor.py:753} INFO - DAG(s) dict_keys(['example_bash_operator']) retrieved from /home/airflow/.local/lib/python3.7/site-packages/airflow/example_dags/example_bash_operator.py
[2024-01-05T14:25:07.115+0000] {logging_mixin.py:137} INFO - [2024-01-05T14:25:07.115+0000] {dag.py:2690} INFO - Sync 1 DAGs
[2024-01-05T14:25:07.137+0000] {logging_mixin.py:137} INFO - [2024-01-05T14:25:07.137+0000] {dag.py:3441} INFO - Setting next_dagrun for example_bash_operator to 2024-01-04T00:00:00+00:00, run_after=2024-01-05T00:00:00+00:00
[2024-01-05T14:25:07.150+0000] {processor.py:175} INFO - Processing /home/airflow/.local/lib/python3.7/site-packages/airflow/example_dags/example_bash_operator.py took 0.127 seconds
[2024-01-05T14:25:37.458+0000] {processor.py:153} INFO - Started process (PID=8332) to work on /home/airflow/.local/lib/python3.7/site-packages/airflow/example_dags/example_bash_operator.py
[2024-01-05T14:25:37.460+0000] {processor.py:743} INFO - Processing file /home/airflow/.local/lib/python3.7/site-packages/airflow/example_dags/example_bash_operator.py for tasks to queue
[2024-01-05T14:25:37.461+0000] {logging_mixin.py:137} INFO - [2024-01-05T14:25:37.461+0000] {dagbag.py:538} INFO - Filling up the DagBag from /home/airflow/.local/lib/python3.7/site-packages/airflow/example_dags/example_bash_operator.py
[2024-01-05T14:25:37.531+0000] {processor.py:753} INFO - DAG(s) dict_keys(['example_bash_operator']) retrieved from /home/airflow/.local/lib/python3.7/site-packages/airflow/example_dags/example_bash_operator.py
[2024-01-05T14:25:37.614+0000] {logging_mixin.py:137} INFO - [2024-01-05T14:25:37.614+0000] {dag.py:2690} INFO - Sync 1 DAGs
[2024-01-05T14:25:37.642+0000] {logging_mixin.py:137} INFO - [2024-01-05T14:25:37.642+0000] {dag.py:3441} INFO - Setting next_dagrun for example_bash_operator to 2024-01-04T00:00:00+00:00, run_after=2024-01-05T00:00:00+00:00
[2024-01-05T14:25:37.660+0000] {processor.py:175} INFO - Processing /home/airflow/.local/lib/python3.7/site-packages/airflow/example_dags/example_bash_operator.py took 0.210 seconds
[2024-01-05T14:26:08.360+0000] {processor.py:153} INFO - Started process (PID=8395) to work on /home/airflow/.local/lib/python3.7/site-packages/airflow/example_dags/example_bash_operator.py
[2024-01-05T14:26:08.361+0000] {processor.py:743} INFO - Processing file /home/airflow/.local/lib/python3.7/site-packages/airflow/example_dags/example_bash_operator.py for tasks to queue
[2024-01-05T14:26:08.364+0000] {logging_mixin.py:137} INFO - [2024-01-05T14:26:08.363+0000] {dagbag.py:538} INFO - Filling up the DagBag from /home/airflow/.local/lib/python3.7/site-packages/airflow/example_dags/example_bash_operator.py
[2024-01-05T14:26:08.426+0000] {processor.py:753} INFO - DAG(s) dict_keys(['example_bash_operator']) retrieved from /home/airflow/.local/lib/python3.7/site-packages/airflow/example_dags/example_bash_operator.py
[2024-01-05T14:26:08.480+0000] {logging_mixin.py:137} INFO - [2024-01-05T14:26:08.480+0000] {dag.py:2690} INFO - Sync 1 DAGs
[2024-01-05T14:26:08.523+0000] {logging_mixin.py:137} INFO - [2024-01-05T14:26:08.523+0000] {dag.py:3441} INFO - Setting next_dagrun for example_bash_operator to 2024-01-04T00:00:00+00:00, run_after=2024-01-05T00:00:00+00:00
[2024-01-05T14:26:08.543+0000] {processor.py:175} INFO - Processing /home/airflow/.local/lib/python3.7/site-packages/airflow/example_dags/example_bash_operator.py took 0.187 seconds
[2024-01-05T14:26:38.845+0000] {processor.py:153} INFO - Started process (PID=8470) to work on /home/airflow/.local/lib/python3.7/site-packages/airflow/example_dags/example_bash_operator.py
[2024-01-05T14:26:38.848+0000] {processor.py:743} INFO - Processing file /home/airflow/.local/lib/python3.7/site-packages/airflow/example_dags/example_bash_operator.py for tasks to queue
[2024-01-05T14:26:38.849+0000] {logging_mixin.py:137} INFO - [2024-01-05T14:26:38.849+0000] {dagbag.py:538} INFO - Filling up the DagBag from /home/airflow/.local/lib/python3.7/site-packages/airflow/example_dags/example_bash_operator.py
[2024-01-05T14:26:38.912+0000] {processor.py:753} INFO - DAG(s) dict_keys(['example_bash_operator']) retrieved from /home/airflow/.local/lib/python3.7/site-packages/airflow/example_dags/example_bash_operator.py
[2024-01-05T14:26:38.966+0000] {logging_mixin.py:137} INFO - [2024-01-05T14:26:38.966+0000] {dag.py:2690} INFO - Sync 1 DAGs
[2024-01-05T14:26:39.000+0000] {logging_mixin.py:137} INFO - [2024-01-05T14:26:38.999+0000] {dag.py:3441} INFO - Setting next_dagrun for example_bash_operator to 2024-01-04T00:00:00+00:00, run_after=2024-01-05T00:00:00+00:00
[2024-01-05T14:26:39.013+0000] {processor.py:175} INFO - Processing /home/airflow/.local/lib/python3.7/site-packages/airflow/example_dags/example_bash_operator.py took 0.174 seconds
