[2024-01-05T01:20:54.385+0000] {processor.py:153} INFO - Started process (PID=4321) to work on /home/airflow/.local/lib/python3.7/site-packages/airflow/example_dags/example_branch_day_of_week_operator.py
[2024-01-05T01:20:54.390+0000] {processor.py:743} INFO - Processing file /home/airflow/.local/lib/python3.7/site-packages/airflow/example_dags/example_branch_day_of_week_operator.py for tasks to queue
[2024-01-05T01:20:54.392+0000] {logging_mixin.py:137} INFO - [2024-01-05T01:20:54.392+0000] {dagbag.py:538} INFO - Filling up the DagBag from /home/airflow/.local/lib/python3.7/site-packages/airflow/example_dags/example_branch_day_of_week_operator.py
[2024-01-05T01:20:54.427+0000] {processor.py:753} INFO - DAG(s) dict_keys(['example_weekday_branch_operator']) retrieved from /home/airflow/.local/lib/python3.7/site-packages/airflow/example_dags/example_branch_day_of_week_operator.py
[2024-01-05T01:20:54.469+0000] {logging_mixin.py:137} INFO - [2024-01-05T01:20:54.469+0000] {dag.py:2690} INFO - Sync 1 DAGs
[2024-01-05T01:20:54.494+0000] {logging_mixin.py:137} INFO - [2024-01-05T01:20:54.493+0000] {dag.py:3441} INFO - Setting next_dagrun for example_weekday_branch_operator to 2024-01-04T00:00:00+00:00, run_after=2024-01-05T00:00:00+00:00
[2024-01-05T01:20:54.508+0000] {processor.py:175} INFO - Processing /home/airflow/.local/lib/python3.7/site-packages/airflow/example_dags/example_branch_day_of_week_operator.py took 0.131 seconds
[2024-01-05T02:31:17.517+0000] {processor.py:153} INFO - Started process (PID=4390) to work on /home/airflow/.local/lib/python3.7/site-packages/airflow/example_dags/example_branch_day_of_week_operator.py
[2024-01-05T02:31:17.518+0000] {processor.py:743} INFO - Processing file /home/airflow/.local/lib/python3.7/site-packages/airflow/example_dags/example_branch_day_of_week_operator.py for tasks to queue
[2024-01-05T02:31:17.519+0000] {logging_mixin.py:137} INFO - [2024-01-05T02:31:17.519+0000] {dagbag.py:538} INFO - Filling up the DagBag from /home/airflow/.local/lib/python3.7/site-packages/airflow/example_dags/example_branch_day_of_week_operator.py
[2024-01-05T02:31:17.534+0000] {processor.py:753} INFO - DAG(s) dict_keys(['example_weekday_branch_operator']) retrieved from /home/airflow/.local/lib/python3.7/site-packages/airflow/example_dags/example_branch_day_of_week_operator.py
[2024-01-05T02:31:17.564+0000] {logging_mixin.py:137} INFO - [2024-01-05T02:31:17.563+0000] {dag.py:2690} INFO - Sync 1 DAGs
[2024-01-05T02:31:17.582+0000] {logging_mixin.py:137} INFO - [2024-01-05T02:31:17.582+0000] {dag.py:3441} INFO - Setting next_dagrun for example_weekday_branch_operator to 2024-01-04T00:00:00+00:00, run_after=2024-01-05T00:00:00+00:00
[2024-01-05T02:31:17.595+0000] {processor.py:175} INFO - Processing /home/airflow/.local/lib/python3.7/site-packages/airflow/example_dags/example_branch_day_of_week_operator.py took 0.081 seconds
[2024-01-05T03:42:26.322+0000] {processor.py:153} INFO - Started process (PID=4453) to work on /home/airflow/.local/lib/python3.7/site-packages/airflow/example_dags/example_branch_day_of_week_operator.py
[2024-01-05T03:42:26.323+0000] {processor.py:743} INFO - Processing file /home/airflow/.local/lib/python3.7/site-packages/airflow/example_dags/example_branch_day_of_week_operator.py for tasks to queue
[2024-01-05T03:42:26.323+0000] {logging_mixin.py:137} INFO - [2024-01-05T03:42:26.323+0000] {dagbag.py:538} INFO - Filling up the DagBag from /home/airflow/.local/lib/python3.7/site-packages/airflow/example_dags/example_branch_day_of_week_operator.py
[2024-01-05T03:42:26.335+0000] {processor.py:753} INFO - DAG(s) dict_keys(['example_weekday_branch_operator']) retrieved from /home/airflow/.local/lib/python3.7/site-packages/airflow/example_dags/example_branch_day_of_week_operator.py
[2024-01-05T03:42:26.361+0000] {logging_mixin.py:137} INFO - [2024-01-05T03:42:26.361+0000] {dag.py:2690} INFO - Sync 1 DAGs
[2024-01-05T03:42:26.386+0000] {logging_mixin.py:137} INFO - [2024-01-05T03:42:26.386+0000] {dag.py:3441} INFO - Setting next_dagrun for example_weekday_branch_operator to 2024-01-04T00:00:00+00:00, run_after=2024-01-05T00:00:00+00:00
[2024-01-05T03:42:26.406+0000] {processor.py:175} INFO - Processing /home/airflow/.local/lib/python3.7/site-packages/airflow/example_dags/example_branch_day_of_week_operator.py took 0.088 seconds
[2024-01-05T05:03:25.781+0000] {processor.py:153} INFO - Started process (PID=4528) to work on /home/airflow/.local/lib/python3.7/site-packages/airflow/example_dags/example_branch_day_of_week_operator.py
[2024-01-05T05:03:25.783+0000] {processor.py:743} INFO - Processing file /home/airflow/.local/lib/python3.7/site-packages/airflow/example_dags/example_branch_day_of_week_operator.py for tasks to queue
[2024-01-05T05:03:25.784+0000] {logging_mixin.py:137} INFO - [2024-01-05T05:03:25.784+0000] {dagbag.py:538} INFO - Filling up the DagBag from /home/airflow/.local/lib/python3.7/site-packages/airflow/example_dags/example_branch_day_of_week_operator.py
[2024-01-05T05:03:25.799+0000] {processor.py:753} INFO - DAG(s) dict_keys(['example_weekday_branch_operator']) retrieved from /home/airflow/.local/lib/python3.7/site-packages/airflow/example_dags/example_branch_day_of_week_operator.py
[2024-01-05T05:03:25.847+0000] {logging_mixin.py:137} INFO - [2024-01-05T05:03:25.847+0000] {dag.py:2690} INFO - Sync 1 DAGs
[2024-01-05T05:03:25.882+0000] {logging_mixin.py:137} INFO - [2024-01-05T05:03:25.882+0000] {dag.py:3441} INFO - Setting next_dagrun for example_weekday_branch_operator to 2024-01-04T00:00:00+00:00, run_after=2024-01-05T00:00:00+00:00
[2024-01-05T05:03:25.898+0000] {processor.py:175} INFO - Processing /home/airflow/.local/lib/python3.7/site-packages/airflow/example_dags/example_branch_day_of_week_operator.py took 0.121 seconds
[2024-01-05T06:28:02.395+0000] {processor.py:153} INFO - Started process (PID=4590) to work on /home/airflow/.local/lib/python3.7/site-packages/airflow/example_dags/example_branch_day_of_week_operator.py
[2024-01-05T06:28:02.396+0000] {processor.py:743} INFO - Processing file /home/airflow/.local/lib/python3.7/site-packages/airflow/example_dags/example_branch_day_of_week_operator.py for tasks to queue
[2024-01-05T06:28:02.397+0000] {logging_mixin.py:137} INFO - [2024-01-05T06:28:02.397+0000] {dagbag.py:538} INFO - Filling up the DagBag from /home/airflow/.local/lib/python3.7/site-packages/airflow/example_dags/example_branch_day_of_week_operator.py
[2024-01-05T06:28:02.410+0000] {processor.py:753} INFO - DAG(s) dict_keys(['example_weekday_branch_operator']) retrieved from /home/airflow/.local/lib/python3.7/site-packages/airflow/example_dags/example_branch_day_of_week_operator.py
[2024-01-05T06:28:02.432+0000] {logging_mixin.py:137} INFO - [2024-01-05T06:28:02.432+0000] {dag.py:2690} INFO - Sync 1 DAGs
[2024-01-05T06:28:02.450+0000] {logging_mixin.py:137} INFO - [2024-01-05T06:28:02.450+0000] {dag.py:3441} INFO - Setting next_dagrun for example_weekday_branch_operator to 2024-01-04T00:00:00+00:00, run_after=2024-01-05T00:00:00+00:00
[2024-01-05T06:28:02.462+0000] {processor.py:175} INFO - Processing /home/airflow/.local/lib/python3.7/site-packages/airflow/example_dags/example_branch_day_of_week_operator.py took 0.070 seconds
[2024-01-05T07:47:04.013+0000] {processor.py:153} INFO - Started process (PID=4653) to work on /home/airflow/.local/lib/python3.7/site-packages/airflow/example_dags/example_branch_day_of_week_operator.py
[2024-01-05T07:47:04.015+0000] {processor.py:743} INFO - Processing file /home/airflow/.local/lib/python3.7/site-packages/airflow/example_dags/example_branch_day_of_week_operator.py for tasks to queue
[2024-01-05T07:47:04.016+0000] {logging_mixin.py:137} INFO - [2024-01-05T07:47:04.016+0000] {dagbag.py:538} INFO - Filling up the DagBag from /home/airflow/.local/lib/python3.7/site-packages/airflow/example_dags/example_branch_day_of_week_operator.py
[2024-01-05T07:47:04.029+0000] {processor.py:753} INFO - DAG(s) dict_keys(['example_weekday_branch_operator']) retrieved from /home/airflow/.local/lib/python3.7/site-packages/airflow/example_dags/example_branch_day_of_week_operator.py
[2024-01-05T07:47:04.055+0000] {logging_mixin.py:137} INFO - [2024-01-05T07:47:04.055+0000] {dag.py:2690} INFO - Sync 1 DAGs
[2024-01-05T07:47:04.072+0000] {logging_mixin.py:137} INFO - [2024-01-05T07:47:04.072+0000] {dag.py:3441} INFO - Setting next_dagrun for example_weekday_branch_operator to 2024-01-04T00:00:00+00:00, run_after=2024-01-05T00:00:00+00:00
[2024-01-05T07:47:04.083+0000] {processor.py:175} INFO - Processing /home/airflow/.local/lib/python3.7/site-packages/airflow/example_dags/example_branch_day_of_week_operator.py took 0.074 seconds
[2024-01-05T09:24:46.303+0000] {processor.py:153} INFO - Started process (PID=4727) to work on /home/airflow/.local/lib/python3.7/site-packages/airflow/example_dags/example_branch_day_of_week_operator.py
[2024-01-05T09:24:46.304+0000] {processor.py:743} INFO - Processing file /home/airflow/.local/lib/python3.7/site-packages/airflow/example_dags/example_branch_day_of_week_operator.py for tasks to queue
[2024-01-05T09:24:46.305+0000] {logging_mixin.py:137} INFO - [2024-01-05T09:24:46.305+0000] {dagbag.py:538} INFO - Filling up the DagBag from /home/airflow/.local/lib/python3.7/site-packages/airflow/example_dags/example_branch_day_of_week_operator.py
[2024-01-05T09:24:46.329+0000] {processor.py:753} INFO - DAG(s) dict_keys(['example_weekday_branch_operator']) retrieved from /home/airflow/.local/lib/python3.7/site-packages/airflow/example_dags/example_branch_day_of_week_operator.py
[2024-01-05T09:24:46.365+0000] {logging_mixin.py:137} INFO - [2024-01-05T09:24:46.364+0000] {dag.py:2690} INFO - Sync 1 DAGs
[2024-01-05T09:24:46.388+0000] {logging_mixin.py:137} INFO - [2024-01-05T09:24:46.388+0000] {dag.py:3441} INFO - Setting next_dagrun for example_weekday_branch_operator to 2024-01-04T00:00:00+00:00, run_after=2024-01-05T00:00:00+00:00
[2024-01-05T09:24:46.409+0000] {processor.py:175} INFO - Processing /home/airflow/.local/lib/python3.7/site-packages/airflow/example_dags/example_branch_day_of_week_operator.py took 0.110 seconds
[2024-01-05T10:32:47.335+0000] {processor.py:153} INFO - Started process (PID=4790) to work on /home/airflow/.local/lib/python3.7/site-packages/airflow/example_dags/example_branch_day_of_week_operator.py
[2024-01-05T10:32:47.336+0000] {processor.py:743} INFO - Processing file /home/airflow/.local/lib/python3.7/site-packages/airflow/example_dags/example_branch_day_of_week_operator.py for tasks to queue
[2024-01-05T10:32:47.337+0000] {logging_mixin.py:137} INFO - [2024-01-05T10:32:47.337+0000] {dagbag.py:538} INFO - Filling up the DagBag from /home/airflow/.local/lib/python3.7/site-packages/airflow/example_dags/example_branch_day_of_week_operator.py
[2024-01-05T10:32:47.349+0000] {processor.py:753} INFO - DAG(s) dict_keys(['example_weekday_branch_operator']) retrieved from /home/airflow/.local/lib/python3.7/site-packages/airflow/example_dags/example_branch_day_of_week_operator.py
[2024-01-05T10:32:47.370+0000] {logging_mixin.py:137} INFO - [2024-01-05T10:32:47.370+0000] {dag.py:2690} INFO - Sync 1 DAGs
[2024-01-05T10:32:47.388+0000] {logging_mixin.py:137} INFO - [2024-01-05T10:32:47.388+0000] {dag.py:3441} INFO - Setting next_dagrun for example_weekday_branch_operator to 2024-01-04T00:00:00+00:00, run_after=2024-01-05T00:00:00+00:00
[2024-01-05T10:32:47.422+0000] {processor.py:175} INFO - Processing /home/airflow/.local/lib/python3.7/site-packages/airflow/example_dags/example_branch_day_of_week_operator.py took 0.089 seconds
[2024-01-05T11:33:46.317+0000] {processor.py:153} INFO - Started process (PID=4865) to work on /home/airflow/.local/lib/python3.7/site-packages/airflow/example_dags/example_branch_day_of_week_operator.py
[2024-01-05T11:33:46.319+0000] {processor.py:743} INFO - Processing file /home/airflow/.local/lib/python3.7/site-packages/airflow/example_dags/example_branch_day_of_week_operator.py for tasks to queue
[2024-01-05T11:33:46.320+0000] {logging_mixin.py:137} INFO - [2024-01-05T11:33:46.319+0000] {dagbag.py:538} INFO - Filling up the DagBag from /home/airflow/.local/lib/python3.7/site-packages/airflow/example_dags/example_branch_day_of_week_operator.py
[2024-01-05T11:33:46.333+0000] {processor.py:753} INFO - DAG(s) dict_keys(['example_weekday_branch_operator']) retrieved from /home/airflow/.local/lib/python3.7/site-packages/airflow/example_dags/example_branch_day_of_week_operator.py
[2024-01-05T11:33:46.360+0000] {logging_mixin.py:137} INFO - [2024-01-05T11:33:46.360+0000] {dag.py:2690} INFO - Sync 1 DAGs
[2024-01-05T11:33:46.390+0000] {logging_mixin.py:137} INFO - [2024-01-05T11:33:46.390+0000] {dag.py:3441} INFO - Setting next_dagrun for example_weekday_branch_operator to 2024-01-04T00:00:00+00:00, run_after=2024-01-05T00:00:00+00:00
[2024-01-05T11:33:46.405+0000] {processor.py:175} INFO - Processing /home/airflow/.local/lib/python3.7/site-packages/airflow/example_dags/example_branch_day_of_week_operator.py took 0.091 seconds
[2024-01-05T12:52:17.449+0000] {processor.py:153} INFO - Started process (PID=4928) to work on /home/airflow/.local/lib/python3.7/site-packages/airflow/example_dags/example_branch_day_of_week_operator.py
[2024-01-05T12:52:17.451+0000] {processor.py:743} INFO - Processing file /home/airflow/.local/lib/python3.7/site-packages/airflow/example_dags/example_branch_day_of_week_operator.py for tasks to queue
[2024-01-05T12:52:17.452+0000] {logging_mixin.py:137} INFO - [2024-01-05T12:52:17.452+0000] {dagbag.py:538} INFO - Filling up the DagBag from /home/airflow/.local/lib/python3.7/site-packages/airflow/example_dags/example_branch_day_of_week_operator.py
[2024-01-05T12:52:17.465+0000] {processor.py:753} INFO - DAG(s) dict_keys(['example_weekday_branch_operator']) retrieved from /home/airflow/.local/lib/python3.7/site-packages/airflow/example_dags/example_branch_day_of_week_operator.py
[2024-01-05T12:52:17.491+0000] {logging_mixin.py:137} INFO - [2024-01-05T12:52:17.491+0000] {dag.py:2690} INFO - Sync 1 DAGs
[2024-01-05T12:52:17.513+0000] {logging_mixin.py:137} INFO - [2024-01-05T12:52:17.513+0000] {dag.py:3441} INFO - Setting next_dagrun for example_weekday_branch_operator to 2024-01-04T00:00:00+00:00, run_after=2024-01-05T00:00:00+00:00
[2024-01-05T12:52:17.530+0000] {processor.py:175} INFO - Processing /home/airflow/.local/lib/python3.7/site-packages/airflow/example_dags/example_branch_day_of_week_operator.py took 0.087 seconds
[2024-01-05T14:01:02.148+0000] {processor.py:153} INFO - Started process (PID=4999) to work on /home/airflow/.local/lib/python3.7/site-packages/airflow/example_dags/example_branch_day_of_week_operator.py
[2024-01-05T14:01:02.149+0000] {processor.py:743} INFO - Processing file /home/airflow/.local/lib/python3.7/site-packages/airflow/example_dags/example_branch_day_of_week_operator.py for tasks to queue
[2024-01-05T14:01:02.151+0000] {logging_mixin.py:137} INFO - [2024-01-05T14:01:02.150+0000] {dagbag.py:538} INFO - Filling up the DagBag from /home/airflow/.local/lib/python3.7/site-packages/airflow/example_dags/example_branch_day_of_week_operator.py
[2024-01-05T14:01:02.171+0000] {processor.py:753} INFO - DAG(s) dict_keys(['example_weekday_branch_operator']) retrieved from /home/airflow/.local/lib/python3.7/site-packages/airflow/example_dags/example_branch_day_of_week_operator.py
[2024-01-05T14:01:02.257+0000] {logging_mixin.py:137} INFO - [2024-01-05T14:01:02.257+0000] {dag.py:2690} INFO - Sync 1 DAGs
[2024-01-05T14:01:02.310+0000] {logging_mixin.py:137} INFO - [2024-01-05T14:01:02.310+0000] {dag.py:3441} INFO - Setting next_dagrun for example_weekday_branch_operator to 2024-01-04T00:00:00+00:00, run_after=2024-01-05T00:00:00+00:00
[2024-01-05T14:01:02.392+0000] {processor.py:175} INFO - Processing /home/airflow/.local/lib/python3.7/site-packages/airflow/example_dags/example_branch_day_of_week_operator.py took 0.249 seconds
[2024-01-05T14:01:33.527+0000] {processor.py:153} INFO - Started process (PID=5066) to work on /home/airflow/.local/lib/python3.7/site-packages/airflow/example_dags/example_branch_day_of_week_operator.py
[2024-01-05T14:01:33.529+0000] {processor.py:743} INFO - Processing file /home/airflow/.local/lib/python3.7/site-packages/airflow/example_dags/example_branch_day_of_week_operator.py for tasks to queue
[2024-01-05T14:01:33.530+0000] {logging_mixin.py:137} INFO - [2024-01-05T14:01:33.530+0000] {dagbag.py:538} INFO - Filling up the DagBag from /home/airflow/.local/lib/python3.7/site-packages/airflow/example_dags/example_branch_day_of_week_operator.py
[2024-01-05T14:01:33.551+0000] {processor.py:753} INFO - DAG(s) dict_keys(['example_weekday_branch_operator']) retrieved from /home/airflow/.local/lib/python3.7/site-packages/airflow/example_dags/example_branch_day_of_week_operator.py
[2024-01-05T14:01:33.590+0000] {logging_mixin.py:137} INFO - [2024-01-05T14:01:33.590+0000] {dag.py:2690} INFO - Sync 1 DAGs
[2024-01-05T14:01:33.646+0000] {logging_mixin.py:137} INFO - [2024-01-05T14:01:33.645+0000] {dag.py:3441} INFO - Setting next_dagrun for example_weekday_branch_operator to 2024-01-04T00:00:00+00:00, run_after=2024-01-05T00:00:00+00:00
[2024-01-05T14:01:33.669+0000] {processor.py:175} INFO - Processing /home/airflow/.local/lib/python3.7/site-packages/airflow/example_dags/example_branch_day_of_week_operator.py took 0.147 seconds
[2024-01-05T14:02:03.797+0000] {processor.py:153} INFO - Started process (PID=5130) to work on /home/airflow/.local/lib/python3.7/site-packages/airflow/example_dags/example_branch_day_of_week_operator.py
[2024-01-05T14:02:03.798+0000] {processor.py:743} INFO - Processing file /home/airflow/.local/lib/python3.7/site-packages/airflow/example_dags/example_branch_day_of_week_operator.py for tasks to queue
[2024-01-05T14:02:03.799+0000] {logging_mixin.py:137} INFO - [2024-01-05T14:02:03.798+0000] {dagbag.py:538} INFO - Filling up the DagBag from /home/airflow/.local/lib/python3.7/site-packages/airflow/example_dags/example_branch_day_of_week_operator.py
[2024-01-05T14:02:03.809+0000] {processor.py:753} INFO - DAG(s) dict_keys(['example_weekday_branch_operator']) retrieved from /home/airflow/.local/lib/python3.7/site-packages/airflow/example_dags/example_branch_day_of_week_operator.py
[2024-01-05T14:02:03.829+0000] {logging_mixin.py:137} INFO - [2024-01-05T14:02:03.829+0000] {dag.py:2690} INFO - Sync 1 DAGs
[2024-01-05T14:02:03.844+0000] {logging_mixin.py:137} INFO - [2024-01-05T14:02:03.844+0000] {dag.py:3441} INFO - Setting next_dagrun for example_weekday_branch_operator to 2024-01-04T00:00:00+00:00, run_after=2024-01-05T00:00:00+00:00
[2024-01-05T14:02:03.856+0000] {processor.py:175} INFO - Processing /home/airflow/.local/lib/python3.7/site-packages/airflow/example_dags/example_branch_day_of_week_operator.py took 0.062 seconds
[2024-01-05T14:02:34.426+0000] {processor.py:153} INFO - Started process (PID=5205) to work on /home/airflow/.local/lib/python3.7/site-packages/airflow/example_dags/example_branch_day_of_week_operator.py
[2024-01-05T14:02:34.428+0000] {processor.py:743} INFO - Processing file /home/airflow/.local/lib/python3.7/site-packages/airflow/example_dags/example_branch_day_of_week_operator.py for tasks to queue
[2024-01-05T14:02:34.429+0000] {logging_mixin.py:137} INFO - [2024-01-05T14:02:34.429+0000] {dagbag.py:538} INFO - Filling up the DagBag from /home/airflow/.local/lib/python3.7/site-packages/airflow/example_dags/example_branch_day_of_week_operator.py
[2024-01-05T14:02:34.449+0000] {processor.py:753} INFO - DAG(s) dict_keys(['example_weekday_branch_operator']) retrieved from /home/airflow/.local/lib/python3.7/site-packages/airflow/example_dags/example_branch_day_of_week_operator.py
[2024-01-05T14:02:34.481+0000] {logging_mixin.py:137} INFO - [2024-01-05T14:02:34.481+0000] {dag.py:2690} INFO - Sync 1 DAGs
[2024-01-05T14:02:34.505+0000] {logging_mixin.py:137} INFO - [2024-01-05T14:02:34.505+0000] {dag.py:3441} INFO - Setting next_dagrun for example_weekday_branch_operator to 2024-01-04T00:00:00+00:00, run_after=2024-01-05T00:00:00+00:00
[2024-01-05T14:02:34.531+0000] {processor.py:175} INFO - Processing /home/airflow/.local/lib/python3.7/site-packages/airflow/example_dags/example_branch_day_of_week_operator.py took 0.109 seconds
[2024-01-05T14:03:05.313+0000] {processor.py:153} INFO - Started process (PID=5268) to work on /home/airflow/.local/lib/python3.7/site-packages/airflow/example_dags/example_branch_day_of_week_operator.py
[2024-01-05T14:03:05.315+0000] {processor.py:743} INFO - Processing file /home/airflow/.local/lib/python3.7/site-packages/airflow/example_dags/example_branch_day_of_week_operator.py for tasks to queue
[2024-01-05T14:03:05.316+0000] {logging_mixin.py:137} INFO - [2024-01-05T14:03:05.316+0000] {dagbag.py:538} INFO - Filling up the DagBag from /home/airflow/.local/lib/python3.7/site-packages/airflow/example_dags/example_branch_day_of_week_operator.py
[2024-01-05T14:03:05.327+0000] {processor.py:753} INFO - DAG(s) dict_keys(['example_weekday_branch_operator']) retrieved from /home/airflow/.local/lib/python3.7/site-packages/airflow/example_dags/example_branch_day_of_week_operator.py
[2024-01-05T14:03:05.347+0000] {logging_mixin.py:137} INFO - [2024-01-05T14:03:05.347+0000] {dag.py:2690} INFO - Sync 1 DAGs
[2024-01-05T14:03:05.364+0000] {logging_mixin.py:137} INFO - [2024-01-05T14:03:05.364+0000] {dag.py:3441} INFO - Setting next_dagrun for example_weekday_branch_operator to 2024-01-04T00:00:00+00:00, run_after=2024-01-05T00:00:00+00:00
[2024-01-05T14:03:05.375+0000] {processor.py:175} INFO - Processing /home/airflow/.local/lib/python3.7/site-packages/airflow/example_dags/example_branch_day_of_week_operator.py took 0.065 seconds
[2024-01-05T14:03:36.153+0000] {processor.py:153} INFO - Started process (PID=5343) to work on /home/airflow/.local/lib/python3.7/site-packages/airflow/example_dags/example_branch_day_of_week_operator.py
[2024-01-05T14:03:36.154+0000] {processor.py:743} INFO - Processing file /home/airflow/.local/lib/python3.7/site-packages/airflow/example_dags/example_branch_day_of_week_operator.py for tasks to queue
[2024-01-05T14:03:36.155+0000] {logging_mixin.py:137} INFO - [2024-01-05T14:03:36.155+0000] {dagbag.py:538} INFO - Filling up the DagBag from /home/airflow/.local/lib/python3.7/site-packages/airflow/example_dags/example_branch_day_of_week_operator.py
[2024-01-05T14:03:36.168+0000] {processor.py:753} INFO - DAG(s) dict_keys(['example_weekday_branch_operator']) retrieved from /home/airflow/.local/lib/python3.7/site-packages/airflow/example_dags/example_branch_day_of_week_operator.py
[2024-01-05T14:03:36.191+0000] {logging_mixin.py:137} INFO - [2024-01-05T14:03:36.191+0000] {dag.py:2690} INFO - Sync 1 DAGs
[2024-01-05T14:03:36.208+0000] {logging_mixin.py:137} INFO - [2024-01-05T14:03:36.208+0000] {dag.py:3441} INFO - Setting next_dagrun for example_weekday_branch_operator to 2024-01-04T00:00:00+00:00, run_after=2024-01-05T00:00:00+00:00
[2024-01-05T14:03:36.220+0000] {processor.py:175} INFO - Processing /home/airflow/.local/lib/python3.7/site-packages/airflow/example_dags/example_branch_day_of_week_operator.py took 0.071 seconds
[2024-01-05T14:04:06.776+0000] {processor.py:153} INFO - Started process (PID=5407) to work on /home/airflow/.local/lib/python3.7/site-packages/airflow/example_dags/example_branch_day_of_week_operator.py
[2024-01-05T14:04:06.778+0000] {processor.py:743} INFO - Processing file /home/airflow/.local/lib/python3.7/site-packages/airflow/example_dags/example_branch_day_of_week_operator.py for tasks to queue
[2024-01-05T14:04:06.778+0000] {logging_mixin.py:137} INFO - [2024-01-05T14:04:06.778+0000] {dagbag.py:538} INFO - Filling up the DagBag from /home/airflow/.local/lib/python3.7/site-packages/airflow/example_dags/example_branch_day_of_week_operator.py
[2024-01-05T14:04:06.790+0000] {processor.py:753} INFO - DAG(s) dict_keys(['example_weekday_branch_operator']) retrieved from /home/airflow/.local/lib/python3.7/site-packages/airflow/example_dags/example_branch_day_of_week_operator.py
[2024-01-05T14:04:06.811+0000] {logging_mixin.py:137} INFO - [2024-01-05T14:04:06.811+0000] {dag.py:2690} INFO - Sync 1 DAGs
[2024-01-05T14:04:06.827+0000] {logging_mixin.py:137} INFO - [2024-01-05T14:04:06.827+0000] {dag.py:3441} INFO - Setting next_dagrun for example_weekday_branch_operator to 2024-01-04T00:00:00+00:00, run_after=2024-01-05T00:00:00+00:00
[2024-01-05T14:04:06.838+0000] {processor.py:175} INFO - Processing /home/airflow/.local/lib/python3.7/site-packages/airflow/example_dags/example_branch_day_of_week_operator.py took 0.065 seconds
[2024-01-05T14:04:37.153+0000] {processor.py:153} INFO - Started process (PID=5482) to work on /home/airflow/.local/lib/python3.7/site-packages/airflow/example_dags/example_branch_day_of_week_operator.py
[2024-01-05T14:04:37.154+0000] {processor.py:743} INFO - Processing file /home/airflow/.local/lib/python3.7/site-packages/airflow/example_dags/example_branch_day_of_week_operator.py for tasks to queue
[2024-01-05T14:04:37.155+0000] {logging_mixin.py:137} INFO - [2024-01-05T14:04:37.155+0000] {dagbag.py:538} INFO - Filling up the DagBag from /home/airflow/.local/lib/python3.7/site-packages/airflow/example_dags/example_branch_day_of_week_operator.py
[2024-01-05T14:04:37.167+0000] {processor.py:753} INFO - DAG(s) dict_keys(['example_weekday_branch_operator']) retrieved from /home/airflow/.local/lib/python3.7/site-packages/airflow/example_dags/example_branch_day_of_week_operator.py
[2024-01-05T14:04:37.188+0000] {logging_mixin.py:137} INFO - [2024-01-05T14:04:37.188+0000] {dag.py:2690} INFO - Sync 1 DAGs
[2024-01-05T14:04:37.205+0000] {logging_mixin.py:137} INFO - [2024-01-05T14:04:37.205+0000] {dag.py:3441} INFO - Setting next_dagrun for example_weekday_branch_operator to 2024-01-04T00:00:00+00:00, run_after=2024-01-05T00:00:00+00:00
[2024-01-05T14:04:37.218+0000] {processor.py:175} INFO - Processing /home/airflow/.local/lib/python3.7/site-packages/airflow/example_dags/example_branch_day_of_week_operator.py took 0.069 seconds
[2024-01-05T14:05:07.302+0000] {processor.py:153} INFO - Started process (PID=5545) to work on /home/airflow/.local/lib/python3.7/site-packages/airflow/example_dags/example_branch_day_of_week_operator.py
[2024-01-05T14:05:07.303+0000] {processor.py:743} INFO - Processing file /home/airflow/.local/lib/python3.7/site-packages/airflow/example_dags/example_branch_day_of_week_operator.py for tasks to queue
[2024-01-05T14:05:07.304+0000] {logging_mixin.py:137} INFO - [2024-01-05T14:05:07.304+0000] {dagbag.py:538} INFO - Filling up the DagBag from /home/airflow/.local/lib/python3.7/site-packages/airflow/example_dags/example_branch_day_of_week_operator.py
[2024-01-05T14:05:07.322+0000] {processor.py:753} INFO - DAG(s) dict_keys(['example_weekday_branch_operator']) retrieved from /home/airflow/.local/lib/python3.7/site-packages/airflow/example_dags/example_branch_day_of_week_operator.py
[2024-01-05T14:05:07.349+0000] {logging_mixin.py:137} INFO - [2024-01-05T14:05:07.349+0000] {dag.py:2690} INFO - Sync 1 DAGs
[2024-01-05T14:05:07.368+0000] {logging_mixin.py:137} INFO - [2024-01-05T14:05:07.368+0000] {dag.py:3441} INFO - Setting next_dagrun for example_weekday_branch_operator to 2024-01-04T00:00:00+00:00, run_after=2024-01-05T00:00:00+00:00
[2024-01-05T14:05:07.380+0000] {processor.py:175} INFO - Processing /home/airflow/.local/lib/python3.7/site-packages/airflow/example_dags/example_branch_day_of_week_operator.py took 0.081 seconds
[2024-01-05T14:05:37.684+0000] {processor.py:153} INFO - Started process (PID=5620) to work on /home/airflow/.local/lib/python3.7/site-packages/airflow/example_dags/example_branch_day_of_week_operator.py
[2024-01-05T14:05:37.685+0000] {processor.py:743} INFO - Processing file /home/airflow/.local/lib/python3.7/site-packages/airflow/example_dags/example_branch_day_of_week_operator.py for tasks to queue
[2024-01-05T14:05:37.686+0000] {logging_mixin.py:137} INFO - [2024-01-05T14:05:37.686+0000] {dagbag.py:538} INFO - Filling up the DagBag from /home/airflow/.local/lib/python3.7/site-packages/airflow/example_dags/example_branch_day_of_week_operator.py
[2024-01-05T14:05:37.697+0000] {processor.py:753} INFO - DAG(s) dict_keys(['example_weekday_branch_operator']) retrieved from /home/airflow/.local/lib/python3.7/site-packages/airflow/example_dags/example_branch_day_of_week_operator.py
[2024-01-05T14:05:37.717+0000] {logging_mixin.py:137} INFO - [2024-01-05T14:05:37.716+0000] {dag.py:2690} INFO - Sync 1 DAGs
[2024-01-05T14:05:37.732+0000] {logging_mixin.py:137} INFO - [2024-01-05T14:05:37.732+0000] {dag.py:3441} INFO - Setting next_dagrun for example_weekday_branch_operator to 2024-01-04T00:00:00+00:00, run_after=2024-01-05T00:00:00+00:00
[2024-01-05T14:05:37.745+0000] {processor.py:175} INFO - Processing /home/airflow/.local/lib/python3.7/site-packages/airflow/example_dags/example_branch_day_of_week_operator.py took 0.063 seconds
[2024-01-05T14:06:08.396+0000] {processor.py:153} INFO - Started process (PID=5696) to work on /home/airflow/.local/lib/python3.7/site-packages/airflow/example_dags/example_branch_day_of_week_operator.py
[2024-01-05T14:06:08.398+0000] {processor.py:743} INFO - Processing file /home/airflow/.local/lib/python3.7/site-packages/airflow/example_dags/example_branch_day_of_week_operator.py for tasks to queue
[2024-01-05T14:06:08.400+0000] {logging_mixin.py:137} INFO - [2024-01-05T14:06:08.400+0000] {dagbag.py:538} INFO - Filling up the DagBag from /home/airflow/.local/lib/python3.7/site-packages/airflow/example_dags/example_branch_day_of_week_operator.py
[2024-01-05T14:06:08.414+0000] {processor.py:753} INFO - DAG(s) dict_keys(['example_weekday_branch_operator']) retrieved from /home/airflow/.local/lib/python3.7/site-packages/airflow/example_dags/example_branch_day_of_week_operator.py
[2024-01-05T14:06:08.438+0000] {logging_mixin.py:137} INFO - [2024-01-05T14:06:08.438+0000] {dag.py:2690} INFO - Sync 1 DAGs
[2024-01-05T14:06:08.459+0000] {logging_mixin.py:137} INFO - [2024-01-05T14:06:08.459+0000] {dag.py:3441} INFO - Setting next_dagrun for example_weekday_branch_operator to 2024-01-04T00:00:00+00:00, run_after=2024-01-05T00:00:00+00:00
[2024-01-05T14:06:08.472+0000] {processor.py:175} INFO - Processing /home/airflow/.local/lib/python3.7/site-packages/airflow/example_dags/example_branch_day_of_week_operator.py took 0.080 seconds
[2024-01-05T14:06:39.302+0000] {processor.py:153} INFO - Started process (PID=5759) to work on /home/airflow/.local/lib/python3.7/site-packages/airflow/example_dags/example_branch_day_of_week_operator.py
[2024-01-05T14:06:39.303+0000] {processor.py:743} INFO - Processing file /home/airflow/.local/lib/python3.7/site-packages/airflow/example_dags/example_branch_day_of_week_operator.py for tasks to queue
[2024-01-05T14:06:39.304+0000] {logging_mixin.py:137} INFO - [2024-01-05T14:06:39.304+0000] {dagbag.py:538} INFO - Filling up the DagBag from /home/airflow/.local/lib/python3.7/site-packages/airflow/example_dags/example_branch_day_of_week_operator.py
[2024-01-05T14:06:39.317+0000] {processor.py:753} INFO - DAG(s) dict_keys(['example_weekday_branch_operator']) retrieved from /home/airflow/.local/lib/python3.7/site-packages/airflow/example_dags/example_branch_day_of_week_operator.py
[2024-01-05T14:06:39.337+0000] {logging_mixin.py:137} INFO - [2024-01-05T14:06:39.337+0000] {dag.py:2690} INFO - Sync 1 DAGs
[2024-01-05T14:06:39.358+0000] {logging_mixin.py:137} INFO - [2024-01-05T14:06:39.358+0000] {dag.py:3441} INFO - Setting next_dagrun for example_weekday_branch_operator to 2024-01-04T00:00:00+00:00, run_after=2024-01-05T00:00:00+00:00
[2024-01-05T14:06:39.373+0000] {processor.py:175} INFO - Processing /home/airflow/.local/lib/python3.7/site-packages/airflow/example_dags/example_branch_day_of_week_operator.py took 0.074 seconds
[2024-01-05T14:07:09.909+0000] {processor.py:153} INFO - Started process (PID=5834) to work on /home/airflow/.local/lib/python3.7/site-packages/airflow/example_dags/example_branch_day_of_week_operator.py
[2024-01-05T14:07:09.910+0000] {processor.py:743} INFO - Processing file /home/airflow/.local/lib/python3.7/site-packages/airflow/example_dags/example_branch_day_of_week_operator.py for tasks to queue
[2024-01-05T14:07:09.911+0000] {logging_mixin.py:137} INFO - [2024-01-05T14:07:09.911+0000] {dagbag.py:538} INFO - Filling up the DagBag from /home/airflow/.local/lib/python3.7/site-packages/airflow/example_dags/example_branch_day_of_week_operator.py
[2024-01-05T14:07:09.922+0000] {processor.py:753} INFO - DAG(s) dict_keys(['example_weekday_branch_operator']) retrieved from /home/airflow/.local/lib/python3.7/site-packages/airflow/example_dags/example_branch_day_of_week_operator.py
[2024-01-05T14:07:09.942+0000] {logging_mixin.py:137} INFO - [2024-01-05T14:07:09.942+0000] {dag.py:2690} INFO - Sync 1 DAGs
[2024-01-05T14:07:09.959+0000] {logging_mixin.py:137} INFO - [2024-01-05T14:07:09.958+0000] {dag.py:3441} INFO - Setting next_dagrun for example_weekday_branch_operator to 2024-01-04T00:00:00+00:00, run_after=2024-01-05T00:00:00+00:00
[2024-01-05T14:07:09.973+0000] {processor.py:175} INFO - Processing /home/airflow/.local/lib/python3.7/site-packages/airflow/example_dags/example_branch_day_of_week_operator.py took 0.067 seconds
[2024-01-05T14:07:40.416+0000] {processor.py:153} INFO - Started process (PID=5897) to work on /home/airflow/.local/lib/python3.7/site-packages/airflow/example_dags/example_branch_day_of_week_operator.py
[2024-01-05T14:07:40.417+0000] {processor.py:743} INFO - Processing file /home/airflow/.local/lib/python3.7/site-packages/airflow/example_dags/example_branch_day_of_week_operator.py for tasks to queue
[2024-01-05T14:07:40.418+0000] {logging_mixin.py:137} INFO - [2024-01-05T14:07:40.418+0000] {dagbag.py:538} INFO - Filling up the DagBag from /home/airflow/.local/lib/python3.7/site-packages/airflow/example_dags/example_branch_day_of_week_operator.py
[2024-01-05T14:07:40.434+0000] {processor.py:753} INFO - DAG(s) dict_keys(['example_weekday_branch_operator']) retrieved from /home/airflow/.local/lib/python3.7/site-packages/airflow/example_dags/example_branch_day_of_week_operator.py
[2024-01-05T14:07:40.455+0000] {logging_mixin.py:137} INFO - [2024-01-05T14:07:40.455+0000] {dag.py:2690} INFO - Sync 1 DAGs
[2024-01-05T14:07:40.472+0000] {logging_mixin.py:137} INFO - [2024-01-05T14:07:40.472+0000] {dag.py:3441} INFO - Setting next_dagrun for example_weekday_branch_operator to 2024-01-04T00:00:00+00:00, run_after=2024-01-05T00:00:00+00:00
[2024-01-05T14:07:40.484+0000] {processor.py:175} INFO - Processing /home/airflow/.local/lib/python3.7/site-packages/airflow/example_dags/example_branch_day_of_week_operator.py took 0.073 seconds
[2024-01-05T14:08:11.411+0000] {processor.py:153} INFO - Started process (PID=5972) to work on /home/airflow/.local/lib/python3.7/site-packages/airflow/example_dags/example_branch_day_of_week_operator.py
[2024-01-05T14:08:11.416+0000] {processor.py:743} INFO - Processing file /home/airflow/.local/lib/python3.7/site-packages/airflow/example_dags/example_branch_day_of_week_operator.py for tasks to queue
[2024-01-05T14:08:11.418+0000] {logging_mixin.py:137} INFO - [2024-01-05T14:08:11.417+0000] {dagbag.py:538} INFO - Filling up the DagBag from /home/airflow/.local/lib/python3.7/site-packages/airflow/example_dags/example_branch_day_of_week_operator.py
[2024-01-05T14:08:11.432+0000] {processor.py:753} INFO - DAG(s) dict_keys(['example_weekday_branch_operator']) retrieved from /home/airflow/.local/lib/python3.7/site-packages/airflow/example_dags/example_branch_day_of_week_operator.py
[2024-01-05T14:08:11.457+0000] {logging_mixin.py:137} INFO - [2024-01-05T14:08:11.457+0000] {dag.py:2690} INFO - Sync 1 DAGs
[2024-01-05T14:08:11.478+0000] {logging_mixin.py:137} INFO - [2024-01-05T14:08:11.478+0000] {dag.py:3441} INFO - Setting next_dagrun for example_weekday_branch_operator to 2024-01-04T00:00:00+00:00, run_after=2024-01-05T00:00:00+00:00
[2024-01-05T14:08:11.492+0000] {processor.py:175} INFO - Processing /home/airflow/.local/lib/python3.7/site-packages/airflow/example_dags/example_branch_day_of_week_operator.py took 0.085 seconds
[2024-01-05T14:08:42.149+0000] {processor.py:153} INFO - Started process (PID=6044) to work on /home/airflow/.local/lib/python3.7/site-packages/airflow/example_dags/example_branch_day_of_week_operator.py
[2024-01-05T14:08:42.151+0000] {processor.py:743} INFO - Processing file /home/airflow/.local/lib/python3.7/site-packages/airflow/example_dags/example_branch_day_of_week_operator.py for tasks to queue
[2024-01-05T14:08:42.152+0000] {logging_mixin.py:137} INFO - [2024-01-05T14:08:42.152+0000] {dagbag.py:538} INFO - Filling up the DagBag from /home/airflow/.local/lib/python3.7/site-packages/airflow/example_dags/example_branch_day_of_week_operator.py
[2024-01-05T14:08:42.166+0000] {processor.py:753} INFO - DAG(s) dict_keys(['example_weekday_branch_operator']) retrieved from /home/airflow/.local/lib/python3.7/site-packages/airflow/example_dags/example_branch_day_of_week_operator.py
[2024-01-05T14:08:42.195+0000] {logging_mixin.py:137} INFO - [2024-01-05T14:08:42.194+0000] {dag.py:2690} INFO - Sync 1 DAGs
[2024-01-05T14:08:42.252+0000] {logging_mixin.py:137} INFO - [2024-01-05T14:08:42.252+0000] {dag.py:3441} INFO - Setting next_dagrun for example_weekday_branch_operator to 2024-01-04T00:00:00+00:00, run_after=2024-01-05T00:00:00+00:00
[2024-01-05T14:08:42.271+0000] {processor.py:175} INFO - Processing /home/airflow/.local/lib/python3.7/site-packages/airflow/example_dags/example_branch_day_of_week_operator.py took 0.125 seconds
[2024-01-05T14:09:13.071+0000] {processor.py:153} INFO - Started process (PID=6111) to work on /home/airflow/.local/lib/python3.7/site-packages/airflow/example_dags/example_branch_day_of_week_operator.py
[2024-01-05T14:09:13.072+0000] {processor.py:743} INFO - Processing file /home/airflow/.local/lib/python3.7/site-packages/airflow/example_dags/example_branch_day_of_week_operator.py for tasks to queue
[2024-01-05T14:09:13.073+0000] {logging_mixin.py:137} INFO - [2024-01-05T14:09:13.072+0000] {dagbag.py:538} INFO - Filling up the DagBag from /home/airflow/.local/lib/python3.7/site-packages/airflow/example_dags/example_branch_day_of_week_operator.py
[2024-01-05T14:09:13.084+0000] {processor.py:753} INFO - DAG(s) dict_keys(['example_weekday_branch_operator']) retrieved from /home/airflow/.local/lib/python3.7/site-packages/airflow/example_dags/example_branch_day_of_week_operator.py
[2024-01-05T14:09:13.105+0000] {logging_mixin.py:137} INFO - [2024-01-05T14:09:13.105+0000] {dag.py:2690} INFO - Sync 1 DAGs
[2024-01-05T14:09:13.121+0000] {logging_mixin.py:137} INFO - [2024-01-05T14:09:13.121+0000] {dag.py:3441} INFO - Setting next_dagrun for example_weekday_branch_operator to 2024-01-04T00:00:00+00:00, run_after=2024-01-05T00:00:00+00:00
[2024-01-05T14:09:13.133+0000] {processor.py:175} INFO - Processing /home/airflow/.local/lib/python3.7/site-packages/airflow/example_dags/example_branch_day_of_week_operator.py took 0.065 seconds
[2024-01-05T14:09:45.361+0000] {processor.py:153} INFO - Started process (PID=6186) to work on /home/airflow/.local/lib/python3.7/site-packages/airflow/example_dags/example_branch_day_of_week_operator.py
[2024-01-05T14:09:45.363+0000] {processor.py:743} INFO - Processing file /home/airflow/.local/lib/python3.7/site-packages/airflow/example_dags/example_branch_day_of_week_operator.py for tasks to queue
[2024-01-05T14:09:45.364+0000] {logging_mixin.py:137} INFO - [2024-01-05T14:09:45.364+0000] {dagbag.py:538} INFO - Filling up the DagBag from /home/airflow/.local/lib/python3.7/site-packages/airflow/example_dags/example_branch_day_of_week_operator.py
[2024-01-05T14:09:45.381+0000] {processor.py:753} INFO - DAG(s) dict_keys(['example_weekday_branch_operator']) retrieved from /home/airflow/.local/lib/python3.7/site-packages/airflow/example_dags/example_branch_day_of_week_operator.py
[2024-01-05T14:09:45.419+0000] {logging_mixin.py:137} INFO - [2024-01-05T14:09:45.419+0000] {dag.py:2690} INFO - Sync 1 DAGs
[2024-01-05T14:09:45.458+0000] {logging_mixin.py:137} INFO - [2024-01-05T14:09:45.458+0000] {dag.py:3441} INFO - Setting next_dagrun for example_weekday_branch_operator to 2024-01-04T00:00:00+00:00, run_after=2024-01-05T00:00:00+00:00
[2024-01-05T14:09:45.473+0000] {processor.py:175} INFO - Processing /home/airflow/.local/lib/python3.7/site-packages/airflow/example_dags/example_branch_day_of_week_operator.py took 0.116 seconds
[2024-01-05T14:10:15.510+0000] {processor.py:153} INFO - Started process (PID=6248) to work on /home/airflow/.local/lib/python3.7/site-packages/airflow/example_dags/example_branch_day_of_week_operator.py
[2024-01-05T14:10:15.512+0000] {processor.py:743} INFO - Processing file /home/airflow/.local/lib/python3.7/site-packages/airflow/example_dags/example_branch_day_of_week_operator.py for tasks to queue
[2024-01-05T14:10:15.512+0000] {logging_mixin.py:137} INFO - [2024-01-05T14:10:15.512+0000] {dagbag.py:538} INFO - Filling up the DagBag from /home/airflow/.local/lib/python3.7/site-packages/airflow/example_dags/example_branch_day_of_week_operator.py
[2024-01-05T14:10:15.524+0000] {processor.py:753} INFO - DAG(s) dict_keys(['example_weekday_branch_operator']) retrieved from /home/airflow/.local/lib/python3.7/site-packages/airflow/example_dags/example_branch_day_of_week_operator.py
[2024-01-05T14:10:15.544+0000] {logging_mixin.py:137} INFO - [2024-01-05T14:10:15.544+0000] {dag.py:2690} INFO - Sync 1 DAGs
[2024-01-05T14:10:15.570+0000] {logging_mixin.py:137} INFO - [2024-01-05T14:10:15.570+0000] {dag.py:3441} INFO - Setting next_dagrun for example_weekday_branch_operator to 2024-01-04T00:00:00+00:00, run_after=2024-01-05T00:00:00+00:00
[2024-01-05T14:10:15.587+0000] {processor.py:175} INFO - Processing /home/airflow/.local/lib/python3.7/site-packages/airflow/example_dags/example_branch_day_of_week_operator.py took 0.080 seconds
[2024-01-05T14:10:47.382+0000] {processor.py:153} INFO - Started process (PID=6321) to work on /home/airflow/.local/lib/python3.7/site-packages/airflow/example_dags/example_branch_day_of_week_operator.py
[2024-01-05T14:10:47.385+0000] {processor.py:743} INFO - Processing file /home/airflow/.local/lib/python3.7/site-packages/airflow/example_dags/example_branch_day_of_week_operator.py for tasks to queue
[2024-01-05T14:10:47.388+0000] {logging_mixin.py:137} INFO - [2024-01-05T14:10:47.388+0000] {dagbag.py:538} INFO - Filling up the DagBag from /home/airflow/.local/lib/python3.7/site-packages/airflow/example_dags/example_branch_day_of_week_operator.py
[2024-01-05T14:10:47.410+0000] {processor.py:753} INFO - DAG(s) dict_keys(['example_weekday_branch_operator']) retrieved from /home/airflow/.local/lib/python3.7/site-packages/airflow/example_dags/example_branch_day_of_week_operator.py
[2024-01-05T14:10:47.451+0000] {logging_mixin.py:137} INFO - [2024-01-05T14:10:47.451+0000] {dag.py:2690} INFO - Sync 1 DAGs
[2024-01-05T14:10:47.470+0000] {logging_mixin.py:137} INFO - [2024-01-05T14:10:47.470+0000] {dag.py:3441} INFO - Setting next_dagrun for example_weekday_branch_operator to 2024-01-04T00:00:00+00:00, run_after=2024-01-05T00:00:00+00:00
[2024-01-05T14:10:47.481+0000] {processor.py:175} INFO - Processing /home/airflow/.local/lib/python3.7/site-packages/airflow/example_dags/example_branch_day_of_week_operator.py took 0.103 seconds
[2024-01-05T14:11:18.251+0000] {processor.py:153} INFO - Started process (PID=6384) to work on /home/airflow/.local/lib/python3.7/site-packages/airflow/example_dags/example_branch_day_of_week_operator.py
[2024-01-05T14:11:18.252+0000] {processor.py:743} INFO - Processing file /home/airflow/.local/lib/python3.7/site-packages/airflow/example_dags/example_branch_day_of_week_operator.py for tasks to queue
[2024-01-05T14:11:18.252+0000] {logging_mixin.py:137} INFO - [2024-01-05T14:11:18.252+0000] {dagbag.py:538} INFO - Filling up the DagBag from /home/airflow/.local/lib/python3.7/site-packages/airflow/example_dags/example_branch_day_of_week_operator.py
[2024-01-05T14:11:18.264+0000] {processor.py:753} INFO - DAG(s) dict_keys(['example_weekday_branch_operator']) retrieved from /home/airflow/.local/lib/python3.7/site-packages/airflow/example_dags/example_branch_day_of_week_operator.py
[2024-01-05T14:11:18.285+0000] {logging_mixin.py:137} INFO - [2024-01-05T14:11:18.285+0000] {dag.py:2690} INFO - Sync 1 DAGs
[2024-01-05T14:11:18.302+0000] {logging_mixin.py:137} INFO - [2024-01-05T14:11:18.302+0000] {dag.py:3441} INFO - Setting next_dagrun for example_weekday_branch_operator to 2024-01-04T00:00:00+00:00, run_after=2024-01-05T00:00:00+00:00
[2024-01-05T14:11:18.316+0000] {processor.py:175} INFO - Processing /home/airflow/.local/lib/python3.7/site-packages/airflow/example_dags/example_branch_day_of_week_operator.py took 0.068 seconds
[2024-01-05T14:11:48.621+0000] {processor.py:153} INFO - Started process (PID=6458) to work on /home/airflow/.local/lib/python3.7/site-packages/airflow/example_dags/example_branch_day_of_week_operator.py
[2024-01-05T14:11:48.623+0000] {processor.py:743} INFO - Processing file /home/airflow/.local/lib/python3.7/site-packages/airflow/example_dags/example_branch_day_of_week_operator.py for tasks to queue
[2024-01-05T14:11:48.624+0000] {logging_mixin.py:137} INFO - [2024-01-05T14:11:48.624+0000] {dagbag.py:538} INFO - Filling up the DagBag from /home/airflow/.local/lib/python3.7/site-packages/airflow/example_dags/example_branch_day_of_week_operator.py
[2024-01-05T14:11:48.635+0000] {processor.py:753} INFO - DAG(s) dict_keys(['example_weekday_branch_operator']) retrieved from /home/airflow/.local/lib/python3.7/site-packages/airflow/example_dags/example_branch_day_of_week_operator.py
[2024-01-05T14:11:48.656+0000] {logging_mixin.py:137} INFO - [2024-01-05T14:11:48.656+0000] {dag.py:2690} INFO - Sync 1 DAGs
[2024-01-05T14:11:48.673+0000] {logging_mixin.py:137} INFO - [2024-01-05T14:11:48.673+0000] {dag.py:3441} INFO - Setting next_dagrun for example_weekday_branch_operator to 2024-01-04T00:00:00+00:00, run_after=2024-01-05T00:00:00+00:00
[2024-01-05T14:11:48.686+0000] {processor.py:175} INFO - Processing /home/airflow/.local/lib/python3.7/site-packages/airflow/example_dags/example_branch_day_of_week_operator.py took 0.068 seconds
[2024-01-05T14:12:19.142+0000] {processor.py:153} INFO - Started process (PID=6522) to work on /home/airflow/.local/lib/python3.7/site-packages/airflow/example_dags/example_branch_day_of_week_operator.py
[2024-01-05T14:12:19.144+0000] {processor.py:743} INFO - Processing file /home/airflow/.local/lib/python3.7/site-packages/airflow/example_dags/example_branch_day_of_week_operator.py for tasks to queue
[2024-01-05T14:12:19.145+0000] {logging_mixin.py:137} INFO - [2024-01-05T14:12:19.145+0000] {dagbag.py:538} INFO - Filling up the DagBag from /home/airflow/.local/lib/python3.7/site-packages/airflow/example_dags/example_branch_day_of_week_operator.py
[2024-01-05T14:12:19.159+0000] {processor.py:753} INFO - DAG(s) dict_keys(['example_weekday_branch_operator']) retrieved from /home/airflow/.local/lib/python3.7/site-packages/airflow/example_dags/example_branch_day_of_week_operator.py
[2024-01-05T14:12:19.183+0000] {logging_mixin.py:137} INFO - [2024-01-05T14:12:19.183+0000] {dag.py:2690} INFO - Sync 1 DAGs
[2024-01-05T14:12:19.202+0000] {logging_mixin.py:137} INFO - [2024-01-05T14:12:19.202+0000] {dag.py:3441} INFO - Setting next_dagrun for example_weekday_branch_operator to 2024-01-04T00:00:00+00:00, run_after=2024-01-05T00:00:00+00:00
[2024-01-05T14:12:19.221+0000] {processor.py:175} INFO - Processing /home/airflow/.local/lib/python3.7/site-packages/airflow/example_dags/example_branch_day_of_week_operator.py took 0.083 seconds
[2024-01-05T14:12:50.181+0000] {processor.py:153} INFO - Started process (PID=6597) to work on /home/airflow/.local/lib/python3.7/site-packages/airflow/example_dags/example_branch_day_of_week_operator.py
[2024-01-05T14:12:50.182+0000] {processor.py:743} INFO - Processing file /home/airflow/.local/lib/python3.7/site-packages/airflow/example_dags/example_branch_day_of_week_operator.py for tasks to queue
[2024-01-05T14:12:50.183+0000] {logging_mixin.py:137} INFO - [2024-01-05T14:12:50.183+0000] {dagbag.py:538} INFO - Filling up the DagBag from /home/airflow/.local/lib/python3.7/site-packages/airflow/example_dags/example_branch_day_of_week_operator.py
[2024-01-05T14:12:50.194+0000] {processor.py:753} INFO - DAG(s) dict_keys(['example_weekday_branch_operator']) retrieved from /home/airflow/.local/lib/python3.7/site-packages/airflow/example_dags/example_branch_day_of_week_operator.py
[2024-01-05T14:12:50.215+0000] {logging_mixin.py:137} INFO - [2024-01-05T14:12:50.215+0000] {dag.py:2690} INFO - Sync 1 DAGs
[2024-01-05T14:12:50.233+0000] {logging_mixin.py:137} INFO - [2024-01-05T14:12:50.233+0000] {dag.py:3441} INFO - Setting next_dagrun for example_weekday_branch_operator to 2024-01-04T00:00:00+00:00, run_after=2024-01-05T00:00:00+00:00
[2024-01-05T14:12:50.245+0000] {processor.py:175} INFO - Processing /home/airflow/.local/lib/python3.7/site-packages/airflow/example_dags/example_branch_day_of_week_operator.py took 0.067 seconds
[2024-01-05T14:13:20.765+0000] {processor.py:153} INFO - Started process (PID=6671) to work on /home/airflow/.local/lib/python3.7/site-packages/airflow/example_dags/example_branch_day_of_week_operator.py
[2024-01-05T14:13:20.767+0000] {processor.py:743} INFO - Processing file /home/airflow/.local/lib/python3.7/site-packages/airflow/example_dags/example_branch_day_of_week_operator.py for tasks to queue
[2024-01-05T14:13:20.767+0000] {logging_mixin.py:137} INFO - [2024-01-05T14:13:20.767+0000] {dagbag.py:538} INFO - Filling up the DagBag from /home/airflow/.local/lib/python3.7/site-packages/airflow/example_dags/example_branch_day_of_week_operator.py
[2024-01-05T14:13:20.783+0000] {processor.py:753} INFO - DAG(s) dict_keys(['example_weekday_branch_operator']) retrieved from /home/airflow/.local/lib/python3.7/site-packages/airflow/example_dags/example_branch_day_of_week_operator.py
[2024-01-05T14:13:20.811+0000] {logging_mixin.py:137} INFO - [2024-01-05T14:13:20.810+0000] {dag.py:2690} INFO - Sync 1 DAGs
[2024-01-05T14:13:20.836+0000] {logging_mixin.py:137} INFO - [2024-01-05T14:13:20.836+0000] {dag.py:3441} INFO - Setting next_dagrun for example_weekday_branch_operator to 2024-01-04T00:00:00+00:00, run_after=2024-01-05T00:00:00+00:00
[2024-01-05T14:13:20.859+0000] {processor.py:175} INFO - Processing /home/airflow/.local/lib/python3.7/site-packages/airflow/example_dags/example_branch_day_of_week_operator.py took 0.098 seconds
[2024-01-05T14:13:51.512+0000] {processor.py:153} INFO - Started process (PID=6734) to work on /home/airflow/.local/lib/python3.7/site-packages/airflow/example_dags/example_branch_day_of_week_operator.py
[2024-01-05T14:13:51.513+0000] {processor.py:743} INFO - Processing file /home/airflow/.local/lib/python3.7/site-packages/airflow/example_dags/example_branch_day_of_week_operator.py for tasks to queue
[2024-01-05T14:13:51.514+0000] {logging_mixin.py:137} INFO - [2024-01-05T14:13:51.514+0000] {dagbag.py:538} INFO - Filling up the DagBag from /home/airflow/.local/lib/python3.7/site-packages/airflow/example_dags/example_branch_day_of_week_operator.py
[2024-01-05T14:13:51.525+0000] {processor.py:753} INFO - DAG(s) dict_keys(['example_weekday_branch_operator']) retrieved from /home/airflow/.local/lib/python3.7/site-packages/airflow/example_dags/example_branch_day_of_week_operator.py
[2024-01-05T14:13:51.546+0000] {logging_mixin.py:137} INFO - [2024-01-05T14:13:51.546+0000] {dag.py:2690} INFO - Sync 1 DAGs
[2024-01-05T14:13:51.562+0000] {logging_mixin.py:137} INFO - [2024-01-05T14:13:51.562+0000] {dag.py:3441} INFO - Setting next_dagrun for example_weekday_branch_operator to 2024-01-04T00:00:00+00:00, run_after=2024-01-05T00:00:00+00:00
[2024-01-05T14:13:51.575+0000] {processor.py:175} INFO - Processing /home/airflow/.local/lib/python3.7/site-packages/airflow/example_dags/example_branch_day_of_week_operator.py took 0.066 seconds
[2024-01-05T14:14:21.891+0000] {processor.py:153} INFO - Started process (PID=6810) to work on /home/airflow/.local/lib/python3.7/site-packages/airflow/example_dags/example_branch_day_of_week_operator.py
[2024-01-05T14:14:21.892+0000] {processor.py:743} INFO - Processing file /home/airflow/.local/lib/python3.7/site-packages/airflow/example_dags/example_branch_day_of_week_operator.py for tasks to queue
[2024-01-05T14:14:21.893+0000] {logging_mixin.py:137} INFO - [2024-01-05T14:14:21.893+0000] {dagbag.py:538} INFO - Filling up the DagBag from /home/airflow/.local/lib/python3.7/site-packages/airflow/example_dags/example_branch_day_of_week_operator.py
[2024-01-05T14:14:21.905+0000] {processor.py:753} INFO - DAG(s) dict_keys(['example_weekday_branch_operator']) retrieved from /home/airflow/.local/lib/python3.7/site-packages/airflow/example_dags/example_branch_day_of_week_operator.py
[2024-01-05T14:14:21.929+0000] {logging_mixin.py:137} INFO - [2024-01-05T14:14:21.929+0000] {dag.py:2690} INFO - Sync 1 DAGs
[2024-01-05T14:14:21.949+0000] {logging_mixin.py:137} INFO - [2024-01-05T14:14:21.949+0000] {dag.py:3441} INFO - Setting next_dagrun for example_weekday_branch_operator to 2024-01-04T00:00:00+00:00, run_after=2024-01-05T00:00:00+00:00
[2024-01-05T14:14:21.964+0000] {processor.py:175} INFO - Processing /home/airflow/.local/lib/python3.7/site-packages/airflow/example_dags/example_branch_day_of_week_operator.py took 0.077 seconds
[2024-01-05T14:14:52.738+0000] {processor.py:153} INFO - Started process (PID=6873) to work on /home/airflow/.local/lib/python3.7/site-packages/airflow/example_dags/example_branch_day_of_week_operator.py
[2024-01-05T14:14:52.739+0000] {processor.py:743} INFO - Processing file /home/airflow/.local/lib/python3.7/site-packages/airflow/example_dags/example_branch_day_of_week_operator.py for tasks to queue
[2024-01-05T14:14:52.740+0000] {logging_mixin.py:137} INFO - [2024-01-05T14:14:52.740+0000] {dagbag.py:538} INFO - Filling up the DagBag from /home/airflow/.local/lib/python3.7/site-packages/airflow/example_dags/example_branch_day_of_week_operator.py
[2024-01-05T14:14:52.752+0000] {processor.py:753} INFO - DAG(s) dict_keys(['example_weekday_branch_operator']) retrieved from /home/airflow/.local/lib/python3.7/site-packages/airflow/example_dags/example_branch_day_of_week_operator.py
[2024-01-05T14:14:52.774+0000] {logging_mixin.py:137} INFO - [2024-01-05T14:14:52.774+0000] {dag.py:2690} INFO - Sync 1 DAGs
[2024-01-05T14:14:52.793+0000] {logging_mixin.py:137} INFO - [2024-01-05T14:14:52.793+0000] {dag.py:3441} INFO - Setting next_dagrun for example_weekday_branch_operator to 2024-01-04T00:00:00+00:00, run_after=2024-01-05T00:00:00+00:00
[2024-01-05T14:14:52.804+0000] {processor.py:175} INFO - Processing /home/airflow/.local/lib/python3.7/site-packages/airflow/example_dags/example_branch_day_of_week_operator.py took 0.070 seconds
[2024-01-05T14:15:23.705+0000] {processor.py:153} INFO - Started process (PID=6948) to work on /home/airflow/.local/lib/python3.7/site-packages/airflow/example_dags/example_branch_day_of_week_operator.py
[2024-01-05T14:15:23.707+0000] {processor.py:743} INFO - Processing file /home/airflow/.local/lib/python3.7/site-packages/airflow/example_dags/example_branch_day_of_week_operator.py for tasks to queue
[2024-01-05T14:15:23.708+0000] {logging_mixin.py:137} INFO - [2024-01-05T14:15:23.708+0000] {dagbag.py:538} INFO - Filling up the DagBag from /home/airflow/.local/lib/python3.7/site-packages/airflow/example_dags/example_branch_day_of_week_operator.py
[2024-01-05T14:15:23.720+0000] {processor.py:753} INFO - DAG(s) dict_keys(['example_weekday_branch_operator']) retrieved from /home/airflow/.local/lib/python3.7/site-packages/airflow/example_dags/example_branch_day_of_week_operator.py
[2024-01-05T14:15:23.743+0000] {logging_mixin.py:137} INFO - [2024-01-05T14:15:23.743+0000] {dag.py:2690} INFO - Sync 1 DAGs
[2024-01-05T14:15:23.767+0000] {logging_mixin.py:137} INFO - [2024-01-05T14:15:23.767+0000] {dag.py:3441} INFO - Setting next_dagrun for example_weekday_branch_operator to 2024-01-04T00:00:00+00:00, run_after=2024-01-05T00:00:00+00:00
[2024-01-05T14:15:23.782+0000] {processor.py:175} INFO - Processing /home/airflow/.local/lib/python3.7/site-packages/airflow/example_dags/example_branch_day_of_week_operator.py took 0.080 seconds
[2024-01-05T14:15:53.979+0000] {processor.py:153} INFO - Started process (PID=7011) to work on /home/airflow/.local/lib/python3.7/site-packages/airflow/example_dags/example_branch_day_of_week_operator.py
[2024-01-05T14:15:53.981+0000] {processor.py:743} INFO - Processing file /home/airflow/.local/lib/python3.7/site-packages/airflow/example_dags/example_branch_day_of_week_operator.py for tasks to queue
[2024-01-05T14:15:53.982+0000] {logging_mixin.py:137} INFO - [2024-01-05T14:15:53.982+0000] {dagbag.py:538} INFO - Filling up the DagBag from /home/airflow/.local/lib/python3.7/site-packages/airflow/example_dags/example_branch_day_of_week_operator.py
[2024-01-05T14:15:53.994+0000] {processor.py:753} INFO - DAG(s) dict_keys(['example_weekday_branch_operator']) retrieved from /home/airflow/.local/lib/python3.7/site-packages/airflow/example_dags/example_branch_day_of_week_operator.py
[2024-01-05T14:15:54.014+0000] {logging_mixin.py:137} INFO - [2024-01-05T14:15:54.014+0000] {dag.py:2690} INFO - Sync 1 DAGs
[2024-01-05T14:15:54.032+0000] {logging_mixin.py:137} INFO - [2024-01-05T14:15:54.031+0000] {dag.py:3441} INFO - Setting next_dagrun for example_weekday_branch_operator to 2024-01-04T00:00:00+00:00, run_after=2024-01-05T00:00:00+00:00
[2024-01-05T14:15:54.043+0000] {processor.py:175} INFO - Processing /home/airflow/.local/lib/python3.7/site-packages/airflow/example_dags/example_branch_day_of_week_operator.py took 0.068 seconds
[2024-01-05T14:16:24.999+0000] {processor.py:153} INFO - Started process (PID=7086) to work on /home/airflow/.local/lib/python3.7/site-packages/airflow/example_dags/example_branch_day_of_week_operator.py
[2024-01-05T14:16:25.000+0000] {processor.py:743} INFO - Processing file /home/airflow/.local/lib/python3.7/site-packages/airflow/example_dags/example_branch_day_of_week_operator.py for tasks to queue
[2024-01-05T14:16:25.001+0000] {logging_mixin.py:137} INFO - [2024-01-05T14:16:25.001+0000] {dagbag.py:538} INFO - Filling up the DagBag from /home/airflow/.local/lib/python3.7/site-packages/airflow/example_dags/example_branch_day_of_week_operator.py
[2024-01-05T14:16:25.012+0000] {processor.py:753} INFO - DAG(s) dict_keys(['example_weekday_branch_operator']) retrieved from /home/airflow/.local/lib/python3.7/site-packages/airflow/example_dags/example_branch_day_of_week_operator.py
[2024-01-05T14:16:25.034+0000] {logging_mixin.py:137} INFO - [2024-01-05T14:16:25.034+0000] {dag.py:2690} INFO - Sync 1 DAGs
[2024-01-05T14:16:25.055+0000] {logging_mixin.py:137} INFO - [2024-01-05T14:16:25.055+0000] {dag.py:3441} INFO - Setting next_dagrun for example_weekday_branch_operator to 2024-01-04T00:00:00+00:00, run_after=2024-01-05T00:00:00+00:00
[2024-01-05T14:16:25.073+0000] {processor.py:175} INFO - Processing /home/airflow/.local/lib/python3.7/site-packages/airflow/example_dags/example_branch_day_of_week_operator.py took 0.078 seconds
[2024-01-05T14:16:55.774+0000] {processor.py:153} INFO - Started process (PID=7150) to work on /home/airflow/.local/lib/python3.7/site-packages/airflow/example_dags/example_branch_day_of_week_operator.py
[2024-01-05T14:16:55.776+0000] {processor.py:743} INFO - Processing file /home/airflow/.local/lib/python3.7/site-packages/airflow/example_dags/example_branch_day_of_week_operator.py for tasks to queue
[2024-01-05T14:16:55.777+0000] {logging_mixin.py:137} INFO - [2024-01-05T14:16:55.777+0000] {dagbag.py:538} INFO - Filling up the DagBag from /home/airflow/.local/lib/python3.7/site-packages/airflow/example_dags/example_branch_day_of_week_operator.py
[2024-01-05T14:16:55.793+0000] {processor.py:753} INFO - DAG(s) dict_keys(['example_weekday_branch_operator']) retrieved from /home/airflow/.local/lib/python3.7/site-packages/airflow/example_dags/example_branch_day_of_week_operator.py
[2024-01-05T14:16:55.814+0000] {logging_mixin.py:137} INFO - [2024-01-05T14:16:55.814+0000] {dag.py:2690} INFO - Sync 1 DAGs
[2024-01-05T14:16:55.831+0000] {logging_mixin.py:137} INFO - [2024-01-05T14:16:55.831+0000] {dag.py:3441} INFO - Setting next_dagrun for example_weekday_branch_operator to 2024-01-04T00:00:00+00:00, run_after=2024-01-05T00:00:00+00:00
[2024-01-05T14:16:55.842+0000] {processor.py:175} INFO - Processing /home/airflow/.local/lib/python3.7/site-packages/airflow/example_dags/example_branch_day_of_week_operator.py took 0.071 seconds
[2024-01-05T14:17:26.202+0000] {processor.py:153} INFO - Started process (PID=7224) to work on /home/airflow/.local/lib/python3.7/site-packages/airflow/example_dags/example_branch_day_of_week_operator.py
[2024-01-05T14:17:26.204+0000] {processor.py:743} INFO - Processing file /home/airflow/.local/lib/python3.7/site-packages/airflow/example_dags/example_branch_day_of_week_operator.py for tasks to queue
[2024-01-05T14:17:26.204+0000] {logging_mixin.py:137} INFO - [2024-01-05T14:17:26.204+0000] {dagbag.py:538} INFO - Filling up the DagBag from /home/airflow/.local/lib/python3.7/site-packages/airflow/example_dags/example_branch_day_of_week_operator.py
[2024-01-05T14:17:26.217+0000] {processor.py:753} INFO - DAG(s) dict_keys(['example_weekday_branch_operator']) retrieved from /home/airflow/.local/lib/python3.7/site-packages/airflow/example_dags/example_branch_day_of_week_operator.py
[2024-01-05T14:17:26.241+0000] {logging_mixin.py:137} INFO - [2024-01-05T14:17:26.241+0000] {dag.py:2690} INFO - Sync 1 DAGs
[2024-01-05T14:17:26.265+0000] {logging_mixin.py:137} INFO - [2024-01-05T14:17:26.265+0000] {dag.py:3441} INFO - Setting next_dagrun for example_weekday_branch_operator to 2024-01-04T00:00:00+00:00, run_after=2024-01-05T00:00:00+00:00
[2024-01-05T14:17:26.277+0000] {processor.py:175} INFO - Processing /home/airflow/.local/lib/python3.7/site-packages/airflow/example_dags/example_branch_day_of_week_operator.py took 0.079 seconds
[2024-01-05T14:17:57.856+0000] {processor.py:153} INFO - Started process (PID=7294) to work on /home/airflow/.local/lib/python3.7/site-packages/airflow/example_dags/example_branch_day_of_week_operator.py
[2024-01-05T14:17:57.860+0000] {processor.py:743} INFO - Processing file /home/airflow/.local/lib/python3.7/site-packages/airflow/example_dags/example_branch_day_of_week_operator.py for tasks to queue
[2024-01-05T14:17:57.861+0000] {logging_mixin.py:137} INFO - [2024-01-05T14:17:57.861+0000] {dagbag.py:538} INFO - Filling up the DagBag from /home/airflow/.local/lib/python3.7/site-packages/airflow/example_dags/example_branch_day_of_week_operator.py
[2024-01-05T14:17:57.916+0000] {processor.py:753} INFO - DAG(s) dict_keys(['example_weekday_branch_operator']) retrieved from /home/airflow/.local/lib/python3.7/site-packages/airflow/example_dags/example_branch_day_of_week_operator.py
[2024-01-05T14:17:57.994+0000] {logging_mixin.py:137} INFO - [2024-01-05T14:17:57.994+0000] {dag.py:2690} INFO - Sync 1 DAGs
[2024-01-05T14:17:58.040+0000] {logging_mixin.py:137} INFO - [2024-01-05T14:17:58.040+0000] {dag.py:3441} INFO - Setting next_dagrun for example_weekday_branch_operator to 2024-01-04T00:00:00+00:00, run_after=2024-01-05T00:00:00+00:00
[2024-01-05T14:17:58.084+0000] {processor.py:175} INFO - Processing /home/airflow/.local/lib/python3.7/site-packages/airflow/example_dags/example_branch_day_of_week_operator.py took 0.231 seconds
[2024-01-05T14:18:28.656+0000] {processor.py:153} INFO - Started process (PID=7361) to work on /home/airflow/.local/lib/python3.7/site-packages/airflow/example_dags/example_branch_day_of_week_operator.py
[2024-01-05T14:18:28.658+0000] {processor.py:743} INFO - Processing file /home/airflow/.local/lib/python3.7/site-packages/airflow/example_dags/example_branch_day_of_week_operator.py for tasks to queue
[2024-01-05T14:18:28.659+0000] {logging_mixin.py:137} INFO - [2024-01-05T14:18:28.659+0000] {dagbag.py:538} INFO - Filling up the DagBag from /home/airflow/.local/lib/python3.7/site-packages/airflow/example_dags/example_branch_day_of_week_operator.py
[2024-01-05T14:18:28.675+0000] {processor.py:753} INFO - DAG(s) dict_keys(['example_weekday_branch_operator']) retrieved from /home/airflow/.local/lib/python3.7/site-packages/airflow/example_dags/example_branch_day_of_week_operator.py
[2024-01-05T14:18:28.697+0000] {logging_mixin.py:137} INFO - [2024-01-05T14:18:28.697+0000] {dag.py:2690} INFO - Sync 1 DAGs
[2024-01-05T14:18:28.716+0000] {logging_mixin.py:137} INFO - [2024-01-05T14:18:28.716+0000] {dag.py:3441} INFO - Setting next_dagrun for example_weekday_branch_operator to 2024-01-04T00:00:00+00:00, run_after=2024-01-05T00:00:00+00:00
[2024-01-05T14:18:28.727+0000] {processor.py:175} INFO - Processing /home/airflow/.local/lib/python3.7/site-packages/airflow/example_dags/example_branch_day_of_week_operator.py took 0.074 seconds
[2024-01-05T14:18:59.411+0000] {processor.py:153} INFO - Started process (PID=7436) to work on /home/airflow/.local/lib/python3.7/site-packages/airflow/example_dags/example_branch_day_of_week_operator.py
[2024-01-05T14:18:59.412+0000] {processor.py:743} INFO - Processing file /home/airflow/.local/lib/python3.7/site-packages/airflow/example_dags/example_branch_day_of_week_operator.py for tasks to queue
[2024-01-05T14:18:59.413+0000] {logging_mixin.py:137} INFO - [2024-01-05T14:18:59.413+0000] {dagbag.py:538} INFO - Filling up the DagBag from /home/airflow/.local/lib/python3.7/site-packages/airflow/example_dags/example_branch_day_of_week_operator.py
[2024-01-05T14:18:59.427+0000] {processor.py:753} INFO - DAG(s) dict_keys(['example_weekday_branch_operator']) retrieved from /home/airflow/.local/lib/python3.7/site-packages/airflow/example_dags/example_branch_day_of_week_operator.py
[2024-01-05T14:18:59.448+0000] {logging_mixin.py:137} INFO - [2024-01-05T14:18:59.448+0000] {dag.py:2690} INFO - Sync 1 DAGs
[2024-01-05T14:18:59.466+0000] {logging_mixin.py:137} INFO - [2024-01-05T14:18:59.466+0000] {dag.py:3441} INFO - Setting next_dagrun for example_weekday_branch_operator to 2024-01-04T00:00:00+00:00, run_after=2024-01-05T00:00:00+00:00
[2024-01-05T14:18:59.477+0000] {processor.py:175} INFO - Processing /home/airflow/.local/lib/python3.7/site-packages/airflow/example_dags/example_branch_day_of_week_operator.py took 0.069 seconds
[2024-01-05T14:19:30.273+0000] {processor.py:153} INFO - Started process (PID=7499) to work on /home/airflow/.local/lib/python3.7/site-packages/airflow/example_dags/example_branch_day_of_week_operator.py
[2024-01-05T14:19:30.275+0000] {processor.py:743} INFO - Processing file /home/airflow/.local/lib/python3.7/site-packages/airflow/example_dags/example_branch_day_of_week_operator.py for tasks to queue
[2024-01-05T14:19:30.276+0000] {logging_mixin.py:137} INFO - [2024-01-05T14:19:30.276+0000] {dagbag.py:538} INFO - Filling up the DagBag from /home/airflow/.local/lib/python3.7/site-packages/airflow/example_dags/example_branch_day_of_week_operator.py
[2024-01-05T14:19:30.292+0000] {processor.py:753} INFO - DAG(s) dict_keys(['example_weekday_branch_operator']) retrieved from /home/airflow/.local/lib/python3.7/site-packages/airflow/example_dags/example_branch_day_of_week_operator.py
[2024-01-05T14:19:30.321+0000] {logging_mixin.py:137} INFO - [2024-01-05T14:19:30.321+0000] {dag.py:2690} INFO - Sync 1 DAGs
[2024-01-05T14:19:30.342+0000] {logging_mixin.py:137} INFO - [2024-01-05T14:19:30.341+0000] {dag.py:3441} INFO - Setting next_dagrun for example_weekday_branch_operator to 2024-01-04T00:00:00+00:00, run_after=2024-01-05T00:00:00+00:00
[2024-01-05T14:19:30.369+0000] {processor.py:175} INFO - Processing /home/airflow/.local/lib/python3.7/site-packages/airflow/example_dags/example_branch_day_of_week_operator.py took 0.099 seconds
[2024-01-05T14:20:00.645+0000] {processor.py:153} INFO - Started process (PID=7573) to work on /home/airflow/.local/lib/python3.7/site-packages/airflow/example_dags/example_branch_day_of_week_operator.py
[2024-01-05T14:20:00.646+0000] {processor.py:743} INFO - Processing file /home/airflow/.local/lib/python3.7/site-packages/airflow/example_dags/example_branch_day_of_week_operator.py for tasks to queue
[2024-01-05T14:20:00.646+0000] {logging_mixin.py:137} INFO - [2024-01-05T14:20:00.646+0000] {dagbag.py:538} INFO - Filling up the DagBag from /home/airflow/.local/lib/python3.7/site-packages/airflow/example_dags/example_branch_day_of_week_operator.py
[2024-01-05T14:20:00.658+0000] {processor.py:753} INFO - DAG(s) dict_keys(['example_weekday_branch_operator']) retrieved from /home/airflow/.local/lib/python3.7/site-packages/airflow/example_dags/example_branch_day_of_week_operator.py
[2024-01-05T14:20:00.681+0000] {logging_mixin.py:137} INFO - [2024-01-05T14:20:00.681+0000] {dag.py:2690} INFO - Sync 1 DAGs
[2024-01-05T14:20:00.698+0000] {logging_mixin.py:137} INFO - [2024-01-05T14:20:00.698+0000] {dag.py:3441} INFO - Setting next_dagrun for example_weekday_branch_operator to 2024-01-04T00:00:00+00:00, run_after=2024-01-05T00:00:00+00:00
[2024-01-05T14:20:00.713+0000] {processor.py:175} INFO - Processing /home/airflow/.local/lib/python3.7/site-packages/airflow/example_dags/example_branch_day_of_week_operator.py took 0.072 seconds
[2024-01-05T14:20:31.808+0000] {processor.py:153} INFO - Started process (PID=7645) to work on /home/airflow/.local/lib/python3.7/site-packages/airflow/example_dags/example_branch_day_of_week_operator.py
[2024-01-05T14:20:31.812+0000] {processor.py:743} INFO - Processing file /home/airflow/.local/lib/python3.7/site-packages/airflow/example_dags/example_branch_day_of_week_operator.py for tasks to queue
[2024-01-05T14:20:31.813+0000] {logging_mixin.py:137} INFO - [2024-01-05T14:20:31.813+0000] {dagbag.py:538} INFO - Filling up the DagBag from /home/airflow/.local/lib/python3.7/site-packages/airflow/example_dags/example_branch_day_of_week_operator.py
[2024-01-05T14:20:31.835+0000] {processor.py:753} INFO - DAG(s) dict_keys(['example_weekday_branch_operator']) retrieved from /home/airflow/.local/lib/python3.7/site-packages/airflow/example_dags/example_branch_day_of_week_operator.py
[2024-01-05T14:20:31.889+0000] {logging_mixin.py:137} INFO - [2024-01-05T14:20:31.889+0000] {dag.py:2690} INFO - Sync 1 DAGs
[2024-01-05T14:20:31.922+0000] {logging_mixin.py:137} INFO - [2024-01-05T14:20:31.922+0000] {dag.py:3441} INFO - Setting next_dagrun for example_weekday_branch_operator to 2024-01-04T00:00:00+00:00, run_after=2024-01-05T00:00:00+00:00
[2024-01-05T14:20:31.947+0000] {processor.py:175} INFO - Processing /home/airflow/.local/lib/python3.7/site-packages/airflow/example_dags/example_branch_day_of_week_operator.py took 0.143 seconds
[2024-01-05T14:21:02.437+0000] {processor.py:153} INFO - Started process (PID=7711) to work on /home/airflow/.local/lib/python3.7/site-packages/airflow/example_dags/example_branch_day_of_week_operator.py
[2024-01-05T14:21:02.439+0000] {processor.py:743} INFO - Processing file /home/airflow/.local/lib/python3.7/site-packages/airflow/example_dags/example_branch_day_of_week_operator.py for tasks to queue
[2024-01-05T14:21:02.440+0000] {logging_mixin.py:137} INFO - [2024-01-05T14:21:02.440+0000] {dagbag.py:538} INFO - Filling up the DagBag from /home/airflow/.local/lib/python3.7/site-packages/airflow/example_dags/example_branch_day_of_week_operator.py
[2024-01-05T14:21:02.457+0000] {processor.py:753} INFO - DAG(s) dict_keys(['example_weekday_branch_operator']) retrieved from /home/airflow/.local/lib/python3.7/site-packages/airflow/example_dags/example_branch_day_of_week_operator.py
[2024-01-05T14:21:02.481+0000] {logging_mixin.py:137} INFO - [2024-01-05T14:21:02.481+0000] {dag.py:2690} INFO - Sync 1 DAGs
[2024-01-05T14:21:02.501+0000] {logging_mixin.py:137} INFO - [2024-01-05T14:21:02.501+0000] {dag.py:3441} INFO - Setting next_dagrun for example_weekday_branch_operator to 2024-01-04T00:00:00+00:00, run_after=2024-01-05T00:00:00+00:00
[2024-01-05T14:21:02.514+0000] {processor.py:175} INFO - Processing /home/airflow/.local/lib/python3.7/site-packages/airflow/example_dags/example_branch_day_of_week_operator.py took 0.081 seconds
[2024-01-05T14:21:33.087+0000] {processor.py:153} INFO - Started process (PID=7787) to work on /home/airflow/.local/lib/python3.7/site-packages/airflow/example_dags/example_branch_day_of_week_operator.py
[2024-01-05T14:21:33.090+0000] {processor.py:743} INFO - Processing file /home/airflow/.local/lib/python3.7/site-packages/airflow/example_dags/example_branch_day_of_week_operator.py for tasks to queue
[2024-01-05T14:21:33.091+0000] {logging_mixin.py:137} INFO - [2024-01-05T14:21:33.091+0000] {dagbag.py:538} INFO - Filling up the DagBag from /home/airflow/.local/lib/python3.7/site-packages/airflow/example_dags/example_branch_day_of_week_operator.py
[2024-01-05T14:21:33.107+0000] {processor.py:753} INFO - DAG(s) dict_keys(['example_weekday_branch_operator']) retrieved from /home/airflow/.local/lib/python3.7/site-packages/airflow/example_dags/example_branch_day_of_week_operator.py
[2024-01-05T14:21:33.164+0000] {logging_mixin.py:137} INFO - [2024-01-05T14:21:33.164+0000] {dag.py:2690} INFO - Sync 1 DAGs
[2024-01-05T14:21:33.199+0000] {logging_mixin.py:137} INFO - [2024-01-05T14:21:33.199+0000] {dag.py:3441} INFO - Setting next_dagrun for example_weekday_branch_operator to 2024-01-04T00:00:00+00:00, run_after=2024-01-05T00:00:00+00:00
[2024-01-05T14:21:33.215+0000] {processor.py:175} INFO - Processing /home/airflow/.local/lib/python3.7/site-packages/airflow/example_dags/example_branch_day_of_week_operator.py took 0.133 seconds
[2024-01-05T14:22:03.279+0000] {processor.py:153} INFO - Started process (PID=7850) to work on /home/airflow/.local/lib/python3.7/site-packages/airflow/example_dags/example_branch_day_of_week_operator.py
[2024-01-05T14:22:03.280+0000] {processor.py:743} INFO - Processing file /home/airflow/.local/lib/python3.7/site-packages/airflow/example_dags/example_branch_day_of_week_operator.py for tasks to queue
[2024-01-05T14:22:03.281+0000] {logging_mixin.py:137} INFO - [2024-01-05T14:22:03.281+0000] {dagbag.py:538} INFO - Filling up the DagBag from /home/airflow/.local/lib/python3.7/site-packages/airflow/example_dags/example_branch_day_of_week_operator.py
[2024-01-05T14:22:03.294+0000] {processor.py:753} INFO - DAG(s) dict_keys(['example_weekday_branch_operator']) retrieved from /home/airflow/.local/lib/python3.7/site-packages/airflow/example_dags/example_branch_day_of_week_operator.py
[2024-01-05T14:22:03.317+0000] {logging_mixin.py:137} INFO - [2024-01-05T14:22:03.317+0000] {dag.py:2690} INFO - Sync 1 DAGs
[2024-01-05T14:22:03.338+0000] {logging_mixin.py:137} INFO - [2024-01-05T14:22:03.338+0000] {dag.py:3441} INFO - Setting next_dagrun for example_weekday_branch_operator to 2024-01-04T00:00:00+00:00, run_after=2024-01-05T00:00:00+00:00
[2024-01-05T14:22:03.352+0000] {processor.py:175} INFO - Processing /home/airflow/.local/lib/python3.7/site-packages/airflow/example_dags/example_branch_day_of_week_operator.py took 0.076 seconds
[2024-01-05T14:22:34.023+0000] {processor.py:153} INFO - Started process (PID=7926) to work on /home/airflow/.local/lib/python3.7/site-packages/airflow/example_dags/example_branch_day_of_week_operator.py
[2024-01-05T14:22:34.025+0000] {processor.py:743} INFO - Processing file /home/airflow/.local/lib/python3.7/site-packages/airflow/example_dags/example_branch_day_of_week_operator.py for tasks to queue
[2024-01-05T14:22:34.025+0000] {logging_mixin.py:137} INFO - [2024-01-05T14:22:34.025+0000] {dagbag.py:538} INFO - Filling up the DagBag from /home/airflow/.local/lib/python3.7/site-packages/airflow/example_dags/example_branch_day_of_week_operator.py
[2024-01-05T14:22:34.040+0000] {processor.py:753} INFO - DAG(s) dict_keys(['example_weekday_branch_operator']) retrieved from /home/airflow/.local/lib/python3.7/site-packages/airflow/example_dags/example_branch_day_of_week_operator.py
[2024-01-05T14:22:34.074+0000] {logging_mixin.py:137} INFO - [2024-01-05T14:22:34.073+0000] {dag.py:2690} INFO - Sync 1 DAGs
[2024-01-05T14:22:34.096+0000] {logging_mixin.py:137} INFO - [2024-01-05T14:22:34.096+0000] {dag.py:3441} INFO - Setting next_dagrun for example_weekday_branch_operator to 2024-01-04T00:00:00+00:00, run_after=2024-01-05T00:00:00+00:00
[2024-01-05T14:22:34.117+0000] {processor.py:175} INFO - Processing /home/airflow/.local/lib/python3.7/site-packages/airflow/example_dags/example_branch_day_of_week_operator.py took 0.097 seconds
[2024-01-05T14:23:04.952+0000] {processor.py:153} INFO - Started process (PID=7989) to work on /home/airflow/.local/lib/python3.7/site-packages/airflow/example_dags/example_branch_day_of_week_operator.py
[2024-01-05T14:23:04.954+0000] {processor.py:743} INFO - Processing file /home/airflow/.local/lib/python3.7/site-packages/airflow/example_dags/example_branch_day_of_week_operator.py for tasks to queue
[2024-01-05T14:23:04.955+0000] {logging_mixin.py:137} INFO - [2024-01-05T14:23:04.955+0000] {dagbag.py:538} INFO - Filling up the DagBag from /home/airflow/.local/lib/python3.7/site-packages/airflow/example_dags/example_branch_day_of_week_operator.py
[2024-01-05T14:23:04.971+0000] {processor.py:753} INFO - DAG(s) dict_keys(['example_weekday_branch_operator']) retrieved from /home/airflow/.local/lib/python3.7/site-packages/airflow/example_dags/example_branch_day_of_week_operator.py
[2024-01-05T14:23:04.994+0000] {logging_mixin.py:137} INFO - [2024-01-05T14:23:04.993+0000] {dag.py:2690} INFO - Sync 1 DAGs
[2024-01-05T14:23:05.012+0000] {logging_mixin.py:137} INFO - [2024-01-05T14:23:05.012+0000] {dag.py:3441} INFO - Setting next_dagrun for example_weekday_branch_operator to 2024-01-04T00:00:00+00:00, run_after=2024-01-05T00:00:00+00:00
[2024-01-05T14:23:05.025+0000] {processor.py:175} INFO - Processing /home/airflow/.local/lib/python3.7/site-packages/airflow/example_dags/example_branch_day_of_week_operator.py took 0.077 seconds
[2024-01-05T14:23:35.485+0000] {processor.py:153} INFO - Started process (PID=8064) to work on /home/airflow/.local/lib/python3.7/site-packages/airflow/example_dags/example_branch_day_of_week_operator.py
[2024-01-05T14:23:35.486+0000] {processor.py:743} INFO - Processing file /home/airflow/.local/lib/python3.7/site-packages/airflow/example_dags/example_branch_day_of_week_operator.py for tasks to queue
[2024-01-05T14:23:35.487+0000] {logging_mixin.py:137} INFO - [2024-01-05T14:23:35.487+0000] {dagbag.py:538} INFO - Filling up the DagBag from /home/airflow/.local/lib/python3.7/site-packages/airflow/example_dags/example_branch_day_of_week_operator.py
[2024-01-05T14:23:35.499+0000] {processor.py:753} INFO - DAG(s) dict_keys(['example_weekday_branch_operator']) retrieved from /home/airflow/.local/lib/python3.7/site-packages/airflow/example_dags/example_branch_day_of_week_operator.py
[2024-01-05T14:23:35.520+0000] {logging_mixin.py:137} INFO - [2024-01-05T14:23:35.520+0000] {dag.py:2690} INFO - Sync 1 DAGs
[2024-01-05T14:23:35.540+0000] {logging_mixin.py:137} INFO - [2024-01-05T14:23:35.540+0000] {dag.py:3441} INFO - Setting next_dagrun for example_weekday_branch_operator to 2024-01-04T00:00:00+00:00, run_after=2024-01-05T00:00:00+00:00
[2024-01-05T14:23:35.553+0000] {processor.py:175} INFO - Processing /home/airflow/.local/lib/python3.7/site-packages/airflow/example_dags/example_branch_day_of_week_operator.py took 0.071 seconds
[2024-01-05T14:24:06.309+0000] {processor.py:153} INFO - Started process (PID=8127) to work on /home/airflow/.local/lib/python3.7/site-packages/airflow/example_dags/example_branch_day_of_week_operator.py
[2024-01-05T14:24:06.310+0000] {processor.py:743} INFO - Processing file /home/airflow/.local/lib/python3.7/site-packages/airflow/example_dags/example_branch_day_of_week_operator.py for tasks to queue
[2024-01-05T14:24:06.311+0000] {logging_mixin.py:137} INFO - [2024-01-05T14:24:06.311+0000] {dagbag.py:538} INFO - Filling up the DagBag from /home/airflow/.local/lib/python3.7/site-packages/airflow/example_dags/example_branch_day_of_week_operator.py
[2024-01-05T14:24:06.321+0000] {processor.py:753} INFO - DAG(s) dict_keys(['example_weekday_branch_operator']) retrieved from /home/airflow/.local/lib/python3.7/site-packages/airflow/example_dags/example_branch_day_of_week_operator.py
[2024-01-05T14:24:06.339+0000] {logging_mixin.py:137} INFO - [2024-01-05T14:24:06.339+0000] {dag.py:2690} INFO - Sync 1 DAGs
[2024-01-05T14:24:06.355+0000] {logging_mixin.py:137} INFO - [2024-01-05T14:24:06.355+0000] {dag.py:3441} INFO - Setting next_dagrun for example_weekday_branch_operator to 2024-01-04T00:00:00+00:00, run_after=2024-01-05T00:00:00+00:00
[2024-01-05T14:24:06.365+0000] {processor.py:175} INFO - Processing /home/airflow/.local/lib/python3.7/site-packages/airflow/example_dags/example_branch_day_of_week_operator.py took 0.059 seconds
[2024-01-05T14:24:37.111+0000] {processor.py:153} INFO - Started process (PID=8203) to work on /home/airflow/.local/lib/python3.7/site-packages/airflow/example_dags/example_branch_day_of_week_operator.py
[2024-01-05T14:24:37.113+0000] {processor.py:743} INFO - Processing file /home/airflow/.local/lib/python3.7/site-packages/airflow/example_dags/example_branch_day_of_week_operator.py for tasks to queue
[2024-01-05T14:24:37.113+0000] {logging_mixin.py:137} INFO - [2024-01-05T14:24:37.113+0000] {dagbag.py:538} INFO - Filling up the DagBag from /home/airflow/.local/lib/python3.7/site-packages/airflow/example_dags/example_branch_day_of_week_operator.py
[2024-01-05T14:24:37.125+0000] {processor.py:753} INFO - DAG(s) dict_keys(['example_weekday_branch_operator']) retrieved from /home/airflow/.local/lib/python3.7/site-packages/airflow/example_dags/example_branch_day_of_week_operator.py
[2024-01-05T14:24:37.146+0000] {logging_mixin.py:137} INFO - [2024-01-05T14:24:37.146+0000] {dag.py:2690} INFO - Sync 1 DAGs
[2024-01-05T14:24:37.162+0000] {logging_mixin.py:137} INFO - [2024-01-05T14:24:37.162+0000] {dag.py:3441} INFO - Setting next_dagrun for example_weekday_branch_operator to 2024-01-04T00:00:00+00:00, run_after=2024-01-05T00:00:00+00:00
[2024-01-05T14:24:37.173+0000] {processor.py:175} INFO - Processing /home/airflow/.local/lib/python3.7/site-packages/airflow/example_dags/example_branch_day_of_week_operator.py took 0.065 seconds
[2024-01-05T14:25:07.754+0000] {processor.py:153} INFO - Started process (PID=8266) to work on /home/airflow/.local/lib/python3.7/site-packages/airflow/example_dags/example_branch_day_of_week_operator.py
[2024-01-05T14:25:07.755+0000] {processor.py:743} INFO - Processing file /home/airflow/.local/lib/python3.7/site-packages/airflow/example_dags/example_branch_day_of_week_operator.py for tasks to queue
[2024-01-05T14:25:07.756+0000] {logging_mixin.py:137} INFO - [2024-01-05T14:25:07.756+0000] {dagbag.py:538} INFO - Filling up the DagBag from /home/airflow/.local/lib/python3.7/site-packages/airflow/example_dags/example_branch_day_of_week_operator.py
[2024-01-05T14:25:07.768+0000] {processor.py:753} INFO - DAG(s) dict_keys(['example_weekday_branch_operator']) retrieved from /home/airflow/.local/lib/python3.7/site-packages/airflow/example_dags/example_branch_day_of_week_operator.py
[2024-01-05T14:25:07.789+0000] {logging_mixin.py:137} INFO - [2024-01-05T14:25:07.789+0000] {dag.py:2690} INFO - Sync 1 DAGs
[2024-01-05T14:25:07.807+0000] {logging_mixin.py:137} INFO - [2024-01-05T14:25:07.806+0000] {dag.py:3441} INFO - Setting next_dagrun for example_weekday_branch_operator to 2024-01-04T00:00:00+00:00, run_after=2024-01-05T00:00:00+00:00
[2024-01-05T14:25:07.818+0000] {processor.py:175} INFO - Processing /home/airflow/.local/lib/python3.7/site-packages/airflow/example_dags/example_branch_day_of_week_operator.py took 0.067 seconds
[2024-01-05T14:25:38.196+0000] {processor.py:153} INFO - Started process (PID=8342) to work on /home/airflow/.local/lib/python3.7/site-packages/airflow/example_dags/example_branch_day_of_week_operator.py
[2024-01-05T14:25:38.197+0000] {processor.py:743} INFO - Processing file /home/airflow/.local/lib/python3.7/site-packages/airflow/example_dags/example_branch_day_of_week_operator.py for tasks to queue
[2024-01-05T14:25:38.198+0000] {logging_mixin.py:137} INFO - [2024-01-05T14:25:38.198+0000] {dagbag.py:538} INFO - Filling up the DagBag from /home/airflow/.local/lib/python3.7/site-packages/airflow/example_dags/example_branch_day_of_week_operator.py
[2024-01-05T14:25:38.210+0000] {processor.py:753} INFO - DAG(s) dict_keys(['example_weekday_branch_operator']) retrieved from /home/airflow/.local/lib/python3.7/site-packages/airflow/example_dags/example_branch_day_of_week_operator.py
[2024-01-05T14:25:38.231+0000] {logging_mixin.py:137} INFO - [2024-01-05T14:25:38.231+0000] {dag.py:2690} INFO - Sync 1 DAGs
[2024-01-05T14:25:38.253+0000] {logging_mixin.py:137} INFO - [2024-01-05T14:25:38.253+0000] {dag.py:3441} INFO - Setting next_dagrun for example_weekday_branch_operator to 2024-01-04T00:00:00+00:00, run_after=2024-01-05T00:00:00+00:00
[2024-01-05T14:25:38.267+0000] {processor.py:175} INFO - Processing /home/airflow/.local/lib/python3.7/site-packages/airflow/example_dags/example_branch_day_of_week_operator.py took 0.073 seconds
[2024-01-05T14:26:09.345+0000] {processor.py:153} INFO - Started process (PID=8414) to work on /home/airflow/.local/lib/python3.7/site-packages/airflow/example_dags/example_branch_day_of_week_operator.py
[2024-01-05T14:26:09.348+0000] {processor.py:743} INFO - Processing file /home/airflow/.local/lib/python3.7/site-packages/airflow/example_dags/example_branch_day_of_week_operator.py for tasks to queue
[2024-01-05T14:26:09.349+0000] {logging_mixin.py:137} INFO - [2024-01-05T14:26:09.349+0000] {dagbag.py:538} INFO - Filling up the DagBag from /home/airflow/.local/lib/python3.7/site-packages/airflow/example_dags/example_branch_day_of_week_operator.py
[2024-01-05T14:26:09.372+0000] {processor.py:753} INFO - DAG(s) dict_keys(['example_weekday_branch_operator']) retrieved from /home/airflow/.local/lib/python3.7/site-packages/airflow/example_dags/example_branch_day_of_week_operator.py
[2024-01-05T14:26:09.412+0000] {logging_mixin.py:137} INFO - [2024-01-05T14:26:09.412+0000] {dag.py:2690} INFO - Sync 1 DAGs
[2024-01-05T14:26:09.437+0000] {logging_mixin.py:137} INFO - [2024-01-05T14:26:09.437+0000] {dag.py:3441} INFO - Setting next_dagrun for example_weekday_branch_operator to 2024-01-04T00:00:00+00:00, run_after=2024-01-05T00:00:00+00:00
[2024-01-05T14:26:09.453+0000] {processor.py:175} INFO - Processing /home/airflow/.local/lib/python3.7/site-packages/airflow/example_dags/example_branch_day_of_week_operator.py took 0.116 seconds
[2024-01-05T14:26:39.557+0000] {processor.py:153} INFO - Started process (PID=8480) to work on /home/airflow/.local/lib/python3.7/site-packages/airflow/example_dags/example_branch_day_of_week_operator.py
[2024-01-05T14:26:39.559+0000] {processor.py:743} INFO - Processing file /home/airflow/.local/lib/python3.7/site-packages/airflow/example_dags/example_branch_day_of_week_operator.py for tasks to queue
[2024-01-05T14:26:39.560+0000] {logging_mixin.py:137} INFO - [2024-01-05T14:26:39.560+0000] {dagbag.py:538} INFO - Filling up the DagBag from /home/airflow/.local/lib/python3.7/site-packages/airflow/example_dags/example_branch_day_of_week_operator.py
[2024-01-05T14:26:39.574+0000] {processor.py:753} INFO - DAG(s) dict_keys(['example_weekday_branch_operator']) retrieved from /home/airflow/.local/lib/python3.7/site-packages/airflow/example_dags/example_branch_day_of_week_operator.py
[2024-01-05T14:26:39.595+0000] {logging_mixin.py:137} INFO - [2024-01-05T14:26:39.595+0000] {dag.py:2690} INFO - Sync 1 DAGs
[2024-01-05T14:26:39.613+0000] {logging_mixin.py:137} INFO - [2024-01-05T14:26:39.613+0000] {dag.py:3441} INFO - Setting next_dagrun for example_weekday_branch_operator to 2024-01-04T00:00:00+00:00, run_after=2024-01-05T00:00:00+00:00
[2024-01-05T14:26:39.630+0000] {processor.py:175} INFO - Processing /home/airflow/.local/lib/python3.7/site-packages/airflow/example_dags/example_branch_day_of_week_operator.py took 0.076 seconds
