[2024-01-05T01:20:55.406+0000] {processor.py:153} INFO - Started process (PID=4333) to work on /home/airflow/.local/lib/python3.7/site-packages/airflow/example_dags/example_branch_python_dop_operator_3.py
[2024-01-05T01:20:55.410+0000] {processor.py:743} INFO - Processing file /home/airflow/.local/lib/python3.7/site-packages/airflow/example_dags/example_branch_python_dop_operator_3.py for tasks to queue
[2024-01-05T01:20:55.413+0000] {logging_mixin.py:137} INFO - [2024-01-05T01:20:55.413+0000] {dagbag.py:538} INFO - Filling up the DagBag from /home/airflow/.local/lib/python3.7/site-packages/airflow/example_dags/example_branch_python_dop_operator_3.py
[2024-01-05T01:20:55.511+0000] {processor.py:753} INFO - DAG(s) dict_keys(['example_branch_dop_operator_v3']) retrieved from /home/airflow/.local/lib/python3.7/site-packages/airflow/example_dags/example_branch_python_dop_operator_3.py
[2024-01-05T01:20:55.548+0000] {logging_mixin.py:137} INFO - [2024-01-05T01:20:55.548+0000] {dag.py:2690} INFO - Sync 1 DAGs
[2024-01-05T01:20:55.618+0000] {logging_mixin.py:137} INFO - [2024-01-05T01:20:55.618+0000] {dag.py:3441} INFO - Setting next_dagrun for example_branch_dop_operator_v3 to 2024-01-05T01:19:00+00:00, run_after=2024-01-05T01:20:00+00:00
[2024-01-05T01:20:55.754+0000] {processor.py:175} INFO - Processing /home/airflow/.local/lib/python3.7/site-packages/airflow/example_dags/example_branch_python_dop_operator_3.py took 0.353 seconds
[2024-01-05T02:31:18.171+0000] {processor.py:153} INFO - Started process (PID=4399) to work on /home/airflow/.local/lib/python3.7/site-packages/airflow/example_dags/example_branch_python_dop_operator_3.py
[2024-01-05T02:31:18.173+0000] {processor.py:743} INFO - Processing file /home/airflow/.local/lib/python3.7/site-packages/airflow/example_dags/example_branch_python_dop_operator_3.py for tasks to queue
[2024-01-05T02:31:18.174+0000] {logging_mixin.py:137} INFO - [2024-01-05T02:31:18.174+0000] {dagbag.py:538} INFO - Filling up the DagBag from /home/airflow/.local/lib/python3.7/site-packages/airflow/example_dags/example_branch_python_dop_operator_3.py
[2024-01-05T02:31:18.191+0000] {processor.py:753} INFO - DAG(s) dict_keys(['example_branch_dop_operator_v3']) retrieved from /home/airflow/.local/lib/python3.7/site-packages/airflow/example_dags/example_branch_python_dop_operator_3.py
[2024-01-05T02:31:18.211+0000] {logging_mixin.py:137} INFO - [2024-01-05T02:31:18.210+0000] {dag.py:2690} INFO - Sync 1 DAGs
[2024-01-05T02:31:18.229+0000] {logging_mixin.py:137} INFO - [2024-01-05T02:31:18.229+0000] {dag.py:3441} INFO - Setting next_dagrun for example_branch_dop_operator_v3 to 2024-01-05T02:30:00+00:00, run_after=2024-01-05T02:31:00+00:00
[2024-01-05T02:31:18.245+0000] {processor.py:175} INFO - Processing /home/airflow/.local/lib/python3.7/site-packages/airflow/example_dags/example_branch_python_dop_operator_3.py took 0.078 seconds
[2024-01-05T03:42:27.069+0000] {processor.py:153} INFO - Started process (PID=4462) to work on /home/airflow/.local/lib/python3.7/site-packages/airflow/example_dags/example_branch_python_dop_operator_3.py
[2024-01-05T03:42:27.070+0000] {processor.py:743} INFO - Processing file /home/airflow/.local/lib/python3.7/site-packages/airflow/example_dags/example_branch_python_dop_operator_3.py for tasks to queue
[2024-01-05T03:42:27.071+0000] {logging_mixin.py:137} INFO - [2024-01-05T03:42:27.071+0000] {dagbag.py:538} INFO - Filling up the DagBag from /home/airflow/.local/lib/python3.7/site-packages/airflow/example_dags/example_branch_python_dop_operator_3.py
[2024-01-05T03:42:27.108+0000] {processor.py:753} INFO - DAG(s) dict_keys(['example_branch_dop_operator_v3']) retrieved from /home/airflow/.local/lib/python3.7/site-packages/airflow/example_dags/example_branch_python_dop_operator_3.py
[2024-01-05T03:42:27.158+0000] {logging_mixin.py:137} INFO - [2024-01-05T03:42:27.158+0000] {dag.py:2690} INFO - Sync 1 DAGs
[2024-01-05T03:42:27.206+0000] {logging_mixin.py:137} INFO - [2024-01-05T03:42:27.206+0000] {dag.py:3441} INFO - Setting next_dagrun for example_branch_dop_operator_v3 to 2024-01-05T03:41:00+00:00, run_after=2024-01-05T03:42:00+00:00
[2024-01-05T03:42:27.226+0000] {processor.py:175} INFO - Processing /home/airflow/.local/lib/python3.7/site-packages/airflow/example_dags/example_branch_python_dop_operator_3.py took 0.161 seconds
[2024-01-05T05:03:26.492+0000] {processor.py:153} INFO - Started process (PID=4537) to work on /home/airflow/.local/lib/python3.7/site-packages/airflow/example_dags/example_branch_python_dop_operator_3.py
[2024-01-05T05:03:26.495+0000] {processor.py:743} INFO - Processing file /home/airflow/.local/lib/python3.7/site-packages/airflow/example_dags/example_branch_python_dop_operator_3.py for tasks to queue
[2024-01-05T05:03:26.497+0000] {logging_mixin.py:137} INFO - [2024-01-05T05:03:26.497+0000] {dagbag.py:538} INFO - Filling up the DagBag from /home/airflow/.local/lib/python3.7/site-packages/airflow/example_dags/example_branch_python_dop_operator_3.py
[2024-01-05T05:03:26.519+0000] {processor.py:753} INFO - DAG(s) dict_keys(['example_branch_dop_operator_v3']) retrieved from /home/airflow/.local/lib/python3.7/site-packages/airflow/example_dags/example_branch_python_dop_operator_3.py
[2024-01-05T05:03:26.792+0000] {logging_mixin.py:137} INFO - [2024-01-05T05:03:26.791+0000] {dag.py:2690} INFO - Sync 1 DAGs
[2024-01-05T05:03:26.952+0000] {logging_mixin.py:137} INFO - [2024-01-05T05:03:26.947+0000] {dag.py:3441} INFO - Setting next_dagrun for example_branch_dop_operator_v3 to 2024-01-05T05:02:00+00:00, run_after=2024-01-05T05:03:00+00:00
[2024-01-05T05:03:27.057+0000] {processor.py:175} INFO - Processing /home/airflow/.local/lib/python3.7/site-packages/airflow/example_dags/example_branch_python_dop_operator_3.py took 0.572 seconds
[2024-01-05T06:28:02.939+0000] {processor.py:153} INFO - Started process (PID=4599) to work on /home/airflow/.local/lib/python3.7/site-packages/airflow/example_dags/example_branch_python_dop_operator_3.py
[2024-01-05T06:28:02.940+0000] {processor.py:743} INFO - Processing file /home/airflow/.local/lib/python3.7/site-packages/airflow/example_dags/example_branch_python_dop_operator_3.py for tasks to queue
[2024-01-05T06:28:02.941+0000] {logging_mixin.py:137} INFO - [2024-01-05T06:28:02.940+0000] {dagbag.py:538} INFO - Filling up the DagBag from /home/airflow/.local/lib/python3.7/site-packages/airflow/example_dags/example_branch_python_dop_operator_3.py
[2024-01-05T06:28:02.964+0000] {processor.py:753} INFO - DAG(s) dict_keys(['example_branch_dop_operator_v3']) retrieved from /home/airflow/.local/lib/python3.7/site-packages/airflow/example_dags/example_branch_python_dop_operator_3.py
[2024-01-05T06:28:02.985+0000] {logging_mixin.py:137} INFO - [2024-01-05T06:28:02.985+0000] {dag.py:2690} INFO - Sync 1 DAGs
[2024-01-05T06:28:03.005+0000] {logging_mixin.py:137} INFO - [2024-01-05T06:28:03.005+0000] {dag.py:3441} INFO - Setting next_dagrun for example_branch_dop_operator_v3 to 2024-01-05T06:27:00+00:00, run_after=2024-01-05T06:28:00+00:00
[2024-01-05T06:28:03.017+0000] {processor.py:175} INFO - Processing /home/airflow/.local/lib/python3.7/site-packages/airflow/example_dags/example_branch_python_dop_operator_3.py took 0.081 seconds
[2024-01-05T07:47:04.802+0000] {processor.py:153} INFO - Started process (PID=4662) to work on /home/airflow/.local/lib/python3.7/site-packages/airflow/example_dags/example_branch_python_dop_operator_3.py
[2024-01-05T07:47:04.806+0000] {processor.py:743} INFO - Processing file /home/airflow/.local/lib/python3.7/site-packages/airflow/example_dags/example_branch_python_dop_operator_3.py for tasks to queue
[2024-01-05T07:47:04.808+0000] {logging_mixin.py:137} INFO - [2024-01-05T07:47:04.807+0000] {dagbag.py:538} INFO - Filling up the DagBag from /home/airflow/.local/lib/python3.7/site-packages/airflow/example_dags/example_branch_python_dop_operator_3.py
[2024-01-05T07:47:04.832+0000] {processor.py:753} INFO - DAG(s) dict_keys(['example_branch_dop_operator_v3']) retrieved from /home/airflow/.local/lib/python3.7/site-packages/airflow/example_dags/example_branch_python_dop_operator_3.py
[2024-01-05T07:47:04.870+0000] {logging_mixin.py:137} INFO - [2024-01-05T07:47:04.870+0000] {dag.py:2690} INFO - Sync 1 DAGs
[2024-01-05T07:47:04.903+0000] {logging_mixin.py:137} INFO - [2024-01-05T07:47:04.903+0000] {dag.py:3441} INFO - Setting next_dagrun for example_branch_dop_operator_v3 to 2024-01-05T07:46:00+00:00, run_after=2024-01-05T07:47:00+00:00
[2024-01-05T07:47:04.938+0000] {processor.py:175} INFO - Processing /home/airflow/.local/lib/python3.7/site-packages/airflow/example_dags/example_branch_python_dop_operator_3.py took 0.142 seconds
[2024-01-05T09:24:47.329+0000] {processor.py:153} INFO - Started process (PID=4736) to work on /home/airflow/.local/lib/python3.7/site-packages/airflow/example_dags/example_branch_python_dop_operator_3.py
[2024-01-05T09:24:47.331+0000] {processor.py:743} INFO - Processing file /home/airflow/.local/lib/python3.7/site-packages/airflow/example_dags/example_branch_python_dop_operator_3.py for tasks to queue
[2024-01-05T09:24:47.332+0000] {logging_mixin.py:137} INFO - [2024-01-05T09:24:47.332+0000] {dagbag.py:538} INFO - Filling up the DagBag from /home/airflow/.local/lib/python3.7/site-packages/airflow/example_dags/example_branch_python_dop_operator_3.py
[2024-01-05T09:24:47.354+0000] {processor.py:753} INFO - DAG(s) dict_keys(['example_branch_dop_operator_v3']) retrieved from /home/airflow/.local/lib/python3.7/site-packages/airflow/example_dags/example_branch_python_dop_operator_3.py
[2024-01-05T09:24:47.463+0000] {logging_mixin.py:137} INFO - [2024-01-05T09:24:47.463+0000] {dag.py:2690} INFO - Sync 1 DAGs
[2024-01-05T09:24:47.514+0000] {logging_mixin.py:137} INFO - [2024-01-05T09:24:47.514+0000] {dag.py:3441} INFO - Setting next_dagrun for example_branch_dop_operator_v3 to 2024-01-05T09:23:00+00:00, run_after=2024-01-05T09:24:00+00:00
[2024-01-05T09:24:47.553+0000] {processor.py:175} INFO - Processing /home/airflow/.local/lib/python3.7/site-packages/airflow/example_dags/example_branch_python_dop_operator_3.py took 0.228 seconds
[2024-01-05T10:32:47.868+0000] {processor.py:153} INFO - Started process (PID=4799) to work on /home/airflow/.local/lib/python3.7/site-packages/airflow/example_dags/example_branch_python_dop_operator_3.py
[2024-01-05T10:32:47.869+0000] {processor.py:743} INFO - Processing file /home/airflow/.local/lib/python3.7/site-packages/airflow/example_dags/example_branch_python_dop_operator_3.py for tasks to queue
[2024-01-05T10:32:47.870+0000] {logging_mixin.py:137} INFO - [2024-01-05T10:32:47.870+0000] {dagbag.py:538} INFO - Filling up the DagBag from /home/airflow/.local/lib/python3.7/site-packages/airflow/example_dags/example_branch_python_dop_operator_3.py
[2024-01-05T10:32:47.886+0000] {processor.py:753} INFO - DAG(s) dict_keys(['example_branch_dop_operator_v3']) retrieved from /home/airflow/.local/lib/python3.7/site-packages/airflow/example_dags/example_branch_python_dop_operator_3.py
[2024-01-05T10:32:47.907+0000] {logging_mixin.py:137} INFO - [2024-01-05T10:32:47.907+0000] {dag.py:2690} INFO - Sync 1 DAGs
[2024-01-05T10:32:47.927+0000] {logging_mixin.py:137} INFO - [2024-01-05T10:32:47.926+0000] {dag.py:3441} INFO - Setting next_dagrun for example_branch_dop_operator_v3 to 2024-01-05T10:31:00+00:00, run_after=2024-01-05T10:32:00+00:00
[2024-01-05T10:32:47.940+0000] {processor.py:175} INFO - Processing /home/airflow/.local/lib/python3.7/site-packages/airflow/example_dags/example_branch_python_dop_operator_3.py took 0.075 seconds
[2024-01-05T11:33:46.875+0000] {processor.py:153} INFO - Started process (PID=4874) to work on /home/airflow/.local/lib/python3.7/site-packages/airflow/example_dags/example_branch_python_dop_operator_3.py
[2024-01-05T11:33:46.878+0000] {processor.py:743} INFO - Processing file /home/airflow/.local/lib/python3.7/site-packages/airflow/example_dags/example_branch_python_dop_operator_3.py for tasks to queue
[2024-01-05T11:33:46.879+0000] {logging_mixin.py:137} INFO - [2024-01-05T11:33:46.879+0000] {dagbag.py:538} INFO - Filling up the DagBag from /home/airflow/.local/lib/python3.7/site-packages/airflow/example_dags/example_branch_python_dop_operator_3.py
[2024-01-05T11:33:46.897+0000] {processor.py:753} INFO - DAG(s) dict_keys(['example_branch_dop_operator_v3']) retrieved from /home/airflow/.local/lib/python3.7/site-packages/airflow/example_dags/example_branch_python_dop_operator_3.py
[2024-01-05T11:33:46.920+0000] {logging_mixin.py:137} INFO - [2024-01-05T11:33:46.920+0000] {dag.py:2690} INFO - Sync 1 DAGs
[2024-01-05T11:33:46.947+0000] {logging_mixin.py:137} INFO - [2024-01-05T11:33:46.947+0000] {dag.py:3441} INFO - Setting next_dagrun for example_branch_dop_operator_v3 to 2024-01-05T11:32:00+00:00, run_after=2024-01-05T11:33:00+00:00
[2024-01-05T11:33:46.963+0000] {processor.py:175} INFO - Processing /home/airflow/.local/lib/python3.7/site-packages/airflow/example_dags/example_branch_python_dop_operator_3.py took 0.091 seconds
[2024-01-05T12:52:18.065+0000] {processor.py:153} INFO - Started process (PID=4937) to work on /home/airflow/.local/lib/python3.7/site-packages/airflow/example_dags/example_branch_python_dop_operator_3.py
[2024-01-05T12:52:18.069+0000] {processor.py:743} INFO - Processing file /home/airflow/.local/lib/python3.7/site-packages/airflow/example_dags/example_branch_python_dop_operator_3.py for tasks to queue
[2024-01-05T12:52:18.073+0000] {logging_mixin.py:137} INFO - [2024-01-05T12:52:18.073+0000] {dagbag.py:538} INFO - Filling up the DagBag from /home/airflow/.local/lib/python3.7/site-packages/airflow/example_dags/example_branch_python_dop_operator_3.py
[2024-01-05T12:52:18.098+0000] {processor.py:753} INFO - DAG(s) dict_keys(['example_branch_dop_operator_v3']) retrieved from /home/airflow/.local/lib/python3.7/site-packages/airflow/example_dags/example_branch_python_dop_operator_3.py
[2024-01-05T12:52:18.148+0000] {logging_mixin.py:137} INFO - [2024-01-05T12:52:18.148+0000] {dag.py:2690} INFO - Sync 1 DAGs
[2024-01-05T12:52:18.181+0000] {logging_mixin.py:137} INFO - [2024-01-05T12:52:18.181+0000] {dag.py:3441} INFO - Setting next_dagrun for example_branch_dop_operator_v3 to 2024-01-05T12:51:00+00:00, run_after=2024-01-05T12:52:00+00:00
[2024-01-05T12:52:18.207+0000] {processor.py:175} INFO - Processing /home/airflow/.local/lib/python3.7/site-packages/airflow/example_dags/example_branch_python_dop_operator_3.py took 0.146 seconds
[2024-01-05T14:01:05.157+0000] {processor.py:153} INFO - Started process (PID=5011) to work on /home/airflow/.local/lib/python3.7/site-packages/airflow/example_dags/example_branch_python_dop_operator_3.py
[2024-01-05T14:01:05.161+0000] {processor.py:743} INFO - Processing file /home/airflow/.local/lib/python3.7/site-packages/airflow/example_dags/example_branch_python_dop_operator_3.py for tasks to queue
[2024-01-05T14:01:05.167+0000] {logging_mixin.py:137} INFO - [2024-01-05T14:01:05.167+0000] {dagbag.py:538} INFO - Filling up the DagBag from /home/airflow/.local/lib/python3.7/site-packages/airflow/example_dags/example_branch_python_dop_operator_3.py
[2024-01-05T14:01:05.197+0000] {processor.py:753} INFO - DAG(s) dict_keys(['example_branch_dop_operator_v3']) retrieved from /home/airflow/.local/lib/python3.7/site-packages/airflow/example_dags/example_branch_python_dop_operator_3.py
[2024-01-05T14:01:05.409+0000] {logging_mixin.py:137} INFO - [2024-01-05T14:01:05.409+0000] {dag.py:2690} INFO - Sync 1 DAGs
[2024-01-05T14:01:05.518+0000] {logging_mixin.py:137} INFO - [2024-01-05T14:01:05.518+0000] {dag.py:3441} INFO - Setting next_dagrun for example_branch_dop_operator_v3 to 2024-01-05T14:00:00+00:00, run_after=2024-01-05T14:01:00+00:00
[2024-01-05T14:01:05.572+0000] {processor.py:175} INFO - Processing /home/airflow/.local/lib/python3.7/site-packages/airflow/example_dags/example_branch_python_dop_operator_3.py took 0.426 seconds
[2024-01-05T14:01:36.461+0000] {processor.py:153} INFO - Started process (PID=5075) to work on /home/airflow/.local/lib/python3.7/site-packages/airflow/example_dags/example_branch_python_dop_operator_3.py
[2024-01-05T14:01:36.464+0000] {processor.py:743} INFO - Processing file /home/airflow/.local/lib/python3.7/site-packages/airflow/example_dags/example_branch_python_dop_operator_3.py for tasks to queue
[2024-01-05T14:01:36.466+0000] {logging_mixin.py:137} INFO - [2024-01-05T14:01:36.466+0000] {dagbag.py:538} INFO - Filling up the DagBag from /home/airflow/.local/lib/python3.7/site-packages/airflow/example_dags/example_branch_python_dop_operator_3.py
[2024-01-05T14:01:36.492+0000] {processor.py:753} INFO - DAG(s) dict_keys(['example_branch_dop_operator_v3']) retrieved from /home/airflow/.local/lib/python3.7/site-packages/airflow/example_dags/example_branch_python_dop_operator_3.py
[2024-01-05T14:01:36.519+0000] {logging_mixin.py:137} INFO - [2024-01-05T14:01:36.519+0000] {dag.py:2690} INFO - Sync 1 DAGs
[2024-01-05T14:01:36.541+0000] {logging_mixin.py:137} INFO - [2024-01-05T14:01:36.541+0000] {dag.py:3441} INFO - Setting next_dagrun for example_branch_dop_operator_v3 to 2024-01-05T14:00:00+00:00, run_after=2024-01-05T14:01:00+00:00
[2024-01-05T14:01:36.554+0000] {processor.py:175} INFO - Processing /home/airflow/.local/lib/python3.7/site-packages/airflow/example_dags/example_branch_python_dop_operator_3.py took 0.099 seconds
[2024-01-05T14:02:07.376+0000] {processor.py:153} INFO - Started process (PID=5139) to work on /home/airflow/.local/lib/python3.7/site-packages/airflow/example_dags/example_branch_python_dop_operator_3.py
[2024-01-05T14:02:07.396+0000] {processor.py:743} INFO - Processing file /home/airflow/.local/lib/python3.7/site-packages/airflow/example_dags/example_branch_python_dop_operator_3.py for tasks to queue
[2024-01-05T14:02:07.402+0000] {logging_mixin.py:137} INFO - [2024-01-05T14:02:07.402+0000] {dagbag.py:538} INFO - Filling up the DagBag from /home/airflow/.local/lib/python3.7/site-packages/airflow/example_dags/example_branch_python_dop_operator_3.py
[2024-01-05T14:02:07.439+0000] {processor.py:753} INFO - DAG(s) dict_keys(['example_branch_dop_operator_v3']) retrieved from /home/airflow/.local/lib/python3.7/site-packages/airflow/example_dags/example_branch_python_dop_operator_3.py
[2024-01-05T14:02:07.493+0000] {logging_mixin.py:137} INFO - [2024-01-05T14:02:07.493+0000] {dag.py:2690} INFO - Sync 1 DAGs
[2024-01-05T14:02:07.534+0000] {logging_mixin.py:137} INFO - [2024-01-05T14:02:07.534+0000] {dag.py:3441} INFO - Setting next_dagrun for example_branch_dop_operator_v3 to 2024-01-05T14:01:00+00:00, run_after=2024-01-05T14:02:00+00:00
[2024-01-05T14:02:07.567+0000] {processor.py:175} INFO - Processing /home/airflow/.local/lib/python3.7/site-packages/airflow/example_dags/example_branch_python_dop_operator_3.py took 0.204 seconds
[2024-01-05T14:02:38.038+0000] {processor.py:153} INFO - Started process (PID=5214) to work on /home/airflow/.local/lib/python3.7/site-packages/airflow/example_dags/example_branch_python_dop_operator_3.py
[2024-01-05T14:02:38.041+0000] {processor.py:743} INFO - Processing file /home/airflow/.local/lib/python3.7/site-packages/airflow/example_dags/example_branch_python_dop_operator_3.py for tasks to queue
[2024-01-05T14:02:38.042+0000] {logging_mixin.py:137} INFO - [2024-01-05T14:02:38.042+0000] {dagbag.py:538} INFO - Filling up the DagBag from /home/airflow/.local/lib/python3.7/site-packages/airflow/example_dags/example_branch_python_dop_operator_3.py
[2024-01-05T14:02:38.073+0000] {processor.py:753} INFO - DAG(s) dict_keys(['example_branch_dop_operator_v3']) retrieved from /home/airflow/.local/lib/python3.7/site-packages/airflow/example_dags/example_branch_python_dop_operator_3.py
[2024-01-05T14:02:38.096+0000] {logging_mixin.py:137} INFO - [2024-01-05T14:02:38.096+0000] {dag.py:2690} INFO - Sync 1 DAGs
[2024-01-05T14:02:38.117+0000] {logging_mixin.py:137} INFO - [2024-01-05T14:02:38.117+0000] {dag.py:3441} INFO - Setting next_dagrun for example_branch_dop_operator_v3 to 2024-01-05T14:01:00+00:00, run_after=2024-01-05T14:02:00+00:00
[2024-01-05T14:02:38.130+0000] {processor.py:175} INFO - Processing /home/airflow/.local/lib/python3.7/site-packages/airflow/example_dags/example_branch_python_dop_operator_3.py took 0.099 seconds
[2024-01-05T14:03:08.983+0000] {processor.py:153} INFO - Started process (PID=5286) to work on /home/airflow/.local/lib/python3.7/site-packages/airflow/example_dags/example_branch_python_dop_operator_3.py
[2024-01-05T14:03:08.988+0000] {processor.py:743} INFO - Processing file /home/airflow/.local/lib/python3.7/site-packages/airflow/example_dags/example_branch_python_dop_operator_3.py for tasks to queue
[2024-01-05T14:03:08.990+0000] {logging_mixin.py:137} INFO - [2024-01-05T14:03:08.990+0000] {dagbag.py:538} INFO - Filling up the DagBag from /home/airflow/.local/lib/python3.7/site-packages/airflow/example_dags/example_branch_python_dop_operator_3.py
[2024-01-05T14:03:09.034+0000] {processor.py:753} INFO - DAG(s) dict_keys(['example_branch_dop_operator_v3']) retrieved from /home/airflow/.local/lib/python3.7/site-packages/airflow/example_dags/example_branch_python_dop_operator_3.py
[2024-01-05T14:03:09.100+0000] {logging_mixin.py:137} INFO - [2024-01-05T14:03:09.100+0000] {dag.py:2690} INFO - Sync 1 DAGs
[2024-01-05T14:03:09.161+0000] {logging_mixin.py:137} INFO - [2024-01-05T14:03:09.161+0000] {dag.py:3441} INFO - Setting next_dagrun for example_branch_dop_operator_v3 to 2024-01-05T14:02:00+00:00, run_after=2024-01-05T14:03:00+00:00
[2024-01-05T14:03:09.215+0000] {processor.py:175} INFO - Processing /home/airflow/.local/lib/python3.7/site-packages/airflow/example_dags/example_branch_python_dop_operator_3.py took 0.249 seconds
[2024-01-05T14:03:39.727+0000] {processor.py:153} INFO - Started process (PID=5352) to work on /home/airflow/.local/lib/python3.7/site-packages/airflow/example_dags/example_branch_python_dop_operator_3.py
[2024-01-05T14:03:39.731+0000] {processor.py:743} INFO - Processing file /home/airflow/.local/lib/python3.7/site-packages/airflow/example_dags/example_branch_python_dop_operator_3.py for tasks to queue
[2024-01-05T14:03:39.733+0000] {logging_mixin.py:137} INFO - [2024-01-05T14:03:39.733+0000] {dagbag.py:538} INFO - Filling up the DagBag from /home/airflow/.local/lib/python3.7/site-packages/airflow/example_dags/example_branch_python_dop_operator_3.py
[2024-01-05T14:03:39.762+0000] {processor.py:753} INFO - DAG(s) dict_keys(['example_branch_dop_operator_v3']) retrieved from /home/airflow/.local/lib/python3.7/site-packages/airflow/example_dags/example_branch_python_dop_operator_3.py
[2024-01-05T14:03:39.802+0000] {logging_mixin.py:137} INFO - [2024-01-05T14:03:39.802+0000] {dag.py:2690} INFO - Sync 1 DAGs
[2024-01-05T14:03:39.853+0000] {logging_mixin.py:137} INFO - [2024-01-05T14:03:39.852+0000] {dag.py:3441} INFO - Setting next_dagrun for example_branch_dop_operator_v3 to 2024-01-05T14:02:00+00:00, run_after=2024-01-05T14:03:00+00:00
[2024-01-05T14:03:39.875+0000] {processor.py:175} INFO - Processing /home/airflow/.local/lib/python3.7/site-packages/airflow/example_dags/example_branch_python_dop_operator_3.py took 0.155 seconds
[2024-01-05T14:04:10.707+0000] {processor.py:153} INFO - Started process (PID=5428) to work on /home/airflow/.local/lib/python3.7/site-packages/airflow/example_dags/example_branch_python_dop_operator_3.py
[2024-01-05T14:04:10.710+0000] {processor.py:743} INFO - Processing file /home/airflow/.local/lib/python3.7/site-packages/airflow/example_dags/example_branch_python_dop_operator_3.py for tasks to queue
[2024-01-05T14:04:10.712+0000] {logging_mixin.py:137} INFO - [2024-01-05T14:04:10.711+0000] {dagbag.py:538} INFO - Filling up the DagBag from /home/airflow/.local/lib/python3.7/site-packages/airflow/example_dags/example_branch_python_dop_operator_3.py
[2024-01-05T14:04:10.738+0000] {processor.py:753} INFO - DAG(s) dict_keys(['example_branch_dop_operator_v3']) retrieved from /home/airflow/.local/lib/python3.7/site-packages/airflow/example_dags/example_branch_python_dop_operator_3.py
[2024-01-05T14:04:10.760+0000] {logging_mixin.py:137} INFO - [2024-01-05T14:04:10.760+0000] {dag.py:2690} INFO - Sync 1 DAGs
[2024-01-05T14:04:10.778+0000] {logging_mixin.py:137} INFO - [2024-01-05T14:04:10.777+0000] {dag.py:3441} INFO - Setting next_dagrun for example_branch_dop_operator_v3 to 2024-01-05T14:03:00+00:00, run_after=2024-01-05T14:04:00+00:00
[2024-01-05T14:04:10.788+0000] {processor.py:175} INFO - Processing /home/airflow/.local/lib/python3.7/site-packages/airflow/example_dags/example_branch_python_dop_operator_3.py took 0.089 seconds
[2024-01-05T14:04:40.902+0000] {processor.py:153} INFO - Started process (PID=5492) to work on /home/airflow/.local/lib/python3.7/site-packages/airflow/example_dags/example_branch_python_dop_operator_3.py
[2024-01-05T14:04:40.904+0000] {processor.py:743} INFO - Processing file /home/airflow/.local/lib/python3.7/site-packages/airflow/example_dags/example_branch_python_dop_operator_3.py for tasks to queue
[2024-01-05T14:04:40.904+0000] {logging_mixin.py:137} INFO - [2024-01-05T14:04:40.904+0000] {dagbag.py:538} INFO - Filling up the DagBag from /home/airflow/.local/lib/python3.7/site-packages/airflow/example_dags/example_branch_python_dop_operator_3.py
[2024-01-05T14:04:40.927+0000] {processor.py:753} INFO - DAG(s) dict_keys(['example_branch_dop_operator_v3']) retrieved from /home/airflow/.local/lib/python3.7/site-packages/airflow/example_dags/example_branch_python_dop_operator_3.py
[2024-01-05T14:04:40.951+0000] {logging_mixin.py:137} INFO - [2024-01-05T14:04:40.950+0000] {dag.py:2690} INFO - Sync 1 DAGs
[2024-01-05T14:04:40.976+0000] {logging_mixin.py:137} INFO - [2024-01-05T14:04:40.976+0000] {dag.py:3441} INFO - Setting next_dagrun for example_branch_dop_operator_v3 to 2024-01-05T14:03:00+00:00, run_after=2024-01-05T14:04:00+00:00
[2024-01-05T14:04:41.041+0000] {processor.py:175} INFO - Processing /home/airflow/.local/lib/python3.7/site-packages/airflow/example_dags/example_branch_python_dop_operator_3.py took 0.143 seconds
[2024-01-05T14:05:11.996+0000] {processor.py:153} INFO - Started process (PID=5567) to work on /home/airflow/.local/lib/python3.7/site-packages/airflow/example_dags/example_branch_python_dop_operator_3.py
[2024-01-05T14:05:11.999+0000] {processor.py:743} INFO - Processing file /home/airflow/.local/lib/python3.7/site-packages/airflow/example_dags/example_branch_python_dop_operator_3.py for tasks to queue
[2024-01-05T14:05:12.000+0000] {logging_mixin.py:137} INFO - [2024-01-05T14:05:12.000+0000] {dagbag.py:538} INFO - Filling up the DagBag from /home/airflow/.local/lib/python3.7/site-packages/airflow/example_dags/example_branch_python_dop_operator_3.py
[2024-01-05T14:05:12.021+0000] {processor.py:753} INFO - DAG(s) dict_keys(['example_branch_dop_operator_v3']) retrieved from /home/airflow/.local/lib/python3.7/site-packages/airflow/example_dags/example_branch_python_dop_operator_3.py
[2024-01-05T14:05:12.042+0000] {logging_mixin.py:137} INFO - [2024-01-05T14:05:12.042+0000] {dag.py:2690} INFO - Sync 1 DAGs
[2024-01-05T14:05:12.063+0000] {logging_mixin.py:137} INFO - [2024-01-05T14:05:12.063+0000] {dag.py:3441} INFO - Setting next_dagrun for example_branch_dop_operator_v3 to 2024-01-05T14:04:00+00:00, run_after=2024-01-05T14:05:00+00:00
[2024-01-05T14:05:12.076+0000] {processor.py:175} INFO - Processing /home/airflow/.local/lib/python3.7/site-packages/airflow/example_dags/example_branch_python_dop_operator_3.py took 0.085 seconds
[2024-01-05T14:05:42.314+0000] {processor.py:153} INFO - Started process (PID=5630) to work on /home/airflow/.local/lib/python3.7/site-packages/airflow/example_dags/example_branch_python_dop_operator_3.py
[2024-01-05T14:05:42.317+0000] {processor.py:743} INFO - Processing file /home/airflow/.local/lib/python3.7/site-packages/airflow/example_dags/example_branch_python_dop_operator_3.py for tasks to queue
[2024-01-05T14:05:42.319+0000] {logging_mixin.py:137} INFO - [2024-01-05T14:05:42.319+0000] {dagbag.py:538} INFO - Filling up the DagBag from /home/airflow/.local/lib/python3.7/site-packages/airflow/example_dags/example_branch_python_dop_operator_3.py
[2024-01-05T14:05:42.350+0000] {processor.py:753} INFO - DAG(s) dict_keys(['example_branch_dop_operator_v3']) retrieved from /home/airflow/.local/lib/python3.7/site-packages/airflow/example_dags/example_branch_python_dop_operator_3.py
[2024-01-05T14:05:42.375+0000] {logging_mixin.py:137} INFO - [2024-01-05T14:05:42.375+0000] {dag.py:2690} INFO - Sync 1 DAGs
[2024-01-05T14:05:42.398+0000] {logging_mixin.py:137} INFO - [2024-01-05T14:05:42.397+0000] {dag.py:3441} INFO - Setting next_dagrun for example_branch_dop_operator_v3 to 2024-01-05T14:04:00+00:00, run_after=2024-01-05T14:05:00+00:00
[2024-01-05T14:05:42.410+0000] {processor.py:175} INFO - Processing /home/airflow/.local/lib/python3.7/site-packages/airflow/example_dags/example_branch_python_dop_operator_3.py took 0.104 seconds
[2024-01-05T14:06:13.121+0000] {processor.py:153} INFO - Started process (PID=5706) to work on /home/airflow/.local/lib/python3.7/site-packages/airflow/example_dags/example_branch_python_dop_operator_3.py
[2024-01-05T14:06:13.123+0000] {processor.py:743} INFO - Processing file /home/airflow/.local/lib/python3.7/site-packages/airflow/example_dags/example_branch_python_dop_operator_3.py for tasks to queue
[2024-01-05T14:06:13.125+0000] {logging_mixin.py:137} INFO - [2024-01-05T14:06:13.125+0000] {dagbag.py:538} INFO - Filling up the DagBag from /home/airflow/.local/lib/python3.7/site-packages/airflow/example_dags/example_branch_python_dop_operator_3.py
[2024-01-05T14:06:13.159+0000] {processor.py:753} INFO - DAG(s) dict_keys(['example_branch_dop_operator_v3']) retrieved from /home/airflow/.local/lib/python3.7/site-packages/airflow/example_dags/example_branch_python_dop_operator_3.py
[2024-01-05T14:06:13.186+0000] {logging_mixin.py:137} INFO - [2024-01-05T14:06:13.186+0000] {dag.py:2690} INFO - Sync 1 DAGs
[2024-01-05T14:06:13.208+0000] {logging_mixin.py:137} INFO - [2024-01-05T14:06:13.208+0000] {dag.py:3441} INFO - Setting next_dagrun for example_branch_dop_operator_v3 to 2024-01-05T14:05:00+00:00, run_after=2024-01-05T14:06:00+00:00
[2024-01-05T14:06:13.221+0000] {processor.py:175} INFO - Processing /home/airflow/.local/lib/python3.7/site-packages/airflow/example_dags/example_branch_python_dop_operator_3.py took 0.106 seconds
[2024-01-05T14:06:44.161+0000] {processor.py:153} INFO - Started process (PID=5781) to work on /home/airflow/.local/lib/python3.7/site-packages/airflow/example_dags/example_branch_python_dop_operator_3.py
[2024-01-05T14:06:44.171+0000] {processor.py:743} INFO - Processing file /home/airflow/.local/lib/python3.7/site-packages/airflow/example_dags/example_branch_python_dop_operator_3.py for tasks to queue
[2024-01-05T14:06:44.174+0000] {logging_mixin.py:137} INFO - [2024-01-05T14:06:44.174+0000] {dagbag.py:538} INFO - Filling up the DagBag from /home/airflow/.local/lib/python3.7/site-packages/airflow/example_dags/example_branch_python_dop_operator_3.py
[2024-01-05T14:06:44.215+0000] {processor.py:753} INFO - DAG(s) dict_keys(['example_branch_dop_operator_v3']) retrieved from /home/airflow/.local/lib/python3.7/site-packages/airflow/example_dags/example_branch_python_dop_operator_3.py
[2024-01-05T14:06:44.254+0000] {logging_mixin.py:137} INFO - [2024-01-05T14:06:44.254+0000] {dag.py:2690} INFO - Sync 1 DAGs
[2024-01-05T14:06:44.313+0000] {logging_mixin.py:137} INFO - [2024-01-05T14:06:44.313+0000] {dag.py:3441} INFO - Setting next_dagrun for example_branch_dop_operator_v3 to 2024-01-05T14:05:00+00:00, run_after=2024-01-05T14:06:00+00:00
[2024-01-05T14:06:44.335+0000] {processor.py:175} INFO - Processing /home/airflow/.local/lib/python3.7/site-packages/airflow/example_dags/example_branch_python_dop_operator_3.py took 0.190 seconds
[2024-01-05T14:07:14.583+0000] {processor.py:153} INFO - Started process (PID=5844) to work on /home/airflow/.local/lib/python3.7/site-packages/airflow/example_dags/example_branch_python_dop_operator_3.py
[2024-01-05T14:07:14.586+0000] {processor.py:743} INFO - Processing file /home/airflow/.local/lib/python3.7/site-packages/airflow/example_dags/example_branch_python_dop_operator_3.py for tasks to queue
[2024-01-05T14:07:14.587+0000] {logging_mixin.py:137} INFO - [2024-01-05T14:07:14.587+0000] {dagbag.py:538} INFO - Filling up the DagBag from /home/airflow/.local/lib/python3.7/site-packages/airflow/example_dags/example_branch_python_dop_operator_3.py
[2024-01-05T14:07:14.609+0000] {processor.py:753} INFO - DAG(s) dict_keys(['example_branch_dop_operator_v3']) retrieved from /home/airflow/.local/lib/python3.7/site-packages/airflow/example_dags/example_branch_python_dop_operator_3.py
[2024-01-05T14:07:14.631+0000] {logging_mixin.py:137} INFO - [2024-01-05T14:07:14.631+0000] {dag.py:2690} INFO - Sync 1 DAGs
[2024-01-05T14:07:14.649+0000] {logging_mixin.py:137} INFO - [2024-01-05T14:07:14.649+0000] {dag.py:3441} INFO - Setting next_dagrun for example_branch_dop_operator_v3 to 2024-01-05T14:06:00+00:00, run_after=2024-01-05T14:07:00+00:00
[2024-01-05T14:07:14.663+0000] {processor.py:175} INFO - Processing /home/airflow/.local/lib/python3.7/site-packages/airflow/example_dags/example_branch_python_dop_operator_3.py took 0.085 seconds
[2024-01-05T14:07:45.331+0000] {processor.py:153} INFO - Started process (PID=5919) to work on /home/airflow/.local/lib/python3.7/site-packages/airflow/example_dags/example_branch_python_dop_operator_3.py
[2024-01-05T14:07:45.334+0000] {processor.py:743} INFO - Processing file /home/airflow/.local/lib/python3.7/site-packages/airflow/example_dags/example_branch_python_dop_operator_3.py for tasks to queue
[2024-01-05T14:07:45.336+0000] {logging_mixin.py:137} INFO - [2024-01-05T14:07:45.336+0000] {dagbag.py:538} INFO - Filling up the DagBag from /home/airflow/.local/lib/python3.7/site-packages/airflow/example_dags/example_branch_python_dop_operator_3.py
[2024-01-05T14:07:45.379+0000] {processor.py:753} INFO - DAG(s) dict_keys(['example_branch_dop_operator_v3']) retrieved from /home/airflow/.local/lib/python3.7/site-packages/airflow/example_dags/example_branch_python_dop_operator_3.py
[2024-01-05T14:07:45.420+0000] {logging_mixin.py:137} INFO - [2024-01-05T14:07:45.420+0000] {dag.py:2690} INFO - Sync 1 DAGs
[2024-01-05T14:07:45.452+0000] {logging_mixin.py:137} INFO - [2024-01-05T14:07:45.452+0000] {dag.py:3441} INFO - Setting next_dagrun for example_branch_dop_operator_v3 to 2024-01-05T14:06:00+00:00, run_after=2024-01-05T14:07:00+00:00
[2024-01-05T14:07:45.472+0000] {processor.py:175} INFO - Processing /home/airflow/.local/lib/python3.7/site-packages/airflow/example_dags/example_branch_python_dop_operator_3.py took 0.166 seconds
[2024-01-05T14:08:16.106+0000] {processor.py:153} INFO - Started process (PID=5982) to work on /home/airflow/.local/lib/python3.7/site-packages/airflow/example_dags/example_branch_python_dop_operator_3.py
[2024-01-05T14:08:16.109+0000] {processor.py:743} INFO - Processing file /home/airflow/.local/lib/python3.7/site-packages/airflow/example_dags/example_branch_python_dop_operator_3.py for tasks to queue
[2024-01-05T14:08:16.110+0000] {logging_mixin.py:137} INFO - [2024-01-05T14:08:16.110+0000] {dagbag.py:538} INFO - Filling up the DagBag from /home/airflow/.local/lib/python3.7/site-packages/airflow/example_dags/example_branch_python_dop_operator_3.py
[2024-01-05T14:08:16.143+0000] {processor.py:753} INFO - DAG(s) dict_keys(['example_branch_dop_operator_v3']) retrieved from /home/airflow/.local/lib/python3.7/site-packages/airflow/example_dags/example_branch_python_dop_operator_3.py
[2024-01-05T14:08:16.190+0000] {logging_mixin.py:137} INFO - [2024-01-05T14:08:16.190+0000] {dag.py:2690} INFO - Sync 1 DAGs
[2024-01-05T14:08:16.213+0000] {logging_mixin.py:137} INFO - [2024-01-05T14:08:16.213+0000] {dag.py:3441} INFO - Setting next_dagrun for example_branch_dop_operator_v3 to 2024-01-05T14:07:00+00:00, run_after=2024-01-05T14:08:00+00:00
[2024-01-05T14:08:16.230+0000] {processor.py:175} INFO - Processing /home/airflow/.local/lib/python3.7/site-packages/airflow/example_dags/example_branch_python_dop_operator_3.py took 0.145 seconds
[2024-01-05T14:08:46.275+0000] {processor.py:153} INFO - Started process (PID=6057) to work on /home/airflow/.local/lib/python3.7/site-packages/airflow/example_dags/example_branch_python_dop_operator_3.py
[2024-01-05T14:08:46.277+0000] {processor.py:743} INFO - Processing file /home/airflow/.local/lib/python3.7/site-packages/airflow/example_dags/example_branch_python_dop_operator_3.py for tasks to queue
[2024-01-05T14:08:46.278+0000] {logging_mixin.py:137} INFO - [2024-01-05T14:08:46.278+0000] {dagbag.py:538} INFO - Filling up the DagBag from /home/airflow/.local/lib/python3.7/site-packages/airflow/example_dags/example_branch_python_dop_operator_3.py
[2024-01-05T14:08:46.297+0000] {processor.py:753} INFO - DAG(s) dict_keys(['example_branch_dop_operator_v3']) retrieved from /home/airflow/.local/lib/python3.7/site-packages/airflow/example_dags/example_branch_python_dop_operator_3.py
[2024-01-05T14:08:46.320+0000] {logging_mixin.py:137} INFO - [2024-01-05T14:08:46.320+0000] {dag.py:2690} INFO - Sync 1 DAGs
[2024-01-05T14:08:46.348+0000] {logging_mixin.py:137} INFO - [2024-01-05T14:08:46.348+0000] {dag.py:3441} INFO - Setting next_dagrun for example_branch_dop_operator_v3 to 2024-01-05T14:07:00+00:00, run_after=2024-01-05T14:08:00+00:00
[2024-01-05T14:08:46.365+0000] {processor.py:175} INFO - Processing /home/airflow/.local/lib/python3.7/site-packages/airflow/example_dags/example_branch_python_dop_operator_3.py took 0.093 seconds
[2024-01-05T14:09:16.649+0000] {processor.py:153} INFO - Started process (PID=6121) to work on /home/airflow/.local/lib/python3.7/site-packages/airflow/example_dags/example_branch_python_dop_operator_3.py
[2024-01-05T14:09:16.650+0000] {processor.py:743} INFO - Processing file /home/airflow/.local/lib/python3.7/site-packages/airflow/example_dags/example_branch_python_dop_operator_3.py for tasks to queue
[2024-01-05T14:09:16.651+0000] {logging_mixin.py:137} INFO - [2024-01-05T14:09:16.651+0000] {dagbag.py:538} INFO - Filling up the DagBag from /home/airflow/.local/lib/python3.7/site-packages/airflow/example_dags/example_branch_python_dop_operator_3.py
[2024-01-05T14:09:16.668+0000] {processor.py:753} INFO - DAG(s) dict_keys(['example_branch_dop_operator_v3']) retrieved from /home/airflow/.local/lib/python3.7/site-packages/airflow/example_dags/example_branch_python_dop_operator_3.py
[2024-01-05T14:09:16.692+0000] {logging_mixin.py:137} INFO - [2024-01-05T14:09:16.692+0000] {dag.py:2690} INFO - Sync 1 DAGs
[2024-01-05T14:09:16.716+0000] {logging_mixin.py:137} INFO - [2024-01-05T14:09:16.716+0000] {dag.py:3441} INFO - Setting next_dagrun for example_branch_dop_operator_v3 to 2024-01-05T14:08:00+00:00, run_after=2024-01-05T14:09:00+00:00
[2024-01-05T14:09:16.728+0000] {processor.py:175} INFO - Processing /home/airflow/.local/lib/python3.7/site-packages/airflow/example_dags/example_branch_python_dop_operator_3.py took 0.082 seconds
[2024-01-05T14:09:47.112+0000] {processor.py:153} INFO - Started process (PID=6196) to work on /home/airflow/.local/lib/python3.7/site-packages/airflow/example_dags/example_branch_python_dop_operator_3.py
[2024-01-05T14:09:47.116+0000] {processor.py:743} INFO - Processing file /home/airflow/.local/lib/python3.7/site-packages/airflow/example_dags/example_branch_python_dop_operator_3.py for tasks to queue
[2024-01-05T14:09:47.119+0000] {logging_mixin.py:137} INFO - [2024-01-05T14:09:47.119+0000] {dagbag.py:538} INFO - Filling up the DagBag from /home/airflow/.local/lib/python3.7/site-packages/airflow/example_dags/example_branch_python_dop_operator_3.py
[2024-01-05T14:09:47.147+0000] {processor.py:753} INFO - DAG(s) dict_keys(['example_branch_dop_operator_v3']) retrieved from /home/airflow/.local/lib/python3.7/site-packages/airflow/example_dags/example_branch_python_dop_operator_3.py
[2024-01-05T14:09:47.168+0000] {logging_mixin.py:137} INFO - [2024-01-05T14:09:47.168+0000] {dag.py:2690} INFO - Sync 1 DAGs
[2024-01-05T14:09:47.187+0000] {logging_mixin.py:137} INFO - [2024-01-05T14:09:47.187+0000] {dag.py:3441} INFO - Setting next_dagrun for example_branch_dop_operator_v3 to 2024-01-05T14:08:00+00:00, run_after=2024-01-05T14:09:00+00:00
[2024-01-05T14:09:47.200+0000] {processor.py:175} INFO - Processing /home/airflow/.local/lib/python3.7/site-packages/airflow/example_dags/example_branch_python_dop_operator_3.py took 0.093 seconds
[2024-01-05T14:10:18.166+0000] {processor.py:153} INFO - Started process (PID=6257) to work on /home/airflow/.local/lib/python3.7/site-packages/airflow/example_dags/example_branch_python_dop_operator_3.py
[2024-01-05T14:10:18.167+0000] {processor.py:743} INFO - Processing file /home/airflow/.local/lib/python3.7/site-packages/airflow/example_dags/example_branch_python_dop_operator_3.py for tasks to queue
[2024-01-05T14:10:18.169+0000] {logging_mixin.py:137} INFO - [2024-01-05T14:10:18.168+0000] {dagbag.py:538} INFO - Filling up the DagBag from /home/airflow/.local/lib/python3.7/site-packages/airflow/example_dags/example_branch_python_dop_operator_3.py
[2024-01-05T14:10:18.185+0000] {processor.py:753} INFO - DAG(s) dict_keys(['example_branch_dop_operator_v3']) retrieved from /home/airflow/.local/lib/python3.7/site-packages/airflow/example_dags/example_branch_python_dop_operator_3.py
[2024-01-05T14:10:18.205+0000] {logging_mixin.py:137} INFO - [2024-01-05T14:10:18.205+0000] {dag.py:2690} INFO - Sync 1 DAGs
[2024-01-05T14:10:18.226+0000] {logging_mixin.py:137} INFO - [2024-01-05T14:10:18.226+0000] {dag.py:3441} INFO - Setting next_dagrun for example_branch_dop_operator_v3 to 2024-01-05T14:09:00+00:00, run_after=2024-01-05T14:10:00+00:00
[2024-01-05T14:10:18.238+0000] {processor.py:175} INFO - Processing /home/airflow/.local/lib/python3.7/site-packages/airflow/example_dags/example_branch_python_dop_operator_3.py took 0.075 seconds
[2024-01-05T14:10:48.914+0000] {processor.py:153} INFO - Started process (PID=6330) to work on /home/airflow/.local/lib/python3.7/site-packages/airflow/example_dags/example_branch_python_dop_operator_3.py
[2024-01-05T14:10:48.915+0000] {processor.py:743} INFO - Processing file /home/airflow/.local/lib/python3.7/site-packages/airflow/example_dags/example_branch_python_dop_operator_3.py for tasks to queue
[2024-01-05T14:10:48.916+0000] {logging_mixin.py:137} INFO - [2024-01-05T14:10:48.916+0000] {dagbag.py:538} INFO - Filling up the DagBag from /home/airflow/.local/lib/python3.7/site-packages/airflow/example_dags/example_branch_python_dop_operator_3.py
[2024-01-05T14:10:48.932+0000] {processor.py:753} INFO - DAG(s) dict_keys(['example_branch_dop_operator_v3']) retrieved from /home/airflow/.local/lib/python3.7/site-packages/airflow/example_dags/example_branch_python_dop_operator_3.py
[2024-01-05T14:10:48.953+0000] {logging_mixin.py:137} INFO - [2024-01-05T14:10:48.953+0000] {dag.py:2690} INFO - Sync 1 DAGs
[2024-01-05T14:10:48.972+0000] {logging_mixin.py:137} INFO - [2024-01-05T14:10:48.972+0000] {dag.py:3441} INFO - Setting next_dagrun for example_branch_dop_operator_v3 to 2024-01-05T14:09:00+00:00, run_after=2024-01-05T14:10:00+00:00
[2024-01-05T14:10:48.985+0000] {processor.py:175} INFO - Processing /home/airflow/.local/lib/python3.7/site-packages/airflow/example_dags/example_branch_python_dop_operator_3.py took 0.074 seconds
[2024-01-05T14:11:19.782+0000] {processor.py:153} INFO - Started process (PID=6393) to work on /home/airflow/.local/lib/python3.7/site-packages/airflow/example_dags/example_branch_python_dop_operator_3.py
[2024-01-05T14:11:19.784+0000] {processor.py:743} INFO - Processing file /home/airflow/.local/lib/python3.7/site-packages/airflow/example_dags/example_branch_python_dop_operator_3.py for tasks to queue
[2024-01-05T14:11:19.785+0000] {logging_mixin.py:137} INFO - [2024-01-05T14:11:19.785+0000] {dagbag.py:538} INFO - Filling up the DagBag from /home/airflow/.local/lib/python3.7/site-packages/airflow/example_dags/example_branch_python_dop_operator_3.py
[2024-01-05T14:11:19.809+0000] {processor.py:753} INFO - DAG(s) dict_keys(['example_branch_dop_operator_v3']) retrieved from /home/airflow/.local/lib/python3.7/site-packages/airflow/example_dags/example_branch_python_dop_operator_3.py
[2024-01-05T14:11:19.834+0000] {logging_mixin.py:137} INFO - [2024-01-05T14:11:19.834+0000] {dag.py:2690} INFO - Sync 1 DAGs
[2024-01-05T14:11:19.856+0000] {logging_mixin.py:137} INFO - [2024-01-05T14:11:19.855+0000] {dag.py:3441} INFO - Setting next_dagrun for example_branch_dop_operator_v3 to 2024-01-05T14:10:00+00:00, run_after=2024-01-05T14:11:00+00:00
[2024-01-05T14:11:19.874+0000] {processor.py:175} INFO - Processing /home/airflow/.local/lib/python3.7/site-packages/airflow/example_dags/example_branch_python_dop_operator_3.py took 0.097 seconds
[2024-01-05T14:11:50.133+0000] {processor.py:153} INFO - Started process (PID=6467) to work on /home/airflow/.local/lib/python3.7/site-packages/airflow/example_dags/example_branch_python_dop_operator_3.py
[2024-01-05T14:11:50.135+0000] {processor.py:743} INFO - Processing file /home/airflow/.local/lib/python3.7/site-packages/airflow/example_dags/example_branch_python_dop_operator_3.py for tasks to queue
[2024-01-05T14:11:50.136+0000] {logging_mixin.py:137} INFO - [2024-01-05T14:11:50.136+0000] {dagbag.py:538} INFO - Filling up the DagBag from /home/airflow/.local/lib/python3.7/site-packages/airflow/example_dags/example_branch_python_dop_operator_3.py
[2024-01-05T14:11:50.152+0000] {processor.py:753} INFO - DAG(s) dict_keys(['example_branch_dop_operator_v3']) retrieved from /home/airflow/.local/lib/python3.7/site-packages/airflow/example_dags/example_branch_python_dop_operator_3.py
[2024-01-05T14:11:50.171+0000] {logging_mixin.py:137} INFO - [2024-01-05T14:11:50.171+0000] {dag.py:2690} INFO - Sync 1 DAGs
[2024-01-05T14:11:50.191+0000] {logging_mixin.py:137} INFO - [2024-01-05T14:11:50.191+0000] {dag.py:3441} INFO - Setting next_dagrun for example_branch_dop_operator_v3 to 2024-01-05T14:10:00+00:00, run_after=2024-01-05T14:11:00+00:00
[2024-01-05T14:11:50.205+0000] {processor.py:175} INFO - Processing /home/airflow/.local/lib/python3.7/site-packages/airflow/example_dags/example_branch_python_dop_operator_3.py took 0.074 seconds
[2024-01-05T14:12:20.831+0000] {processor.py:153} INFO - Started process (PID=6543) to work on /home/airflow/.local/lib/python3.7/site-packages/airflow/example_dags/example_branch_python_dop_operator_3.py
[2024-01-05T14:12:20.833+0000] {processor.py:743} INFO - Processing file /home/airflow/.local/lib/python3.7/site-packages/airflow/example_dags/example_branch_python_dop_operator_3.py for tasks to queue
[2024-01-05T14:12:20.836+0000] {logging_mixin.py:137} INFO - [2024-01-05T14:12:20.836+0000] {dagbag.py:538} INFO - Filling up the DagBag from /home/airflow/.local/lib/python3.7/site-packages/airflow/example_dags/example_branch_python_dop_operator_3.py
[2024-01-05T14:12:20.858+0000] {processor.py:753} INFO - DAG(s) dict_keys(['example_branch_dop_operator_v3']) retrieved from /home/airflow/.local/lib/python3.7/site-packages/airflow/example_dags/example_branch_python_dop_operator_3.py
[2024-01-05T14:12:20.893+0000] {logging_mixin.py:137} INFO - [2024-01-05T14:12:20.893+0000] {dag.py:2690} INFO - Sync 1 DAGs
[2024-01-05T14:12:20.924+0000] {logging_mixin.py:137} INFO - [2024-01-05T14:12:20.924+0000] {dag.py:3441} INFO - Setting next_dagrun for example_branch_dop_operator_v3 to 2024-01-05T14:11:00+00:00, run_after=2024-01-05T14:12:00+00:00
[2024-01-05T14:12:20.938+0000] {processor.py:175} INFO - Processing /home/airflow/.local/lib/python3.7/site-packages/airflow/example_dags/example_branch_python_dop_operator_3.py took 0.110 seconds
[2024-01-05T14:12:51.669+0000] {processor.py:153} INFO - Started process (PID=6606) to work on /home/airflow/.local/lib/python3.7/site-packages/airflow/example_dags/example_branch_python_dop_operator_3.py
[2024-01-05T14:12:51.670+0000] {processor.py:743} INFO - Processing file /home/airflow/.local/lib/python3.7/site-packages/airflow/example_dags/example_branch_python_dop_operator_3.py for tasks to queue
[2024-01-05T14:12:51.671+0000] {logging_mixin.py:137} INFO - [2024-01-05T14:12:51.671+0000] {dagbag.py:538} INFO - Filling up the DagBag from /home/airflow/.local/lib/python3.7/site-packages/airflow/example_dags/example_branch_python_dop_operator_3.py
[2024-01-05T14:12:51.689+0000] {processor.py:753} INFO - DAG(s) dict_keys(['example_branch_dop_operator_v3']) retrieved from /home/airflow/.local/lib/python3.7/site-packages/airflow/example_dags/example_branch_python_dop_operator_3.py
[2024-01-05T14:12:51.718+0000] {logging_mixin.py:137} INFO - [2024-01-05T14:12:51.718+0000] {dag.py:2690} INFO - Sync 1 DAGs
[2024-01-05T14:12:51.738+0000] {logging_mixin.py:137} INFO - [2024-01-05T14:12:51.738+0000] {dag.py:3441} INFO - Setting next_dagrun for example_branch_dop_operator_v3 to 2024-01-05T14:11:00+00:00, run_after=2024-01-05T14:12:00+00:00
[2024-01-05T14:12:51.751+0000] {processor.py:175} INFO - Processing /home/airflow/.local/lib/python3.7/site-packages/airflow/example_dags/example_branch_python_dop_operator_3.py took 0.085 seconds
[2024-01-05T14:13:22.403+0000] {processor.py:153} INFO - Started process (PID=6680) to work on /home/airflow/.local/lib/python3.7/site-packages/airflow/example_dags/example_branch_python_dop_operator_3.py
[2024-01-05T14:13:22.404+0000] {processor.py:743} INFO - Processing file /home/airflow/.local/lib/python3.7/site-packages/airflow/example_dags/example_branch_python_dop_operator_3.py for tasks to queue
[2024-01-05T14:13:22.405+0000] {logging_mixin.py:137} INFO - [2024-01-05T14:13:22.405+0000] {dagbag.py:538} INFO - Filling up the DagBag from /home/airflow/.local/lib/python3.7/site-packages/airflow/example_dags/example_branch_python_dop_operator_3.py
[2024-01-05T14:13:22.421+0000] {processor.py:753} INFO - DAG(s) dict_keys(['example_branch_dop_operator_v3']) retrieved from /home/airflow/.local/lib/python3.7/site-packages/airflow/example_dags/example_branch_python_dop_operator_3.py
[2024-01-05T14:13:22.441+0000] {logging_mixin.py:137} INFO - [2024-01-05T14:13:22.441+0000] {dag.py:2690} INFO - Sync 1 DAGs
[2024-01-05T14:13:22.461+0000] {logging_mixin.py:137} INFO - [2024-01-05T14:13:22.461+0000] {dag.py:3441} INFO - Setting next_dagrun for example_branch_dop_operator_v3 to 2024-01-05T14:12:00+00:00, run_after=2024-01-05T14:13:00+00:00
[2024-01-05T14:13:22.474+0000] {processor.py:175} INFO - Processing /home/airflow/.local/lib/python3.7/site-packages/airflow/example_dags/example_branch_python_dop_operator_3.py took 0.074 seconds
[2024-01-05T14:13:53.214+0000] {processor.py:153} INFO - Started process (PID=6743) to work on /home/airflow/.local/lib/python3.7/site-packages/airflow/example_dags/example_branch_python_dop_operator_3.py
[2024-01-05T14:13:53.215+0000] {processor.py:743} INFO - Processing file /home/airflow/.local/lib/python3.7/site-packages/airflow/example_dags/example_branch_python_dop_operator_3.py for tasks to queue
[2024-01-05T14:13:53.216+0000] {logging_mixin.py:137} INFO - [2024-01-05T14:13:53.216+0000] {dagbag.py:538} INFO - Filling up the DagBag from /home/airflow/.local/lib/python3.7/site-packages/airflow/example_dags/example_branch_python_dop_operator_3.py
[2024-01-05T14:13:53.233+0000] {processor.py:753} INFO - DAG(s) dict_keys(['example_branch_dop_operator_v3']) retrieved from /home/airflow/.local/lib/python3.7/site-packages/airflow/example_dags/example_branch_python_dop_operator_3.py
[2024-01-05T14:13:53.254+0000] {logging_mixin.py:137} INFO - [2024-01-05T14:13:53.254+0000] {dag.py:2690} INFO - Sync 1 DAGs
[2024-01-05T14:13:53.276+0000] {logging_mixin.py:137} INFO - [2024-01-05T14:13:53.275+0000] {dag.py:3441} INFO - Setting next_dagrun for example_branch_dop_operator_v3 to 2024-01-05T14:12:00+00:00, run_after=2024-01-05T14:13:00+00:00
[2024-01-05T14:13:53.288+0000] {processor.py:175} INFO - Processing /home/airflow/.local/lib/python3.7/site-packages/airflow/example_dags/example_branch_python_dop_operator_3.py took 0.077 seconds
[2024-01-05T14:14:23.453+0000] {processor.py:153} INFO - Started process (PID=6819) to work on /home/airflow/.local/lib/python3.7/site-packages/airflow/example_dags/example_branch_python_dop_operator_3.py
[2024-01-05T14:14:23.454+0000] {processor.py:743} INFO - Processing file /home/airflow/.local/lib/python3.7/site-packages/airflow/example_dags/example_branch_python_dop_operator_3.py for tasks to queue
[2024-01-05T14:14:23.455+0000] {logging_mixin.py:137} INFO - [2024-01-05T14:14:23.455+0000] {dagbag.py:538} INFO - Filling up the DagBag from /home/airflow/.local/lib/python3.7/site-packages/airflow/example_dags/example_branch_python_dop_operator_3.py
[2024-01-05T14:14:23.470+0000] {processor.py:753} INFO - DAG(s) dict_keys(['example_branch_dop_operator_v3']) retrieved from /home/airflow/.local/lib/python3.7/site-packages/airflow/example_dags/example_branch_python_dop_operator_3.py
[2024-01-05T14:14:23.490+0000] {logging_mixin.py:137} INFO - [2024-01-05T14:14:23.490+0000] {dag.py:2690} INFO - Sync 1 DAGs
[2024-01-05T14:14:23.510+0000] {logging_mixin.py:137} INFO - [2024-01-05T14:14:23.509+0000] {dag.py:3441} INFO - Setting next_dagrun for example_branch_dop_operator_v3 to 2024-01-05T14:13:00+00:00, run_after=2024-01-05T14:14:00+00:00
[2024-01-05T14:14:23.522+0000] {processor.py:175} INFO - Processing /home/airflow/.local/lib/python3.7/site-packages/airflow/example_dags/example_branch_python_dop_operator_3.py took 0.072 seconds
[2024-01-05T14:14:54.174+0000] {processor.py:153} INFO - Started process (PID=6882) to work on /home/airflow/.local/lib/python3.7/site-packages/airflow/example_dags/example_branch_python_dop_operator_3.py
[2024-01-05T14:14:54.176+0000] {processor.py:743} INFO - Processing file /home/airflow/.local/lib/python3.7/site-packages/airflow/example_dags/example_branch_python_dop_operator_3.py for tasks to queue
[2024-01-05T14:14:54.176+0000] {logging_mixin.py:137} INFO - [2024-01-05T14:14:54.176+0000] {dagbag.py:538} INFO - Filling up the DagBag from /home/airflow/.local/lib/python3.7/site-packages/airflow/example_dags/example_branch_python_dop_operator_3.py
[2024-01-05T14:14:54.192+0000] {processor.py:753} INFO - DAG(s) dict_keys(['example_branch_dop_operator_v3']) retrieved from /home/airflow/.local/lib/python3.7/site-packages/airflow/example_dags/example_branch_python_dop_operator_3.py
[2024-01-05T14:14:54.214+0000] {logging_mixin.py:137} INFO - [2024-01-05T14:14:54.214+0000] {dag.py:2690} INFO - Sync 1 DAGs
[2024-01-05T14:14:54.235+0000] {logging_mixin.py:137} INFO - [2024-01-05T14:14:54.235+0000] {dag.py:3441} INFO - Setting next_dagrun for example_branch_dop_operator_v3 to 2024-01-05T14:13:00+00:00, run_after=2024-01-05T14:14:00+00:00
[2024-01-05T14:14:54.248+0000] {processor.py:175} INFO - Processing /home/airflow/.local/lib/python3.7/site-packages/airflow/example_dags/example_branch_python_dop_operator_3.py took 0.077 seconds
[2024-01-05T14:15:25.306+0000] {processor.py:153} INFO - Started process (PID=6957) to work on /home/airflow/.local/lib/python3.7/site-packages/airflow/example_dags/example_branch_python_dop_operator_3.py
[2024-01-05T14:15:25.307+0000] {processor.py:743} INFO - Processing file /home/airflow/.local/lib/python3.7/site-packages/airflow/example_dags/example_branch_python_dop_operator_3.py for tasks to queue
[2024-01-05T14:15:25.308+0000] {logging_mixin.py:137} INFO - [2024-01-05T14:15:25.308+0000] {dagbag.py:538} INFO - Filling up the DagBag from /home/airflow/.local/lib/python3.7/site-packages/airflow/example_dags/example_branch_python_dop_operator_3.py
[2024-01-05T14:15:25.324+0000] {processor.py:753} INFO - DAG(s) dict_keys(['example_branch_dop_operator_v3']) retrieved from /home/airflow/.local/lib/python3.7/site-packages/airflow/example_dags/example_branch_python_dop_operator_3.py
[2024-01-05T14:15:25.345+0000] {logging_mixin.py:137} INFO - [2024-01-05T14:15:25.345+0000] {dag.py:2690} INFO - Sync 1 DAGs
[2024-01-05T14:15:25.365+0000] {logging_mixin.py:137} INFO - [2024-01-05T14:15:25.365+0000] {dag.py:3441} INFO - Setting next_dagrun for example_branch_dop_operator_v3 to 2024-01-05T14:14:00+00:00, run_after=2024-01-05T14:15:00+00:00
[2024-01-05T14:15:25.377+0000] {processor.py:175} INFO - Processing /home/airflow/.local/lib/python3.7/site-packages/airflow/example_dags/example_branch_python_dop_operator_3.py took 0.075 seconds
[2024-01-05T14:15:55.453+0000] {processor.py:153} INFO - Started process (PID=7020) to work on /home/airflow/.local/lib/python3.7/site-packages/airflow/example_dags/example_branch_python_dop_operator_3.py
[2024-01-05T14:15:55.455+0000] {processor.py:743} INFO - Processing file /home/airflow/.local/lib/python3.7/site-packages/airflow/example_dags/example_branch_python_dop_operator_3.py for tasks to queue
[2024-01-05T14:15:55.455+0000] {logging_mixin.py:137} INFO - [2024-01-05T14:15:55.455+0000] {dagbag.py:538} INFO - Filling up the DagBag from /home/airflow/.local/lib/python3.7/site-packages/airflow/example_dags/example_branch_python_dop_operator_3.py
[2024-01-05T14:15:55.471+0000] {processor.py:753} INFO - DAG(s) dict_keys(['example_branch_dop_operator_v3']) retrieved from /home/airflow/.local/lib/python3.7/site-packages/airflow/example_dags/example_branch_python_dop_operator_3.py
[2024-01-05T14:15:55.492+0000] {logging_mixin.py:137} INFO - [2024-01-05T14:15:55.492+0000] {dag.py:2690} INFO - Sync 1 DAGs
[2024-01-05T14:15:55.512+0000] {logging_mixin.py:137} INFO - [2024-01-05T14:15:55.512+0000] {dag.py:3441} INFO - Setting next_dagrun for example_branch_dop_operator_v3 to 2024-01-05T14:14:00+00:00, run_after=2024-01-05T14:15:00+00:00
[2024-01-05T14:15:55.529+0000] {processor.py:175} INFO - Processing /home/airflow/.local/lib/python3.7/site-packages/airflow/example_dags/example_branch_python_dop_operator_3.py took 0.079 seconds
[2024-01-05T14:16:26.554+0000] {processor.py:153} INFO - Started process (PID=7095) to work on /home/airflow/.local/lib/python3.7/site-packages/airflow/example_dags/example_branch_python_dop_operator_3.py
[2024-01-05T14:16:26.557+0000] {processor.py:743} INFO - Processing file /home/airflow/.local/lib/python3.7/site-packages/airflow/example_dags/example_branch_python_dop_operator_3.py for tasks to queue
[2024-01-05T14:16:26.558+0000] {logging_mixin.py:137} INFO - [2024-01-05T14:16:26.558+0000] {dagbag.py:538} INFO - Filling up the DagBag from /home/airflow/.local/lib/python3.7/site-packages/airflow/example_dags/example_branch_python_dop_operator_3.py
[2024-01-05T14:16:26.575+0000] {processor.py:753} INFO - DAG(s) dict_keys(['example_branch_dop_operator_v3']) retrieved from /home/airflow/.local/lib/python3.7/site-packages/airflow/example_dags/example_branch_python_dop_operator_3.py
[2024-01-05T14:16:26.597+0000] {logging_mixin.py:137} INFO - [2024-01-05T14:16:26.597+0000] {dag.py:2690} INFO - Sync 1 DAGs
[2024-01-05T14:16:26.619+0000] {logging_mixin.py:137} INFO - [2024-01-05T14:16:26.619+0000] {dag.py:3441} INFO - Setting next_dagrun for example_branch_dop_operator_v3 to 2024-01-05T14:15:00+00:00, run_after=2024-01-05T14:16:00+00:00
[2024-01-05T14:16:26.631+0000] {processor.py:175} INFO - Processing /home/airflow/.local/lib/python3.7/site-packages/airflow/example_dags/example_branch_python_dop_operator_3.py took 0.080 seconds
[2024-01-05T14:16:57.281+0000] {processor.py:153} INFO - Started process (PID=7159) to work on /home/airflow/.local/lib/python3.7/site-packages/airflow/example_dags/example_branch_python_dop_operator_3.py
[2024-01-05T14:16:57.284+0000] {processor.py:743} INFO - Processing file /home/airflow/.local/lib/python3.7/site-packages/airflow/example_dags/example_branch_python_dop_operator_3.py for tasks to queue
[2024-01-05T14:16:57.285+0000] {logging_mixin.py:137} INFO - [2024-01-05T14:16:57.285+0000] {dagbag.py:538} INFO - Filling up the DagBag from /home/airflow/.local/lib/python3.7/site-packages/airflow/example_dags/example_branch_python_dop_operator_3.py
[2024-01-05T14:16:57.311+0000] {processor.py:753} INFO - DAG(s) dict_keys(['example_branch_dop_operator_v3']) retrieved from /home/airflow/.local/lib/python3.7/site-packages/airflow/example_dags/example_branch_python_dop_operator_3.py
[2024-01-05T14:16:57.395+0000] {logging_mixin.py:137} INFO - [2024-01-05T14:16:57.395+0000] {dag.py:2690} INFO - Sync 1 DAGs
[2024-01-05T14:16:57.474+0000] {logging_mixin.py:137} INFO - [2024-01-05T14:16:57.474+0000] {dag.py:3441} INFO - Setting next_dagrun for example_branch_dop_operator_v3 to 2024-01-05T14:15:00+00:00, run_after=2024-01-05T14:16:00+00:00
[2024-01-05T14:16:57.502+0000] {processor.py:175} INFO - Processing /home/airflow/.local/lib/python3.7/site-packages/airflow/example_dags/example_branch_python_dop_operator_3.py took 0.225 seconds
[2024-01-05T14:17:27.723+0000] {processor.py:153} INFO - Started process (PID=7233) to work on /home/airflow/.local/lib/python3.7/site-packages/airflow/example_dags/example_branch_python_dop_operator_3.py
[2024-01-05T14:17:27.724+0000] {processor.py:743} INFO - Processing file /home/airflow/.local/lib/python3.7/site-packages/airflow/example_dags/example_branch_python_dop_operator_3.py for tasks to queue
[2024-01-05T14:17:27.725+0000] {logging_mixin.py:137} INFO - [2024-01-05T14:17:27.725+0000] {dagbag.py:538} INFO - Filling up the DagBag from /home/airflow/.local/lib/python3.7/site-packages/airflow/example_dags/example_branch_python_dop_operator_3.py
[2024-01-05T14:17:27.742+0000] {processor.py:753} INFO - DAG(s) dict_keys(['example_branch_dop_operator_v3']) retrieved from /home/airflow/.local/lib/python3.7/site-packages/airflow/example_dags/example_branch_python_dop_operator_3.py
[2024-01-05T14:17:27.770+0000] {logging_mixin.py:137} INFO - [2024-01-05T14:17:27.770+0000] {dag.py:2690} INFO - Sync 1 DAGs
[2024-01-05T14:17:27.795+0000] {logging_mixin.py:137} INFO - [2024-01-05T14:17:27.795+0000] {dag.py:3441} INFO - Setting next_dagrun for example_branch_dop_operator_v3 to 2024-01-05T14:16:00+00:00, run_after=2024-01-05T14:17:00+00:00
[2024-01-05T14:17:27.810+0000] {processor.py:175} INFO - Processing /home/airflow/.local/lib/python3.7/site-packages/airflow/example_dags/example_branch_python_dop_operator_3.py took 0.090 seconds
[2024-01-05T14:17:59.065+0000] {processor.py:153} INFO - Started process (PID=7308) to work on /home/airflow/.local/lib/python3.7/site-packages/airflow/example_dags/example_branch_python_dop_operator_3.py
[2024-01-05T14:17:59.070+0000] {processor.py:743} INFO - Processing file /home/airflow/.local/lib/python3.7/site-packages/airflow/example_dags/example_branch_python_dop_operator_3.py for tasks to queue
[2024-01-05T14:17:59.071+0000] {logging_mixin.py:137} INFO - [2024-01-05T14:17:59.071+0000] {dagbag.py:538} INFO - Filling up the DagBag from /home/airflow/.local/lib/python3.7/site-packages/airflow/example_dags/example_branch_python_dop_operator_3.py
[2024-01-05T14:17:59.104+0000] {processor.py:753} INFO - DAG(s) dict_keys(['example_branch_dop_operator_v3']) retrieved from /home/airflow/.local/lib/python3.7/site-packages/airflow/example_dags/example_branch_python_dop_operator_3.py
[2024-01-05T14:17:59.144+0000] {logging_mixin.py:137} INFO - [2024-01-05T14:17:59.144+0000] {dag.py:2690} INFO - Sync 1 DAGs
[2024-01-05T14:17:59.174+0000] {logging_mixin.py:137} INFO - [2024-01-05T14:17:59.174+0000] {dag.py:3441} INFO - Setting next_dagrun for example_branch_dop_operator_v3 to 2024-01-05T14:16:00+00:00, run_after=2024-01-05T14:17:00+00:00
[2024-01-05T14:17:59.195+0000] {processor.py:175} INFO - Processing /home/airflow/.local/lib/python3.7/site-packages/airflow/example_dags/example_branch_python_dop_operator_3.py took 0.136 seconds
[2024-01-05T14:18:29.505+0000] {processor.py:153} INFO - Started process (PID=7370) to work on /home/airflow/.local/lib/python3.7/site-packages/airflow/example_dags/example_branch_python_dop_operator_3.py
[2024-01-05T14:18:29.506+0000] {processor.py:743} INFO - Processing file /home/airflow/.local/lib/python3.7/site-packages/airflow/example_dags/example_branch_python_dop_operator_3.py for tasks to queue
[2024-01-05T14:18:29.507+0000] {logging_mixin.py:137} INFO - [2024-01-05T14:18:29.507+0000] {dagbag.py:538} INFO - Filling up the DagBag from /home/airflow/.local/lib/python3.7/site-packages/airflow/example_dags/example_branch_python_dop_operator_3.py
[2024-01-05T14:18:29.526+0000] {processor.py:753} INFO - DAG(s) dict_keys(['example_branch_dop_operator_v3']) retrieved from /home/airflow/.local/lib/python3.7/site-packages/airflow/example_dags/example_branch_python_dop_operator_3.py
[2024-01-05T14:18:29.550+0000] {logging_mixin.py:137} INFO - [2024-01-05T14:18:29.550+0000] {dag.py:2690} INFO - Sync 1 DAGs
[2024-01-05T14:18:29.569+0000] {logging_mixin.py:137} INFO - [2024-01-05T14:18:29.569+0000] {dag.py:3441} INFO - Setting next_dagrun for example_branch_dop_operator_v3 to 2024-01-05T14:17:00+00:00, run_after=2024-01-05T14:18:00+00:00
[2024-01-05T14:18:29.581+0000] {processor.py:175} INFO - Processing /home/airflow/.local/lib/python3.7/site-packages/airflow/example_dags/example_branch_python_dop_operator_3.py took 0.080 seconds
[2024-01-05T14:18:59.958+0000] {processor.py:153} INFO - Started process (PID=7445) to work on /home/airflow/.local/lib/python3.7/site-packages/airflow/example_dags/example_branch_python_dop_operator_3.py
[2024-01-05T14:18:59.959+0000] {processor.py:743} INFO - Processing file /home/airflow/.local/lib/python3.7/site-packages/airflow/example_dags/example_branch_python_dop_operator_3.py for tasks to queue
[2024-01-05T14:18:59.960+0000] {logging_mixin.py:137} INFO - [2024-01-05T14:18:59.960+0000] {dagbag.py:538} INFO - Filling up the DagBag from /home/airflow/.local/lib/python3.7/site-packages/airflow/example_dags/example_branch_python_dop_operator_3.py
[2024-01-05T14:18:59.976+0000] {processor.py:753} INFO - DAG(s) dict_keys(['example_branch_dop_operator_v3']) retrieved from /home/airflow/.local/lib/python3.7/site-packages/airflow/example_dags/example_branch_python_dop_operator_3.py
[2024-01-05T14:18:59.994+0000] {logging_mixin.py:137} INFO - [2024-01-05T14:18:59.994+0000] {dag.py:2690} INFO - Sync 1 DAGs
[2024-01-05T14:19:00.013+0000] {logging_mixin.py:137} INFO - [2024-01-05T14:19:00.013+0000] {dag.py:3441} INFO - Setting next_dagrun for example_branch_dop_operator_v3 to 2024-01-05T14:18:00+00:00, run_after=2024-01-05T14:19:00+00:00
[2024-01-05T14:19:00.025+0000] {processor.py:175} INFO - Processing /home/airflow/.local/lib/python3.7/site-packages/airflow/example_dags/example_branch_python_dop_operator_3.py took 0.070 seconds
[2024-01-05T14:19:31.120+0000] {processor.py:153} INFO - Started process (PID=7508) to work on /home/airflow/.local/lib/python3.7/site-packages/airflow/example_dags/example_branch_python_dop_operator_3.py
[2024-01-05T14:19:31.121+0000] {processor.py:743} INFO - Processing file /home/airflow/.local/lib/python3.7/site-packages/airflow/example_dags/example_branch_python_dop_operator_3.py for tasks to queue
[2024-01-05T14:19:31.122+0000] {logging_mixin.py:137} INFO - [2024-01-05T14:19:31.122+0000] {dagbag.py:538} INFO - Filling up the DagBag from /home/airflow/.local/lib/python3.7/site-packages/airflow/example_dags/example_branch_python_dop_operator_3.py
[2024-01-05T14:19:31.141+0000] {processor.py:753} INFO - DAG(s) dict_keys(['example_branch_dop_operator_v3']) retrieved from /home/airflow/.local/lib/python3.7/site-packages/airflow/example_dags/example_branch_python_dop_operator_3.py
[2024-01-05T14:19:31.179+0000] {logging_mixin.py:137} INFO - [2024-01-05T14:19:31.179+0000] {dag.py:2690} INFO - Sync 1 DAGs
[2024-01-05T14:19:31.217+0000] {logging_mixin.py:137} INFO - [2024-01-05T14:19:31.217+0000] {dag.py:3441} INFO - Setting next_dagrun for example_branch_dop_operator_v3 to 2024-01-05T14:18:00+00:00, run_after=2024-01-05T14:19:00+00:00
[2024-01-05T14:19:31.233+0000] {processor.py:175} INFO - Processing /home/airflow/.local/lib/python3.7/site-packages/airflow/example_dags/example_branch_python_dop_operator_3.py took 0.117 seconds
[2024-01-05T14:20:01.325+0000] {processor.py:153} INFO - Started process (PID=7582) to work on /home/airflow/.local/lib/python3.7/site-packages/airflow/example_dags/example_branch_python_dop_operator_3.py
[2024-01-05T14:20:01.326+0000] {processor.py:743} INFO - Processing file /home/airflow/.local/lib/python3.7/site-packages/airflow/example_dags/example_branch_python_dop_operator_3.py for tasks to queue
[2024-01-05T14:20:01.327+0000] {logging_mixin.py:137} INFO - [2024-01-05T14:20:01.327+0000] {dagbag.py:538} INFO - Filling up the DagBag from /home/airflow/.local/lib/python3.7/site-packages/airflow/example_dags/example_branch_python_dop_operator_3.py
[2024-01-05T14:20:01.342+0000] {processor.py:753} INFO - DAG(s) dict_keys(['example_branch_dop_operator_v3']) retrieved from /home/airflow/.local/lib/python3.7/site-packages/airflow/example_dags/example_branch_python_dop_operator_3.py
[2024-01-05T14:20:01.361+0000] {logging_mixin.py:137} INFO - [2024-01-05T14:20:01.361+0000] {dag.py:2690} INFO - Sync 1 DAGs
[2024-01-05T14:20:01.378+0000] {logging_mixin.py:137} INFO - [2024-01-05T14:20:01.378+0000] {dag.py:3441} INFO - Setting next_dagrun for example_branch_dop_operator_v3 to 2024-01-05T14:19:00+00:00, run_after=2024-01-05T14:20:00+00:00
[2024-01-05T14:20:01.390+0000] {processor.py:175} INFO - Processing /home/airflow/.local/lib/python3.7/site-packages/airflow/example_dags/example_branch_python_dop_operator_3.py took 0.068 seconds
[2024-01-05T14:20:32.718+0000] {processor.py:153} INFO - Started process (PID=7657) to work on /home/airflow/.local/lib/python3.7/site-packages/airflow/example_dags/example_branch_python_dop_operator_3.py
[2024-01-05T14:20:32.720+0000] {processor.py:743} INFO - Processing file /home/airflow/.local/lib/python3.7/site-packages/airflow/example_dags/example_branch_python_dop_operator_3.py for tasks to queue
[2024-01-05T14:20:32.721+0000] {logging_mixin.py:137} INFO - [2024-01-05T14:20:32.721+0000] {dagbag.py:538} INFO - Filling up the DagBag from /home/airflow/.local/lib/python3.7/site-packages/airflow/example_dags/example_branch_python_dop_operator_3.py
[2024-01-05T14:20:32.742+0000] {processor.py:753} INFO - DAG(s) dict_keys(['example_branch_dop_operator_v3']) retrieved from /home/airflow/.local/lib/python3.7/site-packages/airflow/example_dags/example_branch_python_dop_operator_3.py
[2024-01-05T14:20:32.791+0000] {logging_mixin.py:137} INFO - [2024-01-05T14:20:32.790+0000] {dag.py:2690} INFO - Sync 1 DAGs
[2024-01-05T14:20:32.830+0000] {logging_mixin.py:137} INFO - [2024-01-05T14:20:32.830+0000] {dag.py:3441} INFO - Setting next_dagrun for example_branch_dop_operator_v3 to 2024-01-05T14:19:00+00:00, run_after=2024-01-05T14:20:00+00:00
[2024-01-05T14:20:32.852+0000] {processor.py:175} INFO - Processing /home/airflow/.local/lib/python3.7/site-packages/airflow/example_dags/example_branch_python_dop_operator_3.py took 0.137 seconds
[2024-01-05T14:21:03.123+0000] {processor.py:153} INFO - Started process (PID=7720) to work on /home/airflow/.local/lib/python3.7/site-packages/airflow/example_dags/example_branch_python_dop_operator_3.py
[2024-01-05T14:21:03.124+0000] {processor.py:743} INFO - Processing file /home/airflow/.local/lib/python3.7/site-packages/airflow/example_dags/example_branch_python_dop_operator_3.py for tasks to queue
[2024-01-05T14:21:03.125+0000] {logging_mixin.py:137} INFO - [2024-01-05T14:21:03.125+0000] {dagbag.py:538} INFO - Filling up the DagBag from /home/airflow/.local/lib/python3.7/site-packages/airflow/example_dags/example_branch_python_dop_operator_3.py
[2024-01-05T14:21:03.145+0000] {processor.py:753} INFO - DAG(s) dict_keys(['example_branch_dop_operator_v3']) retrieved from /home/airflow/.local/lib/python3.7/site-packages/airflow/example_dags/example_branch_python_dop_operator_3.py
[2024-01-05T14:21:03.170+0000] {logging_mixin.py:137} INFO - [2024-01-05T14:21:03.170+0000] {dag.py:2690} INFO - Sync 1 DAGs
[2024-01-05T14:21:03.191+0000] {logging_mixin.py:137} INFO - [2024-01-05T14:21:03.191+0000] {dag.py:3441} INFO - Setting next_dagrun for example_branch_dop_operator_v3 to 2024-01-05T14:20:00+00:00, run_after=2024-01-05T14:21:00+00:00
[2024-01-05T14:21:03.206+0000] {processor.py:175} INFO - Processing /home/airflow/.local/lib/python3.7/site-packages/airflow/example_dags/example_branch_python_dop_operator_3.py took 0.087 seconds
[2024-01-05T14:21:33.831+0000] {processor.py:153} INFO - Started process (PID=7796) to work on /home/airflow/.local/lib/python3.7/site-packages/airflow/example_dags/example_branch_python_dop_operator_3.py
[2024-01-05T14:21:33.833+0000] {processor.py:743} INFO - Processing file /home/airflow/.local/lib/python3.7/site-packages/airflow/example_dags/example_branch_python_dop_operator_3.py for tasks to queue
[2024-01-05T14:21:33.833+0000] {logging_mixin.py:137} INFO - [2024-01-05T14:21:33.833+0000] {dagbag.py:538} INFO - Filling up the DagBag from /home/airflow/.local/lib/python3.7/site-packages/airflow/example_dags/example_branch_python_dop_operator_3.py
[2024-01-05T14:21:33.849+0000] {processor.py:753} INFO - DAG(s) dict_keys(['example_branch_dop_operator_v3']) retrieved from /home/airflow/.local/lib/python3.7/site-packages/airflow/example_dags/example_branch_python_dop_operator_3.py
[2024-01-05T14:21:33.869+0000] {logging_mixin.py:137} INFO - [2024-01-05T14:21:33.869+0000] {dag.py:2690} INFO - Sync 1 DAGs
[2024-01-05T14:21:33.889+0000] {logging_mixin.py:137} INFO - [2024-01-05T14:21:33.889+0000] {dag.py:3441} INFO - Setting next_dagrun for example_branch_dop_operator_v3 to 2024-01-05T14:20:00+00:00, run_after=2024-01-05T14:21:00+00:00
[2024-01-05T14:21:33.902+0000] {processor.py:175} INFO - Processing /home/airflow/.local/lib/python3.7/site-packages/airflow/example_dags/example_branch_python_dop_operator_3.py took 0.074 seconds
[2024-01-05T14:22:04.052+0000] {processor.py:153} INFO - Started process (PID=7859) to work on /home/airflow/.local/lib/python3.7/site-packages/airflow/example_dags/example_branch_python_dop_operator_3.py
[2024-01-05T14:22:04.055+0000] {processor.py:743} INFO - Processing file /home/airflow/.local/lib/python3.7/site-packages/airflow/example_dags/example_branch_python_dop_operator_3.py for tasks to queue
[2024-01-05T14:22:04.056+0000] {logging_mixin.py:137} INFO - [2024-01-05T14:22:04.056+0000] {dagbag.py:538} INFO - Filling up the DagBag from /home/airflow/.local/lib/python3.7/site-packages/airflow/example_dags/example_branch_python_dop_operator_3.py
[2024-01-05T14:22:04.076+0000] {processor.py:753} INFO - DAG(s) dict_keys(['example_branch_dop_operator_v3']) retrieved from /home/airflow/.local/lib/python3.7/site-packages/airflow/example_dags/example_branch_python_dop_operator_3.py
[2024-01-05T14:22:04.104+0000] {logging_mixin.py:137} INFO - [2024-01-05T14:22:04.104+0000] {dag.py:2690} INFO - Sync 1 DAGs
[2024-01-05T14:22:04.130+0000] {logging_mixin.py:137} INFO - [2024-01-05T14:22:04.130+0000] {dag.py:3441} INFO - Setting next_dagrun for example_branch_dop_operator_v3 to 2024-01-05T14:21:00+00:00, run_after=2024-01-05T14:22:00+00:00
[2024-01-05T14:22:04.145+0000] {processor.py:175} INFO - Processing /home/airflow/.local/lib/python3.7/site-packages/airflow/example_dags/example_branch_python_dop_operator_3.py took 0.096 seconds
[2024-01-05T14:22:34.727+0000] {processor.py:153} INFO - Started process (PID=7935) to work on /home/airflow/.local/lib/python3.7/site-packages/airflow/example_dags/example_branch_python_dop_operator_3.py
[2024-01-05T14:22:34.729+0000] {processor.py:743} INFO - Processing file /home/airflow/.local/lib/python3.7/site-packages/airflow/example_dags/example_branch_python_dop_operator_3.py for tasks to queue
[2024-01-05T14:22:34.729+0000] {logging_mixin.py:137} INFO - [2024-01-05T14:22:34.729+0000] {dagbag.py:538} INFO - Filling up the DagBag from /home/airflow/.local/lib/python3.7/site-packages/airflow/example_dags/example_branch_python_dop_operator_3.py
[2024-01-05T14:22:34.749+0000] {processor.py:753} INFO - DAG(s) dict_keys(['example_branch_dop_operator_v3']) retrieved from /home/airflow/.local/lib/python3.7/site-packages/airflow/example_dags/example_branch_python_dop_operator_3.py
[2024-01-05T14:22:34.775+0000] {logging_mixin.py:137} INFO - [2024-01-05T14:22:34.775+0000] {dag.py:2690} INFO - Sync 1 DAGs
[2024-01-05T14:22:34.801+0000] {logging_mixin.py:137} INFO - [2024-01-05T14:22:34.801+0000] {dag.py:3441} INFO - Setting next_dagrun for example_branch_dop_operator_v3 to 2024-01-05T14:21:00+00:00, run_after=2024-01-05T14:22:00+00:00
[2024-01-05T14:22:34.817+0000] {processor.py:175} INFO - Processing /home/airflow/.local/lib/python3.7/site-packages/airflow/example_dags/example_branch_python_dop_operator_3.py took 0.093 seconds
[2024-01-05T14:23:05.492+0000] {processor.py:153} INFO - Started process (PID=7998) to work on /home/airflow/.local/lib/python3.7/site-packages/airflow/example_dags/example_branch_python_dop_operator_3.py
[2024-01-05T14:23:05.493+0000] {processor.py:743} INFO - Processing file /home/airflow/.local/lib/python3.7/site-packages/airflow/example_dags/example_branch_python_dop_operator_3.py for tasks to queue
[2024-01-05T14:23:05.494+0000] {logging_mixin.py:137} INFO - [2024-01-05T14:23:05.493+0000] {dagbag.py:538} INFO - Filling up the DagBag from /home/airflow/.local/lib/python3.7/site-packages/airflow/example_dags/example_branch_python_dop_operator_3.py
[2024-01-05T14:23:05.511+0000] {processor.py:753} INFO - DAG(s) dict_keys(['example_branch_dop_operator_v3']) retrieved from /home/airflow/.local/lib/python3.7/site-packages/airflow/example_dags/example_branch_python_dop_operator_3.py
[2024-01-05T14:23:05.532+0000] {logging_mixin.py:137} INFO - [2024-01-05T14:23:05.532+0000] {dag.py:2690} INFO - Sync 1 DAGs
[2024-01-05T14:23:05.551+0000] {logging_mixin.py:137} INFO - [2024-01-05T14:23:05.551+0000] {dag.py:3441} INFO - Setting next_dagrun for example_branch_dop_operator_v3 to 2024-01-05T14:22:00+00:00, run_after=2024-01-05T14:23:00+00:00
[2024-01-05T14:23:05.564+0000] {processor.py:175} INFO - Processing /home/airflow/.local/lib/python3.7/site-packages/airflow/example_dags/example_branch_python_dop_operator_3.py took 0.075 seconds
[2024-01-05T14:23:36.019+0000] {processor.py:153} INFO - Started process (PID=8073) to work on /home/airflow/.local/lib/python3.7/site-packages/airflow/example_dags/example_branch_python_dop_operator_3.py
[2024-01-05T14:23:36.020+0000] {processor.py:743} INFO - Processing file /home/airflow/.local/lib/python3.7/site-packages/airflow/example_dags/example_branch_python_dop_operator_3.py for tasks to queue
[2024-01-05T14:23:36.021+0000] {logging_mixin.py:137} INFO - [2024-01-05T14:23:36.021+0000] {dagbag.py:538} INFO - Filling up the DagBag from /home/airflow/.local/lib/python3.7/site-packages/airflow/example_dags/example_branch_python_dop_operator_3.py
[2024-01-05T14:23:36.038+0000] {processor.py:753} INFO - DAG(s) dict_keys(['example_branch_dop_operator_v3']) retrieved from /home/airflow/.local/lib/python3.7/site-packages/airflow/example_dags/example_branch_python_dop_operator_3.py
[2024-01-05T14:23:36.059+0000] {logging_mixin.py:137} INFO - [2024-01-05T14:23:36.059+0000] {dag.py:2690} INFO - Sync 1 DAGs
[2024-01-05T14:23:36.079+0000] {logging_mixin.py:137} INFO - [2024-01-05T14:23:36.079+0000] {dag.py:3441} INFO - Setting next_dagrun for example_branch_dop_operator_v3 to 2024-01-05T14:22:00+00:00, run_after=2024-01-05T14:23:00+00:00
[2024-01-05T14:23:36.090+0000] {processor.py:175} INFO - Processing /home/airflow/.local/lib/python3.7/site-packages/airflow/example_dags/example_branch_python_dop_operator_3.py took 0.074 seconds
[2024-01-05T14:24:06.797+0000] {processor.py:153} INFO - Started process (PID=8136) to work on /home/airflow/.local/lib/python3.7/site-packages/airflow/example_dags/example_branch_python_dop_operator_3.py
[2024-01-05T14:24:06.798+0000] {processor.py:743} INFO - Processing file /home/airflow/.local/lib/python3.7/site-packages/airflow/example_dags/example_branch_python_dop_operator_3.py for tasks to queue
[2024-01-05T14:24:06.799+0000] {logging_mixin.py:137} INFO - [2024-01-05T14:24:06.799+0000] {dagbag.py:538} INFO - Filling up the DagBag from /home/airflow/.local/lib/python3.7/site-packages/airflow/example_dags/example_branch_python_dop_operator_3.py
[2024-01-05T14:24:06.815+0000] {processor.py:753} INFO - DAG(s) dict_keys(['example_branch_dop_operator_v3']) retrieved from /home/airflow/.local/lib/python3.7/site-packages/airflow/example_dags/example_branch_python_dop_operator_3.py
[2024-01-05T14:24:06.836+0000] {logging_mixin.py:137} INFO - [2024-01-05T14:24:06.836+0000] {dag.py:2690} INFO - Sync 1 DAGs
[2024-01-05T14:24:06.856+0000] {logging_mixin.py:137} INFO - [2024-01-05T14:24:06.855+0000] {dag.py:3441} INFO - Setting next_dagrun for example_branch_dop_operator_v3 to 2024-01-05T14:23:00+00:00, run_after=2024-01-05T14:24:00+00:00
[2024-01-05T14:24:06.866+0000] {processor.py:175} INFO - Processing /home/airflow/.local/lib/python3.7/site-packages/airflow/example_dags/example_branch_python_dop_operator_3.py took 0.072 seconds
[2024-01-05T14:24:37.530+0000] {processor.py:153} INFO - Started process (PID=8212) to work on /home/airflow/.local/lib/python3.7/site-packages/airflow/example_dags/example_branch_python_dop_operator_3.py
[2024-01-05T14:24:37.532+0000] {processor.py:743} INFO - Processing file /home/airflow/.local/lib/python3.7/site-packages/airflow/example_dags/example_branch_python_dop_operator_3.py for tasks to queue
[2024-01-05T14:24:37.533+0000] {logging_mixin.py:137} INFO - [2024-01-05T14:24:37.532+0000] {dagbag.py:538} INFO - Filling up the DagBag from /home/airflow/.local/lib/python3.7/site-packages/airflow/example_dags/example_branch_python_dop_operator_3.py
[2024-01-05T14:24:37.551+0000] {processor.py:753} INFO - DAG(s) dict_keys(['example_branch_dop_operator_v3']) retrieved from /home/airflow/.local/lib/python3.7/site-packages/airflow/example_dags/example_branch_python_dop_operator_3.py
[2024-01-05T14:24:37.571+0000] {logging_mixin.py:137} INFO - [2024-01-05T14:24:37.571+0000] {dag.py:2690} INFO - Sync 1 DAGs
[2024-01-05T14:24:37.589+0000] {logging_mixin.py:137} INFO - [2024-01-05T14:24:37.589+0000] {dag.py:3441} INFO - Setting next_dagrun for example_branch_dop_operator_v3 to 2024-01-05T14:23:00+00:00, run_after=2024-01-05T14:24:00+00:00
[2024-01-05T14:24:37.602+0000] {processor.py:175} INFO - Processing /home/airflow/.local/lib/python3.7/site-packages/airflow/example_dags/example_branch_python_dop_operator_3.py took 0.075 seconds
[2024-01-05T14:25:08.280+0000] {processor.py:153} INFO - Started process (PID=8275) to work on /home/airflow/.local/lib/python3.7/site-packages/airflow/example_dags/example_branch_python_dop_operator_3.py
[2024-01-05T14:25:08.282+0000] {processor.py:743} INFO - Processing file /home/airflow/.local/lib/python3.7/site-packages/airflow/example_dags/example_branch_python_dop_operator_3.py for tasks to queue
[2024-01-05T14:25:08.282+0000] {logging_mixin.py:137} INFO - [2024-01-05T14:25:08.282+0000] {dagbag.py:538} INFO - Filling up the DagBag from /home/airflow/.local/lib/python3.7/site-packages/airflow/example_dags/example_branch_python_dop_operator_3.py
[2024-01-05T14:25:08.299+0000] {processor.py:753} INFO - DAG(s) dict_keys(['example_branch_dop_operator_v3']) retrieved from /home/airflow/.local/lib/python3.7/site-packages/airflow/example_dags/example_branch_python_dop_operator_3.py
[2024-01-05T14:25:08.361+0000] {logging_mixin.py:137} INFO - [2024-01-05T14:25:08.360+0000] {dag.py:2690} INFO - Sync 1 DAGs
[2024-01-05T14:25:08.390+0000] {logging_mixin.py:137} INFO - [2024-01-05T14:25:08.390+0000] {dag.py:3441} INFO - Setting next_dagrun for example_branch_dop_operator_v3 to 2024-01-05T14:24:00+00:00, run_after=2024-01-05T14:25:00+00:00
[2024-01-05T14:25:08.409+0000] {processor.py:175} INFO - Processing /home/airflow/.local/lib/python3.7/site-packages/airflow/example_dags/example_branch_python_dop_operator_3.py took 0.133 seconds
[2024-01-05T14:25:38.656+0000] {processor.py:153} INFO - Started process (PID=8351) to work on /home/airflow/.local/lib/python3.7/site-packages/airflow/example_dags/example_branch_python_dop_operator_3.py
[2024-01-05T14:25:38.657+0000] {processor.py:743} INFO - Processing file /home/airflow/.local/lib/python3.7/site-packages/airflow/example_dags/example_branch_python_dop_operator_3.py for tasks to queue
[2024-01-05T14:25:38.658+0000] {logging_mixin.py:137} INFO - [2024-01-05T14:25:38.658+0000] {dagbag.py:538} INFO - Filling up the DagBag from /home/airflow/.local/lib/python3.7/site-packages/airflow/example_dags/example_branch_python_dop_operator_3.py
[2024-01-05T14:25:38.674+0000] {processor.py:753} INFO - DAG(s) dict_keys(['example_branch_dop_operator_v3']) retrieved from /home/airflow/.local/lib/python3.7/site-packages/airflow/example_dags/example_branch_python_dop_operator_3.py
[2024-01-05T14:25:38.693+0000] {logging_mixin.py:137} INFO - [2024-01-05T14:25:38.693+0000] {dag.py:2690} INFO - Sync 1 DAGs
[2024-01-05T14:25:38.713+0000] {logging_mixin.py:137} INFO - [2024-01-05T14:25:38.713+0000] {dag.py:3441} INFO - Setting next_dagrun for example_branch_dop_operator_v3 to 2024-01-05T14:24:00+00:00, run_after=2024-01-05T14:25:00+00:00
[2024-01-05T14:25:38.723+0000] {processor.py:175} INFO - Processing /home/airflow/.local/lib/python3.7/site-packages/airflow/example_dags/example_branch_python_dop_operator_3.py took 0.070 seconds
[2024-01-05T14:26:10.150+0000] {processor.py:153} INFO - Started process (PID=8426) to work on /home/airflow/.local/lib/python3.7/site-packages/airflow/example_dags/example_branch_python_dop_operator_3.py
[2024-01-05T14:26:10.152+0000] {processor.py:743} INFO - Processing file /home/airflow/.local/lib/python3.7/site-packages/airflow/example_dags/example_branch_python_dop_operator_3.py for tasks to queue
[2024-01-05T14:26:10.153+0000] {logging_mixin.py:137} INFO - [2024-01-05T14:26:10.153+0000] {dagbag.py:538} INFO - Filling up the DagBag from /home/airflow/.local/lib/python3.7/site-packages/airflow/example_dags/example_branch_python_dop_operator_3.py
[2024-01-05T14:26:10.175+0000] {processor.py:753} INFO - DAG(s) dict_keys(['example_branch_dop_operator_v3']) retrieved from /home/airflow/.local/lib/python3.7/site-packages/airflow/example_dags/example_branch_python_dop_operator_3.py
[2024-01-05T14:26:10.212+0000] {logging_mixin.py:137} INFO - [2024-01-05T14:26:10.212+0000] {dag.py:2690} INFO - Sync 1 DAGs
[2024-01-05T14:26:10.242+0000] {logging_mixin.py:137} INFO - [2024-01-05T14:26:10.242+0000] {dag.py:3441} INFO - Setting next_dagrun for example_branch_dop_operator_v3 to 2024-01-05T14:25:00+00:00, run_after=2024-01-05T14:26:00+00:00
[2024-01-05T14:26:10.258+0000] {processor.py:175} INFO - Processing /home/airflow/.local/lib/python3.7/site-packages/airflow/example_dags/example_branch_python_dop_operator_3.py took 0.111 seconds
[2024-01-05T14:26:40.310+0000] {processor.py:153} INFO - Started process (PID=8489) to work on /home/airflow/.local/lib/python3.7/site-packages/airflow/example_dags/example_branch_python_dop_operator_3.py
[2024-01-05T14:26:40.311+0000] {processor.py:743} INFO - Processing file /home/airflow/.local/lib/python3.7/site-packages/airflow/example_dags/example_branch_python_dop_operator_3.py for tasks to queue
[2024-01-05T14:26:40.311+0000] {logging_mixin.py:137} INFO - [2024-01-05T14:26:40.311+0000] {dagbag.py:538} INFO - Filling up the DagBag from /home/airflow/.local/lib/python3.7/site-packages/airflow/example_dags/example_branch_python_dop_operator_3.py
[2024-01-05T14:26:40.329+0000] {processor.py:753} INFO - DAG(s) dict_keys(['example_branch_dop_operator_v3']) retrieved from /home/airflow/.local/lib/python3.7/site-packages/airflow/example_dags/example_branch_python_dop_operator_3.py
[2024-01-05T14:26:40.351+0000] {logging_mixin.py:137} INFO - [2024-01-05T14:26:40.351+0000] {dag.py:2690} INFO - Sync 1 DAGs
[2024-01-05T14:26:40.369+0000] {logging_mixin.py:137} INFO - [2024-01-05T14:26:40.369+0000] {dag.py:3441} INFO - Setting next_dagrun for example_branch_dop_operator_v3 to 2024-01-05T14:25:00+00:00, run_after=2024-01-05T14:26:00+00:00
[2024-01-05T14:26:40.380+0000] {processor.py:175} INFO - Processing /home/airflow/.local/lib/python3.7/site-packages/airflow/example_dags/example_branch_python_dop_operator_3.py took 0.073 seconds
