[2024-01-05T01:20:55.170+0000] {processor.py:153} INFO - Started process (PID=4331) to work on /home/airflow/.local/lib/python3.7/site-packages/airflow/example_dags/example_latest_only_with_trigger.py
[2024-01-05T01:20:55.172+0000] {processor.py:743} INFO - Processing file /home/airflow/.local/lib/python3.7/site-packages/airflow/example_dags/example_latest_only_with_trigger.py for tasks to queue
[2024-01-05T01:20:55.174+0000] {logging_mixin.py:137} INFO - [2024-01-05T01:20:55.174+0000] {dagbag.py:538} INFO - Filling up the DagBag from /home/airflow/.local/lib/python3.7/site-packages/airflow/example_dags/example_latest_only_with_trigger.py
[2024-01-05T01:20:55.192+0000] {processor.py:753} INFO - DAG(s) dict_keys(['latest_only_with_trigger']) retrieved from /home/airflow/.local/lib/python3.7/site-packages/airflow/example_dags/example_latest_only_with_trigger.py
[2024-01-05T01:20:55.250+0000] {logging_mixin.py:137} INFO - [2024-01-05T01:20:55.243+0000] {dag.py:2690} INFO - Sync 1 DAGs
[2024-01-05T01:20:55.301+0000] {logging_mixin.py:137} INFO - [2024-01-05T01:20:55.301+0000] {dag.py:3441} INFO - Setting next_dagrun for latest_only_with_trigger to 2024-01-04T21:20:55.300869+00:00, run_after=2024-01-05T01:20:55.300869+00:00
[2024-01-05T01:20:55.349+0000] {processor.py:175} INFO - Processing /home/airflow/.local/lib/python3.7/site-packages/airflow/example_dags/example_latest_only_with_trigger.py took 0.183 seconds
[2024-01-05T02:31:17.975+0000] {processor.py:153} INFO - Started process (PID=4397) to work on /home/airflow/.local/lib/python3.7/site-packages/airflow/example_dags/example_latest_only_with_trigger.py
[2024-01-05T02:31:17.976+0000] {processor.py:743} INFO - Processing file /home/airflow/.local/lib/python3.7/site-packages/airflow/example_dags/example_latest_only_with_trigger.py for tasks to queue
[2024-01-05T02:31:17.977+0000] {logging_mixin.py:137} INFO - [2024-01-05T02:31:17.977+0000] {dagbag.py:538} INFO - Filling up the DagBag from /home/airflow/.local/lib/python3.7/site-packages/airflow/example_dags/example_latest_only_with_trigger.py
[2024-01-05T02:31:17.988+0000] {processor.py:753} INFO - DAG(s) dict_keys(['latest_only_with_trigger']) retrieved from /home/airflow/.local/lib/python3.7/site-packages/airflow/example_dags/example_latest_only_with_trigger.py
[2024-01-05T02:31:18.011+0000] {logging_mixin.py:137} INFO - [2024-01-05T02:31:18.011+0000] {dag.py:2690} INFO - Sync 1 DAGs
[2024-01-05T02:31:18.044+0000] {logging_mixin.py:137} INFO - [2024-01-05T02:31:18.044+0000] {dag.py:3441} INFO - Setting next_dagrun for latest_only_with_trigger to 2024-01-04T22:31:18.043974+00:00, run_after=2024-01-05T02:31:18.043974+00:00
[2024-01-05T02:31:18.061+0000] {processor.py:175} INFO - Processing /home/airflow/.local/lib/python3.7/site-packages/airflow/example_dags/example_latest_only_with_trigger.py took 0.089 seconds
[2024-01-05T03:42:26.908+0000] {processor.py:153} INFO - Started process (PID=4460) to work on /home/airflow/.local/lib/python3.7/site-packages/airflow/example_dags/example_latest_only_with_trigger.py
[2024-01-05T03:42:26.909+0000] {processor.py:743} INFO - Processing file /home/airflow/.local/lib/python3.7/site-packages/airflow/example_dags/example_latest_only_with_trigger.py for tasks to queue
[2024-01-05T03:42:26.910+0000] {logging_mixin.py:137} INFO - [2024-01-05T03:42:26.910+0000] {dagbag.py:538} INFO - Filling up the DagBag from /home/airflow/.local/lib/python3.7/site-packages/airflow/example_dags/example_latest_only_with_trigger.py
[2024-01-05T03:42:26.924+0000] {processor.py:753} INFO - DAG(s) dict_keys(['latest_only_with_trigger']) retrieved from /home/airflow/.local/lib/python3.7/site-packages/airflow/example_dags/example_latest_only_with_trigger.py
[2024-01-05T03:42:26.958+0000] {logging_mixin.py:137} INFO - [2024-01-05T03:42:26.958+0000] {dag.py:2690} INFO - Sync 1 DAGs
[2024-01-05T03:42:26.992+0000] {logging_mixin.py:137} INFO - [2024-01-05T03:42:26.992+0000] {dag.py:3441} INFO - Setting next_dagrun for latest_only_with_trigger to 2024-01-04T23:42:26.992368+00:00, run_after=2024-01-05T03:42:26.992368+00:00
[2024-01-05T03:42:27.021+0000] {processor.py:175} INFO - Processing /home/airflow/.local/lib/python3.7/site-packages/airflow/example_dags/example_latest_only_with_trigger.py took 0.117 seconds
[2024-01-05T05:03:26.370+0000] {processor.py:153} INFO - Started process (PID=4535) to work on /home/airflow/.local/lib/python3.7/site-packages/airflow/example_dags/example_latest_only_with_trigger.py
[2024-01-05T05:03:26.371+0000] {processor.py:743} INFO - Processing file /home/airflow/.local/lib/python3.7/site-packages/airflow/example_dags/example_latest_only_with_trigger.py for tasks to queue
[2024-01-05T05:03:26.372+0000] {logging_mixin.py:137} INFO - [2024-01-05T05:03:26.372+0000] {dagbag.py:538} INFO - Filling up the DagBag from /home/airflow/.local/lib/python3.7/site-packages/airflow/example_dags/example_latest_only_with_trigger.py
[2024-01-05T05:03:26.383+0000] {processor.py:753} INFO - DAG(s) dict_keys(['latest_only_with_trigger']) retrieved from /home/airflow/.local/lib/python3.7/site-packages/airflow/example_dags/example_latest_only_with_trigger.py
[2024-01-05T05:03:26.410+0000] {logging_mixin.py:137} INFO - [2024-01-05T05:03:26.410+0000] {dag.py:2690} INFO - Sync 1 DAGs
[2024-01-05T05:03:26.429+0000] {logging_mixin.py:137} INFO - [2024-01-05T05:03:26.429+0000] {dag.py:3441} INFO - Setting next_dagrun for latest_only_with_trigger to 2024-01-05T01:03:26.429460+00:00, run_after=2024-01-05T05:03:26.429460+00:00
[2024-01-05T05:03:26.450+0000] {processor.py:175} INFO - Processing /home/airflow/.local/lib/python3.7/site-packages/airflow/example_dags/example_latest_only_with_trigger.py took 0.083 seconds
[2024-01-05T06:28:02.831+0000] {processor.py:153} INFO - Started process (PID=4597) to work on /home/airflow/.local/lib/python3.7/site-packages/airflow/example_dags/example_latest_only_with_trigger.py
[2024-01-05T06:28:02.833+0000] {processor.py:743} INFO - Processing file /home/airflow/.local/lib/python3.7/site-packages/airflow/example_dags/example_latest_only_with_trigger.py for tasks to queue
[2024-01-05T06:28:02.833+0000] {logging_mixin.py:137} INFO - [2024-01-05T06:28:02.833+0000] {dagbag.py:538} INFO - Filling up the DagBag from /home/airflow/.local/lib/python3.7/site-packages/airflow/example_dags/example_latest_only_with_trigger.py
[2024-01-05T06:28:02.848+0000] {processor.py:753} INFO - DAG(s) dict_keys(['latest_only_with_trigger']) retrieved from /home/airflow/.local/lib/python3.7/site-packages/airflow/example_dags/example_latest_only_with_trigger.py
[2024-01-05T06:28:02.873+0000] {logging_mixin.py:137} INFO - [2024-01-05T06:28:02.873+0000] {dag.py:2690} INFO - Sync 1 DAGs
[2024-01-05T06:28:02.895+0000] {logging_mixin.py:137} INFO - [2024-01-05T06:28:02.895+0000] {dag.py:3441} INFO - Setting next_dagrun for latest_only_with_trigger to 2024-01-05T02:28:02.895266+00:00, run_after=2024-01-05T06:28:02.895266+00:00
[2024-01-05T06:28:02.911+0000] {processor.py:175} INFO - Processing /home/airflow/.local/lib/python3.7/site-packages/airflow/example_dags/example_latest_only_with_trigger.py took 0.084 seconds
[2024-01-05T07:47:04.559+0000] {processor.py:153} INFO - Started process (PID=4660) to work on /home/airflow/.local/lib/python3.7/site-packages/airflow/example_dags/example_latest_only_with_trigger.py
[2024-01-05T07:47:04.561+0000] {processor.py:743} INFO - Processing file /home/airflow/.local/lib/python3.7/site-packages/airflow/example_dags/example_latest_only_with_trigger.py for tasks to queue
[2024-01-05T07:47:04.563+0000] {logging_mixin.py:137} INFO - [2024-01-05T07:47:04.562+0000] {dagbag.py:538} INFO - Filling up the DagBag from /home/airflow/.local/lib/python3.7/site-packages/airflow/example_dags/example_latest_only_with_trigger.py
[2024-01-05T07:47:04.586+0000] {processor.py:753} INFO - DAG(s) dict_keys(['latest_only_with_trigger']) retrieved from /home/airflow/.local/lib/python3.7/site-packages/airflow/example_dags/example_latest_only_with_trigger.py
[2024-01-05T07:47:04.690+0000] {logging_mixin.py:137} INFO - [2024-01-05T07:47:04.690+0000] {dag.py:2690} INFO - Sync 1 DAGs
[2024-01-05T07:47:04.731+0000] {logging_mixin.py:137} INFO - [2024-01-05T07:47:04.731+0000] {dag.py:3441} INFO - Setting next_dagrun for latest_only_with_trigger to 2024-01-05T03:47:04.730334+00:00, run_after=2024-01-05T07:47:04.730334+00:00
[2024-01-05T07:47:04.750+0000] {processor.py:175} INFO - Processing /home/airflow/.local/lib/python3.7/site-packages/airflow/example_dags/example_latest_only_with_trigger.py took 0.199 seconds
[2024-01-05T09:24:46.824+0000] {processor.py:153} INFO - Started process (PID=4734) to work on /home/airflow/.local/lib/python3.7/site-packages/airflow/example_dags/example_latest_only_with_trigger.py
[2024-01-05T09:24:46.825+0000] {processor.py:743} INFO - Processing file /home/airflow/.local/lib/python3.7/site-packages/airflow/example_dags/example_latest_only_with_trigger.py for tasks to queue
[2024-01-05T09:24:46.826+0000] {logging_mixin.py:137} INFO - [2024-01-05T09:24:46.826+0000] {dagbag.py:538} INFO - Filling up the DagBag from /home/airflow/.local/lib/python3.7/site-packages/airflow/example_dags/example_latest_only_with_trigger.py
[2024-01-05T09:24:46.846+0000] {processor.py:753} INFO - DAG(s) dict_keys(['latest_only_with_trigger']) retrieved from /home/airflow/.local/lib/python3.7/site-packages/airflow/example_dags/example_latest_only_with_trigger.py
[2024-01-05T09:24:46.875+0000] {logging_mixin.py:137} INFO - [2024-01-05T09:24:46.875+0000] {dag.py:2690} INFO - Sync 1 DAGs
[2024-01-05T09:24:46.896+0000] {logging_mixin.py:137} INFO - [2024-01-05T09:24:46.896+0000] {dag.py:3441} INFO - Setting next_dagrun for latest_only_with_trigger to 2024-01-05T05:24:46.896130+00:00, run_after=2024-01-05T09:24:46.896130+00:00
[2024-01-05T09:24:47.279+0000] {processor.py:175} INFO - Processing /home/airflow/.local/lib/python3.7/site-packages/airflow/example_dags/example_latest_only_with_trigger.py took 0.458 seconds
[2024-01-05T10:32:47.770+0000] {processor.py:153} INFO - Started process (PID=4797) to work on /home/airflow/.local/lib/python3.7/site-packages/airflow/example_dags/example_latest_only_with_trigger.py
[2024-01-05T10:32:47.771+0000] {processor.py:743} INFO - Processing file /home/airflow/.local/lib/python3.7/site-packages/airflow/example_dags/example_latest_only_with_trigger.py for tasks to queue
[2024-01-05T10:32:47.772+0000] {logging_mixin.py:137} INFO - [2024-01-05T10:32:47.772+0000] {dagbag.py:538} INFO - Filling up the DagBag from /home/airflow/.local/lib/python3.7/site-packages/airflow/example_dags/example_latest_only_with_trigger.py
[2024-01-05T10:32:47.783+0000] {processor.py:753} INFO - DAG(s) dict_keys(['latest_only_with_trigger']) retrieved from /home/airflow/.local/lib/python3.7/site-packages/airflow/example_dags/example_latest_only_with_trigger.py
[2024-01-05T10:32:47.803+0000] {logging_mixin.py:137} INFO - [2024-01-05T10:32:47.803+0000] {dag.py:2690} INFO - Sync 1 DAGs
[2024-01-05T10:32:47.825+0000] {logging_mixin.py:137} INFO - [2024-01-05T10:32:47.824+0000] {dag.py:3441} INFO - Setting next_dagrun for latest_only_with_trigger to 2024-01-05T06:32:47.824565+00:00, run_after=2024-01-05T10:32:47.824565+00:00
[2024-01-05T10:32:47.838+0000] {processor.py:175} INFO - Processing /home/airflow/.local/lib/python3.7/site-packages/airflow/example_dags/example_latest_only_with_trigger.py took 0.072 seconds
[2024-01-05T11:33:46.760+0000] {processor.py:153} INFO - Started process (PID=4872) to work on /home/airflow/.local/lib/python3.7/site-packages/airflow/example_dags/example_latest_only_with_trigger.py
[2024-01-05T11:33:46.762+0000] {processor.py:743} INFO - Processing file /home/airflow/.local/lib/python3.7/site-packages/airflow/example_dags/example_latest_only_with_trigger.py for tasks to queue
[2024-01-05T11:33:46.763+0000] {logging_mixin.py:137} INFO - [2024-01-05T11:33:46.763+0000] {dagbag.py:538} INFO - Filling up the DagBag from /home/airflow/.local/lib/python3.7/site-packages/airflow/example_dags/example_latest_only_with_trigger.py
[2024-01-05T11:33:46.777+0000] {processor.py:753} INFO - DAG(s) dict_keys(['latest_only_with_trigger']) retrieved from /home/airflow/.local/lib/python3.7/site-packages/airflow/example_dags/example_latest_only_with_trigger.py
[2024-01-05T11:33:46.802+0000] {logging_mixin.py:137} INFO - [2024-01-05T11:33:46.802+0000] {dag.py:2690} INFO - Sync 1 DAGs
[2024-01-05T11:33:46.823+0000] {logging_mixin.py:137} INFO - [2024-01-05T11:33:46.823+0000] {dag.py:3441} INFO - Setting next_dagrun for latest_only_with_trigger to 2024-01-05T07:33:46.823519+00:00, run_after=2024-01-05T11:33:46.823519+00:00
[2024-01-05T11:33:46.837+0000] {processor.py:175} INFO - Processing /home/airflow/.local/lib/python3.7/site-packages/airflow/example_dags/example_latest_only_with_trigger.py took 0.081 seconds
[2024-01-05T12:52:17.909+0000] {processor.py:153} INFO - Started process (PID=4935) to work on /home/airflow/.local/lib/python3.7/site-packages/airflow/example_dags/example_latest_only_with_trigger.py
[2024-01-05T12:52:17.911+0000] {processor.py:743} INFO - Processing file /home/airflow/.local/lib/python3.7/site-packages/airflow/example_dags/example_latest_only_with_trigger.py for tasks to queue
[2024-01-05T12:52:17.912+0000] {logging_mixin.py:137} INFO - [2024-01-05T12:52:17.912+0000] {dagbag.py:538} INFO - Filling up the DagBag from /home/airflow/.local/lib/python3.7/site-packages/airflow/example_dags/example_latest_only_with_trigger.py
[2024-01-05T12:52:17.934+0000] {processor.py:753} INFO - DAG(s) dict_keys(['latest_only_with_trigger']) retrieved from /home/airflow/.local/lib/python3.7/site-packages/airflow/example_dags/example_latest_only_with_trigger.py
[2024-01-05T12:52:17.977+0000] {logging_mixin.py:137} INFO - [2024-01-05T12:52:17.977+0000] {dag.py:2690} INFO - Sync 1 DAGs
[2024-01-05T12:52:18.000+0000] {logging_mixin.py:137} INFO - [2024-01-05T12:52:18.000+0000] {dag.py:3441} INFO - Setting next_dagrun for latest_only_with_trigger to 2024-01-05T08:52:17.999503+00:00, run_after=2024-01-05T12:52:17.999503+00:00
[2024-01-05T12:52:18.016+0000] {processor.py:175} INFO - Processing /home/airflow/.local/lib/python3.7/site-packages/airflow/example_dags/example_latest_only_with_trigger.py took 0.111 seconds
[2024-01-05T14:01:04.746+0000] {processor.py:153} INFO - Started process (PID=5009) to work on /home/airflow/.local/lib/python3.7/site-packages/airflow/example_dags/example_latest_only_with_trigger.py
[2024-01-05T14:01:04.750+0000] {processor.py:743} INFO - Processing file /home/airflow/.local/lib/python3.7/site-packages/airflow/example_dags/example_latest_only_with_trigger.py for tasks to queue
[2024-01-05T14:01:04.758+0000] {logging_mixin.py:137} INFO - [2024-01-05T14:01:04.758+0000] {dagbag.py:538} INFO - Filling up the DagBag from /home/airflow/.local/lib/python3.7/site-packages/airflow/example_dags/example_latest_only_with_trigger.py
[2024-01-05T14:01:04.827+0000] {processor.py:753} INFO - DAG(s) dict_keys(['latest_only_with_trigger']) retrieved from /home/airflow/.local/lib/python3.7/site-packages/airflow/example_dags/example_latest_only_with_trigger.py
[2024-01-05T14:01:04.948+0000] {logging_mixin.py:137} INFO - [2024-01-05T14:01:04.947+0000] {dag.py:2690} INFO - Sync 1 DAGs
[2024-01-05T14:01:05.004+0000] {logging_mixin.py:137} INFO - [2024-01-05T14:01:05.004+0000] {dag.py:3441} INFO - Setting next_dagrun for latest_only_with_trigger to 2024-01-05T10:01:05.004278+00:00, run_after=2024-01-05T14:01:05.004278+00:00
[2024-01-05T14:01:05.064+0000] {processor.py:175} INFO - Processing /home/airflow/.local/lib/python3.7/site-packages/airflow/example_dags/example_latest_only_with_trigger.py took 0.344 seconds
[2024-01-05T14:01:35.337+0000] {processor.py:153} INFO - Started process (PID=5073) to work on /home/airflow/.local/lib/python3.7/site-packages/airflow/example_dags/example_latest_only_with_trigger.py
[2024-01-05T14:01:35.339+0000] {processor.py:743} INFO - Processing file /home/airflow/.local/lib/python3.7/site-packages/airflow/example_dags/example_latest_only_with_trigger.py for tasks to queue
[2024-01-05T14:01:35.339+0000] {logging_mixin.py:137} INFO - [2024-01-05T14:01:35.339+0000] {dagbag.py:538} INFO - Filling up the DagBag from /home/airflow/.local/lib/python3.7/site-packages/airflow/example_dags/example_latest_only_with_trigger.py
[2024-01-05T14:01:35.349+0000] {processor.py:753} INFO - DAG(s) dict_keys(['latest_only_with_trigger']) retrieved from /home/airflow/.local/lib/python3.7/site-packages/airflow/example_dags/example_latest_only_with_trigger.py
[2024-01-05T14:01:35.369+0000] {logging_mixin.py:137} INFO - [2024-01-05T14:01:35.369+0000] {dag.py:2690} INFO - Sync 1 DAGs
[2024-01-05T14:01:35.385+0000] {logging_mixin.py:137} INFO - [2024-01-05T14:01:35.384+0000] {dag.py:3441} INFO - Setting next_dagrun for latest_only_with_trigger to 2024-01-05T10:01:35.384792+00:00, run_after=2024-01-05T14:01:35.384792+00:00
[2024-01-05T14:01:35.395+0000] {processor.py:175} INFO - Processing /home/airflow/.local/lib/python3.7/site-packages/airflow/example_dags/example_latest_only_with_trigger.py took 0.061 seconds
[2024-01-05T14:02:06.241+0000] {processor.py:153} INFO - Started process (PID=5137) to work on /home/airflow/.local/lib/python3.7/site-packages/airflow/example_dags/example_latest_only_with_trigger.py
[2024-01-05T14:02:06.242+0000] {processor.py:743} INFO - Processing file /home/airflow/.local/lib/python3.7/site-packages/airflow/example_dags/example_latest_only_with_trigger.py for tasks to queue
[2024-01-05T14:02:06.243+0000] {logging_mixin.py:137} INFO - [2024-01-05T14:02:06.243+0000] {dagbag.py:538} INFO - Filling up the DagBag from /home/airflow/.local/lib/python3.7/site-packages/airflow/example_dags/example_latest_only_with_trigger.py
[2024-01-05T14:02:06.253+0000] {processor.py:753} INFO - DAG(s) dict_keys(['latest_only_with_trigger']) retrieved from /home/airflow/.local/lib/python3.7/site-packages/airflow/example_dags/example_latest_only_with_trigger.py
[2024-01-05T14:02:06.272+0000] {logging_mixin.py:137} INFO - [2024-01-05T14:02:06.272+0000] {dag.py:2690} INFO - Sync 1 DAGs
[2024-01-05T14:02:06.287+0000] {logging_mixin.py:137} INFO - [2024-01-05T14:02:06.287+0000] {dag.py:3441} INFO - Setting next_dagrun for latest_only_with_trigger to 2024-01-05T10:02:06.287410+00:00, run_after=2024-01-05T14:02:06.287410+00:00
[2024-01-05T14:02:06.298+0000] {processor.py:175} INFO - Processing /home/airflow/.local/lib/python3.7/site-packages/airflow/example_dags/example_latest_only_with_trigger.py took 0.059 seconds
[2024-01-05T14:02:36.901+0000] {processor.py:153} INFO - Started process (PID=5212) to work on /home/airflow/.local/lib/python3.7/site-packages/airflow/example_dags/example_latest_only_with_trigger.py
[2024-01-05T14:02:36.902+0000] {processor.py:743} INFO - Processing file /home/airflow/.local/lib/python3.7/site-packages/airflow/example_dags/example_latest_only_with_trigger.py for tasks to queue
[2024-01-05T14:02:36.903+0000] {logging_mixin.py:137} INFO - [2024-01-05T14:02:36.903+0000] {dagbag.py:538} INFO - Filling up the DagBag from /home/airflow/.local/lib/python3.7/site-packages/airflow/example_dags/example_latest_only_with_trigger.py
[2024-01-05T14:02:36.913+0000] {processor.py:753} INFO - DAG(s) dict_keys(['latest_only_with_trigger']) retrieved from /home/airflow/.local/lib/python3.7/site-packages/airflow/example_dags/example_latest_only_with_trigger.py
[2024-01-05T14:02:36.932+0000] {logging_mixin.py:137} INFO - [2024-01-05T14:02:36.932+0000] {dag.py:2690} INFO - Sync 1 DAGs
[2024-01-05T14:02:36.947+0000] {logging_mixin.py:137} INFO - [2024-01-05T14:02:36.947+0000] {dag.py:3441} INFO - Setting next_dagrun for latest_only_with_trigger to 2024-01-05T10:02:36.947372+00:00, run_after=2024-01-05T14:02:36.947372+00:00
[2024-01-05T14:02:36.958+0000] {processor.py:175} INFO - Processing /home/airflow/.local/lib/python3.7/site-packages/airflow/example_dags/example_latest_only_with_trigger.py took 0.060 seconds
[2024-01-05T14:03:07.805+0000] {processor.py:153} INFO - Started process (PID=5275) to work on /home/airflow/.local/lib/python3.7/site-packages/airflow/example_dags/example_latest_only_with_trigger.py
[2024-01-05T14:03:07.808+0000] {processor.py:743} INFO - Processing file /home/airflow/.local/lib/python3.7/site-packages/airflow/example_dags/example_latest_only_with_trigger.py for tasks to queue
[2024-01-05T14:03:07.811+0000] {logging_mixin.py:137} INFO - [2024-01-05T14:03:07.810+0000] {dagbag.py:538} INFO - Filling up the DagBag from /home/airflow/.local/lib/python3.7/site-packages/airflow/example_dags/example_latest_only_with_trigger.py
[2024-01-05T14:03:07.832+0000] {processor.py:753} INFO - DAG(s) dict_keys(['latest_only_with_trigger']) retrieved from /home/airflow/.local/lib/python3.7/site-packages/airflow/example_dags/example_latest_only_with_trigger.py
[2024-01-05T14:03:07.860+0000] {logging_mixin.py:137} INFO - [2024-01-05T14:03:07.860+0000] {dag.py:2690} INFO - Sync 1 DAGs
[2024-01-05T14:03:07.890+0000] {logging_mixin.py:137} INFO - [2024-01-05T14:03:07.889+0000] {dag.py:3441} INFO - Setting next_dagrun for latest_only_with_trigger to 2024-01-05T10:03:07.889602+00:00, run_after=2024-01-05T14:03:07.889602+00:00
[2024-01-05T14:03:07.902+0000] {processor.py:175} INFO - Processing /home/airflow/.local/lib/python3.7/site-packages/airflow/example_dags/example_latest_only_with_trigger.py took 0.100 seconds
[2024-01-05T14:03:38.581+0000] {processor.py:153} INFO - Started process (PID=5350) to work on /home/airflow/.local/lib/python3.7/site-packages/airflow/example_dags/example_latest_only_with_trigger.py
[2024-01-05T14:03:38.582+0000] {processor.py:743} INFO - Processing file /home/airflow/.local/lib/python3.7/site-packages/airflow/example_dags/example_latest_only_with_trigger.py for tasks to queue
[2024-01-05T14:03:38.583+0000] {logging_mixin.py:137} INFO - [2024-01-05T14:03:38.583+0000] {dagbag.py:538} INFO - Filling up the DagBag from /home/airflow/.local/lib/python3.7/site-packages/airflow/example_dags/example_latest_only_with_trigger.py
[2024-01-05T14:03:38.593+0000] {processor.py:753} INFO - DAG(s) dict_keys(['latest_only_with_trigger']) retrieved from /home/airflow/.local/lib/python3.7/site-packages/airflow/example_dags/example_latest_only_with_trigger.py
[2024-01-05T14:03:38.614+0000] {logging_mixin.py:137} INFO - [2024-01-05T14:03:38.613+0000] {dag.py:2690} INFO - Sync 1 DAGs
[2024-01-05T14:03:38.630+0000] {logging_mixin.py:137} INFO - [2024-01-05T14:03:38.630+0000] {dag.py:3441} INFO - Setting next_dagrun for latest_only_with_trigger to 2024-01-05T10:03:38.630088+00:00, run_after=2024-01-05T14:03:38.630088+00:00
[2024-01-05T14:03:38.640+0000] {processor.py:175} INFO - Processing /home/airflow/.local/lib/python3.7/site-packages/airflow/example_dags/example_latest_only_with_trigger.py took 0.062 seconds
[2024-01-05T14:04:09.550+0000] {processor.py:153} INFO - Started process (PID=5426) to work on /home/airflow/.local/lib/python3.7/site-packages/airflow/example_dags/example_latest_only_with_trigger.py
[2024-01-05T14:04:09.552+0000] {processor.py:743} INFO - Processing file /home/airflow/.local/lib/python3.7/site-packages/airflow/example_dags/example_latest_only_with_trigger.py for tasks to queue
[2024-01-05T14:04:09.553+0000] {logging_mixin.py:137} INFO - [2024-01-05T14:04:09.553+0000] {dagbag.py:538} INFO - Filling up the DagBag from /home/airflow/.local/lib/python3.7/site-packages/airflow/example_dags/example_latest_only_with_trigger.py
[2024-01-05T14:04:09.565+0000] {processor.py:753} INFO - DAG(s) dict_keys(['latest_only_with_trigger']) retrieved from /home/airflow/.local/lib/python3.7/site-packages/airflow/example_dags/example_latest_only_with_trigger.py
[2024-01-05T14:04:09.592+0000] {logging_mixin.py:137} INFO - [2024-01-05T14:04:09.592+0000] {dag.py:2690} INFO - Sync 1 DAGs
[2024-01-05T14:04:09.613+0000] {logging_mixin.py:137} INFO - [2024-01-05T14:04:09.613+0000] {dag.py:3441} INFO - Setting next_dagrun for latest_only_with_trigger to 2024-01-05T10:04:09.612996+00:00, run_after=2024-01-05T14:04:09.612996+00:00
[2024-01-05T14:04:09.627+0000] {processor.py:175} INFO - Processing /home/airflow/.local/lib/python3.7/site-packages/airflow/example_dags/example_latest_only_with_trigger.py took 0.085 seconds
[2024-01-05T14:04:39.720+0000] {processor.py:153} INFO - Started process (PID=5489) to work on /home/airflow/.local/lib/python3.7/site-packages/airflow/example_dags/example_latest_only_with_trigger.py
[2024-01-05T14:04:39.721+0000] {processor.py:743} INFO - Processing file /home/airflow/.local/lib/python3.7/site-packages/airflow/example_dags/example_latest_only_with_trigger.py for tasks to queue
[2024-01-05T14:04:39.722+0000] {logging_mixin.py:137} INFO - [2024-01-05T14:04:39.722+0000] {dagbag.py:538} INFO - Filling up the DagBag from /home/airflow/.local/lib/python3.7/site-packages/airflow/example_dags/example_latest_only_with_trigger.py
[2024-01-05T14:04:39.732+0000] {processor.py:753} INFO - DAG(s) dict_keys(['latest_only_with_trigger']) retrieved from /home/airflow/.local/lib/python3.7/site-packages/airflow/example_dags/example_latest_only_with_trigger.py
[2024-01-05T14:04:39.752+0000] {logging_mixin.py:137} INFO - [2024-01-05T14:04:39.752+0000] {dag.py:2690} INFO - Sync 1 DAGs
[2024-01-05T14:04:39.767+0000] {logging_mixin.py:137} INFO - [2024-01-05T14:04:39.767+0000] {dag.py:3441} INFO - Setting next_dagrun for latest_only_with_trigger to 2024-01-05T10:04:39.766982+00:00, run_after=2024-01-05T14:04:39.766982+00:00
[2024-01-05T14:04:39.778+0000] {processor.py:175} INFO - Processing /home/airflow/.local/lib/python3.7/site-packages/airflow/example_dags/example_latest_only_with_trigger.py took 0.062 seconds
[2024-01-05T14:05:10.818+0000] {processor.py:153} INFO - Started process (PID=5564) to work on /home/airflow/.local/lib/python3.7/site-packages/airflow/example_dags/example_latest_only_with_trigger.py
[2024-01-05T14:05:10.819+0000] {processor.py:743} INFO - Processing file /home/airflow/.local/lib/python3.7/site-packages/airflow/example_dags/example_latest_only_with_trigger.py for tasks to queue
[2024-01-05T14:05:10.820+0000] {logging_mixin.py:137} INFO - [2024-01-05T14:05:10.820+0000] {dagbag.py:538} INFO - Filling up the DagBag from /home/airflow/.local/lib/python3.7/site-packages/airflow/example_dags/example_latest_only_with_trigger.py
[2024-01-05T14:05:10.834+0000] {processor.py:753} INFO - DAG(s) dict_keys(['latest_only_with_trigger']) retrieved from /home/airflow/.local/lib/python3.7/site-packages/airflow/example_dags/example_latest_only_with_trigger.py
[2024-01-05T14:05:10.854+0000] {logging_mixin.py:137} INFO - [2024-01-05T14:05:10.853+0000] {dag.py:2690} INFO - Sync 1 DAGs
[2024-01-05T14:05:10.870+0000] {logging_mixin.py:137} INFO - [2024-01-05T14:05:10.870+0000] {dag.py:3441} INFO - Setting next_dagrun for latest_only_with_trigger to 2024-01-05T10:05:10.870494+00:00, run_after=2024-01-05T14:05:10.870494+00:00
[2024-01-05T14:05:10.883+0000] {processor.py:175} INFO - Processing /home/airflow/.local/lib/python3.7/site-packages/airflow/example_dags/example_latest_only_with_trigger.py took 0.068 seconds
[2024-01-05T14:05:41.147+0000] {processor.py:153} INFO - Started process (PID=5627) to work on /home/airflow/.local/lib/python3.7/site-packages/airflow/example_dags/example_latest_only_with_trigger.py
[2024-01-05T14:05:41.148+0000] {processor.py:743} INFO - Processing file /home/airflow/.local/lib/python3.7/site-packages/airflow/example_dags/example_latest_only_with_trigger.py for tasks to queue
[2024-01-05T14:05:41.149+0000] {logging_mixin.py:137} INFO - [2024-01-05T14:05:41.149+0000] {dagbag.py:538} INFO - Filling up the DagBag from /home/airflow/.local/lib/python3.7/site-packages/airflow/example_dags/example_latest_only_with_trigger.py
[2024-01-05T14:05:41.160+0000] {processor.py:753} INFO - DAG(s) dict_keys(['latest_only_with_trigger']) retrieved from /home/airflow/.local/lib/python3.7/site-packages/airflow/example_dags/example_latest_only_with_trigger.py
[2024-01-05T14:05:41.181+0000] {logging_mixin.py:137} INFO - [2024-01-05T14:05:41.181+0000] {dag.py:2690} INFO - Sync 1 DAGs
[2024-01-05T14:05:41.203+0000] {logging_mixin.py:137} INFO - [2024-01-05T14:05:41.203+0000] {dag.py:3441} INFO - Setting next_dagrun for latest_only_with_trigger to 2024-01-05T10:05:41.203551+00:00, run_after=2024-01-05T14:05:41.203551+00:00
[2024-01-05T14:05:41.224+0000] {processor.py:175} INFO - Processing /home/airflow/.local/lib/python3.7/site-packages/airflow/example_dags/example_latest_only_with_trigger.py took 0.081 seconds
[2024-01-05T14:06:11.917+0000] {processor.py:153} INFO - Started process (PID=5703) to work on /home/airflow/.local/lib/python3.7/site-packages/airflow/example_dags/example_latest_only_with_trigger.py
[2024-01-05T14:06:11.919+0000] {processor.py:743} INFO - Processing file /home/airflow/.local/lib/python3.7/site-packages/airflow/example_dags/example_latest_only_with_trigger.py for tasks to queue
[2024-01-05T14:06:11.920+0000] {logging_mixin.py:137} INFO - [2024-01-05T14:06:11.920+0000] {dagbag.py:538} INFO - Filling up the DagBag from /home/airflow/.local/lib/python3.7/site-packages/airflow/example_dags/example_latest_only_with_trigger.py
[2024-01-05T14:06:11.931+0000] {processor.py:753} INFO - DAG(s) dict_keys(['latest_only_with_trigger']) retrieved from /home/airflow/.local/lib/python3.7/site-packages/airflow/example_dags/example_latest_only_with_trigger.py
[2024-01-05T14:06:11.950+0000] {logging_mixin.py:137} INFO - [2024-01-05T14:06:11.950+0000] {dag.py:2690} INFO - Sync 1 DAGs
[2024-01-05T14:06:11.967+0000] {logging_mixin.py:137} INFO - [2024-01-05T14:06:11.967+0000] {dag.py:3441} INFO - Setting next_dagrun for latest_only_with_trigger to 2024-01-05T10:06:11.967038+00:00, run_after=2024-01-05T14:06:11.967038+00:00
[2024-01-05T14:06:11.978+0000] {processor.py:175} INFO - Processing /home/airflow/.local/lib/python3.7/site-packages/airflow/example_dags/example_latest_only_with_trigger.py took 0.064 seconds
[2024-01-05T14:06:42.841+0000] {processor.py:153} INFO - Started process (PID=5773) to work on /home/airflow/.local/lib/python3.7/site-packages/airflow/example_dags/example_latest_only_with_trigger.py
[2024-01-05T14:06:42.842+0000] {processor.py:743} INFO - Processing file /home/airflow/.local/lib/python3.7/site-packages/airflow/example_dags/example_latest_only_with_trigger.py for tasks to queue
[2024-01-05T14:06:42.843+0000] {logging_mixin.py:137} INFO - [2024-01-05T14:06:42.843+0000] {dagbag.py:538} INFO - Filling up the DagBag from /home/airflow/.local/lib/python3.7/site-packages/airflow/example_dags/example_latest_only_with_trigger.py
[2024-01-05T14:06:42.855+0000] {processor.py:753} INFO - DAG(s) dict_keys(['latest_only_with_trigger']) retrieved from /home/airflow/.local/lib/python3.7/site-packages/airflow/example_dags/example_latest_only_with_trigger.py
[2024-01-05T14:06:42.880+0000] {logging_mixin.py:137} INFO - [2024-01-05T14:06:42.880+0000] {dag.py:2690} INFO - Sync 1 DAGs
[2024-01-05T14:06:42.913+0000] {logging_mixin.py:137} INFO - [2024-01-05T14:06:42.913+0000] {dag.py:3441} INFO - Setting next_dagrun for latest_only_with_trigger to 2024-01-05T10:06:42.913430+00:00, run_after=2024-01-05T14:06:42.913430+00:00
[2024-01-05T14:06:42.931+0000] {processor.py:175} INFO - Processing /home/airflow/.local/lib/python3.7/site-packages/airflow/example_dags/example_latest_only_with_trigger.py took 0.093 seconds
[2024-01-05T14:07:13.371+0000] {processor.py:153} INFO - Started process (PID=5841) to work on /home/airflow/.local/lib/python3.7/site-packages/airflow/example_dags/example_latest_only_with_trigger.py
[2024-01-05T14:07:13.372+0000] {processor.py:743} INFO - Processing file /home/airflow/.local/lib/python3.7/site-packages/airflow/example_dags/example_latest_only_with_trigger.py for tasks to queue
[2024-01-05T14:07:13.373+0000] {logging_mixin.py:137} INFO - [2024-01-05T14:07:13.373+0000] {dagbag.py:538} INFO - Filling up the DagBag from /home/airflow/.local/lib/python3.7/site-packages/airflow/example_dags/example_latest_only_with_trigger.py
[2024-01-05T14:07:13.385+0000] {processor.py:753} INFO - DAG(s) dict_keys(['latest_only_with_trigger']) retrieved from /home/airflow/.local/lib/python3.7/site-packages/airflow/example_dags/example_latest_only_with_trigger.py
[2024-01-05T14:07:13.410+0000] {logging_mixin.py:137} INFO - [2024-01-05T14:07:13.410+0000] {dag.py:2690} INFO - Sync 1 DAGs
[2024-01-05T14:07:13.429+0000] {logging_mixin.py:137} INFO - [2024-01-05T14:07:13.428+0000] {dag.py:3441} INFO - Setting next_dagrun for latest_only_with_trigger to 2024-01-05T10:07:13.428750+00:00, run_after=2024-01-05T14:07:13.428750+00:00
[2024-01-05T14:07:13.440+0000] {processor.py:175} INFO - Processing /home/airflow/.local/lib/python3.7/site-packages/airflow/example_dags/example_latest_only_with_trigger.py took 0.073 seconds
[2024-01-05T14:07:43.949+0000] {processor.py:153} INFO - Started process (PID=5916) to work on /home/airflow/.local/lib/python3.7/site-packages/airflow/example_dags/example_latest_only_with_trigger.py
[2024-01-05T14:07:43.952+0000] {processor.py:743} INFO - Processing file /home/airflow/.local/lib/python3.7/site-packages/airflow/example_dags/example_latest_only_with_trigger.py for tasks to queue
[2024-01-05T14:07:43.953+0000] {logging_mixin.py:137} INFO - [2024-01-05T14:07:43.953+0000] {dagbag.py:538} INFO - Filling up the DagBag from /home/airflow/.local/lib/python3.7/site-packages/airflow/example_dags/example_latest_only_with_trigger.py
[2024-01-05T14:07:43.965+0000] {processor.py:753} INFO - DAG(s) dict_keys(['latest_only_with_trigger']) retrieved from /home/airflow/.local/lib/python3.7/site-packages/airflow/example_dags/example_latest_only_with_trigger.py
[2024-01-05T14:07:44.022+0000] {logging_mixin.py:137} INFO - [2024-01-05T14:07:44.022+0000] {dag.py:2690} INFO - Sync 1 DAGs
[2024-01-05T14:07:44.062+0000] {logging_mixin.py:137} INFO - [2024-01-05T14:07:44.061+0000] {dag.py:3441} INFO - Setting next_dagrun for latest_only_with_trigger to 2024-01-05T10:07:44.061655+00:00, run_after=2024-01-05T14:07:44.061655+00:00
[2024-01-05T14:07:44.080+0000] {processor.py:175} INFO - Processing /home/airflow/.local/lib/python3.7/site-packages/airflow/example_dags/example_latest_only_with_trigger.py took 0.136 seconds
[2024-01-05T14:08:14.844+0000] {processor.py:153} INFO - Started process (PID=5979) to work on /home/airflow/.local/lib/python3.7/site-packages/airflow/example_dags/example_latest_only_with_trigger.py
[2024-01-05T14:08:14.845+0000] {processor.py:743} INFO - Processing file /home/airflow/.local/lib/python3.7/site-packages/airflow/example_dags/example_latest_only_with_trigger.py for tasks to queue
[2024-01-05T14:08:14.846+0000] {logging_mixin.py:137} INFO - [2024-01-05T14:08:14.846+0000] {dagbag.py:538} INFO - Filling up the DagBag from /home/airflow/.local/lib/python3.7/site-packages/airflow/example_dags/example_latest_only_with_trigger.py
[2024-01-05T14:08:14.856+0000] {processor.py:753} INFO - DAG(s) dict_keys(['latest_only_with_trigger']) retrieved from /home/airflow/.local/lib/python3.7/site-packages/airflow/example_dags/example_latest_only_with_trigger.py
[2024-01-05T14:08:14.875+0000] {logging_mixin.py:137} INFO - [2024-01-05T14:08:14.875+0000] {dag.py:2690} INFO - Sync 1 DAGs
[2024-01-05T14:08:14.891+0000] {logging_mixin.py:137} INFO - [2024-01-05T14:08:14.891+0000] {dag.py:3441} INFO - Setting next_dagrun for latest_only_with_trigger to 2024-01-05T10:08:14.891315+00:00, run_after=2024-01-05T14:08:14.891315+00:00
[2024-01-05T14:08:14.904+0000] {processor.py:175} INFO - Processing /home/airflow/.local/lib/python3.7/site-packages/airflow/example_dags/example_latest_only_with_trigger.py took 0.063 seconds
[2024-01-05T14:08:46.061+0000] {processor.py:153} INFO - Started process (PID=6054) to work on /home/airflow/.local/lib/python3.7/site-packages/airflow/example_dags/example_latest_only_with_trigger.py
[2024-01-05T14:08:46.062+0000] {processor.py:743} INFO - Processing file /home/airflow/.local/lib/python3.7/site-packages/airflow/example_dags/example_latest_only_with_trigger.py for tasks to queue
[2024-01-05T14:08:46.063+0000] {logging_mixin.py:137} INFO - [2024-01-05T14:08:46.063+0000] {dagbag.py:538} INFO - Filling up the DagBag from /home/airflow/.local/lib/python3.7/site-packages/airflow/example_dags/example_latest_only_with_trigger.py
[2024-01-05T14:08:46.075+0000] {processor.py:753} INFO - DAG(s) dict_keys(['latest_only_with_trigger']) retrieved from /home/airflow/.local/lib/python3.7/site-packages/airflow/example_dags/example_latest_only_with_trigger.py
[2024-01-05T14:08:46.102+0000] {logging_mixin.py:137} INFO - [2024-01-05T14:08:46.102+0000] {dag.py:2690} INFO - Sync 1 DAGs
[2024-01-05T14:08:46.136+0000] {logging_mixin.py:137} INFO - [2024-01-05T14:08:46.135+0000] {dag.py:3441} INFO - Setting next_dagrun for latest_only_with_trigger to 2024-01-05T10:08:46.135697+00:00, run_after=2024-01-05T14:08:46.135697+00:00
[2024-01-05T14:08:46.155+0000] {processor.py:175} INFO - Processing /home/airflow/.local/lib/python3.7/site-packages/airflow/example_dags/example_latest_only_with_trigger.py took 0.099 seconds
[2024-01-05T14:09:16.501+0000] {processor.py:153} INFO - Started process (PID=6118) to work on /home/airflow/.local/lib/python3.7/site-packages/airflow/example_dags/example_latest_only_with_trigger.py
[2024-01-05T14:09:16.503+0000] {processor.py:743} INFO - Processing file /home/airflow/.local/lib/python3.7/site-packages/airflow/example_dags/example_latest_only_with_trigger.py for tasks to queue
[2024-01-05T14:09:16.503+0000] {logging_mixin.py:137} INFO - [2024-01-05T14:09:16.503+0000] {dagbag.py:538} INFO - Filling up the DagBag from /home/airflow/.local/lib/python3.7/site-packages/airflow/example_dags/example_latest_only_with_trigger.py
[2024-01-05T14:09:16.513+0000] {processor.py:753} INFO - DAG(s) dict_keys(['latest_only_with_trigger']) retrieved from /home/airflow/.local/lib/python3.7/site-packages/airflow/example_dags/example_latest_only_with_trigger.py
[2024-01-05T14:09:16.533+0000] {logging_mixin.py:137} INFO - [2024-01-05T14:09:16.533+0000] {dag.py:2690} INFO - Sync 1 DAGs
[2024-01-05T14:09:16.551+0000] {logging_mixin.py:137} INFO - [2024-01-05T14:09:16.551+0000] {dag.py:3441} INFO - Setting next_dagrun for latest_only_with_trigger to 2024-01-05T10:09:16.550790+00:00, run_after=2024-01-05T14:09:16.550790+00:00
[2024-01-05T14:09:16.564+0000] {processor.py:175} INFO - Processing /home/airflow/.local/lib/python3.7/site-packages/airflow/example_dags/example_latest_only_with_trigger.py took 0.066 seconds
[2024-01-05T14:09:46.886+0000] {processor.py:153} INFO - Started process (PID=6193) to work on /home/airflow/.local/lib/python3.7/site-packages/airflow/example_dags/example_latest_only_with_trigger.py
[2024-01-05T14:09:46.887+0000] {processor.py:743} INFO - Processing file /home/airflow/.local/lib/python3.7/site-packages/airflow/example_dags/example_latest_only_with_trigger.py for tasks to queue
[2024-01-05T14:09:46.888+0000] {logging_mixin.py:137} INFO - [2024-01-05T14:09:46.888+0000] {dagbag.py:538} INFO - Filling up the DagBag from /home/airflow/.local/lib/python3.7/site-packages/airflow/example_dags/example_latest_only_with_trigger.py
[2024-01-05T14:09:46.898+0000] {processor.py:753} INFO - DAG(s) dict_keys(['latest_only_with_trigger']) retrieved from /home/airflow/.local/lib/python3.7/site-packages/airflow/example_dags/example_latest_only_with_trigger.py
[2024-01-05T14:09:46.925+0000] {logging_mixin.py:137} INFO - [2024-01-05T14:09:46.925+0000] {dag.py:2690} INFO - Sync 1 DAGs
[2024-01-05T14:09:46.947+0000] {logging_mixin.py:137} INFO - [2024-01-05T14:09:46.947+0000] {dag.py:3441} INFO - Setting next_dagrun for latest_only_with_trigger to 2024-01-05T10:09:46.947353+00:00, run_after=2024-01-05T14:09:46.947353+00:00
[2024-01-05T14:09:46.963+0000] {processor.py:175} INFO - Processing /home/airflow/.local/lib/python3.7/site-packages/airflow/example_dags/example_latest_only_with_trigger.py took 0.081 seconds
[2024-01-05T14:10:18.058+0000] {processor.py:153} INFO - Started process (PID=6255) to work on /home/airflow/.local/lib/python3.7/site-packages/airflow/example_dags/example_latest_only_with_trigger.py
[2024-01-05T14:10:18.060+0000] {processor.py:743} INFO - Processing file /home/airflow/.local/lib/python3.7/site-packages/airflow/example_dags/example_latest_only_with_trigger.py for tasks to queue
[2024-01-05T14:10:18.062+0000] {logging_mixin.py:137} INFO - [2024-01-05T14:10:18.062+0000] {dagbag.py:538} INFO - Filling up the DagBag from /home/airflow/.local/lib/python3.7/site-packages/airflow/example_dags/example_latest_only_with_trigger.py
[2024-01-05T14:10:18.077+0000] {processor.py:753} INFO - DAG(s) dict_keys(['latest_only_with_trigger']) retrieved from /home/airflow/.local/lib/python3.7/site-packages/airflow/example_dags/example_latest_only_with_trigger.py
[2024-01-05T14:10:18.102+0000] {logging_mixin.py:137} INFO - [2024-01-05T14:10:18.102+0000] {dag.py:2690} INFO - Sync 1 DAGs
[2024-01-05T14:10:18.122+0000] {logging_mixin.py:137} INFO - [2024-01-05T14:10:18.122+0000] {dag.py:3441} INFO - Setting next_dagrun for latest_only_with_trigger to 2024-01-05T10:10:18.122526+00:00, run_after=2024-01-05T14:10:18.122526+00:00
[2024-01-05T14:10:18.139+0000] {processor.py:175} INFO - Processing /home/airflow/.local/lib/python3.7/site-packages/airflow/example_dags/example_latest_only_with_trigger.py took 0.084 seconds
[2024-01-05T14:10:48.817+0000] {processor.py:153} INFO - Started process (PID=6328) to work on /home/airflow/.local/lib/python3.7/site-packages/airflow/example_dags/example_latest_only_with_trigger.py
[2024-01-05T14:10:48.819+0000] {processor.py:743} INFO - Processing file /home/airflow/.local/lib/python3.7/site-packages/airflow/example_dags/example_latest_only_with_trigger.py for tasks to queue
[2024-01-05T14:10:48.820+0000] {logging_mixin.py:137} INFO - [2024-01-05T14:10:48.819+0000] {dagbag.py:538} INFO - Filling up the DagBag from /home/airflow/.local/lib/python3.7/site-packages/airflow/example_dags/example_latest_only_with_trigger.py
[2024-01-05T14:10:48.830+0000] {processor.py:753} INFO - DAG(s) dict_keys(['latest_only_with_trigger']) retrieved from /home/airflow/.local/lib/python3.7/site-packages/airflow/example_dags/example_latest_only_with_trigger.py
[2024-01-05T14:10:48.852+0000] {logging_mixin.py:137} INFO - [2024-01-05T14:10:48.852+0000] {dag.py:2690} INFO - Sync 1 DAGs
[2024-01-05T14:10:48.873+0000] {logging_mixin.py:137} INFO - [2024-01-05T14:10:48.873+0000] {dag.py:3441} INFO - Setting next_dagrun for latest_only_with_trigger to 2024-01-05T10:10:48.872882+00:00, run_after=2024-01-05T14:10:48.872882+00:00
[2024-01-05T14:10:48.887+0000] {processor.py:175} INFO - Processing /home/airflow/.local/lib/python3.7/site-packages/airflow/example_dags/example_latest_only_with_trigger.py took 0.073 seconds
[2024-01-05T14:11:19.664+0000] {processor.py:153} INFO - Started process (PID=6391) to work on /home/airflow/.local/lib/python3.7/site-packages/airflow/example_dags/example_latest_only_with_trigger.py
[2024-01-05T14:11:19.665+0000] {processor.py:743} INFO - Processing file /home/airflow/.local/lib/python3.7/site-packages/airflow/example_dags/example_latest_only_with_trigger.py for tasks to queue
[2024-01-05T14:11:19.667+0000] {logging_mixin.py:137} INFO - [2024-01-05T14:11:19.667+0000] {dagbag.py:538} INFO - Filling up the DagBag from /home/airflow/.local/lib/python3.7/site-packages/airflow/example_dags/example_latest_only_with_trigger.py
[2024-01-05T14:11:19.678+0000] {processor.py:753} INFO - DAG(s) dict_keys(['latest_only_with_trigger']) retrieved from /home/airflow/.local/lib/python3.7/site-packages/airflow/example_dags/example_latest_only_with_trigger.py
[2024-01-05T14:11:19.702+0000] {logging_mixin.py:137} INFO - [2024-01-05T14:11:19.701+0000] {dag.py:2690} INFO - Sync 1 DAGs
[2024-01-05T14:11:19.734+0000] {logging_mixin.py:137} INFO - [2024-01-05T14:11:19.734+0000] {dag.py:3441} INFO - Setting next_dagrun for latest_only_with_trigger to 2024-01-05T10:11:19.733990+00:00, run_after=2024-01-05T14:11:19.733990+00:00
[2024-01-05T14:11:19.749+0000] {processor.py:175} INFO - Processing /home/airflow/.local/lib/python3.7/site-packages/airflow/example_dags/example_latest_only_with_trigger.py took 0.089 seconds
[2024-01-05T14:11:50.043+0000] {processor.py:153} INFO - Started process (PID=6465) to work on /home/airflow/.local/lib/python3.7/site-packages/airflow/example_dags/example_latest_only_with_trigger.py
[2024-01-05T14:11:50.045+0000] {processor.py:743} INFO - Processing file /home/airflow/.local/lib/python3.7/site-packages/airflow/example_dags/example_latest_only_with_trigger.py for tasks to queue
[2024-01-05T14:11:50.045+0000] {logging_mixin.py:137} INFO - [2024-01-05T14:11:50.045+0000] {dagbag.py:538} INFO - Filling up the DagBag from /home/airflow/.local/lib/python3.7/site-packages/airflow/example_dags/example_latest_only_with_trigger.py
[2024-01-05T14:11:50.056+0000] {processor.py:753} INFO - DAG(s) dict_keys(['latest_only_with_trigger']) retrieved from /home/airflow/.local/lib/python3.7/site-packages/airflow/example_dags/example_latest_only_with_trigger.py
[2024-01-05T14:11:50.077+0000] {logging_mixin.py:137} INFO - [2024-01-05T14:11:50.076+0000] {dag.py:2690} INFO - Sync 1 DAGs
[2024-01-05T14:11:50.094+0000] {logging_mixin.py:137} INFO - [2024-01-05T14:11:50.094+0000] {dag.py:3441} INFO - Setting next_dagrun for latest_only_with_trigger to 2024-01-05T10:11:50.094272+00:00, run_after=2024-01-05T14:11:50.094272+00:00
[2024-01-05T14:11:50.106+0000] {processor.py:175} INFO - Processing /home/airflow/.local/lib/python3.7/site-packages/airflow/example_dags/example_latest_only_with_trigger.py took 0.066 seconds
[2024-01-05T14:12:20.677+0000] {processor.py:153} INFO - Started process (PID=6541) to work on /home/airflow/.local/lib/python3.7/site-packages/airflow/example_dags/example_latest_only_with_trigger.py
[2024-01-05T14:12:20.680+0000] {processor.py:743} INFO - Processing file /home/airflow/.local/lib/python3.7/site-packages/airflow/example_dags/example_latest_only_with_trigger.py for tasks to queue
[2024-01-05T14:12:20.681+0000] {logging_mixin.py:137} INFO - [2024-01-05T14:12:20.681+0000] {dagbag.py:538} INFO - Filling up the DagBag from /home/airflow/.local/lib/python3.7/site-packages/airflow/example_dags/example_latest_only_with_trigger.py
[2024-01-05T14:12:20.697+0000] {processor.py:753} INFO - DAG(s) dict_keys(['latest_only_with_trigger']) retrieved from /home/airflow/.local/lib/python3.7/site-packages/airflow/example_dags/example_latest_only_with_trigger.py
[2024-01-05T14:12:20.748+0000] {logging_mixin.py:137} INFO - [2024-01-05T14:12:20.747+0000] {dag.py:2690} INFO - Sync 1 DAGs
[2024-01-05T14:12:20.784+0000] {logging_mixin.py:137} INFO - [2024-01-05T14:12:20.784+0000] {dag.py:3441} INFO - Setting next_dagrun for latest_only_with_trigger to 2024-01-05T10:12:20.783819+00:00, run_after=2024-01-05T14:12:20.783819+00:00
[2024-01-05T14:12:20.800+0000] {processor.py:175} INFO - Processing /home/airflow/.local/lib/python3.7/site-packages/airflow/example_dags/example_latest_only_with_trigger.py took 0.131 seconds
[2024-01-05T14:12:51.567+0000] {processor.py:153} INFO - Started process (PID=6604) to work on /home/airflow/.local/lib/python3.7/site-packages/airflow/example_dags/example_latest_only_with_trigger.py
[2024-01-05T14:12:51.568+0000] {processor.py:743} INFO - Processing file /home/airflow/.local/lib/python3.7/site-packages/airflow/example_dags/example_latest_only_with_trigger.py for tasks to queue
[2024-01-05T14:12:51.569+0000] {logging_mixin.py:137} INFO - [2024-01-05T14:12:51.569+0000] {dagbag.py:538} INFO - Filling up the DagBag from /home/airflow/.local/lib/python3.7/site-packages/airflow/example_dags/example_latest_only_with_trigger.py
[2024-01-05T14:12:51.581+0000] {processor.py:753} INFO - DAG(s) dict_keys(['latest_only_with_trigger']) retrieved from /home/airflow/.local/lib/python3.7/site-packages/airflow/example_dags/example_latest_only_with_trigger.py
[2024-01-05T14:12:51.606+0000] {logging_mixin.py:137} INFO - [2024-01-05T14:12:51.606+0000] {dag.py:2690} INFO - Sync 1 DAGs
[2024-01-05T14:12:51.627+0000] {logging_mixin.py:137} INFO - [2024-01-05T14:12:51.627+0000] {dag.py:3441} INFO - Setting next_dagrun for latest_only_with_trigger to 2024-01-05T10:12:51.627301+00:00, run_after=2024-01-05T14:12:51.627301+00:00
[2024-01-05T14:12:51.640+0000] {processor.py:175} INFO - Processing /home/airflow/.local/lib/python3.7/site-packages/airflow/example_dags/example_latest_only_with_trigger.py took 0.076 seconds
[2024-01-05T14:13:22.305+0000] {processor.py:153} INFO - Started process (PID=6678) to work on /home/airflow/.local/lib/python3.7/site-packages/airflow/example_dags/example_latest_only_with_trigger.py
[2024-01-05T14:13:22.307+0000] {processor.py:743} INFO - Processing file /home/airflow/.local/lib/python3.7/site-packages/airflow/example_dags/example_latest_only_with_trigger.py for tasks to queue
[2024-01-05T14:13:22.308+0000] {logging_mixin.py:137} INFO - [2024-01-05T14:13:22.308+0000] {dagbag.py:538} INFO - Filling up the DagBag from /home/airflow/.local/lib/python3.7/site-packages/airflow/example_dags/example_latest_only_with_trigger.py
[2024-01-05T14:13:22.325+0000] {processor.py:753} INFO - DAG(s) dict_keys(['latest_only_with_trigger']) retrieved from /home/airflow/.local/lib/python3.7/site-packages/airflow/example_dags/example_latest_only_with_trigger.py
[2024-01-05T14:13:22.346+0000] {logging_mixin.py:137} INFO - [2024-01-05T14:13:22.346+0000] {dag.py:2690} INFO - Sync 1 DAGs
[2024-01-05T14:13:22.363+0000] {logging_mixin.py:137} INFO - [2024-01-05T14:13:22.363+0000] {dag.py:3441} INFO - Setting next_dagrun for latest_only_with_trigger to 2024-01-05T10:13:22.363552+00:00, run_after=2024-01-05T14:13:22.363552+00:00
[2024-01-05T14:13:22.376+0000] {processor.py:175} INFO - Processing /home/airflow/.local/lib/python3.7/site-packages/airflow/example_dags/example_latest_only_with_trigger.py took 0.074 seconds
[2024-01-05T14:13:53.096+0000] {processor.py:153} INFO - Started process (PID=6741) to work on /home/airflow/.local/lib/python3.7/site-packages/airflow/example_dags/example_latest_only_with_trigger.py
[2024-01-05T14:13:53.098+0000] {processor.py:743} INFO - Processing file /home/airflow/.local/lib/python3.7/site-packages/airflow/example_dags/example_latest_only_with_trigger.py for tasks to queue
[2024-01-05T14:13:53.100+0000] {logging_mixin.py:137} INFO - [2024-01-05T14:13:53.099+0000] {dagbag.py:538} INFO - Filling up the DagBag from /home/airflow/.local/lib/python3.7/site-packages/airflow/example_dags/example_latest_only_with_trigger.py
[2024-01-05T14:13:53.123+0000] {processor.py:753} INFO - DAG(s) dict_keys(['latest_only_with_trigger']) retrieved from /home/airflow/.local/lib/python3.7/site-packages/airflow/example_dags/example_latest_only_with_trigger.py
[2024-01-05T14:13:53.148+0000] {logging_mixin.py:137} INFO - [2024-01-05T14:13:53.148+0000] {dag.py:2690} INFO - Sync 1 DAGs
[2024-01-05T14:13:53.169+0000] {logging_mixin.py:137} INFO - [2024-01-05T14:13:53.169+0000] {dag.py:3441} INFO - Setting next_dagrun for latest_only_with_trigger to 2024-01-05T10:13:53.169482+00:00, run_after=2024-01-05T14:13:53.169482+00:00
[2024-01-05T14:13:53.186+0000] {processor.py:175} INFO - Processing /home/airflow/.local/lib/python3.7/site-packages/airflow/example_dags/example_latest_only_with_trigger.py took 0.093 seconds
[2024-01-05T14:14:23.358+0000] {processor.py:153} INFO - Started process (PID=6817) to work on /home/airflow/.local/lib/python3.7/site-packages/airflow/example_dags/example_latest_only_with_trigger.py
[2024-01-05T14:14:23.359+0000] {processor.py:743} INFO - Processing file /home/airflow/.local/lib/python3.7/site-packages/airflow/example_dags/example_latest_only_with_trigger.py for tasks to queue
[2024-01-05T14:14:23.360+0000] {logging_mixin.py:137} INFO - [2024-01-05T14:14:23.360+0000] {dagbag.py:538} INFO - Filling up the DagBag from /home/airflow/.local/lib/python3.7/site-packages/airflow/example_dags/example_latest_only_with_trigger.py
[2024-01-05T14:14:23.370+0000] {processor.py:753} INFO - DAG(s) dict_keys(['latest_only_with_trigger']) retrieved from /home/airflow/.local/lib/python3.7/site-packages/airflow/example_dags/example_latest_only_with_trigger.py
[2024-01-05T14:14:23.393+0000] {logging_mixin.py:137} INFO - [2024-01-05T14:14:23.393+0000] {dag.py:2690} INFO - Sync 1 DAGs
[2024-01-05T14:14:23.412+0000] {logging_mixin.py:137} INFO - [2024-01-05T14:14:23.412+0000] {dag.py:3441} INFO - Setting next_dagrun for latest_only_with_trigger to 2024-01-05T10:14:23.412032+00:00, run_after=2024-01-05T14:14:23.412032+00:00
[2024-01-05T14:14:23.424+0000] {processor.py:175} INFO - Processing /home/airflow/.local/lib/python3.7/site-packages/airflow/example_dags/example_latest_only_with_trigger.py took 0.069 seconds
[2024-01-05T14:14:54.081+0000] {processor.py:153} INFO - Started process (PID=6880) to work on /home/airflow/.local/lib/python3.7/site-packages/airflow/example_dags/example_latest_only_with_trigger.py
[2024-01-05T14:14:54.083+0000] {processor.py:743} INFO - Processing file /home/airflow/.local/lib/python3.7/site-packages/airflow/example_dags/example_latest_only_with_trigger.py for tasks to queue
[2024-01-05T14:14:54.084+0000] {logging_mixin.py:137} INFO - [2024-01-05T14:14:54.084+0000] {dagbag.py:538} INFO - Filling up the DagBag from /home/airflow/.local/lib/python3.7/site-packages/airflow/example_dags/example_latest_only_with_trigger.py
[2024-01-05T14:14:54.095+0000] {processor.py:753} INFO - DAG(s) dict_keys(['latest_only_with_trigger']) retrieved from /home/airflow/.local/lib/python3.7/site-packages/airflow/example_dags/example_latest_only_with_trigger.py
[2024-01-05T14:14:54.116+0000] {logging_mixin.py:137} INFO - [2024-01-05T14:14:54.116+0000] {dag.py:2690} INFO - Sync 1 DAGs
[2024-01-05T14:14:54.134+0000] {logging_mixin.py:137} INFO - [2024-01-05T14:14:54.134+0000] {dag.py:3441} INFO - Setting next_dagrun for latest_only_with_trigger to 2024-01-05T10:14:54.134193+00:00, run_after=2024-01-05T14:14:54.134193+00:00
[2024-01-05T14:14:54.146+0000] {processor.py:175} INFO - Processing /home/airflow/.local/lib/python3.7/site-packages/airflow/example_dags/example_latest_only_with_trigger.py took 0.068 seconds
[2024-01-05T14:15:25.214+0000] {processor.py:153} INFO - Started process (PID=6955) to work on /home/airflow/.local/lib/python3.7/site-packages/airflow/example_dags/example_latest_only_with_trigger.py
[2024-01-05T14:15:25.216+0000] {processor.py:743} INFO - Processing file /home/airflow/.local/lib/python3.7/site-packages/airflow/example_dags/example_latest_only_with_trigger.py for tasks to queue
[2024-01-05T14:15:25.217+0000] {logging_mixin.py:137} INFO - [2024-01-05T14:15:25.217+0000] {dagbag.py:538} INFO - Filling up the DagBag from /home/airflow/.local/lib/python3.7/site-packages/airflow/example_dags/example_latest_only_with_trigger.py
[2024-01-05T14:15:25.228+0000] {processor.py:753} INFO - DAG(s) dict_keys(['latest_only_with_trigger']) retrieved from /home/airflow/.local/lib/python3.7/site-packages/airflow/example_dags/example_latest_only_with_trigger.py
[2024-01-05T14:15:25.249+0000] {logging_mixin.py:137} INFO - [2024-01-05T14:15:25.249+0000] {dag.py:2690} INFO - Sync 1 DAGs
[2024-01-05T14:15:25.267+0000] {logging_mixin.py:137} INFO - [2024-01-05T14:15:25.267+0000] {dag.py:3441} INFO - Setting next_dagrun for latest_only_with_trigger to 2024-01-05T10:15:25.267084+00:00, run_after=2024-01-05T14:15:25.267084+00:00
[2024-01-05T14:15:25.279+0000] {processor.py:175} INFO - Processing /home/airflow/.local/lib/python3.7/site-packages/airflow/example_dags/example_latest_only_with_trigger.py took 0.068 seconds
[2024-01-05T14:15:55.363+0000] {processor.py:153} INFO - Started process (PID=7018) to work on /home/airflow/.local/lib/python3.7/site-packages/airflow/example_dags/example_latest_only_with_trigger.py
[2024-01-05T14:15:55.365+0000] {processor.py:743} INFO - Processing file /home/airflow/.local/lib/python3.7/site-packages/airflow/example_dags/example_latest_only_with_trigger.py for tasks to queue
[2024-01-05T14:15:55.366+0000] {logging_mixin.py:137} INFO - [2024-01-05T14:15:55.366+0000] {dagbag.py:538} INFO - Filling up the DagBag from /home/airflow/.local/lib/python3.7/site-packages/airflow/example_dags/example_latest_only_with_trigger.py
[2024-01-05T14:15:55.377+0000] {processor.py:753} INFO - DAG(s) dict_keys(['latest_only_with_trigger']) retrieved from /home/airflow/.local/lib/python3.7/site-packages/airflow/example_dags/example_latest_only_with_trigger.py
[2024-01-05T14:15:55.398+0000] {logging_mixin.py:137} INFO - [2024-01-05T14:15:55.398+0000] {dag.py:2690} INFO - Sync 1 DAGs
[2024-01-05T14:15:55.415+0000] {logging_mixin.py:137} INFO - [2024-01-05T14:15:55.415+0000] {dag.py:3441} INFO - Setting next_dagrun for latest_only_with_trigger to 2024-01-05T10:15:55.415586+00:00, run_after=2024-01-05T14:15:55.415586+00:00
[2024-01-05T14:15:55.427+0000] {processor.py:175} INFO - Processing /home/airflow/.local/lib/python3.7/site-packages/airflow/example_dags/example_latest_only_with_trigger.py took 0.067 seconds
[2024-01-05T14:16:26.452+0000] {processor.py:153} INFO - Started process (PID=7093) to work on /home/airflow/.local/lib/python3.7/site-packages/airflow/example_dags/example_latest_only_with_trigger.py
[2024-01-05T14:16:26.454+0000] {processor.py:743} INFO - Processing file /home/airflow/.local/lib/python3.7/site-packages/airflow/example_dags/example_latest_only_with_trigger.py for tasks to queue
[2024-01-05T14:16:26.455+0000] {logging_mixin.py:137} INFO - [2024-01-05T14:16:26.455+0000] {dagbag.py:538} INFO - Filling up the DagBag from /home/airflow/.local/lib/python3.7/site-packages/airflow/example_dags/example_latest_only_with_trigger.py
[2024-01-05T14:16:26.468+0000] {processor.py:753} INFO - DAG(s) dict_keys(['latest_only_with_trigger']) retrieved from /home/airflow/.local/lib/python3.7/site-packages/airflow/example_dags/example_latest_only_with_trigger.py
[2024-01-05T14:16:26.490+0000] {logging_mixin.py:137} INFO - [2024-01-05T14:16:26.490+0000] {dag.py:2690} INFO - Sync 1 DAGs
[2024-01-05T14:16:26.509+0000] {logging_mixin.py:137} INFO - [2024-01-05T14:16:26.508+0000] {dag.py:3441} INFO - Setting next_dagrun for latest_only_with_trigger to 2024-01-05T10:16:26.508741+00:00, run_after=2024-01-05T14:16:26.508741+00:00
[2024-01-05T14:16:26.522+0000] {processor.py:175} INFO - Processing /home/airflow/.local/lib/python3.7/site-packages/airflow/example_dags/example_latest_only_with_trigger.py took 0.073 seconds
[2024-01-05T14:16:57.136+0000] {processor.py:153} INFO - Started process (PID=7157) to work on /home/airflow/.local/lib/python3.7/site-packages/airflow/example_dags/example_latest_only_with_trigger.py
[2024-01-05T14:16:57.138+0000] {processor.py:743} INFO - Processing file /home/airflow/.local/lib/python3.7/site-packages/airflow/example_dags/example_latest_only_with_trigger.py for tasks to queue
[2024-01-05T14:16:57.139+0000] {logging_mixin.py:137} INFO - [2024-01-05T14:16:57.139+0000] {dagbag.py:538} INFO - Filling up the DagBag from /home/airflow/.local/lib/python3.7/site-packages/airflow/example_dags/example_latest_only_with_trigger.py
[2024-01-05T14:16:57.155+0000] {processor.py:753} INFO - DAG(s) dict_keys(['latest_only_with_trigger']) retrieved from /home/airflow/.local/lib/python3.7/site-packages/airflow/example_dags/example_latest_only_with_trigger.py
[2024-01-05T14:16:57.179+0000] {logging_mixin.py:137} INFO - [2024-01-05T14:16:57.179+0000] {dag.py:2690} INFO - Sync 1 DAGs
[2024-01-05T14:16:57.199+0000] {logging_mixin.py:137} INFO - [2024-01-05T14:16:57.199+0000] {dag.py:3441} INFO - Setting next_dagrun for latest_only_with_trigger to 2024-01-05T10:16:57.199055+00:00, run_after=2024-01-05T14:16:57.199055+00:00
[2024-01-05T14:16:57.214+0000] {processor.py:175} INFO - Processing /home/airflow/.local/lib/python3.7/site-packages/airflow/example_dags/example_latest_only_with_trigger.py took 0.084 seconds
[2024-01-05T14:17:27.626+0000] {processor.py:153} INFO - Started process (PID=7231) to work on /home/airflow/.local/lib/python3.7/site-packages/airflow/example_dags/example_latest_only_with_trigger.py
[2024-01-05T14:17:27.627+0000] {processor.py:743} INFO - Processing file /home/airflow/.local/lib/python3.7/site-packages/airflow/example_dags/example_latest_only_with_trigger.py for tasks to queue
[2024-01-05T14:17:27.628+0000] {logging_mixin.py:137} INFO - [2024-01-05T14:17:27.628+0000] {dagbag.py:538} INFO - Filling up the DagBag from /home/airflow/.local/lib/python3.7/site-packages/airflow/example_dags/example_latest_only_with_trigger.py
[2024-01-05T14:17:27.639+0000] {processor.py:753} INFO - DAG(s) dict_keys(['latest_only_with_trigger']) retrieved from /home/airflow/.local/lib/python3.7/site-packages/airflow/example_dags/example_latest_only_with_trigger.py
[2024-01-05T14:17:27.660+0000] {logging_mixin.py:137} INFO - [2024-01-05T14:17:27.660+0000] {dag.py:2690} INFO - Sync 1 DAGs
[2024-01-05T14:17:27.679+0000] {logging_mixin.py:137} INFO - [2024-01-05T14:17:27.678+0000] {dag.py:3441} INFO - Setting next_dagrun for latest_only_with_trigger to 2024-01-05T10:17:27.678762+00:00, run_after=2024-01-05T14:17:27.678762+00:00
[2024-01-05T14:17:27.693+0000] {processor.py:175} INFO - Processing /home/airflow/.local/lib/python3.7/site-packages/airflow/example_dags/example_latest_only_with_trigger.py took 0.070 seconds
[2024-01-05T14:17:58.880+0000] {processor.py:153} INFO - Started process (PID=7303) to work on /home/airflow/.local/lib/python3.7/site-packages/airflow/example_dags/example_latest_only_with_trigger.py
[2024-01-05T14:17:58.882+0000] {processor.py:743} INFO - Processing file /home/airflow/.local/lib/python3.7/site-packages/airflow/example_dags/example_latest_only_with_trigger.py for tasks to queue
[2024-01-05T14:17:58.883+0000] {logging_mixin.py:137} INFO - [2024-01-05T14:17:58.883+0000] {dagbag.py:538} INFO - Filling up the DagBag from /home/airflow/.local/lib/python3.7/site-packages/airflow/example_dags/example_latest_only_with_trigger.py
[2024-01-05T14:17:58.896+0000] {processor.py:753} INFO - DAG(s) dict_keys(['latest_only_with_trigger']) retrieved from /home/airflow/.local/lib/python3.7/site-packages/airflow/example_dags/example_latest_only_with_trigger.py
[2024-01-05T14:17:58.946+0000] {logging_mixin.py:137} INFO - [2024-01-05T14:17:58.946+0000] {dag.py:2690} INFO - Sync 1 DAGs
[2024-01-05T14:17:58.971+0000] {logging_mixin.py:137} INFO - [2024-01-05T14:17:58.971+0000] {dag.py:3441} INFO - Setting next_dagrun for latest_only_with_trigger to 2024-01-05T10:17:58.971599+00:00, run_after=2024-01-05T14:17:58.971599+00:00
[2024-01-05T14:17:58.996+0000] {processor.py:175} INFO - Processing /home/airflow/.local/lib/python3.7/site-packages/airflow/example_dags/example_latest_only_with_trigger.py took 0.120 seconds
[2024-01-05T14:18:29.395+0000] {processor.py:153} INFO - Started process (PID=7368) to work on /home/airflow/.local/lib/python3.7/site-packages/airflow/example_dags/example_latest_only_with_trigger.py
[2024-01-05T14:18:29.396+0000] {processor.py:743} INFO - Processing file /home/airflow/.local/lib/python3.7/site-packages/airflow/example_dags/example_latest_only_with_trigger.py for tasks to queue
[2024-01-05T14:18:29.397+0000] {logging_mixin.py:137} INFO - [2024-01-05T14:18:29.397+0000] {dagbag.py:538} INFO - Filling up the DagBag from /home/airflow/.local/lib/python3.7/site-packages/airflow/example_dags/example_latest_only_with_trigger.py
[2024-01-05T14:18:29.410+0000] {processor.py:753} INFO - DAG(s) dict_keys(['latest_only_with_trigger']) retrieved from /home/airflow/.local/lib/python3.7/site-packages/airflow/example_dags/example_latest_only_with_trigger.py
[2024-01-05T14:18:29.433+0000] {logging_mixin.py:137} INFO - [2024-01-05T14:18:29.433+0000] {dag.py:2690} INFO - Sync 1 DAGs
[2024-01-05T14:18:29.450+0000] {logging_mixin.py:137} INFO - [2024-01-05T14:18:29.450+0000] {dag.py:3441} INFO - Setting next_dagrun for latest_only_with_trigger to 2024-01-05T10:18:29.450415+00:00, run_after=2024-01-05T14:18:29.450415+00:00
[2024-01-05T14:18:29.466+0000] {processor.py:175} INFO - Processing /home/airflow/.local/lib/python3.7/site-packages/airflow/example_dags/example_latest_only_with_trigger.py took 0.075 seconds
[2024-01-05T14:18:59.855+0000] {processor.py:153} INFO - Started process (PID=7443) to work on /home/airflow/.local/lib/python3.7/site-packages/airflow/example_dags/example_latest_only_with_trigger.py
[2024-01-05T14:18:59.856+0000] {processor.py:743} INFO - Processing file /home/airflow/.local/lib/python3.7/site-packages/airflow/example_dags/example_latest_only_with_trigger.py for tasks to queue
[2024-01-05T14:18:59.857+0000] {logging_mixin.py:137} INFO - [2024-01-05T14:18:59.857+0000] {dagbag.py:538} INFO - Filling up the DagBag from /home/airflow/.local/lib/python3.7/site-packages/airflow/example_dags/example_latest_only_with_trigger.py
[2024-01-05T14:18:59.868+0000] {processor.py:753} INFO - DAG(s) dict_keys(['latest_only_with_trigger']) retrieved from /home/airflow/.local/lib/python3.7/site-packages/airflow/example_dags/example_latest_only_with_trigger.py
[2024-01-05T14:18:59.891+0000] {logging_mixin.py:137} INFO - [2024-01-05T14:18:59.891+0000] {dag.py:2690} INFO - Sync 1 DAGs
[2024-01-05T14:18:59.915+0000] {logging_mixin.py:137} INFO - [2024-01-05T14:18:59.915+0000] {dag.py:3441} INFO - Setting next_dagrun for latest_only_with_trigger to 2024-01-05T10:18:59.915296+00:00, run_after=2024-01-05T14:18:59.915296+00:00
[2024-01-05T14:18:59.929+0000] {processor.py:175} INFO - Processing /home/airflow/.local/lib/python3.7/site-packages/airflow/example_dags/example_latest_only_with_trigger.py took 0.077 seconds
[2024-01-05T14:19:30.983+0000] {processor.py:153} INFO - Started process (PID=7506) to work on /home/airflow/.local/lib/python3.7/site-packages/airflow/example_dags/example_latest_only_with_trigger.py
[2024-01-05T14:19:30.986+0000] {processor.py:743} INFO - Processing file /home/airflow/.local/lib/python3.7/site-packages/airflow/example_dags/example_latest_only_with_trigger.py for tasks to queue
[2024-01-05T14:19:30.988+0000] {logging_mixin.py:137} INFO - [2024-01-05T14:19:30.988+0000] {dagbag.py:538} INFO - Filling up the DagBag from /home/airflow/.local/lib/python3.7/site-packages/airflow/example_dags/example_latest_only_with_trigger.py
[2024-01-05T14:19:31.001+0000] {processor.py:753} INFO - DAG(s) dict_keys(['latest_only_with_trigger']) retrieved from /home/airflow/.local/lib/python3.7/site-packages/airflow/example_dags/example_latest_only_with_trigger.py
[2024-01-05T14:19:31.039+0000] {logging_mixin.py:137} INFO - [2024-01-05T14:19:31.039+0000] {dag.py:2690} INFO - Sync 1 DAGs
[2024-01-05T14:19:31.070+0000] {logging_mixin.py:137} INFO - [2024-01-05T14:19:31.070+0000] {dag.py:3441} INFO - Setting next_dagrun for latest_only_with_trigger to 2024-01-05T10:19:31.069833+00:00, run_after=2024-01-05T14:19:31.069833+00:00
[2024-01-05T14:19:31.087+0000] {processor.py:175} INFO - Processing /home/airflow/.local/lib/python3.7/site-packages/airflow/example_dags/example_latest_only_with_trigger.py took 0.108 seconds
[2024-01-05T14:20:01.146+0000] {processor.py:153} INFO - Started process (PID=7580) to work on /home/airflow/.local/lib/python3.7/site-packages/airflow/example_dags/example_latest_only_with_trigger.py
[2024-01-05T14:20:01.147+0000] {processor.py:743} INFO - Processing file /home/airflow/.local/lib/python3.7/site-packages/airflow/example_dags/example_latest_only_with_trigger.py for tasks to queue
[2024-01-05T14:20:01.148+0000] {logging_mixin.py:137} INFO - [2024-01-05T14:20:01.148+0000] {dagbag.py:538} INFO - Filling up the DagBag from /home/airflow/.local/lib/python3.7/site-packages/airflow/example_dags/example_latest_only_with_trigger.py
[2024-01-05T14:20:01.159+0000] {processor.py:753} INFO - DAG(s) dict_keys(['latest_only_with_trigger']) retrieved from /home/airflow/.local/lib/python3.7/site-packages/airflow/example_dags/example_latest_only_with_trigger.py
[2024-01-05T14:20:01.181+0000] {logging_mixin.py:137} INFO - [2024-01-05T14:20:01.181+0000] {dag.py:2690} INFO - Sync 1 DAGs
[2024-01-05T14:20:01.201+0000] {logging_mixin.py:137} INFO - [2024-01-05T14:20:01.201+0000] {dag.py:3441} INFO - Setting next_dagrun for latest_only_with_trigger to 2024-01-05T10:20:01.201249+00:00, run_after=2024-01-05T14:20:01.201249+00:00
[2024-01-05T14:20:01.213+0000] {processor.py:175} INFO - Processing /home/airflow/.local/lib/python3.7/site-packages/airflow/example_dags/example_latest_only_with_trigger.py took 0.070 seconds
[2024-01-05T14:20:32.582+0000] {processor.py:153} INFO - Started process (PID=7655) to work on /home/airflow/.local/lib/python3.7/site-packages/airflow/example_dags/example_latest_only_with_trigger.py
[2024-01-05T14:20:32.583+0000] {processor.py:743} INFO - Processing file /home/airflow/.local/lib/python3.7/site-packages/airflow/example_dags/example_latest_only_with_trigger.py for tasks to queue
[2024-01-05T14:20:32.585+0000] {logging_mixin.py:137} INFO - [2024-01-05T14:20:32.584+0000] {dagbag.py:538} INFO - Filling up the DagBag from /home/airflow/.local/lib/python3.7/site-packages/airflow/example_dags/example_latest_only_with_trigger.py
[2024-01-05T14:20:32.600+0000] {processor.py:753} INFO - DAG(s) dict_keys(['latest_only_with_trigger']) retrieved from /home/airflow/.local/lib/python3.7/site-packages/airflow/example_dags/example_latest_only_with_trigger.py
[2024-01-05T14:20:32.628+0000] {logging_mixin.py:137} INFO - [2024-01-05T14:20:32.628+0000] {dag.py:2690} INFO - Sync 1 DAGs
[2024-01-05T14:20:32.656+0000] {logging_mixin.py:137} INFO - [2024-01-05T14:20:32.656+0000] {dag.py:3441} INFO - Setting next_dagrun for latest_only_with_trigger to 2024-01-05T10:20:32.655803+00:00, run_after=2024-01-05T14:20:32.655803+00:00
[2024-01-05T14:20:32.677+0000] {processor.py:175} INFO - Processing /home/airflow/.local/lib/python3.7/site-packages/airflow/example_dags/example_latest_only_with_trigger.py took 0.105 seconds
[2024-01-05T14:21:02.999+0000] {processor.py:153} INFO - Started process (PID=7718) to work on /home/airflow/.local/lib/python3.7/site-packages/airflow/example_dags/example_latest_only_with_trigger.py
[2024-01-05T14:21:03.000+0000] {processor.py:743} INFO - Processing file /home/airflow/.local/lib/python3.7/site-packages/airflow/example_dags/example_latest_only_with_trigger.py for tasks to queue
[2024-01-05T14:21:03.001+0000] {logging_mixin.py:137} INFO - [2024-01-05T14:21:03.001+0000] {dagbag.py:538} INFO - Filling up the DagBag from /home/airflow/.local/lib/python3.7/site-packages/airflow/example_dags/example_latest_only_with_trigger.py
[2024-01-05T14:21:03.013+0000] {processor.py:753} INFO - DAG(s) dict_keys(['latest_only_with_trigger']) retrieved from /home/airflow/.local/lib/python3.7/site-packages/airflow/example_dags/example_latest_only_with_trigger.py
[2024-01-05T14:21:03.040+0000] {logging_mixin.py:137} INFO - [2024-01-05T14:21:03.040+0000] {dag.py:2690} INFO - Sync 1 DAGs
[2024-01-05T14:21:03.069+0000] {logging_mixin.py:137} INFO - [2024-01-05T14:21:03.069+0000] {dag.py:3441} INFO - Setting next_dagrun for latest_only_with_trigger to 2024-01-05T10:21:03.068643+00:00, run_after=2024-01-05T14:21:03.068643+00:00
[2024-01-05T14:21:03.089+0000] {processor.py:175} INFO - Processing /home/airflow/.local/lib/python3.7/site-packages/airflow/example_dags/example_latest_only_with_trigger.py took 0.093 seconds
[2024-01-05T14:21:33.722+0000] {processor.py:153} INFO - Started process (PID=7794) to work on /home/airflow/.local/lib/python3.7/site-packages/airflow/example_dags/example_latest_only_with_trigger.py
[2024-01-05T14:21:33.724+0000] {processor.py:743} INFO - Processing file /home/airflow/.local/lib/python3.7/site-packages/airflow/example_dags/example_latest_only_with_trigger.py for tasks to queue
[2024-01-05T14:21:33.728+0000] {logging_mixin.py:137} INFO - [2024-01-05T14:21:33.728+0000] {dagbag.py:538} INFO - Filling up the DagBag from /home/airflow/.local/lib/python3.7/site-packages/airflow/example_dags/example_latest_only_with_trigger.py
[2024-01-05T14:21:33.743+0000] {processor.py:753} INFO - DAG(s) dict_keys(['latest_only_with_trigger']) retrieved from /home/airflow/.local/lib/python3.7/site-packages/airflow/example_dags/example_latest_only_with_trigger.py
[2024-01-05T14:21:33.769+0000] {logging_mixin.py:137} INFO - [2024-01-05T14:21:33.769+0000] {dag.py:2690} INFO - Sync 1 DAGs
[2024-01-05T14:21:33.789+0000] {logging_mixin.py:137} INFO - [2024-01-05T14:21:33.789+0000] {dag.py:3441} INFO - Setting next_dagrun for latest_only_with_trigger to 2024-01-05T10:21:33.788829+00:00, run_after=2024-01-05T14:21:33.788829+00:00
[2024-01-05T14:21:33.802+0000] {processor.py:175} INFO - Processing /home/airflow/.local/lib/python3.7/site-packages/airflow/example_dags/example_latest_only_with_trigger.py took 0.085 seconds
[2024-01-05T14:22:03.931+0000] {processor.py:153} INFO - Started process (PID=7857) to work on /home/airflow/.local/lib/python3.7/site-packages/airflow/example_dags/example_latest_only_with_trigger.py
[2024-01-05T14:22:03.932+0000] {processor.py:743} INFO - Processing file /home/airflow/.local/lib/python3.7/site-packages/airflow/example_dags/example_latest_only_with_trigger.py for tasks to queue
[2024-01-05T14:22:03.933+0000] {logging_mixin.py:137} INFO - [2024-01-05T14:22:03.933+0000] {dagbag.py:538} INFO - Filling up the DagBag from /home/airflow/.local/lib/python3.7/site-packages/airflow/example_dags/example_latest_only_with_trigger.py
[2024-01-05T14:22:03.944+0000] {processor.py:753} INFO - DAG(s) dict_keys(['latest_only_with_trigger']) retrieved from /home/airflow/.local/lib/python3.7/site-packages/airflow/example_dags/example_latest_only_with_trigger.py
[2024-01-05T14:22:03.970+0000] {logging_mixin.py:137} INFO - [2024-01-05T14:22:03.970+0000] {dag.py:2690} INFO - Sync 1 DAGs
[2024-01-05T14:22:03.991+0000] {logging_mixin.py:137} INFO - [2024-01-05T14:22:03.990+0000] {dag.py:3441} INFO - Setting next_dagrun for latest_only_with_trigger to 2024-01-05T10:22:03.990710+00:00, run_after=2024-01-05T14:22:03.990710+00:00
[2024-01-05T14:22:04.010+0000] {processor.py:175} INFO - Processing /home/airflow/.local/lib/python3.7/site-packages/airflow/example_dags/example_latest_only_with_trigger.py took 0.083 seconds
[2024-01-05T14:22:34.572+0000] {processor.py:153} INFO - Started process (PID=7933) to work on /home/airflow/.local/lib/python3.7/site-packages/airflow/example_dags/example_latest_only_with_trigger.py
[2024-01-05T14:22:34.574+0000] {processor.py:743} INFO - Processing file /home/airflow/.local/lib/python3.7/site-packages/airflow/example_dags/example_latest_only_with_trigger.py for tasks to queue
[2024-01-05T14:22:34.575+0000] {logging_mixin.py:137} INFO - [2024-01-05T14:22:34.575+0000] {dagbag.py:538} INFO - Filling up the DagBag from /home/airflow/.local/lib/python3.7/site-packages/airflow/example_dags/example_latest_only_with_trigger.py
[2024-01-05T14:22:34.589+0000] {processor.py:753} INFO - DAG(s) dict_keys(['latest_only_with_trigger']) retrieved from /home/airflow/.local/lib/python3.7/site-packages/airflow/example_dags/example_latest_only_with_trigger.py
[2024-01-05T14:22:34.623+0000] {logging_mixin.py:137} INFO - [2024-01-05T14:22:34.623+0000] {dag.py:2690} INFO - Sync 1 DAGs
[2024-01-05T14:22:34.648+0000] {logging_mixin.py:137} INFO - [2024-01-05T14:22:34.648+0000] {dag.py:3441} INFO - Setting next_dagrun for latest_only_with_trigger to 2024-01-05T10:22:34.648139+00:00, run_after=2024-01-05T14:22:34.648139+00:00
[2024-01-05T14:22:34.684+0000] {processor.py:175} INFO - Processing /home/airflow/.local/lib/python3.7/site-packages/airflow/example_dags/example_latest_only_with_trigger.py took 0.116 seconds
[2024-01-05T14:23:05.402+0000] {processor.py:153} INFO - Started process (PID=7996) to work on /home/airflow/.local/lib/python3.7/site-packages/airflow/example_dags/example_latest_only_with_trigger.py
[2024-01-05T14:23:05.403+0000] {processor.py:743} INFO - Processing file /home/airflow/.local/lib/python3.7/site-packages/airflow/example_dags/example_latest_only_with_trigger.py for tasks to queue
[2024-01-05T14:23:05.404+0000] {logging_mixin.py:137} INFO - [2024-01-05T14:23:05.404+0000] {dagbag.py:538} INFO - Filling up the DagBag from /home/airflow/.local/lib/python3.7/site-packages/airflow/example_dags/example_latest_only_with_trigger.py
[2024-01-05T14:23:05.414+0000] {processor.py:753} INFO - DAG(s) dict_keys(['latest_only_with_trigger']) retrieved from /home/airflow/.local/lib/python3.7/site-packages/airflow/example_dags/example_latest_only_with_trigger.py
[2024-01-05T14:23:05.434+0000] {logging_mixin.py:137} INFO - [2024-01-05T14:23:05.433+0000] {dag.py:2690} INFO - Sync 1 DAGs
[2024-01-05T14:23:05.450+0000] {logging_mixin.py:137} INFO - [2024-01-05T14:23:05.450+0000] {dag.py:3441} INFO - Setting next_dagrun for latest_only_with_trigger to 2024-01-05T10:23:05.449808+00:00, run_after=2024-01-05T14:23:05.449808+00:00
[2024-01-05T14:23:05.461+0000] {processor.py:175} INFO - Processing /home/airflow/.local/lib/python3.7/site-packages/airflow/example_dags/example_latest_only_with_trigger.py took 0.062 seconds
[2024-01-05T14:23:35.922+0000] {processor.py:153} INFO - Started process (PID=8071) to work on /home/airflow/.local/lib/python3.7/site-packages/airflow/example_dags/example_latest_only_with_trigger.py
[2024-01-05T14:23:35.923+0000] {processor.py:743} INFO - Processing file /home/airflow/.local/lib/python3.7/site-packages/airflow/example_dags/example_latest_only_with_trigger.py for tasks to queue
[2024-01-05T14:23:35.924+0000] {logging_mixin.py:137} INFO - [2024-01-05T14:23:35.924+0000] {dagbag.py:538} INFO - Filling up the DagBag from /home/airflow/.local/lib/python3.7/site-packages/airflow/example_dags/example_latest_only_with_trigger.py
[2024-01-05T14:23:35.935+0000] {processor.py:753} INFO - DAG(s) dict_keys(['latest_only_with_trigger']) retrieved from /home/airflow/.local/lib/python3.7/site-packages/airflow/example_dags/example_latest_only_with_trigger.py
[2024-01-05T14:23:35.954+0000] {logging_mixin.py:137} INFO - [2024-01-05T14:23:35.954+0000] {dag.py:2690} INFO - Sync 1 DAGs
[2024-01-05T14:23:35.972+0000] {logging_mixin.py:137} INFO - [2024-01-05T14:23:35.972+0000] {dag.py:3441} INFO - Setting next_dagrun for latest_only_with_trigger to 2024-01-05T10:23:35.972145+00:00, run_after=2024-01-05T14:23:35.972145+00:00
[2024-01-05T14:23:35.989+0000] {processor.py:175} INFO - Processing /home/airflow/.local/lib/python3.7/site-packages/airflow/example_dags/example_latest_only_with_trigger.py took 0.069 seconds
[2024-01-05T14:24:06.709+0000] {processor.py:153} INFO - Started process (PID=8134) to work on /home/airflow/.local/lib/python3.7/site-packages/airflow/example_dags/example_latest_only_with_trigger.py
[2024-01-05T14:24:06.710+0000] {processor.py:743} INFO - Processing file /home/airflow/.local/lib/python3.7/site-packages/airflow/example_dags/example_latest_only_with_trigger.py for tasks to queue
[2024-01-05T14:24:06.711+0000] {logging_mixin.py:137} INFO - [2024-01-05T14:24:06.711+0000] {dagbag.py:538} INFO - Filling up the DagBag from /home/airflow/.local/lib/python3.7/site-packages/airflow/example_dags/example_latest_only_with_trigger.py
[2024-01-05T14:24:06.721+0000] {processor.py:753} INFO - DAG(s) dict_keys(['latest_only_with_trigger']) retrieved from /home/airflow/.local/lib/python3.7/site-packages/airflow/example_dags/example_latest_only_with_trigger.py
[2024-01-05T14:24:06.743+0000] {logging_mixin.py:137} INFO - [2024-01-05T14:24:06.743+0000] {dag.py:2690} INFO - Sync 1 DAGs
[2024-01-05T14:24:06.761+0000] {logging_mixin.py:137} INFO - [2024-01-05T14:24:06.761+0000] {dag.py:3441} INFO - Setting next_dagrun for latest_only_with_trigger to 2024-01-05T10:24:06.761520+00:00, run_after=2024-01-05T14:24:06.761520+00:00
[2024-01-05T14:24:06.773+0000] {processor.py:175} INFO - Processing /home/airflow/.local/lib/python3.7/site-packages/airflow/example_dags/example_latest_only_with_trigger.py took 0.067 seconds
[2024-01-05T14:24:37.443+0000] {processor.py:153} INFO - Started process (PID=8210) to work on /home/airflow/.local/lib/python3.7/site-packages/airflow/example_dags/example_latest_only_with_trigger.py
[2024-01-05T14:24:37.444+0000] {processor.py:743} INFO - Processing file /home/airflow/.local/lib/python3.7/site-packages/airflow/example_dags/example_latest_only_with_trigger.py for tasks to queue
[2024-01-05T14:24:37.445+0000] {logging_mixin.py:137} INFO - [2024-01-05T14:24:37.445+0000] {dagbag.py:538} INFO - Filling up the DagBag from /home/airflow/.local/lib/python3.7/site-packages/airflow/example_dags/example_latest_only_with_trigger.py
[2024-01-05T14:24:37.455+0000] {processor.py:753} INFO - DAG(s) dict_keys(['latest_only_with_trigger']) retrieved from /home/airflow/.local/lib/python3.7/site-packages/airflow/example_dags/example_latest_only_with_trigger.py
[2024-01-05T14:24:37.475+0000] {logging_mixin.py:137} INFO - [2024-01-05T14:24:37.475+0000] {dag.py:2690} INFO - Sync 1 DAGs
[2024-01-05T14:24:37.491+0000] {logging_mixin.py:137} INFO - [2024-01-05T14:24:37.491+0000] {dag.py:3441} INFO - Setting next_dagrun for latest_only_with_trigger to 2024-01-05T10:24:37.491219+00:00, run_after=2024-01-05T14:24:37.491219+00:00
[2024-01-05T14:24:37.503+0000] {processor.py:175} INFO - Processing /home/airflow/.local/lib/python3.7/site-packages/airflow/example_dags/example_latest_only_with_trigger.py took 0.063 seconds
[2024-01-05T14:25:08.191+0000] {processor.py:153} INFO - Started process (PID=8273) to work on /home/airflow/.local/lib/python3.7/site-packages/airflow/example_dags/example_latest_only_with_trigger.py
[2024-01-05T14:25:08.192+0000] {processor.py:743} INFO - Processing file /home/airflow/.local/lib/python3.7/site-packages/airflow/example_dags/example_latest_only_with_trigger.py for tasks to queue
[2024-01-05T14:25:08.193+0000] {logging_mixin.py:137} INFO - [2024-01-05T14:25:08.193+0000] {dagbag.py:538} INFO - Filling up the DagBag from /home/airflow/.local/lib/python3.7/site-packages/airflow/example_dags/example_latest_only_with_trigger.py
[2024-01-05T14:25:08.203+0000] {processor.py:753} INFO - DAG(s) dict_keys(['latest_only_with_trigger']) retrieved from /home/airflow/.local/lib/python3.7/site-packages/airflow/example_dags/example_latest_only_with_trigger.py
[2024-01-05T14:25:08.223+0000] {logging_mixin.py:137} INFO - [2024-01-05T14:25:08.222+0000] {dag.py:2690} INFO - Sync 1 DAGs
[2024-01-05T14:25:08.238+0000] {logging_mixin.py:137} INFO - [2024-01-05T14:25:08.238+0000] {dag.py:3441} INFO - Setting next_dagrun for latest_only_with_trigger to 2024-01-05T10:25:08.238453+00:00, run_after=2024-01-05T14:25:08.238453+00:00
[2024-01-05T14:25:08.250+0000] {processor.py:175} INFO - Processing /home/airflow/.local/lib/python3.7/site-packages/airflow/example_dags/example_latest_only_with_trigger.py took 0.062 seconds
[2024-01-05T14:25:38.567+0000] {processor.py:153} INFO - Started process (PID=8349) to work on /home/airflow/.local/lib/python3.7/site-packages/airflow/example_dags/example_latest_only_with_trigger.py
[2024-01-05T14:25:38.568+0000] {processor.py:743} INFO - Processing file /home/airflow/.local/lib/python3.7/site-packages/airflow/example_dags/example_latest_only_with_trigger.py for tasks to queue
[2024-01-05T14:25:38.569+0000] {logging_mixin.py:137} INFO - [2024-01-05T14:25:38.569+0000] {dagbag.py:538} INFO - Filling up the DagBag from /home/airflow/.local/lib/python3.7/site-packages/airflow/example_dags/example_latest_only_with_trigger.py
[2024-01-05T14:25:38.579+0000] {processor.py:753} INFO - DAG(s) dict_keys(['latest_only_with_trigger']) retrieved from /home/airflow/.local/lib/python3.7/site-packages/airflow/example_dags/example_latest_only_with_trigger.py
[2024-01-05T14:25:38.599+0000] {logging_mixin.py:137} INFO - [2024-01-05T14:25:38.598+0000] {dag.py:2690} INFO - Sync 1 DAGs
[2024-01-05T14:25:38.616+0000] {logging_mixin.py:137} INFO - [2024-01-05T14:25:38.616+0000] {dag.py:3441} INFO - Setting next_dagrun for latest_only_with_trigger to 2024-01-05T10:25:38.616365+00:00, run_after=2024-01-05T14:25:38.616365+00:00
[2024-01-05T14:25:38.629+0000] {processor.py:175} INFO - Processing /home/airflow/.local/lib/python3.7/site-packages/airflow/example_dags/example_latest_only_with_trigger.py took 0.065 seconds
[2024-01-05T14:26:09.883+0000] {processor.py:153} INFO - Started process (PID=8424) to work on /home/airflow/.local/lib/python3.7/site-packages/airflow/example_dags/example_latest_only_with_trigger.py
[2024-01-05T14:26:09.885+0000] {processor.py:743} INFO - Processing file /home/airflow/.local/lib/python3.7/site-packages/airflow/example_dags/example_latest_only_with_trigger.py for tasks to queue
[2024-01-05T14:26:09.887+0000] {logging_mixin.py:137} INFO - [2024-01-05T14:26:09.887+0000] {dagbag.py:538} INFO - Filling up the DagBag from /home/airflow/.local/lib/python3.7/site-packages/airflow/example_dags/example_latest_only_with_trigger.py
[2024-01-05T14:26:09.908+0000] {processor.py:753} INFO - DAG(s) dict_keys(['latest_only_with_trigger']) retrieved from /home/airflow/.local/lib/python3.7/site-packages/airflow/example_dags/example_latest_only_with_trigger.py
[2024-01-05T14:26:09.933+0000] {logging_mixin.py:137} INFO - [2024-01-05T14:26:09.933+0000] {dag.py:2690} INFO - Sync 1 DAGs
[2024-01-05T14:26:09.954+0000] {logging_mixin.py:137} INFO - [2024-01-05T14:26:09.954+0000] {dag.py:3441} INFO - Setting next_dagrun for latest_only_with_trigger to 2024-01-05T10:26:09.954409+00:00, run_after=2024-01-05T14:26:09.954409+00:00
[2024-01-05T14:26:09.972+0000] {processor.py:175} INFO - Processing /home/airflow/.local/lib/python3.7/site-packages/airflow/example_dags/example_latest_only_with_trigger.py took 0.094 seconds
[2024-01-05T14:26:40.034+0000] {processor.py:153} INFO - Started process (PID=8486) to work on /home/airflow/.local/lib/python3.7/site-packages/airflow/example_dags/example_latest_only_with_trigger.py
[2024-01-05T14:26:40.036+0000] {processor.py:743} INFO - Processing file /home/airflow/.local/lib/python3.7/site-packages/airflow/example_dags/example_latest_only_with_trigger.py for tasks to queue
[2024-01-05T14:26:40.037+0000] {logging_mixin.py:137} INFO - [2024-01-05T14:26:40.037+0000] {dagbag.py:538} INFO - Filling up the DagBag from /home/airflow/.local/lib/python3.7/site-packages/airflow/example_dags/example_latest_only_with_trigger.py
[2024-01-05T14:26:40.048+0000] {processor.py:753} INFO - DAG(s) dict_keys(['latest_only_with_trigger']) retrieved from /home/airflow/.local/lib/python3.7/site-packages/airflow/example_dags/example_latest_only_with_trigger.py
[2024-01-05T14:26:40.070+0000] {logging_mixin.py:137} INFO - [2024-01-05T14:26:40.070+0000] {dag.py:2690} INFO - Sync 1 DAGs
[2024-01-05T14:26:40.086+0000] {logging_mixin.py:137} INFO - [2024-01-05T14:26:40.086+0000] {dag.py:3441} INFO - Setting next_dagrun for latest_only_with_trigger to 2024-01-05T10:26:40.086447+00:00, run_after=2024-01-05T14:26:40.086447+00:00
[2024-01-05T14:26:40.097+0000] {processor.py:175} INFO - Processing /home/airflow/.local/lib/python3.7/site-packages/airflow/example_dags/example_latest_only_with_trigger.py took 0.066 seconds
