[2024-01-05T01:20:57.229+0000] {processor.py:153} INFO - Started process (PID=4347) to work on /home/airflow/.local/lib/python3.7/site-packages/airflow/example_dags/example_task_group.py
[2024-01-05T01:20:57.231+0000] {processor.py:743} INFO - Processing file /home/airflow/.local/lib/python3.7/site-packages/airflow/example_dags/example_task_group.py for tasks to queue
[2024-01-05T01:20:57.232+0000] {logging_mixin.py:137} INFO - [2024-01-05T01:20:57.232+0000] {dagbag.py:538} INFO - Filling up the DagBag from /home/airflow/.local/lib/python3.7/site-packages/airflow/example_dags/example_task_group.py
[2024-01-05T01:20:57.249+0000] {processor.py:753} INFO - DAG(s) dict_keys(['example_task_group']) retrieved from /home/airflow/.local/lib/python3.7/site-packages/airflow/example_dags/example_task_group.py
[2024-01-05T01:20:57.284+0000] {logging_mixin.py:137} INFO - [2024-01-05T01:20:57.283+0000] {dag.py:2690} INFO - Sync 1 DAGs
[2024-01-05T01:20:57.341+0000] {logging_mixin.py:137} INFO - [2024-01-05T01:20:57.341+0000] {dag.py:3441} INFO - Setting next_dagrun for example_task_group to 2024-01-04T01:20:57.341137+00:00, run_after=2024-01-05T01:20:57.341137+00:00
[2024-01-05T01:20:57.364+0000] {processor.py:175} INFO - Processing /home/airflow/.local/lib/python3.7/site-packages/airflow/example_dags/example_task_group.py took 0.139 seconds
[2024-01-05T02:31:18.792+0000] {processor.py:153} INFO - Started process (PID=4410) to work on /home/airflow/.local/lib/python3.7/site-packages/airflow/example_dags/example_task_group.py
[2024-01-05T02:31:18.793+0000] {processor.py:743} INFO - Processing file /home/airflow/.local/lib/python3.7/site-packages/airflow/example_dags/example_task_group.py for tasks to queue
[2024-01-05T02:31:18.794+0000] {logging_mixin.py:137} INFO - [2024-01-05T02:31:18.794+0000] {dagbag.py:538} INFO - Filling up the DagBag from /home/airflow/.local/lib/python3.7/site-packages/airflow/example_dags/example_task_group.py
[2024-01-05T02:31:18.810+0000] {processor.py:753} INFO - DAG(s) dict_keys(['example_task_group']) retrieved from /home/airflow/.local/lib/python3.7/site-packages/airflow/example_dags/example_task_group.py
[2024-01-05T02:31:18.833+0000] {logging_mixin.py:137} INFO - [2024-01-05T02:31:18.833+0000] {dag.py:2690} INFO - Sync 1 DAGs
[2024-01-05T02:31:18.855+0000] {logging_mixin.py:137} INFO - [2024-01-05T02:31:18.855+0000] {dag.py:3441} INFO - Setting next_dagrun for example_task_group to 2024-01-04T02:31:18.854762+00:00, run_after=2024-01-05T02:31:18.854762+00:00
[2024-01-05T02:31:18.868+0000] {processor.py:175} INFO - Processing /home/airflow/.local/lib/python3.7/site-packages/airflow/example_dags/example_task_group.py took 0.080 seconds
[2024-01-05T03:42:27.802+0000] {processor.py:153} INFO - Started process (PID=4473) to work on /home/airflow/.local/lib/python3.7/site-packages/airflow/example_dags/example_task_group.py
[2024-01-05T03:42:27.804+0000] {processor.py:743} INFO - Processing file /home/airflow/.local/lib/python3.7/site-packages/airflow/example_dags/example_task_group.py for tasks to queue
[2024-01-05T03:42:27.805+0000] {logging_mixin.py:137} INFO - [2024-01-05T03:42:27.805+0000] {dagbag.py:538} INFO - Filling up the DagBag from /home/airflow/.local/lib/python3.7/site-packages/airflow/example_dags/example_task_group.py
[2024-01-05T03:42:27.818+0000] {processor.py:753} INFO - DAG(s) dict_keys(['example_task_group']) retrieved from /home/airflow/.local/lib/python3.7/site-packages/airflow/example_dags/example_task_group.py
[2024-01-05T03:42:27.838+0000] {logging_mixin.py:137} INFO - [2024-01-05T03:42:27.838+0000] {dag.py:2690} INFO - Sync 1 DAGs
[2024-01-05T03:42:27.854+0000] {logging_mixin.py:137} INFO - [2024-01-05T03:42:27.854+0000] {dag.py:3441} INFO - Setting next_dagrun for example_task_group to 2024-01-04T03:42:27.854035+00:00, run_after=2024-01-05T03:42:27.854035+00:00
[2024-01-05T03:42:27.865+0000] {processor.py:175} INFO - Processing /home/airflow/.local/lib/python3.7/site-packages/airflow/example_dags/example_task_group.py took 0.066 seconds
[2024-01-05T05:03:27.843+0000] {processor.py:153} INFO - Started process (PID=4548) to work on /home/airflow/.local/lib/python3.7/site-packages/airflow/example_dags/example_task_group.py
[2024-01-05T05:03:27.845+0000] {processor.py:743} INFO - Processing file /home/airflow/.local/lib/python3.7/site-packages/airflow/example_dags/example_task_group.py for tasks to queue
[2024-01-05T05:03:27.845+0000] {logging_mixin.py:137} INFO - [2024-01-05T05:03:27.845+0000] {dagbag.py:538} INFO - Filling up the DagBag from /home/airflow/.local/lib/python3.7/site-packages/airflow/example_dags/example_task_group.py
[2024-01-05T05:03:27.858+0000] {processor.py:753} INFO - DAG(s) dict_keys(['example_task_group']) retrieved from /home/airflow/.local/lib/python3.7/site-packages/airflow/example_dags/example_task_group.py
[2024-01-05T05:03:27.878+0000] {logging_mixin.py:137} INFO - [2024-01-05T05:03:27.878+0000] {dag.py:2690} INFO - Sync 1 DAGs
[2024-01-05T05:03:27.898+0000] {logging_mixin.py:137} INFO - [2024-01-05T05:03:27.898+0000] {dag.py:3441} INFO - Setting next_dagrun for example_task_group to 2024-01-04T05:03:27.898172+00:00, run_after=2024-01-05T05:03:27.898172+00:00
[2024-01-05T05:03:27.911+0000] {processor.py:175} INFO - Processing /home/airflow/.local/lib/python3.7/site-packages/airflow/example_dags/example_task_group.py took 0.071 seconds
[2024-01-05T06:28:03.506+0000] {processor.py:153} INFO - Started process (PID=4610) to work on /home/airflow/.local/lib/python3.7/site-packages/airflow/example_dags/example_task_group.py
[2024-01-05T06:28:03.508+0000] {processor.py:743} INFO - Processing file /home/airflow/.local/lib/python3.7/site-packages/airflow/example_dags/example_task_group.py for tasks to queue
[2024-01-05T06:28:03.508+0000] {logging_mixin.py:137} INFO - [2024-01-05T06:28:03.508+0000] {dagbag.py:538} INFO - Filling up the DagBag from /home/airflow/.local/lib/python3.7/site-packages/airflow/example_dags/example_task_group.py
[2024-01-05T06:28:03.520+0000] {processor.py:753} INFO - DAG(s) dict_keys(['example_task_group']) retrieved from /home/airflow/.local/lib/python3.7/site-packages/airflow/example_dags/example_task_group.py
[2024-01-05T06:28:03.540+0000] {logging_mixin.py:137} INFO - [2024-01-05T06:28:03.540+0000] {dag.py:2690} INFO - Sync 1 DAGs
[2024-01-05T06:28:03.562+0000] {logging_mixin.py:137} INFO - [2024-01-05T06:28:03.562+0000] {dag.py:3441} INFO - Setting next_dagrun for example_task_group to 2024-01-04T06:28:03.562377+00:00, run_after=2024-01-05T06:28:03.562377+00:00
[2024-01-05T06:28:03.575+0000] {processor.py:175} INFO - Processing /home/airflow/.local/lib/python3.7/site-packages/airflow/example_dags/example_task_group.py took 0.072 seconds
[2024-01-05T07:47:06.320+0000] {processor.py:153} INFO - Started process (PID=4682) to work on /home/airflow/.local/lib/python3.7/site-packages/airflow/example_dags/example_task_group.py
[2024-01-05T07:47:06.324+0000] {processor.py:743} INFO - Processing file /home/airflow/.local/lib/python3.7/site-packages/airflow/example_dags/example_task_group.py for tasks to queue
[2024-01-05T07:47:06.339+0000] {logging_mixin.py:137} INFO - [2024-01-05T07:47:06.339+0000] {dagbag.py:538} INFO - Filling up the DagBag from /home/airflow/.local/lib/python3.7/site-packages/airflow/example_dags/example_task_group.py
[2024-01-05T07:47:06.397+0000] {processor.py:753} INFO - DAG(s) dict_keys(['example_task_group']) retrieved from /home/airflow/.local/lib/python3.7/site-packages/airflow/example_dags/example_task_group.py
[2024-01-05T07:47:06.453+0000] {logging_mixin.py:137} INFO - [2024-01-05T07:47:06.453+0000] {dag.py:2690} INFO - Sync 1 DAGs
[2024-01-05T07:47:06.479+0000] {logging_mixin.py:137} INFO - [2024-01-05T07:47:06.479+0000] {dag.py:3441} INFO - Setting next_dagrun for example_task_group to 2024-01-04T07:47:06.478763+00:00, run_after=2024-01-05T07:47:06.478763+00:00
[2024-01-05T07:47:06.495+0000] {processor.py:175} INFO - Processing /home/airflow/.local/lib/python3.7/site-packages/airflow/example_dags/example_task_group.py took 0.194 seconds
[2024-01-05T09:24:48.179+0000] {processor.py:153} INFO - Started process (PID=4747) to work on /home/airflow/.local/lib/python3.7/site-packages/airflow/example_dags/example_task_group.py
[2024-01-05T09:24:48.181+0000] {processor.py:743} INFO - Processing file /home/airflow/.local/lib/python3.7/site-packages/airflow/example_dags/example_task_group.py for tasks to queue
[2024-01-05T09:24:48.182+0000] {logging_mixin.py:137} INFO - [2024-01-05T09:24:48.182+0000] {dagbag.py:538} INFO - Filling up the DagBag from /home/airflow/.local/lib/python3.7/site-packages/airflow/example_dags/example_task_group.py
[2024-01-05T09:24:48.200+0000] {processor.py:753} INFO - DAG(s) dict_keys(['example_task_group']) retrieved from /home/airflow/.local/lib/python3.7/site-packages/airflow/example_dags/example_task_group.py
[2024-01-05T09:24:48.228+0000] {logging_mixin.py:137} INFO - [2024-01-05T09:24:48.228+0000] {dag.py:2690} INFO - Sync 1 DAGs
[2024-01-05T09:24:48.244+0000] {logging_mixin.py:137} INFO - [2024-01-05T09:24:48.244+0000] {dag.py:3441} INFO - Setting next_dagrun for example_task_group to 2024-01-04T09:24:48.244153+00:00, run_after=2024-01-05T09:24:48.244153+00:00
[2024-01-05T09:24:48.259+0000] {processor.py:175} INFO - Processing /home/airflow/.local/lib/python3.7/site-packages/airflow/example_dags/example_task_group.py took 0.082 seconds
[2024-01-05T10:32:48.507+0000] {processor.py:153} INFO - Started process (PID=4810) to work on /home/airflow/.local/lib/python3.7/site-packages/airflow/example_dags/example_task_group.py
[2024-01-05T10:32:48.508+0000] {processor.py:743} INFO - Processing file /home/airflow/.local/lib/python3.7/site-packages/airflow/example_dags/example_task_group.py for tasks to queue
[2024-01-05T10:32:48.509+0000] {logging_mixin.py:137} INFO - [2024-01-05T10:32:48.509+0000] {dagbag.py:538} INFO - Filling up the DagBag from /home/airflow/.local/lib/python3.7/site-packages/airflow/example_dags/example_task_group.py
[2024-01-05T10:32:48.521+0000] {processor.py:753} INFO - DAG(s) dict_keys(['example_task_group']) retrieved from /home/airflow/.local/lib/python3.7/site-packages/airflow/example_dags/example_task_group.py
[2024-01-05T10:32:48.542+0000] {logging_mixin.py:137} INFO - [2024-01-05T10:32:48.542+0000] {dag.py:2690} INFO - Sync 1 DAGs
[2024-01-05T10:32:48.559+0000] {logging_mixin.py:137} INFO - [2024-01-05T10:32:48.559+0000] {dag.py:3441} INFO - Setting next_dagrun for example_task_group to 2024-01-04T10:32:48.559325+00:00, run_after=2024-01-05T10:32:48.559325+00:00
[2024-01-05T10:32:48.576+0000] {processor.py:175} INFO - Processing /home/airflow/.local/lib/python3.7/site-packages/airflow/example_dags/example_task_group.py took 0.073 seconds
[2024-01-05T11:33:47.480+0000] {processor.py:153} INFO - Started process (PID=4885) to work on /home/airflow/.local/lib/python3.7/site-packages/airflow/example_dags/example_task_group.py
[2024-01-05T11:33:47.481+0000] {processor.py:743} INFO - Processing file /home/airflow/.local/lib/python3.7/site-packages/airflow/example_dags/example_task_group.py for tasks to queue
[2024-01-05T11:33:47.482+0000] {logging_mixin.py:137} INFO - [2024-01-05T11:33:47.482+0000] {dagbag.py:538} INFO - Filling up the DagBag from /home/airflow/.local/lib/python3.7/site-packages/airflow/example_dags/example_task_group.py
[2024-01-05T11:33:47.501+0000] {processor.py:753} INFO - DAG(s) dict_keys(['example_task_group']) retrieved from /home/airflow/.local/lib/python3.7/site-packages/airflow/example_dags/example_task_group.py
[2024-01-05T11:33:47.524+0000] {logging_mixin.py:137} INFO - [2024-01-05T11:33:47.524+0000] {dag.py:2690} INFO - Sync 1 DAGs
[2024-01-05T11:33:47.542+0000] {logging_mixin.py:137} INFO - [2024-01-05T11:33:47.541+0000] {dag.py:3441} INFO - Setting next_dagrun for example_task_group to 2024-01-04T11:33:47.541781+00:00, run_after=2024-01-05T11:33:47.541781+00:00
[2024-01-05T11:33:47.554+0000] {processor.py:175} INFO - Processing /home/airflow/.local/lib/python3.7/site-packages/airflow/example_dags/example_task_group.py took 0.077 seconds
[2024-01-05T12:52:19.981+0000] {processor.py:153} INFO - Started process (PID=4948) to work on /home/airflow/.local/lib/python3.7/site-packages/airflow/example_dags/example_task_group.py
[2024-01-05T12:52:19.984+0000] {processor.py:743} INFO - Processing file /home/airflow/.local/lib/python3.7/site-packages/airflow/example_dags/example_task_group.py for tasks to queue
[2024-01-05T12:52:19.992+0000] {logging_mixin.py:137} INFO - [2024-01-05T12:52:19.991+0000] {dagbag.py:538} INFO - Filling up the DagBag from /home/airflow/.local/lib/python3.7/site-packages/airflow/example_dags/example_task_group.py
[2024-01-05T12:52:20.009+0000] {processor.py:753} INFO - DAG(s) dict_keys(['example_task_group']) retrieved from /home/airflow/.local/lib/python3.7/site-packages/airflow/example_dags/example_task_group.py
[2024-01-05T12:52:20.048+0000] {logging_mixin.py:137} INFO - [2024-01-05T12:52:20.048+0000] {dag.py:2690} INFO - Sync 1 DAGs
[2024-01-05T12:52:20.075+0000] {logging_mixin.py:137} INFO - [2024-01-05T12:52:20.074+0000] {dag.py:3441} INFO - Setting next_dagrun for example_task_group to 2024-01-04T12:52:20.073602+00:00, run_after=2024-01-05T12:52:20.073602+00:00
[2024-01-05T12:52:20.103+0000] {processor.py:175} INFO - Processing /home/airflow/.local/lib/python3.7/site-packages/airflow/example_dags/example_task_group.py took 0.127 seconds
[2024-01-05T14:01:06.784+0000] {processor.py:153} INFO - Started process (PID=5022) to work on /home/airflow/.local/lib/python3.7/site-packages/airflow/example_dags/example_task_group.py
[2024-01-05T14:01:06.785+0000] {processor.py:743} INFO - Processing file /home/airflow/.local/lib/python3.7/site-packages/airflow/example_dags/example_task_group.py for tasks to queue
[2024-01-05T14:01:06.787+0000] {logging_mixin.py:137} INFO - [2024-01-05T14:01:06.787+0000] {dagbag.py:538} INFO - Filling up the DagBag from /home/airflow/.local/lib/python3.7/site-packages/airflow/example_dags/example_task_group.py
[2024-01-05T14:01:06.808+0000] {processor.py:753} INFO - DAG(s) dict_keys(['example_task_group']) retrieved from /home/airflow/.local/lib/python3.7/site-packages/airflow/example_dags/example_task_group.py
[2024-01-05T14:01:06.834+0000] {logging_mixin.py:137} INFO - [2024-01-05T14:01:06.834+0000] {dag.py:2690} INFO - Sync 1 DAGs
[2024-01-05T14:01:06.853+0000] {logging_mixin.py:137} INFO - [2024-01-05T14:01:06.853+0000] {dag.py:3441} INFO - Setting next_dagrun for example_task_group to 2024-01-04T14:01:06.853242+00:00, run_after=2024-01-05T14:01:06.853242+00:00
[2024-01-05T14:01:06.866+0000] {processor.py:175} INFO - Processing /home/airflow/.local/lib/python3.7/site-packages/airflow/example_dags/example_task_group.py took 0.085 seconds
[2024-01-05T14:01:37.140+0000] {processor.py:153} INFO - Started process (PID=5086) to work on /home/airflow/.local/lib/python3.7/site-packages/airflow/example_dags/example_task_group.py
[2024-01-05T14:01:37.142+0000] {processor.py:743} INFO - Processing file /home/airflow/.local/lib/python3.7/site-packages/airflow/example_dags/example_task_group.py for tasks to queue
[2024-01-05T14:01:37.143+0000] {logging_mixin.py:137} INFO - [2024-01-05T14:01:37.143+0000] {dagbag.py:538} INFO - Filling up the DagBag from /home/airflow/.local/lib/python3.7/site-packages/airflow/example_dags/example_task_group.py
[2024-01-05T14:01:37.164+0000] {processor.py:753} INFO - DAG(s) dict_keys(['example_task_group']) retrieved from /home/airflow/.local/lib/python3.7/site-packages/airflow/example_dags/example_task_group.py
[2024-01-05T14:01:37.192+0000] {logging_mixin.py:137} INFO - [2024-01-05T14:01:37.192+0000] {dag.py:2690} INFO - Sync 1 DAGs
[2024-01-05T14:01:37.212+0000] {logging_mixin.py:137} INFO - [2024-01-05T14:01:37.212+0000] {dag.py:3441} INFO - Setting next_dagrun for example_task_group to 2024-01-04T14:01:37.211791+00:00, run_after=2024-01-05T14:01:37.211791+00:00
[2024-01-05T14:01:37.224+0000] {processor.py:175} INFO - Processing /home/airflow/.local/lib/python3.7/site-packages/airflow/example_dags/example_task_group.py took 0.087 seconds
[2024-01-05T14:02:08.697+0000] {processor.py:153} INFO - Started process (PID=5159) to work on /home/airflow/.local/lib/python3.7/site-packages/airflow/example_dags/example_task_group.py
[2024-01-05T14:02:08.699+0000] {processor.py:743} INFO - Processing file /home/airflow/.local/lib/python3.7/site-packages/airflow/example_dags/example_task_group.py for tasks to queue
[2024-01-05T14:02:08.701+0000] {logging_mixin.py:137} INFO - [2024-01-05T14:02:08.701+0000] {dagbag.py:538} INFO - Filling up the DagBag from /home/airflow/.local/lib/python3.7/site-packages/airflow/example_dags/example_task_group.py
[2024-01-05T14:02:08.747+0000] {processor.py:753} INFO - DAG(s) dict_keys(['example_task_group']) retrieved from /home/airflow/.local/lib/python3.7/site-packages/airflow/example_dags/example_task_group.py
[2024-01-05T14:02:08.802+0000] {logging_mixin.py:137} INFO - [2024-01-05T14:02:08.802+0000] {dag.py:2690} INFO - Sync 1 DAGs
[2024-01-05T14:02:08.869+0000] {logging_mixin.py:137} INFO - [2024-01-05T14:02:08.869+0000] {dag.py:3441} INFO - Setting next_dagrun for example_task_group to 2024-01-04T14:02:08.869345+00:00, run_after=2024-01-05T14:02:08.869345+00:00
[2024-01-05T14:02:08.888+0000] {processor.py:175} INFO - Processing /home/airflow/.local/lib/python3.7/site-packages/airflow/example_dags/example_task_group.py took 0.195 seconds
[2024-01-05T14:02:39.709+0000] {processor.py:153} INFO - Started process (PID=5225) to work on /home/airflow/.local/lib/python3.7/site-packages/airflow/example_dags/example_task_group.py
[2024-01-05T14:02:39.711+0000] {processor.py:743} INFO - Processing file /home/airflow/.local/lib/python3.7/site-packages/airflow/example_dags/example_task_group.py for tasks to queue
[2024-01-05T14:02:39.712+0000] {logging_mixin.py:137} INFO - [2024-01-05T14:02:39.711+0000] {dagbag.py:538} INFO - Filling up the DagBag from /home/airflow/.local/lib/python3.7/site-packages/airflow/example_dags/example_task_group.py
[2024-01-05T14:02:39.724+0000] {processor.py:753} INFO - DAG(s) dict_keys(['example_task_group']) retrieved from /home/airflow/.local/lib/python3.7/site-packages/airflow/example_dags/example_task_group.py
[2024-01-05T14:02:39.743+0000] {logging_mixin.py:137} INFO - [2024-01-05T14:02:39.743+0000] {dag.py:2690} INFO - Sync 1 DAGs
[2024-01-05T14:02:39.759+0000] {logging_mixin.py:137} INFO - [2024-01-05T14:02:39.759+0000] {dag.py:3441} INFO - Setting next_dagrun for example_task_group to 2024-01-04T14:02:39.759688+00:00, run_after=2024-01-05T14:02:39.759688+00:00
[2024-01-05T14:02:39.771+0000] {processor.py:175} INFO - Processing /home/airflow/.local/lib/python3.7/site-packages/airflow/example_dags/example_task_group.py took 0.064 seconds
[2024-01-05T14:03:10.448+0000] {processor.py:153} INFO - Started process (PID=5300) to work on /home/airflow/.local/lib/python3.7/site-packages/airflow/example_dags/example_task_group.py
[2024-01-05T14:03:10.450+0000] {processor.py:743} INFO - Processing file /home/airflow/.local/lib/python3.7/site-packages/airflow/example_dags/example_task_group.py for tasks to queue
[2024-01-05T14:03:10.455+0000] {logging_mixin.py:137} INFO - [2024-01-05T14:03:10.455+0000] {dagbag.py:538} INFO - Filling up the DagBag from /home/airflow/.local/lib/python3.7/site-packages/airflow/example_dags/example_task_group.py
[2024-01-05T14:03:10.472+0000] {processor.py:753} INFO - DAG(s) dict_keys(['example_task_group']) retrieved from /home/airflow/.local/lib/python3.7/site-packages/airflow/example_dags/example_task_group.py
[2024-01-05T14:03:10.496+0000] {logging_mixin.py:137} INFO - [2024-01-05T14:03:10.496+0000] {dag.py:2690} INFO - Sync 1 DAGs
[2024-01-05T14:03:10.518+0000] {logging_mixin.py:137} INFO - [2024-01-05T14:03:10.518+0000] {dag.py:3441} INFO - Setting next_dagrun for example_task_group to 2024-01-04T14:03:10.518136+00:00, run_after=2024-01-05T14:03:10.518136+00:00
[2024-01-05T14:03:10.537+0000] {processor.py:175} INFO - Processing /home/airflow/.local/lib/python3.7/site-packages/airflow/example_dags/example_task_group.py took 0.094 seconds
[2024-01-05T14:03:41.426+0000] {processor.py:153} INFO - Started process (PID=5363) to work on /home/airflow/.local/lib/python3.7/site-packages/airflow/example_dags/example_task_group.py
[2024-01-05T14:03:41.428+0000] {processor.py:743} INFO - Processing file /home/airflow/.local/lib/python3.7/site-packages/airflow/example_dags/example_task_group.py for tasks to queue
[2024-01-05T14:03:41.429+0000] {logging_mixin.py:137} INFO - [2024-01-05T14:03:41.429+0000] {dagbag.py:538} INFO - Filling up the DagBag from /home/airflow/.local/lib/python3.7/site-packages/airflow/example_dags/example_task_group.py
[2024-01-05T14:03:41.441+0000] {processor.py:753} INFO - DAG(s) dict_keys(['example_task_group']) retrieved from /home/airflow/.local/lib/python3.7/site-packages/airflow/example_dags/example_task_group.py
[2024-01-05T14:03:41.462+0000] {logging_mixin.py:137} INFO - [2024-01-05T14:03:41.462+0000] {dag.py:2690} INFO - Sync 1 DAGs
[2024-01-05T14:03:41.479+0000] {logging_mixin.py:137} INFO - [2024-01-05T14:03:41.479+0000] {dag.py:3441} INFO - Setting next_dagrun for example_task_group to 2024-01-04T14:03:41.479397+00:00, run_after=2024-01-05T14:03:41.479397+00:00
[2024-01-05T14:03:41.491+0000] {processor.py:175} INFO - Processing /home/airflow/.local/lib/python3.7/site-packages/airflow/example_dags/example_task_group.py took 0.067 seconds
[2024-01-05T14:04:11.701+0000] {processor.py:153} INFO - Started process (PID=5439) to work on /home/airflow/.local/lib/python3.7/site-packages/airflow/example_dags/example_task_group.py
[2024-01-05T14:04:11.703+0000] {processor.py:743} INFO - Processing file /home/airflow/.local/lib/python3.7/site-packages/airflow/example_dags/example_task_group.py for tasks to queue
[2024-01-05T14:04:11.704+0000] {logging_mixin.py:137} INFO - [2024-01-05T14:04:11.704+0000] {dagbag.py:538} INFO - Filling up the DagBag from /home/airflow/.local/lib/python3.7/site-packages/airflow/example_dags/example_task_group.py
[2024-01-05T14:04:11.717+0000] {processor.py:753} INFO - DAG(s) dict_keys(['example_task_group']) retrieved from /home/airflow/.local/lib/python3.7/site-packages/airflow/example_dags/example_task_group.py
[2024-01-05T14:04:11.738+0000] {logging_mixin.py:137} INFO - [2024-01-05T14:04:11.738+0000] {dag.py:2690} INFO - Sync 1 DAGs
[2024-01-05T14:04:11.770+0000] {logging_mixin.py:137} INFO - [2024-01-05T14:04:11.770+0000] {dag.py:3441} INFO - Setting next_dagrun for example_task_group to 2024-01-04T14:04:11.770426+00:00, run_after=2024-01-05T14:04:11.770426+00:00
[2024-01-05T14:04:11.785+0000] {processor.py:175} INFO - Processing /home/airflow/.local/lib/python3.7/site-packages/airflow/example_dags/example_task_group.py took 0.087 seconds
[2024-01-05T14:04:42.694+0000] {processor.py:153} INFO - Started process (PID=5502) to work on /home/airflow/.local/lib/python3.7/site-packages/airflow/example_dags/example_task_group.py
[2024-01-05T14:04:42.696+0000] {processor.py:743} INFO - Processing file /home/airflow/.local/lib/python3.7/site-packages/airflow/example_dags/example_task_group.py for tasks to queue
[2024-01-05T14:04:42.697+0000] {logging_mixin.py:137} INFO - [2024-01-05T14:04:42.697+0000] {dagbag.py:538} INFO - Filling up the DagBag from /home/airflow/.local/lib/python3.7/site-packages/airflow/example_dags/example_task_group.py
[2024-01-05T14:04:42.713+0000] {processor.py:753} INFO - DAG(s) dict_keys(['example_task_group']) retrieved from /home/airflow/.local/lib/python3.7/site-packages/airflow/example_dags/example_task_group.py
[2024-01-05T14:04:42.735+0000] {logging_mixin.py:137} INFO - [2024-01-05T14:04:42.735+0000] {dag.py:2690} INFO - Sync 1 DAGs
[2024-01-05T14:04:42.756+0000] {logging_mixin.py:137} INFO - [2024-01-05T14:04:42.755+0000] {dag.py:3441} INFO - Setting next_dagrun for example_task_group to 2024-01-04T14:04:42.755701+00:00, run_after=2024-01-05T14:04:42.755701+00:00
[2024-01-05T14:04:42.767+0000] {processor.py:175} INFO - Processing /home/airflow/.local/lib/python3.7/site-packages/airflow/example_dags/example_task_group.py took 0.075 seconds
[2024-01-05T14:05:13.425+0000] {processor.py:153} INFO - Started process (PID=5577) to work on /home/airflow/.local/lib/python3.7/site-packages/airflow/example_dags/example_task_group.py
[2024-01-05T14:05:13.427+0000] {processor.py:743} INFO - Processing file /home/airflow/.local/lib/python3.7/site-packages/airflow/example_dags/example_task_group.py for tasks to queue
[2024-01-05T14:05:13.428+0000] {logging_mixin.py:137} INFO - [2024-01-05T14:05:13.428+0000] {dagbag.py:538} INFO - Filling up the DagBag from /home/airflow/.local/lib/python3.7/site-packages/airflow/example_dags/example_task_group.py
[2024-01-05T14:05:13.439+0000] {processor.py:753} INFO - DAG(s) dict_keys(['example_task_group']) retrieved from /home/airflow/.local/lib/python3.7/site-packages/airflow/example_dags/example_task_group.py
[2024-01-05T14:05:13.459+0000] {logging_mixin.py:137} INFO - [2024-01-05T14:05:13.459+0000] {dag.py:2690} INFO - Sync 1 DAGs
[2024-01-05T14:05:13.477+0000] {logging_mixin.py:137} INFO - [2024-01-05T14:05:13.477+0000] {dag.py:3441} INFO - Setting next_dagrun for example_task_group to 2024-01-04T14:05:13.476968+00:00, run_after=2024-01-05T14:05:13.476968+00:00
[2024-01-05T14:05:13.487+0000] {processor.py:175} INFO - Processing /home/airflow/.local/lib/python3.7/site-packages/airflow/example_dags/example_task_group.py took 0.065 seconds
[2024-01-05T14:05:44.027+0000] {processor.py:153} INFO - Started process (PID=5652) to work on /home/airflow/.local/lib/python3.7/site-packages/airflow/example_dags/example_task_group.py
[2024-01-05T14:05:44.029+0000] {processor.py:743} INFO - Processing file /home/airflow/.local/lib/python3.7/site-packages/airflow/example_dags/example_task_group.py for tasks to queue
[2024-01-05T14:05:44.030+0000] {logging_mixin.py:137} INFO - [2024-01-05T14:05:44.030+0000] {dagbag.py:538} INFO - Filling up the DagBag from /home/airflow/.local/lib/python3.7/site-packages/airflow/example_dags/example_task_group.py
[2024-01-05T14:05:44.139+0000] {processor.py:753} INFO - DAG(s) dict_keys(['example_task_group']) retrieved from /home/airflow/.local/lib/python3.7/site-packages/airflow/example_dags/example_task_group.py
[2024-01-05T14:05:44.293+0000] {logging_mixin.py:137} INFO - [2024-01-05T14:05:44.293+0000] {dag.py:2690} INFO - Sync 1 DAGs
[2024-01-05T14:05:44.328+0000] {logging_mixin.py:137} INFO - [2024-01-05T14:05:44.327+0000] {dag.py:3441} INFO - Setting next_dagrun for example_task_group to 2024-01-04T14:05:44.327454+00:00, run_after=2024-01-05T14:05:44.327454+00:00
[2024-01-05T14:05:44.345+0000] {processor.py:175} INFO - Processing /home/airflow/.local/lib/python3.7/site-packages/airflow/example_dags/example_task_group.py took 0.323 seconds
[2024-01-05T14:06:14.749+0000] {processor.py:153} INFO - Started process (PID=5716) to work on /home/airflow/.local/lib/python3.7/site-packages/airflow/example_dags/example_task_group.py
[2024-01-05T14:06:14.751+0000] {processor.py:743} INFO - Processing file /home/airflow/.local/lib/python3.7/site-packages/airflow/example_dags/example_task_group.py for tasks to queue
[2024-01-05T14:06:14.752+0000] {logging_mixin.py:137} INFO - [2024-01-05T14:06:14.752+0000] {dagbag.py:538} INFO - Filling up the DagBag from /home/airflow/.local/lib/python3.7/site-packages/airflow/example_dags/example_task_group.py
[2024-01-05T14:06:14.763+0000] {processor.py:753} INFO - DAG(s) dict_keys(['example_task_group']) retrieved from /home/airflow/.local/lib/python3.7/site-packages/airflow/example_dags/example_task_group.py
[2024-01-05T14:06:14.784+0000] {logging_mixin.py:137} INFO - [2024-01-05T14:06:14.784+0000] {dag.py:2690} INFO - Sync 1 DAGs
[2024-01-05T14:06:14.800+0000] {logging_mixin.py:137} INFO - [2024-01-05T14:06:14.800+0000] {dag.py:3441} INFO - Setting next_dagrun for example_task_group to 2024-01-04T14:06:14.799958+00:00, run_after=2024-01-05T14:06:14.799958+00:00
[2024-01-05T14:06:14.811+0000] {processor.py:175} INFO - Processing /home/airflow/.local/lib/python3.7/site-packages/airflow/example_dags/example_task_group.py took 0.066 seconds
[2024-01-05T14:06:45.449+0000] {processor.py:153} INFO - Started process (PID=5791) to work on /home/airflow/.local/lib/python3.7/site-packages/airflow/example_dags/example_task_group.py
[2024-01-05T14:06:45.450+0000] {processor.py:743} INFO - Processing file /home/airflow/.local/lib/python3.7/site-packages/airflow/example_dags/example_task_group.py for tasks to queue
[2024-01-05T14:06:45.451+0000] {logging_mixin.py:137} INFO - [2024-01-05T14:06:45.451+0000] {dagbag.py:538} INFO - Filling up the DagBag from /home/airflow/.local/lib/python3.7/site-packages/airflow/example_dags/example_task_group.py
[2024-01-05T14:06:45.463+0000] {processor.py:753} INFO - DAG(s) dict_keys(['example_task_group']) retrieved from /home/airflow/.local/lib/python3.7/site-packages/airflow/example_dags/example_task_group.py
[2024-01-05T14:06:45.483+0000] {logging_mixin.py:137} INFO - [2024-01-05T14:06:45.483+0000] {dag.py:2690} INFO - Sync 1 DAGs
[2024-01-05T14:06:45.500+0000] {logging_mixin.py:137} INFO - [2024-01-05T14:06:45.499+0000] {dag.py:3441} INFO - Setting next_dagrun for example_task_group to 2024-01-04T14:06:45.499781+00:00, run_after=2024-01-05T14:06:45.499781+00:00
[2024-01-05T14:06:45.511+0000] {processor.py:175} INFO - Processing /home/airflow/.local/lib/python3.7/site-packages/airflow/example_dags/example_task_group.py took 0.065 seconds
[2024-01-05T14:07:16.159+0000] {processor.py:153} INFO - Started process (PID=5854) to work on /home/airflow/.local/lib/python3.7/site-packages/airflow/example_dags/example_task_group.py
[2024-01-05T14:07:16.160+0000] {processor.py:743} INFO - Processing file /home/airflow/.local/lib/python3.7/site-packages/airflow/example_dags/example_task_group.py for tasks to queue
[2024-01-05T14:07:16.161+0000] {logging_mixin.py:137} INFO - [2024-01-05T14:07:16.161+0000] {dagbag.py:538} INFO - Filling up the DagBag from /home/airflow/.local/lib/python3.7/site-packages/airflow/example_dags/example_task_group.py
[2024-01-05T14:07:16.172+0000] {processor.py:753} INFO - DAG(s) dict_keys(['example_task_group']) retrieved from /home/airflow/.local/lib/python3.7/site-packages/airflow/example_dags/example_task_group.py
[2024-01-05T14:07:16.193+0000] {logging_mixin.py:137} INFO - [2024-01-05T14:07:16.192+0000] {dag.py:2690} INFO - Sync 1 DAGs
[2024-01-05T14:07:16.212+0000] {logging_mixin.py:137} INFO - [2024-01-05T14:07:16.212+0000] {dag.py:3441} INFO - Setting next_dagrun for example_task_group to 2024-01-04T14:07:16.212490+00:00, run_after=2024-01-05T14:07:16.212490+00:00
[2024-01-05T14:07:16.225+0000] {processor.py:175} INFO - Processing /home/airflow/.local/lib/python3.7/site-packages/airflow/example_dags/example_task_group.py took 0.070 seconds
[2024-01-05T14:07:46.828+0000] {processor.py:153} INFO - Started process (PID=5929) to work on /home/airflow/.local/lib/python3.7/site-packages/airflow/example_dags/example_task_group.py
[2024-01-05T14:07:46.829+0000] {processor.py:743} INFO - Processing file /home/airflow/.local/lib/python3.7/site-packages/airflow/example_dags/example_task_group.py for tasks to queue
[2024-01-05T14:07:46.831+0000] {logging_mixin.py:137} INFO - [2024-01-05T14:07:46.830+0000] {dagbag.py:538} INFO - Filling up the DagBag from /home/airflow/.local/lib/python3.7/site-packages/airflow/example_dags/example_task_group.py
[2024-01-05T14:07:46.843+0000] {processor.py:753} INFO - DAG(s) dict_keys(['example_task_group']) retrieved from /home/airflow/.local/lib/python3.7/site-packages/airflow/example_dags/example_task_group.py
[2024-01-05T14:07:46.863+0000] {logging_mixin.py:137} INFO - [2024-01-05T14:07:46.863+0000] {dag.py:2690} INFO - Sync 1 DAGs
[2024-01-05T14:07:46.879+0000] {logging_mixin.py:137} INFO - [2024-01-05T14:07:46.879+0000] {dag.py:3441} INFO - Setting next_dagrun for example_task_group to 2024-01-04T14:07:46.879018+00:00, run_after=2024-01-05T14:07:46.879018+00:00
[2024-01-05T14:07:46.891+0000] {processor.py:175} INFO - Processing /home/airflow/.local/lib/python3.7/site-packages/airflow/example_dags/example_task_group.py took 0.067 seconds
[2024-01-05T14:08:17.593+0000] {processor.py:153} INFO - Started process (PID=5992) to work on /home/airflow/.local/lib/python3.7/site-packages/airflow/example_dags/example_task_group.py
[2024-01-05T14:08:17.595+0000] {processor.py:743} INFO - Processing file /home/airflow/.local/lib/python3.7/site-packages/airflow/example_dags/example_task_group.py for tasks to queue
[2024-01-05T14:08:17.596+0000] {logging_mixin.py:137} INFO - [2024-01-05T14:08:17.596+0000] {dagbag.py:538} INFO - Filling up the DagBag from /home/airflow/.local/lib/python3.7/site-packages/airflow/example_dags/example_task_group.py
[2024-01-05T14:08:17.610+0000] {processor.py:753} INFO - DAG(s) dict_keys(['example_task_group']) retrieved from /home/airflow/.local/lib/python3.7/site-packages/airflow/example_dags/example_task_group.py
[2024-01-05T14:08:17.631+0000] {logging_mixin.py:137} INFO - [2024-01-05T14:08:17.631+0000] {dag.py:2690} INFO - Sync 1 DAGs
[2024-01-05T14:08:17.646+0000] {logging_mixin.py:137} INFO - [2024-01-05T14:08:17.646+0000] {dag.py:3441} INFO - Setting next_dagrun for example_task_group to 2024-01-04T14:08:17.646290+00:00, run_after=2024-01-05T14:08:17.646290+00:00
[2024-01-05T14:08:17.658+0000] {processor.py:175} INFO - Processing /home/airflow/.local/lib/python3.7/site-packages/airflow/example_dags/example_task_group.py took 0.068 seconds
[2024-01-05T14:08:47.800+0000] {processor.py:153} INFO - Started process (PID=6067) to work on /home/airflow/.local/lib/python3.7/site-packages/airflow/example_dags/example_task_group.py
[2024-01-05T14:08:47.801+0000] {processor.py:743} INFO - Processing file /home/airflow/.local/lib/python3.7/site-packages/airflow/example_dags/example_task_group.py for tasks to queue
[2024-01-05T14:08:47.802+0000] {logging_mixin.py:137} INFO - [2024-01-05T14:08:47.802+0000] {dagbag.py:538} INFO - Filling up the DagBag from /home/airflow/.local/lib/python3.7/site-packages/airflow/example_dags/example_task_group.py
[2024-01-05T14:08:47.815+0000] {processor.py:753} INFO - DAG(s) dict_keys(['example_task_group']) retrieved from /home/airflow/.local/lib/python3.7/site-packages/airflow/example_dags/example_task_group.py
[2024-01-05T14:08:47.844+0000] {logging_mixin.py:137} INFO - [2024-01-05T14:08:47.844+0000] {dag.py:2690} INFO - Sync 1 DAGs
[2024-01-05T14:08:47.862+0000] {logging_mixin.py:137} INFO - [2024-01-05T14:08:47.862+0000] {dag.py:3441} INFO - Setting next_dagrun for example_task_group to 2024-01-04T14:08:47.862283+00:00, run_after=2024-01-05T14:08:47.862283+00:00
[2024-01-05T14:08:47.883+0000] {processor.py:175} INFO - Processing /home/airflow/.local/lib/python3.7/site-packages/airflow/example_dags/example_task_group.py took 0.086 seconds
[2024-01-05T14:09:18.338+0000] {processor.py:153} INFO - Started process (PID=6140) to work on /home/airflow/.local/lib/python3.7/site-packages/airflow/example_dags/example_task_group.py
[2024-01-05T14:09:18.340+0000] {processor.py:743} INFO - Processing file /home/airflow/.local/lib/python3.7/site-packages/airflow/example_dags/example_task_group.py for tasks to queue
[2024-01-05T14:09:18.341+0000] {logging_mixin.py:137} INFO - [2024-01-05T14:09:18.341+0000] {dagbag.py:538} INFO - Filling up the DagBag from /home/airflow/.local/lib/python3.7/site-packages/airflow/example_dags/example_task_group.py
[2024-01-05T14:09:18.357+0000] {processor.py:753} INFO - DAG(s) dict_keys(['example_task_group']) retrieved from /home/airflow/.local/lib/python3.7/site-packages/airflow/example_dags/example_task_group.py
[2024-01-05T14:09:18.385+0000] {logging_mixin.py:137} INFO - [2024-01-05T14:09:18.385+0000] {dag.py:2690} INFO - Sync 1 DAGs
[2024-01-05T14:09:18.409+0000] {logging_mixin.py:137} INFO - [2024-01-05T14:09:18.409+0000] {dag.py:3441} INFO - Setting next_dagrun for example_task_group to 2024-01-04T14:09:18.409253+00:00, run_after=2024-01-05T14:09:18.409253+00:00
[2024-01-05T14:09:18.435+0000] {processor.py:175} INFO - Processing /home/airflow/.local/lib/python3.7/site-packages/airflow/example_dags/example_task_group.py took 0.101 seconds
[2024-01-05T14:09:48.747+0000] {processor.py:153} INFO - Started process (PID=6206) to work on /home/airflow/.local/lib/python3.7/site-packages/airflow/example_dags/example_task_group.py
[2024-01-05T14:09:48.749+0000] {processor.py:743} INFO - Processing file /home/airflow/.local/lib/python3.7/site-packages/airflow/example_dags/example_task_group.py for tasks to queue
[2024-01-05T14:09:48.750+0000] {logging_mixin.py:137} INFO - [2024-01-05T14:09:48.750+0000] {dagbag.py:538} INFO - Filling up the DagBag from /home/airflow/.local/lib/python3.7/site-packages/airflow/example_dags/example_task_group.py
[2024-01-05T14:09:48.767+0000] {processor.py:753} INFO - DAG(s) dict_keys(['example_task_group']) retrieved from /home/airflow/.local/lib/python3.7/site-packages/airflow/example_dags/example_task_group.py
[2024-01-05T14:09:48.796+0000] {logging_mixin.py:137} INFO - [2024-01-05T14:09:48.796+0000] {dag.py:2690} INFO - Sync 1 DAGs
[2024-01-05T14:09:48.820+0000] {logging_mixin.py:137} INFO - [2024-01-05T14:09:48.820+0000] {dag.py:3441} INFO - Setting next_dagrun for example_task_group to 2024-01-04T14:09:48.820182+00:00, run_after=2024-01-05T14:09:48.820182+00:00
[2024-01-05T14:09:48.835+0000] {processor.py:175} INFO - Processing /home/airflow/.local/lib/python3.7/site-packages/airflow/example_dags/example_task_group.py took 0.091 seconds
[2024-01-05T14:10:18.881+0000] {processor.py:153} INFO - Started process (PID=6268) to work on /home/airflow/.local/lib/python3.7/site-packages/airflow/example_dags/example_task_group.py
[2024-01-05T14:10:18.882+0000] {processor.py:743} INFO - Processing file /home/airflow/.local/lib/python3.7/site-packages/airflow/example_dags/example_task_group.py for tasks to queue
[2024-01-05T14:10:18.882+0000] {logging_mixin.py:137} INFO - [2024-01-05T14:10:18.882+0000] {dagbag.py:538} INFO - Filling up the DagBag from /home/airflow/.local/lib/python3.7/site-packages/airflow/example_dags/example_task_group.py
[2024-01-05T14:10:18.893+0000] {processor.py:753} INFO - DAG(s) dict_keys(['example_task_group']) retrieved from /home/airflow/.local/lib/python3.7/site-packages/airflow/example_dags/example_task_group.py
[2024-01-05T14:10:18.915+0000] {logging_mixin.py:137} INFO - [2024-01-05T14:10:18.915+0000] {dag.py:2690} INFO - Sync 1 DAGs
[2024-01-05T14:10:18.931+0000] {logging_mixin.py:137} INFO - [2024-01-05T14:10:18.931+0000] {dag.py:3441} INFO - Setting next_dagrun for example_task_group to 2024-01-04T14:10:18.931156+00:00, run_after=2024-01-05T14:10:18.931156+00:00
[2024-01-05T14:10:18.943+0000] {processor.py:175} INFO - Processing /home/airflow/.local/lib/python3.7/site-packages/airflow/example_dags/example_task_group.py took 0.066 seconds
[2024-01-05T14:10:49.452+0000] {processor.py:153} INFO - Started process (PID=6341) to work on /home/airflow/.local/lib/python3.7/site-packages/airflow/example_dags/example_task_group.py
[2024-01-05T14:10:49.453+0000] {processor.py:743} INFO - Processing file /home/airflow/.local/lib/python3.7/site-packages/airflow/example_dags/example_task_group.py for tasks to queue
[2024-01-05T14:10:49.454+0000] {logging_mixin.py:137} INFO - [2024-01-05T14:10:49.454+0000] {dagbag.py:538} INFO - Filling up the DagBag from /home/airflow/.local/lib/python3.7/site-packages/airflow/example_dags/example_task_group.py
[2024-01-05T14:10:49.465+0000] {processor.py:753} INFO - DAG(s) dict_keys(['example_task_group']) retrieved from /home/airflow/.local/lib/python3.7/site-packages/airflow/example_dags/example_task_group.py
[2024-01-05T14:10:49.485+0000] {logging_mixin.py:137} INFO - [2024-01-05T14:10:49.485+0000] {dag.py:2690} INFO - Sync 1 DAGs
[2024-01-05T14:10:49.502+0000] {logging_mixin.py:137} INFO - [2024-01-05T14:10:49.502+0000] {dag.py:3441} INFO - Setting next_dagrun for example_task_group to 2024-01-04T14:10:49.502427+00:00, run_after=2024-01-05T14:10:49.502427+00:00
[2024-01-05T14:10:49.514+0000] {processor.py:175} INFO - Processing /home/airflow/.local/lib/python3.7/site-packages/airflow/example_dags/example_task_group.py took 0.066 seconds
[2024-01-05T14:11:21.791+0000] {processor.py:153} INFO - Started process (PID=6413) to work on /home/airflow/.local/lib/python3.7/site-packages/airflow/example_dags/example_task_group.py
[2024-01-05T14:11:21.798+0000] {processor.py:743} INFO - Processing file /home/airflow/.local/lib/python3.7/site-packages/airflow/example_dags/example_task_group.py for tasks to queue
[2024-01-05T14:11:21.803+0000] {logging_mixin.py:137} INFO - [2024-01-05T14:11:21.802+0000] {dagbag.py:538} INFO - Filling up the DagBag from /home/airflow/.local/lib/python3.7/site-packages/airflow/example_dags/example_task_group.py
[2024-01-05T14:11:21.832+0000] {processor.py:753} INFO - DAG(s) dict_keys(['example_task_group']) retrieved from /home/airflow/.local/lib/python3.7/site-packages/airflow/example_dags/example_task_group.py
[2024-01-05T14:11:22.014+0000] {logging_mixin.py:137} INFO - [2024-01-05T14:11:22.013+0000] {dag.py:2690} INFO - Sync 1 DAGs
[2024-01-05T14:11:22.077+0000] {logging_mixin.py:137} INFO - [2024-01-05T14:11:22.077+0000] {dag.py:3441} INFO - Setting next_dagrun for example_task_group to 2024-01-04T14:11:22.076066+00:00, run_after=2024-01-05T14:11:22.076066+00:00
[2024-01-05T14:11:22.114+0000] {processor.py:175} INFO - Processing /home/airflow/.local/lib/python3.7/site-packages/airflow/example_dags/example_task_group.py took 0.342 seconds
[2024-01-05T14:11:52.764+0000] {processor.py:153} INFO - Started process (PID=6478) to work on /home/airflow/.local/lib/python3.7/site-packages/airflow/example_dags/example_task_group.py
[2024-01-05T14:11:52.765+0000] {processor.py:743} INFO - Processing file /home/airflow/.local/lib/python3.7/site-packages/airflow/example_dags/example_task_group.py for tasks to queue
[2024-01-05T14:11:52.766+0000] {logging_mixin.py:137} INFO - [2024-01-05T14:11:52.766+0000] {dagbag.py:538} INFO - Filling up the DagBag from /home/airflow/.local/lib/python3.7/site-packages/airflow/example_dags/example_task_group.py
[2024-01-05T14:11:52.779+0000] {processor.py:753} INFO - DAG(s) dict_keys(['example_task_group']) retrieved from /home/airflow/.local/lib/python3.7/site-packages/airflow/example_dags/example_task_group.py
[2024-01-05T14:11:52.799+0000] {logging_mixin.py:137} INFO - [2024-01-05T14:11:52.798+0000] {dag.py:2690} INFO - Sync 1 DAGs
[2024-01-05T14:11:52.815+0000] {logging_mixin.py:137} INFO - [2024-01-05T14:11:52.815+0000] {dag.py:3441} INFO - Setting next_dagrun for example_task_group to 2024-01-04T14:11:52.814880+00:00, run_after=2024-01-05T14:11:52.814880+00:00
[2024-01-05T14:11:52.825+0000] {processor.py:175} INFO - Processing /home/airflow/.local/lib/python3.7/site-packages/airflow/example_dags/example_task_group.py took 0.065 seconds
[2024-01-05T14:12:23.774+0000] {processor.py:153} INFO - Started process (PID=6554) to work on /home/airflow/.local/lib/python3.7/site-packages/airflow/example_dags/example_task_group.py
[2024-01-05T14:12:23.776+0000] {processor.py:743} INFO - Processing file /home/airflow/.local/lib/python3.7/site-packages/airflow/example_dags/example_task_group.py for tasks to queue
[2024-01-05T14:12:23.776+0000] {logging_mixin.py:137} INFO - [2024-01-05T14:12:23.776+0000] {dagbag.py:538} INFO - Filling up the DagBag from /home/airflow/.local/lib/python3.7/site-packages/airflow/example_dags/example_task_group.py
[2024-01-05T14:12:23.788+0000] {processor.py:753} INFO - DAG(s) dict_keys(['example_task_group']) retrieved from /home/airflow/.local/lib/python3.7/site-packages/airflow/example_dags/example_task_group.py
[2024-01-05T14:12:23.808+0000] {logging_mixin.py:137} INFO - [2024-01-05T14:12:23.808+0000] {dag.py:2690} INFO - Sync 1 DAGs
[2024-01-05T14:12:23.824+0000] {logging_mixin.py:137} INFO - [2024-01-05T14:12:23.824+0000] {dag.py:3441} INFO - Setting next_dagrun for example_task_group to 2024-01-04T14:12:23.824431+00:00, run_after=2024-01-05T14:12:23.824431+00:00
[2024-01-05T14:12:23.836+0000] {processor.py:175} INFO - Processing /home/airflow/.local/lib/python3.7/site-packages/airflow/example_dags/example_task_group.py took 0.064 seconds
[2024-01-05T14:12:54.313+0000] {processor.py:153} INFO - Started process (PID=6617) to work on /home/airflow/.local/lib/python3.7/site-packages/airflow/example_dags/example_task_group.py
[2024-01-05T14:12:54.314+0000] {processor.py:743} INFO - Processing file /home/airflow/.local/lib/python3.7/site-packages/airflow/example_dags/example_task_group.py for tasks to queue
[2024-01-05T14:12:54.315+0000] {logging_mixin.py:137} INFO - [2024-01-05T14:12:54.315+0000] {dagbag.py:538} INFO - Filling up the DagBag from /home/airflow/.local/lib/python3.7/site-packages/airflow/example_dags/example_task_group.py
[2024-01-05T14:12:54.328+0000] {processor.py:753} INFO - DAG(s) dict_keys(['example_task_group']) retrieved from /home/airflow/.local/lib/python3.7/site-packages/airflow/example_dags/example_task_group.py
[2024-01-05T14:12:54.348+0000] {logging_mixin.py:137} INFO - [2024-01-05T14:12:54.348+0000] {dag.py:2690} INFO - Sync 1 DAGs
[2024-01-05T14:12:54.364+0000] {logging_mixin.py:137} INFO - [2024-01-05T14:12:54.364+0000] {dag.py:3441} INFO - Setting next_dagrun for example_task_group to 2024-01-04T14:12:54.364509+00:00, run_after=2024-01-05T14:12:54.364509+00:00
[2024-01-05T14:12:54.375+0000] {processor.py:175} INFO - Processing /home/airflow/.local/lib/python3.7/site-packages/airflow/example_dags/example_task_group.py took 0.065 seconds
[2024-01-05T14:13:25.075+0000] {processor.py:153} INFO - Started process (PID=6691) to work on /home/airflow/.local/lib/python3.7/site-packages/airflow/example_dags/example_task_group.py
[2024-01-05T14:13:25.077+0000] {processor.py:743} INFO - Processing file /home/airflow/.local/lib/python3.7/site-packages/airflow/example_dags/example_task_group.py for tasks to queue
[2024-01-05T14:13:25.078+0000] {logging_mixin.py:137} INFO - [2024-01-05T14:13:25.077+0000] {dagbag.py:538} INFO - Filling up the DagBag from /home/airflow/.local/lib/python3.7/site-packages/airflow/example_dags/example_task_group.py
[2024-01-05T14:13:25.091+0000] {processor.py:753} INFO - DAG(s) dict_keys(['example_task_group']) retrieved from /home/airflow/.local/lib/python3.7/site-packages/airflow/example_dags/example_task_group.py
[2024-01-05T14:13:25.112+0000] {logging_mixin.py:137} INFO - [2024-01-05T14:13:25.112+0000] {dag.py:2690} INFO - Sync 1 DAGs
[2024-01-05T14:13:25.128+0000] {logging_mixin.py:137} INFO - [2024-01-05T14:13:25.128+0000] {dag.py:3441} INFO - Setting next_dagrun for example_task_group to 2024-01-04T14:13:25.128632+00:00, run_after=2024-01-05T14:13:25.128632+00:00
[2024-01-05T14:13:25.140+0000] {processor.py:175} INFO - Processing /home/airflow/.local/lib/python3.7/site-packages/airflow/example_dags/example_task_group.py took 0.067 seconds
[2024-01-05T14:13:56.064+0000] {processor.py:153} INFO - Started process (PID=6764) to work on /home/airflow/.local/lib/python3.7/site-packages/airflow/example_dags/example_task_group.py
[2024-01-05T14:13:56.066+0000] {processor.py:743} INFO - Processing file /home/airflow/.local/lib/python3.7/site-packages/airflow/example_dags/example_task_group.py for tasks to queue
[2024-01-05T14:13:56.067+0000] {logging_mixin.py:137} INFO - [2024-01-05T14:13:56.067+0000] {dagbag.py:538} INFO - Filling up the DagBag from /home/airflow/.local/lib/python3.7/site-packages/airflow/example_dags/example_task_group.py
[2024-01-05T14:13:56.083+0000] {processor.py:753} INFO - DAG(s) dict_keys(['example_task_group']) retrieved from /home/airflow/.local/lib/python3.7/site-packages/airflow/example_dags/example_task_group.py
[2024-01-05T14:13:56.106+0000] {logging_mixin.py:137} INFO - [2024-01-05T14:13:56.105+0000] {dag.py:2690} INFO - Sync 1 DAGs
[2024-01-05T14:13:56.125+0000] {logging_mixin.py:137} INFO - [2024-01-05T14:13:56.125+0000] {dag.py:3441} INFO - Setting next_dagrun for example_task_group to 2024-01-04T14:13:56.125135+00:00, run_after=2024-01-05T14:13:56.125135+00:00
[2024-01-05T14:13:56.139+0000] {processor.py:175} INFO - Processing /home/airflow/.local/lib/python3.7/site-packages/airflow/example_dags/example_task_group.py took 0.078 seconds
[2024-01-05T14:14:27.082+0000] {processor.py:153} INFO - Started process (PID=6830) to work on /home/airflow/.local/lib/python3.7/site-packages/airflow/example_dags/example_task_group.py
[2024-01-05T14:14:27.083+0000] {processor.py:743} INFO - Processing file /home/airflow/.local/lib/python3.7/site-packages/airflow/example_dags/example_task_group.py for tasks to queue
[2024-01-05T14:14:27.084+0000] {logging_mixin.py:137} INFO - [2024-01-05T14:14:27.084+0000] {dagbag.py:538} INFO - Filling up the DagBag from /home/airflow/.local/lib/python3.7/site-packages/airflow/example_dags/example_task_group.py
[2024-01-05T14:14:27.098+0000] {processor.py:753} INFO - DAG(s) dict_keys(['example_task_group']) retrieved from /home/airflow/.local/lib/python3.7/site-packages/airflow/example_dags/example_task_group.py
[2024-01-05T14:14:27.120+0000] {logging_mixin.py:137} INFO - [2024-01-05T14:14:27.119+0000] {dag.py:2690} INFO - Sync 1 DAGs
[2024-01-05T14:14:27.139+0000] {logging_mixin.py:137} INFO - [2024-01-05T14:14:27.138+0000] {dag.py:3441} INFO - Setting next_dagrun for example_task_group to 2024-01-04T14:14:27.138671+00:00, run_after=2024-01-05T14:14:27.138671+00:00
[2024-01-05T14:14:27.151+0000] {processor.py:175} INFO - Processing /home/airflow/.local/lib/python3.7/site-packages/airflow/example_dags/example_task_group.py took 0.072 seconds
[2024-01-05T14:14:58.071+0000] {processor.py:153} INFO - Started process (PID=6905) to work on /home/airflow/.local/lib/python3.7/site-packages/airflow/example_dags/example_task_group.py
[2024-01-05T14:14:58.072+0000] {processor.py:743} INFO - Processing file /home/airflow/.local/lib/python3.7/site-packages/airflow/example_dags/example_task_group.py for tasks to queue
[2024-01-05T14:14:58.073+0000] {logging_mixin.py:137} INFO - [2024-01-05T14:14:58.073+0000] {dagbag.py:538} INFO - Filling up the DagBag from /home/airflow/.local/lib/python3.7/site-packages/airflow/example_dags/example_task_group.py
[2024-01-05T14:14:58.085+0000] {processor.py:753} INFO - DAG(s) dict_keys(['example_task_group']) retrieved from /home/airflow/.local/lib/python3.7/site-packages/airflow/example_dags/example_task_group.py
[2024-01-05T14:14:58.105+0000] {logging_mixin.py:137} INFO - [2024-01-05T14:14:58.105+0000] {dag.py:2690} INFO - Sync 1 DAGs
[2024-01-05T14:14:58.121+0000] {logging_mixin.py:137} INFO - [2024-01-05T14:14:58.121+0000] {dag.py:3441} INFO - Setting next_dagrun for example_task_group to 2024-01-04T14:14:58.120928+00:00, run_after=2024-01-05T14:14:58.120928+00:00
[2024-01-05T14:14:58.131+0000] {processor.py:175} INFO - Processing /home/airflow/.local/lib/python3.7/site-packages/airflow/example_dags/example_task_group.py took 0.063 seconds
[2024-01-05T14:15:29.363+0000] {processor.py:153} INFO - Started process (PID=6968) to work on /home/airflow/.local/lib/python3.7/site-packages/airflow/example_dags/example_task_group.py
[2024-01-05T14:15:29.378+0000] {processor.py:743} INFO - Processing file /home/airflow/.local/lib/python3.7/site-packages/airflow/example_dags/example_task_group.py for tasks to queue
[2024-01-05T14:15:29.387+0000] {logging_mixin.py:137} INFO - [2024-01-05T14:15:29.385+0000] {dagbag.py:538} INFO - Filling up the DagBag from /home/airflow/.local/lib/python3.7/site-packages/airflow/example_dags/example_task_group.py
[2024-01-05T14:15:29.476+0000] {processor.py:753} INFO - DAG(s) dict_keys(['example_task_group']) retrieved from /home/airflow/.local/lib/python3.7/site-packages/airflow/example_dags/example_task_group.py
[2024-01-05T14:15:29.526+0000] {logging_mixin.py:137} INFO - [2024-01-05T14:15:29.526+0000] {dag.py:2690} INFO - Sync 1 DAGs
[2024-01-05T14:15:29.572+0000] {logging_mixin.py:137} INFO - [2024-01-05T14:15:29.572+0000] {dag.py:3441} INFO - Setting next_dagrun for example_task_group to 2024-01-04T14:15:29.571835+00:00, run_after=2024-01-05T14:15:29.571835+00:00
[2024-01-05T14:15:29.591+0000] {processor.py:175} INFO - Processing /home/airflow/.local/lib/python3.7/site-packages/airflow/example_dags/example_task_group.py took 0.249 seconds
[2024-01-05T14:16:00.430+0000] {processor.py:153} INFO - Started process (PID=7043) to work on /home/airflow/.local/lib/python3.7/site-packages/airflow/example_dags/example_task_group.py
[2024-01-05T14:16:00.433+0000] {processor.py:743} INFO - Processing file /home/airflow/.local/lib/python3.7/site-packages/airflow/example_dags/example_task_group.py for tasks to queue
[2024-01-05T14:16:00.435+0000] {logging_mixin.py:137} INFO - [2024-01-05T14:16:00.435+0000] {dagbag.py:538} INFO - Filling up the DagBag from /home/airflow/.local/lib/python3.7/site-packages/airflow/example_dags/example_task_group.py
[2024-01-05T14:16:00.455+0000] {processor.py:753} INFO - DAG(s) dict_keys(['example_task_group']) retrieved from /home/airflow/.local/lib/python3.7/site-packages/airflow/example_dags/example_task_group.py
[2024-01-05T14:16:00.480+0000] {logging_mixin.py:137} INFO - [2024-01-05T14:16:00.480+0000] {dag.py:2690} INFO - Sync 1 DAGs
[2024-01-05T14:16:00.497+0000] {logging_mixin.py:137} INFO - [2024-01-05T14:16:00.497+0000] {dag.py:3441} INFO - Setting next_dagrun for example_task_group to 2024-01-04T14:16:00.497636+00:00, run_after=2024-01-05T14:16:00.497636+00:00
[2024-01-05T14:16:00.510+0000] {processor.py:175} INFO - Processing /home/airflow/.local/lib/python3.7/site-packages/airflow/example_dags/example_task_group.py took 0.087 seconds
[2024-01-05T14:16:31.212+0000] {processor.py:153} INFO - Started process (PID=7106) to work on /home/airflow/.local/lib/python3.7/site-packages/airflow/example_dags/example_task_group.py
[2024-01-05T14:16:31.215+0000] {processor.py:743} INFO - Processing file /home/airflow/.local/lib/python3.7/site-packages/airflow/example_dags/example_task_group.py for tasks to queue
[2024-01-05T14:16:31.216+0000] {logging_mixin.py:137} INFO - [2024-01-05T14:16:31.216+0000] {dagbag.py:538} INFO - Filling up the DagBag from /home/airflow/.local/lib/python3.7/site-packages/airflow/example_dags/example_task_group.py
[2024-01-05T14:16:31.232+0000] {processor.py:753} INFO - DAG(s) dict_keys(['example_task_group']) retrieved from /home/airflow/.local/lib/python3.7/site-packages/airflow/example_dags/example_task_group.py
[2024-01-05T14:16:31.261+0000] {logging_mixin.py:137} INFO - [2024-01-05T14:16:31.261+0000] {dag.py:2690} INFO - Sync 1 DAGs
[2024-01-05T14:16:31.279+0000] {logging_mixin.py:137} INFO - [2024-01-05T14:16:31.279+0000] {dag.py:3441} INFO - Setting next_dagrun for example_task_group to 2024-01-04T14:16:31.278884+00:00, run_after=2024-01-05T14:16:31.278884+00:00
[2024-01-05T14:16:31.293+0000] {processor.py:175} INFO - Processing /home/airflow/.local/lib/python3.7/site-packages/airflow/example_dags/example_task_group.py took 0.086 seconds
[2024-01-05T14:17:01.709+0000] {processor.py:153} INFO - Started process (PID=7181) to work on /home/airflow/.local/lib/python3.7/site-packages/airflow/example_dags/example_task_group.py
[2024-01-05T14:17:01.711+0000] {processor.py:743} INFO - Processing file /home/airflow/.local/lib/python3.7/site-packages/airflow/example_dags/example_task_group.py for tasks to queue
[2024-01-05T14:17:01.712+0000] {logging_mixin.py:137} INFO - [2024-01-05T14:17:01.712+0000] {dagbag.py:538} INFO - Filling up the DagBag from /home/airflow/.local/lib/python3.7/site-packages/airflow/example_dags/example_task_group.py
[2024-01-05T14:17:01.728+0000] {processor.py:753} INFO - DAG(s) dict_keys(['example_task_group']) retrieved from /home/airflow/.local/lib/python3.7/site-packages/airflow/example_dags/example_task_group.py
[2024-01-05T14:17:01.751+0000] {logging_mixin.py:137} INFO - [2024-01-05T14:17:01.751+0000] {dag.py:2690} INFO - Sync 1 DAGs
[2024-01-05T14:17:01.769+0000] {logging_mixin.py:137} INFO - [2024-01-05T14:17:01.769+0000] {dag.py:3441} INFO - Setting next_dagrun for example_task_group to 2024-01-04T14:17:01.769472+00:00, run_after=2024-01-05T14:17:01.769472+00:00
[2024-01-05T14:17:01.782+0000] {processor.py:175} INFO - Processing /home/airflow/.local/lib/python3.7/site-packages/airflow/example_dags/example_task_group.py took 0.077 seconds
[2024-01-05T14:17:31.830+0000] {processor.py:153} INFO - Started process (PID=7244) to work on /home/airflow/.local/lib/python3.7/site-packages/airflow/example_dags/example_task_group.py
[2024-01-05T14:17:31.831+0000] {processor.py:743} INFO - Processing file /home/airflow/.local/lib/python3.7/site-packages/airflow/example_dags/example_task_group.py for tasks to queue
[2024-01-05T14:17:31.832+0000] {logging_mixin.py:137} INFO - [2024-01-05T14:17:31.832+0000] {dagbag.py:538} INFO - Filling up the DagBag from /home/airflow/.local/lib/python3.7/site-packages/airflow/example_dags/example_task_group.py
[2024-01-05T14:17:31.844+0000] {processor.py:753} INFO - DAG(s) dict_keys(['example_task_group']) retrieved from /home/airflow/.local/lib/python3.7/site-packages/airflow/example_dags/example_task_group.py
[2024-01-05T14:17:31.864+0000] {logging_mixin.py:137} INFO - [2024-01-05T14:17:31.864+0000] {dag.py:2690} INFO - Sync 1 DAGs
[2024-01-05T14:17:31.880+0000] {logging_mixin.py:137} INFO - [2024-01-05T14:17:31.880+0000] {dag.py:3441} INFO - Setting next_dagrun for example_task_group to 2024-01-04T14:17:31.880460+00:00, run_after=2024-01-05T14:17:31.880460+00:00
[2024-01-05T14:17:31.892+0000] {processor.py:175} INFO - Processing /home/airflow/.local/lib/python3.7/site-packages/airflow/example_dags/example_task_group.py took 0.065 seconds
[2024-01-05T14:18:02.174+0000] {processor.py:153} INFO - Started process (PID=7319) to work on /home/airflow/.local/lib/python3.7/site-packages/airflow/example_dags/example_task_group.py
[2024-01-05T14:18:02.175+0000] {processor.py:743} INFO - Processing file /home/airflow/.local/lib/python3.7/site-packages/airflow/example_dags/example_task_group.py for tasks to queue
[2024-01-05T14:18:02.176+0000] {logging_mixin.py:137} INFO - [2024-01-05T14:18:02.176+0000] {dagbag.py:538} INFO - Filling up the DagBag from /home/airflow/.local/lib/python3.7/site-packages/airflow/example_dags/example_task_group.py
[2024-01-05T14:18:02.189+0000] {processor.py:753} INFO - DAG(s) dict_keys(['example_task_group']) retrieved from /home/airflow/.local/lib/python3.7/site-packages/airflow/example_dags/example_task_group.py
[2024-01-05T14:18:02.211+0000] {logging_mixin.py:137} INFO - [2024-01-05T14:18:02.211+0000] {dag.py:2690} INFO - Sync 1 DAGs
[2024-01-05T14:18:02.229+0000] {logging_mixin.py:137} INFO - [2024-01-05T14:18:02.228+0000] {dag.py:3441} INFO - Setting next_dagrun for example_task_group to 2024-01-04T14:18:02.228690+00:00, run_after=2024-01-05T14:18:02.228690+00:00
[2024-01-05T14:18:02.239+0000] {processor.py:175} INFO - Processing /home/airflow/.local/lib/python3.7/site-packages/airflow/example_dags/example_task_group.py took 0.068 seconds
[2024-01-05T14:18:33.222+0000] {processor.py:153} INFO - Started process (PID=7381) to work on /home/airflow/.local/lib/python3.7/site-packages/airflow/example_dags/example_task_group.py
[2024-01-05T14:18:33.223+0000] {processor.py:743} INFO - Processing file /home/airflow/.local/lib/python3.7/site-packages/airflow/example_dags/example_task_group.py for tasks to queue
[2024-01-05T14:18:33.224+0000] {logging_mixin.py:137} INFO - [2024-01-05T14:18:33.224+0000] {dagbag.py:538} INFO - Filling up the DagBag from /home/airflow/.local/lib/python3.7/site-packages/airflow/example_dags/example_task_group.py
[2024-01-05T14:18:33.236+0000] {processor.py:753} INFO - DAG(s) dict_keys(['example_task_group']) retrieved from /home/airflow/.local/lib/python3.7/site-packages/airflow/example_dags/example_task_group.py
[2024-01-05T14:18:33.256+0000] {logging_mixin.py:137} INFO - [2024-01-05T14:18:33.256+0000] {dag.py:2690} INFO - Sync 1 DAGs
[2024-01-05T14:18:33.272+0000] {logging_mixin.py:137} INFO - [2024-01-05T14:18:33.272+0000] {dag.py:3441} INFO - Setting next_dagrun for example_task_group to 2024-01-04T14:18:33.271840+00:00, run_after=2024-01-05T14:18:33.271840+00:00
[2024-01-05T14:18:33.283+0000] {processor.py:175} INFO - Processing /home/airflow/.local/lib/python3.7/site-packages/airflow/example_dags/example_task_group.py took 0.063 seconds
[2024-01-05T14:19:03.776+0000] {processor.py:153} INFO - Started process (PID=7456) to work on /home/airflow/.local/lib/python3.7/site-packages/airflow/example_dags/example_task_group.py
[2024-01-05T14:19:03.778+0000] {processor.py:743} INFO - Processing file /home/airflow/.local/lib/python3.7/site-packages/airflow/example_dags/example_task_group.py for tasks to queue
[2024-01-05T14:19:03.779+0000] {logging_mixin.py:137} INFO - [2024-01-05T14:19:03.779+0000] {dagbag.py:538} INFO - Filling up the DagBag from /home/airflow/.local/lib/python3.7/site-packages/airflow/example_dags/example_task_group.py
[2024-01-05T14:19:03.793+0000] {processor.py:753} INFO - DAG(s) dict_keys(['example_task_group']) retrieved from /home/airflow/.local/lib/python3.7/site-packages/airflow/example_dags/example_task_group.py
[2024-01-05T14:19:03.815+0000] {logging_mixin.py:137} INFO - [2024-01-05T14:19:03.815+0000] {dag.py:2690} INFO - Sync 1 DAGs
[2024-01-05T14:19:03.830+0000] {logging_mixin.py:137} INFO - [2024-01-05T14:19:03.830+0000] {dag.py:3441} INFO - Setting next_dagrun for example_task_group to 2024-01-04T14:19:03.830275+00:00, run_after=2024-01-05T14:19:03.830275+00:00
[2024-01-05T14:19:03.841+0000] {processor.py:175} INFO - Processing /home/airflow/.local/lib/python3.7/site-packages/airflow/example_dags/example_task_group.py took 0.068 seconds
[2024-01-05T14:19:34.053+0000] {processor.py:153} INFO - Started process (PID=7531) to work on /home/airflow/.local/lib/python3.7/site-packages/airflow/example_dags/example_task_group.py
[2024-01-05T14:19:34.057+0000] {processor.py:743} INFO - Processing file /home/airflow/.local/lib/python3.7/site-packages/airflow/example_dags/example_task_group.py for tasks to queue
[2024-01-05T14:19:34.060+0000] {logging_mixin.py:137} INFO - [2024-01-05T14:19:34.059+0000] {dagbag.py:538} INFO - Filling up the DagBag from /home/airflow/.local/lib/python3.7/site-packages/airflow/example_dags/example_task_group.py
[2024-01-05T14:19:34.076+0000] {processor.py:753} INFO - DAG(s) dict_keys(['example_task_group']) retrieved from /home/airflow/.local/lib/python3.7/site-packages/airflow/example_dags/example_task_group.py
[2024-01-05T14:19:34.101+0000] {logging_mixin.py:137} INFO - [2024-01-05T14:19:34.100+0000] {dag.py:2690} INFO - Sync 1 DAGs
[2024-01-05T14:19:34.121+0000] {logging_mixin.py:137} INFO - [2024-01-05T14:19:34.121+0000] {dag.py:3441} INFO - Setting next_dagrun for example_task_group to 2024-01-04T14:19:34.121278+00:00, run_after=2024-01-05T14:19:34.121278+00:00
[2024-01-05T14:19:34.149+0000] {processor.py:175} INFO - Processing /home/airflow/.local/lib/python3.7/site-packages/airflow/example_dags/example_task_group.py took 0.102 seconds
[2024-01-05T14:20:05.064+0000] {processor.py:153} INFO - Started process (PID=7593) to work on /home/airflow/.local/lib/python3.7/site-packages/airflow/example_dags/example_task_group.py
[2024-01-05T14:20:05.065+0000] {processor.py:743} INFO - Processing file /home/airflow/.local/lib/python3.7/site-packages/airflow/example_dags/example_task_group.py for tasks to queue
[2024-01-05T14:20:05.066+0000] {logging_mixin.py:137} INFO - [2024-01-05T14:20:05.066+0000] {dagbag.py:538} INFO - Filling up the DagBag from /home/airflow/.local/lib/python3.7/site-packages/airflow/example_dags/example_task_group.py
[2024-01-05T14:20:05.080+0000] {processor.py:753} INFO - DAG(s) dict_keys(['example_task_group']) retrieved from /home/airflow/.local/lib/python3.7/site-packages/airflow/example_dags/example_task_group.py
[2024-01-05T14:20:05.102+0000] {logging_mixin.py:137} INFO - [2024-01-05T14:20:05.101+0000] {dag.py:2690} INFO - Sync 1 DAGs
[2024-01-05T14:20:05.120+0000] {logging_mixin.py:137} INFO - [2024-01-05T14:20:05.120+0000] {dag.py:3441} INFO - Setting next_dagrun for example_task_group to 2024-01-04T14:20:05.120048+00:00, run_after=2024-01-05T14:20:05.120048+00:00
[2024-01-05T14:20:05.133+0000] {processor.py:175} INFO - Processing /home/airflow/.local/lib/python3.7/site-packages/airflow/example_dags/example_task_group.py took 0.072 seconds
[2024-01-05T14:20:36.062+0000] {processor.py:153} INFO - Started process (PID=7668) to work on /home/airflow/.local/lib/python3.7/site-packages/airflow/example_dags/example_task_group.py
[2024-01-05T14:20:36.063+0000] {processor.py:743} INFO - Processing file /home/airflow/.local/lib/python3.7/site-packages/airflow/example_dags/example_task_group.py for tasks to queue
[2024-01-05T14:20:36.064+0000] {logging_mixin.py:137} INFO - [2024-01-05T14:20:36.064+0000] {dagbag.py:538} INFO - Filling up the DagBag from /home/airflow/.local/lib/python3.7/site-packages/airflow/example_dags/example_task_group.py
[2024-01-05T14:20:36.076+0000] {processor.py:753} INFO - DAG(s) dict_keys(['example_task_group']) retrieved from /home/airflow/.local/lib/python3.7/site-packages/airflow/example_dags/example_task_group.py
[2024-01-05T14:20:36.097+0000] {logging_mixin.py:137} INFO - [2024-01-05T14:20:36.097+0000] {dag.py:2690} INFO - Sync 1 DAGs
[2024-01-05T14:20:36.113+0000] {logging_mixin.py:137} INFO - [2024-01-05T14:20:36.113+0000] {dag.py:3441} INFO - Setting next_dagrun for example_task_group to 2024-01-04T14:20:36.113082+00:00, run_after=2024-01-05T14:20:36.113082+00:00
[2024-01-05T14:20:36.125+0000] {processor.py:175} INFO - Processing /home/airflow/.local/lib/python3.7/site-packages/airflow/example_dags/example_task_group.py took 0.066 seconds
[2024-01-05T14:21:06.857+0000] {processor.py:153} INFO - Started process (PID=7731) to work on /home/airflow/.local/lib/python3.7/site-packages/airflow/example_dags/example_task_group.py
[2024-01-05T14:21:06.858+0000] {processor.py:743} INFO - Processing file /home/airflow/.local/lib/python3.7/site-packages/airflow/example_dags/example_task_group.py for tasks to queue
[2024-01-05T14:21:06.859+0000] {logging_mixin.py:137} INFO - [2024-01-05T14:21:06.859+0000] {dagbag.py:538} INFO - Filling up the DagBag from /home/airflow/.local/lib/python3.7/site-packages/airflow/example_dags/example_task_group.py
[2024-01-05T14:21:06.892+0000] {processor.py:753} INFO - DAG(s) dict_keys(['example_task_group']) retrieved from /home/airflow/.local/lib/python3.7/site-packages/airflow/example_dags/example_task_group.py
[2024-01-05T14:21:06.926+0000] {logging_mixin.py:137} INFO - [2024-01-05T14:21:06.925+0000] {dag.py:2690} INFO - Sync 1 DAGs
[2024-01-05T14:21:06.943+0000] {logging_mixin.py:137} INFO - [2024-01-05T14:21:06.943+0000] {dag.py:3441} INFO - Setting next_dagrun for example_task_group to 2024-01-04T14:21:06.943375+00:00, run_after=2024-01-05T14:21:06.943375+00:00
[2024-01-05T14:21:06.954+0000] {processor.py:175} INFO - Processing /home/airflow/.local/lib/python3.7/site-packages/airflow/example_dags/example_task_group.py took 0.101 seconds
[2024-01-05T14:21:37.579+0000] {processor.py:153} INFO - Started process (PID=7807) to work on /home/airflow/.local/lib/python3.7/site-packages/airflow/example_dags/example_task_group.py
[2024-01-05T14:21:37.580+0000] {processor.py:743} INFO - Processing file /home/airflow/.local/lib/python3.7/site-packages/airflow/example_dags/example_task_group.py for tasks to queue
[2024-01-05T14:21:37.581+0000] {logging_mixin.py:137} INFO - [2024-01-05T14:21:37.581+0000] {dagbag.py:538} INFO - Filling up the DagBag from /home/airflow/.local/lib/python3.7/site-packages/airflow/example_dags/example_task_group.py
[2024-01-05T14:21:37.593+0000] {processor.py:753} INFO - DAG(s) dict_keys(['example_task_group']) retrieved from /home/airflow/.local/lib/python3.7/site-packages/airflow/example_dags/example_task_group.py
[2024-01-05T14:21:37.614+0000] {logging_mixin.py:137} INFO - [2024-01-05T14:21:37.614+0000] {dag.py:2690} INFO - Sync 1 DAGs
[2024-01-05T14:21:37.634+0000] {logging_mixin.py:137} INFO - [2024-01-05T14:21:37.633+0000] {dag.py:3441} INFO - Setting next_dagrun for example_task_group to 2024-01-04T14:21:37.633699+00:00, run_after=2024-01-05T14:21:37.633699+00:00
[2024-01-05T14:21:37.650+0000] {processor.py:175} INFO - Processing /home/airflow/.local/lib/python3.7/site-packages/airflow/example_dags/example_task_group.py took 0.074 seconds
[2024-01-05T14:22:07.975+0000] {processor.py:153} INFO - Started process (PID=7879) to work on /home/airflow/.local/lib/python3.7/site-packages/airflow/example_dags/example_task_group.py
[2024-01-05T14:22:07.977+0000] {processor.py:743} INFO - Processing file /home/airflow/.local/lib/python3.7/site-packages/airflow/example_dags/example_task_group.py for tasks to queue
[2024-01-05T14:22:07.979+0000] {logging_mixin.py:137} INFO - [2024-01-05T14:22:07.979+0000] {dagbag.py:538} INFO - Filling up the DagBag from /home/airflow/.local/lib/python3.7/site-packages/airflow/example_dags/example_task_group.py
[2024-01-05T14:22:07.995+0000] {processor.py:753} INFO - DAG(s) dict_keys(['example_task_group']) retrieved from /home/airflow/.local/lib/python3.7/site-packages/airflow/example_dags/example_task_group.py
[2024-01-05T14:22:08.025+0000] {logging_mixin.py:137} INFO - [2024-01-05T14:22:08.025+0000] {dag.py:2690} INFO - Sync 1 DAGs
[2024-01-05T14:22:08.047+0000] {logging_mixin.py:137} INFO - [2024-01-05T14:22:08.047+0000] {dag.py:3441} INFO - Setting next_dagrun for example_task_group to 2024-01-04T14:22:08.047520+00:00, run_after=2024-01-05T14:22:08.047520+00:00
[2024-01-05T14:22:08.069+0000] {processor.py:175} INFO - Processing /home/airflow/.local/lib/python3.7/site-packages/airflow/example_dags/example_task_group.py took 0.100 seconds
[2024-01-05T14:22:38.415+0000] {processor.py:153} INFO - Started process (PID=7946) to work on /home/airflow/.local/lib/python3.7/site-packages/airflow/example_dags/example_task_group.py
[2024-01-05T14:22:38.416+0000] {processor.py:743} INFO - Processing file /home/airflow/.local/lib/python3.7/site-packages/airflow/example_dags/example_task_group.py for tasks to queue
[2024-01-05T14:22:38.417+0000] {logging_mixin.py:137} INFO - [2024-01-05T14:22:38.417+0000] {dagbag.py:538} INFO - Filling up the DagBag from /home/airflow/.local/lib/python3.7/site-packages/airflow/example_dags/example_task_group.py
[2024-01-05T14:22:38.434+0000] {processor.py:753} INFO - DAG(s) dict_keys(['example_task_group']) retrieved from /home/airflow/.local/lib/python3.7/site-packages/airflow/example_dags/example_task_group.py
[2024-01-05T14:22:38.457+0000] {logging_mixin.py:137} INFO - [2024-01-05T14:22:38.457+0000] {dag.py:2690} INFO - Sync 1 DAGs
[2024-01-05T14:22:38.473+0000] {logging_mixin.py:137} INFO - [2024-01-05T14:22:38.473+0000] {dag.py:3441} INFO - Setting next_dagrun for example_task_group to 2024-01-04T14:22:38.473099+00:00, run_after=2024-01-05T14:22:38.473099+00:00
[2024-01-05T14:22:38.484+0000] {processor.py:175} INFO - Processing /home/airflow/.local/lib/python3.7/site-packages/airflow/example_dags/example_task_group.py took 0.071 seconds
[2024-01-05T14:23:09.430+0000] {processor.py:153} INFO - Started process (PID=8022) to work on /home/airflow/.local/lib/python3.7/site-packages/airflow/example_dags/example_task_group.py
[2024-01-05T14:23:09.437+0000] {processor.py:743} INFO - Processing file /home/airflow/.local/lib/python3.7/site-packages/airflow/example_dags/example_task_group.py for tasks to queue
[2024-01-05T14:23:09.439+0000] {logging_mixin.py:137} INFO - [2024-01-05T14:23:09.439+0000] {dagbag.py:538} INFO - Filling up the DagBag from /home/airflow/.local/lib/python3.7/site-packages/airflow/example_dags/example_task_group.py
[2024-01-05T14:23:09.465+0000] {processor.py:753} INFO - DAG(s) dict_keys(['example_task_group']) retrieved from /home/airflow/.local/lib/python3.7/site-packages/airflow/example_dags/example_task_group.py
[2024-01-05T14:23:09.499+0000] {logging_mixin.py:137} INFO - [2024-01-05T14:23:09.498+0000] {dag.py:2690} INFO - Sync 1 DAGs
[2024-01-05T14:23:09.569+0000] {logging_mixin.py:137} INFO - [2024-01-05T14:23:09.569+0000] {dag.py:3441} INFO - Setting next_dagrun for example_task_group to 2024-01-04T14:23:09.569222+00:00, run_after=2024-01-05T14:23:09.569222+00:00
[2024-01-05T14:23:09.590+0000] {processor.py:175} INFO - Processing /home/airflow/.local/lib/python3.7/site-packages/airflow/example_dags/example_task_group.py took 0.163 seconds
[2024-01-05T14:23:39.667+0000] {processor.py:153} INFO - Started process (PID=8084) to work on /home/airflow/.local/lib/python3.7/site-packages/airflow/example_dags/example_task_group.py
[2024-01-05T14:23:39.669+0000] {processor.py:743} INFO - Processing file /home/airflow/.local/lib/python3.7/site-packages/airflow/example_dags/example_task_group.py for tasks to queue
[2024-01-05T14:23:39.669+0000] {logging_mixin.py:137} INFO - [2024-01-05T14:23:39.669+0000] {dagbag.py:538} INFO - Filling up the DagBag from /home/airflow/.local/lib/python3.7/site-packages/airflow/example_dags/example_task_group.py
[2024-01-05T14:23:39.688+0000] {processor.py:753} INFO - DAG(s) dict_keys(['example_task_group']) retrieved from /home/airflow/.local/lib/python3.7/site-packages/airflow/example_dags/example_task_group.py
[2024-01-05T14:23:39.727+0000] {logging_mixin.py:137} INFO - [2024-01-05T14:23:39.726+0000] {dag.py:2690} INFO - Sync 1 DAGs
[2024-01-05T14:23:39.749+0000] {logging_mixin.py:137} INFO - [2024-01-05T14:23:39.749+0000] {dag.py:3441} INFO - Setting next_dagrun for example_task_group to 2024-01-04T14:23:39.749184+00:00, run_after=2024-01-05T14:23:39.749184+00:00
[2024-01-05T14:23:39.766+0000] {processor.py:175} INFO - Processing /home/airflow/.local/lib/python3.7/site-packages/airflow/example_dags/example_task_group.py took 0.102 seconds
[2024-01-05T14:24:10.507+0000] {processor.py:153} INFO - Started process (PID=8159) to work on /home/airflow/.local/lib/python3.7/site-packages/airflow/example_dags/example_task_group.py
[2024-01-05T14:24:10.508+0000] {processor.py:743} INFO - Processing file /home/airflow/.local/lib/python3.7/site-packages/airflow/example_dags/example_task_group.py for tasks to queue
[2024-01-05T14:24:10.509+0000] {logging_mixin.py:137} INFO - [2024-01-05T14:24:10.509+0000] {dagbag.py:538} INFO - Filling up the DagBag from /home/airflow/.local/lib/python3.7/site-packages/airflow/example_dags/example_task_group.py
[2024-01-05T14:24:10.521+0000] {processor.py:753} INFO - DAG(s) dict_keys(['example_task_group']) retrieved from /home/airflow/.local/lib/python3.7/site-packages/airflow/example_dags/example_task_group.py
[2024-01-05T14:24:10.540+0000] {logging_mixin.py:137} INFO - [2024-01-05T14:24:10.539+0000] {dag.py:2690} INFO - Sync 1 DAGs
[2024-01-05T14:24:10.555+0000] {logging_mixin.py:137} INFO - [2024-01-05T14:24:10.555+0000] {dag.py:3441} INFO - Setting next_dagrun for example_task_group to 2024-01-04T14:24:10.555371+00:00, run_after=2024-01-05T14:24:10.555371+00:00
[2024-01-05T14:24:10.568+0000] {processor.py:175} INFO - Processing /home/airflow/.local/lib/python3.7/site-packages/airflow/example_dags/example_task_group.py took 0.063 seconds
[2024-01-05T14:24:41.220+0000] {processor.py:153} INFO - Started process (PID=8223) to work on /home/airflow/.local/lib/python3.7/site-packages/airflow/example_dags/example_task_group.py
[2024-01-05T14:24:41.224+0000] {processor.py:743} INFO - Processing file /home/airflow/.local/lib/python3.7/site-packages/airflow/example_dags/example_task_group.py for tasks to queue
[2024-01-05T14:24:41.225+0000] {logging_mixin.py:137} INFO - [2024-01-05T14:24:41.225+0000] {dagbag.py:538} INFO - Filling up the DagBag from /home/airflow/.local/lib/python3.7/site-packages/airflow/example_dags/example_task_group.py
[2024-01-05T14:24:41.238+0000] {processor.py:753} INFO - DAG(s) dict_keys(['example_task_group']) retrieved from /home/airflow/.local/lib/python3.7/site-packages/airflow/example_dags/example_task_group.py
[2024-01-05T14:24:41.257+0000] {logging_mixin.py:137} INFO - [2024-01-05T14:24:41.257+0000] {dag.py:2690} INFO - Sync 1 DAGs
[2024-01-05T14:24:41.272+0000] {logging_mixin.py:137} INFO - [2024-01-05T14:24:41.272+0000] {dag.py:3441} INFO - Setting next_dagrun for example_task_group to 2024-01-04T14:24:41.272165+00:00, run_after=2024-01-05T14:24:41.272165+00:00
[2024-01-05T14:24:41.282+0000] {processor.py:175} INFO - Processing /home/airflow/.local/lib/python3.7/site-packages/airflow/example_dags/example_task_group.py took 0.065 seconds
[2024-01-05T14:25:11.506+0000] {processor.py:153} INFO - Started process (PID=8299) to work on /home/airflow/.local/lib/python3.7/site-packages/airflow/example_dags/example_task_group.py
[2024-01-05T14:25:11.508+0000] {processor.py:743} INFO - Processing file /home/airflow/.local/lib/python3.7/site-packages/airflow/example_dags/example_task_group.py for tasks to queue
[2024-01-05T14:25:11.509+0000] {logging_mixin.py:137} INFO - [2024-01-05T14:25:11.509+0000] {dagbag.py:538} INFO - Filling up the DagBag from /home/airflow/.local/lib/python3.7/site-packages/airflow/example_dags/example_task_group.py
[2024-01-05T14:25:11.521+0000] {processor.py:753} INFO - DAG(s) dict_keys(['example_task_group']) retrieved from /home/airflow/.local/lib/python3.7/site-packages/airflow/example_dags/example_task_group.py
[2024-01-05T14:25:11.540+0000] {logging_mixin.py:137} INFO - [2024-01-05T14:25:11.540+0000] {dag.py:2690} INFO - Sync 1 DAGs
[2024-01-05T14:25:11.557+0000] {logging_mixin.py:137} INFO - [2024-01-05T14:25:11.557+0000] {dag.py:3441} INFO - Setting next_dagrun for example_task_group to 2024-01-04T14:25:11.557097+00:00, run_after=2024-01-05T14:25:11.557097+00:00
[2024-01-05T14:25:11.567+0000] {processor.py:175} INFO - Processing /home/airflow/.local/lib/python3.7/site-packages/airflow/example_dags/example_task_group.py took 0.066 seconds
[2024-01-05T14:25:42.444+0000] {processor.py:153} INFO - Started process (PID=8362) to work on /home/airflow/.local/lib/python3.7/site-packages/airflow/example_dags/example_task_group.py
[2024-01-05T14:25:42.446+0000] {processor.py:743} INFO - Processing file /home/airflow/.local/lib/python3.7/site-packages/airflow/example_dags/example_task_group.py for tasks to queue
[2024-01-05T14:25:42.447+0000] {logging_mixin.py:137} INFO - [2024-01-05T14:25:42.447+0000] {dagbag.py:538} INFO - Filling up the DagBag from /home/airflow/.local/lib/python3.7/site-packages/airflow/example_dags/example_task_group.py
[2024-01-05T14:25:42.462+0000] {processor.py:753} INFO - DAG(s) dict_keys(['example_task_group']) retrieved from /home/airflow/.local/lib/python3.7/site-packages/airflow/example_dags/example_task_group.py
[2024-01-05T14:25:42.483+0000] {logging_mixin.py:137} INFO - [2024-01-05T14:25:42.483+0000] {dag.py:2690} INFO - Sync 1 DAGs
[2024-01-05T14:25:42.501+0000] {logging_mixin.py:137} INFO - [2024-01-05T14:25:42.501+0000] {dag.py:3441} INFO - Setting next_dagrun for example_task_group to 2024-01-04T14:25:42.500890+00:00, run_after=2024-01-05T14:25:42.500890+00:00
[2024-01-05T14:25:42.512+0000] {processor.py:175} INFO - Processing /home/airflow/.local/lib/python3.7/site-packages/airflow/example_dags/example_task_group.py took 0.072 seconds
[2024-01-05T14:26:12.936+0000] {processor.py:153} INFO - Started process (PID=8437) to work on /home/airflow/.local/lib/python3.7/site-packages/airflow/example_dags/example_task_group.py
[2024-01-05T14:26:12.939+0000] {processor.py:743} INFO - Processing file /home/airflow/.local/lib/python3.7/site-packages/airflow/example_dags/example_task_group.py for tasks to queue
[2024-01-05T14:26:12.940+0000] {logging_mixin.py:137} INFO - [2024-01-05T14:26:12.940+0000] {dagbag.py:538} INFO - Filling up the DagBag from /home/airflow/.local/lib/python3.7/site-packages/airflow/example_dags/example_task_group.py
[2024-01-05T14:26:12.953+0000] {processor.py:753} INFO - DAG(s) dict_keys(['example_task_group']) retrieved from /home/airflow/.local/lib/python3.7/site-packages/airflow/example_dags/example_task_group.py
[2024-01-05T14:26:12.975+0000] {logging_mixin.py:137} INFO - [2024-01-05T14:26:12.975+0000] {dag.py:2690} INFO - Sync 1 DAGs
[2024-01-05T14:26:12.994+0000] {logging_mixin.py:137} INFO - [2024-01-05T14:26:12.994+0000] {dag.py:3441} INFO - Setting next_dagrun for example_task_group to 2024-01-04T14:26:12.994008+00:00, run_after=2024-01-05T14:26:12.994008+00:00
[2024-01-05T14:26:13.006+0000] {processor.py:175} INFO - Processing /home/airflow/.local/lib/python3.7/site-packages/airflow/example_dags/example_task_group.py took 0.075 seconds
[2024-01-05T14:26:43.191+0000] {processor.py:153} INFO - Started process (PID=8500) to work on /home/airflow/.local/lib/python3.7/site-packages/airflow/example_dags/example_task_group.py
[2024-01-05T14:26:43.193+0000] {processor.py:743} INFO - Processing file /home/airflow/.local/lib/python3.7/site-packages/airflow/example_dags/example_task_group.py for tasks to queue
[2024-01-05T14:26:43.195+0000] {logging_mixin.py:137} INFO - [2024-01-05T14:26:43.195+0000] {dagbag.py:538} INFO - Filling up the DagBag from /home/airflow/.local/lib/python3.7/site-packages/airflow/example_dags/example_task_group.py
[2024-01-05T14:26:43.210+0000] {processor.py:753} INFO - DAG(s) dict_keys(['example_task_group']) retrieved from /home/airflow/.local/lib/python3.7/site-packages/airflow/example_dags/example_task_group.py
[2024-01-05T14:26:43.232+0000] {logging_mixin.py:137} INFO - [2024-01-05T14:26:43.232+0000] {dag.py:2690} INFO - Sync 1 DAGs
[2024-01-05T14:26:43.250+0000] {logging_mixin.py:137} INFO - [2024-01-05T14:26:43.250+0000] {dag.py:3441} INFO - Setting next_dagrun for example_task_group to 2024-01-04T14:26:43.249944+00:00, run_after=2024-01-05T14:26:43.249944+00:00
[2024-01-05T14:26:43.261+0000] {processor.py:175} INFO - Processing /home/airflow/.local/lib/python3.7/site-packages/airflow/example_dags/example_task_group.py took 0.073 seconds
