[2024-01-05T01:20:56.626+0000] {processor.py:153} INFO - Started process (PID=4342) to work on /home/airflow/.local/lib/python3.7/site-packages/airflow/example_dags/example_task_group_decorator.py
[2024-01-05T01:20:56.629+0000] {processor.py:743} INFO - Processing file /home/airflow/.local/lib/python3.7/site-packages/airflow/example_dags/example_task_group_decorator.py for tasks to queue
[2024-01-05T01:20:56.641+0000] {logging_mixin.py:137} INFO - [2024-01-05T01:20:56.641+0000] {dagbag.py:538} INFO - Filling up the DagBag from /home/airflow/.local/lib/python3.7/site-packages/airflow/example_dags/example_task_group_decorator.py
[2024-01-05T01:20:56.691+0000] {processor.py:753} INFO - DAG(s) dict_keys(['example_task_group_decorator']) retrieved from /home/airflow/.local/lib/python3.7/site-packages/airflow/example_dags/example_task_group_decorator.py
[2024-01-05T01:20:56.720+0000] {logging_mixin.py:137} INFO - [2024-01-05T01:20:56.720+0000] {dag.py:2690} INFO - Sync 1 DAGs
[2024-01-05T01:20:56.749+0000] {logging_mixin.py:137} INFO - [2024-01-05T01:20:56.749+0000] {dag.py:3441} INFO - Setting next_dagrun for example_task_group_decorator to 2024-01-04T01:20:56.747471+00:00, run_after=2024-01-05T01:20:56.747471+00:00
[2024-01-05T01:20:56.799+0000] {processor.py:175} INFO - Processing /home/airflow/.local/lib/python3.7/site-packages/airflow/example_dags/example_task_group_decorator.py took 0.184 seconds
[2024-01-05T02:31:18.486+0000] {processor.py:153} INFO - Started process (PID=4405) to work on /home/airflow/.local/lib/python3.7/site-packages/airflow/example_dags/example_task_group_decorator.py
[2024-01-05T02:31:18.488+0000] {processor.py:743} INFO - Processing file /home/airflow/.local/lib/python3.7/site-packages/airflow/example_dags/example_task_group_decorator.py for tasks to queue
[2024-01-05T02:31:18.489+0000] {logging_mixin.py:137} INFO - [2024-01-05T02:31:18.488+0000] {dagbag.py:538} INFO - Filling up the DagBag from /home/airflow/.local/lib/python3.7/site-packages/airflow/example_dags/example_task_group_decorator.py
[2024-01-05T02:31:18.506+0000] {processor.py:753} INFO - DAG(s) dict_keys(['example_task_group_decorator']) retrieved from /home/airflow/.local/lib/python3.7/site-packages/airflow/example_dags/example_task_group_decorator.py
[2024-01-05T02:31:18.527+0000] {logging_mixin.py:137} INFO - [2024-01-05T02:31:18.527+0000] {dag.py:2690} INFO - Sync 1 DAGs
[2024-01-05T02:31:18.544+0000] {logging_mixin.py:137} INFO - [2024-01-05T02:31:18.544+0000] {dag.py:3441} INFO - Setting next_dagrun for example_task_group_decorator to 2024-01-04T02:31:18.543866+00:00, run_after=2024-01-05T02:31:18.543866+00:00
[2024-01-05T02:31:18.556+0000] {processor.py:175} INFO - Processing /home/airflow/.local/lib/python3.7/site-packages/airflow/example_dags/example_task_group_decorator.py took 0.074 seconds
[2024-01-05T03:42:27.498+0000] {processor.py:153} INFO - Started process (PID=4468) to work on /home/airflow/.local/lib/python3.7/site-packages/airflow/example_dags/example_task_group_decorator.py
[2024-01-05T03:42:27.500+0000] {processor.py:743} INFO - Processing file /home/airflow/.local/lib/python3.7/site-packages/airflow/example_dags/example_task_group_decorator.py for tasks to queue
[2024-01-05T03:42:27.501+0000] {logging_mixin.py:137} INFO - [2024-01-05T03:42:27.501+0000] {dagbag.py:538} INFO - Filling up the DagBag from /home/airflow/.local/lib/python3.7/site-packages/airflow/example_dags/example_task_group_decorator.py
[2024-01-05T03:42:27.522+0000] {processor.py:753} INFO - DAG(s) dict_keys(['example_task_group_decorator']) retrieved from /home/airflow/.local/lib/python3.7/site-packages/airflow/example_dags/example_task_group_decorator.py
[2024-01-05T03:42:27.544+0000] {logging_mixin.py:137} INFO - [2024-01-05T03:42:27.543+0000] {dag.py:2690} INFO - Sync 1 DAGs
[2024-01-05T03:42:27.578+0000] {logging_mixin.py:137} INFO - [2024-01-05T03:42:27.578+0000] {dag.py:3441} INFO - Setting next_dagrun for example_task_group_decorator to 2024-01-04T03:42:27.578472+00:00, run_after=2024-01-05T03:42:27.578472+00:00
[2024-01-05T03:42:27.595+0000] {processor.py:175} INFO - Processing /home/airflow/.local/lib/python3.7/site-packages/airflow/example_dags/example_task_group_decorator.py took 0.100 seconds
[2024-01-05T05:03:27.408+0000] {processor.py:153} INFO - Started process (PID=4543) to work on /home/airflow/.local/lib/python3.7/site-packages/airflow/example_dags/example_task_group_decorator.py
[2024-01-05T05:03:27.415+0000] {processor.py:743} INFO - Processing file /home/airflow/.local/lib/python3.7/site-packages/airflow/example_dags/example_task_group_decorator.py for tasks to queue
[2024-01-05T05:03:27.426+0000] {logging_mixin.py:137} INFO - [2024-01-05T05:03:27.425+0000] {dagbag.py:538} INFO - Filling up the DagBag from /home/airflow/.local/lib/python3.7/site-packages/airflow/example_dags/example_task_group_decorator.py
[2024-01-05T05:03:27.451+0000] {processor.py:753} INFO - DAG(s) dict_keys(['example_task_group_decorator']) retrieved from /home/airflow/.local/lib/python3.7/site-packages/airflow/example_dags/example_task_group_decorator.py
[2024-01-05T05:03:27.554+0000] {logging_mixin.py:137} INFO - [2024-01-05T05:03:27.554+0000] {dag.py:2690} INFO - Sync 1 DAGs
[2024-01-05T05:03:27.636+0000] {logging_mixin.py:137} INFO - [2024-01-05T05:03:27.635+0000] {dag.py:3441} INFO - Setting next_dagrun for example_task_group_decorator to 2024-01-04T05:03:27.635470+00:00, run_after=2024-01-05T05:03:27.635470+00:00
[2024-01-05T05:03:27.663+0000] {processor.py:175} INFO - Processing /home/airflow/.local/lib/python3.7/site-packages/airflow/example_dags/example_task_group_decorator.py took 0.257 seconds
[2024-01-05T06:28:03.251+0000] {processor.py:153} INFO - Started process (PID=4605) to work on /home/airflow/.local/lib/python3.7/site-packages/airflow/example_dags/example_task_group_decorator.py
[2024-01-05T06:28:03.253+0000] {processor.py:743} INFO - Processing file /home/airflow/.local/lib/python3.7/site-packages/airflow/example_dags/example_task_group_decorator.py for tasks to queue
[2024-01-05T06:28:03.254+0000] {logging_mixin.py:137} INFO - [2024-01-05T06:28:03.254+0000] {dagbag.py:538} INFO - Filling up the DagBag from /home/airflow/.local/lib/python3.7/site-packages/airflow/example_dags/example_task_group_decorator.py
[2024-01-05T06:28:03.274+0000] {processor.py:753} INFO - DAG(s) dict_keys(['example_task_group_decorator']) retrieved from /home/airflow/.local/lib/python3.7/site-packages/airflow/example_dags/example_task_group_decorator.py
[2024-01-05T06:28:03.296+0000] {logging_mixin.py:137} INFO - [2024-01-05T06:28:03.296+0000] {dag.py:2690} INFO - Sync 1 DAGs
[2024-01-05T06:28:03.313+0000] {logging_mixin.py:137} INFO - [2024-01-05T06:28:03.313+0000] {dag.py:3441} INFO - Setting next_dagrun for example_task_group_decorator to 2024-01-04T06:28:03.313552+00:00, run_after=2024-01-05T06:28:03.313552+00:00
[2024-01-05T06:28:03.325+0000] {processor.py:175} INFO - Processing /home/airflow/.local/lib/python3.7/site-packages/airflow/example_dags/example_task_group_decorator.py took 0.077 seconds
[2024-01-05T07:47:05.690+0000] {processor.py:153} INFO - Started process (PID=4675) to work on /home/airflow/.local/lib/python3.7/site-packages/airflow/example_dags/example_task_group_decorator.py
[2024-01-05T07:47:05.694+0000] {processor.py:743} INFO - Processing file /home/airflow/.local/lib/python3.7/site-packages/airflow/example_dags/example_task_group_decorator.py for tasks to queue
[2024-01-05T07:47:05.696+0000] {logging_mixin.py:137} INFO - [2024-01-05T07:47:05.696+0000] {dagbag.py:538} INFO - Filling up the DagBag from /home/airflow/.local/lib/python3.7/site-packages/airflow/example_dags/example_task_group_decorator.py
[2024-01-05T07:47:05.747+0000] {processor.py:753} INFO - DAG(s) dict_keys(['example_task_group_decorator']) retrieved from /home/airflow/.local/lib/python3.7/site-packages/airflow/example_dags/example_task_group_decorator.py
[2024-01-05T07:47:05.796+0000] {logging_mixin.py:137} INFO - [2024-01-05T07:47:05.796+0000] {dag.py:2690} INFO - Sync 1 DAGs
[2024-01-05T07:47:05.820+0000] {logging_mixin.py:137} INFO - [2024-01-05T07:47:05.819+0000] {dag.py:3441} INFO - Setting next_dagrun for example_task_group_decorator to 2024-01-04T07:47:05.819530+00:00, run_after=2024-01-05T07:47:05.819530+00:00
[2024-01-05T07:47:05.838+0000] {processor.py:175} INFO - Processing /home/airflow/.local/lib/python3.7/site-packages/airflow/example_dags/example_task_group_decorator.py took 0.164 seconds
[2024-01-05T09:24:47.908+0000] {processor.py:153} INFO - Started process (PID=4742) to work on /home/airflow/.local/lib/python3.7/site-packages/airflow/example_dags/example_task_group_decorator.py
[2024-01-05T09:24:47.909+0000] {processor.py:743} INFO - Processing file /home/airflow/.local/lib/python3.7/site-packages/airflow/example_dags/example_task_group_decorator.py for tasks to queue
[2024-01-05T09:24:47.910+0000] {logging_mixin.py:137} INFO - [2024-01-05T09:24:47.910+0000] {dagbag.py:538} INFO - Filling up the DagBag from /home/airflow/.local/lib/python3.7/site-packages/airflow/example_dags/example_task_group_decorator.py
[2024-01-05T09:24:47.930+0000] {processor.py:753} INFO - DAG(s) dict_keys(['example_task_group_decorator']) retrieved from /home/airflow/.local/lib/python3.7/site-packages/airflow/example_dags/example_task_group_decorator.py
[2024-01-05T09:24:47.951+0000] {logging_mixin.py:137} INFO - [2024-01-05T09:24:47.951+0000] {dag.py:2690} INFO - Sync 1 DAGs
[2024-01-05T09:24:47.968+0000] {logging_mixin.py:137} INFO - [2024-01-05T09:24:47.968+0000] {dag.py:3441} INFO - Setting next_dagrun for example_task_group_decorator to 2024-01-04T09:24:47.967788+00:00, run_after=2024-01-05T09:24:47.967788+00:00
[2024-01-05T09:24:47.978+0000] {processor.py:175} INFO - Processing /home/airflow/.local/lib/python3.7/site-packages/airflow/example_dags/example_task_group_decorator.py took 0.074 seconds
[2024-01-05T10:32:48.213+0000] {processor.py:153} INFO - Started process (PID=4805) to work on /home/airflow/.local/lib/python3.7/site-packages/airflow/example_dags/example_task_group_decorator.py
[2024-01-05T10:32:48.214+0000] {processor.py:743} INFO - Processing file /home/airflow/.local/lib/python3.7/site-packages/airflow/example_dags/example_task_group_decorator.py for tasks to queue
[2024-01-05T10:32:48.215+0000] {logging_mixin.py:137} INFO - [2024-01-05T10:32:48.215+0000] {dagbag.py:538} INFO - Filling up the DagBag from /home/airflow/.local/lib/python3.7/site-packages/airflow/example_dags/example_task_group_decorator.py
[2024-01-05T10:32:48.233+0000] {processor.py:753} INFO - DAG(s) dict_keys(['example_task_group_decorator']) retrieved from /home/airflow/.local/lib/python3.7/site-packages/airflow/example_dags/example_task_group_decorator.py
[2024-01-05T10:32:48.255+0000] {logging_mixin.py:137} INFO - [2024-01-05T10:32:48.255+0000] {dag.py:2690} INFO - Sync 1 DAGs
[2024-01-05T10:32:48.271+0000] {logging_mixin.py:137} INFO - [2024-01-05T10:32:48.271+0000] {dag.py:3441} INFO - Setting next_dagrun for example_task_group_decorator to 2024-01-04T10:32:48.270894+00:00, run_after=2024-01-05T10:32:48.270894+00:00
[2024-01-05T10:32:48.282+0000] {processor.py:175} INFO - Processing /home/airflow/.local/lib/python3.7/site-packages/airflow/example_dags/example_task_group_decorator.py took 0.072 seconds
[2024-01-05T11:33:47.265+0000] {processor.py:153} INFO - Started process (PID=4880) to work on /home/airflow/.local/lib/python3.7/site-packages/airflow/example_dags/example_task_group_decorator.py
[2024-01-05T11:33:47.267+0000] {processor.py:743} INFO - Processing file /home/airflow/.local/lib/python3.7/site-packages/airflow/example_dags/example_task_group_decorator.py for tasks to queue
[2024-01-05T11:33:47.267+0000] {logging_mixin.py:137} INFO - [2024-01-05T11:33:47.267+0000] {dagbag.py:538} INFO - Filling up the DagBag from /home/airflow/.local/lib/python3.7/site-packages/airflow/example_dags/example_task_group_decorator.py
[2024-01-05T11:33:47.287+0000] {processor.py:753} INFO - DAG(s) dict_keys(['example_task_group_decorator']) retrieved from /home/airflow/.local/lib/python3.7/site-packages/airflow/example_dags/example_task_group_decorator.py
[2024-01-05T11:33:47.308+0000] {logging_mixin.py:137} INFO - [2024-01-05T11:33:47.308+0000] {dag.py:2690} INFO - Sync 1 DAGs
[2024-01-05T11:33:47.325+0000] {logging_mixin.py:137} INFO - [2024-01-05T11:33:47.325+0000] {dag.py:3441} INFO - Setting next_dagrun for example_task_group_decorator to 2024-01-04T11:33:47.325125+00:00, run_after=2024-01-05T11:33:47.325125+00:00
[2024-01-05T11:33:47.336+0000] {processor.py:175} INFO - Processing /home/airflow/.local/lib/python3.7/site-packages/airflow/example_dags/example_task_group_decorator.py took 0.073 seconds
[2024-01-05T12:52:18.871+0000] {processor.py:153} INFO - Started process (PID=4943) to work on /home/airflow/.local/lib/python3.7/site-packages/airflow/example_dags/example_task_group_decorator.py
[2024-01-05T12:52:18.876+0000] {processor.py:743} INFO - Processing file /home/airflow/.local/lib/python3.7/site-packages/airflow/example_dags/example_task_group_decorator.py for tasks to queue
[2024-01-05T12:52:18.878+0000] {logging_mixin.py:137} INFO - [2024-01-05T12:52:18.878+0000] {dagbag.py:538} INFO - Filling up the DagBag from /home/airflow/.local/lib/python3.7/site-packages/airflow/example_dags/example_task_group_decorator.py
[2024-01-05T12:52:18.912+0000] {processor.py:753} INFO - DAG(s) dict_keys(['example_task_group_decorator']) retrieved from /home/airflow/.local/lib/python3.7/site-packages/airflow/example_dags/example_task_group_decorator.py
[2024-01-05T12:52:18.969+0000] {logging_mixin.py:137} INFO - [2024-01-05T12:52:18.968+0000] {dag.py:2690} INFO - Sync 1 DAGs
[2024-01-05T12:52:18.995+0000] {logging_mixin.py:137} INFO - [2024-01-05T12:52:18.995+0000] {dag.py:3441} INFO - Setting next_dagrun for example_task_group_decorator to 2024-01-04T12:52:18.995132+00:00, run_after=2024-01-05T12:52:18.995132+00:00
[2024-01-05T12:52:19.011+0000] {processor.py:175} INFO - Processing /home/airflow/.local/lib/python3.7/site-packages/airflow/example_dags/example_task_group_decorator.py took 0.149 seconds
[2024-01-05T14:01:06.334+0000] {processor.py:153} INFO - Started process (PID=5017) to work on /home/airflow/.local/lib/python3.7/site-packages/airflow/example_dags/example_task_group_decorator.py
[2024-01-05T14:01:06.339+0000] {processor.py:743} INFO - Processing file /home/airflow/.local/lib/python3.7/site-packages/airflow/example_dags/example_task_group_decorator.py for tasks to queue
[2024-01-05T14:01:06.341+0000] {logging_mixin.py:137} INFO - [2024-01-05T14:01:06.341+0000] {dagbag.py:538} INFO - Filling up the DagBag from /home/airflow/.local/lib/python3.7/site-packages/airflow/example_dags/example_task_group_decorator.py
[2024-01-05T14:01:06.381+0000] {processor.py:753} INFO - DAG(s) dict_keys(['example_task_group_decorator']) retrieved from /home/airflow/.local/lib/python3.7/site-packages/airflow/example_dags/example_task_group_decorator.py
[2024-01-05T14:01:06.459+0000] {logging_mixin.py:137} INFO - [2024-01-05T14:01:06.459+0000] {dag.py:2690} INFO - Sync 1 DAGs
[2024-01-05T14:01:06.483+0000] {logging_mixin.py:137} INFO - [2024-01-05T14:01:06.483+0000] {dag.py:3441} INFO - Setting next_dagrun for example_task_group_decorator to 2024-01-04T14:01:06.483181+00:00, run_after=2024-01-05T14:01:06.483181+00:00
[2024-01-05T14:01:06.497+0000] {processor.py:175} INFO - Processing /home/airflow/.local/lib/python3.7/site-packages/airflow/example_dags/example_task_group_decorator.py took 0.176 seconds
[2024-01-05T14:01:36.803+0000] {processor.py:153} INFO - Started process (PID=5081) to work on /home/airflow/.local/lib/python3.7/site-packages/airflow/example_dags/example_task_group_decorator.py
[2024-01-05T14:01:36.807+0000] {processor.py:743} INFO - Processing file /home/airflow/.local/lib/python3.7/site-packages/airflow/example_dags/example_task_group_decorator.py for tasks to queue
[2024-01-05T14:01:36.808+0000] {logging_mixin.py:137} INFO - [2024-01-05T14:01:36.808+0000] {dagbag.py:538} INFO - Filling up the DagBag from /home/airflow/.local/lib/python3.7/site-packages/airflow/example_dags/example_task_group_decorator.py
[2024-01-05T14:01:36.833+0000] {processor.py:753} INFO - DAG(s) dict_keys(['example_task_group_decorator']) retrieved from /home/airflow/.local/lib/python3.7/site-packages/airflow/example_dags/example_task_group_decorator.py
[2024-01-05T14:01:36.858+0000] {logging_mixin.py:137} INFO - [2024-01-05T14:01:36.858+0000] {dag.py:2690} INFO - Sync 1 DAGs
[2024-01-05T14:01:36.876+0000] {logging_mixin.py:137} INFO - [2024-01-05T14:01:36.876+0000] {dag.py:3441} INFO - Setting next_dagrun for example_task_group_decorator to 2024-01-04T14:01:36.876454+00:00, run_after=2024-01-05T14:01:36.876454+00:00
[2024-01-05T14:01:36.889+0000] {processor.py:175} INFO - Processing /home/airflow/.local/lib/python3.7/site-packages/airflow/example_dags/example_task_group_decorator.py took 0.091 seconds
[2024-01-05T14:02:07.952+0000] {processor.py:153} INFO - Started process (PID=5152) to work on /home/airflow/.local/lib/python3.7/site-packages/airflow/example_dags/example_task_group_decorator.py
[2024-01-05T14:02:07.954+0000] {processor.py:743} INFO - Processing file /home/airflow/.local/lib/python3.7/site-packages/airflow/example_dags/example_task_group_decorator.py for tasks to queue
[2024-01-05T14:02:07.955+0000] {logging_mixin.py:137} INFO - [2024-01-05T14:02:07.955+0000] {dagbag.py:538} INFO - Filling up the DagBag from /home/airflow/.local/lib/python3.7/site-packages/airflow/example_dags/example_task_group_decorator.py
[2024-01-05T14:02:07.977+0000] {processor.py:753} INFO - DAG(s) dict_keys(['example_task_group_decorator']) retrieved from /home/airflow/.local/lib/python3.7/site-packages/airflow/example_dags/example_task_group_decorator.py
[2024-01-05T14:02:08.006+0000] {logging_mixin.py:137} INFO - [2024-01-05T14:02:08.006+0000] {dag.py:2690} INFO - Sync 1 DAGs
[2024-01-05T14:02:08.030+0000] {logging_mixin.py:137} INFO - [2024-01-05T14:02:08.030+0000] {dag.py:3441} INFO - Setting next_dagrun for example_task_group_decorator to 2024-01-04T14:02:08.029553+00:00, run_after=2024-01-05T14:02:08.029553+00:00
[2024-01-05T14:02:08.081+0000] {processor.py:175} INFO - Processing /home/airflow/.local/lib/python3.7/site-packages/airflow/example_dags/example_task_group_decorator.py took 0.132 seconds
[2024-01-05T14:02:38.347+0000] {processor.py:153} INFO - Started process (PID=5220) to work on /home/airflow/.local/lib/python3.7/site-packages/airflow/example_dags/example_task_group_decorator.py
[2024-01-05T14:02:38.349+0000] {processor.py:743} INFO - Processing file /home/airflow/.local/lib/python3.7/site-packages/airflow/example_dags/example_task_group_decorator.py for tasks to queue
[2024-01-05T14:02:38.350+0000] {logging_mixin.py:137} INFO - [2024-01-05T14:02:38.349+0000] {dagbag.py:538} INFO - Filling up the DagBag from /home/airflow/.local/lib/python3.7/site-packages/airflow/example_dags/example_task_group_decorator.py
[2024-01-05T14:02:38.368+0000] {processor.py:753} INFO - DAG(s) dict_keys(['example_task_group_decorator']) retrieved from /home/airflow/.local/lib/python3.7/site-packages/airflow/example_dags/example_task_group_decorator.py
[2024-01-05T14:02:38.391+0000] {logging_mixin.py:137} INFO - [2024-01-05T14:02:38.390+0000] {dag.py:2690} INFO - Sync 1 DAGs
[2024-01-05T14:02:38.415+0000] {logging_mixin.py:137} INFO - [2024-01-05T14:02:38.415+0000] {dag.py:3441} INFO - Setting next_dagrun for example_task_group_decorator to 2024-01-04T14:02:38.415507+00:00, run_after=2024-01-05T14:02:38.415507+00:00
[2024-01-05T14:02:38.428+0000] {processor.py:175} INFO - Processing /home/airflow/.local/lib/python3.7/site-packages/airflow/example_dags/example_task_group_decorator.py took 0.083 seconds
[2024-01-05T14:03:09.842+0000] {processor.py:153} INFO - Started process (PID=5292) to work on /home/airflow/.local/lib/python3.7/site-packages/airflow/example_dags/example_task_group_decorator.py
[2024-01-05T14:03:09.852+0000] {processor.py:743} INFO - Processing file /home/airflow/.local/lib/python3.7/site-packages/airflow/example_dags/example_task_group_decorator.py for tasks to queue
[2024-01-05T14:03:09.853+0000] {logging_mixin.py:137} INFO - [2024-01-05T14:03:09.853+0000] {dagbag.py:538} INFO - Filling up the DagBag from /home/airflow/.local/lib/python3.7/site-packages/airflow/example_dags/example_task_group_decorator.py
[2024-01-05T14:03:09.971+0000] {processor.py:753} INFO - DAG(s) dict_keys(['example_task_group_decorator']) retrieved from /home/airflow/.local/lib/python3.7/site-packages/airflow/example_dags/example_task_group_decorator.py
[2024-01-05T14:03:10.018+0000] {logging_mixin.py:137} INFO - [2024-01-05T14:03:10.015+0000] {dag.py:2690} INFO - Sync 1 DAGs
[2024-01-05T14:03:10.059+0000] {logging_mixin.py:137} INFO - [2024-01-05T14:03:10.058+0000] {dag.py:3441} INFO - Setting next_dagrun for example_task_group_decorator to 2024-01-04T14:03:10.058489+00:00, run_after=2024-01-05T14:03:10.058489+00:00
[2024-01-05T14:03:10.077+0000] {processor.py:175} INFO - Processing /home/airflow/.local/lib/python3.7/site-packages/airflow/example_dags/example_task_group_decorator.py took 0.239 seconds
[2024-01-05T14:03:40.186+0000] {processor.py:153} INFO - Started process (PID=5358) to work on /home/airflow/.local/lib/python3.7/site-packages/airflow/example_dags/example_task_group_decorator.py
[2024-01-05T14:03:40.187+0000] {processor.py:743} INFO - Processing file /home/airflow/.local/lib/python3.7/site-packages/airflow/example_dags/example_task_group_decorator.py for tasks to queue
[2024-01-05T14:03:40.188+0000] {logging_mixin.py:137} INFO - [2024-01-05T14:03:40.188+0000] {dagbag.py:538} INFO - Filling up the DagBag from /home/airflow/.local/lib/python3.7/site-packages/airflow/example_dags/example_task_group_decorator.py
[2024-01-05T14:03:40.208+0000] {processor.py:753} INFO - DAG(s) dict_keys(['example_task_group_decorator']) retrieved from /home/airflow/.local/lib/python3.7/site-packages/airflow/example_dags/example_task_group_decorator.py
[2024-01-05T14:03:40.228+0000] {logging_mixin.py:137} INFO - [2024-01-05T14:03:40.228+0000] {dag.py:2690} INFO - Sync 1 DAGs
[2024-01-05T14:03:40.244+0000] {logging_mixin.py:137} INFO - [2024-01-05T14:03:40.244+0000] {dag.py:3441} INFO - Setting next_dagrun for example_task_group_decorator to 2024-01-04T14:03:40.244291+00:00, run_after=2024-01-05T14:03:40.244291+00:00
[2024-01-05T14:03:40.255+0000] {processor.py:175} INFO - Processing /home/airflow/.local/lib/python3.7/site-packages/airflow/example_dags/example_task_group_decorator.py took 0.072 seconds
[2024-01-05T14:04:11.363+0000] {processor.py:153} INFO - Started process (PID=5434) to work on /home/airflow/.local/lib/python3.7/site-packages/airflow/example_dags/example_task_group_decorator.py
[2024-01-05T14:04:11.365+0000] {processor.py:743} INFO - Processing file /home/airflow/.local/lib/python3.7/site-packages/airflow/example_dags/example_task_group_decorator.py for tasks to queue
[2024-01-05T14:04:11.365+0000] {logging_mixin.py:137} INFO - [2024-01-05T14:04:11.365+0000] {dagbag.py:538} INFO - Filling up the DagBag from /home/airflow/.local/lib/python3.7/site-packages/airflow/example_dags/example_task_group_decorator.py
[2024-01-05T14:04:11.386+0000] {processor.py:753} INFO - DAG(s) dict_keys(['example_task_group_decorator']) retrieved from /home/airflow/.local/lib/python3.7/site-packages/airflow/example_dags/example_task_group_decorator.py
[2024-01-05T14:04:11.406+0000] {logging_mixin.py:137} INFO - [2024-01-05T14:04:11.406+0000] {dag.py:2690} INFO - Sync 1 DAGs
[2024-01-05T14:04:11.422+0000] {logging_mixin.py:137} INFO - [2024-01-05T14:04:11.422+0000] {dag.py:3441} INFO - Setting next_dagrun for example_task_group_decorator to 2024-01-04T14:04:11.421833+00:00, run_after=2024-01-05T14:04:11.421833+00:00
[2024-01-05T14:04:11.434+0000] {processor.py:175} INFO - Processing /home/airflow/.local/lib/python3.7/site-packages/airflow/example_dags/example_task_group_decorator.py took 0.074 seconds
[2024-01-05T14:04:42.417+0000] {processor.py:153} INFO - Started process (PID=5497) to work on /home/airflow/.local/lib/python3.7/site-packages/airflow/example_dags/example_task_group_decorator.py
[2024-01-05T14:04:42.419+0000] {processor.py:743} INFO - Processing file /home/airflow/.local/lib/python3.7/site-packages/airflow/example_dags/example_task_group_decorator.py for tasks to queue
[2024-01-05T14:04:42.419+0000] {logging_mixin.py:137} INFO - [2024-01-05T14:04:42.419+0000] {dagbag.py:538} INFO - Filling up the DagBag from /home/airflow/.local/lib/python3.7/site-packages/airflow/example_dags/example_task_group_decorator.py
[2024-01-05T14:04:42.440+0000] {processor.py:753} INFO - DAG(s) dict_keys(['example_task_group_decorator']) retrieved from /home/airflow/.local/lib/python3.7/site-packages/airflow/example_dags/example_task_group_decorator.py
[2024-01-05T14:04:42.466+0000] {logging_mixin.py:137} INFO - [2024-01-05T14:04:42.466+0000] {dag.py:2690} INFO - Sync 1 DAGs
[2024-01-05T14:04:42.483+0000] {logging_mixin.py:137} INFO - [2024-01-05T14:04:42.483+0000] {dag.py:3441} INFO - Setting next_dagrun for example_task_group_decorator to 2024-01-04T14:04:42.483281+00:00, run_after=2024-01-05T14:04:42.483281+00:00
[2024-01-05T14:04:42.494+0000] {processor.py:175} INFO - Processing /home/airflow/.local/lib/python3.7/site-packages/airflow/example_dags/example_task_group_decorator.py took 0.080 seconds
[2024-01-05T14:05:13.177+0000] {processor.py:153} INFO - Started process (PID=5572) to work on /home/airflow/.local/lib/python3.7/site-packages/airflow/example_dags/example_task_group_decorator.py
[2024-01-05T14:05:13.178+0000] {processor.py:743} INFO - Processing file /home/airflow/.local/lib/python3.7/site-packages/airflow/example_dags/example_task_group_decorator.py for tasks to queue
[2024-01-05T14:05:13.179+0000] {logging_mixin.py:137} INFO - [2024-01-05T14:05:13.179+0000] {dagbag.py:538} INFO - Filling up the DagBag from /home/airflow/.local/lib/python3.7/site-packages/airflow/example_dags/example_task_group_decorator.py
[2024-01-05T14:05:13.197+0000] {processor.py:753} INFO - DAG(s) dict_keys(['example_task_group_decorator']) retrieved from /home/airflow/.local/lib/python3.7/site-packages/airflow/example_dags/example_task_group_decorator.py
[2024-01-05T14:05:13.218+0000] {logging_mixin.py:137} INFO - [2024-01-05T14:05:13.218+0000] {dag.py:2690} INFO - Sync 1 DAGs
[2024-01-05T14:05:13.236+0000] {logging_mixin.py:137} INFO - [2024-01-05T14:05:13.236+0000] {dag.py:3441} INFO - Setting next_dagrun for example_task_group_decorator to 2024-01-04T14:05:13.236261+00:00, run_after=2024-01-05T14:05:13.236261+00:00
[2024-01-05T14:05:13.248+0000] {processor.py:175} INFO - Processing /home/airflow/.local/lib/python3.7/site-packages/airflow/example_dags/example_task_group_decorator.py took 0.074 seconds
[2024-01-05T14:05:43.546+0000] {processor.py:153} INFO - Started process (PID=5644) to work on /home/airflow/.local/lib/python3.7/site-packages/airflow/example_dags/example_task_group_decorator.py
[2024-01-05T14:05:43.549+0000] {processor.py:743} INFO - Processing file /home/airflow/.local/lib/python3.7/site-packages/airflow/example_dags/example_task_group_decorator.py for tasks to queue
[2024-01-05T14:05:43.550+0000] {logging_mixin.py:137} INFO - [2024-01-05T14:05:43.550+0000] {dagbag.py:538} INFO - Filling up the DagBag from /home/airflow/.local/lib/python3.7/site-packages/airflow/example_dags/example_task_group_decorator.py
[2024-01-05T14:05:43.579+0000] {processor.py:753} INFO - DAG(s) dict_keys(['example_task_group_decorator']) retrieved from /home/airflow/.local/lib/python3.7/site-packages/airflow/example_dags/example_task_group_decorator.py
[2024-01-05T14:05:43.674+0000] {logging_mixin.py:137} INFO - [2024-01-05T14:05:43.674+0000] {dag.py:2690} INFO - Sync 1 DAGs
[2024-01-05T14:05:43.699+0000] {logging_mixin.py:137} INFO - [2024-01-05T14:05:43.699+0000] {dag.py:3441} INFO - Setting next_dagrun for example_task_group_decorator to 2024-01-04T14:05:43.699504+00:00, run_after=2024-01-05T14:05:43.699504+00:00
[2024-01-05T14:05:43.714+0000] {processor.py:175} INFO - Processing /home/airflow/.local/lib/python3.7/site-packages/airflow/example_dags/example_task_group_decorator.py took 0.177 seconds
[2024-01-05T14:06:14.389+0000] {processor.py:153} INFO - Started process (PID=5711) to work on /home/airflow/.local/lib/python3.7/site-packages/airflow/example_dags/example_task_group_decorator.py
[2024-01-05T14:06:14.391+0000] {processor.py:743} INFO - Processing file /home/airflow/.local/lib/python3.7/site-packages/airflow/example_dags/example_task_group_decorator.py for tasks to queue
[2024-01-05T14:06:14.393+0000] {logging_mixin.py:137} INFO - [2024-01-05T14:06:14.393+0000] {dagbag.py:538} INFO - Filling up the DagBag from /home/airflow/.local/lib/python3.7/site-packages/airflow/example_dags/example_task_group_decorator.py
[2024-01-05T14:06:14.416+0000] {processor.py:753} INFO - DAG(s) dict_keys(['example_task_group_decorator']) retrieved from /home/airflow/.local/lib/python3.7/site-packages/airflow/example_dags/example_task_group_decorator.py
[2024-01-05T14:06:14.505+0000] {logging_mixin.py:137} INFO - [2024-01-05T14:06:14.505+0000] {dag.py:2690} INFO - Sync 1 DAGs
[2024-01-05T14:06:14.526+0000] {logging_mixin.py:137} INFO - [2024-01-05T14:06:14.526+0000] {dag.py:3441} INFO - Setting next_dagrun for example_task_group_decorator to 2024-01-04T14:06:14.526262+00:00, run_after=2024-01-05T14:06:14.526262+00:00
[2024-01-05T14:06:14.541+0000] {processor.py:175} INFO - Processing /home/airflow/.local/lib/python3.7/site-packages/airflow/example_dags/example_task_group_decorator.py took 0.155 seconds
[2024-01-05T14:06:45.039+0000] {processor.py:153} INFO - Started process (PID=5786) to work on /home/airflow/.local/lib/python3.7/site-packages/airflow/example_dags/example_task_group_decorator.py
[2024-01-05T14:06:45.042+0000] {processor.py:743} INFO - Processing file /home/airflow/.local/lib/python3.7/site-packages/airflow/example_dags/example_task_group_decorator.py for tasks to queue
[2024-01-05T14:06:45.046+0000] {logging_mixin.py:137} INFO - [2024-01-05T14:06:45.045+0000] {dagbag.py:538} INFO - Filling up the DagBag from /home/airflow/.local/lib/python3.7/site-packages/airflow/example_dags/example_task_group_decorator.py
[2024-01-05T14:06:45.089+0000] {processor.py:753} INFO - DAG(s) dict_keys(['example_task_group_decorator']) retrieved from /home/airflow/.local/lib/python3.7/site-packages/airflow/example_dags/example_task_group_decorator.py
[2024-01-05T14:06:45.116+0000] {logging_mixin.py:137} INFO - [2024-01-05T14:06:45.116+0000] {dag.py:2690} INFO - Sync 1 DAGs
[2024-01-05T14:06:45.142+0000] {logging_mixin.py:137} INFO - [2024-01-05T14:06:45.142+0000] {dag.py:3441} INFO - Setting next_dagrun for example_task_group_decorator to 2024-01-04T14:06:45.141904+00:00, run_after=2024-01-05T14:06:45.141904+00:00
[2024-01-05T14:06:45.155+0000] {processor.py:175} INFO - Processing /home/airflow/.local/lib/python3.7/site-packages/airflow/example_dags/example_task_group_decorator.py took 0.122 seconds
[2024-01-05T14:07:15.888+0000] {processor.py:153} INFO - Started process (PID=5849) to work on /home/airflow/.local/lib/python3.7/site-packages/airflow/example_dags/example_task_group_decorator.py
[2024-01-05T14:07:15.889+0000] {processor.py:743} INFO - Processing file /home/airflow/.local/lib/python3.7/site-packages/airflow/example_dags/example_task_group_decorator.py for tasks to queue
[2024-01-05T14:07:15.890+0000] {logging_mixin.py:137} INFO - [2024-01-05T14:07:15.890+0000] {dagbag.py:538} INFO - Filling up the DagBag from /home/airflow/.local/lib/python3.7/site-packages/airflow/example_dags/example_task_group_decorator.py
[2024-01-05T14:07:15.907+0000] {processor.py:753} INFO - DAG(s) dict_keys(['example_task_group_decorator']) retrieved from /home/airflow/.local/lib/python3.7/site-packages/airflow/example_dags/example_task_group_decorator.py
[2024-01-05T14:07:15.927+0000] {logging_mixin.py:137} INFO - [2024-01-05T14:07:15.927+0000] {dag.py:2690} INFO - Sync 1 DAGs
[2024-01-05T14:07:15.942+0000] {logging_mixin.py:137} INFO - [2024-01-05T14:07:15.942+0000] {dag.py:3441} INFO - Setting next_dagrun for example_task_group_decorator to 2024-01-04T14:07:15.942064+00:00, run_after=2024-01-05T14:07:15.942064+00:00
[2024-01-05T14:07:15.953+0000] {processor.py:175} INFO - Processing /home/airflow/.local/lib/python3.7/site-packages/airflow/example_dags/example_task_group_decorator.py took 0.067 seconds
[2024-01-05T14:07:46.606+0000] {processor.py:153} INFO - Started process (PID=5924) to work on /home/airflow/.local/lib/python3.7/site-packages/airflow/example_dags/example_task_group_decorator.py
[2024-01-05T14:07:46.608+0000] {processor.py:743} INFO - Processing file /home/airflow/.local/lib/python3.7/site-packages/airflow/example_dags/example_task_group_decorator.py for tasks to queue
[2024-01-05T14:07:46.609+0000] {logging_mixin.py:137} INFO - [2024-01-05T14:07:46.608+0000] {dagbag.py:538} INFO - Filling up the DagBag from /home/airflow/.local/lib/python3.7/site-packages/airflow/example_dags/example_task_group_decorator.py
[2024-01-05T14:07:46.629+0000] {processor.py:753} INFO - DAG(s) dict_keys(['example_task_group_decorator']) retrieved from /home/airflow/.local/lib/python3.7/site-packages/airflow/example_dags/example_task_group_decorator.py
[2024-01-05T14:07:46.649+0000] {logging_mixin.py:137} INFO - [2024-01-05T14:07:46.649+0000] {dag.py:2690} INFO - Sync 1 DAGs
[2024-01-05T14:07:46.664+0000] {logging_mixin.py:137} INFO - [2024-01-05T14:07:46.664+0000] {dag.py:3441} INFO - Setting next_dagrun for example_task_group_decorator to 2024-01-04T14:07:46.664637+00:00, run_after=2024-01-05T14:07:46.664637+00:00
[2024-01-05T14:07:46.676+0000] {processor.py:175} INFO - Processing /home/airflow/.local/lib/python3.7/site-packages/airflow/example_dags/example_task_group_decorator.py took 0.074 seconds
[2024-01-05T14:08:17.374+0000] {processor.py:153} INFO - Started process (PID=5987) to work on /home/airflow/.local/lib/python3.7/site-packages/airflow/example_dags/example_task_group_decorator.py
[2024-01-05T14:08:17.375+0000] {processor.py:743} INFO - Processing file /home/airflow/.local/lib/python3.7/site-packages/airflow/example_dags/example_task_group_decorator.py for tasks to queue
[2024-01-05T14:08:17.376+0000] {logging_mixin.py:137} INFO - [2024-01-05T14:08:17.376+0000] {dagbag.py:538} INFO - Filling up the DagBag from /home/airflow/.local/lib/python3.7/site-packages/airflow/example_dags/example_task_group_decorator.py
[2024-01-05T14:08:17.395+0000] {processor.py:753} INFO - DAG(s) dict_keys(['example_task_group_decorator']) retrieved from /home/airflow/.local/lib/python3.7/site-packages/airflow/example_dags/example_task_group_decorator.py
[2024-01-05T14:08:17.415+0000] {logging_mixin.py:137} INFO - [2024-01-05T14:08:17.415+0000] {dag.py:2690} INFO - Sync 1 DAGs
[2024-01-05T14:08:17.438+0000] {logging_mixin.py:137} INFO - [2024-01-05T14:08:17.438+0000] {dag.py:3441} INFO - Setting next_dagrun for example_task_group_decorator to 2024-01-04T14:08:17.438382+00:00, run_after=2024-01-05T14:08:17.438382+00:00
[2024-01-05T14:08:17.452+0000] {processor.py:175} INFO - Processing /home/airflow/.local/lib/python3.7/site-packages/airflow/example_dags/example_task_group_decorator.py took 0.081 seconds
[2024-01-05T14:08:47.585+0000] {processor.py:153} INFO - Started process (PID=6062) to work on /home/airflow/.local/lib/python3.7/site-packages/airflow/example_dags/example_task_group_decorator.py
[2024-01-05T14:08:47.586+0000] {processor.py:743} INFO - Processing file /home/airflow/.local/lib/python3.7/site-packages/airflow/example_dags/example_task_group_decorator.py for tasks to queue
[2024-01-05T14:08:47.587+0000] {logging_mixin.py:137} INFO - [2024-01-05T14:08:47.587+0000] {dagbag.py:538} INFO - Filling up the DagBag from /home/airflow/.local/lib/python3.7/site-packages/airflow/example_dags/example_task_group_decorator.py
[2024-01-05T14:08:47.613+0000] {processor.py:753} INFO - DAG(s) dict_keys(['example_task_group_decorator']) retrieved from /home/airflow/.local/lib/python3.7/site-packages/airflow/example_dags/example_task_group_decorator.py
[2024-01-05T14:08:47.637+0000] {logging_mixin.py:137} INFO - [2024-01-05T14:08:47.637+0000] {dag.py:2690} INFO - Sync 1 DAGs
[2024-01-05T14:08:47.655+0000] {logging_mixin.py:137} INFO - [2024-01-05T14:08:47.655+0000] {dag.py:3441} INFO - Setting next_dagrun for example_task_group_decorator to 2024-01-04T14:08:47.654757+00:00, run_after=2024-01-05T14:08:47.654757+00:00
[2024-01-05T14:08:47.665+0000] {processor.py:175} INFO - Processing /home/airflow/.local/lib/python3.7/site-packages/airflow/example_dags/example_task_group_decorator.py took 0.084 seconds
[2024-01-05T14:09:17.948+0000] {processor.py:153} INFO - Started process (PID=6132) to work on /home/airflow/.local/lib/python3.7/site-packages/airflow/example_dags/example_task_group_decorator.py
[2024-01-05T14:09:17.949+0000] {processor.py:743} INFO - Processing file /home/airflow/.local/lib/python3.7/site-packages/airflow/example_dags/example_task_group_decorator.py for tasks to queue
[2024-01-05T14:09:17.956+0000] {logging_mixin.py:137} INFO - [2024-01-05T14:09:17.956+0000] {dagbag.py:538} INFO - Filling up the DagBag from /home/airflow/.local/lib/python3.7/site-packages/airflow/example_dags/example_task_group_decorator.py
[2024-01-05T14:09:17.979+0000] {processor.py:753} INFO - DAG(s) dict_keys(['example_task_group_decorator']) retrieved from /home/airflow/.local/lib/python3.7/site-packages/airflow/example_dags/example_task_group_decorator.py
[2024-01-05T14:09:18.008+0000] {logging_mixin.py:137} INFO - [2024-01-05T14:09:18.008+0000] {dag.py:2690} INFO - Sync 1 DAGs
[2024-01-05T14:09:18.033+0000] {logging_mixin.py:137} INFO - [2024-01-05T14:09:18.033+0000] {dag.py:3441} INFO - Setting next_dagrun for example_task_group_decorator to 2024-01-04T14:09:18.032848+00:00, run_after=2024-01-05T14:09:18.032848+00:00
[2024-01-05T14:09:18.048+0000] {processor.py:175} INFO - Processing /home/airflow/.local/lib/python3.7/site-packages/airflow/example_dags/example_task_group_decorator.py took 0.102 seconds
[2024-01-05T14:09:48.406+0000] {processor.py:153} INFO - Started process (PID=6201) to work on /home/airflow/.local/lib/python3.7/site-packages/airflow/example_dags/example_task_group_decorator.py
[2024-01-05T14:09:48.407+0000] {processor.py:743} INFO - Processing file /home/airflow/.local/lib/python3.7/site-packages/airflow/example_dags/example_task_group_decorator.py for tasks to queue
[2024-01-05T14:09:48.408+0000] {logging_mixin.py:137} INFO - [2024-01-05T14:09:48.408+0000] {dagbag.py:538} INFO - Filling up the DagBag from /home/airflow/.local/lib/python3.7/site-packages/airflow/example_dags/example_task_group_decorator.py
[2024-01-05T14:09:48.434+0000] {processor.py:753} INFO - DAG(s) dict_keys(['example_task_group_decorator']) retrieved from /home/airflow/.local/lib/python3.7/site-packages/airflow/example_dags/example_task_group_decorator.py
[2024-01-05T14:09:48.456+0000] {logging_mixin.py:137} INFO - [2024-01-05T14:09:48.456+0000] {dag.py:2690} INFO - Sync 1 DAGs
[2024-01-05T14:09:48.472+0000] {logging_mixin.py:137} INFO - [2024-01-05T14:09:48.472+0000] {dag.py:3441} INFO - Setting next_dagrun for example_task_group_decorator to 2024-01-04T14:09:48.472322+00:00, run_after=2024-01-05T14:09:48.472322+00:00
[2024-01-05T14:09:48.485+0000] {processor.py:175} INFO - Processing /home/airflow/.local/lib/python3.7/site-packages/airflow/example_dags/example_task_group_decorator.py took 0.083 seconds
[2024-01-05T14:10:18.609+0000] {processor.py:153} INFO - Started process (PID=6263) to work on /home/airflow/.local/lib/python3.7/site-packages/airflow/example_dags/example_task_group_decorator.py
[2024-01-05T14:10:18.610+0000] {processor.py:743} INFO - Processing file /home/airflow/.local/lib/python3.7/site-packages/airflow/example_dags/example_task_group_decorator.py for tasks to queue
[2024-01-05T14:10:18.611+0000] {logging_mixin.py:137} INFO - [2024-01-05T14:10:18.611+0000] {dagbag.py:538} INFO - Filling up the DagBag from /home/airflow/.local/lib/python3.7/site-packages/airflow/example_dags/example_task_group_decorator.py
[2024-01-05T14:10:18.631+0000] {processor.py:753} INFO - DAG(s) dict_keys(['example_task_group_decorator']) retrieved from /home/airflow/.local/lib/python3.7/site-packages/airflow/example_dags/example_task_group_decorator.py
[2024-01-05T14:10:18.653+0000] {logging_mixin.py:137} INFO - [2024-01-05T14:10:18.653+0000] {dag.py:2690} INFO - Sync 1 DAGs
[2024-01-05T14:10:18.670+0000] {logging_mixin.py:137} INFO - [2024-01-05T14:10:18.670+0000] {dag.py:3441} INFO - Setting next_dagrun for example_task_group_decorator to 2024-01-04T14:10:18.670112+00:00, run_after=2024-01-05T14:10:18.670112+00:00
[2024-01-05T14:10:18.682+0000] {processor.py:175} INFO - Processing /home/airflow/.local/lib/python3.7/site-packages/airflow/example_dags/example_task_group_decorator.py took 0.077 seconds
[2024-01-05T14:10:49.215+0000] {processor.py:153} INFO - Started process (PID=6336) to work on /home/airflow/.local/lib/python3.7/site-packages/airflow/example_dags/example_task_group_decorator.py
[2024-01-05T14:10:49.217+0000] {processor.py:743} INFO - Processing file /home/airflow/.local/lib/python3.7/site-packages/airflow/example_dags/example_task_group_decorator.py for tasks to queue
[2024-01-05T14:10:49.218+0000] {logging_mixin.py:137} INFO - [2024-01-05T14:10:49.217+0000] {dagbag.py:538} INFO - Filling up the DagBag from /home/airflow/.local/lib/python3.7/site-packages/airflow/example_dags/example_task_group_decorator.py
[2024-01-05T14:10:49.237+0000] {processor.py:753} INFO - DAG(s) dict_keys(['example_task_group_decorator']) retrieved from /home/airflow/.local/lib/python3.7/site-packages/airflow/example_dags/example_task_group_decorator.py
[2024-01-05T14:10:49.265+0000] {logging_mixin.py:137} INFO - [2024-01-05T14:10:49.265+0000] {dag.py:2690} INFO - Sync 1 DAGs
[2024-01-05T14:10:49.288+0000] {logging_mixin.py:137} INFO - [2024-01-05T14:10:49.288+0000] {dag.py:3441} INFO - Setting next_dagrun for example_task_group_decorator to 2024-01-04T14:10:49.287660+00:00, run_after=2024-01-05T14:10:49.287660+00:00
[2024-01-05T14:10:49.301+0000] {processor.py:175} INFO - Processing /home/airflow/.local/lib/python3.7/site-packages/airflow/example_dags/example_task_group_decorator.py took 0.088 seconds
[2024-01-05T14:11:20.226+0000] {processor.py:153} INFO - Started process (PID=6399) to work on /home/airflow/.local/lib/python3.7/site-packages/airflow/example_dags/example_task_group_decorator.py
[2024-01-05T14:11:20.229+0000] {processor.py:743} INFO - Processing file /home/airflow/.local/lib/python3.7/site-packages/airflow/example_dags/example_task_group_decorator.py for tasks to queue
[2024-01-05T14:11:20.230+0000] {logging_mixin.py:137} INFO - [2024-01-05T14:11:20.230+0000] {dagbag.py:538} INFO - Filling up the DagBag from /home/airflow/.local/lib/python3.7/site-packages/airflow/example_dags/example_task_group_decorator.py
[2024-01-05T14:11:20.329+0000] {processor.py:753} INFO - DAG(s) dict_keys(['example_task_group_decorator']) retrieved from /home/airflow/.local/lib/python3.7/site-packages/airflow/example_dags/example_task_group_decorator.py
[2024-01-05T14:11:20.456+0000] {logging_mixin.py:137} INFO - [2024-01-05T14:11:20.455+0000] {dag.py:2690} INFO - Sync 1 DAGs
[2024-01-05T14:11:20.562+0000] {logging_mixin.py:137} INFO - [2024-01-05T14:11:20.562+0000] {dag.py:3441} INFO - Setting next_dagrun for example_task_group_decorator to 2024-01-04T14:11:20.561638+00:00, run_after=2024-01-05T14:11:20.561638+00:00
[2024-01-05T14:11:20.614+0000] {processor.py:175} INFO - Processing /home/airflow/.local/lib/python3.7/site-packages/airflow/example_dags/example_task_group_decorator.py took 0.391 seconds
[2024-01-05T14:11:51.467+0000] {processor.py:153} INFO - Started process (PID=6473) to work on /home/airflow/.local/lib/python3.7/site-packages/airflow/example_dags/example_task_group_decorator.py
[2024-01-05T14:11:51.470+0000] {processor.py:743} INFO - Processing file /home/airflow/.local/lib/python3.7/site-packages/airflow/example_dags/example_task_group_decorator.py for tasks to queue
[2024-01-05T14:11:51.471+0000] {logging_mixin.py:137} INFO - [2024-01-05T14:11:51.471+0000] {dagbag.py:538} INFO - Filling up the DagBag from /home/airflow/.local/lib/python3.7/site-packages/airflow/example_dags/example_task_group_decorator.py
[2024-01-05T14:11:51.508+0000] {processor.py:753} INFO - DAG(s) dict_keys(['example_task_group_decorator']) retrieved from /home/airflow/.local/lib/python3.7/site-packages/airflow/example_dags/example_task_group_decorator.py
[2024-01-05T14:11:51.531+0000] {logging_mixin.py:137} INFO - [2024-01-05T14:11:51.530+0000] {dag.py:2690} INFO - Sync 1 DAGs
[2024-01-05T14:11:51.551+0000] {logging_mixin.py:137} INFO - [2024-01-05T14:11:51.551+0000] {dag.py:3441} INFO - Setting next_dagrun for example_task_group_decorator to 2024-01-04T14:11:51.551048+00:00, run_after=2024-01-05T14:11:51.551048+00:00
[2024-01-05T14:11:51.564+0000] {processor.py:175} INFO - Processing /home/airflow/.local/lib/python3.7/site-packages/airflow/example_dags/example_task_group_decorator.py took 0.105 seconds
[2024-01-05T14:12:22.418+0000] {processor.py:153} INFO - Started process (PID=6549) to work on /home/airflow/.local/lib/python3.7/site-packages/airflow/example_dags/example_task_group_decorator.py
[2024-01-05T14:12:22.423+0000] {processor.py:743} INFO - Processing file /home/airflow/.local/lib/python3.7/site-packages/airflow/example_dags/example_task_group_decorator.py for tasks to queue
[2024-01-05T14:12:22.425+0000] {logging_mixin.py:137} INFO - [2024-01-05T14:12:22.425+0000] {dagbag.py:538} INFO - Filling up the DagBag from /home/airflow/.local/lib/python3.7/site-packages/airflow/example_dags/example_task_group_decorator.py
[2024-01-05T14:12:22.468+0000] {processor.py:753} INFO - DAG(s) dict_keys(['example_task_group_decorator']) retrieved from /home/airflow/.local/lib/python3.7/site-packages/airflow/example_dags/example_task_group_decorator.py
[2024-01-05T14:12:22.517+0000] {logging_mixin.py:137} INFO - [2024-01-05T14:12:22.516+0000] {dag.py:2690} INFO - Sync 1 DAGs
[2024-01-05T14:12:22.550+0000] {logging_mixin.py:137} INFO - [2024-01-05T14:12:22.550+0000] {dag.py:3441} INFO - Setting next_dagrun for example_task_group_decorator to 2024-01-04T14:12:22.550289+00:00, run_after=2024-01-05T14:12:22.550289+00:00
[2024-01-05T14:12:22.572+0000] {processor.py:175} INFO - Processing /home/airflow/.local/lib/python3.7/site-packages/airflow/example_dags/example_task_group_decorator.py took 0.161 seconds
[2024-01-05T14:12:52.996+0000] {processor.py:153} INFO - Started process (PID=6612) to work on /home/airflow/.local/lib/python3.7/site-packages/airflow/example_dags/example_task_group_decorator.py
[2024-01-05T14:12:52.998+0000] {processor.py:743} INFO - Processing file /home/airflow/.local/lib/python3.7/site-packages/airflow/example_dags/example_task_group_decorator.py for tasks to queue
[2024-01-05T14:12:53.000+0000] {logging_mixin.py:137} INFO - [2024-01-05T14:12:53.000+0000] {dagbag.py:538} INFO - Filling up the DagBag from /home/airflow/.local/lib/python3.7/site-packages/airflow/example_dags/example_task_group_decorator.py
[2024-01-05T14:12:53.045+0000] {processor.py:753} INFO - DAG(s) dict_keys(['example_task_group_decorator']) retrieved from /home/airflow/.local/lib/python3.7/site-packages/airflow/example_dags/example_task_group_decorator.py
[2024-01-05T14:12:53.085+0000] {logging_mixin.py:137} INFO - [2024-01-05T14:12:53.085+0000] {dag.py:2690} INFO - Sync 1 DAGs
[2024-01-05T14:12:53.109+0000] {logging_mixin.py:137} INFO - [2024-01-05T14:12:53.109+0000] {dag.py:3441} INFO - Setting next_dagrun for example_task_group_decorator to 2024-01-04T14:12:53.109203+00:00, run_after=2024-01-05T14:12:53.109203+00:00
[2024-01-05T14:12:53.127+0000] {processor.py:175} INFO - Processing /home/airflow/.local/lib/python3.7/site-packages/airflow/example_dags/example_task_group_decorator.py took 0.138 seconds
[2024-01-05T14:13:23.764+0000] {processor.py:153} INFO - Started process (PID=6686) to work on /home/airflow/.local/lib/python3.7/site-packages/airflow/example_dags/example_task_group_decorator.py
[2024-01-05T14:13:23.768+0000] {processor.py:743} INFO - Processing file /home/airflow/.local/lib/python3.7/site-packages/airflow/example_dags/example_task_group_decorator.py for tasks to queue
[2024-01-05T14:13:23.770+0000] {logging_mixin.py:137} INFO - [2024-01-05T14:13:23.770+0000] {dagbag.py:538} INFO - Filling up the DagBag from /home/airflow/.local/lib/python3.7/site-packages/airflow/example_dags/example_task_group_decorator.py
[2024-01-05T14:13:23.815+0000] {processor.py:753} INFO - DAG(s) dict_keys(['example_task_group_decorator']) retrieved from /home/airflow/.local/lib/python3.7/site-packages/airflow/example_dags/example_task_group_decorator.py
[2024-01-05T14:13:23.839+0000] {logging_mixin.py:137} INFO - [2024-01-05T14:13:23.839+0000] {dag.py:2690} INFO - Sync 1 DAGs
[2024-01-05T14:13:23.860+0000] {logging_mixin.py:137} INFO - [2024-01-05T14:13:23.860+0000] {dag.py:3441} INFO - Setting next_dagrun for example_task_group_decorator to 2024-01-04T14:13:23.860449+00:00, run_after=2024-01-05T14:13:23.860449+00:00
[2024-01-05T14:13:23.875+0000] {processor.py:175} INFO - Processing /home/airflow/.local/lib/python3.7/site-packages/airflow/example_dags/example_task_group_decorator.py took 0.122 seconds
[2024-01-05T14:13:54.571+0000] {processor.py:153} INFO - Started process (PID=6749) to work on /home/airflow/.local/lib/python3.7/site-packages/airflow/example_dags/example_task_group_decorator.py
[2024-01-05T14:13:54.575+0000] {processor.py:743} INFO - Processing file /home/airflow/.local/lib/python3.7/site-packages/airflow/example_dags/example_task_group_decorator.py for tasks to queue
[2024-01-05T14:13:54.578+0000] {logging_mixin.py:137} INFO - [2024-01-05T14:13:54.578+0000] {dagbag.py:538} INFO - Filling up the DagBag from /home/airflow/.local/lib/python3.7/site-packages/airflow/example_dags/example_task_group_decorator.py
[2024-01-05T14:13:54.609+0000] {processor.py:753} INFO - DAG(s) dict_keys(['example_task_group_decorator']) retrieved from /home/airflow/.local/lib/python3.7/site-packages/airflow/example_dags/example_task_group_decorator.py
[2024-01-05T14:13:54.629+0000] {logging_mixin.py:137} INFO - [2024-01-05T14:13:54.629+0000] {dag.py:2690} INFO - Sync 1 DAGs
[2024-01-05T14:13:54.647+0000] {logging_mixin.py:137} INFO - [2024-01-05T14:13:54.646+0000] {dag.py:3441} INFO - Setting next_dagrun for example_task_group_decorator to 2024-01-04T14:13:54.646754+00:00, run_after=2024-01-05T14:13:54.646754+00:00
[2024-01-05T14:13:54.658+0000] {processor.py:175} INFO - Processing /home/airflow/.local/lib/python3.7/site-packages/airflow/example_dags/example_task_group_decorator.py took 0.093 seconds
[2024-01-05T14:14:24.788+0000] {processor.py:153} INFO - Started process (PID=6825) to work on /home/airflow/.local/lib/python3.7/site-packages/airflow/example_dags/example_task_group_decorator.py
[2024-01-05T14:14:24.790+0000] {processor.py:743} INFO - Processing file /home/airflow/.local/lib/python3.7/site-packages/airflow/example_dags/example_task_group_decorator.py for tasks to queue
[2024-01-05T14:14:24.792+0000] {logging_mixin.py:137} INFO - [2024-01-05T14:14:24.792+0000] {dagbag.py:538} INFO - Filling up the DagBag from /home/airflow/.local/lib/python3.7/site-packages/airflow/example_dags/example_task_group_decorator.py
[2024-01-05T14:14:24.822+0000] {processor.py:753} INFO - DAG(s) dict_keys(['example_task_group_decorator']) retrieved from /home/airflow/.local/lib/python3.7/site-packages/airflow/example_dags/example_task_group_decorator.py
[2024-01-05T14:14:24.845+0000] {logging_mixin.py:137} INFO - [2024-01-05T14:14:24.844+0000] {dag.py:2690} INFO - Sync 1 DAGs
[2024-01-05T14:14:24.862+0000] {logging_mixin.py:137} INFO - [2024-01-05T14:14:24.862+0000] {dag.py:3441} INFO - Setting next_dagrun for example_task_group_decorator to 2024-01-04T14:14:24.861848+00:00, run_after=2024-01-05T14:14:24.861848+00:00
[2024-01-05T14:14:24.874+0000] {processor.py:175} INFO - Processing /home/airflow/.local/lib/python3.7/site-packages/airflow/example_dags/example_task_group_decorator.py took 0.093 seconds
[2024-01-05T14:14:55.587+0000] {processor.py:153} INFO - Started process (PID=6888) to work on /home/airflow/.local/lib/python3.7/site-packages/airflow/example_dags/example_task_group_decorator.py
[2024-01-05T14:14:55.590+0000] {processor.py:743} INFO - Processing file /home/airflow/.local/lib/python3.7/site-packages/airflow/example_dags/example_task_group_decorator.py for tasks to queue
[2024-01-05T14:14:55.592+0000] {logging_mixin.py:137} INFO - [2024-01-05T14:14:55.592+0000] {dagbag.py:538} INFO - Filling up the DagBag from /home/airflow/.local/lib/python3.7/site-packages/airflow/example_dags/example_task_group_decorator.py
[2024-01-05T14:14:55.624+0000] {processor.py:753} INFO - DAG(s) dict_keys(['example_task_group_decorator']) retrieved from /home/airflow/.local/lib/python3.7/site-packages/airflow/example_dags/example_task_group_decorator.py
[2024-01-05T14:14:55.652+0000] {logging_mixin.py:137} INFO - [2024-01-05T14:14:55.652+0000] {dag.py:2690} INFO - Sync 1 DAGs
[2024-01-05T14:14:55.673+0000] {logging_mixin.py:137} INFO - [2024-01-05T14:14:55.673+0000] {dag.py:3441} INFO - Setting next_dagrun for example_task_group_decorator to 2024-01-04T14:14:55.673396+00:00, run_after=2024-01-05T14:14:55.673396+00:00
[2024-01-05T14:14:55.687+0000] {processor.py:175} INFO - Processing /home/airflow/.local/lib/python3.7/site-packages/airflow/example_dags/example_task_group_decorator.py took 0.112 seconds
[2024-01-05T14:15:26.690+0000] {processor.py:153} INFO - Started process (PID=6963) to work on /home/airflow/.local/lib/python3.7/site-packages/airflow/example_dags/example_task_group_decorator.py
[2024-01-05T14:15:26.694+0000] {processor.py:743} INFO - Processing file /home/airflow/.local/lib/python3.7/site-packages/airflow/example_dags/example_task_group_decorator.py for tasks to queue
[2024-01-05T14:15:26.695+0000] {logging_mixin.py:137} INFO - [2024-01-05T14:15:26.695+0000] {dagbag.py:538} INFO - Filling up the DagBag from /home/airflow/.local/lib/python3.7/site-packages/airflow/example_dags/example_task_group_decorator.py
[2024-01-05T14:15:26.733+0000] {processor.py:753} INFO - DAG(s) dict_keys(['example_task_group_decorator']) retrieved from /home/airflow/.local/lib/python3.7/site-packages/airflow/example_dags/example_task_group_decorator.py
[2024-01-05T14:15:26.760+0000] {logging_mixin.py:137} INFO - [2024-01-05T14:15:26.760+0000] {dag.py:2690} INFO - Sync 1 DAGs
[2024-01-05T14:15:26.777+0000] {logging_mixin.py:137} INFO - [2024-01-05T14:15:26.777+0000] {dag.py:3441} INFO - Setting next_dagrun for example_task_group_decorator to 2024-01-04T14:15:26.777243+00:00, run_after=2024-01-05T14:15:26.777243+00:00
[2024-01-05T14:15:26.790+0000] {processor.py:175} INFO - Processing /home/airflow/.local/lib/python3.7/site-packages/airflow/example_dags/example_task_group_decorator.py took 0.109 seconds
[2024-01-05T14:15:56.866+0000] {processor.py:153} INFO - Started process (PID=7035) to work on /home/airflow/.local/lib/python3.7/site-packages/airflow/example_dags/example_task_group_decorator.py
[2024-01-05T14:15:56.869+0000] {processor.py:743} INFO - Processing file /home/airflow/.local/lib/python3.7/site-packages/airflow/example_dags/example_task_group_decorator.py for tasks to queue
[2024-01-05T14:15:56.871+0000] {logging_mixin.py:137} INFO - [2024-01-05T14:15:56.871+0000] {dagbag.py:538} INFO - Filling up the DagBag from /home/airflow/.local/lib/python3.7/site-packages/airflow/example_dags/example_task_group_decorator.py
[2024-01-05T14:15:56.927+0000] {processor.py:753} INFO - DAG(s) dict_keys(['example_task_group_decorator']) retrieved from /home/airflow/.local/lib/python3.7/site-packages/airflow/example_dags/example_task_group_decorator.py
[2024-01-05T14:15:56.971+0000] {logging_mixin.py:137} INFO - [2024-01-05T14:15:56.970+0000] {dag.py:2690} INFO - Sync 1 DAGs
[2024-01-05T14:15:57.003+0000] {logging_mixin.py:137} INFO - [2024-01-05T14:15:57.003+0000] {dag.py:3441} INFO - Setting next_dagrun for example_task_group_decorator to 2024-01-04T14:15:57.000780+00:00, run_after=2024-01-05T14:15:57.000780+00:00
[2024-01-05T14:15:57.028+0000] {processor.py:175} INFO - Processing /home/airflow/.local/lib/python3.7/site-packages/airflow/example_dags/example_task_group_decorator.py took 0.175 seconds
[2024-01-05T14:16:27.938+0000] {processor.py:153} INFO - Started process (PID=7101) to work on /home/airflow/.local/lib/python3.7/site-packages/airflow/example_dags/example_task_group_decorator.py
[2024-01-05T14:16:27.941+0000] {processor.py:743} INFO - Processing file /home/airflow/.local/lib/python3.7/site-packages/airflow/example_dags/example_task_group_decorator.py for tasks to queue
[2024-01-05T14:16:27.943+0000] {logging_mixin.py:137} INFO - [2024-01-05T14:16:27.943+0000] {dagbag.py:538} INFO - Filling up the DagBag from /home/airflow/.local/lib/python3.7/site-packages/airflow/example_dags/example_task_group_decorator.py
[2024-01-05T14:16:27.973+0000] {processor.py:753} INFO - DAG(s) dict_keys(['example_task_group_decorator']) retrieved from /home/airflow/.local/lib/python3.7/site-packages/airflow/example_dags/example_task_group_decorator.py
[2024-01-05T14:16:27.998+0000] {logging_mixin.py:137} INFO - [2024-01-05T14:16:27.997+0000] {dag.py:2690} INFO - Sync 1 DAGs
[2024-01-05T14:16:28.018+0000] {logging_mixin.py:137} INFO - [2024-01-05T14:16:28.018+0000] {dag.py:3441} INFO - Setting next_dagrun for example_task_group_decorator to 2024-01-04T14:16:28.018085+00:00, run_after=2024-01-05T14:16:28.018085+00:00
[2024-01-05T14:16:28.030+0000] {processor.py:175} INFO - Processing /home/airflow/.local/lib/python3.7/site-packages/airflow/example_dags/example_task_group_decorator.py took 0.103 seconds
[2024-01-05T14:16:58.128+0000] {processor.py:153} INFO - Started process (PID=7173) to work on /home/airflow/.local/lib/python3.7/site-packages/airflow/example_dags/example_task_group_decorator.py
[2024-01-05T14:16:58.130+0000] {processor.py:743} INFO - Processing file /home/airflow/.local/lib/python3.7/site-packages/airflow/example_dags/example_task_group_decorator.py for tasks to queue
[2024-01-05T14:16:58.133+0000] {logging_mixin.py:137} INFO - [2024-01-05T14:16:58.133+0000] {dagbag.py:538} INFO - Filling up the DagBag from /home/airflow/.local/lib/python3.7/site-packages/airflow/example_dags/example_task_group_decorator.py
[2024-01-05T14:16:58.191+0000] {processor.py:753} INFO - DAG(s) dict_keys(['example_task_group_decorator']) retrieved from /home/airflow/.local/lib/python3.7/site-packages/airflow/example_dags/example_task_group_decorator.py
[2024-01-05T14:16:58.270+0000] {logging_mixin.py:137} INFO - [2024-01-05T14:16:58.269+0000] {dag.py:2690} INFO - Sync 1 DAGs
[2024-01-05T14:16:58.325+0000] {logging_mixin.py:137} INFO - [2024-01-05T14:16:58.324+0000] {dag.py:3441} INFO - Setting next_dagrun for example_task_group_decorator to 2024-01-04T14:16:58.324495+00:00, run_after=2024-01-05T14:16:58.324495+00:00
[2024-01-05T14:16:58.397+0000] {processor.py:175} INFO - Processing /home/airflow/.local/lib/python3.7/site-packages/airflow/example_dags/example_task_group_decorator.py took 0.279 seconds
[2024-01-05T14:17:29.343+0000] {processor.py:153} INFO - Started process (PID=7239) to work on /home/airflow/.local/lib/python3.7/site-packages/airflow/example_dags/example_task_group_decorator.py
[2024-01-05T14:17:29.345+0000] {processor.py:743} INFO - Processing file /home/airflow/.local/lib/python3.7/site-packages/airflow/example_dags/example_task_group_decorator.py for tasks to queue
[2024-01-05T14:17:29.347+0000] {logging_mixin.py:137} INFO - [2024-01-05T14:17:29.347+0000] {dagbag.py:538} INFO - Filling up the DagBag from /home/airflow/.local/lib/python3.7/site-packages/airflow/example_dags/example_task_group_decorator.py
[2024-01-05T14:17:29.373+0000] {processor.py:753} INFO - DAG(s) dict_keys(['example_task_group_decorator']) retrieved from /home/airflow/.local/lib/python3.7/site-packages/airflow/example_dags/example_task_group_decorator.py
[2024-01-05T14:17:29.399+0000] {logging_mixin.py:137} INFO - [2024-01-05T14:17:29.399+0000] {dag.py:2690} INFO - Sync 1 DAGs
[2024-01-05T14:17:29.416+0000] {logging_mixin.py:137} INFO - [2024-01-05T14:17:29.416+0000] {dag.py:3441} INFO - Setting next_dagrun for example_task_group_decorator to 2024-01-04T14:17:29.416293+00:00, run_after=2024-01-05T14:17:29.416293+00:00
[2024-01-05T14:17:29.435+0000] {processor.py:175} INFO - Processing /home/airflow/.local/lib/python3.7/site-packages/airflow/example_dags/example_task_group_decorator.py took 0.098 seconds
[2024-01-05T14:17:59.643+0000] {processor.py:153} INFO - Started process (PID=7314) to work on /home/airflow/.local/lib/python3.7/site-packages/airflow/example_dags/example_task_group_decorator.py
[2024-01-05T14:17:59.645+0000] {processor.py:743} INFO - Processing file /home/airflow/.local/lib/python3.7/site-packages/airflow/example_dags/example_task_group_decorator.py for tasks to queue
[2024-01-05T14:17:59.647+0000] {logging_mixin.py:137} INFO - [2024-01-05T14:17:59.647+0000] {dagbag.py:538} INFO - Filling up the DagBag from /home/airflow/.local/lib/python3.7/site-packages/airflow/example_dags/example_task_group_decorator.py
[2024-01-05T14:17:59.673+0000] {processor.py:753} INFO - DAG(s) dict_keys(['example_task_group_decorator']) retrieved from /home/airflow/.local/lib/python3.7/site-packages/airflow/example_dags/example_task_group_decorator.py
[2024-01-05T14:17:59.701+0000] {logging_mixin.py:137} INFO - [2024-01-05T14:17:59.701+0000] {dag.py:2690} INFO - Sync 1 DAGs
[2024-01-05T14:17:59.727+0000] {logging_mixin.py:137} INFO - [2024-01-05T14:17:59.726+0000] {dag.py:3441} INFO - Setting next_dagrun for example_task_group_decorator to 2024-01-04T14:17:59.726674+00:00, run_after=2024-01-05T14:17:59.726674+00:00
[2024-01-05T14:17:59.775+0000] {processor.py:175} INFO - Processing /home/airflow/.local/lib/python3.7/site-packages/airflow/example_dags/example_task_group_decorator.py took 0.136 seconds
[2024-01-05T14:18:29.837+0000] {processor.py:153} INFO - Started process (PID=7376) to work on /home/airflow/.local/lib/python3.7/site-packages/airflow/example_dags/example_task_group_decorator.py
[2024-01-05T14:18:29.839+0000] {processor.py:743} INFO - Processing file /home/airflow/.local/lib/python3.7/site-packages/airflow/example_dags/example_task_group_decorator.py for tasks to queue
[2024-01-05T14:18:29.839+0000] {logging_mixin.py:137} INFO - [2024-01-05T14:18:29.839+0000] {dagbag.py:538} INFO - Filling up the DagBag from /home/airflow/.local/lib/python3.7/site-packages/airflow/example_dags/example_task_group_decorator.py
[2024-01-05T14:18:29.857+0000] {processor.py:753} INFO - DAG(s) dict_keys(['example_task_group_decorator']) retrieved from /home/airflow/.local/lib/python3.7/site-packages/airflow/example_dags/example_task_group_decorator.py
[2024-01-05T14:18:29.885+0000] {logging_mixin.py:137} INFO - [2024-01-05T14:18:29.885+0000] {dag.py:2690} INFO - Sync 1 DAGs
[2024-01-05T14:18:29.902+0000] {logging_mixin.py:137} INFO - [2024-01-05T14:18:29.902+0000] {dag.py:3441} INFO - Setting next_dagrun for example_task_group_decorator to 2024-01-04T14:18:29.902037+00:00, run_after=2024-01-05T14:18:29.902037+00:00
[2024-01-05T14:18:29.913+0000] {processor.py:175} INFO - Processing /home/airflow/.local/lib/python3.7/site-packages/airflow/example_dags/example_task_group_decorator.py took 0.079 seconds
[2024-01-05T14:19:00.347+0000] {processor.py:153} INFO - Started process (PID=7451) to work on /home/airflow/.local/lib/python3.7/site-packages/airflow/example_dags/example_task_group_decorator.py
[2024-01-05T14:19:00.348+0000] {processor.py:743} INFO - Processing file /home/airflow/.local/lib/python3.7/site-packages/airflow/example_dags/example_task_group_decorator.py for tasks to queue
[2024-01-05T14:19:00.349+0000] {logging_mixin.py:137} INFO - [2024-01-05T14:19:00.349+0000] {dagbag.py:538} INFO - Filling up the DagBag from /home/airflow/.local/lib/python3.7/site-packages/airflow/example_dags/example_task_group_decorator.py
[2024-01-05T14:19:00.368+0000] {processor.py:753} INFO - DAG(s) dict_keys(['example_task_group_decorator']) retrieved from /home/airflow/.local/lib/python3.7/site-packages/airflow/example_dags/example_task_group_decorator.py
[2024-01-05T14:19:00.389+0000] {logging_mixin.py:137} INFO - [2024-01-05T14:19:00.389+0000] {dag.py:2690} INFO - Sync 1 DAGs
[2024-01-05T14:19:00.406+0000] {logging_mixin.py:137} INFO - [2024-01-05T14:19:00.405+0000] {dag.py:3441} INFO - Setting next_dagrun for example_task_group_decorator to 2024-01-04T14:19:00.405762+00:00, run_after=2024-01-05T14:19:00.405762+00:00
[2024-01-05T14:19:00.424+0000] {processor.py:175} INFO - Processing /home/airflow/.local/lib/python3.7/site-packages/airflow/example_dags/example_task_group_decorator.py took 0.079 seconds
[2024-01-05T14:19:31.577+0000] {processor.py:153} INFO - Started process (PID=7514) to work on /home/airflow/.local/lib/python3.7/site-packages/airflow/example_dags/example_task_group_decorator.py
[2024-01-05T14:19:31.579+0000] {processor.py:743} INFO - Processing file /home/airflow/.local/lib/python3.7/site-packages/airflow/example_dags/example_task_group_decorator.py for tasks to queue
[2024-01-05T14:19:31.582+0000] {logging_mixin.py:137} INFO - [2024-01-05T14:19:31.581+0000] {dagbag.py:538} INFO - Filling up the DagBag from /home/airflow/.local/lib/python3.7/site-packages/airflow/example_dags/example_task_group_decorator.py
[2024-01-05T14:19:31.608+0000] {processor.py:753} INFO - DAG(s) dict_keys(['example_task_group_decorator']) retrieved from /home/airflow/.local/lib/python3.7/site-packages/airflow/example_dags/example_task_group_decorator.py
[2024-01-05T14:19:31.653+0000] {logging_mixin.py:137} INFO - [2024-01-05T14:19:31.653+0000] {dag.py:2690} INFO - Sync 1 DAGs
[2024-01-05T14:19:31.678+0000] {logging_mixin.py:137} INFO - [2024-01-05T14:19:31.678+0000] {dag.py:3441} INFO - Setting next_dagrun for example_task_group_decorator to 2024-01-04T14:19:31.677914+00:00, run_after=2024-01-05T14:19:31.677914+00:00
[2024-01-05T14:19:31.694+0000] {processor.py:175} INFO - Processing /home/airflow/.local/lib/python3.7/site-packages/airflow/example_dags/example_task_group_decorator.py took 0.121 seconds
[2024-01-05T14:20:01.798+0000] {processor.py:153} INFO - Started process (PID=7588) to work on /home/airflow/.local/lib/python3.7/site-packages/airflow/example_dags/example_task_group_decorator.py
[2024-01-05T14:20:01.799+0000] {processor.py:743} INFO - Processing file /home/airflow/.local/lib/python3.7/site-packages/airflow/example_dags/example_task_group_decorator.py for tasks to queue
[2024-01-05T14:20:01.800+0000] {logging_mixin.py:137} INFO - [2024-01-05T14:20:01.800+0000] {dagbag.py:538} INFO - Filling up the DagBag from /home/airflow/.local/lib/python3.7/site-packages/airflow/example_dags/example_task_group_decorator.py
[2024-01-05T14:20:01.819+0000] {processor.py:753} INFO - DAG(s) dict_keys(['example_task_group_decorator']) retrieved from /home/airflow/.local/lib/python3.7/site-packages/airflow/example_dags/example_task_group_decorator.py
[2024-01-05T14:20:01.839+0000] {logging_mixin.py:137} INFO - [2024-01-05T14:20:01.839+0000] {dag.py:2690} INFO - Sync 1 DAGs
[2024-01-05T14:20:01.856+0000] {logging_mixin.py:137} INFO - [2024-01-05T14:20:01.856+0000] {dag.py:3441} INFO - Setting next_dagrun for example_task_group_decorator to 2024-01-04T14:20:01.855964+00:00, run_after=2024-01-05T14:20:01.855964+00:00
[2024-01-05T14:20:01.869+0000] {processor.py:175} INFO - Processing /home/airflow/.local/lib/python3.7/site-packages/airflow/example_dags/example_task_group_decorator.py took 0.075 seconds
[2024-01-05T14:20:33.320+0000] {processor.py:153} INFO - Started process (PID=7663) to work on /home/airflow/.local/lib/python3.7/site-packages/airflow/example_dags/example_task_group_decorator.py
[2024-01-05T14:20:33.322+0000] {processor.py:743} INFO - Processing file /home/airflow/.local/lib/python3.7/site-packages/airflow/example_dags/example_task_group_decorator.py for tasks to queue
[2024-01-05T14:20:33.323+0000] {logging_mixin.py:137} INFO - [2024-01-05T14:20:33.323+0000] {dagbag.py:538} INFO - Filling up the DagBag from /home/airflow/.local/lib/python3.7/site-packages/airflow/example_dags/example_task_group_decorator.py
[2024-01-05T14:20:33.344+0000] {processor.py:753} INFO - DAG(s) dict_keys(['example_task_group_decorator']) retrieved from /home/airflow/.local/lib/python3.7/site-packages/airflow/example_dags/example_task_group_decorator.py
[2024-01-05T14:20:33.389+0000] {logging_mixin.py:137} INFO - [2024-01-05T14:20:33.389+0000] {dag.py:2690} INFO - Sync 1 DAGs
[2024-01-05T14:20:33.422+0000] {logging_mixin.py:137} INFO - [2024-01-05T14:20:33.422+0000] {dag.py:3441} INFO - Setting next_dagrun for example_task_group_decorator to 2024-01-04T14:20:33.422293+00:00, run_after=2024-01-05T14:20:33.422293+00:00
[2024-01-05T14:20:33.440+0000] {processor.py:175} INFO - Processing /home/airflow/.local/lib/python3.7/site-packages/airflow/example_dags/example_task_group_decorator.py took 0.126 seconds
[2024-01-05T14:21:03.549+0000] {processor.py:153} INFO - Started process (PID=7726) to work on /home/airflow/.local/lib/python3.7/site-packages/airflow/example_dags/example_task_group_decorator.py
[2024-01-05T14:21:03.550+0000] {processor.py:743} INFO - Processing file /home/airflow/.local/lib/python3.7/site-packages/airflow/example_dags/example_task_group_decorator.py for tasks to queue
[2024-01-05T14:21:03.551+0000] {logging_mixin.py:137} INFO - [2024-01-05T14:21:03.551+0000] {dagbag.py:538} INFO - Filling up the DagBag from /home/airflow/.local/lib/python3.7/site-packages/airflow/example_dags/example_task_group_decorator.py
[2024-01-05T14:21:03.569+0000] {processor.py:753} INFO - DAG(s) dict_keys(['example_task_group_decorator']) retrieved from /home/airflow/.local/lib/python3.7/site-packages/airflow/example_dags/example_task_group_decorator.py
[2024-01-05T14:21:03.588+0000] {logging_mixin.py:137} INFO - [2024-01-05T14:21:03.588+0000] {dag.py:2690} INFO - Sync 1 DAGs
[2024-01-05T14:21:03.604+0000] {logging_mixin.py:137} INFO - [2024-01-05T14:21:03.604+0000] {dag.py:3441} INFO - Setting next_dagrun for example_task_group_decorator to 2024-01-04T14:21:03.604137+00:00, run_after=2024-01-05T14:21:03.604137+00:00
[2024-01-05T14:21:03.616+0000] {processor.py:175} INFO - Processing /home/airflow/.local/lib/python3.7/site-packages/airflow/example_dags/example_task_group_decorator.py took 0.070 seconds
[2024-01-05T14:21:34.178+0000] {processor.py:153} INFO - Started process (PID=7802) to work on /home/airflow/.local/lib/python3.7/site-packages/airflow/example_dags/example_task_group_decorator.py
[2024-01-05T14:21:34.181+0000] {processor.py:743} INFO - Processing file /home/airflow/.local/lib/python3.7/site-packages/airflow/example_dags/example_task_group_decorator.py for tasks to queue
[2024-01-05T14:21:34.186+0000] {logging_mixin.py:137} INFO - [2024-01-05T14:21:34.186+0000] {dagbag.py:538} INFO - Filling up the DagBag from /home/airflow/.local/lib/python3.7/site-packages/airflow/example_dags/example_task_group_decorator.py
[2024-01-05T14:21:34.210+0000] {processor.py:753} INFO - DAG(s) dict_keys(['example_task_group_decorator']) retrieved from /home/airflow/.local/lib/python3.7/site-packages/airflow/example_dags/example_task_group_decorator.py
[2024-01-05T14:21:34.230+0000] {logging_mixin.py:137} INFO - [2024-01-05T14:21:34.230+0000] {dag.py:2690} INFO - Sync 1 DAGs
[2024-01-05T14:21:34.247+0000] {logging_mixin.py:137} INFO - [2024-01-05T14:21:34.246+0000] {dag.py:3441} INFO - Setting next_dagrun for example_task_group_decorator to 2024-01-04T14:21:34.246728+00:00, run_after=2024-01-05T14:21:34.246728+00:00
[2024-01-05T14:21:34.258+0000] {processor.py:175} INFO - Processing /home/airflow/.local/lib/python3.7/site-packages/airflow/example_dags/example_task_group_decorator.py took 0.083 seconds
[2024-01-05T14:22:04.461+0000] {processor.py:153} INFO - Started process (PID=7865) to work on /home/airflow/.local/lib/python3.7/site-packages/airflow/example_dags/example_task_group_decorator.py
[2024-01-05T14:22:04.462+0000] {processor.py:743} INFO - Processing file /home/airflow/.local/lib/python3.7/site-packages/airflow/example_dags/example_task_group_decorator.py for tasks to queue
[2024-01-05T14:22:04.463+0000] {logging_mixin.py:137} INFO - [2024-01-05T14:22:04.463+0000] {dagbag.py:538} INFO - Filling up the DagBag from /home/airflow/.local/lib/python3.7/site-packages/airflow/example_dags/example_task_group_decorator.py
[2024-01-05T14:22:04.481+0000] {processor.py:753} INFO - DAG(s) dict_keys(['example_task_group_decorator']) retrieved from /home/airflow/.local/lib/python3.7/site-packages/airflow/example_dags/example_task_group_decorator.py
[2024-01-05T14:22:04.502+0000] {logging_mixin.py:137} INFO - [2024-01-05T14:22:04.502+0000] {dag.py:2690} INFO - Sync 1 DAGs
[2024-01-05T14:22:04.519+0000] {logging_mixin.py:137} INFO - [2024-01-05T14:22:04.519+0000] {dag.py:3441} INFO - Setting next_dagrun for example_task_group_decorator to 2024-01-04T14:22:04.519390+00:00, run_after=2024-01-05T14:22:04.519390+00:00
[2024-01-05T14:22:04.531+0000] {processor.py:175} INFO - Processing /home/airflow/.local/lib/python3.7/site-packages/airflow/example_dags/example_task_group_decorator.py took 0.072 seconds
[2024-01-05T14:22:35.151+0000] {processor.py:153} INFO - Started process (PID=7941) to work on /home/airflow/.local/lib/python3.7/site-packages/airflow/example_dags/example_task_group_decorator.py
[2024-01-05T14:22:35.152+0000] {processor.py:743} INFO - Processing file /home/airflow/.local/lib/python3.7/site-packages/airflow/example_dags/example_task_group_decorator.py for tasks to queue
[2024-01-05T14:22:35.153+0000] {logging_mixin.py:137} INFO - [2024-01-05T14:22:35.153+0000] {dagbag.py:538} INFO - Filling up the DagBag from /home/airflow/.local/lib/python3.7/site-packages/airflow/example_dags/example_task_group_decorator.py
[2024-01-05T14:22:35.174+0000] {processor.py:753} INFO - DAG(s) dict_keys(['example_task_group_decorator']) retrieved from /home/airflow/.local/lib/python3.7/site-packages/airflow/example_dags/example_task_group_decorator.py
[2024-01-05T14:22:35.201+0000] {logging_mixin.py:137} INFO - [2024-01-05T14:22:35.201+0000] {dag.py:2690} INFO - Sync 1 DAGs
[2024-01-05T14:22:35.221+0000] {logging_mixin.py:137} INFO - [2024-01-05T14:22:35.221+0000] {dag.py:3441} INFO - Setting next_dagrun for example_task_group_decorator to 2024-01-04T14:22:35.221200+00:00, run_after=2024-01-05T14:22:35.221200+00:00
[2024-01-05T14:22:35.234+0000] {processor.py:175} INFO - Processing /home/airflow/.local/lib/python3.7/site-packages/airflow/example_dags/example_task_group_decorator.py took 0.086 seconds
[2024-01-05T14:23:05.873+0000] {processor.py:153} INFO - Started process (PID=8004) to work on /home/airflow/.local/lib/python3.7/site-packages/airflow/example_dags/example_task_group_decorator.py
[2024-01-05T14:23:05.874+0000] {processor.py:743} INFO - Processing file /home/airflow/.local/lib/python3.7/site-packages/airflow/example_dags/example_task_group_decorator.py for tasks to queue
[2024-01-05T14:23:05.875+0000] {logging_mixin.py:137} INFO - [2024-01-05T14:23:05.875+0000] {dagbag.py:538} INFO - Filling up the DagBag from /home/airflow/.local/lib/python3.7/site-packages/airflow/example_dags/example_task_group_decorator.py
[2024-01-05T14:23:05.894+0000] {processor.py:753} INFO - DAG(s) dict_keys(['example_task_group_decorator']) retrieved from /home/airflow/.local/lib/python3.7/site-packages/airflow/example_dags/example_task_group_decorator.py
[2024-01-05T14:23:05.917+0000] {logging_mixin.py:137} INFO - [2024-01-05T14:23:05.917+0000] {dag.py:2690} INFO - Sync 1 DAGs
[2024-01-05T14:23:05.932+0000] {logging_mixin.py:137} INFO - [2024-01-05T14:23:05.932+0000] {dag.py:3441} INFO - Setting next_dagrun for example_task_group_decorator to 2024-01-04T14:23:05.932459+00:00, run_after=2024-01-05T14:23:05.932459+00:00
[2024-01-05T14:23:05.944+0000] {processor.py:175} INFO - Processing /home/airflow/.local/lib/python3.7/site-packages/airflow/example_dags/example_task_group_decorator.py took 0.074 seconds
[2024-01-05T14:23:36.378+0000] {processor.py:153} INFO - Started process (PID=8079) to work on /home/airflow/.local/lib/python3.7/site-packages/airflow/example_dags/example_task_group_decorator.py
[2024-01-05T14:23:36.379+0000] {processor.py:743} INFO - Processing file /home/airflow/.local/lib/python3.7/site-packages/airflow/example_dags/example_task_group_decorator.py for tasks to queue
[2024-01-05T14:23:36.380+0000] {logging_mixin.py:137} INFO - [2024-01-05T14:23:36.380+0000] {dagbag.py:538} INFO - Filling up the DagBag from /home/airflow/.local/lib/python3.7/site-packages/airflow/example_dags/example_task_group_decorator.py
[2024-01-05T14:23:36.399+0000] {processor.py:753} INFO - DAG(s) dict_keys(['example_task_group_decorator']) retrieved from /home/airflow/.local/lib/python3.7/site-packages/airflow/example_dags/example_task_group_decorator.py
[2024-01-05T14:23:36.418+0000] {logging_mixin.py:137} INFO - [2024-01-05T14:23:36.418+0000] {dag.py:2690} INFO - Sync 1 DAGs
[2024-01-05T14:23:36.437+0000] {logging_mixin.py:137} INFO - [2024-01-05T14:23:36.437+0000] {dag.py:3441} INFO - Setting next_dagrun for example_task_group_decorator to 2024-01-04T14:23:36.436825+00:00, run_after=2024-01-05T14:23:36.436825+00:00
[2024-01-05T14:23:36.449+0000] {processor.py:175} INFO - Processing /home/airflow/.local/lib/python3.7/site-packages/airflow/example_dags/example_task_group_decorator.py took 0.074 seconds
[2024-01-05T14:24:07.158+0000] {processor.py:153} INFO - Started process (PID=8142) to work on /home/airflow/.local/lib/python3.7/site-packages/airflow/example_dags/example_task_group_decorator.py
[2024-01-05T14:24:07.160+0000] {processor.py:743} INFO - Processing file /home/airflow/.local/lib/python3.7/site-packages/airflow/example_dags/example_task_group_decorator.py for tasks to queue
[2024-01-05T14:24:07.161+0000] {logging_mixin.py:137} INFO - [2024-01-05T14:24:07.161+0000] {dagbag.py:538} INFO - Filling up the DagBag from /home/airflow/.local/lib/python3.7/site-packages/airflow/example_dags/example_task_group_decorator.py
[2024-01-05T14:24:07.179+0000] {processor.py:753} INFO - DAG(s) dict_keys(['example_task_group_decorator']) retrieved from /home/airflow/.local/lib/python3.7/site-packages/airflow/example_dags/example_task_group_decorator.py
[2024-01-05T14:24:07.197+0000] {logging_mixin.py:137} INFO - [2024-01-05T14:24:07.197+0000] {dag.py:2690} INFO - Sync 1 DAGs
[2024-01-05T14:24:07.212+0000] {logging_mixin.py:137} INFO - [2024-01-05T14:24:07.212+0000] {dag.py:3441} INFO - Setting next_dagrun for example_task_group_decorator to 2024-01-04T14:24:07.212340+00:00, run_after=2024-01-05T14:24:07.212340+00:00
[2024-01-05T14:24:07.222+0000] {processor.py:175} INFO - Processing /home/airflow/.local/lib/python3.7/site-packages/airflow/example_dags/example_task_group_decorator.py took 0.067 seconds
[2024-01-05T14:24:37.832+0000] {processor.py:153} INFO - Started process (PID=8218) to work on /home/airflow/.local/lib/python3.7/site-packages/airflow/example_dags/example_task_group_decorator.py
[2024-01-05T14:24:37.833+0000] {processor.py:743} INFO - Processing file /home/airflow/.local/lib/python3.7/site-packages/airflow/example_dags/example_task_group_decorator.py for tasks to queue
[2024-01-05T14:24:37.834+0000] {logging_mixin.py:137} INFO - [2024-01-05T14:24:37.834+0000] {dagbag.py:538} INFO - Filling up the DagBag from /home/airflow/.local/lib/python3.7/site-packages/airflow/example_dags/example_task_group_decorator.py
[2024-01-05T14:24:37.854+0000] {processor.py:753} INFO - DAG(s) dict_keys(['example_task_group_decorator']) retrieved from /home/airflow/.local/lib/python3.7/site-packages/airflow/example_dags/example_task_group_decorator.py
[2024-01-05T14:24:37.881+0000] {logging_mixin.py:137} INFO - [2024-01-05T14:24:37.881+0000] {dag.py:2690} INFO - Sync 1 DAGs
[2024-01-05T14:24:37.899+0000] {logging_mixin.py:137} INFO - [2024-01-05T14:24:37.899+0000] {dag.py:3441} INFO - Setting next_dagrun for example_task_group_decorator to 2024-01-04T14:24:37.899453+00:00, run_after=2024-01-05T14:24:37.899453+00:00
[2024-01-05T14:24:37.910+0000] {processor.py:175} INFO - Processing /home/airflow/.local/lib/python3.7/site-packages/airflow/example_dags/example_task_group_decorator.py took 0.081 seconds
[2024-01-05T14:25:08.842+0000] {processor.py:153} INFO - Started process (PID=8291) to work on /home/airflow/.local/lib/python3.7/site-packages/airflow/example_dags/example_task_group_decorator.py
[2024-01-05T14:25:08.844+0000] {processor.py:743} INFO - Processing file /home/airflow/.local/lib/python3.7/site-packages/airflow/example_dags/example_task_group_decorator.py for tasks to queue
[2024-01-05T14:25:08.845+0000] {logging_mixin.py:137} INFO - [2024-01-05T14:25:08.845+0000] {dagbag.py:538} INFO - Filling up the DagBag from /home/airflow/.local/lib/python3.7/site-packages/airflow/example_dags/example_task_group_decorator.py
[2024-01-05T14:25:08.868+0000] {processor.py:753} INFO - DAG(s) dict_keys(['example_task_group_decorator']) retrieved from /home/airflow/.local/lib/python3.7/site-packages/airflow/example_dags/example_task_group_decorator.py
[2024-01-05T14:25:08.891+0000] {logging_mixin.py:137} INFO - [2024-01-05T14:25:08.891+0000] {dag.py:2690} INFO - Sync 1 DAGs
[2024-01-05T14:25:08.910+0000] {logging_mixin.py:137} INFO - [2024-01-05T14:25:08.910+0000] {dag.py:3441} INFO - Setting next_dagrun for example_task_group_decorator to 2024-01-04T14:25:08.910562+00:00, run_after=2024-01-05T14:25:08.910562+00:00
[2024-01-05T14:25:08.948+0000] {processor.py:175} INFO - Processing /home/airflow/.local/lib/python3.7/site-packages/airflow/example_dags/example_task_group_decorator.py took 0.110 seconds
[2024-01-05T14:25:39.970+0000] {processor.py:153} INFO - Started process (PID=8357) to work on /home/airflow/.local/lib/python3.7/site-packages/airflow/example_dags/example_task_group_decorator.py
[2024-01-05T14:25:39.972+0000] {processor.py:743} INFO - Processing file /home/airflow/.local/lib/python3.7/site-packages/airflow/example_dags/example_task_group_decorator.py for tasks to queue
[2024-01-05T14:25:39.974+0000] {logging_mixin.py:137} INFO - [2024-01-05T14:25:39.973+0000] {dagbag.py:538} INFO - Filling up the DagBag from /home/airflow/.local/lib/python3.7/site-packages/airflow/example_dags/example_task_group_decorator.py
[2024-01-05T14:25:39.999+0000] {processor.py:753} INFO - DAG(s) dict_keys(['example_task_group_decorator']) retrieved from /home/airflow/.local/lib/python3.7/site-packages/airflow/example_dags/example_task_group_decorator.py
[2024-01-05T14:25:40.019+0000] {logging_mixin.py:137} INFO - [2024-01-05T14:25:40.019+0000] {dag.py:2690} INFO - Sync 1 DAGs
[2024-01-05T14:25:40.035+0000] {logging_mixin.py:137} INFO - [2024-01-05T14:25:40.035+0000] {dag.py:3441} INFO - Setting next_dagrun for example_task_group_decorator to 2024-01-04T14:25:40.035481+00:00, run_after=2024-01-05T14:25:40.035481+00:00
[2024-01-05T14:25:40.046+0000] {processor.py:175} INFO - Processing /home/airflow/.local/lib/python3.7/site-packages/airflow/example_dags/example_task_group_decorator.py took 0.083 seconds
[2024-01-05T14:26:10.513+0000] {processor.py:153} INFO - Started process (PID=8432) to work on /home/airflow/.local/lib/python3.7/site-packages/airflow/example_dags/example_task_group_decorator.py
[2024-01-05T14:26:10.515+0000] {processor.py:743} INFO - Processing file /home/airflow/.local/lib/python3.7/site-packages/airflow/example_dags/example_task_group_decorator.py for tasks to queue
[2024-01-05T14:26:10.516+0000] {logging_mixin.py:137} INFO - [2024-01-05T14:26:10.516+0000] {dagbag.py:538} INFO - Filling up the DagBag from /home/airflow/.local/lib/python3.7/site-packages/airflow/example_dags/example_task_group_decorator.py
[2024-01-05T14:26:10.540+0000] {processor.py:753} INFO - DAG(s) dict_keys(['example_task_group_decorator']) retrieved from /home/airflow/.local/lib/python3.7/site-packages/airflow/example_dags/example_task_group_decorator.py
[2024-01-05T14:26:10.566+0000] {logging_mixin.py:137} INFO - [2024-01-05T14:26:10.566+0000] {dag.py:2690} INFO - Sync 1 DAGs
[2024-01-05T14:26:10.581+0000] {logging_mixin.py:137} INFO - [2024-01-05T14:26:10.581+0000] {dag.py:3441} INFO - Setting next_dagrun for example_task_group_decorator to 2024-01-04T14:26:10.581641+00:00, run_after=2024-01-05T14:26:10.581641+00:00
[2024-01-05T14:26:10.593+0000] {processor.py:175} INFO - Processing /home/airflow/.local/lib/python3.7/site-packages/airflow/example_dags/example_task_group_decorator.py took 0.084 seconds
[2024-01-05T14:26:40.684+0000] {processor.py:153} INFO - Started process (PID=8495) to work on /home/airflow/.local/lib/python3.7/site-packages/airflow/example_dags/example_task_group_decorator.py
[2024-01-05T14:26:40.685+0000] {processor.py:743} INFO - Processing file /home/airflow/.local/lib/python3.7/site-packages/airflow/example_dags/example_task_group_decorator.py for tasks to queue
[2024-01-05T14:26:40.686+0000] {logging_mixin.py:137} INFO - [2024-01-05T14:26:40.686+0000] {dagbag.py:538} INFO - Filling up the DagBag from /home/airflow/.local/lib/python3.7/site-packages/airflow/example_dags/example_task_group_decorator.py
[2024-01-05T14:26:40.704+0000] {processor.py:753} INFO - DAG(s) dict_keys(['example_task_group_decorator']) retrieved from /home/airflow/.local/lib/python3.7/site-packages/airflow/example_dags/example_task_group_decorator.py
[2024-01-05T14:26:40.723+0000] {logging_mixin.py:137} INFO - [2024-01-05T14:26:40.723+0000] {dag.py:2690} INFO - Sync 1 DAGs
[2024-01-05T14:26:40.739+0000] {logging_mixin.py:137} INFO - [2024-01-05T14:26:40.739+0000] {dag.py:3441} INFO - Setting next_dagrun for example_task_group_decorator to 2024-01-04T14:26:40.738970+00:00, run_after=2024-01-05T14:26:40.738970+00:00
[2024-01-05T14:26:40.749+0000] {processor.py:175} INFO - Processing /home/airflow/.local/lib/python3.7/site-packages/airflow/example_dags/example_task_group_decorator.py took 0.068 seconds
