[2024-01-05T01:20:52.554+0000] {processor.py:153} INFO - Started process (PID=4308) to work on /home/airflow/.local/lib/python3.7/site-packages/airflow/example_dags/example_nested_branch_dag.py
[2024-01-05T01:20:52.556+0000] {processor.py:743} INFO - Processing file /home/airflow/.local/lib/python3.7/site-packages/airflow/example_dags/example_nested_branch_dag.py for tasks to queue
[2024-01-05T01:20:52.556+0000] {logging_mixin.py:137} INFO - [2024-01-05T01:20:52.556+0000] {dagbag.py:538} INFO - Filling up the DagBag from /home/airflow/.local/lib/python3.7/site-packages/airflow/example_dags/example_nested_branch_dag.py
[2024-01-05T01:20:52.574+0000] {processor.py:753} INFO - DAG(s) dict_keys(['example_nested_branch_dag']) retrieved from /home/airflow/.local/lib/python3.7/site-packages/airflow/example_dags/example_nested_branch_dag.py
[2024-01-05T01:20:52.594+0000] {logging_mixin.py:137} INFO - [2024-01-05T01:20:52.594+0000] {dag.py:2690} INFO - Sync 1 DAGs
[2024-01-05T01:20:52.621+0000] {logging_mixin.py:137} INFO - [2024-01-05T01:20:52.621+0000] {dag.py:3441} INFO - Setting next_dagrun for example_nested_branch_dag to 2024-01-04T00:00:00+00:00, run_after=2024-01-05T00:00:00+00:00
[2024-01-05T01:20:52.636+0000] {processor.py:175} INFO - Processing /home/airflow/.local/lib/python3.7/site-packages/airflow/example_dags/example_nested_branch_dag.py took 0.085 seconds
[2024-01-05T02:31:17.148+0000] {processor.py:153} INFO - Started process (PID=4384) to work on /home/airflow/.local/lib/python3.7/site-packages/airflow/example_dags/example_nested_branch_dag.py
[2024-01-05T02:31:17.150+0000] {processor.py:743} INFO - Processing file /home/airflow/.local/lib/python3.7/site-packages/airflow/example_dags/example_nested_branch_dag.py for tasks to queue
[2024-01-05T02:31:17.151+0000] {logging_mixin.py:137} INFO - [2024-01-05T02:31:17.151+0000] {dagbag.py:538} INFO - Filling up the DagBag from /home/airflow/.local/lib/python3.7/site-packages/airflow/example_dags/example_nested_branch_dag.py
[2024-01-05T02:31:17.170+0000] {processor.py:753} INFO - DAG(s) dict_keys(['example_nested_branch_dag']) retrieved from /home/airflow/.local/lib/python3.7/site-packages/airflow/example_dags/example_nested_branch_dag.py
[2024-01-05T02:31:17.192+0000] {logging_mixin.py:137} INFO - [2024-01-05T02:31:17.192+0000] {dag.py:2690} INFO - Sync 1 DAGs
[2024-01-05T02:31:17.212+0000] {logging_mixin.py:137} INFO - [2024-01-05T02:31:17.212+0000] {dag.py:3441} INFO - Setting next_dagrun for example_nested_branch_dag to 2024-01-04T00:00:00+00:00, run_after=2024-01-05T00:00:00+00:00
[2024-01-05T02:31:17.227+0000] {processor.py:175} INFO - Processing /home/airflow/.local/lib/python3.7/site-packages/airflow/example_dags/example_nested_branch_dag.py took 0.082 seconds
[2024-01-05T03:42:25.956+0000] {processor.py:153} INFO - Started process (PID=4447) to work on /home/airflow/.local/lib/python3.7/site-packages/airflow/example_dags/example_nested_branch_dag.py
[2024-01-05T03:42:25.958+0000] {processor.py:743} INFO - Processing file /home/airflow/.local/lib/python3.7/site-packages/airflow/example_dags/example_nested_branch_dag.py for tasks to queue
[2024-01-05T03:42:25.960+0000] {logging_mixin.py:137} INFO - [2024-01-05T03:42:25.959+0000] {dagbag.py:538} INFO - Filling up the DagBag from /home/airflow/.local/lib/python3.7/site-packages/airflow/example_dags/example_nested_branch_dag.py
[2024-01-05T03:42:25.987+0000] {processor.py:753} INFO - DAG(s) dict_keys(['example_nested_branch_dag']) retrieved from /home/airflow/.local/lib/python3.7/site-packages/airflow/example_dags/example_nested_branch_dag.py
[2024-01-05T03:42:26.011+0000] {logging_mixin.py:137} INFO - [2024-01-05T03:42:26.010+0000] {dag.py:2690} INFO - Sync 1 DAGs
[2024-01-05T03:42:26.031+0000] {logging_mixin.py:137} INFO - [2024-01-05T03:42:26.031+0000] {dag.py:3441} INFO - Setting next_dagrun for example_nested_branch_dag to 2024-01-04T00:00:00+00:00, run_after=2024-01-05T00:00:00+00:00
[2024-01-05T03:42:26.047+0000] {processor.py:175} INFO - Processing /home/airflow/.local/lib/python3.7/site-packages/airflow/example_dags/example_nested_branch_dag.py took 0.100 seconds
[2024-01-05T05:03:24.941+0000] {processor.py:153} INFO - Started process (PID=4519) to work on /home/airflow/.local/lib/python3.7/site-packages/airflow/example_dags/example_nested_branch_dag.py
[2024-01-05T05:03:24.955+0000] {processor.py:743} INFO - Processing file /home/airflow/.local/lib/python3.7/site-packages/airflow/example_dags/example_nested_branch_dag.py for tasks to queue
[2024-01-05T05:03:24.958+0000] {logging_mixin.py:137} INFO - [2024-01-05T05:03:24.957+0000] {dagbag.py:538} INFO - Filling up the DagBag from /home/airflow/.local/lib/python3.7/site-packages/airflow/example_dags/example_nested_branch_dag.py
[2024-01-05T05:03:25.023+0000] {processor.py:753} INFO - DAG(s) dict_keys(['example_nested_branch_dag']) retrieved from /home/airflow/.local/lib/python3.7/site-packages/airflow/example_dags/example_nested_branch_dag.py
[2024-01-05T05:03:25.101+0000] {logging_mixin.py:137} INFO - [2024-01-05T05:03:25.100+0000] {dag.py:2690} INFO - Sync 1 DAGs
[2024-01-05T05:03:25.177+0000] {logging_mixin.py:137} INFO - [2024-01-05T05:03:25.176+0000] {dag.py:3441} INFO - Setting next_dagrun for example_nested_branch_dag to 2024-01-04T00:00:00+00:00, run_after=2024-01-05T00:00:00+00:00
[2024-01-05T05:03:25.218+0000] {processor.py:175} INFO - Processing /home/airflow/.local/lib/python3.7/site-packages/airflow/example_dags/example_nested_branch_dag.py took 0.311 seconds
[2024-01-05T06:28:02.005+0000] {processor.py:153} INFO - Started process (PID=4584) to work on /home/airflow/.local/lib/python3.7/site-packages/airflow/example_dags/example_nested_branch_dag.py
[2024-01-05T06:28:02.007+0000] {processor.py:743} INFO - Processing file /home/airflow/.local/lib/python3.7/site-packages/airflow/example_dags/example_nested_branch_dag.py for tasks to queue
[2024-01-05T06:28:02.009+0000] {logging_mixin.py:137} INFO - [2024-01-05T06:28:02.009+0000] {dagbag.py:538} INFO - Filling up the DagBag from /home/airflow/.local/lib/python3.7/site-packages/airflow/example_dags/example_nested_branch_dag.py
[2024-01-05T06:28:02.056+0000] {processor.py:753} INFO - DAG(s) dict_keys(['example_nested_branch_dag']) retrieved from /home/airflow/.local/lib/python3.7/site-packages/airflow/example_dags/example_nested_branch_dag.py
[2024-01-05T06:28:02.090+0000] {logging_mixin.py:137} INFO - [2024-01-05T06:28:02.090+0000] {dag.py:2690} INFO - Sync 1 DAGs
[2024-01-05T06:28:02.118+0000] {logging_mixin.py:137} INFO - [2024-01-05T06:28:02.118+0000] {dag.py:3441} INFO - Setting next_dagrun for example_nested_branch_dag to 2024-01-04T00:00:00+00:00, run_after=2024-01-05T00:00:00+00:00
[2024-01-05T06:28:02.142+0000] {processor.py:175} INFO - Processing /home/airflow/.local/lib/python3.7/site-packages/airflow/example_dags/example_nested_branch_dag.py took 0.153 seconds
[2024-01-05T07:47:03.671+0000] {processor.py:153} INFO - Started process (PID=4647) to work on /home/airflow/.local/lib/python3.7/site-packages/airflow/example_dags/example_nested_branch_dag.py
[2024-01-05T07:47:03.672+0000] {processor.py:743} INFO - Processing file /home/airflow/.local/lib/python3.7/site-packages/airflow/example_dags/example_nested_branch_dag.py for tasks to queue
[2024-01-05T07:47:03.674+0000] {logging_mixin.py:137} INFO - [2024-01-05T07:47:03.674+0000] {dagbag.py:538} INFO - Filling up the DagBag from /home/airflow/.local/lib/python3.7/site-packages/airflow/example_dags/example_nested_branch_dag.py
[2024-01-05T07:47:03.693+0000] {processor.py:753} INFO - DAG(s) dict_keys(['example_nested_branch_dag']) retrieved from /home/airflow/.local/lib/python3.7/site-packages/airflow/example_dags/example_nested_branch_dag.py
[2024-01-05T07:47:03.715+0000] {logging_mixin.py:137} INFO - [2024-01-05T07:47:03.715+0000] {dag.py:2690} INFO - Sync 1 DAGs
[2024-01-05T07:47:03.743+0000] {logging_mixin.py:137} INFO - [2024-01-05T07:47:03.743+0000] {dag.py:3441} INFO - Setting next_dagrun for example_nested_branch_dag to 2024-01-04T00:00:00+00:00, run_after=2024-01-05T00:00:00+00:00
[2024-01-05T07:47:03.760+0000] {processor.py:175} INFO - Processing /home/airflow/.local/lib/python3.7/site-packages/airflow/example_dags/example_nested_branch_dag.py took 0.093 seconds
[2024-01-05T09:24:45.718+0000] {processor.py:153} INFO - Started process (PID=4721) to work on /home/airflow/.local/lib/python3.7/site-packages/airflow/example_dags/example_nested_branch_dag.py
[2024-01-05T09:24:45.727+0000] {processor.py:743} INFO - Processing file /home/airflow/.local/lib/python3.7/site-packages/airflow/example_dags/example_nested_branch_dag.py for tasks to queue
[2024-01-05T09:24:45.731+0000] {logging_mixin.py:137} INFO - [2024-01-05T09:24:45.730+0000] {dagbag.py:538} INFO - Filling up the DagBag from /home/airflow/.local/lib/python3.7/site-packages/airflow/example_dags/example_nested_branch_dag.py
[2024-01-05T09:24:45.855+0000] {processor.py:753} INFO - DAG(s) dict_keys(['example_nested_branch_dag']) retrieved from /home/airflow/.local/lib/python3.7/site-packages/airflow/example_dags/example_nested_branch_dag.py
[2024-01-05T09:24:45.911+0000] {logging_mixin.py:137} INFO - [2024-01-05T09:24:45.911+0000] {dag.py:2690} INFO - Sync 1 DAGs
[2024-01-05T09:24:45.936+0000] {logging_mixin.py:137} INFO - [2024-01-05T09:24:45.936+0000] {dag.py:3441} INFO - Setting next_dagrun for example_nested_branch_dag to 2024-01-04T00:00:00+00:00, run_after=2024-01-05T00:00:00+00:00
[2024-01-05T09:24:45.962+0000] {processor.py:175} INFO - Processing /home/airflow/.local/lib/python3.7/site-packages/airflow/example_dags/example_nested_branch_dag.py took 0.300 seconds
[2024-01-05T10:32:47.018+0000] {processor.py:153} INFO - Started process (PID=4784) to work on /home/airflow/.local/lib/python3.7/site-packages/airflow/example_dags/example_nested_branch_dag.py
[2024-01-05T10:32:47.019+0000] {processor.py:743} INFO - Processing file /home/airflow/.local/lib/python3.7/site-packages/airflow/example_dags/example_nested_branch_dag.py for tasks to queue
[2024-01-05T10:32:47.020+0000] {logging_mixin.py:137} INFO - [2024-01-05T10:32:47.020+0000] {dagbag.py:538} INFO - Filling up the DagBag from /home/airflow/.local/lib/python3.7/site-packages/airflow/example_dags/example_nested_branch_dag.py
[2024-01-05T10:32:47.037+0000] {processor.py:753} INFO - DAG(s) dict_keys(['example_nested_branch_dag']) retrieved from /home/airflow/.local/lib/python3.7/site-packages/airflow/example_dags/example_nested_branch_dag.py
[2024-01-05T10:32:47.057+0000] {logging_mixin.py:137} INFO - [2024-01-05T10:32:47.057+0000] {dag.py:2690} INFO - Sync 1 DAGs
[2024-01-05T10:32:47.073+0000] {logging_mixin.py:137} INFO - [2024-01-05T10:32:47.073+0000] {dag.py:3441} INFO - Setting next_dagrun for example_nested_branch_dag to 2024-01-04T00:00:00+00:00, run_after=2024-01-05T00:00:00+00:00
[2024-01-05T10:32:47.085+0000] {processor.py:175} INFO - Processing /home/airflow/.local/lib/python3.7/site-packages/airflow/example_dags/example_nested_branch_dag.py took 0.070 seconds
[2024-01-05T11:33:45.716+0000] {processor.py:153} INFO - Started process (PID=4856) to work on /home/airflow/.local/lib/python3.7/site-packages/airflow/example_dags/example_nested_branch_dag.py
[2024-01-05T11:33:45.718+0000] {processor.py:743} INFO - Processing file /home/airflow/.local/lib/python3.7/site-packages/airflow/example_dags/example_nested_branch_dag.py for tasks to queue
[2024-01-05T11:33:45.720+0000] {logging_mixin.py:137} INFO - [2024-01-05T11:33:45.720+0000] {dagbag.py:538} INFO - Filling up the DagBag from /home/airflow/.local/lib/python3.7/site-packages/airflow/example_dags/example_nested_branch_dag.py
[2024-01-05T11:33:45.792+0000] {processor.py:753} INFO - DAG(s) dict_keys(['example_nested_branch_dag']) retrieved from /home/airflow/.local/lib/python3.7/site-packages/airflow/example_dags/example_nested_branch_dag.py
[2024-01-05T11:33:45.834+0000] {logging_mixin.py:137} INFO - [2024-01-05T11:33:45.834+0000] {dag.py:2690} INFO - Sync 1 DAGs
[2024-01-05T11:33:45.865+0000] {logging_mixin.py:137} INFO - [2024-01-05T11:33:45.864+0000] {dag.py:3441} INFO - Setting next_dagrun for example_nested_branch_dag to 2024-01-04T00:00:00+00:00, run_after=2024-01-05T00:00:00+00:00
[2024-01-05T11:33:45.889+0000] {processor.py:175} INFO - Processing /home/airflow/.local/lib/python3.7/site-packages/airflow/example_dags/example_nested_branch_dag.py took 0.180 seconds
[2024-01-05T12:52:16.768+0000] {processor.py:153} INFO - Started process (PID=4922) to work on /home/airflow/.local/lib/python3.7/site-packages/airflow/example_dags/example_nested_branch_dag.py
[2024-01-05T12:52:16.769+0000] {processor.py:743} INFO - Processing file /home/airflow/.local/lib/python3.7/site-packages/airflow/example_dags/example_nested_branch_dag.py for tasks to queue
[2024-01-05T12:52:16.770+0000] {logging_mixin.py:137} INFO - [2024-01-05T12:52:16.770+0000] {dagbag.py:538} INFO - Filling up the DagBag from /home/airflow/.local/lib/python3.7/site-packages/airflow/example_dags/example_nested_branch_dag.py
[2024-01-05T12:52:16.786+0000] {processor.py:753} INFO - DAG(s) dict_keys(['example_nested_branch_dag']) retrieved from /home/airflow/.local/lib/python3.7/site-packages/airflow/example_dags/example_nested_branch_dag.py
[2024-01-05T12:52:16.816+0000] {logging_mixin.py:137} INFO - [2024-01-05T12:52:16.816+0000] {dag.py:2690} INFO - Sync 1 DAGs
[2024-01-05T12:52:16.837+0000] {logging_mixin.py:137} INFO - [2024-01-05T12:52:16.837+0000] {dag.py:3441} INFO - Setting next_dagrun for example_nested_branch_dag to 2024-01-04T00:00:00+00:00, run_after=2024-01-05T00:00:00+00:00
[2024-01-05T12:52:16.848+0000] {processor.py:175} INFO - Processing /home/airflow/.local/lib/python3.7/site-packages/airflow/example_dags/example_nested_branch_dag.py took 0.083 seconds
[2024-01-05T14:01:01.373+0000] {processor.py:153} INFO - Started process (PID=4991) to work on /home/airflow/.local/lib/python3.7/site-packages/airflow/example_dags/example_nested_branch_dag.py
[2024-01-05T14:01:01.376+0000] {processor.py:743} INFO - Processing file /home/airflow/.local/lib/python3.7/site-packages/airflow/example_dags/example_nested_branch_dag.py for tasks to queue
[2024-01-05T14:01:01.379+0000] {logging_mixin.py:137} INFO - [2024-01-05T14:01:01.379+0000] {dagbag.py:538} INFO - Filling up the DagBag from /home/airflow/.local/lib/python3.7/site-packages/airflow/example_dags/example_nested_branch_dag.py
[2024-01-05T14:01:01.411+0000] {processor.py:753} INFO - DAG(s) dict_keys(['example_nested_branch_dag']) retrieved from /home/airflow/.local/lib/python3.7/site-packages/airflow/example_dags/example_nested_branch_dag.py
[2024-01-05T14:01:01.448+0000] {logging_mixin.py:137} INFO - [2024-01-05T14:01:01.447+0000] {dag.py:2690} INFO - Sync 1 DAGs
[2024-01-05T14:01:01.479+0000] {logging_mixin.py:137} INFO - [2024-01-05T14:01:01.479+0000] {dag.py:3441} INFO - Setting next_dagrun for example_nested_branch_dag to 2024-01-04T00:00:00+00:00, run_after=2024-01-05T00:00:00+00:00
[2024-01-05T14:01:01.493+0000] {processor.py:175} INFO - Processing /home/airflow/.local/lib/python3.7/site-packages/airflow/example_dags/example_nested_branch_dag.py took 0.128 seconds
[2024-01-05T14:01:32.748+0000] {processor.py:153} INFO - Started process (PID=5060) to work on /home/airflow/.local/lib/python3.7/site-packages/airflow/example_dags/example_nested_branch_dag.py
[2024-01-05T14:01:32.767+0000] {processor.py:743} INFO - Processing file /home/airflow/.local/lib/python3.7/site-packages/airflow/example_dags/example_nested_branch_dag.py for tasks to queue
[2024-01-05T14:01:32.792+0000] {logging_mixin.py:137} INFO - [2024-01-05T14:01:32.792+0000] {dagbag.py:538} INFO - Filling up the DagBag from /home/airflow/.local/lib/python3.7/site-packages/airflow/example_dags/example_nested_branch_dag.py
[2024-01-05T14:01:32.865+0000] {processor.py:753} INFO - DAG(s) dict_keys(['example_nested_branch_dag']) retrieved from /home/airflow/.local/lib/python3.7/site-packages/airflow/example_dags/example_nested_branch_dag.py
[2024-01-05T14:01:32.930+0000] {logging_mixin.py:137} INFO - [2024-01-05T14:01:32.930+0000] {dag.py:2690} INFO - Sync 1 DAGs
[2024-01-05T14:01:33.010+0000] {logging_mixin.py:137} INFO - [2024-01-05T14:01:33.010+0000] {dag.py:3441} INFO - Setting next_dagrun for example_nested_branch_dag to 2024-01-04T00:00:00+00:00, run_after=2024-01-05T00:00:00+00:00
[2024-01-05T14:01:33.066+0000] {processor.py:175} INFO - Processing /home/airflow/.local/lib/python3.7/site-packages/airflow/example_dags/example_nested_branch_dag.py took 0.324 seconds
[2024-01-05T14:02:03.189+0000] {processor.py:153} INFO - Started process (PID=5124) to work on /home/airflow/.local/lib/python3.7/site-packages/airflow/example_dags/example_nested_branch_dag.py
[2024-01-05T14:02:03.191+0000] {processor.py:743} INFO - Processing file /home/airflow/.local/lib/python3.7/site-packages/airflow/example_dags/example_nested_branch_dag.py for tasks to queue
[2024-01-05T14:02:03.191+0000] {logging_mixin.py:137} INFO - [2024-01-05T14:02:03.191+0000] {dagbag.py:538} INFO - Filling up the DagBag from /home/airflow/.local/lib/python3.7/site-packages/airflow/example_dags/example_nested_branch_dag.py
[2024-01-05T14:02:03.241+0000] {processor.py:753} INFO - DAG(s) dict_keys(['example_nested_branch_dag']) retrieved from /home/airflow/.local/lib/python3.7/site-packages/airflow/example_dags/example_nested_branch_dag.py
[2024-01-05T14:02:03.280+0000] {logging_mixin.py:137} INFO - [2024-01-05T14:02:03.280+0000] {dag.py:2690} INFO - Sync 1 DAGs
[2024-01-05T14:02:03.332+0000] {logging_mixin.py:137} INFO - [2024-01-05T14:02:03.331+0000] {dag.py:3441} INFO - Setting next_dagrun for example_nested_branch_dag to 2024-01-04T00:00:00+00:00, run_after=2024-01-05T00:00:00+00:00
[2024-01-05T14:02:03.362+0000] {processor.py:175} INFO - Processing /home/airflow/.local/lib/python3.7/site-packages/airflow/example_dags/example_nested_branch_dag.py took 0.176 seconds
[2024-01-05T14:02:33.804+0000] {processor.py:153} INFO - Started process (PID=5199) to work on /home/airflow/.local/lib/python3.7/site-packages/airflow/example_dags/example_nested_branch_dag.py
[2024-01-05T14:02:33.819+0000] {processor.py:743} INFO - Processing file /home/airflow/.local/lib/python3.7/site-packages/airflow/example_dags/example_nested_branch_dag.py for tasks to queue
[2024-01-05T14:02:33.825+0000] {logging_mixin.py:137} INFO - [2024-01-05T14:02:33.824+0000] {dagbag.py:538} INFO - Filling up the DagBag from /home/airflow/.local/lib/python3.7/site-packages/airflow/example_dags/example_nested_branch_dag.py
[2024-01-05T14:02:33.939+0000] {processor.py:753} INFO - DAG(s) dict_keys(['example_nested_branch_dag']) retrieved from /home/airflow/.local/lib/python3.7/site-packages/airflow/example_dags/example_nested_branch_dag.py
[2024-01-05T14:02:34.035+0000] {logging_mixin.py:137} INFO - [2024-01-05T14:02:34.035+0000] {dag.py:2690} INFO - Sync 1 DAGs
[2024-01-05T14:02:34.072+0000] {logging_mixin.py:137} INFO - [2024-01-05T14:02:34.072+0000] {dag.py:3441} INFO - Setting next_dagrun for example_nested_branch_dag to 2024-01-04T00:00:00+00:00, run_after=2024-01-05T00:00:00+00:00
[2024-01-05T14:02:34.103+0000] {processor.py:175} INFO - Processing /home/airflow/.local/lib/python3.7/site-packages/airflow/example_dags/example_nested_branch_dag.py took 0.307 seconds
[2024-01-05T14:03:05.004+0000] {processor.py:153} INFO - Started process (PID=5262) to work on /home/airflow/.local/lib/python3.7/site-packages/airflow/example_dags/example_nested_branch_dag.py
[2024-01-05T14:03:05.007+0000] {processor.py:743} INFO - Processing file /home/airflow/.local/lib/python3.7/site-packages/airflow/example_dags/example_nested_branch_dag.py for tasks to queue
[2024-01-05T14:03:05.009+0000] {logging_mixin.py:137} INFO - [2024-01-05T14:03:05.009+0000] {dagbag.py:538} INFO - Filling up the DagBag from /home/airflow/.local/lib/python3.7/site-packages/airflow/example_dags/example_nested_branch_dag.py
[2024-01-05T14:03:05.033+0000] {processor.py:753} INFO - DAG(s) dict_keys(['example_nested_branch_dag']) retrieved from /home/airflow/.local/lib/python3.7/site-packages/airflow/example_dags/example_nested_branch_dag.py
[2024-01-05T14:03:05.054+0000] {logging_mixin.py:137} INFO - [2024-01-05T14:03:05.054+0000] {dag.py:2690} INFO - Sync 1 DAGs
[2024-01-05T14:03:05.075+0000] {logging_mixin.py:137} INFO - [2024-01-05T14:03:05.075+0000] {dag.py:3441} INFO - Setting next_dagrun for example_nested_branch_dag to 2024-01-04T00:00:00+00:00, run_after=2024-01-05T00:00:00+00:00
[2024-01-05T14:03:05.092+0000] {processor.py:175} INFO - Processing /home/airflow/.local/lib/python3.7/site-packages/airflow/example_dags/example_nested_branch_dag.py took 0.093 seconds
[2024-01-05T14:03:35.643+0000] {processor.py:153} INFO - Started process (PID=5337) to work on /home/airflow/.local/lib/python3.7/site-packages/airflow/example_dags/example_nested_branch_dag.py
[2024-01-05T14:03:35.647+0000] {processor.py:743} INFO - Processing file /home/airflow/.local/lib/python3.7/site-packages/airflow/example_dags/example_nested_branch_dag.py for tasks to queue
[2024-01-05T14:03:35.649+0000] {logging_mixin.py:137} INFO - [2024-01-05T14:03:35.649+0000] {dagbag.py:538} INFO - Filling up the DagBag from /home/airflow/.local/lib/python3.7/site-packages/airflow/example_dags/example_nested_branch_dag.py
[2024-01-05T14:03:35.709+0000] {processor.py:753} INFO - DAG(s) dict_keys(['example_nested_branch_dag']) retrieved from /home/airflow/.local/lib/python3.7/site-packages/airflow/example_dags/example_nested_branch_dag.py
[2024-01-05T14:03:35.783+0000] {logging_mixin.py:137} INFO - [2024-01-05T14:03:35.783+0000] {dag.py:2690} INFO - Sync 1 DAGs
[2024-01-05T14:03:35.819+0000] {logging_mixin.py:137} INFO - [2024-01-05T14:03:35.819+0000] {dag.py:3441} INFO - Setting next_dagrun for example_nested_branch_dag to 2024-01-04T00:00:00+00:00, run_after=2024-01-05T00:00:00+00:00
[2024-01-05T14:03:35.850+0000] {processor.py:175} INFO - Processing /home/airflow/.local/lib/python3.7/site-packages/airflow/example_dags/example_nested_branch_dag.py took 0.214 seconds
[2024-01-05T14:04:06.480+0000] {processor.py:153} INFO - Started process (PID=5401) to work on /home/airflow/.local/lib/python3.7/site-packages/airflow/example_dags/example_nested_branch_dag.py
[2024-01-05T14:04:06.481+0000] {processor.py:743} INFO - Processing file /home/airflow/.local/lib/python3.7/site-packages/airflow/example_dags/example_nested_branch_dag.py for tasks to queue
[2024-01-05T14:04:06.482+0000] {logging_mixin.py:137} INFO - [2024-01-05T14:04:06.482+0000] {dagbag.py:538} INFO - Filling up the DagBag from /home/airflow/.local/lib/python3.7/site-packages/airflow/example_dags/example_nested_branch_dag.py
[2024-01-05T14:04:06.498+0000] {processor.py:753} INFO - DAG(s) dict_keys(['example_nested_branch_dag']) retrieved from /home/airflow/.local/lib/python3.7/site-packages/airflow/example_dags/example_nested_branch_dag.py
[2024-01-05T14:04:06.519+0000] {logging_mixin.py:137} INFO - [2024-01-05T14:04:06.519+0000] {dag.py:2690} INFO - Sync 1 DAGs
[2024-01-05T14:04:06.536+0000] {logging_mixin.py:137} INFO - [2024-01-05T14:04:06.536+0000] {dag.py:3441} INFO - Setting next_dagrun for example_nested_branch_dag to 2024-01-04T00:00:00+00:00, run_after=2024-01-05T00:00:00+00:00
[2024-01-05T14:04:06.548+0000] {processor.py:175} INFO - Processing /home/airflow/.local/lib/python3.7/site-packages/airflow/example_dags/example_nested_branch_dag.py took 0.071 seconds
[2024-01-05T14:04:36.840+0000] {processor.py:153} INFO - Started process (PID=5476) to work on /home/airflow/.local/lib/python3.7/site-packages/airflow/example_dags/example_nested_branch_dag.py
[2024-01-05T14:04:36.842+0000] {processor.py:743} INFO - Processing file /home/airflow/.local/lib/python3.7/site-packages/airflow/example_dags/example_nested_branch_dag.py for tasks to queue
[2024-01-05T14:04:36.843+0000] {logging_mixin.py:137} INFO - [2024-01-05T14:04:36.843+0000] {dagbag.py:538} INFO - Filling up the DagBag from /home/airflow/.local/lib/python3.7/site-packages/airflow/example_dags/example_nested_branch_dag.py
[2024-01-05T14:04:36.862+0000] {processor.py:753} INFO - DAG(s) dict_keys(['example_nested_branch_dag']) retrieved from /home/airflow/.local/lib/python3.7/site-packages/airflow/example_dags/example_nested_branch_dag.py
[2024-01-05T14:04:36.883+0000] {logging_mixin.py:137} INFO - [2024-01-05T14:04:36.883+0000] {dag.py:2690} INFO - Sync 1 DAGs
[2024-01-05T14:04:36.900+0000] {logging_mixin.py:137} INFO - [2024-01-05T14:04:36.900+0000] {dag.py:3441} INFO - Setting next_dagrun for example_nested_branch_dag to 2024-01-04T00:00:00+00:00, run_after=2024-01-05T00:00:00+00:00
[2024-01-05T14:04:36.913+0000] {processor.py:175} INFO - Processing /home/airflow/.local/lib/python3.7/site-packages/airflow/example_dags/example_nested_branch_dag.py took 0.078 seconds
[2024-01-05T14:05:06.952+0000] {processor.py:153} INFO - Started process (PID=5539) to work on /home/airflow/.local/lib/python3.7/site-packages/airflow/example_dags/example_nested_branch_dag.py
[2024-01-05T14:05:06.954+0000] {processor.py:743} INFO - Processing file /home/airflow/.local/lib/python3.7/site-packages/airflow/example_dags/example_nested_branch_dag.py for tasks to queue
[2024-01-05T14:05:06.954+0000] {logging_mixin.py:137} INFO - [2024-01-05T14:05:06.954+0000] {dagbag.py:538} INFO - Filling up the DagBag from /home/airflow/.local/lib/python3.7/site-packages/airflow/example_dags/example_nested_branch_dag.py
[2024-01-05T14:05:06.973+0000] {processor.py:753} INFO - DAG(s) dict_keys(['example_nested_branch_dag']) retrieved from /home/airflow/.local/lib/python3.7/site-packages/airflow/example_dags/example_nested_branch_dag.py
[2024-01-05T14:05:06.995+0000] {logging_mixin.py:137} INFO - [2024-01-05T14:05:06.995+0000] {dag.py:2690} INFO - Sync 1 DAGs
[2024-01-05T14:05:07.020+0000] {logging_mixin.py:137} INFO - [2024-01-05T14:05:07.020+0000] {dag.py:3441} INFO - Setting next_dagrun for example_nested_branch_dag to 2024-01-04T00:00:00+00:00, run_after=2024-01-05T00:00:00+00:00
[2024-01-05T14:05:07.038+0000] {processor.py:175} INFO - Processing /home/airflow/.local/lib/python3.7/site-packages/airflow/example_dags/example_nested_branch_dag.py took 0.088 seconds
[2024-01-05T14:05:37.332+0000] {processor.py:153} INFO - Started process (PID=5614) to work on /home/airflow/.local/lib/python3.7/site-packages/airflow/example_dags/example_nested_branch_dag.py
[2024-01-05T14:05:37.333+0000] {processor.py:743} INFO - Processing file /home/airflow/.local/lib/python3.7/site-packages/airflow/example_dags/example_nested_branch_dag.py for tasks to queue
[2024-01-05T14:05:37.334+0000] {logging_mixin.py:137} INFO - [2024-01-05T14:05:37.333+0000] {dagbag.py:538} INFO - Filling up the DagBag from /home/airflow/.local/lib/python3.7/site-packages/airflow/example_dags/example_nested_branch_dag.py
[2024-01-05T14:05:37.350+0000] {processor.py:753} INFO - DAG(s) dict_keys(['example_nested_branch_dag']) retrieved from /home/airflow/.local/lib/python3.7/site-packages/airflow/example_dags/example_nested_branch_dag.py
[2024-01-05T14:05:37.370+0000] {logging_mixin.py:137} INFO - [2024-01-05T14:05:37.370+0000] {dag.py:2690} INFO - Sync 1 DAGs
[2024-01-05T14:05:37.386+0000] {logging_mixin.py:137} INFO - [2024-01-05T14:05:37.386+0000] {dag.py:3441} INFO - Setting next_dagrun for example_nested_branch_dag to 2024-01-04T00:00:00+00:00, run_after=2024-01-05T00:00:00+00:00
[2024-01-05T14:05:37.398+0000] {processor.py:175} INFO - Processing /home/airflow/.local/lib/python3.7/site-packages/airflow/example_dags/example_nested_branch_dag.py took 0.070 seconds
[2024-01-05T14:06:07.749+0000] {processor.py:153} INFO - Started process (PID=5687) to work on /home/airflow/.local/lib/python3.7/site-packages/airflow/example_dags/example_nested_branch_dag.py
[2024-01-05T14:06:07.751+0000] {processor.py:743} INFO - Processing file /home/airflow/.local/lib/python3.7/site-packages/airflow/example_dags/example_nested_branch_dag.py for tasks to queue
[2024-01-05T14:06:07.752+0000] {logging_mixin.py:137} INFO - [2024-01-05T14:06:07.752+0000] {dagbag.py:538} INFO - Filling up the DagBag from /home/airflow/.local/lib/python3.7/site-packages/airflow/example_dags/example_nested_branch_dag.py
[2024-01-05T14:06:07.771+0000] {processor.py:753} INFO - DAG(s) dict_keys(['example_nested_branch_dag']) retrieved from /home/airflow/.local/lib/python3.7/site-packages/airflow/example_dags/example_nested_branch_dag.py
[2024-01-05T14:06:07.794+0000] {logging_mixin.py:137} INFO - [2024-01-05T14:06:07.794+0000] {dag.py:2690} INFO - Sync 1 DAGs
[2024-01-05T14:06:07.815+0000] {logging_mixin.py:137} INFO - [2024-01-05T14:06:07.815+0000] {dag.py:3441} INFO - Setting next_dagrun for example_nested_branch_dag to 2024-01-04T00:00:00+00:00, run_after=2024-01-05T00:00:00+00:00
[2024-01-05T14:06:07.830+0000] {processor.py:175} INFO - Processing /home/airflow/.local/lib/python3.7/site-packages/airflow/example_dags/example_nested_branch_dag.py took 0.083 seconds
[2024-01-05T14:06:38.798+0000] {processor.py:153} INFO - Started process (PID=5753) to work on /home/airflow/.local/lib/python3.7/site-packages/airflow/example_dags/example_nested_branch_dag.py
[2024-01-05T14:06:38.799+0000] {processor.py:743} INFO - Processing file /home/airflow/.local/lib/python3.7/site-packages/airflow/example_dags/example_nested_branch_dag.py for tasks to queue
[2024-01-05T14:06:38.800+0000] {logging_mixin.py:137} INFO - [2024-01-05T14:06:38.800+0000] {dagbag.py:538} INFO - Filling up the DagBag from /home/airflow/.local/lib/python3.7/site-packages/airflow/example_dags/example_nested_branch_dag.py
[2024-01-05T14:06:38.818+0000] {processor.py:753} INFO - DAG(s) dict_keys(['example_nested_branch_dag']) retrieved from /home/airflow/.local/lib/python3.7/site-packages/airflow/example_dags/example_nested_branch_dag.py
[2024-01-05T14:06:38.848+0000] {logging_mixin.py:137} INFO - [2024-01-05T14:06:38.847+0000] {dag.py:2690} INFO - Sync 1 DAGs
[2024-01-05T14:06:38.883+0000] {logging_mixin.py:137} INFO - [2024-01-05T14:06:38.883+0000] {dag.py:3441} INFO - Setting next_dagrun for example_nested_branch_dag to 2024-01-04T00:00:00+00:00, run_after=2024-01-05T00:00:00+00:00
[2024-01-05T14:06:38.898+0000] {processor.py:175} INFO - Processing /home/airflow/.local/lib/python3.7/site-packages/airflow/example_dags/example_nested_branch_dag.py took 0.103 seconds
[2024-01-05T14:07:09.620+0000] {processor.py:153} INFO - Started process (PID=5828) to work on /home/airflow/.local/lib/python3.7/site-packages/airflow/example_dags/example_nested_branch_dag.py
[2024-01-05T14:07:09.621+0000] {processor.py:743} INFO - Processing file /home/airflow/.local/lib/python3.7/site-packages/airflow/example_dags/example_nested_branch_dag.py for tasks to queue
[2024-01-05T14:07:09.622+0000] {logging_mixin.py:137} INFO - [2024-01-05T14:07:09.622+0000] {dagbag.py:538} INFO - Filling up the DagBag from /home/airflow/.local/lib/python3.7/site-packages/airflow/example_dags/example_nested_branch_dag.py
[2024-01-05T14:07:09.639+0000] {processor.py:753} INFO - DAG(s) dict_keys(['example_nested_branch_dag']) retrieved from /home/airflow/.local/lib/python3.7/site-packages/airflow/example_dags/example_nested_branch_dag.py
[2024-01-05T14:07:09.664+0000] {logging_mixin.py:137} INFO - [2024-01-05T14:07:09.664+0000] {dag.py:2690} INFO - Sync 1 DAGs
[2024-01-05T14:07:09.680+0000] {logging_mixin.py:137} INFO - [2024-01-05T14:07:09.680+0000] {dag.py:3441} INFO - Setting next_dagrun for example_nested_branch_dag to 2024-01-04T00:00:00+00:00, run_after=2024-01-05T00:00:00+00:00
[2024-01-05T14:07:09.690+0000] {processor.py:175} INFO - Processing /home/airflow/.local/lib/python3.7/site-packages/airflow/example_dags/example_nested_branch_dag.py took 0.074 seconds
[2024-01-05T14:07:40.142+0000] {processor.py:153} INFO - Started process (PID=5891) to work on /home/airflow/.local/lib/python3.7/site-packages/airflow/example_dags/example_nested_branch_dag.py
[2024-01-05T14:07:40.143+0000] {processor.py:743} INFO - Processing file /home/airflow/.local/lib/python3.7/site-packages/airflow/example_dags/example_nested_branch_dag.py for tasks to queue
[2024-01-05T14:07:40.144+0000] {logging_mixin.py:137} INFO - [2024-01-05T14:07:40.144+0000] {dagbag.py:538} INFO - Filling up the DagBag from /home/airflow/.local/lib/python3.7/site-packages/airflow/example_dags/example_nested_branch_dag.py
[2024-01-05T14:07:40.161+0000] {processor.py:753} INFO - DAG(s) dict_keys(['example_nested_branch_dag']) retrieved from /home/airflow/.local/lib/python3.7/site-packages/airflow/example_dags/example_nested_branch_dag.py
[2024-01-05T14:07:40.182+0000] {logging_mixin.py:137} INFO - [2024-01-05T14:07:40.182+0000] {dag.py:2690} INFO - Sync 1 DAGs
[2024-01-05T14:07:40.198+0000] {logging_mixin.py:137} INFO - [2024-01-05T14:07:40.198+0000] {dag.py:3441} INFO - Setting next_dagrun for example_nested_branch_dag to 2024-01-04T00:00:00+00:00, run_after=2024-01-05T00:00:00+00:00
[2024-01-05T14:07:40.212+0000] {processor.py:175} INFO - Processing /home/airflow/.local/lib/python3.7/site-packages/airflow/example_dags/example_nested_branch_dag.py took 0.073 seconds
[2024-01-05T14:08:11.034+0000] {processor.py:153} INFO - Started process (PID=5966) to work on /home/airflow/.local/lib/python3.7/site-packages/airflow/example_dags/example_nested_branch_dag.py
[2024-01-05T14:08:11.036+0000] {processor.py:743} INFO - Processing file /home/airflow/.local/lib/python3.7/site-packages/airflow/example_dags/example_nested_branch_dag.py for tasks to queue
[2024-01-05T14:08:11.037+0000] {logging_mixin.py:137} INFO - [2024-01-05T14:08:11.037+0000] {dagbag.py:538} INFO - Filling up the DagBag from /home/airflow/.local/lib/python3.7/site-packages/airflow/example_dags/example_nested_branch_dag.py
[2024-01-05T14:08:11.074+0000] {processor.py:753} INFO - DAG(s) dict_keys(['example_nested_branch_dag']) retrieved from /home/airflow/.local/lib/python3.7/site-packages/airflow/example_dags/example_nested_branch_dag.py
[2024-01-05T14:08:11.101+0000] {logging_mixin.py:137} INFO - [2024-01-05T14:08:11.101+0000] {dag.py:2690} INFO - Sync 1 DAGs
[2024-01-05T14:08:11.125+0000] {logging_mixin.py:137} INFO - [2024-01-05T14:08:11.125+0000] {dag.py:3441} INFO - Setting next_dagrun for example_nested_branch_dag to 2024-01-04T00:00:00+00:00, run_after=2024-01-05T00:00:00+00:00
[2024-01-05T14:08:11.141+0000] {processor.py:175} INFO - Processing /home/airflow/.local/lib/python3.7/site-packages/airflow/example_dags/example_nested_branch_dag.py took 0.114 seconds
[2024-01-05T14:08:41.726+0000] {processor.py:153} INFO - Started process (PID=6029) to work on /home/airflow/.local/lib/python3.7/site-packages/airflow/example_dags/example_nested_branch_dag.py
[2024-01-05T14:08:41.728+0000] {processor.py:743} INFO - Processing file /home/airflow/.local/lib/python3.7/site-packages/airflow/example_dags/example_nested_branch_dag.py for tasks to queue
[2024-01-05T14:08:41.728+0000] {logging_mixin.py:137} INFO - [2024-01-05T14:08:41.728+0000] {dagbag.py:538} INFO - Filling up the DagBag from /home/airflow/.local/lib/python3.7/site-packages/airflow/example_dags/example_nested_branch_dag.py
[2024-01-05T14:08:41.744+0000] {processor.py:753} INFO - DAG(s) dict_keys(['example_nested_branch_dag']) retrieved from /home/airflow/.local/lib/python3.7/site-packages/airflow/example_dags/example_nested_branch_dag.py
[2024-01-05T14:08:41.769+0000] {logging_mixin.py:137} INFO - [2024-01-05T14:08:41.769+0000] {dag.py:2690} INFO - Sync 1 DAGs
[2024-01-05T14:08:41.787+0000] {logging_mixin.py:137} INFO - [2024-01-05T14:08:41.787+0000] {dag.py:3441} INFO - Setting next_dagrun for example_nested_branch_dag to 2024-01-04T00:00:00+00:00, run_after=2024-01-05T00:00:00+00:00
[2024-01-05T14:08:41.804+0000] {processor.py:175} INFO - Processing /home/airflow/.local/lib/python3.7/site-packages/airflow/example_dags/example_nested_branch_dag.py took 0.081 seconds
[2024-01-05T14:09:12.772+0000] {processor.py:153} INFO - Started process (PID=6105) to work on /home/airflow/.local/lib/python3.7/site-packages/airflow/example_dags/example_nested_branch_dag.py
[2024-01-05T14:09:12.774+0000] {processor.py:743} INFO - Processing file /home/airflow/.local/lib/python3.7/site-packages/airflow/example_dags/example_nested_branch_dag.py for tasks to queue
[2024-01-05T14:09:12.774+0000] {logging_mixin.py:137} INFO - [2024-01-05T14:09:12.774+0000] {dagbag.py:538} INFO - Filling up the DagBag from /home/airflow/.local/lib/python3.7/site-packages/airflow/example_dags/example_nested_branch_dag.py
[2024-01-05T14:09:12.790+0000] {processor.py:753} INFO - DAG(s) dict_keys(['example_nested_branch_dag']) retrieved from /home/airflow/.local/lib/python3.7/site-packages/airflow/example_dags/example_nested_branch_dag.py
[2024-01-05T14:09:12.811+0000] {logging_mixin.py:137} INFO - [2024-01-05T14:09:12.810+0000] {dag.py:2690} INFO - Sync 1 DAGs
[2024-01-05T14:09:12.828+0000] {logging_mixin.py:137} INFO - [2024-01-05T14:09:12.828+0000] {dag.py:3441} INFO - Setting next_dagrun for example_nested_branch_dag to 2024-01-04T00:00:00+00:00, run_after=2024-01-05T00:00:00+00:00
[2024-01-05T14:09:12.840+0000] {processor.py:175} INFO - Processing /home/airflow/.local/lib/python3.7/site-packages/airflow/example_dags/example_nested_branch_dag.py took 0.071 seconds
[2024-01-05T14:09:44.449+0000] {processor.py:153} INFO - Started process (PID=6180) to work on /home/airflow/.local/lib/python3.7/site-packages/airflow/example_dags/example_nested_branch_dag.py
[2024-01-05T14:09:44.452+0000] {processor.py:743} INFO - Processing file /home/airflow/.local/lib/python3.7/site-packages/airflow/example_dags/example_nested_branch_dag.py for tasks to queue
[2024-01-05T14:09:44.453+0000] {logging_mixin.py:137} INFO - [2024-01-05T14:09:44.453+0000] {dagbag.py:538} INFO - Filling up the DagBag from /home/airflow/.local/lib/python3.7/site-packages/airflow/example_dags/example_nested_branch_dag.py
[2024-01-05T14:09:44.534+0000] {processor.py:753} INFO - DAG(s) dict_keys(['example_nested_branch_dag']) retrieved from /home/airflow/.local/lib/python3.7/site-packages/airflow/example_dags/example_nested_branch_dag.py
[2024-01-05T14:09:44.573+0000] {logging_mixin.py:137} INFO - [2024-01-05T14:09:44.573+0000] {dag.py:2690} INFO - Sync 1 DAGs
[2024-01-05T14:09:44.607+0000] {logging_mixin.py:137} INFO - [2024-01-05T14:09:44.607+0000] {dag.py:3441} INFO - Setting next_dagrun for example_nested_branch_dag to 2024-01-04T00:00:00+00:00, run_after=2024-01-05T00:00:00+00:00
[2024-01-05T14:09:44.650+0000] {processor.py:175} INFO - Processing /home/airflow/.local/lib/python3.7/site-packages/airflow/example_dags/example_nested_branch_dag.py took 0.212 seconds
[2024-01-05T14:10:15.089+0000] {processor.py:153} INFO - Started process (PID=6242) to work on /home/airflow/.local/lib/python3.7/site-packages/airflow/example_dags/example_nested_branch_dag.py
[2024-01-05T14:10:15.091+0000] {processor.py:743} INFO - Processing file /home/airflow/.local/lib/python3.7/site-packages/airflow/example_dags/example_nested_branch_dag.py for tasks to queue
[2024-01-05T14:10:15.092+0000] {logging_mixin.py:137} INFO - [2024-01-05T14:10:15.092+0000] {dagbag.py:538} INFO - Filling up the DagBag from /home/airflow/.local/lib/python3.7/site-packages/airflow/example_dags/example_nested_branch_dag.py
[2024-01-05T14:10:15.109+0000] {processor.py:753} INFO - DAG(s) dict_keys(['example_nested_branch_dag']) retrieved from /home/airflow/.local/lib/python3.7/site-packages/airflow/example_dags/example_nested_branch_dag.py
[2024-01-05T14:10:15.129+0000] {logging_mixin.py:137} INFO - [2024-01-05T14:10:15.129+0000] {dag.py:2690} INFO - Sync 1 DAGs
[2024-01-05T14:10:15.147+0000] {logging_mixin.py:137} INFO - [2024-01-05T14:10:15.147+0000] {dag.py:3441} INFO - Setting next_dagrun for example_nested_branch_dag to 2024-01-04T00:00:00+00:00, run_after=2024-01-05T00:00:00+00:00
[2024-01-05T14:10:15.205+0000] {processor.py:175} INFO - Processing /home/airflow/.local/lib/python3.7/site-packages/airflow/example_dags/example_nested_branch_dag.py took 0.119 seconds
[2024-01-05T14:10:46.192+0000] {processor.py:153} INFO - Started process (PID=6315) to work on /home/airflow/.local/lib/python3.7/site-packages/airflow/example_dags/example_nested_branch_dag.py
[2024-01-05T14:10:46.193+0000] {processor.py:743} INFO - Processing file /home/airflow/.local/lib/python3.7/site-packages/airflow/example_dags/example_nested_branch_dag.py for tasks to queue
[2024-01-05T14:10:46.194+0000] {logging_mixin.py:137} INFO - [2024-01-05T14:10:46.194+0000] {dagbag.py:538} INFO - Filling up the DagBag from /home/airflow/.local/lib/python3.7/site-packages/airflow/example_dags/example_nested_branch_dag.py
[2024-01-05T14:10:46.213+0000] {processor.py:753} INFO - DAG(s) dict_keys(['example_nested_branch_dag']) retrieved from /home/airflow/.local/lib/python3.7/site-packages/airflow/example_dags/example_nested_branch_dag.py
[2024-01-05T14:10:46.239+0000] {logging_mixin.py:137} INFO - [2024-01-05T14:10:46.239+0000] {dag.py:2690} INFO - Sync 1 DAGs
[2024-01-05T14:10:46.262+0000] {logging_mixin.py:137} INFO - [2024-01-05T14:10:46.262+0000] {dag.py:3441} INFO - Setting next_dagrun for example_nested_branch_dag to 2024-01-04T00:00:00+00:00, run_after=2024-01-05T00:00:00+00:00
[2024-01-05T14:10:46.279+0000] {processor.py:175} INFO - Processing /home/airflow/.local/lib/python3.7/site-packages/airflow/example_dags/example_nested_branch_dag.py took 0.090 seconds
[2024-01-05T14:11:16.630+0000] {processor.py:153} INFO - Started process (PID=6378) to work on /home/airflow/.local/lib/python3.7/site-packages/airflow/example_dags/example_nested_branch_dag.py
[2024-01-05T14:11:16.632+0000] {processor.py:743} INFO - Processing file /home/airflow/.local/lib/python3.7/site-packages/airflow/example_dags/example_nested_branch_dag.py for tasks to queue
[2024-01-05T14:11:16.632+0000] {logging_mixin.py:137} INFO - [2024-01-05T14:11:16.632+0000] {dagbag.py:538} INFO - Filling up the DagBag from /home/airflow/.local/lib/python3.7/site-packages/airflow/example_dags/example_nested_branch_dag.py
[2024-01-05T14:11:16.657+0000] {processor.py:753} INFO - DAG(s) dict_keys(['example_nested_branch_dag']) retrieved from /home/airflow/.local/lib/python3.7/site-packages/airflow/example_dags/example_nested_branch_dag.py
[2024-01-05T14:11:16.748+0000] {logging_mixin.py:137} INFO - [2024-01-05T14:11:16.748+0000] {dag.py:2690} INFO - Sync 1 DAGs
[2024-01-05T14:11:16.841+0000] {logging_mixin.py:137} INFO - [2024-01-05T14:11:16.841+0000] {dag.py:3441} INFO - Setting next_dagrun for example_nested_branch_dag to 2024-01-04T00:00:00+00:00, run_after=2024-01-05T00:00:00+00:00
[2024-01-05T14:11:16.863+0000] {processor.py:175} INFO - Processing /home/airflow/.local/lib/python3.7/site-packages/airflow/example_dags/example_nested_branch_dag.py took 0.236 seconds
[2024-01-05T14:11:47.349+0000] {processor.py:153} INFO - Started process (PID=6452) to work on /home/airflow/.local/lib/python3.7/site-packages/airflow/example_dags/example_nested_branch_dag.py
[2024-01-05T14:11:47.350+0000] {processor.py:743} INFO - Processing file /home/airflow/.local/lib/python3.7/site-packages/airflow/example_dags/example_nested_branch_dag.py for tasks to queue
[2024-01-05T14:11:47.351+0000] {logging_mixin.py:137} INFO - [2024-01-05T14:11:47.351+0000] {dagbag.py:538} INFO - Filling up the DagBag from /home/airflow/.local/lib/python3.7/site-packages/airflow/example_dags/example_nested_branch_dag.py
[2024-01-05T14:11:47.367+0000] {processor.py:753} INFO - DAG(s) dict_keys(['example_nested_branch_dag']) retrieved from /home/airflow/.local/lib/python3.7/site-packages/airflow/example_dags/example_nested_branch_dag.py
[2024-01-05T14:11:47.386+0000] {logging_mixin.py:137} INFO - [2024-01-05T14:11:47.386+0000] {dag.py:2690} INFO - Sync 1 DAGs
[2024-01-05T14:11:47.409+0000] {logging_mixin.py:137} INFO - [2024-01-05T14:11:47.409+0000] {dag.py:3441} INFO - Setting next_dagrun for example_nested_branch_dag to 2024-01-04T00:00:00+00:00, run_after=2024-01-05T00:00:00+00:00
[2024-01-05T14:11:47.423+0000] {processor.py:175} INFO - Processing /home/airflow/.local/lib/python3.7/site-packages/airflow/example_dags/example_nested_branch_dag.py took 0.077 seconds
[2024-01-05T14:12:17.833+0000] {processor.py:153} INFO - Started process (PID=6516) to work on /home/airflow/.local/lib/python3.7/site-packages/airflow/example_dags/example_nested_branch_dag.py
[2024-01-05T14:12:17.834+0000] {processor.py:743} INFO - Processing file /home/airflow/.local/lib/python3.7/site-packages/airflow/example_dags/example_nested_branch_dag.py for tasks to queue
[2024-01-05T14:12:17.835+0000] {logging_mixin.py:137} INFO - [2024-01-05T14:12:17.835+0000] {dagbag.py:538} INFO - Filling up the DagBag from /home/airflow/.local/lib/python3.7/site-packages/airflow/example_dags/example_nested_branch_dag.py
[2024-01-05T14:12:17.854+0000] {processor.py:753} INFO - DAG(s) dict_keys(['example_nested_branch_dag']) retrieved from /home/airflow/.local/lib/python3.7/site-packages/airflow/example_dags/example_nested_branch_dag.py
[2024-01-05T14:12:17.880+0000] {logging_mixin.py:137} INFO - [2024-01-05T14:12:17.880+0000] {dag.py:2690} INFO - Sync 1 DAGs
[2024-01-05T14:12:17.900+0000] {logging_mixin.py:137} INFO - [2024-01-05T14:12:17.900+0000] {dag.py:3441} INFO - Setting next_dagrun for example_nested_branch_dag to 2024-01-04T00:00:00+00:00, run_after=2024-01-05T00:00:00+00:00
[2024-01-05T14:12:17.911+0000] {processor.py:175} INFO - Processing /home/airflow/.local/lib/python3.7/site-packages/airflow/example_dags/example_nested_branch_dag.py took 0.081 seconds
[2024-01-05T14:12:48.893+0000] {processor.py:153} INFO - Started process (PID=6591) to work on /home/airflow/.local/lib/python3.7/site-packages/airflow/example_dags/example_nested_branch_dag.py
[2024-01-05T14:12:48.894+0000] {processor.py:743} INFO - Processing file /home/airflow/.local/lib/python3.7/site-packages/airflow/example_dags/example_nested_branch_dag.py for tasks to queue
[2024-01-05T14:12:48.895+0000] {logging_mixin.py:137} INFO - [2024-01-05T14:12:48.895+0000] {dagbag.py:538} INFO - Filling up the DagBag from /home/airflow/.local/lib/python3.7/site-packages/airflow/example_dags/example_nested_branch_dag.py
[2024-01-05T14:12:48.910+0000] {processor.py:753} INFO - DAG(s) dict_keys(['example_nested_branch_dag']) retrieved from /home/airflow/.local/lib/python3.7/site-packages/airflow/example_dags/example_nested_branch_dag.py
[2024-01-05T14:12:48.930+0000] {logging_mixin.py:137} INFO - [2024-01-05T14:12:48.930+0000] {dag.py:2690} INFO - Sync 1 DAGs
[2024-01-05T14:12:48.945+0000] {logging_mixin.py:137} INFO - [2024-01-05T14:12:48.945+0000] {dag.py:3441} INFO - Setting next_dagrun for example_nested_branch_dag to 2024-01-04T00:00:00+00:00, run_after=2024-01-05T00:00:00+00:00
[2024-01-05T14:12:48.956+0000] {processor.py:175} INFO - Processing /home/airflow/.local/lib/python3.7/site-packages/airflow/example_dags/example_nested_branch_dag.py took 0.066 seconds
[2024-01-05T14:13:19.380+0000] {processor.py:153} INFO - Started process (PID=6660) to work on /home/airflow/.local/lib/python3.7/site-packages/airflow/example_dags/example_nested_branch_dag.py
[2024-01-05T14:13:19.381+0000] {processor.py:743} INFO - Processing file /home/airflow/.local/lib/python3.7/site-packages/airflow/example_dags/example_nested_branch_dag.py for tasks to queue
[2024-01-05T14:13:19.383+0000] {logging_mixin.py:137} INFO - [2024-01-05T14:13:19.382+0000] {dagbag.py:538} INFO - Filling up the DagBag from /home/airflow/.local/lib/python3.7/site-packages/airflow/example_dags/example_nested_branch_dag.py
[2024-01-05T14:13:19.403+0000] {processor.py:753} INFO - DAG(s) dict_keys(['example_nested_branch_dag']) retrieved from /home/airflow/.local/lib/python3.7/site-packages/airflow/example_dags/example_nested_branch_dag.py
[2024-01-05T14:13:19.431+0000] {logging_mixin.py:137} INFO - [2024-01-05T14:13:19.431+0000] {dag.py:2690} INFO - Sync 1 DAGs
[2024-01-05T14:13:19.451+0000] {logging_mixin.py:137} INFO - [2024-01-05T14:13:19.451+0000] {dag.py:3441} INFO - Setting next_dagrun for example_nested_branch_dag to 2024-01-04T00:00:00+00:00, run_after=2024-01-05T00:00:00+00:00
[2024-01-05T14:13:19.465+0000] {processor.py:175} INFO - Processing /home/airflow/.local/lib/python3.7/site-packages/airflow/example_dags/example_nested_branch_dag.py took 0.089 seconds
[2024-01-05T14:13:50.282+0000] {processor.py:153} INFO - Started process (PID=6728) to work on /home/airflow/.local/lib/python3.7/site-packages/airflow/example_dags/example_nested_branch_dag.py
[2024-01-05T14:13:50.283+0000] {processor.py:743} INFO - Processing file /home/airflow/.local/lib/python3.7/site-packages/airflow/example_dags/example_nested_branch_dag.py for tasks to queue
[2024-01-05T14:13:50.284+0000] {logging_mixin.py:137} INFO - [2024-01-05T14:13:50.284+0000] {dagbag.py:538} INFO - Filling up the DagBag from /home/airflow/.local/lib/python3.7/site-packages/airflow/example_dags/example_nested_branch_dag.py
[2024-01-05T14:13:50.305+0000] {processor.py:753} INFO - DAG(s) dict_keys(['example_nested_branch_dag']) retrieved from /home/airflow/.local/lib/python3.7/site-packages/airflow/example_dags/example_nested_branch_dag.py
[2024-01-05T14:13:50.330+0000] {logging_mixin.py:137} INFO - [2024-01-05T14:13:50.330+0000] {dag.py:2690} INFO - Sync 1 DAGs
[2024-01-05T14:13:50.350+0000] {logging_mixin.py:137} INFO - [2024-01-05T14:13:50.349+0000] {dag.py:3441} INFO - Setting next_dagrun for example_nested_branch_dag to 2024-01-04T00:00:00+00:00, run_after=2024-01-05T00:00:00+00:00
[2024-01-05T14:13:50.365+0000] {processor.py:175} INFO - Processing /home/airflow/.local/lib/python3.7/site-packages/airflow/example_dags/example_nested_branch_dag.py took 0.086 seconds
[2024-01-05T14:14:21.531+0000] {processor.py:153} INFO - Started process (PID=6804) to work on /home/airflow/.local/lib/python3.7/site-packages/airflow/example_dags/example_nested_branch_dag.py
[2024-01-05T14:14:21.533+0000] {processor.py:743} INFO - Processing file /home/airflow/.local/lib/python3.7/site-packages/airflow/example_dags/example_nested_branch_dag.py for tasks to queue
[2024-01-05T14:14:21.534+0000] {logging_mixin.py:137} INFO - [2024-01-05T14:14:21.534+0000] {dagbag.py:538} INFO - Filling up the DagBag from /home/airflow/.local/lib/python3.7/site-packages/airflow/example_dags/example_nested_branch_dag.py
[2024-01-05T14:14:21.551+0000] {processor.py:753} INFO - DAG(s) dict_keys(['example_nested_branch_dag']) retrieved from /home/airflow/.local/lib/python3.7/site-packages/airflow/example_dags/example_nested_branch_dag.py
[2024-01-05T14:14:21.570+0000] {logging_mixin.py:137} INFO - [2024-01-05T14:14:21.570+0000] {dag.py:2690} INFO - Sync 1 DAGs
[2024-01-05T14:14:21.587+0000] {logging_mixin.py:137} INFO - [2024-01-05T14:14:21.587+0000] {dag.py:3441} INFO - Setting next_dagrun for example_nested_branch_dag to 2024-01-04T00:00:00+00:00, run_after=2024-01-05T00:00:00+00:00
[2024-01-05T14:14:21.598+0000] {processor.py:175} INFO - Processing /home/airflow/.local/lib/python3.7/site-packages/airflow/example_dags/example_nested_branch_dag.py took 0.071 seconds
[2024-01-05T14:14:52.320+0000] {processor.py:153} INFO - Started process (PID=6867) to work on /home/airflow/.local/lib/python3.7/site-packages/airflow/example_dags/example_nested_branch_dag.py
[2024-01-05T14:14:52.321+0000] {processor.py:743} INFO - Processing file /home/airflow/.local/lib/python3.7/site-packages/airflow/example_dags/example_nested_branch_dag.py for tasks to queue
[2024-01-05T14:14:52.322+0000] {logging_mixin.py:137} INFO - [2024-01-05T14:14:52.322+0000] {dagbag.py:538} INFO - Filling up the DagBag from /home/airflow/.local/lib/python3.7/site-packages/airflow/example_dags/example_nested_branch_dag.py
[2024-01-05T14:14:52.340+0000] {processor.py:753} INFO - DAG(s) dict_keys(['example_nested_branch_dag']) retrieved from /home/airflow/.local/lib/python3.7/site-packages/airflow/example_dags/example_nested_branch_dag.py
[2024-01-05T14:14:52.369+0000] {logging_mixin.py:137} INFO - [2024-01-05T14:14:52.369+0000] {dag.py:2690} INFO - Sync 1 DAGs
[2024-01-05T14:14:52.390+0000] {logging_mixin.py:137} INFO - [2024-01-05T14:14:52.390+0000] {dag.py:3441} INFO - Setting next_dagrun for example_nested_branch_dag to 2024-01-04T00:00:00+00:00, run_after=2024-01-05T00:00:00+00:00
[2024-01-05T14:14:52.403+0000] {processor.py:175} INFO - Processing /home/airflow/.local/lib/python3.7/site-packages/airflow/example_dags/example_nested_branch_dag.py took 0.086 seconds
[2024-01-05T14:15:23.382+0000] {processor.py:153} INFO - Started process (PID=6942) to work on /home/airflow/.local/lib/python3.7/site-packages/airflow/example_dags/example_nested_branch_dag.py
[2024-01-05T14:15:23.383+0000] {processor.py:743} INFO - Processing file /home/airflow/.local/lib/python3.7/site-packages/airflow/example_dags/example_nested_branch_dag.py for tasks to queue
[2024-01-05T14:15:23.384+0000] {logging_mixin.py:137} INFO - [2024-01-05T14:15:23.384+0000] {dagbag.py:538} INFO - Filling up the DagBag from /home/airflow/.local/lib/python3.7/site-packages/airflow/example_dags/example_nested_branch_dag.py
[2024-01-05T14:15:23.405+0000] {processor.py:753} INFO - DAG(s) dict_keys(['example_nested_branch_dag']) retrieved from /home/airflow/.local/lib/python3.7/site-packages/airflow/example_dags/example_nested_branch_dag.py
[2024-01-05T14:15:23.426+0000] {logging_mixin.py:137} INFO - [2024-01-05T14:15:23.426+0000] {dag.py:2690} INFO - Sync 1 DAGs
[2024-01-05T14:15:23.445+0000] {logging_mixin.py:137} INFO - [2024-01-05T14:15:23.445+0000] {dag.py:3441} INFO - Setting next_dagrun for example_nested_branch_dag to 2024-01-04T00:00:00+00:00, run_after=2024-01-05T00:00:00+00:00
[2024-01-05T14:15:23.459+0000] {processor.py:175} INFO - Processing /home/airflow/.local/lib/python3.7/site-packages/airflow/example_dags/example_nested_branch_dag.py took 0.080 seconds
[2024-01-05T14:15:53.665+0000] {processor.py:153} INFO - Started process (PID=7005) to work on /home/airflow/.local/lib/python3.7/site-packages/airflow/example_dags/example_nested_branch_dag.py
[2024-01-05T14:15:53.666+0000] {processor.py:743} INFO - Processing file /home/airflow/.local/lib/python3.7/site-packages/airflow/example_dags/example_nested_branch_dag.py for tasks to queue
[2024-01-05T14:15:53.667+0000] {logging_mixin.py:137} INFO - [2024-01-05T14:15:53.667+0000] {dagbag.py:538} INFO - Filling up the DagBag from /home/airflow/.local/lib/python3.7/site-packages/airflow/example_dags/example_nested_branch_dag.py
[2024-01-05T14:15:53.684+0000] {processor.py:753} INFO - DAG(s) dict_keys(['example_nested_branch_dag']) retrieved from /home/airflow/.local/lib/python3.7/site-packages/airflow/example_dags/example_nested_branch_dag.py
[2024-01-05T14:15:53.704+0000] {logging_mixin.py:137} INFO - [2024-01-05T14:15:53.704+0000] {dag.py:2690} INFO - Sync 1 DAGs
[2024-01-05T14:15:53.721+0000] {logging_mixin.py:137} INFO - [2024-01-05T14:15:53.721+0000] {dag.py:3441} INFO - Setting next_dagrun for example_nested_branch_dag to 2024-01-04T00:00:00+00:00, run_after=2024-01-05T00:00:00+00:00
[2024-01-05T14:15:53.734+0000] {processor.py:175} INFO - Processing /home/airflow/.local/lib/python3.7/site-packages/airflow/example_dags/example_nested_branch_dag.py took 0.072 seconds
[2024-01-05T14:16:24.495+0000] {processor.py:153} INFO - Started process (PID=7080) to work on /home/airflow/.local/lib/python3.7/site-packages/airflow/example_dags/example_nested_branch_dag.py
[2024-01-05T14:16:24.496+0000] {processor.py:743} INFO - Processing file /home/airflow/.local/lib/python3.7/site-packages/airflow/example_dags/example_nested_branch_dag.py for tasks to queue
[2024-01-05T14:16:24.496+0000] {logging_mixin.py:137} INFO - [2024-01-05T14:16:24.496+0000] {dagbag.py:538} INFO - Filling up the DagBag from /home/airflow/.local/lib/python3.7/site-packages/airflow/example_dags/example_nested_branch_dag.py
[2024-01-05T14:16:24.513+0000] {processor.py:753} INFO - DAG(s) dict_keys(['example_nested_branch_dag']) retrieved from /home/airflow/.local/lib/python3.7/site-packages/airflow/example_dags/example_nested_branch_dag.py
[2024-01-05T14:16:24.541+0000] {logging_mixin.py:137} INFO - [2024-01-05T14:16:24.541+0000] {dag.py:2690} INFO - Sync 1 DAGs
[2024-01-05T14:16:24.590+0000] {logging_mixin.py:137} INFO - [2024-01-05T14:16:24.590+0000] {dag.py:3441} INFO - Setting next_dagrun for example_nested_branch_dag to 2024-01-04T00:00:00+00:00, run_after=2024-01-05T00:00:00+00:00
[2024-01-05T14:16:24.647+0000] {processor.py:175} INFO - Processing /home/airflow/.local/lib/python3.7/site-packages/airflow/example_dags/example_nested_branch_dag.py took 0.156 seconds
[2024-01-05T14:16:55.459+0000] {processor.py:153} INFO - Started process (PID=7144) to work on /home/airflow/.local/lib/python3.7/site-packages/airflow/example_dags/example_nested_branch_dag.py
[2024-01-05T14:16:55.462+0000] {processor.py:743} INFO - Processing file /home/airflow/.local/lib/python3.7/site-packages/airflow/example_dags/example_nested_branch_dag.py for tasks to queue
[2024-01-05T14:16:55.464+0000] {logging_mixin.py:137} INFO - [2024-01-05T14:16:55.464+0000] {dagbag.py:538} INFO - Filling up the DagBag from /home/airflow/.local/lib/python3.7/site-packages/airflow/example_dags/example_nested_branch_dag.py
[2024-01-05T14:16:55.486+0000] {processor.py:753} INFO - DAG(s) dict_keys(['example_nested_branch_dag']) retrieved from /home/airflow/.local/lib/python3.7/site-packages/airflow/example_dags/example_nested_branch_dag.py
[2024-01-05T14:16:55.513+0000] {logging_mixin.py:137} INFO - [2024-01-05T14:16:55.513+0000] {dag.py:2690} INFO - Sync 1 DAGs
[2024-01-05T14:16:55.535+0000] {logging_mixin.py:137} INFO - [2024-01-05T14:16:55.535+0000] {dag.py:3441} INFO - Setting next_dagrun for example_nested_branch_dag to 2024-01-04T00:00:00+00:00, run_after=2024-01-05T00:00:00+00:00
[2024-01-05T14:16:55.549+0000] {processor.py:175} INFO - Processing /home/airflow/.local/lib/python3.7/site-packages/airflow/example_dags/example_nested_branch_dag.py took 0.095 seconds
[2024-01-05T14:17:25.810+0000] {processor.py:153} INFO - Started process (PID=7218) to work on /home/airflow/.local/lib/python3.7/site-packages/airflow/example_dags/example_nested_branch_dag.py
[2024-01-05T14:17:25.812+0000] {processor.py:743} INFO - Processing file /home/airflow/.local/lib/python3.7/site-packages/airflow/example_dags/example_nested_branch_dag.py for tasks to queue
[2024-01-05T14:17:25.812+0000] {logging_mixin.py:137} INFO - [2024-01-05T14:17:25.812+0000] {dagbag.py:538} INFO - Filling up the DagBag from /home/airflow/.local/lib/python3.7/site-packages/airflow/example_dags/example_nested_branch_dag.py
[2024-01-05T14:17:25.829+0000] {processor.py:753} INFO - DAG(s) dict_keys(['example_nested_branch_dag']) retrieved from /home/airflow/.local/lib/python3.7/site-packages/airflow/example_dags/example_nested_branch_dag.py
[2024-01-05T14:17:25.850+0000] {logging_mixin.py:137} INFO - [2024-01-05T14:17:25.850+0000] {dag.py:2690} INFO - Sync 1 DAGs
[2024-01-05T14:17:25.872+0000] {logging_mixin.py:137} INFO - [2024-01-05T14:17:25.872+0000] {dag.py:3441} INFO - Setting next_dagrun for example_nested_branch_dag to 2024-01-04T00:00:00+00:00, run_after=2024-01-05T00:00:00+00:00
[2024-01-05T14:17:25.887+0000] {processor.py:175} INFO - Processing /home/airflow/.local/lib/python3.7/site-packages/airflow/example_dags/example_nested_branch_dag.py took 0.080 seconds
[2024-01-05T14:17:57.111+0000] {processor.py:153} INFO - Started process (PID=7281) to work on /home/airflow/.local/lib/python3.7/site-packages/airflow/example_dags/example_nested_branch_dag.py
[2024-01-05T14:17:57.113+0000] {processor.py:743} INFO - Processing file /home/airflow/.local/lib/python3.7/site-packages/airflow/example_dags/example_nested_branch_dag.py for tasks to queue
[2024-01-05T14:17:57.114+0000] {logging_mixin.py:137} INFO - [2024-01-05T14:17:57.114+0000] {dagbag.py:538} INFO - Filling up the DagBag from /home/airflow/.local/lib/python3.7/site-packages/airflow/example_dags/example_nested_branch_dag.py
[2024-01-05T14:17:57.135+0000] {processor.py:753} INFO - DAG(s) dict_keys(['example_nested_branch_dag']) retrieved from /home/airflow/.local/lib/python3.7/site-packages/airflow/example_dags/example_nested_branch_dag.py
[2024-01-05T14:17:57.165+0000] {logging_mixin.py:137} INFO - [2024-01-05T14:17:57.165+0000] {dag.py:2690} INFO - Sync 1 DAGs
[2024-01-05T14:17:57.186+0000] {logging_mixin.py:137} INFO - [2024-01-05T14:17:57.185+0000] {dag.py:3441} INFO - Setting next_dagrun for example_nested_branch_dag to 2024-01-04T00:00:00+00:00, run_after=2024-01-05T00:00:00+00:00
[2024-01-05T14:17:57.199+0000] {processor.py:175} INFO - Processing /home/airflow/.local/lib/python3.7/site-packages/airflow/example_dags/example_nested_branch_dag.py took 0.091 seconds
[2024-01-05T14:18:27.289+0000] {processor.py:153} INFO - Started process (PID=7355) to work on /home/airflow/.local/lib/python3.7/site-packages/airflow/example_dags/example_nested_branch_dag.py
[2024-01-05T14:18:27.290+0000] {processor.py:743} INFO - Processing file /home/airflow/.local/lib/python3.7/site-packages/airflow/example_dags/example_nested_branch_dag.py for tasks to queue
[2024-01-05T14:18:27.291+0000] {logging_mixin.py:137} INFO - [2024-01-05T14:18:27.291+0000] {dagbag.py:538} INFO - Filling up the DagBag from /home/airflow/.local/lib/python3.7/site-packages/airflow/example_dags/example_nested_branch_dag.py
[2024-01-05T14:18:27.307+0000] {processor.py:753} INFO - DAG(s) dict_keys(['example_nested_branch_dag']) retrieved from /home/airflow/.local/lib/python3.7/site-packages/airflow/example_dags/example_nested_branch_dag.py
[2024-01-05T14:18:27.335+0000] {logging_mixin.py:137} INFO - [2024-01-05T14:18:27.334+0000] {dag.py:2690} INFO - Sync 1 DAGs
[2024-01-05T14:18:27.360+0000] {logging_mixin.py:137} INFO - [2024-01-05T14:18:27.360+0000] {dag.py:3441} INFO - Setting next_dagrun for example_nested_branch_dag to 2024-01-04T00:00:00+00:00, run_after=2024-01-05T00:00:00+00:00
[2024-01-05T14:18:27.374+0000] {processor.py:175} INFO - Processing /home/airflow/.local/lib/python3.7/site-packages/airflow/example_dags/example_nested_branch_dag.py took 0.088 seconds
[2024-01-05T14:18:58.634+0000] {processor.py:153} INFO - Started process (PID=7430) to work on /home/airflow/.local/lib/python3.7/site-packages/airflow/example_dags/example_nested_branch_dag.py
[2024-01-05T14:18:58.636+0000] {processor.py:743} INFO - Processing file /home/airflow/.local/lib/python3.7/site-packages/airflow/example_dags/example_nested_branch_dag.py for tasks to queue
[2024-01-05T14:18:58.637+0000] {logging_mixin.py:137} INFO - [2024-01-05T14:18:58.637+0000] {dagbag.py:538} INFO - Filling up the DagBag from /home/airflow/.local/lib/python3.7/site-packages/airflow/example_dags/example_nested_branch_dag.py
[2024-01-05T14:18:58.665+0000] {processor.py:753} INFO - DAG(s) dict_keys(['example_nested_branch_dag']) retrieved from /home/airflow/.local/lib/python3.7/site-packages/airflow/example_dags/example_nested_branch_dag.py
[2024-01-05T14:18:58.696+0000] {logging_mixin.py:137} INFO - [2024-01-05T14:18:58.696+0000] {dag.py:2690} INFO - Sync 1 DAGs
[2024-01-05T14:18:58.727+0000] {logging_mixin.py:137} INFO - [2024-01-05T14:18:58.727+0000] {dag.py:3441} INFO - Setting next_dagrun for example_nested_branch_dag to 2024-01-04T00:00:00+00:00, run_after=2024-01-05T00:00:00+00:00
[2024-01-05T14:18:58.757+0000] {processor.py:175} INFO - Processing /home/airflow/.local/lib/python3.7/site-packages/airflow/example_dags/example_nested_branch_dag.py took 0.128 seconds
[2024-01-05T14:19:29.672+0000] {processor.py:153} INFO - Started process (PID=7493) to work on /home/airflow/.local/lib/python3.7/site-packages/airflow/example_dags/example_nested_branch_dag.py
[2024-01-05T14:19:29.674+0000] {processor.py:743} INFO - Processing file /home/airflow/.local/lib/python3.7/site-packages/airflow/example_dags/example_nested_branch_dag.py for tasks to queue
[2024-01-05T14:19:29.675+0000] {logging_mixin.py:137} INFO - [2024-01-05T14:19:29.675+0000] {dagbag.py:538} INFO - Filling up the DagBag from /home/airflow/.local/lib/python3.7/site-packages/airflow/example_dags/example_nested_branch_dag.py
[2024-01-05T14:19:29.732+0000] {processor.py:753} INFO - DAG(s) dict_keys(['example_nested_branch_dag']) retrieved from /home/airflow/.local/lib/python3.7/site-packages/airflow/example_dags/example_nested_branch_dag.py
[2024-01-05T14:19:29.774+0000] {logging_mixin.py:137} INFO - [2024-01-05T14:19:29.774+0000] {dag.py:2690} INFO - Sync 1 DAGs
[2024-01-05T14:19:29.803+0000] {logging_mixin.py:137} INFO - [2024-01-05T14:19:29.803+0000] {dag.py:3441} INFO - Setting next_dagrun for example_nested_branch_dag to 2024-01-04T00:00:00+00:00, run_after=2024-01-05T00:00:00+00:00
[2024-01-05T14:19:29.822+0000] {processor.py:175} INFO - Processing /home/airflow/.local/lib/python3.7/site-packages/airflow/example_dags/example_nested_branch_dag.py took 0.155 seconds
[2024-01-05T14:20:00.328+0000] {processor.py:153} INFO - Started process (PID=7567) to work on /home/airflow/.local/lib/python3.7/site-packages/airflow/example_dags/example_nested_branch_dag.py
[2024-01-05T14:20:00.330+0000] {processor.py:743} INFO - Processing file /home/airflow/.local/lib/python3.7/site-packages/airflow/example_dags/example_nested_branch_dag.py for tasks to queue
[2024-01-05T14:20:00.333+0000] {logging_mixin.py:137} INFO - [2024-01-05T14:20:00.332+0000] {dagbag.py:538} INFO - Filling up the DagBag from /home/airflow/.local/lib/python3.7/site-packages/airflow/example_dags/example_nested_branch_dag.py
[2024-01-05T14:20:00.360+0000] {processor.py:753} INFO - DAG(s) dict_keys(['example_nested_branch_dag']) retrieved from /home/airflow/.local/lib/python3.7/site-packages/airflow/example_dags/example_nested_branch_dag.py
[2024-01-05T14:20:00.382+0000] {logging_mixin.py:137} INFO - [2024-01-05T14:20:00.382+0000] {dag.py:2690} INFO - Sync 1 DAGs
[2024-01-05T14:20:00.400+0000] {logging_mixin.py:137} INFO - [2024-01-05T14:20:00.399+0000] {dag.py:3441} INFO - Setting next_dagrun for example_nested_branch_dag to 2024-01-04T00:00:00+00:00, run_after=2024-01-05T00:00:00+00:00
[2024-01-05T14:20:00.410+0000] {processor.py:175} INFO - Processing /home/airflow/.local/lib/python3.7/site-packages/airflow/example_dags/example_nested_branch_dag.py took 0.086 seconds
[2024-01-05T14:20:31.303+0000] {processor.py:153} INFO - Started process (PID=7630) to work on /home/airflow/.local/lib/python3.7/site-packages/airflow/example_dags/example_nested_branch_dag.py
[2024-01-05T14:20:31.305+0000] {processor.py:743} INFO - Processing file /home/airflow/.local/lib/python3.7/site-packages/airflow/example_dags/example_nested_branch_dag.py for tasks to queue
[2024-01-05T14:20:31.306+0000] {logging_mixin.py:137} INFO - [2024-01-05T14:20:31.305+0000] {dagbag.py:538} INFO - Filling up the DagBag from /home/airflow/.local/lib/python3.7/site-packages/airflow/example_dags/example_nested_branch_dag.py
[2024-01-05T14:20:31.326+0000] {processor.py:753} INFO - DAG(s) dict_keys(['example_nested_branch_dag']) retrieved from /home/airflow/.local/lib/python3.7/site-packages/airflow/example_dags/example_nested_branch_dag.py
[2024-01-05T14:20:31.348+0000] {logging_mixin.py:137} INFO - [2024-01-05T14:20:31.348+0000] {dag.py:2690} INFO - Sync 1 DAGs
[2024-01-05T14:20:31.365+0000] {logging_mixin.py:137} INFO - [2024-01-05T14:20:31.365+0000] {dag.py:3441} INFO - Setting next_dagrun for example_nested_branch_dag to 2024-01-04T00:00:00+00:00, run_after=2024-01-05T00:00:00+00:00
[2024-01-05T14:20:31.376+0000] {processor.py:175} INFO - Processing /home/airflow/.local/lib/python3.7/site-packages/airflow/example_dags/example_nested_branch_dag.py took 0.078 seconds
[2024-01-05T14:21:02.099+0000] {processor.py:153} INFO - Started process (PID=7705) to work on /home/airflow/.local/lib/python3.7/site-packages/airflow/example_dags/example_nested_branch_dag.py
[2024-01-05T14:21:02.100+0000] {processor.py:743} INFO - Processing file /home/airflow/.local/lib/python3.7/site-packages/airflow/example_dags/example_nested_branch_dag.py for tasks to queue
[2024-01-05T14:21:02.101+0000] {logging_mixin.py:137} INFO - [2024-01-05T14:21:02.101+0000] {dagbag.py:538} INFO - Filling up the DagBag from /home/airflow/.local/lib/python3.7/site-packages/airflow/example_dags/example_nested_branch_dag.py
[2024-01-05T14:21:02.126+0000] {processor.py:753} INFO - DAG(s) dict_keys(['example_nested_branch_dag']) retrieved from /home/airflow/.local/lib/python3.7/site-packages/airflow/example_dags/example_nested_branch_dag.py
[2024-01-05T14:21:02.148+0000] {logging_mixin.py:137} INFO - [2024-01-05T14:21:02.148+0000] {dag.py:2690} INFO - Sync 1 DAGs
[2024-01-05T14:21:02.168+0000] {logging_mixin.py:137} INFO - [2024-01-05T14:21:02.168+0000] {dag.py:3441} INFO - Setting next_dagrun for example_nested_branch_dag to 2024-01-04T00:00:00+00:00, run_after=2024-01-05T00:00:00+00:00
[2024-01-05T14:21:02.180+0000] {processor.py:175} INFO - Processing /home/airflow/.local/lib/python3.7/site-packages/airflow/example_dags/example_nested_branch_dag.py took 0.086 seconds
[2024-01-05T14:21:32.549+0000] {processor.py:153} INFO - Started process (PID=7781) to work on /home/airflow/.local/lib/python3.7/site-packages/airflow/example_dags/example_nested_branch_dag.py
[2024-01-05T14:21:32.550+0000] {processor.py:743} INFO - Processing file /home/airflow/.local/lib/python3.7/site-packages/airflow/example_dags/example_nested_branch_dag.py for tasks to queue
[2024-01-05T14:21:32.552+0000] {logging_mixin.py:137} INFO - [2024-01-05T14:21:32.552+0000] {dagbag.py:538} INFO - Filling up the DagBag from /home/airflow/.local/lib/python3.7/site-packages/airflow/example_dags/example_nested_branch_dag.py
[2024-01-05T14:21:32.573+0000] {processor.py:753} INFO - DAG(s) dict_keys(['example_nested_branch_dag']) retrieved from /home/airflow/.local/lib/python3.7/site-packages/airflow/example_dags/example_nested_branch_dag.py
[2024-01-05T14:21:32.600+0000] {logging_mixin.py:137} INFO - [2024-01-05T14:21:32.600+0000] {dag.py:2690} INFO - Sync 1 DAGs
[2024-01-05T14:21:32.625+0000] {logging_mixin.py:137} INFO - [2024-01-05T14:21:32.624+0000] {dag.py:3441} INFO - Setting next_dagrun for example_nested_branch_dag to 2024-01-04T00:00:00+00:00, run_after=2024-01-05T00:00:00+00:00
[2024-01-05T14:21:32.649+0000] {processor.py:175} INFO - Processing /home/airflow/.local/lib/python3.7/site-packages/airflow/example_dags/example_nested_branch_dag.py took 0.104 seconds
[2024-01-05T14:22:02.834+0000] {processor.py:153} INFO - Started process (PID=7844) to work on /home/airflow/.local/lib/python3.7/site-packages/airflow/example_dags/example_nested_branch_dag.py
[2024-01-05T14:22:02.836+0000] {processor.py:743} INFO - Processing file /home/airflow/.local/lib/python3.7/site-packages/airflow/example_dags/example_nested_branch_dag.py for tasks to queue
[2024-01-05T14:22:02.838+0000] {logging_mixin.py:137} INFO - [2024-01-05T14:22:02.838+0000] {dagbag.py:538} INFO - Filling up the DagBag from /home/airflow/.local/lib/python3.7/site-packages/airflow/example_dags/example_nested_branch_dag.py
[2024-01-05T14:22:02.857+0000] {processor.py:753} INFO - DAG(s) dict_keys(['example_nested_branch_dag']) retrieved from /home/airflow/.local/lib/python3.7/site-packages/airflow/example_dags/example_nested_branch_dag.py
[2024-01-05T14:22:02.879+0000] {logging_mixin.py:137} INFO - [2024-01-05T14:22:02.879+0000] {dag.py:2690} INFO - Sync 1 DAGs
[2024-01-05T14:22:02.897+0000] {logging_mixin.py:137} INFO - [2024-01-05T14:22:02.897+0000] {dag.py:3441} INFO - Setting next_dagrun for example_nested_branch_dag to 2024-01-04T00:00:00+00:00, run_after=2024-01-05T00:00:00+00:00
[2024-01-05T14:22:02.911+0000] {processor.py:175} INFO - Processing /home/airflow/.local/lib/python3.7/site-packages/airflow/example_dags/example_nested_branch_dag.py took 0.080 seconds
[2024-01-05T14:22:33.540+0000] {processor.py:153} INFO - Started process (PID=7920) to work on /home/airflow/.local/lib/python3.7/site-packages/airflow/example_dags/example_nested_branch_dag.py
[2024-01-05T14:22:33.544+0000] {processor.py:743} INFO - Processing file /home/airflow/.local/lib/python3.7/site-packages/airflow/example_dags/example_nested_branch_dag.py for tasks to queue
[2024-01-05T14:22:33.549+0000] {logging_mixin.py:137} INFO - [2024-01-05T14:22:33.549+0000] {dagbag.py:538} INFO - Filling up the DagBag from /home/airflow/.local/lib/python3.7/site-packages/airflow/example_dags/example_nested_branch_dag.py
[2024-01-05T14:22:33.582+0000] {processor.py:753} INFO - DAG(s) dict_keys(['example_nested_branch_dag']) retrieved from /home/airflow/.local/lib/python3.7/site-packages/airflow/example_dags/example_nested_branch_dag.py
[2024-01-05T14:22:33.610+0000] {logging_mixin.py:137} INFO - [2024-01-05T14:22:33.610+0000] {dag.py:2690} INFO - Sync 1 DAGs
[2024-01-05T14:22:33.633+0000] {logging_mixin.py:137} INFO - [2024-01-05T14:22:33.633+0000] {dag.py:3441} INFO - Setting next_dagrun for example_nested_branch_dag to 2024-01-04T00:00:00+00:00, run_after=2024-01-05T00:00:00+00:00
[2024-01-05T14:22:33.650+0000] {processor.py:175} INFO - Processing /home/airflow/.local/lib/python3.7/site-packages/airflow/example_dags/example_nested_branch_dag.py took 0.118 seconds
[2024-01-05T14:23:04.647+0000] {processor.py:153} INFO - Started process (PID=7983) to work on /home/airflow/.local/lib/python3.7/site-packages/airflow/example_dags/example_nested_branch_dag.py
[2024-01-05T14:23:04.648+0000] {processor.py:743} INFO - Processing file /home/airflow/.local/lib/python3.7/site-packages/airflow/example_dags/example_nested_branch_dag.py for tasks to queue
[2024-01-05T14:23:04.650+0000] {logging_mixin.py:137} INFO - [2024-01-05T14:23:04.649+0000] {dagbag.py:538} INFO - Filling up the DagBag from /home/airflow/.local/lib/python3.7/site-packages/airflow/example_dags/example_nested_branch_dag.py
[2024-01-05T14:23:04.667+0000] {processor.py:753} INFO - DAG(s) dict_keys(['example_nested_branch_dag']) retrieved from /home/airflow/.local/lib/python3.7/site-packages/airflow/example_dags/example_nested_branch_dag.py
[2024-01-05T14:23:04.689+0000] {logging_mixin.py:137} INFO - [2024-01-05T14:23:04.689+0000] {dag.py:2690} INFO - Sync 1 DAGs
[2024-01-05T14:23:04.707+0000] {logging_mixin.py:137} INFO - [2024-01-05T14:23:04.707+0000] {dag.py:3441} INFO - Setting next_dagrun for example_nested_branch_dag to 2024-01-04T00:00:00+00:00, run_after=2024-01-05T00:00:00+00:00
[2024-01-05T14:23:04.720+0000] {processor.py:175} INFO - Processing /home/airflow/.local/lib/python3.7/site-packages/airflow/example_dags/example_nested_branch_dag.py took 0.077 seconds
[2024-01-05T14:23:34.968+0000] {processor.py:153} INFO - Started process (PID=8058) to work on /home/airflow/.local/lib/python3.7/site-packages/airflow/example_dags/example_nested_branch_dag.py
[2024-01-05T14:23:34.969+0000] {processor.py:743} INFO - Processing file /home/airflow/.local/lib/python3.7/site-packages/airflow/example_dags/example_nested_branch_dag.py for tasks to queue
[2024-01-05T14:23:34.970+0000] {logging_mixin.py:137} INFO - [2024-01-05T14:23:34.970+0000] {dagbag.py:538} INFO - Filling up the DagBag from /home/airflow/.local/lib/python3.7/site-packages/airflow/example_dags/example_nested_branch_dag.py
[2024-01-05T14:23:34.987+0000] {processor.py:753} INFO - DAG(s) dict_keys(['example_nested_branch_dag']) retrieved from /home/airflow/.local/lib/python3.7/site-packages/airflow/example_dags/example_nested_branch_dag.py
[2024-01-05T14:23:35.015+0000] {logging_mixin.py:137} INFO - [2024-01-05T14:23:35.014+0000] {dag.py:2690} INFO - Sync 1 DAGs
[2024-01-05T14:23:35.034+0000] {logging_mixin.py:137} INFO - [2024-01-05T14:23:35.034+0000] {dag.py:3441} INFO - Setting next_dagrun for example_nested_branch_dag to 2024-01-04T00:00:00+00:00, run_after=2024-01-05T00:00:00+00:00
[2024-01-05T14:23:35.057+0000] {processor.py:175} INFO - Processing /home/airflow/.local/lib/python3.7/site-packages/airflow/example_dags/example_nested_branch_dag.py took 0.092 seconds
[2024-01-05T14:24:05.952+0000] {processor.py:153} INFO - Started process (PID=8121) to work on /home/airflow/.local/lib/python3.7/site-packages/airflow/example_dags/example_nested_branch_dag.py
[2024-01-05T14:24:05.953+0000] {processor.py:743} INFO - Processing file /home/airflow/.local/lib/python3.7/site-packages/airflow/example_dags/example_nested_branch_dag.py for tasks to queue
[2024-01-05T14:24:05.954+0000] {logging_mixin.py:137} INFO - [2024-01-05T14:24:05.954+0000] {dagbag.py:538} INFO - Filling up the DagBag from /home/airflow/.local/lib/python3.7/site-packages/airflow/example_dags/example_nested_branch_dag.py
[2024-01-05T14:24:05.970+0000] {processor.py:753} INFO - DAG(s) dict_keys(['example_nested_branch_dag']) retrieved from /home/airflow/.local/lib/python3.7/site-packages/airflow/example_dags/example_nested_branch_dag.py
[2024-01-05T14:24:05.991+0000] {logging_mixin.py:137} INFO - [2024-01-05T14:24:05.991+0000] {dag.py:2690} INFO - Sync 1 DAGs
[2024-01-05T14:24:06.010+0000] {logging_mixin.py:137} INFO - [2024-01-05T14:24:06.010+0000] {dag.py:3441} INFO - Setting next_dagrun for example_nested_branch_dag to 2024-01-04T00:00:00+00:00, run_after=2024-01-05T00:00:00+00:00
[2024-01-05T14:24:06.023+0000] {processor.py:175} INFO - Processing /home/airflow/.local/lib/python3.7/site-packages/airflow/example_dags/example_nested_branch_dag.py took 0.073 seconds
[2024-01-05T14:24:36.768+0000] {processor.py:153} INFO - Started process (PID=8197) to work on /home/airflow/.local/lib/python3.7/site-packages/airflow/example_dags/example_nested_branch_dag.py
[2024-01-05T14:24:36.769+0000] {processor.py:743} INFO - Processing file /home/airflow/.local/lib/python3.7/site-packages/airflow/example_dags/example_nested_branch_dag.py for tasks to queue
[2024-01-05T14:24:36.770+0000] {logging_mixin.py:137} INFO - [2024-01-05T14:24:36.770+0000] {dagbag.py:538} INFO - Filling up the DagBag from /home/airflow/.local/lib/python3.7/site-packages/airflow/example_dags/example_nested_branch_dag.py
[2024-01-05T14:24:36.786+0000] {processor.py:753} INFO - DAG(s) dict_keys(['example_nested_branch_dag']) retrieved from /home/airflow/.local/lib/python3.7/site-packages/airflow/example_dags/example_nested_branch_dag.py
[2024-01-05T14:24:36.826+0000] {logging_mixin.py:137} INFO - [2024-01-05T14:24:36.826+0000] {dag.py:2690} INFO - Sync 1 DAGs
[2024-01-05T14:24:36.848+0000] {logging_mixin.py:137} INFO - [2024-01-05T14:24:36.848+0000] {dag.py:3441} INFO - Setting next_dagrun for example_nested_branch_dag to 2024-01-04T00:00:00+00:00, run_after=2024-01-05T00:00:00+00:00
[2024-01-05T14:24:36.867+0000] {processor.py:175} INFO - Processing /home/airflow/.local/lib/python3.7/site-packages/airflow/example_dags/example_nested_branch_dag.py took 0.102 seconds
[2024-01-05T14:25:07.397+0000] {processor.py:153} INFO - Started process (PID=8260) to work on /home/airflow/.local/lib/python3.7/site-packages/airflow/example_dags/example_nested_branch_dag.py
[2024-01-05T14:25:07.398+0000] {processor.py:743} INFO - Processing file /home/airflow/.local/lib/python3.7/site-packages/airflow/example_dags/example_nested_branch_dag.py for tasks to queue
[2024-01-05T14:25:07.399+0000] {logging_mixin.py:137} INFO - [2024-01-05T14:25:07.399+0000] {dagbag.py:538} INFO - Filling up the DagBag from /home/airflow/.local/lib/python3.7/site-packages/airflow/example_dags/example_nested_branch_dag.py
[2024-01-05T14:25:07.414+0000] {processor.py:753} INFO - DAG(s) dict_keys(['example_nested_branch_dag']) retrieved from /home/airflow/.local/lib/python3.7/site-packages/airflow/example_dags/example_nested_branch_dag.py
[2024-01-05T14:25:07.433+0000] {logging_mixin.py:137} INFO - [2024-01-05T14:25:07.433+0000] {dag.py:2690} INFO - Sync 1 DAGs
[2024-01-05T14:25:07.448+0000] {logging_mixin.py:137} INFO - [2024-01-05T14:25:07.448+0000] {dag.py:3441} INFO - Setting next_dagrun for example_nested_branch_dag to 2024-01-04T00:00:00+00:00, run_after=2024-01-05T00:00:00+00:00
[2024-01-05T14:25:07.459+0000] {processor.py:175} INFO - Processing /home/airflow/.local/lib/python3.7/site-packages/airflow/example_dags/example_nested_branch_dag.py took 0.064 seconds
[2024-01-05T14:25:37.879+0000] {processor.py:153} INFO - Started process (PID=8336) to work on /home/airflow/.local/lib/python3.7/site-packages/airflow/example_dags/example_nested_branch_dag.py
[2024-01-05T14:25:37.880+0000] {processor.py:743} INFO - Processing file /home/airflow/.local/lib/python3.7/site-packages/airflow/example_dags/example_nested_branch_dag.py for tasks to queue
[2024-01-05T14:25:37.880+0000] {logging_mixin.py:137} INFO - [2024-01-05T14:25:37.880+0000] {dagbag.py:538} INFO - Filling up the DagBag from /home/airflow/.local/lib/python3.7/site-packages/airflow/example_dags/example_nested_branch_dag.py
[2024-01-05T14:25:37.895+0000] {processor.py:753} INFO - DAG(s) dict_keys(['example_nested_branch_dag']) retrieved from /home/airflow/.local/lib/python3.7/site-packages/airflow/example_dags/example_nested_branch_dag.py
[2024-01-05T14:25:37.915+0000] {logging_mixin.py:137} INFO - [2024-01-05T14:25:37.915+0000] {dag.py:2690} INFO - Sync 1 DAGs
[2024-01-05T14:25:37.936+0000] {logging_mixin.py:137} INFO - [2024-01-05T14:25:37.936+0000] {dag.py:3441} INFO - Setting next_dagrun for example_nested_branch_dag to 2024-01-04T00:00:00+00:00, run_after=2024-01-05T00:00:00+00:00
[2024-01-05T14:25:37.948+0000] {processor.py:175} INFO - Processing /home/airflow/.local/lib/python3.7/site-packages/airflow/example_dags/example_nested_branch_dag.py took 0.072 seconds
[2024-01-05T14:26:08.799+0000] {processor.py:153} INFO - Started process (PID=8408) to work on /home/airflow/.local/lib/python3.7/site-packages/airflow/example_dags/example_nested_branch_dag.py
[2024-01-05T14:26:08.801+0000] {processor.py:743} INFO - Processing file /home/airflow/.local/lib/python3.7/site-packages/airflow/example_dags/example_nested_branch_dag.py for tasks to queue
[2024-01-05T14:26:08.805+0000] {logging_mixin.py:137} INFO - [2024-01-05T14:26:08.804+0000] {dagbag.py:538} INFO - Filling up the DagBag from /home/airflow/.local/lib/python3.7/site-packages/airflow/example_dags/example_nested_branch_dag.py
[2024-01-05T14:26:08.845+0000] {processor.py:753} INFO - DAG(s) dict_keys(['example_nested_branch_dag']) retrieved from /home/airflow/.local/lib/python3.7/site-packages/airflow/example_dags/example_nested_branch_dag.py
[2024-01-05T14:26:08.945+0000] {logging_mixin.py:137} INFO - [2024-01-05T14:26:08.945+0000] {dag.py:2690} INFO - Sync 1 DAGs
[2024-01-05T14:26:08.983+0000] {logging_mixin.py:137} INFO - [2024-01-05T14:26:08.983+0000] {dag.py:3441} INFO - Setting next_dagrun for example_nested_branch_dag to 2024-01-04T00:00:00+00:00, run_after=2024-01-05T00:00:00+00:00
[2024-01-05T14:26:09.010+0000] {processor.py:175} INFO - Processing /home/airflow/.local/lib/python3.7/site-packages/airflow/example_dags/example_nested_branch_dag.py took 0.215 seconds
[2024-01-05T14:26:39.151+0000] {processor.py:153} INFO - Started process (PID=8474) to work on /home/airflow/.local/lib/python3.7/site-packages/airflow/example_dags/example_nested_branch_dag.py
[2024-01-05T14:26:39.153+0000] {processor.py:743} INFO - Processing file /home/airflow/.local/lib/python3.7/site-packages/airflow/example_dags/example_nested_branch_dag.py for tasks to queue
[2024-01-05T14:26:39.154+0000] {logging_mixin.py:137} INFO - [2024-01-05T14:26:39.154+0000] {dagbag.py:538} INFO - Filling up the DagBag from /home/airflow/.local/lib/python3.7/site-packages/airflow/example_dags/example_nested_branch_dag.py
[2024-01-05T14:26:39.171+0000] {processor.py:753} INFO - DAG(s) dict_keys(['example_nested_branch_dag']) retrieved from /home/airflow/.local/lib/python3.7/site-packages/airflow/example_dags/example_nested_branch_dag.py
[2024-01-05T14:26:39.191+0000] {logging_mixin.py:137} INFO - [2024-01-05T14:26:39.191+0000] {dag.py:2690} INFO - Sync 1 DAGs
[2024-01-05T14:26:39.208+0000] {logging_mixin.py:137} INFO - [2024-01-05T14:26:39.208+0000] {dag.py:3441} INFO - Setting next_dagrun for example_nested_branch_dag to 2024-01-04T00:00:00+00:00, run_after=2024-01-05T00:00:00+00:00
[2024-01-05T14:26:39.224+0000] {processor.py:175} INFO - Processing /home/airflow/.local/lib/python3.7/site-packages/airflow/example_dags/example_nested_branch_dag.py took 0.076 seconds
