[2024-01-05T01:20:52.676+0000] {processor.py:153} INFO - Started process (PID=4310) to work on /home/airflow/.local/lib/python3.7/site-packages/airflow/example_dags/example_time_delta_sensor_async.py
[2024-01-05T01:20:52.678+0000] {processor.py:743} INFO - Processing file /home/airflow/.local/lib/python3.7/site-packages/airflow/example_dags/example_time_delta_sensor_async.py for tasks to queue
[2024-01-05T01:20:52.679+0000] {logging_mixin.py:137} INFO - [2024-01-05T01:20:52.679+0000] {dagbag.py:538} INFO - Filling up the DagBag from /home/airflow/.local/lib/python3.7/site-packages/airflow/example_dags/example_time_delta_sensor_async.py
[2024-01-05T01:20:52.692+0000] {processor.py:753} INFO - DAG(s) dict_keys(['example_time_delta_sensor_async']) retrieved from /home/airflow/.local/lib/python3.7/site-packages/airflow/example_dags/example_time_delta_sensor_async.py
[2024-01-05T01:20:52.712+0000] {logging_mixin.py:137} INFO - [2024-01-05T01:20:52.712+0000] {dag.py:2690} INFO - Sync 1 DAGs
[2024-01-05T01:20:52.773+0000] {logging_mixin.py:137} INFO - [2024-01-05T01:20:52.772+0000] {dag.py:3441} INFO - Setting next_dagrun for example_time_delta_sensor_async to None, run_after=None
[2024-01-05T01:20:52.841+0000] {processor.py:175} INFO - Processing /home/airflow/.local/lib/python3.7/site-packages/airflow/example_dags/example_time_delta_sensor_async.py took 0.169 seconds
[2024-01-05T02:31:17.264+0000] {processor.py:153} INFO - Started process (PID=4386) to work on /home/airflow/.local/lib/python3.7/site-packages/airflow/example_dags/example_time_delta_sensor_async.py
[2024-01-05T02:31:17.266+0000] {processor.py:743} INFO - Processing file /home/airflow/.local/lib/python3.7/site-packages/airflow/example_dags/example_time_delta_sensor_async.py for tasks to queue
[2024-01-05T02:31:17.267+0000] {logging_mixin.py:137} INFO - [2024-01-05T02:31:17.267+0000] {dagbag.py:538} INFO - Filling up the DagBag from /home/airflow/.local/lib/python3.7/site-packages/airflow/example_dags/example_time_delta_sensor_async.py
[2024-01-05T02:31:17.279+0000] {processor.py:753} INFO - DAG(s) dict_keys(['example_time_delta_sensor_async']) retrieved from /home/airflow/.local/lib/python3.7/site-packages/airflow/example_dags/example_time_delta_sensor_async.py
[2024-01-05T02:31:17.301+0000] {logging_mixin.py:137} INFO - [2024-01-05T02:31:17.301+0000] {dag.py:2690} INFO - Sync 1 DAGs
[2024-01-05T02:31:17.319+0000] {logging_mixin.py:137} INFO - [2024-01-05T02:31:17.319+0000] {dag.py:3441} INFO - Setting next_dagrun for example_time_delta_sensor_async to None, run_after=None
[2024-01-05T02:31:17.330+0000] {processor.py:175} INFO - Processing /home/airflow/.local/lib/python3.7/site-packages/airflow/example_dags/example_time_delta_sensor_async.py took 0.070 seconds
[2024-01-05T03:42:26.081+0000] {processor.py:153} INFO - Started process (PID=4449) to work on /home/airflow/.local/lib/python3.7/site-packages/airflow/example_dags/example_time_delta_sensor_async.py
[2024-01-05T03:42:26.082+0000] {processor.py:743} INFO - Processing file /home/airflow/.local/lib/python3.7/site-packages/airflow/example_dags/example_time_delta_sensor_async.py for tasks to queue
[2024-01-05T03:42:26.083+0000] {logging_mixin.py:137} INFO - [2024-01-05T03:42:26.083+0000] {dagbag.py:538} INFO - Filling up the DagBag from /home/airflow/.local/lib/python3.7/site-packages/airflow/example_dags/example_time_delta_sensor_async.py
[2024-01-05T03:42:26.093+0000] {processor.py:753} INFO - DAG(s) dict_keys(['example_time_delta_sensor_async']) retrieved from /home/airflow/.local/lib/python3.7/site-packages/airflow/example_dags/example_time_delta_sensor_async.py
[2024-01-05T03:42:26.125+0000] {logging_mixin.py:137} INFO - [2024-01-05T03:42:26.124+0000] {dag.py:2690} INFO - Sync 1 DAGs
[2024-01-05T03:42:26.150+0000] {logging_mixin.py:137} INFO - [2024-01-05T03:42:26.150+0000] {dag.py:3441} INFO - Setting next_dagrun for example_time_delta_sensor_async to None, run_after=None
[2024-01-05T03:42:26.167+0000] {processor.py:175} INFO - Processing /home/airflow/.local/lib/python3.7/site-packages/airflow/example_dags/example_time_delta_sensor_async.py took 0.090 seconds
[2024-01-05T05:03:25.320+0000] {processor.py:153} INFO - Started process (PID=4521) to work on /home/airflow/.local/lib/python3.7/site-packages/airflow/example_dags/example_time_delta_sensor_async.py
[2024-01-05T05:03:25.323+0000] {processor.py:743} INFO - Processing file /home/airflow/.local/lib/python3.7/site-packages/airflow/example_dags/example_time_delta_sensor_async.py for tasks to queue
[2024-01-05T05:03:25.324+0000] {logging_mixin.py:137} INFO - [2024-01-05T05:03:25.324+0000] {dagbag.py:538} INFO - Filling up the DagBag from /home/airflow/.local/lib/python3.7/site-packages/airflow/example_dags/example_time_delta_sensor_async.py
[2024-01-05T05:03:25.356+0000] {processor.py:753} INFO - DAG(s) dict_keys(['example_time_delta_sensor_async']) retrieved from /home/airflow/.local/lib/python3.7/site-packages/airflow/example_dags/example_time_delta_sensor_async.py
[2024-01-05T05:03:25.427+0000] {logging_mixin.py:137} INFO - [2024-01-05T05:03:25.426+0000] {dag.py:2690} INFO - Sync 1 DAGs
[2024-01-05T05:03:25.502+0000] {logging_mixin.py:137} INFO - [2024-01-05T05:03:25.501+0000] {dag.py:3441} INFO - Setting next_dagrun for example_time_delta_sensor_async to None, run_after=None
[2024-01-05T05:03:25.535+0000] {processor.py:175} INFO - Processing /home/airflow/.local/lib/python3.7/site-packages/airflow/example_dags/example_time_delta_sensor_async.py took 0.220 seconds
[2024-01-05T06:28:02.172+0000] {processor.py:153} INFO - Started process (PID=4586) to work on /home/airflow/.local/lib/python3.7/site-packages/airflow/example_dags/example_time_delta_sensor_async.py
[2024-01-05T06:28:02.175+0000] {processor.py:743} INFO - Processing file /home/airflow/.local/lib/python3.7/site-packages/airflow/example_dags/example_time_delta_sensor_async.py for tasks to queue
[2024-01-05T06:28:02.176+0000] {logging_mixin.py:137} INFO - [2024-01-05T06:28:02.176+0000] {dagbag.py:538} INFO - Filling up the DagBag from /home/airflow/.local/lib/python3.7/site-packages/airflow/example_dags/example_time_delta_sensor_async.py
[2024-01-05T06:28:02.186+0000] {processor.py:753} INFO - DAG(s) dict_keys(['example_time_delta_sensor_async']) retrieved from /home/airflow/.local/lib/python3.7/site-packages/airflow/example_dags/example_time_delta_sensor_async.py
[2024-01-05T06:28:02.220+0000] {logging_mixin.py:137} INFO - [2024-01-05T06:28:02.219+0000] {dag.py:2690} INFO - Sync 1 DAGs
[2024-01-05T06:28:02.243+0000] {logging_mixin.py:137} INFO - [2024-01-05T06:28:02.243+0000] {dag.py:3441} INFO - Setting next_dagrun for example_time_delta_sensor_async to None, run_after=None
[2024-01-05T06:28:02.256+0000] {processor.py:175} INFO - Processing /home/airflow/.local/lib/python3.7/site-packages/airflow/example_dags/example_time_delta_sensor_async.py took 0.087 seconds
[2024-01-05T07:47:03.789+0000] {processor.py:153} INFO - Started process (PID=4649) to work on /home/airflow/.local/lib/python3.7/site-packages/airflow/example_dags/example_time_delta_sensor_async.py
[2024-01-05T07:47:03.791+0000] {processor.py:743} INFO - Processing file /home/airflow/.local/lib/python3.7/site-packages/airflow/example_dags/example_time_delta_sensor_async.py for tasks to queue
[2024-01-05T07:47:03.791+0000] {logging_mixin.py:137} INFO - [2024-01-05T07:47:03.791+0000] {dagbag.py:538} INFO - Filling up the DagBag from /home/airflow/.local/lib/python3.7/site-packages/airflow/example_dags/example_time_delta_sensor_async.py
[2024-01-05T07:47:03.805+0000] {processor.py:753} INFO - DAG(s) dict_keys(['example_time_delta_sensor_async']) retrieved from /home/airflow/.local/lib/python3.7/site-packages/airflow/example_dags/example_time_delta_sensor_async.py
[2024-01-05T07:47:03.832+0000] {logging_mixin.py:137} INFO - [2024-01-05T07:47:03.832+0000] {dag.py:2690} INFO - Sync 1 DAGs
[2024-01-05T07:47:03.849+0000] {logging_mixin.py:137} INFO - [2024-01-05T07:47:03.849+0000] {dag.py:3441} INFO - Setting next_dagrun for example_time_delta_sensor_async to None, run_after=None
[2024-01-05T07:47:03.861+0000] {processor.py:175} INFO - Processing /home/airflow/.local/lib/python3.7/site-packages/airflow/example_dags/example_time_delta_sensor_async.py took 0.074 seconds
[2024-01-05T09:24:45.995+0000] {processor.py:153} INFO - Started process (PID=4723) to work on /home/airflow/.local/lib/python3.7/site-packages/airflow/example_dags/example_time_delta_sensor_async.py
[2024-01-05T09:24:45.996+0000] {processor.py:743} INFO - Processing file /home/airflow/.local/lib/python3.7/site-packages/airflow/example_dags/example_time_delta_sensor_async.py for tasks to queue
[2024-01-05T09:24:45.997+0000] {logging_mixin.py:137} INFO - [2024-01-05T09:24:45.997+0000] {dagbag.py:538} INFO - Filling up the DagBag from /home/airflow/.local/lib/python3.7/site-packages/airflow/example_dags/example_time_delta_sensor_async.py
[2024-01-05T09:24:46.014+0000] {processor.py:753} INFO - DAG(s) dict_keys(['example_time_delta_sensor_async']) retrieved from /home/airflow/.local/lib/python3.7/site-packages/airflow/example_dags/example_time_delta_sensor_async.py
[2024-01-05T09:24:46.079+0000] {logging_mixin.py:137} INFO - [2024-01-05T09:24:46.079+0000] {dag.py:2690} INFO - Sync 1 DAGs
[2024-01-05T09:24:46.104+0000] {logging_mixin.py:137} INFO - [2024-01-05T09:24:46.104+0000] {dag.py:3441} INFO - Setting next_dagrun for example_time_delta_sensor_async to None, run_after=None
[2024-01-05T09:24:46.130+0000] {processor.py:175} INFO - Processing /home/airflow/.local/lib/python3.7/site-packages/airflow/example_dags/example_time_delta_sensor_async.py took 0.138 seconds
[2024-01-05T10:32:47.124+0000] {processor.py:153} INFO - Started process (PID=4786) to work on /home/airflow/.local/lib/python3.7/site-packages/airflow/example_dags/example_time_delta_sensor_async.py
[2024-01-05T10:32:47.126+0000] {processor.py:743} INFO - Processing file /home/airflow/.local/lib/python3.7/site-packages/airflow/example_dags/example_time_delta_sensor_async.py for tasks to queue
[2024-01-05T10:32:47.127+0000] {logging_mixin.py:137} INFO - [2024-01-05T10:32:47.127+0000] {dagbag.py:538} INFO - Filling up the DagBag from /home/airflow/.local/lib/python3.7/site-packages/airflow/example_dags/example_time_delta_sensor_async.py
[2024-01-05T10:32:47.142+0000] {processor.py:753} INFO - DAG(s) dict_keys(['example_time_delta_sensor_async']) retrieved from /home/airflow/.local/lib/python3.7/site-packages/airflow/example_dags/example_time_delta_sensor_async.py
[2024-01-05T10:32:47.168+0000] {logging_mixin.py:137} INFO - [2024-01-05T10:32:47.168+0000] {dag.py:2690} INFO - Sync 1 DAGs
[2024-01-05T10:32:47.188+0000] {logging_mixin.py:137} INFO - [2024-01-05T10:32:47.188+0000] {dag.py:3441} INFO - Setting next_dagrun for example_time_delta_sensor_async to None, run_after=None
[2024-01-05T10:32:47.199+0000] {processor.py:175} INFO - Processing /home/airflow/.local/lib/python3.7/site-packages/airflow/example_dags/example_time_delta_sensor_async.py took 0.081 seconds
[2024-01-05T11:33:45.932+0000] {processor.py:153} INFO - Started process (PID=4858) to work on /home/airflow/.local/lib/python3.7/site-packages/airflow/example_dags/example_time_delta_sensor_async.py
[2024-01-05T11:33:45.934+0000] {processor.py:743} INFO - Processing file /home/airflow/.local/lib/python3.7/site-packages/airflow/example_dags/example_time_delta_sensor_async.py for tasks to queue
[2024-01-05T11:33:45.936+0000] {logging_mixin.py:137} INFO - [2024-01-05T11:33:45.935+0000] {dagbag.py:538} INFO - Filling up the DagBag from /home/airflow/.local/lib/python3.7/site-packages/airflow/example_dags/example_time_delta_sensor_async.py
[2024-01-05T11:33:45.950+0000] {processor.py:753} INFO - DAG(s) dict_keys(['example_time_delta_sensor_async']) retrieved from /home/airflow/.local/lib/python3.7/site-packages/airflow/example_dags/example_time_delta_sensor_async.py
[2024-01-05T11:33:45.990+0000] {logging_mixin.py:137} INFO - [2024-01-05T11:33:45.990+0000] {dag.py:2690} INFO - Sync 1 DAGs
[2024-01-05T11:33:46.071+0000] {logging_mixin.py:137} INFO - [2024-01-05T11:33:46.071+0000] {dag.py:3441} INFO - Setting next_dagrun for example_time_delta_sensor_async to None, run_after=None
[2024-01-05T11:33:46.091+0000] {processor.py:175} INFO - Processing /home/airflow/.local/lib/python3.7/site-packages/airflow/example_dags/example_time_delta_sensor_async.py took 0.163 seconds
[2024-01-05T12:52:16.880+0000] {processor.py:153} INFO - Started process (PID=4924) to work on /home/airflow/.local/lib/python3.7/site-packages/airflow/example_dags/example_time_delta_sensor_async.py
[2024-01-05T12:52:16.882+0000] {processor.py:743} INFO - Processing file /home/airflow/.local/lib/python3.7/site-packages/airflow/example_dags/example_time_delta_sensor_async.py for tasks to queue
[2024-01-05T12:52:16.882+0000] {logging_mixin.py:137} INFO - [2024-01-05T12:52:16.882+0000] {dagbag.py:538} INFO - Filling up the DagBag from /home/airflow/.local/lib/python3.7/site-packages/airflow/example_dags/example_time_delta_sensor_async.py
[2024-01-05T12:52:16.892+0000] {processor.py:753} INFO - DAG(s) dict_keys(['example_time_delta_sensor_async']) retrieved from /home/airflow/.local/lib/python3.7/site-packages/airflow/example_dags/example_time_delta_sensor_async.py
[2024-01-05T12:52:16.929+0000] {logging_mixin.py:137} INFO - [2024-01-05T12:52:16.929+0000] {dag.py:2690} INFO - Sync 1 DAGs
[2024-01-05T12:52:16.956+0000] {logging_mixin.py:137} INFO - [2024-01-05T12:52:16.956+0000] {dag.py:3441} INFO - Setting next_dagrun for example_time_delta_sensor_async to None, run_after=None
[2024-01-05T12:52:17.029+0000] {processor.py:175} INFO - Processing /home/airflow/.local/lib/python3.7/site-packages/airflow/example_dags/example_time_delta_sensor_async.py took 0.152 seconds
[2024-01-05T14:01:01.535+0000] {processor.py:153} INFO - Started process (PID=4995) to work on /home/airflow/.local/lib/python3.7/site-packages/airflow/example_dags/example_time_delta_sensor_async.py
[2024-01-05T14:01:01.537+0000] {processor.py:743} INFO - Processing file /home/airflow/.local/lib/python3.7/site-packages/airflow/example_dags/example_time_delta_sensor_async.py for tasks to queue
[2024-01-05T14:01:01.538+0000] {logging_mixin.py:137} INFO - [2024-01-05T14:01:01.538+0000] {dagbag.py:538} INFO - Filling up the DagBag from /home/airflow/.local/lib/python3.7/site-packages/airflow/example_dags/example_time_delta_sensor_async.py
[2024-01-05T14:01:01.556+0000] {processor.py:753} INFO - DAG(s) dict_keys(['example_time_delta_sensor_async']) retrieved from /home/airflow/.local/lib/python3.7/site-packages/airflow/example_dags/example_time_delta_sensor_async.py
[2024-01-05T14:01:01.592+0000] {logging_mixin.py:137} INFO - [2024-01-05T14:01:01.591+0000] {dag.py:2690} INFO - Sync 1 DAGs
[2024-01-05T14:01:01.632+0000] {logging_mixin.py:137} INFO - [2024-01-05T14:01:01.632+0000] {dag.py:3441} INFO - Setting next_dagrun for example_time_delta_sensor_async to None, run_after=None
[2024-01-05T14:01:01.653+0000] {processor.py:175} INFO - Processing /home/airflow/.local/lib/python3.7/site-packages/airflow/example_dags/example_time_delta_sensor_async.py took 0.122 seconds
[2024-01-05T14:01:33.172+0000] {processor.py:153} INFO - Started process (PID=5062) to work on /home/airflow/.local/lib/python3.7/site-packages/airflow/example_dags/example_time_delta_sensor_async.py
[2024-01-05T14:01:33.175+0000] {processor.py:743} INFO - Processing file /home/airflow/.local/lib/python3.7/site-packages/airflow/example_dags/example_time_delta_sensor_async.py for tasks to queue
[2024-01-05T14:01:33.177+0000] {logging_mixin.py:137} INFO - [2024-01-05T14:01:33.177+0000] {dagbag.py:538} INFO - Filling up the DagBag from /home/airflow/.local/lib/python3.7/site-packages/airflow/example_dags/example_time_delta_sensor_async.py
[2024-01-05T14:01:33.206+0000] {processor.py:753} INFO - DAG(s) dict_keys(['example_time_delta_sensor_async']) retrieved from /home/airflow/.local/lib/python3.7/site-packages/airflow/example_dags/example_time_delta_sensor_async.py
[2024-01-05T14:01:33.235+0000] {logging_mixin.py:137} INFO - [2024-01-05T14:01:33.235+0000] {dag.py:2690} INFO - Sync 1 DAGs
[2024-01-05T14:01:33.259+0000] {logging_mixin.py:137} INFO - [2024-01-05T14:01:33.259+0000] {dag.py:3441} INFO - Setting next_dagrun for example_time_delta_sensor_async to None, run_after=None
[2024-01-05T14:01:33.302+0000] {processor.py:175} INFO - Processing /home/airflow/.local/lib/python3.7/site-packages/airflow/example_dags/example_time_delta_sensor_async.py took 0.139 seconds
[2024-01-05T14:02:03.404+0000] {processor.py:153} INFO - Started process (PID=5126) to work on /home/airflow/.local/lib/python3.7/site-packages/airflow/example_dags/example_time_delta_sensor_async.py
[2024-01-05T14:02:03.407+0000] {processor.py:743} INFO - Processing file /home/airflow/.local/lib/python3.7/site-packages/airflow/example_dags/example_time_delta_sensor_async.py for tasks to queue
[2024-01-05T14:02:03.410+0000] {logging_mixin.py:137} INFO - [2024-01-05T14:02:03.410+0000] {dagbag.py:538} INFO - Filling up the DagBag from /home/airflow/.local/lib/python3.7/site-packages/airflow/example_dags/example_time_delta_sensor_async.py
[2024-01-05T14:02:03.423+0000] {processor.py:753} INFO - DAG(s) dict_keys(['example_time_delta_sensor_async']) retrieved from /home/airflow/.local/lib/python3.7/site-packages/airflow/example_dags/example_time_delta_sensor_async.py
[2024-01-05T14:02:03.456+0000] {logging_mixin.py:137} INFO - [2024-01-05T14:02:03.456+0000] {dag.py:2690} INFO - Sync 1 DAGs
[2024-01-05T14:02:03.480+0000] {logging_mixin.py:137} INFO - [2024-01-05T14:02:03.480+0000] {dag.py:3441} INFO - Setting next_dagrun for example_time_delta_sensor_async to None, run_after=None
[2024-01-05T14:02:03.495+0000] {processor.py:175} INFO - Processing /home/airflow/.local/lib/python3.7/site-packages/airflow/example_dags/example_time_delta_sensor_async.py took 0.094 seconds
[2024-01-05T14:02:34.162+0000] {processor.py:153} INFO - Started process (PID=5201) to work on /home/airflow/.local/lib/python3.7/site-packages/airflow/example_dags/example_time_delta_sensor_async.py
[2024-01-05T14:02:34.164+0000] {processor.py:743} INFO - Processing file /home/airflow/.local/lib/python3.7/site-packages/airflow/example_dags/example_time_delta_sensor_async.py for tasks to queue
[2024-01-05T14:02:34.165+0000] {logging_mixin.py:137} INFO - [2024-01-05T14:02:34.165+0000] {dagbag.py:538} INFO - Filling up the DagBag from /home/airflow/.local/lib/python3.7/site-packages/airflow/example_dags/example_time_delta_sensor_async.py
[2024-01-05T14:02:34.182+0000] {processor.py:753} INFO - DAG(s) dict_keys(['example_time_delta_sensor_async']) retrieved from /home/airflow/.local/lib/python3.7/site-packages/airflow/example_dags/example_time_delta_sensor_async.py
[2024-01-05T14:02:34.218+0000] {logging_mixin.py:137} INFO - [2024-01-05T14:02:34.218+0000] {dag.py:2690} INFO - Sync 1 DAGs
[2024-01-05T14:02:34.256+0000] {logging_mixin.py:137} INFO - [2024-01-05T14:02:34.256+0000] {dag.py:3441} INFO - Setting next_dagrun for example_time_delta_sensor_async to None, run_after=None
[2024-01-05T14:02:34.277+0000] {processor.py:175} INFO - Processing /home/airflow/.local/lib/python3.7/site-packages/airflow/example_dags/example_time_delta_sensor_async.py took 0.120 seconds
[2024-01-05T14:03:05.125+0000] {processor.py:153} INFO - Started process (PID=5264) to work on /home/airflow/.local/lib/python3.7/site-packages/airflow/example_dags/example_time_delta_sensor_async.py
[2024-01-05T14:03:05.126+0000] {processor.py:743} INFO - Processing file /home/airflow/.local/lib/python3.7/site-packages/airflow/example_dags/example_time_delta_sensor_async.py for tasks to queue
[2024-01-05T14:03:05.128+0000] {logging_mixin.py:137} INFO - [2024-01-05T14:03:05.128+0000] {dagbag.py:538} INFO - Filling up the DagBag from /home/airflow/.local/lib/python3.7/site-packages/airflow/example_dags/example_time_delta_sensor_async.py
[2024-01-05T14:03:05.139+0000] {processor.py:753} INFO - DAG(s) dict_keys(['example_time_delta_sensor_async']) retrieved from /home/airflow/.local/lib/python3.7/site-packages/airflow/example_dags/example_time_delta_sensor_async.py
[2024-01-05T14:03:05.159+0000] {logging_mixin.py:137} INFO - [2024-01-05T14:03:05.159+0000] {dag.py:2690} INFO - Sync 1 DAGs
[2024-01-05T14:03:05.176+0000] {logging_mixin.py:137} INFO - [2024-01-05T14:03:05.176+0000] {dag.py:3441} INFO - Setting next_dagrun for example_time_delta_sensor_async to None, run_after=None
[2024-01-05T14:03:05.189+0000] {processor.py:175} INFO - Processing /home/airflow/.local/lib/python3.7/site-packages/airflow/example_dags/example_time_delta_sensor_async.py took 0.067 seconds
[2024-01-05T14:03:35.906+0000] {processor.py:153} INFO - Started process (PID=5339) to work on /home/airflow/.local/lib/python3.7/site-packages/airflow/example_dags/example_time_delta_sensor_async.py
[2024-01-05T14:03:35.910+0000] {processor.py:743} INFO - Processing file /home/airflow/.local/lib/python3.7/site-packages/airflow/example_dags/example_time_delta_sensor_async.py for tasks to queue
[2024-01-05T14:03:35.913+0000] {logging_mixin.py:137} INFO - [2024-01-05T14:03:35.913+0000] {dagbag.py:538} INFO - Filling up the DagBag from /home/airflow/.local/lib/python3.7/site-packages/airflow/example_dags/example_time_delta_sensor_async.py
[2024-01-05T14:03:35.928+0000] {processor.py:753} INFO - DAG(s) dict_keys(['example_time_delta_sensor_async']) retrieved from /home/airflow/.local/lib/python3.7/site-packages/airflow/example_dags/example_time_delta_sensor_async.py
[2024-01-05T14:03:35.961+0000] {logging_mixin.py:137} INFO - [2024-01-05T14:03:35.961+0000] {dag.py:2690} INFO - Sync 1 DAGs
[2024-01-05T14:03:35.998+0000] {logging_mixin.py:137} INFO - [2024-01-05T14:03:35.997+0000] {dag.py:3441} INFO - Setting next_dagrun for example_time_delta_sensor_async to None, run_after=None
[2024-01-05T14:03:36.011+0000] {processor.py:175} INFO - Processing /home/airflow/.local/lib/python3.7/site-packages/airflow/example_dags/example_time_delta_sensor_async.py took 0.110 seconds
[2024-01-05T14:04:06.572+0000] {processor.py:153} INFO - Started process (PID=5403) to work on /home/airflow/.local/lib/python3.7/site-packages/airflow/example_dags/example_time_delta_sensor_async.py
[2024-01-05T14:04:06.573+0000] {processor.py:743} INFO - Processing file /home/airflow/.local/lib/python3.7/site-packages/airflow/example_dags/example_time_delta_sensor_async.py for tasks to queue
[2024-01-05T14:04:06.574+0000] {logging_mixin.py:137} INFO - [2024-01-05T14:04:06.574+0000] {dagbag.py:538} INFO - Filling up the DagBag from /home/airflow/.local/lib/python3.7/site-packages/airflow/example_dags/example_time_delta_sensor_async.py
[2024-01-05T14:04:06.583+0000] {processor.py:753} INFO - DAG(s) dict_keys(['example_time_delta_sensor_async']) retrieved from /home/airflow/.local/lib/python3.7/site-packages/airflow/example_dags/example_time_delta_sensor_async.py
[2024-01-05T14:04:06.603+0000] {logging_mixin.py:137} INFO - [2024-01-05T14:04:06.602+0000] {dag.py:2690} INFO - Sync 1 DAGs
[2024-01-05T14:04:06.618+0000] {logging_mixin.py:137} INFO - [2024-01-05T14:04:06.618+0000] {dag.py:3441} INFO - Setting next_dagrun for example_time_delta_sensor_async to None, run_after=None
[2024-01-05T14:04:06.630+0000] {processor.py:175} INFO - Processing /home/airflow/.local/lib/python3.7/site-packages/airflow/example_dags/example_time_delta_sensor_async.py took 0.060 seconds
[2024-01-05T14:04:36.939+0000] {processor.py:153} INFO - Started process (PID=5478) to work on /home/airflow/.local/lib/python3.7/site-packages/airflow/example_dags/example_time_delta_sensor_async.py
[2024-01-05T14:04:36.940+0000] {processor.py:743} INFO - Processing file /home/airflow/.local/lib/python3.7/site-packages/airflow/example_dags/example_time_delta_sensor_async.py for tasks to queue
[2024-01-05T14:04:36.941+0000] {logging_mixin.py:137} INFO - [2024-01-05T14:04:36.941+0000] {dagbag.py:538} INFO - Filling up the DagBag from /home/airflow/.local/lib/python3.7/site-packages/airflow/example_dags/example_time_delta_sensor_async.py
[2024-01-05T14:04:36.957+0000] {processor.py:753} INFO - DAG(s) dict_keys(['example_time_delta_sensor_async']) retrieved from /home/airflow/.local/lib/python3.7/site-packages/airflow/example_dags/example_time_delta_sensor_async.py
[2024-01-05T14:04:36.979+0000] {logging_mixin.py:137} INFO - [2024-01-05T14:04:36.979+0000] {dag.py:2690} INFO - Sync 1 DAGs
[2024-01-05T14:04:36.995+0000] {logging_mixin.py:137} INFO - [2024-01-05T14:04:36.995+0000] {dag.py:3441} INFO - Setting next_dagrun for example_time_delta_sensor_async to None, run_after=None
[2024-01-05T14:04:37.007+0000] {processor.py:175} INFO - Processing /home/airflow/.local/lib/python3.7/site-packages/airflow/example_dags/example_time_delta_sensor_async.py took 0.071 seconds
[2024-01-05T14:05:07.069+0000] {processor.py:153} INFO - Started process (PID=5541) to work on /home/airflow/.local/lib/python3.7/site-packages/airflow/example_dags/example_time_delta_sensor_async.py
[2024-01-05T14:05:07.072+0000] {processor.py:743} INFO - Processing file /home/airflow/.local/lib/python3.7/site-packages/airflow/example_dags/example_time_delta_sensor_async.py for tasks to queue
[2024-01-05T14:05:07.073+0000] {logging_mixin.py:137} INFO - [2024-01-05T14:05:07.073+0000] {dagbag.py:538} INFO - Filling up the DagBag from /home/airflow/.local/lib/python3.7/site-packages/airflow/example_dags/example_time_delta_sensor_async.py
[2024-01-05T14:05:07.087+0000] {processor.py:753} INFO - DAG(s) dict_keys(['example_time_delta_sensor_async']) retrieved from /home/airflow/.local/lib/python3.7/site-packages/airflow/example_dags/example_time_delta_sensor_async.py
[2024-01-05T14:05:07.109+0000] {logging_mixin.py:137} INFO - [2024-01-05T14:05:07.109+0000] {dag.py:2690} INFO - Sync 1 DAGs
[2024-01-05T14:05:07.131+0000] {logging_mixin.py:137} INFO - [2024-01-05T14:05:07.131+0000] {dag.py:3441} INFO - Setting next_dagrun for example_time_delta_sensor_async to None, run_after=None
[2024-01-05T14:05:07.148+0000] {processor.py:175} INFO - Processing /home/airflow/.local/lib/python3.7/site-packages/airflow/example_dags/example_time_delta_sensor_async.py took 0.082 seconds
[2024-01-05T14:05:37.425+0000] {processor.py:153} INFO - Started process (PID=5616) to work on /home/airflow/.local/lib/python3.7/site-packages/airflow/example_dags/example_time_delta_sensor_async.py
[2024-01-05T14:05:37.426+0000] {processor.py:743} INFO - Processing file /home/airflow/.local/lib/python3.7/site-packages/airflow/example_dags/example_time_delta_sensor_async.py for tasks to queue
[2024-01-05T14:05:37.427+0000] {logging_mixin.py:137} INFO - [2024-01-05T14:05:37.427+0000] {dagbag.py:538} INFO - Filling up the DagBag from /home/airflow/.local/lib/python3.7/site-packages/airflow/example_dags/example_time_delta_sensor_async.py
[2024-01-05T14:05:37.436+0000] {processor.py:753} INFO - DAG(s) dict_keys(['example_time_delta_sensor_async']) retrieved from /home/airflow/.local/lib/python3.7/site-packages/airflow/example_dags/example_time_delta_sensor_async.py
[2024-01-05T14:05:37.456+0000] {logging_mixin.py:137} INFO - [2024-01-05T14:05:37.456+0000] {dag.py:2690} INFO - Sync 1 DAGs
[2024-01-05T14:05:37.471+0000] {logging_mixin.py:137} INFO - [2024-01-05T14:05:37.471+0000] {dag.py:3441} INFO - Setting next_dagrun for example_time_delta_sensor_async to None, run_after=None
[2024-01-05T14:05:37.482+0000] {processor.py:175} INFO - Processing /home/airflow/.local/lib/python3.7/site-packages/airflow/example_dags/example_time_delta_sensor_async.py took 0.060 seconds
[2024-01-05T14:06:07.867+0000] {processor.py:153} INFO - Started process (PID=5689) to work on /home/airflow/.local/lib/python3.7/site-packages/airflow/example_dags/example_time_delta_sensor_async.py
[2024-01-05T14:06:07.869+0000] {processor.py:743} INFO - Processing file /home/airflow/.local/lib/python3.7/site-packages/airflow/example_dags/example_time_delta_sensor_async.py for tasks to queue
[2024-01-05T14:06:07.869+0000] {logging_mixin.py:137} INFO - [2024-01-05T14:06:07.869+0000] {dagbag.py:538} INFO - Filling up the DagBag from /home/airflow/.local/lib/python3.7/site-packages/airflow/example_dags/example_time_delta_sensor_async.py
[2024-01-05T14:06:07.883+0000] {processor.py:753} INFO - DAG(s) dict_keys(['example_time_delta_sensor_async']) retrieved from /home/airflow/.local/lib/python3.7/site-packages/airflow/example_dags/example_time_delta_sensor_async.py
[2024-01-05T14:06:07.926+0000] {logging_mixin.py:137} INFO - [2024-01-05T14:06:07.926+0000] {dag.py:2690} INFO - Sync 1 DAGs
[2024-01-05T14:06:07.972+0000] {logging_mixin.py:137} INFO - [2024-01-05T14:06:07.972+0000] {dag.py:3441} INFO - Setting next_dagrun for example_time_delta_sensor_async to None, run_after=None
[2024-01-05T14:06:08.003+0000] {processor.py:175} INFO - Processing /home/airflow/.local/lib/python3.7/site-packages/airflow/example_dags/example_time_delta_sensor_async.py took 0.139 seconds
[2024-01-05T14:06:38.926+0000] {processor.py:153} INFO - Started process (PID=5755) to work on /home/airflow/.local/lib/python3.7/site-packages/airflow/example_dags/example_time_delta_sensor_async.py
[2024-01-05T14:06:38.928+0000] {processor.py:743} INFO - Processing file /home/airflow/.local/lib/python3.7/site-packages/airflow/example_dags/example_time_delta_sensor_async.py for tasks to queue
[2024-01-05T14:06:38.929+0000] {logging_mixin.py:137} INFO - [2024-01-05T14:06:38.929+0000] {dagbag.py:538} INFO - Filling up the DagBag from /home/airflow/.local/lib/python3.7/site-packages/airflow/example_dags/example_time_delta_sensor_async.py
[2024-01-05T14:06:38.938+0000] {processor.py:753} INFO - DAG(s) dict_keys(['example_time_delta_sensor_async']) retrieved from /home/airflow/.local/lib/python3.7/site-packages/airflow/example_dags/example_time_delta_sensor_async.py
[2024-01-05T14:06:38.960+0000] {logging_mixin.py:137} INFO - [2024-01-05T14:06:38.960+0000] {dag.py:2690} INFO - Sync 1 DAGs
[2024-01-05T14:06:38.986+0000] {logging_mixin.py:137} INFO - [2024-01-05T14:06:38.985+0000] {dag.py:3441} INFO - Setting next_dagrun for example_time_delta_sensor_async to None, run_after=None
[2024-01-05T14:06:39.033+0000] {processor.py:175} INFO - Processing /home/airflow/.local/lib/python3.7/site-packages/airflow/example_dags/example_time_delta_sensor_async.py took 0.110 seconds
[2024-01-05T14:07:09.720+0000] {processor.py:153} INFO - Started process (PID=5830) to work on /home/airflow/.local/lib/python3.7/site-packages/airflow/example_dags/example_time_delta_sensor_async.py
[2024-01-05T14:07:09.721+0000] {processor.py:743} INFO - Processing file /home/airflow/.local/lib/python3.7/site-packages/airflow/example_dags/example_time_delta_sensor_async.py for tasks to queue
[2024-01-05T14:07:09.722+0000] {logging_mixin.py:137} INFO - [2024-01-05T14:07:09.722+0000] {dagbag.py:538} INFO - Filling up the DagBag from /home/airflow/.local/lib/python3.7/site-packages/airflow/example_dags/example_time_delta_sensor_async.py
[2024-01-05T14:07:09.730+0000] {processor.py:753} INFO - DAG(s) dict_keys(['example_time_delta_sensor_async']) retrieved from /home/airflow/.local/lib/python3.7/site-packages/airflow/example_dags/example_time_delta_sensor_async.py
[2024-01-05T14:07:09.749+0000] {logging_mixin.py:137} INFO - [2024-01-05T14:07:09.749+0000] {dag.py:2690} INFO - Sync 1 DAGs
[2024-01-05T14:07:09.765+0000] {logging_mixin.py:137} INFO - [2024-01-05T14:07:09.765+0000] {dag.py:3441} INFO - Setting next_dagrun for example_time_delta_sensor_async to None, run_after=None
[2024-01-05T14:07:09.777+0000] {processor.py:175} INFO - Processing /home/airflow/.local/lib/python3.7/site-packages/airflow/example_dags/example_time_delta_sensor_async.py took 0.060 seconds
[2024-01-05T14:07:40.144+0000] {processor.py:153} INFO - Started process (PID=5892) to work on /home/airflow/.local/lib/python3.7/site-packages/airflow/example_dags/example_time_delta_sensor_async.py
[2024-01-05T14:07:40.145+0000] {processor.py:743} INFO - Processing file /home/airflow/.local/lib/python3.7/site-packages/airflow/example_dags/example_time_delta_sensor_async.py for tasks to queue
[2024-01-05T14:07:40.145+0000] {logging_mixin.py:137} INFO - [2024-01-05T14:07:40.145+0000] {dagbag.py:538} INFO - Filling up the DagBag from /home/airflow/.local/lib/python3.7/site-packages/airflow/example_dags/example_time_delta_sensor_async.py
[2024-01-05T14:07:40.154+0000] {processor.py:753} INFO - DAG(s) dict_keys(['example_time_delta_sensor_async']) retrieved from /home/airflow/.local/lib/python3.7/site-packages/airflow/example_dags/example_time_delta_sensor_async.py
[2024-01-05T14:07:40.174+0000] {logging_mixin.py:137} INFO - [2024-01-05T14:07:40.174+0000] {dag.py:2690} INFO - Sync 1 DAGs
[2024-01-05T14:07:40.190+0000] {logging_mixin.py:137} INFO - [2024-01-05T14:07:40.190+0000] {dag.py:3441} INFO - Setting next_dagrun for example_time_delta_sensor_async to None, run_after=None
[2024-01-05T14:07:40.201+0000] {processor.py:175} INFO - Processing /home/airflow/.local/lib/python3.7/site-packages/airflow/example_dags/example_time_delta_sensor_async.py took 0.060 seconds
[2024-01-05T14:08:11.170+0000] {processor.py:153} INFO - Started process (PID=5968) to work on /home/airflow/.local/lib/python3.7/site-packages/airflow/example_dags/example_time_delta_sensor_async.py
[2024-01-05T14:08:11.172+0000] {processor.py:743} INFO - Processing file /home/airflow/.local/lib/python3.7/site-packages/airflow/example_dags/example_time_delta_sensor_async.py for tasks to queue
[2024-01-05T14:08:11.174+0000] {logging_mixin.py:137} INFO - [2024-01-05T14:08:11.174+0000] {dagbag.py:538} INFO - Filling up the DagBag from /home/airflow/.local/lib/python3.7/site-packages/airflow/example_dags/example_time_delta_sensor_async.py
[2024-01-05T14:08:11.189+0000] {processor.py:753} INFO - DAG(s) dict_keys(['example_time_delta_sensor_async']) retrieved from /home/airflow/.local/lib/python3.7/site-packages/airflow/example_dags/example_time_delta_sensor_async.py
[2024-01-05T14:08:11.220+0000] {logging_mixin.py:137} INFO - [2024-01-05T14:08:11.220+0000] {dag.py:2690} INFO - Sync 1 DAGs
[2024-01-05T14:08:11.241+0000] {logging_mixin.py:137} INFO - [2024-01-05T14:08:11.241+0000] {dag.py:3441} INFO - Setting next_dagrun for example_time_delta_sensor_async to None, run_after=None
[2024-01-05T14:08:11.256+0000] {processor.py:175} INFO - Processing /home/airflow/.local/lib/python3.7/site-packages/airflow/example_dags/example_time_delta_sensor_async.py took 0.088 seconds
[2024-01-05T14:08:41.841+0000] {processor.py:153} INFO - Started process (PID=6031) to work on /home/airflow/.local/lib/python3.7/site-packages/airflow/example_dags/example_time_delta_sensor_async.py
[2024-01-05T14:08:41.843+0000] {processor.py:743} INFO - Processing file /home/airflow/.local/lib/python3.7/site-packages/airflow/example_dags/example_time_delta_sensor_async.py for tasks to queue
[2024-01-05T14:08:41.846+0000] {logging_mixin.py:137} INFO - [2024-01-05T14:08:41.846+0000] {dagbag.py:538} INFO - Filling up the DagBag from /home/airflow/.local/lib/python3.7/site-packages/airflow/example_dags/example_time_delta_sensor_async.py
[2024-01-05T14:08:41.865+0000] {processor.py:753} INFO - DAG(s) dict_keys(['example_time_delta_sensor_async']) retrieved from /home/airflow/.local/lib/python3.7/site-packages/airflow/example_dags/example_time_delta_sensor_async.py
[2024-01-05T14:08:41.889+0000] {logging_mixin.py:137} INFO - [2024-01-05T14:08:41.889+0000] {dag.py:2690} INFO - Sync 1 DAGs
[2024-01-05T14:08:41.911+0000] {logging_mixin.py:137} INFO - [2024-01-05T14:08:41.911+0000] {dag.py:3441} INFO - Setting next_dagrun for example_time_delta_sensor_async to None, run_after=None
[2024-01-05T14:08:41.926+0000] {processor.py:175} INFO - Processing /home/airflow/.local/lib/python3.7/site-packages/airflow/example_dags/example_time_delta_sensor_async.py took 0.089 seconds
[2024-01-05T14:09:12.867+0000] {processor.py:153} INFO - Started process (PID=6107) to work on /home/airflow/.local/lib/python3.7/site-packages/airflow/example_dags/example_time_delta_sensor_async.py
[2024-01-05T14:09:12.868+0000] {processor.py:743} INFO - Processing file /home/airflow/.local/lib/python3.7/site-packages/airflow/example_dags/example_time_delta_sensor_async.py for tasks to queue
[2024-01-05T14:09:12.869+0000] {logging_mixin.py:137} INFO - [2024-01-05T14:09:12.869+0000] {dagbag.py:538} INFO - Filling up the DagBag from /home/airflow/.local/lib/python3.7/site-packages/airflow/example_dags/example_time_delta_sensor_async.py
[2024-01-05T14:09:12.878+0000] {processor.py:753} INFO - DAG(s) dict_keys(['example_time_delta_sensor_async']) retrieved from /home/airflow/.local/lib/python3.7/site-packages/airflow/example_dags/example_time_delta_sensor_async.py
[2024-01-05T14:09:12.900+0000] {logging_mixin.py:137} INFO - [2024-01-05T14:09:12.900+0000] {dag.py:2690} INFO - Sync 1 DAGs
[2024-01-05T14:09:12.916+0000] {logging_mixin.py:137} INFO - [2024-01-05T14:09:12.916+0000] {dag.py:3441} INFO - Setting next_dagrun for example_time_delta_sensor_async to None, run_after=None
[2024-01-05T14:09:12.928+0000] {processor.py:175} INFO - Processing /home/airflow/.local/lib/python3.7/site-packages/airflow/example_dags/example_time_delta_sensor_async.py took 0.063 seconds
[2024-01-05T14:09:44.847+0000] {processor.py:153} INFO - Started process (PID=6182) to work on /home/airflow/.local/lib/python3.7/site-packages/airflow/example_dags/example_time_delta_sensor_async.py
[2024-01-05T14:09:44.861+0000] {processor.py:743} INFO - Processing file /home/airflow/.local/lib/python3.7/site-packages/airflow/example_dags/example_time_delta_sensor_async.py for tasks to queue
[2024-01-05T14:09:44.865+0000] {logging_mixin.py:137} INFO - [2024-01-05T14:09:44.865+0000] {dagbag.py:538} INFO - Filling up the DagBag from /home/airflow/.local/lib/python3.7/site-packages/airflow/example_dags/example_time_delta_sensor_async.py
[2024-01-05T14:09:44.920+0000] {processor.py:753} INFO - DAG(s) dict_keys(['example_time_delta_sensor_async']) retrieved from /home/airflow/.local/lib/python3.7/site-packages/airflow/example_dags/example_time_delta_sensor_async.py
[2024-01-05T14:09:45.001+0000] {logging_mixin.py:137} INFO - [2024-01-05T14:09:45.001+0000] {dag.py:2690} INFO - Sync 1 DAGs
[2024-01-05T14:09:45.087+0000] {logging_mixin.py:137} INFO - [2024-01-05T14:09:45.087+0000] {dag.py:3441} INFO - Setting next_dagrun for example_time_delta_sensor_async to None, run_after=None
[2024-01-05T14:09:45.134+0000] {processor.py:175} INFO - Processing /home/airflow/.local/lib/python3.7/site-packages/airflow/example_dags/example_time_delta_sensor_async.py took 0.300 seconds
[2024-01-05T14:10:15.245+0000] {processor.py:153} INFO - Started process (PID=6244) to work on /home/airflow/.local/lib/python3.7/site-packages/airflow/example_dags/example_time_delta_sensor_async.py
[2024-01-05T14:10:15.247+0000] {processor.py:743} INFO - Processing file /home/airflow/.local/lib/python3.7/site-packages/airflow/example_dags/example_time_delta_sensor_async.py for tasks to queue
[2024-01-05T14:10:15.248+0000] {logging_mixin.py:137} INFO - [2024-01-05T14:10:15.248+0000] {dagbag.py:538} INFO - Filling up the DagBag from /home/airflow/.local/lib/python3.7/site-packages/airflow/example_dags/example_time_delta_sensor_async.py
[2024-01-05T14:10:15.257+0000] {processor.py:753} INFO - DAG(s) dict_keys(['example_time_delta_sensor_async']) retrieved from /home/airflow/.local/lib/python3.7/site-packages/airflow/example_dags/example_time_delta_sensor_async.py
[2024-01-05T14:10:15.280+0000] {logging_mixin.py:137} INFO - [2024-01-05T14:10:15.280+0000] {dag.py:2690} INFO - Sync 1 DAGs
[2024-01-05T14:10:15.296+0000] {logging_mixin.py:137} INFO - [2024-01-05T14:10:15.296+0000] {dag.py:3441} INFO - Setting next_dagrun for example_time_delta_sensor_async to None, run_after=None
[2024-01-05T14:10:15.309+0000] {processor.py:175} INFO - Processing /home/airflow/.local/lib/python3.7/site-packages/airflow/example_dags/example_time_delta_sensor_async.py took 0.067 seconds
[2024-01-05T14:10:46.564+0000] {processor.py:153} INFO - Started process (PID=6317) to work on /home/airflow/.local/lib/python3.7/site-packages/airflow/example_dags/example_time_delta_sensor_async.py
[2024-01-05T14:10:46.576+0000] {processor.py:743} INFO - Processing file /home/airflow/.local/lib/python3.7/site-packages/airflow/example_dags/example_time_delta_sensor_async.py for tasks to queue
[2024-01-05T14:10:46.584+0000] {logging_mixin.py:137} INFO - [2024-01-05T14:10:46.583+0000] {dagbag.py:538} INFO - Filling up the DagBag from /home/airflow/.local/lib/python3.7/site-packages/airflow/example_dags/example_time_delta_sensor_async.py
[2024-01-05T14:10:46.673+0000] {processor.py:753} INFO - DAG(s) dict_keys(['example_time_delta_sensor_async']) retrieved from /home/airflow/.local/lib/python3.7/site-packages/airflow/example_dags/example_time_delta_sensor_async.py
[2024-01-05T14:10:46.759+0000] {logging_mixin.py:137} INFO - [2024-01-05T14:10:46.759+0000] {dag.py:2690} INFO - Sync 1 DAGs
[2024-01-05T14:10:46.827+0000] {logging_mixin.py:137} INFO - [2024-01-05T14:10:46.827+0000] {dag.py:3441} INFO - Setting next_dagrun for example_time_delta_sensor_async to None, run_after=None
[2024-01-05T14:10:46.872+0000] {processor.py:175} INFO - Processing /home/airflow/.local/lib/python3.7/site-packages/airflow/example_dags/example_time_delta_sensor_async.py took 0.341 seconds
[2024-01-05T14:11:17.970+0000] {processor.py:153} INFO - Started process (PID=6380) to work on /home/airflow/.local/lib/python3.7/site-packages/airflow/example_dags/example_time_delta_sensor_async.py
[2024-01-05T14:11:17.972+0000] {processor.py:743} INFO - Processing file /home/airflow/.local/lib/python3.7/site-packages/airflow/example_dags/example_time_delta_sensor_async.py for tasks to queue
[2024-01-05T14:11:17.973+0000] {logging_mixin.py:137} INFO - [2024-01-05T14:11:17.973+0000] {dagbag.py:538} INFO - Filling up the DagBag from /home/airflow/.local/lib/python3.7/site-packages/airflow/example_dags/example_time_delta_sensor_async.py
[2024-01-05T14:11:18.003+0000] {processor.py:753} INFO - DAG(s) dict_keys(['example_time_delta_sensor_async']) retrieved from /home/airflow/.local/lib/python3.7/site-packages/airflow/example_dags/example_time_delta_sensor_async.py
[2024-01-05T14:11:18.050+0000] {logging_mixin.py:137} INFO - [2024-01-05T14:11:18.050+0000] {dag.py:2690} INFO - Sync 1 DAGs
[2024-01-05T14:11:18.072+0000] {logging_mixin.py:137} INFO - [2024-01-05T14:11:18.072+0000] {dag.py:3441} INFO - Setting next_dagrun for example_time_delta_sensor_async to None, run_after=None
[2024-01-05T14:11:18.086+0000] {processor.py:175} INFO - Processing /home/airflow/.local/lib/python3.7/site-packages/airflow/example_dags/example_time_delta_sensor_async.py took 0.121 seconds
[2024-01-05T14:11:48.405+0000] {processor.py:153} INFO - Started process (PID=6454) to work on /home/airflow/.local/lib/python3.7/site-packages/airflow/example_dags/example_time_delta_sensor_async.py
[2024-01-05T14:11:48.407+0000] {processor.py:743} INFO - Processing file /home/airflow/.local/lib/python3.7/site-packages/airflow/example_dags/example_time_delta_sensor_async.py for tasks to queue
[2024-01-05T14:11:48.409+0000] {logging_mixin.py:137} INFO - [2024-01-05T14:11:48.409+0000] {dagbag.py:538} INFO - Filling up the DagBag from /home/airflow/.local/lib/python3.7/site-packages/airflow/example_dags/example_time_delta_sensor_async.py
[2024-01-05T14:11:48.424+0000] {processor.py:753} INFO - DAG(s) dict_keys(['example_time_delta_sensor_async']) retrieved from /home/airflow/.local/lib/python3.7/site-packages/airflow/example_dags/example_time_delta_sensor_async.py
[2024-01-05T14:11:48.449+0000] {logging_mixin.py:137} INFO - [2024-01-05T14:11:48.449+0000] {dag.py:2690} INFO - Sync 1 DAGs
[2024-01-05T14:11:48.465+0000] {logging_mixin.py:137} INFO - [2024-01-05T14:11:48.465+0000] {dag.py:3441} INFO - Setting next_dagrun for example_time_delta_sensor_async to None, run_after=None
[2024-01-05T14:11:48.477+0000] {processor.py:175} INFO - Processing /home/airflow/.local/lib/python3.7/site-packages/airflow/example_dags/example_time_delta_sensor_async.py took 0.078 seconds
[2024-01-05T14:12:18.858+0000] {processor.py:153} INFO - Started process (PID=6518) to work on /home/airflow/.local/lib/python3.7/site-packages/airflow/example_dags/example_time_delta_sensor_async.py
[2024-01-05T14:12:18.860+0000] {processor.py:743} INFO - Processing file /home/airflow/.local/lib/python3.7/site-packages/airflow/example_dags/example_time_delta_sensor_async.py for tasks to queue
[2024-01-05T14:12:18.861+0000] {logging_mixin.py:137} INFO - [2024-01-05T14:12:18.861+0000] {dagbag.py:538} INFO - Filling up the DagBag from /home/airflow/.local/lib/python3.7/site-packages/airflow/example_dags/example_time_delta_sensor_async.py
[2024-01-05T14:12:18.879+0000] {processor.py:753} INFO - DAG(s) dict_keys(['example_time_delta_sensor_async']) retrieved from /home/airflow/.local/lib/python3.7/site-packages/airflow/example_dags/example_time_delta_sensor_async.py
[2024-01-05T14:12:18.921+0000] {logging_mixin.py:137} INFO - [2024-01-05T14:12:18.920+0000] {dag.py:2690} INFO - Sync 1 DAGs
[2024-01-05T14:12:18.943+0000] {logging_mixin.py:137} INFO - [2024-01-05T14:12:18.943+0000] {dag.py:3441} INFO - Setting next_dagrun for example_time_delta_sensor_async to None, run_after=None
[2024-01-05T14:12:18.961+0000] {processor.py:175} INFO - Processing /home/airflow/.local/lib/python3.7/site-packages/airflow/example_dags/example_time_delta_sensor_async.py took 0.107 seconds
[2024-01-05T14:12:49.936+0000] {processor.py:153} INFO - Started process (PID=6593) to work on /home/airflow/.local/lib/python3.7/site-packages/airflow/example_dags/example_time_delta_sensor_async.py
[2024-01-05T14:12:49.940+0000] {processor.py:743} INFO - Processing file /home/airflow/.local/lib/python3.7/site-packages/airflow/example_dags/example_time_delta_sensor_async.py for tasks to queue
[2024-01-05T14:12:49.943+0000] {logging_mixin.py:137} INFO - [2024-01-05T14:12:49.942+0000] {dagbag.py:538} INFO - Filling up the DagBag from /home/airflow/.local/lib/python3.7/site-packages/airflow/example_dags/example_time_delta_sensor_async.py
[2024-01-05T14:12:49.957+0000] {processor.py:753} INFO - DAG(s) dict_keys(['example_time_delta_sensor_async']) retrieved from /home/airflow/.local/lib/python3.7/site-packages/airflow/example_dags/example_time_delta_sensor_async.py
[2024-01-05T14:12:49.988+0000] {logging_mixin.py:137} INFO - [2024-01-05T14:12:49.988+0000] {dag.py:2690} INFO - Sync 1 DAGs
[2024-01-05T14:12:50.012+0000] {logging_mixin.py:137} INFO - [2024-01-05T14:12:50.012+0000] {dag.py:3441} INFO - Setting next_dagrun for example_time_delta_sensor_async to None, run_after=None
[2024-01-05T14:12:50.028+0000] {processor.py:175} INFO - Processing /home/airflow/.local/lib/python3.7/site-packages/airflow/example_dags/example_time_delta_sensor_async.py took 0.099 seconds
[2024-01-05T14:13:20.424+0000] {processor.py:153} INFO - Started process (PID=6667) to work on /home/airflow/.local/lib/python3.7/site-packages/airflow/example_dags/example_time_delta_sensor_async.py
[2024-01-05T14:13:20.428+0000] {processor.py:743} INFO - Processing file /home/airflow/.local/lib/python3.7/site-packages/airflow/example_dags/example_time_delta_sensor_async.py for tasks to queue
[2024-01-05T14:13:20.429+0000] {logging_mixin.py:137} INFO - [2024-01-05T14:13:20.429+0000] {dagbag.py:538} INFO - Filling up the DagBag from /home/airflow/.local/lib/python3.7/site-packages/airflow/example_dags/example_time_delta_sensor_async.py
[2024-01-05T14:13:20.448+0000] {processor.py:753} INFO - DAG(s) dict_keys(['example_time_delta_sensor_async']) retrieved from /home/airflow/.local/lib/python3.7/site-packages/airflow/example_dags/example_time_delta_sensor_async.py
[2024-01-05T14:13:20.505+0000] {logging_mixin.py:137} INFO - [2024-01-05T14:13:20.505+0000] {dag.py:2690} INFO - Sync 1 DAGs
[2024-01-05T14:13:20.531+0000] {logging_mixin.py:137} INFO - [2024-01-05T14:13:20.531+0000] {dag.py:3441} INFO - Setting next_dagrun for example_time_delta_sensor_async to None, run_after=None
[2024-01-05T14:13:20.549+0000] {processor.py:175} INFO - Processing /home/airflow/.local/lib/python3.7/site-packages/airflow/example_dags/example_time_delta_sensor_async.py took 0.134 seconds
[2024-01-05T14:13:51.306+0000] {processor.py:153} INFO - Started process (PID=6730) to work on /home/airflow/.local/lib/python3.7/site-packages/airflow/example_dags/example_time_delta_sensor_async.py
[2024-01-05T14:13:51.307+0000] {processor.py:743} INFO - Processing file /home/airflow/.local/lib/python3.7/site-packages/airflow/example_dags/example_time_delta_sensor_async.py for tasks to queue
[2024-01-05T14:13:51.308+0000] {logging_mixin.py:137} INFO - [2024-01-05T14:13:51.308+0000] {dagbag.py:538} INFO - Filling up the DagBag from /home/airflow/.local/lib/python3.7/site-packages/airflow/example_dags/example_time_delta_sensor_async.py
[2024-01-05T14:13:51.317+0000] {processor.py:753} INFO - DAG(s) dict_keys(['example_time_delta_sensor_async']) retrieved from /home/airflow/.local/lib/python3.7/site-packages/airflow/example_dags/example_time_delta_sensor_async.py
[2024-01-05T14:13:51.338+0000] {logging_mixin.py:137} INFO - [2024-01-05T14:13:51.338+0000] {dag.py:2690} INFO - Sync 1 DAGs
[2024-01-05T14:13:51.354+0000] {logging_mixin.py:137} INFO - [2024-01-05T14:13:51.354+0000] {dag.py:3441} INFO - Setting next_dagrun for example_time_delta_sensor_async to None, run_after=None
[2024-01-05T14:13:51.366+0000] {processor.py:175} INFO - Processing /home/airflow/.local/lib/python3.7/site-packages/airflow/example_dags/example_time_delta_sensor_async.py took 0.064 seconds
[2024-01-05T14:14:21.628+0000] {processor.py:153} INFO - Started process (PID=6806) to work on /home/airflow/.local/lib/python3.7/site-packages/airflow/example_dags/example_time_delta_sensor_async.py
[2024-01-05T14:14:21.629+0000] {processor.py:743} INFO - Processing file /home/airflow/.local/lib/python3.7/site-packages/airflow/example_dags/example_time_delta_sensor_async.py for tasks to queue
[2024-01-05T14:14:21.630+0000] {logging_mixin.py:137} INFO - [2024-01-05T14:14:21.630+0000] {dagbag.py:538} INFO - Filling up the DagBag from /home/airflow/.local/lib/python3.7/site-packages/airflow/example_dags/example_time_delta_sensor_async.py
[2024-01-05T14:14:21.641+0000] {processor.py:753} INFO - DAG(s) dict_keys(['example_time_delta_sensor_async']) retrieved from /home/airflow/.local/lib/python3.7/site-packages/airflow/example_dags/example_time_delta_sensor_async.py
[2024-01-05T14:14:21.671+0000] {logging_mixin.py:137} INFO - [2024-01-05T14:14:21.671+0000] {dag.py:2690} INFO - Sync 1 DAGs
[2024-01-05T14:14:21.720+0000] {logging_mixin.py:137} INFO - [2024-01-05T14:14:21.719+0000] {dag.py:3441} INFO - Setting next_dagrun for example_time_delta_sensor_async to None, run_after=None
[2024-01-05T14:14:21.748+0000] {processor.py:175} INFO - Processing /home/airflow/.local/lib/python3.7/site-packages/airflow/example_dags/example_time_delta_sensor_async.py took 0.123 seconds
[2024-01-05T14:14:52.432+0000] {processor.py:153} INFO - Started process (PID=6869) to work on /home/airflow/.local/lib/python3.7/site-packages/airflow/example_dags/example_time_delta_sensor_async.py
[2024-01-05T14:14:52.433+0000] {processor.py:743} INFO - Processing file /home/airflow/.local/lib/python3.7/site-packages/airflow/example_dags/example_time_delta_sensor_async.py for tasks to queue
[2024-01-05T14:14:52.434+0000] {logging_mixin.py:137} INFO - [2024-01-05T14:14:52.434+0000] {dagbag.py:538} INFO - Filling up the DagBag from /home/airflow/.local/lib/python3.7/site-packages/airflow/example_dags/example_time_delta_sensor_async.py
[2024-01-05T14:14:52.445+0000] {processor.py:753} INFO - DAG(s) dict_keys(['example_time_delta_sensor_async']) retrieved from /home/airflow/.local/lib/python3.7/site-packages/airflow/example_dags/example_time_delta_sensor_async.py
[2024-01-05T14:14:52.464+0000] {logging_mixin.py:137} INFO - [2024-01-05T14:14:52.464+0000] {dag.py:2690} INFO - Sync 1 DAGs
[2024-01-05T14:14:52.482+0000] {logging_mixin.py:137} INFO - [2024-01-05T14:14:52.482+0000] {dag.py:3441} INFO - Setting next_dagrun for example_time_delta_sensor_async to None, run_after=None
[2024-01-05T14:14:52.499+0000] {processor.py:175} INFO - Processing /home/airflow/.local/lib/python3.7/site-packages/airflow/example_dags/example_time_delta_sensor_async.py took 0.070 seconds
[2024-01-05T14:15:23.495+0000] {processor.py:153} INFO - Started process (PID=6944) to work on /home/airflow/.local/lib/python3.7/site-packages/airflow/example_dags/example_time_delta_sensor_async.py
[2024-01-05T14:15:23.497+0000] {processor.py:743} INFO - Processing file /home/airflow/.local/lib/python3.7/site-packages/airflow/example_dags/example_time_delta_sensor_async.py for tasks to queue
[2024-01-05T14:15:23.497+0000] {logging_mixin.py:137} INFO - [2024-01-05T14:15:23.497+0000] {dagbag.py:538} INFO - Filling up the DagBag from /home/airflow/.local/lib/python3.7/site-packages/airflow/example_dags/example_time_delta_sensor_async.py
[2024-01-05T14:15:23.511+0000] {processor.py:753} INFO - DAG(s) dict_keys(['example_time_delta_sensor_async']) retrieved from /home/airflow/.local/lib/python3.7/site-packages/airflow/example_dags/example_time_delta_sensor_async.py
[2024-01-05T14:15:23.533+0000] {logging_mixin.py:137} INFO - [2024-01-05T14:15:23.533+0000] {dag.py:2690} INFO - Sync 1 DAGs
[2024-01-05T14:15:23.552+0000] {logging_mixin.py:137} INFO - [2024-01-05T14:15:23.552+0000] {dag.py:3441} INFO - Setting next_dagrun for example_time_delta_sensor_async to None, run_after=None
[2024-01-05T14:15:23.565+0000] {processor.py:175} INFO - Processing /home/airflow/.local/lib/python3.7/site-packages/airflow/example_dags/example_time_delta_sensor_async.py took 0.074 seconds
[2024-01-05T14:15:53.761+0000] {processor.py:153} INFO - Started process (PID=7007) to work on /home/airflow/.local/lib/python3.7/site-packages/airflow/example_dags/example_time_delta_sensor_async.py
[2024-01-05T14:15:53.763+0000] {processor.py:743} INFO - Processing file /home/airflow/.local/lib/python3.7/site-packages/airflow/example_dags/example_time_delta_sensor_async.py for tasks to queue
[2024-01-05T14:15:53.763+0000] {logging_mixin.py:137} INFO - [2024-01-05T14:15:53.763+0000] {dagbag.py:538} INFO - Filling up the DagBag from /home/airflow/.local/lib/python3.7/site-packages/airflow/example_dags/example_time_delta_sensor_async.py
[2024-01-05T14:15:53.773+0000] {processor.py:753} INFO - DAG(s) dict_keys(['example_time_delta_sensor_async']) retrieved from /home/airflow/.local/lib/python3.7/site-packages/airflow/example_dags/example_time_delta_sensor_async.py
[2024-01-05T14:15:53.792+0000] {logging_mixin.py:137} INFO - [2024-01-05T14:15:53.792+0000] {dag.py:2690} INFO - Sync 1 DAGs
[2024-01-05T14:15:53.809+0000] {logging_mixin.py:137} INFO - [2024-01-05T14:15:53.809+0000] {dag.py:3441} INFO - Setting next_dagrun for example_time_delta_sensor_async to None, run_after=None
[2024-01-05T14:15:53.826+0000] {processor.py:175} INFO - Processing /home/airflow/.local/lib/python3.7/site-packages/airflow/example_dags/example_time_delta_sensor_async.py took 0.067 seconds
[2024-01-05T14:16:24.759+0000] {processor.py:153} INFO - Started process (PID=7082) to work on /home/airflow/.local/lib/python3.7/site-packages/airflow/example_dags/example_time_delta_sensor_async.py
[2024-01-05T14:16:24.760+0000] {processor.py:743} INFO - Processing file /home/airflow/.local/lib/python3.7/site-packages/airflow/example_dags/example_time_delta_sensor_async.py for tasks to queue
[2024-01-05T14:16:24.761+0000] {logging_mixin.py:137} INFO - [2024-01-05T14:16:24.761+0000] {dagbag.py:538} INFO - Filling up the DagBag from /home/airflow/.local/lib/python3.7/site-packages/airflow/example_dags/example_time_delta_sensor_async.py
[2024-01-05T14:16:24.772+0000] {processor.py:753} INFO - DAG(s) dict_keys(['example_time_delta_sensor_async']) retrieved from /home/airflow/.local/lib/python3.7/site-packages/airflow/example_dags/example_time_delta_sensor_async.py
[2024-01-05T14:16:24.800+0000] {logging_mixin.py:137} INFO - [2024-01-05T14:16:24.800+0000] {dag.py:2690} INFO - Sync 1 DAGs
[2024-01-05T14:16:24.822+0000] {logging_mixin.py:137} INFO - [2024-01-05T14:16:24.822+0000] {dag.py:3441} INFO - Setting next_dagrun for example_time_delta_sensor_async to None, run_after=None
[2024-01-05T14:16:24.836+0000] {processor.py:175} INFO - Processing /home/airflow/.local/lib/python3.7/site-packages/airflow/example_dags/example_time_delta_sensor_async.py took 0.080 seconds
[2024-01-05T14:16:55.576+0000] {processor.py:153} INFO - Started process (PID=7146) to work on /home/airflow/.local/lib/python3.7/site-packages/airflow/example_dags/example_time_delta_sensor_async.py
[2024-01-05T14:16:55.579+0000] {processor.py:743} INFO - Processing file /home/airflow/.local/lib/python3.7/site-packages/airflow/example_dags/example_time_delta_sensor_async.py for tasks to queue
[2024-01-05T14:16:55.580+0000] {logging_mixin.py:137} INFO - [2024-01-05T14:16:55.580+0000] {dagbag.py:538} INFO - Filling up the DagBag from /home/airflow/.local/lib/python3.7/site-packages/airflow/example_dags/example_time_delta_sensor_async.py
[2024-01-05T14:16:55.590+0000] {processor.py:753} INFO - DAG(s) dict_keys(['example_time_delta_sensor_async']) retrieved from /home/airflow/.local/lib/python3.7/site-packages/airflow/example_dags/example_time_delta_sensor_async.py
[2024-01-05T14:16:55.614+0000] {logging_mixin.py:137} INFO - [2024-01-05T14:16:55.613+0000] {dag.py:2690} INFO - Sync 1 DAGs
[2024-01-05T14:16:55.630+0000] {logging_mixin.py:137} INFO - [2024-01-05T14:16:55.630+0000] {dag.py:3441} INFO - Setting next_dagrun for example_time_delta_sensor_async to None, run_after=None
[2024-01-05T14:16:55.645+0000] {processor.py:175} INFO - Processing /home/airflow/.local/lib/python3.7/site-packages/airflow/example_dags/example_time_delta_sensor_async.py took 0.072 seconds
[2024-01-05T14:17:25.915+0000] {processor.py:153} INFO - Started process (PID=7220) to work on /home/airflow/.local/lib/python3.7/site-packages/airflow/example_dags/example_time_delta_sensor_async.py
[2024-01-05T14:17:25.917+0000] {processor.py:743} INFO - Processing file /home/airflow/.local/lib/python3.7/site-packages/airflow/example_dags/example_time_delta_sensor_async.py for tasks to queue
[2024-01-05T14:17:25.918+0000] {logging_mixin.py:137} INFO - [2024-01-05T14:17:25.918+0000] {dagbag.py:538} INFO - Filling up the DagBag from /home/airflow/.local/lib/python3.7/site-packages/airflow/example_dags/example_time_delta_sensor_async.py
[2024-01-05T14:17:25.927+0000] {processor.py:753} INFO - DAG(s) dict_keys(['example_time_delta_sensor_async']) retrieved from /home/airflow/.local/lib/python3.7/site-packages/airflow/example_dags/example_time_delta_sensor_async.py
[2024-01-05T14:17:25.948+0000] {logging_mixin.py:137} INFO - [2024-01-05T14:17:25.947+0000] {dag.py:2690} INFO - Sync 1 DAGs
[2024-01-05T14:17:25.964+0000] {logging_mixin.py:137} INFO - [2024-01-05T14:17:25.963+0000] {dag.py:3441} INFO - Setting next_dagrun for example_time_delta_sensor_async to None, run_after=None
[2024-01-05T14:17:25.974+0000] {processor.py:175} INFO - Processing /home/airflow/.local/lib/python3.7/site-packages/airflow/example_dags/example_time_delta_sensor_async.py took 0.062 seconds
[2024-01-05T14:17:57.253+0000] {processor.py:153} INFO - Started process (PID=7283) to work on /home/airflow/.local/lib/python3.7/site-packages/airflow/example_dags/example_time_delta_sensor_async.py
[2024-01-05T14:17:57.255+0000] {processor.py:743} INFO - Processing file /home/airflow/.local/lib/python3.7/site-packages/airflow/example_dags/example_time_delta_sensor_async.py for tasks to queue
[2024-01-05T14:17:57.256+0000] {logging_mixin.py:137} INFO - [2024-01-05T14:17:57.256+0000] {dagbag.py:538} INFO - Filling up the DagBag from /home/airflow/.local/lib/python3.7/site-packages/airflow/example_dags/example_time_delta_sensor_async.py
[2024-01-05T14:17:57.271+0000] {processor.py:753} INFO - DAG(s) dict_keys(['example_time_delta_sensor_async']) retrieved from /home/airflow/.local/lib/python3.7/site-packages/airflow/example_dags/example_time_delta_sensor_async.py
[2024-01-05T14:17:57.306+0000] {logging_mixin.py:137} INFO - [2024-01-05T14:17:57.305+0000] {dag.py:2690} INFO - Sync 1 DAGs
[2024-01-05T14:17:57.329+0000] {logging_mixin.py:137} INFO - [2024-01-05T14:17:57.329+0000] {dag.py:3441} INFO - Setting next_dagrun for example_time_delta_sensor_async to None, run_after=None
[2024-01-05T14:17:57.346+0000] {processor.py:175} INFO - Processing /home/airflow/.local/lib/python3.7/site-packages/airflow/example_dags/example_time_delta_sensor_async.py took 0.097 seconds
[2024-01-05T14:18:27.392+0000] {processor.py:153} INFO - Started process (PID=7356) to work on /home/airflow/.local/lib/python3.7/site-packages/airflow/example_dags/example_time_delta_sensor_async.py
[2024-01-05T14:18:27.393+0000] {processor.py:743} INFO - Processing file /home/airflow/.local/lib/python3.7/site-packages/airflow/example_dags/example_time_delta_sensor_async.py for tasks to queue
[2024-01-05T14:18:27.395+0000] {logging_mixin.py:137} INFO - [2024-01-05T14:18:27.395+0000] {dagbag.py:538} INFO - Filling up the DagBag from /home/airflow/.local/lib/python3.7/site-packages/airflow/example_dags/example_time_delta_sensor_async.py
[2024-01-05T14:18:27.407+0000] {processor.py:753} INFO - DAG(s) dict_keys(['example_time_delta_sensor_async']) retrieved from /home/airflow/.local/lib/python3.7/site-packages/airflow/example_dags/example_time_delta_sensor_async.py
[2024-01-05T14:18:27.428+0000] {logging_mixin.py:137} INFO - [2024-01-05T14:18:27.428+0000] {dag.py:2690} INFO - Sync 1 DAGs
[2024-01-05T14:18:27.445+0000] {logging_mixin.py:137} INFO - [2024-01-05T14:18:27.445+0000] {dag.py:3441} INFO - Setting next_dagrun for example_time_delta_sensor_async to None, run_after=None
[2024-01-05T14:18:27.457+0000] {processor.py:175} INFO - Processing /home/airflow/.local/lib/python3.7/site-packages/airflow/example_dags/example_time_delta_sensor_async.py took 0.067 seconds
[2024-01-05T14:18:59.000+0000] {processor.py:153} INFO - Started process (PID=7432) to work on /home/airflow/.local/lib/python3.7/site-packages/airflow/example_dags/example_time_delta_sensor_async.py
[2024-01-05T14:18:59.006+0000] {processor.py:743} INFO - Processing file /home/airflow/.local/lib/python3.7/site-packages/airflow/example_dags/example_time_delta_sensor_async.py for tasks to queue
[2024-01-05T14:18:59.013+0000] {logging_mixin.py:137} INFO - [2024-01-05T14:18:59.012+0000] {dagbag.py:538} INFO - Filling up the DagBag from /home/airflow/.local/lib/python3.7/site-packages/airflow/example_dags/example_time_delta_sensor_async.py
[2024-01-05T14:18:59.071+0000] {processor.py:753} INFO - DAG(s) dict_keys(['example_time_delta_sensor_async']) retrieved from /home/airflow/.local/lib/python3.7/site-packages/airflow/example_dags/example_time_delta_sensor_async.py
[2024-01-05T14:18:59.138+0000] {logging_mixin.py:137} INFO - [2024-01-05T14:18:59.137+0000] {dag.py:2690} INFO - Sync 1 DAGs
[2024-01-05T14:18:59.168+0000] {logging_mixin.py:137} INFO - [2024-01-05T14:18:59.168+0000] {dag.py:3441} INFO - Setting next_dagrun for example_time_delta_sensor_async to None, run_after=None
[2024-01-05T14:18:59.188+0000] {processor.py:175} INFO - Processing /home/airflow/.local/lib/python3.7/site-packages/airflow/example_dags/example_time_delta_sensor_async.py took 0.225 seconds
[2024-01-05T14:19:29.885+0000] {processor.py:153} INFO - Started process (PID=7495) to work on /home/airflow/.local/lib/python3.7/site-packages/airflow/example_dags/example_time_delta_sensor_async.py
[2024-01-05T14:19:29.887+0000] {processor.py:743} INFO - Processing file /home/airflow/.local/lib/python3.7/site-packages/airflow/example_dags/example_time_delta_sensor_async.py for tasks to queue
[2024-01-05T14:19:29.888+0000] {logging_mixin.py:137} INFO - [2024-01-05T14:19:29.888+0000] {dagbag.py:538} INFO - Filling up the DagBag from /home/airflow/.local/lib/python3.7/site-packages/airflow/example_dags/example_time_delta_sensor_async.py
[2024-01-05T14:19:29.905+0000] {processor.py:753} INFO - DAG(s) dict_keys(['example_time_delta_sensor_async']) retrieved from /home/airflow/.local/lib/python3.7/site-packages/airflow/example_dags/example_time_delta_sensor_async.py
[2024-01-05T14:19:29.939+0000] {logging_mixin.py:137} INFO - [2024-01-05T14:19:29.939+0000] {dag.py:2690} INFO - Sync 1 DAGs
[2024-01-05T14:19:29.986+0000] {logging_mixin.py:137} INFO - [2024-01-05T14:19:29.986+0000] {dag.py:3441} INFO - Setting next_dagrun for example_time_delta_sensor_async to None, run_after=None
[2024-01-05T14:19:30.037+0000] {processor.py:175} INFO - Processing /home/airflow/.local/lib/python3.7/site-packages/airflow/example_dags/example_time_delta_sensor_async.py took 0.156 seconds
[2024-01-05T14:20:00.441+0000] {processor.py:153} INFO - Started process (PID=7569) to work on /home/airflow/.local/lib/python3.7/site-packages/airflow/example_dags/example_time_delta_sensor_async.py
[2024-01-05T14:20:00.442+0000] {processor.py:743} INFO - Processing file /home/airflow/.local/lib/python3.7/site-packages/airflow/example_dags/example_time_delta_sensor_async.py for tasks to queue
[2024-01-05T14:20:00.443+0000] {logging_mixin.py:137} INFO - [2024-01-05T14:20:00.443+0000] {dagbag.py:538} INFO - Filling up the DagBag from /home/airflow/.local/lib/python3.7/site-packages/airflow/example_dags/example_time_delta_sensor_async.py
[2024-01-05T14:20:00.453+0000] {processor.py:753} INFO - DAG(s) dict_keys(['example_time_delta_sensor_async']) retrieved from /home/airflow/.local/lib/python3.7/site-packages/airflow/example_dags/example_time_delta_sensor_async.py
[2024-01-05T14:20:00.474+0000] {logging_mixin.py:137} INFO - [2024-01-05T14:20:00.473+0000] {dag.py:2690} INFO - Sync 1 DAGs
[2024-01-05T14:20:00.490+0000] {logging_mixin.py:137} INFO - [2024-01-05T14:20:00.490+0000] {dag.py:3441} INFO - Setting next_dagrun for example_time_delta_sensor_async to None, run_after=None
[2024-01-05T14:20:00.503+0000] {processor.py:175} INFO - Processing /home/airflow/.local/lib/python3.7/site-packages/airflow/example_dags/example_time_delta_sensor_async.py took 0.065 seconds
[2024-01-05T14:20:31.407+0000] {processor.py:153} INFO - Started process (PID=7632) to work on /home/airflow/.local/lib/python3.7/site-packages/airflow/example_dags/example_time_delta_sensor_async.py
[2024-01-05T14:20:31.409+0000] {processor.py:743} INFO - Processing file /home/airflow/.local/lib/python3.7/site-packages/airflow/example_dags/example_time_delta_sensor_async.py for tasks to queue
[2024-01-05T14:20:31.409+0000] {logging_mixin.py:137} INFO - [2024-01-05T14:20:31.409+0000] {dagbag.py:538} INFO - Filling up the DagBag from /home/airflow/.local/lib/python3.7/site-packages/airflow/example_dags/example_time_delta_sensor_async.py
[2024-01-05T14:20:31.419+0000] {processor.py:753} INFO - DAG(s) dict_keys(['example_time_delta_sensor_async']) retrieved from /home/airflow/.local/lib/python3.7/site-packages/airflow/example_dags/example_time_delta_sensor_async.py
[2024-01-05T14:20:31.442+0000] {logging_mixin.py:137} INFO - [2024-01-05T14:20:31.442+0000] {dag.py:2690} INFO - Sync 1 DAGs
[2024-01-05T14:20:31.465+0000] {logging_mixin.py:137} INFO - [2024-01-05T14:20:31.465+0000] {dag.py:3441} INFO - Setting next_dagrun for example_time_delta_sensor_async to None, run_after=None
[2024-01-05T14:20:31.496+0000] {processor.py:175} INFO - Processing /home/airflow/.local/lib/python3.7/site-packages/airflow/example_dags/example_time_delta_sensor_async.py took 0.092 seconds
[2024-01-05T14:21:02.214+0000] {processor.py:153} INFO - Started process (PID=7707) to work on /home/airflow/.local/lib/python3.7/site-packages/airflow/example_dags/example_time_delta_sensor_async.py
[2024-01-05T14:21:02.215+0000] {processor.py:743} INFO - Processing file /home/airflow/.local/lib/python3.7/site-packages/airflow/example_dags/example_time_delta_sensor_async.py for tasks to queue
[2024-01-05T14:21:02.216+0000] {logging_mixin.py:137} INFO - [2024-01-05T14:21:02.216+0000] {dagbag.py:538} INFO - Filling up the DagBag from /home/airflow/.local/lib/python3.7/site-packages/airflow/example_dags/example_time_delta_sensor_async.py
[2024-01-05T14:21:02.231+0000] {processor.py:753} INFO - DAG(s) dict_keys(['example_time_delta_sensor_async']) retrieved from /home/airflow/.local/lib/python3.7/site-packages/airflow/example_dags/example_time_delta_sensor_async.py
[2024-01-05T14:21:02.253+0000] {logging_mixin.py:137} INFO - [2024-01-05T14:21:02.253+0000] {dag.py:2690} INFO - Sync 1 DAGs
[2024-01-05T14:21:02.276+0000] {logging_mixin.py:137} INFO - [2024-01-05T14:21:02.276+0000] {dag.py:3441} INFO - Setting next_dagrun for example_time_delta_sensor_async to None, run_after=None
[2024-01-05T14:21:02.289+0000] {processor.py:175} INFO - Processing /home/airflow/.local/lib/python3.7/site-packages/airflow/example_dags/example_time_delta_sensor_async.py took 0.079 seconds
[2024-01-05T14:21:32.693+0000] {processor.py:153} INFO - Started process (PID=7783) to work on /home/airflow/.local/lib/python3.7/site-packages/airflow/example_dags/example_time_delta_sensor_async.py
[2024-01-05T14:21:32.696+0000] {processor.py:743} INFO - Processing file /home/airflow/.local/lib/python3.7/site-packages/airflow/example_dags/example_time_delta_sensor_async.py for tasks to queue
[2024-01-05T14:21:32.700+0000] {logging_mixin.py:137} INFO - [2024-01-05T14:21:32.699+0000] {dagbag.py:538} INFO - Filling up the DagBag from /home/airflow/.local/lib/python3.7/site-packages/airflow/example_dags/example_time_delta_sensor_async.py
[2024-01-05T14:21:32.730+0000] {processor.py:753} INFO - DAG(s) dict_keys(['example_time_delta_sensor_async']) retrieved from /home/airflow/.local/lib/python3.7/site-packages/airflow/example_dags/example_time_delta_sensor_async.py
[2024-01-05T14:21:32.793+0000] {logging_mixin.py:137} INFO - [2024-01-05T14:21:32.793+0000] {dag.py:2690} INFO - Sync 1 DAGs
[2024-01-05T14:21:32.819+0000] {logging_mixin.py:137} INFO - [2024-01-05T14:21:32.819+0000] {dag.py:3441} INFO - Setting next_dagrun for example_time_delta_sensor_async to None, run_after=None
[2024-01-05T14:21:32.848+0000] {processor.py:175} INFO - Processing /home/airflow/.local/lib/python3.7/site-packages/airflow/example_dags/example_time_delta_sensor_async.py took 0.161 seconds
[2024-01-05T14:22:02.943+0000] {processor.py:153} INFO - Started process (PID=7846) to work on /home/airflow/.local/lib/python3.7/site-packages/airflow/example_dags/example_time_delta_sensor_async.py
[2024-01-05T14:22:02.945+0000] {processor.py:743} INFO - Processing file /home/airflow/.local/lib/python3.7/site-packages/airflow/example_dags/example_time_delta_sensor_async.py for tasks to queue
[2024-01-05T14:22:02.945+0000] {logging_mixin.py:137} INFO - [2024-01-05T14:22:02.945+0000] {dagbag.py:538} INFO - Filling up the DagBag from /home/airflow/.local/lib/python3.7/site-packages/airflow/example_dags/example_time_delta_sensor_async.py
[2024-01-05T14:22:02.957+0000] {processor.py:753} INFO - DAG(s) dict_keys(['example_time_delta_sensor_async']) retrieved from /home/airflow/.local/lib/python3.7/site-packages/airflow/example_dags/example_time_delta_sensor_async.py
[2024-01-05T14:22:02.981+0000] {logging_mixin.py:137} INFO - [2024-01-05T14:22:02.981+0000] {dag.py:2690} INFO - Sync 1 DAGs
[2024-01-05T14:22:02.999+0000] {logging_mixin.py:137} INFO - [2024-01-05T14:22:02.999+0000] {dag.py:3441} INFO - Setting next_dagrun for example_time_delta_sensor_async to None, run_after=None
[2024-01-05T14:22:03.014+0000] {processor.py:175} INFO - Processing /home/airflow/.local/lib/python3.7/site-packages/airflow/example_dags/example_time_delta_sensor_async.py took 0.074 seconds
[2024-01-05T14:22:33.708+0000] {processor.py:153} INFO - Started process (PID=7922) to work on /home/airflow/.local/lib/python3.7/site-packages/airflow/example_dags/example_time_delta_sensor_async.py
[2024-01-05T14:22:33.712+0000] {processor.py:743} INFO - Processing file /home/airflow/.local/lib/python3.7/site-packages/airflow/example_dags/example_time_delta_sensor_async.py for tasks to queue
[2024-01-05T14:22:33.716+0000] {logging_mixin.py:137} INFO - [2024-01-05T14:22:33.716+0000] {dagbag.py:538} INFO - Filling up the DagBag from /home/airflow/.local/lib/python3.7/site-packages/airflow/example_dags/example_time_delta_sensor_async.py
[2024-01-05T14:22:33.740+0000] {processor.py:753} INFO - DAG(s) dict_keys(['example_time_delta_sensor_async']) retrieved from /home/airflow/.local/lib/python3.7/site-packages/airflow/example_dags/example_time_delta_sensor_async.py
[2024-01-05T14:22:33.767+0000] {logging_mixin.py:137} INFO - [2024-01-05T14:22:33.767+0000] {dag.py:2690} INFO - Sync 1 DAGs
[2024-01-05T14:22:33.789+0000] {logging_mixin.py:137} INFO - [2024-01-05T14:22:33.789+0000] {dag.py:3441} INFO - Setting next_dagrun for example_time_delta_sensor_async to None, run_after=None
[2024-01-05T14:22:33.801+0000] {processor.py:175} INFO - Processing /home/airflow/.local/lib/python3.7/site-packages/airflow/example_dags/example_time_delta_sensor_async.py took 0.101 seconds
[2024-01-05T14:23:04.754+0000] {processor.py:153} INFO - Started process (PID=7985) to work on /home/airflow/.local/lib/python3.7/site-packages/airflow/example_dags/example_time_delta_sensor_async.py
[2024-01-05T14:23:04.757+0000] {processor.py:743} INFO - Processing file /home/airflow/.local/lib/python3.7/site-packages/airflow/example_dags/example_time_delta_sensor_async.py for tasks to queue
[2024-01-05T14:23:04.758+0000] {logging_mixin.py:137} INFO - [2024-01-05T14:23:04.758+0000] {dagbag.py:538} INFO - Filling up the DagBag from /home/airflow/.local/lib/python3.7/site-packages/airflow/example_dags/example_time_delta_sensor_async.py
[2024-01-05T14:23:04.770+0000] {processor.py:753} INFO - DAG(s) dict_keys(['example_time_delta_sensor_async']) retrieved from /home/airflow/.local/lib/python3.7/site-packages/airflow/example_dags/example_time_delta_sensor_async.py
[2024-01-05T14:23:04.791+0000] {logging_mixin.py:137} INFO - [2024-01-05T14:23:04.791+0000] {dag.py:2690} INFO - Sync 1 DAGs
[2024-01-05T14:23:04.808+0000] {logging_mixin.py:137} INFO - [2024-01-05T14:23:04.808+0000] {dag.py:3441} INFO - Setting next_dagrun for example_time_delta_sensor_async to None, run_after=None
[2024-01-05T14:23:04.821+0000] {processor.py:175} INFO - Processing /home/airflow/.local/lib/python3.7/site-packages/airflow/example_dags/example_time_delta_sensor_async.py took 0.075 seconds
[2024-01-05T14:23:35.224+0000] {processor.py:153} INFO - Started process (PID=8060) to work on /home/airflow/.local/lib/python3.7/site-packages/airflow/example_dags/example_time_delta_sensor_async.py
[2024-01-05T14:23:35.225+0000] {processor.py:743} INFO - Processing file /home/airflow/.local/lib/python3.7/site-packages/airflow/example_dags/example_time_delta_sensor_async.py for tasks to queue
[2024-01-05T14:23:35.227+0000] {logging_mixin.py:137} INFO - [2024-01-05T14:23:35.227+0000] {dagbag.py:538} INFO - Filling up the DagBag from /home/airflow/.local/lib/python3.7/site-packages/airflow/example_dags/example_time_delta_sensor_async.py
[2024-01-05T14:23:35.240+0000] {processor.py:753} INFO - DAG(s) dict_keys(['example_time_delta_sensor_async']) retrieved from /home/airflow/.local/lib/python3.7/site-packages/airflow/example_dags/example_time_delta_sensor_async.py
[2024-01-05T14:23:35.280+0000] {logging_mixin.py:137} INFO - [2024-01-05T14:23:35.280+0000] {dag.py:2690} INFO - Sync 1 DAGs
[2024-01-05T14:23:35.304+0000] {logging_mixin.py:137} INFO - [2024-01-05T14:23:35.303+0000] {dag.py:3441} INFO - Setting next_dagrun for example_time_delta_sensor_async to None, run_after=None
[2024-01-05T14:23:35.317+0000] {processor.py:175} INFO - Processing /home/airflow/.local/lib/python3.7/site-packages/airflow/example_dags/example_time_delta_sensor_async.py took 0.097 seconds
[2024-01-05T14:24:06.049+0000] {processor.py:153} INFO - Started process (PID=8123) to work on /home/airflow/.local/lib/python3.7/site-packages/airflow/example_dags/example_time_delta_sensor_async.py
[2024-01-05T14:24:06.050+0000] {processor.py:743} INFO - Processing file /home/airflow/.local/lib/python3.7/site-packages/airflow/example_dags/example_time_delta_sensor_async.py for tasks to queue
[2024-01-05T14:24:06.051+0000] {logging_mixin.py:137} INFO - [2024-01-05T14:24:06.051+0000] {dagbag.py:538} INFO - Filling up the DagBag from /home/airflow/.local/lib/python3.7/site-packages/airflow/example_dags/example_time_delta_sensor_async.py
[2024-01-05T14:24:06.060+0000] {processor.py:753} INFO - DAG(s) dict_keys(['example_time_delta_sensor_async']) retrieved from /home/airflow/.local/lib/python3.7/site-packages/airflow/example_dags/example_time_delta_sensor_async.py
[2024-01-05T14:24:06.080+0000] {logging_mixin.py:137} INFO - [2024-01-05T14:24:06.080+0000] {dag.py:2690} INFO - Sync 1 DAGs
[2024-01-05T14:24:06.096+0000] {logging_mixin.py:137} INFO - [2024-01-05T14:24:06.096+0000] {dag.py:3441} INFO - Setting next_dagrun for example_time_delta_sensor_async to None, run_after=None
[2024-01-05T14:24:06.106+0000] {processor.py:175} INFO - Processing /home/airflow/.local/lib/python3.7/site-packages/airflow/example_dags/example_time_delta_sensor_async.py took 0.060 seconds
[2024-01-05T14:24:36.906+0000] {processor.py:153} INFO - Started process (PID=8199) to work on /home/airflow/.local/lib/python3.7/site-packages/airflow/example_dags/example_time_delta_sensor_async.py
[2024-01-05T14:24:36.907+0000] {processor.py:743} INFO - Processing file /home/airflow/.local/lib/python3.7/site-packages/airflow/example_dags/example_time_delta_sensor_async.py for tasks to queue
[2024-01-05T14:24:36.908+0000] {logging_mixin.py:137} INFO - [2024-01-05T14:24:36.908+0000] {dagbag.py:538} INFO - Filling up the DagBag from /home/airflow/.local/lib/python3.7/site-packages/airflow/example_dags/example_time_delta_sensor_async.py
[2024-01-05T14:24:36.918+0000] {processor.py:753} INFO - DAG(s) dict_keys(['example_time_delta_sensor_async']) retrieved from /home/airflow/.local/lib/python3.7/site-packages/airflow/example_dags/example_time_delta_sensor_async.py
[2024-01-05T14:24:36.939+0000] {logging_mixin.py:137} INFO - [2024-01-05T14:24:36.939+0000] {dag.py:2690} INFO - Sync 1 DAGs
[2024-01-05T14:24:36.956+0000] {logging_mixin.py:137} INFO - [2024-01-05T14:24:36.956+0000] {dag.py:3441} INFO - Setting next_dagrun for example_time_delta_sensor_async to None, run_after=None
[2024-01-05T14:24:36.970+0000] {processor.py:175} INFO - Processing /home/airflow/.local/lib/python3.7/site-packages/airflow/example_dags/example_time_delta_sensor_async.py took 0.067 seconds
[2024-01-05T14:25:07.573+0000] {processor.py:153} INFO - Started process (PID=8262) to work on /home/airflow/.local/lib/python3.7/site-packages/airflow/example_dags/example_time_delta_sensor_async.py
[2024-01-05T14:25:07.575+0000] {processor.py:743} INFO - Processing file /home/airflow/.local/lib/python3.7/site-packages/airflow/example_dags/example_time_delta_sensor_async.py for tasks to queue
[2024-01-05T14:25:07.576+0000] {logging_mixin.py:137} INFO - [2024-01-05T14:25:07.575+0000] {dagbag.py:538} INFO - Filling up the DagBag from /home/airflow/.local/lib/python3.7/site-packages/airflow/example_dags/example_time_delta_sensor_async.py
[2024-01-05T14:25:07.585+0000] {processor.py:753} INFO - DAG(s) dict_keys(['example_time_delta_sensor_async']) retrieved from /home/airflow/.local/lib/python3.7/site-packages/airflow/example_dags/example_time_delta_sensor_async.py
[2024-01-05T14:25:07.605+0000] {logging_mixin.py:137} INFO - [2024-01-05T14:25:07.605+0000] {dag.py:2690} INFO - Sync 1 DAGs
[2024-01-05T14:25:07.621+0000] {logging_mixin.py:137} INFO - [2024-01-05T14:25:07.621+0000] {dag.py:3441} INFO - Setting next_dagrun for example_time_delta_sensor_async to None, run_after=None
[2024-01-05T14:25:07.631+0000] {processor.py:175} INFO - Processing /home/airflow/.local/lib/python3.7/site-packages/airflow/example_dags/example_time_delta_sensor_async.py took 0.061 seconds
[2024-01-05T14:25:37.985+0000] {processor.py:153} INFO - Started process (PID=8338) to work on /home/airflow/.local/lib/python3.7/site-packages/airflow/example_dags/example_time_delta_sensor_async.py
[2024-01-05T14:25:37.987+0000] {processor.py:743} INFO - Processing file /home/airflow/.local/lib/python3.7/site-packages/airflow/example_dags/example_time_delta_sensor_async.py for tasks to queue
[2024-01-05T14:25:37.988+0000] {logging_mixin.py:137} INFO - [2024-01-05T14:25:37.988+0000] {dagbag.py:538} INFO - Filling up the DagBag from /home/airflow/.local/lib/python3.7/site-packages/airflow/example_dags/example_time_delta_sensor_async.py
[2024-01-05T14:25:37.999+0000] {processor.py:753} INFO - DAG(s) dict_keys(['example_time_delta_sensor_async']) retrieved from /home/airflow/.local/lib/python3.7/site-packages/airflow/example_dags/example_time_delta_sensor_async.py
[2024-01-05T14:25:38.021+0000] {logging_mixin.py:137} INFO - [2024-01-05T14:25:38.021+0000] {dag.py:2690} INFO - Sync 1 DAGs
[2024-01-05T14:25:38.036+0000] {logging_mixin.py:137} INFO - [2024-01-05T14:25:38.036+0000] {dag.py:3441} INFO - Setting next_dagrun for example_time_delta_sensor_async to None, run_after=None
[2024-01-05T14:25:38.048+0000] {processor.py:175} INFO - Processing /home/airflow/.local/lib/python3.7/site-packages/airflow/example_dags/example_time_delta_sensor_async.py took 0.069 seconds
[2024-01-05T14:26:09.041+0000] {processor.py:153} INFO - Started process (PID=8410) to work on /home/airflow/.local/lib/python3.7/site-packages/airflow/example_dags/example_time_delta_sensor_async.py
[2024-01-05T14:26:09.042+0000] {processor.py:743} INFO - Processing file /home/airflow/.local/lib/python3.7/site-packages/airflow/example_dags/example_time_delta_sensor_async.py for tasks to queue
[2024-01-05T14:26:09.044+0000] {logging_mixin.py:137} INFO - [2024-01-05T14:26:09.044+0000] {dagbag.py:538} INFO - Filling up the DagBag from /home/airflow/.local/lib/python3.7/site-packages/airflow/example_dags/example_time_delta_sensor_async.py
[2024-01-05T14:26:09.056+0000] {processor.py:753} INFO - DAG(s) dict_keys(['example_time_delta_sensor_async']) retrieved from /home/airflow/.local/lib/python3.7/site-packages/airflow/example_dags/example_time_delta_sensor_async.py
[2024-01-05T14:26:09.079+0000] {logging_mixin.py:137} INFO - [2024-01-05T14:26:09.079+0000] {dag.py:2690} INFO - Sync 1 DAGs
[2024-01-05T14:26:09.100+0000] {logging_mixin.py:137} INFO - [2024-01-05T14:26:09.100+0000] {dag.py:3441} INFO - Setting next_dagrun for example_time_delta_sensor_async to None, run_after=None
[2024-01-05T14:26:09.135+0000] {processor.py:175} INFO - Processing /home/airflow/.local/lib/python3.7/site-packages/airflow/example_dags/example_time_delta_sensor_async.py took 0.098 seconds
[2024-01-05T14:26:39.264+0000] {processor.py:153} INFO - Started process (PID=8476) to work on /home/airflow/.local/lib/python3.7/site-packages/airflow/example_dags/example_time_delta_sensor_async.py
[2024-01-05T14:26:39.266+0000] {processor.py:743} INFO - Processing file /home/airflow/.local/lib/python3.7/site-packages/airflow/example_dags/example_time_delta_sensor_async.py for tasks to queue
[2024-01-05T14:26:39.266+0000] {logging_mixin.py:137} INFO - [2024-01-05T14:26:39.266+0000] {dagbag.py:538} INFO - Filling up the DagBag from /home/airflow/.local/lib/python3.7/site-packages/airflow/example_dags/example_time_delta_sensor_async.py
[2024-01-05T14:26:39.278+0000] {processor.py:753} INFO - DAG(s) dict_keys(['example_time_delta_sensor_async']) retrieved from /home/airflow/.local/lib/python3.7/site-packages/airflow/example_dags/example_time_delta_sensor_async.py
[2024-01-05T14:26:39.300+0000] {logging_mixin.py:137} INFO - [2024-01-05T14:26:39.299+0000] {dag.py:2690} INFO - Sync 1 DAGs
[2024-01-05T14:26:39.316+0000] {logging_mixin.py:137} INFO - [2024-01-05T14:26:39.316+0000] {dag.py:3441} INFO - Setting next_dagrun for example_time_delta_sensor_async to None, run_after=None
[2024-01-05T14:26:39.327+0000] {processor.py:175} INFO - Processing /home/airflow/.local/lib/python3.7/site-packages/airflow/example_dags/example_time_delta_sensor_async.py took 0.066 seconds
