[2024-01-05T01:20:55.091+0000] {processor.py:153} INFO - Started process (PID=4330) to work on /home/airflow/.local/lib/python3.7/site-packages/airflow/example_dags/example_skip_dag.py
[2024-01-05T01:20:55.093+0000] {processor.py:743} INFO - Processing file /home/airflow/.local/lib/python3.7/site-packages/airflow/example_dags/example_skip_dag.py for tasks to queue
[2024-01-05T01:20:55.094+0000] {logging_mixin.py:137} INFO - [2024-01-05T01:20:55.094+0000] {dagbag.py:538} INFO - Filling up the DagBag from /home/airflow/.local/lib/python3.7/site-packages/airflow/example_dags/example_skip_dag.py
[2024-01-05T01:20:55.110+0000] {processor.py:753} INFO - DAG(s) dict_keys(['example_skip_dag']) retrieved from /home/airflow/.local/lib/python3.7/site-packages/airflow/example_dags/example_skip_dag.py
[2024-01-05T01:20:55.156+0000] {logging_mixin.py:137} INFO - [2024-01-05T01:20:55.156+0000] {dag.py:2690} INFO - Sync 1 DAGs
[2024-01-05T01:20:55.184+0000] {logging_mixin.py:137} INFO - [2024-01-05T01:20:55.183+0000] {dag.py:3441} INFO - Setting next_dagrun for example_skip_dag to 2024-01-04T01:20:55.183634+00:00, run_after=2024-01-05T01:20:55.183634+00:00
[2024-01-05T01:20:55.200+0000] {processor.py:175} INFO - Processing /home/airflow/.local/lib/python3.7/site-packages/airflow/example_dags/example_skip_dag.py took 0.112 seconds
[2024-01-05T02:31:17.961+0000] {processor.py:153} INFO - Started process (PID=4396) to work on /home/airflow/.local/lib/python3.7/site-packages/airflow/example_dags/example_skip_dag.py
[2024-01-05T02:31:17.963+0000] {processor.py:743} INFO - Processing file /home/airflow/.local/lib/python3.7/site-packages/airflow/example_dags/example_skip_dag.py for tasks to queue
[2024-01-05T02:31:17.964+0000] {logging_mixin.py:137} INFO - [2024-01-05T02:31:17.964+0000] {dagbag.py:538} INFO - Filling up the DagBag from /home/airflow/.local/lib/python3.7/site-packages/airflow/example_dags/example_skip_dag.py
[2024-01-05T02:31:17.976+0000] {processor.py:753} INFO - DAG(s) dict_keys(['example_skip_dag']) retrieved from /home/airflow/.local/lib/python3.7/site-packages/airflow/example_dags/example_skip_dag.py
[2024-01-05T02:31:17.997+0000] {logging_mixin.py:137} INFO - [2024-01-05T02:31:17.997+0000] {dag.py:2690} INFO - Sync 1 DAGs
[2024-01-05T02:31:18.019+0000] {logging_mixin.py:137} INFO - [2024-01-05T02:31:18.019+0000] {dag.py:3441} INFO - Setting next_dagrun for example_skip_dag to 2024-01-04T02:31:18.018767+00:00, run_after=2024-01-05T02:31:18.018767+00:00
[2024-01-05T02:31:18.051+0000] {processor.py:175} INFO - Processing /home/airflow/.local/lib/python3.7/site-packages/airflow/example_dags/example_skip_dag.py took 0.093 seconds
[2024-01-05T03:42:26.865+0000] {processor.py:153} INFO - Started process (PID=4459) to work on /home/airflow/.local/lib/python3.7/site-packages/airflow/example_dags/example_skip_dag.py
[2024-01-05T03:42:26.868+0000] {processor.py:743} INFO - Processing file /home/airflow/.local/lib/python3.7/site-packages/airflow/example_dags/example_skip_dag.py for tasks to queue
[2024-01-05T03:42:26.871+0000] {logging_mixin.py:137} INFO - [2024-01-05T03:42:26.871+0000] {dagbag.py:538} INFO - Filling up the DagBag from /home/airflow/.local/lib/python3.7/site-packages/airflow/example_dags/example_skip_dag.py
[2024-01-05T03:42:26.890+0000] {processor.py:753} INFO - DAG(s) dict_keys(['example_skip_dag']) retrieved from /home/airflow/.local/lib/python3.7/site-packages/airflow/example_dags/example_skip_dag.py
[2024-01-05T03:42:26.916+0000] {logging_mixin.py:137} INFO - [2024-01-05T03:42:26.916+0000] {dag.py:2690} INFO - Sync 1 DAGs
[2024-01-05T03:42:26.938+0000] {logging_mixin.py:137} INFO - [2024-01-05T03:42:26.938+0000] {dag.py:3441} INFO - Setting next_dagrun for example_skip_dag to 2024-01-04T03:42:26.937849+00:00, run_after=2024-01-05T03:42:26.937849+00:00
[2024-01-05T03:42:26.967+0000] {processor.py:175} INFO - Processing /home/airflow/.local/lib/python3.7/site-packages/airflow/example_dags/example_skip_dag.py took 0.110 seconds
[2024-01-05T05:03:26.351+0000] {processor.py:153} INFO - Started process (PID=4534) to work on /home/airflow/.local/lib/python3.7/site-packages/airflow/example_dags/example_skip_dag.py
[2024-01-05T05:03:26.353+0000] {processor.py:743} INFO - Processing file /home/airflow/.local/lib/python3.7/site-packages/airflow/example_dags/example_skip_dag.py for tasks to queue
[2024-01-05T05:03:26.353+0000] {logging_mixin.py:137} INFO - [2024-01-05T05:03:26.353+0000] {dagbag.py:538} INFO - Filling up the DagBag from /home/airflow/.local/lib/python3.7/site-packages/airflow/example_dags/example_skip_dag.py
[2024-01-05T05:03:26.366+0000] {processor.py:753} INFO - DAG(s) dict_keys(['example_skip_dag']) retrieved from /home/airflow/.local/lib/python3.7/site-packages/airflow/example_dags/example_skip_dag.py
[2024-01-05T05:03:26.386+0000] {logging_mixin.py:137} INFO - [2024-01-05T05:03:26.386+0000] {dag.py:2690} INFO - Sync 1 DAGs
[2024-01-05T05:03:26.406+0000] {logging_mixin.py:137} INFO - [2024-01-05T05:03:26.406+0000] {dag.py:3441} INFO - Setting next_dagrun for example_skip_dag to 2024-01-04T05:03:26.405905+00:00, run_after=2024-01-05T05:03:26.405905+00:00
[2024-01-05T05:03:26.421+0000] {processor.py:175} INFO - Processing /home/airflow/.local/lib/python3.7/site-packages/airflow/example_dags/example_skip_dag.py took 0.073 seconds
[2024-01-05T06:28:02.747+0000] {processor.py:153} INFO - Started process (PID=4596) to work on /home/airflow/.local/lib/python3.7/site-packages/airflow/example_dags/example_skip_dag.py
[2024-01-05T06:28:02.748+0000] {processor.py:743} INFO - Processing file /home/airflow/.local/lib/python3.7/site-packages/airflow/example_dags/example_skip_dag.py for tasks to queue
[2024-01-05T06:28:02.749+0000] {logging_mixin.py:137} INFO - [2024-01-05T06:28:02.749+0000] {dagbag.py:538} INFO - Filling up the DagBag from /home/airflow/.local/lib/python3.7/site-packages/airflow/example_dags/example_skip_dag.py
[2024-01-05T06:28:02.758+0000] {processor.py:753} INFO - DAG(s) dict_keys(['example_skip_dag']) retrieved from /home/airflow/.local/lib/python3.7/site-packages/airflow/example_dags/example_skip_dag.py
[2024-01-05T06:28:02.779+0000] {logging_mixin.py:137} INFO - [2024-01-05T06:28:02.779+0000] {dag.py:2690} INFO - Sync 1 DAGs
[2024-01-05T06:28:02.795+0000] {logging_mixin.py:137} INFO - [2024-01-05T06:28:02.795+0000] {dag.py:3441} INFO - Setting next_dagrun for example_skip_dag to 2024-01-04T06:28:02.795285+00:00, run_after=2024-01-05T06:28:02.795285+00:00
[2024-01-05T06:28:02.805+0000] {processor.py:175} INFO - Processing /home/airflow/.local/lib/python3.7/site-packages/airflow/example_dags/example_skip_dag.py took 0.061 seconds
[2024-01-05T07:47:04.397+0000] {processor.py:153} INFO - Started process (PID=4659) to work on /home/airflow/.local/lib/python3.7/site-packages/airflow/example_dags/example_skip_dag.py
[2024-01-05T07:47:04.398+0000] {processor.py:743} INFO - Processing file /home/airflow/.local/lib/python3.7/site-packages/airflow/example_dags/example_skip_dag.py for tasks to queue
[2024-01-05T07:47:04.399+0000] {logging_mixin.py:137} INFO - [2024-01-05T07:47:04.399+0000] {dagbag.py:538} INFO - Filling up the DagBag from /home/airflow/.local/lib/python3.7/site-packages/airflow/example_dags/example_skip_dag.py
[2024-01-05T07:47:04.413+0000] {processor.py:753} INFO - DAG(s) dict_keys(['example_skip_dag']) retrieved from /home/airflow/.local/lib/python3.7/site-packages/airflow/example_dags/example_skip_dag.py
[2024-01-05T07:47:04.445+0000] {logging_mixin.py:137} INFO - [2024-01-05T07:47:04.444+0000] {dag.py:2690} INFO - Sync 1 DAGs
[2024-01-05T07:47:04.478+0000] {logging_mixin.py:137} INFO - [2024-01-05T07:47:04.478+0000] {dag.py:3441} INFO - Setting next_dagrun for example_skip_dag to 2024-01-04T07:47:04.478062+00:00, run_after=2024-01-05T07:47:04.478062+00:00
[2024-01-05T07:47:04.504+0000] {processor.py:175} INFO - Processing /home/airflow/.local/lib/python3.7/site-packages/airflow/example_dags/example_skip_dag.py took 0.110 seconds
[2024-01-05T09:24:46.798+0000] {processor.py:153} INFO - Started process (PID=4733) to work on /home/airflow/.local/lib/python3.7/site-packages/airflow/example_dags/example_skip_dag.py
[2024-01-05T09:24:46.800+0000] {processor.py:743} INFO - Processing file /home/airflow/.local/lib/python3.7/site-packages/airflow/example_dags/example_skip_dag.py for tasks to queue
[2024-01-05T09:24:46.801+0000] {logging_mixin.py:137} INFO - [2024-01-05T09:24:46.801+0000] {dagbag.py:538} INFO - Filling up the DagBag from /home/airflow/.local/lib/python3.7/site-packages/airflow/example_dags/example_skip_dag.py
[2024-01-05T09:24:46.819+0000] {processor.py:753} INFO - DAG(s) dict_keys(['example_skip_dag']) retrieved from /home/airflow/.local/lib/python3.7/site-packages/airflow/example_dags/example_skip_dag.py
[2024-01-05T09:24:46.848+0000] {logging_mixin.py:137} INFO - [2024-01-05T09:24:46.848+0000] {dag.py:2690} INFO - Sync 1 DAGs
[2024-01-05T09:24:46.871+0000] {logging_mixin.py:137} INFO - [2024-01-05T09:24:46.871+0000] {dag.py:3441} INFO - Setting next_dagrun for example_skip_dag to 2024-01-04T09:24:46.871595+00:00, run_after=2024-01-05T09:24:46.871595+00:00
[2024-01-05T09:24:46.886+0000] {processor.py:175} INFO - Processing /home/airflow/.local/lib/python3.7/site-packages/airflow/example_dags/example_skip_dag.py took 0.092 seconds
[2024-01-05T10:32:47.751+0000] {processor.py:153} INFO - Started process (PID=4796) to work on /home/airflow/.local/lib/python3.7/site-packages/airflow/example_dags/example_skip_dag.py
[2024-01-05T10:32:47.753+0000] {processor.py:743} INFO - Processing file /home/airflow/.local/lib/python3.7/site-packages/airflow/example_dags/example_skip_dag.py for tasks to queue
[2024-01-05T10:32:47.754+0000] {logging_mixin.py:137} INFO - [2024-01-05T10:32:47.754+0000] {dagbag.py:538} INFO - Filling up the DagBag from /home/airflow/.local/lib/python3.7/site-packages/airflow/example_dags/example_skip_dag.py
[2024-01-05T10:32:47.767+0000] {processor.py:753} INFO - DAG(s) dict_keys(['example_skip_dag']) retrieved from /home/airflow/.local/lib/python3.7/site-packages/airflow/example_dags/example_skip_dag.py
[2024-01-05T10:32:47.789+0000] {logging_mixin.py:137} INFO - [2024-01-05T10:32:47.789+0000] {dag.py:2690} INFO - Sync 1 DAGs
[2024-01-05T10:32:47.805+0000] {logging_mixin.py:137} INFO - [2024-01-05T10:32:47.805+0000] {dag.py:3441} INFO - Setting next_dagrun for example_skip_dag to 2024-01-04T10:32:47.805030+00:00, run_after=2024-01-05T10:32:47.805030+00:00
[2024-01-05T10:32:47.817+0000] {processor.py:175} INFO - Processing /home/airflow/.local/lib/python3.7/site-packages/airflow/example_dags/example_skip_dag.py took 0.069 seconds
[2024-01-05T11:33:46.744+0000] {processor.py:153} INFO - Started process (PID=4871) to work on /home/airflow/.local/lib/python3.7/site-packages/airflow/example_dags/example_skip_dag.py
[2024-01-05T11:33:46.745+0000] {processor.py:743} INFO - Processing file /home/airflow/.local/lib/python3.7/site-packages/airflow/example_dags/example_skip_dag.py for tasks to queue
[2024-01-05T11:33:46.746+0000] {logging_mixin.py:137} INFO - [2024-01-05T11:33:46.746+0000] {dagbag.py:538} INFO - Filling up the DagBag from /home/airflow/.local/lib/python3.7/site-packages/airflow/example_dags/example_skip_dag.py
[2024-01-05T11:33:46.758+0000] {processor.py:753} INFO - DAG(s) dict_keys(['example_skip_dag']) retrieved from /home/airflow/.local/lib/python3.7/site-packages/airflow/example_dags/example_skip_dag.py
[2024-01-05T11:33:46.783+0000] {logging_mixin.py:137} INFO - [2024-01-05T11:33:46.782+0000] {dag.py:2690} INFO - Sync 1 DAGs
[2024-01-05T11:33:46.804+0000] {logging_mixin.py:137} INFO - [2024-01-05T11:33:46.804+0000] {dag.py:3441} INFO - Setting next_dagrun for example_skip_dag to 2024-01-04T11:33:46.803976+00:00, run_after=2024-01-05T11:33:46.803976+00:00
[2024-01-05T11:33:46.817+0000] {processor.py:175} INFO - Processing /home/airflow/.local/lib/python3.7/site-packages/airflow/example_dags/example_skip_dag.py took 0.076 seconds
[2024-01-05T12:52:17.895+0000] {processor.py:153} INFO - Started process (PID=4934) to work on /home/airflow/.local/lib/python3.7/site-packages/airflow/example_dags/example_skip_dag.py
[2024-01-05T12:52:17.898+0000] {processor.py:743} INFO - Processing file /home/airflow/.local/lib/python3.7/site-packages/airflow/example_dags/example_skip_dag.py for tasks to queue
[2024-01-05T12:52:17.899+0000] {logging_mixin.py:137} INFO - [2024-01-05T12:52:17.899+0000] {dagbag.py:538} INFO - Filling up the DagBag from /home/airflow/.local/lib/python3.7/site-packages/airflow/example_dags/example_skip_dag.py
[2024-01-05T12:52:17.915+0000] {processor.py:753} INFO - DAG(s) dict_keys(['example_skip_dag']) retrieved from /home/airflow/.local/lib/python3.7/site-packages/airflow/example_dags/example_skip_dag.py
[2024-01-05T12:52:17.957+0000] {logging_mixin.py:137} INFO - [2024-01-05T12:52:17.957+0000] {dag.py:2690} INFO - Sync 1 DAGs
[2024-01-05T12:52:17.979+0000] {logging_mixin.py:137} INFO - [2024-01-05T12:52:17.979+0000] {dag.py:3441} INFO - Setting next_dagrun for example_skip_dag to 2024-01-04T12:52:17.979310+00:00, run_after=2024-01-05T12:52:17.979310+00:00
[2024-01-05T12:52:17.994+0000] {processor.py:175} INFO - Processing /home/airflow/.local/lib/python3.7/site-packages/airflow/example_dags/example_skip_dag.py took 0.101 seconds
[2024-01-05T14:01:03.858+0000] {processor.py:153} INFO - Started process (PID=5008) to work on /home/airflow/.local/lib/python3.7/site-packages/airflow/example_dags/example_skip_dag.py
[2024-01-05T14:01:03.868+0000] {processor.py:743} INFO - Processing file /home/airflow/.local/lib/python3.7/site-packages/airflow/example_dags/example_skip_dag.py for tasks to queue
[2024-01-05T14:01:03.876+0000] {logging_mixin.py:137} INFO - [2024-01-05T14:01:03.874+0000] {dagbag.py:538} INFO - Filling up the DagBag from /home/airflow/.local/lib/python3.7/site-packages/airflow/example_dags/example_skip_dag.py
[2024-01-05T14:01:03.905+0000] {processor.py:753} INFO - DAG(s) dict_keys(['example_skip_dag']) retrieved from /home/airflow/.local/lib/python3.7/site-packages/airflow/example_dags/example_skip_dag.py
[2024-01-05T14:01:04.419+0000] {logging_mixin.py:137} INFO - [2024-01-05T14:01:04.418+0000] {dag.py:2690} INFO - Sync 1 DAGs
[2024-01-05T14:01:04.518+0000] {logging_mixin.py:137} INFO - [2024-01-05T14:01:04.518+0000] {dag.py:3441} INFO - Setting next_dagrun for example_skip_dag to 2024-01-04T14:01:04.517280+00:00, run_after=2024-01-05T14:01:04.517280+00:00
[2024-01-05T14:01:04.638+0000] {processor.py:175} INFO - Processing /home/airflow/.local/lib/python3.7/site-packages/airflow/example_dags/example_skip_dag.py took 0.790 seconds
[2024-01-05T14:01:35.219+0000] {processor.py:153} INFO - Started process (PID=5072) to work on /home/airflow/.local/lib/python3.7/site-packages/airflow/example_dags/example_skip_dag.py
[2024-01-05T14:01:35.220+0000] {processor.py:743} INFO - Processing file /home/airflow/.local/lib/python3.7/site-packages/airflow/example_dags/example_skip_dag.py for tasks to queue
[2024-01-05T14:01:35.222+0000] {logging_mixin.py:137} INFO - [2024-01-05T14:01:35.222+0000] {dagbag.py:538} INFO - Filling up the DagBag from /home/airflow/.local/lib/python3.7/site-packages/airflow/example_dags/example_skip_dag.py
[2024-01-05T14:01:35.245+0000] {processor.py:753} INFO - DAG(s) dict_keys(['example_skip_dag']) retrieved from /home/airflow/.local/lib/python3.7/site-packages/airflow/example_dags/example_skip_dag.py
[2024-01-05T14:01:35.274+0000] {logging_mixin.py:137} INFO - [2024-01-05T14:01:35.274+0000] {dag.py:2690} INFO - Sync 1 DAGs
[2024-01-05T14:01:35.294+0000] {logging_mixin.py:137} INFO - [2024-01-05T14:01:35.294+0000] {dag.py:3441} INFO - Setting next_dagrun for example_skip_dag to 2024-01-04T14:01:35.293939+00:00, run_after=2024-01-05T14:01:35.293939+00:00
[2024-01-05T14:01:35.308+0000] {processor.py:175} INFO - Processing /home/airflow/.local/lib/python3.7/site-packages/airflow/example_dags/example_skip_dag.py took 0.095 seconds
[2024-01-05T14:02:06.111+0000] {processor.py:153} INFO - Started process (PID=5136) to work on /home/airflow/.local/lib/python3.7/site-packages/airflow/example_dags/example_skip_dag.py
[2024-01-05T14:02:06.113+0000] {processor.py:743} INFO - Processing file /home/airflow/.local/lib/python3.7/site-packages/airflow/example_dags/example_skip_dag.py for tasks to queue
[2024-01-05T14:02:06.115+0000] {logging_mixin.py:137} INFO - [2024-01-05T14:02:06.115+0000] {dagbag.py:538} INFO - Filling up the DagBag from /home/airflow/.local/lib/python3.7/site-packages/airflow/example_dags/example_skip_dag.py
[2024-01-05T14:02:06.148+0000] {processor.py:753} INFO - DAG(s) dict_keys(['example_skip_dag']) retrieved from /home/airflow/.local/lib/python3.7/site-packages/airflow/example_dags/example_skip_dag.py
[2024-01-05T14:02:06.180+0000] {logging_mixin.py:137} INFO - [2024-01-05T14:02:06.180+0000] {dag.py:2690} INFO - Sync 1 DAGs
[2024-01-05T14:02:06.204+0000] {logging_mixin.py:137} INFO - [2024-01-05T14:02:06.204+0000] {dag.py:3441} INFO - Setting next_dagrun for example_skip_dag to 2024-01-04T14:02:06.203785+00:00, run_after=2024-01-05T14:02:06.203785+00:00
[2024-01-05T14:02:06.217+0000] {processor.py:175} INFO - Processing /home/airflow/.local/lib/python3.7/site-packages/airflow/example_dags/example_skip_dag.py took 0.114 seconds
[2024-01-05T14:02:36.806+0000] {processor.py:153} INFO - Started process (PID=5211) to work on /home/airflow/.local/lib/python3.7/site-packages/airflow/example_dags/example_skip_dag.py
[2024-01-05T14:02:36.807+0000] {processor.py:743} INFO - Processing file /home/airflow/.local/lib/python3.7/site-packages/airflow/example_dags/example_skip_dag.py for tasks to queue
[2024-01-05T14:02:36.808+0000] {logging_mixin.py:137} INFO - [2024-01-05T14:02:36.808+0000] {dagbag.py:538} INFO - Filling up the DagBag from /home/airflow/.local/lib/python3.7/site-packages/airflow/example_dags/example_skip_dag.py
[2024-01-05T14:02:36.822+0000] {processor.py:753} INFO - DAG(s) dict_keys(['example_skip_dag']) retrieved from /home/airflow/.local/lib/python3.7/site-packages/airflow/example_dags/example_skip_dag.py
[2024-01-05T14:02:36.845+0000] {logging_mixin.py:137} INFO - [2024-01-05T14:02:36.844+0000] {dag.py:2690} INFO - Sync 1 DAGs
[2024-01-05T14:02:36.864+0000] {logging_mixin.py:137} INFO - [2024-01-05T14:02:36.864+0000] {dag.py:3441} INFO - Setting next_dagrun for example_skip_dag to 2024-01-04T14:02:36.864340+00:00, run_after=2024-01-05T14:02:36.864340+00:00
[2024-01-05T14:02:36.876+0000] {processor.py:175} INFO - Processing /home/airflow/.local/lib/python3.7/site-packages/airflow/example_dags/example_skip_dag.py took 0.075 seconds
[2024-01-05T14:03:07.630+0000] {processor.py:153} INFO - Started process (PID=5274) to work on /home/airflow/.local/lib/python3.7/site-packages/airflow/example_dags/example_skip_dag.py
[2024-01-05T14:03:07.633+0000] {processor.py:743} INFO - Processing file /home/airflow/.local/lib/python3.7/site-packages/airflow/example_dags/example_skip_dag.py for tasks to queue
[2024-01-05T14:03:07.636+0000] {logging_mixin.py:137} INFO - [2024-01-05T14:03:07.636+0000] {dagbag.py:538} INFO - Filling up the DagBag from /home/airflow/.local/lib/python3.7/site-packages/airflow/example_dags/example_skip_dag.py
[2024-01-05T14:03:07.664+0000] {processor.py:753} INFO - DAG(s) dict_keys(['example_skip_dag']) retrieved from /home/airflow/.local/lib/python3.7/site-packages/airflow/example_dags/example_skip_dag.py
[2024-01-05T14:03:07.706+0000] {logging_mixin.py:137} INFO - [2024-01-05T14:03:07.706+0000] {dag.py:2690} INFO - Sync 1 DAGs
[2024-01-05T14:03:07.735+0000] {logging_mixin.py:137} INFO - [2024-01-05T14:03:07.735+0000] {dag.py:3441} INFO - Setting next_dagrun for example_skip_dag to 2024-01-04T14:03:07.735394+00:00, run_after=2024-01-05T14:03:07.735394+00:00
[2024-01-05T14:03:07.760+0000] {processor.py:175} INFO - Processing /home/airflow/.local/lib/python3.7/site-packages/airflow/example_dags/example_skip_dag.py took 0.135 seconds
[2024-01-05T14:03:38.473+0000] {processor.py:153} INFO - Started process (PID=5349) to work on /home/airflow/.local/lib/python3.7/site-packages/airflow/example_dags/example_skip_dag.py
[2024-01-05T14:03:38.474+0000] {processor.py:743} INFO - Processing file /home/airflow/.local/lib/python3.7/site-packages/airflow/example_dags/example_skip_dag.py for tasks to queue
[2024-01-05T14:03:38.475+0000] {logging_mixin.py:137} INFO - [2024-01-05T14:03:38.475+0000] {dagbag.py:538} INFO - Filling up the DagBag from /home/airflow/.local/lib/python3.7/site-packages/airflow/example_dags/example_skip_dag.py
[2024-01-05T14:03:38.492+0000] {processor.py:753} INFO - DAG(s) dict_keys(['example_skip_dag']) retrieved from /home/airflow/.local/lib/python3.7/site-packages/airflow/example_dags/example_skip_dag.py
[2024-01-05T14:03:38.518+0000] {logging_mixin.py:137} INFO - [2024-01-05T14:03:38.518+0000] {dag.py:2690} INFO - Sync 1 DAGs
[2024-01-05T14:03:38.537+0000] {logging_mixin.py:137} INFO - [2024-01-05T14:03:38.537+0000] {dag.py:3441} INFO - Setting next_dagrun for example_skip_dag to 2024-01-04T14:03:38.536897+00:00, run_after=2024-01-05T14:03:38.536897+00:00
[2024-01-05T14:03:38.554+0000] {processor.py:175} INFO - Processing /home/airflow/.local/lib/python3.7/site-packages/airflow/example_dags/example_skip_dag.py took 0.084 seconds
[2024-01-05T14:04:09.300+0000] {processor.py:153} INFO - Started process (PID=5425) to work on /home/airflow/.local/lib/python3.7/site-packages/airflow/example_dags/example_skip_dag.py
[2024-01-05T14:04:09.304+0000] {processor.py:743} INFO - Processing file /home/airflow/.local/lib/python3.7/site-packages/airflow/example_dags/example_skip_dag.py for tasks to queue
[2024-01-05T14:04:09.307+0000] {logging_mixin.py:137} INFO - [2024-01-05T14:04:09.306+0000] {dagbag.py:538} INFO - Filling up the DagBag from /home/airflow/.local/lib/python3.7/site-packages/airflow/example_dags/example_skip_dag.py
[2024-01-05T14:04:09.342+0000] {processor.py:753} INFO - DAG(s) dict_keys(['example_skip_dag']) retrieved from /home/airflow/.local/lib/python3.7/site-packages/airflow/example_dags/example_skip_dag.py
[2024-01-05T14:04:09.406+0000] {logging_mixin.py:137} INFO - [2024-01-05T14:04:09.406+0000] {dag.py:2690} INFO - Sync 1 DAGs
[2024-01-05T14:04:09.462+0000] {logging_mixin.py:137} INFO - [2024-01-05T14:04:09.462+0000] {dag.py:3441} INFO - Setting next_dagrun for example_skip_dag to 2024-01-04T14:04:09.461232+00:00, run_after=2024-01-05T14:04:09.461232+00:00
[2024-01-05T14:04:09.504+0000] {processor.py:175} INFO - Processing /home/airflow/.local/lib/python3.7/site-packages/airflow/example_dags/example_skip_dag.py took 0.216 seconds
[2024-01-05T14:04:39.620+0000] {processor.py:153} INFO - Started process (PID=5488) to work on /home/airflow/.local/lib/python3.7/site-packages/airflow/example_dags/example_skip_dag.py
[2024-01-05T14:04:39.621+0000] {processor.py:743} INFO - Processing file /home/airflow/.local/lib/python3.7/site-packages/airflow/example_dags/example_skip_dag.py for tasks to queue
[2024-01-05T14:04:39.622+0000] {logging_mixin.py:137} INFO - [2024-01-05T14:04:39.621+0000] {dagbag.py:538} INFO - Filling up the DagBag from /home/airflow/.local/lib/python3.7/site-packages/airflow/example_dags/example_skip_dag.py
[2024-01-05T14:04:39.632+0000] {processor.py:753} INFO - DAG(s) dict_keys(['example_skip_dag']) retrieved from /home/airflow/.local/lib/python3.7/site-packages/airflow/example_dags/example_skip_dag.py
[2024-01-05T14:04:39.656+0000] {logging_mixin.py:137} INFO - [2024-01-05T14:04:39.656+0000] {dag.py:2690} INFO - Sync 1 DAGs
[2024-01-05T14:04:39.674+0000] {logging_mixin.py:137} INFO - [2024-01-05T14:04:39.674+0000] {dag.py:3441} INFO - Setting next_dagrun for example_skip_dag to 2024-01-04T14:04:39.674447+00:00, run_after=2024-01-05T14:04:39.674447+00:00
[2024-01-05T14:04:39.690+0000] {processor.py:175} INFO - Processing /home/airflow/.local/lib/python3.7/site-packages/airflow/example_dags/example_skip_dag.py took 0.074 seconds
[2024-01-05T14:05:10.792+0000] {processor.py:153} INFO - Started process (PID=5563) to work on /home/airflow/.local/lib/python3.7/site-packages/airflow/example_dags/example_skip_dag.py
[2024-01-05T14:05:10.794+0000] {processor.py:743} INFO - Processing file /home/airflow/.local/lib/python3.7/site-packages/airflow/example_dags/example_skip_dag.py for tasks to queue
[2024-01-05T14:05:10.795+0000] {logging_mixin.py:137} INFO - [2024-01-05T14:05:10.795+0000] {dagbag.py:538} INFO - Filling up the DagBag from /home/airflow/.local/lib/python3.7/site-packages/airflow/example_dags/example_skip_dag.py
[2024-01-05T14:05:10.811+0000] {processor.py:753} INFO - DAG(s) dict_keys(['example_skip_dag']) retrieved from /home/airflow/.local/lib/python3.7/site-packages/airflow/example_dags/example_skip_dag.py
[2024-01-05T14:05:10.835+0000] {logging_mixin.py:137} INFO - [2024-01-05T14:05:10.835+0000] {dag.py:2690} INFO - Sync 1 DAGs
[2024-01-05T14:05:10.852+0000] {logging_mixin.py:137} INFO - [2024-01-05T14:05:10.852+0000] {dag.py:3441} INFO - Setting next_dagrun for example_skip_dag to 2024-01-04T14:05:10.851810+00:00, run_after=2024-01-05T14:05:10.851810+00:00
[2024-01-05T14:05:10.863+0000] {processor.py:175} INFO - Processing /home/airflow/.local/lib/python3.7/site-packages/airflow/example_dags/example_skip_dag.py took 0.075 seconds
[2024-01-05T14:05:41.039+0000] {processor.py:153} INFO - Started process (PID=5626) to work on /home/airflow/.local/lib/python3.7/site-packages/airflow/example_dags/example_skip_dag.py
[2024-01-05T14:05:41.041+0000] {processor.py:743} INFO - Processing file /home/airflow/.local/lib/python3.7/site-packages/airflow/example_dags/example_skip_dag.py for tasks to queue
[2024-01-05T14:05:41.042+0000] {logging_mixin.py:137} INFO - [2024-01-05T14:05:41.042+0000] {dagbag.py:538} INFO - Filling up the DagBag from /home/airflow/.local/lib/python3.7/site-packages/airflow/example_dags/example_skip_dag.py
[2024-01-05T14:05:41.057+0000] {processor.py:753} INFO - DAG(s) dict_keys(['example_skip_dag']) retrieved from /home/airflow/.local/lib/python3.7/site-packages/airflow/example_dags/example_skip_dag.py
[2024-01-05T14:05:41.087+0000] {logging_mixin.py:137} INFO - [2024-01-05T14:05:41.086+0000] {dag.py:2690} INFO - Sync 1 DAGs
[2024-01-05T14:05:41.107+0000] {logging_mixin.py:137} INFO - [2024-01-05T14:05:41.106+0000] {dag.py:3441} INFO - Setting next_dagrun for example_skip_dag to 2024-01-04T14:05:41.106716+00:00, run_after=2024-01-05T14:05:41.106716+00:00
[2024-01-05T14:05:41.120+0000] {processor.py:175} INFO - Processing /home/airflow/.local/lib/python3.7/site-packages/airflow/example_dags/example_skip_dag.py took 0.084 seconds
[2024-01-05T14:06:11.892+0000] {processor.py:153} INFO - Started process (PID=5702) to work on /home/airflow/.local/lib/python3.7/site-packages/airflow/example_dags/example_skip_dag.py
[2024-01-05T14:06:11.894+0000] {processor.py:743} INFO - Processing file /home/airflow/.local/lib/python3.7/site-packages/airflow/example_dags/example_skip_dag.py for tasks to queue
[2024-01-05T14:06:11.895+0000] {logging_mixin.py:137} INFO - [2024-01-05T14:06:11.895+0000] {dagbag.py:538} INFO - Filling up the DagBag from /home/airflow/.local/lib/python3.7/site-packages/airflow/example_dags/example_skip_dag.py
[2024-01-05T14:06:11.908+0000] {processor.py:753} INFO - DAG(s) dict_keys(['example_skip_dag']) retrieved from /home/airflow/.local/lib/python3.7/site-packages/airflow/example_dags/example_skip_dag.py
[2024-01-05T14:06:11.929+0000] {logging_mixin.py:137} INFO - [2024-01-05T14:06:11.929+0000] {dag.py:2690} INFO - Sync 1 DAGs
[2024-01-05T14:06:11.945+0000] {logging_mixin.py:137} INFO - [2024-01-05T14:06:11.945+0000] {dag.py:3441} INFO - Setting next_dagrun for example_skip_dag to 2024-01-04T14:06:11.945131+00:00, run_after=2024-01-05T14:06:11.945131+00:00
[2024-01-05T14:06:11.956+0000] {processor.py:175} INFO - Processing /home/airflow/.local/lib/python3.7/site-packages/airflow/example_dags/example_skip_dag.py took 0.068 seconds
[2024-01-05T14:06:42.800+0000] {processor.py:153} INFO - Started process (PID=5772) to work on /home/airflow/.local/lib/python3.7/site-packages/airflow/example_dags/example_skip_dag.py
[2024-01-05T14:06:42.803+0000] {processor.py:743} INFO - Processing file /home/airflow/.local/lib/python3.7/site-packages/airflow/example_dags/example_skip_dag.py for tasks to queue
[2024-01-05T14:06:42.804+0000] {logging_mixin.py:137} INFO - [2024-01-05T14:06:42.804+0000] {dagbag.py:538} INFO - Filling up the DagBag from /home/airflow/.local/lib/python3.7/site-packages/airflow/example_dags/example_skip_dag.py
[2024-01-05T14:06:42.821+0000] {processor.py:753} INFO - DAG(s) dict_keys(['example_skip_dag']) retrieved from /home/airflow/.local/lib/python3.7/site-packages/airflow/example_dags/example_skip_dag.py
[2024-01-05T14:06:42.852+0000] {logging_mixin.py:137} INFO - [2024-01-05T14:06:42.852+0000] {dag.py:2690} INFO - Sync 1 DAGs
[2024-01-05T14:06:42.878+0000] {logging_mixin.py:137} INFO - [2024-01-05T14:06:42.878+0000] {dag.py:3441} INFO - Setting next_dagrun for example_skip_dag to 2024-01-04T14:06:42.877836+00:00, run_after=2024-01-05T14:06:42.877836+00:00
[2024-01-05T14:06:42.903+0000] {processor.py:175} INFO - Processing /home/airflow/.local/lib/python3.7/site-packages/airflow/example_dags/example_skip_dag.py took 0.106 seconds
[2024-01-05T14:07:13.330+0000] {processor.py:153} INFO - Started process (PID=5840) to work on /home/airflow/.local/lib/python3.7/site-packages/airflow/example_dags/example_skip_dag.py
[2024-01-05T14:07:13.332+0000] {processor.py:743} INFO - Processing file /home/airflow/.local/lib/python3.7/site-packages/airflow/example_dags/example_skip_dag.py for tasks to queue
[2024-01-05T14:07:13.333+0000] {logging_mixin.py:137} INFO - [2024-01-05T14:07:13.333+0000] {dagbag.py:538} INFO - Filling up the DagBag from /home/airflow/.local/lib/python3.7/site-packages/airflow/example_dags/example_skip_dag.py
[2024-01-05T14:07:13.348+0000] {processor.py:753} INFO - DAG(s) dict_keys(['example_skip_dag']) retrieved from /home/airflow/.local/lib/python3.7/site-packages/airflow/example_dags/example_skip_dag.py
[2024-01-05T14:07:13.372+0000] {logging_mixin.py:137} INFO - [2024-01-05T14:07:13.372+0000] {dag.py:2690} INFO - Sync 1 DAGs
[2024-01-05T14:07:13.391+0000] {logging_mixin.py:137} INFO - [2024-01-05T14:07:13.391+0000] {dag.py:3441} INFO - Setting next_dagrun for example_skip_dag to 2024-01-04T14:07:13.391492+00:00, run_after=2024-01-05T14:07:13.391492+00:00
[2024-01-05T14:07:13.405+0000] {processor.py:175} INFO - Processing /home/airflow/.local/lib/python3.7/site-packages/airflow/example_dags/example_skip_dag.py took 0.080 seconds
[2024-01-05T14:07:43.915+0000] {processor.py:153} INFO - Started process (PID=5915) to work on /home/airflow/.local/lib/python3.7/site-packages/airflow/example_dags/example_skip_dag.py
[2024-01-05T14:07:43.917+0000] {processor.py:743} INFO - Processing file /home/airflow/.local/lib/python3.7/site-packages/airflow/example_dags/example_skip_dag.py for tasks to queue
[2024-01-05T14:07:43.918+0000] {logging_mixin.py:137} INFO - [2024-01-05T14:07:43.918+0000] {dagbag.py:538} INFO - Filling up the DagBag from /home/airflow/.local/lib/python3.7/site-packages/airflow/example_dags/example_skip_dag.py
[2024-01-05T14:07:43.931+0000] {processor.py:753} INFO - DAG(s) dict_keys(['example_skip_dag']) retrieved from /home/airflow/.local/lib/python3.7/site-packages/airflow/example_dags/example_skip_dag.py
[2024-01-05T14:07:43.958+0000] {logging_mixin.py:137} INFO - [2024-01-05T14:07:43.958+0000] {dag.py:2690} INFO - Sync 1 DAGs
[2024-01-05T14:07:43.981+0000] {logging_mixin.py:137} INFO - [2024-01-05T14:07:43.981+0000] {dag.py:3441} INFO - Setting next_dagrun for example_skip_dag to 2024-01-04T14:07:43.981028+00:00, run_after=2024-01-05T14:07:43.981028+00:00
[2024-01-05T14:07:44.024+0000] {processor.py:175} INFO - Processing /home/airflow/.local/lib/python3.7/site-packages/airflow/example_dags/example_skip_dag.py took 0.112 seconds
[2024-01-05T14:08:14.827+0000] {processor.py:153} INFO - Started process (PID=5978) to work on /home/airflow/.local/lib/python3.7/site-packages/airflow/example_dags/example_skip_dag.py
[2024-01-05T14:08:14.829+0000] {processor.py:743} INFO - Processing file /home/airflow/.local/lib/python3.7/site-packages/airflow/example_dags/example_skip_dag.py for tasks to queue
[2024-01-05T14:08:14.830+0000] {logging_mixin.py:137} INFO - [2024-01-05T14:08:14.830+0000] {dagbag.py:538} INFO - Filling up the DagBag from /home/airflow/.local/lib/python3.7/site-packages/airflow/example_dags/example_skip_dag.py
[2024-01-05T14:08:14.841+0000] {processor.py:753} INFO - DAG(s) dict_keys(['example_skip_dag']) retrieved from /home/airflow/.local/lib/python3.7/site-packages/airflow/example_dags/example_skip_dag.py
[2024-01-05T14:08:14.860+0000] {logging_mixin.py:137} INFO - [2024-01-05T14:08:14.860+0000] {dag.py:2690} INFO - Sync 1 DAGs
[2024-01-05T14:08:14.875+0000] {logging_mixin.py:137} INFO - [2024-01-05T14:08:14.875+0000] {dag.py:3441} INFO - Setting next_dagrun for example_skip_dag to 2024-01-04T14:08:14.875523+00:00, run_after=2024-01-05T14:08:14.875523+00:00
[2024-01-05T14:08:14.886+0000] {processor.py:175} INFO - Processing /home/airflow/.local/lib/python3.7/site-packages/airflow/example_dags/example_skip_dag.py took 0.062 seconds
[2024-01-05T14:08:46.009+0000] {processor.py:153} INFO - Started process (PID=6053) to work on /home/airflow/.local/lib/python3.7/site-packages/airflow/example_dags/example_skip_dag.py
[2024-01-05T14:08:46.011+0000] {processor.py:743} INFO - Processing file /home/airflow/.local/lib/python3.7/site-packages/airflow/example_dags/example_skip_dag.py for tasks to queue
[2024-01-05T14:08:46.012+0000] {logging_mixin.py:137} INFO - [2024-01-05T14:08:46.012+0000] {dagbag.py:538} INFO - Filling up the DagBag from /home/airflow/.local/lib/python3.7/site-packages/airflow/example_dags/example_skip_dag.py
[2024-01-05T14:08:46.045+0000] {processor.py:753} INFO - DAG(s) dict_keys(['example_skip_dag']) retrieved from /home/airflow/.local/lib/python3.7/site-packages/airflow/example_dags/example_skip_dag.py
[2024-01-05T14:08:46.073+0000] {logging_mixin.py:137} INFO - [2024-01-05T14:08:46.073+0000] {dag.py:2690} INFO - Sync 1 DAGs
[2024-01-05T14:08:46.096+0000] {logging_mixin.py:137} INFO - [2024-01-05T14:08:46.096+0000] {dag.py:3441} INFO - Setting next_dagrun for example_skip_dag to 2024-01-04T14:08:46.095867+00:00, run_after=2024-01-05T14:08:46.095867+00:00
[2024-01-05T14:08:46.110+0000] {processor.py:175} INFO - Processing /home/airflow/.local/lib/python3.7/site-packages/airflow/example_dags/example_skip_dag.py took 0.105 seconds
[2024-01-05T14:09:16.471+0000] {processor.py:153} INFO - Started process (PID=6117) to work on /home/airflow/.local/lib/python3.7/site-packages/airflow/example_dags/example_skip_dag.py
[2024-01-05T14:09:16.472+0000] {processor.py:743} INFO - Processing file /home/airflow/.local/lib/python3.7/site-packages/airflow/example_dags/example_skip_dag.py for tasks to queue
[2024-01-05T14:09:16.473+0000] {logging_mixin.py:137} INFO - [2024-01-05T14:09:16.473+0000] {dagbag.py:538} INFO - Filling up the DagBag from /home/airflow/.local/lib/python3.7/site-packages/airflow/example_dags/example_skip_dag.py
[2024-01-05T14:09:16.485+0000] {processor.py:753} INFO - DAG(s) dict_keys(['example_skip_dag']) retrieved from /home/airflow/.local/lib/python3.7/site-packages/airflow/example_dags/example_skip_dag.py
[2024-01-05T14:09:16.506+0000] {logging_mixin.py:137} INFO - [2024-01-05T14:09:16.505+0000] {dag.py:2690} INFO - Sync 1 DAGs
[2024-01-05T14:09:16.522+0000] {logging_mixin.py:137} INFO - [2024-01-05T14:09:16.522+0000] {dag.py:3441} INFO - Setting next_dagrun for example_skip_dag to 2024-01-04T14:09:16.522006+00:00, run_after=2024-01-05T14:09:16.522006+00:00
[2024-01-05T14:09:16.533+0000] {processor.py:175} INFO - Processing /home/airflow/.local/lib/python3.7/site-packages/airflow/example_dags/example_skip_dag.py took 0.065 seconds
[2024-01-05T14:09:46.860+0000] {processor.py:153} INFO - Started process (PID=6192) to work on /home/airflow/.local/lib/python3.7/site-packages/airflow/example_dags/example_skip_dag.py
[2024-01-05T14:09:46.862+0000] {processor.py:743} INFO - Processing file /home/airflow/.local/lib/python3.7/site-packages/airflow/example_dags/example_skip_dag.py for tasks to queue
[2024-01-05T14:09:46.863+0000] {logging_mixin.py:137} INFO - [2024-01-05T14:09:46.863+0000] {dagbag.py:538} INFO - Filling up the DagBag from /home/airflow/.local/lib/python3.7/site-packages/airflow/example_dags/example_skip_dag.py
[2024-01-05T14:09:46.875+0000] {processor.py:753} INFO - DAG(s) dict_keys(['example_skip_dag']) retrieved from /home/airflow/.local/lib/python3.7/site-packages/airflow/example_dags/example_skip_dag.py
[2024-01-05T14:09:46.895+0000] {logging_mixin.py:137} INFO - [2024-01-05T14:09:46.895+0000] {dag.py:2690} INFO - Sync 1 DAGs
[2024-01-05T14:09:46.921+0000] {logging_mixin.py:137} INFO - [2024-01-05T14:09:46.921+0000] {dag.py:3441} INFO - Setting next_dagrun for example_skip_dag to 2024-01-04T14:09:46.921170+00:00, run_after=2024-01-05T14:09:46.921170+00:00
[2024-01-05T14:09:46.937+0000] {processor.py:175} INFO - Processing /home/airflow/.local/lib/python3.7/site-packages/airflow/example_dags/example_skip_dag.py took 0.079 seconds
[2024-01-05T14:10:18.029+0000] {processor.py:153} INFO - Started process (PID=6254) to work on /home/airflow/.local/lib/python3.7/site-packages/airflow/example_dags/example_skip_dag.py
[2024-01-05T14:10:18.031+0000] {processor.py:743} INFO - Processing file /home/airflow/.local/lib/python3.7/site-packages/airflow/example_dags/example_skip_dag.py for tasks to queue
[2024-01-05T14:10:18.032+0000] {logging_mixin.py:137} INFO - [2024-01-05T14:10:18.031+0000] {dagbag.py:538} INFO - Filling up the DagBag from /home/airflow/.local/lib/python3.7/site-packages/airflow/example_dags/example_skip_dag.py
[2024-01-05T14:10:18.043+0000] {processor.py:753} INFO - DAG(s) dict_keys(['example_skip_dag']) retrieved from /home/airflow/.local/lib/python3.7/site-packages/airflow/example_dags/example_skip_dag.py
[2024-01-05T14:10:18.069+0000] {logging_mixin.py:137} INFO - [2024-01-05T14:10:18.069+0000] {dag.py:2690} INFO - Sync 1 DAGs
[2024-01-05T14:10:18.091+0000] {logging_mixin.py:137} INFO - [2024-01-05T14:10:18.091+0000] {dag.py:3441} INFO - Setting next_dagrun for example_skip_dag to 2024-01-04T14:10:18.091224+00:00, run_after=2024-01-05T14:10:18.091224+00:00
[2024-01-05T14:10:18.105+0000] {processor.py:175} INFO - Processing /home/airflow/.local/lib/python3.7/site-packages/airflow/example_dags/example_skip_dag.py took 0.079 seconds
[2024-01-05T14:10:48.794+0000] {processor.py:153} INFO - Started process (PID=6327) to work on /home/airflow/.local/lib/python3.7/site-packages/airflow/example_dags/example_skip_dag.py
[2024-01-05T14:10:48.796+0000] {processor.py:743} INFO - Processing file /home/airflow/.local/lib/python3.7/site-packages/airflow/example_dags/example_skip_dag.py for tasks to queue
[2024-01-05T14:10:48.797+0000] {logging_mixin.py:137} INFO - [2024-01-05T14:10:48.797+0000] {dagbag.py:538} INFO - Filling up the DagBag from /home/airflow/.local/lib/python3.7/site-packages/airflow/example_dags/example_skip_dag.py
[2024-01-05T14:10:48.808+0000] {processor.py:753} INFO - DAG(s) dict_keys(['example_skip_dag']) retrieved from /home/airflow/.local/lib/python3.7/site-packages/airflow/example_dags/example_skip_dag.py
[2024-01-05T14:10:48.829+0000] {logging_mixin.py:137} INFO - [2024-01-05T14:10:48.829+0000] {dag.py:2690} INFO - Sync 1 DAGs
[2024-01-05T14:10:48.847+0000] {logging_mixin.py:137} INFO - [2024-01-05T14:10:48.846+0000] {dag.py:3441} INFO - Setting next_dagrun for example_skip_dag to 2024-01-04T14:10:48.846500+00:00, run_after=2024-01-05T14:10:48.846500+00:00
[2024-01-05T14:10:48.861+0000] {processor.py:175} INFO - Processing /home/airflow/.local/lib/python3.7/site-packages/airflow/example_dags/example_skip_dag.py took 0.070 seconds
[2024-01-05T14:11:19.627+0000] {processor.py:153} INFO - Started process (PID=6390) to work on /home/airflow/.local/lib/python3.7/site-packages/airflow/example_dags/example_skip_dag.py
[2024-01-05T14:11:19.629+0000] {processor.py:743} INFO - Processing file /home/airflow/.local/lib/python3.7/site-packages/airflow/example_dags/example_skip_dag.py for tasks to queue
[2024-01-05T14:11:19.630+0000] {logging_mixin.py:137} INFO - [2024-01-05T14:11:19.630+0000] {dagbag.py:538} INFO - Filling up the DagBag from /home/airflow/.local/lib/python3.7/site-packages/airflow/example_dags/example_skip_dag.py
[2024-01-05T14:11:19.643+0000] {processor.py:753} INFO - DAG(s) dict_keys(['example_skip_dag']) retrieved from /home/airflow/.local/lib/python3.7/site-packages/airflow/example_dags/example_skip_dag.py
[2024-01-05T14:11:19.666+0000] {logging_mixin.py:137} INFO - [2024-01-05T14:11:19.666+0000] {dag.py:2690} INFO - Sync 1 DAGs
[2024-01-05T14:11:19.684+0000] {logging_mixin.py:137} INFO - [2024-01-05T14:11:19.684+0000] {dag.py:3441} INFO - Setting next_dagrun for example_skip_dag to 2024-01-04T14:11:19.684469+00:00, run_after=2024-01-05T14:11:19.684469+00:00
[2024-01-05T14:11:19.698+0000] {processor.py:175} INFO - Processing /home/airflow/.local/lib/python3.7/site-packages/airflow/example_dags/example_skip_dag.py took 0.074 seconds
[2024-01-05T14:11:50.019+0000] {processor.py:153} INFO - Started process (PID=6464) to work on /home/airflow/.local/lib/python3.7/site-packages/airflow/example_dags/example_skip_dag.py
[2024-01-05T14:11:50.020+0000] {processor.py:743} INFO - Processing file /home/airflow/.local/lib/python3.7/site-packages/airflow/example_dags/example_skip_dag.py for tasks to queue
[2024-01-05T14:11:50.021+0000] {logging_mixin.py:137} INFO - [2024-01-05T14:11:50.021+0000] {dagbag.py:538} INFO - Filling up the DagBag from /home/airflow/.local/lib/python3.7/site-packages/airflow/example_dags/example_skip_dag.py
[2024-01-05T14:11:50.034+0000] {processor.py:753} INFO - DAG(s) dict_keys(['example_skip_dag']) retrieved from /home/airflow/.local/lib/python3.7/site-packages/airflow/example_dags/example_skip_dag.py
[2024-01-05T14:11:50.055+0000] {logging_mixin.py:137} INFO - [2024-01-05T14:11:50.054+0000] {dag.py:2690} INFO - Sync 1 DAGs
[2024-01-05T14:11:50.071+0000] {logging_mixin.py:137} INFO - [2024-01-05T14:11:50.071+0000] {dag.py:3441} INFO - Setting next_dagrun for example_skip_dag to 2024-01-04T14:11:50.071292+00:00, run_after=2024-01-05T14:11:50.071292+00:00
[2024-01-05T14:11:50.083+0000] {processor.py:175} INFO - Processing /home/airflow/.local/lib/python3.7/site-packages/airflow/example_dags/example_skip_dag.py took 0.069 seconds
[2024-01-05T14:12:20.622+0000] {processor.py:153} INFO - Started process (PID=6540) to work on /home/airflow/.local/lib/python3.7/site-packages/airflow/example_dags/example_skip_dag.py
[2024-01-05T14:12:20.628+0000] {processor.py:743} INFO - Processing file /home/airflow/.local/lib/python3.7/site-packages/airflow/example_dags/example_skip_dag.py for tasks to queue
[2024-01-05T14:12:20.630+0000] {logging_mixin.py:137} INFO - [2024-01-05T14:12:20.630+0000] {dagbag.py:538} INFO - Filling up the DagBag from /home/airflow/.local/lib/python3.7/site-packages/airflow/example_dags/example_skip_dag.py
[2024-01-05T14:12:20.649+0000] {processor.py:753} INFO - DAG(s) dict_keys(['example_skip_dag']) retrieved from /home/airflow/.local/lib/python3.7/site-packages/airflow/example_dags/example_skip_dag.py
[2024-01-05T14:12:20.701+0000] {logging_mixin.py:137} INFO - [2024-01-05T14:12:20.700+0000] {dag.py:2690} INFO - Sync 1 DAGs
[2024-01-05T14:12:20.734+0000] {logging_mixin.py:137} INFO - [2024-01-05T14:12:20.734+0000] {dag.py:3441} INFO - Setting next_dagrun for example_skip_dag to 2024-01-04T14:12:20.733268+00:00, run_after=2024-01-05T14:12:20.733268+00:00
[2024-01-05T14:12:20.753+0000] {processor.py:175} INFO - Processing /home/airflow/.local/lib/python3.7/site-packages/airflow/example_dags/example_skip_dag.py took 0.137 seconds
[2024-01-05T14:12:51.544+0000] {processor.py:153} INFO - Started process (PID=6603) to work on /home/airflow/.local/lib/python3.7/site-packages/airflow/example_dags/example_skip_dag.py
[2024-01-05T14:12:51.546+0000] {processor.py:743} INFO - Processing file /home/airflow/.local/lib/python3.7/site-packages/airflow/example_dags/example_skip_dag.py for tasks to queue
[2024-01-05T14:12:51.548+0000] {logging_mixin.py:137} INFO - [2024-01-05T14:12:51.547+0000] {dagbag.py:538} INFO - Filling up the DagBag from /home/airflow/.local/lib/python3.7/site-packages/airflow/example_dags/example_skip_dag.py
[2024-01-05T14:12:51.560+0000] {processor.py:753} INFO - DAG(s) dict_keys(['example_skip_dag']) retrieved from /home/airflow/.local/lib/python3.7/site-packages/airflow/example_dags/example_skip_dag.py
[2024-01-05T14:12:51.581+0000] {logging_mixin.py:137} INFO - [2024-01-05T14:12:51.581+0000] {dag.py:2690} INFO - Sync 1 DAGs
[2024-01-05T14:12:51.606+0000] {logging_mixin.py:137} INFO - [2024-01-05T14:12:51.606+0000] {dag.py:3441} INFO - Setting next_dagrun for example_skip_dag to 2024-01-04T14:12:51.606201+00:00, run_after=2024-01-05T14:12:51.606201+00:00
[2024-01-05T14:12:51.622+0000] {processor.py:175} INFO - Processing /home/airflow/.local/lib/python3.7/site-packages/airflow/example_dags/example_skip_dag.py took 0.081 seconds
[2024-01-05T14:13:22.279+0000] {processor.py:153} INFO - Started process (PID=6677) to work on /home/airflow/.local/lib/python3.7/site-packages/airflow/example_dags/example_skip_dag.py
[2024-01-05T14:13:22.281+0000] {processor.py:743} INFO - Processing file /home/airflow/.local/lib/python3.7/site-packages/airflow/example_dags/example_skip_dag.py for tasks to queue
[2024-01-05T14:13:22.283+0000] {logging_mixin.py:137} INFO - [2024-01-05T14:13:22.283+0000] {dagbag.py:538} INFO - Filling up the DagBag from /home/airflow/.local/lib/python3.7/site-packages/airflow/example_dags/example_skip_dag.py
[2024-01-05T14:13:22.299+0000] {processor.py:753} INFO - DAG(s) dict_keys(['example_skip_dag']) retrieved from /home/airflow/.local/lib/python3.7/site-packages/airflow/example_dags/example_skip_dag.py
[2024-01-05T14:13:22.326+0000] {logging_mixin.py:137} INFO - [2024-01-05T14:13:22.326+0000] {dag.py:2690} INFO - Sync 1 DAGs
[2024-01-05T14:13:22.343+0000] {logging_mixin.py:137} INFO - [2024-01-05T14:13:22.343+0000] {dag.py:3441} INFO - Setting next_dagrun for example_skip_dag to 2024-01-04T14:13:22.343117+00:00, run_after=2024-01-05T14:13:22.343117+00:00
[2024-01-05T14:13:22.355+0000] {processor.py:175} INFO - Processing /home/airflow/.local/lib/python3.7/site-packages/airflow/example_dags/example_skip_dag.py took 0.080 seconds
[2024-01-05T14:13:53.046+0000] {processor.py:153} INFO - Started process (PID=6740) to work on /home/airflow/.local/lib/python3.7/site-packages/airflow/example_dags/example_skip_dag.py
[2024-01-05T14:13:53.049+0000] {processor.py:743} INFO - Processing file /home/airflow/.local/lib/python3.7/site-packages/airflow/example_dags/example_skip_dag.py for tasks to queue
[2024-01-05T14:13:53.051+0000] {logging_mixin.py:137} INFO - [2024-01-05T14:13:53.051+0000] {dagbag.py:538} INFO - Filling up the DagBag from /home/airflow/.local/lib/python3.7/site-packages/airflow/example_dags/example_skip_dag.py
[2024-01-05T14:13:53.066+0000] {processor.py:753} INFO - DAG(s) dict_keys(['example_skip_dag']) retrieved from /home/airflow/.local/lib/python3.7/site-packages/airflow/example_dags/example_skip_dag.py
[2024-01-05T14:13:53.101+0000] {logging_mixin.py:137} INFO - [2024-01-05T14:13:53.101+0000] {dag.py:2690} INFO - Sync 1 DAGs
[2024-01-05T14:13:53.131+0000] {logging_mixin.py:137} INFO - [2024-01-05T14:13:53.131+0000] {dag.py:3441} INFO - Setting next_dagrun for example_skip_dag to 2024-01-04T14:13:53.131528+00:00, run_after=2024-01-05T14:13:53.131528+00:00
[2024-01-05T14:13:53.145+0000] {processor.py:175} INFO - Processing /home/airflow/.local/lib/python3.7/site-packages/airflow/example_dags/example_skip_dag.py took 0.106 seconds
[2024-01-05T14:14:23.330+0000] {processor.py:153} INFO - Started process (PID=6816) to work on /home/airflow/.local/lib/python3.7/site-packages/airflow/example_dags/example_skip_dag.py
[2024-01-05T14:14:23.332+0000] {processor.py:743} INFO - Processing file /home/airflow/.local/lib/python3.7/site-packages/airflow/example_dags/example_skip_dag.py for tasks to queue
[2024-01-05T14:14:23.332+0000] {logging_mixin.py:137} INFO - [2024-01-05T14:14:23.332+0000] {dagbag.py:538} INFO - Filling up the DagBag from /home/airflow/.local/lib/python3.7/site-packages/airflow/example_dags/example_skip_dag.py
[2024-01-05T14:14:23.345+0000] {processor.py:753} INFO - DAG(s) dict_keys(['example_skip_dag']) retrieved from /home/airflow/.local/lib/python3.7/site-packages/airflow/example_dags/example_skip_dag.py
[2024-01-05T14:14:23.365+0000] {logging_mixin.py:137} INFO - [2024-01-05T14:14:23.365+0000] {dag.py:2690} INFO - Sync 1 DAGs
[2024-01-05T14:14:23.384+0000] {logging_mixin.py:137} INFO - [2024-01-05T14:14:23.384+0000] {dag.py:3441} INFO - Setting next_dagrun for example_skip_dag to 2024-01-04T14:14:23.384490+00:00, run_after=2024-01-05T14:14:23.384490+00:00
[2024-01-05T14:14:23.397+0000] {processor.py:175} INFO - Processing /home/airflow/.local/lib/python3.7/site-packages/airflow/example_dags/example_skip_dag.py took 0.070 seconds
[2024-01-05T14:14:54.053+0000] {processor.py:153} INFO - Started process (PID=6879) to work on /home/airflow/.local/lib/python3.7/site-packages/airflow/example_dags/example_skip_dag.py
[2024-01-05T14:14:54.055+0000] {processor.py:743} INFO - Processing file /home/airflow/.local/lib/python3.7/site-packages/airflow/example_dags/example_skip_dag.py for tasks to queue
[2024-01-05T14:14:54.057+0000] {logging_mixin.py:137} INFO - [2024-01-05T14:14:54.056+0000] {dagbag.py:538} INFO - Filling up the DagBag from /home/airflow/.local/lib/python3.7/site-packages/airflow/example_dags/example_skip_dag.py
[2024-01-05T14:14:54.069+0000] {processor.py:753} INFO - DAG(s) dict_keys(['example_skip_dag']) retrieved from /home/airflow/.local/lib/python3.7/site-packages/airflow/example_dags/example_skip_dag.py
[2024-01-05T14:14:54.091+0000] {logging_mixin.py:137} INFO - [2024-01-05T14:14:54.091+0000] {dag.py:2690} INFO - Sync 1 DAGs
[2024-01-05T14:14:54.109+0000] {logging_mixin.py:137} INFO - [2024-01-05T14:14:54.109+0000] {dag.py:3441} INFO - Setting next_dagrun for example_skip_dag to 2024-01-04T14:14:54.109011+00:00, run_after=2024-01-05T14:14:54.109011+00:00
[2024-01-05T14:14:54.122+0000] {processor.py:175} INFO - Processing /home/airflow/.local/lib/python3.7/site-packages/airflow/example_dags/example_skip_dag.py took 0.072 seconds
[2024-01-05T14:15:25.193+0000] {processor.py:153} INFO - Started process (PID=6954) to work on /home/airflow/.local/lib/python3.7/site-packages/airflow/example_dags/example_skip_dag.py
[2024-01-05T14:15:25.195+0000] {processor.py:743} INFO - Processing file /home/airflow/.local/lib/python3.7/site-packages/airflow/example_dags/example_skip_dag.py for tasks to queue
[2024-01-05T14:15:25.197+0000] {logging_mixin.py:137} INFO - [2024-01-05T14:15:25.196+0000] {dagbag.py:538} INFO - Filling up the DagBag from /home/airflow/.local/lib/python3.7/site-packages/airflow/example_dags/example_skip_dag.py
[2024-01-05T14:15:25.211+0000] {processor.py:753} INFO - DAG(s) dict_keys(['example_skip_dag']) retrieved from /home/airflow/.local/lib/python3.7/site-packages/airflow/example_dags/example_skip_dag.py
[2024-01-05T14:15:25.232+0000] {logging_mixin.py:137} INFO - [2024-01-05T14:15:25.231+0000] {dag.py:2690} INFO - Sync 1 DAGs
[2024-01-05T14:15:25.248+0000] {logging_mixin.py:137} INFO - [2024-01-05T14:15:25.248+0000] {dag.py:3441} INFO - Setting next_dagrun for example_skip_dag to 2024-01-04T14:15:25.248168+00:00, run_after=2024-01-05T14:15:25.248168+00:00
[2024-01-05T14:15:25.261+0000] {processor.py:175} INFO - Processing /home/airflow/.local/lib/python3.7/site-packages/airflow/example_dags/example_skip_dag.py took 0.071 seconds
[2024-01-05T14:15:55.323+0000] {processor.py:153} INFO - Started process (PID=7017) to work on /home/airflow/.local/lib/python3.7/site-packages/airflow/example_dags/example_skip_dag.py
[2024-01-05T14:15:55.324+0000] {processor.py:743} INFO - Processing file /home/airflow/.local/lib/python3.7/site-packages/airflow/example_dags/example_skip_dag.py for tasks to queue
[2024-01-05T14:15:55.325+0000] {logging_mixin.py:137} INFO - [2024-01-05T14:15:55.325+0000] {dagbag.py:538} INFO - Filling up the DagBag from /home/airflow/.local/lib/python3.7/site-packages/airflow/example_dags/example_skip_dag.py
[2024-01-05T14:15:55.338+0000] {processor.py:753} INFO - DAG(s) dict_keys(['example_skip_dag']) retrieved from /home/airflow/.local/lib/python3.7/site-packages/airflow/example_dags/example_skip_dag.py
[2024-01-05T14:15:55.363+0000] {logging_mixin.py:137} INFO - [2024-01-05T14:15:55.363+0000] {dag.py:2690} INFO - Sync 1 DAGs
[2024-01-05T14:15:55.381+0000] {logging_mixin.py:137} INFO - [2024-01-05T14:15:55.381+0000] {dag.py:3441} INFO - Setting next_dagrun for example_skip_dag to 2024-01-04T14:15:55.381707+00:00, run_after=2024-01-05T14:15:55.381707+00:00
[2024-01-05T14:15:55.394+0000] {processor.py:175} INFO - Processing /home/airflow/.local/lib/python3.7/site-packages/airflow/example_dags/example_skip_dag.py took 0.074 seconds
[2024-01-05T14:16:26.412+0000] {processor.py:153} INFO - Started process (PID=7092) to work on /home/airflow/.local/lib/python3.7/site-packages/airflow/example_dags/example_skip_dag.py
[2024-01-05T14:16:26.414+0000] {processor.py:743} INFO - Processing file /home/airflow/.local/lib/python3.7/site-packages/airflow/example_dags/example_skip_dag.py for tasks to queue
[2024-01-05T14:16:26.417+0000] {logging_mixin.py:137} INFO - [2024-01-05T14:16:26.417+0000] {dagbag.py:538} INFO - Filling up the DagBag from /home/airflow/.local/lib/python3.7/site-packages/airflow/example_dags/example_skip_dag.py
[2024-01-05T14:16:26.433+0000] {processor.py:753} INFO - DAG(s) dict_keys(['example_skip_dag']) retrieved from /home/airflow/.local/lib/python3.7/site-packages/airflow/example_dags/example_skip_dag.py
[2024-01-05T14:16:26.459+0000] {logging_mixin.py:137} INFO - [2024-01-05T14:16:26.459+0000] {dag.py:2690} INFO - Sync 1 DAGs
[2024-01-05T14:16:26.481+0000] {logging_mixin.py:137} INFO - [2024-01-05T14:16:26.481+0000] {dag.py:3441} INFO - Setting next_dagrun for example_skip_dag to 2024-01-04T14:16:26.480784+00:00, run_after=2024-01-05T14:16:26.480784+00:00
[2024-01-05T14:16:26.494+0000] {processor.py:175} INFO - Processing /home/airflow/.local/lib/python3.7/site-packages/airflow/example_dags/example_skip_dag.py took 0.086 seconds
[2024-01-05T14:16:57.107+0000] {processor.py:153} INFO - Started process (PID=7156) to work on /home/airflow/.local/lib/python3.7/site-packages/airflow/example_dags/example_skip_dag.py
[2024-01-05T14:16:57.109+0000] {processor.py:743} INFO - Processing file /home/airflow/.local/lib/python3.7/site-packages/airflow/example_dags/example_skip_dag.py for tasks to queue
[2024-01-05T14:16:57.110+0000] {logging_mixin.py:137} INFO - [2024-01-05T14:16:57.109+0000] {dagbag.py:538} INFO - Filling up the DagBag from /home/airflow/.local/lib/python3.7/site-packages/airflow/example_dags/example_skip_dag.py
[2024-01-05T14:16:57.130+0000] {processor.py:753} INFO - DAG(s) dict_keys(['example_skip_dag']) retrieved from /home/airflow/.local/lib/python3.7/site-packages/airflow/example_dags/example_skip_dag.py
[2024-01-05T14:16:57.159+0000] {logging_mixin.py:137} INFO - [2024-01-05T14:16:57.158+0000] {dag.py:2690} INFO - Sync 1 DAGs
[2024-01-05T14:16:57.179+0000] {logging_mixin.py:137} INFO - [2024-01-05T14:16:57.179+0000] {dag.py:3441} INFO - Setting next_dagrun for example_skip_dag to 2024-01-04T14:16:57.178956+00:00, run_after=2024-01-05T14:16:57.178956+00:00
[2024-01-05T14:16:57.192+0000] {processor.py:175} INFO - Processing /home/airflow/.local/lib/python3.7/site-packages/airflow/example_dags/example_skip_dag.py took 0.089 seconds
[2024-01-05T14:17:27.595+0000] {processor.py:153} INFO - Started process (PID=7230) to work on /home/airflow/.local/lib/python3.7/site-packages/airflow/example_dags/example_skip_dag.py
[2024-01-05T14:17:27.597+0000] {processor.py:743} INFO - Processing file /home/airflow/.local/lib/python3.7/site-packages/airflow/example_dags/example_skip_dag.py for tasks to queue
[2024-01-05T14:17:27.598+0000] {logging_mixin.py:137} INFO - [2024-01-05T14:17:27.597+0000] {dagbag.py:538} INFO - Filling up the DagBag from /home/airflow/.local/lib/python3.7/site-packages/airflow/example_dags/example_skip_dag.py
[2024-01-05T14:17:27.610+0000] {processor.py:753} INFO - DAG(s) dict_keys(['example_skip_dag']) retrieved from /home/airflow/.local/lib/python3.7/site-packages/airflow/example_dags/example_skip_dag.py
[2024-01-05T14:17:27.633+0000] {logging_mixin.py:137} INFO - [2024-01-05T14:17:27.633+0000] {dag.py:2690} INFO - Sync 1 DAGs
[2024-01-05T14:17:27.650+0000] {logging_mixin.py:137} INFO - [2024-01-05T14:17:27.650+0000] {dag.py:3441} INFO - Setting next_dagrun for example_skip_dag to 2024-01-04T14:17:27.649791+00:00, run_after=2024-01-05T14:17:27.649791+00:00
[2024-01-05T14:17:27.662+0000] {processor.py:175} INFO - Processing /home/airflow/.local/lib/python3.7/site-packages/airflow/example_dags/example_skip_dag.py took 0.070 seconds
[2024-01-05T14:17:58.839+0000] {processor.py:153} INFO - Started process (PID=7302) to work on /home/airflow/.local/lib/python3.7/site-packages/airflow/example_dags/example_skip_dag.py
[2024-01-05T14:17:58.841+0000] {processor.py:743} INFO - Processing file /home/airflow/.local/lib/python3.7/site-packages/airflow/example_dags/example_skip_dag.py for tasks to queue
[2024-01-05T14:17:58.842+0000] {logging_mixin.py:137} INFO - [2024-01-05T14:17:58.842+0000] {dagbag.py:538} INFO - Filling up the DagBag from /home/airflow/.local/lib/python3.7/site-packages/airflow/example_dags/example_skip_dag.py
[2024-01-05T14:17:58.862+0000] {processor.py:753} INFO - DAG(s) dict_keys(['example_skip_dag']) retrieved from /home/airflow/.local/lib/python3.7/site-packages/airflow/example_dags/example_skip_dag.py
[2024-01-05T14:17:58.887+0000] {logging_mixin.py:137} INFO - [2024-01-05T14:17:58.887+0000] {dag.py:2690} INFO - Sync 1 DAGs
[2024-01-05T14:17:58.917+0000] {logging_mixin.py:137} INFO - [2024-01-05T14:17:58.917+0000] {dag.py:3441} INFO - Setting next_dagrun for example_skip_dag to 2024-01-04T14:17:58.916811+00:00, run_after=2024-01-05T14:17:58.916811+00:00
[2024-01-05T14:17:58.942+0000] {processor.py:175} INFO - Processing /home/airflow/.local/lib/python3.7/site-packages/airflow/example_dags/example_skip_dag.py took 0.106 seconds
[2024-01-05T14:18:29.310+0000] {processor.py:153} INFO - Started process (PID=7367) to work on /home/airflow/.local/lib/python3.7/site-packages/airflow/example_dags/example_skip_dag.py
[2024-01-05T14:18:29.316+0000] {processor.py:743} INFO - Processing file /home/airflow/.local/lib/python3.7/site-packages/airflow/example_dags/example_skip_dag.py for tasks to queue
[2024-01-05T14:18:29.318+0000] {logging_mixin.py:137} INFO - [2024-01-05T14:18:29.318+0000] {dagbag.py:538} INFO - Filling up the DagBag from /home/airflow/.local/lib/python3.7/site-packages/airflow/example_dags/example_skip_dag.py
[2024-01-05T14:18:29.339+0000] {processor.py:753} INFO - DAG(s) dict_keys(['example_skip_dag']) retrieved from /home/airflow/.local/lib/python3.7/site-packages/airflow/example_dags/example_skip_dag.py
[2024-01-05T14:18:29.369+0000] {logging_mixin.py:137} INFO - [2024-01-05T14:18:29.369+0000] {dag.py:2690} INFO - Sync 1 DAGs
[2024-01-05T14:18:29.390+0000] {logging_mixin.py:137} INFO - [2024-01-05T14:18:29.390+0000] {dag.py:3441} INFO - Setting next_dagrun for example_skip_dag to 2024-01-04T14:18:29.389991+00:00, run_after=2024-01-05T14:18:29.389991+00:00
[2024-01-05T14:18:29.404+0000] {processor.py:175} INFO - Processing /home/airflow/.local/lib/python3.7/site-packages/airflow/example_dags/example_skip_dag.py took 0.108 seconds
[2024-01-05T14:18:59.768+0000] {processor.py:153} INFO - Started process (PID=7442) to work on /home/airflow/.local/lib/python3.7/site-packages/airflow/example_dags/example_skip_dag.py
[2024-01-05T14:18:59.769+0000] {processor.py:743} INFO - Processing file /home/airflow/.local/lib/python3.7/site-packages/airflow/example_dags/example_skip_dag.py for tasks to queue
[2024-01-05T14:18:59.770+0000] {logging_mixin.py:137} INFO - [2024-01-05T14:18:59.769+0000] {dagbag.py:538} INFO - Filling up the DagBag from /home/airflow/.local/lib/python3.7/site-packages/airflow/example_dags/example_skip_dag.py
[2024-01-05T14:18:59.779+0000] {processor.py:753} INFO - DAG(s) dict_keys(['example_skip_dag']) retrieved from /home/airflow/.local/lib/python3.7/site-packages/airflow/example_dags/example_skip_dag.py
[2024-01-05T14:18:59.801+0000] {logging_mixin.py:137} INFO - [2024-01-05T14:18:59.801+0000] {dag.py:2690} INFO - Sync 1 DAGs
[2024-01-05T14:18:59.817+0000] {logging_mixin.py:137} INFO - [2024-01-05T14:18:59.817+0000] {dag.py:3441} INFO - Setting next_dagrun for example_skip_dag to 2024-01-04T14:18:59.817164+00:00, run_after=2024-01-05T14:18:59.817164+00:00
[2024-01-05T14:18:59.829+0000] {processor.py:175} INFO - Processing /home/airflow/.local/lib/python3.7/site-packages/airflow/example_dags/example_skip_dag.py took 0.064 seconds
[2024-01-05T14:19:30.904+0000] {processor.py:153} INFO - Started process (PID=7505) to work on /home/airflow/.local/lib/python3.7/site-packages/airflow/example_dags/example_skip_dag.py
[2024-01-05T14:19:30.907+0000] {processor.py:743} INFO - Processing file /home/airflow/.local/lib/python3.7/site-packages/airflow/example_dags/example_skip_dag.py for tasks to queue
[2024-01-05T14:19:30.912+0000] {logging_mixin.py:137} INFO - [2024-01-05T14:19:30.912+0000] {dagbag.py:538} INFO - Filling up the DagBag from /home/airflow/.local/lib/python3.7/site-packages/airflow/example_dags/example_skip_dag.py
[2024-01-05T14:19:30.955+0000] {processor.py:753} INFO - DAG(s) dict_keys(['example_skip_dag']) retrieved from /home/airflow/.local/lib/python3.7/site-packages/airflow/example_dags/example_skip_dag.py
[2024-01-05T14:19:30.989+0000] {logging_mixin.py:137} INFO - [2024-01-05T14:19:30.989+0000] {dag.py:2690} INFO - Sync 1 DAGs
[2024-01-05T14:19:31.010+0000] {logging_mixin.py:137} INFO - [2024-01-05T14:19:31.010+0000] {dag.py:3441} INFO - Setting next_dagrun for example_skip_dag to 2024-01-04T14:19:31.010039+00:00, run_after=2024-01-05T14:19:31.010039+00:00
[2024-01-05T14:19:31.027+0000] {processor.py:175} INFO - Processing /home/airflow/.local/lib/python3.7/site-packages/airflow/example_dags/example_skip_dag.py took 0.127 seconds
[2024-01-05T14:20:01.142+0000] {processor.py:153} INFO - Started process (PID=7579) to work on /home/airflow/.local/lib/python3.7/site-packages/airflow/example_dags/example_skip_dag.py
[2024-01-05T14:20:01.144+0000] {processor.py:743} INFO - Processing file /home/airflow/.local/lib/python3.7/site-packages/airflow/example_dags/example_skip_dag.py for tasks to queue
[2024-01-05T14:20:01.144+0000] {logging_mixin.py:137} INFO - [2024-01-05T14:20:01.144+0000] {dagbag.py:538} INFO - Filling up the DagBag from /home/airflow/.local/lib/python3.7/site-packages/airflow/example_dags/example_skip_dag.py
[2024-01-05T14:20:01.155+0000] {processor.py:753} INFO - DAG(s) dict_keys(['example_skip_dag']) retrieved from /home/airflow/.local/lib/python3.7/site-packages/airflow/example_dags/example_skip_dag.py
[2024-01-05T14:20:01.179+0000] {logging_mixin.py:137} INFO - [2024-01-05T14:20:01.179+0000] {dag.py:2690} INFO - Sync 1 DAGs
[2024-01-05T14:20:01.200+0000] {logging_mixin.py:137} INFO - [2024-01-05T14:20:01.200+0000] {dag.py:3441} INFO - Setting next_dagrun for example_skip_dag to 2024-01-04T14:20:01.199239+00:00, run_after=2024-01-05T14:20:01.199239+00:00
[2024-01-05T14:20:01.213+0000] {processor.py:175} INFO - Processing /home/airflow/.local/lib/python3.7/site-packages/airflow/example_dags/example_skip_dag.py took 0.075 seconds
[2024-01-05T14:20:32.552+0000] {processor.py:153} INFO - Started process (PID=7654) to work on /home/airflow/.local/lib/python3.7/site-packages/airflow/example_dags/example_skip_dag.py
[2024-01-05T14:20:32.557+0000] {processor.py:743} INFO - Processing file /home/airflow/.local/lib/python3.7/site-packages/airflow/example_dags/example_skip_dag.py for tasks to queue
[2024-01-05T14:20:32.566+0000] {logging_mixin.py:137} INFO - [2024-01-05T14:20:32.566+0000] {dagbag.py:538} INFO - Filling up the DagBag from /home/airflow/.local/lib/python3.7/site-packages/airflow/example_dags/example_skip_dag.py
[2024-01-05T14:20:32.581+0000] {processor.py:753} INFO - DAG(s) dict_keys(['example_skip_dag']) retrieved from /home/airflow/.local/lib/python3.7/site-packages/airflow/example_dags/example_skip_dag.py
[2024-01-05T14:20:32.617+0000] {logging_mixin.py:137} INFO - [2024-01-05T14:20:32.616+0000] {dag.py:2690} INFO - Sync 1 DAGs
[2024-01-05T14:20:32.644+0000] {logging_mixin.py:137} INFO - [2024-01-05T14:20:32.644+0000] {dag.py:3441} INFO - Setting next_dagrun for example_skip_dag to 2024-01-04T14:20:32.643667+00:00, run_after=2024-01-05T14:20:32.643667+00:00
[2024-01-05T14:20:32.659+0000] {processor.py:175} INFO - Processing /home/airflow/.local/lib/python3.7/site-packages/airflow/example_dags/example_skip_dag.py took 0.112 seconds
[2024-01-05T14:21:02.898+0000] {processor.py:153} INFO - Started process (PID=7717) to work on /home/airflow/.local/lib/python3.7/site-packages/airflow/example_dags/example_skip_dag.py
[2024-01-05T14:21:02.901+0000] {processor.py:743} INFO - Processing file /home/airflow/.local/lib/python3.7/site-packages/airflow/example_dags/example_skip_dag.py for tasks to queue
[2024-01-05T14:21:02.903+0000] {logging_mixin.py:137} INFO - [2024-01-05T14:21:02.903+0000] {dagbag.py:538} INFO - Filling up the DagBag from /home/airflow/.local/lib/python3.7/site-packages/airflow/example_dags/example_skip_dag.py
[2024-01-05T14:21:02.916+0000] {processor.py:753} INFO - DAG(s) dict_keys(['example_skip_dag']) retrieved from /home/airflow/.local/lib/python3.7/site-packages/airflow/example_dags/example_skip_dag.py
[2024-01-05T14:21:02.940+0000] {logging_mixin.py:137} INFO - [2024-01-05T14:21:02.939+0000] {dag.py:2690} INFO - Sync 1 DAGs
[2024-01-05T14:21:02.958+0000] {logging_mixin.py:137} INFO - [2024-01-05T14:21:02.958+0000] {dag.py:3441} INFO - Setting next_dagrun for example_skip_dag to 2024-01-04T14:21:02.958295+00:00, run_after=2024-01-05T14:21:02.958295+00:00
[2024-01-05T14:21:02.971+0000] {processor.py:175} INFO - Processing /home/airflow/.local/lib/python3.7/site-packages/airflow/example_dags/example_skip_dag.py took 0.076 seconds
[2024-01-05T14:21:33.696+0000] {processor.py:153} INFO - Started process (PID=7793) to work on /home/airflow/.local/lib/python3.7/site-packages/airflow/example_dags/example_skip_dag.py
[2024-01-05T14:21:33.697+0000] {processor.py:743} INFO - Processing file /home/airflow/.local/lib/python3.7/site-packages/airflow/example_dags/example_skip_dag.py for tasks to queue
[2024-01-05T14:21:33.698+0000] {logging_mixin.py:137} INFO - [2024-01-05T14:21:33.698+0000] {dagbag.py:538} INFO - Filling up the DagBag from /home/airflow/.local/lib/python3.7/site-packages/airflow/example_dags/example_skip_dag.py
[2024-01-05T14:21:33.710+0000] {processor.py:753} INFO - DAG(s) dict_keys(['example_skip_dag']) retrieved from /home/airflow/.local/lib/python3.7/site-packages/airflow/example_dags/example_skip_dag.py
[2024-01-05T14:21:33.736+0000] {logging_mixin.py:137} INFO - [2024-01-05T14:21:33.736+0000] {dag.py:2690} INFO - Sync 1 DAGs
[2024-01-05T14:21:33.762+0000] {logging_mixin.py:137} INFO - [2024-01-05T14:21:33.762+0000] {dag.py:3441} INFO - Setting next_dagrun for example_skip_dag to 2024-01-04T14:21:33.762528+00:00, run_after=2024-01-05T14:21:33.762528+00:00
[2024-01-05T14:21:33.775+0000] {processor.py:175} INFO - Processing /home/airflow/.local/lib/python3.7/site-packages/airflow/example_dags/example_skip_dag.py took 0.083 seconds
[2024-01-05T14:22:03.829+0000] {processor.py:153} INFO - Started process (PID=7856) to work on /home/airflow/.local/lib/python3.7/site-packages/airflow/example_dags/example_skip_dag.py
[2024-01-05T14:22:03.830+0000] {processor.py:743} INFO - Processing file /home/airflow/.local/lib/python3.7/site-packages/airflow/example_dags/example_skip_dag.py for tasks to queue
[2024-01-05T14:22:03.831+0000] {logging_mixin.py:137} INFO - [2024-01-05T14:22:03.831+0000] {dagbag.py:538} INFO - Filling up the DagBag from /home/airflow/.local/lib/python3.7/site-packages/airflow/example_dags/example_skip_dag.py
[2024-01-05T14:22:03.843+0000] {processor.py:753} INFO - DAG(s) dict_keys(['example_skip_dag']) retrieved from /home/airflow/.local/lib/python3.7/site-packages/airflow/example_dags/example_skip_dag.py
[2024-01-05T14:22:03.867+0000] {logging_mixin.py:137} INFO - [2024-01-05T14:22:03.866+0000] {dag.py:2690} INFO - Sync 1 DAGs
[2024-01-05T14:22:03.886+0000] {logging_mixin.py:137} INFO - [2024-01-05T14:22:03.886+0000] {dag.py:3441} INFO - Setting next_dagrun for example_skip_dag to 2024-01-04T14:22:03.886096+00:00, run_after=2024-01-05T14:22:03.886096+00:00
[2024-01-05T14:22:03.900+0000] {processor.py:175} INFO - Processing /home/airflow/.local/lib/python3.7/site-packages/airflow/example_dags/example_skip_dag.py took 0.075 seconds
[2024-01-05T14:22:34.535+0000] {processor.py:153} INFO - Started process (PID=7932) to work on /home/airflow/.local/lib/python3.7/site-packages/airflow/example_dags/example_skip_dag.py
[2024-01-05T14:22:34.538+0000] {processor.py:743} INFO - Processing file /home/airflow/.local/lib/python3.7/site-packages/airflow/example_dags/example_skip_dag.py for tasks to queue
[2024-01-05T14:22:34.539+0000] {logging_mixin.py:137} INFO - [2024-01-05T14:22:34.539+0000] {dagbag.py:538} INFO - Filling up the DagBag from /home/airflow/.local/lib/python3.7/site-packages/airflow/example_dags/example_skip_dag.py
[2024-01-05T14:22:34.556+0000] {processor.py:753} INFO - DAG(s) dict_keys(['example_skip_dag']) retrieved from /home/airflow/.local/lib/python3.7/site-packages/airflow/example_dags/example_skip_dag.py
[2024-01-05T14:22:34.586+0000] {logging_mixin.py:137} INFO - [2024-01-05T14:22:34.586+0000] {dag.py:2690} INFO - Sync 1 DAGs
[2024-01-05T14:22:34.615+0000] {logging_mixin.py:137} INFO - [2024-01-05T14:22:34.615+0000] {dag.py:3441} INFO - Setting next_dagrun for example_skip_dag to 2024-01-04T14:22:34.615469+00:00, run_after=2024-01-05T14:22:34.615469+00:00
[2024-01-05T14:22:34.633+0000] {processor.py:175} INFO - Processing /home/airflow/.local/lib/python3.7/site-packages/airflow/example_dags/example_skip_dag.py took 0.101 seconds
[2024-01-05T14:23:05.316+0000] {processor.py:153} INFO - Started process (PID=7995) to work on /home/airflow/.local/lib/python3.7/site-packages/airflow/example_dags/example_skip_dag.py
[2024-01-05T14:23:05.317+0000] {processor.py:743} INFO - Processing file /home/airflow/.local/lib/python3.7/site-packages/airflow/example_dags/example_skip_dag.py for tasks to queue
[2024-01-05T14:23:05.318+0000] {logging_mixin.py:137} INFO - [2024-01-05T14:23:05.318+0000] {dagbag.py:538} INFO - Filling up the DagBag from /home/airflow/.local/lib/python3.7/site-packages/airflow/example_dags/example_skip_dag.py
[2024-01-05T14:23:05.329+0000] {processor.py:753} INFO - DAG(s) dict_keys(['example_skip_dag']) retrieved from /home/airflow/.local/lib/python3.7/site-packages/airflow/example_dags/example_skip_dag.py
[2024-01-05T14:23:05.348+0000] {logging_mixin.py:137} INFO - [2024-01-05T14:23:05.347+0000] {dag.py:2690} INFO - Sync 1 DAGs
[2024-01-05T14:23:05.364+0000] {logging_mixin.py:137} INFO - [2024-01-05T14:23:05.364+0000] {dag.py:3441} INFO - Setting next_dagrun for example_skip_dag to 2024-01-04T14:23:05.364598+00:00, run_after=2024-01-05T14:23:05.364598+00:00
[2024-01-05T14:23:05.376+0000] {processor.py:175} INFO - Processing /home/airflow/.local/lib/python3.7/site-packages/airflow/example_dags/example_skip_dag.py took 0.063 seconds
[2024-01-05T14:23:35.890+0000] {processor.py:153} INFO - Started process (PID=8070) to work on /home/airflow/.local/lib/python3.7/site-packages/airflow/example_dags/example_skip_dag.py
[2024-01-05T14:23:35.892+0000] {processor.py:743} INFO - Processing file /home/airflow/.local/lib/python3.7/site-packages/airflow/example_dags/example_skip_dag.py for tasks to queue
[2024-01-05T14:23:35.892+0000] {logging_mixin.py:137} INFO - [2024-01-05T14:23:35.892+0000] {dagbag.py:538} INFO - Filling up the DagBag from /home/airflow/.local/lib/python3.7/site-packages/airflow/example_dags/example_skip_dag.py
[2024-01-05T14:23:35.904+0000] {processor.py:753} INFO - DAG(s) dict_keys(['example_skip_dag']) retrieved from /home/airflow/.local/lib/python3.7/site-packages/airflow/example_dags/example_skip_dag.py
[2024-01-05T14:23:35.925+0000] {logging_mixin.py:137} INFO - [2024-01-05T14:23:35.925+0000] {dag.py:2690} INFO - Sync 1 DAGs
[2024-01-05T14:23:35.941+0000] {logging_mixin.py:137} INFO - [2024-01-05T14:23:35.941+0000] {dag.py:3441} INFO - Setting next_dagrun for example_skip_dag to 2024-01-04T14:23:35.941482+00:00, run_after=2024-01-05T14:23:35.941482+00:00
[2024-01-05T14:23:35.953+0000] {processor.py:175} INFO - Processing /home/airflow/.local/lib/python3.7/site-packages/airflow/example_dags/example_skip_dag.py took 0.065 seconds
[2024-01-05T14:24:06.666+0000] {processor.py:153} INFO - Started process (PID=8133) to work on /home/airflow/.local/lib/python3.7/site-packages/airflow/example_dags/example_skip_dag.py
[2024-01-05T14:24:06.670+0000] {processor.py:743} INFO - Processing file /home/airflow/.local/lib/python3.7/site-packages/airflow/example_dags/example_skip_dag.py for tasks to queue
[2024-01-05T14:24:06.675+0000] {logging_mixin.py:137} INFO - [2024-01-05T14:24:06.675+0000] {dagbag.py:538} INFO - Filling up the DagBag from /home/airflow/.local/lib/python3.7/site-packages/airflow/example_dags/example_skip_dag.py
[2024-01-05T14:24:06.688+0000] {processor.py:753} INFO - DAG(s) dict_keys(['example_skip_dag']) retrieved from /home/airflow/.local/lib/python3.7/site-packages/airflow/example_dags/example_skip_dag.py
[2024-01-05T14:24:06.709+0000] {logging_mixin.py:137} INFO - [2024-01-05T14:24:06.709+0000] {dag.py:2690} INFO - Sync 1 DAGs
[2024-01-05T14:24:06.726+0000] {logging_mixin.py:137} INFO - [2024-01-05T14:24:06.726+0000] {dag.py:3441} INFO - Setting next_dagrun for example_skip_dag to 2024-01-04T14:24:06.726620+00:00, run_after=2024-01-05T14:24:06.726620+00:00
[2024-01-05T14:24:06.738+0000] {processor.py:175} INFO - Processing /home/airflow/.local/lib/python3.7/site-packages/airflow/example_dags/example_skip_dag.py took 0.076 seconds
[2024-01-05T14:24:37.432+0000] {processor.py:153} INFO - Started process (PID=8209) to work on /home/airflow/.local/lib/python3.7/site-packages/airflow/example_dags/example_skip_dag.py
[2024-01-05T14:24:37.433+0000] {processor.py:743} INFO - Processing file /home/airflow/.local/lib/python3.7/site-packages/airflow/example_dags/example_skip_dag.py for tasks to queue
[2024-01-05T14:24:37.434+0000] {logging_mixin.py:137} INFO - [2024-01-05T14:24:37.434+0000] {dagbag.py:538} INFO - Filling up the DagBag from /home/airflow/.local/lib/python3.7/site-packages/airflow/example_dags/example_skip_dag.py
[2024-01-05T14:24:37.445+0000] {processor.py:753} INFO - DAG(s) dict_keys(['example_skip_dag']) retrieved from /home/airflow/.local/lib/python3.7/site-packages/airflow/example_dags/example_skip_dag.py
[2024-01-05T14:24:37.463+0000] {logging_mixin.py:137} INFO - [2024-01-05T14:24:37.463+0000] {dag.py:2690} INFO - Sync 1 DAGs
[2024-01-05T14:24:37.480+0000] {logging_mixin.py:137} INFO - [2024-01-05T14:24:37.479+0000] {dag.py:3441} INFO - Setting next_dagrun for example_skip_dag to 2024-01-04T14:24:37.479796+00:00, run_after=2024-01-05T14:24:37.479796+00:00
[2024-01-05T14:24:37.491+0000] {processor.py:175} INFO - Processing /home/airflow/.local/lib/python3.7/site-packages/airflow/example_dags/example_skip_dag.py took 0.061 seconds
[2024-01-05T14:25:08.097+0000] {processor.py:153} INFO - Started process (PID=8272) to work on /home/airflow/.local/lib/python3.7/site-packages/airflow/example_dags/example_skip_dag.py
[2024-01-05T14:25:08.098+0000] {processor.py:743} INFO - Processing file /home/airflow/.local/lib/python3.7/site-packages/airflow/example_dags/example_skip_dag.py for tasks to queue
[2024-01-05T14:25:08.099+0000] {logging_mixin.py:137} INFO - [2024-01-05T14:25:08.099+0000] {dagbag.py:538} INFO - Filling up the DagBag from /home/airflow/.local/lib/python3.7/site-packages/airflow/example_dags/example_skip_dag.py
[2024-01-05T14:25:08.110+0000] {processor.py:753} INFO - DAG(s) dict_keys(['example_skip_dag']) retrieved from /home/airflow/.local/lib/python3.7/site-packages/airflow/example_dags/example_skip_dag.py
[2024-01-05T14:25:08.133+0000] {logging_mixin.py:137} INFO - [2024-01-05T14:25:08.133+0000] {dag.py:2690} INFO - Sync 1 DAGs
[2024-01-05T14:25:08.150+0000] {logging_mixin.py:137} INFO - [2024-01-05T14:25:08.150+0000] {dag.py:3441} INFO - Setting next_dagrun for example_skip_dag to 2024-01-04T14:25:08.150202+00:00, run_after=2024-01-05T14:25:08.150202+00:00
[2024-01-05T14:25:08.164+0000] {processor.py:175} INFO - Processing /home/airflow/.local/lib/python3.7/site-packages/airflow/example_dags/example_skip_dag.py took 0.069 seconds
[2024-01-05T14:25:38.539+0000] {processor.py:153} INFO - Started process (PID=8348) to work on /home/airflow/.local/lib/python3.7/site-packages/airflow/example_dags/example_skip_dag.py
[2024-01-05T14:25:38.540+0000] {processor.py:743} INFO - Processing file /home/airflow/.local/lib/python3.7/site-packages/airflow/example_dags/example_skip_dag.py for tasks to queue
[2024-01-05T14:25:38.541+0000] {logging_mixin.py:137} INFO - [2024-01-05T14:25:38.541+0000] {dagbag.py:538} INFO - Filling up the DagBag from /home/airflow/.local/lib/python3.7/site-packages/airflow/example_dags/example_skip_dag.py
[2024-01-05T14:25:38.552+0000] {processor.py:753} INFO - DAG(s) dict_keys(['example_skip_dag']) retrieved from /home/airflow/.local/lib/python3.7/site-packages/airflow/example_dags/example_skip_dag.py
[2024-01-05T14:25:38.572+0000] {logging_mixin.py:137} INFO - [2024-01-05T14:25:38.572+0000] {dag.py:2690} INFO - Sync 1 DAGs
[2024-01-05T14:25:38.588+0000] {logging_mixin.py:137} INFO - [2024-01-05T14:25:38.588+0000] {dag.py:3441} INFO - Setting next_dagrun for example_skip_dag to 2024-01-04T14:25:38.588431+00:00, run_after=2024-01-05T14:25:38.588431+00:00
[2024-01-05T14:25:38.600+0000] {processor.py:175} INFO - Processing /home/airflow/.local/lib/python3.7/site-packages/airflow/example_dags/example_skip_dag.py took 0.064 seconds
[2024-01-05T14:26:09.883+0000] {processor.py:153} INFO - Started process (PID=8423) to work on /home/airflow/.local/lib/python3.7/site-packages/airflow/example_dags/example_skip_dag.py
[2024-01-05T14:26:09.885+0000] {processor.py:743} INFO - Processing file /home/airflow/.local/lib/python3.7/site-packages/airflow/example_dags/example_skip_dag.py for tasks to queue
[2024-01-05T14:26:09.887+0000] {logging_mixin.py:137} INFO - [2024-01-05T14:26:09.887+0000] {dagbag.py:538} INFO - Filling up the DagBag from /home/airflow/.local/lib/python3.7/site-packages/airflow/example_dags/example_skip_dag.py
[2024-01-05T14:26:09.908+0000] {processor.py:753} INFO - DAG(s) dict_keys(['example_skip_dag']) retrieved from /home/airflow/.local/lib/python3.7/site-packages/airflow/example_dags/example_skip_dag.py
[2024-01-05T14:26:09.933+0000] {logging_mixin.py:137} INFO - [2024-01-05T14:26:09.933+0000] {dag.py:2690} INFO - Sync 1 DAGs
[2024-01-05T14:26:09.954+0000] {logging_mixin.py:137} INFO - [2024-01-05T14:26:09.954+0000] {dag.py:3441} INFO - Setting next_dagrun for example_skip_dag to 2024-01-04T14:26:09.954413+00:00, run_after=2024-01-05T14:26:09.954413+00:00
[2024-01-05T14:26:09.973+0000] {processor.py:175} INFO - Processing /home/airflow/.local/lib/python3.7/site-packages/airflow/example_dags/example_skip_dag.py took 0.094 seconds
[2024-01-05T14:26:40.122+0000] {processor.py:153} INFO - Started process (PID=8487) to work on /home/airflow/.local/lib/python3.7/site-packages/airflow/example_dags/example_skip_dag.py
[2024-01-05T14:26:40.123+0000] {processor.py:743} INFO - Processing file /home/airflow/.local/lib/python3.7/site-packages/airflow/example_dags/example_skip_dag.py for tasks to queue
[2024-01-05T14:26:40.124+0000] {logging_mixin.py:137} INFO - [2024-01-05T14:26:40.123+0000] {dagbag.py:538} INFO - Filling up the DagBag from /home/airflow/.local/lib/python3.7/site-packages/airflow/example_dags/example_skip_dag.py
[2024-01-05T14:26:40.137+0000] {processor.py:753} INFO - DAG(s) dict_keys(['example_skip_dag']) retrieved from /home/airflow/.local/lib/python3.7/site-packages/airflow/example_dags/example_skip_dag.py
[2024-01-05T14:26:40.160+0000] {logging_mixin.py:137} INFO - [2024-01-05T14:26:40.160+0000] {dag.py:2690} INFO - Sync 1 DAGs
[2024-01-05T14:26:40.178+0000] {logging_mixin.py:137} INFO - [2024-01-05T14:26:40.178+0000] {dag.py:3441} INFO - Setting next_dagrun for example_skip_dag to 2024-01-04T14:26:40.178272+00:00, run_after=2024-01-05T14:26:40.178272+00:00
[2024-01-05T14:26:40.191+0000] {processor.py:175} INFO - Processing /home/airflow/.local/lib/python3.7/site-packages/airflow/example_dags/example_skip_dag.py took 0.073 seconds
