[2024-01-05T01:20:56.210+0000] {processor.py:153} INFO - Started process (PID=4339) to work on /home/airflow/.local/lib/python3.7/site-packages/airflow/example_dags/example_external_task_marker_dag.py
[2024-01-05T01:20:56.212+0000] {processor.py:743} INFO - Processing file /home/airflow/.local/lib/python3.7/site-packages/airflow/example_dags/example_external_task_marker_dag.py for tasks to queue
[2024-01-05T01:20:56.213+0000] {logging_mixin.py:137} INFO - [2024-01-05T01:20:56.213+0000] {dagbag.py:538} INFO - Filling up the DagBag from /home/airflow/.local/lib/python3.7/site-packages/airflow/example_dags/example_external_task_marker_dag.py
[2024-01-05T01:20:56.233+0000] {processor.py:753} INFO - DAG(s) dict_keys(['example_external_task_marker_child', 'example_external_task_marker_parent']) retrieved from /home/airflow/.local/lib/python3.7/site-packages/airflow/example_dags/example_external_task_marker_dag.py
[2024-01-05T01:20:56.317+0000] {logging_mixin.py:137} INFO - [2024-01-05T01:20:56.317+0000] {dag.py:2690} INFO - Sync 2 DAGs
[2024-01-05T01:20:56.354+0000] {logging_mixin.py:137} INFO - [2024-01-05T01:20:56.354+0000] {dag.py:3441} INFO - Setting next_dagrun for example_external_task_marker_child to None, run_after=None
[2024-01-05T01:20:56.369+0000] {logging_mixin.py:137} INFO - [2024-01-05T01:20:56.368+0000] {dag.py:3441} INFO - Setting next_dagrun for example_external_task_marker_parent to None, run_after=None
[2024-01-05T01:20:56.395+0000] {processor.py:175} INFO - Processing /home/airflow/.local/lib/python3.7/site-packages/airflow/example_dags/example_external_task_marker_dag.py took 0.199 seconds
[2024-01-05T02:31:18.368+0000] {processor.py:153} INFO - Started process (PID=4402) to work on /home/airflow/.local/lib/python3.7/site-packages/airflow/example_dags/example_external_task_marker_dag.py
[2024-01-05T02:31:18.370+0000] {processor.py:743} INFO - Processing file /home/airflow/.local/lib/python3.7/site-packages/airflow/example_dags/example_external_task_marker_dag.py for tasks to queue
[2024-01-05T02:31:18.371+0000] {logging_mixin.py:137} INFO - [2024-01-05T02:31:18.371+0000] {dagbag.py:538} INFO - Filling up the DagBag from /home/airflow/.local/lib/python3.7/site-packages/airflow/example_dags/example_external_task_marker_dag.py
[2024-01-05T02:31:18.383+0000] {processor.py:753} INFO - DAG(s) dict_keys(['example_external_task_marker_parent', 'example_external_task_marker_child']) retrieved from /home/airflow/.local/lib/python3.7/site-packages/airflow/example_dags/example_external_task_marker_dag.py
[2024-01-05T02:31:18.410+0000] {logging_mixin.py:137} INFO - [2024-01-05T02:31:18.410+0000] {dag.py:2690} INFO - Sync 2 DAGs
[2024-01-05T02:31:18.428+0000] {logging_mixin.py:137} INFO - [2024-01-05T02:31:18.428+0000] {dag.py:3441} INFO - Setting next_dagrun for example_external_task_marker_child to None, run_after=None
[2024-01-05T02:31:18.431+0000] {logging_mixin.py:137} INFO - [2024-01-05T02:31:18.431+0000] {dag.py:3441} INFO - Setting next_dagrun for example_external_task_marker_parent to None, run_after=None
[2024-01-05T02:31:18.441+0000] {processor.py:175} INFO - Processing /home/airflow/.local/lib/python3.7/site-packages/airflow/example_dags/example_external_task_marker_dag.py took 0.079 seconds
[2024-01-05T03:42:27.334+0000] {processor.py:153} INFO - Started process (PID=4465) to work on /home/airflow/.local/lib/python3.7/site-packages/airflow/example_dags/example_external_task_marker_dag.py
[2024-01-05T03:42:27.335+0000] {processor.py:743} INFO - Processing file /home/airflow/.local/lib/python3.7/site-packages/airflow/example_dags/example_external_task_marker_dag.py for tasks to queue
[2024-01-05T03:42:27.335+0000] {logging_mixin.py:137} INFO - [2024-01-05T03:42:27.335+0000] {dagbag.py:538} INFO - Filling up the DagBag from /home/airflow/.local/lib/python3.7/site-packages/airflow/example_dags/example_external_task_marker_dag.py
[2024-01-05T03:42:27.345+0000] {processor.py:753} INFO - DAG(s) dict_keys(['example_external_task_marker_parent', 'example_external_task_marker_child']) retrieved from /home/airflow/.local/lib/python3.7/site-packages/airflow/example_dags/example_external_task_marker_dag.py
[2024-01-05T03:42:27.371+0000] {logging_mixin.py:137} INFO - [2024-01-05T03:42:27.371+0000] {dag.py:2690} INFO - Sync 2 DAGs
[2024-01-05T03:42:27.394+0000] {logging_mixin.py:137} INFO - [2024-01-05T03:42:27.394+0000] {dag.py:3441} INFO - Setting next_dagrun for example_external_task_marker_child to None, run_after=None
[2024-01-05T03:42:27.396+0000] {logging_mixin.py:137} INFO - [2024-01-05T03:42:27.396+0000] {dag.py:3441} INFO - Setting next_dagrun for example_external_task_marker_parent to None, run_after=None
[2024-01-05T03:42:27.407+0000] {processor.py:175} INFO - Processing /home/airflow/.local/lib/python3.7/site-packages/airflow/example_dags/example_external_task_marker_dag.py took 0.076 seconds
[2024-01-05T05:03:27.268+0000] {processor.py:153} INFO - Started process (PID=4540) to work on /home/airflow/.local/lib/python3.7/site-packages/airflow/example_dags/example_external_task_marker_dag.py
[2024-01-05T05:03:27.269+0000] {processor.py:743} INFO - Processing file /home/airflow/.local/lib/python3.7/site-packages/airflow/example_dags/example_external_task_marker_dag.py for tasks to queue
[2024-01-05T05:03:27.270+0000] {logging_mixin.py:137} INFO - [2024-01-05T05:03:27.270+0000] {dagbag.py:538} INFO - Filling up the DagBag from /home/airflow/.local/lib/python3.7/site-packages/airflow/example_dags/example_external_task_marker_dag.py
[2024-01-05T05:03:27.281+0000] {processor.py:753} INFO - DAG(s) dict_keys(['example_external_task_marker_child', 'example_external_task_marker_parent']) retrieved from /home/airflow/.local/lib/python3.7/site-packages/airflow/example_dags/example_external_task_marker_dag.py
[2024-01-05T05:03:27.308+0000] {logging_mixin.py:137} INFO - [2024-01-05T05:03:27.308+0000] {dag.py:2690} INFO - Sync 2 DAGs
[2024-01-05T05:03:27.326+0000] {logging_mixin.py:137} INFO - [2024-01-05T05:03:27.326+0000] {dag.py:3441} INFO - Setting next_dagrun for example_external_task_marker_child to None, run_after=None
[2024-01-05T05:03:27.328+0000] {logging_mixin.py:137} INFO - [2024-01-05T05:03:27.328+0000] {dag.py:3441} INFO - Setting next_dagrun for example_external_task_marker_parent to None, run_after=None
[2024-01-05T05:03:27.340+0000] {processor.py:175} INFO - Processing /home/airflow/.local/lib/python3.7/site-packages/airflow/example_dags/example_external_task_marker_dag.py took 0.075 seconds
[2024-01-05T06:28:03.131+0000] {processor.py:153} INFO - Started process (PID=4602) to work on /home/airflow/.local/lib/python3.7/site-packages/airflow/example_dags/example_external_task_marker_dag.py
[2024-01-05T06:28:03.132+0000] {processor.py:743} INFO - Processing file /home/airflow/.local/lib/python3.7/site-packages/airflow/example_dags/example_external_task_marker_dag.py for tasks to queue
[2024-01-05T06:28:03.133+0000] {logging_mixin.py:137} INFO - [2024-01-05T06:28:03.133+0000] {dagbag.py:538} INFO - Filling up the DagBag from /home/airflow/.local/lib/python3.7/site-packages/airflow/example_dags/example_external_task_marker_dag.py
[2024-01-05T06:28:03.143+0000] {processor.py:753} INFO - DAG(s) dict_keys(['example_external_task_marker_parent', 'example_external_task_marker_child']) retrieved from /home/airflow/.local/lib/python3.7/site-packages/airflow/example_dags/example_external_task_marker_dag.py
[2024-01-05T06:28:03.165+0000] {logging_mixin.py:137} INFO - [2024-01-05T06:28:03.165+0000] {dag.py:2690} INFO - Sync 2 DAGs
[2024-01-05T06:28:03.182+0000] {logging_mixin.py:137} INFO - [2024-01-05T06:28:03.182+0000] {dag.py:3441} INFO - Setting next_dagrun for example_external_task_marker_child to None, run_after=None
[2024-01-05T06:28:03.185+0000] {logging_mixin.py:137} INFO - [2024-01-05T06:28:03.184+0000] {dag.py:3441} INFO - Setting next_dagrun for example_external_task_marker_parent to None, run_after=None
[2024-01-05T06:28:03.195+0000] {processor.py:175} INFO - Processing /home/airflow/.local/lib/python3.7/site-packages/airflow/example_dags/example_external_task_marker_dag.py took 0.068 seconds
[2024-01-05T07:47:05.135+0000] {processor.py:153} INFO - Started process (PID=4666) to work on /home/airflow/.local/lib/python3.7/site-packages/airflow/example_dags/example_external_task_marker_dag.py
[2024-01-05T07:47:05.140+0000] {processor.py:743} INFO - Processing file /home/airflow/.local/lib/python3.7/site-packages/airflow/example_dags/example_external_task_marker_dag.py for tasks to queue
[2024-01-05T07:47:05.143+0000] {logging_mixin.py:137} INFO - [2024-01-05T07:47:05.143+0000] {dagbag.py:538} INFO - Filling up the DagBag from /home/airflow/.local/lib/python3.7/site-packages/airflow/example_dags/example_external_task_marker_dag.py
[2024-01-05T07:47:05.164+0000] {processor.py:753} INFO - DAG(s) dict_keys(['example_external_task_marker_child', 'example_external_task_marker_parent']) retrieved from /home/airflow/.local/lib/python3.7/site-packages/airflow/example_dags/example_external_task_marker_dag.py
[2024-01-05T07:47:05.204+0000] {logging_mixin.py:137} INFO - [2024-01-05T07:47:05.204+0000] {dag.py:2690} INFO - Sync 2 DAGs
[2024-01-05T07:47:05.237+0000] {logging_mixin.py:137} INFO - [2024-01-05T07:47:05.237+0000] {dag.py:3441} INFO - Setting next_dagrun for example_external_task_marker_child to None, run_after=None
[2024-01-05T07:47:05.249+0000] {logging_mixin.py:137} INFO - [2024-01-05T07:47:05.249+0000] {dag.py:3441} INFO - Setting next_dagrun for example_external_task_marker_parent to None, run_after=None
[2024-01-05T07:47:05.267+0000] {processor.py:175} INFO - Processing /home/airflow/.local/lib/python3.7/site-packages/airflow/example_dags/example_external_task_marker_dag.py took 0.138 seconds
[2024-01-05T09:24:47.732+0000] {processor.py:153} INFO - Started process (PID=4739) to work on /home/airflow/.local/lib/python3.7/site-packages/airflow/example_dags/example_external_task_marker_dag.py
[2024-01-05T09:24:47.734+0000] {processor.py:743} INFO - Processing file /home/airflow/.local/lib/python3.7/site-packages/airflow/example_dags/example_external_task_marker_dag.py for tasks to queue
[2024-01-05T09:24:47.735+0000] {logging_mixin.py:137} INFO - [2024-01-05T09:24:47.734+0000] {dagbag.py:538} INFO - Filling up the DagBag from /home/airflow/.local/lib/python3.7/site-packages/airflow/example_dags/example_external_task_marker_dag.py
[2024-01-05T09:24:47.745+0000] {processor.py:753} INFO - DAG(s) dict_keys(['example_external_task_marker_parent', 'example_external_task_marker_child']) retrieved from /home/airflow/.local/lib/python3.7/site-packages/airflow/example_dags/example_external_task_marker_dag.py
[2024-01-05T09:24:47.776+0000] {logging_mixin.py:137} INFO - [2024-01-05T09:24:47.776+0000] {dag.py:2690} INFO - Sync 2 DAGs
[2024-01-05T09:24:47.795+0000] {logging_mixin.py:137} INFO - [2024-01-05T09:24:47.795+0000] {dag.py:3441} INFO - Setting next_dagrun for example_external_task_marker_child to None, run_after=None
[2024-01-05T09:24:47.798+0000] {logging_mixin.py:137} INFO - [2024-01-05T09:24:47.798+0000] {dag.py:3441} INFO - Setting next_dagrun for example_external_task_marker_parent to None, run_after=None
[2024-01-05T09:24:47.809+0000] {processor.py:175} INFO - Processing /home/airflow/.local/lib/python3.7/site-packages/airflow/example_dags/example_external_task_marker_dag.py took 0.081 seconds
[2024-01-05T10:32:48.055+0000] {processor.py:153} INFO - Started process (PID=4802) to work on /home/airflow/.local/lib/python3.7/site-packages/airflow/example_dags/example_external_task_marker_dag.py
[2024-01-05T10:32:48.057+0000] {processor.py:743} INFO - Processing file /home/airflow/.local/lib/python3.7/site-packages/airflow/example_dags/example_external_task_marker_dag.py for tasks to queue
[2024-01-05T10:32:48.058+0000] {logging_mixin.py:137} INFO - [2024-01-05T10:32:48.058+0000] {dagbag.py:538} INFO - Filling up the DagBag from /home/airflow/.local/lib/python3.7/site-packages/airflow/example_dags/example_external_task_marker_dag.py
[2024-01-05T10:32:48.072+0000] {processor.py:753} INFO - DAG(s) dict_keys(['example_external_task_marker_parent', 'example_external_task_marker_child']) retrieved from /home/airflow/.local/lib/python3.7/site-packages/airflow/example_dags/example_external_task_marker_dag.py
[2024-01-05T10:32:48.103+0000] {logging_mixin.py:137} INFO - [2024-01-05T10:32:48.103+0000] {dag.py:2690} INFO - Sync 2 DAGs
[2024-01-05T10:32:48.133+0000] {logging_mixin.py:137} INFO - [2024-01-05T10:32:48.133+0000] {dag.py:3441} INFO - Setting next_dagrun for example_external_task_marker_child to None, run_after=None
[2024-01-05T10:32:48.136+0000] {logging_mixin.py:137} INFO - [2024-01-05T10:32:48.136+0000] {dag.py:3441} INFO - Setting next_dagrun for example_external_task_marker_parent to None, run_after=None
[2024-01-05T10:32:48.146+0000] {processor.py:175} INFO - Processing /home/airflow/.local/lib/python3.7/site-packages/airflow/example_dags/example_external_task_marker_dag.py took 0.095 seconds
[2024-01-05T11:33:47.080+0000] {processor.py:153} INFO - Started process (PID=4877) to work on /home/airflow/.local/lib/python3.7/site-packages/airflow/example_dags/example_external_task_marker_dag.py
[2024-01-05T11:33:47.082+0000] {processor.py:743} INFO - Processing file /home/airflow/.local/lib/python3.7/site-packages/airflow/example_dags/example_external_task_marker_dag.py for tasks to queue
[2024-01-05T11:33:47.084+0000] {logging_mixin.py:137} INFO - [2024-01-05T11:33:47.084+0000] {dagbag.py:538} INFO - Filling up the DagBag from /home/airflow/.local/lib/python3.7/site-packages/airflow/example_dags/example_external_task_marker_dag.py
[2024-01-05T11:33:47.099+0000] {processor.py:753} INFO - DAG(s) dict_keys(['example_external_task_marker_child', 'example_external_task_marker_parent']) retrieved from /home/airflow/.local/lib/python3.7/site-packages/airflow/example_dags/example_external_task_marker_dag.py
[2024-01-05T11:33:47.130+0000] {logging_mixin.py:137} INFO - [2024-01-05T11:33:47.130+0000] {dag.py:2690} INFO - Sync 2 DAGs
[2024-01-05T11:33:47.149+0000] {logging_mixin.py:137} INFO - [2024-01-05T11:33:47.149+0000] {dag.py:3441} INFO - Setting next_dagrun for example_external_task_marker_child to None, run_after=None
[2024-01-05T11:33:47.153+0000] {logging_mixin.py:137} INFO - [2024-01-05T11:33:47.152+0000] {dag.py:3441} INFO - Setting next_dagrun for example_external_task_marker_parent to None, run_after=None
[2024-01-05T11:33:47.166+0000] {processor.py:175} INFO - Processing /home/airflow/.local/lib/python3.7/site-packages/airflow/example_dags/example_external_task_marker_dag.py took 0.089 seconds
[2024-01-05T12:52:18.429+0000] {processor.py:153} INFO - Started process (PID=4940) to work on /home/airflow/.local/lib/python3.7/site-packages/airflow/example_dags/example_external_task_marker_dag.py
[2024-01-05T12:52:18.431+0000] {processor.py:743} INFO - Processing file /home/airflow/.local/lib/python3.7/site-packages/airflow/example_dags/example_external_task_marker_dag.py for tasks to queue
[2024-01-05T12:52:18.432+0000] {logging_mixin.py:137} INFO - [2024-01-05T12:52:18.432+0000] {dagbag.py:538} INFO - Filling up the DagBag from /home/airflow/.local/lib/python3.7/site-packages/airflow/example_dags/example_external_task_marker_dag.py
[2024-01-05T12:52:18.456+0000] {processor.py:753} INFO - DAG(s) dict_keys(['example_external_task_marker_child', 'example_external_task_marker_parent']) retrieved from /home/airflow/.local/lib/python3.7/site-packages/airflow/example_dags/example_external_task_marker_dag.py
[2024-01-05T12:52:18.527+0000] {logging_mixin.py:137} INFO - [2024-01-05T12:52:18.527+0000] {dag.py:2690} INFO - Sync 2 DAGs
[2024-01-05T12:52:18.567+0000] {logging_mixin.py:137} INFO - [2024-01-05T12:52:18.567+0000] {dag.py:3441} INFO - Setting next_dagrun for example_external_task_marker_child to None, run_after=None
[2024-01-05T12:52:18.571+0000] {logging_mixin.py:137} INFO - [2024-01-05T12:52:18.571+0000] {dag.py:3441} INFO - Setting next_dagrun for example_external_task_marker_parent to None, run_after=None
[2024-01-05T12:52:18.605+0000] {processor.py:175} INFO - Processing /home/airflow/.local/lib/python3.7/site-packages/airflow/example_dags/example_external_task_marker_dag.py took 0.182 seconds
[2024-01-05T14:01:05.801+0000] {processor.py:153} INFO - Started process (PID=5014) to work on /home/airflow/.local/lib/python3.7/site-packages/airflow/example_dags/example_external_task_marker_dag.py
[2024-01-05T14:01:05.814+0000] {processor.py:743} INFO - Processing file /home/airflow/.local/lib/python3.7/site-packages/airflow/example_dags/example_external_task_marker_dag.py for tasks to queue
[2024-01-05T14:01:05.822+0000] {logging_mixin.py:137} INFO - [2024-01-05T14:01:05.822+0000] {dagbag.py:538} INFO - Filling up the DagBag from /home/airflow/.local/lib/python3.7/site-packages/airflow/example_dags/example_external_task_marker_dag.py
[2024-01-05T14:01:05.872+0000] {processor.py:753} INFO - DAG(s) dict_keys(['example_external_task_marker_parent', 'example_external_task_marker_child']) retrieved from /home/airflow/.local/lib/python3.7/site-packages/airflow/example_dags/example_external_task_marker_dag.py
[2024-01-05T14:01:05.916+0000] {logging_mixin.py:137} INFO - [2024-01-05T14:01:05.916+0000] {dag.py:2690} INFO - Sync 2 DAGs
[2024-01-05T14:01:05.960+0000] {logging_mixin.py:137} INFO - [2024-01-05T14:01:05.960+0000] {dag.py:3441} INFO - Setting next_dagrun for example_external_task_marker_child to None, run_after=None
[2024-01-05T14:01:05.965+0000] {logging_mixin.py:137} INFO - [2024-01-05T14:01:05.964+0000] {dag.py:3441} INFO - Setting next_dagrun for example_external_task_marker_parent to None, run_after=None
[2024-01-05T14:01:05.984+0000] {processor.py:175} INFO - Processing /home/airflow/.local/lib/python3.7/site-packages/airflow/example_dags/example_external_task_marker_dag.py took 0.191 seconds
[2024-01-05T14:01:36.667+0000] {processor.py:153} INFO - Started process (PID=5078) to work on /home/airflow/.local/lib/python3.7/site-packages/airflow/example_dags/example_external_task_marker_dag.py
[2024-01-05T14:01:36.668+0000] {processor.py:743} INFO - Processing file /home/airflow/.local/lib/python3.7/site-packages/airflow/example_dags/example_external_task_marker_dag.py for tasks to queue
[2024-01-05T14:01:36.669+0000] {logging_mixin.py:137} INFO - [2024-01-05T14:01:36.669+0000] {dagbag.py:538} INFO - Filling up the DagBag from /home/airflow/.local/lib/python3.7/site-packages/airflow/example_dags/example_external_task_marker_dag.py
[2024-01-05T14:01:36.681+0000] {processor.py:753} INFO - DAG(s) dict_keys(['example_external_task_marker_parent', 'example_external_task_marker_child']) retrieved from /home/airflow/.local/lib/python3.7/site-packages/airflow/example_dags/example_external_task_marker_dag.py
[2024-01-05T14:01:36.705+0000] {logging_mixin.py:137} INFO - [2024-01-05T14:01:36.704+0000] {dag.py:2690} INFO - Sync 2 DAGs
[2024-01-05T14:01:36.723+0000] {logging_mixin.py:137} INFO - [2024-01-05T14:01:36.723+0000] {dag.py:3441} INFO - Setting next_dagrun for example_external_task_marker_child to None, run_after=None
[2024-01-05T14:01:36.727+0000] {logging_mixin.py:137} INFO - [2024-01-05T14:01:36.726+0000] {dag.py:3441} INFO - Setting next_dagrun for example_external_task_marker_parent to None, run_after=None
[2024-01-05T14:01:36.746+0000] {processor.py:175} INFO - Processing /home/airflow/.local/lib/python3.7/site-packages/airflow/example_dags/example_external_task_marker_dag.py took 0.082 seconds
[2024-01-05T14:02:07.781+0000] {processor.py:153} INFO - Started process (PID=5148) to work on /home/airflow/.local/lib/python3.7/site-packages/airflow/example_dags/example_external_task_marker_dag.py
[2024-01-05T14:02:07.783+0000] {processor.py:743} INFO - Processing file /home/airflow/.local/lib/python3.7/site-packages/airflow/example_dags/example_external_task_marker_dag.py for tasks to queue
[2024-01-05T14:02:07.785+0000] {logging_mixin.py:137} INFO - [2024-01-05T14:02:07.785+0000] {dagbag.py:538} INFO - Filling up the DagBag from /home/airflow/.local/lib/python3.7/site-packages/airflow/example_dags/example_external_task_marker_dag.py
[2024-01-05T14:02:07.805+0000] {processor.py:753} INFO - DAG(s) dict_keys(['example_external_task_marker_child', 'example_external_task_marker_parent']) retrieved from /home/airflow/.local/lib/python3.7/site-packages/airflow/example_dags/example_external_task_marker_dag.py
[2024-01-05T14:02:07.840+0000] {logging_mixin.py:137} INFO - [2024-01-05T14:02:07.840+0000] {dag.py:2690} INFO - Sync 2 DAGs
[2024-01-05T14:02:07.869+0000] {logging_mixin.py:137} INFO - [2024-01-05T14:02:07.869+0000] {dag.py:3441} INFO - Setting next_dagrun for example_external_task_marker_child to None, run_after=None
[2024-01-05T14:02:07.872+0000] {logging_mixin.py:137} INFO - [2024-01-05T14:02:07.872+0000] {dag.py:3441} INFO - Setting next_dagrun for example_external_task_marker_parent to None, run_after=None
[2024-01-05T14:02:07.888+0000] {processor.py:175} INFO - Processing /home/airflow/.local/lib/python3.7/site-packages/airflow/example_dags/example_external_task_marker_dag.py took 0.112 seconds
[2024-01-05T14:02:38.238+0000] {processor.py:153} INFO - Started process (PID=5217) to work on /home/airflow/.local/lib/python3.7/site-packages/airflow/example_dags/example_external_task_marker_dag.py
[2024-01-05T14:02:38.239+0000] {processor.py:743} INFO - Processing file /home/airflow/.local/lib/python3.7/site-packages/airflow/example_dags/example_external_task_marker_dag.py for tasks to queue
[2024-01-05T14:02:38.240+0000] {logging_mixin.py:137} INFO - [2024-01-05T14:02:38.240+0000] {dagbag.py:538} INFO - Filling up the DagBag from /home/airflow/.local/lib/python3.7/site-packages/airflow/example_dags/example_external_task_marker_dag.py
[2024-01-05T14:02:38.251+0000] {processor.py:753} INFO - DAG(s) dict_keys(['example_external_task_marker_parent', 'example_external_task_marker_child']) retrieved from /home/airflow/.local/lib/python3.7/site-packages/airflow/example_dags/example_external_task_marker_dag.py
[2024-01-05T14:02:38.273+0000] {logging_mixin.py:137} INFO - [2024-01-05T14:02:38.273+0000] {dag.py:2690} INFO - Sync 2 DAGs
[2024-01-05T14:02:38.289+0000] {logging_mixin.py:137} INFO - [2024-01-05T14:02:38.289+0000] {dag.py:3441} INFO - Setting next_dagrun for example_external_task_marker_child to None, run_after=None
[2024-01-05T14:02:38.292+0000] {logging_mixin.py:137} INFO - [2024-01-05T14:02:38.292+0000] {dag.py:3441} INFO - Setting next_dagrun for example_external_task_marker_parent to None, run_after=None
[2024-01-05T14:02:38.303+0000] {processor.py:175} INFO - Processing /home/airflow/.local/lib/python3.7/site-packages/airflow/example_dags/example_external_task_marker_dag.py took 0.067 seconds
[2024-01-05T14:03:09.275+0000] {processor.py:153} INFO - Started process (PID=5289) to work on /home/airflow/.local/lib/python3.7/site-packages/airflow/example_dags/example_external_task_marker_dag.py
[2024-01-05T14:03:09.277+0000] {processor.py:743} INFO - Processing file /home/airflow/.local/lib/python3.7/site-packages/airflow/example_dags/example_external_task_marker_dag.py for tasks to queue
[2024-01-05T14:03:09.278+0000] {logging_mixin.py:137} INFO - [2024-01-05T14:03:09.278+0000] {dagbag.py:538} INFO - Filling up the DagBag from /home/airflow/.local/lib/python3.7/site-packages/airflow/example_dags/example_external_task_marker_dag.py
[2024-01-05T14:03:09.312+0000] {processor.py:753} INFO - DAG(s) dict_keys(['example_external_task_marker_parent', 'example_external_task_marker_child']) retrieved from /home/airflow/.local/lib/python3.7/site-packages/airflow/example_dags/example_external_task_marker_dag.py
[2024-01-05T14:03:09.408+0000] {logging_mixin.py:137} INFO - [2024-01-05T14:03:09.408+0000] {dag.py:2690} INFO - Sync 2 DAGs
[2024-01-05T14:03:09.446+0000] {logging_mixin.py:137} INFO - [2024-01-05T14:03:09.443+0000] {dag.py:3441} INFO - Setting next_dagrun for example_external_task_marker_child to None, run_after=None
[2024-01-05T14:03:09.453+0000] {logging_mixin.py:137} INFO - [2024-01-05T14:03:09.453+0000] {dag.py:3441} INFO - Setting next_dagrun for example_external_task_marker_parent to None, run_after=None
[2024-01-05T14:03:09.501+0000] {processor.py:175} INFO - Processing /home/airflow/.local/lib/python3.7/site-packages/airflow/example_dags/example_external_task_marker_dag.py took 0.230 seconds
[2024-01-05T14:03:40.004+0000] {processor.py:153} INFO - Started process (PID=5355) to work on /home/airflow/.local/lib/python3.7/site-packages/airflow/example_dags/example_external_task_marker_dag.py
[2024-01-05T14:03:40.005+0000] {processor.py:743} INFO - Processing file /home/airflow/.local/lib/python3.7/site-packages/airflow/example_dags/example_external_task_marker_dag.py for tasks to queue
[2024-01-05T14:03:40.006+0000] {logging_mixin.py:137} INFO - [2024-01-05T14:03:40.006+0000] {dagbag.py:538} INFO - Filling up the DagBag from /home/airflow/.local/lib/python3.7/site-packages/airflow/example_dags/example_external_task_marker_dag.py
[2024-01-05T14:03:40.016+0000] {processor.py:753} INFO - DAG(s) dict_keys(['example_external_task_marker_parent', 'example_external_task_marker_child']) retrieved from /home/airflow/.local/lib/python3.7/site-packages/airflow/example_dags/example_external_task_marker_dag.py
[2024-01-05T14:03:40.037+0000] {logging_mixin.py:137} INFO - [2024-01-05T14:03:40.037+0000] {dag.py:2690} INFO - Sync 2 DAGs
[2024-01-05T14:03:40.054+0000] {logging_mixin.py:137} INFO - [2024-01-05T14:03:40.054+0000] {dag.py:3441} INFO - Setting next_dagrun for example_external_task_marker_child to None, run_after=None
[2024-01-05T14:03:40.057+0000] {logging_mixin.py:137} INFO - [2024-01-05T14:03:40.057+0000] {dag.py:3441} INFO - Setting next_dagrun for example_external_task_marker_parent to None, run_after=None
[2024-01-05T14:03:40.066+0000] {processor.py:175} INFO - Processing /home/airflow/.local/lib/python3.7/site-packages/airflow/example_dags/example_external_task_marker_dag.py took 0.066 seconds
[2024-01-05T14:04:11.023+0000] {processor.py:153} INFO - Started process (PID=5431) to work on /home/airflow/.local/lib/python3.7/site-packages/airflow/example_dags/example_external_task_marker_dag.py
[2024-01-05T14:04:11.025+0000] {processor.py:743} INFO - Processing file /home/airflow/.local/lib/python3.7/site-packages/airflow/example_dags/example_external_task_marker_dag.py for tasks to queue
[2024-01-05T14:04:11.027+0000] {logging_mixin.py:137} INFO - [2024-01-05T14:04:11.027+0000] {dagbag.py:538} INFO - Filling up the DagBag from /home/airflow/.local/lib/python3.7/site-packages/airflow/example_dags/example_external_task_marker_dag.py
[2024-01-05T14:04:11.056+0000] {processor.py:753} INFO - DAG(s) dict_keys(['example_external_task_marker_parent', 'example_external_task_marker_child']) retrieved from /home/airflow/.local/lib/python3.7/site-packages/airflow/example_dags/example_external_task_marker_dag.py
[2024-01-05T14:04:11.168+0000] {logging_mixin.py:137} INFO - [2024-01-05T14:04:11.167+0000] {dag.py:2690} INFO - Sync 2 DAGs
[2024-01-05T14:04:11.220+0000] {logging_mixin.py:137} INFO - [2024-01-05T14:04:11.220+0000] {dag.py:3441} INFO - Setting next_dagrun for example_external_task_marker_child to None, run_after=None
[2024-01-05T14:04:11.226+0000] {logging_mixin.py:137} INFO - [2024-01-05T14:04:11.226+0000] {dag.py:3441} INFO - Setting next_dagrun for example_external_task_marker_parent to None, run_after=None
[2024-01-05T14:04:11.247+0000] {processor.py:175} INFO - Processing /home/airflow/.local/lib/python3.7/site-packages/airflow/example_dags/example_external_task_marker_dag.py took 0.230 seconds
[2024-01-05T14:04:42.171+0000] {processor.py:153} INFO - Started process (PID=5494) to work on /home/airflow/.local/lib/python3.7/site-packages/airflow/example_dags/example_external_task_marker_dag.py
[2024-01-05T14:04:42.175+0000] {processor.py:743} INFO - Processing file /home/airflow/.local/lib/python3.7/site-packages/airflow/example_dags/example_external_task_marker_dag.py for tasks to queue
[2024-01-05T14:04:42.179+0000] {logging_mixin.py:137} INFO - [2024-01-05T14:04:42.178+0000] {dagbag.py:538} INFO - Filling up the DagBag from /home/airflow/.local/lib/python3.7/site-packages/airflow/example_dags/example_external_task_marker_dag.py
[2024-01-05T14:04:42.214+0000] {processor.py:753} INFO - DAG(s) dict_keys(['example_external_task_marker_parent', 'example_external_task_marker_child']) retrieved from /home/airflow/.local/lib/python3.7/site-packages/airflow/example_dags/example_external_task_marker_dag.py
[2024-01-05T14:04:42.250+0000] {logging_mixin.py:137} INFO - [2024-01-05T14:04:42.250+0000] {dag.py:2690} INFO - Sync 2 DAGs
[2024-01-05T14:04:42.281+0000] {logging_mixin.py:137} INFO - [2024-01-05T14:04:42.281+0000] {dag.py:3441} INFO - Setting next_dagrun for example_external_task_marker_child to None, run_after=None
[2024-01-05T14:04:42.285+0000] {logging_mixin.py:137} INFO - [2024-01-05T14:04:42.285+0000] {dag.py:3441} INFO - Setting next_dagrun for example_external_task_marker_parent to None, run_after=None
[2024-01-05T14:04:42.309+0000] {processor.py:175} INFO - Processing /home/airflow/.local/lib/python3.7/site-packages/airflow/example_dags/example_external_task_marker_dag.py took 0.148 seconds
[2024-01-05T14:05:13.065+0000] {processor.py:153} INFO - Started process (PID=5569) to work on /home/airflow/.local/lib/python3.7/site-packages/airflow/example_dags/example_external_task_marker_dag.py
[2024-01-05T14:05:13.067+0000] {processor.py:743} INFO - Processing file /home/airflow/.local/lib/python3.7/site-packages/airflow/example_dags/example_external_task_marker_dag.py for tasks to queue
[2024-01-05T14:05:13.068+0000] {logging_mixin.py:137} INFO - [2024-01-05T14:05:13.067+0000] {dagbag.py:538} INFO - Filling up the DagBag from /home/airflow/.local/lib/python3.7/site-packages/airflow/example_dags/example_external_task_marker_dag.py
[2024-01-05T14:05:13.079+0000] {processor.py:753} INFO - DAG(s) dict_keys(['example_external_task_marker_parent', 'example_external_task_marker_child']) retrieved from /home/airflow/.local/lib/python3.7/site-packages/airflow/example_dags/example_external_task_marker_dag.py
[2024-01-05T14:05:13.103+0000] {logging_mixin.py:137} INFO - [2024-01-05T14:05:13.103+0000] {dag.py:2690} INFO - Sync 2 DAGs
[2024-01-05T14:05:13.120+0000] {logging_mixin.py:137} INFO - [2024-01-05T14:05:13.120+0000] {dag.py:3441} INFO - Setting next_dagrun for example_external_task_marker_child to None, run_after=None
[2024-01-05T14:05:13.123+0000] {logging_mixin.py:137} INFO - [2024-01-05T14:05:13.123+0000] {dag.py:3441} INFO - Setting next_dagrun for example_external_task_marker_parent to None, run_after=None
[2024-01-05T14:05:13.134+0000] {processor.py:175} INFO - Processing /home/airflow/.local/lib/python3.7/site-packages/airflow/example_dags/example_external_task_marker_dag.py took 0.072 seconds
[2024-01-05T14:05:43.373+0000] {processor.py:153} INFO - Started process (PID=5641) to work on /home/airflow/.local/lib/python3.7/site-packages/airflow/example_dags/example_external_task_marker_dag.py
[2024-01-05T14:05:43.375+0000] {processor.py:743} INFO - Processing file /home/airflow/.local/lib/python3.7/site-packages/airflow/example_dags/example_external_task_marker_dag.py for tasks to queue
[2024-01-05T14:05:43.376+0000] {logging_mixin.py:137} INFO - [2024-01-05T14:05:43.376+0000] {dagbag.py:538} INFO - Filling up the DagBag from /home/airflow/.local/lib/python3.7/site-packages/airflow/example_dags/example_external_task_marker_dag.py
[2024-01-05T14:05:43.391+0000] {processor.py:753} INFO - DAG(s) dict_keys(['example_external_task_marker_parent', 'example_external_task_marker_child']) retrieved from /home/airflow/.local/lib/python3.7/site-packages/airflow/example_dags/example_external_task_marker_dag.py
[2024-01-05T14:05:43.442+0000] {logging_mixin.py:137} INFO - [2024-01-05T14:05:43.442+0000] {dag.py:2690} INFO - Sync 2 DAGs
[2024-01-05T14:05:43.480+0000] {logging_mixin.py:137} INFO - [2024-01-05T14:05:43.479+0000] {dag.py:3441} INFO - Setting next_dagrun for example_external_task_marker_child to None, run_after=None
[2024-01-05T14:05:43.484+0000] {logging_mixin.py:137} INFO - [2024-01-05T14:05:43.484+0000] {dag.py:3441} INFO - Setting next_dagrun for example_external_task_marker_parent to None, run_after=None
[2024-01-05T14:05:43.503+0000] {processor.py:175} INFO - Processing /home/airflow/.local/lib/python3.7/site-packages/airflow/example_dags/example_external_task_marker_dag.py took 0.135 seconds
[2024-01-05T14:06:14.191+0000] {processor.py:153} INFO - Started process (PID=5708) to work on /home/airflow/.local/lib/python3.7/site-packages/airflow/example_dags/example_external_task_marker_dag.py
[2024-01-05T14:06:14.195+0000] {processor.py:743} INFO - Processing file /home/airflow/.local/lib/python3.7/site-packages/airflow/example_dags/example_external_task_marker_dag.py for tasks to queue
[2024-01-05T14:06:14.197+0000] {logging_mixin.py:137} INFO - [2024-01-05T14:06:14.197+0000] {dagbag.py:538} INFO - Filling up the DagBag from /home/airflow/.local/lib/python3.7/site-packages/airflow/example_dags/example_external_task_marker_dag.py
[2024-01-05T14:06:14.215+0000] {processor.py:753} INFO - DAG(s) dict_keys(['example_external_task_marker_child', 'example_external_task_marker_parent']) retrieved from /home/airflow/.local/lib/python3.7/site-packages/airflow/example_dags/example_external_task_marker_dag.py
[2024-01-05T14:06:14.246+0000] {logging_mixin.py:137} INFO - [2024-01-05T14:06:14.246+0000] {dag.py:2690} INFO - Sync 2 DAGs
[2024-01-05T14:06:14.271+0000] {logging_mixin.py:137} INFO - [2024-01-05T14:06:14.271+0000] {dag.py:3441} INFO - Setting next_dagrun for example_external_task_marker_child to None, run_after=None
[2024-01-05T14:06:14.274+0000] {logging_mixin.py:137} INFO - [2024-01-05T14:06:14.274+0000] {dag.py:3441} INFO - Setting next_dagrun for example_external_task_marker_parent to None, run_after=None
[2024-01-05T14:06:14.288+0000] {processor.py:175} INFO - Processing /home/airflow/.local/lib/python3.7/site-packages/airflow/example_dags/example_external_task_marker_dag.py took 0.106 seconds
[2024-01-05T14:06:44.361+0000] {processor.py:153} INFO - Started process (PID=5783) to work on /home/airflow/.local/lib/python3.7/site-packages/airflow/example_dags/example_external_task_marker_dag.py
[2024-01-05T14:06:44.363+0000] {processor.py:743} INFO - Processing file /home/airflow/.local/lib/python3.7/site-packages/airflow/example_dags/example_external_task_marker_dag.py for tasks to queue
[2024-01-05T14:06:44.364+0000] {logging_mixin.py:137} INFO - [2024-01-05T14:06:44.364+0000] {dagbag.py:538} INFO - Filling up the DagBag from /home/airflow/.local/lib/python3.7/site-packages/airflow/example_dags/example_external_task_marker_dag.py
[2024-01-05T14:06:44.377+0000] {processor.py:753} INFO - DAG(s) dict_keys(['example_external_task_marker_parent', 'example_external_task_marker_child']) retrieved from /home/airflow/.local/lib/python3.7/site-packages/airflow/example_dags/example_external_task_marker_dag.py
[2024-01-05T14:06:44.409+0000] {logging_mixin.py:137} INFO - [2024-01-05T14:06:44.409+0000] {dag.py:2690} INFO - Sync 2 DAGs
[2024-01-05T14:06:44.433+0000] {logging_mixin.py:137} INFO - [2024-01-05T14:06:44.433+0000] {dag.py:3441} INFO - Setting next_dagrun for example_external_task_marker_child to None, run_after=None
[2024-01-05T14:06:44.437+0000] {logging_mixin.py:137} INFO - [2024-01-05T14:06:44.437+0000] {dag.py:3441} INFO - Setting next_dagrun for example_external_task_marker_parent to None, run_after=None
[2024-01-05T14:06:44.452+0000] {processor.py:175} INFO - Processing /home/airflow/.local/lib/python3.7/site-packages/airflow/example_dags/example_external_task_marker_dag.py took 0.094 seconds
[2024-01-05T14:07:14.695+0000] {processor.py:153} INFO - Started process (PID=5846) to work on /home/airflow/.local/lib/python3.7/site-packages/airflow/example_dags/example_external_task_marker_dag.py
[2024-01-05T14:07:14.697+0000] {processor.py:743} INFO - Processing file /home/airflow/.local/lib/python3.7/site-packages/airflow/example_dags/example_external_task_marker_dag.py for tasks to queue
[2024-01-05T14:07:14.699+0000] {logging_mixin.py:137} INFO - [2024-01-05T14:07:14.699+0000] {dagbag.py:538} INFO - Filling up the DagBag from /home/airflow/.local/lib/python3.7/site-packages/airflow/example_dags/example_external_task_marker_dag.py
[2024-01-05T14:07:14.711+0000] {processor.py:753} INFO - DAG(s) dict_keys(['example_external_task_marker_child', 'example_external_task_marker_parent']) retrieved from /home/airflow/.local/lib/python3.7/site-packages/airflow/example_dags/example_external_task_marker_dag.py
[2024-01-05T14:07:14.733+0000] {logging_mixin.py:137} INFO - [2024-01-05T14:07:14.732+0000] {dag.py:2690} INFO - Sync 2 DAGs
[2024-01-05T14:07:14.748+0000] {logging_mixin.py:137} INFO - [2024-01-05T14:07:14.748+0000] {dag.py:3441} INFO - Setting next_dagrun for example_external_task_marker_child to None, run_after=None
[2024-01-05T14:07:14.751+0000] {logging_mixin.py:137} INFO - [2024-01-05T14:07:14.751+0000] {dag.py:3441} INFO - Setting next_dagrun for example_external_task_marker_parent to None, run_after=None
[2024-01-05T14:07:14.761+0000] {processor.py:175} INFO - Processing /home/airflow/.local/lib/python3.7/site-packages/airflow/example_dags/example_external_task_marker_dag.py took 0.070 seconds
[2024-01-05T14:07:45.503+0000] {processor.py:153} INFO - Started process (PID=5921) to work on /home/airflow/.local/lib/python3.7/site-packages/airflow/example_dags/example_external_task_marker_dag.py
[2024-01-05T14:07:45.504+0000] {processor.py:743} INFO - Processing file /home/airflow/.local/lib/python3.7/site-packages/airflow/example_dags/example_external_task_marker_dag.py for tasks to queue
[2024-01-05T14:07:45.504+0000] {logging_mixin.py:137} INFO - [2024-01-05T14:07:45.504+0000] {dagbag.py:538} INFO - Filling up the DagBag from /home/airflow/.local/lib/python3.7/site-packages/airflow/example_dags/example_external_task_marker_dag.py
[2024-01-05T14:07:45.514+0000] {processor.py:753} INFO - DAG(s) dict_keys(['example_external_task_marker_child', 'example_external_task_marker_parent']) retrieved from /home/airflow/.local/lib/python3.7/site-packages/airflow/example_dags/example_external_task_marker_dag.py
[2024-01-05T14:07:45.535+0000] {logging_mixin.py:137} INFO - [2024-01-05T14:07:45.535+0000] {dag.py:2690} INFO - Sync 2 DAGs
[2024-01-05T14:07:45.550+0000] {logging_mixin.py:137} INFO - [2024-01-05T14:07:45.550+0000] {dag.py:3441} INFO - Setting next_dagrun for example_external_task_marker_child to None, run_after=None
[2024-01-05T14:07:45.552+0000] {logging_mixin.py:137} INFO - [2024-01-05T14:07:45.552+0000] {dag.py:3441} INFO - Setting next_dagrun for example_external_task_marker_parent to None, run_after=None
[2024-01-05T14:07:45.562+0000] {processor.py:175} INFO - Processing /home/airflow/.local/lib/python3.7/site-packages/airflow/example_dags/example_external_task_marker_dag.py took 0.062 seconds
[2024-01-05T14:08:16.260+0000] {processor.py:153} INFO - Started process (PID=5984) to work on /home/airflow/.local/lib/python3.7/site-packages/airflow/example_dags/example_external_task_marker_dag.py
[2024-01-05T14:08:16.262+0000] {processor.py:743} INFO - Processing file /home/airflow/.local/lib/python3.7/site-packages/airflow/example_dags/example_external_task_marker_dag.py for tasks to queue
[2024-01-05T14:08:16.263+0000] {logging_mixin.py:137} INFO - [2024-01-05T14:08:16.263+0000] {dagbag.py:538} INFO - Filling up the DagBag from /home/airflow/.local/lib/python3.7/site-packages/airflow/example_dags/example_external_task_marker_dag.py
[2024-01-05T14:08:16.281+0000] {processor.py:753} INFO - DAG(s) dict_keys(['example_external_task_marker_parent', 'example_external_task_marker_child']) retrieved from /home/airflow/.local/lib/python3.7/site-packages/airflow/example_dags/example_external_task_marker_dag.py
[2024-01-05T14:08:16.303+0000] {logging_mixin.py:137} INFO - [2024-01-05T14:08:16.303+0000] {dag.py:2690} INFO - Sync 2 DAGs
[2024-01-05T14:08:16.318+0000] {logging_mixin.py:137} INFO - [2024-01-05T14:08:16.318+0000] {dag.py:3441} INFO - Setting next_dagrun for example_external_task_marker_child to None, run_after=None
[2024-01-05T14:08:16.320+0000] {logging_mixin.py:137} INFO - [2024-01-05T14:08:16.320+0000] {dag.py:3441} INFO - Setting next_dagrun for example_external_task_marker_parent to None, run_after=None
[2024-01-05T14:08:16.329+0000] {processor.py:175} INFO - Processing /home/airflow/.local/lib/python3.7/site-packages/airflow/example_dags/example_external_task_marker_dag.py took 0.078 seconds
[2024-01-05T14:08:46.409+0000] {processor.py:153} INFO - Started process (PID=6059) to work on /home/airflow/.local/lib/python3.7/site-packages/airflow/example_dags/example_external_task_marker_dag.py
[2024-01-05T14:08:46.411+0000] {processor.py:743} INFO - Processing file /home/airflow/.local/lib/python3.7/site-packages/airflow/example_dags/example_external_task_marker_dag.py for tasks to queue
[2024-01-05T14:08:46.412+0000] {logging_mixin.py:137} INFO - [2024-01-05T14:08:46.412+0000] {dagbag.py:538} INFO - Filling up the DagBag from /home/airflow/.local/lib/python3.7/site-packages/airflow/example_dags/example_external_task_marker_dag.py
[2024-01-05T14:08:46.425+0000] {processor.py:753} INFO - DAG(s) dict_keys(['example_external_task_marker_child', 'example_external_task_marker_parent']) retrieved from /home/airflow/.local/lib/python3.7/site-packages/airflow/example_dags/example_external_task_marker_dag.py
[2024-01-05T14:08:46.445+0000] {logging_mixin.py:137} INFO - [2024-01-05T14:08:46.445+0000] {dag.py:2690} INFO - Sync 2 DAGs
[2024-01-05T14:08:46.461+0000] {logging_mixin.py:137} INFO - [2024-01-05T14:08:46.461+0000] {dag.py:3441} INFO - Setting next_dagrun for example_external_task_marker_child to None, run_after=None
[2024-01-05T14:08:46.463+0000] {logging_mixin.py:137} INFO - [2024-01-05T14:08:46.463+0000] {dag.py:3441} INFO - Setting next_dagrun for example_external_task_marker_parent to None, run_after=None
[2024-01-05T14:08:46.472+0000] {processor.py:175} INFO - Processing /home/airflow/.local/lib/python3.7/site-packages/airflow/example_dags/example_external_task_marker_dag.py took 0.067 seconds
[2024-01-05T14:09:16.758+0000] {processor.py:153} INFO - Started process (PID=6123) to work on /home/airflow/.local/lib/python3.7/site-packages/airflow/example_dags/example_external_task_marker_dag.py
[2024-01-05T14:09:16.760+0000] {processor.py:743} INFO - Processing file /home/airflow/.local/lib/python3.7/site-packages/airflow/example_dags/example_external_task_marker_dag.py for tasks to queue
[2024-01-05T14:09:16.760+0000] {logging_mixin.py:137} INFO - [2024-01-05T14:09:16.760+0000] {dagbag.py:538} INFO - Filling up the DagBag from /home/airflow/.local/lib/python3.7/site-packages/airflow/example_dags/example_external_task_marker_dag.py
[2024-01-05T14:09:16.773+0000] {processor.py:753} INFO - DAG(s) dict_keys(['example_external_task_marker_child', 'example_external_task_marker_parent']) retrieved from /home/airflow/.local/lib/python3.7/site-packages/airflow/example_dags/example_external_task_marker_dag.py
[2024-01-05T14:09:16.796+0000] {logging_mixin.py:137} INFO - [2024-01-05T14:09:16.796+0000] {dag.py:2690} INFO - Sync 2 DAGs
[2024-01-05T14:09:16.811+0000] {logging_mixin.py:137} INFO - [2024-01-05T14:09:16.811+0000] {dag.py:3441} INFO - Setting next_dagrun for example_external_task_marker_child to None, run_after=None
[2024-01-05T14:09:16.813+0000] {logging_mixin.py:137} INFO - [2024-01-05T14:09:16.813+0000] {dag.py:3441} INFO - Setting next_dagrun for example_external_task_marker_parent to None, run_after=None
[2024-01-05T14:09:16.822+0000] {processor.py:175} INFO - Processing /home/airflow/.local/lib/python3.7/site-packages/airflow/example_dags/example_external_task_marker_dag.py took 0.068 seconds
[2024-01-05T14:09:47.226+0000] {processor.py:153} INFO - Started process (PID=6198) to work on /home/airflow/.local/lib/python3.7/site-packages/airflow/example_dags/example_external_task_marker_dag.py
[2024-01-05T14:09:47.227+0000] {processor.py:743} INFO - Processing file /home/airflow/.local/lib/python3.7/site-packages/airflow/example_dags/example_external_task_marker_dag.py for tasks to queue
[2024-01-05T14:09:47.228+0000] {logging_mixin.py:137} INFO - [2024-01-05T14:09:47.228+0000] {dagbag.py:538} INFO - Filling up the DagBag from /home/airflow/.local/lib/python3.7/site-packages/airflow/example_dags/example_external_task_marker_dag.py
[2024-01-05T14:09:47.239+0000] {processor.py:753} INFO - DAG(s) dict_keys(['example_external_task_marker_parent', 'example_external_task_marker_child']) retrieved from /home/airflow/.local/lib/python3.7/site-packages/airflow/example_dags/example_external_task_marker_dag.py
[2024-01-05T14:09:47.258+0000] {logging_mixin.py:137} INFO - [2024-01-05T14:09:47.258+0000] {dag.py:2690} INFO - Sync 2 DAGs
[2024-01-05T14:09:47.274+0000] {logging_mixin.py:137} INFO - [2024-01-05T14:09:47.274+0000] {dag.py:3441} INFO - Setting next_dagrun for example_external_task_marker_child to None, run_after=None
[2024-01-05T14:09:47.276+0000] {logging_mixin.py:137} INFO - [2024-01-05T14:09:47.276+0000] {dag.py:3441} INFO - Setting next_dagrun for example_external_task_marker_parent to None, run_after=None
[2024-01-05T14:09:47.285+0000] {processor.py:175} INFO - Processing /home/airflow/.local/lib/python3.7/site-packages/airflow/example_dags/example_external_task_marker_dag.py took 0.062 seconds
[2024-01-05T14:10:18.321+0000] {processor.py:153} INFO - Started process (PID=6260) to work on /home/airflow/.local/lib/python3.7/site-packages/airflow/example_dags/example_external_task_marker_dag.py
[2024-01-05T14:10:18.323+0000] {processor.py:743} INFO - Processing file /home/airflow/.local/lib/python3.7/site-packages/airflow/example_dags/example_external_task_marker_dag.py for tasks to queue
[2024-01-05T14:10:18.323+0000] {logging_mixin.py:137} INFO - [2024-01-05T14:10:18.323+0000] {dagbag.py:538} INFO - Filling up the DagBag from /home/airflow/.local/lib/python3.7/site-packages/airflow/example_dags/example_external_task_marker_dag.py
[2024-01-05T14:10:18.334+0000] {processor.py:753} INFO - DAG(s) dict_keys(['example_external_task_marker_parent', 'example_external_task_marker_child']) retrieved from /home/airflow/.local/lib/python3.7/site-packages/airflow/example_dags/example_external_task_marker_dag.py
[2024-01-05T14:10:18.356+0000] {logging_mixin.py:137} INFO - [2024-01-05T14:10:18.356+0000] {dag.py:2690} INFO - Sync 2 DAGs
[2024-01-05T14:10:18.371+0000] {logging_mixin.py:137} INFO - [2024-01-05T14:10:18.371+0000] {dag.py:3441} INFO - Setting next_dagrun for example_external_task_marker_child to None, run_after=None
[2024-01-05T14:10:18.374+0000] {logging_mixin.py:137} INFO - [2024-01-05T14:10:18.374+0000] {dag.py:3441} INFO - Setting next_dagrun for example_external_task_marker_parent to None, run_after=None
[2024-01-05T14:10:18.383+0000] {processor.py:175} INFO - Processing /home/airflow/.local/lib/python3.7/site-packages/airflow/example_dags/example_external_task_marker_dag.py took 0.065 seconds
[2024-01-05T14:10:49.073+0000] {processor.py:153} INFO - Started process (PID=6333) to work on /home/airflow/.local/lib/python3.7/site-packages/airflow/example_dags/example_external_task_marker_dag.py
[2024-01-05T14:10:49.075+0000] {processor.py:743} INFO - Processing file /home/airflow/.local/lib/python3.7/site-packages/airflow/example_dags/example_external_task_marker_dag.py for tasks to queue
[2024-01-05T14:10:49.076+0000] {logging_mixin.py:137} INFO - [2024-01-05T14:10:49.076+0000] {dagbag.py:538} INFO - Filling up the DagBag from /home/airflow/.local/lib/python3.7/site-packages/airflow/example_dags/example_external_task_marker_dag.py
[2024-01-05T14:10:49.086+0000] {processor.py:753} INFO - DAG(s) dict_keys(['example_external_task_marker_parent', 'example_external_task_marker_child']) retrieved from /home/airflow/.local/lib/python3.7/site-packages/airflow/example_dags/example_external_task_marker_dag.py
[2024-01-05T14:10:49.109+0000] {logging_mixin.py:137} INFO - [2024-01-05T14:10:49.109+0000] {dag.py:2690} INFO - Sync 2 DAGs
[2024-01-05T14:10:49.126+0000] {logging_mixin.py:137} INFO - [2024-01-05T14:10:49.126+0000] {dag.py:3441} INFO - Setting next_dagrun for example_external_task_marker_child to None, run_after=None
[2024-01-05T14:10:49.129+0000] {logging_mixin.py:137} INFO - [2024-01-05T14:10:49.129+0000] {dag.py:3441} INFO - Setting next_dagrun for example_external_task_marker_parent to None, run_after=None
[2024-01-05T14:10:49.139+0000] {processor.py:175} INFO - Processing /home/airflow/.local/lib/python3.7/site-packages/airflow/example_dags/example_external_task_marker_dag.py took 0.068 seconds
[2024-01-05T14:11:19.971+0000] {processor.py:153} INFO - Started process (PID=6396) to work on /home/airflow/.local/lib/python3.7/site-packages/airflow/example_dags/example_external_task_marker_dag.py
[2024-01-05T14:11:19.973+0000] {processor.py:743} INFO - Processing file /home/airflow/.local/lib/python3.7/site-packages/airflow/example_dags/example_external_task_marker_dag.py for tasks to queue
[2024-01-05T14:11:19.975+0000] {logging_mixin.py:137} INFO - [2024-01-05T14:11:19.975+0000] {dagbag.py:538} INFO - Filling up the DagBag from /home/airflow/.local/lib/python3.7/site-packages/airflow/example_dags/example_external_task_marker_dag.py
[2024-01-05T14:11:19.992+0000] {processor.py:753} INFO - DAG(s) dict_keys(['example_external_task_marker_child', 'example_external_task_marker_parent']) retrieved from /home/airflow/.local/lib/python3.7/site-packages/airflow/example_dags/example_external_task_marker_dag.py
[2024-01-05T14:11:20.031+0000] {logging_mixin.py:137} INFO - [2024-01-05T14:11:20.031+0000] {dag.py:2690} INFO - Sync 2 DAGs
[2024-01-05T14:11:20.051+0000] {logging_mixin.py:137} INFO - [2024-01-05T14:11:20.051+0000] {dag.py:3441} INFO - Setting next_dagrun for example_external_task_marker_child to None, run_after=None
[2024-01-05T14:11:20.054+0000] {logging_mixin.py:137} INFO - [2024-01-05T14:11:20.054+0000] {dag.py:3441} INFO - Setting next_dagrun for example_external_task_marker_parent to None, run_after=None
[2024-01-05T14:11:20.067+0000] {processor.py:175} INFO - Processing /home/airflow/.local/lib/python3.7/site-packages/airflow/example_dags/example_external_task_marker_dag.py took 0.098 seconds
[2024-01-05T14:11:50.291+0000] {processor.py:153} INFO - Started process (PID=6470) to work on /home/airflow/.local/lib/python3.7/site-packages/airflow/example_dags/example_external_task_marker_dag.py
[2024-01-05T14:11:50.293+0000] {processor.py:743} INFO - Processing file /home/airflow/.local/lib/python3.7/site-packages/airflow/example_dags/example_external_task_marker_dag.py for tasks to queue
[2024-01-05T14:11:50.293+0000] {logging_mixin.py:137} INFO - [2024-01-05T14:11:50.293+0000] {dagbag.py:538} INFO - Filling up the DagBag from /home/airflow/.local/lib/python3.7/site-packages/airflow/example_dags/example_external_task_marker_dag.py
[2024-01-05T14:11:50.304+0000] {processor.py:753} INFO - DAG(s) dict_keys(['example_external_task_marker_parent', 'example_external_task_marker_child']) retrieved from /home/airflow/.local/lib/python3.7/site-packages/airflow/example_dags/example_external_task_marker_dag.py
[2024-01-05T14:11:50.326+0000] {logging_mixin.py:137} INFO - [2024-01-05T14:11:50.326+0000] {dag.py:2690} INFO - Sync 2 DAGs
[2024-01-05T14:11:50.343+0000] {logging_mixin.py:137} INFO - [2024-01-05T14:11:50.343+0000] {dag.py:3441} INFO - Setting next_dagrun for example_external_task_marker_child to None, run_after=None
[2024-01-05T14:11:50.346+0000] {logging_mixin.py:137} INFO - [2024-01-05T14:11:50.346+0000] {dag.py:3441} INFO - Setting next_dagrun for example_external_task_marker_parent to None, run_after=None
[2024-01-05T14:11:50.356+0000] {processor.py:175} INFO - Processing /home/airflow/.local/lib/python3.7/site-packages/airflow/example_dags/example_external_task_marker_dag.py took 0.067 seconds
[2024-01-05T14:12:21.062+0000] {processor.py:153} INFO - Started process (PID=6546) to work on /home/airflow/.local/lib/python3.7/site-packages/airflow/example_dags/example_external_task_marker_dag.py
[2024-01-05T14:12:21.064+0000] {processor.py:743} INFO - Processing file /home/airflow/.local/lib/python3.7/site-packages/airflow/example_dags/example_external_task_marker_dag.py for tasks to queue
[2024-01-05T14:12:21.065+0000] {logging_mixin.py:137} INFO - [2024-01-05T14:12:21.065+0000] {dagbag.py:538} INFO - Filling up the DagBag from /home/airflow/.local/lib/python3.7/site-packages/airflow/example_dags/example_external_task_marker_dag.py
[2024-01-05T14:12:21.078+0000] {processor.py:753} INFO - DAG(s) dict_keys(['example_external_task_marker_child', 'example_external_task_marker_parent']) retrieved from /home/airflow/.local/lib/python3.7/site-packages/airflow/example_dags/example_external_task_marker_dag.py
[2024-01-05T14:12:21.117+0000] {logging_mixin.py:137} INFO - [2024-01-05T14:12:21.116+0000] {dag.py:2690} INFO - Sync 2 DAGs
[2024-01-05T14:12:21.144+0000] {logging_mixin.py:137} INFO - [2024-01-05T14:12:21.144+0000] {dag.py:3441} INFO - Setting next_dagrun for example_external_task_marker_child to None, run_after=None
[2024-01-05T14:12:21.156+0000] {logging_mixin.py:137} INFO - [2024-01-05T14:12:21.156+0000] {dag.py:3441} INFO - Setting next_dagrun for example_external_task_marker_parent to None, run_after=None
[2024-01-05T14:12:21.170+0000] {processor.py:175} INFO - Processing /home/airflow/.local/lib/python3.7/site-packages/airflow/example_dags/example_external_task_marker_dag.py took 0.110 seconds
[2024-01-05T14:12:51.839+0000] {processor.py:153} INFO - Started process (PID=6609) to work on /home/airflow/.local/lib/python3.7/site-packages/airflow/example_dags/example_external_task_marker_dag.py
[2024-01-05T14:12:51.841+0000] {processor.py:743} INFO - Processing file /home/airflow/.local/lib/python3.7/site-packages/airflow/example_dags/example_external_task_marker_dag.py for tasks to queue
[2024-01-05T14:12:51.842+0000] {logging_mixin.py:137} INFO - [2024-01-05T14:12:51.841+0000] {dagbag.py:538} INFO - Filling up the DagBag from /home/airflow/.local/lib/python3.7/site-packages/airflow/example_dags/example_external_task_marker_dag.py
[2024-01-05T14:12:51.852+0000] {processor.py:753} INFO - DAG(s) dict_keys(['example_external_task_marker_parent', 'example_external_task_marker_child']) retrieved from /home/airflow/.local/lib/python3.7/site-packages/airflow/example_dags/example_external_task_marker_dag.py
[2024-01-05T14:12:51.875+0000] {logging_mixin.py:137} INFO - [2024-01-05T14:12:51.875+0000] {dag.py:2690} INFO - Sync 2 DAGs
[2024-01-05T14:12:51.891+0000] {logging_mixin.py:137} INFO - [2024-01-05T14:12:51.891+0000] {dag.py:3441} INFO - Setting next_dagrun for example_external_task_marker_child to None, run_after=None
[2024-01-05T14:12:51.894+0000] {logging_mixin.py:137} INFO - [2024-01-05T14:12:51.894+0000] {dag.py:3441} INFO - Setting next_dagrun for example_external_task_marker_parent to None, run_after=None
[2024-01-05T14:12:51.904+0000] {processor.py:175} INFO - Processing /home/airflow/.local/lib/python3.7/site-packages/airflow/example_dags/example_external_task_marker_dag.py took 0.067 seconds
[2024-01-05T14:13:22.566+0000] {processor.py:153} INFO - Started process (PID=6683) to work on /home/airflow/.local/lib/python3.7/site-packages/airflow/example_dags/example_external_task_marker_dag.py
[2024-01-05T14:13:22.568+0000] {processor.py:743} INFO - Processing file /home/airflow/.local/lib/python3.7/site-packages/airflow/example_dags/example_external_task_marker_dag.py for tasks to queue
[2024-01-05T14:13:22.569+0000] {logging_mixin.py:137} INFO - [2024-01-05T14:13:22.569+0000] {dagbag.py:538} INFO - Filling up the DagBag from /home/airflow/.local/lib/python3.7/site-packages/airflow/example_dags/example_external_task_marker_dag.py
[2024-01-05T14:13:22.579+0000] {processor.py:753} INFO - DAG(s) dict_keys(['example_external_task_marker_child', 'example_external_task_marker_parent']) retrieved from /home/airflow/.local/lib/python3.7/site-packages/airflow/example_dags/example_external_task_marker_dag.py
[2024-01-05T14:13:22.607+0000] {logging_mixin.py:137} INFO - [2024-01-05T14:13:22.606+0000] {dag.py:2690} INFO - Sync 2 DAGs
[2024-01-05T14:13:22.626+0000] {logging_mixin.py:137} INFO - [2024-01-05T14:13:22.626+0000] {dag.py:3441} INFO - Setting next_dagrun for example_external_task_marker_child to None, run_after=None
[2024-01-05T14:13:22.630+0000] {logging_mixin.py:137} INFO - [2024-01-05T14:13:22.630+0000] {dag.py:3441} INFO - Setting next_dagrun for example_external_task_marker_parent to None, run_after=None
[2024-01-05T14:13:22.643+0000] {processor.py:175} INFO - Processing /home/airflow/.local/lib/python3.7/site-packages/airflow/example_dags/example_external_task_marker_dag.py took 0.080 seconds
[2024-01-05T14:13:53.384+0000] {processor.py:153} INFO - Started process (PID=6746) to work on /home/airflow/.local/lib/python3.7/site-packages/airflow/example_dags/example_external_task_marker_dag.py
[2024-01-05T14:13:53.386+0000] {processor.py:743} INFO - Processing file /home/airflow/.local/lib/python3.7/site-packages/airflow/example_dags/example_external_task_marker_dag.py for tasks to queue
[2024-01-05T14:13:53.387+0000] {logging_mixin.py:137} INFO - [2024-01-05T14:13:53.387+0000] {dagbag.py:538} INFO - Filling up the DagBag from /home/airflow/.local/lib/python3.7/site-packages/airflow/example_dags/example_external_task_marker_dag.py
[2024-01-05T14:13:53.397+0000] {processor.py:753} INFO - DAG(s) dict_keys(['example_external_task_marker_parent', 'example_external_task_marker_child']) retrieved from /home/airflow/.local/lib/python3.7/site-packages/airflow/example_dags/example_external_task_marker_dag.py
[2024-01-05T14:13:53.421+0000] {logging_mixin.py:137} INFO - [2024-01-05T14:13:53.421+0000] {dag.py:2690} INFO - Sync 2 DAGs
[2024-01-05T14:13:53.438+0000] {logging_mixin.py:137} INFO - [2024-01-05T14:13:53.438+0000] {dag.py:3441} INFO - Setting next_dagrun for example_external_task_marker_child to None, run_after=None
[2024-01-05T14:13:53.441+0000] {logging_mixin.py:137} INFO - [2024-01-05T14:13:53.441+0000] {dag.py:3441} INFO - Setting next_dagrun for example_external_task_marker_parent to None, run_after=None
[2024-01-05T14:13:53.454+0000] {processor.py:175} INFO - Processing /home/airflow/.local/lib/python3.7/site-packages/airflow/example_dags/example_external_task_marker_dag.py took 0.072 seconds
[2024-01-05T14:14:23.602+0000] {processor.py:153} INFO - Started process (PID=6822) to work on /home/airflow/.local/lib/python3.7/site-packages/airflow/example_dags/example_external_task_marker_dag.py
[2024-01-05T14:14:23.603+0000] {processor.py:743} INFO - Processing file /home/airflow/.local/lib/python3.7/site-packages/airflow/example_dags/example_external_task_marker_dag.py for tasks to queue
[2024-01-05T14:14:23.604+0000] {logging_mixin.py:137} INFO - [2024-01-05T14:14:23.604+0000] {dagbag.py:538} INFO - Filling up the DagBag from /home/airflow/.local/lib/python3.7/site-packages/airflow/example_dags/example_external_task_marker_dag.py
[2024-01-05T14:14:23.616+0000] {processor.py:753} INFO - DAG(s) dict_keys(['example_external_task_marker_parent', 'example_external_task_marker_child']) retrieved from /home/airflow/.local/lib/python3.7/site-packages/airflow/example_dags/example_external_task_marker_dag.py
[2024-01-05T14:14:23.638+0000] {logging_mixin.py:137} INFO - [2024-01-05T14:14:23.638+0000] {dag.py:2690} INFO - Sync 2 DAGs
[2024-01-05T14:14:23.655+0000] {logging_mixin.py:137} INFO - [2024-01-05T14:14:23.655+0000] {dag.py:3441} INFO - Setting next_dagrun for example_external_task_marker_child to None, run_after=None
[2024-01-05T14:14:23.658+0000] {logging_mixin.py:137} INFO - [2024-01-05T14:14:23.658+0000] {dag.py:3441} INFO - Setting next_dagrun for example_external_task_marker_parent to None, run_after=None
[2024-01-05T14:14:23.669+0000] {processor.py:175} INFO - Processing /home/airflow/.local/lib/python3.7/site-packages/airflow/example_dags/example_external_task_marker_dag.py took 0.070 seconds
[2024-01-05T14:14:54.343+0000] {processor.py:153} INFO - Started process (PID=6885) to work on /home/airflow/.local/lib/python3.7/site-packages/airflow/example_dags/example_external_task_marker_dag.py
[2024-01-05T14:14:54.345+0000] {processor.py:743} INFO - Processing file /home/airflow/.local/lib/python3.7/site-packages/airflow/example_dags/example_external_task_marker_dag.py for tasks to queue
[2024-01-05T14:14:54.347+0000] {logging_mixin.py:137} INFO - [2024-01-05T14:14:54.346+0000] {dagbag.py:538} INFO - Filling up the DagBag from /home/airflow/.local/lib/python3.7/site-packages/airflow/example_dags/example_external_task_marker_dag.py
[2024-01-05T14:14:54.360+0000] {processor.py:753} INFO - DAG(s) dict_keys(['example_external_task_marker_child', 'example_external_task_marker_parent']) retrieved from /home/airflow/.local/lib/python3.7/site-packages/airflow/example_dags/example_external_task_marker_dag.py
[2024-01-05T14:14:54.396+0000] {logging_mixin.py:137} INFO - [2024-01-05T14:14:54.395+0000] {dag.py:2690} INFO - Sync 2 DAGs
[2024-01-05T14:14:54.428+0000] {logging_mixin.py:137} INFO - [2024-01-05T14:14:54.428+0000] {dag.py:3441} INFO - Setting next_dagrun for example_external_task_marker_child to None, run_after=None
[2024-01-05T14:14:54.434+0000] {logging_mixin.py:137} INFO - [2024-01-05T14:14:54.434+0000] {dag.py:3441} INFO - Setting next_dagrun for example_external_task_marker_parent to None, run_after=None
[2024-01-05T14:14:54.446+0000] {processor.py:175} INFO - Processing /home/airflow/.local/lib/python3.7/site-packages/airflow/example_dags/example_external_task_marker_dag.py took 0.107 seconds
[2024-01-05T14:15:25.494+0000] {processor.py:153} INFO - Started process (PID=6960) to work on /home/airflow/.local/lib/python3.7/site-packages/airflow/example_dags/example_external_task_marker_dag.py
[2024-01-05T14:15:25.495+0000] {processor.py:743} INFO - Processing file /home/airflow/.local/lib/python3.7/site-packages/airflow/example_dags/example_external_task_marker_dag.py for tasks to queue
[2024-01-05T14:15:25.496+0000] {logging_mixin.py:137} INFO - [2024-01-05T14:15:25.496+0000] {dagbag.py:538} INFO - Filling up the DagBag from /home/airflow/.local/lib/python3.7/site-packages/airflow/example_dags/example_external_task_marker_dag.py
[2024-01-05T14:15:25.508+0000] {processor.py:753} INFO - DAG(s) dict_keys(['example_external_task_marker_parent', 'example_external_task_marker_child']) retrieved from /home/airflow/.local/lib/python3.7/site-packages/airflow/example_dags/example_external_task_marker_dag.py
[2024-01-05T14:15:25.531+0000] {logging_mixin.py:137} INFO - [2024-01-05T14:15:25.531+0000] {dag.py:2690} INFO - Sync 2 DAGs
[2024-01-05T14:15:25.548+0000] {logging_mixin.py:137} INFO - [2024-01-05T14:15:25.548+0000] {dag.py:3441} INFO - Setting next_dagrun for example_external_task_marker_child to None, run_after=None
[2024-01-05T14:15:25.551+0000] {logging_mixin.py:137} INFO - [2024-01-05T14:15:25.551+0000] {dag.py:3441} INFO - Setting next_dagrun for example_external_task_marker_parent to None, run_after=None
[2024-01-05T14:15:25.561+0000] {processor.py:175} INFO - Processing /home/airflow/.local/lib/python3.7/site-packages/airflow/example_dags/example_external_task_marker_dag.py took 0.070 seconds
[2024-01-05T14:15:55.629+0000] {processor.py:153} INFO - Started process (PID=7023) to work on /home/airflow/.local/lib/python3.7/site-packages/airflow/example_dags/example_external_task_marker_dag.py
[2024-01-05T14:15:55.631+0000] {processor.py:743} INFO - Processing file /home/airflow/.local/lib/python3.7/site-packages/airflow/example_dags/example_external_task_marker_dag.py for tasks to queue
[2024-01-05T14:15:55.632+0000] {logging_mixin.py:137} INFO - [2024-01-05T14:15:55.632+0000] {dagbag.py:538} INFO - Filling up the DagBag from /home/airflow/.local/lib/python3.7/site-packages/airflow/example_dags/example_external_task_marker_dag.py
[2024-01-05T14:15:55.642+0000] {processor.py:753} INFO - DAG(s) dict_keys(['example_external_task_marker_child', 'example_external_task_marker_parent']) retrieved from /home/airflow/.local/lib/python3.7/site-packages/airflow/example_dags/example_external_task_marker_dag.py
[2024-01-05T14:15:55.667+0000] {logging_mixin.py:137} INFO - [2024-01-05T14:15:55.667+0000] {dag.py:2690} INFO - Sync 2 DAGs
[2024-01-05T14:15:55.684+0000] {logging_mixin.py:137} INFO - [2024-01-05T14:15:55.684+0000] {dag.py:3441} INFO - Setting next_dagrun for example_external_task_marker_child to None, run_after=None
[2024-01-05T14:15:55.687+0000] {logging_mixin.py:137} INFO - [2024-01-05T14:15:55.687+0000] {dag.py:3441} INFO - Setting next_dagrun for example_external_task_marker_parent to None, run_after=None
[2024-01-05T14:15:55.698+0000] {processor.py:175} INFO - Processing /home/airflow/.local/lib/python3.7/site-packages/airflow/example_dags/example_external_task_marker_dag.py took 0.072 seconds
[2024-01-05T14:16:26.744+0000] {processor.py:153} INFO - Started process (PID=7098) to work on /home/airflow/.local/lib/python3.7/site-packages/airflow/example_dags/example_external_task_marker_dag.py
[2024-01-05T14:16:26.745+0000] {processor.py:743} INFO - Processing file /home/airflow/.local/lib/python3.7/site-packages/airflow/example_dags/example_external_task_marker_dag.py for tasks to queue
[2024-01-05T14:16:26.746+0000] {logging_mixin.py:137} INFO - [2024-01-05T14:16:26.746+0000] {dagbag.py:538} INFO - Filling up the DagBag from /home/airflow/.local/lib/python3.7/site-packages/airflow/example_dags/example_external_task_marker_dag.py
[2024-01-05T14:16:26.757+0000] {processor.py:753} INFO - DAG(s) dict_keys(['example_external_task_marker_child', 'example_external_task_marker_parent']) retrieved from /home/airflow/.local/lib/python3.7/site-packages/airflow/example_dags/example_external_task_marker_dag.py
[2024-01-05T14:16:26.781+0000] {logging_mixin.py:137} INFO - [2024-01-05T14:16:26.781+0000] {dag.py:2690} INFO - Sync 2 DAGs
[2024-01-05T14:16:26.798+0000] {logging_mixin.py:137} INFO - [2024-01-05T14:16:26.798+0000] {dag.py:3441} INFO - Setting next_dagrun for example_external_task_marker_child to None, run_after=None
[2024-01-05T14:16:26.801+0000] {logging_mixin.py:137} INFO - [2024-01-05T14:16:26.801+0000] {dag.py:3441} INFO - Setting next_dagrun for example_external_task_marker_parent to None, run_after=None
[2024-01-05T14:16:26.812+0000] {processor.py:175} INFO - Processing /home/airflow/.local/lib/python3.7/site-packages/airflow/example_dags/example_external_task_marker_dag.py took 0.072 seconds
[2024-01-05T14:16:57.748+0000] {processor.py:153} INFO - Started process (PID=7170) to work on /home/airflow/.local/lib/python3.7/site-packages/airflow/example_dags/example_external_task_marker_dag.py
[2024-01-05T14:16:57.750+0000] {processor.py:743} INFO - Processing file /home/airflow/.local/lib/python3.7/site-packages/airflow/example_dags/example_external_task_marker_dag.py for tasks to queue
[2024-01-05T14:16:57.751+0000] {logging_mixin.py:137} INFO - [2024-01-05T14:16:57.751+0000] {dagbag.py:538} INFO - Filling up the DagBag from /home/airflow/.local/lib/python3.7/site-packages/airflow/example_dags/example_external_task_marker_dag.py
[2024-01-05T14:16:57.778+0000] {processor.py:753} INFO - DAG(s) dict_keys(['example_external_task_marker_parent', 'example_external_task_marker_child']) retrieved from /home/airflow/.local/lib/python3.7/site-packages/airflow/example_dags/example_external_task_marker_dag.py
[2024-01-05T14:16:57.829+0000] {logging_mixin.py:137} INFO - [2024-01-05T14:16:57.829+0000] {dag.py:2690} INFO - Sync 2 DAGs
[2024-01-05T14:16:57.899+0000] {logging_mixin.py:137} INFO - [2024-01-05T14:16:57.899+0000] {dag.py:3441} INFO - Setting next_dagrun for example_external_task_marker_child to None, run_after=None
[2024-01-05T14:16:57.903+0000] {logging_mixin.py:137} INFO - [2024-01-05T14:16:57.903+0000] {dag.py:3441} INFO - Setting next_dagrun for example_external_task_marker_parent to None, run_after=None
[2024-01-05T14:16:57.931+0000] {processor.py:175} INFO - Processing /home/airflow/.local/lib/python3.7/site-packages/airflow/example_dags/example_external_task_marker_dag.py took 0.186 seconds
[2024-01-05T14:17:28.938+0000] {processor.py:153} INFO - Started process (PID=7236) to work on /home/airflow/.local/lib/python3.7/site-packages/airflow/example_dags/example_external_task_marker_dag.py
[2024-01-05T14:17:28.941+0000] {processor.py:743} INFO - Processing file /home/airflow/.local/lib/python3.7/site-packages/airflow/example_dags/example_external_task_marker_dag.py for tasks to queue
[2024-01-05T14:17:28.943+0000] {logging_mixin.py:137} INFO - [2024-01-05T14:17:28.942+0000] {dagbag.py:538} INFO - Filling up the DagBag from /home/airflow/.local/lib/python3.7/site-packages/airflow/example_dags/example_external_task_marker_dag.py
[2024-01-05T14:17:28.967+0000] {processor.py:753} INFO - DAG(s) dict_keys(['example_external_task_marker_parent', 'example_external_task_marker_child']) retrieved from /home/airflow/.local/lib/python3.7/site-packages/airflow/example_dags/example_external_task_marker_dag.py
[2024-01-05T14:17:29.004+0000] {logging_mixin.py:137} INFO - [2024-01-05T14:17:29.004+0000] {dag.py:2690} INFO - Sync 2 DAGs
[2024-01-05T14:17:29.185+0000] {logging_mixin.py:137} INFO - [2024-01-05T14:17:29.182+0000] {dag.py:3441} INFO - Setting next_dagrun for example_external_task_marker_child to None, run_after=None
[2024-01-05T14:17:29.201+0000] {logging_mixin.py:137} INFO - [2024-01-05T14:17:29.200+0000] {dag.py:3441} INFO - Setting next_dagrun for example_external_task_marker_parent to None, run_after=None
[2024-01-05T14:17:29.265+0000] {processor.py:175} INFO - Processing /home/airflow/.local/lib/python3.7/site-packages/airflow/example_dags/example_external_task_marker_dag.py took 0.341 seconds
[2024-01-05T14:17:59.364+0000] {processor.py:153} INFO - Started process (PID=7311) to work on /home/airflow/.local/lib/python3.7/site-packages/airflow/example_dags/example_external_task_marker_dag.py
[2024-01-05T14:17:59.366+0000] {processor.py:743} INFO - Processing file /home/airflow/.local/lib/python3.7/site-packages/airflow/example_dags/example_external_task_marker_dag.py for tasks to queue
[2024-01-05T14:17:59.367+0000] {logging_mixin.py:137} INFO - [2024-01-05T14:17:59.367+0000] {dagbag.py:538} INFO - Filling up the DagBag from /home/airflow/.local/lib/python3.7/site-packages/airflow/example_dags/example_external_task_marker_dag.py
[2024-01-05T14:17:59.398+0000] {processor.py:753} INFO - DAG(s) dict_keys(['example_external_task_marker_child', 'example_external_task_marker_parent']) retrieved from /home/airflow/.local/lib/python3.7/site-packages/airflow/example_dags/example_external_task_marker_dag.py
[2024-01-05T14:17:59.446+0000] {logging_mixin.py:137} INFO - [2024-01-05T14:17:59.445+0000] {dag.py:2690} INFO - Sync 2 DAGs
[2024-01-05T14:17:59.478+0000] {logging_mixin.py:137} INFO - [2024-01-05T14:17:59.478+0000] {dag.py:3441} INFO - Setting next_dagrun for example_external_task_marker_child to None, run_after=None
[2024-01-05T14:17:59.485+0000] {logging_mixin.py:137} INFO - [2024-01-05T14:17:59.485+0000] {dag.py:3441} INFO - Setting next_dagrun for example_external_task_marker_parent to None, run_after=None
[2024-01-05T14:17:59.501+0000] {processor.py:175} INFO - Processing /home/airflow/.local/lib/python3.7/site-packages/airflow/example_dags/example_external_task_marker_dag.py took 0.141 seconds
[2024-01-05T14:18:29.647+0000] {processor.py:153} INFO - Started process (PID=7373) to work on /home/airflow/.local/lib/python3.7/site-packages/airflow/example_dags/example_external_task_marker_dag.py
[2024-01-05T14:18:29.648+0000] {processor.py:743} INFO - Processing file /home/airflow/.local/lib/python3.7/site-packages/airflow/example_dags/example_external_task_marker_dag.py for tasks to queue
[2024-01-05T14:18:29.649+0000] {logging_mixin.py:137} INFO - [2024-01-05T14:18:29.649+0000] {dagbag.py:538} INFO - Filling up the DagBag from /home/airflow/.local/lib/python3.7/site-packages/airflow/example_dags/example_external_task_marker_dag.py
[2024-01-05T14:18:29.659+0000] {processor.py:753} INFO - DAG(s) dict_keys(['example_external_task_marker_child', 'example_external_task_marker_parent']) retrieved from /home/airflow/.local/lib/python3.7/site-packages/airflow/example_dags/example_external_task_marker_dag.py
[2024-01-05T14:18:29.682+0000] {logging_mixin.py:137} INFO - [2024-01-05T14:18:29.682+0000] {dag.py:2690} INFO - Sync 2 DAGs
[2024-01-05T14:18:29.702+0000] {logging_mixin.py:137} INFO - [2024-01-05T14:18:29.702+0000] {dag.py:3441} INFO - Setting next_dagrun for example_external_task_marker_child to None, run_after=None
[2024-01-05T14:18:29.705+0000] {logging_mixin.py:137} INFO - [2024-01-05T14:18:29.705+0000] {dag.py:3441} INFO - Setting next_dagrun for example_external_task_marker_parent to None, run_after=None
[2024-01-05T14:18:29.717+0000] {processor.py:175} INFO - Processing /home/airflow/.local/lib/python3.7/site-packages/airflow/example_dags/example_external_task_marker_dag.py took 0.074 seconds
[2024-01-05T14:19:00.148+0000] {processor.py:153} INFO - Started process (PID=7448) to work on /home/airflow/.local/lib/python3.7/site-packages/airflow/example_dags/example_external_task_marker_dag.py
[2024-01-05T14:19:00.149+0000] {processor.py:743} INFO - Processing file /home/airflow/.local/lib/python3.7/site-packages/airflow/example_dags/example_external_task_marker_dag.py for tasks to queue
[2024-01-05T14:19:00.150+0000] {logging_mixin.py:137} INFO - [2024-01-05T14:19:00.150+0000] {dagbag.py:538} INFO - Filling up the DagBag from /home/airflow/.local/lib/python3.7/site-packages/airflow/example_dags/example_external_task_marker_dag.py
[2024-01-05T14:19:00.161+0000] {processor.py:753} INFO - DAG(s) dict_keys(['example_external_task_marker_parent', 'example_external_task_marker_child']) retrieved from /home/airflow/.local/lib/python3.7/site-packages/airflow/example_dags/example_external_task_marker_dag.py
[2024-01-05T14:19:00.185+0000] {logging_mixin.py:137} INFO - [2024-01-05T14:19:00.185+0000] {dag.py:2690} INFO - Sync 2 DAGs
[2024-01-05T14:19:00.201+0000] {logging_mixin.py:137} INFO - [2024-01-05T14:19:00.200+0000] {dag.py:3441} INFO - Setting next_dagrun for example_external_task_marker_child to None, run_after=None
[2024-01-05T14:19:00.203+0000] {logging_mixin.py:137} INFO - [2024-01-05T14:19:00.203+0000] {dag.py:3441} INFO - Setting next_dagrun for example_external_task_marker_parent to None, run_after=None
[2024-01-05T14:19:00.214+0000] {processor.py:175} INFO - Processing /home/airflow/.local/lib/python3.7/site-packages/airflow/example_dags/example_external_task_marker_dag.py took 0.070 seconds
[2024-01-05T14:19:31.339+0000] {processor.py:153} INFO - Started process (PID=7511) to work on /home/airflow/.local/lib/python3.7/site-packages/airflow/example_dags/example_external_task_marker_dag.py
[2024-01-05T14:19:31.341+0000] {processor.py:743} INFO - Processing file /home/airflow/.local/lib/python3.7/site-packages/airflow/example_dags/example_external_task_marker_dag.py for tasks to queue
[2024-01-05T14:19:31.342+0000] {logging_mixin.py:137} INFO - [2024-01-05T14:19:31.342+0000] {dagbag.py:538} INFO - Filling up the DagBag from /home/airflow/.local/lib/python3.7/site-packages/airflow/example_dags/example_external_task_marker_dag.py
[2024-01-05T14:19:31.359+0000] {processor.py:753} INFO - DAG(s) dict_keys(['example_external_task_marker_child', 'example_external_task_marker_parent']) retrieved from /home/airflow/.local/lib/python3.7/site-packages/airflow/example_dags/example_external_task_marker_dag.py
[2024-01-05T14:19:31.407+0000] {logging_mixin.py:137} INFO - [2024-01-05T14:19:31.407+0000] {dag.py:2690} INFO - Sync 2 DAGs
[2024-01-05T14:19:31.433+0000] {logging_mixin.py:137} INFO - [2024-01-05T14:19:31.433+0000] {dag.py:3441} INFO - Setting next_dagrun for example_external_task_marker_child to None, run_after=None
[2024-01-05T14:19:31.437+0000] {logging_mixin.py:137} INFO - [2024-01-05T14:19:31.437+0000] {dag.py:3441} INFO - Setting next_dagrun for example_external_task_marker_parent to None, run_after=None
[2024-01-05T14:19:31.453+0000] {processor.py:175} INFO - Processing /home/airflow/.local/lib/python3.7/site-packages/airflow/example_dags/example_external_task_marker_dag.py took 0.118 seconds
[2024-01-05T14:20:01.502+0000] {processor.py:153} INFO - Started process (PID=7585) to work on /home/airflow/.local/lib/python3.7/site-packages/airflow/example_dags/example_external_task_marker_dag.py
[2024-01-05T14:20:01.503+0000] {processor.py:743} INFO - Processing file /home/airflow/.local/lib/python3.7/site-packages/airflow/example_dags/example_external_task_marker_dag.py for tasks to queue
[2024-01-05T14:20:01.504+0000] {logging_mixin.py:137} INFO - [2024-01-05T14:20:01.504+0000] {dagbag.py:538} INFO - Filling up the DagBag from /home/airflow/.local/lib/python3.7/site-packages/airflow/example_dags/example_external_task_marker_dag.py
[2024-01-05T14:20:01.513+0000] {processor.py:753} INFO - DAG(s) dict_keys(['example_external_task_marker_parent', 'example_external_task_marker_child']) retrieved from /home/airflow/.local/lib/python3.7/site-packages/airflow/example_dags/example_external_task_marker_dag.py
[2024-01-05T14:20:01.533+0000] {logging_mixin.py:137} INFO - [2024-01-05T14:20:01.533+0000] {dag.py:2690} INFO - Sync 2 DAGs
[2024-01-05T14:20:01.548+0000] {logging_mixin.py:137} INFO - [2024-01-05T14:20:01.548+0000] {dag.py:3441} INFO - Setting next_dagrun for example_external_task_marker_child to None, run_after=None
[2024-01-05T14:20:01.551+0000] {logging_mixin.py:137} INFO - [2024-01-05T14:20:01.551+0000] {dag.py:3441} INFO - Setting next_dagrun for example_external_task_marker_parent to None, run_after=None
[2024-01-05T14:20:01.560+0000] {processor.py:175} INFO - Processing /home/airflow/.local/lib/python3.7/site-packages/airflow/example_dags/example_external_task_marker_dag.py took 0.061 seconds
[2024-01-05T14:20:33.031+0000] {processor.py:153} INFO - Started process (PID=7660) to work on /home/airflow/.local/lib/python3.7/site-packages/airflow/example_dags/example_external_task_marker_dag.py
[2024-01-05T14:20:33.034+0000] {processor.py:743} INFO - Processing file /home/airflow/.local/lib/python3.7/site-packages/airflow/example_dags/example_external_task_marker_dag.py for tasks to queue
[2024-01-05T14:20:33.036+0000] {logging_mixin.py:137} INFO - [2024-01-05T14:20:33.036+0000] {dagbag.py:538} INFO - Filling up the DagBag from /home/airflow/.local/lib/python3.7/site-packages/airflow/example_dags/example_external_task_marker_dag.py
[2024-01-05T14:20:33.056+0000] {processor.py:753} INFO - DAG(s) dict_keys(['example_external_task_marker_child', 'example_external_task_marker_parent']) retrieved from /home/airflow/.local/lib/python3.7/site-packages/airflow/example_dags/example_external_task_marker_dag.py
[2024-01-05T14:20:33.095+0000] {logging_mixin.py:137} INFO - [2024-01-05T14:20:33.094+0000] {dag.py:2690} INFO - Sync 2 DAGs
[2024-01-05T14:20:33.121+0000] {logging_mixin.py:137} INFO - [2024-01-05T14:20:33.121+0000] {dag.py:3441} INFO - Setting next_dagrun for example_external_task_marker_child to None, run_after=None
[2024-01-05T14:20:33.127+0000] {logging_mixin.py:137} INFO - [2024-01-05T14:20:33.126+0000] {dag.py:3441} INFO - Setting next_dagrun for example_external_task_marker_parent to None, run_after=None
[2024-01-05T14:20:33.148+0000] {processor.py:175} INFO - Processing /home/airflow/.local/lib/python3.7/site-packages/airflow/example_dags/example_external_task_marker_dag.py took 0.127 seconds
[2024-01-05T14:21:03.266+0000] {processor.py:153} INFO - Started process (PID=7723) to work on /home/airflow/.local/lib/python3.7/site-packages/airflow/example_dags/example_external_task_marker_dag.py
[2024-01-05T14:21:03.267+0000] {processor.py:743} INFO - Processing file /home/airflow/.local/lib/python3.7/site-packages/airflow/example_dags/example_external_task_marker_dag.py for tasks to queue
[2024-01-05T14:21:03.268+0000] {logging_mixin.py:137} INFO - [2024-01-05T14:21:03.268+0000] {dagbag.py:538} INFO - Filling up the DagBag from /home/airflow/.local/lib/python3.7/site-packages/airflow/example_dags/example_external_task_marker_dag.py
[2024-01-05T14:21:03.282+0000] {processor.py:753} INFO - DAG(s) dict_keys(['example_external_task_marker_parent', 'example_external_task_marker_child']) retrieved from /home/airflow/.local/lib/python3.7/site-packages/airflow/example_dags/example_external_task_marker_dag.py
[2024-01-05T14:21:03.309+0000] {logging_mixin.py:137} INFO - [2024-01-05T14:21:03.309+0000] {dag.py:2690} INFO - Sync 2 DAGs
[2024-01-05T14:21:03.327+0000] {logging_mixin.py:137} INFO - [2024-01-05T14:21:03.326+0000] {dag.py:3441} INFO - Setting next_dagrun for example_external_task_marker_child to None, run_after=None
[2024-01-05T14:21:03.330+0000] {logging_mixin.py:137} INFO - [2024-01-05T14:21:03.330+0000] {dag.py:3441} INFO - Setting next_dagrun for example_external_task_marker_parent to None, run_after=None
[2024-01-05T14:21:03.343+0000] {processor.py:175} INFO - Processing /home/airflow/.local/lib/python3.7/site-packages/airflow/example_dags/example_external_task_marker_dag.py took 0.082 seconds
[2024-01-05T14:21:33.998+0000] {processor.py:153} INFO - Started process (PID=7799) to work on /home/airflow/.local/lib/python3.7/site-packages/airflow/example_dags/example_external_task_marker_dag.py
[2024-01-05T14:21:34.000+0000] {processor.py:743} INFO - Processing file /home/airflow/.local/lib/python3.7/site-packages/airflow/example_dags/example_external_task_marker_dag.py for tasks to queue
[2024-01-05T14:21:34.001+0000] {logging_mixin.py:137} INFO - [2024-01-05T14:21:34.001+0000] {dagbag.py:538} INFO - Filling up the DagBag from /home/airflow/.local/lib/python3.7/site-packages/airflow/example_dags/example_external_task_marker_dag.py
[2024-01-05T14:21:34.012+0000] {processor.py:753} INFO - DAG(s) dict_keys(['example_external_task_marker_parent', 'example_external_task_marker_child']) retrieved from /home/airflow/.local/lib/python3.7/site-packages/airflow/example_dags/example_external_task_marker_dag.py
[2024-01-05T14:21:34.039+0000] {logging_mixin.py:137} INFO - [2024-01-05T14:21:34.038+0000] {dag.py:2690} INFO - Sync 2 DAGs
[2024-01-05T14:21:34.057+0000] {logging_mixin.py:137} INFO - [2024-01-05T14:21:34.057+0000] {dag.py:3441} INFO - Setting next_dagrun for example_external_task_marker_child to None, run_after=None
[2024-01-05T14:21:34.060+0000] {logging_mixin.py:137} INFO - [2024-01-05T14:21:34.060+0000] {dag.py:3441} INFO - Setting next_dagrun for example_external_task_marker_parent to None, run_after=None
[2024-01-05T14:21:34.077+0000] {processor.py:175} INFO - Processing /home/airflow/.local/lib/python3.7/site-packages/airflow/example_dags/example_external_task_marker_dag.py took 0.081 seconds
[2024-01-05T14:22:04.265+0000] {processor.py:153} INFO - Started process (PID=7862) to work on /home/airflow/.local/lib/python3.7/site-packages/airflow/example_dags/example_external_task_marker_dag.py
[2024-01-05T14:22:04.267+0000] {processor.py:743} INFO - Processing file /home/airflow/.local/lib/python3.7/site-packages/airflow/example_dags/example_external_task_marker_dag.py for tasks to queue
[2024-01-05T14:22:04.267+0000] {logging_mixin.py:137} INFO - [2024-01-05T14:22:04.267+0000] {dagbag.py:538} INFO - Filling up the DagBag from /home/airflow/.local/lib/python3.7/site-packages/airflow/example_dags/example_external_task_marker_dag.py
[2024-01-05T14:22:04.278+0000] {processor.py:753} INFO - DAG(s) dict_keys(['example_external_task_marker_child', 'example_external_task_marker_parent']) retrieved from /home/airflow/.local/lib/python3.7/site-packages/airflow/example_dags/example_external_task_marker_dag.py
[2024-01-05T14:22:04.300+0000] {logging_mixin.py:137} INFO - [2024-01-05T14:22:04.300+0000] {dag.py:2690} INFO - Sync 2 DAGs
[2024-01-05T14:22:04.316+0000] {logging_mixin.py:137} INFO - [2024-01-05T14:22:04.316+0000] {dag.py:3441} INFO - Setting next_dagrun for example_external_task_marker_child to None, run_after=None
[2024-01-05T14:22:04.319+0000] {logging_mixin.py:137} INFO - [2024-01-05T14:22:04.319+0000] {dag.py:3441} INFO - Setting next_dagrun for example_external_task_marker_parent to None, run_after=None
[2024-01-05T14:22:04.332+0000] {processor.py:175} INFO - Processing /home/airflow/.local/lib/python3.7/site-packages/airflow/example_dags/example_external_task_marker_dag.py took 0.070 seconds
[2024-01-05T14:22:34.946+0000] {processor.py:153} INFO - Started process (PID=7938) to work on /home/airflow/.local/lib/python3.7/site-packages/airflow/example_dags/example_external_task_marker_dag.py
[2024-01-05T14:22:34.948+0000] {processor.py:743} INFO - Processing file /home/airflow/.local/lib/python3.7/site-packages/airflow/example_dags/example_external_task_marker_dag.py for tasks to queue
[2024-01-05T14:22:34.949+0000] {logging_mixin.py:137} INFO - [2024-01-05T14:22:34.949+0000] {dagbag.py:538} INFO - Filling up the DagBag from /home/airflow/.local/lib/python3.7/site-packages/airflow/example_dags/example_external_task_marker_dag.py
[2024-01-05T14:22:34.961+0000] {processor.py:753} INFO - DAG(s) dict_keys(['example_external_task_marker_child', 'example_external_task_marker_parent']) retrieved from /home/airflow/.local/lib/python3.7/site-packages/airflow/example_dags/example_external_task_marker_dag.py
[2024-01-05T14:22:35.005+0000] {logging_mixin.py:137} INFO - [2024-01-05T14:22:35.005+0000] {dag.py:2690} INFO - Sync 2 DAGs
[2024-01-05T14:22:35.026+0000] {logging_mixin.py:137} INFO - [2024-01-05T14:22:35.026+0000] {dag.py:3441} INFO - Setting next_dagrun for example_external_task_marker_child to None, run_after=None
[2024-01-05T14:22:35.029+0000] {logging_mixin.py:137} INFO - [2024-01-05T14:22:35.029+0000] {dag.py:3441} INFO - Setting next_dagrun for example_external_task_marker_parent to None, run_after=None
[2024-01-05T14:22:35.045+0000] {processor.py:175} INFO - Processing /home/airflow/.local/lib/python3.7/site-packages/airflow/example_dags/example_external_task_marker_dag.py took 0.102 seconds
[2024-01-05T14:23:05.707+0000] {processor.py:153} INFO - Started process (PID=8001) to work on /home/airflow/.local/lib/python3.7/site-packages/airflow/example_dags/example_external_task_marker_dag.py
[2024-01-05T14:23:05.709+0000] {processor.py:743} INFO - Processing file /home/airflow/.local/lib/python3.7/site-packages/airflow/example_dags/example_external_task_marker_dag.py for tasks to queue
[2024-01-05T14:23:05.710+0000] {logging_mixin.py:137} INFO - [2024-01-05T14:23:05.709+0000] {dagbag.py:538} INFO - Filling up the DagBag from /home/airflow/.local/lib/python3.7/site-packages/airflow/example_dags/example_external_task_marker_dag.py
[2024-01-05T14:23:05.722+0000] {processor.py:753} INFO - DAG(s) dict_keys(['example_external_task_marker_child', 'example_external_task_marker_parent']) retrieved from /home/airflow/.local/lib/python3.7/site-packages/airflow/example_dags/example_external_task_marker_dag.py
[2024-01-05T14:23:05.750+0000] {logging_mixin.py:137} INFO - [2024-01-05T14:23:05.750+0000] {dag.py:2690} INFO - Sync 2 DAGs
[2024-01-05T14:23:05.773+0000] {logging_mixin.py:137} INFO - [2024-01-05T14:23:05.773+0000] {dag.py:3441} INFO - Setting next_dagrun for example_external_task_marker_child to None, run_after=None
[2024-01-05T14:23:05.778+0000] {logging_mixin.py:137} INFO - [2024-01-05T14:23:05.778+0000] {dag.py:3441} INFO - Setting next_dagrun for example_external_task_marker_parent to None, run_after=None
[2024-01-05T14:23:05.792+0000] {processor.py:175} INFO - Processing /home/airflow/.local/lib/python3.7/site-packages/airflow/example_dags/example_external_task_marker_dag.py took 0.088 seconds
[2024-01-05T14:23:36.198+0000] {processor.py:153} INFO - Started process (PID=8076) to work on /home/airflow/.local/lib/python3.7/site-packages/airflow/example_dags/example_external_task_marker_dag.py
[2024-01-05T14:23:36.200+0000] {processor.py:743} INFO - Processing file /home/airflow/.local/lib/python3.7/site-packages/airflow/example_dags/example_external_task_marker_dag.py for tasks to queue
[2024-01-05T14:23:36.201+0000] {logging_mixin.py:137} INFO - [2024-01-05T14:23:36.201+0000] {dagbag.py:538} INFO - Filling up the DagBag from /home/airflow/.local/lib/python3.7/site-packages/airflow/example_dags/example_external_task_marker_dag.py
[2024-01-05T14:23:36.221+0000] {processor.py:753} INFO - DAG(s) dict_keys(['example_external_task_marker_child', 'example_external_task_marker_parent']) retrieved from /home/airflow/.local/lib/python3.7/site-packages/airflow/example_dags/example_external_task_marker_dag.py
[2024-01-05T14:23:36.255+0000] {logging_mixin.py:137} INFO - [2024-01-05T14:23:36.255+0000] {dag.py:2690} INFO - Sync 2 DAGs
[2024-01-05T14:23:36.275+0000] {logging_mixin.py:137} INFO - [2024-01-05T14:23:36.275+0000] {dag.py:3441} INFO - Setting next_dagrun for example_external_task_marker_child to None, run_after=None
[2024-01-05T14:23:36.278+0000] {logging_mixin.py:137} INFO - [2024-01-05T14:23:36.278+0000] {dag.py:3441} INFO - Setting next_dagrun for example_external_task_marker_parent to None, run_after=None
[2024-01-05T14:23:36.290+0000] {processor.py:175} INFO - Processing /home/airflow/.local/lib/python3.7/site-packages/airflow/example_dags/example_external_task_marker_dag.py took 0.097 seconds
[2024-01-05T14:24:06.939+0000] {processor.py:153} INFO - Started process (PID=8139) to work on /home/airflow/.local/lib/python3.7/site-packages/airflow/example_dags/example_external_task_marker_dag.py
[2024-01-05T14:24:06.940+0000] {processor.py:743} INFO - Processing file /home/airflow/.local/lib/python3.7/site-packages/airflow/example_dags/example_external_task_marker_dag.py for tasks to queue
[2024-01-05T14:24:06.941+0000] {logging_mixin.py:137} INFO - [2024-01-05T14:24:06.941+0000] {dagbag.py:538} INFO - Filling up the DagBag from /home/airflow/.local/lib/python3.7/site-packages/airflow/example_dags/example_external_task_marker_dag.py
[2024-01-05T14:24:06.951+0000] {processor.py:753} INFO - DAG(s) dict_keys(['example_external_task_marker_child', 'example_external_task_marker_parent']) retrieved from /home/airflow/.local/lib/python3.7/site-packages/airflow/example_dags/example_external_task_marker_dag.py
[2024-01-05T14:24:06.974+0000] {logging_mixin.py:137} INFO - [2024-01-05T14:24:06.974+0000] {dag.py:2690} INFO - Sync 2 DAGs
[2024-01-05T14:24:07.029+0000] {logging_mixin.py:137} INFO - [2024-01-05T14:24:07.029+0000] {dag.py:3441} INFO - Setting next_dagrun for example_external_task_marker_child to None, run_after=None
[2024-01-05T14:24:07.037+0000] {logging_mixin.py:137} INFO - [2024-01-05T14:24:07.037+0000] {dag.py:3441} INFO - Setting next_dagrun for example_external_task_marker_parent to None, run_after=None
[2024-01-05T14:24:07.068+0000] {processor.py:175} INFO - Processing /home/airflow/.local/lib/python3.7/site-packages/airflow/example_dags/example_external_task_marker_dag.py took 0.131 seconds
[2024-01-05T14:24:37.691+0000] {processor.py:153} INFO - Started process (PID=8215) to work on /home/airflow/.local/lib/python3.7/site-packages/airflow/example_dags/example_external_task_marker_dag.py
[2024-01-05T14:24:37.693+0000] {processor.py:743} INFO - Processing file /home/airflow/.local/lib/python3.7/site-packages/airflow/example_dags/example_external_task_marker_dag.py for tasks to queue
[2024-01-05T14:24:37.693+0000] {logging_mixin.py:137} INFO - [2024-01-05T14:24:37.693+0000] {dagbag.py:538} INFO - Filling up the DagBag from /home/airflow/.local/lib/python3.7/site-packages/airflow/example_dags/example_external_task_marker_dag.py
[2024-01-05T14:24:37.703+0000] {processor.py:753} INFO - DAG(s) dict_keys(['example_external_task_marker_child', 'example_external_task_marker_parent']) retrieved from /home/airflow/.local/lib/python3.7/site-packages/airflow/example_dags/example_external_task_marker_dag.py
[2024-01-05T14:24:37.726+0000] {logging_mixin.py:137} INFO - [2024-01-05T14:24:37.725+0000] {dag.py:2690} INFO - Sync 2 DAGs
[2024-01-05T14:24:37.742+0000] {logging_mixin.py:137} INFO - [2024-01-05T14:24:37.742+0000] {dag.py:3441} INFO - Setting next_dagrun for example_external_task_marker_child to None, run_after=None
[2024-01-05T14:24:37.747+0000] {logging_mixin.py:137} INFO - [2024-01-05T14:24:37.746+0000] {dag.py:3441} INFO - Setting next_dagrun for example_external_task_marker_parent to None, run_after=None
[2024-01-05T14:24:37.758+0000] {processor.py:175} INFO - Processing /home/airflow/.local/lib/python3.7/site-packages/airflow/example_dags/example_external_task_marker_dag.py took 0.070 seconds
[2024-01-05T14:25:08.563+0000] {processor.py:153} INFO - Started process (PID=8286) to work on /home/airflow/.local/lib/python3.7/site-packages/airflow/example_dags/example_external_task_marker_dag.py
[2024-01-05T14:25:08.564+0000] {processor.py:743} INFO - Processing file /home/airflow/.local/lib/python3.7/site-packages/airflow/example_dags/example_external_task_marker_dag.py for tasks to queue
[2024-01-05T14:25:08.565+0000] {logging_mixin.py:137} INFO - [2024-01-05T14:25:08.565+0000] {dagbag.py:538} INFO - Filling up the DagBag from /home/airflow/.local/lib/python3.7/site-packages/airflow/example_dags/example_external_task_marker_dag.py
[2024-01-05T14:25:08.579+0000] {processor.py:753} INFO - DAG(s) dict_keys(['example_external_task_marker_child', 'example_external_task_marker_parent']) retrieved from /home/airflow/.local/lib/python3.7/site-packages/airflow/example_dags/example_external_task_marker_dag.py
[2024-01-05T14:25:08.611+0000] {logging_mixin.py:137} INFO - [2024-01-05T14:25:08.611+0000] {dag.py:2690} INFO - Sync 2 DAGs
[2024-01-05T14:25:08.635+0000] {logging_mixin.py:137} INFO - [2024-01-05T14:25:08.635+0000] {dag.py:3441} INFO - Setting next_dagrun for example_external_task_marker_child to None, run_after=None
[2024-01-05T14:25:08.639+0000] {logging_mixin.py:137} INFO - [2024-01-05T14:25:08.639+0000] {dag.py:3441} INFO - Setting next_dagrun for example_external_task_marker_parent to None, run_after=None
[2024-01-05T14:25:08.652+0000] {processor.py:175} INFO - Processing /home/airflow/.local/lib/python3.7/site-packages/airflow/example_dags/example_external_task_marker_dag.py took 0.092 seconds
[2024-01-05T14:25:38.797+0000] {processor.py:153} INFO - Started process (PID=8354) to work on /home/airflow/.local/lib/python3.7/site-packages/airflow/example_dags/example_external_task_marker_dag.py
[2024-01-05T14:25:38.798+0000] {processor.py:743} INFO - Processing file /home/airflow/.local/lib/python3.7/site-packages/airflow/example_dags/example_external_task_marker_dag.py for tasks to queue
[2024-01-05T14:25:38.799+0000] {logging_mixin.py:137} INFO - [2024-01-05T14:25:38.799+0000] {dagbag.py:538} INFO - Filling up the DagBag from /home/airflow/.local/lib/python3.7/site-packages/airflow/example_dags/example_external_task_marker_dag.py
[2024-01-05T14:25:38.809+0000] {processor.py:753} INFO - DAG(s) dict_keys(['example_external_task_marker_parent', 'example_external_task_marker_child']) retrieved from /home/airflow/.local/lib/python3.7/site-packages/airflow/example_dags/example_external_task_marker_dag.py
[2024-01-05T14:25:38.830+0000] {logging_mixin.py:137} INFO - [2024-01-05T14:25:38.830+0000] {dag.py:2690} INFO - Sync 2 DAGs
[2024-01-05T14:25:38.847+0000] {logging_mixin.py:137} INFO - [2024-01-05T14:25:38.847+0000] {dag.py:3441} INFO - Setting next_dagrun for example_external_task_marker_child to None, run_after=None
[2024-01-05T14:25:38.849+0000] {logging_mixin.py:137} INFO - [2024-01-05T14:25:38.849+0000] {dag.py:3441} INFO - Setting next_dagrun for example_external_task_marker_parent to None, run_after=None
[2024-01-05T14:25:38.859+0000] {processor.py:175} INFO - Processing /home/airflow/.local/lib/python3.7/site-packages/airflow/example_dags/example_external_task_marker_dag.py took 0.065 seconds
[2024-01-05T14:26:10.296+0000] {processor.py:153} INFO - Started process (PID=8429) to work on /home/airflow/.local/lib/python3.7/site-packages/airflow/example_dags/example_external_task_marker_dag.py
[2024-01-05T14:26:10.297+0000] {processor.py:743} INFO - Processing file /home/airflow/.local/lib/python3.7/site-packages/airflow/example_dags/example_external_task_marker_dag.py for tasks to queue
[2024-01-05T14:26:10.298+0000] {logging_mixin.py:137} INFO - [2024-01-05T14:26:10.298+0000] {dagbag.py:538} INFO - Filling up the DagBag from /home/airflow/.local/lib/python3.7/site-packages/airflow/example_dags/example_external_task_marker_dag.py
[2024-01-05T14:26:10.310+0000] {processor.py:753} INFO - DAG(s) dict_keys(['example_external_task_marker_parent', 'example_external_task_marker_child']) retrieved from /home/airflow/.local/lib/python3.7/site-packages/airflow/example_dags/example_external_task_marker_dag.py
[2024-01-05T14:26:10.332+0000] {logging_mixin.py:137} INFO - [2024-01-05T14:26:10.332+0000] {dag.py:2690} INFO - Sync 2 DAGs
[2024-01-05T14:26:10.352+0000] {logging_mixin.py:137} INFO - [2024-01-05T14:26:10.351+0000] {dag.py:3441} INFO - Setting next_dagrun for example_external_task_marker_child to None, run_after=None
[2024-01-05T14:26:10.355+0000] {logging_mixin.py:137} INFO - [2024-01-05T14:26:10.355+0000] {dag.py:3441} INFO - Setting next_dagrun for example_external_task_marker_parent to None, run_after=None
[2024-01-05T14:26:10.371+0000] {processor.py:175} INFO - Processing /home/airflow/.local/lib/python3.7/site-packages/airflow/example_dags/example_external_task_marker_dag.py took 0.078 seconds
[2024-01-05T14:26:40.495+0000] {processor.py:153} INFO - Started process (PID=8492) to work on /home/airflow/.local/lib/python3.7/site-packages/airflow/example_dags/example_external_task_marker_dag.py
[2024-01-05T14:26:40.496+0000] {processor.py:743} INFO - Processing file /home/airflow/.local/lib/python3.7/site-packages/airflow/example_dags/example_external_task_marker_dag.py for tasks to queue
[2024-01-05T14:26:40.497+0000] {logging_mixin.py:137} INFO - [2024-01-05T14:26:40.497+0000] {dagbag.py:538} INFO - Filling up the DagBag from /home/airflow/.local/lib/python3.7/site-packages/airflow/example_dags/example_external_task_marker_dag.py
[2024-01-05T14:26:40.507+0000] {processor.py:753} INFO - DAG(s) dict_keys(['example_external_task_marker_parent', 'example_external_task_marker_child']) retrieved from /home/airflow/.local/lib/python3.7/site-packages/airflow/example_dags/example_external_task_marker_dag.py
[2024-01-05T14:26:40.528+0000] {logging_mixin.py:137} INFO - [2024-01-05T14:26:40.528+0000] {dag.py:2690} INFO - Sync 2 DAGs
[2024-01-05T14:26:40.546+0000] {logging_mixin.py:137} INFO - [2024-01-05T14:26:40.546+0000] {dag.py:3441} INFO - Setting next_dagrun for example_external_task_marker_child to None, run_after=None
[2024-01-05T14:26:40.549+0000] {logging_mixin.py:137} INFO - [2024-01-05T14:26:40.549+0000] {dag.py:3441} INFO - Setting next_dagrun for example_external_task_marker_parent to None, run_after=None
[2024-01-05T14:26:40.565+0000] {processor.py:175} INFO - Processing /home/airflow/.local/lib/python3.7/site-packages/airflow/example_dags/example_external_task_marker_dag.py took 0.073 seconds
