[2024-01-05T01:20:57.410+0000] {processor.py:153} INFO - Started process (PID=4348) to work on /home/airflow/.local/lib/python3.7/site-packages/airflow/example_dags/example_latest_only.py
[2024-01-05T01:20:57.412+0000] {processor.py:743} INFO - Processing file /home/airflow/.local/lib/python3.7/site-packages/airflow/example_dags/example_latest_only.py for tasks to queue
[2024-01-05T01:20:57.414+0000] {logging_mixin.py:137} INFO - [2024-01-05T01:20:57.413+0000] {dagbag.py:538} INFO - Filling up the DagBag from /home/airflow/.local/lib/python3.7/site-packages/airflow/example_dags/example_latest_only.py
[2024-01-05T01:20:57.441+0000] {processor.py:753} INFO - DAG(s) dict_keys(['latest_only']) retrieved from /home/airflow/.local/lib/python3.7/site-packages/airflow/example_dags/example_latest_only.py
[2024-01-05T01:20:57.471+0000] {logging_mixin.py:137} INFO - [2024-01-05T01:20:57.471+0000] {dag.py:2690} INFO - Sync 1 DAGs
[2024-01-05T01:20:57.496+0000] {logging_mixin.py:137} INFO - [2024-01-05T01:20:57.496+0000] {dag.py:3441} INFO - Setting next_dagrun for latest_only to 2024-01-04T21:20:57.495571+00:00, run_after=2024-01-05T01:20:57.495571+00:00
[2024-01-05T01:20:57.518+0000] {processor.py:175} INFO - Processing /home/airflow/.local/lib/python3.7/site-packages/airflow/example_dags/example_latest_only.py took 0.112 seconds
[2024-01-05T02:31:18.837+0000] {processor.py:153} INFO - Started process (PID=4411) to work on /home/airflow/.local/lib/python3.7/site-packages/airflow/example_dags/example_latest_only.py
[2024-01-05T02:31:18.839+0000] {processor.py:743} INFO - Processing file /home/airflow/.local/lib/python3.7/site-packages/airflow/example_dags/example_latest_only.py for tasks to queue
[2024-01-05T02:31:18.840+0000] {logging_mixin.py:137} INFO - [2024-01-05T02:31:18.840+0000] {dagbag.py:538} INFO - Filling up the DagBag from /home/airflow/.local/lib/python3.7/site-packages/airflow/example_dags/example_latest_only.py
[2024-01-05T02:31:18.853+0000] {processor.py:753} INFO - DAG(s) dict_keys(['latest_only']) retrieved from /home/airflow/.local/lib/python3.7/site-packages/airflow/example_dags/example_latest_only.py
[2024-01-05T02:31:18.877+0000] {logging_mixin.py:137} INFO - [2024-01-05T02:31:18.877+0000] {dag.py:2690} INFO - Sync 1 DAGs
[2024-01-05T02:31:18.895+0000] {logging_mixin.py:137} INFO - [2024-01-05T02:31:18.895+0000] {dag.py:3441} INFO - Setting next_dagrun for latest_only to 2024-01-04T22:31:18.894925+00:00, run_after=2024-01-05T02:31:18.894925+00:00
[2024-01-05T02:31:18.980+0000] {processor.py:175} INFO - Processing /home/airflow/.local/lib/python3.7/site-packages/airflow/example_dags/example_latest_only.py took 0.147 seconds
[2024-01-05T03:42:27.871+0000] {processor.py:153} INFO - Started process (PID=4474) to work on /home/airflow/.local/lib/python3.7/site-packages/airflow/example_dags/example_latest_only.py
[2024-01-05T03:42:27.873+0000] {processor.py:743} INFO - Processing file /home/airflow/.local/lib/python3.7/site-packages/airflow/example_dags/example_latest_only.py for tasks to queue
[2024-01-05T03:42:27.873+0000] {logging_mixin.py:137} INFO - [2024-01-05T03:42:27.873+0000] {dagbag.py:538} INFO - Filling up the DagBag from /home/airflow/.local/lib/python3.7/site-packages/airflow/example_dags/example_latest_only.py
[2024-01-05T03:42:27.884+0000] {processor.py:753} INFO - DAG(s) dict_keys(['latest_only']) retrieved from /home/airflow/.local/lib/python3.7/site-packages/airflow/example_dags/example_latest_only.py
[2024-01-05T03:42:27.909+0000] {logging_mixin.py:137} INFO - [2024-01-05T03:42:27.909+0000] {dag.py:2690} INFO - Sync 1 DAGs
[2024-01-05T03:42:27.928+0000] {logging_mixin.py:137} INFO - [2024-01-05T03:42:27.928+0000] {dag.py:3441} INFO - Setting next_dagrun for latest_only to 2024-01-04T23:42:27.928358+00:00, run_after=2024-01-05T03:42:27.928358+00:00
[2024-01-05T03:42:27.942+0000] {processor.py:175} INFO - Processing /home/airflow/.local/lib/python3.7/site-packages/airflow/example_dags/example_latest_only.py took 0.074 seconds
[2024-01-05T05:03:27.909+0000] {processor.py:153} INFO - Started process (PID=4549) to work on /home/airflow/.local/lib/python3.7/site-packages/airflow/example_dags/example_latest_only.py
[2024-01-05T05:03:27.911+0000] {processor.py:743} INFO - Processing file /home/airflow/.local/lib/python3.7/site-packages/airflow/example_dags/example_latest_only.py for tasks to queue
[2024-01-05T05:03:27.912+0000] {logging_mixin.py:137} INFO - [2024-01-05T05:03:27.912+0000] {dagbag.py:538} INFO - Filling up the DagBag from /home/airflow/.local/lib/python3.7/site-packages/airflow/example_dags/example_latest_only.py
[2024-01-05T05:03:27.923+0000] {processor.py:753} INFO - DAG(s) dict_keys(['latest_only']) retrieved from /home/airflow/.local/lib/python3.7/site-packages/airflow/example_dags/example_latest_only.py
[2024-01-05T05:03:27.942+0000] {logging_mixin.py:137} INFO - [2024-01-05T05:03:27.942+0000] {dag.py:2690} INFO - Sync 1 DAGs
[2024-01-05T05:03:27.959+0000] {logging_mixin.py:137} INFO - [2024-01-05T05:03:27.959+0000] {dag.py:3441} INFO - Setting next_dagrun for latest_only to 2024-01-05T01:03:27.959135+00:00, run_after=2024-01-05T05:03:27.959135+00:00
[2024-01-05T05:03:27.971+0000] {processor.py:175} INFO - Processing /home/airflow/.local/lib/python3.7/site-packages/airflow/example_dags/example_latest_only.py took 0.064 seconds
[2024-01-05T06:28:03.548+0000] {processor.py:153} INFO - Started process (PID=4611) to work on /home/airflow/.local/lib/python3.7/site-packages/airflow/example_dags/example_latest_only.py
[2024-01-05T06:28:03.550+0000] {processor.py:743} INFO - Processing file /home/airflow/.local/lib/python3.7/site-packages/airflow/example_dags/example_latest_only.py for tasks to queue
[2024-01-05T06:28:03.551+0000] {logging_mixin.py:137} INFO - [2024-01-05T06:28:03.551+0000] {dagbag.py:538} INFO - Filling up the DagBag from /home/airflow/.local/lib/python3.7/site-packages/airflow/example_dags/example_latest_only.py
[2024-01-05T06:28:03.564+0000] {processor.py:753} INFO - DAG(s) dict_keys(['latest_only']) retrieved from /home/airflow/.local/lib/python3.7/site-packages/airflow/example_dags/example_latest_only.py
[2024-01-05T06:28:03.586+0000] {logging_mixin.py:137} INFO - [2024-01-05T06:28:03.586+0000] {dag.py:2690} INFO - Sync 1 DAGs
[2024-01-05T06:28:03.605+0000] {logging_mixin.py:137} INFO - [2024-01-05T06:28:03.605+0000] {dag.py:3441} INFO - Setting next_dagrun for latest_only to 2024-01-05T02:28:03.605380+00:00, run_after=2024-01-05T06:28:03.605380+00:00
[2024-01-05T06:28:03.616+0000] {processor.py:175} INFO - Processing /home/airflow/.local/lib/python3.7/site-packages/airflow/example_dags/example_latest_only.py took 0.072 seconds
[2024-01-05T07:47:06.491+0000] {processor.py:153} INFO - Started process (PID=4683) to work on /home/airflow/.local/lib/python3.7/site-packages/airflow/example_dags/example_latest_only.py
[2024-01-05T07:47:06.493+0000] {processor.py:743} INFO - Processing file /home/airflow/.local/lib/python3.7/site-packages/airflow/example_dags/example_latest_only.py for tasks to queue
[2024-01-05T07:47:06.495+0000] {logging_mixin.py:137} INFO - [2024-01-05T07:47:06.494+0000] {dagbag.py:538} INFO - Filling up the DagBag from /home/airflow/.local/lib/python3.7/site-packages/airflow/example_dags/example_latest_only.py
[2024-01-05T07:47:06.540+0000] {processor.py:753} INFO - DAG(s) dict_keys(['latest_only']) retrieved from /home/airflow/.local/lib/python3.7/site-packages/airflow/example_dags/example_latest_only.py
[2024-01-05T07:47:06.585+0000] {logging_mixin.py:137} INFO - [2024-01-05T07:47:06.585+0000] {dag.py:2690} INFO - Sync 1 DAGs
[2024-01-05T07:47:06.629+0000] {logging_mixin.py:137} INFO - [2024-01-05T07:47:06.629+0000] {dag.py:3441} INFO - Setting next_dagrun for latest_only to 2024-01-05T03:47:06.624900+00:00, run_after=2024-01-05T07:47:06.624900+00:00
[2024-01-05T07:47:06.661+0000] {processor.py:175} INFO - Processing /home/airflow/.local/lib/python3.7/site-packages/airflow/example_dags/example_latest_only.py took 0.185 seconds
[2024-01-05T09:24:48.272+0000] {processor.py:153} INFO - Started process (PID=4748) to work on /home/airflow/.local/lib/python3.7/site-packages/airflow/example_dags/example_latest_only.py
[2024-01-05T09:24:48.273+0000] {processor.py:743} INFO - Processing file /home/airflow/.local/lib/python3.7/site-packages/airflow/example_dags/example_latest_only.py for tasks to queue
[2024-01-05T09:24:48.274+0000] {logging_mixin.py:137} INFO - [2024-01-05T09:24:48.274+0000] {dagbag.py:538} INFO - Filling up the DagBag from /home/airflow/.local/lib/python3.7/site-packages/airflow/example_dags/example_latest_only.py
[2024-01-05T09:24:48.289+0000] {processor.py:753} INFO - DAG(s) dict_keys(['latest_only']) retrieved from /home/airflow/.local/lib/python3.7/site-packages/airflow/example_dags/example_latest_only.py
[2024-01-05T09:24:48.322+0000] {logging_mixin.py:137} INFO - [2024-01-05T09:24:48.322+0000] {dag.py:2690} INFO - Sync 1 DAGs
[2024-01-05T09:24:48.343+0000] {logging_mixin.py:137} INFO - [2024-01-05T09:24:48.343+0000] {dag.py:3441} INFO - Setting next_dagrun for latest_only to 2024-01-05T05:24:48.343630+00:00, run_after=2024-01-05T09:24:48.343630+00:00
[2024-01-05T09:24:48.393+0000] {processor.py:175} INFO - Processing /home/airflow/.local/lib/python3.7/site-packages/airflow/example_dags/example_latest_only.py took 0.123 seconds
[2024-01-05T10:32:48.567+0000] {processor.py:153} INFO - Started process (PID=4811) to work on /home/airflow/.local/lib/python3.7/site-packages/airflow/example_dags/example_latest_only.py
[2024-01-05T10:32:48.569+0000] {processor.py:743} INFO - Processing file /home/airflow/.local/lib/python3.7/site-packages/airflow/example_dags/example_latest_only.py for tasks to queue
[2024-01-05T10:32:48.571+0000] {logging_mixin.py:137} INFO - [2024-01-05T10:32:48.570+0000] {dagbag.py:538} INFO - Filling up the DagBag from /home/airflow/.local/lib/python3.7/site-packages/airflow/example_dags/example_latest_only.py
[2024-01-05T10:32:48.585+0000] {processor.py:753} INFO - DAG(s) dict_keys(['latest_only']) retrieved from /home/airflow/.local/lib/python3.7/site-packages/airflow/example_dags/example_latest_only.py
[2024-01-05T10:32:48.606+0000] {logging_mixin.py:137} INFO - [2024-01-05T10:32:48.606+0000] {dag.py:2690} INFO - Sync 1 DAGs
[2024-01-05T10:32:48.625+0000] {logging_mixin.py:137} INFO - [2024-01-05T10:32:48.625+0000] {dag.py:3441} INFO - Setting next_dagrun for latest_only to 2024-01-05T06:32:48.624887+00:00, run_after=2024-01-05T10:32:48.624887+00:00
[2024-01-05T10:32:48.636+0000] {processor.py:175} INFO - Processing /home/airflow/.local/lib/python3.7/site-packages/airflow/example_dags/example_latest_only.py took 0.073 seconds
[2024-01-05T11:33:47.559+0000] {processor.py:153} INFO - Started process (PID=4886) to work on /home/airflow/.local/lib/python3.7/site-packages/airflow/example_dags/example_latest_only.py
[2024-01-05T11:33:47.560+0000] {processor.py:743} INFO - Processing file /home/airflow/.local/lib/python3.7/site-packages/airflow/example_dags/example_latest_only.py for tasks to queue
[2024-01-05T11:33:47.561+0000] {logging_mixin.py:137} INFO - [2024-01-05T11:33:47.561+0000] {dagbag.py:538} INFO - Filling up the DagBag from /home/airflow/.local/lib/python3.7/site-packages/airflow/example_dags/example_latest_only.py
[2024-01-05T11:33:47.572+0000] {processor.py:753} INFO - DAG(s) dict_keys(['latest_only']) retrieved from /home/airflow/.local/lib/python3.7/site-packages/airflow/example_dags/example_latest_only.py
[2024-01-05T11:33:47.592+0000] {logging_mixin.py:137} INFO - [2024-01-05T11:33:47.592+0000] {dag.py:2690} INFO - Sync 1 DAGs
[2024-01-05T11:33:47.608+0000] {logging_mixin.py:137} INFO - [2024-01-05T11:33:47.608+0000] {dag.py:3441} INFO - Setting next_dagrun for latest_only to 2024-01-05T07:33:47.608152+00:00, run_after=2024-01-05T11:33:47.608152+00:00
[2024-01-05T11:33:47.619+0000] {processor.py:175} INFO - Processing /home/airflow/.local/lib/python3.7/site-packages/airflow/example_dags/example_latest_only.py took 0.064 seconds
[2024-01-05T12:52:20.141+0000] {processor.py:153} INFO - Started process (PID=4949) to work on /home/airflow/.local/lib/python3.7/site-packages/airflow/example_dags/example_latest_only.py
[2024-01-05T12:52:20.142+0000] {processor.py:743} INFO - Processing file /home/airflow/.local/lib/python3.7/site-packages/airflow/example_dags/example_latest_only.py for tasks to queue
[2024-01-05T12:52:20.143+0000] {logging_mixin.py:137} INFO - [2024-01-05T12:52:20.143+0000] {dagbag.py:538} INFO - Filling up the DagBag from /home/airflow/.local/lib/python3.7/site-packages/airflow/example_dags/example_latest_only.py
[2024-01-05T12:52:20.156+0000] {processor.py:753} INFO - DAG(s) dict_keys(['latest_only']) retrieved from /home/airflow/.local/lib/python3.7/site-packages/airflow/example_dags/example_latest_only.py
[2024-01-05T12:52:20.185+0000] {logging_mixin.py:137} INFO - [2024-01-05T12:52:20.184+0000] {dag.py:2690} INFO - Sync 1 DAGs
[2024-01-05T12:52:20.200+0000] {logging_mixin.py:137} INFO - [2024-01-05T12:52:20.200+0000] {dag.py:3441} INFO - Setting next_dagrun for latest_only to 2024-01-05T08:52:20.200267+00:00, run_after=2024-01-05T12:52:20.200267+00:00
[2024-01-05T12:52:20.211+0000] {processor.py:175} INFO - Processing /home/airflow/.local/lib/python3.7/site-packages/airflow/example_dags/example_latest_only.py took 0.074 seconds
[2024-01-05T14:01:06.823+0000] {processor.py:153} INFO - Started process (PID=5023) to work on /home/airflow/.local/lib/python3.7/site-packages/airflow/example_dags/example_latest_only.py
[2024-01-05T14:01:06.825+0000] {processor.py:743} INFO - Processing file /home/airflow/.local/lib/python3.7/site-packages/airflow/example_dags/example_latest_only.py for tasks to queue
[2024-01-05T14:01:06.826+0000] {logging_mixin.py:137} INFO - [2024-01-05T14:01:06.826+0000] {dagbag.py:538} INFO - Filling up the DagBag from /home/airflow/.local/lib/python3.7/site-packages/airflow/example_dags/example_latest_only.py
[2024-01-05T14:01:06.838+0000] {processor.py:753} INFO - DAG(s) dict_keys(['latest_only']) retrieved from /home/airflow/.local/lib/python3.7/site-packages/airflow/example_dags/example_latest_only.py
[2024-01-05T14:01:06.860+0000] {logging_mixin.py:137} INFO - [2024-01-05T14:01:06.860+0000] {dag.py:2690} INFO - Sync 1 DAGs
[2024-01-05T14:01:06.884+0000] {logging_mixin.py:137} INFO - [2024-01-05T14:01:06.884+0000] {dag.py:3441} INFO - Setting next_dagrun for latest_only to 2024-01-05T10:01:06.883431+00:00, run_after=2024-01-05T14:01:06.883431+00:00
[2024-01-05T14:01:06.900+0000] {processor.py:175} INFO - Processing /home/airflow/.local/lib/python3.7/site-packages/airflow/example_dags/example_latest_only.py took 0.080 seconds
[2024-01-05T14:01:37.197+0000] {processor.py:153} INFO - Started process (PID=5087) to work on /home/airflow/.local/lib/python3.7/site-packages/airflow/example_dags/example_latest_only.py
[2024-01-05T14:01:37.199+0000] {processor.py:743} INFO - Processing file /home/airflow/.local/lib/python3.7/site-packages/airflow/example_dags/example_latest_only.py for tasks to queue
[2024-01-05T14:01:37.201+0000] {logging_mixin.py:137} INFO - [2024-01-05T14:01:37.200+0000] {dagbag.py:538} INFO - Filling up the DagBag from /home/airflow/.local/lib/python3.7/site-packages/airflow/example_dags/example_latest_only.py
[2024-01-05T14:01:37.212+0000] {processor.py:753} INFO - DAG(s) dict_keys(['latest_only']) retrieved from /home/airflow/.local/lib/python3.7/site-packages/airflow/example_dags/example_latest_only.py
[2024-01-05T14:01:37.233+0000] {logging_mixin.py:137} INFO - [2024-01-05T14:01:37.233+0000] {dag.py:2690} INFO - Sync 1 DAGs
[2024-01-05T14:01:37.253+0000] {logging_mixin.py:137} INFO - [2024-01-05T14:01:37.253+0000] {dag.py:3441} INFO - Setting next_dagrun for latest_only to 2024-01-05T10:01:37.252836+00:00, run_after=2024-01-05T14:01:37.252836+00:00
[2024-01-05T14:01:37.264+0000] {processor.py:175} INFO - Processing /home/airflow/.local/lib/python3.7/site-packages/airflow/example_dags/example_latest_only.py took 0.071 seconds
[2024-01-05T14:02:08.939+0000] {processor.py:153} INFO - Started process (PID=5163) to work on /home/airflow/.local/lib/python3.7/site-packages/airflow/example_dags/example_latest_only.py
[2024-01-05T14:02:08.941+0000] {processor.py:743} INFO - Processing file /home/airflow/.local/lib/python3.7/site-packages/airflow/example_dags/example_latest_only.py for tasks to queue
[2024-01-05T14:02:08.943+0000] {logging_mixin.py:137} INFO - [2024-01-05T14:02:08.943+0000] {dagbag.py:538} INFO - Filling up the DagBag from /home/airflow/.local/lib/python3.7/site-packages/airflow/example_dags/example_latest_only.py
[2024-01-05T14:02:08.961+0000] {processor.py:753} INFO - DAG(s) dict_keys(['latest_only']) retrieved from /home/airflow/.local/lib/python3.7/site-packages/airflow/example_dags/example_latest_only.py
[2024-01-05T14:02:08.992+0000] {logging_mixin.py:137} INFO - [2024-01-05T14:02:08.992+0000] {dag.py:2690} INFO - Sync 1 DAGs
[2024-01-05T14:02:09.028+0000] {logging_mixin.py:137} INFO - [2024-01-05T14:02:09.028+0000] {dag.py:3441} INFO - Setting next_dagrun for latest_only to 2024-01-05T10:02:09.028169+00:00, run_after=2024-01-05T14:02:09.028169+00:00
[2024-01-05T14:02:09.051+0000] {processor.py:175} INFO - Processing /home/airflow/.local/lib/python3.7/site-packages/airflow/example_dags/example_latest_only.py took 0.117 seconds
[2024-01-05T14:02:39.714+0000] {processor.py:153} INFO - Started process (PID=5226) to work on /home/airflow/.local/lib/python3.7/site-packages/airflow/example_dags/example_latest_only.py
[2024-01-05T14:02:39.716+0000] {processor.py:743} INFO - Processing file /home/airflow/.local/lib/python3.7/site-packages/airflow/example_dags/example_latest_only.py for tasks to queue
[2024-01-05T14:02:39.717+0000] {logging_mixin.py:137} INFO - [2024-01-05T14:02:39.717+0000] {dagbag.py:538} INFO - Filling up the DagBag from /home/airflow/.local/lib/python3.7/site-packages/airflow/example_dags/example_latest_only.py
[2024-01-05T14:02:39.726+0000] {processor.py:753} INFO - DAG(s) dict_keys(['latest_only']) retrieved from /home/airflow/.local/lib/python3.7/site-packages/airflow/example_dags/example_latest_only.py
[2024-01-05T14:02:39.744+0000] {logging_mixin.py:137} INFO - [2024-01-05T14:02:39.744+0000] {dag.py:2690} INFO - Sync 1 DAGs
[2024-01-05T14:02:39.759+0000] {logging_mixin.py:137} INFO - [2024-01-05T14:02:39.759+0000] {dag.py:3441} INFO - Setting next_dagrun for latest_only to 2024-01-05T10:02:39.759147+00:00, run_after=2024-01-05T14:02:39.759147+00:00
[2024-01-05T14:02:39.771+0000] {processor.py:175} INFO - Processing /home/airflow/.local/lib/python3.7/site-packages/airflow/example_dags/example_latest_only.py took 0.059 seconds
[2024-01-05T14:03:10.475+0000] {processor.py:153} INFO - Started process (PID=5301) to work on /home/airflow/.local/lib/python3.7/site-packages/airflow/example_dags/example_latest_only.py
[2024-01-05T14:03:10.476+0000] {processor.py:743} INFO - Processing file /home/airflow/.local/lib/python3.7/site-packages/airflow/example_dags/example_latest_only.py for tasks to queue
[2024-01-05T14:03:10.478+0000] {logging_mixin.py:137} INFO - [2024-01-05T14:03:10.478+0000] {dagbag.py:538} INFO - Filling up the DagBag from /home/airflow/.local/lib/python3.7/site-packages/airflow/example_dags/example_latest_only.py
[2024-01-05T14:03:10.490+0000] {processor.py:753} INFO - DAG(s) dict_keys(['latest_only']) retrieved from /home/airflow/.local/lib/python3.7/site-packages/airflow/example_dags/example_latest_only.py
[2024-01-05T14:03:10.524+0000] {logging_mixin.py:137} INFO - [2024-01-05T14:03:10.524+0000] {dag.py:2690} INFO - Sync 1 DAGs
[2024-01-05T14:03:10.554+0000] {logging_mixin.py:137} INFO - [2024-01-05T14:03:10.554+0000] {dag.py:3441} INFO - Setting next_dagrun for latest_only to 2024-01-05T10:03:10.553478+00:00, run_after=2024-01-05T14:03:10.553478+00:00
[2024-01-05T14:03:10.579+0000] {processor.py:175} INFO - Processing /home/airflow/.local/lib/python3.7/site-packages/airflow/example_dags/example_latest_only.py took 0.109 seconds
[2024-01-05T14:03:41.440+0000] {processor.py:153} INFO - Started process (PID=5364) to work on /home/airflow/.local/lib/python3.7/site-packages/airflow/example_dags/example_latest_only.py
[2024-01-05T14:03:41.442+0000] {processor.py:743} INFO - Processing file /home/airflow/.local/lib/python3.7/site-packages/airflow/example_dags/example_latest_only.py for tasks to queue
[2024-01-05T14:03:41.443+0000] {logging_mixin.py:137} INFO - [2024-01-05T14:03:41.443+0000] {dagbag.py:538} INFO - Filling up the DagBag from /home/airflow/.local/lib/python3.7/site-packages/airflow/example_dags/example_latest_only.py
[2024-01-05T14:03:41.454+0000] {processor.py:753} INFO - DAG(s) dict_keys(['latest_only']) retrieved from /home/airflow/.local/lib/python3.7/site-packages/airflow/example_dags/example_latest_only.py
[2024-01-05T14:03:41.475+0000] {logging_mixin.py:137} INFO - [2024-01-05T14:03:41.475+0000] {dag.py:2690} INFO - Sync 1 DAGs
[2024-01-05T14:03:41.491+0000] {logging_mixin.py:137} INFO - [2024-01-05T14:03:41.491+0000] {dag.py:3441} INFO - Setting next_dagrun for latest_only to 2024-01-05T10:03:41.491387+00:00, run_after=2024-01-05T14:03:41.491387+00:00
[2024-01-05T14:03:41.505+0000] {processor.py:175} INFO - Processing /home/airflow/.local/lib/python3.7/site-packages/airflow/example_dags/example_latest_only.py took 0.068 seconds
[2024-01-05T14:04:11.715+0000] {processor.py:153} INFO - Started process (PID=5440) to work on /home/airflow/.local/lib/python3.7/site-packages/airflow/example_dags/example_latest_only.py
[2024-01-05T14:04:11.717+0000] {processor.py:743} INFO - Processing file /home/airflow/.local/lib/python3.7/site-packages/airflow/example_dags/example_latest_only.py for tasks to queue
[2024-01-05T14:04:11.717+0000] {logging_mixin.py:137} INFO - [2024-01-05T14:04:11.717+0000] {dagbag.py:538} INFO - Filling up the DagBag from /home/airflow/.local/lib/python3.7/site-packages/airflow/example_dags/example_latest_only.py
[2024-01-05T14:04:11.729+0000] {processor.py:753} INFO - DAG(s) dict_keys(['latest_only']) retrieved from /home/airflow/.local/lib/python3.7/site-packages/airflow/example_dags/example_latest_only.py
[2024-01-05T14:04:11.755+0000] {logging_mixin.py:137} INFO - [2024-01-05T14:04:11.755+0000] {dag.py:2690} INFO - Sync 1 DAGs
[2024-01-05T14:04:11.780+0000] {logging_mixin.py:137} INFO - [2024-01-05T14:04:11.780+0000] {dag.py:3441} INFO - Setting next_dagrun for latest_only to 2024-01-05T10:04:11.779923+00:00, run_after=2024-01-05T14:04:11.779923+00:00
[2024-01-05T14:04:11.796+0000] {processor.py:175} INFO - Processing /home/airflow/.local/lib/python3.7/site-packages/airflow/example_dags/example_latest_only.py took 0.084 seconds
[2024-01-05T14:04:42.709+0000] {processor.py:153} INFO - Started process (PID=5503) to work on /home/airflow/.local/lib/python3.7/site-packages/airflow/example_dags/example_latest_only.py
[2024-01-05T14:04:42.711+0000] {processor.py:743} INFO - Processing file /home/airflow/.local/lib/python3.7/site-packages/airflow/example_dags/example_latest_only.py for tasks to queue
[2024-01-05T14:04:42.712+0000] {logging_mixin.py:137} INFO - [2024-01-05T14:04:42.712+0000] {dagbag.py:538} INFO - Filling up the DagBag from /home/airflow/.local/lib/python3.7/site-packages/airflow/example_dags/example_latest_only.py
[2024-01-05T14:04:42.726+0000] {processor.py:753} INFO - DAG(s) dict_keys(['latest_only']) retrieved from /home/airflow/.local/lib/python3.7/site-packages/airflow/example_dags/example_latest_only.py
[2024-01-05T14:04:42.746+0000] {logging_mixin.py:137} INFO - [2024-01-05T14:04:42.746+0000] {dag.py:2690} INFO - Sync 1 DAGs
[2024-01-05T14:04:42.768+0000] {logging_mixin.py:137} INFO - [2024-01-05T14:04:42.767+0000] {dag.py:3441} INFO - Setting next_dagrun for latest_only to 2024-01-05T10:04:42.767508+00:00, run_after=2024-01-05T14:04:42.767508+00:00
[2024-01-05T14:04:42.785+0000] {processor.py:175} INFO - Processing /home/airflow/.local/lib/python3.7/site-packages/airflow/example_dags/example_latest_only.py took 0.080 seconds
[2024-01-05T14:05:13.469+0000] {processor.py:153} INFO - Started process (PID=5578) to work on /home/airflow/.local/lib/python3.7/site-packages/airflow/example_dags/example_latest_only.py
[2024-01-05T14:05:13.470+0000] {processor.py:743} INFO - Processing file /home/airflow/.local/lib/python3.7/site-packages/airflow/example_dags/example_latest_only.py for tasks to queue
[2024-01-05T14:05:13.471+0000] {logging_mixin.py:137} INFO - [2024-01-05T14:05:13.471+0000] {dagbag.py:538} INFO - Filling up the DagBag from /home/airflow/.local/lib/python3.7/site-packages/airflow/example_dags/example_latest_only.py
[2024-01-05T14:05:13.482+0000] {processor.py:753} INFO - DAG(s) dict_keys(['latest_only']) retrieved from /home/airflow/.local/lib/python3.7/site-packages/airflow/example_dags/example_latest_only.py
[2024-01-05T14:05:13.502+0000] {logging_mixin.py:137} INFO - [2024-01-05T14:05:13.502+0000] {dag.py:2690} INFO - Sync 1 DAGs
[2024-01-05T14:05:13.520+0000] {logging_mixin.py:137} INFO - [2024-01-05T14:05:13.520+0000] {dag.py:3441} INFO - Setting next_dagrun for latest_only to 2024-01-05T10:05:13.520369+00:00, run_after=2024-01-05T14:05:13.520369+00:00
[2024-01-05T14:05:13.531+0000] {processor.py:175} INFO - Processing /home/airflow/.local/lib/python3.7/site-packages/airflow/example_dags/example_latest_only.py took 0.065 seconds
[2024-01-05T14:05:44.323+0000] {processor.py:153} INFO - Started process (PID=5653) to work on /home/airflow/.local/lib/python3.7/site-packages/airflow/example_dags/example_latest_only.py
[2024-01-05T14:05:44.325+0000] {processor.py:743} INFO - Processing file /home/airflow/.local/lib/python3.7/site-packages/airflow/example_dags/example_latest_only.py for tasks to queue
[2024-01-05T14:05:44.326+0000] {logging_mixin.py:137} INFO - [2024-01-05T14:05:44.326+0000] {dagbag.py:538} INFO - Filling up the DagBag from /home/airflow/.local/lib/python3.7/site-packages/airflow/example_dags/example_latest_only.py
[2024-01-05T14:05:44.343+0000] {processor.py:753} INFO - DAG(s) dict_keys(['latest_only']) retrieved from /home/airflow/.local/lib/python3.7/site-packages/airflow/example_dags/example_latest_only.py
[2024-01-05T14:05:44.404+0000] {logging_mixin.py:137} INFO - [2024-01-05T14:05:44.404+0000] {dag.py:2690} INFO - Sync 1 DAGs
[2024-01-05T14:05:44.455+0000] {logging_mixin.py:137} INFO - [2024-01-05T14:05:44.454+0000] {dag.py:3441} INFO - Setting next_dagrun for latest_only to 2024-01-05T10:05:44.453762+00:00, run_after=2024-01-05T14:05:44.453762+00:00
[2024-01-05T14:05:44.494+0000] {processor.py:175} INFO - Processing /home/airflow/.local/lib/python3.7/site-packages/airflow/example_dags/example_latest_only.py took 0.176 seconds
[2024-01-05T14:06:14.782+0000] {processor.py:153} INFO - Started process (PID=5717) to work on /home/airflow/.local/lib/python3.7/site-packages/airflow/example_dags/example_latest_only.py
[2024-01-05T14:06:14.783+0000] {processor.py:743} INFO - Processing file /home/airflow/.local/lib/python3.7/site-packages/airflow/example_dags/example_latest_only.py for tasks to queue
[2024-01-05T14:06:14.784+0000] {logging_mixin.py:137} INFO - [2024-01-05T14:06:14.784+0000] {dagbag.py:538} INFO - Filling up the DagBag from /home/airflow/.local/lib/python3.7/site-packages/airflow/example_dags/example_latest_only.py
[2024-01-05T14:06:14.794+0000] {processor.py:753} INFO - DAG(s) dict_keys(['latest_only']) retrieved from /home/airflow/.local/lib/python3.7/site-packages/airflow/example_dags/example_latest_only.py
[2024-01-05T14:06:14.813+0000] {logging_mixin.py:137} INFO - [2024-01-05T14:06:14.813+0000] {dag.py:2690} INFO - Sync 1 DAGs
[2024-01-05T14:06:14.830+0000] {logging_mixin.py:137} INFO - [2024-01-05T14:06:14.830+0000] {dag.py:3441} INFO - Setting next_dagrun for latest_only to 2024-01-05T10:06:14.830498+00:00, run_after=2024-01-05T14:06:14.830498+00:00
[2024-01-05T14:06:14.843+0000] {processor.py:175} INFO - Processing /home/airflow/.local/lib/python3.7/site-packages/airflow/example_dags/example_latest_only.py took 0.064 seconds
[2024-01-05T14:06:45.455+0000] {processor.py:153} INFO - Started process (PID=5792) to work on /home/airflow/.local/lib/python3.7/site-packages/airflow/example_dags/example_latest_only.py
[2024-01-05T14:06:45.456+0000] {processor.py:743} INFO - Processing file /home/airflow/.local/lib/python3.7/site-packages/airflow/example_dags/example_latest_only.py for tasks to queue
[2024-01-05T14:06:45.457+0000] {logging_mixin.py:137} INFO - [2024-01-05T14:06:45.457+0000] {dagbag.py:538} INFO - Filling up the DagBag from /home/airflow/.local/lib/python3.7/site-packages/airflow/example_dags/example_latest_only.py
[2024-01-05T14:06:45.467+0000] {processor.py:753} INFO - DAG(s) dict_keys(['latest_only']) retrieved from /home/airflow/.local/lib/python3.7/site-packages/airflow/example_dags/example_latest_only.py
[2024-01-05T14:06:45.487+0000] {logging_mixin.py:137} INFO - [2024-01-05T14:06:45.486+0000] {dag.py:2690} INFO - Sync 1 DAGs
[2024-01-05T14:06:45.502+0000] {logging_mixin.py:137} INFO - [2024-01-05T14:06:45.502+0000] {dag.py:3441} INFO - Setting next_dagrun for latest_only to 2024-01-05T10:06:45.502591+00:00, run_after=2024-01-05T14:06:45.502591+00:00
[2024-01-05T14:06:45.513+0000] {processor.py:175} INFO - Processing /home/airflow/.local/lib/python3.7/site-packages/airflow/example_dags/example_latest_only.py took 0.061 seconds
[2024-01-05T14:07:16.180+0000] {processor.py:153} INFO - Started process (PID=5855) to work on /home/airflow/.local/lib/python3.7/site-packages/airflow/example_dags/example_latest_only.py
[2024-01-05T14:07:16.182+0000] {processor.py:743} INFO - Processing file /home/airflow/.local/lib/python3.7/site-packages/airflow/example_dags/example_latest_only.py for tasks to queue
[2024-01-05T14:07:16.182+0000] {logging_mixin.py:137} INFO - [2024-01-05T14:07:16.182+0000] {dagbag.py:538} INFO - Filling up the DagBag from /home/airflow/.local/lib/python3.7/site-packages/airflow/example_dags/example_latest_only.py
[2024-01-05T14:07:16.192+0000] {processor.py:753} INFO - DAG(s) dict_keys(['latest_only']) retrieved from /home/airflow/.local/lib/python3.7/site-packages/airflow/example_dags/example_latest_only.py
[2024-01-05T14:07:16.213+0000] {logging_mixin.py:137} INFO - [2024-01-05T14:07:16.213+0000] {dag.py:2690} INFO - Sync 1 DAGs
[2024-01-05T14:07:16.232+0000] {logging_mixin.py:137} INFO - [2024-01-05T14:07:16.232+0000] {dag.py:3441} INFO - Setting next_dagrun for latest_only to 2024-01-05T10:07:16.231863+00:00, run_after=2024-01-05T14:07:16.231863+00:00
[2024-01-05T14:07:16.244+0000] {processor.py:175} INFO - Processing /home/airflow/.local/lib/python3.7/site-packages/airflow/example_dags/example_latest_only.py took 0.067 seconds
[2024-01-05T14:07:46.905+0000] {processor.py:153} INFO - Started process (PID=5930) to work on /home/airflow/.local/lib/python3.7/site-packages/airflow/example_dags/example_latest_only.py
[2024-01-05T14:07:46.906+0000] {processor.py:743} INFO - Processing file /home/airflow/.local/lib/python3.7/site-packages/airflow/example_dags/example_latest_only.py for tasks to queue
[2024-01-05T14:07:46.907+0000] {logging_mixin.py:137} INFO - [2024-01-05T14:07:46.906+0000] {dagbag.py:538} INFO - Filling up the DagBag from /home/airflow/.local/lib/python3.7/site-packages/airflow/example_dags/example_latest_only.py
[2024-01-05T14:07:46.917+0000] {processor.py:753} INFO - DAG(s) dict_keys(['latest_only']) retrieved from /home/airflow/.local/lib/python3.7/site-packages/airflow/example_dags/example_latest_only.py
[2024-01-05T14:07:46.935+0000] {logging_mixin.py:137} INFO - [2024-01-05T14:07:46.935+0000] {dag.py:2690} INFO - Sync 1 DAGs
[2024-01-05T14:07:46.951+0000] {logging_mixin.py:137} INFO - [2024-01-05T14:07:46.950+0000] {dag.py:3441} INFO - Setting next_dagrun for latest_only to 2024-01-05T10:07:46.950745+00:00, run_after=2024-01-05T14:07:46.950745+00:00
[2024-01-05T14:07:46.962+0000] {processor.py:175} INFO - Processing /home/airflow/.local/lib/python3.7/site-packages/airflow/example_dags/example_latest_only.py took 0.059 seconds
[2024-01-05T14:08:17.675+0000] {processor.py:153} INFO - Started process (PID=5993) to work on /home/airflow/.local/lib/python3.7/site-packages/airflow/example_dags/example_latest_only.py
[2024-01-05T14:08:17.676+0000] {processor.py:743} INFO - Processing file /home/airflow/.local/lib/python3.7/site-packages/airflow/example_dags/example_latest_only.py for tasks to queue
[2024-01-05T14:08:17.677+0000] {logging_mixin.py:137} INFO - [2024-01-05T14:08:17.677+0000] {dagbag.py:538} INFO - Filling up the DagBag from /home/airflow/.local/lib/python3.7/site-packages/airflow/example_dags/example_latest_only.py
[2024-01-05T14:08:17.689+0000] {processor.py:753} INFO - DAG(s) dict_keys(['latest_only']) retrieved from /home/airflow/.local/lib/python3.7/site-packages/airflow/example_dags/example_latest_only.py
[2024-01-05T14:08:17.707+0000] {logging_mixin.py:137} INFO - [2024-01-05T14:08:17.707+0000] {dag.py:2690} INFO - Sync 1 DAGs
[2024-01-05T14:08:17.723+0000] {logging_mixin.py:137} INFO - [2024-01-05T14:08:17.722+0000] {dag.py:3441} INFO - Setting next_dagrun for latest_only to 2024-01-05T10:08:17.722799+00:00, run_after=2024-01-05T14:08:17.722799+00:00
[2024-01-05T14:08:17.734+0000] {processor.py:175} INFO - Processing /home/airflow/.local/lib/python3.7/site-packages/airflow/example_dags/example_latest_only.py took 0.061 seconds
[2024-01-05T14:08:47.898+0000] {processor.py:153} INFO - Started process (PID=6068) to work on /home/airflow/.local/lib/python3.7/site-packages/airflow/example_dags/example_latest_only.py
[2024-01-05T14:08:47.900+0000] {processor.py:743} INFO - Processing file /home/airflow/.local/lib/python3.7/site-packages/airflow/example_dags/example_latest_only.py for tasks to queue
[2024-01-05T14:08:47.900+0000] {logging_mixin.py:137} INFO - [2024-01-05T14:08:47.900+0000] {dagbag.py:538} INFO - Filling up the DagBag from /home/airflow/.local/lib/python3.7/site-packages/airflow/example_dags/example_latest_only.py
[2024-01-05T14:08:47.913+0000] {processor.py:753} INFO - DAG(s) dict_keys(['latest_only']) retrieved from /home/airflow/.local/lib/python3.7/site-packages/airflow/example_dags/example_latest_only.py
[2024-01-05T14:08:47.934+0000] {logging_mixin.py:137} INFO - [2024-01-05T14:08:47.933+0000] {dag.py:2690} INFO - Sync 1 DAGs
[2024-01-05T14:08:47.952+0000] {logging_mixin.py:137} INFO - [2024-01-05T14:08:47.952+0000] {dag.py:3441} INFO - Setting next_dagrun for latest_only to 2024-01-05T10:08:47.952676+00:00, run_after=2024-01-05T14:08:47.952676+00:00
[2024-01-05T14:08:47.965+0000] {processor.py:175} INFO - Processing /home/airflow/.local/lib/python3.7/site-packages/airflow/example_dags/example_latest_only.py took 0.070 seconds
[2024-01-05T14:09:18.342+0000] {processor.py:153} INFO - Started process (PID=6141) to work on /home/airflow/.local/lib/python3.7/site-packages/airflow/example_dags/example_latest_only.py
[2024-01-05T14:09:18.344+0000] {processor.py:743} INFO - Processing file /home/airflow/.local/lib/python3.7/site-packages/airflow/example_dags/example_latest_only.py for tasks to queue
[2024-01-05T14:09:18.345+0000] {logging_mixin.py:137} INFO - [2024-01-05T14:09:18.345+0000] {dagbag.py:538} INFO - Filling up the DagBag from /home/airflow/.local/lib/python3.7/site-packages/airflow/example_dags/example_latest_only.py
[2024-01-05T14:09:18.357+0000] {processor.py:753} INFO - DAG(s) dict_keys(['latest_only']) retrieved from /home/airflow/.local/lib/python3.7/site-packages/airflow/example_dags/example_latest_only.py
[2024-01-05T14:09:18.388+0000] {logging_mixin.py:137} INFO - [2024-01-05T14:09:18.388+0000] {dag.py:2690} INFO - Sync 1 DAGs
[2024-01-05T14:09:18.418+0000] {logging_mixin.py:137} INFO - [2024-01-05T14:09:18.418+0000] {dag.py:3441} INFO - Setting next_dagrun for latest_only to 2024-01-05T10:09:18.417824+00:00, run_after=2024-01-05T14:09:18.417824+00:00
[2024-01-05T14:09:18.455+0000] {processor.py:175} INFO - Processing /home/airflow/.local/lib/python3.7/site-packages/airflow/example_dags/example_latest_only.py took 0.117 seconds
[2024-01-05T14:09:48.754+0000] {processor.py:153} INFO - Started process (PID=6207) to work on /home/airflow/.local/lib/python3.7/site-packages/airflow/example_dags/example_latest_only.py
[2024-01-05T14:09:48.756+0000] {processor.py:743} INFO - Processing file /home/airflow/.local/lib/python3.7/site-packages/airflow/example_dags/example_latest_only.py for tasks to queue
[2024-01-05T14:09:48.757+0000] {logging_mixin.py:137} INFO - [2024-01-05T14:09:48.757+0000] {dagbag.py:538} INFO - Filling up the DagBag from /home/airflow/.local/lib/python3.7/site-packages/airflow/example_dags/example_latest_only.py
[2024-01-05T14:09:48.771+0000] {processor.py:753} INFO - DAG(s) dict_keys(['latest_only']) retrieved from /home/airflow/.local/lib/python3.7/site-packages/airflow/example_dags/example_latest_only.py
[2024-01-05T14:09:48.796+0000] {logging_mixin.py:137} INFO - [2024-01-05T14:09:48.796+0000] {dag.py:2690} INFO - Sync 1 DAGs
[2024-01-05T14:09:48.819+0000] {logging_mixin.py:137} INFO - [2024-01-05T14:09:48.819+0000] {dag.py:3441} INFO - Setting next_dagrun for latest_only to 2024-01-05T10:09:48.819144+00:00, run_after=2024-01-05T14:09:48.819144+00:00
[2024-01-05T14:09:48.840+0000] {processor.py:175} INFO - Processing /home/airflow/.local/lib/python3.7/site-packages/airflow/example_dags/example_latest_only.py took 0.090 seconds
[2024-01-05T14:10:18.968+0000] {processor.py:153} INFO - Started process (PID=6269) to work on /home/airflow/.local/lib/python3.7/site-packages/airflow/example_dags/example_latest_only.py
[2024-01-05T14:10:18.969+0000] {processor.py:743} INFO - Processing file /home/airflow/.local/lib/python3.7/site-packages/airflow/example_dags/example_latest_only.py for tasks to queue
[2024-01-05T14:10:18.970+0000] {logging_mixin.py:137} INFO - [2024-01-05T14:10:18.970+0000] {dagbag.py:538} INFO - Filling up the DagBag from /home/airflow/.local/lib/python3.7/site-packages/airflow/example_dags/example_latest_only.py
[2024-01-05T14:10:18.979+0000] {processor.py:753} INFO - DAG(s) dict_keys(['latest_only']) retrieved from /home/airflow/.local/lib/python3.7/site-packages/airflow/example_dags/example_latest_only.py
[2024-01-05T14:10:18.998+0000] {logging_mixin.py:137} INFO - [2024-01-05T14:10:18.998+0000] {dag.py:2690} INFO - Sync 1 DAGs
[2024-01-05T14:10:19.013+0000] {logging_mixin.py:137} INFO - [2024-01-05T14:10:19.013+0000] {dag.py:3441} INFO - Setting next_dagrun for latest_only to 2024-01-05T10:10:19.013084+00:00, run_after=2024-01-05T14:10:19.013084+00:00
[2024-01-05T14:10:19.024+0000] {processor.py:175} INFO - Processing /home/airflow/.local/lib/python3.7/site-packages/airflow/example_dags/example_latest_only.py took 0.059 seconds
[2024-01-05T14:10:49.520+0000] {processor.py:153} INFO - Started process (PID=6342) to work on /home/airflow/.local/lib/python3.7/site-packages/airflow/example_dags/example_latest_only.py
[2024-01-05T14:10:49.521+0000] {processor.py:743} INFO - Processing file /home/airflow/.local/lib/python3.7/site-packages/airflow/example_dags/example_latest_only.py for tasks to queue
[2024-01-05T14:10:49.522+0000] {logging_mixin.py:137} INFO - [2024-01-05T14:10:49.522+0000] {dagbag.py:538} INFO - Filling up the DagBag from /home/airflow/.local/lib/python3.7/site-packages/airflow/example_dags/example_latest_only.py
[2024-01-05T14:10:49.533+0000] {processor.py:753} INFO - DAG(s) dict_keys(['latest_only']) retrieved from /home/airflow/.local/lib/python3.7/site-packages/airflow/example_dags/example_latest_only.py
[2024-01-05T14:10:49.552+0000] {logging_mixin.py:137} INFO - [2024-01-05T14:10:49.552+0000] {dag.py:2690} INFO - Sync 1 DAGs
[2024-01-05T14:10:49.569+0000] {logging_mixin.py:137} INFO - [2024-01-05T14:10:49.569+0000] {dag.py:3441} INFO - Setting next_dagrun for latest_only to 2024-01-05T10:10:49.569208+00:00, run_after=2024-01-05T14:10:49.569208+00:00
[2024-01-05T14:10:49.580+0000] {processor.py:175} INFO - Processing /home/airflow/.local/lib/python3.7/site-packages/airflow/example_dags/example_latest_only.py took 0.063 seconds
[2024-01-05T14:11:21.828+0000] {processor.py:153} INFO - Started process (PID=6414) to work on /home/airflow/.local/lib/python3.7/site-packages/airflow/example_dags/example_latest_only.py
[2024-01-05T14:11:21.831+0000] {processor.py:743} INFO - Processing file /home/airflow/.local/lib/python3.7/site-packages/airflow/example_dags/example_latest_only.py for tasks to queue
[2024-01-05T14:11:21.834+0000] {logging_mixin.py:137} INFO - [2024-01-05T14:11:21.833+0000] {dagbag.py:538} INFO - Filling up the DagBag from /home/airflow/.local/lib/python3.7/site-packages/airflow/example_dags/example_latest_only.py
[2024-01-05T14:11:21.873+0000] {processor.py:753} INFO - DAG(s) dict_keys(['latest_only']) retrieved from /home/airflow/.local/lib/python3.7/site-packages/airflow/example_dags/example_latest_only.py
[2024-01-05T14:11:22.008+0000] {logging_mixin.py:137} INFO - [2024-01-05T14:11:22.008+0000] {dag.py:2690} INFO - Sync 1 DAGs
[2024-01-05T14:11:22.041+0000] {logging_mixin.py:137} INFO - [2024-01-05T14:11:22.041+0000] {dag.py:3441} INFO - Setting next_dagrun for latest_only to 2024-01-05T10:11:22.040980+00:00, run_after=2024-01-05T14:11:22.040980+00:00
[2024-01-05T14:11:22.088+0000] {processor.py:175} INFO - Processing /home/airflow/.local/lib/python3.7/site-packages/airflow/example_dags/example_latest_only.py took 0.267 seconds
[2024-01-05T14:11:52.776+0000] {processor.py:153} INFO - Started process (PID=6479) to work on /home/airflow/.local/lib/python3.7/site-packages/airflow/example_dags/example_latest_only.py
[2024-01-05T14:11:52.778+0000] {processor.py:743} INFO - Processing file /home/airflow/.local/lib/python3.7/site-packages/airflow/example_dags/example_latest_only.py for tasks to queue
[2024-01-05T14:11:52.779+0000] {logging_mixin.py:137} INFO - [2024-01-05T14:11:52.779+0000] {dagbag.py:538} INFO - Filling up the DagBag from /home/airflow/.local/lib/python3.7/site-packages/airflow/example_dags/example_latest_only.py
[2024-01-05T14:11:52.790+0000] {processor.py:753} INFO - DAG(s) dict_keys(['latest_only']) retrieved from /home/airflow/.local/lib/python3.7/site-packages/airflow/example_dags/example_latest_only.py
[2024-01-05T14:11:52.812+0000] {logging_mixin.py:137} INFO - [2024-01-05T14:11:52.812+0000] {dag.py:2690} INFO - Sync 1 DAGs
[2024-01-05T14:11:52.828+0000] {logging_mixin.py:137} INFO - [2024-01-05T14:11:52.828+0000] {dag.py:3441} INFO - Setting next_dagrun for latest_only to 2024-01-05T10:11:52.828036+00:00, run_after=2024-01-05T14:11:52.828036+00:00
[2024-01-05T14:11:52.840+0000] {processor.py:175} INFO - Processing /home/airflow/.local/lib/python3.7/site-packages/airflow/example_dags/example_latest_only.py took 0.067 seconds
[2024-01-05T14:12:23.790+0000] {processor.py:153} INFO - Started process (PID=6555) to work on /home/airflow/.local/lib/python3.7/site-packages/airflow/example_dags/example_latest_only.py
[2024-01-05T14:12:23.792+0000] {processor.py:743} INFO - Processing file /home/airflow/.local/lib/python3.7/site-packages/airflow/example_dags/example_latest_only.py for tasks to queue
[2024-01-05T14:12:23.793+0000] {logging_mixin.py:137} INFO - [2024-01-05T14:12:23.793+0000] {dagbag.py:538} INFO - Filling up the DagBag from /home/airflow/.local/lib/python3.7/site-packages/airflow/example_dags/example_latest_only.py
[2024-01-05T14:12:23.802+0000] {processor.py:753} INFO - DAG(s) dict_keys(['latest_only']) retrieved from /home/airflow/.local/lib/python3.7/site-packages/airflow/example_dags/example_latest_only.py
[2024-01-05T14:12:23.825+0000] {logging_mixin.py:137} INFO - [2024-01-05T14:12:23.825+0000] {dag.py:2690} INFO - Sync 1 DAGs
[2024-01-05T14:12:23.843+0000] {logging_mixin.py:137} INFO - [2024-01-05T14:12:23.843+0000] {dag.py:3441} INFO - Setting next_dagrun for latest_only to 2024-01-05T10:12:23.842960+00:00, run_after=2024-01-05T14:12:23.842960+00:00
[2024-01-05T14:12:23.855+0000] {processor.py:175} INFO - Processing /home/airflow/.local/lib/python3.7/site-packages/airflow/example_dags/example_latest_only.py took 0.068 seconds
[2024-01-05T14:12:54.326+0000] {processor.py:153} INFO - Started process (PID=6618) to work on /home/airflow/.local/lib/python3.7/site-packages/airflow/example_dags/example_latest_only.py
[2024-01-05T14:12:54.327+0000] {processor.py:743} INFO - Processing file /home/airflow/.local/lib/python3.7/site-packages/airflow/example_dags/example_latest_only.py for tasks to queue
[2024-01-05T14:12:54.328+0000] {logging_mixin.py:137} INFO - [2024-01-05T14:12:54.328+0000] {dagbag.py:538} INFO - Filling up the DagBag from /home/airflow/.local/lib/python3.7/site-packages/airflow/example_dags/example_latest_only.py
[2024-01-05T14:12:54.339+0000] {processor.py:753} INFO - DAG(s) dict_keys(['latest_only']) retrieved from /home/airflow/.local/lib/python3.7/site-packages/airflow/example_dags/example_latest_only.py
[2024-01-05T14:12:54.360+0000] {logging_mixin.py:137} INFO - [2024-01-05T14:12:54.360+0000] {dag.py:2690} INFO - Sync 1 DAGs
[2024-01-05T14:12:54.376+0000] {logging_mixin.py:137} INFO - [2024-01-05T14:12:54.376+0000] {dag.py:3441} INFO - Setting next_dagrun for latest_only to 2024-01-05T10:12:54.375995+00:00, run_after=2024-01-05T14:12:54.375995+00:00
[2024-01-05T14:12:54.389+0000] {processor.py:175} INFO - Processing /home/airflow/.local/lib/python3.7/site-packages/airflow/example_dags/example_latest_only.py took 0.065 seconds
[2024-01-05T14:13:25.085+0000] {processor.py:153} INFO - Started process (PID=6692) to work on /home/airflow/.local/lib/python3.7/site-packages/airflow/example_dags/example_latest_only.py
[2024-01-05T14:13:25.087+0000] {processor.py:743} INFO - Processing file /home/airflow/.local/lib/python3.7/site-packages/airflow/example_dags/example_latest_only.py for tasks to queue
[2024-01-05T14:13:25.087+0000] {logging_mixin.py:137} INFO - [2024-01-05T14:13:25.087+0000] {dagbag.py:538} INFO - Filling up the DagBag from /home/airflow/.local/lib/python3.7/site-packages/airflow/example_dags/example_latest_only.py
[2024-01-05T14:13:25.099+0000] {processor.py:753} INFO - DAG(s) dict_keys(['latest_only']) retrieved from /home/airflow/.local/lib/python3.7/site-packages/airflow/example_dags/example_latest_only.py
[2024-01-05T14:13:25.120+0000] {logging_mixin.py:137} INFO - [2024-01-05T14:13:25.120+0000] {dag.py:2690} INFO - Sync 1 DAGs
[2024-01-05T14:13:25.136+0000] {logging_mixin.py:137} INFO - [2024-01-05T14:13:25.136+0000] {dag.py:3441} INFO - Setting next_dagrun for latest_only to 2024-01-05T10:13:25.136608+00:00, run_after=2024-01-05T14:13:25.136608+00:00
[2024-01-05T14:13:25.149+0000] {processor.py:175} INFO - Processing /home/airflow/.local/lib/python3.7/site-packages/airflow/example_dags/example_latest_only.py took 0.066 seconds
[2024-01-05T14:13:56.168+0000] {processor.py:153} INFO - Started process (PID=6765) to work on /home/airflow/.local/lib/python3.7/site-packages/airflow/example_dags/example_latest_only.py
[2024-01-05T14:13:56.170+0000] {processor.py:743} INFO - Processing file /home/airflow/.local/lib/python3.7/site-packages/airflow/example_dags/example_latest_only.py for tasks to queue
[2024-01-05T14:13:56.171+0000] {logging_mixin.py:137} INFO - [2024-01-05T14:13:56.170+0000] {dagbag.py:538} INFO - Filling up the DagBag from /home/airflow/.local/lib/python3.7/site-packages/airflow/example_dags/example_latest_only.py
[2024-01-05T14:13:56.190+0000] {processor.py:753} INFO - DAG(s) dict_keys(['latest_only']) retrieved from /home/airflow/.local/lib/python3.7/site-packages/airflow/example_dags/example_latest_only.py
[2024-01-05T14:13:56.240+0000] {logging_mixin.py:137} INFO - [2024-01-05T14:13:56.240+0000] {dag.py:2690} INFO - Sync 1 DAGs
[2024-01-05T14:13:56.281+0000] {logging_mixin.py:137} INFO - [2024-01-05T14:13:56.280+0000] {dag.py:3441} INFO - Setting next_dagrun for latest_only to 2024-01-05T10:13:56.280713+00:00, run_after=2024-01-05T14:13:56.280713+00:00
[2024-01-05T14:13:56.299+0000] {processor.py:175} INFO - Processing /home/airflow/.local/lib/python3.7/site-packages/airflow/example_dags/example_latest_only.py took 0.135 seconds
[2024-01-05T14:14:27.094+0000] {processor.py:153} INFO - Started process (PID=6831) to work on /home/airflow/.local/lib/python3.7/site-packages/airflow/example_dags/example_latest_only.py
[2024-01-05T14:14:27.096+0000] {processor.py:743} INFO - Processing file /home/airflow/.local/lib/python3.7/site-packages/airflow/example_dags/example_latest_only.py for tasks to queue
[2024-01-05T14:14:27.097+0000] {logging_mixin.py:137} INFO - [2024-01-05T14:14:27.096+0000] {dagbag.py:538} INFO - Filling up the DagBag from /home/airflow/.local/lib/python3.7/site-packages/airflow/example_dags/example_latest_only.py
[2024-01-05T14:14:27.108+0000] {processor.py:753} INFO - DAG(s) dict_keys(['latest_only']) retrieved from /home/airflow/.local/lib/python3.7/site-packages/airflow/example_dags/example_latest_only.py
[2024-01-05T14:14:27.131+0000] {logging_mixin.py:137} INFO - [2024-01-05T14:14:27.131+0000] {dag.py:2690} INFO - Sync 1 DAGs
[2024-01-05T14:14:27.150+0000] {logging_mixin.py:137} INFO - [2024-01-05T14:14:27.150+0000] {dag.py:3441} INFO - Setting next_dagrun for latest_only to 2024-01-05T10:14:27.150589+00:00, run_after=2024-01-05T14:14:27.150589+00:00
[2024-01-05T14:14:27.165+0000] {processor.py:175} INFO - Processing /home/airflow/.local/lib/python3.7/site-packages/airflow/example_dags/example_latest_only.py took 0.075 seconds
[2024-01-05T14:14:58.156+0000] {processor.py:153} INFO - Started process (PID=6906) to work on /home/airflow/.local/lib/python3.7/site-packages/airflow/example_dags/example_latest_only.py
[2024-01-05T14:14:58.157+0000] {processor.py:743} INFO - Processing file /home/airflow/.local/lib/python3.7/site-packages/airflow/example_dags/example_latest_only.py for tasks to queue
[2024-01-05T14:14:58.159+0000] {logging_mixin.py:137} INFO - [2024-01-05T14:14:58.159+0000] {dagbag.py:538} INFO - Filling up the DagBag from /home/airflow/.local/lib/python3.7/site-packages/airflow/example_dags/example_latest_only.py
[2024-01-05T14:14:58.177+0000] {processor.py:753} INFO - DAG(s) dict_keys(['latest_only']) retrieved from /home/airflow/.local/lib/python3.7/site-packages/airflow/example_dags/example_latest_only.py
[2024-01-05T14:14:58.202+0000] {logging_mixin.py:137} INFO - [2024-01-05T14:14:58.202+0000] {dag.py:2690} INFO - Sync 1 DAGs
[2024-01-05T14:14:58.220+0000] {logging_mixin.py:137} INFO - [2024-01-05T14:14:58.219+0000] {dag.py:3441} INFO - Setting next_dagrun for latest_only to 2024-01-05T10:14:58.219753+00:00, run_after=2024-01-05T14:14:58.219753+00:00
[2024-01-05T14:14:58.231+0000] {processor.py:175} INFO - Processing /home/airflow/.local/lib/python3.7/site-packages/airflow/example_dags/example_latest_only.py took 0.078 seconds
[2024-01-05T14:15:29.409+0000] {processor.py:153} INFO - Started process (PID=6969) to work on /home/airflow/.local/lib/python3.7/site-packages/airflow/example_dags/example_latest_only.py
[2024-01-05T14:15:29.414+0000] {processor.py:743} INFO - Processing file /home/airflow/.local/lib/python3.7/site-packages/airflow/example_dags/example_latest_only.py for tasks to queue
[2024-01-05T14:15:29.421+0000] {logging_mixin.py:137} INFO - [2024-01-05T14:15:29.420+0000] {dagbag.py:538} INFO - Filling up the DagBag from /home/airflow/.local/lib/python3.7/site-packages/airflow/example_dags/example_latest_only.py
[2024-01-05T14:15:29.476+0000] {processor.py:753} INFO - DAG(s) dict_keys(['latest_only']) retrieved from /home/airflow/.local/lib/python3.7/site-packages/airflow/example_dags/example_latest_only.py
[2024-01-05T14:15:29.526+0000] {logging_mixin.py:137} INFO - [2024-01-05T14:15:29.526+0000] {dag.py:2690} INFO - Sync 1 DAGs
[2024-01-05T14:15:29.572+0000] {logging_mixin.py:137} INFO - [2024-01-05T14:15:29.572+0000] {dag.py:3441} INFO - Setting next_dagrun for latest_only to 2024-01-05T10:15:29.571344+00:00, run_after=2024-01-05T14:15:29.571344+00:00
[2024-01-05T14:15:29.591+0000] {processor.py:175} INFO - Processing /home/airflow/.local/lib/python3.7/site-packages/airflow/example_dags/example_latest_only.py took 0.196 seconds
[2024-01-05T14:16:00.437+0000] {processor.py:153} INFO - Started process (PID=7044) to work on /home/airflow/.local/lib/python3.7/site-packages/airflow/example_dags/example_latest_only.py
[2024-01-05T14:16:00.438+0000] {processor.py:743} INFO - Processing file /home/airflow/.local/lib/python3.7/site-packages/airflow/example_dags/example_latest_only.py for tasks to queue
[2024-01-05T14:16:00.440+0000] {logging_mixin.py:137} INFO - [2024-01-05T14:16:00.440+0000] {dagbag.py:538} INFO - Filling up the DagBag from /home/airflow/.local/lib/python3.7/site-packages/airflow/example_dags/example_latest_only.py
[2024-01-05T14:16:00.455+0000] {processor.py:753} INFO - DAG(s) dict_keys(['latest_only']) retrieved from /home/airflow/.local/lib/python3.7/site-packages/airflow/example_dags/example_latest_only.py
[2024-01-05T14:16:00.480+0000] {logging_mixin.py:137} INFO - [2024-01-05T14:16:00.480+0000] {dag.py:2690} INFO - Sync 1 DAGs
[2024-01-05T14:16:00.497+0000] {logging_mixin.py:137} INFO - [2024-01-05T14:16:00.497+0000] {dag.py:3441} INFO - Setting next_dagrun for latest_only to 2024-01-05T10:16:00.497031+00:00, run_after=2024-01-05T14:16:00.497031+00:00
[2024-01-05T14:16:00.510+0000] {processor.py:175} INFO - Processing /home/airflow/.local/lib/python3.7/site-packages/airflow/example_dags/example_latest_only.py took 0.079 seconds
[2024-01-05T14:16:31.217+0000] {processor.py:153} INFO - Started process (PID=7107) to work on /home/airflow/.local/lib/python3.7/site-packages/airflow/example_dags/example_latest_only.py
[2024-01-05T14:16:31.218+0000] {processor.py:743} INFO - Processing file /home/airflow/.local/lib/python3.7/site-packages/airflow/example_dags/example_latest_only.py for tasks to queue
[2024-01-05T14:16:31.219+0000] {logging_mixin.py:137} INFO - [2024-01-05T14:16:31.219+0000] {dagbag.py:538} INFO - Filling up the DagBag from /home/airflow/.local/lib/python3.7/site-packages/airflow/example_dags/example_latest_only.py
[2024-01-05T14:16:31.232+0000] {processor.py:753} INFO - DAG(s) dict_keys(['latest_only']) retrieved from /home/airflow/.local/lib/python3.7/site-packages/airflow/example_dags/example_latest_only.py
[2024-01-05T14:16:31.260+0000] {logging_mixin.py:137} INFO - [2024-01-05T14:16:31.260+0000] {dag.py:2690} INFO - Sync 1 DAGs
[2024-01-05T14:16:31.278+0000] {logging_mixin.py:137} INFO - [2024-01-05T14:16:31.278+0000] {dag.py:3441} INFO - Setting next_dagrun for latest_only to 2024-01-05T10:16:31.278456+00:00, run_after=2024-01-05T14:16:31.278456+00:00
[2024-01-05T14:16:31.293+0000] {processor.py:175} INFO - Processing /home/airflow/.local/lib/python3.7/site-packages/airflow/example_dags/example_latest_only.py took 0.081 seconds
[2024-01-05T14:17:01.719+0000] {processor.py:153} INFO - Started process (PID=7182) to work on /home/airflow/.local/lib/python3.7/site-packages/airflow/example_dags/example_latest_only.py
[2024-01-05T14:17:01.721+0000] {processor.py:743} INFO - Processing file /home/airflow/.local/lib/python3.7/site-packages/airflow/example_dags/example_latest_only.py for tasks to queue
[2024-01-05T14:17:01.722+0000] {logging_mixin.py:137} INFO - [2024-01-05T14:17:01.722+0000] {dagbag.py:538} INFO - Filling up the DagBag from /home/airflow/.local/lib/python3.7/site-packages/airflow/example_dags/example_latest_only.py
[2024-01-05T14:17:01.734+0000] {processor.py:753} INFO - DAG(s) dict_keys(['latest_only']) retrieved from /home/airflow/.local/lib/python3.7/site-packages/airflow/example_dags/example_latest_only.py
[2024-01-05T14:17:01.753+0000] {logging_mixin.py:137} INFO - [2024-01-05T14:17:01.753+0000] {dag.py:2690} INFO - Sync 1 DAGs
[2024-01-05T14:17:01.771+0000] {logging_mixin.py:137} INFO - [2024-01-05T14:17:01.771+0000] {dag.py:3441} INFO - Setting next_dagrun for latest_only to 2024-01-05T10:17:01.770933+00:00, run_after=2024-01-05T14:17:01.770933+00:00
[2024-01-05T14:17:01.782+0000] {processor.py:175} INFO - Processing /home/airflow/.local/lib/python3.7/site-packages/airflow/example_dags/example_latest_only.py took 0.067 seconds
[2024-01-05T14:17:31.834+0000] {processor.py:153} INFO - Started process (PID=7245) to work on /home/airflow/.local/lib/python3.7/site-packages/airflow/example_dags/example_latest_only.py
[2024-01-05T14:17:31.836+0000] {processor.py:743} INFO - Processing file /home/airflow/.local/lib/python3.7/site-packages/airflow/example_dags/example_latest_only.py for tasks to queue
[2024-01-05T14:17:31.836+0000] {logging_mixin.py:137} INFO - [2024-01-05T14:17:31.836+0000] {dagbag.py:538} INFO - Filling up the DagBag from /home/airflow/.local/lib/python3.7/site-packages/airflow/example_dags/example_latest_only.py
[2024-01-05T14:17:31.846+0000] {processor.py:753} INFO - DAG(s) dict_keys(['latest_only']) retrieved from /home/airflow/.local/lib/python3.7/site-packages/airflow/example_dags/example_latest_only.py
[2024-01-05T14:17:31.864+0000] {logging_mixin.py:137} INFO - [2024-01-05T14:17:31.864+0000] {dag.py:2690} INFO - Sync 1 DAGs
[2024-01-05T14:17:31.880+0000] {logging_mixin.py:137} INFO - [2024-01-05T14:17:31.880+0000] {dag.py:3441} INFO - Setting next_dagrun for latest_only to 2024-01-05T10:17:31.880463+00:00, run_after=2024-01-05T14:17:31.880463+00:00
[2024-01-05T14:17:31.892+0000] {processor.py:175} INFO - Processing /home/airflow/.local/lib/python3.7/site-packages/airflow/example_dags/example_latest_only.py took 0.060 seconds
[2024-01-05T14:18:02.262+0000] {processor.py:153} INFO - Started process (PID=7320) to work on /home/airflow/.local/lib/python3.7/site-packages/airflow/example_dags/example_latest_only.py
[2024-01-05T14:18:02.264+0000] {processor.py:743} INFO - Processing file /home/airflow/.local/lib/python3.7/site-packages/airflow/example_dags/example_latest_only.py for tasks to queue
[2024-01-05T14:18:02.265+0000] {logging_mixin.py:137} INFO - [2024-01-05T14:18:02.264+0000] {dagbag.py:538} INFO - Filling up the DagBag from /home/airflow/.local/lib/python3.7/site-packages/airflow/example_dags/example_latest_only.py
[2024-01-05T14:18:02.275+0000] {processor.py:753} INFO - DAG(s) dict_keys(['latest_only']) retrieved from /home/airflow/.local/lib/python3.7/site-packages/airflow/example_dags/example_latest_only.py
[2024-01-05T14:18:02.299+0000] {logging_mixin.py:137} INFO - [2024-01-05T14:18:02.299+0000] {dag.py:2690} INFO - Sync 1 DAGs
[2024-01-05T14:18:02.317+0000] {logging_mixin.py:137} INFO - [2024-01-05T14:18:02.317+0000] {dag.py:3441} INFO - Setting next_dagrun for latest_only to 2024-01-05T10:18:02.317164+00:00, run_after=2024-01-05T14:18:02.317164+00:00
[2024-01-05T14:18:02.328+0000] {processor.py:175} INFO - Processing /home/airflow/.local/lib/python3.7/site-packages/airflow/example_dags/example_latest_only.py took 0.068 seconds
[2024-01-05T14:18:33.314+0000] {processor.py:153} INFO - Started process (PID=7382) to work on /home/airflow/.local/lib/python3.7/site-packages/airflow/example_dags/example_latest_only.py
[2024-01-05T14:18:33.316+0000] {processor.py:743} INFO - Processing file /home/airflow/.local/lib/python3.7/site-packages/airflow/example_dags/example_latest_only.py for tasks to queue
[2024-01-05T14:18:33.320+0000] {logging_mixin.py:137} INFO - [2024-01-05T14:18:33.320+0000] {dagbag.py:538} INFO - Filling up the DagBag from /home/airflow/.local/lib/python3.7/site-packages/airflow/example_dags/example_latest_only.py
[2024-01-05T14:18:33.331+0000] {processor.py:753} INFO - DAG(s) dict_keys(['latest_only']) retrieved from /home/airflow/.local/lib/python3.7/site-packages/airflow/example_dags/example_latest_only.py
[2024-01-05T14:18:33.354+0000] {logging_mixin.py:137} INFO - [2024-01-05T14:18:33.354+0000] {dag.py:2690} INFO - Sync 1 DAGs
[2024-01-05T14:18:33.372+0000] {logging_mixin.py:137} INFO - [2024-01-05T14:18:33.372+0000] {dag.py:3441} INFO - Setting next_dagrun for latest_only to 2024-01-05T10:18:33.371980+00:00, run_after=2024-01-05T14:18:33.371980+00:00
[2024-01-05T14:18:33.386+0000] {processor.py:175} INFO - Processing /home/airflow/.local/lib/python3.7/site-packages/airflow/example_dags/example_latest_only.py took 0.077 seconds
[2024-01-05T14:19:03.865+0000] {processor.py:153} INFO - Started process (PID=7457) to work on /home/airflow/.local/lib/python3.7/site-packages/airflow/example_dags/example_latest_only.py
[2024-01-05T14:19:03.866+0000] {processor.py:743} INFO - Processing file /home/airflow/.local/lib/python3.7/site-packages/airflow/example_dags/example_latest_only.py for tasks to queue
[2024-01-05T14:19:03.867+0000] {logging_mixin.py:137} INFO - [2024-01-05T14:19:03.867+0000] {dagbag.py:538} INFO - Filling up the DagBag from /home/airflow/.local/lib/python3.7/site-packages/airflow/example_dags/example_latest_only.py
[2024-01-05T14:19:03.880+0000] {processor.py:753} INFO - DAG(s) dict_keys(['latest_only']) retrieved from /home/airflow/.local/lib/python3.7/site-packages/airflow/example_dags/example_latest_only.py
[2024-01-05T14:19:03.902+0000] {logging_mixin.py:137} INFO - [2024-01-05T14:19:03.902+0000] {dag.py:2690} INFO - Sync 1 DAGs
[2024-01-05T14:19:03.921+0000] {logging_mixin.py:137} INFO - [2024-01-05T14:19:03.921+0000] {dag.py:3441} INFO - Setting next_dagrun for latest_only to 2024-01-05T10:19:03.920874+00:00, run_after=2024-01-05T14:19:03.920874+00:00
[2024-01-05T14:19:03.933+0000] {processor.py:175} INFO - Processing /home/airflow/.local/lib/python3.7/site-packages/airflow/example_dags/example_latest_only.py took 0.072 seconds
[2024-01-05T14:19:34.076+0000] {processor.py:153} INFO - Started process (PID=7532) to work on /home/airflow/.local/lib/python3.7/site-packages/airflow/example_dags/example_latest_only.py
[2024-01-05T14:19:34.078+0000] {processor.py:743} INFO - Processing file /home/airflow/.local/lib/python3.7/site-packages/airflow/example_dags/example_latest_only.py for tasks to queue
[2024-01-05T14:19:34.080+0000] {logging_mixin.py:137} INFO - [2024-01-05T14:19:34.080+0000] {dagbag.py:538} INFO - Filling up the DagBag from /home/airflow/.local/lib/python3.7/site-packages/airflow/example_dags/example_latest_only.py
[2024-01-05T14:19:34.092+0000] {processor.py:753} INFO - DAG(s) dict_keys(['latest_only']) retrieved from /home/airflow/.local/lib/python3.7/site-packages/airflow/example_dags/example_latest_only.py
[2024-01-05T14:19:34.118+0000] {logging_mixin.py:137} INFO - [2024-01-05T14:19:34.118+0000] {dag.py:2690} INFO - Sync 1 DAGs
[2024-01-05T14:19:34.158+0000] {logging_mixin.py:137} INFO - [2024-01-05T14:19:34.157+0000] {dag.py:3441} INFO - Setting next_dagrun for latest_only to 2024-01-05T10:19:34.157747+00:00, run_after=2024-01-05T14:19:34.157747+00:00
[2024-01-05T14:19:34.175+0000] {processor.py:175} INFO - Processing /home/airflow/.local/lib/python3.7/site-packages/airflow/example_dags/example_latest_only.py took 0.102 seconds
[2024-01-05T14:20:05.085+0000] {processor.py:153} INFO - Started process (PID=7594) to work on /home/airflow/.local/lib/python3.7/site-packages/airflow/example_dags/example_latest_only.py
[2024-01-05T14:20:05.086+0000] {processor.py:743} INFO - Processing file /home/airflow/.local/lib/python3.7/site-packages/airflow/example_dags/example_latest_only.py for tasks to queue
[2024-01-05T14:20:05.087+0000] {logging_mixin.py:137} INFO - [2024-01-05T14:20:05.087+0000] {dagbag.py:538} INFO - Filling up the DagBag from /home/airflow/.local/lib/python3.7/site-packages/airflow/example_dags/example_latest_only.py
[2024-01-05T14:20:05.098+0000] {processor.py:753} INFO - DAG(s) dict_keys(['latest_only']) retrieved from /home/airflow/.local/lib/python3.7/site-packages/airflow/example_dags/example_latest_only.py
[2024-01-05T14:20:05.120+0000] {logging_mixin.py:137} INFO - [2024-01-05T14:20:05.119+0000] {dag.py:2690} INFO - Sync 1 DAGs
[2024-01-05T14:20:05.140+0000] {logging_mixin.py:137} INFO - [2024-01-05T14:20:05.140+0000] {dag.py:3441} INFO - Setting next_dagrun for latest_only to 2024-01-05T10:20:05.140358+00:00, run_after=2024-01-05T14:20:05.140358+00:00
[2024-01-05T14:20:05.154+0000] {processor.py:175} INFO - Processing /home/airflow/.local/lib/python3.7/site-packages/airflow/example_dags/example_latest_only.py took 0.073 seconds
[2024-01-05T14:20:36.149+0000] {processor.py:153} INFO - Started process (PID=7669) to work on /home/airflow/.local/lib/python3.7/site-packages/airflow/example_dags/example_latest_only.py
[2024-01-05T14:20:36.151+0000] {processor.py:743} INFO - Processing file /home/airflow/.local/lib/python3.7/site-packages/airflow/example_dags/example_latest_only.py for tasks to queue
[2024-01-05T14:20:36.152+0000] {logging_mixin.py:137} INFO - [2024-01-05T14:20:36.151+0000] {dagbag.py:538} INFO - Filling up the DagBag from /home/airflow/.local/lib/python3.7/site-packages/airflow/example_dags/example_latest_only.py
[2024-01-05T14:20:36.162+0000] {processor.py:753} INFO - DAG(s) dict_keys(['latest_only']) retrieved from /home/airflow/.local/lib/python3.7/site-packages/airflow/example_dags/example_latest_only.py
[2024-01-05T14:20:36.182+0000] {logging_mixin.py:137} INFO - [2024-01-05T14:20:36.182+0000] {dag.py:2690} INFO - Sync 1 DAGs
[2024-01-05T14:20:36.202+0000] {logging_mixin.py:137} INFO - [2024-01-05T14:20:36.202+0000] {dag.py:3441} INFO - Setting next_dagrun for latest_only to 2024-01-05T10:20:36.201905+00:00, run_after=2024-01-05T14:20:36.201905+00:00
[2024-01-05T14:20:36.219+0000] {processor.py:175} INFO - Processing /home/airflow/.local/lib/python3.7/site-packages/airflow/example_dags/example_latest_only.py took 0.073 seconds
[2024-01-05T14:21:06.980+0000] {processor.py:153} INFO - Started process (PID=7732) to work on /home/airflow/.local/lib/python3.7/site-packages/airflow/example_dags/example_latest_only.py
[2024-01-05T14:21:06.981+0000] {processor.py:743} INFO - Processing file /home/airflow/.local/lib/python3.7/site-packages/airflow/example_dags/example_latest_only.py for tasks to queue
[2024-01-05T14:21:06.982+0000] {logging_mixin.py:137} INFO - [2024-01-05T14:21:06.982+0000] {dagbag.py:538} INFO - Filling up the DagBag from /home/airflow/.local/lib/python3.7/site-packages/airflow/example_dags/example_latest_only.py
[2024-01-05T14:21:06.993+0000] {processor.py:753} INFO - DAG(s) dict_keys(['latest_only']) retrieved from /home/airflow/.local/lib/python3.7/site-packages/airflow/example_dags/example_latest_only.py
[2024-01-05T14:21:07.014+0000] {logging_mixin.py:137} INFO - [2024-01-05T14:21:07.014+0000] {dag.py:2690} INFO - Sync 1 DAGs
[2024-01-05T14:21:07.033+0000] {logging_mixin.py:137} INFO - [2024-01-05T14:21:07.033+0000] {dag.py:3441} INFO - Setting next_dagrun for latest_only to 2024-01-05T10:21:07.032693+00:00, run_after=2024-01-05T14:21:07.032693+00:00
[2024-01-05T14:21:07.049+0000] {processor.py:175} INFO - Processing /home/airflow/.local/lib/python3.7/site-packages/airflow/example_dags/example_latest_only.py took 0.072 seconds
[2024-01-05T14:21:37.696+0000] {processor.py:153} INFO - Started process (PID=7808) to work on /home/airflow/.local/lib/python3.7/site-packages/airflow/example_dags/example_latest_only.py
[2024-01-05T14:21:37.699+0000] {processor.py:743} INFO - Processing file /home/airflow/.local/lib/python3.7/site-packages/airflow/example_dags/example_latest_only.py for tasks to queue
[2024-01-05T14:21:37.700+0000] {logging_mixin.py:137} INFO - [2024-01-05T14:21:37.700+0000] {dagbag.py:538} INFO - Filling up the DagBag from /home/airflow/.local/lib/python3.7/site-packages/airflow/example_dags/example_latest_only.py
[2024-01-05T14:21:37.716+0000] {processor.py:753} INFO - DAG(s) dict_keys(['latest_only']) retrieved from /home/airflow/.local/lib/python3.7/site-packages/airflow/example_dags/example_latest_only.py
[2024-01-05T14:21:37.755+0000] {logging_mixin.py:137} INFO - [2024-01-05T14:21:37.755+0000] {dag.py:2690} INFO - Sync 1 DAGs
[2024-01-05T14:21:37.781+0000] {logging_mixin.py:137} INFO - [2024-01-05T14:21:37.781+0000] {dag.py:3441} INFO - Setting next_dagrun for latest_only to 2024-01-05T10:21:37.781319+00:00, run_after=2024-01-05T14:21:37.781319+00:00
[2024-01-05T14:21:37.799+0000] {processor.py:175} INFO - Processing /home/airflow/.local/lib/python3.7/site-packages/airflow/example_dags/example_latest_only.py took 0.107 seconds
[2024-01-05T14:22:07.998+0000] {processor.py:153} INFO - Started process (PID=7880) to work on /home/airflow/.local/lib/python3.7/site-packages/airflow/example_dags/example_latest_only.py
[2024-01-05T14:22:08.000+0000] {processor.py:743} INFO - Processing file /home/airflow/.local/lib/python3.7/site-packages/airflow/example_dags/example_latest_only.py for tasks to queue
[2024-01-05T14:22:08.001+0000] {logging_mixin.py:137} INFO - [2024-01-05T14:22:08.001+0000] {dagbag.py:538} INFO - Filling up the DagBag from /home/airflow/.local/lib/python3.7/site-packages/airflow/example_dags/example_latest_only.py
[2024-01-05T14:22:08.018+0000] {processor.py:753} INFO - DAG(s) dict_keys(['latest_only']) retrieved from /home/airflow/.local/lib/python3.7/site-packages/airflow/example_dags/example_latest_only.py
[2024-01-05T14:22:08.050+0000] {logging_mixin.py:137} INFO - [2024-01-05T14:22:08.050+0000] {dag.py:2690} INFO - Sync 1 DAGs
[2024-01-05T14:22:08.092+0000] {logging_mixin.py:137} INFO - [2024-01-05T14:22:08.092+0000] {dag.py:3441} INFO - Setting next_dagrun for latest_only to 2024-01-05T10:22:08.092344+00:00, run_after=2024-01-05T14:22:08.092344+00:00
[2024-01-05T14:22:08.118+0000] {processor.py:175} INFO - Processing /home/airflow/.local/lib/python3.7/site-packages/airflow/example_dags/example_latest_only.py took 0.124 seconds
[2024-01-05T14:22:38.508+0000] {processor.py:153} INFO - Started process (PID=7947) to work on /home/airflow/.local/lib/python3.7/site-packages/airflow/example_dags/example_latest_only.py
[2024-01-05T14:22:38.509+0000] {processor.py:743} INFO - Processing file /home/airflow/.local/lib/python3.7/site-packages/airflow/example_dags/example_latest_only.py for tasks to queue
[2024-01-05T14:22:38.510+0000] {logging_mixin.py:137} INFO - [2024-01-05T14:22:38.510+0000] {dagbag.py:538} INFO - Filling up the DagBag from /home/airflow/.local/lib/python3.7/site-packages/airflow/example_dags/example_latest_only.py
[2024-01-05T14:22:38.520+0000] {processor.py:753} INFO - DAG(s) dict_keys(['latest_only']) retrieved from /home/airflow/.local/lib/python3.7/site-packages/airflow/example_dags/example_latest_only.py
[2024-01-05T14:22:38.539+0000] {logging_mixin.py:137} INFO - [2024-01-05T14:22:38.539+0000] {dag.py:2690} INFO - Sync 1 DAGs
[2024-01-05T14:22:38.560+0000] {logging_mixin.py:137} INFO - [2024-01-05T14:22:38.559+0000] {dag.py:3441} INFO - Setting next_dagrun for latest_only to 2024-01-05T10:22:38.559585+00:00, run_after=2024-01-05T14:22:38.559585+00:00
[2024-01-05T14:22:38.575+0000] {processor.py:175} INFO - Processing /home/airflow/.local/lib/python3.7/site-packages/airflow/example_dags/example_latest_only.py took 0.070 seconds
[2024-01-05T14:23:09.451+0000] {processor.py:153} INFO - Started process (PID=8023) to work on /home/airflow/.local/lib/python3.7/site-packages/airflow/example_dags/example_latest_only.py
[2024-01-05T14:23:09.456+0000] {processor.py:743} INFO - Processing file /home/airflow/.local/lib/python3.7/site-packages/airflow/example_dags/example_latest_only.py for tasks to queue
[2024-01-05T14:23:09.458+0000] {logging_mixin.py:137} INFO - [2024-01-05T14:23:09.457+0000] {dagbag.py:538} INFO - Filling up the DagBag from /home/airflow/.local/lib/python3.7/site-packages/airflow/example_dags/example_latest_only.py
[2024-01-05T14:23:09.477+0000] {processor.py:753} INFO - DAG(s) dict_keys(['latest_only']) retrieved from /home/airflow/.local/lib/python3.7/site-packages/airflow/example_dags/example_latest_only.py
[2024-01-05T14:23:09.529+0000] {logging_mixin.py:137} INFO - [2024-01-05T14:23:09.529+0000] {dag.py:2690} INFO - Sync 1 DAGs
[2024-01-05T14:23:09.573+0000] {logging_mixin.py:137} INFO - [2024-01-05T14:23:09.573+0000] {dag.py:3441} INFO - Setting next_dagrun for latest_only to 2024-01-05T10:23:09.573049+00:00, run_after=2024-01-05T14:23:09.573049+00:00
[2024-01-05T14:23:09.610+0000] {processor.py:175} INFO - Processing /home/airflow/.local/lib/python3.7/site-packages/airflow/example_dags/example_latest_only.py took 0.164 seconds
[2024-01-05T14:23:39.672+0000] {processor.py:153} INFO - Started process (PID=8085) to work on /home/airflow/.local/lib/python3.7/site-packages/airflow/example_dags/example_latest_only.py
[2024-01-05T14:23:39.674+0000] {processor.py:743} INFO - Processing file /home/airflow/.local/lib/python3.7/site-packages/airflow/example_dags/example_latest_only.py for tasks to queue
[2024-01-05T14:23:39.675+0000] {logging_mixin.py:137} INFO - [2024-01-05T14:23:39.675+0000] {dagbag.py:538} INFO - Filling up the DagBag from /home/airflow/.local/lib/python3.7/site-packages/airflow/example_dags/example_latest_only.py
[2024-01-05T14:23:39.693+0000] {processor.py:753} INFO - DAG(s) dict_keys(['latest_only']) retrieved from /home/airflow/.local/lib/python3.7/site-packages/airflow/example_dags/example_latest_only.py
[2024-01-05T14:23:39.731+0000] {logging_mixin.py:137} INFO - [2024-01-05T14:23:39.731+0000] {dag.py:2690} INFO - Sync 1 DAGs
[2024-01-05T14:23:39.752+0000] {logging_mixin.py:137} INFO - [2024-01-05T14:23:39.752+0000] {dag.py:3441} INFO - Setting next_dagrun for latest_only to 2024-01-05T10:23:39.752525+00:00, run_after=2024-01-05T14:23:39.752525+00:00
[2024-01-05T14:23:39.770+0000] {processor.py:175} INFO - Processing /home/airflow/.local/lib/python3.7/site-packages/airflow/example_dags/example_latest_only.py took 0.101 seconds
[2024-01-05T14:24:10.591+0000] {processor.py:153} INFO - Started process (PID=8160) to work on /home/airflow/.local/lib/python3.7/site-packages/airflow/example_dags/example_latest_only.py
[2024-01-05T14:24:10.592+0000] {processor.py:743} INFO - Processing file /home/airflow/.local/lib/python3.7/site-packages/airflow/example_dags/example_latest_only.py for tasks to queue
[2024-01-05T14:24:10.593+0000] {logging_mixin.py:137} INFO - [2024-01-05T14:24:10.593+0000] {dagbag.py:538} INFO - Filling up the DagBag from /home/airflow/.local/lib/python3.7/site-packages/airflow/example_dags/example_latest_only.py
[2024-01-05T14:24:10.604+0000] {processor.py:753} INFO - DAG(s) dict_keys(['latest_only']) retrieved from /home/airflow/.local/lib/python3.7/site-packages/airflow/example_dags/example_latest_only.py
[2024-01-05T14:24:10.627+0000] {logging_mixin.py:137} INFO - [2024-01-05T14:24:10.627+0000] {dag.py:2690} INFO - Sync 1 DAGs
[2024-01-05T14:24:10.652+0000] {logging_mixin.py:137} INFO - [2024-01-05T14:24:10.652+0000] {dag.py:3441} INFO - Setting next_dagrun for latest_only to 2024-01-05T10:24:10.652439+00:00, run_after=2024-01-05T14:24:10.652439+00:00
[2024-01-05T14:24:10.665+0000] {processor.py:175} INFO - Processing /home/airflow/.local/lib/python3.7/site-packages/airflow/example_dags/example_latest_only.py took 0.077 seconds
[2024-01-05T14:24:41.306+0000] {processor.py:153} INFO - Started process (PID=8224) to work on /home/airflow/.local/lib/python3.7/site-packages/airflow/example_dags/example_latest_only.py
[2024-01-05T14:24:41.307+0000] {processor.py:743} INFO - Processing file /home/airflow/.local/lib/python3.7/site-packages/airflow/example_dags/example_latest_only.py for tasks to queue
[2024-01-05T14:24:41.307+0000] {logging_mixin.py:137} INFO - [2024-01-05T14:24:41.307+0000] {dagbag.py:538} INFO - Filling up the DagBag from /home/airflow/.local/lib/python3.7/site-packages/airflow/example_dags/example_latest_only.py
[2024-01-05T14:24:41.318+0000] {processor.py:753} INFO - DAG(s) dict_keys(['latest_only']) retrieved from /home/airflow/.local/lib/python3.7/site-packages/airflow/example_dags/example_latest_only.py
[2024-01-05T14:24:41.337+0000] {logging_mixin.py:137} INFO - [2024-01-05T14:24:41.337+0000] {dag.py:2690} INFO - Sync 1 DAGs
[2024-01-05T14:24:41.353+0000] {logging_mixin.py:137} INFO - [2024-01-05T14:24:41.353+0000] {dag.py:3441} INFO - Setting next_dagrun for latest_only to 2024-01-05T10:24:41.353501+00:00, run_after=2024-01-05T14:24:41.353501+00:00
[2024-01-05T14:24:41.365+0000] {processor.py:175} INFO - Processing /home/airflow/.local/lib/python3.7/site-packages/airflow/example_dags/example_latest_only.py took 0.062 seconds
[2024-01-05T14:25:11.520+0000] {processor.py:153} INFO - Started process (PID=8300) to work on /home/airflow/.local/lib/python3.7/site-packages/airflow/example_dags/example_latest_only.py
[2024-01-05T14:25:11.521+0000] {processor.py:743} INFO - Processing file /home/airflow/.local/lib/python3.7/site-packages/airflow/example_dags/example_latest_only.py for tasks to queue
[2024-01-05T14:25:11.522+0000] {logging_mixin.py:137} INFO - [2024-01-05T14:25:11.522+0000] {dagbag.py:538} INFO - Filling up the DagBag from /home/airflow/.local/lib/python3.7/site-packages/airflow/example_dags/example_latest_only.py
[2024-01-05T14:25:11.532+0000] {processor.py:753} INFO - DAG(s) dict_keys(['latest_only']) retrieved from /home/airflow/.local/lib/python3.7/site-packages/airflow/example_dags/example_latest_only.py
[2024-01-05T14:25:11.552+0000] {logging_mixin.py:137} INFO - [2024-01-05T14:25:11.552+0000] {dag.py:2690} INFO - Sync 1 DAGs
[2024-01-05T14:25:11.568+0000] {logging_mixin.py:137} INFO - [2024-01-05T14:25:11.568+0000] {dag.py:3441} INFO - Setting next_dagrun for latest_only to 2024-01-05T10:25:11.568040+00:00, run_after=2024-01-05T14:25:11.568040+00:00
[2024-01-05T14:25:11.580+0000] {processor.py:175} INFO - Processing /home/airflow/.local/lib/python3.7/site-packages/airflow/example_dags/example_latest_only.py took 0.063 seconds
[2024-01-05T14:25:42.535+0000] {processor.py:153} INFO - Started process (PID=8363) to work on /home/airflow/.local/lib/python3.7/site-packages/airflow/example_dags/example_latest_only.py
[2024-01-05T14:25:42.537+0000] {processor.py:743} INFO - Processing file /home/airflow/.local/lib/python3.7/site-packages/airflow/example_dags/example_latest_only.py for tasks to queue
[2024-01-05T14:25:42.538+0000] {logging_mixin.py:137} INFO - [2024-01-05T14:25:42.538+0000] {dagbag.py:538} INFO - Filling up the DagBag from /home/airflow/.local/lib/python3.7/site-packages/airflow/example_dags/example_latest_only.py
[2024-01-05T14:25:42.549+0000] {processor.py:753} INFO - DAG(s) dict_keys(['latest_only']) retrieved from /home/airflow/.local/lib/python3.7/site-packages/airflow/example_dags/example_latest_only.py
[2024-01-05T14:25:42.569+0000] {logging_mixin.py:137} INFO - [2024-01-05T14:25:42.569+0000] {dag.py:2690} INFO - Sync 1 DAGs
[2024-01-05T14:25:42.586+0000] {logging_mixin.py:137} INFO - [2024-01-05T14:25:42.585+0000] {dag.py:3441} INFO - Setting next_dagrun for latest_only to 2024-01-05T10:25:42.585799+00:00, run_after=2024-01-05T14:25:42.585799+00:00
[2024-01-05T14:25:42.597+0000] {processor.py:175} INFO - Processing /home/airflow/.local/lib/python3.7/site-packages/airflow/example_dags/example_latest_only.py took 0.064 seconds
[2024-01-05T14:26:13.030+0000] {processor.py:153} INFO - Started process (PID=8438) to work on /home/airflow/.local/lib/python3.7/site-packages/airflow/example_dags/example_latest_only.py
[2024-01-05T14:26:13.031+0000] {processor.py:743} INFO - Processing file /home/airflow/.local/lib/python3.7/site-packages/airflow/example_dags/example_latest_only.py for tasks to queue
[2024-01-05T14:26:13.032+0000] {logging_mixin.py:137} INFO - [2024-01-05T14:26:13.032+0000] {dagbag.py:538} INFO - Filling up the DagBag from /home/airflow/.local/lib/python3.7/site-packages/airflow/example_dags/example_latest_only.py
[2024-01-05T14:26:13.043+0000] {processor.py:753} INFO - DAG(s) dict_keys(['latest_only']) retrieved from /home/airflow/.local/lib/python3.7/site-packages/airflow/example_dags/example_latest_only.py
[2024-01-05T14:26:13.065+0000] {logging_mixin.py:137} INFO - [2024-01-05T14:26:13.065+0000] {dag.py:2690} INFO - Sync 1 DAGs
[2024-01-05T14:26:13.085+0000] {logging_mixin.py:137} INFO - [2024-01-05T14:26:13.085+0000] {dag.py:3441} INFO - Setting next_dagrun for latest_only to 2024-01-05T10:26:13.084852+00:00, run_after=2024-01-05T14:26:13.084852+00:00
[2024-01-05T14:26:13.097+0000] {processor.py:175} INFO - Processing /home/airflow/.local/lib/python3.7/site-packages/airflow/example_dags/example_latest_only.py took 0.070 seconds
[2024-01-05T14:26:43.292+0000] {processor.py:153} INFO - Started process (PID=8501) to work on /home/airflow/.local/lib/python3.7/site-packages/airflow/example_dags/example_latest_only.py
[2024-01-05T14:26:43.295+0000] {processor.py:743} INFO - Processing file /home/airflow/.local/lib/python3.7/site-packages/airflow/example_dags/example_latest_only.py for tasks to queue
[2024-01-05T14:26:43.296+0000] {logging_mixin.py:137} INFO - [2024-01-05T14:26:43.296+0000] {dagbag.py:538} INFO - Filling up the DagBag from /home/airflow/.local/lib/python3.7/site-packages/airflow/example_dags/example_latest_only.py
[2024-01-05T14:26:43.312+0000] {processor.py:753} INFO - DAG(s) dict_keys(['latest_only']) retrieved from /home/airflow/.local/lib/python3.7/site-packages/airflow/example_dags/example_latest_only.py
[2024-01-05T14:26:43.342+0000] {logging_mixin.py:137} INFO - [2024-01-05T14:26:43.342+0000] {dag.py:2690} INFO - Sync 1 DAGs
[2024-01-05T14:26:43.371+0000] {logging_mixin.py:137} INFO - [2024-01-05T14:26:43.371+0000] {dag.py:3441} INFO - Setting next_dagrun for latest_only to 2024-01-05T10:26:43.370943+00:00, run_after=2024-01-05T14:26:43.370943+00:00
[2024-01-05T14:26:43.388+0000] {processor.py:175} INFO - Processing /home/airflow/.local/lib/python3.7/site-packages/airflow/example_dags/example_latest_only.py took 0.100 seconds
