[2024-01-05T01:20:52.449+0000] {processor.py:153} INFO - Started process (PID=4305) to work on /home/airflow/.local/lib/python3.7/site-packages/airflow/example_dags/tutorial_dag.py
[2024-01-05T01:20:52.450+0000] {processor.py:743} INFO - Processing file /home/airflow/.local/lib/python3.7/site-packages/airflow/example_dags/tutorial_dag.py for tasks to queue
[2024-01-05T01:20:52.451+0000] {logging_mixin.py:137} INFO - [2024-01-05T01:20:52.451+0000] {dagbag.py:538} INFO - Filling up the DagBag from /home/airflow/.local/lib/python3.7/site-packages/airflow/example_dags/tutorial_dag.py
[2024-01-05T01:20:52.462+0000] {processor.py:753} INFO - DAG(s) dict_keys(['tutorial_dag']) retrieved from /home/airflow/.local/lib/python3.7/site-packages/airflow/example_dags/tutorial_dag.py
[2024-01-05T01:20:52.482+0000] {logging_mixin.py:137} INFO - [2024-01-05T01:20:52.482+0000] {dag.py:2690} INFO - Sync 1 DAGs
[2024-01-05T01:20:52.498+0000] {logging_mixin.py:137} INFO - [2024-01-05T01:20:52.498+0000] {dag.py:3441} INFO - Setting next_dagrun for tutorial_dag to None, run_after=None
[2024-01-05T01:20:52.509+0000] {processor.py:175} INFO - Processing /home/airflow/.local/lib/python3.7/site-packages/airflow/example_dags/tutorial_dag.py took 0.064 seconds
[2024-01-05T02:31:16.940+0000] {processor.py:153} INFO - Started process (PID=4381) to work on /home/airflow/.local/lib/python3.7/site-packages/airflow/example_dags/tutorial_dag.py
[2024-01-05T02:31:16.942+0000] {processor.py:743} INFO - Processing file /home/airflow/.local/lib/python3.7/site-packages/airflow/example_dags/tutorial_dag.py for tasks to queue
[2024-01-05T02:31:16.943+0000] {logging_mixin.py:137} INFO - [2024-01-05T02:31:16.943+0000] {dagbag.py:538} INFO - Filling up the DagBag from /home/airflow/.local/lib/python3.7/site-packages/airflow/example_dags/tutorial_dag.py
[2024-01-05T02:31:16.958+0000] {processor.py:753} INFO - DAG(s) dict_keys(['tutorial_dag']) retrieved from /home/airflow/.local/lib/python3.7/site-packages/airflow/example_dags/tutorial_dag.py
[2024-01-05T02:31:16.987+0000] {logging_mixin.py:137} INFO - [2024-01-05T02:31:16.987+0000] {dag.py:2690} INFO - Sync 1 DAGs
[2024-01-05T02:31:17.006+0000] {logging_mixin.py:137} INFO - [2024-01-05T02:31:17.005+0000] {dag.py:3441} INFO - Setting next_dagrun for tutorial_dag to None, run_after=None
[2024-01-05T02:31:17.020+0000] {processor.py:175} INFO - Processing /home/airflow/.local/lib/python3.7/site-packages/airflow/example_dags/tutorial_dag.py took 0.083 seconds
[2024-01-05T03:42:25.056+0000] {processor.py:153} INFO - Started process (PID=4444) to work on /home/airflow/.local/lib/python3.7/site-packages/airflow/example_dags/tutorial_dag.py
[2024-01-05T03:42:25.061+0000] {processor.py:743} INFO - Processing file /home/airflow/.local/lib/python3.7/site-packages/airflow/example_dags/tutorial_dag.py for tasks to queue
[2024-01-05T03:42:25.062+0000] {logging_mixin.py:137} INFO - [2024-01-05T03:42:25.062+0000] {dagbag.py:538} INFO - Filling up the DagBag from /home/airflow/.local/lib/python3.7/site-packages/airflow/example_dags/tutorial_dag.py
[2024-01-05T03:42:25.080+0000] {processor.py:753} INFO - DAG(s) dict_keys(['tutorial_dag']) retrieved from /home/airflow/.local/lib/python3.7/site-packages/airflow/example_dags/tutorial_dag.py
[2024-01-05T03:42:25.131+0000] {logging_mixin.py:137} INFO - [2024-01-05T03:42:25.130+0000] {dag.py:2690} INFO - Sync 1 DAGs
[2024-01-05T03:42:25.235+0000] {logging_mixin.py:137} INFO - [2024-01-05T03:42:25.235+0000] {dag.py:3441} INFO - Setting next_dagrun for tutorial_dag to None, run_after=None
[2024-01-05T03:42:25.418+0000] {processor.py:175} INFO - Processing /home/airflow/.local/lib/python3.7/site-packages/airflow/example_dags/tutorial_dag.py took 0.366 seconds
[2024-01-05T05:03:23.775+0000] {processor.py:153} INFO - Started process (PID=4516) to work on /home/airflow/.local/lib/python3.7/site-packages/airflow/example_dags/tutorial_dag.py
[2024-01-05T05:03:23.784+0000] {processor.py:743} INFO - Processing file /home/airflow/.local/lib/python3.7/site-packages/airflow/example_dags/tutorial_dag.py for tasks to queue
[2024-01-05T05:03:23.800+0000] {logging_mixin.py:137} INFO - [2024-01-05T05:03:23.794+0000] {dagbag.py:538} INFO - Filling up the DagBag from /home/airflow/.local/lib/python3.7/site-packages/airflow/example_dags/tutorial_dag.py
[2024-01-05T05:03:23.978+0000] {processor.py:753} INFO - DAG(s) dict_keys(['tutorial_dag']) retrieved from /home/airflow/.local/lib/python3.7/site-packages/airflow/example_dags/tutorial_dag.py
[2024-01-05T05:03:24.230+0000] {logging_mixin.py:137} INFO - [2024-01-05T05:03:24.229+0000] {dag.py:2690} INFO - Sync 1 DAGs
[2024-01-05T05:03:24.490+0000] {logging_mixin.py:137} INFO - [2024-01-05T05:03:24.489+0000] {dag.py:3441} INFO - Setting next_dagrun for tutorial_dag to None, run_after=None
[2024-01-05T05:03:24.599+0000] {processor.py:175} INFO - Processing /home/airflow/.local/lib/python3.7/site-packages/airflow/example_dags/tutorial_dag.py took 0.860 seconds
[2024-01-05T06:28:00.629+0000] {processor.py:153} INFO - Started process (PID=4581) to work on /home/airflow/.local/lib/python3.7/site-packages/airflow/example_dags/tutorial_dag.py
[2024-01-05T06:28:00.634+0000] {processor.py:743} INFO - Processing file /home/airflow/.local/lib/python3.7/site-packages/airflow/example_dags/tutorial_dag.py for tasks to queue
[2024-01-05T06:28:00.639+0000] {logging_mixin.py:137} INFO - [2024-01-05T06:28:00.639+0000] {dagbag.py:538} INFO - Filling up the DagBag from /home/airflow/.local/lib/python3.7/site-packages/airflow/example_dags/tutorial_dag.py
[2024-01-05T06:28:00.720+0000] {processor.py:753} INFO - DAG(s) dict_keys(['tutorial_dag']) retrieved from /home/airflow/.local/lib/python3.7/site-packages/airflow/example_dags/tutorial_dag.py
[2024-01-05T06:28:00.831+0000] {logging_mixin.py:137} INFO - [2024-01-05T06:28:00.831+0000] {dag.py:2690} INFO - Sync 1 DAGs
[2024-01-05T06:28:00.896+0000] {logging_mixin.py:137} INFO - [2024-01-05T06:28:00.896+0000] {dag.py:3441} INFO - Setting next_dagrun for tutorial_dag to None, run_after=None
[2024-01-05T06:28:00.943+0000] {processor.py:175} INFO - Processing /home/airflow/.local/lib/python3.7/site-packages/airflow/example_dags/tutorial_dag.py took 0.334 seconds
[2024-01-05T07:47:03.462+0000] {processor.py:153} INFO - Started process (PID=4644) to work on /home/airflow/.local/lib/python3.7/site-packages/airflow/example_dags/tutorial_dag.py
[2024-01-05T07:47:03.464+0000] {processor.py:743} INFO - Processing file /home/airflow/.local/lib/python3.7/site-packages/airflow/example_dags/tutorial_dag.py for tasks to queue
[2024-01-05T07:47:03.464+0000] {logging_mixin.py:137} INFO - [2024-01-05T07:47:03.464+0000] {dagbag.py:538} INFO - Filling up the DagBag from /home/airflow/.local/lib/python3.7/site-packages/airflow/example_dags/tutorial_dag.py
[2024-01-05T07:47:03.475+0000] {processor.py:753} INFO - DAG(s) dict_keys(['tutorial_dag']) retrieved from /home/airflow/.local/lib/python3.7/site-packages/airflow/example_dags/tutorial_dag.py
[2024-01-05T07:47:03.497+0000] {logging_mixin.py:137} INFO - [2024-01-05T07:47:03.497+0000] {dag.py:2690} INFO - Sync 1 DAGs
[2024-01-05T07:47:03.513+0000] {logging_mixin.py:137} INFO - [2024-01-05T07:47:03.513+0000] {dag.py:3441} INFO - Setting next_dagrun for tutorial_dag to None, run_after=None
[2024-01-05T07:47:03.532+0000] {processor.py:175} INFO - Processing /home/airflow/.local/lib/python3.7/site-packages/airflow/example_dags/tutorial_dag.py took 0.073 seconds
[2024-01-05T09:24:44.518+0000] {processor.py:153} INFO - Started process (PID=4715) to work on /home/airflow/.local/lib/python3.7/site-packages/airflow/example_dags/tutorial_dag.py
[2024-01-05T09:24:44.520+0000] {processor.py:743} INFO - Processing file /home/airflow/.local/lib/python3.7/site-packages/airflow/example_dags/tutorial_dag.py for tasks to queue
[2024-01-05T09:24:44.521+0000] {logging_mixin.py:137} INFO - [2024-01-05T09:24:44.521+0000] {dagbag.py:538} INFO - Filling up the DagBag from /home/airflow/.local/lib/python3.7/site-packages/airflow/example_dags/tutorial_dag.py
[2024-01-05T09:24:44.540+0000] {processor.py:753} INFO - DAG(s) dict_keys(['tutorial_dag']) retrieved from /home/airflow/.local/lib/python3.7/site-packages/airflow/example_dags/tutorial_dag.py
[2024-01-05T09:24:44.607+0000] {logging_mixin.py:137} INFO - [2024-01-05T09:24:44.606+0000] {dag.py:2690} INFO - Sync 1 DAGs
[2024-01-05T09:24:44.655+0000] {logging_mixin.py:137} INFO - [2024-01-05T09:24:44.654+0000] {dag.py:3441} INFO - Setting next_dagrun for tutorial_dag to None, run_after=None
[2024-01-05T09:24:44.754+0000] {processor.py:175} INFO - Processing /home/airflow/.local/lib/python3.7/site-packages/airflow/example_dags/tutorial_dag.py took 0.242 seconds
[2024-01-05T10:32:46.529+0000] {processor.py:153} INFO - Started process (PID=4781) to work on /home/airflow/.local/lib/python3.7/site-packages/airflow/example_dags/tutorial_dag.py
[2024-01-05T10:32:46.534+0000] {processor.py:743} INFO - Processing file /home/airflow/.local/lib/python3.7/site-packages/airflow/example_dags/tutorial_dag.py for tasks to queue
[2024-01-05T10:32:46.538+0000] {logging_mixin.py:137} INFO - [2024-01-05T10:32:46.537+0000] {dagbag.py:538} INFO - Filling up the DagBag from /home/airflow/.local/lib/python3.7/site-packages/airflow/example_dags/tutorial_dag.py
[2024-01-05T10:32:46.623+0000] {processor.py:753} INFO - DAG(s) dict_keys(['tutorial_dag']) retrieved from /home/airflow/.local/lib/python3.7/site-packages/airflow/example_dags/tutorial_dag.py
[2024-01-05T10:32:46.738+0000] {logging_mixin.py:137} INFO - [2024-01-05T10:32:46.738+0000] {dag.py:2690} INFO - Sync 1 DAGs
[2024-01-05T10:32:46.825+0000] {logging_mixin.py:137} INFO - [2024-01-05T10:32:46.825+0000] {dag.py:3441} INFO - Setting next_dagrun for tutorial_dag to None, run_after=None
[2024-01-05T10:32:46.858+0000] {processor.py:175} INFO - Processing /home/airflow/.local/lib/python3.7/site-packages/airflow/example_dags/tutorial_dag.py took 0.408 seconds
[2024-01-05T11:33:44.315+0000] {processor.py:153} INFO - Started process (PID=4853) to work on /home/airflow/.local/lib/python3.7/site-packages/airflow/example_dags/tutorial_dag.py
[2024-01-05T11:33:44.318+0000] {processor.py:743} INFO - Processing file /home/airflow/.local/lib/python3.7/site-packages/airflow/example_dags/tutorial_dag.py for tasks to queue
[2024-01-05T11:33:44.338+0000] {logging_mixin.py:137} INFO - [2024-01-05T11:33:44.337+0000] {dagbag.py:538} INFO - Filling up the DagBag from /home/airflow/.local/lib/python3.7/site-packages/airflow/example_dags/tutorial_dag.py
[2024-01-05T11:33:44.407+0000] {processor.py:753} INFO - DAG(s) dict_keys(['tutorial_dag']) retrieved from /home/airflow/.local/lib/python3.7/site-packages/airflow/example_dags/tutorial_dag.py
[2024-01-05T11:33:44.529+0000] {logging_mixin.py:137} INFO - [2024-01-05T11:33:44.529+0000] {dag.py:2690} INFO - Sync 1 DAGs
[2024-01-05T11:33:44.623+0000] {logging_mixin.py:137} INFO - [2024-01-05T11:33:44.623+0000] {dag.py:3441} INFO - Setting next_dagrun for tutorial_dag to None, run_after=None
[2024-01-05T11:33:44.677+0000] {processor.py:175} INFO - Processing /home/airflow/.local/lib/python3.7/site-packages/airflow/example_dags/tutorial_dag.py took 0.372 seconds
[2024-01-05T12:52:16.481+0000] {processor.py:153} INFO - Started process (PID=4919) to work on /home/airflow/.local/lib/python3.7/site-packages/airflow/example_dags/tutorial_dag.py
[2024-01-05T12:52:16.483+0000] {processor.py:743} INFO - Processing file /home/airflow/.local/lib/python3.7/site-packages/airflow/example_dags/tutorial_dag.py for tasks to queue
[2024-01-05T12:52:16.484+0000] {logging_mixin.py:137} INFO - [2024-01-05T12:52:16.484+0000] {dagbag.py:538} INFO - Filling up the DagBag from /home/airflow/.local/lib/python3.7/site-packages/airflow/example_dags/tutorial_dag.py
[2024-01-05T12:52:16.500+0000] {processor.py:753} INFO - DAG(s) dict_keys(['tutorial_dag']) retrieved from /home/airflow/.local/lib/python3.7/site-packages/airflow/example_dags/tutorial_dag.py
[2024-01-05T12:52:16.530+0000] {logging_mixin.py:137} INFO - [2024-01-05T12:52:16.530+0000] {dag.py:2690} INFO - Sync 1 DAGs
[2024-01-05T12:52:16.559+0000] {logging_mixin.py:137} INFO - [2024-01-05T12:52:16.558+0000] {dag.py:3441} INFO - Setting next_dagrun for tutorial_dag to None, run_after=None
[2024-01-05T12:52:16.577+0000] {processor.py:175} INFO - Processing /home/airflow/.local/lib/python3.7/site-packages/airflow/example_dags/tutorial_dag.py took 0.101 seconds
[2024-01-05T14:01:00.732+0000] {processor.py:153} INFO - Started process (PID=4982) to work on /home/airflow/.local/lib/python3.7/site-packages/airflow/example_dags/tutorial_dag.py
[2024-01-05T14:01:00.736+0000] {processor.py:743} INFO - Processing file /home/airflow/.local/lib/python3.7/site-packages/airflow/example_dags/tutorial_dag.py for tasks to queue
[2024-01-05T14:01:00.738+0000] {logging_mixin.py:137} INFO - [2024-01-05T14:01:00.738+0000] {dagbag.py:538} INFO - Filling up the DagBag from /home/airflow/.local/lib/python3.7/site-packages/airflow/example_dags/tutorial_dag.py
[2024-01-05T14:01:00.775+0000] {processor.py:753} INFO - DAG(s) dict_keys(['tutorial_dag']) retrieved from /home/airflow/.local/lib/python3.7/site-packages/airflow/example_dags/tutorial_dag.py
[2024-01-05T14:01:00.830+0000] {logging_mixin.py:137} INFO - [2024-01-05T14:01:00.830+0000] {dag.py:2690} INFO - Sync 1 DAGs
[2024-01-05T14:01:00.863+0000] {logging_mixin.py:137} INFO - [2024-01-05T14:01:00.863+0000] {dag.py:3441} INFO - Setting next_dagrun for tutorial_dag to None, run_after=None
[2024-01-05T14:01:00.889+0000] {processor.py:175} INFO - Processing /home/airflow/.local/lib/python3.7/site-packages/airflow/example_dags/tutorial_dag.py took 0.164 seconds
[2024-01-05T14:01:31.665+0000] {processor.py:153} INFO - Started process (PID=5057) to work on /home/airflow/.local/lib/python3.7/site-packages/airflow/example_dags/tutorial_dag.py
[2024-01-05T14:01:31.674+0000] {processor.py:743} INFO - Processing file /home/airflow/.local/lib/python3.7/site-packages/airflow/example_dags/tutorial_dag.py for tasks to queue
[2024-01-05T14:01:31.688+0000] {logging_mixin.py:137} INFO - [2024-01-05T14:01:31.686+0000] {dagbag.py:538} INFO - Filling up the DagBag from /home/airflow/.local/lib/python3.7/site-packages/airflow/example_dags/tutorial_dag.py
[2024-01-05T14:01:31.721+0000] {processor.py:753} INFO - DAG(s) dict_keys(['tutorial_dag']) retrieved from /home/airflow/.local/lib/python3.7/site-packages/airflow/example_dags/tutorial_dag.py
[2024-01-05T14:01:31.995+0000] {logging_mixin.py:137} INFO - [2024-01-05T14:01:31.994+0000] {dag.py:2690} INFO - Sync 1 DAGs
[2024-01-05T14:01:32.179+0000] {logging_mixin.py:137} INFO - [2024-01-05T14:01:32.179+0000] {dag.py:3441} INFO - Setting next_dagrun for tutorial_dag to None, run_after=None
[2024-01-05T14:01:32.289+0000] {processor.py:175} INFO - Processing /home/airflow/.local/lib/python3.7/site-packages/airflow/example_dags/tutorial_dag.py took 0.641 seconds
[2024-01-05T14:02:03.049+0000] {processor.py:153} INFO - Started process (PID=5121) to work on /home/airflow/.local/lib/python3.7/site-packages/airflow/example_dags/tutorial_dag.py
[2024-01-05T14:02:03.051+0000] {processor.py:743} INFO - Processing file /home/airflow/.local/lib/python3.7/site-packages/airflow/example_dags/tutorial_dag.py for tasks to queue
[2024-01-05T14:02:03.053+0000] {logging_mixin.py:137} INFO - [2024-01-05T14:02:03.053+0000] {dagbag.py:538} INFO - Filling up the DagBag from /home/airflow/.local/lib/python3.7/site-packages/airflow/example_dags/tutorial_dag.py
[2024-01-05T14:02:03.071+0000] {processor.py:753} INFO - DAG(s) dict_keys(['tutorial_dag']) retrieved from /home/airflow/.local/lib/python3.7/site-packages/airflow/example_dags/tutorial_dag.py
[2024-01-05T14:02:03.098+0000] {logging_mixin.py:137} INFO - [2024-01-05T14:02:03.098+0000] {dag.py:2690} INFO - Sync 1 DAGs
[2024-01-05T14:02:03.119+0000] {logging_mixin.py:137} INFO - [2024-01-05T14:02:03.119+0000] {dag.py:3441} INFO - Setting next_dagrun for tutorial_dag to None, run_after=None
[2024-01-05T14:02:03.135+0000] {processor.py:175} INFO - Processing /home/airflow/.local/lib/python3.7/site-packages/airflow/example_dags/tutorial_dag.py took 0.094 seconds
[2024-01-05T14:02:33.434+0000] {processor.py:153} INFO - Started process (PID=5196) to work on /home/airflow/.local/lib/python3.7/site-packages/airflow/example_dags/tutorial_dag.py
[2024-01-05T14:02:33.437+0000] {processor.py:743} INFO - Processing file /home/airflow/.local/lib/python3.7/site-packages/airflow/example_dags/tutorial_dag.py for tasks to queue
[2024-01-05T14:02:33.438+0000] {logging_mixin.py:137} INFO - [2024-01-05T14:02:33.438+0000] {dagbag.py:538} INFO - Filling up the DagBag from /home/airflow/.local/lib/python3.7/site-packages/airflow/example_dags/tutorial_dag.py
[2024-01-05T14:02:33.452+0000] {processor.py:753} INFO - DAG(s) dict_keys(['tutorial_dag']) retrieved from /home/airflow/.local/lib/python3.7/site-packages/airflow/example_dags/tutorial_dag.py
[2024-01-05T14:02:33.478+0000] {logging_mixin.py:137} INFO - [2024-01-05T14:02:33.478+0000] {dag.py:2690} INFO - Sync 1 DAGs
[2024-01-05T14:02:33.500+0000] {logging_mixin.py:137} INFO - [2024-01-05T14:02:33.500+0000] {dag.py:3441} INFO - Setting next_dagrun for tutorial_dag to None, run_after=None
[2024-01-05T14:02:33.521+0000] {processor.py:175} INFO - Processing /home/airflow/.local/lib/python3.7/site-packages/airflow/example_dags/tutorial_dag.py took 0.094 seconds
[2024-01-05T14:03:03.787+0000] {processor.py:153} INFO - Started process (PID=5259) to work on /home/airflow/.local/lib/python3.7/site-packages/airflow/example_dags/tutorial_dag.py
[2024-01-05T14:03:03.788+0000] {processor.py:743} INFO - Processing file /home/airflow/.local/lib/python3.7/site-packages/airflow/example_dags/tutorial_dag.py for tasks to queue
[2024-01-05T14:03:03.789+0000] {logging_mixin.py:137} INFO - [2024-01-05T14:03:03.789+0000] {dagbag.py:538} INFO - Filling up the DagBag from /home/airflow/.local/lib/python3.7/site-packages/airflow/example_dags/tutorial_dag.py
[2024-01-05T14:03:03.798+0000] {processor.py:753} INFO - DAG(s) dict_keys(['tutorial_dag']) retrieved from /home/airflow/.local/lib/python3.7/site-packages/airflow/example_dags/tutorial_dag.py
[2024-01-05T14:03:03.819+0000] {logging_mixin.py:137} INFO - [2024-01-05T14:03:03.819+0000] {dag.py:2690} INFO - Sync 1 DAGs
[2024-01-05T14:03:03.840+0000] {logging_mixin.py:137} INFO - [2024-01-05T14:03:03.840+0000] {dag.py:3441} INFO - Setting next_dagrun for tutorial_dag to None, run_after=None
[2024-01-05T14:03:03.851+0000] {processor.py:175} INFO - Processing /home/airflow/.local/lib/python3.7/site-packages/airflow/example_dags/tutorial_dag.py took 0.067 seconds
[2024-01-05T14:03:34.479+0000] {processor.py:153} INFO - Started process (PID=5334) to work on /home/airflow/.local/lib/python3.7/site-packages/airflow/example_dags/tutorial_dag.py
[2024-01-05T14:03:34.481+0000] {processor.py:743} INFO - Processing file /home/airflow/.local/lib/python3.7/site-packages/airflow/example_dags/tutorial_dag.py for tasks to queue
[2024-01-05T14:03:34.482+0000] {logging_mixin.py:137} INFO - [2024-01-05T14:03:34.482+0000] {dagbag.py:538} INFO - Filling up the DagBag from /home/airflow/.local/lib/python3.7/site-packages/airflow/example_dags/tutorial_dag.py
[2024-01-05T14:03:34.495+0000] {processor.py:753} INFO - DAG(s) dict_keys(['tutorial_dag']) retrieved from /home/airflow/.local/lib/python3.7/site-packages/airflow/example_dags/tutorial_dag.py
[2024-01-05T14:03:34.521+0000] {logging_mixin.py:137} INFO - [2024-01-05T14:03:34.521+0000] {dag.py:2690} INFO - Sync 1 DAGs
[2024-01-05T14:03:34.542+0000] {logging_mixin.py:137} INFO - [2024-01-05T14:03:34.542+0000] {dag.py:3441} INFO - Setting next_dagrun for tutorial_dag to None, run_after=None
[2024-01-05T14:03:34.557+0000] {processor.py:175} INFO - Processing /home/airflow/.local/lib/python3.7/site-packages/airflow/example_dags/tutorial_dag.py took 0.082 seconds
[2024-01-05T14:04:05.295+0000] {processor.py:153} INFO - Started process (PID=5398) to work on /home/airflow/.local/lib/python3.7/site-packages/airflow/example_dags/tutorial_dag.py
[2024-01-05T14:04:05.296+0000] {processor.py:743} INFO - Processing file /home/airflow/.local/lib/python3.7/site-packages/airflow/example_dags/tutorial_dag.py for tasks to queue
[2024-01-05T14:04:05.297+0000] {logging_mixin.py:137} INFO - [2024-01-05T14:04:05.297+0000] {dagbag.py:538} INFO - Filling up the DagBag from /home/airflow/.local/lib/python3.7/site-packages/airflow/example_dags/tutorial_dag.py
[2024-01-05T14:04:05.306+0000] {processor.py:753} INFO - DAG(s) dict_keys(['tutorial_dag']) retrieved from /home/airflow/.local/lib/python3.7/site-packages/airflow/example_dags/tutorial_dag.py
[2024-01-05T14:04:05.326+0000] {logging_mixin.py:137} INFO - [2024-01-05T14:04:05.326+0000] {dag.py:2690} INFO - Sync 1 DAGs
[2024-01-05T14:04:05.341+0000] {logging_mixin.py:137} INFO - [2024-01-05T14:04:05.341+0000] {dag.py:3441} INFO - Setting next_dagrun for tutorial_dag to None, run_after=None
[2024-01-05T14:04:05.352+0000] {processor.py:175} INFO - Processing /home/airflow/.local/lib/python3.7/site-packages/airflow/example_dags/tutorial_dag.py took 0.060 seconds
[2024-01-05T14:04:35.710+0000] {processor.py:153} INFO - Started process (PID=5473) to work on /home/airflow/.local/lib/python3.7/site-packages/airflow/example_dags/tutorial_dag.py
[2024-01-05T14:04:35.718+0000] {processor.py:743} INFO - Processing file /home/airflow/.local/lib/python3.7/site-packages/airflow/example_dags/tutorial_dag.py for tasks to queue
[2024-01-05T14:04:35.721+0000] {logging_mixin.py:137} INFO - [2024-01-05T14:04:35.721+0000] {dagbag.py:538} INFO - Filling up the DagBag from /home/airflow/.local/lib/python3.7/site-packages/airflow/example_dags/tutorial_dag.py
[2024-01-05T14:04:35.737+0000] {processor.py:753} INFO - DAG(s) dict_keys(['tutorial_dag']) retrieved from /home/airflow/.local/lib/python3.7/site-packages/airflow/example_dags/tutorial_dag.py
[2024-01-05T14:04:35.764+0000] {logging_mixin.py:137} INFO - [2024-01-05T14:04:35.764+0000] {dag.py:2690} INFO - Sync 1 DAGs
[2024-01-05T14:04:35.780+0000] {logging_mixin.py:137} INFO - [2024-01-05T14:04:35.780+0000] {dag.py:3441} INFO - Setting next_dagrun for tutorial_dag to None, run_after=None
[2024-01-05T14:04:35.792+0000] {processor.py:175} INFO - Processing /home/airflow/.local/lib/python3.7/site-packages/airflow/example_dags/tutorial_dag.py took 0.087 seconds
[2024-01-05T14:05:06.684+0000] {processor.py:153} INFO - Started process (PID=5536) to work on /home/airflow/.local/lib/python3.7/site-packages/airflow/example_dags/tutorial_dag.py
[2024-01-05T14:05:06.687+0000] {processor.py:743} INFO - Processing file /home/airflow/.local/lib/python3.7/site-packages/airflow/example_dags/tutorial_dag.py for tasks to queue
[2024-01-05T14:05:06.688+0000] {logging_mixin.py:137} INFO - [2024-01-05T14:05:06.688+0000] {dagbag.py:538} INFO - Filling up the DagBag from /home/airflow/.local/lib/python3.7/site-packages/airflow/example_dags/tutorial_dag.py
[2024-01-05T14:05:06.698+0000] {processor.py:753} INFO - DAG(s) dict_keys(['tutorial_dag']) retrieved from /home/airflow/.local/lib/python3.7/site-packages/airflow/example_dags/tutorial_dag.py
[2024-01-05T14:05:06.721+0000] {logging_mixin.py:137} INFO - [2024-01-05T14:05:06.721+0000] {dag.py:2690} INFO - Sync 1 DAGs
[2024-01-05T14:05:06.755+0000] {logging_mixin.py:137} INFO - [2024-01-05T14:05:06.755+0000] {dag.py:3441} INFO - Setting next_dagrun for tutorial_dag to None, run_after=None
[2024-01-05T14:05:06.784+0000] {processor.py:175} INFO - Processing /home/airflow/.local/lib/python3.7/site-packages/airflow/example_dags/tutorial_dag.py took 0.102 seconds
[2024-01-05T14:05:37.227+0000] {processor.py:153} INFO - Started process (PID=5611) to work on /home/airflow/.local/lib/python3.7/site-packages/airflow/example_dags/tutorial_dag.py
[2024-01-05T14:05:37.229+0000] {processor.py:743} INFO - Processing file /home/airflow/.local/lib/python3.7/site-packages/airflow/example_dags/tutorial_dag.py for tasks to queue
[2024-01-05T14:05:37.230+0000] {logging_mixin.py:137} INFO - [2024-01-05T14:05:37.229+0000] {dagbag.py:538} INFO - Filling up the DagBag from /home/airflow/.local/lib/python3.7/site-packages/airflow/example_dags/tutorial_dag.py
[2024-01-05T14:05:37.239+0000] {processor.py:753} INFO - DAG(s) dict_keys(['tutorial_dag']) retrieved from /home/airflow/.local/lib/python3.7/site-packages/airflow/example_dags/tutorial_dag.py
[2024-01-05T14:05:37.260+0000] {logging_mixin.py:137} INFO - [2024-01-05T14:05:37.260+0000] {dag.py:2690} INFO - Sync 1 DAGs
[2024-01-05T14:05:37.276+0000] {logging_mixin.py:137} INFO - [2024-01-05T14:05:37.276+0000] {dag.py:3441} INFO - Setting next_dagrun for tutorial_dag to None, run_after=None
[2024-01-05T14:05:37.293+0000] {processor.py:175} INFO - Processing /home/airflow/.local/lib/python3.7/site-packages/airflow/example_dags/tutorial_dag.py took 0.069 seconds
[2024-01-05T14:06:07.498+0000] {processor.py:153} INFO - Started process (PID=5684) to work on /home/airflow/.local/lib/python3.7/site-packages/airflow/example_dags/tutorial_dag.py
[2024-01-05T14:06:07.500+0000] {processor.py:743} INFO - Processing file /home/airflow/.local/lib/python3.7/site-packages/airflow/example_dags/tutorial_dag.py for tasks to queue
[2024-01-05T14:06:07.501+0000] {logging_mixin.py:137} INFO - [2024-01-05T14:06:07.501+0000] {dagbag.py:538} INFO - Filling up the DagBag from /home/airflow/.local/lib/python3.7/site-packages/airflow/example_dags/tutorial_dag.py
[2024-01-05T14:06:07.512+0000] {processor.py:753} INFO - DAG(s) dict_keys(['tutorial_dag']) retrieved from /home/airflow/.local/lib/python3.7/site-packages/airflow/example_dags/tutorial_dag.py
[2024-01-05T14:06:07.533+0000] {logging_mixin.py:137} INFO - [2024-01-05T14:06:07.533+0000] {dag.py:2690} INFO - Sync 1 DAGs
[2024-01-05T14:06:07.550+0000] {logging_mixin.py:137} INFO - [2024-01-05T14:06:07.550+0000] {dag.py:3441} INFO - Setting next_dagrun for tutorial_dag to None, run_after=None
[2024-01-05T14:06:07.562+0000] {processor.py:175} INFO - Processing /home/airflow/.local/lib/python3.7/site-packages/airflow/example_dags/tutorial_dag.py took 0.066 seconds
[2024-01-05T14:06:38.653+0000] {processor.py:153} INFO - Started process (PID=5750) to work on /home/airflow/.local/lib/python3.7/site-packages/airflow/example_dags/tutorial_dag.py
[2024-01-05T14:06:38.655+0000] {processor.py:743} INFO - Processing file /home/airflow/.local/lib/python3.7/site-packages/airflow/example_dags/tutorial_dag.py for tasks to queue
[2024-01-05T14:06:38.656+0000] {logging_mixin.py:137} INFO - [2024-01-05T14:06:38.656+0000] {dagbag.py:538} INFO - Filling up the DagBag from /home/airflow/.local/lib/python3.7/site-packages/airflow/example_dags/tutorial_dag.py
[2024-01-05T14:06:38.667+0000] {processor.py:753} INFO - DAG(s) dict_keys(['tutorial_dag']) retrieved from /home/airflow/.local/lib/python3.7/site-packages/airflow/example_dags/tutorial_dag.py
[2024-01-05T14:06:38.687+0000] {logging_mixin.py:137} INFO - [2024-01-05T14:06:38.687+0000] {dag.py:2690} INFO - Sync 1 DAGs
[2024-01-05T14:06:38.709+0000] {logging_mixin.py:137} INFO - [2024-01-05T14:06:38.709+0000] {dag.py:3441} INFO - Setting next_dagrun for tutorial_dag to None, run_after=None
[2024-01-05T14:06:38.731+0000] {processor.py:175} INFO - Processing /home/airflow/.local/lib/python3.7/site-packages/airflow/example_dags/tutorial_dag.py took 0.080 seconds
[2024-01-05T14:07:09.448+0000] {processor.py:153} INFO - Started process (PID=5825) to work on /home/airflow/.local/lib/python3.7/site-packages/airflow/example_dags/tutorial_dag.py
[2024-01-05T14:07:09.449+0000] {processor.py:743} INFO - Processing file /home/airflow/.local/lib/python3.7/site-packages/airflow/example_dags/tutorial_dag.py for tasks to queue
[2024-01-05T14:07:09.450+0000] {logging_mixin.py:137} INFO - [2024-01-05T14:07:09.450+0000] {dagbag.py:538} INFO - Filling up the DagBag from /home/airflow/.local/lib/python3.7/site-packages/airflow/example_dags/tutorial_dag.py
[2024-01-05T14:07:09.459+0000] {processor.py:753} INFO - DAG(s) dict_keys(['tutorial_dag']) retrieved from /home/airflow/.local/lib/python3.7/site-packages/airflow/example_dags/tutorial_dag.py
[2024-01-05T14:07:09.479+0000] {logging_mixin.py:137} INFO - [2024-01-05T14:07:09.479+0000] {dag.py:2690} INFO - Sync 1 DAGs
[2024-01-05T14:07:09.494+0000] {logging_mixin.py:137} INFO - [2024-01-05T14:07:09.494+0000] {dag.py:3441} INFO - Setting next_dagrun for tutorial_dag to None, run_after=None
[2024-01-05T14:07:09.504+0000] {processor.py:175} INFO - Processing /home/airflow/.local/lib/python3.7/site-packages/airflow/example_dags/tutorial_dag.py took 0.059 seconds
[2024-01-05T14:07:39.958+0000] {processor.py:153} INFO - Started process (PID=5888) to work on /home/airflow/.local/lib/python3.7/site-packages/airflow/example_dags/tutorial_dag.py
[2024-01-05T14:07:39.959+0000] {processor.py:743} INFO - Processing file /home/airflow/.local/lib/python3.7/site-packages/airflow/example_dags/tutorial_dag.py for tasks to queue
[2024-01-05T14:07:39.960+0000] {logging_mixin.py:137} INFO - [2024-01-05T14:07:39.960+0000] {dagbag.py:538} INFO - Filling up the DagBag from /home/airflow/.local/lib/python3.7/site-packages/airflow/example_dags/tutorial_dag.py
[2024-01-05T14:07:39.969+0000] {processor.py:753} INFO - DAG(s) dict_keys(['tutorial_dag']) retrieved from /home/airflow/.local/lib/python3.7/site-packages/airflow/example_dags/tutorial_dag.py
[2024-01-05T14:07:39.989+0000] {logging_mixin.py:137} INFO - [2024-01-05T14:07:39.989+0000] {dag.py:2690} INFO - Sync 1 DAGs
[2024-01-05T14:07:40.004+0000] {logging_mixin.py:137} INFO - [2024-01-05T14:07:40.004+0000] {dag.py:3441} INFO - Setting next_dagrun for tutorial_dag to None, run_after=None
[2024-01-05T14:07:40.014+0000] {processor.py:175} INFO - Processing /home/airflow/.local/lib/python3.7/site-packages/airflow/example_dags/tutorial_dag.py took 0.059 seconds
[2024-01-05T14:08:10.787+0000] {processor.py:153} INFO - Started process (PID=5963) to work on /home/airflow/.local/lib/python3.7/site-packages/airflow/example_dags/tutorial_dag.py
[2024-01-05T14:08:10.789+0000] {processor.py:743} INFO - Processing file /home/airflow/.local/lib/python3.7/site-packages/airflow/example_dags/tutorial_dag.py for tasks to queue
[2024-01-05T14:08:10.789+0000] {logging_mixin.py:137} INFO - [2024-01-05T14:08:10.789+0000] {dagbag.py:538} INFO - Filling up the DagBag from /home/airflow/.local/lib/python3.7/site-packages/airflow/example_dags/tutorial_dag.py
[2024-01-05T14:08:10.800+0000] {processor.py:753} INFO - DAG(s) dict_keys(['tutorial_dag']) retrieved from /home/airflow/.local/lib/python3.7/site-packages/airflow/example_dags/tutorial_dag.py
[2024-01-05T14:08:10.821+0000] {logging_mixin.py:137} INFO - [2024-01-05T14:08:10.821+0000] {dag.py:2690} INFO - Sync 1 DAGs
[2024-01-05T14:08:10.837+0000] {logging_mixin.py:137} INFO - [2024-01-05T14:08:10.837+0000] {dag.py:3441} INFO - Setting next_dagrun for tutorial_dag to None, run_after=None
[2024-01-05T14:08:10.849+0000] {processor.py:175} INFO - Processing /home/airflow/.local/lib/python3.7/site-packages/airflow/example_dags/tutorial_dag.py took 0.064 seconds
[2024-01-05T14:08:41.597+0000] {processor.py:153} INFO - Started process (PID=6026) to work on /home/airflow/.local/lib/python3.7/site-packages/airflow/example_dags/tutorial_dag.py
[2024-01-05T14:08:41.599+0000] {processor.py:743} INFO - Processing file /home/airflow/.local/lib/python3.7/site-packages/airflow/example_dags/tutorial_dag.py for tasks to queue
[2024-01-05T14:08:41.600+0000] {logging_mixin.py:137} INFO - [2024-01-05T14:08:41.600+0000] {dagbag.py:538} INFO - Filling up the DagBag from /home/airflow/.local/lib/python3.7/site-packages/airflow/example_dags/tutorial_dag.py
[2024-01-05T14:08:41.616+0000] {processor.py:753} INFO - DAG(s) dict_keys(['tutorial_dag']) retrieved from /home/airflow/.local/lib/python3.7/site-packages/airflow/example_dags/tutorial_dag.py
[2024-01-05T14:08:41.645+0000] {logging_mixin.py:137} INFO - [2024-01-05T14:08:41.645+0000] {dag.py:2690} INFO - Sync 1 DAGs
[2024-01-05T14:08:41.665+0000] {logging_mixin.py:137} INFO - [2024-01-05T14:08:41.665+0000] {dag.py:3441} INFO - Setting next_dagrun for tutorial_dag to None, run_after=None
[2024-01-05T14:08:41.677+0000] {processor.py:175} INFO - Processing /home/airflow/.local/lib/python3.7/site-packages/airflow/example_dags/tutorial_dag.py took 0.084 seconds
[2024-01-05T14:09:12.665+0000] {processor.py:153} INFO - Started process (PID=6102) to work on /home/airflow/.local/lib/python3.7/site-packages/airflow/example_dags/tutorial_dag.py
[2024-01-05T14:09:12.668+0000] {processor.py:743} INFO - Processing file /home/airflow/.local/lib/python3.7/site-packages/airflow/example_dags/tutorial_dag.py for tasks to queue
[2024-01-05T14:09:12.669+0000] {logging_mixin.py:137} INFO - [2024-01-05T14:09:12.669+0000] {dagbag.py:538} INFO - Filling up the DagBag from /home/airflow/.local/lib/python3.7/site-packages/airflow/example_dags/tutorial_dag.py
[2024-01-05T14:09:12.680+0000] {processor.py:753} INFO - DAG(s) dict_keys(['tutorial_dag']) retrieved from /home/airflow/.local/lib/python3.7/site-packages/airflow/example_dags/tutorial_dag.py
[2024-01-05T14:09:12.702+0000] {logging_mixin.py:137} INFO - [2024-01-05T14:09:12.702+0000] {dag.py:2690} INFO - Sync 1 DAGs
[2024-01-05T14:09:12.719+0000] {logging_mixin.py:137} INFO - [2024-01-05T14:09:12.719+0000] {dag.py:3441} INFO - Setting next_dagrun for tutorial_dag to None, run_after=None
[2024-01-05T14:09:12.730+0000] {processor.py:175} INFO - Processing /home/airflow/.local/lib/python3.7/site-packages/airflow/example_dags/tutorial_dag.py took 0.067 seconds
[2024-01-05T14:09:43.925+0000] {processor.py:153} INFO - Started process (PID=6177) to work on /home/airflow/.local/lib/python3.7/site-packages/airflow/example_dags/tutorial_dag.py
[2024-01-05T14:09:43.930+0000] {processor.py:743} INFO - Processing file /home/airflow/.local/lib/python3.7/site-packages/airflow/example_dags/tutorial_dag.py for tasks to queue
[2024-01-05T14:09:43.934+0000] {logging_mixin.py:137} INFO - [2024-01-05T14:09:43.934+0000] {dagbag.py:538} INFO - Filling up the DagBag from /home/airflow/.local/lib/python3.7/site-packages/airflow/example_dags/tutorial_dag.py
[2024-01-05T14:09:43.979+0000] {processor.py:753} INFO - DAG(s) dict_keys(['tutorial_dag']) retrieved from /home/airflow/.local/lib/python3.7/site-packages/airflow/example_dags/tutorial_dag.py
[2024-01-05T14:09:44.073+0000] {logging_mixin.py:137} INFO - [2024-01-05T14:09:44.073+0000] {dag.py:2690} INFO - Sync 1 DAGs
[2024-01-05T14:09:44.111+0000] {logging_mixin.py:137} INFO - [2024-01-05T14:09:44.110+0000] {dag.py:3441} INFO - Setting next_dagrun for tutorial_dag to None, run_after=None
[2024-01-05T14:09:44.129+0000] {processor.py:175} INFO - Processing /home/airflow/.local/lib/python3.7/site-packages/airflow/example_dags/tutorial_dag.py took 0.255 seconds
[2024-01-05T14:10:14.961+0000] {processor.py:153} INFO - Started process (PID=6239) to work on /home/airflow/.local/lib/python3.7/site-packages/airflow/example_dags/tutorial_dag.py
[2024-01-05T14:10:14.962+0000] {processor.py:743} INFO - Processing file /home/airflow/.local/lib/python3.7/site-packages/airflow/example_dags/tutorial_dag.py for tasks to queue
[2024-01-05T14:10:14.963+0000] {logging_mixin.py:137} INFO - [2024-01-05T14:10:14.963+0000] {dagbag.py:538} INFO - Filling up the DagBag from /home/airflow/.local/lib/python3.7/site-packages/airflow/example_dags/tutorial_dag.py
[2024-01-05T14:10:14.974+0000] {processor.py:753} INFO - DAG(s) dict_keys(['tutorial_dag']) retrieved from /home/airflow/.local/lib/python3.7/site-packages/airflow/example_dags/tutorial_dag.py
[2024-01-05T14:10:14.996+0000] {logging_mixin.py:137} INFO - [2024-01-05T14:10:14.996+0000] {dag.py:2690} INFO - Sync 1 DAGs
[2024-01-05T14:10:15.017+0000] {logging_mixin.py:137} INFO - [2024-01-05T14:10:15.017+0000] {dag.py:3441} INFO - Setting next_dagrun for tutorial_dag to None, run_after=None
[2024-01-05T14:10:15.035+0000] {processor.py:175} INFO - Processing /home/airflow/.local/lib/python3.7/site-packages/airflow/example_dags/tutorial_dag.py took 0.080 seconds
[2024-01-05T14:10:46.038+0000] {processor.py:153} INFO - Started process (PID=6312) to work on /home/airflow/.local/lib/python3.7/site-packages/airflow/example_dags/tutorial_dag.py
[2024-01-05T14:10:46.041+0000] {processor.py:743} INFO - Processing file /home/airflow/.local/lib/python3.7/site-packages/airflow/example_dags/tutorial_dag.py for tasks to queue
[2024-01-05T14:10:46.044+0000] {logging_mixin.py:137} INFO - [2024-01-05T14:10:46.043+0000] {dagbag.py:538} INFO - Filling up the DagBag from /home/airflow/.local/lib/python3.7/site-packages/airflow/example_dags/tutorial_dag.py
[2024-01-05T14:10:46.068+0000] {processor.py:753} INFO - DAG(s) dict_keys(['tutorial_dag']) retrieved from /home/airflow/.local/lib/python3.7/site-packages/airflow/example_dags/tutorial_dag.py
[2024-01-05T14:10:46.098+0000] {logging_mixin.py:137} INFO - [2024-01-05T14:10:46.098+0000] {dag.py:2690} INFO - Sync 1 DAGs
[2024-01-05T14:10:46.123+0000] {logging_mixin.py:137} INFO - [2024-01-05T14:10:46.123+0000] {dag.py:3441} INFO - Setting next_dagrun for tutorial_dag to None, run_after=None
[2024-01-05T14:10:46.138+0000] {processor.py:175} INFO - Processing /home/airflow/.local/lib/python3.7/site-packages/airflow/example_dags/tutorial_dag.py took 0.107 seconds
[2024-01-05T14:11:16.456+0000] {processor.py:153} INFO - Started process (PID=6375) to work on /home/airflow/.local/lib/python3.7/site-packages/airflow/example_dags/tutorial_dag.py
[2024-01-05T14:11:16.457+0000] {processor.py:743} INFO - Processing file /home/airflow/.local/lib/python3.7/site-packages/airflow/example_dags/tutorial_dag.py for tasks to queue
[2024-01-05T14:11:16.458+0000] {logging_mixin.py:137} INFO - [2024-01-05T14:11:16.458+0000] {dagbag.py:538} INFO - Filling up the DagBag from /home/airflow/.local/lib/python3.7/site-packages/airflow/example_dags/tutorial_dag.py
[2024-01-05T14:11:16.467+0000] {processor.py:753} INFO - DAG(s) dict_keys(['tutorial_dag']) retrieved from /home/airflow/.local/lib/python3.7/site-packages/airflow/example_dags/tutorial_dag.py
[2024-01-05T14:11:16.488+0000] {logging_mixin.py:137} INFO - [2024-01-05T14:11:16.487+0000] {dag.py:2690} INFO - Sync 1 DAGs
[2024-01-05T14:11:16.503+0000] {logging_mixin.py:137} INFO - [2024-01-05T14:11:16.503+0000] {dag.py:3441} INFO - Setting next_dagrun for tutorial_dag to None, run_after=None
[2024-01-05T14:11:16.515+0000] {processor.py:175} INFO - Processing /home/airflow/.local/lib/python3.7/site-packages/airflow/example_dags/tutorial_dag.py took 0.062 seconds
[2024-01-05T14:11:47.132+0000] {processor.py:153} INFO - Started process (PID=6449) to work on /home/airflow/.local/lib/python3.7/site-packages/airflow/example_dags/tutorial_dag.py
[2024-01-05T14:11:47.134+0000] {processor.py:743} INFO - Processing file /home/airflow/.local/lib/python3.7/site-packages/airflow/example_dags/tutorial_dag.py for tasks to queue
[2024-01-05T14:11:47.136+0000] {logging_mixin.py:137} INFO - [2024-01-05T14:11:47.135+0000] {dagbag.py:538} INFO - Filling up the DagBag from /home/airflow/.local/lib/python3.7/site-packages/airflow/example_dags/tutorial_dag.py
[2024-01-05T14:11:47.148+0000] {processor.py:753} INFO - DAG(s) dict_keys(['tutorial_dag']) retrieved from /home/airflow/.local/lib/python3.7/site-packages/airflow/example_dags/tutorial_dag.py
[2024-01-05T14:11:47.173+0000] {logging_mixin.py:137} INFO - [2024-01-05T14:11:47.173+0000] {dag.py:2690} INFO - Sync 1 DAGs
[2024-01-05T14:11:47.192+0000] {logging_mixin.py:137} INFO - [2024-01-05T14:11:47.192+0000] {dag.py:3441} INFO - Setting next_dagrun for tutorial_dag to None, run_after=None
[2024-01-05T14:11:47.205+0000] {processor.py:175} INFO - Processing /home/airflow/.local/lib/python3.7/site-packages/airflow/example_dags/tutorial_dag.py took 0.077 seconds
[2024-01-05T14:12:17.633+0000] {processor.py:153} INFO - Started process (PID=6513) to work on /home/airflow/.local/lib/python3.7/site-packages/airflow/example_dags/tutorial_dag.py
[2024-01-05T14:12:17.634+0000] {processor.py:743} INFO - Processing file /home/airflow/.local/lib/python3.7/site-packages/airflow/example_dags/tutorial_dag.py for tasks to queue
[2024-01-05T14:12:17.636+0000] {logging_mixin.py:137} INFO - [2024-01-05T14:12:17.635+0000] {dagbag.py:538} INFO - Filling up the DagBag from /home/airflow/.local/lib/python3.7/site-packages/airflow/example_dags/tutorial_dag.py
[2024-01-05T14:12:17.650+0000] {processor.py:753} INFO - DAG(s) dict_keys(['tutorial_dag']) retrieved from /home/airflow/.local/lib/python3.7/site-packages/airflow/example_dags/tutorial_dag.py
[2024-01-05T14:12:17.673+0000] {logging_mixin.py:137} INFO - [2024-01-05T14:12:17.673+0000] {dag.py:2690} INFO - Sync 1 DAGs
[2024-01-05T14:12:17.689+0000] {logging_mixin.py:137} INFO - [2024-01-05T14:12:17.689+0000] {dag.py:3441} INFO - Setting next_dagrun for tutorial_dag to None, run_after=None
[2024-01-05T14:12:17.701+0000] {processor.py:175} INFO - Processing /home/airflow/.local/lib/python3.7/site-packages/airflow/example_dags/tutorial_dag.py took 0.075 seconds
[2024-01-05T14:12:48.697+0000] {processor.py:153} INFO - Started process (PID=6588) to work on /home/airflow/.local/lib/python3.7/site-packages/airflow/example_dags/tutorial_dag.py
[2024-01-05T14:12:48.698+0000] {processor.py:743} INFO - Processing file /home/airflow/.local/lib/python3.7/site-packages/airflow/example_dags/tutorial_dag.py for tasks to queue
[2024-01-05T14:12:48.699+0000] {logging_mixin.py:137} INFO - [2024-01-05T14:12:48.699+0000] {dagbag.py:538} INFO - Filling up the DagBag from /home/airflow/.local/lib/python3.7/site-packages/airflow/example_dags/tutorial_dag.py
[2024-01-05T14:12:48.710+0000] {processor.py:753} INFO - DAG(s) dict_keys(['tutorial_dag']) retrieved from /home/airflow/.local/lib/python3.7/site-packages/airflow/example_dags/tutorial_dag.py
[2024-01-05T14:12:48.734+0000] {logging_mixin.py:137} INFO - [2024-01-05T14:12:48.734+0000] {dag.py:2690} INFO - Sync 1 DAGs
[2024-01-05T14:12:48.757+0000] {logging_mixin.py:137} INFO - [2024-01-05T14:12:48.757+0000] {dag.py:3441} INFO - Setting next_dagrun for tutorial_dag to None, run_after=None
[2024-01-05T14:12:48.771+0000] {processor.py:175} INFO - Processing /home/airflow/.local/lib/python3.7/site-packages/airflow/example_dags/tutorial_dag.py took 0.078 seconds
[2024-01-05T14:13:19.133+0000] {processor.py:153} INFO - Started process (PID=6649) to work on /home/airflow/.local/lib/python3.7/site-packages/airflow/example_dags/tutorial_dag.py
[2024-01-05T14:13:19.135+0000] {processor.py:743} INFO - Processing file /home/airflow/.local/lib/python3.7/site-packages/airflow/example_dags/tutorial_dag.py for tasks to queue
[2024-01-05T14:13:19.135+0000] {logging_mixin.py:137} INFO - [2024-01-05T14:13:19.135+0000] {dagbag.py:538} INFO - Filling up the DagBag from /home/airflow/.local/lib/python3.7/site-packages/airflow/example_dags/tutorial_dag.py
[2024-01-05T14:13:19.145+0000] {processor.py:753} INFO - DAG(s) dict_keys(['tutorial_dag']) retrieved from /home/airflow/.local/lib/python3.7/site-packages/airflow/example_dags/tutorial_dag.py
[2024-01-05T14:13:19.165+0000] {logging_mixin.py:137} INFO - [2024-01-05T14:13:19.165+0000] {dag.py:2690} INFO - Sync 1 DAGs
[2024-01-05T14:13:19.183+0000] {logging_mixin.py:137} INFO - [2024-01-05T14:13:19.183+0000] {dag.py:3441} INFO - Setting next_dagrun for tutorial_dag to None, run_after=None
[2024-01-05T14:13:19.193+0000] {processor.py:175} INFO - Processing /home/airflow/.local/lib/python3.7/site-packages/airflow/example_dags/tutorial_dag.py took 0.062 seconds
[2024-01-05T14:13:50.031+0000] {processor.py:153} INFO - Started process (PID=6725) to work on /home/airflow/.local/lib/python3.7/site-packages/airflow/example_dags/tutorial_dag.py
[2024-01-05T14:13:50.032+0000] {processor.py:743} INFO - Processing file /home/airflow/.local/lib/python3.7/site-packages/airflow/example_dags/tutorial_dag.py for tasks to queue
[2024-01-05T14:13:50.033+0000] {logging_mixin.py:137} INFO - [2024-01-05T14:13:50.033+0000] {dagbag.py:538} INFO - Filling up the DagBag from /home/airflow/.local/lib/python3.7/site-packages/airflow/example_dags/tutorial_dag.py
[2024-01-05T14:13:50.044+0000] {processor.py:753} INFO - DAG(s) dict_keys(['tutorial_dag']) retrieved from /home/airflow/.local/lib/python3.7/site-packages/airflow/example_dags/tutorial_dag.py
[2024-01-05T14:13:50.080+0000] {logging_mixin.py:137} INFO - [2024-01-05T14:13:50.079+0000] {dag.py:2690} INFO - Sync 1 DAGs
[2024-01-05T14:13:50.104+0000] {logging_mixin.py:137} INFO - [2024-01-05T14:13:50.103+0000] {dag.py:3441} INFO - Setting next_dagrun for tutorial_dag to None, run_after=None
[2024-01-05T14:13:50.119+0000] {processor.py:175} INFO - Processing /home/airflow/.local/lib/python3.7/site-packages/airflow/example_dags/tutorial_dag.py took 0.092 seconds
[2024-01-05T14:14:21.240+0000] {processor.py:153} INFO - Started process (PID=6801) to work on /home/airflow/.local/lib/python3.7/site-packages/airflow/example_dags/tutorial_dag.py
[2024-01-05T14:14:21.245+0000] {processor.py:743} INFO - Processing file /home/airflow/.local/lib/python3.7/site-packages/airflow/example_dags/tutorial_dag.py for tasks to queue
[2024-01-05T14:14:21.247+0000] {logging_mixin.py:137} INFO - [2024-01-05T14:14:21.247+0000] {dagbag.py:538} INFO - Filling up the DagBag from /home/airflow/.local/lib/python3.7/site-packages/airflow/example_dags/tutorial_dag.py
[2024-01-05T14:14:21.260+0000] {processor.py:753} INFO - DAG(s) dict_keys(['tutorial_dag']) retrieved from /home/airflow/.local/lib/python3.7/site-packages/airflow/example_dags/tutorial_dag.py
[2024-01-05T14:14:21.298+0000] {logging_mixin.py:137} INFO - [2024-01-05T14:14:21.298+0000] {dag.py:2690} INFO - Sync 1 DAGs
[2024-01-05T14:14:21.324+0000] {logging_mixin.py:137} INFO - [2024-01-05T14:14:21.324+0000] {dag.py:3441} INFO - Setting next_dagrun for tutorial_dag to None, run_after=None
[2024-01-05T14:14:21.342+0000] {processor.py:175} INFO - Processing /home/airflow/.local/lib/python3.7/site-packages/airflow/example_dags/tutorial_dag.py took 0.105 seconds
[2024-01-05T14:14:52.128+0000] {processor.py:153} INFO - Started process (PID=6864) to work on /home/airflow/.local/lib/python3.7/site-packages/airflow/example_dags/tutorial_dag.py
[2024-01-05T14:14:52.129+0000] {processor.py:743} INFO - Processing file /home/airflow/.local/lib/python3.7/site-packages/airflow/example_dags/tutorial_dag.py for tasks to queue
[2024-01-05T14:14:52.130+0000] {logging_mixin.py:137} INFO - [2024-01-05T14:14:52.130+0000] {dagbag.py:538} INFO - Filling up the DagBag from /home/airflow/.local/lib/python3.7/site-packages/airflow/example_dags/tutorial_dag.py
[2024-01-05T14:14:52.140+0000] {processor.py:753} INFO - DAG(s) dict_keys(['tutorial_dag']) retrieved from /home/airflow/.local/lib/python3.7/site-packages/airflow/example_dags/tutorial_dag.py
[2024-01-05T14:14:52.160+0000] {logging_mixin.py:137} INFO - [2024-01-05T14:14:52.160+0000] {dag.py:2690} INFO - Sync 1 DAGs
[2024-01-05T14:14:52.176+0000] {logging_mixin.py:137} INFO - [2024-01-05T14:14:52.175+0000] {dag.py:3441} INFO - Setting next_dagrun for tutorial_dag to None, run_after=None
[2024-01-05T14:14:52.186+0000] {processor.py:175} INFO - Processing /home/airflow/.local/lib/python3.7/site-packages/airflow/example_dags/tutorial_dag.py took 0.061 seconds
[2024-01-05T14:15:23.183+0000] {processor.py:153} INFO - Started process (PID=6939) to work on /home/airflow/.local/lib/python3.7/site-packages/airflow/example_dags/tutorial_dag.py
[2024-01-05T14:15:23.184+0000] {processor.py:743} INFO - Processing file /home/airflow/.local/lib/python3.7/site-packages/airflow/example_dags/tutorial_dag.py for tasks to queue
[2024-01-05T14:15:23.185+0000] {logging_mixin.py:137} INFO - [2024-01-05T14:15:23.185+0000] {dagbag.py:538} INFO - Filling up the DagBag from /home/airflow/.local/lib/python3.7/site-packages/airflow/example_dags/tutorial_dag.py
[2024-01-05T14:15:23.194+0000] {processor.py:753} INFO - DAG(s) dict_keys(['tutorial_dag']) retrieved from /home/airflow/.local/lib/python3.7/site-packages/airflow/example_dags/tutorial_dag.py
[2024-01-05T14:15:23.215+0000] {logging_mixin.py:137} INFO - [2024-01-05T14:15:23.215+0000] {dag.py:2690} INFO - Sync 1 DAGs
[2024-01-05T14:15:23.231+0000] {logging_mixin.py:137} INFO - [2024-01-05T14:15:23.231+0000] {dag.py:3441} INFO - Setting next_dagrun for tutorial_dag to None, run_after=None
[2024-01-05T14:15:23.242+0000] {processor.py:175} INFO - Processing /home/airflow/.local/lib/python3.7/site-packages/airflow/example_dags/tutorial_dag.py took 0.063 seconds
[2024-01-05T14:15:53.483+0000] {processor.py:153} INFO - Started process (PID=7002) to work on /home/airflow/.local/lib/python3.7/site-packages/airflow/example_dags/tutorial_dag.py
[2024-01-05T14:15:53.485+0000] {processor.py:743} INFO - Processing file /home/airflow/.local/lib/python3.7/site-packages/airflow/example_dags/tutorial_dag.py for tasks to queue
[2024-01-05T14:15:53.486+0000] {logging_mixin.py:137} INFO - [2024-01-05T14:15:53.486+0000] {dagbag.py:538} INFO - Filling up the DagBag from /home/airflow/.local/lib/python3.7/site-packages/airflow/example_dags/tutorial_dag.py
[2024-01-05T14:15:53.497+0000] {processor.py:753} INFO - DAG(s) dict_keys(['tutorial_dag']) retrieved from /home/airflow/.local/lib/python3.7/site-packages/airflow/example_dags/tutorial_dag.py
[2024-01-05T14:15:53.517+0000] {logging_mixin.py:137} INFO - [2024-01-05T14:15:53.517+0000] {dag.py:2690} INFO - Sync 1 DAGs
[2024-01-05T14:15:53.532+0000] {logging_mixin.py:137} INFO - [2024-01-05T14:15:53.532+0000] {dag.py:3441} INFO - Setting next_dagrun for tutorial_dag to None, run_after=None
[2024-01-05T14:15:53.547+0000] {processor.py:175} INFO - Processing /home/airflow/.local/lib/python3.7/site-packages/airflow/example_dags/tutorial_dag.py took 0.067 seconds
[2024-01-05T14:16:24.310+0000] {processor.py:153} INFO - Started process (PID=7077) to work on /home/airflow/.local/lib/python3.7/site-packages/airflow/example_dags/tutorial_dag.py
[2024-01-05T14:16:24.311+0000] {processor.py:743} INFO - Processing file /home/airflow/.local/lib/python3.7/site-packages/airflow/example_dags/tutorial_dag.py for tasks to queue
[2024-01-05T14:16:24.312+0000] {logging_mixin.py:137} INFO - [2024-01-05T14:16:24.312+0000] {dagbag.py:538} INFO - Filling up the DagBag from /home/airflow/.local/lib/python3.7/site-packages/airflow/example_dags/tutorial_dag.py
[2024-01-05T14:16:24.322+0000] {processor.py:753} INFO - DAG(s) dict_keys(['tutorial_dag']) retrieved from /home/airflow/.local/lib/python3.7/site-packages/airflow/example_dags/tutorial_dag.py
[2024-01-05T14:16:24.347+0000] {logging_mixin.py:137} INFO - [2024-01-05T14:16:24.347+0000] {dag.py:2690} INFO - Sync 1 DAGs
[2024-01-05T14:16:24.364+0000] {logging_mixin.py:137} INFO - [2024-01-05T14:16:24.364+0000] {dag.py:3441} INFO - Setting next_dagrun for tutorial_dag to None, run_after=None
[2024-01-05T14:16:24.375+0000] {processor.py:175} INFO - Processing /home/airflow/.local/lib/python3.7/site-packages/airflow/example_dags/tutorial_dag.py took 0.069 seconds
[2024-01-05T14:16:55.264+0000] {processor.py:153} INFO - Started process (PID=7141) to work on /home/airflow/.local/lib/python3.7/site-packages/airflow/example_dags/tutorial_dag.py
[2024-01-05T14:16:55.265+0000] {processor.py:743} INFO - Processing file /home/airflow/.local/lib/python3.7/site-packages/airflow/example_dags/tutorial_dag.py for tasks to queue
[2024-01-05T14:16:55.266+0000] {logging_mixin.py:137} INFO - [2024-01-05T14:16:55.266+0000] {dagbag.py:538} INFO - Filling up the DagBag from /home/airflow/.local/lib/python3.7/site-packages/airflow/example_dags/tutorial_dag.py
[2024-01-05T14:16:55.276+0000] {processor.py:753} INFO - DAG(s) dict_keys(['tutorial_dag']) retrieved from /home/airflow/.local/lib/python3.7/site-packages/airflow/example_dags/tutorial_dag.py
[2024-01-05T14:16:55.299+0000] {logging_mixin.py:137} INFO - [2024-01-05T14:16:55.299+0000] {dag.py:2690} INFO - Sync 1 DAGs
[2024-01-05T14:16:55.315+0000] {logging_mixin.py:137} INFO - [2024-01-05T14:16:55.315+0000] {dag.py:3441} INFO - Setting next_dagrun for tutorial_dag to None, run_after=None
[2024-01-05T14:16:55.326+0000] {processor.py:175} INFO - Processing /home/airflow/.local/lib/python3.7/site-packages/airflow/example_dags/tutorial_dag.py took 0.065 seconds
[2024-01-05T14:17:25.707+0000] {processor.py:153} INFO - Started process (PID=7215) to work on /home/airflow/.local/lib/python3.7/site-packages/airflow/example_dags/tutorial_dag.py
[2024-01-05T14:17:25.709+0000] {processor.py:743} INFO - Processing file /home/airflow/.local/lib/python3.7/site-packages/airflow/example_dags/tutorial_dag.py for tasks to queue
[2024-01-05T14:17:25.710+0000] {logging_mixin.py:137} INFO - [2024-01-05T14:17:25.710+0000] {dagbag.py:538} INFO - Filling up the DagBag from /home/airflow/.local/lib/python3.7/site-packages/airflow/example_dags/tutorial_dag.py
[2024-01-05T14:17:25.722+0000] {processor.py:753} INFO - DAG(s) dict_keys(['tutorial_dag']) retrieved from /home/airflow/.local/lib/python3.7/site-packages/airflow/example_dags/tutorial_dag.py
[2024-01-05T14:17:25.745+0000] {logging_mixin.py:137} INFO - [2024-01-05T14:17:25.745+0000] {dag.py:2690} INFO - Sync 1 DAGs
[2024-01-05T14:17:25.762+0000] {logging_mixin.py:137} INFO - [2024-01-05T14:17:25.762+0000] {dag.py:3441} INFO - Setting next_dagrun for tutorial_dag to None, run_after=None
[2024-01-05T14:17:25.773+0000] {processor.py:175} INFO - Processing /home/airflow/.local/lib/python3.7/site-packages/airflow/example_dags/tutorial_dag.py took 0.069 seconds
[2024-01-05T14:17:56.839+0000] {processor.py:153} INFO - Started process (PID=7278) to work on /home/airflow/.local/lib/python3.7/site-packages/airflow/example_dags/tutorial_dag.py
[2024-01-05T14:17:56.841+0000] {processor.py:743} INFO - Processing file /home/airflow/.local/lib/python3.7/site-packages/airflow/example_dags/tutorial_dag.py for tasks to queue
[2024-01-05T14:17:56.843+0000] {logging_mixin.py:137} INFO - [2024-01-05T14:17:56.842+0000] {dagbag.py:538} INFO - Filling up the DagBag from /home/airflow/.local/lib/python3.7/site-packages/airflow/example_dags/tutorial_dag.py
[2024-01-05T14:17:56.857+0000] {processor.py:753} INFO - DAG(s) dict_keys(['tutorial_dag']) retrieved from /home/airflow/.local/lib/python3.7/site-packages/airflow/example_dags/tutorial_dag.py
[2024-01-05T14:17:56.897+0000] {logging_mixin.py:137} INFO - [2024-01-05T14:17:56.897+0000] {dag.py:2690} INFO - Sync 1 DAGs
[2024-01-05T14:17:56.919+0000] {logging_mixin.py:137} INFO - [2024-01-05T14:17:56.919+0000] {dag.py:3441} INFO - Setting next_dagrun for tutorial_dag to None, run_after=None
[2024-01-05T14:17:56.935+0000] {processor.py:175} INFO - Processing /home/airflow/.local/lib/python3.7/site-packages/airflow/example_dags/tutorial_dag.py took 0.099 seconds
[2024-01-05T14:18:27.108+0000] {processor.py:153} INFO - Started process (PID=7352) to work on /home/airflow/.local/lib/python3.7/site-packages/airflow/example_dags/tutorial_dag.py
[2024-01-05T14:18:27.109+0000] {processor.py:743} INFO - Processing file /home/airflow/.local/lib/python3.7/site-packages/airflow/example_dags/tutorial_dag.py for tasks to queue
[2024-01-05T14:18:27.110+0000] {logging_mixin.py:137} INFO - [2024-01-05T14:18:27.110+0000] {dagbag.py:538} INFO - Filling up the DagBag from /home/airflow/.local/lib/python3.7/site-packages/airflow/example_dags/tutorial_dag.py
[2024-01-05T14:18:27.120+0000] {processor.py:753} INFO - DAG(s) dict_keys(['tutorial_dag']) retrieved from /home/airflow/.local/lib/python3.7/site-packages/airflow/example_dags/tutorial_dag.py
[2024-01-05T14:18:27.141+0000] {logging_mixin.py:137} INFO - [2024-01-05T14:18:27.141+0000] {dag.py:2690} INFO - Sync 1 DAGs
[2024-01-05T14:18:27.158+0000] {logging_mixin.py:137} INFO - [2024-01-05T14:18:27.157+0000] {dag.py:3441} INFO - Setting next_dagrun for tutorial_dag to None, run_after=None
[2024-01-05T14:18:27.169+0000] {processor.py:175} INFO - Processing /home/airflow/.local/lib/python3.7/site-packages/airflow/example_dags/tutorial_dag.py took 0.064 seconds
[2024-01-05T14:18:58.270+0000] {processor.py:153} INFO - Started process (PID=7427) to work on /home/airflow/.local/lib/python3.7/site-packages/airflow/example_dags/tutorial_dag.py
[2024-01-05T14:18:58.272+0000] {processor.py:743} INFO - Processing file /home/airflow/.local/lib/python3.7/site-packages/airflow/example_dags/tutorial_dag.py for tasks to queue
[2024-01-05T14:18:58.273+0000] {logging_mixin.py:137} INFO - [2024-01-05T14:18:58.273+0000] {dagbag.py:538} INFO - Filling up the DagBag from /home/airflow/.local/lib/python3.7/site-packages/airflow/example_dags/tutorial_dag.py
[2024-01-05T14:18:58.285+0000] {processor.py:753} INFO - DAG(s) dict_keys(['tutorial_dag']) retrieved from /home/airflow/.local/lib/python3.7/site-packages/airflow/example_dags/tutorial_dag.py
[2024-01-05T14:18:58.325+0000] {logging_mixin.py:137} INFO - [2024-01-05T14:18:58.325+0000] {dag.py:2690} INFO - Sync 1 DAGs
[2024-01-05T14:18:58.366+0000] {logging_mixin.py:137} INFO - [2024-01-05T14:18:58.365+0000] {dag.py:3441} INFO - Setting next_dagrun for tutorial_dag to None, run_after=None
[2024-01-05T14:18:58.400+0000] {processor.py:175} INFO - Processing /home/airflow/.local/lib/python3.7/site-packages/airflow/example_dags/tutorial_dag.py took 0.133 seconds
[2024-01-05T14:19:28.801+0000] {processor.py:153} INFO - Started process (PID=7490) to work on /home/airflow/.local/lib/python3.7/site-packages/airflow/example_dags/tutorial_dag.py
[2024-01-05T14:19:28.802+0000] {processor.py:743} INFO - Processing file /home/airflow/.local/lib/python3.7/site-packages/airflow/example_dags/tutorial_dag.py for tasks to queue
[2024-01-05T14:19:28.803+0000] {logging_mixin.py:137} INFO - [2024-01-05T14:19:28.803+0000] {dagbag.py:538} INFO - Filling up the DagBag from /home/airflow/.local/lib/python3.7/site-packages/airflow/example_dags/tutorial_dag.py
[2024-01-05T14:19:28.813+0000] {processor.py:753} INFO - DAG(s) dict_keys(['tutorial_dag']) retrieved from /home/airflow/.local/lib/python3.7/site-packages/airflow/example_dags/tutorial_dag.py
[2024-01-05T14:19:28.835+0000] {logging_mixin.py:137} INFO - [2024-01-05T14:19:28.835+0000] {dag.py:2690} INFO - Sync 1 DAGs
[2024-01-05T14:19:28.853+0000] {logging_mixin.py:137} INFO - [2024-01-05T14:19:28.852+0000] {dag.py:3441} INFO - Setting next_dagrun for tutorial_dag to None, run_after=None
[2024-01-05T14:19:28.864+0000] {processor.py:175} INFO - Processing /home/airflow/.local/lib/python3.7/site-packages/airflow/example_dags/tutorial_dag.py took 0.068 seconds
[2024-01-05T14:19:59.098+0000] {processor.py:153} INFO - Started process (PID=7564) to work on /home/airflow/.local/lib/python3.7/site-packages/airflow/example_dags/tutorial_dag.py
[2024-01-05T14:19:59.100+0000] {processor.py:743} INFO - Processing file /home/airflow/.local/lib/python3.7/site-packages/airflow/example_dags/tutorial_dag.py for tasks to queue
[2024-01-05T14:19:59.100+0000] {logging_mixin.py:137} INFO - [2024-01-05T14:19:59.100+0000] {dagbag.py:538} INFO - Filling up the DagBag from /home/airflow/.local/lib/python3.7/site-packages/airflow/example_dags/tutorial_dag.py
[2024-01-05T14:19:59.110+0000] {processor.py:753} INFO - DAG(s) dict_keys(['tutorial_dag']) retrieved from /home/airflow/.local/lib/python3.7/site-packages/airflow/example_dags/tutorial_dag.py
[2024-01-05T14:19:59.130+0000] {logging_mixin.py:137} INFO - [2024-01-05T14:19:59.130+0000] {dag.py:2690} INFO - Sync 1 DAGs
[2024-01-05T14:19:59.146+0000] {logging_mixin.py:137} INFO - [2024-01-05T14:19:59.146+0000] {dag.py:3441} INFO - Setting next_dagrun for tutorial_dag to None, run_after=None
[2024-01-05T14:19:59.157+0000] {processor.py:175} INFO - Processing /home/airflow/.local/lib/python3.7/site-packages/airflow/example_dags/tutorial_dag.py took 0.061 seconds
[2024-01-05T14:20:30.091+0000] {processor.py:153} INFO - Started process (PID=7627) to work on /home/airflow/.local/lib/python3.7/site-packages/airflow/example_dags/tutorial_dag.py
[2024-01-05T14:20:30.094+0000] {processor.py:743} INFO - Processing file /home/airflow/.local/lib/python3.7/site-packages/airflow/example_dags/tutorial_dag.py for tasks to queue
[2024-01-05T14:20:30.095+0000] {logging_mixin.py:137} INFO - [2024-01-05T14:20:30.095+0000] {dagbag.py:538} INFO - Filling up the DagBag from /home/airflow/.local/lib/python3.7/site-packages/airflow/example_dags/tutorial_dag.py
[2024-01-05T14:20:30.113+0000] {processor.py:753} INFO - DAG(s) dict_keys(['tutorial_dag']) retrieved from /home/airflow/.local/lib/python3.7/site-packages/airflow/example_dags/tutorial_dag.py
[2024-01-05T14:20:30.135+0000] {logging_mixin.py:137} INFO - [2024-01-05T14:20:30.135+0000] {dag.py:2690} INFO - Sync 1 DAGs
[2024-01-05T14:20:30.152+0000] {logging_mixin.py:137} INFO - [2024-01-05T14:20:30.152+0000] {dag.py:3441} INFO - Setting next_dagrun for tutorial_dag to None, run_after=None
[2024-01-05T14:20:30.163+0000] {processor.py:175} INFO - Processing /home/airflow/.local/lib/python3.7/site-packages/airflow/example_dags/tutorial_dag.py took 0.077 seconds
[2024-01-05T14:21:00.876+0000] {processor.py:153} INFO - Started process (PID=7702) to work on /home/airflow/.local/lib/python3.7/site-packages/airflow/example_dags/tutorial_dag.py
[2024-01-05T14:21:00.877+0000] {processor.py:743} INFO - Processing file /home/airflow/.local/lib/python3.7/site-packages/airflow/example_dags/tutorial_dag.py for tasks to queue
[2024-01-05T14:21:00.878+0000] {logging_mixin.py:137} INFO - [2024-01-05T14:21:00.878+0000] {dagbag.py:538} INFO - Filling up the DagBag from /home/airflow/.local/lib/python3.7/site-packages/airflow/example_dags/tutorial_dag.py
[2024-01-05T14:21:00.887+0000] {processor.py:753} INFO - DAG(s) dict_keys(['tutorial_dag']) retrieved from /home/airflow/.local/lib/python3.7/site-packages/airflow/example_dags/tutorial_dag.py
[2024-01-05T14:21:00.908+0000] {logging_mixin.py:137} INFO - [2024-01-05T14:21:00.908+0000] {dag.py:2690} INFO - Sync 1 DAGs
[2024-01-05T14:21:00.930+0000] {logging_mixin.py:137} INFO - [2024-01-05T14:21:00.930+0000] {dag.py:3441} INFO - Setting next_dagrun for tutorial_dag to None, run_after=None
[2024-01-05T14:21:00.941+0000] {processor.py:175} INFO - Processing /home/airflow/.local/lib/python3.7/site-packages/airflow/example_dags/tutorial_dag.py took 0.068 seconds
[2024-01-05T14:21:32.181+0000] {processor.py:153} INFO - Started process (PID=7775) to work on /home/airflow/.local/lib/python3.7/site-packages/airflow/example_dags/tutorial_dag.py
[2024-01-05T14:21:32.184+0000] {processor.py:743} INFO - Processing file /home/airflow/.local/lib/python3.7/site-packages/airflow/example_dags/tutorial_dag.py for tasks to queue
[2024-01-05T14:21:32.188+0000] {logging_mixin.py:137} INFO - [2024-01-05T14:21:32.187+0000] {dagbag.py:538} INFO - Filling up the DagBag from /home/airflow/.local/lib/python3.7/site-packages/airflow/example_dags/tutorial_dag.py
[2024-01-05T14:21:32.224+0000] {processor.py:753} INFO - DAG(s) dict_keys(['tutorial_dag']) retrieved from /home/airflow/.local/lib/python3.7/site-packages/airflow/example_dags/tutorial_dag.py
[2024-01-05T14:21:32.257+0000] {logging_mixin.py:137} INFO - [2024-01-05T14:21:32.257+0000] {dag.py:2690} INFO - Sync 1 DAGs
[2024-01-05T14:21:32.279+0000] {logging_mixin.py:137} INFO - [2024-01-05T14:21:32.279+0000] {dag.py:3441} INFO - Setting next_dagrun for tutorial_dag to None, run_after=None
[2024-01-05T14:21:32.292+0000] {processor.py:175} INFO - Processing /home/airflow/.local/lib/python3.7/site-packages/airflow/example_dags/tutorial_dag.py took 0.115 seconds
[2024-01-05T14:22:02.611+0000] {processor.py:153} INFO - Started process (PID=7841) to work on /home/airflow/.local/lib/python3.7/site-packages/airflow/example_dags/tutorial_dag.py
[2024-01-05T14:22:02.613+0000] {processor.py:743} INFO - Processing file /home/airflow/.local/lib/python3.7/site-packages/airflow/example_dags/tutorial_dag.py for tasks to queue
[2024-01-05T14:22:02.615+0000] {logging_mixin.py:137} INFO - [2024-01-05T14:22:02.615+0000] {dagbag.py:538} INFO - Filling up the DagBag from /home/airflow/.local/lib/python3.7/site-packages/airflow/example_dags/tutorial_dag.py
[2024-01-05T14:22:02.631+0000] {processor.py:753} INFO - DAG(s) dict_keys(['tutorial_dag']) retrieved from /home/airflow/.local/lib/python3.7/site-packages/airflow/example_dags/tutorial_dag.py
[2024-01-05T14:22:02.656+0000] {logging_mixin.py:137} INFO - [2024-01-05T14:22:02.656+0000] {dag.py:2690} INFO - Sync 1 DAGs
[2024-01-05T14:22:02.675+0000] {logging_mixin.py:137} INFO - [2024-01-05T14:22:02.674+0000] {dag.py:3441} INFO - Setting next_dagrun for tutorial_dag to None, run_after=None
[2024-01-05T14:22:02.686+0000] {processor.py:175} INFO - Processing /home/airflow/.local/lib/python3.7/site-packages/airflow/example_dags/tutorial_dag.py took 0.080 seconds
[2024-01-05T14:22:33.194+0000] {processor.py:153} INFO - Started process (PID=7917) to work on /home/airflow/.local/lib/python3.7/site-packages/airflow/example_dags/tutorial_dag.py
[2024-01-05T14:22:33.196+0000] {processor.py:743} INFO - Processing file /home/airflow/.local/lib/python3.7/site-packages/airflow/example_dags/tutorial_dag.py for tasks to queue
[2024-01-05T14:22:33.196+0000] {logging_mixin.py:137} INFO - [2024-01-05T14:22:33.196+0000] {dagbag.py:538} INFO - Filling up the DagBag from /home/airflow/.local/lib/python3.7/site-packages/airflow/example_dags/tutorial_dag.py
[2024-01-05T14:22:33.209+0000] {processor.py:753} INFO - DAG(s) dict_keys(['tutorial_dag']) retrieved from /home/airflow/.local/lib/python3.7/site-packages/airflow/example_dags/tutorial_dag.py
[2024-01-05T14:22:33.232+0000] {logging_mixin.py:137} INFO - [2024-01-05T14:22:33.232+0000] {dag.py:2690} INFO - Sync 1 DAGs
[2024-01-05T14:22:33.253+0000] {logging_mixin.py:137} INFO - [2024-01-05T14:22:33.253+0000] {dag.py:3441} INFO - Setting next_dagrun for tutorial_dag to None, run_after=None
[2024-01-05T14:22:33.293+0000] {processor.py:175} INFO - Processing /home/airflow/.local/lib/python3.7/site-packages/airflow/example_dags/tutorial_dag.py took 0.102 seconds
[2024-01-05T14:23:04.442+0000] {processor.py:153} INFO - Started process (PID=7980) to work on /home/airflow/.local/lib/python3.7/site-packages/airflow/example_dags/tutorial_dag.py
[2024-01-05T14:23:04.443+0000] {processor.py:743} INFO - Processing file /home/airflow/.local/lib/python3.7/site-packages/airflow/example_dags/tutorial_dag.py for tasks to queue
[2024-01-05T14:23:04.444+0000] {logging_mixin.py:137} INFO - [2024-01-05T14:23:04.444+0000] {dagbag.py:538} INFO - Filling up the DagBag from /home/airflow/.local/lib/python3.7/site-packages/airflow/example_dags/tutorial_dag.py
[2024-01-05T14:23:04.455+0000] {processor.py:753} INFO - DAG(s) dict_keys(['tutorial_dag']) retrieved from /home/airflow/.local/lib/python3.7/site-packages/airflow/example_dags/tutorial_dag.py
[2024-01-05T14:23:04.476+0000] {logging_mixin.py:137} INFO - [2024-01-05T14:23:04.476+0000] {dag.py:2690} INFO - Sync 1 DAGs
[2024-01-05T14:23:04.493+0000] {logging_mixin.py:137} INFO - [2024-01-05T14:23:04.493+0000] {dag.py:3441} INFO - Setting next_dagrun for tutorial_dag to None, run_after=None
[2024-01-05T14:23:04.505+0000] {processor.py:175} INFO - Processing /home/airflow/.local/lib/python3.7/site-packages/airflow/example_dags/tutorial_dag.py took 0.066 seconds
[2024-01-05T14:23:34.758+0000] {processor.py:153} INFO - Started process (PID=8055) to work on /home/airflow/.local/lib/python3.7/site-packages/airflow/example_dags/tutorial_dag.py
[2024-01-05T14:23:34.760+0000] {processor.py:743} INFO - Processing file /home/airflow/.local/lib/python3.7/site-packages/airflow/example_dags/tutorial_dag.py for tasks to queue
[2024-01-05T14:23:34.761+0000] {logging_mixin.py:137} INFO - [2024-01-05T14:23:34.761+0000] {dagbag.py:538} INFO - Filling up the DagBag from /home/airflow/.local/lib/python3.7/site-packages/airflow/example_dags/tutorial_dag.py
[2024-01-05T14:23:34.775+0000] {processor.py:753} INFO - DAG(s) dict_keys(['tutorial_dag']) retrieved from /home/airflow/.local/lib/python3.7/site-packages/airflow/example_dags/tutorial_dag.py
[2024-01-05T14:23:34.801+0000] {logging_mixin.py:137} INFO - [2024-01-05T14:23:34.801+0000] {dag.py:2690} INFO - Sync 1 DAGs
[2024-01-05T14:23:34.822+0000] {logging_mixin.py:137} INFO - [2024-01-05T14:23:34.822+0000] {dag.py:3441} INFO - Setting next_dagrun for tutorial_dag to None, run_after=None
[2024-01-05T14:23:34.839+0000] {processor.py:175} INFO - Processing /home/airflow/.local/lib/python3.7/site-packages/airflow/example_dags/tutorial_dag.py took 0.085 seconds
[2024-01-05T14:24:05.855+0000] {processor.py:153} INFO - Started process (PID=8118) to work on /home/airflow/.local/lib/python3.7/site-packages/airflow/example_dags/tutorial_dag.py
[2024-01-05T14:24:05.856+0000] {processor.py:743} INFO - Processing file /home/airflow/.local/lib/python3.7/site-packages/airflow/example_dags/tutorial_dag.py for tasks to queue
[2024-01-05T14:24:05.857+0000] {logging_mixin.py:137} INFO - [2024-01-05T14:24:05.856+0000] {dagbag.py:538} INFO - Filling up the DagBag from /home/airflow/.local/lib/python3.7/site-packages/airflow/example_dags/tutorial_dag.py
[2024-01-05T14:24:05.866+0000] {processor.py:753} INFO - DAG(s) dict_keys(['tutorial_dag']) retrieved from /home/airflow/.local/lib/python3.7/site-packages/airflow/example_dags/tutorial_dag.py
[2024-01-05T14:24:05.888+0000] {logging_mixin.py:137} INFO - [2024-01-05T14:24:05.888+0000] {dag.py:2690} INFO - Sync 1 DAGs
[2024-01-05T14:24:05.904+0000] {logging_mixin.py:137} INFO - [2024-01-05T14:24:05.904+0000] {dag.py:3441} INFO - Setting next_dagrun for tutorial_dag to None, run_after=None
[2024-01-05T14:24:05.915+0000] {processor.py:175} INFO - Processing /home/airflow/.local/lib/python3.7/site-packages/airflow/example_dags/tutorial_dag.py took 0.064 seconds
[2024-01-05T14:24:36.583+0000] {processor.py:153} INFO - Started process (PID=8194) to work on /home/airflow/.local/lib/python3.7/site-packages/airflow/example_dags/tutorial_dag.py
[2024-01-05T14:24:36.584+0000] {processor.py:743} INFO - Processing file /home/airflow/.local/lib/python3.7/site-packages/airflow/example_dags/tutorial_dag.py for tasks to queue
[2024-01-05T14:24:36.585+0000] {logging_mixin.py:137} INFO - [2024-01-05T14:24:36.585+0000] {dagbag.py:538} INFO - Filling up the DagBag from /home/airflow/.local/lib/python3.7/site-packages/airflow/example_dags/tutorial_dag.py
[2024-01-05T14:24:36.594+0000] {processor.py:753} INFO - DAG(s) dict_keys(['tutorial_dag']) retrieved from /home/airflow/.local/lib/python3.7/site-packages/airflow/example_dags/tutorial_dag.py
[2024-01-05T14:24:36.613+0000] {logging_mixin.py:137} INFO - [2024-01-05T14:24:36.613+0000] {dag.py:2690} INFO - Sync 1 DAGs
[2024-01-05T14:24:36.629+0000] {logging_mixin.py:137} INFO - [2024-01-05T14:24:36.629+0000] {dag.py:3441} INFO - Setting next_dagrun for tutorial_dag to None, run_after=None
[2024-01-05T14:24:36.641+0000] {processor.py:175} INFO - Processing /home/airflow/.local/lib/python3.7/site-packages/airflow/example_dags/tutorial_dag.py took 0.062 seconds
[2024-01-05T14:25:07.175+0000] {processor.py:153} INFO - Started process (PID=8257) to work on /home/airflow/.local/lib/python3.7/site-packages/airflow/example_dags/tutorial_dag.py
[2024-01-05T14:25:07.176+0000] {processor.py:743} INFO - Processing file /home/airflow/.local/lib/python3.7/site-packages/airflow/example_dags/tutorial_dag.py for tasks to queue
[2024-01-05T14:25:07.177+0000] {logging_mixin.py:137} INFO - [2024-01-05T14:25:07.177+0000] {dagbag.py:538} INFO - Filling up the DagBag from /home/airflow/.local/lib/python3.7/site-packages/airflow/example_dags/tutorial_dag.py
[2024-01-05T14:25:07.186+0000] {processor.py:753} INFO - DAG(s) dict_keys(['tutorial_dag']) retrieved from /home/airflow/.local/lib/python3.7/site-packages/airflow/example_dags/tutorial_dag.py
[2024-01-05T14:25:07.208+0000] {logging_mixin.py:137} INFO - [2024-01-05T14:25:07.208+0000] {dag.py:2690} INFO - Sync 1 DAGs
[2024-01-05T14:25:07.237+0000] {logging_mixin.py:137} INFO - [2024-01-05T14:25:07.237+0000] {dag.py:3441} INFO - Setting next_dagrun for tutorial_dag to None, run_after=None
[2024-01-05T14:25:07.250+0000] {processor.py:175} INFO - Processing /home/airflow/.local/lib/python3.7/site-packages/airflow/example_dags/tutorial_dag.py took 0.078 seconds
[2024-01-05T14:25:37.701+0000] {processor.py:153} INFO - Started process (PID=8333) to work on /home/airflow/.local/lib/python3.7/site-packages/airflow/example_dags/tutorial_dag.py
[2024-01-05T14:25:37.704+0000] {processor.py:743} INFO - Processing file /home/airflow/.local/lib/python3.7/site-packages/airflow/example_dags/tutorial_dag.py for tasks to queue
[2024-01-05T14:25:37.705+0000] {logging_mixin.py:137} INFO - [2024-01-05T14:25:37.705+0000] {dagbag.py:538} INFO - Filling up the DagBag from /home/airflow/.local/lib/python3.7/site-packages/airflow/example_dags/tutorial_dag.py
[2024-01-05T14:25:37.716+0000] {processor.py:753} INFO - DAG(s) dict_keys(['tutorial_dag']) retrieved from /home/airflow/.local/lib/python3.7/site-packages/airflow/example_dags/tutorial_dag.py
[2024-01-05T14:25:37.739+0000] {logging_mixin.py:137} INFO - [2024-01-05T14:25:37.739+0000] {dag.py:2690} INFO - Sync 1 DAGs
[2024-01-05T14:25:37.754+0000] {logging_mixin.py:137} INFO - [2024-01-05T14:25:37.754+0000] {dag.py:3441} INFO - Setting next_dagrun for tutorial_dag to None, run_after=None
[2024-01-05T14:25:37.765+0000] {processor.py:175} INFO - Processing /home/airflow/.local/lib/python3.7/site-packages/airflow/example_dags/tutorial_dag.py took 0.069 seconds
[2024-01-05T14:26:08.578+0000] {processor.py:153} INFO - Started process (PID=8403) to work on /home/airflow/.local/lib/python3.7/site-packages/airflow/example_dags/tutorial_dag.py
[2024-01-05T14:26:08.589+0000] {processor.py:743} INFO - Processing file /home/airflow/.local/lib/python3.7/site-packages/airflow/example_dags/tutorial_dag.py for tasks to queue
[2024-01-05T14:26:08.592+0000] {logging_mixin.py:137} INFO - [2024-01-05T14:26:08.591+0000] {dagbag.py:538} INFO - Filling up the DagBag from /home/airflow/.local/lib/python3.7/site-packages/airflow/example_dags/tutorial_dag.py
[2024-01-05T14:26:08.610+0000] {processor.py:753} INFO - DAG(s) dict_keys(['tutorial_dag']) retrieved from /home/airflow/.local/lib/python3.7/site-packages/airflow/example_dags/tutorial_dag.py
[2024-01-05T14:26:08.637+0000] {logging_mixin.py:137} INFO - [2024-01-05T14:26:08.637+0000] {dag.py:2690} INFO - Sync 1 DAGs
[2024-01-05T14:26:08.666+0000] {logging_mixin.py:137} INFO - [2024-01-05T14:26:08.666+0000] {dag.py:3441} INFO - Setting next_dagrun for tutorial_dag to None, run_after=None
[2024-01-05T14:26:08.687+0000] {processor.py:175} INFO - Processing /home/airflow/.local/lib/python3.7/site-packages/airflow/example_dags/tutorial_dag.py took 0.113 seconds
[2024-01-05T14:26:39.049+0000] {processor.py:153} INFO - Started process (PID=8471) to work on /home/airflow/.local/lib/python3.7/site-packages/airflow/example_dags/tutorial_dag.py
[2024-01-05T14:26:39.050+0000] {processor.py:743} INFO - Processing file /home/airflow/.local/lib/python3.7/site-packages/airflow/example_dags/tutorial_dag.py for tasks to queue
[2024-01-05T14:26:39.051+0000] {logging_mixin.py:137} INFO - [2024-01-05T14:26:39.051+0000] {dagbag.py:538} INFO - Filling up the DagBag from /home/airflow/.local/lib/python3.7/site-packages/airflow/example_dags/tutorial_dag.py
[2024-01-05T14:26:39.064+0000] {processor.py:753} INFO - DAG(s) dict_keys(['tutorial_dag']) retrieved from /home/airflow/.local/lib/python3.7/site-packages/airflow/example_dags/tutorial_dag.py
[2024-01-05T14:26:39.086+0000] {logging_mixin.py:137} INFO - [2024-01-05T14:26:39.086+0000] {dag.py:2690} INFO - Sync 1 DAGs
[2024-01-05T14:26:39.102+0000] {logging_mixin.py:137} INFO - [2024-01-05T14:26:39.102+0000] {dag.py:3441} INFO - Setting next_dagrun for tutorial_dag to None, run_after=None
[2024-01-05T14:26:39.113+0000] {processor.py:175} INFO - Processing /home/airflow/.local/lib/python3.7/site-packages/airflow/example_dags/tutorial_dag.py took 0.068 seconds
