[2024-01-05T01:20:57.001+0000] {processor.py:153} INFO - Started process (PID=4345) to work on /home/airflow/.local/lib/python3.7/site-packages/airflow/example_dags/tutorial.py
[2024-01-05T01:20:57.003+0000] {processor.py:743} INFO - Processing file /home/airflow/.local/lib/python3.7/site-packages/airflow/example_dags/tutorial.py for tasks to queue
[2024-01-05T01:20:57.005+0000] {logging_mixin.py:137} INFO - [2024-01-05T01:20:57.004+0000] {dagbag.py:538} INFO - Filling up the DagBag from /home/airflow/.local/lib/python3.7/site-packages/airflow/example_dags/tutorial.py
[2024-01-05T01:20:57.030+0000] {processor.py:753} INFO - DAG(s) dict_keys(['tutorial']) retrieved from /home/airflow/.local/lib/python3.7/site-packages/airflow/example_dags/tutorial.py
[2024-01-05T01:20:57.082+0000] {logging_mixin.py:137} INFO - [2024-01-05T01:20:57.081+0000] {dag.py:2690} INFO - Sync 1 DAGs
[2024-01-05T01:20:57.109+0000] {logging_mixin.py:137} INFO - [2024-01-05T01:20:57.109+0000] {dag.py:3441} INFO - Setting next_dagrun for tutorial to 2024-01-04T01:20:57.109350+00:00, run_after=2024-01-05T01:20:57.109350+00:00
[2024-01-05T01:20:57.156+0000] {processor.py:175} INFO - Processing /home/airflow/.local/lib/python3.7/site-packages/airflow/example_dags/tutorial.py took 0.159 seconds
[2024-01-05T02:31:18.669+0000] {processor.py:153} INFO - Started process (PID=4408) to work on /home/airflow/.local/lib/python3.7/site-packages/airflow/example_dags/tutorial.py
[2024-01-05T02:31:18.670+0000] {processor.py:743} INFO - Processing file /home/airflow/.local/lib/python3.7/site-packages/airflow/example_dags/tutorial.py for tasks to queue
[2024-01-05T02:31:18.671+0000] {logging_mixin.py:137} INFO - [2024-01-05T02:31:18.671+0000] {dagbag.py:538} INFO - Filling up the DagBag from /home/airflow/.local/lib/python3.7/site-packages/airflow/example_dags/tutorial.py
[2024-01-05T02:31:18.683+0000] {processor.py:753} INFO - DAG(s) dict_keys(['tutorial']) retrieved from /home/airflow/.local/lib/python3.7/site-packages/airflow/example_dags/tutorial.py
[2024-01-05T02:31:18.705+0000] {logging_mixin.py:137} INFO - [2024-01-05T02:31:18.705+0000] {dag.py:2690} INFO - Sync 1 DAGs
[2024-01-05T02:31:18.732+0000] {logging_mixin.py:137} INFO - [2024-01-05T02:31:18.732+0000] {dag.py:3441} INFO - Setting next_dagrun for tutorial to 2024-01-04T02:31:18.732169+00:00, run_after=2024-01-05T02:31:18.732169+00:00
[2024-01-05T02:31:18.748+0000] {processor.py:175} INFO - Processing /home/airflow/.local/lib/python3.7/site-packages/airflow/example_dags/tutorial.py took 0.082 seconds
[2024-01-05T03:42:27.694+0000] {processor.py:153} INFO - Started process (PID=4471) to work on /home/airflow/.local/lib/python3.7/site-packages/airflow/example_dags/tutorial.py
[2024-01-05T03:42:27.696+0000] {processor.py:743} INFO - Processing file /home/airflow/.local/lib/python3.7/site-packages/airflow/example_dags/tutorial.py for tasks to queue
[2024-01-05T03:42:27.697+0000] {logging_mixin.py:137} INFO - [2024-01-05T03:42:27.696+0000] {dagbag.py:538} INFO - Filling up the DagBag from /home/airflow/.local/lib/python3.7/site-packages/airflow/example_dags/tutorial.py
[2024-01-05T03:42:27.707+0000] {processor.py:753} INFO - DAG(s) dict_keys(['tutorial']) retrieved from /home/airflow/.local/lib/python3.7/site-packages/airflow/example_dags/tutorial.py
[2024-01-05T03:42:27.740+0000] {logging_mixin.py:137} INFO - [2024-01-05T03:42:27.740+0000] {dag.py:2690} INFO - Sync 1 DAGs
[2024-01-05T03:42:27.761+0000] {logging_mixin.py:137} INFO - [2024-01-05T03:42:27.761+0000] {dag.py:3441} INFO - Setting next_dagrun for tutorial to 2024-01-04T03:42:27.761067+00:00, run_after=2024-01-05T03:42:27.761067+00:00
[2024-01-05T03:42:27.775+0000] {processor.py:175} INFO - Processing /home/airflow/.local/lib/python3.7/site-packages/airflow/example_dags/tutorial.py took 0.083 seconds
[2024-01-05T05:03:27.744+0000] {processor.py:153} INFO - Started process (PID=4546) to work on /home/airflow/.local/lib/python3.7/site-packages/airflow/example_dags/tutorial.py
[2024-01-05T05:03:27.745+0000] {processor.py:743} INFO - Processing file /home/airflow/.local/lib/python3.7/site-packages/airflow/example_dags/tutorial.py for tasks to queue
[2024-01-05T05:03:27.747+0000] {logging_mixin.py:137} INFO - [2024-01-05T05:03:27.747+0000] {dagbag.py:538} INFO - Filling up the DagBag from /home/airflow/.local/lib/python3.7/site-packages/airflow/example_dags/tutorial.py
[2024-01-05T05:03:27.757+0000] {processor.py:753} INFO - DAG(s) dict_keys(['tutorial']) retrieved from /home/airflow/.local/lib/python3.7/site-packages/airflow/example_dags/tutorial.py
[2024-01-05T05:03:27.780+0000] {logging_mixin.py:137} INFO - [2024-01-05T05:03:27.780+0000] {dag.py:2690} INFO - Sync 1 DAGs
[2024-01-05T05:03:27.797+0000] {logging_mixin.py:137} INFO - [2024-01-05T05:03:27.797+0000] {dag.py:3441} INFO - Setting next_dagrun for tutorial to 2024-01-04T05:03:27.797613+00:00, run_after=2024-01-05T05:03:27.797613+00:00
[2024-01-05T05:03:27.810+0000] {processor.py:175} INFO - Processing /home/airflow/.local/lib/python3.7/site-packages/airflow/example_dags/tutorial.py took 0.069 seconds
[2024-01-05T06:28:03.417+0000] {processor.py:153} INFO - Started process (PID=4608) to work on /home/airflow/.local/lib/python3.7/site-packages/airflow/example_dags/tutorial.py
[2024-01-05T06:28:03.419+0000] {processor.py:743} INFO - Processing file /home/airflow/.local/lib/python3.7/site-packages/airflow/example_dags/tutorial.py for tasks to queue
[2024-01-05T06:28:03.420+0000] {logging_mixin.py:137} INFO - [2024-01-05T06:28:03.420+0000] {dagbag.py:538} INFO - Filling up the DagBag from /home/airflow/.local/lib/python3.7/site-packages/airflow/example_dags/tutorial.py
[2024-01-05T06:28:03.431+0000] {processor.py:753} INFO - DAG(s) dict_keys(['tutorial']) retrieved from /home/airflow/.local/lib/python3.7/site-packages/airflow/example_dags/tutorial.py
[2024-01-05T06:28:03.455+0000] {logging_mixin.py:137} INFO - [2024-01-05T06:28:03.451+0000] {dag.py:2690} INFO - Sync 1 DAGs
[2024-01-05T06:28:03.471+0000] {logging_mixin.py:137} INFO - [2024-01-05T06:28:03.471+0000] {dag.py:3441} INFO - Setting next_dagrun for tutorial to 2024-01-04T06:28:03.471331+00:00, run_after=2024-01-05T06:28:03.471331+00:00
[2024-01-05T06:28:03.482+0000] {processor.py:175} INFO - Processing /home/airflow/.local/lib/python3.7/site-packages/airflow/example_dags/tutorial.py took 0.068 seconds
[2024-01-05T07:47:06.137+0000] {processor.py:153} INFO - Started process (PID=4680) to work on /home/airflow/.local/lib/python3.7/site-packages/airflow/example_dags/tutorial.py
[2024-01-05T07:47:06.140+0000] {processor.py:743} INFO - Processing file /home/airflow/.local/lib/python3.7/site-packages/airflow/example_dags/tutorial.py for tasks to queue
[2024-01-05T07:47:06.147+0000] {logging_mixin.py:137} INFO - [2024-01-05T07:47:06.147+0000] {dagbag.py:538} INFO - Filling up the DagBag from /home/airflow/.local/lib/python3.7/site-packages/airflow/example_dags/tutorial.py
[2024-01-05T07:47:06.174+0000] {processor.py:753} INFO - DAG(s) dict_keys(['tutorial']) retrieved from /home/airflow/.local/lib/python3.7/site-packages/airflow/example_dags/tutorial.py
[2024-01-05T07:47:06.220+0000] {logging_mixin.py:137} INFO - [2024-01-05T07:47:06.220+0000] {dag.py:2690} INFO - Sync 1 DAGs
[2024-01-05T07:47:06.244+0000] {logging_mixin.py:137} INFO - [2024-01-05T07:47:06.244+0000] {dag.py:3441} INFO - Setting next_dagrun for tutorial to 2024-01-04T07:47:06.243573+00:00, run_after=2024-01-05T07:47:06.243573+00:00
[2024-01-05T07:47:06.259+0000] {processor.py:175} INFO - Processing /home/airflow/.local/lib/python3.7/site-packages/airflow/example_dags/tutorial.py took 0.128 seconds
[2024-01-05T09:24:48.054+0000] {processor.py:153} INFO - Started process (PID=4745) to work on /home/airflow/.local/lib/python3.7/site-packages/airflow/example_dags/tutorial.py
[2024-01-05T09:24:48.055+0000] {processor.py:743} INFO - Processing file /home/airflow/.local/lib/python3.7/site-packages/airflow/example_dags/tutorial.py for tasks to queue
[2024-01-05T09:24:48.057+0000] {logging_mixin.py:137} INFO - [2024-01-05T09:24:48.057+0000] {dagbag.py:538} INFO - Filling up the DagBag from /home/airflow/.local/lib/python3.7/site-packages/airflow/example_dags/tutorial.py
[2024-01-05T09:24:48.070+0000] {processor.py:753} INFO - DAG(s) dict_keys(['tutorial']) retrieved from /home/airflow/.local/lib/python3.7/site-packages/airflow/example_dags/tutorial.py
[2024-01-05T09:24:48.092+0000] {logging_mixin.py:137} INFO - [2024-01-05T09:24:48.091+0000] {dag.py:2690} INFO - Sync 1 DAGs
[2024-01-05T09:24:48.109+0000] {logging_mixin.py:137} INFO - [2024-01-05T09:24:48.109+0000] {dag.py:3441} INFO - Setting next_dagrun for tutorial to 2024-01-04T09:24:48.109331+00:00, run_after=2024-01-05T09:24:48.109331+00:00
[2024-01-05T09:24:48.140+0000] {processor.py:175} INFO - Processing /home/airflow/.local/lib/python3.7/site-packages/airflow/example_dags/tutorial.py took 0.089 seconds
[2024-01-05T10:32:48.354+0000] {processor.py:153} INFO - Started process (PID=4808) to work on /home/airflow/.local/lib/python3.7/site-packages/airflow/example_dags/tutorial.py
[2024-01-05T10:32:48.356+0000] {processor.py:743} INFO - Processing file /home/airflow/.local/lib/python3.7/site-packages/airflow/example_dags/tutorial.py for tasks to queue
[2024-01-05T10:32:48.357+0000] {logging_mixin.py:137} INFO - [2024-01-05T10:32:48.356+0000] {dagbag.py:538} INFO - Filling up the DagBag from /home/airflow/.local/lib/python3.7/site-packages/airflow/example_dags/tutorial.py
[2024-01-05T10:32:48.368+0000] {processor.py:753} INFO - DAG(s) dict_keys(['tutorial']) retrieved from /home/airflow/.local/lib/python3.7/site-packages/airflow/example_dags/tutorial.py
[2024-01-05T10:32:48.428+0000] {logging_mixin.py:137} INFO - [2024-01-05T10:32:48.427+0000] {dag.py:2690} INFO - Sync 1 DAGs
[2024-01-05T10:32:48.458+0000] {logging_mixin.py:137} INFO - [2024-01-05T10:32:48.458+0000] {dag.py:3441} INFO - Setting next_dagrun for tutorial to 2024-01-04T10:32:48.458090+00:00, run_after=2024-01-05T10:32:48.458090+00:00
[2024-01-05T10:32:48.472+0000] {processor.py:175} INFO - Processing /home/airflow/.local/lib/python3.7/site-packages/airflow/example_dags/tutorial.py took 0.123 seconds
[2024-01-05T11:33:47.393+0000] {processor.py:153} INFO - Started process (PID=4883) to work on /home/airflow/.local/lib/python3.7/site-packages/airflow/example_dags/tutorial.py
[2024-01-05T11:33:47.394+0000] {processor.py:743} INFO - Processing file /home/airflow/.local/lib/python3.7/site-packages/airflow/example_dags/tutorial.py for tasks to queue
[2024-01-05T11:33:47.395+0000] {logging_mixin.py:137} INFO - [2024-01-05T11:33:47.395+0000] {dagbag.py:538} INFO - Filling up the DagBag from /home/airflow/.local/lib/python3.7/site-packages/airflow/example_dags/tutorial.py
[2024-01-05T11:33:47.406+0000] {processor.py:753} INFO - DAG(s) dict_keys(['tutorial']) retrieved from /home/airflow/.local/lib/python3.7/site-packages/airflow/example_dags/tutorial.py
[2024-01-05T11:33:47.426+0000] {logging_mixin.py:137} INFO - [2024-01-05T11:33:47.426+0000] {dag.py:2690} INFO - Sync 1 DAGs
[2024-01-05T11:33:47.443+0000] {logging_mixin.py:137} INFO - [2024-01-05T11:33:47.443+0000] {dag.py:3441} INFO - Setting next_dagrun for tutorial to 2024-01-04T11:33:47.442922+00:00, run_after=2024-01-05T11:33:47.442922+00:00
[2024-01-05T11:33:47.454+0000] {processor.py:175} INFO - Processing /home/airflow/.local/lib/python3.7/site-packages/airflow/example_dags/tutorial.py took 0.064 seconds
[2024-01-05T12:52:19.103+0000] {processor.py:153} INFO - Started process (PID=4946) to work on /home/airflow/.local/lib/python3.7/site-packages/airflow/example_dags/tutorial.py
[2024-01-05T12:52:19.105+0000] {processor.py:743} INFO - Processing file /home/airflow/.local/lib/python3.7/site-packages/airflow/example_dags/tutorial.py for tasks to queue
[2024-01-05T12:52:19.109+0000] {logging_mixin.py:137} INFO - [2024-01-05T12:52:19.109+0000] {dagbag.py:538} INFO - Filling up the DagBag from /home/airflow/.local/lib/python3.7/site-packages/airflow/example_dags/tutorial.py
[2024-01-05T12:52:19.178+0000] {processor.py:753} INFO - DAG(s) dict_keys(['tutorial']) retrieved from /home/airflow/.local/lib/python3.7/site-packages/airflow/example_dags/tutorial.py
[2024-01-05T12:52:19.549+0000] {logging_mixin.py:137} INFO - [2024-01-05T12:52:19.549+0000] {dag.py:2690} INFO - Sync 1 DAGs
[2024-01-05T12:52:19.861+0000] {logging_mixin.py:137} INFO - [2024-01-05T12:52:19.860+0000] {dag.py:3441} INFO - Setting next_dagrun for tutorial to 2024-01-04T12:52:19.859776+00:00, run_after=2024-01-05T12:52:19.859776+00:00
[2024-01-05T12:52:19.926+0000] {processor.py:175} INFO - Processing /home/airflow/.local/lib/python3.7/site-packages/airflow/example_dags/tutorial.py took 0.829 seconds
[2024-01-05T14:01:06.662+0000] {processor.py:153} INFO - Started process (PID=5020) to work on /home/airflow/.local/lib/python3.7/site-packages/airflow/example_dags/tutorial.py
[2024-01-05T14:01:06.664+0000] {processor.py:743} INFO - Processing file /home/airflow/.local/lib/python3.7/site-packages/airflow/example_dags/tutorial.py for tasks to queue
[2024-01-05T14:01:06.665+0000] {logging_mixin.py:137} INFO - [2024-01-05T14:01:06.665+0000] {dagbag.py:538} INFO - Filling up the DagBag from /home/airflow/.local/lib/python3.7/site-packages/airflow/example_dags/tutorial.py
[2024-01-05T14:01:06.681+0000] {processor.py:753} INFO - DAG(s) dict_keys(['tutorial']) retrieved from /home/airflow/.local/lib/python3.7/site-packages/airflow/example_dags/tutorial.py
[2024-01-05T14:01:06.704+0000] {logging_mixin.py:137} INFO - [2024-01-05T14:01:06.704+0000] {dag.py:2690} INFO - Sync 1 DAGs
[2024-01-05T14:01:06.725+0000] {logging_mixin.py:137} INFO - [2024-01-05T14:01:06.725+0000] {dag.py:3441} INFO - Setting next_dagrun for tutorial to 2024-01-04T14:01:06.725055+00:00, run_after=2024-01-05T14:01:06.725055+00:00
[2024-01-05T14:01:06.747+0000] {processor.py:175} INFO - Processing /home/airflow/.local/lib/python3.7/site-packages/airflow/example_dags/tutorial.py took 0.090 seconds
[2024-01-05T14:01:36.996+0000] {processor.py:153} INFO - Started process (PID=5084) to work on /home/airflow/.local/lib/python3.7/site-packages/airflow/example_dags/tutorial.py
[2024-01-05T14:01:36.998+0000] {processor.py:743} INFO - Processing file /home/airflow/.local/lib/python3.7/site-packages/airflow/example_dags/tutorial.py for tasks to queue
[2024-01-05T14:01:36.999+0000] {logging_mixin.py:137} INFO - [2024-01-05T14:01:36.999+0000] {dagbag.py:538} INFO - Filling up the DagBag from /home/airflow/.local/lib/python3.7/site-packages/airflow/example_dags/tutorial.py
[2024-01-05T14:01:37.014+0000] {processor.py:753} INFO - DAG(s) dict_keys(['tutorial']) retrieved from /home/airflow/.local/lib/python3.7/site-packages/airflow/example_dags/tutorial.py
[2024-01-05T14:01:37.062+0000] {logging_mixin.py:137} INFO - [2024-01-05T14:01:37.062+0000] {dag.py:2690} INFO - Sync 1 DAGs
[2024-01-05T14:01:37.087+0000] {logging_mixin.py:137} INFO - [2024-01-05T14:01:37.087+0000] {dag.py:3441} INFO - Setting next_dagrun for tutorial to 2024-01-04T14:01:37.087167+00:00, run_after=2024-01-05T14:01:37.087167+00:00
[2024-01-05T14:01:37.107+0000] {processor.py:175} INFO - Processing /home/airflow/.local/lib/python3.7/site-packages/airflow/example_dags/tutorial.py took 0.119 seconds
[2024-01-05T14:02:08.355+0000] {processor.py:153} INFO - Started process (PID=5157) to work on /home/airflow/.local/lib/python3.7/site-packages/airflow/example_dags/tutorial.py
[2024-01-05T14:02:08.358+0000] {processor.py:743} INFO - Processing file /home/airflow/.local/lib/python3.7/site-packages/airflow/example_dags/tutorial.py for tasks to queue
[2024-01-05T14:02:08.364+0000] {logging_mixin.py:137} INFO - [2024-01-05T14:02:08.359+0000] {dagbag.py:538} INFO - Filling up the DagBag from /home/airflow/.local/lib/python3.7/site-packages/airflow/example_dags/tutorial.py
[2024-01-05T14:02:08.420+0000] {processor.py:753} INFO - DAG(s) dict_keys(['tutorial']) retrieved from /home/airflow/.local/lib/python3.7/site-packages/airflow/example_dags/tutorial.py
[2024-01-05T14:02:08.530+0000] {logging_mixin.py:137} INFO - [2024-01-05T14:02:08.530+0000] {dag.py:2690} INFO - Sync 1 DAGs
[2024-01-05T14:02:08.596+0000] {logging_mixin.py:137} INFO - [2024-01-05T14:02:08.596+0000] {dag.py:3441} INFO - Setting next_dagrun for tutorial to 2024-01-04T14:02:08.595670+00:00, run_after=2024-01-05T14:02:08.595670+00:00
[2024-01-05T14:02:08.633+0000] {processor.py:175} INFO - Processing /home/airflow/.local/lib/python3.7/site-packages/airflow/example_dags/tutorial.py took 0.281 seconds
[2024-01-05T14:02:39.518+0000] {processor.py:153} INFO - Started process (PID=5223) to work on /home/airflow/.local/lib/python3.7/site-packages/airflow/example_dags/tutorial.py
[2024-01-05T14:02:39.519+0000] {processor.py:743} INFO - Processing file /home/airflow/.local/lib/python3.7/site-packages/airflow/example_dags/tutorial.py for tasks to queue
[2024-01-05T14:02:39.521+0000] {logging_mixin.py:137} INFO - [2024-01-05T14:02:39.520+0000] {dagbag.py:538} INFO - Filling up the DagBag from /home/airflow/.local/lib/python3.7/site-packages/airflow/example_dags/tutorial.py
[2024-01-05T14:02:39.540+0000] {processor.py:753} INFO - DAG(s) dict_keys(['tutorial']) retrieved from /home/airflow/.local/lib/python3.7/site-packages/airflow/example_dags/tutorial.py
[2024-01-05T14:02:39.566+0000] {logging_mixin.py:137} INFO - [2024-01-05T14:02:39.566+0000] {dag.py:2690} INFO - Sync 1 DAGs
[2024-01-05T14:02:39.584+0000] {logging_mixin.py:137} INFO - [2024-01-05T14:02:39.584+0000] {dag.py:3441} INFO - Setting next_dagrun for tutorial to 2024-01-04T14:02:39.584082+00:00, run_after=2024-01-05T14:02:39.584082+00:00
[2024-01-05T14:02:39.597+0000] {processor.py:175} INFO - Processing /home/airflow/.local/lib/python3.7/site-packages/airflow/example_dags/tutorial.py took 0.085 seconds
[2024-01-05T14:03:10.298+0000] {processor.py:153} INFO - Started process (PID=5298) to work on /home/airflow/.local/lib/python3.7/site-packages/airflow/example_dags/tutorial.py
[2024-01-05T14:03:10.300+0000] {processor.py:743} INFO - Processing file /home/airflow/.local/lib/python3.7/site-packages/airflow/example_dags/tutorial.py for tasks to queue
[2024-01-05T14:03:10.302+0000] {logging_mixin.py:137} INFO - [2024-01-05T14:03:10.302+0000] {dagbag.py:538} INFO - Filling up the DagBag from /home/airflow/.local/lib/python3.7/site-packages/airflow/example_dags/tutorial.py
[2024-01-05T14:03:10.317+0000] {processor.py:753} INFO - DAG(s) dict_keys(['tutorial']) retrieved from /home/airflow/.local/lib/python3.7/site-packages/airflow/example_dags/tutorial.py
[2024-01-05T14:03:10.351+0000] {logging_mixin.py:137} INFO - [2024-01-05T14:03:10.351+0000] {dag.py:2690} INFO - Sync 1 DAGs
[2024-01-05T14:03:10.379+0000] {logging_mixin.py:137} INFO - [2024-01-05T14:03:10.379+0000] {dag.py:3441} INFO - Setting next_dagrun for tutorial to 2024-01-04T14:03:10.378964+00:00, run_after=2024-01-05T14:03:10.378964+00:00
[2024-01-05T14:03:10.397+0000] {processor.py:175} INFO - Processing /home/airflow/.local/lib/python3.7/site-packages/airflow/example_dags/tutorial.py took 0.103 seconds
[2024-01-05T14:03:41.329+0000] {processor.py:153} INFO - Started process (PID=5361) to work on /home/airflow/.local/lib/python3.7/site-packages/airflow/example_dags/tutorial.py
[2024-01-05T14:03:41.332+0000] {processor.py:743} INFO - Processing file /home/airflow/.local/lib/python3.7/site-packages/airflow/example_dags/tutorial.py for tasks to queue
[2024-01-05T14:03:41.333+0000] {logging_mixin.py:137} INFO - [2024-01-05T14:03:41.333+0000] {dagbag.py:538} INFO - Filling up the DagBag from /home/airflow/.local/lib/python3.7/site-packages/airflow/example_dags/tutorial.py
[2024-01-05T14:03:41.350+0000] {processor.py:753} INFO - DAG(s) dict_keys(['tutorial']) retrieved from /home/airflow/.local/lib/python3.7/site-packages/airflow/example_dags/tutorial.py
[2024-01-05T14:03:41.375+0000] {logging_mixin.py:137} INFO - [2024-01-05T14:03:41.375+0000] {dag.py:2690} INFO - Sync 1 DAGs
[2024-01-05T14:03:41.391+0000] {logging_mixin.py:137} INFO - [2024-01-05T14:03:41.391+0000] {dag.py:3441} INFO - Setting next_dagrun for tutorial to 2024-01-04T14:03:41.391556+00:00, run_after=2024-01-05T14:03:41.391556+00:00
[2024-01-05T14:03:41.403+0000] {processor.py:175} INFO - Processing /home/airflow/.local/lib/python3.7/site-packages/airflow/example_dags/tutorial.py took 0.080 seconds
[2024-01-05T14:04:11.601+0000] {processor.py:153} INFO - Started process (PID=5437) to work on /home/airflow/.local/lib/python3.7/site-packages/airflow/example_dags/tutorial.py
[2024-01-05T14:04:11.603+0000] {processor.py:743} INFO - Processing file /home/airflow/.local/lib/python3.7/site-packages/airflow/example_dags/tutorial.py for tasks to queue
[2024-01-05T14:04:11.605+0000] {logging_mixin.py:137} INFO - [2024-01-05T14:04:11.604+0000] {dagbag.py:538} INFO - Filling up the DagBag from /home/airflow/.local/lib/python3.7/site-packages/airflow/example_dags/tutorial.py
[2024-01-05T14:04:11.623+0000] {processor.py:753} INFO - DAG(s) dict_keys(['tutorial']) retrieved from /home/airflow/.local/lib/python3.7/site-packages/airflow/example_dags/tutorial.py
[2024-01-05T14:04:11.644+0000] {logging_mixin.py:137} INFO - [2024-01-05T14:04:11.644+0000] {dag.py:2690} INFO - Sync 1 DAGs
[2024-01-05T14:04:11.661+0000] {logging_mixin.py:137} INFO - [2024-01-05T14:04:11.661+0000] {dag.py:3441} INFO - Setting next_dagrun for tutorial to 2024-01-04T14:04:11.661174+00:00, run_after=2024-01-05T14:04:11.661174+00:00
[2024-01-05T14:04:11.674+0000] {processor.py:175} INFO - Processing /home/airflow/.local/lib/python3.7/site-packages/airflow/example_dags/tutorial.py took 0.077 seconds
[2024-01-05T14:04:42.608+0000] {processor.py:153} INFO - Started process (PID=5500) to work on /home/airflow/.local/lib/python3.7/site-packages/airflow/example_dags/tutorial.py
[2024-01-05T14:04:42.609+0000] {processor.py:743} INFO - Processing file /home/airflow/.local/lib/python3.7/site-packages/airflow/example_dags/tutorial.py for tasks to queue
[2024-01-05T14:04:42.610+0000] {logging_mixin.py:137} INFO - [2024-01-05T14:04:42.610+0000] {dagbag.py:538} INFO - Filling up the DagBag from /home/airflow/.local/lib/python3.7/site-packages/airflow/example_dags/tutorial.py
[2024-01-05T14:04:42.621+0000] {processor.py:753} INFO - DAG(s) dict_keys(['tutorial']) retrieved from /home/airflow/.local/lib/python3.7/site-packages/airflow/example_dags/tutorial.py
[2024-01-05T14:04:42.641+0000] {logging_mixin.py:137} INFO - [2024-01-05T14:04:42.641+0000] {dag.py:2690} INFO - Sync 1 DAGs
[2024-01-05T14:04:42.657+0000] {logging_mixin.py:137} INFO - [2024-01-05T14:04:42.657+0000] {dag.py:3441} INFO - Setting next_dagrun for tutorial to 2024-01-04T14:04:42.656823+00:00, run_after=2024-01-05T14:04:42.656823+00:00
[2024-01-05T14:04:42.668+0000] {processor.py:175} INFO - Processing /home/airflow/.local/lib/python3.7/site-packages/airflow/example_dags/tutorial.py took 0.064 seconds
[2024-01-05T14:05:13.338+0000] {processor.py:153} INFO - Started process (PID=5575) to work on /home/airflow/.local/lib/python3.7/site-packages/airflow/example_dags/tutorial.py
[2024-01-05T14:05:13.339+0000] {processor.py:743} INFO - Processing file /home/airflow/.local/lib/python3.7/site-packages/airflow/example_dags/tutorial.py for tasks to queue
[2024-01-05T14:05:13.340+0000] {logging_mixin.py:137} INFO - [2024-01-05T14:05:13.340+0000] {dagbag.py:538} INFO - Filling up the DagBag from /home/airflow/.local/lib/python3.7/site-packages/airflow/example_dags/tutorial.py
[2024-01-05T14:05:13.351+0000] {processor.py:753} INFO - DAG(s) dict_keys(['tutorial']) retrieved from /home/airflow/.local/lib/python3.7/site-packages/airflow/example_dags/tutorial.py
[2024-01-05T14:05:13.372+0000] {logging_mixin.py:137} INFO - [2024-01-05T14:05:13.372+0000] {dag.py:2690} INFO - Sync 1 DAGs
[2024-01-05T14:05:13.389+0000] {logging_mixin.py:137} INFO - [2024-01-05T14:05:13.389+0000] {dag.py:3441} INFO - Setting next_dagrun for tutorial to 2024-01-04T14:05:13.389124+00:00, run_after=2024-01-05T14:05:13.389124+00:00
[2024-01-05T14:05:13.400+0000] {processor.py:175} INFO - Processing /home/airflow/.local/lib/python3.7/site-packages/airflow/example_dags/tutorial.py took 0.065 seconds
[2024-01-05T14:05:43.850+0000] {processor.py:153} INFO - Started process (PID=5647) to work on /home/airflow/.local/lib/python3.7/site-packages/airflow/example_dags/tutorial.py
[2024-01-05T14:05:43.853+0000] {processor.py:743} INFO - Processing file /home/airflow/.local/lib/python3.7/site-packages/airflow/example_dags/tutorial.py for tasks to queue
[2024-01-05T14:05:43.855+0000] {logging_mixin.py:137} INFO - [2024-01-05T14:05:43.854+0000] {dagbag.py:538} INFO - Filling up the DagBag from /home/airflow/.local/lib/python3.7/site-packages/airflow/example_dags/tutorial.py
[2024-01-05T14:05:43.873+0000] {processor.py:753} INFO - DAG(s) dict_keys(['tutorial']) retrieved from /home/airflow/.local/lib/python3.7/site-packages/airflow/example_dags/tutorial.py
[2024-01-05T14:05:43.897+0000] {logging_mixin.py:137} INFO - [2024-01-05T14:05:43.897+0000] {dag.py:2690} INFO - Sync 1 DAGs
[2024-01-05T14:05:43.918+0000] {logging_mixin.py:137} INFO - [2024-01-05T14:05:43.918+0000] {dag.py:3441} INFO - Setting next_dagrun for tutorial to 2024-01-04T14:05:43.917844+00:00, run_after=2024-01-05T14:05:43.917844+00:00
[2024-01-05T14:05:43.955+0000] {processor.py:175} INFO - Processing /home/airflow/.local/lib/python3.7/site-packages/airflow/example_dags/tutorial.py took 0.109 seconds
[2024-01-05T14:06:14.653+0000] {processor.py:153} INFO - Started process (PID=5714) to work on /home/airflow/.local/lib/python3.7/site-packages/airflow/example_dags/tutorial.py
[2024-01-05T14:06:14.655+0000] {processor.py:743} INFO - Processing file /home/airflow/.local/lib/python3.7/site-packages/airflow/example_dags/tutorial.py for tasks to queue
[2024-01-05T14:06:14.655+0000] {logging_mixin.py:137} INFO - [2024-01-05T14:06:14.655+0000] {dagbag.py:538} INFO - Filling up the DagBag from /home/airflow/.local/lib/python3.7/site-packages/airflow/example_dags/tutorial.py
[2024-01-05T14:06:14.670+0000] {processor.py:753} INFO - DAG(s) dict_keys(['tutorial']) retrieved from /home/airflow/.local/lib/python3.7/site-packages/airflow/example_dags/tutorial.py
[2024-01-05T14:06:14.693+0000] {logging_mixin.py:137} INFO - [2024-01-05T14:06:14.693+0000] {dag.py:2690} INFO - Sync 1 DAGs
[2024-01-05T14:06:14.711+0000] {logging_mixin.py:137} INFO - [2024-01-05T14:06:14.711+0000] {dag.py:3441} INFO - Setting next_dagrun for tutorial to 2024-01-04T14:06:14.711170+00:00, run_after=2024-01-05T14:06:14.711170+00:00
[2024-01-05T14:06:14.723+0000] {processor.py:175} INFO - Processing /home/airflow/.local/lib/python3.7/site-packages/airflow/example_dags/tutorial.py took 0.075 seconds
[2024-01-05T14:06:45.271+0000] {processor.py:153} INFO - Started process (PID=5789) to work on /home/airflow/.local/lib/python3.7/site-packages/airflow/example_dags/tutorial.py
[2024-01-05T14:06:45.272+0000] {processor.py:743} INFO - Processing file /home/airflow/.local/lib/python3.7/site-packages/airflow/example_dags/tutorial.py for tasks to queue
[2024-01-05T14:06:45.273+0000] {logging_mixin.py:137} INFO - [2024-01-05T14:06:45.273+0000] {dagbag.py:538} INFO - Filling up the DagBag from /home/airflow/.local/lib/python3.7/site-packages/airflow/example_dags/tutorial.py
[2024-01-05T14:06:45.283+0000] {processor.py:753} INFO - DAG(s) dict_keys(['tutorial']) retrieved from /home/airflow/.local/lib/python3.7/site-packages/airflow/example_dags/tutorial.py
[2024-01-05T14:06:45.303+0000] {logging_mixin.py:137} INFO - [2024-01-05T14:06:45.302+0000] {dag.py:2690} INFO - Sync 1 DAGs
[2024-01-05T14:06:45.319+0000] {logging_mixin.py:137} INFO - [2024-01-05T14:06:45.319+0000] {dag.py:3441} INFO - Setting next_dagrun for tutorial to 2024-01-04T14:06:45.318843+00:00, run_after=2024-01-05T14:06:45.318843+00:00
[2024-01-05T14:06:45.330+0000] {processor.py:175} INFO - Processing /home/airflow/.local/lib/python3.7/site-packages/airflow/example_dags/tutorial.py took 0.062 seconds
[2024-01-05T14:07:16.076+0000] {processor.py:153} INFO - Started process (PID=5852) to work on /home/airflow/.local/lib/python3.7/site-packages/airflow/example_dags/tutorial.py
[2024-01-05T14:07:16.077+0000] {processor.py:743} INFO - Processing file /home/airflow/.local/lib/python3.7/site-packages/airflow/example_dags/tutorial.py for tasks to queue
[2024-01-05T14:07:16.078+0000] {logging_mixin.py:137} INFO - [2024-01-05T14:07:16.078+0000] {dagbag.py:538} INFO - Filling up the DagBag from /home/airflow/.local/lib/python3.7/site-packages/airflow/example_dags/tutorial.py
[2024-01-05T14:07:16.089+0000] {processor.py:753} INFO - DAG(s) dict_keys(['tutorial']) retrieved from /home/airflow/.local/lib/python3.7/site-packages/airflow/example_dags/tutorial.py
[2024-01-05T14:07:16.108+0000] {logging_mixin.py:137} INFO - [2024-01-05T14:07:16.108+0000] {dag.py:2690} INFO - Sync 1 DAGs
[2024-01-05T14:07:16.123+0000] {logging_mixin.py:137} INFO - [2024-01-05T14:07:16.123+0000] {dag.py:3441} INFO - Setting next_dagrun for tutorial to 2024-01-04T14:07:16.123307+00:00, run_after=2024-01-05T14:07:16.123307+00:00
[2024-01-05T14:07:16.134+0000] {processor.py:175} INFO - Processing /home/airflow/.local/lib/python3.7/site-packages/airflow/example_dags/tutorial.py took 0.060 seconds
[2024-01-05T14:07:46.737+0000] {processor.py:153} INFO - Started process (PID=5927) to work on /home/airflow/.local/lib/python3.7/site-packages/airflow/example_dags/tutorial.py
[2024-01-05T14:07:46.739+0000] {processor.py:743} INFO - Processing file /home/airflow/.local/lib/python3.7/site-packages/airflow/example_dags/tutorial.py for tasks to queue
[2024-01-05T14:07:46.741+0000] {logging_mixin.py:137} INFO - [2024-01-05T14:07:46.741+0000] {dagbag.py:538} INFO - Filling up the DagBag from /home/airflow/.local/lib/python3.7/site-packages/airflow/example_dags/tutorial.py
[2024-01-05T14:07:46.753+0000] {processor.py:753} INFO - DAG(s) dict_keys(['tutorial']) retrieved from /home/airflow/.local/lib/python3.7/site-packages/airflow/example_dags/tutorial.py
[2024-01-05T14:07:46.772+0000] {logging_mixin.py:137} INFO - [2024-01-05T14:07:46.772+0000] {dag.py:2690} INFO - Sync 1 DAGs
[2024-01-05T14:07:46.788+0000] {logging_mixin.py:137} INFO - [2024-01-05T14:07:46.787+0000] {dag.py:3441} INFO - Setting next_dagrun for tutorial to 2024-01-04T14:07:46.787773+00:00, run_after=2024-01-05T14:07:46.787773+00:00
[2024-01-05T14:07:46.800+0000] {processor.py:175} INFO - Processing /home/airflow/.local/lib/python3.7/site-packages/airflow/example_dags/tutorial.py took 0.067 seconds
[2024-01-05T14:08:17.507+0000] {processor.py:153} INFO - Started process (PID=5990) to work on /home/airflow/.local/lib/python3.7/site-packages/airflow/example_dags/tutorial.py
[2024-01-05T14:08:17.508+0000] {processor.py:743} INFO - Processing file /home/airflow/.local/lib/python3.7/site-packages/airflow/example_dags/tutorial.py for tasks to queue
[2024-01-05T14:08:17.509+0000] {logging_mixin.py:137} INFO - [2024-01-05T14:08:17.508+0000] {dagbag.py:538} INFO - Filling up the DagBag from /home/airflow/.local/lib/python3.7/site-packages/airflow/example_dags/tutorial.py
[2024-01-05T14:08:17.520+0000] {processor.py:753} INFO - DAG(s) dict_keys(['tutorial']) retrieved from /home/airflow/.local/lib/python3.7/site-packages/airflow/example_dags/tutorial.py
[2024-01-05T14:08:17.539+0000] {logging_mixin.py:137} INFO - [2024-01-05T14:08:17.539+0000] {dag.py:2690} INFO - Sync 1 DAGs
[2024-01-05T14:08:17.555+0000] {logging_mixin.py:137} INFO - [2024-01-05T14:08:17.555+0000] {dag.py:3441} INFO - Setting next_dagrun for tutorial to 2024-01-04T14:08:17.554884+00:00, run_after=2024-01-05T14:08:17.554884+00:00
[2024-01-05T14:08:17.567+0000] {processor.py:175} INFO - Processing /home/airflow/.local/lib/python3.7/site-packages/airflow/example_dags/tutorial.py took 0.063 seconds
[2024-01-05T14:08:47.708+0000] {processor.py:153} INFO - Started process (PID=6065) to work on /home/airflow/.local/lib/python3.7/site-packages/airflow/example_dags/tutorial.py
[2024-01-05T14:08:47.709+0000] {processor.py:743} INFO - Processing file /home/airflow/.local/lib/python3.7/site-packages/airflow/example_dags/tutorial.py for tasks to queue
[2024-01-05T14:08:47.710+0000] {logging_mixin.py:137} INFO - [2024-01-05T14:08:47.710+0000] {dagbag.py:538} INFO - Filling up the DagBag from /home/airflow/.local/lib/python3.7/site-packages/airflow/example_dags/tutorial.py
[2024-01-05T14:08:47.721+0000] {processor.py:753} INFO - DAG(s) dict_keys(['tutorial']) retrieved from /home/airflow/.local/lib/python3.7/site-packages/airflow/example_dags/tutorial.py
[2024-01-05T14:08:47.740+0000] {logging_mixin.py:137} INFO - [2024-01-05T14:08:47.740+0000] {dag.py:2690} INFO - Sync 1 DAGs
[2024-01-05T14:08:47.756+0000] {logging_mixin.py:137} INFO - [2024-01-05T14:08:47.756+0000] {dag.py:3441} INFO - Setting next_dagrun for tutorial to 2024-01-04T14:08:47.756155+00:00, run_after=2024-01-05T14:08:47.756155+00:00
[2024-01-05T14:08:47.772+0000] {processor.py:175} INFO - Processing /home/airflow/.local/lib/python3.7/site-packages/airflow/example_dags/tutorial.py took 0.067 seconds
[2024-01-05T14:09:18.087+0000] {processor.py:153} INFO - Started process (PID=6136) to work on /home/airflow/.local/lib/python3.7/site-packages/airflow/example_dags/tutorial.py
[2024-01-05T14:09:18.089+0000] {processor.py:743} INFO - Processing file /home/airflow/.local/lib/python3.7/site-packages/airflow/example_dags/tutorial.py for tasks to queue
[2024-01-05T14:09:18.090+0000] {logging_mixin.py:137} INFO - [2024-01-05T14:09:18.090+0000] {dagbag.py:538} INFO - Filling up the DagBag from /home/airflow/.local/lib/python3.7/site-packages/airflow/example_dags/tutorial.py
[2024-01-05T14:09:18.102+0000] {processor.py:753} INFO - DAG(s) dict_keys(['tutorial']) retrieved from /home/airflow/.local/lib/python3.7/site-packages/airflow/example_dags/tutorial.py
[2024-01-05T14:09:18.127+0000] {logging_mixin.py:137} INFO - [2024-01-05T14:09:18.127+0000] {dag.py:2690} INFO - Sync 1 DAGs
[2024-01-05T14:09:18.153+0000] {logging_mixin.py:137} INFO - [2024-01-05T14:09:18.153+0000] {dag.py:3441} INFO - Setting next_dagrun for tutorial to 2024-01-04T14:09:18.153329+00:00, run_after=2024-01-05T14:09:18.153329+00:00
[2024-01-05T14:09:18.183+0000] {processor.py:175} INFO - Processing /home/airflow/.local/lib/python3.7/site-packages/airflow/example_dags/tutorial.py took 0.099 seconds
[2024-01-05T14:09:48.528+0000] {processor.py:153} INFO - Started process (PID=6204) to work on /home/airflow/.local/lib/python3.7/site-packages/airflow/example_dags/tutorial.py
[2024-01-05T14:09:48.529+0000] {processor.py:743} INFO - Processing file /home/airflow/.local/lib/python3.7/site-packages/airflow/example_dags/tutorial.py for tasks to queue
[2024-01-05T14:09:48.530+0000] {logging_mixin.py:137} INFO - [2024-01-05T14:09:48.530+0000] {dagbag.py:538} INFO - Filling up the DagBag from /home/airflow/.local/lib/python3.7/site-packages/airflow/example_dags/tutorial.py
[2024-01-05T14:09:48.541+0000] {processor.py:753} INFO - DAG(s) dict_keys(['tutorial']) retrieved from /home/airflow/.local/lib/python3.7/site-packages/airflow/example_dags/tutorial.py
[2024-01-05T14:09:48.560+0000] {logging_mixin.py:137} INFO - [2024-01-05T14:09:48.560+0000] {dag.py:2690} INFO - Sync 1 DAGs
[2024-01-05T14:09:48.576+0000] {logging_mixin.py:137} INFO - [2024-01-05T14:09:48.575+0000] {dag.py:3441} INFO - Setting next_dagrun for tutorial to 2024-01-04T14:09:48.575756+00:00, run_after=2024-01-05T14:09:48.575756+00:00
[2024-01-05T14:09:48.586+0000] {processor.py:175} INFO - Processing /home/airflow/.local/lib/python3.7/site-packages/airflow/example_dags/tutorial.py took 0.061 seconds
[2024-01-05T14:10:18.796+0000] {processor.py:153} INFO - Started process (PID=6266) to work on /home/airflow/.local/lib/python3.7/site-packages/airflow/example_dags/tutorial.py
[2024-01-05T14:10:18.797+0000] {processor.py:743} INFO - Processing file /home/airflow/.local/lib/python3.7/site-packages/airflow/example_dags/tutorial.py for tasks to queue
[2024-01-05T14:10:18.798+0000] {logging_mixin.py:137} INFO - [2024-01-05T14:10:18.797+0000] {dagbag.py:538} INFO - Filling up the DagBag from /home/airflow/.local/lib/python3.7/site-packages/airflow/example_dags/tutorial.py
[2024-01-05T14:10:18.807+0000] {processor.py:753} INFO - DAG(s) dict_keys(['tutorial']) retrieved from /home/airflow/.local/lib/python3.7/site-packages/airflow/example_dags/tutorial.py
[2024-01-05T14:10:18.826+0000] {logging_mixin.py:137} INFO - [2024-01-05T14:10:18.826+0000] {dag.py:2690} INFO - Sync 1 DAGs
[2024-01-05T14:10:18.842+0000] {logging_mixin.py:137} INFO - [2024-01-05T14:10:18.842+0000] {dag.py:3441} INFO - Setting next_dagrun for tutorial to 2024-01-04T14:10:18.841324+00:00, run_after=2024-01-05T14:10:18.841324+00:00
[2024-01-05T14:10:18.853+0000] {processor.py:175} INFO - Processing /home/airflow/.local/lib/python3.7/site-packages/airflow/example_dags/tutorial.py took 0.060 seconds
[2024-01-05T14:10:49.363+0000] {processor.py:153} INFO - Started process (PID=6339) to work on /home/airflow/.local/lib/python3.7/site-packages/airflow/example_dags/tutorial.py
[2024-01-05T14:10:49.365+0000] {processor.py:743} INFO - Processing file /home/airflow/.local/lib/python3.7/site-packages/airflow/example_dags/tutorial.py for tasks to queue
[2024-01-05T14:10:49.365+0000] {logging_mixin.py:137} INFO - [2024-01-05T14:10:49.365+0000] {dagbag.py:538} INFO - Filling up the DagBag from /home/airflow/.local/lib/python3.7/site-packages/airflow/example_dags/tutorial.py
[2024-01-05T14:10:49.376+0000] {processor.py:753} INFO - DAG(s) dict_keys(['tutorial']) retrieved from /home/airflow/.local/lib/python3.7/site-packages/airflow/example_dags/tutorial.py
[2024-01-05T14:10:49.396+0000] {logging_mixin.py:137} INFO - [2024-01-05T14:10:49.396+0000] {dag.py:2690} INFO - Sync 1 DAGs
[2024-01-05T14:10:49.414+0000] {logging_mixin.py:137} INFO - [2024-01-05T14:10:49.414+0000] {dag.py:3441} INFO - Setting next_dagrun for tutorial to 2024-01-04T14:10:49.414382+00:00, run_after=2024-01-05T14:10:49.414382+00:00
[2024-01-05T14:10:49.426+0000] {processor.py:175} INFO - Processing /home/airflow/.local/lib/python3.7/site-packages/airflow/example_dags/tutorial.py took 0.066 seconds
[2024-01-05T14:11:20.967+0000] {processor.py:153} INFO - Started process (PID=6411) to work on /home/airflow/.local/lib/python3.7/site-packages/airflow/example_dags/tutorial.py
[2024-01-05T14:11:20.971+0000] {processor.py:743} INFO - Processing file /home/airflow/.local/lib/python3.7/site-packages/airflow/example_dags/tutorial.py for tasks to queue
[2024-01-05T14:11:20.972+0000] {logging_mixin.py:137} INFO - [2024-01-05T14:11:20.972+0000] {dagbag.py:538} INFO - Filling up the DagBag from /home/airflow/.local/lib/python3.7/site-packages/airflow/example_dags/tutorial.py
[2024-01-05T14:11:21.249+0000] {processor.py:753} INFO - DAG(s) dict_keys(['tutorial']) retrieved from /home/airflow/.local/lib/python3.7/site-packages/airflow/example_dags/tutorial.py
[2024-01-05T14:11:21.530+0000] {logging_mixin.py:137} INFO - [2024-01-05T14:11:21.530+0000] {dag.py:2690} INFO - Sync 1 DAGs
[2024-01-05T14:11:21.650+0000] {logging_mixin.py:137} INFO - [2024-01-05T14:11:21.650+0000] {dag.py:3441} INFO - Setting next_dagrun for tutorial to 2024-01-04T14:11:21.648946+00:00, run_after=2024-01-05T14:11:21.648946+00:00
[2024-01-05T14:11:21.703+0000] {processor.py:175} INFO - Processing /home/airflow/.local/lib/python3.7/site-packages/airflow/example_dags/tutorial.py took 0.741 seconds
[2024-01-05T14:11:52.636+0000] {processor.py:153} INFO - Started process (PID=6476) to work on /home/airflow/.local/lib/python3.7/site-packages/airflow/example_dags/tutorial.py
[2024-01-05T14:11:52.638+0000] {processor.py:743} INFO - Processing file /home/airflow/.local/lib/python3.7/site-packages/airflow/example_dags/tutorial.py for tasks to queue
[2024-01-05T14:11:52.640+0000] {logging_mixin.py:137} INFO - [2024-01-05T14:11:52.640+0000] {dagbag.py:538} INFO - Filling up the DagBag from /home/airflow/.local/lib/python3.7/site-packages/airflow/example_dags/tutorial.py
[2024-01-05T14:11:52.665+0000] {processor.py:753} INFO - DAG(s) dict_keys(['tutorial']) retrieved from /home/airflow/.local/lib/python3.7/site-packages/airflow/example_dags/tutorial.py
[2024-01-05T14:11:52.701+0000] {logging_mixin.py:137} INFO - [2024-01-05T14:11:52.700+0000] {dag.py:2690} INFO - Sync 1 DAGs
[2024-01-05T14:11:52.719+0000] {logging_mixin.py:137} INFO - [2024-01-05T14:11:52.719+0000] {dag.py:3441} INFO - Setting next_dagrun for tutorial to 2024-01-04T14:11:52.718789+00:00, run_after=2024-01-05T14:11:52.718789+00:00
[2024-01-05T14:11:52.732+0000] {processor.py:175} INFO - Processing /home/airflow/.local/lib/python3.7/site-packages/airflow/example_dags/tutorial.py took 0.103 seconds
[2024-01-05T14:12:23.665+0000] {processor.py:153} INFO - Started process (PID=6552) to work on /home/airflow/.local/lib/python3.7/site-packages/airflow/example_dags/tutorial.py
[2024-01-05T14:12:23.668+0000] {processor.py:743} INFO - Processing file /home/airflow/.local/lib/python3.7/site-packages/airflow/example_dags/tutorial.py for tasks to queue
[2024-01-05T14:12:23.670+0000] {logging_mixin.py:137} INFO - [2024-01-05T14:12:23.670+0000] {dagbag.py:538} INFO - Filling up the DagBag from /home/airflow/.local/lib/python3.7/site-packages/airflow/example_dags/tutorial.py
[2024-01-05T14:12:23.689+0000] {processor.py:753} INFO - DAG(s) dict_keys(['tutorial']) retrieved from /home/airflow/.local/lib/python3.7/site-packages/airflow/example_dags/tutorial.py
[2024-01-05T14:12:23.713+0000] {logging_mixin.py:137} INFO - [2024-01-05T14:12:23.713+0000] {dag.py:2690} INFO - Sync 1 DAGs
[2024-01-05T14:12:23.735+0000] {logging_mixin.py:137} INFO - [2024-01-05T14:12:23.734+0000] {dag.py:3441} INFO - Setting next_dagrun for tutorial to 2024-01-04T14:12:23.734658+00:00, run_after=2024-01-05T14:12:23.734658+00:00
[2024-01-05T14:12:23.749+0000] {processor.py:175} INFO - Processing /home/airflow/.local/lib/python3.7/site-packages/airflow/example_dags/tutorial.py took 0.091 seconds
[2024-01-05T14:12:54.201+0000] {processor.py:153} INFO - Started process (PID=6615) to work on /home/airflow/.local/lib/python3.7/site-packages/airflow/example_dags/tutorial.py
[2024-01-05T14:12:54.203+0000] {processor.py:743} INFO - Processing file /home/airflow/.local/lib/python3.7/site-packages/airflow/example_dags/tutorial.py for tasks to queue
[2024-01-05T14:12:54.204+0000] {logging_mixin.py:137} INFO - [2024-01-05T14:12:54.204+0000] {dagbag.py:538} INFO - Filling up the DagBag from /home/airflow/.local/lib/python3.7/site-packages/airflow/example_dags/tutorial.py
[2024-01-05T14:12:54.222+0000] {processor.py:753} INFO - DAG(s) dict_keys(['tutorial']) retrieved from /home/airflow/.local/lib/python3.7/site-packages/airflow/example_dags/tutorial.py
[2024-01-05T14:12:54.256+0000] {logging_mixin.py:137} INFO - [2024-01-05T14:12:54.255+0000] {dag.py:2690} INFO - Sync 1 DAGs
[2024-01-05T14:12:54.275+0000] {logging_mixin.py:137} INFO - [2024-01-05T14:12:54.275+0000] {dag.py:3441} INFO - Setting next_dagrun for tutorial to 2024-01-04T14:12:54.275247+00:00, run_after=2024-01-05T14:12:54.275247+00:00
[2024-01-05T14:12:54.287+0000] {processor.py:175} INFO - Processing /home/airflow/.local/lib/python3.7/site-packages/airflow/example_dags/tutorial.py took 0.094 seconds
[2024-01-05T14:13:24.953+0000] {processor.py:153} INFO - Started process (PID=6689) to work on /home/airflow/.local/lib/python3.7/site-packages/airflow/example_dags/tutorial.py
[2024-01-05T14:13:24.956+0000] {processor.py:743} INFO - Processing file /home/airflow/.local/lib/python3.7/site-packages/airflow/example_dags/tutorial.py for tasks to queue
[2024-01-05T14:13:24.958+0000] {logging_mixin.py:137} INFO - [2024-01-05T14:13:24.957+0000] {dagbag.py:538} INFO - Filling up the DagBag from /home/airflow/.local/lib/python3.7/site-packages/airflow/example_dags/tutorial.py
[2024-01-05T14:13:24.980+0000] {processor.py:753} INFO - DAG(s) dict_keys(['tutorial']) retrieved from /home/airflow/.local/lib/python3.7/site-packages/airflow/example_dags/tutorial.py
[2024-01-05T14:13:25.005+0000] {logging_mixin.py:137} INFO - [2024-01-05T14:13:25.005+0000] {dag.py:2690} INFO - Sync 1 DAGs
[2024-01-05T14:13:25.031+0000] {logging_mixin.py:137} INFO - [2024-01-05T14:13:25.031+0000] {dag.py:3441} INFO - Setting next_dagrun for tutorial to 2024-01-04T14:13:25.030710+00:00, run_after=2024-01-05T14:13:25.030710+00:00
[2024-01-05T14:13:25.048+0000] {processor.py:175} INFO - Processing /home/airflow/.local/lib/python3.7/site-packages/airflow/example_dags/tutorial.py took 0.102 seconds
[2024-01-05T14:13:55.703+0000] {processor.py:153} INFO - Started process (PID=6762) to work on /home/airflow/.local/lib/python3.7/site-packages/airflow/example_dags/tutorial.py
[2024-01-05T14:13:55.705+0000] {processor.py:743} INFO - Processing file /home/airflow/.local/lib/python3.7/site-packages/airflow/example_dags/tutorial.py for tasks to queue
[2024-01-05T14:13:55.708+0000] {logging_mixin.py:137} INFO - [2024-01-05T14:13:55.708+0000] {dagbag.py:538} INFO - Filling up the DagBag from /home/airflow/.local/lib/python3.7/site-packages/airflow/example_dags/tutorial.py
[2024-01-05T14:13:55.748+0000] {processor.py:753} INFO - DAG(s) dict_keys(['tutorial']) retrieved from /home/airflow/.local/lib/python3.7/site-packages/airflow/example_dags/tutorial.py
[2024-01-05T14:13:55.887+0000] {logging_mixin.py:137} INFO - [2024-01-05T14:13:55.886+0000] {dag.py:2690} INFO - Sync 1 DAGs
[2024-01-05T14:13:55.953+0000] {logging_mixin.py:137} INFO - [2024-01-05T14:13:55.953+0000] {dag.py:3441} INFO - Setting next_dagrun for tutorial to 2024-01-04T14:13:55.953129+00:00, run_after=2024-01-05T14:13:55.953129+00:00
[2024-01-05T14:13:55.995+0000] {processor.py:175} INFO - Processing /home/airflow/.local/lib/python3.7/site-packages/airflow/example_dags/tutorial.py took 0.299 seconds
[2024-01-05T14:14:26.947+0000] {processor.py:153} INFO - Started process (PID=6828) to work on /home/airflow/.local/lib/python3.7/site-packages/airflow/example_dags/tutorial.py
[2024-01-05T14:14:26.950+0000] {processor.py:743} INFO - Processing file /home/airflow/.local/lib/python3.7/site-packages/airflow/example_dags/tutorial.py for tasks to queue
[2024-01-05T14:14:26.952+0000] {logging_mixin.py:137} INFO - [2024-01-05T14:14:26.952+0000] {dagbag.py:538} INFO - Filling up the DagBag from /home/airflow/.local/lib/python3.7/site-packages/airflow/example_dags/tutorial.py
[2024-01-05T14:14:26.975+0000] {processor.py:753} INFO - DAG(s) dict_keys(['tutorial']) retrieved from /home/airflow/.local/lib/python3.7/site-packages/airflow/example_dags/tutorial.py
[2024-01-05T14:14:27.007+0000] {logging_mixin.py:137} INFO - [2024-01-05T14:14:27.007+0000] {dag.py:2690} INFO - Sync 1 DAGs
[2024-01-05T14:14:27.039+0000] {logging_mixin.py:137} INFO - [2024-01-05T14:14:27.039+0000] {dag.py:3441} INFO - Setting next_dagrun for tutorial to 2024-01-04T14:14:27.038888+00:00, run_after=2024-01-05T14:14:27.038888+00:00
[2024-01-05T14:14:27.052+0000] {processor.py:175} INFO - Processing /home/airflow/.local/lib/python3.7/site-packages/airflow/example_dags/tutorial.py took 0.112 seconds
[2024-01-05T14:14:57.896+0000] {processor.py:153} INFO - Started process (PID=6903) to work on /home/airflow/.local/lib/python3.7/site-packages/airflow/example_dags/tutorial.py
[2024-01-05T14:14:57.903+0000] {processor.py:743} INFO - Processing file /home/airflow/.local/lib/python3.7/site-packages/airflow/example_dags/tutorial.py for tasks to queue
[2024-01-05T14:14:57.906+0000] {logging_mixin.py:137} INFO - [2024-01-05T14:14:57.905+0000] {dagbag.py:538} INFO - Filling up the DagBag from /home/airflow/.local/lib/python3.7/site-packages/airflow/example_dags/tutorial.py
[2024-01-05T14:14:57.935+0000] {processor.py:753} INFO - DAG(s) dict_keys(['tutorial']) retrieved from /home/airflow/.local/lib/python3.7/site-packages/airflow/example_dags/tutorial.py
[2024-01-05T14:14:57.985+0000] {logging_mixin.py:137} INFO - [2024-01-05T14:14:57.985+0000] {dag.py:2690} INFO - Sync 1 DAGs
[2024-01-05T14:14:58.023+0000] {logging_mixin.py:137} INFO - [2024-01-05T14:14:58.023+0000] {dag.py:3441} INFO - Setting next_dagrun for tutorial to 2024-01-04T14:14:58.022832+00:00, run_after=2024-01-05T14:14:58.022832+00:00
[2024-01-05T14:14:58.045+0000] {processor.py:175} INFO - Processing /home/airflow/.local/lib/python3.7/site-packages/airflow/example_dags/tutorial.py took 0.184 seconds
[2024-01-05T14:15:28.882+0000] {processor.py:153} INFO - Started process (PID=6966) to work on /home/airflow/.local/lib/python3.7/site-packages/airflow/example_dags/tutorial.py
[2024-01-05T14:15:28.885+0000] {processor.py:743} INFO - Processing file /home/airflow/.local/lib/python3.7/site-packages/airflow/example_dags/tutorial.py for tasks to queue
[2024-01-05T14:15:28.887+0000] {logging_mixin.py:137} INFO - [2024-01-05T14:15:28.887+0000] {dagbag.py:538} INFO - Filling up the DagBag from /home/airflow/.local/lib/python3.7/site-packages/airflow/example_dags/tutorial.py
[2024-01-05T14:15:28.914+0000] {processor.py:753} INFO - DAG(s) dict_keys(['tutorial']) retrieved from /home/airflow/.local/lib/python3.7/site-packages/airflow/example_dags/tutorial.py
[2024-01-05T14:15:28.949+0000] {logging_mixin.py:137} INFO - [2024-01-05T14:15:28.949+0000] {dag.py:2690} INFO - Sync 1 DAGs
[2024-01-05T14:15:28.973+0000] {logging_mixin.py:137} INFO - [2024-01-05T14:15:28.972+0000] {dag.py:3441} INFO - Setting next_dagrun for tutorial to 2024-01-04T14:15:28.972622+00:00, run_after=2024-01-05T14:15:28.972622+00:00
[2024-01-05T14:15:28.991+0000] {processor.py:175} INFO - Processing /home/airflow/.local/lib/python3.7/site-packages/airflow/example_dags/tutorial.py took 0.118 seconds
[2024-01-05T14:15:59.252+0000] {processor.py:153} INFO - Started process (PID=7041) to work on /home/airflow/.local/lib/python3.7/site-packages/airflow/example_dags/tutorial.py
[2024-01-05T14:15:59.254+0000] {processor.py:743} INFO - Processing file /home/airflow/.local/lib/python3.7/site-packages/airflow/example_dags/tutorial.py for tasks to queue
[2024-01-05T14:15:59.256+0000] {logging_mixin.py:137} INFO - [2024-01-05T14:15:59.256+0000] {dagbag.py:538} INFO - Filling up the DagBag from /home/airflow/.local/lib/python3.7/site-packages/airflow/example_dags/tutorial.py
[2024-01-05T14:15:59.278+0000] {processor.py:753} INFO - DAG(s) dict_keys(['tutorial']) retrieved from /home/airflow/.local/lib/python3.7/site-packages/airflow/example_dags/tutorial.py
[2024-01-05T14:15:59.318+0000] {logging_mixin.py:137} INFO - [2024-01-05T14:15:59.318+0000] {dag.py:2690} INFO - Sync 1 DAGs
[2024-01-05T14:15:59.341+0000] {logging_mixin.py:137} INFO - [2024-01-05T14:15:59.341+0000] {dag.py:3441} INFO - Setting next_dagrun for tutorial to 2024-01-04T14:15:59.341331+00:00, run_after=2024-01-05T14:15:59.341331+00:00
[2024-01-05T14:15:59.356+0000] {processor.py:175} INFO - Processing /home/airflow/.local/lib/python3.7/site-packages/airflow/example_dags/tutorial.py took 0.110 seconds
[2024-01-05T14:16:30.130+0000] {processor.py:153} INFO - Started process (PID=7104) to work on /home/airflow/.local/lib/python3.7/site-packages/airflow/example_dags/tutorial.py
[2024-01-05T14:16:30.133+0000] {processor.py:743} INFO - Processing file /home/airflow/.local/lib/python3.7/site-packages/airflow/example_dags/tutorial.py for tasks to queue
[2024-01-05T14:16:30.135+0000] {logging_mixin.py:137} INFO - [2024-01-05T14:16:30.134+0000] {dagbag.py:538} INFO - Filling up the DagBag from /home/airflow/.local/lib/python3.7/site-packages/airflow/example_dags/tutorial.py
[2024-01-05T14:16:30.166+0000] {processor.py:753} INFO - DAG(s) dict_keys(['tutorial']) retrieved from /home/airflow/.local/lib/python3.7/site-packages/airflow/example_dags/tutorial.py
[2024-01-05T14:16:30.231+0000] {logging_mixin.py:137} INFO - [2024-01-05T14:16:30.231+0000] {dag.py:2690} INFO - Sync 1 DAGs
[2024-01-05T14:16:30.272+0000] {logging_mixin.py:137} INFO - [2024-01-05T14:16:30.271+0000] {dag.py:3441} INFO - Setting next_dagrun for tutorial to 2024-01-04T14:16:30.271423+00:00, run_after=2024-01-05T14:16:30.271423+00:00
[2024-01-05T14:16:30.290+0000] {processor.py:175} INFO - Processing /home/airflow/.local/lib/python3.7/site-packages/airflow/example_dags/tutorial.py took 0.177 seconds
[2024-01-05T14:17:00.513+0000] {processor.py:153} INFO - Started process (PID=7179) to work on /home/airflow/.local/lib/python3.7/site-packages/airflow/example_dags/tutorial.py
[2024-01-05T14:17:00.518+0000] {processor.py:743} INFO - Processing file /home/airflow/.local/lib/python3.7/site-packages/airflow/example_dags/tutorial.py for tasks to queue
[2024-01-05T14:17:00.526+0000] {logging_mixin.py:137} INFO - [2024-01-05T14:17:00.526+0000] {dagbag.py:538} INFO - Filling up the DagBag from /home/airflow/.local/lib/python3.7/site-packages/airflow/example_dags/tutorial.py
[2024-01-05T14:17:00.573+0000] {processor.py:753} INFO - DAG(s) dict_keys(['tutorial']) retrieved from /home/airflow/.local/lib/python3.7/site-packages/airflow/example_dags/tutorial.py
[2024-01-05T14:17:00.607+0000] {logging_mixin.py:137} INFO - [2024-01-05T14:17:00.607+0000] {dag.py:2690} INFO - Sync 1 DAGs
[2024-01-05T14:17:00.652+0000] {logging_mixin.py:137} INFO - [2024-01-05T14:17:00.652+0000] {dag.py:3441} INFO - Setting next_dagrun for tutorial to 2024-01-04T14:17:00.651664+00:00, run_after=2024-01-05T14:17:00.651664+00:00
[2024-01-05T14:17:00.668+0000] {processor.py:175} INFO - Processing /home/airflow/.local/lib/python3.7/site-packages/airflow/example_dags/tutorial.py took 0.175 seconds
[2024-01-05T14:17:31.636+0000] {processor.py:153} INFO - Started process (PID=7242) to work on /home/airflow/.local/lib/python3.7/site-packages/airflow/example_dags/tutorial.py
[2024-01-05T14:17:31.640+0000] {processor.py:743} INFO - Processing file /home/airflow/.local/lib/python3.7/site-packages/airflow/example_dags/tutorial.py for tasks to queue
[2024-01-05T14:17:31.642+0000] {logging_mixin.py:137} INFO - [2024-01-05T14:17:31.642+0000] {dagbag.py:538} INFO - Filling up the DagBag from /home/airflow/.local/lib/python3.7/site-packages/airflow/example_dags/tutorial.py
[2024-01-05T14:17:31.694+0000] {processor.py:753} INFO - DAG(s) dict_keys(['tutorial']) retrieved from /home/airflow/.local/lib/python3.7/site-packages/airflow/example_dags/tutorial.py
[2024-01-05T14:17:31.752+0000] {logging_mixin.py:137} INFO - [2024-01-05T14:17:31.752+0000] {dag.py:2690} INFO - Sync 1 DAGs
[2024-01-05T14:17:31.781+0000] {logging_mixin.py:137} INFO - [2024-01-05T14:17:31.781+0000] {dag.py:3441} INFO - Setting next_dagrun for tutorial to 2024-01-04T14:17:31.781028+00:00, run_after=2024-01-05T14:17:31.781028+00:00
[2024-01-05T14:17:31.799+0000] {processor.py:175} INFO - Processing /home/airflow/.local/lib/python3.7/site-packages/airflow/example_dags/tutorial.py took 0.173 seconds
[2024-01-05T14:18:02.007+0000] {processor.py:153} INFO - Started process (PID=7317) to work on /home/airflow/.local/lib/python3.7/site-packages/airflow/example_dags/tutorial.py
[2024-01-05T14:18:02.009+0000] {processor.py:743} INFO - Processing file /home/airflow/.local/lib/python3.7/site-packages/airflow/example_dags/tutorial.py for tasks to queue
[2024-01-05T14:18:02.011+0000] {logging_mixin.py:137} INFO - [2024-01-05T14:18:02.011+0000] {dagbag.py:538} INFO - Filling up the DagBag from /home/airflow/.local/lib/python3.7/site-packages/airflow/example_dags/tutorial.py
[2024-01-05T14:18:02.040+0000] {processor.py:753} INFO - DAG(s) dict_keys(['tutorial']) retrieved from /home/airflow/.local/lib/python3.7/site-packages/airflow/example_dags/tutorial.py
[2024-01-05T14:18:02.097+0000] {logging_mixin.py:137} INFO - [2024-01-05T14:18:02.096+0000] {dag.py:2690} INFO - Sync 1 DAGs
[2024-01-05T14:18:02.124+0000] {logging_mixin.py:137} INFO - [2024-01-05T14:18:02.124+0000] {dag.py:3441} INFO - Setting next_dagrun for tutorial to 2024-01-04T14:18:02.123785+00:00, run_after=2024-01-05T14:18:02.123785+00:00
[2024-01-05T14:18:02.141+0000] {processor.py:175} INFO - Processing /home/airflow/.local/lib/python3.7/site-packages/airflow/example_dags/tutorial.py took 0.147 seconds
[2024-01-05T14:18:33.090+0000] {processor.py:153} INFO - Started process (PID=7379) to work on /home/airflow/.local/lib/python3.7/site-packages/airflow/example_dags/tutorial.py
[2024-01-05T14:18:33.097+0000] {processor.py:743} INFO - Processing file /home/airflow/.local/lib/python3.7/site-packages/airflow/example_dags/tutorial.py for tasks to queue
[2024-01-05T14:18:33.103+0000] {logging_mixin.py:137} INFO - [2024-01-05T14:18:33.103+0000] {dagbag.py:538} INFO - Filling up the DagBag from /home/airflow/.local/lib/python3.7/site-packages/airflow/example_dags/tutorial.py
[2024-01-05T14:18:33.124+0000] {processor.py:753} INFO - DAG(s) dict_keys(['tutorial']) retrieved from /home/airflow/.local/lib/python3.7/site-packages/airflow/example_dags/tutorial.py
[2024-01-05T14:18:33.152+0000] {logging_mixin.py:137} INFO - [2024-01-05T14:18:33.152+0000] {dag.py:2690} INFO - Sync 1 DAGs
[2024-01-05T14:18:33.173+0000] {logging_mixin.py:137} INFO - [2024-01-05T14:18:33.173+0000] {dag.py:3441} INFO - Setting next_dagrun for tutorial to 2024-01-04T14:18:33.173366+00:00, run_after=2024-01-05T14:18:33.173366+00:00
[2024-01-05T14:18:33.192+0000] {processor.py:175} INFO - Processing /home/airflow/.local/lib/python3.7/site-packages/airflow/example_dags/tutorial.py took 0.113 seconds
[2024-01-05T14:19:03.590+0000] {processor.py:153} INFO - Started process (PID=7454) to work on /home/airflow/.local/lib/python3.7/site-packages/airflow/example_dags/tutorial.py
[2024-01-05T14:19:03.594+0000] {processor.py:743} INFO - Processing file /home/airflow/.local/lib/python3.7/site-packages/airflow/example_dags/tutorial.py for tasks to queue
[2024-01-05T14:19:03.595+0000] {logging_mixin.py:137} INFO - [2024-01-05T14:19:03.595+0000] {dagbag.py:538} INFO - Filling up the DagBag from /home/airflow/.local/lib/python3.7/site-packages/airflow/example_dags/tutorial.py
[2024-01-05T14:19:03.624+0000] {processor.py:753} INFO - DAG(s) dict_keys(['tutorial']) retrieved from /home/airflow/.local/lib/python3.7/site-packages/airflow/example_dags/tutorial.py
[2024-01-05T14:19:03.685+0000] {logging_mixin.py:137} INFO - [2024-01-05T14:19:03.685+0000] {dag.py:2690} INFO - Sync 1 DAGs
[2024-01-05T14:19:03.729+0000] {logging_mixin.py:137} INFO - [2024-01-05T14:19:03.729+0000] {dag.py:3441} INFO - Setting next_dagrun for tutorial to 2024-01-04T14:19:03.729186+00:00, run_after=2024-01-05T14:19:03.729186+00:00
[2024-01-05T14:19:03.745+0000] {processor.py:175} INFO - Processing /home/airflow/.local/lib/python3.7/site-packages/airflow/example_dags/tutorial.py took 0.162 seconds
[2024-01-05T14:19:33.798+0000] {processor.py:153} INFO - Started process (PID=7529) to work on /home/airflow/.local/lib/python3.7/site-packages/airflow/example_dags/tutorial.py
[2024-01-05T14:19:33.800+0000] {processor.py:743} INFO - Processing file /home/airflow/.local/lib/python3.7/site-packages/airflow/example_dags/tutorial.py for tasks to queue
[2024-01-05T14:19:33.802+0000] {logging_mixin.py:137} INFO - [2024-01-05T14:19:33.802+0000] {dagbag.py:538} INFO - Filling up the DagBag from /home/airflow/.local/lib/python3.7/site-packages/airflow/example_dags/tutorial.py
[2024-01-05T14:19:33.826+0000] {processor.py:753} INFO - DAG(s) dict_keys(['tutorial']) retrieved from /home/airflow/.local/lib/python3.7/site-packages/airflow/example_dags/tutorial.py
[2024-01-05T14:19:33.900+0000] {logging_mixin.py:137} INFO - [2024-01-05T14:19:33.900+0000] {dag.py:2690} INFO - Sync 1 DAGs
[2024-01-05T14:19:33.953+0000] {logging_mixin.py:137} INFO - [2024-01-05T14:19:33.953+0000] {dag.py:3441} INFO - Setting next_dagrun for tutorial to 2024-01-04T14:19:33.952317+00:00, run_after=2024-01-05T14:19:33.952317+00:00
[2024-01-05T14:19:33.975+0000] {processor.py:175} INFO - Processing /home/airflow/.local/lib/python3.7/site-packages/airflow/example_dags/tutorial.py took 0.184 seconds
[2024-01-05T14:20:04.936+0000] {processor.py:153} INFO - Started process (PID=7591) to work on /home/airflow/.local/lib/python3.7/site-packages/airflow/example_dags/tutorial.py
[2024-01-05T14:20:04.938+0000] {processor.py:743} INFO - Processing file /home/airflow/.local/lib/python3.7/site-packages/airflow/example_dags/tutorial.py for tasks to queue
[2024-01-05T14:20:04.939+0000] {logging_mixin.py:137} INFO - [2024-01-05T14:20:04.939+0000] {dagbag.py:538} INFO - Filling up the DagBag from /home/airflow/.local/lib/python3.7/site-packages/airflow/example_dags/tutorial.py
[2024-01-05T14:20:04.956+0000] {processor.py:753} INFO - DAG(s) dict_keys(['tutorial']) retrieved from /home/airflow/.local/lib/python3.7/site-packages/airflow/example_dags/tutorial.py
[2024-01-05T14:20:04.986+0000] {logging_mixin.py:137} INFO - [2024-01-05T14:20:04.986+0000] {dag.py:2690} INFO - Sync 1 DAGs
[2024-01-05T14:20:05.020+0000] {logging_mixin.py:137} INFO - [2024-01-05T14:20:05.020+0000] {dag.py:3441} INFO - Setting next_dagrun for tutorial to 2024-01-04T14:20:05.020114+00:00, run_after=2024-01-05T14:20:05.020114+00:00
[2024-01-05T14:20:05.036+0000] {processor.py:175} INFO - Processing /home/airflow/.local/lib/python3.7/site-packages/airflow/example_dags/tutorial.py took 0.104 seconds
[2024-01-05T14:20:35.871+0000] {processor.py:153} INFO - Started process (PID=7666) to work on /home/airflow/.local/lib/python3.7/site-packages/airflow/example_dags/tutorial.py
[2024-01-05T14:20:35.874+0000] {processor.py:743} INFO - Processing file /home/airflow/.local/lib/python3.7/site-packages/airflow/example_dags/tutorial.py for tasks to queue
[2024-01-05T14:20:35.875+0000] {logging_mixin.py:137} INFO - [2024-01-05T14:20:35.875+0000] {dagbag.py:538} INFO - Filling up the DagBag from /home/airflow/.local/lib/python3.7/site-packages/airflow/example_dags/tutorial.py
[2024-01-05T14:20:35.902+0000] {processor.py:753} INFO - DAG(s) dict_keys(['tutorial']) retrieved from /home/airflow/.local/lib/python3.7/site-packages/airflow/example_dags/tutorial.py
[2024-01-05T14:20:35.949+0000] {logging_mixin.py:137} INFO - [2024-01-05T14:20:35.949+0000] {dag.py:2690} INFO - Sync 1 DAGs
[2024-01-05T14:20:35.980+0000] {logging_mixin.py:137} INFO - [2024-01-05T14:20:35.980+0000] {dag.py:3441} INFO - Setting next_dagrun for tutorial to 2024-01-04T14:20:35.980180+00:00, run_after=2024-01-05T14:20:35.980180+00:00
[2024-01-05T14:20:36.028+0000] {processor.py:175} INFO - Processing /home/airflow/.local/lib/python3.7/site-packages/airflow/example_dags/tutorial.py took 0.164 seconds
[2024-01-05T14:21:06.694+0000] {processor.py:153} INFO - Started process (PID=7729) to work on /home/airflow/.local/lib/python3.7/site-packages/airflow/example_dags/tutorial.py
[2024-01-05T14:21:06.697+0000] {processor.py:743} INFO - Processing file /home/airflow/.local/lib/python3.7/site-packages/airflow/example_dags/tutorial.py for tasks to queue
[2024-01-05T14:21:06.699+0000] {logging_mixin.py:137} INFO - [2024-01-05T14:21:06.699+0000] {dagbag.py:538} INFO - Filling up the DagBag from /home/airflow/.local/lib/python3.7/site-packages/airflow/example_dags/tutorial.py
[2024-01-05T14:21:06.726+0000] {processor.py:753} INFO - DAG(s) dict_keys(['tutorial']) retrieved from /home/airflow/.local/lib/python3.7/site-packages/airflow/example_dags/tutorial.py
[2024-01-05T14:21:06.767+0000] {logging_mixin.py:137} INFO - [2024-01-05T14:21:06.767+0000] {dag.py:2690} INFO - Sync 1 DAGs
[2024-01-05T14:21:06.797+0000] {logging_mixin.py:137} INFO - [2024-01-05T14:21:06.797+0000] {dag.py:3441} INFO - Setting next_dagrun for tutorial to 2024-01-04T14:21:06.796649+00:00, run_after=2024-01-05T14:21:06.796649+00:00
[2024-01-05T14:21:06.825+0000] {processor.py:175} INFO - Processing /home/airflow/.local/lib/python3.7/site-packages/airflow/example_dags/tutorial.py took 0.139 seconds
[2024-01-05T14:21:37.401+0000] {processor.py:153} INFO - Started process (PID=7805) to work on /home/airflow/.local/lib/python3.7/site-packages/airflow/example_dags/tutorial.py
[2024-01-05T14:21:37.406+0000] {processor.py:743} INFO - Processing file /home/airflow/.local/lib/python3.7/site-packages/airflow/example_dags/tutorial.py for tasks to queue
[2024-01-05T14:21:37.408+0000] {logging_mixin.py:137} INFO - [2024-01-05T14:21:37.407+0000] {dagbag.py:538} INFO - Filling up the DagBag from /home/airflow/.local/lib/python3.7/site-packages/airflow/example_dags/tutorial.py
[2024-01-05T14:21:37.454+0000] {processor.py:753} INFO - DAG(s) dict_keys(['tutorial']) retrieved from /home/airflow/.local/lib/python3.7/site-packages/airflow/example_dags/tutorial.py
[2024-01-05T14:21:37.488+0000] {logging_mixin.py:137} INFO - [2024-01-05T14:21:37.488+0000] {dag.py:2690} INFO - Sync 1 DAGs
[2024-01-05T14:21:37.520+0000] {logging_mixin.py:137} INFO - [2024-01-05T14:21:37.520+0000] {dag.py:3441} INFO - Setting next_dagrun for tutorial to 2024-01-04T14:21:37.519549+00:00, run_after=2024-01-05T14:21:37.519549+00:00
[2024-01-05T14:21:37.545+0000] {processor.py:175} INFO - Processing /home/airflow/.local/lib/python3.7/site-packages/airflow/example_dags/tutorial.py took 0.151 seconds
[2024-01-05T14:22:07.700+0000] {processor.py:153} INFO - Started process (PID=7877) to work on /home/airflow/.local/lib/python3.7/site-packages/airflow/example_dags/tutorial.py
[2024-01-05T14:22:07.704+0000] {processor.py:743} INFO - Processing file /home/airflow/.local/lib/python3.7/site-packages/airflow/example_dags/tutorial.py for tasks to queue
[2024-01-05T14:22:07.706+0000] {logging_mixin.py:137} INFO - [2024-01-05T14:22:07.706+0000] {dagbag.py:538} INFO - Filling up the DagBag from /home/airflow/.local/lib/python3.7/site-packages/airflow/example_dags/tutorial.py
[2024-01-05T14:22:07.737+0000] {processor.py:753} INFO - DAG(s) dict_keys(['tutorial']) retrieved from /home/airflow/.local/lib/python3.7/site-packages/airflow/example_dags/tutorial.py
[2024-01-05T14:22:07.845+0000] {logging_mixin.py:137} INFO - [2024-01-05T14:22:07.845+0000] {dag.py:2690} INFO - Sync 1 DAGs
[2024-01-05T14:22:07.899+0000] {logging_mixin.py:137} INFO - [2024-01-05T14:22:07.899+0000] {dag.py:3441} INFO - Setting next_dagrun for tutorial to 2024-01-04T14:22:07.899388+00:00, run_after=2024-01-05T14:22:07.899388+00:00
[2024-01-05T14:22:07.918+0000] {processor.py:175} INFO - Processing /home/airflow/.local/lib/python3.7/site-packages/airflow/example_dags/tutorial.py took 0.223 seconds
[2024-01-05T14:22:38.295+0000] {processor.py:153} INFO - Started process (PID=7944) to work on /home/airflow/.local/lib/python3.7/site-packages/airflow/example_dags/tutorial.py
[2024-01-05T14:22:38.297+0000] {processor.py:743} INFO - Processing file /home/airflow/.local/lib/python3.7/site-packages/airflow/example_dags/tutorial.py for tasks to queue
[2024-01-05T14:22:38.298+0000] {logging_mixin.py:137} INFO - [2024-01-05T14:22:38.298+0000] {dagbag.py:538} INFO - Filling up the DagBag from /home/airflow/.local/lib/python3.7/site-packages/airflow/example_dags/tutorial.py
[2024-01-05T14:22:38.313+0000] {processor.py:753} INFO - DAG(s) dict_keys(['tutorial']) retrieved from /home/airflow/.local/lib/python3.7/site-packages/airflow/example_dags/tutorial.py
[2024-01-05T14:22:38.337+0000] {logging_mixin.py:137} INFO - [2024-01-05T14:22:38.337+0000] {dag.py:2690} INFO - Sync 1 DAGs
[2024-01-05T14:22:38.356+0000] {logging_mixin.py:137} INFO - [2024-01-05T14:22:38.356+0000] {dag.py:3441} INFO - Setting next_dagrun for tutorial to 2024-01-04T14:22:38.356279+00:00, run_after=2024-01-05T14:22:38.356279+00:00
[2024-01-05T14:22:38.373+0000] {processor.py:175} INFO - Processing /home/airflow/.local/lib/python3.7/site-packages/airflow/example_dags/tutorial.py took 0.082 seconds
[2024-01-05T14:23:09.152+0000] {processor.py:153} INFO - Started process (PID=8020) to work on /home/airflow/.local/lib/python3.7/site-packages/airflow/example_dags/tutorial.py
[2024-01-05T14:23:09.160+0000] {processor.py:743} INFO - Processing file /home/airflow/.local/lib/python3.7/site-packages/airflow/example_dags/tutorial.py for tasks to queue
[2024-01-05T14:23:09.163+0000] {logging_mixin.py:137} INFO - [2024-01-05T14:23:09.163+0000] {dagbag.py:538} INFO - Filling up the DagBag from /home/airflow/.local/lib/python3.7/site-packages/airflow/example_dags/tutorial.py
[2024-01-05T14:23:09.190+0000] {processor.py:753} INFO - DAG(s) dict_keys(['tutorial']) retrieved from /home/airflow/.local/lib/python3.7/site-packages/airflow/example_dags/tutorial.py
[2024-01-05T14:23:09.269+0000] {logging_mixin.py:137} INFO - [2024-01-05T14:23:09.269+0000] {dag.py:2690} INFO - Sync 1 DAGs
[2024-01-05T14:23:09.310+0000] {logging_mixin.py:137} INFO - [2024-01-05T14:23:09.310+0000] {dag.py:3441} INFO - Setting next_dagrun for tutorial to 2024-01-04T14:23:09.310022+00:00, run_after=2024-01-05T14:23:09.310022+00:00
[2024-01-05T14:23:09.351+0000] {processor.py:175} INFO - Processing /home/airflow/.local/lib/python3.7/site-packages/airflow/example_dags/tutorial.py took 0.206 seconds
[2024-01-05T14:23:39.532+0000] {processor.py:153} INFO - Started process (PID=8082) to work on /home/airflow/.local/lib/python3.7/site-packages/airflow/example_dags/tutorial.py
[2024-01-05T14:23:39.535+0000] {processor.py:743} INFO - Processing file /home/airflow/.local/lib/python3.7/site-packages/airflow/example_dags/tutorial.py for tasks to queue
[2024-01-05T14:23:39.536+0000] {logging_mixin.py:137} INFO - [2024-01-05T14:23:39.536+0000] {dagbag.py:538} INFO - Filling up the DagBag from /home/airflow/.local/lib/python3.7/site-packages/airflow/example_dags/tutorial.py
[2024-01-05T14:23:39.570+0000] {processor.py:753} INFO - DAG(s) dict_keys(['tutorial']) retrieved from /home/airflow/.local/lib/python3.7/site-packages/airflow/example_dags/tutorial.py
[2024-01-05T14:23:39.604+0000] {logging_mixin.py:137} INFO - [2024-01-05T14:23:39.604+0000] {dag.py:2690} INFO - Sync 1 DAGs
[2024-01-05T14:23:39.626+0000] {logging_mixin.py:137} INFO - [2024-01-05T14:23:39.626+0000] {dag.py:3441} INFO - Setting next_dagrun for tutorial to 2024-01-04T14:23:39.625781+00:00, run_after=2024-01-05T14:23:39.625781+00:00
[2024-01-05T14:23:39.641+0000] {processor.py:175} INFO - Processing /home/airflow/.local/lib/python3.7/site-packages/airflow/example_dags/tutorial.py took 0.114 seconds
[2024-01-05T14:24:10.331+0000] {processor.py:153} INFO - Started process (PID=8157) to work on /home/airflow/.local/lib/python3.7/site-packages/airflow/example_dags/tutorial.py
[2024-01-05T14:24:10.334+0000] {processor.py:743} INFO - Processing file /home/airflow/.local/lib/python3.7/site-packages/airflow/example_dags/tutorial.py for tasks to queue
[2024-01-05T14:24:10.335+0000] {logging_mixin.py:137} INFO - [2024-01-05T14:24:10.335+0000] {dagbag.py:538} INFO - Filling up the DagBag from /home/airflow/.local/lib/python3.7/site-packages/airflow/example_dags/tutorial.py
[2024-01-05T14:24:10.361+0000] {processor.py:753} INFO - DAG(s) dict_keys(['tutorial']) retrieved from /home/airflow/.local/lib/python3.7/site-packages/airflow/example_dags/tutorial.py
[2024-01-05T14:24:10.405+0000] {logging_mixin.py:137} INFO - [2024-01-05T14:24:10.405+0000] {dag.py:2690} INFO - Sync 1 DAGs
[2024-01-05T14:24:10.441+0000] {logging_mixin.py:137} INFO - [2024-01-05T14:24:10.441+0000] {dag.py:3441} INFO - Setting next_dagrun for tutorial to 2024-01-04T14:24:10.440560+00:00, run_after=2024-01-05T14:24:10.440560+00:00
[2024-01-05T14:24:10.476+0000] {processor.py:175} INFO - Processing /home/airflow/.local/lib/python3.7/site-packages/airflow/example_dags/tutorial.py took 0.154 seconds
[2024-01-05T14:24:41.057+0000] {processor.py:153} INFO - Started process (PID=8221) to work on /home/airflow/.local/lib/python3.7/site-packages/airflow/example_dags/tutorial.py
[2024-01-05T14:24:41.061+0000] {processor.py:743} INFO - Processing file /home/airflow/.local/lib/python3.7/site-packages/airflow/example_dags/tutorial.py for tasks to queue
[2024-01-05T14:24:41.063+0000] {logging_mixin.py:137} INFO - [2024-01-05T14:24:41.063+0000] {dagbag.py:538} INFO - Filling up the DagBag from /home/airflow/.local/lib/python3.7/site-packages/airflow/example_dags/tutorial.py
[2024-01-05T14:24:41.096+0000] {processor.py:753} INFO - DAG(s) dict_keys(['tutorial']) retrieved from /home/airflow/.local/lib/python3.7/site-packages/airflow/example_dags/tutorial.py
[2024-01-05T14:24:41.145+0000] {logging_mixin.py:137} INFO - [2024-01-05T14:24:41.145+0000] {dag.py:2690} INFO - Sync 1 DAGs
[2024-01-05T14:24:41.173+0000] {logging_mixin.py:137} INFO - [2024-01-05T14:24:41.173+0000] {dag.py:3441} INFO - Setting next_dagrun for tutorial to 2024-01-04T14:24:41.172802+00:00, run_after=2024-01-05T14:24:41.172802+00:00
[2024-01-05T14:24:41.191+0000] {processor.py:175} INFO - Processing /home/airflow/.local/lib/python3.7/site-packages/airflow/example_dags/tutorial.py took 0.150 seconds
[2024-01-05T14:25:11.392+0000] {processor.py:153} INFO - Started process (PID=8297) to work on /home/airflow/.local/lib/python3.7/site-packages/airflow/example_dags/tutorial.py
[2024-01-05T14:25:11.395+0000] {processor.py:743} INFO - Processing file /home/airflow/.local/lib/python3.7/site-packages/airflow/example_dags/tutorial.py for tasks to queue
[2024-01-05T14:25:11.397+0000] {logging_mixin.py:137} INFO - [2024-01-05T14:25:11.397+0000] {dagbag.py:538} INFO - Filling up the DagBag from /home/airflow/.local/lib/python3.7/site-packages/airflow/example_dags/tutorial.py
[2024-01-05T14:25:11.415+0000] {processor.py:753} INFO - DAG(s) dict_keys(['tutorial']) retrieved from /home/airflow/.local/lib/python3.7/site-packages/airflow/example_dags/tutorial.py
[2024-01-05T14:25:11.439+0000] {logging_mixin.py:137} INFO - [2024-01-05T14:25:11.439+0000] {dag.py:2690} INFO - Sync 1 DAGs
[2024-01-05T14:25:11.460+0000] {logging_mixin.py:137} INFO - [2024-01-05T14:25:11.460+0000] {dag.py:3441} INFO - Setting next_dagrun for tutorial to 2024-01-04T14:25:11.460475+00:00, run_after=2024-01-05T14:25:11.460475+00:00
[2024-01-05T14:25:11.473+0000] {processor.py:175} INFO - Processing /home/airflow/.local/lib/python3.7/site-packages/airflow/example_dags/tutorial.py took 0.089 seconds
[2024-01-05T14:25:42.183+0000] {processor.py:153} INFO - Started process (PID=8360) to work on /home/airflow/.local/lib/python3.7/site-packages/airflow/example_dags/tutorial.py
[2024-01-05T14:25:42.187+0000] {processor.py:743} INFO - Processing file /home/airflow/.local/lib/python3.7/site-packages/airflow/example_dags/tutorial.py for tasks to queue
[2024-01-05T14:25:42.191+0000] {logging_mixin.py:137} INFO - [2024-01-05T14:25:42.190+0000] {dagbag.py:538} INFO - Filling up the DagBag from /home/airflow/.local/lib/python3.7/site-packages/airflow/example_dags/tutorial.py
[2024-01-05T14:25:42.308+0000] {processor.py:753} INFO - DAG(s) dict_keys(['tutorial']) retrieved from /home/airflow/.local/lib/python3.7/site-packages/airflow/example_dags/tutorial.py
[2024-01-05T14:25:42.373+0000] {logging_mixin.py:137} INFO - [2024-01-05T14:25:42.373+0000] {dag.py:2690} INFO - Sync 1 DAGs
[2024-01-05T14:25:42.397+0000] {logging_mixin.py:137} INFO - [2024-01-05T14:25:42.397+0000] {dag.py:3441} INFO - Setting next_dagrun for tutorial to 2024-01-04T14:25:42.397497+00:00, run_after=2024-01-05T14:25:42.397497+00:00
[2024-01-05T14:25:42.412+0000] {processor.py:175} INFO - Processing /home/airflow/.local/lib/python3.7/site-packages/airflow/example_dags/tutorial.py took 0.235 seconds
[2024-01-05T14:26:12.783+0000] {processor.py:153} INFO - Started process (PID=8435) to work on /home/airflow/.local/lib/python3.7/site-packages/airflow/example_dags/tutorial.py
[2024-01-05T14:26:12.787+0000] {processor.py:743} INFO - Processing file /home/airflow/.local/lib/python3.7/site-packages/airflow/example_dags/tutorial.py for tasks to queue
[2024-01-05T14:26:12.788+0000] {logging_mixin.py:137} INFO - [2024-01-05T14:26:12.788+0000] {dagbag.py:538} INFO - Filling up the DagBag from /home/airflow/.local/lib/python3.7/site-packages/airflow/example_dags/tutorial.py
[2024-01-05T14:26:12.806+0000] {processor.py:753} INFO - DAG(s) dict_keys(['tutorial']) retrieved from /home/airflow/.local/lib/python3.7/site-packages/airflow/example_dags/tutorial.py
[2024-01-05T14:26:12.837+0000] {logging_mixin.py:137} INFO - [2024-01-05T14:26:12.836+0000] {dag.py:2690} INFO - Sync 1 DAGs
[2024-01-05T14:26:12.869+0000] {logging_mixin.py:137} INFO - [2024-01-05T14:26:12.869+0000] {dag.py:3441} INFO - Setting next_dagrun for tutorial to 2024-01-04T14:26:12.869072+00:00, run_after=2024-01-05T14:26:12.869072+00:00
[2024-01-05T14:26:12.892+0000] {processor.py:175} INFO - Processing /home/airflow/.local/lib/python3.7/site-packages/airflow/example_dags/tutorial.py took 0.117 seconds
[2024-01-05T14:26:42.968+0000] {processor.py:153} INFO - Started process (PID=8498) to work on /home/airflow/.local/lib/python3.7/site-packages/airflow/example_dags/tutorial.py
[2024-01-05T14:26:42.981+0000] {processor.py:743} INFO - Processing file /home/airflow/.local/lib/python3.7/site-packages/airflow/example_dags/tutorial.py for tasks to queue
[2024-01-05T14:26:42.984+0000] {logging_mixin.py:137} INFO - [2024-01-05T14:26:42.983+0000] {dagbag.py:538} INFO - Filling up the DagBag from /home/airflow/.local/lib/python3.7/site-packages/airflow/example_dags/tutorial.py
[2024-01-05T14:26:43.026+0000] {processor.py:753} INFO - DAG(s) dict_keys(['tutorial']) retrieved from /home/airflow/.local/lib/python3.7/site-packages/airflow/example_dags/tutorial.py
[2024-01-05T14:26:43.088+0000] {logging_mixin.py:137} INFO - [2024-01-05T14:26:43.088+0000] {dag.py:2690} INFO - Sync 1 DAGs
[2024-01-05T14:26:43.130+0000] {logging_mixin.py:137} INFO - [2024-01-05T14:26:43.130+0000] {dag.py:3441} INFO - Setting next_dagrun for tutorial to 2024-01-04T14:26:43.129361+00:00, run_after=2024-01-05T14:26:43.129361+00:00
[2024-01-05T14:26:43.155+0000] {processor.py:175} INFO - Processing /home/airflow/.local/lib/python3.7/site-packages/airflow/example_dags/tutorial.py took 0.208 seconds
