[2024-01-05T01:20:55.249+0000] {processor.py:153} INFO - Started process (PID=4332) to work on /home/airflow/.local/lib/python3.7/site-packages/airflow/example_dags/tutorial_taskflow_api.py
[2024-01-05T01:20:55.252+0000] {processor.py:743} INFO - Processing file /home/airflow/.local/lib/python3.7/site-packages/airflow/example_dags/tutorial_taskflow_api.py for tasks to queue
[2024-01-05T01:20:55.256+0000] {logging_mixin.py:137} INFO - [2024-01-05T01:20:55.255+0000] {dagbag.py:538} INFO - Filling up the DagBag from /home/airflow/.local/lib/python3.7/site-packages/airflow/example_dags/tutorial_taskflow_api.py
[2024-01-05T01:20:55.293+0000] {processor.py:753} INFO - DAG(s) dict_keys(['tutorial_taskflow_api']) retrieved from /home/airflow/.local/lib/python3.7/site-packages/airflow/example_dags/tutorial_taskflow_api.py
[2024-01-05T01:20:55.364+0000] {logging_mixin.py:137} INFO - [2024-01-05T01:20:55.363+0000] {dag.py:2690} INFO - Sync 1 DAGs
[2024-01-05T01:20:55.398+0000] {logging_mixin.py:137} INFO - [2024-01-05T01:20:55.398+0000] {dag.py:3441} INFO - Setting next_dagrun for tutorial_taskflow_api to None, run_after=None
[2024-01-05T01:20:55.438+0000] {processor.py:175} INFO - Processing /home/airflow/.local/lib/python3.7/site-packages/airflow/example_dags/tutorial_taskflow_api.py took 0.194 seconds
[2024-01-05T02:31:18.082+0000] {processor.py:153} INFO - Started process (PID=4398) to work on /home/airflow/.local/lib/python3.7/site-packages/airflow/example_dags/tutorial_taskflow_api.py
[2024-01-05T02:31:18.083+0000] {processor.py:743} INFO - Processing file /home/airflow/.local/lib/python3.7/site-packages/airflow/example_dags/tutorial_taskflow_api.py for tasks to queue
[2024-01-05T02:31:18.084+0000] {logging_mixin.py:137} INFO - [2024-01-05T02:31:18.084+0000] {dagbag.py:538} INFO - Filling up the DagBag from /home/airflow/.local/lib/python3.7/site-packages/airflow/example_dags/tutorial_taskflow_api.py
[2024-01-05T02:31:18.097+0000] {processor.py:753} INFO - DAG(s) dict_keys(['tutorial_taskflow_api']) retrieved from /home/airflow/.local/lib/python3.7/site-packages/airflow/example_dags/tutorial_taskflow_api.py
[2024-01-05T02:31:18.116+0000] {logging_mixin.py:137} INFO - [2024-01-05T02:31:18.116+0000] {dag.py:2690} INFO - Sync 1 DAGs
[2024-01-05T02:31:18.132+0000] {logging_mixin.py:137} INFO - [2024-01-05T02:31:18.131+0000] {dag.py:3441} INFO - Setting next_dagrun for tutorial_taskflow_api to None, run_after=None
[2024-01-05T02:31:18.143+0000] {processor.py:175} INFO - Processing /home/airflow/.local/lib/python3.7/site-packages/airflow/example_dags/tutorial_taskflow_api.py took 0.064 seconds
[2024-01-05T03:42:27.015+0000] {processor.py:153} INFO - Started process (PID=4461) to work on /home/airflow/.local/lib/python3.7/site-packages/airflow/example_dags/tutorial_taskflow_api.py
[2024-01-05T03:42:27.019+0000] {processor.py:743} INFO - Processing file /home/airflow/.local/lib/python3.7/site-packages/airflow/example_dags/tutorial_taskflow_api.py for tasks to queue
[2024-01-05T03:42:27.022+0000] {logging_mixin.py:137} INFO - [2024-01-05T03:42:27.022+0000] {dagbag.py:538} INFO - Filling up the DagBag from /home/airflow/.local/lib/python3.7/site-packages/airflow/example_dags/tutorial_taskflow_api.py
[2024-01-05T03:42:27.057+0000] {processor.py:753} INFO - DAG(s) dict_keys(['tutorial_taskflow_api']) retrieved from /home/airflow/.local/lib/python3.7/site-packages/airflow/example_dags/tutorial_taskflow_api.py
[2024-01-05T03:42:27.094+0000] {logging_mixin.py:137} INFO - [2024-01-05T03:42:27.094+0000] {dag.py:2690} INFO - Sync 1 DAGs
[2024-01-05T03:42:27.135+0000] {logging_mixin.py:137} INFO - [2024-01-05T03:42:27.135+0000] {dag.py:3441} INFO - Setting next_dagrun for tutorial_taskflow_api to None, run_after=None
[2024-01-05T03:42:27.165+0000] {processor.py:175} INFO - Processing /home/airflow/.local/lib/python3.7/site-packages/airflow/example_dags/tutorial_taskflow_api.py took 0.155 seconds
[2024-01-05T05:03:26.457+0000] {processor.py:153} INFO - Started process (PID=4536) to work on /home/airflow/.local/lib/python3.7/site-packages/airflow/example_dags/tutorial_taskflow_api.py
[2024-01-05T05:03:26.460+0000] {processor.py:743} INFO - Processing file /home/airflow/.local/lib/python3.7/site-packages/airflow/example_dags/tutorial_taskflow_api.py for tasks to queue
[2024-01-05T05:03:26.462+0000] {logging_mixin.py:137} INFO - [2024-01-05T05:03:26.461+0000] {dagbag.py:538} INFO - Filling up the DagBag from /home/airflow/.local/lib/python3.7/site-packages/airflow/example_dags/tutorial_taskflow_api.py
[2024-01-05T05:03:26.485+0000] {processor.py:753} INFO - DAG(s) dict_keys(['tutorial_taskflow_api']) retrieved from /home/airflow/.local/lib/python3.7/site-packages/airflow/example_dags/tutorial_taskflow_api.py
[2024-01-05T05:03:26.515+0000] {logging_mixin.py:137} INFO - [2024-01-05T05:03:26.515+0000] {dag.py:2690} INFO - Sync 1 DAGs
[2024-01-05T05:03:26.538+0000] {logging_mixin.py:137} INFO - [2024-01-05T05:03:26.538+0000] {dag.py:3441} INFO - Setting next_dagrun for tutorial_taskflow_api to None, run_after=None
[2024-01-05T05:03:26.918+0000] {processor.py:175} INFO - Processing /home/airflow/.local/lib/python3.7/site-packages/airflow/example_dags/tutorial_taskflow_api.py took 0.464 seconds
[2024-01-05T06:28:02.836+0000] {processor.py:153} INFO - Started process (PID=4598) to work on /home/airflow/.local/lib/python3.7/site-packages/airflow/example_dags/tutorial_taskflow_api.py
[2024-01-05T06:28:02.838+0000] {processor.py:743} INFO - Processing file /home/airflow/.local/lib/python3.7/site-packages/airflow/example_dags/tutorial_taskflow_api.py for tasks to queue
[2024-01-05T06:28:02.839+0000] {logging_mixin.py:137} INFO - [2024-01-05T06:28:02.839+0000] {dagbag.py:538} INFO - Filling up the DagBag from /home/airflow/.local/lib/python3.7/site-packages/airflow/example_dags/tutorial_taskflow_api.py
[2024-01-05T06:28:02.857+0000] {processor.py:753} INFO - DAG(s) dict_keys(['tutorial_taskflow_api']) retrieved from /home/airflow/.local/lib/python3.7/site-packages/airflow/example_dags/tutorial_taskflow_api.py
[2024-01-05T06:28:02.884+0000] {logging_mixin.py:137} INFO - [2024-01-05T06:28:02.884+0000] {dag.py:2690} INFO - Sync 1 DAGs
[2024-01-05T06:28:02.905+0000] {logging_mixin.py:137} INFO - [2024-01-05T06:28:02.905+0000] {dag.py:3441} INFO - Setting next_dagrun for tutorial_taskflow_api to None, run_after=None
[2024-01-05T06:28:02.920+0000] {processor.py:175} INFO - Processing /home/airflow/.local/lib/python3.7/site-packages/airflow/example_dags/tutorial_taskflow_api.py took 0.088 seconds
[2024-01-05T07:47:04.794+0000] {processor.py:153} INFO - Started process (PID=4661) to work on /home/airflow/.local/lib/python3.7/site-packages/airflow/example_dags/tutorial_taskflow_api.py
[2024-01-05T07:47:04.796+0000] {processor.py:743} INFO - Processing file /home/airflow/.local/lib/python3.7/site-packages/airflow/example_dags/tutorial_taskflow_api.py for tasks to queue
[2024-01-05T07:47:04.799+0000] {logging_mixin.py:137} INFO - [2024-01-05T07:47:04.797+0000] {dagbag.py:538} INFO - Filling up the DagBag from /home/airflow/.local/lib/python3.7/site-packages/airflow/example_dags/tutorial_taskflow_api.py
[2024-01-05T07:47:04.828+0000] {processor.py:753} INFO - DAG(s) dict_keys(['tutorial_taskflow_api']) retrieved from /home/airflow/.local/lib/python3.7/site-packages/airflow/example_dags/tutorial_taskflow_api.py
[2024-01-05T07:47:04.870+0000] {logging_mixin.py:137} INFO - [2024-01-05T07:47:04.870+0000] {dag.py:2690} INFO - Sync 1 DAGs
[2024-01-05T07:47:04.897+0000] {logging_mixin.py:137} INFO - [2024-01-05T07:47:04.897+0000] {dag.py:3441} INFO - Setting next_dagrun for tutorial_taskflow_api to None, run_after=None
[2024-01-05T07:47:04.951+0000] {processor.py:175} INFO - Processing /home/airflow/.local/lib/python3.7/site-packages/airflow/example_dags/tutorial_taskflow_api.py took 0.161 seconds
[2024-01-05T09:24:47.201+0000] {processor.py:153} INFO - Started process (PID=4735) to work on /home/airflow/.local/lib/python3.7/site-packages/airflow/example_dags/tutorial_taskflow_api.py
[2024-01-05T09:24:47.251+0000] {processor.py:743} INFO - Processing file /home/airflow/.local/lib/python3.7/site-packages/airflow/example_dags/tutorial_taskflow_api.py for tasks to queue
[2024-01-05T09:24:47.264+0000] {logging_mixin.py:137} INFO - [2024-01-05T09:24:47.264+0000] {dagbag.py:538} INFO - Filling up the DagBag from /home/airflow/.local/lib/python3.7/site-packages/airflow/example_dags/tutorial_taskflow_api.py
[2024-01-05T09:24:47.312+0000] {processor.py:753} INFO - DAG(s) dict_keys(['tutorial_taskflow_api']) retrieved from /home/airflow/.local/lib/python3.7/site-packages/airflow/example_dags/tutorial_taskflow_api.py
[2024-01-05T09:24:47.341+0000] {logging_mixin.py:137} INFO - [2024-01-05T09:24:47.340+0000] {dag.py:2690} INFO - Sync 1 DAGs
[2024-01-05T09:24:47.411+0000] {logging_mixin.py:137} INFO - [2024-01-05T09:24:47.411+0000] {dag.py:3441} INFO - Setting next_dagrun for tutorial_taskflow_api to None, run_after=None
[2024-01-05T09:24:47.462+0000] {processor.py:175} INFO - Processing /home/airflow/.local/lib/python3.7/site-packages/airflow/example_dags/tutorial_taskflow_api.py took 0.270 seconds
[2024-01-05T10:32:47.848+0000] {processor.py:153} INFO - Started process (PID=4798) to work on /home/airflow/.local/lib/python3.7/site-packages/airflow/example_dags/tutorial_taskflow_api.py
[2024-01-05T10:32:47.850+0000] {processor.py:743} INFO - Processing file /home/airflow/.local/lib/python3.7/site-packages/airflow/example_dags/tutorial_taskflow_api.py for tasks to queue
[2024-01-05T10:32:47.851+0000] {logging_mixin.py:137} INFO - [2024-01-05T10:32:47.851+0000] {dagbag.py:538} INFO - Filling up the DagBag from /home/airflow/.local/lib/python3.7/site-packages/airflow/example_dags/tutorial_taskflow_api.py
[2024-01-05T10:32:47.868+0000] {processor.py:753} INFO - DAG(s) dict_keys(['tutorial_taskflow_api']) retrieved from /home/airflow/.local/lib/python3.7/site-packages/airflow/example_dags/tutorial_taskflow_api.py
[2024-01-05T10:32:47.888+0000] {logging_mixin.py:137} INFO - [2024-01-05T10:32:47.888+0000] {dag.py:2690} INFO - Sync 1 DAGs
[2024-01-05T10:32:47.905+0000] {logging_mixin.py:137} INFO - [2024-01-05T10:32:47.904+0000] {dag.py:3441} INFO - Setting next_dagrun for tutorial_taskflow_api to None, run_after=None
[2024-01-05T10:32:47.916+0000] {processor.py:175} INFO - Processing /home/airflow/.local/lib/python3.7/site-packages/airflow/example_dags/tutorial_taskflow_api.py took 0.071 seconds
[2024-01-05T11:33:46.849+0000] {processor.py:153} INFO - Started process (PID=4873) to work on /home/airflow/.local/lib/python3.7/site-packages/airflow/example_dags/tutorial_taskflow_api.py
[2024-01-05T11:33:46.852+0000] {processor.py:743} INFO - Processing file /home/airflow/.local/lib/python3.7/site-packages/airflow/example_dags/tutorial_taskflow_api.py for tasks to queue
[2024-01-05T11:33:46.855+0000] {logging_mixin.py:137} INFO - [2024-01-05T11:33:46.855+0000] {dagbag.py:538} INFO - Filling up the DagBag from /home/airflow/.local/lib/python3.7/site-packages/airflow/example_dags/tutorial_taskflow_api.py
[2024-01-05T11:33:46.875+0000] {processor.py:753} INFO - DAG(s) dict_keys(['tutorial_taskflow_api']) retrieved from /home/airflow/.local/lib/python3.7/site-packages/airflow/example_dags/tutorial_taskflow_api.py
[2024-01-05T11:33:46.897+0000] {logging_mixin.py:137} INFO - [2024-01-05T11:33:46.897+0000] {dag.py:2690} INFO - Sync 1 DAGs
[2024-01-05T11:33:46.913+0000] {logging_mixin.py:137} INFO - [2024-01-05T11:33:46.913+0000] {dag.py:3441} INFO - Setting next_dagrun for tutorial_taskflow_api to None, run_after=None
[2024-01-05T11:33:46.926+0000] {processor.py:175} INFO - Processing /home/airflow/.local/lib/python3.7/site-packages/airflow/example_dags/tutorial_taskflow_api.py took 0.083 seconds
[2024-01-05T12:52:18.026+0000] {processor.py:153} INFO - Started process (PID=4936) to work on /home/airflow/.local/lib/python3.7/site-packages/airflow/example_dags/tutorial_taskflow_api.py
[2024-01-05T12:52:18.028+0000] {processor.py:743} INFO - Processing file /home/airflow/.local/lib/python3.7/site-packages/airflow/example_dags/tutorial_taskflow_api.py for tasks to queue
[2024-01-05T12:52:18.034+0000] {logging_mixin.py:137} INFO - [2024-01-05T12:52:18.034+0000] {dagbag.py:538} INFO - Filling up the DagBag from /home/airflow/.local/lib/python3.7/site-packages/airflow/example_dags/tutorial_taskflow_api.py
[2024-01-05T12:52:18.059+0000] {processor.py:753} INFO - DAG(s) dict_keys(['tutorial_taskflow_api']) retrieved from /home/airflow/.local/lib/python3.7/site-packages/airflow/example_dags/tutorial_taskflow_api.py
[2024-01-05T12:52:18.101+0000] {logging_mixin.py:137} INFO - [2024-01-05T12:52:18.101+0000] {dag.py:2690} INFO - Sync 1 DAGs
[2024-01-05T12:52:18.131+0000] {logging_mixin.py:137} INFO - [2024-01-05T12:52:18.131+0000] {dag.py:3441} INFO - Setting next_dagrun for tutorial_taskflow_api to None, run_after=None
[2024-01-05T12:52:18.155+0000] {processor.py:175} INFO - Processing /home/airflow/.local/lib/python3.7/site-packages/airflow/example_dags/tutorial_taskflow_api.py took 0.133 seconds
[2024-01-05T14:01:04.766+0000] {processor.py:153} INFO - Started process (PID=5010) to work on /home/airflow/.local/lib/python3.7/site-packages/airflow/example_dags/tutorial_taskflow_api.py
[2024-01-05T14:01:04.791+0000] {processor.py:743} INFO - Processing file /home/airflow/.local/lib/python3.7/site-packages/airflow/example_dags/tutorial_taskflow_api.py for tasks to queue
[2024-01-05T14:01:04.805+0000] {logging_mixin.py:137} INFO - [2024-01-05T14:01:04.804+0000] {dagbag.py:538} INFO - Filling up the DagBag from /home/airflow/.local/lib/python3.7/site-packages/airflow/example_dags/tutorial_taskflow_api.py
[2024-01-05T14:01:04.902+0000] {processor.py:753} INFO - DAG(s) dict_keys(['tutorial_taskflow_api']) retrieved from /home/airflow/.local/lib/python3.7/site-packages/airflow/example_dags/tutorial_taskflow_api.py
[2024-01-05T14:01:04.996+0000] {logging_mixin.py:137} INFO - [2024-01-05T14:01:04.995+0000] {dag.py:2690} INFO - Sync 1 DAGs
[2024-01-05T14:01:05.104+0000] {logging_mixin.py:137} INFO - [2024-01-05T14:01:05.103+0000] {dag.py:3441} INFO - Setting next_dagrun for tutorial_taskflow_api to None, run_after=None
[2024-01-05T14:01:05.125+0000] {processor.py:175} INFO - Processing /home/airflow/.local/lib/python3.7/site-packages/airflow/example_dags/tutorial_taskflow_api.py took 0.367 seconds
[2024-01-05T14:01:35.419+0000] {processor.py:153} INFO - Started process (PID=5074) to work on /home/airflow/.local/lib/python3.7/site-packages/airflow/example_dags/tutorial_taskflow_api.py
[2024-01-05T14:01:35.420+0000] {processor.py:743} INFO - Processing file /home/airflow/.local/lib/python3.7/site-packages/airflow/example_dags/tutorial_taskflow_api.py for tasks to queue
[2024-01-05T14:01:35.421+0000] {logging_mixin.py:137} INFO - [2024-01-05T14:01:35.421+0000] {dagbag.py:538} INFO - Filling up the DagBag from /home/airflow/.local/lib/python3.7/site-packages/airflow/example_dags/tutorial_taskflow_api.py
[2024-01-05T14:01:35.435+0000] {processor.py:753} INFO - DAG(s) dict_keys(['tutorial_taskflow_api']) retrieved from /home/airflow/.local/lib/python3.7/site-packages/airflow/example_dags/tutorial_taskflow_api.py
[2024-01-05T14:01:35.456+0000] {logging_mixin.py:137} INFO - [2024-01-05T14:01:35.455+0000] {dag.py:2690} INFO - Sync 1 DAGs
[2024-01-05T14:01:35.471+0000] {logging_mixin.py:137} INFO - [2024-01-05T14:01:35.471+0000] {dag.py:3441} INFO - Setting next_dagrun for tutorial_taskflow_api to None, run_after=None
[2024-01-05T14:01:35.481+0000] {processor.py:175} INFO - Processing /home/airflow/.local/lib/python3.7/site-packages/airflow/example_dags/tutorial_taskflow_api.py took 0.065 seconds
[2024-01-05T14:02:06.321+0000] {processor.py:153} INFO - Started process (PID=5138) to work on /home/airflow/.local/lib/python3.7/site-packages/airflow/example_dags/tutorial_taskflow_api.py
[2024-01-05T14:02:06.322+0000] {processor.py:743} INFO - Processing file /home/airflow/.local/lib/python3.7/site-packages/airflow/example_dags/tutorial_taskflow_api.py for tasks to queue
[2024-01-05T14:02:06.323+0000] {logging_mixin.py:137} INFO - [2024-01-05T14:02:06.323+0000] {dagbag.py:538} INFO - Filling up the DagBag from /home/airflow/.local/lib/python3.7/site-packages/airflow/example_dags/tutorial_taskflow_api.py
[2024-01-05T14:02:06.338+0000] {processor.py:753} INFO - DAG(s) dict_keys(['tutorial_taskflow_api']) retrieved from /home/airflow/.local/lib/python3.7/site-packages/airflow/example_dags/tutorial_taskflow_api.py
[2024-01-05T14:02:06.357+0000] {logging_mixin.py:137} INFO - [2024-01-05T14:02:06.357+0000] {dag.py:2690} INFO - Sync 1 DAGs
[2024-01-05T14:02:06.372+0000] {logging_mixin.py:137} INFO - [2024-01-05T14:02:06.372+0000] {dag.py:3441} INFO - Setting next_dagrun for tutorial_taskflow_api to None, run_after=None
[2024-01-05T14:02:06.382+0000] {processor.py:175} INFO - Processing /home/airflow/.local/lib/python3.7/site-packages/airflow/example_dags/tutorial_taskflow_api.py took 0.064 seconds
[2024-01-05T14:02:36.981+0000] {processor.py:153} INFO - Started process (PID=5213) to work on /home/airflow/.local/lib/python3.7/site-packages/airflow/example_dags/tutorial_taskflow_api.py
[2024-01-05T14:02:36.982+0000] {processor.py:743} INFO - Processing file /home/airflow/.local/lib/python3.7/site-packages/airflow/example_dags/tutorial_taskflow_api.py for tasks to queue
[2024-01-05T14:02:36.983+0000] {logging_mixin.py:137} INFO - [2024-01-05T14:02:36.983+0000] {dagbag.py:538} INFO - Filling up the DagBag from /home/airflow/.local/lib/python3.7/site-packages/airflow/example_dags/tutorial_taskflow_api.py
[2024-01-05T14:02:36.997+0000] {processor.py:753} INFO - DAG(s) dict_keys(['tutorial_taskflow_api']) retrieved from /home/airflow/.local/lib/python3.7/site-packages/airflow/example_dags/tutorial_taskflow_api.py
[2024-01-05T14:02:37.016+0000] {logging_mixin.py:137} INFO - [2024-01-05T14:02:37.016+0000] {dag.py:2690} INFO - Sync 1 DAGs
[2024-01-05T14:02:37.031+0000] {logging_mixin.py:137} INFO - [2024-01-05T14:02:37.031+0000] {dag.py:3441} INFO - Setting next_dagrun for tutorial_taskflow_api to None, run_after=None
[2024-01-05T14:02:37.043+0000] {processor.py:175} INFO - Processing /home/airflow/.local/lib/python3.7/site-packages/airflow/example_dags/tutorial_taskflow_api.py took 0.065 seconds
[2024-01-05T14:03:07.925+0000] {processor.py:153} INFO - Started process (PID=5276) to work on /home/airflow/.local/lib/python3.7/site-packages/airflow/example_dags/tutorial_taskflow_api.py
[2024-01-05T14:03:07.927+0000] {processor.py:743} INFO - Processing file /home/airflow/.local/lib/python3.7/site-packages/airflow/example_dags/tutorial_taskflow_api.py for tasks to queue
[2024-01-05T14:03:07.928+0000] {logging_mixin.py:137} INFO - [2024-01-05T14:03:07.928+0000] {dagbag.py:538} INFO - Filling up the DagBag from /home/airflow/.local/lib/python3.7/site-packages/airflow/example_dags/tutorial_taskflow_api.py
[2024-01-05T14:03:07.949+0000] {processor.py:753} INFO - DAG(s) dict_keys(['tutorial_taskflow_api']) retrieved from /home/airflow/.local/lib/python3.7/site-packages/airflow/example_dags/tutorial_taskflow_api.py
[2024-01-05T14:03:07.978+0000] {logging_mixin.py:137} INFO - [2024-01-05T14:03:07.978+0000] {dag.py:2690} INFO - Sync 1 DAGs
[2024-01-05T14:03:07.999+0000] {logging_mixin.py:137} INFO - [2024-01-05T14:03:07.999+0000] {dag.py:3441} INFO - Setting next_dagrun for tutorial_taskflow_api to None, run_after=None
[2024-01-05T14:03:08.011+0000] {processor.py:175} INFO - Processing /home/airflow/.local/lib/python3.7/site-packages/airflow/example_dags/tutorial_taskflow_api.py took 0.089 seconds
[2024-01-05T14:03:38.666+0000] {processor.py:153} INFO - Started process (PID=5351) to work on /home/airflow/.local/lib/python3.7/site-packages/airflow/example_dags/tutorial_taskflow_api.py
[2024-01-05T14:03:38.667+0000] {processor.py:743} INFO - Processing file /home/airflow/.local/lib/python3.7/site-packages/airflow/example_dags/tutorial_taskflow_api.py for tasks to queue
[2024-01-05T14:03:38.668+0000] {logging_mixin.py:137} INFO - [2024-01-05T14:03:38.668+0000] {dagbag.py:538} INFO - Filling up the DagBag from /home/airflow/.local/lib/python3.7/site-packages/airflow/example_dags/tutorial_taskflow_api.py
[2024-01-05T14:03:38.683+0000] {processor.py:753} INFO - DAG(s) dict_keys(['tutorial_taskflow_api']) retrieved from /home/airflow/.local/lib/python3.7/site-packages/airflow/example_dags/tutorial_taskflow_api.py
[2024-01-05T14:03:38.703+0000] {logging_mixin.py:137} INFO - [2024-01-05T14:03:38.703+0000] {dag.py:2690} INFO - Sync 1 DAGs
[2024-01-05T14:03:38.719+0000] {logging_mixin.py:137} INFO - [2024-01-05T14:03:38.719+0000] {dag.py:3441} INFO - Setting next_dagrun for tutorial_taskflow_api to None, run_after=None
[2024-01-05T14:03:38.729+0000] {processor.py:175} INFO - Processing /home/airflow/.local/lib/python3.7/site-packages/airflow/example_dags/tutorial_taskflow_api.py took 0.066 seconds
[2024-01-05T14:04:09.658+0000] {processor.py:153} INFO - Started process (PID=5427) to work on /home/airflow/.local/lib/python3.7/site-packages/airflow/example_dags/tutorial_taskflow_api.py
[2024-01-05T14:04:09.659+0000] {processor.py:743} INFO - Processing file /home/airflow/.local/lib/python3.7/site-packages/airflow/example_dags/tutorial_taskflow_api.py for tasks to queue
[2024-01-05T14:04:09.660+0000] {logging_mixin.py:137} INFO - [2024-01-05T14:04:09.660+0000] {dagbag.py:538} INFO - Filling up the DagBag from /home/airflow/.local/lib/python3.7/site-packages/airflow/example_dags/tutorial_taskflow_api.py
[2024-01-05T14:04:09.677+0000] {processor.py:753} INFO - DAG(s) dict_keys(['tutorial_taskflow_api']) retrieved from /home/airflow/.local/lib/python3.7/site-packages/airflow/example_dags/tutorial_taskflow_api.py
[2024-01-05T14:04:09.699+0000] {logging_mixin.py:137} INFO - [2024-01-05T14:04:09.699+0000] {dag.py:2690} INFO - Sync 1 DAGs
[2024-01-05T14:04:09.723+0000] {logging_mixin.py:137} INFO - [2024-01-05T14:04:09.723+0000] {dag.py:3441} INFO - Setting next_dagrun for tutorial_taskflow_api to None, run_after=None
[2024-01-05T14:04:09.738+0000] {processor.py:175} INFO - Processing /home/airflow/.local/lib/python3.7/site-packages/airflow/example_dags/tutorial_taskflow_api.py took 0.083 seconds
[2024-01-05T14:04:39.803+0000] {processor.py:153} INFO - Started process (PID=5490) to work on /home/airflow/.local/lib/python3.7/site-packages/airflow/example_dags/tutorial_taskflow_api.py
[2024-01-05T14:04:39.804+0000] {processor.py:743} INFO - Processing file /home/airflow/.local/lib/python3.7/site-packages/airflow/example_dags/tutorial_taskflow_api.py for tasks to queue
[2024-01-05T14:04:39.805+0000] {logging_mixin.py:137} INFO - [2024-01-05T14:04:39.805+0000] {dagbag.py:538} INFO - Filling up the DagBag from /home/airflow/.local/lib/python3.7/site-packages/airflow/example_dags/tutorial_taskflow_api.py
[2024-01-05T14:04:39.821+0000] {processor.py:753} INFO - DAG(s) dict_keys(['tutorial_taskflow_api']) retrieved from /home/airflow/.local/lib/python3.7/site-packages/airflow/example_dags/tutorial_taskflow_api.py
[2024-01-05T14:04:39.841+0000] {logging_mixin.py:137} INFO - [2024-01-05T14:04:39.840+0000] {dag.py:2690} INFO - Sync 1 DAGs
[2024-01-05T14:04:39.856+0000] {logging_mixin.py:137} INFO - [2024-01-05T14:04:39.856+0000] {dag.py:3441} INFO - Setting next_dagrun for tutorial_taskflow_api to None, run_after=None
[2024-01-05T14:04:39.866+0000] {processor.py:175} INFO - Processing /home/airflow/.local/lib/python3.7/site-packages/airflow/example_dags/tutorial_taskflow_api.py took 0.066 seconds
[2024-01-05T14:05:10.888+0000] {processor.py:153} INFO - Started process (PID=5565) to work on /home/airflow/.local/lib/python3.7/site-packages/airflow/example_dags/tutorial_taskflow_api.py
[2024-01-05T14:05:10.890+0000] {processor.py:743} INFO - Processing file /home/airflow/.local/lib/python3.7/site-packages/airflow/example_dags/tutorial_taskflow_api.py for tasks to queue
[2024-01-05T14:05:10.891+0000] {logging_mixin.py:137} INFO - [2024-01-05T14:05:10.890+0000] {dagbag.py:538} INFO - Filling up the DagBag from /home/airflow/.local/lib/python3.7/site-packages/airflow/example_dags/tutorial_taskflow_api.py
[2024-01-05T14:05:10.906+0000] {processor.py:753} INFO - DAG(s) dict_keys(['tutorial_taskflow_api']) retrieved from /home/airflow/.local/lib/python3.7/site-packages/airflow/example_dags/tutorial_taskflow_api.py
[2024-01-05T14:05:10.926+0000] {logging_mixin.py:137} INFO - [2024-01-05T14:05:10.926+0000] {dag.py:2690} INFO - Sync 1 DAGs
[2024-01-05T14:05:10.941+0000] {logging_mixin.py:137} INFO - [2024-01-05T14:05:10.941+0000] {dag.py:3441} INFO - Setting next_dagrun for tutorial_taskflow_api to None, run_after=None
[2024-01-05T14:05:10.951+0000] {processor.py:175} INFO - Processing /home/airflow/.local/lib/python3.7/site-packages/airflow/example_dags/tutorial_taskflow_api.py took 0.066 seconds
[2024-01-05T14:05:41.150+0000] {processor.py:153} INFO - Started process (PID=5628) to work on /home/airflow/.local/lib/python3.7/site-packages/airflow/example_dags/tutorial_taskflow_api.py
[2024-01-05T14:05:41.152+0000] {processor.py:743} INFO - Processing file /home/airflow/.local/lib/python3.7/site-packages/airflow/example_dags/tutorial_taskflow_api.py for tasks to queue
[2024-01-05T14:05:41.153+0000] {logging_mixin.py:137} INFO - [2024-01-05T14:05:41.152+0000] {dagbag.py:538} INFO - Filling up the DagBag from /home/airflow/.local/lib/python3.7/site-packages/airflow/example_dags/tutorial_taskflow_api.py
[2024-01-05T14:05:41.167+0000] {processor.py:753} INFO - DAG(s) dict_keys(['tutorial_taskflow_api']) retrieved from /home/airflow/.local/lib/python3.7/site-packages/airflow/example_dags/tutorial_taskflow_api.py
[2024-01-05T14:05:41.190+0000] {logging_mixin.py:137} INFO - [2024-01-05T14:05:41.190+0000] {dag.py:2690} INFO - Sync 1 DAGs
[2024-01-05T14:05:41.215+0000] {logging_mixin.py:137} INFO - [2024-01-05T14:05:41.215+0000] {dag.py:3441} INFO - Setting next_dagrun for tutorial_taskflow_api to None, run_after=None
[2024-01-05T14:05:41.234+0000] {processor.py:175} INFO - Processing /home/airflow/.local/lib/python3.7/site-packages/airflow/example_dags/tutorial_taskflow_api.py took 0.087 seconds
[2024-01-05T14:06:11.980+0000] {processor.py:153} INFO - Started process (PID=5704) to work on /home/airflow/.local/lib/python3.7/site-packages/airflow/example_dags/tutorial_taskflow_api.py
[2024-01-05T14:06:11.982+0000] {processor.py:743} INFO - Processing file /home/airflow/.local/lib/python3.7/site-packages/airflow/example_dags/tutorial_taskflow_api.py for tasks to queue
[2024-01-05T14:06:11.983+0000] {logging_mixin.py:137} INFO - [2024-01-05T14:06:11.983+0000] {dagbag.py:538} INFO - Filling up the DagBag from /home/airflow/.local/lib/python3.7/site-packages/airflow/example_dags/tutorial_taskflow_api.py
[2024-01-05T14:06:11.998+0000] {processor.py:753} INFO - DAG(s) dict_keys(['tutorial_taskflow_api']) retrieved from /home/airflow/.local/lib/python3.7/site-packages/airflow/example_dags/tutorial_taskflow_api.py
[2024-01-05T14:06:12.018+0000] {logging_mixin.py:137} INFO - [2024-01-05T14:06:12.018+0000] {dag.py:2690} INFO - Sync 1 DAGs
[2024-01-05T14:06:12.033+0000] {logging_mixin.py:137} INFO - [2024-01-05T14:06:12.033+0000] {dag.py:3441} INFO - Setting next_dagrun for tutorial_taskflow_api to None, run_after=None
[2024-01-05T14:06:12.044+0000] {processor.py:175} INFO - Processing /home/airflow/.local/lib/python3.7/site-packages/airflow/example_dags/tutorial_taskflow_api.py took 0.067 seconds
[2024-01-05T14:06:42.948+0000] {processor.py:153} INFO - Started process (PID=5774) to work on /home/airflow/.local/lib/python3.7/site-packages/airflow/example_dags/tutorial_taskflow_api.py
[2024-01-05T14:06:42.949+0000] {processor.py:743} INFO - Processing file /home/airflow/.local/lib/python3.7/site-packages/airflow/example_dags/tutorial_taskflow_api.py for tasks to queue
[2024-01-05T14:06:42.950+0000] {logging_mixin.py:137} INFO - [2024-01-05T14:06:42.950+0000] {dagbag.py:538} INFO - Filling up the DagBag from /home/airflow/.local/lib/python3.7/site-packages/airflow/example_dags/tutorial_taskflow_api.py
[2024-01-05T14:06:42.969+0000] {processor.py:753} INFO - DAG(s) dict_keys(['tutorial_taskflow_api']) retrieved from /home/airflow/.local/lib/python3.7/site-packages/airflow/example_dags/tutorial_taskflow_api.py
[2024-01-05T14:06:42.999+0000] {logging_mixin.py:137} INFO - [2024-01-05T14:06:42.999+0000] {dag.py:2690} INFO - Sync 1 DAGs
[2024-01-05T14:06:43.021+0000] {logging_mixin.py:137} INFO - [2024-01-05T14:06:43.021+0000] {dag.py:3441} INFO - Setting next_dagrun for tutorial_taskflow_api to None, run_after=None
[2024-01-05T14:06:43.041+0000] {processor.py:175} INFO - Processing /home/airflow/.local/lib/python3.7/site-packages/airflow/example_dags/tutorial_taskflow_api.py took 0.101 seconds
[2024-01-05T14:07:13.433+0000] {processor.py:153} INFO - Started process (PID=5842) to work on /home/airflow/.local/lib/python3.7/site-packages/airflow/example_dags/tutorial_taskflow_api.py
[2024-01-05T14:07:13.434+0000] {processor.py:743} INFO - Processing file /home/airflow/.local/lib/python3.7/site-packages/airflow/example_dags/tutorial_taskflow_api.py for tasks to queue
[2024-01-05T14:07:13.435+0000] {logging_mixin.py:137} INFO - [2024-01-05T14:07:13.435+0000] {dagbag.py:538} INFO - Filling up the DagBag from /home/airflow/.local/lib/python3.7/site-packages/airflow/example_dags/tutorial_taskflow_api.py
[2024-01-05T14:07:13.451+0000] {processor.py:753} INFO - DAG(s) dict_keys(['tutorial_taskflow_api']) retrieved from /home/airflow/.local/lib/python3.7/site-packages/airflow/example_dags/tutorial_taskflow_api.py
[2024-01-05T14:07:13.473+0000] {logging_mixin.py:137} INFO - [2024-01-05T14:07:13.473+0000] {dag.py:2690} INFO - Sync 1 DAGs
[2024-01-05T14:07:13.494+0000] {logging_mixin.py:137} INFO - [2024-01-05T14:07:13.494+0000] {dag.py:3441} INFO - Setting next_dagrun for tutorial_taskflow_api to None, run_after=None
[2024-01-05T14:07:13.512+0000] {processor.py:175} INFO - Processing /home/airflow/.local/lib/python3.7/site-packages/airflow/example_dags/tutorial_taskflow_api.py took 0.082 seconds
[2024-01-05T14:07:44.073+0000] {processor.py:153} INFO - Started process (PID=5917) to work on /home/airflow/.local/lib/python3.7/site-packages/airflow/example_dags/tutorial_taskflow_api.py
[2024-01-05T14:07:44.075+0000] {processor.py:743} INFO - Processing file /home/airflow/.local/lib/python3.7/site-packages/airflow/example_dags/tutorial_taskflow_api.py for tasks to queue
[2024-01-05T14:07:44.077+0000] {logging_mixin.py:137} INFO - [2024-01-05T14:07:44.077+0000] {dagbag.py:538} INFO - Filling up the DagBag from /home/airflow/.local/lib/python3.7/site-packages/airflow/example_dags/tutorial_taskflow_api.py
[2024-01-05T14:07:44.106+0000] {processor.py:753} INFO - DAG(s) dict_keys(['tutorial_taskflow_api']) retrieved from /home/airflow/.local/lib/python3.7/site-packages/airflow/example_dags/tutorial_taskflow_api.py
[2024-01-05T14:07:44.141+0000] {logging_mixin.py:137} INFO - [2024-01-05T14:07:44.140+0000] {dag.py:2690} INFO - Sync 1 DAGs
[2024-01-05T14:07:44.166+0000] {logging_mixin.py:137} INFO - [2024-01-05T14:07:44.166+0000] {dag.py:3441} INFO - Setting next_dagrun for tutorial_taskflow_api to None, run_after=None
[2024-01-05T14:07:44.190+0000] {processor.py:175} INFO - Processing /home/airflow/.local/lib/python3.7/site-packages/airflow/example_dags/tutorial_taskflow_api.py took 0.120 seconds
[2024-01-05T14:08:14.914+0000] {processor.py:153} INFO - Started process (PID=5980) to work on /home/airflow/.local/lib/python3.7/site-packages/airflow/example_dags/tutorial_taskflow_api.py
[2024-01-05T14:08:14.915+0000] {processor.py:743} INFO - Processing file /home/airflow/.local/lib/python3.7/site-packages/airflow/example_dags/tutorial_taskflow_api.py for tasks to queue
[2024-01-05T14:08:14.916+0000] {logging_mixin.py:137} INFO - [2024-01-05T14:08:14.916+0000] {dagbag.py:538} INFO - Filling up the DagBag from /home/airflow/.local/lib/python3.7/site-packages/airflow/example_dags/tutorial_taskflow_api.py
[2024-01-05T14:08:14.931+0000] {processor.py:753} INFO - DAG(s) dict_keys(['tutorial_taskflow_api']) retrieved from /home/airflow/.local/lib/python3.7/site-packages/airflow/example_dags/tutorial_taskflow_api.py
[2024-01-05T14:08:14.950+0000] {logging_mixin.py:137} INFO - [2024-01-05T14:08:14.949+0000] {dag.py:2690} INFO - Sync 1 DAGs
[2024-01-05T14:08:14.966+0000] {logging_mixin.py:137} INFO - [2024-01-05T14:08:14.965+0000] {dag.py:3441} INFO - Setting next_dagrun for tutorial_taskflow_api to None, run_after=None
[2024-01-05T14:08:14.976+0000] {processor.py:175} INFO - Processing /home/airflow/.local/lib/python3.7/site-packages/airflow/example_dags/tutorial_taskflow_api.py took 0.064 seconds
[2024-01-05T14:08:46.156+0000] {processor.py:153} INFO - Started process (PID=6055) to work on /home/airflow/.local/lib/python3.7/site-packages/airflow/example_dags/tutorial_taskflow_api.py
[2024-01-05T14:08:46.158+0000] {processor.py:743} INFO - Processing file /home/airflow/.local/lib/python3.7/site-packages/airflow/example_dags/tutorial_taskflow_api.py for tasks to queue
[2024-01-05T14:08:46.159+0000] {logging_mixin.py:137} INFO - [2024-01-05T14:08:46.159+0000] {dagbag.py:538} INFO - Filling up the DagBag from /home/airflow/.local/lib/python3.7/site-packages/airflow/example_dags/tutorial_taskflow_api.py
[2024-01-05T14:08:46.180+0000] {processor.py:753} INFO - DAG(s) dict_keys(['tutorial_taskflow_api']) retrieved from /home/airflow/.local/lib/python3.7/site-packages/airflow/example_dags/tutorial_taskflow_api.py
[2024-01-05T14:08:46.207+0000] {logging_mixin.py:137} INFO - [2024-01-05T14:08:46.207+0000] {dag.py:2690} INFO - Sync 1 DAGs
[2024-01-05T14:08:46.226+0000] {logging_mixin.py:137} INFO - [2024-01-05T14:08:46.226+0000] {dag.py:3441} INFO - Setting next_dagrun for tutorial_taskflow_api to None, run_after=None
[2024-01-05T14:08:46.239+0000] {processor.py:175} INFO - Processing /home/airflow/.local/lib/python3.7/site-packages/airflow/example_dags/tutorial_taskflow_api.py took 0.088 seconds
[2024-01-05T14:09:16.558+0000] {processor.py:153} INFO - Started process (PID=6119) to work on /home/airflow/.local/lib/python3.7/site-packages/airflow/example_dags/tutorial_taskflow_api.py
[2024-01-05T14:09:16.560+0000] {processor.py:743} INFO - Processing file /home/airflow/.local/lib/python3.7/site-packages/airflow/example_dags/tutorial_taskflow_api.py for tasks to queue
[2024-01-05T14:09:16.561+0000] {logging_mixin.py:137} INFO - [2024-01-05T14:09:16.561+0000] {dagbag.py:538} INFO - Filling up the DagBag from /home/airflow/.local/lib/python3.7/site-packages/airflow/example_dags/tutorial_taskflow_api.py
[2024-01-05T14:09:16.576+0000] {processor.py:753} INFO - DAG(s) dict_keys(['tutorial_taskflow_api']) retrieved from /home/airflow/.local/lib/python3.7/site-packages/airflow/example_dags/tutorial_taskflow_api.py
[2024-01-05T14:09:16.597+0000] {logging_mixin.py:137} INFO - [2024-01-05T14:09:16.597+0000] {dag.py:2690} INFO - Sync 1 DAGs
[2024-01-05T14:09:16.612+0000] {logging_mixin.py:137} INFO - [2024-01-05T14:09:16.612+0000] {dag.py:3441} INFO - Setting next_dagrun for tutorial_taskflow_api to None, run_after=None
[2024-01-05T14:09:16.624+0000] {processor.py:175} INFO - Processing /home/airflow/.local/lib/python3.7/site-packages/airflow/example_dags/tutorial_taskflow_api.py took 0.069 seconds
[2024-01-05T14:09:46.970+0000] {processor.py:153} INFO - Started process (PID=6194) to work on /home/airflow/.local/lib/python3.7/site-packages/airflow/example_dags/tutorial_taskflow_api.py
[2024-01-05T14:09:46.972+0000] {processor.py:743} INFO - Processing file /home/airflow/.local/lib/python3.7/site-packages/airflow/example_dags/tutorial_taskflow_api.py for tasks to queue
[2024-01-05T14:09:46.974+0000] {logging_mixin.py:137} INFO - [2024-01-05T14:09:46.974+0000] {dagbag.py:538} INFO - Filling up the DagBag from /home/airflow/.local/lib/python3.7/site-packages/airflow/example_dags/tutorial_taskflow_api.py
[2024-01-05T14:09:46.998+0000] {processor.py:753} INFO - DAG(s) dict_keys(['tutorial_taskflow_api']) retrieved from /home/airflow/.local/lib/python3.7/site-packages/airflow/example_dags/tutorial_taskflow_api.py
[2024-01-05T14:09:47.032+0000] {logging_mixin.py:137} INFO - [2024-01-05T14:09:47.032+0000] {dag.py:2690} INFO - Sync 1 DAGs
[2024-01-05T14:09:47.062+0000] {logging_mixin.py:137} INFO - [2024-01-05T14:09:47.061+0000] {dag.py:3441} INFO - Setting next_dagrun for tutorial_taskflow_api to None, run_after=None
[2024-01-05T14:09:47.077+0000] {processor.py:175} INFO - Processing /home/airflow/.local/lib/python3.7/site-packages/airflow/example_dags/tutorial_taskflow_api.py took 0.112 seconds
[2024-01-05T14:10:18.136+0000] {processor.py:153} INFO - Started process (PID=6256) to work on /home/airflow/.local/lib/python3.7/site-packages/airflow/example_dags/tutorial_taskflow_api.py
[2024-01-05T14:10:18.138+0000] {processor.py:743} INFO - Processing file /home/airflow/.local/lib/python3.7/site-packages/airflow/example_dags/tutorial_taskflow_api.py for tasks to queue
[2024-01-05T14:10:18.139+0000] {logging_mixin.py:137} INFO - [2024-01-05T14:10:18.139+0000] {dagbag.py:538} INFO - Filling up the DagBag from /home/airflow/.local/lib/python3.7/site-packages/airflow/example_dags/tutorial_taskflow_api.py
[2024-01-05T14:10:18.156+0000] {processor.py:753} INFO - DAG(s) dict_keys(['tutorial_taskflow_api']) retrieved from /home/airflow/.local/lib/python3.7/site-packages/airflow/example_dags/tutorial_taskflow_api.py
[2024-01-05T14:10:18.177+0000] {logging_mixin.py:137} INFO - [2024-01-05T14:10:18.177+0000] {dag.py:2690} INFO - Sync 1 DAGs
[2024-01-05T14:10:18.194+0000] {logging_mixin.py:137} INFO - [2024-01-05T14:10:18.194+0000] {dag.py:3441} INFO - Setting next_dagrun for tutorial_taskflow_api to None, run_after=None
[2024-01-05T14:10:18.205+0000] {processor.py:175} INFO - Processing /home/airflow/.local/lib/python3.7/site-packages/airflow/example_dags/tutorial_taskflow_api.py took 0.072 seconds
[2024-01-05T14:10:48.892+0000] {processor.py:153} INFO - Started process (PID=6329) to work on /home/airflow/.local/lib/python3.7/site-packages/airflow/example_dags/tutorial_taskflow_api.py
[2024-01-05T14:10:48.893+0000] {processor.py:743} INFO - Processing file /home/airflow/.local/lib/python3.7/site-packages/airflow/example_dags/tutorial_taskflow_api.py for tasks to queue
[2024-01-05T14:10:48.894+0000] {logging_mixin.py:137} INFO - [2024-01-05T14:10:48.894+0000] {dagbag.py:538} INFO - Filling up the DagBag from /home/airflow/.local/lib/python3.7/site-packages/airflow/example_dags/tutorial_taskflow_api.py
[2024-01-05T14:10:48.910+0000] {processor.py:753} INFO - DAG(s) dict_keys(['tutorial_taskflow_api']) retrieved from /home/airflow/.local/lib/python3.7/site-packages/airflow/example_dags/tutorial_taskflow_api.py
[2024-01-05T14:10:48.930+0000] {logging_mixin.py:137} INFO - [2024-01-05T14:10:48.930+0000] {dag.py:2690} INFO - Sync 1 DAGs
[2024-01-05T14:10:48.947+0000] {logging_mixin.py:137} INFO - [2024-01-05T14:10:48.947+0000] {dag.py:3441} INFO - Setting next_dagrun for tutorial_taskflow_api to None, run_after=None
[2024-01-05T14:10:48.958+0000] {processor.py:175} INFO - Processing /home/airflow/.local/lib/python3.7/site-packages/airflow/example_dags/tutorial_taskflow_api.py took 0.070 seconds
[2024-01-05T14:11:19.739+0000] {processor.py:153} INFO - Started process (PID=6392) to work on /home/airflow/.local/lib/python3.7/site-packages/airflow/example_dags/tutorial_taskflow_api.py
[2024-01-05T14:11:19.741+0000] {processor.py:743} INFO - Processing file /home/airflow/.local/lib/python3.7/site-packages/airflow/example_dags/tutorial_taskflow_api.py for tasks to queue
[2024-01-05T14:11:19.741+0000] {logging_mixin.py:137} INFO - [2024-01-05T14:11:19.741+0000] {dagbag.py:538} INFO - Filling up the DagBag from /home/airflow/.local/lib/python3.7/site-packages/airflow/example_dags/tutorial_taskflow_api.py
[2024-01-05T14:11:19.759+0000] {processor.py:753} INFO - DAG(s) dict_keys(['tutorial_taskflow_api']) retrieved from /home/airflow/.local/lib/python3.7/site-packages/airflow/example_dags/tutorial_taskflow_api.py
[2024-01-05T14:11:19.784+0000] {logging_mixin.py:137} INFO - [2024-01-05T14:11:19.784+0000] {dag.py:2690} INFO - Sync 1 DAGs
[2024-01-05T14:11:19.802+0000] {logging_mixin.py:137} INFO - [2024-01-05T14:11:19.802+0000] {dag.py:3441} INFO - Setting next_dagrun for tutorial_taskflow_api to None, run_after=None
[2024-01-05T14:11:19.816+0000] {processor.py:175} INFO - Processing /home/airflow/.local/lib/python3.7/site-packages/airflow/example_dags/tutorial_taskflow_api.py took 0.081 seconds
[2024-01-05T14:11:50.108+0000] {processor.py:153} INFO - Started process (PID=6466) to work on /home/airflow/.local/lib/python3.7/site-packages/airflow/example_dags/tutorial_taskflow_api.py
[2024-01-05T14:11:50.110+0000] {processor.py:743} INFO - Processing file /home/airflow/.local/lib/python3.7/site-packages/airflow/example_dags/tutorial_taskflow_api.py for tasks to queue
[2024-01-05T14:11:50.111+0000] {logging_mixin.py:137} INFO - [2024-01-05T14:11:50.111+0000] {dagbag.py:538} INFO - Filling up the DagBag from /home/airflow/.local/lib/python3.7/site-packages/airflow/example_dags/tutorial_taskflow_api.py
[2024-01-05T14:11:50.127+0000] {processor.py:753} INFO - DAG(s) dict_keys(['tutorial_taskflow_api']) retrieved from /home/airflow/.local/lib/python3.7/site-packages/airflow/example_dags/tutorial_taskflow_api.py
[2024-01-05T14:11:50.147+0000] {logging_mixin.py:137} INFO - [2024-01-05T14:11:50.147+0000] {dag.py:2690} INFO - Sync 1 DAGs
[2024-01-05T14:11:50.163+0000] {logging_mixin.py:137} INFO - [2024-01-05T14:11:50.163+0000] {dag.py:3441} INFO - Setting next_dagrun for tutorial_taskflow_api to None, run_after=None
[2024-01-05T14:11:50.175+0000] {processor.py:175} INFO - Processing /home/airflow/.local/lib/python3.7/site-packages/airflow/example_dags/tutorial_taskflow_api.py took 0.070 seconds
[2024-01-05T14:12:20.794+0000] {processor.py:153} INFO - Started process (PID=6542) to work on /home/airflow/.local/lib/python3.7/site-packages/airflow/example_dags/tutorial_taskflow_api.py
[2024-01-05T14:12:20.796+0000] {processor.py:743} INFO - Processing file /home/airflow/.local/lib/python3.7/site-packages/airflow/example_dags/tutorial_taskflow_api.py for tasks to queue
[2024-01-05T14:12:20.797+0000] {logging_mixin.py:137} INFO - [2024-01-05T14:12:20.797+0000] {dagbag.py:538} INFO - Filling up the DagBag from /home/airflow/.local/lib/python3.7/site-packages/airflow/example_dags/tutorial_taskflow_api.py
[2024-01-05T14:12:20.820+0000] {processor.py:753} INFO - DAG(s) dict_keys(['tutorial_taskflow_api']) retrieved from /home/airflow/.local/lib/python3.7/site-packages/airflow/example_dags/tutorial_taskflow_api.py
[2024-01-05T14:12:20.847+0000] {logging_mixin.py:137} INFO - [2024-01-05T14:12:20.847+0000] {dag.py:2690} INFO - Sync 1 DAGs
[2024-01-05T14:12:20.875+0000] {logging_mixin.py:137} INFO - [2024-01-05T14:12:20.875+0000] {dag.py:3441} INFO - Setting next_dagrun for tutorial_taskflow_api to None, run_after=None
[2024-01-05T14:12:20.892+0000] {processor.py:175} INFO - Processing /home/airflow/.local/lib/python3.7/site-packages/airflow/example_dags/tutorial_taskflow_api.py took 0.102 seconds
[2024-01-05T14:12:51.649+0000] {processor.py:153} INFO - Started process (PID=6605) to work on /home/airflow/.local/lib/python3.7/site-packages/airflow/example_dags/tutorial_taskflow_api.py
[2024-01-05T14:12:51.651+0000] {processor.py:743} INFO - Processing file /home/airflow/.local/lib/python3.7/site-packages/airflow/example_dags/tutorial_taskflow_api.py for tasks to queue
[2024-01-05T14:12:51.652+0000] {logging_mixin.py:137} INFO - [2024-01-05T14:12:51.651+0000] {dagbag.py:538} INFO - Filling up the DagBag from /home/airflow/.local/lib/python3.7/site-packages/airflow/example_dags/tutorial_taskflow_api.py
[2024-01-05T14:12:51.668+0000] {processor.py:753} INFO - DAG(s) dict_keys(['tutorial_taskflow_api']) retrieved from /home/airflow/.local/lib/python3.7/site-packages/airflow/example_dags/tutorial_taskflow_api.py
[2024-01-05T14:12:51.689+0000] {logging_mixin.py:137} INFO - [2024-01-05T14:12:51.689+0000] {dag.py:2690} INFO - Sync 1 DAGs
[2024-01-05T14:12:51.710+0000] {logging_mixin.py:137} INFO - [2024-01-05T14:12:51.710+0000] {dag.py:3441} INFO - Setting next_dagrun for tutorial_taskflow_api to None, run_after=None
[2024-01-05T14:12:51.724+0000] {processor.py:175} INFO - Processing /home/airflow/.local/lib/python3.7/site-packages/airflow/example_dags/tutorial_taskflow_api.py took 0.078 seconds
[2024-01-05T14:13:22.381+0000] {processor.py:153} INFO - Started process (PID=6679) to work on /home/airflow/.local/lib/python3.7/site-packages/airflow/example_dags/tutorial_taskflow_api.py
[2024-01-05T14:13:22.382+0000] {processor.py:743} INFO - Processing file /home/airflow/.local/lib/python3.7/site-packages/airflow/example_dags/tutorial_taskflow_api.py for tasks to queue
[2024-01-05T14:13:22.383+0000] {logging_mixin.py:137} INFO - [2024-01-05T14:13:22.383+0000] {dagbag.py:538} INFO - Filling up the DagBag from /home/airflow/.local/lib/python3.7/site-packages/airflow/example_dags/tutorial_taskflow_api.py
[2024-01-05T14:13:22.401+0000] {processor.py:753} INFO - DAG(s) dict_keys(['tutorial_taskflow_api']) retrieved from /home/airflow/.local/lib/python3.7/site-packages/airflow/example_dags/tutorial_taskflow_api.py
[2024-01-05T14:13:22.420+0000] {logging_mixin.py:137} INFO - [2024-01-05T14:13:22.420+0000] {dag.py:2690} INFO - Sync 1 DAGs
[2024-01-05T14:13:22.436+0000] {logging_mixin.py:137} INFO - [2024-01-05T14:13:22.436+0000] {dag.py:3441} INFO - Setting next_dagrun for tutorial_taskflow_api to None, run_after=None
[2024-01-05T14:13:22.447+0000] {processor.py:175} INFO - Processing /home/airflow/.local/lib/python3.7/site-packages/airflow/example_dags/tutorial_taskflow_api.py took 0.069 seconds
[2024-01-05T14:13:53.185+0000] {processor.py:153} INFO - Started process (PID=6742) to work on /home/airflow/.local/lib/python3.7/site-packages/airflow/example_dags/tutorial_taskflow_api.py
[2024-01-05T14:13:53.187+0000] {processor.py:743} INFO - Processing file /home/airflow/.local/lib/python3.7/site-packages/airflow/example_dags/tutorial_taskflow_api.py for tasks to queue
[2024-01-05T14:13:53.187+0000] {logging_mixin.py:137} INFO - [2024-01-05T14:13:53.187+0000] {dagbag.py:538} INFO - Filling up the DagBag from /home/airflow/.local/lib/python3.7/site-packages/airflow/example_dags/tutorial_taskflow_api.py
[2024-01-05T14:13:53.206+0000] {processor.py:753} INFO - DAG(s) dict_keys(['tutorial_taskflow_api']) retrieved from /home/airflow/.local/lib/python3.7/site-packages/airflow/example_dags/tutorial_taskflow_api.py
[2024-01-05T14:13:53.227+0000] {logging_mixin.py:137} INFO - [2024-01-05T14:13:53.227+0000] {dag.py:2690} INFO - Sync 1 DAGs
[2024-01-05T14:13:53.244+0000] {logging_mixin.py:137} INFO - [2024-01-05T14:13:53.244+0000] {dag.py:3441} INFO - Setting next_dagrun for tutorial_taskflow_api to None, run_after=None
[2024-01-05T14:13:53.257+0000] {processor.py:175} INFO - Processing /home/airflow/.local/lib/python3.7/site-packages/airflow/example_dags/tutorial_taskflow_api.py took 0.075 seconds
[2024-01-05T14:14:23.423+0000] {processor.py:153} INFO - Started process (PID=6818) to work on /home/airflow/.local/lib/python3.7/site-packages/airflow/example_dags/tutorial_taskflow_api.py
[2024-01-05T14:14:23.424+0000] {processor.py:743} INFO - Processing file /home/airflow/.local/lib/python3.7/site-packages/airflow/example_dags/tutorial_taskflow_api.py for tasks to queue
[2024-01-05T14:14:23.425+0000] {logging_mixin.py:137} INFO - [2024-01-05T14:14:23.425+0000] {dagbag.py:538} INFO - Filling up the DagBag from /home/airflow/.local/lib/python3.7/site-packages/airflow/example_dags/tutorial_taskflow_api.py
[2024-01-05T14:14:23.442+0000] {processor.py:753} INFO - DAG(s) dict_keys(['tutorial_taskflow_api']) retrieved from /home/airflow/.local/lib/python3.7/site-packages/airflow/example_dags/tutorial_taskflow_api.py
[2024-01-05T14:14:23.462+0000] {logging_mixin.py:137} INFO - [2024-01-05T14:14:23.462+0000] {dag.py:2690} INFO - Sync 1 DAGs
[2024-01-05T14:14:23.478+0000] {logging_mixin.py:137} INFO - [2024-01-05T14:14:23.478+0000] {dag.py:3441} INFO - Setting next_dagrun for tutorial_taskflow_api to None, run_after=None
[2024-01-05T14:14:23.489+0000] {processor.py:175} INFO - Processing /home/airflow/.local/lib/python3.7/site-packages/airflow/example_dags/tutorial_taskflow_api.py took 0.069 seconds
[2024-01-05T14:14:54.146+0000] {processor.py:153} INFO - Started process (PID=6881) to work on /home/airflow/.local/lib/python3.7/site-packages/airflow/example_dags/tutorial_taskflow_api.py
[2024-01-05T14:14:54.147+0000] {processor.py:743} INFO - Processing file /home/airflow/.local/lib/python3.7/site-packages/airflow/example_dags/tutorial_taskflow_api.py for tasks to queue
[2024-01-05T14:14:54.148+0000] {logging_mixin.py:137} INFO - [2024-01-05T14:14:54.148+0000] {dagbag.py:538} INFO - Filling up the DagBag from /home/airflow/.local/lib/python3.7/site-packages/airflow/example_dags/tutorial_taskflow_api.py
[2024-01-05T14:14:54.165+0000] {processor.py:753} INFO - DAG(s) dict_keys(['tutorial_taskflow_api']) retrieved from /home/airflow/.local/lib/python3.7/site-packages/airflow/example_dags/tutorial_taskflow_api.py
[2024-01-05T14:14:54.186+0000] {logging_mixin.py:137} INFO - [2024-01-05T14:14:54.186+0000] {dag.py:2690} INFO - Sync 1 DAGs
[2024-01-05T14:14:54.204+0000] {logging_mixin.py:137} INFO - [2024-01-05T14:14:54.204+0000] {dag.py:3441} INFO - Setting next_dagrun for tutorial_taskflow_api to None, run_after=None
[2024-01-05T14:14:54.216+0000] {processor.py:175} INFO - Processing /home/airflow/.local/lib/python3.7/site-packages/airflow/example_dags/tutorial_taskflow_api.py took 0.072 seconds
[2024-01-05T14:15:25.286+0000] {processor.py:153} INFO - Started process (PID=6956) to work on /home/airflow/.local/lib/python3.7/site-packages/airflow/example_dags/tutorial_taskflow_api.py
[2024-01-05T14:15:25.288+0000] {processor.py:743} INFO - Processing file /home/airflow/.local/lib/python3.7/site-packages/airflow/example_dags/tutorial_taskflow_api.py for tasks to queue
[2024-01-05T14:15:25.289+0000] {logging_mixin.py:137} INFO - [2024-01-05T14:15:25.289+0000] {dagbag.py:538} INFO - Filling up the DagBag from /home/airflow/.local/lib/python3.7/site-packages/airflow/example_dags/tutorial_taskflow_api.py
[2024-01-05T14:15:25.306+0000] {processor.py:753} INFO - DAG(s) dict_keys(['tutorial_taskflow_api']) retrieved from /home/airflow/.local/lib/python3.7/site-packages/airflow/example_dags/tutorial_taskflow_api.py
[2024-01-05T14:15:25.325+0000] {logging_mixin.py:137} INFO - [2024-01-05T14:15:25.325+0000] {dag.py:2690} INFO - Sync 1 DAGs
[2024-01-05T14:15:25.341+0000] {logging_mixin.py:137} INFO - [2024-01-05T14:15:25.341+0000] {dag.py:3441} INFO - Setting next_dagrun for tutorial_taskflow_api to None, run_after=None
[2024-01-05T14:15:25.353+0000] {processor.py:175} INFO - Processing /home/airflow/.local/lib/python3.7/site-packages/airflow/example_dags/tutorial_taskflow_api.py took 0.070 seconds
[2024-01-05T14:15:55.420+0000] {processor.py:153} INFO - Started process (PID=7019) to work on /home/airflow/.local/lib/python3.7/site-packages/airflow/example_dags/tutorial_taskflow_api.py
[2024-01-05T14:15:55.421+0000] {processor.py:743} INFO - Processing file /home/airflow/.local/lib/python3.7/site-packages/airflow/example_dags/tutorial_taskflow_api.py for tasks to queue
[2024-01-05T14:15:55.422+0000] {logging_mixin.py:137} INFO - [2024-01-05T14:15:55.422+0000] {dagbag.py:538} INFO - Filling up the DagBag from /home/airflow/.local/lib/python3.7/site-packages/airflow/example_dags/tutorial_taskflow_api.py
[2024-01-05T14:15:55.438+0000] {processor.py:753} INFO - DAG(s) dict_keys(['tutorial_taskflow_api']) retrieved from /home/airflow/.local/lib/python3.7/site-packages/airflow/example_dags/tutorial_taskflow_api.py
[2024-01-05T14:15:55.459+0000] {logging_mixin.py:137} INFO - [2024-01-05T14:15:55.459+0000] {dag.py:2690} INFO - Sync 1 DAGs
[2024-01-05T14:15:55.475+0000] {logging_mixin.py:137} INFO - [2024-01-05T14:15:55.475+0000] {dag.py:3441} INFO - Setting next_dagrun for tutorial_taskflow_api to None, run_after=None
[2024-01-05T14:15:55.486+0000] {processor.py:175} INFO - Processing /home/airflow/.local/lib/python3.7/site-packages/airflow/example_dags/tutorial_taskflow_api.py took 0.069 seconds
[2024-01-05T14:16:26.519+0000] {processor.py:153} INFO - Started process (PID=7094) to work on /home/airflow/.local/lib/python3.7/site-packages/airflow/example_dags/tutorial_taskflow_api.py
[2024-01-05T14:16:26.520+0000] {processor.py:743} INFO - Processing file /home/airflow/.local/lib/python3.7/site-packages/airflow/example_dags/tutorial_taskflow_api.py for tasks to queue
[2024-01-05T14:16:26.521+0000] {logging_mixin.py:137} INFO - [2024-01-05T14:16:26.521+0000] {dagbag.py:538} INFO - Filling up the DagBag from /home/airflow/.local/lib/python3.7/site-packages/airflow/example_dags/tutorial_taskflow_api.py
[2024-01-05T14:16:26.541+0000] {processor.py:753} INFO - DAG(s) dict_keys(['tutorial_taskflow_api']) retrieved from /home/airflow/.local/lib/python3.7/site-packages/airflow/example_dags/tutorial_taskflow_api.py
[2024-01-05T14:16:26.566+0000] {logging_mixin.py:137} INFO - [2024-01-05T14:16:26.566+0000] {dag.py:2690} INFO - Sync 1 DAGs
[2024-01-05T14:16:26.583+0000] {logging_mixin.py:137} INFO - [2024-01-05T14:16:26.582+0000] {dag.py:3441} INFO - Setting next_dagrun for tutorial_taskflow_api to None, run_after=None
[2024-01-05T14:16:26.595+0000] {processor.py:175} INFO - Processing /home/airflow/.local/lib/python3.7/site-packages/airflow/example_dags/tutorial_taskflow_api.py took 0.078 seconds
[2024-01-05T14:16:57.225+0000] {processor.py:153} INFO - Started process (PID=7158) to work on /home/airflow/.local/lib/python3.7/site-packages/airflow/example_dags/tutorial_taskflow_api.py
[2024-01-05T14:16:57.228+0000] {processor.py:743} INFO - Processing file /home/airflow/.local/lib/python3.7/site-packages/airflow/example_dags/tutorial_taskflow_api.py for tasks to queue
[2024-01-05T14:16:57.233+0000] {logging_mixin.py:137} INFO - [2024-01-05T14:16:57.232+0000] {dagbag.py:538} INFO - Filling up the DagBag from /home/airflow/.local/lib/python3.7/site-packages/airflow/example_dags/tutorial_taskflow_api.py
[2024-01-05T14:16:57.258+0000] {processor.py:753} INFO - DAG(s) dict_keys(['tutorial_taskflow_api']) retrieved from /home/airflow/.local/lib/python3.7/site-packages/airflow/example_dags/tutorial_taskflow_api.py
[2024-01-05T14:16:57.349+0000] {logging_mixin.py:137} INFO - [2024-01-05T14:16:57.348+0000] {dag.py:2690} INFO - Sync 1 DAGs
[2024-01-05T14:16:57.403+0000] {logging_mixin.py:137} INFO - [2024-01-05T14:16:57.403+0000] {dag.py:3441} INFO - Setting next_dagrun for tutorial_taskflow_api to None, run_after=None
[2024-01-05T14:16:57.446+0000] {processor.py:175} INFO - Processing /home/airflow/.local/lib/python3.7/site-packages/airflow/example_dags/tutorial_taskflow_api.py took 0.224 seconds
[2024-01-05T14:17:27.690+0000] {processor.py:153} INFO - Started process (PID=7232) to work on /home/airflow/.local/lib/python3.7/site-packages/airflow/example_dags/tutorial_taskflow_api.py
[2024-01-05T14:17:27.691+0000] {processor.py:743} INFO - Processing file /home/airflow/.local/lib/python3.7/site-packages/airflow/example_dags/tutorial_taskflow_api.py for tasks to queue
[2024-01-05T14:17:27.693+0000] {logging_mixin.py:137} INFO - [2024-01-05T14:17:27.692+0000] {dagbag.py:538} INFO - Filling up the DagBag from /home/airflow/.local/lib/python3.7/site-packages/airflow/example_dags/tutorial_taskflow_api.py
[2024-01-05T14:17:27.710+0000] {processor.py:753} INFO - DAG(s) dict_keys(['tutorial_taskflow_api']) retrieved from /home/airflow/.local/lib/python3.7/site-packages/airflow/example_dags/tutorial_taskflow_api.py
[2024-01-05T14:17:27.731+0000] {logging_mixin.py:137} INFO - [2024-01-05T14:17:27.731+0000] {dag.py:2690} INFO - Sync 1 DAGs
[2024-01-05T14:17:27.749+0000] {logging_mixin.py:137} INFO - [2024-01-05T14:17:27.749+0000] {dag.py:3441} INFO - Setting next_dagrun for tutorial_taskflow_api to None, run_after=None
[2024-01-05T14:17:27.766+0000] {processor.py:175} INFO - Processing /home/airflow/.local/lib/python3.7/site-packages/airflow/example_dags/tutorial_taskflow_api.py took 0.080 seconds
[2024-01-05T14:17:59.018+0000] {processor.py:153} INFO - Started process (PID=7304) to work on /home/airflow/.local/lib/python3.7/site-packages/airflow/example_dags/tutorial_taskflow_api.py
[2024-01-05T14:17:59.022+0000] {processor.py:743} INFO - Processing file /home/airflow/.local/lib/python3.7/site-packages/airflow/example_dags/tutorial_taskflow_api.py for tasks to queue
[2024-01-05T14:17:59.024+0000] {logging_mixin.py:137} INFO - [2024-01-05T14:17:59.024+0000] {dagbag.py:538} INFO - Filling up the DagBag from /home/airflow/.local/lib/python3.7/site-packages/airflow/example_dags/tutorial_taskflow_api.py
[2024-01-05T14:17:59.049+0000] {processor.py:753} INFO - DAG(s) dict_keys(['tutorial_taskflow_api']) retrieved from /home/airflow/.local/lib/python3.7/site-packages/airflow/example_dags/tutorial_taskflow_api.py
[2024-01-05T14:17:59.077+0000] {logging_mixin.py:137} INFO - [2024-01-05T14:17:59.077+0000] {dag.py:2690} INFO - Sync 1 DAGs
[2024-01-05T14:17:59.106+0000] {logging_mixin.py:137} INFO - [2024-01-05T14:17:59.106+0000] {dag.py:3441} INFO - Setting next_dagrun for tutorial_taskflow_api to None, run_after=None
[2024-01-05T14:17:59.135+0000] {processor.py:175} INFO - Processing /home/airflow/.local/lib/python3.7/site-packages/airflow/example_dags/tutorial_taskflow_api.py took 0.144 seconds
[2024-01-05T14:18:29.431+0000] {processor.py:153} INFO - Started process (PID=7369) to work on /home/airflow/.local/lib/python3.7/site-packages/airflow/example_dags/tutorial_taskflow_api.py
[2024-01-05T14:18:29.433+0000] {processor.py:743} INFO - Processing file /home/airflow/.local/lib/python3.7/site-packages/airflow/example_dags/tutorial_taskflow_api.py for tasks to queue
[2024-01-05T14:18:29.434+0000] {logging_mixin.py:137} INFO - [2024-01-05T14:18:29.434+0000] {dagbag.py:538} INFO - Filling up the DagBag from /home/airflow/.local/lib/python3.7/site-packages/airflow/example_dags/tutorial_taskflow_api.py
[2024-01-05T14:18:29.451+0000] {processor.py:753} INFO - DAG(s) dict_keys(['tutorial_taskflow_api']) retrieved from /home/airflow/.local/lib/python3.7/site-packages/airflow/example_dags/tutorial_taskflow_api.py
[2024-01-05T14:18:29.476+0000] {logging_mixin.py:137} INFO - [2024-01-05T14:18:29.476+0000] {dag.py:2690} INFO - Sync 1 DAGs
[2024-01-05T14:18:29.506+0000] {logging_mixin.py:137} INFO - [2024-01-05T14:18:29.506+0000] {dag.py:3441} INFO - Setting next_dagrun for tutorial_taskflow_api to None, run_after=None
[2024-01-05T14:18:29.518+0000] {processor.py:175} INFO - Processing /home/airflow/.local/lib/python3.7/site-packages/airflow/example_dags/tutorial_taskflow_api.py took 0.090 seconds
[2024-01-05T14:18:59.859+0000] {processor.py:153} INFO - Started process (PID=7444) to work on /home/airflow/.local/lib/python3.7/site-packages/airflow/example_dags/tutorial_taskflow_api.py
[2024-01-05T14:18:59.860+0000] {processor.py:743} INFO - Processing file /home/airflow/.local/lib/python3.7/site-packages/airflow/example_dags/tutorial_taskflow_api.py for tasks to queue
[2024-01-05T14:18:59.861+0000] {logging_mixin.py:137} INFO - [2024-01-05T14:18:59.861+0000] {dagbag.py:538} INFO - Filling up the DagBag from /home/airflow/.local/lib/python3.7/site-packages/airflow/example_dags/tutorial_taskflow_api.py
[2024-01-05T14:18:59.875+0000] {processor.py:753} INFO - DAG(s) dict_keys(['tutorial_taskflow_api']) retrieved from /home/airflow/.local/lib/python3.7/site-packages/airflow/example_dags/tutorial_taskflow_api.py
[2024-01-05T14:18:59.902+0000] {logging_mixin.py:137} INFO - [2024-01-05T14:18:59.902+0000] {dag.py:2690} INFO - Sync 1 DAGs
[2024-01-05T14:18:59.922+0000] {logging_mixin.py:137} INFO - [2024-01-05T14:18:59.922+0000] {dag.py:3441} INFO - Setting next_dagrun for tutorial_taskflow_api to None, run_after=None
[2024-01-05T14:18:59.936+0000] {processor.py:175} INFO - Processing /home/airflow/.local/lib/python3.7/site-packages/airflow/example_dags/tutorial_taskflow_api.py took 0.080 seconds
[2024-01-05T14:19:31.077+0000] {processor.py:153} INFO - Started process (PID=7507) to work on /home/airflow/.local/lib/python3.7/site-packages/airflow/example_dags/tutorial_taskflow_api.py
[2024-01-05T14:19:31.080+0000] {processor.py:743} INFO - Processing file /home/airflow/.local/lib/python3.7/site-packages/airflow/example_dags/tutorial_taskflow_api.py for tasks to queue
[2024-01-05T14:19:31.081+0000] {logging_mixin.py:137} INFO - [2024-01-05T14:19:31.081+0000] {dagbag.py:538} INFO - Filling up the DagBag from /home/airflow/.local/lib/python3.7/site-packages/airflow/example_dags/tutorial_taskflow_api.py
[2024-01-05T14:19:31.101+0000] {processor.py:753} INFO - DAG(s) dict_keys(['tutorial_taskflow_api']) retrieved from /home/airflow/.local/lib/python3.7/site-packages/airflow/example_dags/tutorial_taskflow_api.py
[2024-01-05T14:19:31.128+0000] {logging_mixin.py:137} INFO - [2024-01-05T14:19:31.128+0000] {dag.py:2690} INFO - Sync 1 DAGs
[2024-01-05T14:19:31.149+0000] {logging_mixin.py:137} INFO - [2024-01-05T14:19:31.149+0000] {dag.py:3441} INFO - Setting next_dagrun for tutorial_taskflow_api to None, run_after=None
[2024-01-05T14:19:31.170+0000] {processor.py:175} INFO - Processing /home/airflow/.local/lib/python3.7/site-packages/airflow/example_dags/tutorial_taskflow_api.py took 0.098 seconds
[2024-01-05T14:20:01.239+0000] {processor.py:153} INFO - Started process (PID=7581) to work on /home/airflow/.local/lib/python3.7/site-packages/airflow/example_dags/tutorial_taskflow_api.py
[2024-01-05T14:20:01.240+0000] {processor.py:743} INFO - Processing file /home/airflow/.local/lib/python3.7/site-packages/airflow/example_dags/tutorial_taskflow_api.py for tasks to queue
[2024-01-05T14:20:01.241+0000] {logging_mixin.py:137} INFO - [2024-01-05T14:20:01.241+0000] {dagbag.py:538} INFO - Filling up the DagBag from /home/airflow/.local/lib/python3.7/site-packages/airflow/example_dags/tutorial_taskflow_api.py
[2024-01-05T14:20:01.255+0000] {processor.py:753} INFO - DAG(s) dict_keys(['tutorial_taskflow_api']) retrieved from /home/airflow/.local/lib/python3.7/site-packages/airflow/example_dags/tutorial_taskflow_api.py
[2024-01-05T14:20:01.275+0000] {logging_mixin.py:137} INFO - [2024-01-05T14:20:01.275+0000] {dag.py:2690} INFO - Sync 1 DAGs
[2024-01-05T14:20:01.291+0000] {logging_mixin.py:137} INFO - [2024-01-05T14:20:01.291+0000] {dag.py:3441} INFO - Setting next_dagrun for tutorial_taskflow_api to None, run_after=None
[2024-01-05T14:20:01.301+0000] {processor.py:175} INFO - Processing /home/airflow/.local/lib/python3.7/site-packages/airflow/example_dags/tutorial_taskflow_api.py took 0.065 seconds
[2024-01-05T14:20:32.708+0000] {processor.py:153} INFO - Started process (PID=7656) to work on /home/airflow/.local/lib/python3.7/site-packages/airflow/example_dags/tutorial_taskflow_api.py
[2024-01-05T14:20:32.710+0000] {processor.py:743} INFO - Processing file /home/airflow/.local/lib/python3.7/site-packages/airflow/example_dags/tutorial_taskflow_api.py for tasks to queue
[2024-01-05T14:20:32.711+0000] {logging_mixin.py:137} INFO - [2024-01-05T14:20:32.711+0000] {dagbag.py:538} INFO - Filling up the DagBag from /home/airflow/.local/lib/python3.7/site-packages/airflow/example_dags/tutorial_taskflow_api.py
[2024-01-05T14:20:32.732+0000] {processor.py:753} INFO - DAG(s) dict_keys(['tutorial_taskflow_api']) retrieved from /home/airflow/.local/lib/python3.7/site-packages/airflow/example_dags/tutorial_taskflow_api.py
[2024-01-05T14:20:32.763+0000] {logging_mixin.py:137} INFO - [2024-01-05T14:20:32.763+0000] {dag.py:2690} INFO - Sync 1 DAGs
[2024-01-05T14:20:32.807+0000] {logging_mixin.py:137} INFO - [2024-01-05T14:20:32.807+0000] {dag.py:3441} INFO - Setting next_dagrun for tutorial_taskflow_api to None, run_after=None
[2024-01-05T14:20:32.839+0000] {processor.py:175} INFO - Processing /home/airflow/.local/lib/python3.7/site-packages/airflow/example_dags/tutorial_taskflow_api.py took 0.136 seconds
[2024-01-05T14:21:03.005+0000] {processor.py:153} INFO - Started process (PID=7719) to work on /home/airflow/.local/lib/python3.7/site-packages/airflow/example_dags/tutorial_taskflow_api.py
[2024-01-05T14:21:03.007+0000] {processor.py:743} INFO - Processing file /home/airflow/.local/lib/python3.7/site-packages/airflow/example_dags/tutorial_taskflow_api.py for tasks to queue
[2024-01-05T14:21:03.009+0000] {logging_mixin.py:137} INFO - [2024-01-05T14:21:03.009+0000] {dagbag.py:538} INFO - Filling up the DagBag from /home/airflow/.local/lib/python3.7/site-packages/airflow/example_dags/tutorial_taskflow_api.py
[2024-01-05T14:21:03.025+0000] {processor.py:753} INFO - DAG(s) dict_keys(['tutorial_taskflow_api']) retrieved from /home/airflow/.local/lib/python3.7/site-packages/airflow/example_dags/tutorial_taskflow_api.py
[2024-01-05T14:21:03.055+0000] {logging_mixin.py:137} INFO - [2024-01-05T14:21:03.055+0000] {dag.py:2690} INFO - Sync 1 DAGs
[2024-01-05T14:21:03.088+0000] {logging_mixin.py:137} INFO - [2024-01-05T14:21:03.088+0000] {dag.py:3441} INFO - Setting next_dagrun for tutorial_taskflow_api to None, run_after=None
[2024-01-05T14:21:03.113+0000] {processor.py:175} INFO - Processing /home/airflow/.local/lib/python3.7/site-packages/airflow/example_dags/tutorial_taskflow_api.py took 0.111 seconds
[2024-01-05T14:21:33.803+0000] {processor.py:153} INFO - Started process (PID=7795) to work on /home/airflow/.local/lib/python3.7/site-packages/airflow/example_dags/tutorial_taskflow_api.py
[2024-01-05T14:21:33.804+0000] {processor.py:743} INFO - Processing file /home/airflow/.local/lib/python3.7/site-packages/airflow/example_dags/tutorial_taskflow_api.py for tasks to queue
[2024-01-05T14:21:33.805+0000] {logging_mixin.py:137} INFO - [2024-01-05T14:21:33.804+0000] {dagbag.py:538} INFO - Filling up the DagBag from /home/airflow/.local/lib/python3.7/site-packages/airflow/example_dags/tutorial_taskflow_api.py
[2024-01-05T14:21:33.821+0000] {processor.py:753} INFO - DAG(s) dict_keys(['tutorial_taskflow_api']) retrieved from /home/airflow/.local/lib/python3.7/site-packages/airflow/example_dags/tutorial_taskflow_api.py
[2024-01-05T14:21:33.842+0000] {logging_mixin.py:137} INFO - [2024-01-05T14:21:33.842+0000] {dag.py:2690} INFO - Sync 1 DAGs
[2024-01-05T14:21:33.859+0000] {logging_mixin.py:137} INFO - [2024-01-05T14:21:33.858+0000] {dag.py:3441} INFO - Setting next_dagrun for tutorial_taskflow_api to None, run_after=None
[2024-01-05T14:21:33.871+0000] {processor.py:175} INFO - Processing /home/airflow/.local/lib/python3.7/site-packages/airflow/example_dags/tutorial_taskflow_api.py took 0.072 seconds
[2024-01-05T14:22:04.046+0000] {processor.py:153} INFO - Started process (PID=7858) to work on /home/airflow/.local/lib/python3.7/site-packages/airflow/example_dags/tutorial_taskflow_api.py
[2024-01-05T14:22:04.048+0000] {processor.py:743} INFO - Processing file /home/airflow/.local/lib/python3.7/site-packages/airflow/example_dags/tutorial_taskflow_api.py for tasks to queue
[2024-01-05T14:22:04.049+0000] {logging_mixin.py:137} INFO - [2024-01-05T14:22:04.049+0000] {dagbag.py:538} INFO - Filling up the DagBag from /home/airflow/.local/lib/python3.7/site-packages/airflow/example_dags/tutorial_taskflow_api.py
[2024-01-05T14:22:04.073+0000] {processor.py:753} INFO - DAG(s) dict_keys(['tutorial_taskflow_api']) retrieved from /home/airflow/.local/lib/python3.7/site-packages/airflow/example_dags/tutorial_taskflow_api.py
[2024-01-05T14:22:04.104+0000] {logging_mixin.py:137} INFO - [2024-01-05T14:22:04.104+0000] {dag.py:2690} INFO - Sync 1 DAGs
[2024-01-05T14:22:04.128+0000] {logging_mixin.py:137} INFO - [2024-01-05T14:22:04.128+0000] {dag.py:3441} INFO - Setting next_dagrun for tutorial_taskflow_api to None, run_after=None
[2024-01-05T14:22:04.142+0000] {processor.py:175} INFO - Processing /home/airflow/.local/lib/python3.7/site-packages/airflow/example_dags/tutorial_taskflow_api.py took 0.100 seconds
[2024-01-05T14:22:34.686+0000] {processor.py:153} INFO - Started process (PID=7934) to work on /home/airflow/.local/lib/python3.7/site-packages/airflow/example_dags/tutorial_taskflow_api.py
[2024-01-05T14:22:34.691+0000] {processor.py:743} INFO - Processing file /home/airflow/.local/lib/python3.7/site-packages/airflow/example_dags/tutorial_taskflow_api.py for tasks to queue
[2024-01-05T14:22:34.694+0000] {logging_mixin.py:137} INFO - [2024-01-05T14:22:34.694+0000] {dagbag.py:538} INFO - Filling up the DagBag from /home/airflow/.local/lib/python3.7/site-packages/airflow/example_dags/tutorial_taskflow_api.py
[2024-01-05T14:22:34.717+0000] {processor.py:753} INFO - DAG(s) dict_keys(['tutorial_taskflow_api']) retrieved from /home/airflow/.local/lib/python3.7/site-packages/airflow/example_dags/tutorial_taskflow_api.py
[2024-01-05T14:22:34.743+0000] {logging_mixin.py:137} INFO - [2024-01-05T14:22:34.743+0000] {dag.py:2690} INFO - Sync 1 DAGs
[2024-01-05T14:22:34.764+0000] {logging_mixin.py:137} INFO - [2024-01-05T14:22:34.764+0000] {dag.py:3441} INFO - Setting next_dagrun for tutorial_taskflow_api to None, run_after=None
[2024-01-05T14:22:34.781+0000] {processor.py:175} INFO - Processing /home/airflow/.local/lib/python3.7/site-packages/airflow/example_dags/tutorial_taskflow_api.py took 0.103 seconds
[2024-01-05T14:23:05.487+0000] {processor.py:153} INFO - Started process (PID=7997) to work on /home/airflow/.local/lib/python3.7/site-packages/airflow/example_dags/tutorial_taskflow_api.py
[2024-01-05T14:23:05.488+0000] {processor.py:743} INFO - Processing file /home/airflow/.local/lib/python3.7/site-packages/airflow/example_dags/tutorial_taskflow_api.py for tasks to queue
[2024-01-05T14:23:05.489+0000] {logging_mixin.py:137} INFO - [2024-01-05T14:23:05.489+0000] {dagbag.py:538} INFO - Filling up the DagBag from /home/airflow/.local/lib/python3.7/site-packages/airflow/example_dags/tutorial_taskflow_api.py
[2024-01-05T14:23:05.504+0000] {processor.py:753} INFO - DAG(s) dict_keys(['tutorial_taskflow_api']) retrieved from /home/airflow/.local/lib/python3.7/site-packages/airflow/example_dags/tutorial_taskflow_api.py
[2024-01-05T14:23:05.526+0000] {logging_mixin.py:137} INFO - [2024-01-05T14:23:05.526+0000] {dag.py:2690} INFO - Sync 1 DAGs
[2024-01-05T14:23:05.543+0000] {logging_mixin.py:137} INFO - [2024-01-05T14:23:05.543+0000] {dag.py:3441} INFO - Setting next_dagrun for tutorial_taskflow_api to None, run_after=None
[2024-01-05T14:23:05.554+0000] {processor.py:175} INFO - Processing /home/airflow/.local/lib/python3.7/site-packages/airflow/example_dags/tutorial_taskflow_api.py took 0.071 seconds
[2024-01-05T14:23:35.979+0000] {processor.py:153} INFO - Started process (PID=8072) to work on /home/airflow/.local/lib/python3.7/site-packages/airflow/example_dags/tutorial_taskflow_api.py
[2024-01-05T14:23:35.981+0000] {processor.py:743} INFO - Processing file /home/airflow/.local/lib/python3.7/site-packages/airflow/example_dags/tutorial_taskflow_api.py for tasks to queue
[2024-01-05T14:23:35.982+0000] {logging_mixin.py:137} INFO - [2024-01-05T14:23:35.982+0000] {dagbag.py:538} INFO - Filling up the DagBag from /home/airflow/.local/lib/python3.7/site-packages/airflow/example_dags/tutorial_taskflow_api.py
[2024-01-05T14:23:36.005+0000] {processor.py:753} INFO - DAG(s) dict_keys(['tutorial_taskflow_api']) retrieved from /home/airflow/.local/lib/python3.7/site-packages/airflow/example_dags/tutorial_taskflow_api.py
[2024-01-05T14:23:36.028+0000] {logging_mixin.py:137} INFO - [2024-01-05T14:23:36.027+0000] {dag.py:2690} INFO - Sync 1 DAGs
[2024-01-05T14:23:36.044+0000] {logging_mixin.py:137} INFO - [2024-01-05T14:23:36.044+0000] {dag.py:3441} INFO - Setting next_dagrun for tutorial_taskflow_api to None, run_after=None
[2024-01-05T14:23:36.054+0000] {processor.py:175} INFO - Processing /home/airflow/.local/lib/python3.7/site-packages/airflow/example_dags/tutorial_taskflow_api.py took 0.079 seconds
[2024-01-05T14:24:06.765+0000] {processor.py:153} INFO - Started process (PID=8135) to work on /home/airflow/.local/lib/python3.7/site-packages/airflow/example_dags/tutorial_taskflow_api.py
[2024-01-05T14:24:06.766+0000] {processor.py:743} INFO - Processing file /home/airflow/.local/lib/python3.7/site-packages/airflow/example_dags/tutorial_taskflow_api.py for tasks to queue
[2024-01-05T14:24:06.767+0000] {logging_mixin.py:137} INFO - [2024-01-05T14:24:06.767+0000] {dagbag.py:538} INFO - Filling up the DagBag from /home/airflow/.local/lib/python3.7/site-packages/airflow/example_dags/tutorial_taskflow_api.py
[2024-01-05T14:24:06.782+0000] {processor.py:753} INFO - DAG(s) dict_keys(['tutorial_taskflow_api']) retrieved from /home/airflow/.local/lib/python3.7/site-packages/airflow/example_dags/tutorial_taskflow_api.py
[2024-01-05T14:24:06.802+0000] {logging_mixin.py:137} INFO - [2024-01-05T14:24:06.802+0000] {dag.py:2690} INFO - Sync 1 DAGs
[2024-01-05T14:24:06.818+0000] {logging_mixin.py:137} INFO - [2024-01-05T14:24:06.818+0000] {dag.py:3441} INFO - Setting next_dagrun for tutorial_taskflow_api to None, run_after=None
[2024-01-05T14:24:06.829+0000] {processor.py:175} INFO - Processing /home/airflow/.local/lib/python3.7/site-packages/airflow/example_dags/tutorial_taskflow_api.py took 0.067 seconds
[2024-01-05T14:24:37.517+0000] {processor.py:153} INFO - Started process (PID=8211) to work on /home/airflow/.local/lib/python3.7/site-packages/airflow/example_dags/tutorial_taskflow_api.py
[2024-01-05T14:24:37.518+0000] {processor.py:743} INFO - Processing file /home/airflow/.local/lib/python3.7/site-packages/airflow/example_dags/tutorial_taskflow_api.py for tasks to queue
[2024-01-05T14:24:37.519+0000] {logging_mixin.py:137} INFO - [2024-01-05T14:24:37.519+0000] {dagbag.py:538} INFO - Filling up the DagBag from /home/airflow/.local/lib/python3.7/site-packages/airflow/example_dags/tutorial_taskflow_api.py
[2024-01-05T14:24:37.535+0000] {processor.py:753} INFO - DAG(s) dict_keys(['tutorial_taskflow_api']) retrieved from /home/airflow/.local/lib/python3.7/site-packages/airflow/example_dags/tutorial_taskflow_api.py
[2024-01-05T14:24:37.556+0000] {logging_mixin.py:137} INFO - [2024-01-05T14:24:37.556+0000] {dag.py:2690} INFO - Sync 1 DAGs
[2024-01-05T14:24:37.572+0000] {logging_mixin.py:137} INFO - [2024-01-05T14:24:37.571+0000] {dag.py:3441} INFO - Setting next_dagrun for tutorial_taskflow_api to None, run_after=None
[2024-01-05T14:24:37.582+0000] {processor.py:175} INFO - Processing /home/airflow/.local/lib/python3.7/site-packages/airflow/example_dags/tutorial_taskflow_api.py took 0.068 seconds
[2024-01-05T14:25:08.275+0000] {processor.py:153} INFO - Started process (PID=8274) to work on /home/airflow/.local/lib/python3.7/site-packages/airflow/example_dags/tutorial_taskflow_api.py
[2024-01-05T14:25:08.276+0000] {processor.py:743} INFO - Processing file /home/airflow/.local/lib/python3.7/site-packages/airflow/example_dags/tutorial_taskflow_api.py for tasks to queue
[2024-01-05T14:25:08.277+0000] {logging_mixin.py:137} INFO - [2024-01-05T14:25:08.277+0000] {dagbag.py:538} INFO - Filling up the DagBag from /home/airflow/.local/lib/python3.7/site-packages/airflow/example_dags/tutorial_taskflow_api.py
[2024-01-05T14:25:08.293+0000] {processor.py:753} INFO - DAG(s) dict_keys(['tutorial_taskflow_api']) retrieved from /home/airflow/.local/lib/python3.7/site-packages/airflow/example_dags/tutorial_taskflow_api.py
[2024-01-05T14:25:08.324+0000] {logging_mixin.py:137} INFO - [2024-01-05T14:25:08.324+0000] {dag.py:2690} INFO - Sync 1 DAGs
[2024-01-05T14:25:08.352+0000] {logging_mixin.py:137} INFO - [2024-01-05T14:25:08.352+0000] {dag.py:3441} INFO - Setting next_dagrun for tutorial_taskflow_api to None, run_after=None
[2024-01-05T14:25:08.369+0000] {processor.py:175} INFO - Processing /home/airflow/.local/lib/python3.7/site-packages/airflow/example_dags/tutorial_taskflow_api.py took 0.097 seconds
[2024-01-05T14:25:38.626+0000] {processor.py:153} INFO - Started process (PID=8350) to work on /home/airflow/.local/lib/python3.7/site-packages/airflow/example_dags/tutorial_taskflow_api.py
[2024-01-05T14:25:38.627+0000] {processor.py:743} INFO - Processing file /home/airflow/.local/lib/python3.7/site-packages/airflow/example_dags/tutorial_taskflow_api.py for tasks to queue
[2024-01-05T14:25:38.628+0000] {logging_mixin.py:137} INFO - [2024-01-05T14:25:38.628+0000] {dagbag.py:538} INFO - Filling up the DagBag from /home/airflow/.local/lib/python3.7/site-packages/airflow/example_dags/tutorial_taskflow_api.py
[2024-01-05T14:25:38.642+0000] {processor.py:753} INFO - DAG(s) dict_keys(['tutorial_taskflow_api']) retrieved from /home/airflow/.local/lib/python3.7/site-packages/airflow/example_dags/tutorial_taskflow_api.py
[2024-01-05T14:25:38.662+0000] {logging_mixin.py:137} INFO - [2024-01-05T14:25:38.662+0000] {dag.py:2690} INFO - Sync 1 DAGs
[2024-01-05T14:25:38.678+0000] {logging_mixin.py:137} INFO - [2024-01-05T14:25:38.678+0000] {dag.py:3441} INFO - Setting next_dagrun for tutorial_taskflow_api to None, run_after=None
[2024-01-05T14:25:38.688+0000] {processor.py:175} INFO - Processing /home/airflow/.local/lib/python3.7/site-packages/airflow/example_dags/tutorial_taskflow_api.py took 0.065 seconds
[2024-01-05T14:26:10.021+0000] {processor.py:153} INFO - Started process (PID=8425) to work on /home/airflow/.local/lib/python3.7/site-packages/airflow/example_dags/tutorial_taskflow_api.py
[2024-01-05T14:26:10.023+0000] {processor.py:743} INFO - Processing file /home/airflow/.local/lib/python3.7/site-packages/airflow/example_dags/tutorial_taskflow_api.py for tasks to queue
[2024-01-05T14:26:10.025+0000] {logging_mixin.py:137} INFO - [2024-01-05T14:26:10.024+0000] {dagbag.py:538} INFO - Filling up the DagBag from /home/airflow/.local/lib/python3.7/site-packages/airflow/example_dags/tutorial_taskflow_api.py
[2024-01-05T14:26:10.048+0000] {processor.py:753} INFO - DAG(s) dict_keys(['tutorial_taskflow_api']) retrieved from /home/airflow/.local/lib/python3.7/site-packages/airflow/example_dags/tutorial_taskflow_api.py
[2024-01-05T14:26:10.079+0000] {logging_mixin.py:137} INFO - [2024-01-05T14:26:10.078+0000] {dag.py:2690} INFO - Sync 1 DAGs
[2024-01-05T14:26:10.104+0000] {logging_mixin.py:137} INFO - [2024-01-05T14:26:10.103+0000] {dag.py:3441} INFO - Setting next_dagrun for tutorial_taskflow_api to None, run_after=None
[2024-01-05T14:26:10.117+0000] {processor.py:175} INFO - Processing /home/airflow/.local/lib/python3.7/site-packages/airflow/example_dags/tutorial_taskflow_api.py took 0.101 seconds
[2024-01-05T14:26:40.215+0000] {processor.py:153} INFO - Started process (PID=8488) to work on /home/airflow/.local/lib/python3.7/site-packages/airflow/example_dags/tutorial_taskflow_api.py
[2024-01-05T14:26:40.216+0000] {processor.py:743} INFO - Processing file /home/airflow/.local/lib/python3.7/site-packages/airflow/example_dags/tutorial_taskflow_api.py for tasks to queue
[2024-01-05T14:26:40.217+0000] {logging_mixin.py:137} INFO - [2024-01-05T14:26:40.217+0000] {dagbag.py:538} INFO - Filling up the DagBag from /home/airflow/.local/lib/python3.7/site-packages/airflow/example_dags/tutorial_taskflow_api.py
[2024-01-05T14:26:40.236+0000] {processor.py:753} INFO - DAG(s) dict_keys(['tutorial_taskflow_api']) retrieved from /home/airflow/.local/lib/python3.7/site-packages/airflow/example_dags/tutorial_taskflow_api.py
[2024-01-05T14:26:40.255+0000] {logging_mixin.py:137} INFO - [2024-01-05T14:26:40.255+0000] {dag.py:2690} INFO - Sync 1 DAGs
[2024-01-05T14:26:40.272+0000] {logging_mixin.py:137} INFO - [2024-01-05T14:26:40.272+0000] {dag.py:3441} INFO - Setting next_dagrun for tutorial_taskflow_api to None, run_after=None
[2024-01-05T14:26:40.285+0000] {processor.py:175} INFO - Processing /home/airflow/.local/lib/python3.7/site-packages/airflow/example_dags/tutorial_taskflow_api.py took 0.073 seconds
