[2024-01-04T23:09:06.549+0000] {processor.py:153} INFO - Started process (PID=61) to work on /home/airflow/.local/lib/python3.7/site-packages/airflow/example_dags/example_skip_dag.py
[2024-01-04T23:09:06.552+0000] {processor.py:743} INFO - Processing file /home/airflow/.local/lib/python3.7/site-packages/airflow/example_dags/example_skip_dag.py for tasks to queue
[2024-01-04T23:09:06.573+0000] {logging_mixin.py:137} INFO - [2024-01-04T23:09:06.572+0000] {dagbag.py:538} INFO - Filling up the DagBag from /home/airflow/.local/lib/python3.7/site-packages/airflow/example_dags/example_skip_dag.py
[2024-01-04T23:09:06.630+0000] {processor.py:753} INFO - DAG(s) dict_keys(['example_skip_dag']) retrieved from /home/airflow/.local/lib/python3.7/site-packages/airflow/example_dags/example_skip_dag.py
[2024-01-04T23:09:07.037+0000] {logging_mixin.py:137} INFO - [2024-01-04T23:09:07.037+0000] {manager.py:504} INFO - Created Permission View: can delete on DAG:example_skip_dag
[2024-01-04T23:09:07.058+0000] {logging_mixin.py:137} INFO - [2024-01-04T23:09:07.058+0000] {manager.py:504} INFO - Created Permission View: can edit on DAG:example_skip_dag
[2024-01-04T23:09:07.077+0000] {logging_mixin.py:137} INFO - [2024-01-04T23:09:07.077+0000] {manager.py:504} INFO - Created Permission View: can read on DAG:example_skip_dag
[2024-01-04T23:09:07.086+0000] {logging_mixin.py:137} INFO - [2024-01-04T23:09:07.086+0000] {dag.py:2690} INFO - Sync 1 DAGs
[2024-01-04T23:09:07.131+0000] {logging_mixin.py:137} INFO - [2024-01-04T23:09:07.130+0000] {dag.py:2711} INFO - Creating ORM DAG for example_skip_dag
[2024-01-04T23:09:07.171+0000] {logging_mixin.py:137} INFO - [2024-01-04T23:09:07.170+0000] {dag.py:3441} INFO - Setting next_dagrun for example_skip_dag to 2024-01-03T23:09:07.170474+00:00, run_after=2024-01-04T23:09:07.170474+00:00
[2024-01-04T23:09:07.230+0000] {processor.py:175} INFO - Processing /home/airflow/.local/lib/python3.7/site-packages/airflow/example_dags/example_skip_dag.py took 0.694 seconds
[2024-01-04T23:09:37.278+0000] {processor.py:153} INFO - Started process (PID=137) to work on /home/airflow/.local/lib/python3.7/site-packages/airflow/example_dags/example_skip_dag.py
[2024-01-04T23:09:37.280+0000] {processor.py:743} INFO - Processing file /home/airflow/.local/lib/python3.7/site-packages/airflow/example_dags/example_skip_dag.py for tasks to queue
[2024-01-04T23:09:37.280+0000] {logging_mixin.py:137} INFO - [2024-01-04T23:09:37.280+0000] {dagbag.py:538} INFO - Filling up the DagBag from /home/airflow/.local/lib/python3.7/site-packages/airflow/example_dags/example_skip_dag.py
[2024-01-04T23:09:37.293+0000] {processor.py:753} INFO - DAG(s) dict_keys(['example_skip_dag']) retrieved from /home/airflow/.local/lib/python3.7/site-packages/airflow/example_dags/example_skip_dag.py
[2024-01-04T23:09:37.310+0000] {logging_mixin.py:137} INFO - [2024-01-04T23:09:37.309+0000] {dag.py:2690} INFO - Sync 1 DAGs
[2024-01-04T23:09:37.324+0000] {logging_mixin.py:137} INFO - [2024-01-04T23:09:37.324+0000] {dag.py:3441} INFO - Setting next_dagrun for example_skip_dag to 2024-01-03T23:09:37.324211+00:00, run_after=2024-01-04T23:09:37.324211+00:00
[2024-01-04T23:09:37.335+0000] {processor.py:175} INFO - Processing /home/airflow/.local/lib/python3.7/site-packages/airflow/example_dags/example_skip_dag.py took 0.059 seconds
[2024-01-04T23:10:07.633+0000] {processor.py:153} INFO - Started process (PID=200) to work on /home/airflow/.local/lib/python3.7/site-packages/airflow/example_dags/example_skip_dag.py
[2024-01-04T23:10:07.635+0000] {processor.py:743} INFO - Processing file /home/airflow/.local/lib/python3.7/site-packages/airflow/example_dags/example_skip_dag.py for tasks to queue
[2024-01-04T23:10:07.636+0000] {logging_mixin.py:137} INFO - [2024-01-04T23:10:07.635+0000] {dagbag.py:538} INFO - Filling up the DagBag from /home/airflow/.local/lib/python3.7/site-packages/airflow/example_dags/example_skip_dag.py
[2024-01-04T23:10:07.646+0000] {processor.py:753} INFO - DAG(s) dict_keys(['example_skip_dag']) retrieved from /home/airflow/.local/lib/python3.7/site-packages/airflow/example_dags/example_skip_dag.py
[2024-01-04T23:10:07.664+0000] {logging_mixin.py:137} INFO - [2024-01-04T23:10:07.664+0000] {dag.py:2690} INFO - Sync 1 DAGs
[2024-01-04T23:10:07.681+0000] {logging_mixin.py:137} INFO - [2024-01-04T23:10:07.680+0000] {dag.py:3441} INFO - Setting next_dagrun for example_skip_dag to 2024-01-03T23:10:07.680721+00:00, run_after=2024-01-04T23:10:07.680721+00:00
[2024-01-04T23:10:07.691+0000] {processor.py:175} INFO - Processing /home/airflow/.local/lib/python3.7/site-packages/airflow/example_dags/example_skip_dag.py took 0.061 seconds
[2024-01-04T23:10:38.089+0000] {processor.py:153} INFO - Started process (PID=274) to work on /home/airflow/.local/lib/python3.7/site-packages/airflow/example_dags/example_skip_dag.py
[2024-01-04T23:10:38.090+0000] {processor.py:743} INFO - Processing file /home/airflow/.local/lib/python3.7/site-packages/airflow/example_dags/example_skip_dag.py for tasks to queue
[2024-01-04T23:10:38.091+0000] {logging_mixin.py:137} INFO - [2024-01-04T23:10:38.091+0000] {dagbag.py:538} INFO - Filling up the DagBag from /home/airflow/.local/lib/python3.7/site-packages/airflow/example_dags/example_skip_dag.py
[2024-01-04T23:10:38.101+0000] {processor.py:753} INFO - DAG(s) dict_keys(['example_skip_dag']) retrieved from /home/airflow/.local/lib/python3.7/site-packages/airflow/example_dags/example_skip_dag.py
[2024-01-04T23:10:38.119+0000] {logging_mixin.py:137} INFO - [2024-01-04T23:10:38.119+0000] {dag.py:2690} INFO - Sync 1 DAGs
[2024-01-04T23:10:38.134+0000] {logging_mixin.py:137} INFO - [2024-01-04T23:10:38.134+0000] {dag.py:3441} INFO - Setting next_dagrun for example_skip_dag to 2024-01-03T23:10:38.134034+00:00, run_after=2024-01-04T23:10:38.134034+00:00
[2024-01-04T23:10:38.144+0000] {processor.py:175} INFO - Processing /home/airflow/.local/lib/python3.7/site-packages/airflow/example_dags/example_skip_dag.py took 0.058 seconds
[2024-01-04T23:11:08.369+0000] {processor.py:153} INFO - Started process (PID=347) to work on /home/airflow/.local/lib/python3.7/site-packages/airflow/example_dags/example_skip_dag.py
[2024-01-04T23:11:08.370+0000] {processor.py:743} INFO - Processing file /home/airflow/.local/lib/python3.7/site-packages/airflow/example_dags/example_skip_dag.py for tasks to queue
[2024-01-04T23:11:08.371+0000] {logging_mixin.py:137} INFO - [2024-01-04T23:11:08.371+0000] {dagbag.py:538} INFO - Filling up the DagBag from /home/airflow/.local/lib/python3.7/site-packages/airflow/example_dags/example_skip_dag.py
[2024-01-04T23:11:08.382+0000] {processor.py:753} INFO - DAG(s) dict_keys(['example_skip_dag']) retrieved from /home/airflow/.local/lib/python3.7/site-packages/airflow/example_dags/example_skip_dag.py
[2024-01-04T23:11:08.401+0000] {logging_mixin.py:137} INFO - [2024-01-04T23:11:08.401+0000] {dag.py:2690} INFO - Sync 1 DAGs
[2024-01-04T23:11:08.419+0000] {logging_mixin.py:137} INFO - [2024-01-04T23:11:08.419+0000] {dag.py:3441} INFO - Setting next_dagrun for example_skip_dag to 2024-01-03T23:11:08.419006+00:00, run_after=2024-01-04T23:11:08.419006+00:00
[2024-01-04T23:11:08.434+0000] {processor.py:175} INFO - Processing /home/airflow/.local/lib/python3.7/site-packages/airflow/example_dags/example_skip_dag.py took 0.072 seconds
[2024-01-04T23:11:39.116+0000] {processor.py:153} INFO - Started process (PID=413) to work on /home/airflow/.local/lib/python3.7/site-packages/airflow/example_dags/example_skip_dag.py
[2024-01-04T23:11:39.118+0000] {processor.py:743} INFO - Processing file /home/airflow/.local/lib/python3.7/site-packages/airflow/example_dags/example_skip_dag.py for tasks to queue
[2024-01-04T23:11:39.120+0000] {logging_mixin.py:137} INFO - [2024-01-04T23:11:39.120+0000] {dagbag.py:538} INFO - Filling up the DagBag from /home/airflow/.local/lib/python3.7/site-packages/airflow/example_dags/example_skip_dag.py
[2024-01-04T23:11:39.134+0000] {processor.py:753} INFO - DAG(s) dict_keys(['example_skip_dag']) retrieved from /home/airflow/.local/lib/python3.7/site-packages/airflow/example_dags/example_skip_dag.py
[2024-01-04T23:11:39.156+0000] {logging_mixin.py:137} INFO - [2024-01-04T23:11:39.155+0000] {dag.py:2690} INFO - Sync 1 DAGs
[2024-01-04T23:11:39.178+0000] {logging_mixin.py:137} INFO - [2024-01-04T23:11:39.178+0000] {dag.py:3441} INFO - Setting next_dagrun for example_skip_dag to 2024-01-03T23:11:39.177832+00:00, run_after=2024-01-04T23:11:39.177832+00:00
[2024-01-04T23:11:39.192+0000] {processor.py:175} INFO - Processing /home/airflow/.local/lib/python3.7/site-packages/airflow/example_dags/example_skip_dag.py took 0.084 seconds
[2024-01-04T23:12:09.543+0000] {processor.py:153} INFO - Started process (PID=488) to work on /home/airflow/.local/lib/python3.7/site-packages/airflow/example_dags/example_skip_dag.py
[2024-01-04T23:12:09.545+0000] {processor.py:743} INFO - Processing file /home/airflow/.local/lib/python3.7/site-packages/airflow/example_dags/example_skip_dag.py for tasks to queue
[2024-01-04T23:12:09.545+0000] {logging_mixin.py:137} INFO - [2024-01-04T23:12:09.545+0000] {dagbag.py:538} INFO - Filling up the DagBag from /home/airflow/.local/lib/python3.7/site-packages/airflow/example_dags/example_skip_dag.py
[2024-01-04T23:12:09.557+0000] {processor.py:753} INFO - DAG(s) dict_keys(['example_skip_dag']) retrieved from /home/airflow/.local/lib/python3.7/site-packages/airflow/example_dags/example_skip_dag.py
[2024-01-04T23:12:09.576+0000] {logging_mixin.py:137} INFO - [2024-01-04T23:12:09.576+0000] {dag.py:2690} INFO - Sync 1 DAGs
[2024-01-04T23:12:09.593+0000] {logging_mixin.py:137} INFO - [2024-01-04T23:12:09.593+0000] {dag.py:3441} INFO - Setting next_dagrun for example_skip_dag to 2024-01-03T23:12:09.592738+00:00, run_after=2024-01-04T23:12:09.592738+00:00
[2024-01-04T23:12:09.608+0000] {processor.py:175} INFO - Processing /home/airflow/.local/lib/python3.7/site-packages/airflow/example_dags/example_skip_dag.py took 0.069 seconds
[2024-01-04T23:12:39.844+0000] {processor.py:153} INFO - Started process (PID=551) to work on /home/airflow/.local/lib/python3.7/site-packages/airflow/example_dags/example_skip_dag.py
[2024-01-04T23:12:39.845+0000] {processor.py:743} INFO - Processing file /home/airflow/.local/lib/python3.7/site-packages/airflow/example_dags/example_skip_dag.py for tasks to queue
[2024-01-04T23:12:39.846+0000] {logging_mixin.py:137} INFO - [2024-01-04T23:12:39.846+0000] {dagbag.py:538} INFO - Filling up the DagBag from /home/airflow/.local/lib/python3.7/site-packages/airflow/example_dags/example_skip_dag.py
[2024-01-04T23:12:39.860+0000] {processor.py:753} INFO - DAG(s) dict_keys(['example_skip_dag']) retrieved from /home/airflow/.local/lib/python3.7/site-packages/airflow/example_dags/example_skip_dag.py
[2024-01-04T23:12:39.879+0000] {logging_mixin.py:137} INFO - [2024-01-04T23:12:39.879+0000] {dag.py:2690} INFO - Sync 1 DAGs
[2024-01-04T23:12:39.894+0000] {logging_mixin.py:137} INFO - [2024-01-04T23:12:39.894+0000] {dag.py:3441} INFO - Setting next_dagrun for example_skip_dag to 2024-01-03T23:12:39.894224+00:00, run_after=2024-01-04T23:12:39.894224+00:00
[2024-01-04T23:12:39.904+0000] {processor.py:175} INFO - Processing /home/airflow/.local/lib/python3.7/site-packages/airflow/example_dags/example_skip_dag.py took 0.064 seconds
[2024-01-04T23:13:10.204+0000] {processor.py:153} INFO - Started process (PID=627) to work on /home/airflow/.local/lib/python3.7/site-packages/airflow/example_dags/example_skip_dag.py
[2024-01-04T23:13:10.205+0000] {processor.py:743} INFO - Processing file /home/airflow/.local/lib/python3.7/site-packages/airflow/example_dags/example_skip_dag.py for tasks to queue
[2024-01-04T23:13:10.207+0000] {logging_mixin.py:137} INFO - [2024-01-04T23:13:10.207+0000] {dagbag.py:538} INFO - Filling up the DagBag from /home/airflow/.local/lib/python3.7/site-packages/airflow/example_dags/example_skip_dag.py
[2024-01-04T23:13:10.222+0000] {processor.py:753} INFO - DAG(s) dict_keys(['example_skip_dag']) retrieved from /home/airflow/.local/lib/python3.7/site-packages/airflow/example_dags/example_skip_dag.py
[2024-01-04T23:13:10.241+0000] {logging_mixin.py:137} INFO - [2024-01-04T23:13:10.241+0000] {dag.py:2690} INFO - Sync 1 DAGs
[2024-01-04T23:13:10.257+0000] {logging_mixin.py:137} INFO - [2024-01-04T23:13:10.257+0000] {dag.py:3441} INFO - Setting next_dagrun for example_skip_dag to 2024-01-03T23:13:10.257177+00:00, run_after=2024-01-04T23:13:10.257177+00:00
[2024-01-04T23:13:10.268+0000] {processor.py:175} INFO - Processing /home/airflow/.local/lib/python3.7/site-packages/airflow/example_dags/example_skip_dag.py took 0.068 seconds
[2024-01-04T23:13:40.540+0000] {processor.py:153} INFO - Started process (PID=703) to work on /home/airflow/.local/lib/python3.7/site-packages/airflow/example_dags/example_skip_dag.py
[2024-01-04T23:13:40.542+0000] {processor.py:743} INFO - Processing file /home/airflow/.local/lib/python3.7/site-packages/airflow/example_dags/example_skip_dag.py for tasks to queue
[2024-01-04T23:13:40.543+0000] {logging_mixin.py:137} INFO - [2024-01-04T23:13:40.543+0000] {dagbag.py:538} INFO - Filling up the DagBag from /home/airflow/.local/lib/python3.7/site-packages/airflow/example_dags/example_skip_dag.py
[2024-01-04T23:13:40.555+0000] {processor.py:753} INFO - DAG(s) dict_keys(['example_skip_dag']) retrieved from /home/airflow/.local/lib/python3.7/site-packages/airflow/example_dags/example_skip_dag.py
[2024-01-04T23:13:40.574+0000] {logging_mixin.py:137} INFO - [2024-01-04T23:13:40.573+0000] {dag.py:2690} INFO - Sync 1 DAGs
[2024-01-04T23:13:40.590+0000] {logging_mixin.py:137} INFO - [2024-01-04T23:13:40.590+0000] {dag.py:3441} INFO - Setting next_dagrun for example_skip_dag to 2024-01-03T23:13:40.590194+00:00, run_after=2024-01-04T23:13:40.590194+00:00
[2024-01-04T23:13:40.602+0000] {processor.py:175} INFO - Processing /home/airflow/.local/lib/python3.7/site-packages/airflow/example_dags/example_skip_dag.py took 0.065 seconds
[2024-01-04T23:14:11.231+0000] {processor.py:153} INFO - Started process (PID=766) to work on /home/airflow/.local/lib/python3.7/site-packages/airflow/example_dags/example_skip_dag.py
[2024-01-04T23:14:11.233+0000] {processor.py:743} INFO - Processing file /home/airflow/.local/lib/python3.7/site-packages/airflow/example_dags/example_skip_dag.py for tasks to queue
[2024-01-04T23:14:11.234+0000] {logging_mixin.py:137} INFO - [2024-01-04T23:14:11.234+0000] {dagbag.py:538} INFO - Filling up the DagBag from /home/airflow/.local/lib/python3.7/site-packages/airflow/example_dags/example_skip_dag.py
[2024-01-04T23:14:11.247+0000] {processor.py:753} INFO - DAG(s) dict_keys(['example_skip_dag']) retrieved from /home/airflow/.local/lib/python3.7/site-packages/airflow/example_dags/example_skip_dag.py
[2024-01-04T23:14:11.265+0000] {logging_mixin.py:137} INFO - [2024-01-04T23:14:11.265+0000] {dag.py:2690} INFO - Sync 1 DAGs
[2024-01-04T23:14:11.282+0000] {logging_mixin.py:137} INFO - [2024-01-04T23:14:11.282+0000] {dag.py:3441} INFO - Setting next_dagrun for example_skip_dag to 2024-01-03T23:14:11.281657+00:00, run_after=2024-01-04T23:14:11.281657+00:00
[2024-01-04T23:14:11.296+0000] {processor.py:175} INFO - Processing /home/airflow/.local/lib/python3.7/site-packages/airflow/example_dags/example_skip_dag.py took 0.069 seconds
[2024-01-04T23:14:41.667+0000] {processor.py:153} INFO - Started process (PID=841) to work on /home/airflow/.local/lib/python3.7/site-packages/airflow/example_dags/example_skip_dag.py
[2024-01-04T23:14:41.668+0000] {processor.py:743} INFO - Processing file /home/airflow/.local/lib/python3.7/site-packages/airflow/example_dags/example_skip_dag.py for tasks to queue
[2024-01-04T23:14:41.669+0000] {logging_mixin.py:137} INFO - [2024-01-04T23:14:41.669+0000] {dagbag.py:538} INFO - Filling up the DagBag from /home/airflow/.local/lib/python3.7/site-packages/airflow/example_dags/example_skip_dag.py
[2024-01-04T23:14:41.680+0000] {processor.py:753} INFO - DAG(s) dict_keys(['example_skip_dag']) retrieved from /home/airflow/.local/lib/python3.7/site-packages/airflow/example_dags/example_skip_dag.py
[2024-01-04T23:14:41.697+0000] {logging_mixin.py:137} INFO - [2024-01-04T23:14:41.697+0000] {dag.py:2690} INFO - Sync 1 DAGs
[2024-01-04T23:14:41.712+0000] {logging_mixin.py:137} INFO - [2024-01-04T23:14:41.712+0000] {dag.py:3441} INFO - Setting next_dagrun for example_skip_dag to 2024-01-03T23:14:41.712009+00:00, run_after=2024-01-04T23:14:41.712009+00:00
[2024-01-04T23:14:41.722+0000] {processor.py:175} INFO - Processing /home/airflow/.local/lib/python3.7/site-packages/airflow/example_dags/example_skip_dag.py took 0.058 seconds
[2024-01-04T23:15:12.205+0000] {processor.py:153} INFO - Started process (PID=902) to work on /home/airflow/.local/lib/python3.7/site-packages/airflow/example_dags/example_skip_dag.py
[2024-01-04T23:15:12.206+0000] {processor.py:743} INFO - Processing file /home/airflow/.local/lib/python3.7/site-packages/airflow/example_dags/example_skip_dag.py for tasks to queue
[2024-01-04T23:15:12.207+0000] {logging_mixin.py:137} INFO - [2024-01-04T23:15:12.207+0000] {dagbag.py:538} INFO - Filling up the DagBag from /home/airflow/.local/lib/python3.7/site-packages/airflow/example_dags/example_skip_dag.py
[2024-01-04T23:15:12.218+0000] {processor.py:753} INFO - DAG(s) dict_keys(['example_skip_dag']) retrieved from /home/airflow/.local/lib/python3.7/site-packages/airflow/example_dags/example_skip_dag.py
[2024-01-04T23:15:12.235+0000] {logging_mixin.py:137} INFO - [2024-01-04T23:15:12.235+0000] {dag.py:2690} INFO - Sync 1 DAGs
[2024-01-04T23:15:12.249+0000] {logging_mixin.py:137} INFO - [2024-01-04T23:15:12.249+0000] {dag.py:3441} INFO - Setting next_dagrun for example_skip_dag to 2024-01-03T23:15:12.249555+00:00, run_after=2024-01-04T23:15:12.249555+00:00
[2024-01-04T23:15:12.259+0000] {processor.py:175} INFO - Processing /home/airflow/.local/lib/python3.7/site-packages/airflow/example_dags/example_skip_dag.py took 0.057 seconds
[2024-01-04T23:15:42.910+0000] {processor.py:153} INFO - Started process (PID=977) to work on /home/airflow/.local/lib/python3.7/site-packages/airflow/example_dags/example_skip_dag.py
[2024-01-04T23:15:42.911+0000] {processor.py:743} INFO - Processing file /home/airflow/.local/lib/python3.7/site-packages/airflow/example_dags/example_skip_dag.py for tasks to queue
[2024-01-04T23:15:42.912+0000] {logging_mixin.py:137} INFO - [2024-01-04T23:15:42.912+0000] {dagbag.py:538} INFO - Filling up the DagBag from /home/airflow/.local/lib/python3.7/site-packages/airflow/example_dags/example_skip_dag.py
[2024-01-04T23:15:42.923+0000] {processor.py:753} INFO - DAG(s) dict_keys(['example_skip_dag']) retrieved from /home/airflow/.local/lib/python3.7/site-packages/airflow/example_dags/example_skip_dag.py
[2024-01-04T23:15:42.944+0000] {logging_mixin.py:137} INFO - [2024-01-04T23:15:42.944+0000] {dag.py:2690} INFO - Sync 1 DAGs
[2024-01-04T23:15:42.960+0000] {logging_mixin.py:137} INFO - [2024-01-04T23:15:42.960+0000] {dag.py:3441} INFO - Setting next_dagrun for example_skip_dag to 2024-01-03T23:15:42.960358+00:00, run_after=2024-01-04T23:15:42.960358+00:00
[2024-01-04T23:15:42.970+0000] {processor.py:175} INFO - Processing /home/airflow/.local/lib/python3.7/site-packages/airflow/example_dags/example_skip_dag.py took 0.064 seconds
[2024-01-04T23:16:13.450+0000] {processor.py:153} INFO - Started process (PID=1051) to work on /home/airflow/.local/lib/python3.7/site-packages/airflow/example_dags/example_skip_dag.py
[2024-01-04T23:16:13.452+0000] {processor.py:743} INFO - Processing file /home/airflow/.local/lib/python3.7/site-packages/airflow/example_dags/example_skip_dag.py for tasks to queue
[2024-01-04T23:16:13.453+0000] {logging_mixin.py:137} INFO - [2024-01-04T23:16:13.453+0000] {dagbag.py:538} INFO - Filling up the DagBag from /home/airflow/.local/lib/python3.7/site-packages/airflow/example_dags/example_skip_dag.py
[2024-01-04T23:16:13.466+0000] {processor.py:753} INFO - DAG(s) dict_keys(['example_skip_dag']) retrieved from /home/airflow/.local/lib/python3.7/site-packages/airflow/example_dags/example_skip_dag.py
[2024-01-04T23:16:13.497+0000] {logging_mixin.py:137} INFO - [2024-01-04T23:16:13.497+0000] {dag.py:2690} INFO - Sync 1 DAGs
[2024-01-04T23:16:13.516+0000] {logging_mixin.py:137} INFO - [2024-01-04T23:16:13.516+0000] {dag.py:3441} INFO - Setting next_dagrun for example_skip_dag to 2024-01-03T23:16:13.516054+00:00, run_after=2024-01-04T23:16:13.516054+00:00
[2024-01-04T23:16:13.528+0000] {processor.py:175} INFO - Processing /home/airflow/.local/lib/python3.7/site-packages/airflow/example_dags/example_skip_dag.py took 0.081 seconds
[2024-01-04T23:16:43.879+0000] {processor.py:153} INFO - Started process (PID=1114) to work on /home/airflow/.local/lib/python3.7/site-packages/airflow/example_dags/example_skip_dag.py
[2024-01-04T23:16:43.881+0000] {processor.py:743} INFO - Processing file /home/airflow/.local/lib/python3.7/site-packages/airflow/example_dags/example_skip_dag.py for tasks to queue
[2024-01-04T23:16:43.881+0000] {logging_mixin.py:137} INFO - [2024-01-04T23:16:43.881+0000] {dagbag.py:538} INFO - Filling up the DagBag from /home/airflow/.local/lib/python3.7/site-packages/airflow/example_dags/example_skip_dag.py
[2024-01-04T23:16:43.892+0000] {processor.py:753} INFO - DAG(s) dict_keys(['example_skip_dag']) retrieved from /home/airflow/.local/lib/python3.7/site-packages/airflow/example_dags/example_skip_dag.py
[2024-01-04T23:16:43.910+0000] {logging_mixin.py:137} INFO - [2024-01-04T23:16:43.910+0000] {dag.py:2690} INFO - Sync 1 DAGs
[2024-01-04T23:16:43.925+0000] {logging_mixin.py:137} INFO - [2024-01-04T23:16:43.925+0000] {dag.py:3441} INFO - Setting next_dagrun for example_skip_dag to 2024-01-03T23:16:43.925389+00:00, run_after=2024-01-04T23:16:43.925389+00:00
[2024-01-04T23:16:43.936+0000] {processor.py:175} INFO - Processing /home/airflow/.local/lib/python3.7/site-packages/airflow/example_dags/example_skip_dag.py took 0.059 seconds
[2024-01-04T23:17:14.629+0000] {processor.py:153} INFO - Started process (PID=1190) to work on /home/airflow/.local/lib/python3.7/site-packages/airflow/example_dags/example_skip_dag.py
[2024-01-04T23:17:14.631+0000] {processor.py:743} INFO - Processing file /home/airflow/.local/lib/python3.7/site-packages/airflow/example_dags/example_skip_dag.py for tasks to queue
[2024-01-04T23:17:14.632+0000] {logging_mixin.py:137} INFO - [2024-01-04T23:17:14.632+0000] {dagbag.py:538} INFO - Filling up the DagBag from /home/airflow/.local/lib/python3.7/site-packages/airflow/example_dags/example_skip_dag.py
[2024-01-04T23:17:14.645+0000] {processor.py:753} INFO - DAG(s) dict_keys(['example_skip_dag']) retrieved from /home/airflow/.local/lib/python3.7/site-packages/airflow/example_dags/example_skip_dag.py
[2024-01-04T23:17:14.670+0000] {logging_mixin.py:137} INFO - [2024-01-04T23:17:14.670+0000] {dag.py:2690} INFO - Sync 1 DAGs
[2024-01-04T23:17:14.686+0000] {logging_mixin.py:137} INFO - [2024-01-04T23:17:14.686+0000] {dag.py:3441} INFO - Setting next_dagrun for example_skip_dag to 2024-01-03T23:17:14.685998+00:00, run_after=2024-01-04T23:17:14.685998+00:00
[2024-01-04T23:17:14.697+0000] {processor.py:175} INFO - Processing /home/airflow/.local/lib/python3.7/site-packages/airflow/example_dags/example_skip_dag.py took 0.071 seconds
[2024-01-04T23:17:45.060+0000] {processor.py:153} INFO - Started process (PID=1253) to work on /home/airflow/.local/lib/python3.7/site-packages/airflow/example_dags/example_skip_dag.py
[2024-01-04T23:17:45.061+0000] {processor.py:743} INFO - Processing file /home/airflow/.local/lib/python3.7/site-packages/airflow/example_dags/example_skip_dag.py for tasks to queue
[2024-01-04T23:17:45.062+0000] {logging_mixin.py:137} INFO - [2024-01-04T23:17:45.062+0000] {dagbag.py:538} INFO - Filling up the DagBag from /home/airflow/.local/lib/python3.7/site-packages/airflow/example_dags/example_skip_dag.py
[2024-01-04T23:17:45.073+0000] {processor.py:753} INFO - DAG(s) dict_keys(['example_skip_dag']) retrieved from /home/airflow/.local/lib/python3.7/site-packages/airflow/example_dags/example_skip_dag.py
[2024-01-04T23:17:45.091+0000] {logging_mixin.py:137} INFO - [2024-01-04T23:17:45.091+0000] {dag.py:2690} INFO - Sync 1 DAGs
[2024-01-04T23:17:45.107+0000] {logging_mixin.py:137} INFO - [2024-01-04T23:17:45.107+0000] {dag.py:3441} INFO - Setting next_dagrun for example_skip_dag to 2024-01-03T23:17:45.107327+00:00, run_after=2024-01-04T23:17:45.107327+00:00
[2024-01-04T23:17:45.118+0000] {processor.py:175} INFO - Processing /home/airflow/.local/lib/python3.7/site-packages/airflow/example_dags/example_skip_dag.py took 0.061 seconds
[2024-01-04T23:18:15.997+0000] {processor.py:153} INFO - Started process (PID=1328) to work on /home/airflow/.local/lib/python3.7/site-packages/airflow/example_dags/example_skip_dag.py
[2024-01-04T23:18:15.998+0000] {processor.py:743} INFO - Processing file /home/airflow/.local/lib/python3.7/site-packages/airflow/example_dags/example_skip_dag.py for tasks to queue
[2024-01-04T23:18:15.999+0000] {logging_mixin.py:137} INFO - [2024-01-04T23:18:15.999+0000] {dagbag.py:538} INFO - Filling up the DagBag from /home/airflow/.local/lib/python3.7/site-packages/airflow/example_dags/example_skip_dag.py
[2024-01-04T23:18:16.015+0000] {processor.py:753} INFO - DAG(s) dict_keys(['example_skip_dag']) retrieved from /home/airflow/.local/lib/python3.7/site-packages/airflow/example_dags/example_skip_dag.py
[2024-01-04T23:18:16.035+0000] {logging_mixin.py:137} INFO - [2024-01-04T23:18:16.035+0000] {dag.py:2690} INFO - Sync 1 DAGs
[2024-01-04T23:18:16.051+0000] {logging_mixin.py:137} INFO - [2024-01-04T23:18:16.051+0000] {dag.py:3441} INFO - Setting next_dagrun for example_skip_dag to 2024-01-03T23:18:16.051495+00:00, run_after=2024-01-04T23:18:16.051495+00:00
[2024-01-04T23:18:16.062+0000] {processor.py:175} INFO - Processing /home/airflow/.local/lib/python3.7/site-packages/airflow/example_dags/example_skip_dag.py took 0.068 seconds
[2024-01-04T23:18:46.970+0000] {processor.py:153} INFO - Started process (PID=1399) to work on /home/airflow/.local/lib/python3.7/site-packages/airflow/example_dags/example_skip_dag.py
[2024-01-04T23:18:46.972+0000] {processor.py:743} INFO - Processing file /home/airflow/.local/lib/python3.7/site-packages/airflow/example_dags/example_skip_dag.py for tasks to queue
[2024-01-04T23:18:46.973+0000] {logging_mixin.py:137} INFO - [2024-01-04T23:18:46.973+0000] {dagbag.py:538} INFO - Filling up the DagBag from /home/airflow/.local/lib/python3.7/site-packages/airflow/example_dags/example_skip_dag.py
[2024-01-04T23:18:46.986+0000] {processor.py:753} INFO - DAG(s) dict_keys(['example_skip_dag']) retrieved from /home/airflow/.local/lib/python3.7/site-packages/airflow/example_dags/example_skip_dag.py
[2024-01-04T23:18:47.016+0000] {logging_mixin.py:137} INFO - [2024-01-04T23:18:47.016+0000] {dag.py:2690} INFO - Sync 1 DAGs
[2024-01-04T23:18:47.056+0000] {logging_mixin.py:137} INFO - [2024-01-04T23:18:47.056+0000] {dag.py:3441} INFO - Setting next_dagrun for example_skip_dag to 2024-01-03T23:18:47.055799+00:00, run_after=2024-01-04T23:18:47.055799+00:00
[2024-01-04T23:18:47.079+0000] {processor.py:175} INFO - Processing /home/airflow/.local/lib/python3.7/site-packages/airflow/example_dags/example_skip_dag.py took 0.114 seconds
[2024-01-04T23:19:17.682+0000] {processor.py:153} INFO - Started process (PID=1469) to work on /home/airflow/.local/lib/python3.7/site-packages/airflow/example_dags/example_skip_dag.py
[2024-01-04T23:19:17.684+0000] {processor.py:743} INFO - Processing file /home/airflow/.local/lib/python3.7/site-packages/airflow/example_dags/example_skip_dag.py for tasks to queue
[2024-01-04T23:19:17.685+0000] {logging_mixin.py:137} INFO - [2024-01-04T23:19:17.684+0000] {dagbag.py:538} INFO - Filling up the DagBag from /home/airflow/.local/lib/python3.7/site-packages/airflow/example_dags/example_skip_dag.py
[2024-01-04T23:19:17.695+0000] {processor.py:753} INFO - DAG(s) dict_keys(['example_skip_dag']) retrieved from /home/airflow/.local/lib/python3.7/site-packages/airflow/example_dags/example_skip_dag.py
[2024-01-04T23:19:17.715+0000] {logging_mixin.py:137} INFO - [2024-01-04T23:19:17.714+0000] {dag.py:2690} INFO - Sync 1 DAGs
[2024-01-04T23:19:17.730+0000] {logging_mixin.py:137} INFO - [2024-01-04T23:19:17.730+0000] {dag.py:3441} INFO - Setting next_dagrun for example_skip_dag to 2024-01-03T23:19:17.730394+00:00, run_after=2024-01-04T23:19:17.730394+00:00
[2024-01-04T23:19:17.741+0000] {processor.py:175} INFO - Processing /home/airflow/.local/lib/python3.7/site-packages/airflow/example_dags/example_skip_dag.py took 0.062 seconds
[2024-01-04T23:19:48.394+0000] {processor.py:153} INFO - Started process (PID=1545) to work on /home/airflow/.local/lib/python3.7/site-packages/airflow/example_dags/example_skip_dag.py
[2024-01-04T23:19:48.396+0000] {processor.py:743} INFO - Processing file /home/airflow/.local/lib/python3.7/site-packages/airflow/example_dags/example_skip_dag.py for tasks to queue
[2024-01-04T23:19:48.397+0000] {logging_mixin.py:137} INFO - [2024-01-04T23:19:48.396+0000] {dagbag.py:538} INFO - Filling up the DagBag from /home/airflow/.local/lib/python3.7/site-packages/airflow/example_dags/example_skip_dag.py
[2024-01-04T23:19:48.410+0000] {processor.py:753} INFO - DAG(s) dict_keys(['example_skip_dag']) retrieved from /home/airflow/.local/lib/python3.7/site-packages/airflow/example_dags/example_skip_dag.py
[2024-01-04T23:19:48.439+0000] {logging_mixin.py:137} INFO - [2024-01-04T23:19:48.439+0000] {dag.py:2690} INFO - Sync 1 DAGs
[2024-01-04T23:19:48.464+0000] {logging_mixin.py:137} INFO - [2024-01-04T23:19:48.464+0000] {dag.py:3441} INFO - Setting next_dagrun for example_skip_dag to 2024-01-03T23:19:48.463865+00:00, run_after=2024-01-04T23:19:48.463865+00:00
[2024-01-04T23:19:48.483+0000] {processor.py:175} INFO - Processing /home/airflow/.local/lib/python3.7/site-packages/airflow/example_dags/example_skip_dag.py took 0.093 seconds
[2024-01-04T23:20:19.218+0000] {processor.py:153} INFO - Started process (PID=1608) to work on /home/airflow/.local/lib/python3.7/site-packages/airflow/example_dags/example_skip_dag.py
[2024-01-04T23:20:19.220+0000] {processor.py:743} INFO - Processing file /home/airflow/.local/lib/python3.7/site-packages/airflow/example_dags/example_skip_dag.py for tasks to queue
[2024-01-04T23:20:19.221+0000] {logging_mixin.py:137} INFO - [2024-01-04T23:20:19.221+0000] {dagbag.py:538} INFO - Filling up the DagBag from /home/airflow/.local/lib/python3.7/site-packages/airflow/example_dags/example_skip_dag.py
[2024-01-04T23:20:19.234+0000] {processor.py:753} INFO - DAG(s) dict_keys(['example_skip_dag']) retrieved from /home/airflow/.local/lib/python3.7/site-packages/airflow/example_dags/example_skip_dag.py
[2024-01-04T23:20:19.256+0000] {logging_mixin.py:137} INFO - [2024-01-04T23:20:19.256+0000] {dag.py:2690} INFO - Sync 1 DAGs
[2024-01-04T23:20:19.275+0000] {logging_mixin.py:137} INFO - [2024-01-04T23:20:19.275+0000] {dag.py:3441} INFO - Setting next_dagrun for example_skip_dag to 2024-01-03T23:20:19.275309+00:00, run_after=2024-01-04T23:20:19.275309+00:00
[2024-01-04T23:20:19.291+0000] {processor.py:175} INFO - Processing /home/airflow/.local/lib/python3.7/site-packages/airflow/example_dags/example_skip_dag.py took 0.076 seconds
[2024-01-04T23:20:49.715+0000] {processor.py:153} INFO - Started process (PID=1683) to work on /home/airflow/.local/lib/python3.7/site-packages/airflow/example_dags/example_skip_dag.py
[2024-01-04T23:20:49.717+0000] {processor.py:743} INFO - Processing file /home/airflow/.local/lib/python3.7/site-packages/airflow/example_dags/example_skip_dag.py for tasks to queue
[2024-01-04T23:20:49.718+0000] {logging_mixin.py:137} INFO - [2024-01-04T23:20:49.718+0000] {dagbag.py:538} INFO - Filling up the DagBag from /home/airflow/.local/lib/python3.7/site-packages/airflow/example_dags/example_skip_dag.py
[2024-01-04T23:20:49.729+0000] {processor.py:753} INFO - DAG(s) dict_keys(['example_skip_dag']) retrieved from /home/airflow/.local/lib/python3.7/site-packages/airflow/example_dags/example_skip_dag.py
[2024-01-04T23:20:49.749+0000] {logging_mixin.py:137} INFO - [2024-01-04T23:20:49.749+0000] {dag.py:2690} INFO - Sync 1 DAGs
[2024-01-04T23:20:49.765+0000] {logging_mixin.py:137} INFO - [2024-01-04T23:20:49.765+0000] {dag.py:3441} INFO - Setting next_dagrun for example_skip_dag to 2024-01-03T23:20:49.764874+00:00, run_after=2024-01-04T23:20:49.764874+00:00
[2024-01-04T23:20:49.776+0000] {processor.py:175} INFO - Processing /home/airflow/.local/lib/python3.7/site-packages/airflow/example_dags/example_skip_dag.py took 0.063 seconds
[2024-01-04T23:21:19.873+0000] {processor.py:153} INFO - Started process (PID=1746) to work on /home/airflow/.local/lib/python3.7/site-packages/airflow/example_dags/example_skip_dag.py
[2024-01-04T23:21:19.877+0000] {processor.py:743} INFO - Processing file /home/airflow/.local/lib/python3.7/site-packages/airflow/example_dags/example_skip_dag.py for tasks to queue
[2024-01-04T23:21:19.878+0000] {logging_mixin.py:137} INFO - [2024-01-04T23:21:19.877+0000] {dagbag.py:538} INFO - Filling up the DagBag from /home/airflow/.local/lib/python3.7/site-packages/airflow/example_dags/example_skip_dag.py
[2024-01-04T23:21:19.889+0000] {processor.py:753} INFO - DAG(s) dict_keys(['example_skip_dag']) retrieved from /home/airflow/.local/lib/python3.7/site-packages/airflow/example_dags/example_skip_dag.py
[2024-01-04T23:21:19.915+0000] {logging_mixin.py:137} INFO - [2024-01-04T23:21:19.914+0000] {dag.py:2690} INFO - Sync 1 DAGs
[2024-01-04T23:21:19.932+0000] {logging_mixin.py:137} INFO - [2024-01-04T23:21:19.932+0000] {dag.py:3441} INFO - Setting next_dagrun for example_skip_dag to 2024-01-03T23:21:19.932496+00:00, run_after=2024-01-04T23:21:19.932496+00:00
[2024-01-04T23:21:19.945+0000] {processor.py:175} INFO - Processing /home/airflow/.local/lib/python3.7/site-packages/airflow/example_dags/example_skip_dag.py took 0.075 seconds
[2024-01-04T23:21:51.035+0000] {processor.py:153} INFO - Started process (PID=1821) to work on /home/airflow/.local/lib/python3.7/site-packages/airflow/example_dags/example_skip_dag.py
[2024-01-04T23:21:51.036+0000] {processor.py:743} INFO - Processing file /home/airflow/.local/lib/python3.7/site-packages/airflow/example_dags/example_skip_dag.py for tasks to queue
[2024-01-04T23:21:51.037+0000] {logging_mixin.py:137} INFO - [2024-01-04T23:21:51.037+0000] {dagbag.py:538} INFO - Filling up the DagBag from /home/airflow/.local/lib/python3.7/site-packages/airflow/example_dags/example_skip_dag.py
[2024-01-04T23:21:51.048+0000] {processor.py:753} INFO - DAG(s) dict_keys(['example_skip_dag']) retrieved from /home/airflow/.local/lib/python3.7/site-packages/airflow/example_dags/example_skip_dag.py
[2024-01-04T23:21:51.068+0000] {logging_mixin.py:137} INFO - [2024-01-04T23:21:51.068+0000] {dag.py:2690} INFO - Sync 1 DAGs
[2024-01-04T23:21:51.084+0000] {logging_mixin.py:137} INFO - [2024-01-04T23:21:51.084+0000] {dag.py:3441} INFO - Setting next_dagrun for example_skip_dag to 2024-01-03T23:21:51.084710+00:00, run_after=2024-01-04T23:21:51.084710+00:00
[2024-01-04T23:21:51.098+0000] {processor.py:175} INFO - Processing /home/airflow/.local/lib/python3.7/site-packages/airflow/example_dags/example_skip_dag.py took 0.065 seconds
[2024-01-04T23:22:21.771+0000] {processor.py:153} INFO - Started process (PID=1896) to work on /home/airflow/.local/lib/python3.7/site-packages/airflow/example_dags/example_skip_dag.py
[2024-01-04T23:22:21.772+0000] {processor.py:743} INFO - Processing file /home/airflow/.local/lib/python3.7/site-packages/airflow/example_dags/example_skip_dag.py for tasks to queue
[2024-01-04T23:22:21.773+0000] {logging_mixin.py:137} INFO - [2024-01-04T23:22:21.773+0000] {dagbag.py:538} INFO - Filling up the DagBag from /home/airflow/.local/lib/python3.7/site-packages/airflow/example_dags/example_skip_dag.py
[2024-01-04T23:22:21.792+0000] {processor.py:753} INFO - DAG(s) dict_keys(['example_skip_dag']) retrieved from /home/airflow/.local/lib/python3.7/site-packages/airflow/example_dags/example_skip_dag.py
[2024-01-04T23:22:21.826+0000] {logging_mixin.py:137} INFO - [2024-01-04T23:22:21.826+0000] {dag.py:2690} INFO - Sync 1 DAGs
[2024-01-04T23:22:21.848+0000] {logging_mixin.py:137} INFO - [2024-01-04T23:22:21.848+0000] {dag.py:3441} INFO - Setting next_dagrun for example_skip_dag to 2024-01-03T23:22:21.848315+00:00, run_after=2024-01-04T23:22:21.848315+00:00
[2024-01-04T23:22:21.864+0000] {processor.py:175} INFO - Processing /home/airflow/.local/lib/python3.7/site-packages/airflow/example_dags/example_skip_dag.py took 0.096 seconds
[2024-01-04T23:22:52.565+0000] {processor.py:153} INFO - Started process (PID=1959) to work on /home/airflow/.local/lib/python3.7/site-packages/airflow/example_dags/example_skip_dag.py
[2024-01-04T23:22:52.566+0000] {processor.py:743} INFO - Processing file /home/airflow/.local/lib/python3.7/site-packages/airflow/example_dags/example_skip_dag.py for tasks to queue
[2024-01-04T23:22:52.567+0000] {logging_mixin.py:137} INFO - [2024-01-04T23:22:52.567+0000] {dagbag.py:538} INFO - Filling up the DagBag from /home/airflow/.local/lib/python3.7/site-packages/airflow/example_dags/example_skip_dag.py
[2024-01-04T23:22:52.581+0000] {processor.py:753} INFO - DAG(s) dict_keys(['example_skip_dag']) retrieved from /home/airflow/.local/lib/python3.7/site-packages/airflow/example_dags/example_skip_dag.py
[2024-01-04T23:22:52.606+0000] {logging_mixin.py:137} INFO - [2024-01-04T23:22:52.606+0000] {dag.py:2690} INFO - Sync 1 DAGs
[2024-01-04T23:22:52.622+0000] {logging_mixin.py:137} INFO - [2024-01-04T23:22:52.622+0000] {dag.py:3441} INFO - Setting next_dagrun for example_skip_dag to 2024-01-03T23:22:52.622422+00:00, run_after=2024-01-04T23:22:52.622422+00:00
[2024-01-04T23:22:52.634+0000] {processor.py:175} INFO - Processing /home/airflow/.local/lib/python3.7/site-packages/airflow/example_dags/example_skip_dag.py took 0.072 seconds
[2024-01-04T23:23:23.282+0000] {processor.py:153} INFO - Started process (PID=2036) to work on /home/airflow/.local/lib/python3.7/site-packages/airflow/example_dags/example_skip_dag.py
[2024-01-04T23:23:23.284+0000] {processor.py:743} INFO - Processing file /home/airflow/.local/lib/python3.7/site-packages/airflow/example_dags/example_skip_dag.py for tasks to queue
[2024-01-04T23:23:23.284+0000] {logging_mixin.py:137} INFO - [2024-01-04T23:23:23.284+0000] {dagbag.py:538} INFO - Filling up the DagBag from /home/airflow/.local/lib/python3.7/site-packages/airflow/example_dags/example_skip_dag.py
[2024-01-04T23:23:23.294+0000] {processor.py:753} INFO - DAG(s) dict_keys(['example_skip_dag']) retrieved from /home/airflow/.local/lib/python3.7/site-packages/airflow/example_dags/example_skip_dag.py
[2024-01-04T23:23:23.312+0000] {logging_mixin.py:137} INFO - [2024-01-04T23:23:23.312+0000] {dag.py:2690} INFO - Sync 1 DAGs
[2024-01-04T23:23:23.327+0000] {logging_mixin.py:137} INFO - [2024-01-04T23:23:23.327+0000] {dag.py:3441} INFO - Setting next_dagrun for example_skip_dag to 2024-01-03T23:23:23.327345+00:00, run_after=2024-01-04T23:23:23.327345+00:00
[2024-01-04T23:23:23.338+0000] {processor.py:175} INFO - Processing /home/airflow/.local/lib/python3.7/site-packages/airflow/example_dags/example_skip_dag.py took 0.058 seconds
[2024-01-04T23:23:53.800+0000] {processor.py:153} INFO - Started process (PID=2100) to work on /home/airflow/.local/lib/python3.7/site-packages/airflow/example_dags/example_skip_dag.py
[2024-01-04T23:23:53.801+0000] {processor.py:743} INFO - Processing file /home/airflow/.local/lib/python3.7/site-packages/airflow/example_dags/example_skip_dag.py for tasks to queue
[2024-01-04T23:23:53.802+0000] {logging_mixin.py:137} INFO - [2024-01-04T23:23:53.802+0000] {dagbag.py:538} INFO - Filling up the DagBag from /home/airflow/.local/lib/python3.7/site-packages/airflow/example_dags/example_skip_dag.py
[2024-01-04T23:23:53.813+0000] {processor.py:753} INFO - DAG(s) dict_keys(['example_skip_dag']) retrieved from /home/airflow/.local/lib/python3.7/site-packages/airflow/example_dags/example_skip_dag.py
[2024-01-04T23:23:53.831+0000] {logging_mixin.py:137} INFO - [2024-01-04T23:23:53.831+0000] {dag.py:2690} INFO - Sync 1 DAGs
[2024-01-04T23:23:53.848+0000] {logging_mixin.py:137} INFO - [2024-01-04T23:23:53.848+0000] {dag.py:3441} INFO - Setting next_dagrun for example_skip_dag to 2024-01-03T23:23:53.848374+00:00, run_after=2024-01-04T23:23:53.848374+00:00
[2024-01-04T23:23:53.859+0000] {processor.py:175} INFO - Processing /home/airflow/.local/lib/python3.7/site-packages/airflow/example_dags/example_skip_dag.py took 0.061 seconds
[2024-01-04T23:24:23.956+0000] {processor.py:153} INFO - Started process (PID=2175) to work on /home/airflow/.local/lib/python3.7/site-packages/airflow/example_dags/example_skip_dag.py
[2024-01-04T23:24:23.957+0000] {processor.py:743} INFO - Processing file /home/airflow/.local/lib/python3.7/site-packages/airflow/example_dags/example_skip_dag.py for tasks to queue
[2024-01-04T23:24:23.959+0000] {logging_mixin.py:137} INFO - [2024-01-04T23:24:23.958+0000] {dagbag.py:538} INFO - Filling up the DagBag from /home/airflow/.local/lib/python3.7/site-packages/airflow/example_dags/example_skip_dag.py
[2024-01-04T23:24:23.969+0000] {processor.py:753} INFO - DAG(s) dict_keys(['example_skip_dag']) retrieved from /home/airflow/.local/lib/python3.7/site-packages/airflow/example_dags/example_skip_dag.py
[2024-01-04T23:24:23.989+0000] {logging_mixin.py:137} INFO - [2024-01-04T23:24:23.988+0000] {dag.py:2690} INFO - Sync 1 DAGs
[2024-01-04T23:24:24.007+0000] {logging_mixin.py:137} INFO - [2024-01-04T23:24:24.006+0000] {dag.py:3441} INFO - Setting next_dagrun for example_skip_dag to 2024-01-03T23:24:24.006604+00:00, run_after=2024-01-04T23:24:24.006604+00:00
[2024-01-04T23:24:24.022+0000] {processor.py:175} INFO - Processing /home/airflow/.local/lib/python3.7/site-packages/airflow/example_dags/example_skip_dag.py took 0.070 seconds
[2024-01-04T23:24:55.065+0000] {processor.py:153} INFO - Started process (PID=2247) to work on /home/airflow/.local/lib/python3.7/site-packages/airflow/example_dags/example_skip_dag.py
[2024-01-04T23:24:55.067+0000] {processor.py:743} INFO - Processing file /home/airflow/.local/lib/python3.7/site-packages/airflow/example_dags/example_skip_dag.py for tasks to queue
[2024-01-04T23:24:55.076+0000] {logging_mixin.py:137} INFO - [2024-01-04T23:24:55.075+0000] {dagbag.py:538} INFO - Filling up the DagBag from /home/airflow/.local/lib/python3.7/site-packages/airflow/example_dags/example_skip_dag.py
[2024-01-04T23:24:55.094+0000] {processor.py:753} INFO - DAG(s) dict_keys(['example_skip_dag']) retrieved from /home/airflow/.local/lib/python3.7/site-packages/airflow/example_dags/example_skip_dag.py
[2024-01-04T23:24:55.133+0000] {logging_mixin.py:137} INFO - [2024-01-04T23:24:55.133+0000] {dag.py:2690} INFO - Sync 1 DAGs
[2024-01-04T23:24:55.172+0000] {logging_mixin.py:137} INFO - [2024-01-04T23:24:55.172+0000] {dag.py:3441} INFO - Setting next_dagrun for example_skip_dag to 2024-01-03T23:24:55.172120+00:00, run_after=2024-01-04T23:24:55.172120+00:00
[2024-01-04T23:24:55.200+0000] {processor.py:175} INFO - Processing /home/airflow/.local/lib/python3.7/site-packages/airflow/example_dags/example_skip_dag.py took 0.140 seconds
[2024-01-04T23:25:25.380+0000] {processor.py:153} INFO - Started process (PID=2314) to work on /home/airflow/.local/lib/python3.7/site-packages/airflow/example_dags/example_skip_dag.py
[2024-01-04T23:25:25.381+0000] {processor.py:743} INFO - Processing file /home/airflow/.local/lib/python3.7/site-packages/airflow/example_dags/example_skip_dag.py for tasks to queue
[2024-01-04T23:25:25.382+0000] {logging_mixin.py:137} INFO - [2024-01-04T23:25:25.381+0000] {dagbag.py:538} INFO - Filling up the DagBag from /home/airflow/.local/lib/python3.7/site-packages/airflow/example_dags/example_skip_dag.py
[2024-01-04T23:25:25.392+0000] {processor.py:753} INFO - DAG(s) dict_keys(['example_skip_dag']) retrieved from /home/airflow/.local/lib/python3.7/site-packages/airflow/example_dags/example_skip_dag.py
[2024-01-04T23:25:25.411+0000] {logging_mixin.py:137} INFO - [2024-01-04T23:25:25.411+0000] {dag.py:2690} INFO - Sync 1 DAGs
[2024-01-04T23:25:25.430+0000] {logging_mixin.py:137} INFO - [2024-01-04T23:25:25.430+0000] {dag.py:3441} INFO - Setting next_dagrun for example_skip_dag to 2024-01-03T23:25:25.429583+00:00, run_after=2024-01-04T23:25:25.429583+00:00
[2024-01-04T23:25:25.441+0000] {processor.py:175} INFO - Processing /home/airflow/.local/lib/python3.7/site-packages/airflow/example_dags/example_skip_dag.py took 0.064 seconds
[2024-01-04T23:25:56.589+0000] {processor.py:153} INFO - Started process (PID=2389) to work on /home/airflow/.local/lib/python3.7/site-packages/airflow/example_dags/example_skip_dag.py
[2024-01-04T23:25:56.591+0000] {processor.py:743} INFO - Processing file /home/airflow/.local/lib/python3.7/site-packages/airflow/example_dags/example_skip_dag.py for tasks to queue
[2024-01-04T23:25:56.593+0000] {logging_mixin.py:137} INFO - [2024-01-04T23:25:56.593+0000] {dagbag.py:538} INFO - Filling up the DagBag from /home/airflow/.local/lib/python3.7/site-packages/airflow/example_dags/example_skip_dag.py
[2024-01-04T23:25:56.607+0000] {processor.py:753} INFO - DAG(s) dict_keys(['example_skip_dag']) retrieved from /home/airflow/.local/lib/python3.7/site-packages/airflow/example_dags/example_skip_dag.py
[2024-01-04T23:25:56.631+0000] {logging_mixin.py:137} INFO - [2024-01-04T23:25:56.631+0000] {dag.py:2690} INFO - Sync 1 DAGs
[2024-01-04T23:25:56.651+0000] {logging_mixin.py:137} INFO - [2024-01-04T23:25:56.651+0000] {dag.py:3441} INFO - Setting next_dagrun for example_skip_dag to 2024-01-03T23:25:56.650689+00:00, run_after=2024-01-04T23:25:56.650689+00:00
[2024-01-04T23:25:56.668+0000] {processor.py:175} INFO - Processing /home/airflow/.local/lib/python3.7/site-packages/airflow/example_dags/example_skip_dag.py took 0.088 seconds
[2024-01-04T23:26:27.342+0000] {processor.py:153} INFO - Started process (PID=2451) to work on /home/airflow/.local/lib/python3.7/site-packages/airflow/example_dags/example_skip_dag.py
[2024-01-04T23:26:27.343+0000] {processor.py:743} INFO - Processing file /home/airflow/.local/lib/python3.7/site-packages/airflow/example_dags/example_skip_dag.py for tasks to queue
[2024-01-04T23:26:27.345+0000] {logging_mixin.py:137} INFO - [2024-01-04T23:26:27.345+0000] {dagbag.py:538} INFO - Filling up the DagBag from /home/airflow/.local/lib/python3.7/site-packages/airflow/example_dags/example_skip_dag.py
[2024-01-04T23:26:27.358+0000] {processor.py:753} INFO - DAG(s) dict_keys(['example_skip_dag']) retrieved from /home/airflow/.local/lib/python3.7/site-packages/airflow/example_dags/example_skip_dag.py
[2024-01-04T23:26:27.378+0000] {logging_mixin.py:137} INFO - [2024-01-04T23:26:27.378+0000] {dag.py:2690} INFO - Sync 1 DAGs
[2024-01-04T23:26:27.398+0000] {logging_mixin.py:137} INFO - [2024-01-04T23:26:27.398+0000] {dag.py:3441} INFO - Setting next_dagrun for example_skip_dag to 2024-01-03T23:26:27.397952+00:00, run_after=2024-01-04T23:26:27.397952+00:00
[2024-01-04T23:26:27.408+0000] {processor.py:175} INFO - Processing /home/airflow/.local/lib/python3.7/site-packages/airflow/example_dags/example_skip_dag.py took 0.069 seconds
[2024-01-04T23:26:58.023+0000] {processor.py:153} INFO - Started process (PID=2526) to work on /home/airflow/.local/lib/python3.7/site-packages/airflow/example_dags/example_skip_dag.py
[2024-01-04T23:26:58.024+0000] {processor.py:743} INFO - Processing file /home/airflow/.local/lib/python3.7/site-packages/airflow/example_dags/example_skip_dag.py for tasks to queue
[2024-01-04T23:26:58.025+0000] {logging_mixin.py:137} INFO - [2024-01-04T23:26:58.025+0000] {dagbag.py:538} INFO - Filling up the DagBag from /home/airflow/.local/lib/python3.7/site-packages/airflow/example_dags/example_skip_dag.py
[2024-01-04T23:26:58.036+0000] {processor.py:753} INFO - DAG(s) dict_keys(['example_skip_dag']) retrieved from /home/airflow/.local/lib/python3.7/site-packages/airflow/example_dags/example_skip_dag.py
[2024-01-04T23:26:58.055+0000] {logging_mixin.py:137} INFO - [2024-01-04T23:26:58.055+0000] {dag.py:2690} INFO - Sync 1 DAGs
[2024-01-04T23:26:58.071+0000] {logging_mixin.py:137} INFO - [2024-01-04T23:26:58.070+0000] {dag.py:3441} INFO - Setting next_dagrun for example_skip_dag to 2024-01-03T23:26:58.070766+00:00, run_after=2024-01-04T23:26:58.070766+00:00
[2024-01-04T23:26:58.081+0000] {processor.py:175} INFO - Processing /home/airflow/.local/lib/python3.7/site-packages/airflow/example_dags/example_skip_dag.py took 0.061 seconds
[2024-01-04T23:27:28.564+0000] {processor.py:153} INFO - Started process (PID=2589) to work on /home/airflow/.local/lib/python3.7/site-packages/airflow/example_dags/example_skip_dag.py
[2024-01-04T23:27:28.568+0000] {processor.py:743} INFO - Processing file /home/airflow/.local/lib/python3.7/site-packages/airflow/example_dags/example_skip_dag.py for tasks to queue
[2024-01-04T23:27:28.569+0000] {logging_mixin.py:137} INFO - [2024-01-04T23:27:28.569+0000] {dagbag.py:538} INFO - Filling up the DagBag from /home/airflow/.local/lib/python3.7/site-packages/airflow/example_dags/example_skip_dag.py
[2024-01-04T23:27:28.581+0000] {processor.py:753} INFO - DAG(s) dict_keys(['example_skip_dag']) retrieved from /home/airflow/.local/lib/python3.7/site-packages/airflow/example_dags/example_skip_dag.py
[2024-01-04T23:27:28.615+0000] {logging_mixin.py:137} INFO - [2024-01-04T23:27:28.615+0000] {dag.py:2690} INFO - Sync 1 DAGs
[2024-01-04T23:27:28.637+0000] {logging_mixin.py:137} INFO - [2024-01-04T23:27:28.636+0000] {dag.py:3441} INFO - Setting next_dagrun for example_skip_dag to 2024-01-03T23:27:28.636582+00:00, run_after=2024-01-04T23:27:28.636582+00:00
[2024-01-04T23:27:28.666+0000] {processor.py:175} INFO - Processing /home/airflow/.local/lib/python3.7/site-packages/airflow/example_dags/example_skip_dag.py took 0.104 seconds
[2024-01-04T23:27:59.001+0000] {processor.py:153} INFO - Started process (PID=2665) to work on /home/airflow/.local/lib/python3.7/site-packages/airflow/example_dags/example_skip_dag.py
[2024-01-04T23:27:59.003+0000] {processor.py:743} INFO - Processing file /home/airflow/.local/lib/python3.7/site-packages/airflow/example_dags/example_skip_dag.py for tasks to queue
[2024-01-04T23:27:59.004+0000] {logging_mixin.py:137} INFO - [2024-01-04T23:27:59.003+0000] {dagbag.py:538} INFO - Filling up the DagBag from /home/airflow/.local/lib/python3.7/site-packages/airflow/example_dags/example_skip_dag.py
[2024-01-04T23:27:59.015+0000] {processor.py:753} INFO - DAG(s) dict_keys(['example_skip_dag']) retrieved from /home/airflow/.local/lib/python3.7/site-packages/airflow/example_dags/example_skip_dag.py
[2024-01-04T23:27:59.034+0000] {logging_mixin.py:137} INFO - [2024-01-04T23:27:59.034+0000] {dag.py:2690} INFO - Sync 1 DAGs
[2024-01-04T23:27:59.050+0000] {logging_mixin.py:137} INFO - [2024-01-04T23:27:59.050+0000] {dag.py:3441} INFO - Setting next_dagrun for example_skip_dag to 2024-01-03T23:27:59.050272+00:00, run_after=2024-01-04T23:27:59.050272+00:00
[2024-01-04T23:27:59.061+0000] {processor.py:175} INFO - Processing /home/airflow/.local/lib/python3.7/site-packages/airflow/example_dags/example_skip_dag.py took 0.063 seconds
[2024-01-04T23:28:30.057+0000] {processor.py:153} INFO - Started process (PID=2741) to work on /home/airflow/.local/lib/python3.7/site-packages/airflow/example_dags/example_skip_dag.py
[2024-01-04T23:28:30.058+0000] {processor.py:743} INFO - Processing file /home/airflow/.local/lib/python3.7/site-packages/airflow/example_dags/example_skip_dag.py for tasks to queue
[2024-01-04T23:28:30.059+0000] {logging_mixin.py:137} INFO - [2024-01-04T23:28:30.059+0000] {dagbag.py:538} INFO - Filling up the DagBag from /home/airflow/.local/lib/python3.7/site-packages/airflow/example_dags/example_skip_dag.py
[2024-01-04T23:28:30.071+0000] {processor.py:753} INFO - DAG(s) dict_keys(['example_skip_dag']) retrieved from /home/airflow/.local/lib/python3.7/site-packages/airflow/example_dags/example_skip_dag.py
[2024-01-04T23:28:30.091+0000] {logging_mixin.py:137} INFO - [2024-01-04T23:28:30.091+0000] {dag.py:2690} INFO - Sync 1 DAGs
[2024-01-04T23:28:30.106+0000] {logging_mixin.py:137} INFO - [2024-01-04T23:28:30.106+0000] {dag.py:3441} INFO - Setting next_dagrun for example_skip_dag to 2024-01-03T23:28:30.106096+00:00, run_after=2024-01-04T23:28:30.106096+00:00
[2024-01-04T23:28:30.116+0000] {processor.py:175} INFO - Processing /home/airflow/.local/lib/python3.7/site-packages/airflow/example_dags/example_skip_dag.py took 0.062 seconds
[2024-01-04T23:29:00.850+0000] {processor.py:153} INFO - Started process (PID=2805) to work on /home/airflow/.local/lib/python3.7/site-packages/airflow/example_dags/example_skip_dag.py
[2024-01-04T23:29:00.851+0000] {processor.py:743} INFO - Processing file /home/airflow/.local/lib/python3.7/site-packages/airflow/example_dags/example_skip_dag.py for tasks to queue
[2024-01-04T23:29:00.851+0000] {logging_mixin.py:137} INFO - [2024-01-04T23:29:00.851+0000] {dagbag.py:538} INFO - Filling up the DagBag from /home/airflow/.local/lib/python3.7/site-packages/airflow/example_dags/example_skip_dag.py
[2024-01-04T23:29:00.862+0000] {processor.py:753} INFO - DAG(s) dict_keys(['example_skip_dag']) retrieved from /home/airflow/.local/lib/python3.7/site-packages/airflow/example_dags/example_skip_dag.py
[2024-01-04T23:29:00.881+0000] {logging_mixin.py:137} INFO - [2024-01-04T23:29:00.880+0000] {dag.py:2690} INFO - Sync 1 DAGs
[2024-01-04T23:29:00.896+0000] {logging_mixin.py:137} INFO - [2024-01-04T23:29:00.896+0000] {dag.py:3441} INFO - Setting next_dagrun for example_skip_dag to 2024-01-03T23:29:00.896389+00:00, run_after=2024-01-04T23:29:00.896389+00:00
[2024-01-04T23:29:00.907+0000] {processor.py:175} INFO - Processing /home/airflow/.local/lib/python3.7/site-packages/airflow/example_dags/example_skip_dag.py took 0.060 seconds
[2024-01-04T23:29:31.513+0000] {processor.py:153} INFO - Started process (PID=2879) to work on /home/airflow/.local/lib/python3.7/site-packages/airflow/example_dags/example_skip_dag.py
[2024-01-04T23:29:31.515+0000] {processor.py:743} INFO - Processing file /home/airflow/.local/lib/python3.7/site-packages/airflow/example_dags/example_skip_dag.py for tasks to queue
[2024-01-04T23:29:31.516+0000] {logging_mixin.py:137} INFO - [2024-01-04T23:29:31.516+0000] {dagbag.py:538} INFO - Filling up the DagBag from /home/airflow/.local/lib/python3.7/site-packages/airflow/example_dags/example_skip_dag.py
[2024-01-04T23:29:31.527+0000] {processor.py:753} INFO - DAG(s) dict_keys(['example_skip_dag']) retrieved from /home/airflow/.local/lib/python3.7/site-packages/airflow/example_dags/example_skip_dag.py
[2024-01-04T23:29:31.546+0000] {logging_mixin.py:137} INFO - [2024-01-04T23:29:31.546+0000] {dag.py:2690} INFO - Sync 1 DAGs
[2024-01-04T23:29:31.562+0000] {logging_mixin.py:137} INFO - [2024-01-04T23:29:31.562+0000] {dag.py:3441} INFO - Setting next_dagrun for example_skip_dag to 2024-01-03T23:29:31.562071+00:00, run_after=2024-01-04T23:29:31.562071+00:00
[2024-01-04T23:29:31.573+0000] {processor.py:175} INFO - Processing /home/airflow/.local/lib/python3.7/site-packages/airflow/example_dags/example_skip_dag.py took 0.062 seconds
[2024-01-04T23:30:01.929+0000] {processor.py:153} INFO - Started process (PID=2953) to work on /home/airflow/.local/lib/python3.7/site-packages/airflow/example_dags/example_skip_dag.py
[2024-01-04T23:30:01.932+0000] {processor.py:743} INFO - Processing file /home/airflow/.local/lib/python3.7/site-packages/airflow/example_dags/example_skip_dag.py for tasks to queue
[2024-01-04T23:30:01.933+0000] {logging_mixin.py:137} INFO - [2024-01-04T23:30:01.933+0000] {dagbag.py:538} INFO - Filling up the DagBag from /home/airflow/.local/lib/python3.7/site-packages/airflow/example_dags/example_skip_dag.py
[2024-01-04T23:30:01.949+0000] {processor.py:753} INFO - DAG(s) dict_keys(['example_skip_dag']) retrieved from /home/airflow/.local/lib/python3.7/site-packages/airflow/example_dags/example_skip_dag.py
[2024-01-04T23:30:01.978+0000] {logging_mixin.py:137} INFO - [2024-01-04T23:30:01.978+0000] {dag.py:2690} INFO - Sync 1 DAGs
[2024-01-04T23:30:02.024+0000] {logging_mixin.py:137} INFO - [2024-01-04T23:30:02.022+0000] {dag.py:3441} INFO - Setting next_dagrun for example_skip_dag to 2024-01-03T23:30:02.022367+00:00, run_after=2024-01-04T23:30:02.022367+00:00
[2024-01-04T23:30:02.108+0000] {processor.py:175} INFO - Processing /home/airflow/.local/lib/python3.7/site-packages/airflow/example_dags/example_skip_dag.py took 0.184 seconds
[2024-01-04T23:30:32.374+0000] {processor.py:153} INFO - Started process (PID=3016) to work on /home/airflow/.local/lib/python3.7/site-packages/airflow/example_dags/example_skip_dag.py
[2024-01-04T23:30:32.376+0000] {processor.py:743} INFO - Processing file /home/airflow/.local/lib/python3.7/site-packages/airflow/example_dags/example_skip_dag.py for tasks to queue
[2024-01-04T23:30:32.377+0000] {logging_mixin.py:137} INFO - [2024-01-04T23:30:32.377+0000] {dagbag.py:538} INFO - Filling up the DagBag from /home/airflow/.local/lib/python3.7/site-packages/airflow/example_dags/example_skip_dag.py
[2024-01-04T23:30:32.391+0000] {processor.py:753} INFO - DAG(s) dict_keys(['example_skip_dag']) retrieved from /home/airflow/.local/lib/python3.7/site-packages/airflow/example_dags/example_skip_dag.py
[2024-01-04T23:30:32.411+0000] {logging_mixin.py:137} INFO - [2024-01-04T23:30:32.411+0000] {dag.py:2690} INFO - Sync 1 DAGs
[2024-01-04T23:30:32.427+0000] {logging_mixin.py:137} INFO - [2024-01-04T23:30:32.427+0000] {dag.py:3441} INFO - Setting next_dagrun for example_skip_dag to 2024-01-03T23:30:32.427425+00:00, run_after=2024-01-04T23:30:32.427425+00:00
[2024-01-04T23:30:32.438+0000] {processor.py:175} INFO - Processing /home/airflow/.local/lib/python3.7/site-packages/airflow/example_dags/example_skip_dag.py took 0.067 seconds
[2024-01-04T23:31:03.223+0000] {processor.py:153} INFO - Started process (PID=3092) to work on /home/airflow/.local/lib/python3.7/site-packages/airflow/example_dags/example_skip_dag.py
[2024-01-04T23:31:03.224+0000] {processor.py:743} INFO - Processing file /home/airflow/.local/lib/python3.7/site-packages/airflow/example_dags/example_skip_dag.py for tasks to queue
[2024-01-04T23:31:03.225+0000] {logging_mixin.py:137} INFO - [2024-01-04T23:31:03.224+0000] {dagbag.py:538} INFO - Filling up the DagBag from /home/airflow/.local/lib/python3.7/site-packages/airflow/example_dags/example_skip_dag.py
[2024-01-04T23:31:03.235+0000] {processor.py:753} INFO - DAG(s) dict_keys(['example_skip_dag']) retrieved from /home/airflow/.local/lib/python3.7/site-packages/airflow/example_dags/example_skip_dag.py
[2024-01-04T23:31:03.264+0000] {logging_mixin.py:137} INFO - [2024-01-04T23:31:03.263+0000] {dag.py:2690} INFO - Sync 1 DAGs
[2024-01-04T23:31:03.284+0000] {logging_mixin.py:137} INFO - [2024-01-04T23:31:03.284+0000] {dag.py:3441} INFO - Setting next_dagrun for example_skip_dag to 2024-01-03T23:31:03.282951+00:00, run_after=2024-01-04T23:31:03.282951+00:00
[2024-01-04T23:31:03.296+0000] {processor.py:175} INFO - Processing /home/airflow/.local/lib/python3.7/site-packages/airflow/example_dags/example_skip_dag.py took 0.077 seconds
[2024-01-04T23:31:33.816+0000] {processor.py:153} INFO - Started process (PID=3155) to work on /home/airflow/.local/lib/python3.7/site-packages/airflow/example_dags/example_skip_dag.py
[2024-01-04T23:31:33.817+0000] {processor.py:743} INFO - Processing file /home/airflow/.local/lib/python3.7/site-packages/airflow/example_dags/example_skip_dag.py for tasks to queue
[2024-01-04T23:31:33.818+0000] {logging_mixin.py:137} INFO - [2024-01-04T23:31:33.818+0000] {dagbag.py:538} INFO - Filling up the DagBag from /home/airflow/.local/lib/python3.7/site-packages/airflow/example_dags/example_skip_dag.py
[2024-01-04T23:31:33.829+0000] {processor.py:753} INFO - DAG(s) dict_keys(['example_skip_dag']) retrieved from /home/airflow/.local/lib/python3.7/site-packages/airflow/example_dags/example_skip_dag.py
[2024-01-04T23:31:33.847+0000] {logging_mixin.py:137} INFO - [2024-01-04T23:31:33.847+0000] {dag.py:2690} INFO - Sync 1 DAGs
[2024-01-04T23:31:33.863+0000] {logging_mixin.py:137} INFO - [2024-01-04T23:31:33.863+0000] {dag.py:3441} INFO - Setting next_dagrun for example_skip_dag to 2024-01-03T23:31:33.863662+00:00, run_after=2024-01-04T23:31:33.863662+00:00
[2024-01-04T23:31:33.874+0000] {processor.py:175} INFO - Processing /home/airflow/.local/lib/python3.7/site-packages/airflow/example_dags/example_skip_dag.py took 0.061 seconds
[2024-01-04T23:32:04.364+0000] {processor.py:153} INFO - Started process (PID=3230) to work on /home/airflow/.local/lib/python3.7/site-packages/airflow/example_dags/example_skip_dag.py
[2024-01-04T23:32:04.366+0000] {processor.py:743} INFO - Processing file /home/airflow/.local/lib/python3.7/site-packages/airflow/example_dags/example_skip_dag.py for tasks to queue
[2024-01-04T23:32:04.366+0000] {logging_mixin.py:137} INFO - [2024-01-04T23:32:04.366+0000] {dagbag.py:538} INFO - Filling up the DagBag from /home/airflow/.local/lib/python3.7/site-packages/airflow/example_dags/example_skip_dag.py
[2024-01-04T23:32:04.377+0000] {processor.py:753} INFO - DAG(s) dict_keys(['example_skip_dag']) retrieved from /home/airflow/.local/lib/python3.7/site-packages/airflow/example_dags/example_skip_dag.py
[2024-01-04T23:32:04.400+0000] {logging_mixin.py:137} INFO - [2024-01-04T23:32:04.400+0000] {dag.py:2690} INFO - Sync 1 DAGs
[2024-01-04T23:32:04.418+0000] {logging_mixin.py:137} INFO - [2024-01-04T23:32:04.418+0000] {dag.py:3441} INFO - Setting next_dagrun for example_skip_dag to 2024-01-03T23:32:04.417774+00:00, run_after=2024-01-04T23:32:04.417774+00:00
[2024-01-04T23:32:04.429+0000] {processor.py:175} INFO - Processing /home/airflow/.local/lib/python3.7/site-packages/airflow/example_dags/example_skip_dag.py took 0.068 seconds
[2024-01-04T23:32:35.143+0000] {processor.py:153} INFO - Started process (PID=3293) to work on /home/airflow/.local/lib/python3.7/site-packages/airflow/example_dags/example_skip_dag.py
[2024-01-04T23:32:35.145+0000] {processor.py:743} INFO - Processing file /home/airflow/.local/lib/python3.7/site-packages/airflow/example_dags/example_skip_dag.py for tasks to queue
[2024-01-04T23:32:35.145+0000] {logging_mixin.py:137} INFO - [2024-01-04T23:32:35.145+0000] {dagbag.py:538} INFO - Filling up the DagBag from /home/airflow/.local/lib/python3.7/site-packages/airflow/example_dags/example_skip_dag.py
[2024-01-04T23:32:35.156+0000] {processor.py:753} INFO - DAG(s) dict_keys(['example_skip_dag']) retrieved from /home/airflow/.local/lib/python3.7/site-packages/airflow/example_dags/example_skip_dag.py
[2024-01-04T23:32:35.176+0000] {logging_mixin.py:137} INFO - [2024-01-04T23:32:35.176+0000] {dag.py:2690} INFO - Sync 1 DAGs
[2024-01-04T23:32:35.191+0000] {logging_mixin.py:137} INFO - [2024-01-04T23:32:35.191+0000] {dag.py:3441} INFO - Setting next_dagrun for example_skip_dag to 2024-01-03T23:32:35.191498+00:00, run_after=2024-01-04T23:32:35.191498+00:00
[2024-01-04T23:32:35.202+0000] {processor.py:175} INFO - Processing /home/airflow/.local/lib/python3.7/site-packages/airflow/example_dags/example_skip_dag.py took 0.061 seconds
[2024-01-04T23:33:06.159+0000] {processor.py:153} INFO - Started process (PID=3368) to work on /home/airflow/.local/lib/python3.7/site-packages/airflow/example_dags/example_skip_dag.py
[2024-01-04T23:33:06.160+0000] {processor.py:743} INFO - Processing file /home/airflow/.local/lib/python3.7/site-packages/airflow/example_dags/example_skip_dag.py for tasks to queue
[2024-01-04T23:33:06.161+0000] {logging_mixin.py:137} INFO - [2024-01-04T23:33:06.161+0000] {dagbag.py:538} INFO - Filling up the DagBag from /home/airflow/.local/lib/python3.7/site-packages/airflow/example_dags/example_skip_dag.py
[2024-01-04T23:33:06.172+0000] {processor.py:753} INFO - DAG(s) dict_keys(['example_skip_dag']) retrieved from /home/airflow/.local/lib/python3.7/site-packages/airflow/example_dags/example_skip_dag.py
[2024-01-04T23:33:06.192+0000] {logging_mixin.py:137} INFO - [2024-01-04T23:33:06.192+0000] {dag.py:2690} INFO - Sync 1 DAGs
[2024-01-04T23:33:06.208+0000] {logging_mixin.py:137} INFO - [2024-01-04T23:33:06.208+0000] {dag.py:3441} INFO - Setting next_dagrun for example_skip_dag to 2024-01-03T23:33:06.208503+00:00, run_after=2024-01-04T23:33:06.208503+00:00
[2024-01-04T23:33:06.219+0000] {processor.py:175} INFO - Processing /home/airflow/.local/lib/python3.7/site-packages/airflow/example_dags/example_skip_dag.py took 0.063 seconds
[2024-01-04T23:33:36.948+0000] {processor.py:153} INFO - Started process (PID=3430) to work on /home/airflow/.local/lib/python3.7/site-packages/airflow/example_dags/example_skip_dag.py
[2024-01-04T23:33:36.950+0000] {processor.py:743} INFO - Processing file /home/airflow/.local/lib/python3.7/site-packages/airflow/example_dags/example_skip_dag.py for tasks to queue
[2024-01-04T23:33:36.951+0000] {logging_mixin.py:137} INFO - [2024-01-04T23:33:36.951+0000] {dagbag.py:538} INFO - Filling up the DagBag from /home/airflow/.local/lib/python3.7/site-packages/airflow/example_dags/example_skip_dag.py
[2024-01-04T23:33:36.964+0000] {processor.py:753} INFO - DAG(s) dict_keys(['example_skip_dag']) retrieved from /home/airflow/.local/lib/python3.7/site-packages/airflow/example_dags/example_skip_dag.py
[2024-01-04T23:33:36.986+0000] {logging_mixin.py:137} INFO - [2024-01-04T23:33:36.986+0000] {dag.py:2690} INFO - Sync 1 DAGs
[2024-01-04T23:33:37.009+0000] {logging_mixin.py:137} INFO - [2024-01-04T23:33:37.009+0000] {dag.py:3441} INFO - Setting next_dagrun for example_skip_dag to 2024-01-03T23:33:37.008701+00:00, run_after=2024-01-04T23:33:37.008701+00:00
[2024-01-04T23:33:37.025+0000] {processor.py:175} INFO - Processing /home/airflow/.local/lib/python3.7/site-packages/airflow/example_dags/example_skip_dag.py took 0.088 seconds
[2024-01-04T23:34:07.727+0000] {processor.py:153} INFO - Started process (PID=3506) to work on /home/airflow/.local/lib/python3.7/site-packages/airflow/example_dags/example_skip_dag.py
[2024-01-04T23:34:07.728+0000] {processor.py:743} INFO - Processing file /home/airflow/.local/lib/python3.7/site-packages/airflow/example_dags/example_skip_dag.py for tasks to queue
[2024-01-04T23:34:07.729+0000] {logging_mixin.py:137} INFO - [2024-01-04T23:34:07.729+0000] {dagbag.py:538} INFO - Filling up the DagBag from /home/airflow/.local/lib/python3.7/site-packages/airflow/example_dags/example_skip_dag.py
[2024-01-04T23:34:07.740+0000] {processor.py:753} INFO - DAG(s) dict_keys(['example_skip_dag']) retrieved from /home/airflow/.local/lib/python3.7/site-packages/airflow/example_dags/example_skip_dag.py
[2024-01-04T23:34:07.758+0000] {logging_mixin.py:137} INFO - [2024-01-04T23:34:07.758+0000] {dag.py:2690} INFO - Sync 1 DAGs
[2024-01-04T23:34:07.773+0000] {logging_mixin.py:137} INFO - [2024-01-04T23:34:07.773+0000] {dag.py:3441} INFO - Setting next_dagrun for example_skip_dag to 2024-01-03T23:34:07.773634+00:00, run_after=2024-01-04T23:34:07.773634+00:00
[2024-01-04T23:34:07.786+0000] {processor.py:175} INFO - Processing /home/airflow/.local/lib/python3.7/site-packages/airflow/example_dags/example_skip_dag.py took 0.061 seconds
[2024-01-04T23:34:38.463+0000] {processor.py:153} INFO - Started process (PID=3581) to work on /home/airflow/.local/lib/python3.7/site-packages/airflow/example_dags/example_skip_dag.py
[2024-01-04T23:34:38.464+0000] {processor.py:743} INFO - Processing file /home/airflow/.local/lib/python3.7/site-packages/airflow/example_dags/example_skip_dag.py for tasks to queue
[2024-01-04T23:34:38.465+0000] {logging_mixin.py:137} INFO - [2024-01-04T23:34:38.465+0000] {dagbag.py:538} INFO - Filling up the DagBag from /home/airflow/.local/lib/python3.7/site-packages/airflow/example_dags/example_skip_dag.py
[2024-01-04T23:34:38.476+0000] {processor.py:753} INFO - DAG(s) dict_keys(['example_skip_dag']) retrieved from /home/airflow/.local/lib/python3.7/site-packages/airflow/example_dags/example_skip_dag.py
[2024-01-04T23:34:38.494+0000] {logging_mixin.py:137} INFO - [2024-01-04T23:34:38.494+0000] {dag.py:2690} INFO - Sync 1 DAGs
[2024-01-04T23:34:38.512+0000] {logging_mixin.py:137} INFO - [2024-01-04T23:34:38.512+0000] {dag.py:3441} INFO - Setting next_dagrun for example_skip_dag to 2024-01-03T23:34:38.512519+00:00, run_after=2024-01-04T23:34:38.512519+00:00
[2024-01-04T23:34:38.523+0000] {processor.py:175} INFO - Processing /home/airflow/.local/lib/python3.7/site-packages/airflow/example_dags/example_skip_dag.py took 0.062 seconds
[2024-01-04T23:35:09.346+0000] {processor.py:153} INFO - Started process (PID=3644) to work on /home/airflow/.local/lib/python3.7/site-packages/airflow/example_dags/example_skip_dag.py
[2024-01-04T23:35:09.348+0000] {processor.py:743} INFO - Processing file /home/airflow/.local/lib/python3.7/site-packages/airflow/example_dags/example_skip_dag.py for tasks to queue
[2024-01-04T23:35:09.351+0000] {logging_mixin.py:137} INFO - [2024-01-04T23:35:09.351+0000] {dagbag.py:538} INFO - Filling up the DagBag from /home/airflow/.local/lib/python3.7/site-packages/airflow/example_dags/example_skip_dag.py
[2024-01-04T23:35:09.373+0000] {processor.py:753} INFO - DAG(s) dict_keys(['example_skip_dag']) retrieved from /home/airflow/.local/lib/python3.7/site-packages/airflow/example_dags/example_skip_dag.py
[2024-01-04T23:35:09.395+0000] {logging_mixin.py:137} INFO - [2024-01-04T23:35:09.395+0000] {dag.py:2690} INFO - Sync 1 DAGs
[2024-01-04T23:35:09.414+0000] {logging_mixin.py:137} INFO - [2024-01-04T23:35:09.414+0000] {dag.py:3441} INFO - Setting next_dagrun for example_skip_dag to 2024-01-03T23:35:09.414216+00:00, run_after=2024-01-04T23:35:09.414216+00:00
[2024-01-04T23:35:09.427+0000] {processor.py:175} INFO - Processing /home/airflow/.local/lib/python3.7/site-packages/airflow/example_dags/example_skip_dag.py took 0.090 seconds
[2024-01-04T23:35:39.877+0000] {processor.py:153} INFO - Started process (PID=3719) to work on /home/airflow/.local/lib/python3.7/site-packages/airflow/example_dags/example_skip_dag.py
[2024-01-04T23:35:39.878+0000] {processor.py:743} INFO - Processing file /home/airflow/.local/lib/python3.7/site-packages/airflow/example_dags/example_skip_dag.py for tasks to queue
[2024-01-04T23:35:39.879+0000] {logging_mixin.py:137} INFO - [2024-01-04T23:35:39.879+0000] {dagbag.py:538} INFO - Filling up the DagBag from /home/airflow/.local/lib/python3.7/site-packages/airflow/example_dags/example_skip_dag.py
[2024-01-04T23:35:39.889+0000] {processor.py:753} INFO - DAG(s) dict_keys(['example_skip_dag']) retrieved from /home/airflow/.local/lib/python3.7/site-packages/airflow/example_dags/example_skip_dag.py
[2024-01-04T23:35:39.909+0000] {logging_mixin.py:137} INFO - [2024-01-04T23:35:39.909+0000] {dag.py:2690} INFO - Sync 1 DAGs
[2024-01-04T23:35:39.924+0000] {logging_mixin.py:137} INFO - [2024-01-04T23:35:39.924+0000] {dag.py:3441} INFO - Setting next_dagrun for example_skip_dag to 2024-01-03T23:35:39.924030+00:00, run_after=2024-01-04T23:35:39.924030+00:00
[2024-01-04T23:35:39.934+0000] {processor.py:175} INFO - Processing /home/airflow/.local/lib/python3.7/site-packages/airflow/example_dags/example_skip_dag.py took 0.060 seconds
[2024-01-04T23:36:11.007+0000] {processor.py:153} INFO - Started process (PID=3790) to work on /home/airflow/.local/lib/python3.7/site-packages/airflow/example_dags/example_skip_dag.py
[2024-01-04T23:36:11.008+0000] {processor.py:743} INFO - Processing file /home/airflow/.local/lib/python3.7/site-packages/airflow/example_dags/example_skip_dag.py for tasks to queue
[2024-01-04T23:36:11.009+0000] {logging_mixin.py:137} INFO - [2024-01-04T23:36:11.009+0000] {dagbag.py:538} INFO - Filling up the DagBag from /home/airflow/.local/lib/python3.7/site-packages/airflow/example_dags/example_skip_dag.py
[2024-01-04T23:36:11.022+0000] {processor.py:753} INFO - DAG(s) dict_keys(['example_skip_dag']) retrieved from /home/airflow/.local/lib/python3.7/site-packages/airflow/example_dags/example_skip_dag.py
[2024-01-04T23:36:11.046+0000] {logging_mixin.py:137} INFO - [2024-01-04T23:36:11.046+0000] {dag.py:2690} INFO - Sync 1 DAGs
[2024-01-04T23:36:11.075+0000] {logging_mixin.py:137} INFO - [2024-01-04T23:36:11.074+0000] {dag.py:3441} INFO - Setting next_dagrun for example_skip_dag to 2024-01-03T23:36:11.074188+00:00, run_after=2024-01-04T23:36:11.074188+00:00
[2024-01-04T23:36:11.095+0000] {processor.py:175} INFO - Processing /home/airflow/.local/lib/python3.7/site-packages/airflow/example_dags/example_skip_dag.py took 0.091 seconds
[2024-01-04T23:36:42.119+0000] {processor.py:153} INFO - Started process (PID=3856) to work on /home/airflow/.local/lib/python3.7/site-packages/airflow/example_dags/example_skip_dag.py
[2024-01-04T23:36:42.121+0000] {processor.py:743} INFO - Processing file /home/airflow/.local/lib/python3.7/site-packages/airflow/example_dags/example_skip_dag.py for tasks to queue
[2024-01-04T23:36:42.122+0000] {logging_mixin.py:137} INFO - [2024-01-04T23:36:42.122+0000] {dagbag.py:538} INFO - Filling up the DagBag from /home/airflow/.local/lib/python3.7/site-packages/airflow/example_dags/example_skip_dag.py
[2024-01-04T23:36:42.134+0000] {processor.py:753} INFO - DAG(s) dict_keys(['example_skip_dag']) retrieved from /home/airflow/.local/lib/python3.7/site-packages/airflow/example_dags/example_skip_dag.py
[2024-01-04T23:36:42.159+0000] {logging_mixin.py:137} INFO - [2024-01-04T23:36:42.159+0000] {dag.py:2690} INFO - Sync 1 DAGs
[2024-01-04T23:36:42.183+0000] {logging_mixin.py:137} INFO - [2024-01-04T23:36:42.182+0000] {dag.py:3441} INFO - Setting next_dagrun for example_skip_dag to 2024-01-03T23:36:42.182581+00:00, run_after=2024-01-04T23:36:42.182581+00:00
[2024-01-04T23:36:42.198+0000] {processor.py:175} INFO - Processing /home/airflow/.local/lib/python3.7/site-packages/airflow/example_dags/example_skip_dag.py took 0.082 seconds
[2024-01-04T23:37:12.374+0000] {processor.py:153} INFO - Started process (PID=3931) to work on /home/airflow/.local/lib/python3.7/site-packages/airflow/example_dags/example_skip_dag.py
[2024-01-04T23:37:12.376+0000] {processor.py:743} INFO - Processing file /home/airflow/.local/lib/python3.7/site-packages/airflow/example_dags/example_skip_dag.py for tasks to queue
[2024-01-04T23:37:12.376+0000] {logging_mixin.py:137} INFO - [2024-01-04T23:37:12.376+0000] {dagbag.py:538} INFO - Filling up the DagBag from /home/airflow/.local/lib/python3.7/site-packages/airflow/example_dags/example_skip_dag.py
[2024-01-04T23:37:12.386+0000] {processor.py:753} INFO - DAG(s) dict_keys(['example_skip_dag']) retrieved from /home/airflow/.local/lib/python3.7/site-packages/airflow/example_dags/example_skip_dag.py
[2024-01-04T23:37:12.405+0000] {logging_mixin.py:137} INFO - [2024-01-04T23:37:12.405+0000] {dag.py:2690} INFO - Sync 1 DAGs
[2024-01-04T23:37:12.421+0000] {logging_mixin.py:137} INFO - [2024-01-04T23:37:12.421+0000] {dag.py:3441} INFO - Setting next_dagrun for example_skip_dag to 2024-01-03T23:37:12.420807+00:00, run_after=2024-01-04T23:37:12.420807+00:00
[2024-01-04T23:37:12.432+0000] {processor.py:175} INFO - Processing /home/airflow/.local/lib/python3.7/site-packages/airflow/example_dags/example_skip_dag.py took 0.060 seconds
[2024-01-04T23:37:42.923+0000] {processor.py:153} INFO - Started process (PID=3993) to work on /home/airflow/.local/lib/python3.7/site-packages/airflow/example_dags/example_skip_dag.py
[2024-01-04T23:37:42.924+0000] {processor.py:743} INFO - Processing file /home/airflow/.local/lib/python3.7/site-packages/airflow/example_dags/example_skip_dag.py for tasks to queue
[2024-01-04T23:37:42.924+0000] {logging_mixin.py:137} INFO - [2024-01-04T23:37:42.924+0000] {dagbag.py:538} INFO - Filling up the DagBag from /home/airflow/.local/lib/python3.7/site-packages/airflow/example_dags/example_skip_dag.py
[2024-01-04T23:37:42.934+0000] {processor.py:753} INFO - DAG(s) dict_keys(['example_skip_dag']) retrieved from /home/airflow/.local/lib/python3.7/site-packages/airflow/example_dags/example_skip_dag.py
[2024-01-04T23:37:42.952+0000] {logging_mixin.py:137} INFO - [2024-01-04T23:37:42.952+0000] {dag.py:2690} INFO - Sync 1 DAGs
[2024-01-04T23:37:42.966+0000] {logging_mixin.py:137} INFO - [2024-01-04T23:37:42.966+0000] {dag.py:3441} INFO - Setting next_dagrun for example_skip_dag to 2024-01-03T23:37:42.966663+00:00, run_after=2024-01-04T23:37:42.966663+00:00
[2024-01-04T23:37:42.976+0000] {processor.py:175} INFO - Processing /home/airflow/.local/lib/python3.7/site-packages/airflow/example_dags/example_skip_dag.py took 0.056 seconds
[2024-01-04T23:38:13.618+0000] {processor.py:153} INFO - Started process (PID=4068) to work on /home/airflow/.local/lib/python3.7/site-packages/airflow/example_dags/example_skip_dag.py
[2024-01-04T23:38:13.619+0000] {processor.py:743} INFO - Processing file /home/airflow/.local/lib/python3.7/site-packages/airflow/example_dags/example_skip_dag.py for tasks to queue
[2024-01-04T23:38:13.620+0000] {logging_mixin.py:137} INFO - [2024-01-04T23:38:13.620+0000] {dagbag.py:538} INFO - Filling up the DagBag from /home/airflow/.local/lib/python3.7/site-packages/airflow/example_dags/example_skip_dag.py
[2024-01-04T23:38:13.629+0000] {processor.py:753} INFO - DAG(s) dict_keys(['example_skip_dag']) retrieved from /home/airflow/.local/lib/python3.7/site-packages/airflow/example_dags/example_skip_dag.py
[2024-01-04T23:38:13.649+0000] {logging_mixin.py:137} INFO - [2024-01-04T23:38:13.649+0000] {dag.py:2690} INFO - Sync 1 DAGs
[2024-01-04T23:38:13.669+0000] {logging_mixin.py:137} INFO - [2024-01-04T23:38:13.669+0000] {dag.py:3441} INFO - Setting next_dagrun for example_skip_dag to 2024-01-03T23:38:13.669305+00:00, run_after=2024-01-04T23:38:13.669305+00:00
[2024-01-04T23:38:13.682+0000] {processor.py:175} INFO - Processing /home/airflow/.local/lib/python3.7/site-packages/airflow/example_dags/example_skip_dag.py took 0.067 seconds
[2024-01-04T23:38:44.250+0000] {processor.py:153} INFO - Started process (PID=4131) to work on /home/airflow/.local/lib/python3.7/site-packages/airflow/example_dags/example_skip_dag.py
[2024-01-04T23:38:44.251+0000] {processor.py:743} INFO - Processing file /home/airflow/.local/lib/python3.7/site-packages/airflow/example_dags/example_skip_dag.py for tasks to queue
[2024-01-04T23:38:44.252+0000] {logging_mixin.py:137} INFO - [2024-01-04T23:38:44.252+0000] {dagbag.py:538} INFO - Filling up the DagBag from /home/airflow/.local/lib/python3.7/site-packages/airflow/example_dags/example_skip_dag.py
[2024-01-04T23:38:44.262+0000] {processor.py:753} INFO - DAG(s) dict_keys(['example_skip_dag']) retrieved from /home/airflow/.local/lib/python3.7/site-packages/airflow/example_dags/example_skip_dag.py
[2024-01-04T23:38:44.279+0000] {logging_mixin.py:137} INFO - [2024-01-04T23:38:44.279+0000] {dag.py:2690} INFO - Sync 1 DAGs
[2024-01-04T23:38:44.304+0000] {logging_mixin.py:137} INFO - [2024-01-04T23:38:44.304+0000] {dag.py:3441} INFO - Setting next_dagrun for example_skip_dag to 2024-01-03T23:38:44.304214+00:00, run_after=2024-01-04T23:38:44.304214+00:00
[2024-01-04T23:38:44.317+0000] {processor.py:175} INFO - Processing /home/airflow/.local/lib/python3.7/site-packages/airflow/example_dags/example_skip_dag.py took 0.069 seconds
[2024-01-04T23:39:15.218+0000] {processor.py:153} INFO - Started process (PID=4206) to work on /home/airflow/.local/lib/python3.7/site-packages/airflow/example_dags/example_skip_dag.py
[2024-01-04T23:39:15.219+0000] {processor.py:743} INFO - Processing file /home/airflow/.local/lib/python3.7/site-packages/airflow/example_dags/example_skip_dag.py for tasks to queue
[2024-01-04T23:39:15.220+0000] {logging_mixin.py:137} INFO - [2024-01-04T23:39:15.220+0000] {dagbag.py:538} INFO - Filling up the DagBag from /home/airflow/.local/lib/python3.7/site-packages/airflow/example_dags/example_skip_dag.py
[2024-01-04T23:39:15.232+0000] {processor.py:753} INFO - DAG(s) dict_keys(['example_skip_dag']) retrieved from /home/airflow/.local/lib/python3.7/site-packages/airflow/example_dags/example_skip_dag.py
[2024-01-04T23:39:15.251+0000] {logging_mixin.py:137} INFO - [2024-01-04T23:39:15.251+0000] {dag.py:2690} INFO - Sync 1 DAGs
[2024-01-04T23:39:15.266+0000] {logging_mixin.py:137} INFO - [2024-01-04T23:39:15.266+0000] {dag.py:3441} INFO - Setting next_dagrun for example_skip_dag to 2024-01-03T23:39:15.266391+00:00, run_after=2024-01-04T23:39:15.266391+00:00
[2024-01-04T23:39:15.276+0000] {processor.py:175} INFO - Processing /home/airflow/.local/lib/python3.7/site-packages/airflow/example_dags/example_skip_dag.py took 0.061 seconds
[2024-01-04T23:56:22.522+0000] {processor.py:153} INFO - Started process (PID=4257) to work on /home/airflow/.local/lib/python3.7/site-packages/airflow/example_dags/example_skip_dag.py
[2024-01-04T23:56:22.524+0000] {processor.py:743} INFO - Processing file /home/airflow/.local/lib/python3.7/site-packages/airflow/example_dags/example_skip_dag.py for tasks to queue
[2024-01-04T23:56:22.525+0000] {logging_mixin.py:137} INFO - [2024-01-04T23:56:22.525+0000] {dagbag.py:538} INFO - Filling up the DagBag from /home/airflow/.local/lib/python3.7/site-packages/airflow/example_dags/example_skip_dag.py
[2024-01-04T23:56:22.537+0000] {processor.py:753} INFO - DAG(s) dict_keys(['example_skip_dag']) retrieved from /home/airflow/.local/lib/python3.7/site-packages/airflow/example_dags/example_skip_dag.py
[2024-01-04T23:56:22.560+0000] {logging_mixin.py:137} INFO - [2024-01-04T23:56:22.560+0000] {dag.py:2690} INFO - Sync 1 DAGs
[2024-01-04T23:56:22.585+0000] {logging_mixin.py:137} INFO - [2024-01-04T23:56:22.585+0000] {dag.py:3441} INFO - Setting next_dagrun for example_skip_dag to 2024-01-03T23:56:22.584834+00:00, run_after=2024-01-04T23:56:22.584834+00:00
[2024-01-04T23:56:22.602+0000] {processor.py:175} INFO - Processing /home/airflow/.local/lib/python3.7/site-packages/airflow/example_dags/example_skip_dag.py took 0.083 seconds
