[2024-01-04T23:09:11.556+0000] {processor.py:153} INFO - Started process (PID=89) to work on /home/airflow/.local/lib/python3.7/site-packages/airflow/example_dags/example_latest_only.py
[2024-01-04T23:09:11.558+0000] {processor.py:743} INFO - Processing file /home/airflow/.local/lib/python3.7/site-packages/airflow/example_dags/example_latest_only.py for tasks to queue
[2024-01-04T23:09:11.559+0000] {logging_mixin.py:137} INFO - [2024-01-04T23:09:11.559+0000] {dagbag.py:538} INFO - Filling up the DagBag from /home/airflow/.local/lib/python3.7/site-packages/airflow/example_dags/example_latest_only.py
[2024-01-04T23:09:11.579+0000] {processor.py:753} INFO - DAG(s) dict_keys(['latest_only']) retrieved from /home/airflow/.local/lib/python3.7/site-packages/airflow/example_dags/example_latest_only.py
[2024-01-04T23:09:11.794+0000] {logging_mixin.py:137} INFO - [2024-01-04T23:09:11.793+0000] {manager.py:504} INFO - Created Permission View: can delete on DAG:latest_only
[2024-01-04T23:09:11.824+0000] {logging_mixin.py:137} INFO - [2024-01-04T23:09:11.824+0000] {manager.py:504} INFO - Created Permission View: can edit on DAG:latest_only
[2024-01-04T23:09:11.859+0000] {logging_mixin.py:137} INFO - [2024-01-04T23:09:11.857+0000] {manager.py:504} INFO - Created Permission View: can read on DAG:latest_only
[2024-01-04T23:09:11.862+0000] {logging_mixin.py:137} INFO - [2024-01-04T23:09:11.862+0000] {dag.py:2690} INFO - Sync 1 DAGs
[2024-01-04T23:09:11.894+0000] {logging_mixin.py:137} INFO - [2024-01-04T23:09:11.893+0000] {dag.py:2711} INFO - Creating ORM DAG for latest_only
[2024-01-04T23:09:11.915+0000] {logging_mixin.py:137} INFO - [2024-01-04T23:09:11.915+0000] {dag.py:3441} INFO - Setting next_dagrun for latest_only to 2024-01-04T19:09:11.915282+00:00, run_after=2024-01-04T23:09:11.915282+00:00
[2024-01-04T23:09:11.953+0000] {processor.py:175} INFO - Processing /home/airflow/.local/lib/python3.7/site-packages/airflow/example_dags/example_latest_only.py took 0.402 seconds
[2024-01-04T23:09:42.103+0000] {processor.py:153} INFO - Started process (PID=152) to work on /home/airflow/.local/lib/python3.7/site-packages/airflow/example_dags/example_latest_only.py
[2024-01-04T23:09:42.104+0000] {processor.py:743} INFO - Processing file /home/airflow/.local/lib/python3.7/site-packages/airflow/example_dags/example_latest_only.py for tasks to queue
[2024-01-04T23:09:42.105+0000] {logging_mixin.py:137} INFO - [2024-01-04T23:09:42.105+0000] {dagbag.py:538} INFO - Filling up the DagBag from /home/airflow/.local/lib/python3.7/site-packages/airflow/example_dags/example_latest_only.py
[2024-01-04T23:09:42.114+0000] {processor.py:753} INFO - DAG(s) dict_keys(['latest_only']) retrieved from /home/airflow/.local/lib/python3.7/site-packages/airflow/example_dags/example_latest_only.py
[2024-01-04T23:09:42.131+0000] {logging_mixin.py:137} INFO - [2024-01-04T23:09:42.131+0000] {dag.py:2690} INFO - Sync 1 DAGs
[2024-01-04T23:09:42.146+0000] {logging_mixin.py:137} INFO - [2024-01-04T23:09:42.146+0000] {dag.py:3441} INFO - Setting next_dagrun for latest_only to 2024-01-04T19:09:42.146187+00:00, run_after=2024-01-04T23:09:42.146187+00:00
[2024-01-04T23:09:42.157+0000] {processor.py:175} INFO - Processing /home/airflow/.local/lib/python3.7/site-packages/airflow/example_dags/example_latest_only.py took 0.056 seconds
[2024-01-04T23:10:12.537+0000] {processor.py:153} INFO - Started process (PID=227) to work on /home/airflow/.local/lib/python3.7/site-packages/airflow/example_dags/example_latest_only.py
[2024-01-04T23:10:12.538+0000] {processor.py:743} INFO - Processing file /home/airflow/.local/lib/python3.7/site-packages/airflow/example_dags/example_latest_only.py for tasks to queue
[2024-01-04T23:10:12.539+0000] {logging_mixin.py:137} INFO - [2024-01-04T23:10:12.539+0000] {dagbag.py:538} INFO - Filling up the DagBag from /home/airflow/.local/lib/python3.7/site-packages/airflow/example_dags/example_latest_only.py
[2024-01-04T23:10:12.548+0000] {processor.py:753} INFO - DAG(s) dict_keys(['latest_only']) retrieved from /home/airflow/.local/lib/python3.7/site-packages/airflow/example_dags/example_latest_only.py
[2024-01-04T23:10:12.566+0000] {logging_mixin.py:137} INFO - [2024-01-04T23:10:12.566+0000] {dag.py:2690} INFO - Sync 1 DAGs
[2024-01-04T23:10:12.582+0000] {logging_mixin.py:137} INFO - [2024-01-04T23:10:12.582+0000] {dag.py:3441} INFO - Setting next_dagrun for latest_only to 2024-01-04T19:10:12.581842+00:00, run_after=2024-01-04T23:10:12.581842+00:00
[2024-01-04T23:10:12.592+0000] {processor.py:175} INFO - Processing /home/airflow/.local/lib/python3.7/site-packages/airflow/example_dags/example_latest_only.py took 0.057 seconds
[2024-01-04T23:10:42.830+0000] {processor.py:153} INFO - Started process (PID=289) to work on /home/airflow/.local/lib/python3.7/site-packages/airflow/example_dags/example_latest_only.py
[2024-01-04T23:10:42.831+0000] {processor.py:743} INFO - Processing file /home/airflow/.local/lib/python3.7/site-packages/airflow/example_dags/example_latest_only.py for tasks to queue
[2024-01-04T23:10:42.832+0000] {logging_mixin.py:137} INFO - [2024-01-04T23:10:42.832+0000] {dagbag.py:538} INFO - Filling up the DagBag from /home/airflow/.local/lib/python3.7/site-packages/airflow/example_dags/example_latest_only.py
[2024-01-04T23:10:42.844+0000] {processor.py:753} INFO - DAG(s) dict_keys(['latest_only']) retrieved from /home/airflow/.local/lib/python3.7/site-packages/airflow/example_dags/example_latest_only.py
[2024-01-04T23:10:42.863+0000] {logging_mixin.py:137} INFO - [2024-01-04T23:10:42.863+0000] {dag.py:2690} INFO - Sync 1 DAGs
[2024-01-04T23:10:42.884+0000] {logging_mixin.py:137} INFO - [2024-01-04T23:10:42.884+0000] {dag.py:3441} INFO - Setting next_dagrun for latest_only to 2024-01-04T19:10:42.883958+00:00, run_after=2024-01-04T23:10:42.883958+00:00
[2024-01-04T23:10:42.894+0000] {processor.py:175} INFO - Processing /home/airflow/.local/lib/python3.7/site-packages/airflow/example_dags/example_latest_only.py took 0.066 seconds
[2024-01-04T23:11:13.132+0000] {processor.py:153} INFO - Started process (PID=365) to work on /home/airflow/.local/lib/python3.7/site-packages/airflow/example_dags/example_latest_only.py
[2024-01-04T23:11:13.133+0000] {processor.py:743} INFO - Processing file /home/airflow/.local/lib/python3.7/site-packages/airflow/example_dags/example_latest_only.py for tasks to queue
[2024-01-04T23:11:13.134+0000] {logging_mixin.py:137} INFO - [2024-01-04T23:11:13.134+0000] {dagbag.py:538} INFO - Filling up the DagBag from /home/airflow/.local/lib/python3.7/site-packages/airflow/example_dags/example_latest_only.py
[2024-01-04T23:11:13.143+0000] {processor.py:753} INFO - DAG(s) dict_keys(['latest_only']) retrieved from /home/airflow/.local/lib/python3.7/site-packages/airflow/example_dags/example_latest_only.py
[2024-01-04T23:11:13.162+0000] {logging_mixin.py:137} INFO - [2024-01-04T23:11:13.162+0000] {dag.py:2690} INFO - Sync 1 DAGs
[2024-01-04T23:11:13.179+0000] {logging_mixin.py:137} INFO - [2024-01-04T23:11:13.179+0000] {dag.py:3441} INFO - Setting next_dagrun for latest_only to 2024-01-04T19:11:13.178914+00:00, run_after=2024-01-04T23:11:13.178914+00:00
[2024-01-04T23:11:13.191+0000] {processor.py:175} INFO - Processing /home/airflow/.local/lib/python3.7/site-packages/airflow/example_dags/example_latest_only.py took 0.061 seconds
[2024-01-04T23:11:44.654+0000] {processor.py:153} INFO - Started process (PID=440) to work on /home/airflow/.local/lib/python3.7/site-packages/airflow/example_dags/example_latest_only.py
[2024-01-04T23:11:44.656+0000] {processor.py:743} INFO - Processing file /home/airflow/.local/lib/python3.7/site-packages/airflow/example_dags/example_latest_only.py for tasks to queue
[2024-01-04T23:11:44.657+0000] {logging_mixin.py:137} INFO - [2024-01-04T23:11:44.657+0000] {dagbag.py:538} INFO - Filling up the DagBag from /home/airflow/.local/lib/python3.7/site-packages/airflow/example_dags/example_latest_only.py
[2024-01-04T23:11:44.676+0000] {processor.py:753} INFO - DAG(s) dict_keys(['latest_only']) retrieved from /home/airflow/.local/lib/python3.7/site-packages/airflow/example_dags/example_latest_only.py
[2024-01-04T23:11:44.734+0000] {logging_mixin.py:137} INFO - [2024-01-04T23:11:44.733+0000] {dag.py:2690} INFO - Sync 1 DAGs
[2024-01-04T23:11:44.758+0000] {logging_mixin.py:137} INFO - [2024-01-04T23:11:44.758+0000] {dag.py:3441} INFO - Setting next_dagrun for latest_only to 2024-01-04T19:11:44.758461+00:00, run_after=2024-01-04T23:11:44.758461+00:00
[2024-01-04T23:11:44.779+0000] {processor.py:175} INFO - Processing /home/airflow/.local/lib/python3.7/site-packages/airflow/example_dags/example_latest_only.py took 0.129 seconds
[2024-01-04T23:12:15.430+0000] {processor.py:153} INFO - Started process (PID=503) to work on /home/airflow/.local/lib/python3.7/site-packages/airflow/example_dags/example_latest_only.py
[2024-01-04T23:12:15.432+0000] {processor.py:743} INFO - Processing file /home/airflow/.local/lib/python3.7/site-packages/airflow/example_dags/example_latest_only.py for tasks to queue
[2024-01-04T23:12:15.433+0000] {logging_mixin.py:137} INFO - [2024-01-04T23:12:15.433+0000] {dagbag.py:538} INFO - Filling up the DagBag from /home/airflow/.local/lib/python3.7/site-packages/airflow/example_dags/example_latest_only.py
[2024-01-04T23:12:15.448+0000] {processor.py:753} INFO - DAG(s) dict_keys(['latest_only']) retrieved from /home/airflow/.local/lib/python3.7/site-packages/airflow/example_dags/example_latest_only.py
[2024-01-04T23:12:15.467+0000] {logging_mixin.py:137} INFO - [2024-01-04T23:12:15.467+0000] {dag.py:2690} INFO - Sync 1 DAGs
[2024-01-04T23:12:15.485+0000] {logging_mixin.py:137} INFO - [2024-01-04T23:12:15.485+0000] {dag.py:3441} INFO - Setting next_dagrun for latest_only to 2024-01-04T19:12:15.484966+00:00, run_after=2024-01-04T23:12:15.484966+00:00
[2024-01-04T23:12:15.498+0000] {processor.py:175} INFO - Processing /home/airflow/.local/lib/python3.7/site-packages/airflow/example_dags/example_latest_only.py took 0.070 seconds
[2024-01-04T23:12:45.646+0000] {processor.py:153} INFO - Started process (PID=579) to work on /home/airflow/.local/lib/python3.7/site-packages/airflow/example_dags/example_latest_only.py
[2024-01-04T23:12:45.647+0000] {processor.py:743} INFO - Processing file /home/airflow/.local/lib/python3.7/site-packages/airflow/example_dags/example_latest_only.py for tasks to queue
[2024-01-04T23:12:45.648+0000] {logging_mixin.py:137} INFO - [2024-01-04T23:12:45.648+0000] {dagbag.py:538} INFO - Filling up the DagBag from /home/airflow/.local/lib/python3.7/site-packages/airflow/example_dags/example_latest_only.py
[2024-01-04T23:12:45.659+0000] {processor.py:753} INFO - DAG(s) dict_keys(['latest_only']) retrieved from /home/airflow/.local/lib/python3.7/site-packages/airflow/example_dags/example_latest_only.py
[2024-01-04T23:12:45.684+0000] {logging_mixin.py:137} INFO - [2024-01-04T23:12:45.684+0000] {dag.py:2690} INFO - Sync 1 DAGs
[2024-01-04T23:12:45.700+0000] {logging_mixin.py:137} INFO - [2024-01-04T23:12:45.700+0000] {dag.py:3441} INFO - Setting next_dagrun for latest_only to 2024-01-04T19:12:45.699809+00:00, run_after=2024-01-04T23:12:45.699809+00:00
[2024-01-04T23:12:45.710+0000] {processor.py:175} INFO - Processing /home/airflow/.local/lib/python3.7/site-packages/airflow/example_dags/example_latest_only.py took 0.067 seconds
[2024-01-04T23:13:15.990+0000] {processor.py:153} INFO - Started process (PID=642) to work on /home/airflow/.local/lib/python3.7/site-packages/airflow/example_dags/example_latest_only.py
[2024-01-04T23:13:15.991+0000] {processor.py:743} INFO - Processing file /home/airflow/.local/lib/python3.7/site-packages/airflow/example_dags/example_latest_only.py for tasks to queue
[2024-01-04T23:13:15.992+0000] {logging_mixin.py:137} INFO - [2024-01-04T23:13:15.992+0000] {dagbag.py:538} INFO - Filling up the DagBag from /home/airflow/.local/lib/python3.7/site-packages/airflow/example_dags/example_latest_only.py
[2024-01-04T23:13:16.004+0000] {processor.py:753} INFO - DAG(s) dict_keys(['latest_only']) retrieved from /home/airflow/.local/lib/python3.7/site-packages/airflow/example_dags/example_latest_only.py
[2024-01-04T23:13:16.026+0000] {logging_mixin.py:137} INFO - [2024-01-04T23:13:16.026+0000] {dag.py:2690} INFO - Sync 1 DAGs
[2024-01-04T23:13:16.048+0000] {logging_mixin.py:137} INFO - [2024-01-04T23:13:16.048+0000] {dag.py:3441} INFO - Setting next_dagrun for latest_only to 2024-01-04T19:13:16.048341+00:00, run_after=2024-01-04T23:13:16.048341+00:00
[2024-01-04T23:13:16.060+0000] {processor.py:175} INFO - Processing /home/airflow/.local/lib/python3.7/site-packages/airflow/example_dags/example_latest_only.py took 0.073 seconds
[2024-01-04T23:13:46.549+0000] {processor.py:153} INFO - Started process (PID=718) to work on /home/airflow/.local/lib/python3.7/site-packages/airflow/example_dags/example_latest_only.py
[2024-01-04T23:13:46.550+0000] {processor.py:743} INFO - Processing file /home/airflow/.local/lib/python3.7/site-packages/airflow/example_dags/example_latest_only.py for tasks to queue
[2024-01-04T23:13:46.551+0000] {logging_mixin.py:137} INFO - [2024-01-04T23:13:46.551+0000] {dagbag.py:538} INFO - Filling up the DagBag from /home/airflow/.local/lib/python3.7/site-packages/airflow/example_dags/example_latest_only.py
[2024-01-04T23:13:46.566+0000] {processor.py:753} INFO - DAG(s) dict_keys(['latest_only']) retrieved from /home/airflow/.local/lib/python3.7/site-packages/airflow/example_dags/example_latest_only.py
[2024-01-04T23:13:46.591+0000] {logging_mixin.py:137} INFO - [2024-01-04T23:13:46.590+0000] {dag.py:2690} INFO - Sync 1 DAGs
[2024-01-04T23:13:46.608+0000] {logging_mixin.py:137} INFO - [2024-01-04T23:13:46.608+0000] {dag.py:3441} INFO - Setting next_dagrun for latest_only to 2024-01-04T19:13:46.608687+00:00, run_after=2024-01-04T23:13:46.608687+00:00
[2024-01-04T23:13:46.620+0000] {processor.py:175} INFO - Processing /home/airflow/.local/lib/python3.7/site-packages/airflow/example_dags/example_latest_only.py took 0.075 seconds
[2024-01-04T23:14:17.122+0000] {processor.py:153} INFO - Started process (PID=793) to work on /home/airflow/.local/lib/python3.7/site-packages/airflow/example_dags/example_latest_only.py
[2024-01-04T23:14:17.123+0000] {processor.py:743} INFO - Processing file /home/airflow/.local/lib/python3.7/site-packages/airflow/example_dags/example_latest_only.py for tasks to queue
[2024-01-04T23:14:17.124+0000] {logging_mixin.py:137} INFO - [2024-01-04T23:14:17.124+0000] {dagbag.py:538} INFO - Filling up the DagBag from /home/airflow/.local/lib/python3.7/site-packages/airflow/example_dags/example_latest_only.py
[2024-01-04T23:14:17.133+0000] {processor.py:753} INFO - DAG(s) dict_keys(['latest_only']) retrieved from /home/airflow/.local/lib/python3.7/site-packages/airflow/example_dags/example_latest_only.py
[2024-01-04T23:14:17.151+0000] {logging_mixin.py:137} INFO - [2024-01-04T23:14:17.151+0000] {dag.py:2690} INFO - Sync 1 DAGs
[2024-01-04T23:14:17.166+0000] {logging_mixin.py:137} INFO - [2024-01-04T23:14:17.166+0000] {dag.py:3441} INFO - Setting next_dagrun for latest_only to 2024-01-04T19:14:17.165982+00:00, run_after=2024-01-04T23:14:17.165982+00:00
[2024-01-04T23:14:17.176+0000] {processor.py:175} INFO - Processing /home/airflow/.local/lib/python3.7/site-packages/airflow/example_dags/example_latest_only.py took 0.057 seconds
[2024-01-04T23:14:47.615+0000] {processor.py:153} INFO - Started process (PID=856) to work on /home/airflow/.local/lib/python3.7/site-packages/airflow/example_dags/example_latest_only.py
[2024-01-04T23:14:47.617+0000] {processor.py:743} INFO - Processing file /home/airflow/.local/lib/python3.7/site-packages/airflow/example_dags/example_latest_only.py for tasks to queue
[2024-01-04T23:14:47.617+0000] {logging_mixin.py:137} INFO - [2024-01-04T23:14:47.617+0000] {dagbag.py:538} INFO - Filling up the DagBag from /home/airflow/.local/lib/python3.7/site-packages/airflow/example_dags/example_latest_only.py
[2024-01-04T23:14:47.627+0000] {processor.py:753} INFO - DAG(s) dict_keys(['latest_only']) retrieved from /home/airflow/.local/lib/python3.7/site-packages/airflow/example_dags/example_latest_only.py
[2024-01-04T23:14:47.645+0000] {logging_mixin.py:137} INFO - [2024-01-04T23:14:47.645+0000] {dag.py:2690} INFO - Sync 1 DAGs
[2024-01-04T23:14:47.660+0000] {logging_mixin.py:137} INFO - [2024-01-04T23:14:47.660+0000] {dag.py:3441} INFO - Setting next_dagrun for latest_only to 2024-01-04T19:14:47.660402+00:00, run_after=2024-01-04T23:14:47.660402+00:00
[2024-01-04T23:14:47.672+0000] {processor.py:175} INFO - Processing /home/airflow/.local/lib/python3.7/site-packages/airflow/example_dags/example_latest_only.py took 0.060 seconds
[2024-01-04T23:15:18.153+0000] {processor.py:153} INFO - Started process (PID=929) to work on /home/airflow/.local/lib/python3.7/site-packages/airflow/example_dags/example_latest_only.py
[2024-01-04T23:15:18.154+0000] {processor.py:743} INFO - Processing file /home/airflow/.local/lib/python3.7/site-packages/airflow/example_dags/example_latest_only.py for tasks to queue
[2024-01-04T23:15:18.155+0000] {logging_mixin.py:137} INFO - [2024-01-04T23:15:18.155+0000] {dagbag.py:538} INFO - Filling up the DagBag from /home/airflow/.local/lib/python3.7/site-packages/airflow/example_dags/example_latest_only.py
[2024-01-04T23:15:18.165+0000] {processor.py:753} INFO - DAG(s) dict_keys(['latest_only']) retrieved from /home/airflow/.local/lib/python3.7/site-packages/airflow/example_dags/example_latest_only.py
[2024-01-04T23:15:18.186+0000] {logging_mixin.py:137} INFO - [2024-01-04T23:15:18.186+0000] {dag.py:2690} INFO - Sync 1 DAGs
[2024-01-04T23:15:18.202+0000] {logging_mixin.py:137} INFO - [2024-01-04T23:15:18.202+0000] {dag.py:3441} INFO - Setting next_dagrun for latest_only to 2024-01-04T19:15:18.202271+00:00, run_after=2024-01-04T23:15:18.202271+00:00
[2024-01-04T23:15:18.214+0000] {processor.py:175} INFO - Processing /home/airflow/.local/lib/python3.7/site-packages/airflow/example_dags/example_latest_only.py took 0.064 seconds
[2024-01-04T23:15:48.785+0000] {processor.py:153} INFO - Started process (PID=1003) to work on /home/airflow/.local/lib/python3.7/site-packages/airflow/example_dags/example_latest_only.py
[2024-01-04T23:15:48.787+0000] {processor.py:743} INFO - Processing file /home/airflow/.local/lib/python3.7/site-packages/airflow/example_dags/example_latest_only.py for tasks to queue
[2024-01-04T23:15:48.788+0000] {logging_mixin.py:137} INFO - [2024-01-04T23:15:48.788+0000] {dagbag.py:538} INFO - Filling up the DagBag from /home/airflow/.local/lib/python3.7/site-packages/airflow/example_dags/example_latest_only.py
[2024-01-04T23:15:48.803+0000] {processor.py:753} INFO - DAG(s) dict_keys(['latest_only']) retrieved from /home/airflow/.local/lib/python3.7/site-packages/airflow/example_dags/example_latest_only.py
[2024-01-04T23:15:48.826+0000] {logging_mixin.py:137} INFO - [2024-01-04T23:15:48.826+0000] {dag.py:2690} INFO - Sync 1 DAGs
[2024-01-04T23:15:48.846+0000] {logging_mixin.py:137} INFO - [2024-01-04T23:15:48.846+0000] {dag.py:3441} INFO - Setting next_dagrun for latest_only to 2024-01-04T19:15:48.846483+00:00, run_after=2024-01-04T23:15:48.846483+00:00
[2024-01-04T23:15:48.859+0000] {processor.py:175} INFO - Processing /home/airflow/.local/lib/python3.7/site-packages/airflow/example_dags/example_latest_only.py took 0.078 seconds
[2024-01-04T23:16:19.290+0000] {processor.py:153} INFO - Started process (PID=1066) to work on /home/airflow/.local/lib/python3.7/site-packages/airflow/example_dags/example_latest_only.py
[2024-01-04T23:16:19.291+0000] {processor.py:743} INFO - Processing file /home/airflow/.local/lib/python3.7/site-packages/airflow/example_dags/example_latest_only.py for tasks to queue
[2024-01-04T23:16:19.292+0000] {logging_mixin.py:137} INFO - [2024-01-04T23:16:19.292+0000] {dagbag.py:538} INFO - Filling up the DagBag from /home/airflow/.local/lib/python3.7/site-packages/airflow/example_dags/example_latest_only.py
[2024-01-04T23:16:19.307+0000] {processor.py:753} INFO - DAG(s) dict_keys(['latest_only']) retrieved from /home/airflow/.local/lib/python3.7/site-packages/airflow/example_dags/example_latest_only.py
[2024-01-04T23:16:19.326+0000] {logging_mixin.py:137} INFO - [2024-01-04T23:16:19.326+0000] {dag.py:2690} INFO - Sync 1 DAGs
[2024-01-04T23:16:19.341+0000] {logging_mixin.py:137} INFO - [2024-01-04T23:16:19.341+0000] {dag.py:3441} INFO - Setting next_dagrun for latest_only to 2024-01-04T19:16:19.341550+00:00, run_after=2024-01-04T23:16:19.341550+00:00
[2024-01-04T23:16:19.352+0000] {processor.py:175} INFO - Processing /home/airflow/.local/lib/python3.7/site-packages/airflow/example_dags/example_latest_only.py took 0.066 seconds
[2024-01-04T23:16:49.812+0000] {processor.py:153} INFO - Started process (PID=1142) to work on /home/airflow/.local/lib/python3.7/site-packages/airflow/example_dags/example_latest_only.py
[2024-01-04T23:16:49.814+0000] {processor.py:743} INFO - Processing file /home/airflow/.local/lib/python3.7/site-packages/airflow/example_dags/example_latest_only.py for tasks to queue
[2024-01-04T23:16:49.814+0000] {logging_mixin.py:137} INFO - [2024-01-04T23:16:49.814+0000] {dagbag.py:538} INFO - Filling up the DagBag from /home/airflow/.local/lib/python3.7/site-packages/airflow/example_dags/example_latest_only.py
[2024-01-04T23:16:49.825+0000] {processor.py:753} INFO - DAG(s) dict_keys(['latest_only']) retrieved from /home/airflow/.local/lib/python3.7/site-packages/airflow/example_dags/example_latest_only.py
[2024-01-04T23:16:49.843+0000] {logging_mixin.py:137} INFO - [2024-01-04T23:16:49.843+0000] {dag.py:2690} INFO - Sync 1 DAGs
[2024-01-04T23:16:49.859+0000] {logging_mixin.py:137} INFO - [2024-01-04T23:16:49.859+0000] {dag.py:3441} INFO - Setting next_dagrun for latest_only to 2024-01-04T19:16:49.859012+00:00, run_after=2024-01-04T23:16:49.859012+00:00
[2024-01-04T23:16:49.869+0000] {processor.py:175} INFO - Processing /home/airflow/.local/lib/python3.7/site-packages/airflow/example_dags/example_latest_only.py took 0.059 seconds
[2024-01-04T23:17:20.607+0000] {processor.py:153} INFO - Started process (PID=1205) to work on /home/airflow/.local/lib/python3.7/site-packages/airflow/example_dags/example_latest_only.py
[2024-01-04T23:17:20.608+0000] {processor.py:743} INFO - Processing file /home/airflow/.local/lib/python3.7/site-packages/airflow/example_dags/example_latest_only.py for tasks to queue
[2024-01-04T23:17:20.609+0000] {logging_mixin.py:137} INFO - [2024-01-04T23:17:20.609+0000] {dagbag.py:538} INFO - Filling up the DagBag from /home/airflow/.local/lib/python3.7/site-packages/airflow/example_dags/example_latest_only.py
[2024-01-04T23:17:20.619+0000] {processor.py:753} INFO - DAG(s) dict_keys(['latest_only']) retrieved from /home/airflow/.local/lib/python3.7/site-packages/airflow/example_dags/example_latest_only.py
[2024-01-04T23:17:20.638+0000] {logging_mixin.py:137} INFO - [2024-01-04T23:17:20.638+0000] {dag.py:2690} INFO - Sync 1 DAGs
[2024-01-04T23:17:20.654+0000] {logging_mixin.py:137} INFO - [2024-01-04T23:17:20.654+0000] {dag.py:3441} INFO - Setting next_dagrun for latest_only to 2024-01-04T19:17:20.654384+00:00, run_after=2024-01-04T23:17:20.654384+00:00
[2024-01-04T23:17:20.668+0000] {processor.py:175} INFO - Processing /home/airflow/.local/lib/python3.7/site-packages/airflow/example_dags/example_latest_only.py took 0.063 seconds
[2024-01-04T23:17:51.303+0000] {processor.py:153} INFO - Started process (PID=1280) to work on /home/airflow/.local/lib/python3.7/site-packages/airflow/example_dags/example_latest_only.py
[2024-01-04T23:17:51.307+0000] {processor.py:743} INFO - Processing file /home/airflow/.local/lib/python3.7/site-packages/airflow/example_dags/example_latest_only.py for tasks to queue
[2024-01-04T23:17:51.308+0000] {logging_mixin.py:137} INFO - [2024-01-04T23:17:51.308+0000] {dagbag.py:538} INFO - Filling up the DagBag from /home/airflow/.local/lib/python3.7/site-packages/airflow/example_dags/example_latest_only.py
[2024-01-04T23:17:51.322+0000] {processor.py:753} INFO - DAG(s) dict_keys(['latest_only']) retrieved from /home/airflow/.local/lib/python3.7/site-packages/airflow/example_dags/example_latest_only.py
[2024-01-04T23:17:51.351+0000] {logging_mixin.py:137} INFO - [2024-01-04T23:17:51.351+0000] {dag.py:2690} INFO - Sync 1 DAGs
[2024-01-04T23:17:51.371+0000] {logging_mixin.py:137} INFO - [2024-01-04T23:17:51.371+0000] {dag.py:3441} INFO - Setting next_dagrun for latest_only to 2024-01-04T19:17:51.371021+00:00, run_after=2024-01-04T23:17:51.371021+00:00
[2024-01-04T23:17:51.399+0000] {processor.py:175} INFO - Processing /home/airflow/.local/lib/python3.7/site-packages/airflow/example_dags/example_latest_only.py took 0.101 seconds
[2024-01-04T23:18:21.917+0000] {processor.py:153} INFO - Started process (PID=1343) to work on /home/airflow/.local/lib/python3.7/site-packages/airflow/example_dags/example_latest_only.py
[2024-01-04T23:18:21.919+0000] {processor.py:743} INFO - Processing file /home/airflow/.local/lib/python3.7/site-packages/airflow/example_dags/example_latest_only.py for tasks to queue
[2024-01-04T23:18:21.920+0000] {logging_mixin.py:137} INFO - [2024-01-04T23:18:21.920+0000] {dagbag.py:538} INFO - Filling up the DagBag from /home/airflow/.local/lib/python3.7/site-packages/airflow/example_dags/example_latest_only.py
[2024-01-04T23:18:21.929+0000] {processor.py:753} INFO - DAG(s) dict_keys(['latest_only']) retrieved from /home/airflow/.local/lib/python3.7/site-packages/airflow/example_dags/example_latest_only.py
[2024-01-04T23:18:21.947+0000] {logging_mixin.py:137} INFO - [2024-01-04T23:18:21.947+0000] {dag.py:2690} INFO - Sync 1 DAGs
[2024-01-04T23:18:21.962+0000] {logging_mixin.py:137} INFO - [2024-01-04T23:18:21.962+0000] {dag.py:3441} INFO - Setting next_dagrun for latest_only to 2024-01-04T19:18:21.962536+00:00, run_after=2024-01-04T23:18:21.962536+00:00
[2024-01-04T23:18:21.973+0000] {processor.py:175} INFO - Processing /home/airflow/.local/lib/python3.7/site-packages/airflow/example_dags/example_latest_only.py took 0.058 seconds
[2024-01-04T23:18:52.597+0000] {processor.py:153} INFO - Started process (PID=1419) to work on /home/airflow/.local/lib/python3.7/site-packages/airflow/example_dags/example_latest_only.py
[2024-01-04T23:18:52.598+0000] {processor.py:743} INFO - Processing file /home/airflow/.local/lib/python3.7/site-packages/airflow/example_dags/example_latest_only.py for tasks to queue
[2024-01-04T23:18:52.599+0000] {logging_mixin.py:137} INFO - [2024-01-04T23:18:52.599+0000] {dagbag.py:538} INFO - Filling up the DagBag from /home/airflow/.local/lib/python3.7/site-packages/airflow/example_dags/example_latest_only.py
[2024-01-04T23:18:52.609+0000] {processor.py:753} INFO - DAG(s) dict_keys(['latest_only']) retrieved from /home/airflow/.local/lib/python3.7/site-packages/airflow/example_dags/example_latest_only.py
[2024-01-04T23:18:52.627+0000] {logging_mixin.py:137} INFO - [2024-01-04T23:18:52.627+0000] {dag.py:2690} INFO - Sync 1 DAGs
[2024-01-04T23:18:52.644+0000] {logging_mixin.py:137} INFO - [2024-01-04T23:18:52.644+0000] {dag.py:3441} INFO - Setting next_dagrun for latest_only to 2024-01-04T19:18:52.644247+00:00, run_after=2024-01-04T23:18:52.644247+00:00
[2024-01-04T23:18:52.655+0000] {processor.py:175} INFO - Processing /home/airflow/.local/lib/python3.7/site-packages/airflow/example_dags/example_latest_only.py took 0.061 seconds
[2024-01-04T23:19:23.748+0000] {processor.py:153} INFO - Started process (PID=1496) to work on /home/airflow/.local/lib/python3.7/site-packages/airflow/example_dags/example_latest_only.py
[2024-01-04T23:19:23.753+0000] {processor.py:743} INFO - Processing file /home/airflow/.local/lib/python3.7/site-packages/airflow/example_dags/example_latest_only.py for tasks to queue
[2024-01-04T23:19:23.755+0000] {logging_mixin.py:137} INFO - [2024-01-04T23:19:23.755+0000] {dagbag.py:538} INFO - Filling up the DagBag from /home/airflow/.local/lib/python3.7/site-packages/airflow/example_dags/example_latest_only.py
[2024-01-04T23:19:23.776+0000] {processor.py:753} INFO - DAG(s) dict_keys(['latest_only']) retrieved from /home/airflow/.local/lib/python3.7/site-packages/airflow/example_dags/example_latest_only.py
[2024-01-04T23:19:23.800+0000] {logging_mixin.py:137} INFO - [2024-01-04T23:19:23.800+0000] {dag.py:2690} INFO - Sync 1 DAGs
[2024-01-04T23:19:23.828+0000] {logging_mixin.py:137} INFO - [2024-01-04T23:19:23.828+0000] {dag.py:3441} INFO - Setting next_dagrun for latest_only to 2024-01-04T19:19:23.828117+00:00, run_after=2024-01-04T23:19:23.828117+00:00
[2024-01-04T23:19:23.846+0000] {processor.py:175} INFO - Processing /home/airflow/.local/lib/python3.7/site-packages/airflow/example_dags/example_latest_only.py took 0.104 seconds
[2024-01-04T23:19:54.341+0000] {processor.py:153} INFO - Started process (PID=1560) to work on /home/airflow/.local/lib/python3.7/site-packages/airflow/example_dags/example_latest_only.py
[2024-01-04T23:19:54.342+0000] {processor.py:743} INFO - Processing file /home/airflow/.local/lib/python3.7/site-packages/airflow/example_dags/example_latest_only.py for tasks to queue
[2024-01-04T23:19:54.343+0000] {logging_mixin.py:137} INFO - [2024-01-04T23:19:54.343+0000] {dagbag.py:538} INFO - Filling up the DagBag from /home/airflow/.local/lib/python3.7/site-packages/airflow/example_dags/example_latest_only.py
[2024-01-04T23:19:54.356+0000] {processor.py:753} INFO - DAG(s) dict_keys(['latest_only']) retrieved from /home/airflow/.local/lib/python3.7/site-packages/airflow/example_dags/example_latest_only.py
[2024-01-04T23:19:54.380+0000] {logging_mixin.py:137} INFO - [2024-01-04T23:19:54.380+0000] {dag.py:2690} INFO - Sync 1 DAGs
[2024-01-04T23:19:54.400+0000] {logging_mixin.py:137} INFO - [2024-01-04T23:19:54.400+0000] {dag.py:3441} INFO - Setting next_dagrun for latest_only to 2024-01-04T19:19:54.400301+00:00, run_after=2024-01-04T23:19:54.400301+00:00
[2024-01-04T23:19:54.414+0000] {processor.py:175} INFO - Processing /home/airflow/.local/lib/python3.7/site-packages/airflow/example_dags/example_latest_only.py took 0.076 seconds
[2024-01-04T23:20:24.471+0000] {processor.py:153} INFO - Started process (PID=1635) to work on /home/airflow/.local/lib/python3.7/site-packages/airflow/example_dags/example_latest_only.py
[2024-01-04T23:20:24.472+0000] {processor.py:743} INFO - Processing file /home/airflow/.local/lib/python3.7/site-packages/airflow/example_dags/example_latest_only.py for tasks to queue
[2024-01-04T23:20:24.473+0000] {logging_mixin.py:137} INFO - [2024-01-04T23:20:24.473+0000] {dagbag.py:538} INFO - Filling up the DagBag from /home/airflow/.local/lib/python3.7/site-packages/airflow/example_dags/example_latest_only.py
[2024-01-04T23:20:24.484+0000] {processor.py:753} INFO - DAG(s) dict_keys(['latest_only']) retrieved from /home/airflow/.local/lib/python3.7/site-packages/airflow/example_dags/example_latest_only.py
[2024-01-04T23:20:24.504+0000] {logging_mixin.py:137} INFO - [2024-01-04T23:20:24.504+0000] {dag.py:2690} INFO - Sync 1 DAGs
[2024-01-04T23:20:24.523+0000] {logging_mixin.py:137} INFO - [2024-01-04T23:20:24.523+0000] {dag.py:3441} INFO - Setting next_dagrun for latest_only to 2024-01-04T19:20:24.522889+00:00, run_after=2024-01-04T23:20:24.522889+00:00
[2024-01-04T23:20:24.536+0000] {processor.py:175} INFO - Processing /home/airflow/.local/lib/python3.7/site-packages/airflow/example_dags/example_latest_only.py took 0.068 seconds
[2024-01-04T23:20:54.958+0000] {processor.py:153} INFO - Started process (PID=1698) to work on /home/airflow/.local/lib/python3.7/site-packages/airflow/example_dags/example_latest_only.py
[2024-01-04T23:20:54.960+0000] {processor.py:743} INFO - Processing file /home/airflow/.local/lib/python3.7/site-packages/airflow/example_dags/example_latest_only.py for tasks to queue
[2024-01-04T23:20:54.961+0000] {logging_mixin.py:137} INFO - [2024-01-04T23:20:54.961+0000] {dagbag.py:538} INFO - Filling up the DagBag from /home/airflow/.local/lib/python3.7/site-packages/airflow/example_dags/example_latest_only.py
[2024-01-04T23:20:54.977+0000] {processor.py:753} INFO - DAG(s) dict_keys(['latest_only']) retrieved from /home/airflow/.local/lib/python3.7/site-packages/airflow/example_dags/example_latest_only.py
[2024-01-04T23:20:55.009+0000] {logging_mixin.py:137} INFO - [2024-01-04T23:20:55.009+0000] {dag.py:2690} INFO - Sync 1 DAGs
[2024-01-04T23:20:55.035+0000] {logging_mixin.py:137} INFO - [2024-01-04T23:20:55.034+0000] {dag.py:3441} INFO - Setting next_dagrun for latest_only to 2024-01-04T19:20:55.034476+00:00, run_after=2024-01-04T23:20:55.034476+00:00
[2024-01-04T23:20:55.053+0000] {processor.py:175} INFO - Processing /home/airflow/.local/lib/python3.7/site-packages/airflow/example_dags/example_latest_only.py took 0.098 seconds
[2024-01-04T23:21:26.045+0000] {processor.py:153} INFO - Started process (PID=1773) to work on /home/airflow/.local/lib/python3.7/site-packages/airflow/example_dags/example_latest_only.py
[2024-01-04T23:21:26.058+0000] {processor.py:743} INFO - Processing file /home/airflow/.local/lib/python3.7/site-packages/airflow/example_dags/example_latest_only.py for tasks to queue
[2024-01-04T23:21:26.061+0000] {logging_mixin.py:137} INFO - [2024-01-04T23:21:26.061+0000] {dagbag.py:538} INFO - Filling up the DagBag from /home/airflow/.local/lib/python3.7/site-packages/airflow/example_dags/example_latest_only.py
[2024-01-04T23:21:26.187+0000] {processor.py:753} INFO - DAG(s) dict_keys(['latest_only']) retrieved from /home/airflow/.local/lib/python3.7/site-packages/airflow/example_dags/example_latest_only.py
[2024-01-04T23:21:26.251+0000] {logging_mixin.py:137} INFO - [2024-01-04T23:21:26.251+0000] {dag.py:2690} INFO - Sync 1 DAGs
[2024-01-04T23:21:26.276+0000] {logging_mixin.py:137} INFO - [2024-01-04T23:21:26.276+0000] {dag.py:3441} INFO - Setting next_dagrun for latest_only to 2024-01-04T19:21:26.275732+00:00, run_after=2024-01-04T23:21:26.275732+00:00
[2024-01-04T23:21:26.293+0000] {processor.py:175} INFO - Processing /home/airflow/.local/lib/python3.7/site-packages/airflow/example_dags/example_latest_only.py took 0.271 seconds
[2024-01-04T23:21:56.926+0000] {processor.py:153} INFO - Started process (PID=1843) to work on /home/airflow/.local/lib/python3.7/site-packages/airflow/example_dags/example_latest_only.py
[2024-01-04T23:21:56.927+0000] {processor.py:743} INFO - Processing file /home/airflow/.local/lib/python3.7/site-packages/airflow/example_dags/example_latest_only.py for tasks to queue
[2024-01-04T23:21:56.928+0000] {logging_mixin.py:137} INFO - [2024-01-04T23:21:56.928+0000] {dagbag.py:538} INFO - Filling up the DagBag from /home/airflow/.local/lib/python3.7/site-packages/airflow/example_dags/example_latest_only.py
[2024-01-04T23:21:56.939+0000] {processor.py:753} INFO - DAG(s) dict_keys(['latest_only']) retrieved from /home/airflow/.local/lib/python3.7/site-packages/airflow/example_dags/example_latest_only.py
[2024-01-04T23:21:56.960+0000] {logging_mixin.py:137} INFO - [2024-01-04T23:21:56.960+0000] {dag.py:2690} INFO - Sync 1 DAGs
[2024-01-04T23:21:56.977+0000] {logging_mixin.py:137} INFO - [2024-01-04T23:21:56.977+0000] {dag.py:3441} INFO - Setting next_dagrun for latest_only to 2024-01-04T19:21:56.977498+00:00, run_after=2024-01-04T23:21:56.977498+00:00
[2024-01-04T23:21:56.990+0000] {processor.py:175} INFO - Processing /home/airflow/.local/lib/python3.7/site-packages/airflow/example_dags/example_latest_only.py took 0.067 seconds
[2024-01-04T23:22:27.678+0000] {processor.py:153} INFO - Started process (PID=1911) to work on /home/airflow/.local/lib/python3.7/site-packages/airflow/example_dags/example_latest_only.py
[2024-01-04T23:22:27.680+0000] {processor.py:743} INFO - Processing file /home/airflow/.local/lib/python3.7/site-packages/airflow/example_dags/example_latest_only.py for tasks to queue
[2024-01-04T23:22:27.681+0000] {logging_mixin.py:137} INFO - [2024-01-04T23:22:27.681+0000] {dagbag.py:538} INFO - Filling up the DagBag from /home/airflow/.local/lib/python3.7/site-packages/airflow/example_dags/example_latest_only.py
[2024-01-04T23:22:27.692+0000] {processor.py:753} INFO - DAG(s) dict_keys(['latest_only']) retrieved from /home/airflow/.local/lib/python3.7/site-packages/airflow/example_dags/example_latest_only.py
[2024-01-04T23:22:27.711+0000] {logging_mixin.py:137} INFO - [2024-01-04T23:22:27.711+0000] {dag.py:2690} INFO - Sync 1 DAGs
[2024-01-04T23:22:27.726+0000] {logging_mixin.py:137} INFO - [2024-01-04T23:22:27.726+0000] {dag.py:3441} INFO - Setting next_dagrun for latest_only to 2024-01-04T19:22:27.726407+00:00, run_after=2024-01-04T23:22:27.726407+00:00
[2024-01-04T23:22:27.737+0000] {processor.py:175} INFO - Processing /home/airflow/.local/lib/python3.7/site-packages/airflow/example_dags/example_latest_only.py took 0.061 seconds
[2024-01-04T23:22:59.498+0000] {processor.py:153} INFO - Started process (PID=1987) to work on /home/airflow/.local/lib/python3.7/site-packages/airflow/example_dags/example_latest_only.py
[2024-01-04T23:22:59.501+0000] {processor.py:743} INFO - Processing file /home/airflow/.local/lib/python3.7/site-packages/airflow/example_dags/example_latest_only.py for tasks to queue
[2024-01-04T23:22:59.502+0000] {logging_mixin.py:137} INFO - [2024-01-04T23:22:59.502+0000] {dagbag.py:538} INFO - Filling up the DagBag from /home/airflow/.local/lib/python3.7/site-packages/airflow/example_dags/example_latest_only.py
[2024-01-04T23:22:59.518+0000] {processor.py:753} INFO - DAG(s) dict_keys(['latest_only']) retrieved from /home/airflow/.local/lib/python3.7/site-packages/airflow/example_dags/example_latest_only.py
[2024-01-04T23:22:59.547+0000] {logging_mixin.py:137} INFO - [2024-01-04T23:22:59.547+0000] {dag.py:2690} INFO - Sync 1 DAGs
[2024-01-04T23:22:59.569+0000] {logging_mixin.py:137} INFO - [2024-01-04T23:22:59.569+0000] {dag.py:3441} INFO - Setting next_dagrun for latest_only to 2024-01-04T19:22:59.569143+00:00, run_after=2024-01-04T23:22:59.569143+00:00
[2024-01-04T23:22:59.583+0000] {processor.py:175} INFO - Processing /home/airflow/.local/lib/python3.7/site-packages/airflow/example_dags/example_latest_only.py took 0.091 seconds
[2024-01-04T23:23:30.174+0000] {processor.py:153} INFO - Started process (PID=2051) to work on /home/airflow/.local/lib/python3.7/site-packages/airflow/example_dags/example_latest_only.py
[2024-01-04T23:23:30.177+0000] {processor.py:743} INFO - Processing file /home/airflow/.local/lib/python3.7/site-packages/airflow/example_dags/example_latest_only.py for tasks to queue
[2024-01-04T23:23:30.179+0000] {logging_mixin.py:137} INFO - [2024-01-04T23:23:30.179+0000] {dagbag.py:538} INFO - Filling up the DagBag from /home/airflow/.local/lib/python3.7/site-packages/airflow/example_dags/example_latest_only.py
[2024-01-04T23:23:30.198+0000] {processor.py:753} INFO - DAG(s) dict_keys(['latest_only']) retrieved from /home/airflow/.local/lib/python3.7/site-packages/airflow/example_dags/example_latest_only.py
[2024-01-04T23:23:30.225+0000] {logging_mixin.py:137} INFO - [2024-01-04T23:23:30.225+0000] {dag.py:2690} INFO - Sync 1 DAGs
[2024-01-04T23:23:30.246+0000] {logging_mixin.py:137} INFO - [2024-01-04T23:23:30.246+0000] {dag.py:3441} INFO - Setting next_dagrun for latest_only to 2024-01-04T19:23:30.246566+00:00, run_after=2024-01-04T23:23:30.246566+00:00
[2024-01-04T23:23:30.259+0000] {processor.py:175} INFO - Processing /home/airflow/.local/lib/python3.7/site-packages/airflow/example_dags/example_latest_only.py took 0.091 seconds
[2024-01-04T23:24:00.952+0000] {processor.py:153} INFO - Started process (PID=2127) to work on /home/airflow/.local/lib/python3.7/site-packages/airflow/example_dags/example_latest_only.py
[2024-01-04T23:24:00.954+0000] {processor.py:743} INFO - Processing file /home/airflow/.local/lib/python3.7/site-packages/airflow/example_dags/example_latest_only.py for tasks to queue
[2024-01-04T23:24:00.956+0000] {logging_mixin.py:137} INFO - [2024-01-04T23:24:00.956+0000] {dagbag.py:538} INFO - Filling up the DagBag from /home/airflow/.local/lib/python3.7/site-packages/airflow/example_dags/example_latest_only.py
[2024-01-04T23:24:00.978+0000] {processor.py:753} INFO - DAG(s) dict_keys(['latest_only']) retrieved from /home/airflow/.local/lib/python3.7/site-packages/airflow/example_dags/example_latest_only.py
[2024-01-04T23:24:01.031+0000] {logging_mixin.py:137} INFO - [2024-01-04T23:24:01.031+0000] {dag.py:2690} INFO - Sync 1 DAGs
[2024-01-04T23:24:01.085+0000] {logging_mixin.py:137} INFO - [2024-01-04T23:24:01.084+0000] {dag.py:3441} INFO - Setting next_dagrun for latest_only to 2024-01-04T19:24:01.084377+00:00, run_after=2024-01-04T23:24:01.084377+00:00
[2024-01-04T23:24:01.101+0000] {processor.py:175} INFO - Processing /home/airflow/.local/lib/python3.7/site-packages/airflow/example_dags/example_latest_only.py took 0.157 seconds
[2024-01-04T23:24:31.959+0000] {processor.py:153} INFO - Started process (PID=2202) to work on /home/airflow/.local/lib/python3.7/site-packages/airflow/example_dags/example_latest_only.py
[2024-01-04T23:24:31.975+0000] {processor.py:743} INFO - Processing file /home/airflow/.local/lib/python3.7/site-packages/airflow/example_dags/example_latest_only.py for tasks to queue
[2024-01-04T23:24:31.977+0000] {logging_mixin.py:137} INFO - [2024-01-04T23:24:31.977+0000] {dagbag.py:538} INFO - Filling up the DagBag from /home/airflow/.local/lib/python3.7/site-packages/airflow/example_dags/example_latest_only.py
[2024-01-04T23:24:32.000+0000] {processor.py:753} INFO - DAG(s) dict_keys(['latest_only']) retrieved from /home/airflow/.local/lib/python3.7/site-packages/airflow/example_dags/example_latest_only.py
[2024-01-04T23:24:32.059+0000] {logging_mixin.py:137} INFO - [2024-01-04T23:24:32.059+0000] {dag.py:2690} INFO - Sync 1 DAGs
[2024-01-04T23:24:32.090+0000] {logging_mixin.py:137} INFO - [2024-01-04T23:24:32.090+0000] {dag.py:3441} INFO - Setting next_dagrun for latest_only to 2024-01-04T19:24:32.089966+00:00, run_after=2024-01-04T23:24:32.089966+00:00
[2024-01-04T23:24:32.113+0000] {processor.py:175} INFO - Processing /home/airflow/.local/lib/python3.7/site-packages/airflow/example_dags/example_latest_only.py took 0.168 seconds
[2024-01-04T23:25:02.205+0000] {processor.py:153} INFO - Started process (PID=2265) to work on /home/airflow/.local/lib/python3.7/site-packages/airflow/example_dags/example_latest_only.py
[2024-01-04T23:25:02.208+0000] {processor.py:743} INFO - Processing file /home/airflow/.local/lib/python3.7/site-packages/airflow/example_dags/example_latest_only.py for tasks to queue
[2024-01-04T23:25:02.210+0000] {logging_mixin.py:137} INFO - [2024-01-04T23:25:02.209+0000] {dagbag.py:538} INFO - Filling up the DagBag from /home/airflow/.local/lib/python3.7/site-packages/airflow/example_dags/example_latest_only.py
[2024-01-04T23:25:02.225+0000] {processor.py:753} INFO - DAG(s) dict_keys(['latest_only']) retrieved from /home/airflow/.local/lib/python3.7/site-packages/airflow/example_dags/example_latest_only.py
[2024-01-04T23:25:02.248+0000] {logging_mixin.py:137} INFO - [2024-01-04T23:25:02.247+0000] {dag.py:2690} INFO - Sync 1 DAGs
[2024-01-04T23:25:02.264+0000] {logging_mixin.py:137} INFO - [2024-01-04T23:25:02.263+0000] {dag.py:3441} INFO - Setting next_dagrun for latest_only to 2024-01-04T19:25:02.263732+00:00, run_after=2024-01-04T23:25:02.263732+00:00
[2024-01-04T23:25:02.277+0000] {processor.py:175} INFO - Processing /home/airflow/.local/lib/python3.7/site-packages/airflow/example_dags/example_latest_only.py took 0.080 seconds
[2024-01-04T23:25:32.683+0000] {processor.py:153} INFO - Started process (PID=2341) to work on /home/airflow/.local/lib/python3.7/site-packages/airflow/example_dags/example_latest_only.py
[2024-01-04T23:25:32.687+0000] {processor.py:743} INFO - Processing file /home/airflow/.local/lib/python3.7/site-packages/airflow/example_dags/example_latest_only.py for tasks to queue
[2024-01-04T23:25:32.689+0000] {logging_mixin.py:137} INFO - [2024-01-04T23:25:32.689+0000] {dagbag.py:538} INFO - Filling up the DagBag from /home/airflow/.local/lib/python3.7/site-packages/airflow/example_dags/example_latest_only.py
[2024-01-04T23:25:32.712+0000] {processor.py:753} INFO - DAG(s) dict_keys(['latest_only']) retrieved from /home/airflow/.local/lib/python3.7/site-packages/airflow/example_dags/example_latest_only.py
[2024-01-04T23:25:32.741+0000] {logging_mixin.py:137} INFO - [2024-01-04T23:25:32.741+0000] {dag.py:2690} INFO - Sync 1 DAGs
[2024-01-04T23:25:32.769+0000] {logging_mixin.py:137} INFO - [2024-01-04T23:25:32.769+0000] {dag.py:3441} INFO - Setting next_dagrun for latest_only to 2024-01-04T19:25:32.768789+00:00, run_after=2024-01-04T23:25:32.768789+00:00
[2024-01-04T23:25:32.787+0000] {processor.py:175} INFO - Processing /home/airflow/.local/lib/python3.7/site-packages/airflow/example_dags/example_latest_only.py took 0.118 seconds
[2024-01-04T23:26:03.486+0000] {processor.py:153} INFO - Started process (PID=2404) to work on /home/airflow/.local/lib/python3.7/site-packages/airflow/example_dags/example_latest_only.py
[2024-01-04T23:26:03.489+0000] {processor.py:743} INFO - Processing file /home/airflow/.local/lib/python3.7/site-packages/airflow/example_dags/example_latest_only.py for tasks to queue
[2024-01-04T23:26:03.491+0000] {logging_mixin.py:137} INFO - [2024-01-04T23:26:03.491+0000] {dagbag.py:538} INFO - Filling up the DagBag from /home/airflow/.local/lib/python3.7/site-packages/airflow/example_dags/example_latest_only.py
[2024-01-04T23:26:03.507+0000] {processor.py:753} INFO - DAG(s) dict_keys(['latest_only']) retrieved from /home/airflow/.local/lib/python3.7/site-packages/airflow/example_dags/example_latest_only.py
[2024-01-04T23:26:03.530+0000] {logging_mixin.py:137} INFO - [2024-01-04T23:26:03.530+0000] {dag.py:2690} INFO - Sync 1 DAGs
[2024-01-04T23:26:03.546+0000] {logging_mixin.py:137} INFO - [2024-01-04T23:26:03.545+0000] {dag.py:3441} INFO - Setting next_dagrun for latest_only to 2024-01-04T19:26:03.545746+00:00, run_after=2024-01-04T23:26:03.545746+00:00
[2024-01-04T23:26:03.557+0000] {processor.py:175} INFO - Processing /home/airflow/.local/lib/python3.7/site-packages/airflow/example_dags/example_latest_only.py took 0.077 seconds
[2024-01-04T23:26:34.457+0000] {processor.py:153} INFO - Started process (PID=2478) to work on /home/airflow/.local/lib/python3.7/site-packages/airflow/example_dags/example_latest_only.py
[2024-01-04T23:26:34.460+0000] {processor.py:743} INFO - Processing file /home/airflow/.local/lib/python3.7/site-packages/airflow/example_dags/example_latest_only.py for tasks to queue
[2024-01-04T23:26:34.463+0000] {logging_mixin.py:137} INFO - [2024-01-04T23:26:34.462+0000] {dagbag.py:538} INFO - Filling up the DagBag from /home/airflow/.local/lib/python3.7/site-packages/airflow/example_dags/example_latest_only.py
[2024-01-04T23:26:34.482+0000] {processor.py:753} INFO - DAG(s) dict_keys(['latest_only']) retrieved from /home/airflow/.local/lib/python3.7/site-packages/airflow/example_dags/example_latest_only.py
[2024-01-04T23:26:34.505+0000] {logging_mixin.py:137} INFO - [2024-01-04T23:26:34.505+0000] {dag.py:2690} INFO - Sync 1 DAGs
[2024-01-04T23:26:34.521+0000] {logging_mixin.py:137} INFO - [2024-01-04T23:26:34.521+0000] {dag.py:3441} INFO - Setting next_dagrun for latest_only to 2024-01-04T19:26:34.520992+00:00, run_after=2024-01-04T23:26:34.520992+00:00
[2024-01-04T23:26:34.533+0000] {processor.py:175} INFO - Processing /home/airflow/.local/lib/python3.7/site-packages/airflow/example_dags/example_latest_only.py took 0.084 seconds
[2024-01-04T23:27:04.927+0000] {processor.py:153} INFO - Started process (PID=2541) to work on /home/airflow/.local/lib/python3.7/site-packages/airflow/example_dags/example_latest_only.py
[2024-01-04T23:27:04.929+0000] {processor.py:743} INFO - Processing file /home/airflow/.local/lib/python3.7/site-packages/airflow/example_dags/example_latest_only.py for tasks to queue
[2024-01-04T23:27:04.931+0000] {logging_mixin.py:137} INFO - [2024-01-04T23:27:04.930+0000] {dagbag.py:538} INFO - Filling up the DagBag from /home/airflow/.local/lib/python3.7/site-packages/airflow/example_dags/example_latest_only.py
[2024-01-04T23:27:04.950+0000] {processor.py:753} INFO - DAG(s) dict_keys(['latest_only']) retrieved from /home/airflow/.local/lib/python3.7/site-packages/airflow/example_dags/example_latest_only.py
[2024-01-04T23:27:04.979+0000] {logging_mixin.py:137} INFO - [2024-01-04T23:27:04.979+0000] {dag.py:2690} INFO - Sync 1 DAGs
[2024-01-04T23:27:05.023+0000] {logging_mixin.py:137} INFO - [2024-01-04T23:27:05.023+0000] {dag.py:3441} INFO - Setting next_dagrun for latest_only to 2024-01-04T19:27:05.022773+00:00, run_after=2024-01-04T23:27:05.022773+00:00
[2024-01-04T23:27:05.046+0000] {processor.py:175} INFO - Processing /home/airflow/.local/lib/python3.7/site-packages/airflow/example_dags/example_latest_only.py took 0.124 seconds
[2024-01-04T23:27:35.547+0000] {processor.py:153} INFO - Started process (PID=2616) to work on /home/airflow/.local/lib/python3.7/site-packages/airflow/example_dags/example_latest_only.py
[2024-01-04T23:27:35.550+0000] {processor.py:743} INFO - Processing file /home/airflow/.local/lib/python3.7/site-packages/airflow/example_dags/example_latest_only.py for tasks to queue
[2024-01-04T23:27:35.552+0000] {logging_mixin.py:137} INFO - [2024-01-04T23:27:35.552+0000] {dagbag.py:538} INFO - Filling up the DagBag from /home/airflow/.local/lib/python3.7/site-packages/airflow/example_dags/example_latest_only.py
[2024-01-04T23:27:35.568+0000] {processor.py:753} INFO - DAG(s) dict_keys(['latest_only']) retrieved from /home/airflow/.local/lib/python3.7/site-packages/airflow/example_dags/example_latest_only.py
[2024-01-04T23:27:35.591+0000] {logging_mixin.py:137} INFO - [2024-01-04T23:27:35.591+0000] {dag.py:2690} INFO - Sync 1 DAGs
[2024-01-04T23:27:35.607+0000] {logging_mixin.py:137} INFO - [2024-01-04T23:27:35.607+0000] {dag.py:3441} INFO - Setting next_dagrun for latest_only to 2024-01-04T19:27:35.607129+00:00, run_after=2024-01-04T23:27:35.607129+00:00
[2024-01-04T23:27:35.618+0000] {processor.py:175} INFO - Processing /home/airflow/.local/lib/python3.7/site-packages/airflow/example_dags/example_latest_only.py took 0.077 seconds
[2024-01-04T23:28:06.226+0000] {processor.py:153} INFO - Started process (PID=2693) to work on /home/airflow/.local/lib/python3.7/site-packages/airflow/example_dags/example_latest_only.py
[2024-01-04T23:28:06.229+0000] {processor.py:743} INFO - Processing file /home/airflow/.local/lib/python3.7/site-packages/airflow/example_dags/example_latest_only.py for tasks to queue
[2024-01-04T23:28:06.230+0000] {logging_mixin.py:137} INFO - [2024-01-04T23:28:06.230+0000] {dagbag.py:538} INFO - Filling up the DagBag from /home/airflow/.local/lib/python3.7/site-packages/airflow/example_dags/example_latest_only.py
[2024-01-04T23:28:06.249+0000] {processor.py:753} INFO - DAG(s) dict_keys(['latest_only']) retrieved from /home/airflow/.local/lib/python3.7/site-packages/airflow/example_dags/example_latest_only.py
[2024-01-04T23:28:06.275+0000] {logging_mixin.py:137} INFO - [2024-01-04T23:28:06.275+0000] {dag.py:2690} INFO - Sync 1 DAGs
[2024-01-04T23:28:06.292+0000] {logging_mixin.py:137} INFO - [2024-01-04T23:28:06.292+0000] {dag.py:3441} INFO - Setting next_dagrun for latest_only to 2024-01-04T19:28:06.292472+00:00, run_after=2024-01-04T23:28:06.292472+00:00
[2024-01-04T23:28:06.304+0000] {processor.py:175} INFO - Processing /home/airflow/.local/lib/python3.7/site-packages/airflow/example_dags/example_latest_only.py took 0.085 seconds
[2024-01-04T23:28:37.076+0000] {processor.py:153} INFO - Started process (PID=2756) to work on /home/airflow/.local/lib/python3.7/site-packages/airflow/example_dags/example_latest_only.py
[2024-01-04T23:28:37.079+0000] {processor.py:743} INFO - Processing file /home/airflow/.local/lib/python3.7/site-packages/airflow/example_dags/example_latest_only.py for tasks to queue
[2024-01-04T23:28:37.080+0000] {logging_mixin.py:137} INFO - [2024-01-04T23:28:37.080+0000] {dagbag.py:538} INFO - Filling up the DagBag from /home/airflow/.local/lib/python3.7/site-packages/airflow/example_dags/example_latest_only.py
[2024-01-04T23:28:37.099+0000] {processor.py:753} INFO - DAG(s) dict_keys(['latest_only']) retrieved from /home/airflow/.local/lib/python3.7/site-packages/airflow/example_dags/example_latest_only.py
[2024-01-04T23:28:37.122+0000] {logging_mixin.py:137} INFO - [2024-01-04T23:28:37.122+0000] {dag.py:2690} INFO - Sync 1 DAGs
[2024-01-04T23:28:37.139+0000] {logging_mixin.py:137} INFO - [2024-01-04T23:28:37.139+0000] {dag.py:3441} INFO - Setting next_dagrun for latest_only to 2024-01-04T19:28:37.138932+00:00, run_after=2024-01-04T23:28:37.138932+00:00
[2024-01-04T23:28:37.150+0000] {processor.py:175} INFO - Processing /home/airflow/.local/lib/python3.7/site-packages/airflow/example_dags/example_latest_only.py took 0.082 seconds
[2024-01-04T23:29:07.833+0000] {processor.py:153} INFO - Started process (PID=2831) to work on /home/airflow/.local/lib/python3.7/site-packages/airflow/example_dags/example_latest_only.py
[2024-01-04T23:29:07.835+0000] {processor.py:743} INFO - Processing file /home/airflow/.local/lib/python3.7/site-packages/airflow/example_dags/example_latest_only.py for tasks to queue
[2024-01-04T23:29:07.837+0000] {logging_mixin.py:137} INFO - [2024-01-04T23:29:07.837+0000] {dagbag.py:538} INFO - Filling up the DagBag from /home/airflow/.local/lib/python3.7/site-packages/airflow/example_dags/example_latest_only.py
[2024-01-04T23:29:07.855+0000] {processor.py:753} INFO - DAG(s) dict_keys(['latest_only']) retrieved from /home/airflow/.local/lib/python3.7/site-packages/airflow/example_dags/example_latest_only.py
[2024-01-04T23:29:07.878+0000] {logging_mixin.py:137} INFO - [2024-01-04T23:29:07.878+0000] {dag.py:2690} INFO - Sync 1 DAGs
[2024-01-04T23:29:07.896+0000] {logging_mixin.py:137} INFO - [2024-01-04T23:29:07.896+0000] {dag.py:3441} INFO - Setting next_dagrun for latest_only to 2024-01-04T19:29:07.896481+00:00, run_after=2024-01-04T23:29:07.896481+00:00
[2024-01-04T23:29:07.908+0000] {processor.py:175} INFO - Processing /home/airflow/.local/lib/python3.7/site-packages/airflow/example_dags/example_latest_only.py took 0.081 seconds
[2024-01-04T23:29:38.308+0000] {processor.py:153} INFO - Started process (PID=2903) to work on /home/airflow/.local/lib/python3.7/site-packages/airflow/example_dags/example_latest_only.py
[2024-01-04T23:29:38.311+0000] {processor.py:743} INFO - Processing file /home/airflow/.local/lib/python3.7/site-packages/airflow/example_dags/example_latest_only.py for tasks to queue
[2024-01-04T23:29:38.312+0000] {logging_mixin.py:137} INFO - [2024-01-04T23:29:38.312+0000] {dagbag.py:538} INFO - Filling up the DagBag from /home/airflow/.local/lib/python3.7/site-packages/airflow/example_dags/example_latest_only.py
[2024-01-04T23:29:38.334+0000] {processor.py:753} INFO - DAG(s) dict_keys(['latest_only']) retrieved from /home/airflow/.local/lib/python3.7/site-packages/airflow/example_dags/example_latest_only.py
[2024-01-04T23:29:38.361+0000] {logging_mixin.py:137} INFO - [2024-01-04T23:29:38.361+0000] {dag.py:2690} INFO - Sync 1 DAGs
[2024-01-04T23:29:38.390+0000] {logging_mixin.py:137} INFO - [2024-01-04T23:29:38.390+0000] {dag.py:3441} INFO - Setting next_dagrun for latest_only to 2024-01-04T19:29:38.389873+00:00, run_after=2024-01-04T23:29:38.389873+00:00
[2024-01-04T23:29:38.408+0000] {processor.py:175} INFO - Processing /home/airflow/.local/lib/python3.7/site-packages/airflow/example_dags/example_latest_only.py took 0.110 seconds
[2024-01-04T23:30:08.975+0000] {processor.py:153} INFO - Started process (PID=2968) to work on /home/airflow/.local/lib/python3.7/site-packages/airflow/example_dags/example_latest_only.py
[2024-01-04T23:30:08.978+0000] {processor.py:743} INFO - Processing file /home/airflow/.local/lib/python3.7/site-packages/airflow/example_dags/example_latest_only.py for tasks to queue
[2024-01-04T23:30:08.979+0000] {logging_mixin.py:137} INFO - [2024-01-04T23:30:08.979+0000] {dagbag.py:538} INFO - Filling up the DagBag from /home/airflow/.local/lib/python3.7/site-packages/airflow/example_dags/example_latest_only.py
[2024-01-04T23:30:08.996+0000] {processor.py:753} INFO - DAG(s) dict_keys(['latest_only']) retrieved from /home/airflow/.local/lib/python3.7/site-packages/airflow/example_dags/example_latest_only.py
[2024-01-04T23:30:09.020+0000] {logging_mixin.py:137} INFO - [2024-01-04T23:30:09.020+0000] {dag.py:2690} INFO - Sync 1 DAGs
[2024-01-04T23:30:09.038+0000] {logging_mixin.py:137} INFO - [2024-01-04T23:30:09.038+0000] {dag.py:3441} INFO - Setting next_dagrun for latest_only to 2024-01-04T19:30:09.038286+00:00, run_after=2024-01-04T23:30:09.038286+00:00
[2024-01-04T23:30:09.051+0000] {processor.py:175} INFO - Processing /home/airflow/.local/lib/python3.7/site-packages/airflow/example_dags/example_latest_only.py took 0.083 seconds
[2024-01-04T23:30:39.345+0000] {processor.py:153} INFO - Started process (PID=3043) to work on /home/airflow/.local/lib/python3.7/site-packages/airflow/example_dags/example_latest_only.py
[2024-01-04T23:30:39.347+0000] {processor.py:743} INFO - Processing file /home/airflow/.local/lib/python3.7/site-packages/airflow/example_dags/example_latest_only.py for tasks to queue
[2024-01-04T23:30:39.349+0000] {logging_mixin.py:137} INFO - [2024-01-04T23:30:39.349+0000] {dagbag.py:538} INFO - Filling up the DagBag from /home/airflow/.local/lib/python3.7/site-packages/airflow/example_dags/example_latest_only.py
[2024-01-04T23:30:39.367+0000] {processor.py:753} INFO - DAG(s) dict_keys(['latest_only']) retrieved from /home/airflow/.local/lib/python3.7/site-packages/airflow/example_dags/example_latest_only.py
[2024-01-04T23:30:39.390+0000] {logging_mixin.py:137} INFO - [2024-01-04T23:30:39.390+0000] {dag.py:2690} INFO - Sync 1 DAGs
[2024-01-04T23:30:39.407+0000] {logging_mixin.py:137} INFO - [2024-01-04T23:30:39.407+0000] {dag.py:3441} INFO - Setting next_dagrun for latest_only to 2024-01-04T19:30:39.406905+00:00, run_after=2024-01-04T23:30:39.406905+00:00
[2024-01-04T23:30:39.419+0000] {processor.py:175} INFO - Processing /home/airflow/.local/lib/python3.7/site-packages/airflow/example_dags/example_latest_only.py took 0.080 seconds
[2024-01-04T23:31:10.075+0000] {processor.py:153} INFO - Started process (PID=3107) to work on /home/airflow/.local/lib/python3.7/site-packages/airflow/example_dags/example_latest_only.py
[2024-01-04T23:31:10.077+0000] {processor.py:743} INFO - Processing file /home/airflow/.local/lib/python3.7/site-packages/airflow/example_dags/example_latest_only.py for tasks to queue
[2024-01-04T23:31:10.079+0000] {logging_mixin.py:137} INFO - [2024-01-04T23:31:10.078+0000] {dagbag.py:538} INFO - Filling up the DagBag from /home/airflow/.local/lib/python3.7/site-packages/airflow/example_dags/example_latest_only.py
[2024-01-04T23:31:10.095+0000] {processor.py:753} INFO - DAG(s) dict_keys(['latest_only']) retrieved from /home/airflow/.local/lib/python3.7/site-packages/airflow/example_dags/example_latest_only.py
[2024-01-04T23:31:10.120+0000] {logging_mixin.py:137} INFO - [2024-01-04T23:31:10.120+0000] {dag.py:2690} INFO - Sync 1 DAGs
[2024-01-04T23:31:10.136+0000] {logging_mixin.py:137} INFO - [2024-01-04T23:31:10.136+0000] {dag.py:3441} INFO - Setting next_dagrun for latest_only to 2024-01-04T19:31:10.136691+00:00, run_after=2024-01-04T23:31:10.136691+00:00
[2024-01-04T23:31:10.147+0000] {processor.py:175} INFO - Processing /home/airflow/.local/lib/python3.7/site-packages/airflow/example_dags/example_latest_only.py took 0.078 seconds
[2024-01-04T23:31:40.214+0000] {processor.py:153} INFO - Started process (PID=3182) to work on /home/airflow/.local/lib/python3.7/site-packages/airflow/example_dags/example_latest_only.py
[2024-01-04T23:31:40.215+0000] {processor.py:743} INFO - Processing file /home/airflow/.local/lib/python3.7/site-packages/airflow/example_dags/example_latest_only.py for tasks to queue
[2024-01-04T23:31:40.215+0000] {logging_mixin.py:137} INFO - [2024-01-04T23:31:40.215+0000] {dagbag.py:538} INFO - Filling up the DagBag from /home/airflow/.local/lib/python3.7/site-packages/airflow/example_dags/example_latest_only.py
[2024-01-04T23:31:40.225+0000] {processor.py:753} INFO - DAG(s) dict_keys(['latest_only']) retrieved from /home/airflow/.local/lib/python3.7/site-packages/airflow/example_dags/example_latest_only.py
[2024-01-04T23:31:40.247+0000] {logging_mixin.py:137} INFO - [2024-01-04T23:31:40.247+0000] {dag.py:2690} INFO - Sync 1 DAGs
[2024-01-04T23:31:40.262+0000] {logging_mixin.py:137} INFO - [2024-01-04T23:31:40.262+0000] {dag.py:3441} INFO - Setting next_dagrun for latest_only to 2024-01-04T19:31:40.262309+00:00, run_after=2024-01-04T23:31:40.262309+00:00
[2024-01-04T23:31:40.273+0000] {processor.py:175} INFO - Processing /home/airflow/.local/lib/python3.7/site-packages/airflow/example_dags/example_latest_only.py took 0.063 seconds
[2024-01-04T23:32:11.259+0000] {processor.py:153} INFO - Started process (PID=3245) to work on /home/airflow/.local/lib/python3.7/site-packages/airflow/example_dags/example_latest_only.py
[2024-01-04T23:32:11.260+0000] {processor.py:743} INFO - Processing file /home/airflow/.local/lib/python3.7/site-packages/airflow/example_dags/example_latest_only.py for tasks to queue
[2024-01-04T23:32:11.261+0000] {logging_mixin.py:137} INFO - [2024-01-04T23:32:11.261+0000] {dagbag.py:538} INFO - Filling up the DagBag from /home/airflow/.local/lib/python3.7/site-packages/airflow/example_dags/example_latest_only.py
[2024-01-04T23:32:11.271+0000] {processor.py:753} INFO - DAG(s) dict_keys(['latest_only']) retrieved from /home/airflow/.local/lib/python3.7/site-packages/airflow/example_dags/example_latest_only.py
[2024-01-04T23:32:11.289+0000] {logging_mixin.py:137} INFO - [2024-01-04T23:32:11.289+0000] {dag.py:2690} INFO - Sync 1 DAGs
[2024-01-04T23:32:11.304+0000] {logging_mixin.py:137} INFO - [2024-01-04T23:32:11.304+0000] {dag.py:3441} INFO - Setting next_dagrun for latest_only to 2024-01-04T19:32:11.303985+00:00, run_after=2024-01-04T23:32:11.303985+00:00
[2024-01-04T23:32:11.314+0000] {processor.py:175} INFO - Processing /home/airflow/.local/lib/python3.7/site-packages/airflow/example_dags/example_latest_only.py took 0.058 seconds
[2024-01-04T23:32:42.355+0000] {processor.py:153} INFO - Started process (PID=3319) to work on /home/airflow/.local/lib/python3.7/site-packages/airflow/example_dags/example_latest_only.py
[2024-01-04T23:32:42.357+0000] {processor.py:743} INFO - Processing file /home/airflow/.local/lib/python3.7/site-packages/airflow/example_dags/example_latest_only.py for tasks to queue
[2024-01-04T23:32:42.357+0000] {logging_mixin.py:137} INFO - [2024-01-04T23:32:42.357+0000] {dagbag.py:538} INFO - Filling up the DagBag from /home/airflow/.local/lib/python3.7/site-packages/airflow/example_dags/example_latest_only.py
[2024-01-04T23:32:42.367+0000] {processor.py:753} INFO - DAG(s) dict_keys(['latest_only']) retrieved from /home/airflow/.local/lib/python3.7/site-packages/airflow/example_dags/example_latest_only.py
[2024-01-04T23:32:42.385+0000] {logging_mixin.py:137} INFO - [2024-01-04T23:32:42.385+0000] {dag.py:2690} INFO - Sync 1 DAGs
[2024-01-04T23:32:42.400+0000] {logging_mixin.py:137} INFO - [2024-01-04T23:32:42.400+0000] {dag.py:3441} INFO - Setting next_dagrun for latest_only to 2024-01-04T19:32:42.399952+00:00, run_after=2024-01-04T23:32:42.399952+00:00
[2024-01-04T23:32:42.411+0000] {processor.py:175} INFO - Processing /home/airflow/.local/lib/python3.7/site-packages/airflow/example_dags/example_latest_only.py took 0.058 seconds
[2024-01-04T23:33:13.100+0000] {processor.py:153} INFO - Started process (PID=3383) to work on /home/airflow/.local/lib/python3.7/site-packages/airflow/example_dags/example_latest_only.py
[2024-01-04T23:33:13.102+0000] {processor.py:743} INFO - Processing file /home/airflow/.local/lib/python3.7/site-packages/airflow/example_dags/example_latest_only.py for tasks to queue
[2024-01-04T23:33:13.103+0000] {logging_mixin.py:137} INFO - [2024-01-04T23:33:13.103+0000] {dagbag.py:538} INFO - Filling up the DagBag from /home/airflow/.local/lib/python3.7/site-packages/airflow/example_dags/example_latest_only.py
[2024-01-04T23:33:13.113+0000] {processor.py:753} INFO - DAG(s) dict_keys(['latest_only']) retrieved from /home/airflow/.local/lib/python3.7/site-packages/airflow/example_dags/example_latest_only.py
[2024-01-04T23:33:13.134+0000] {logging_mixin.py:137} INFO - [2024-01-04T23:33:13.133+0000] {dag.py:2690} INFO - Sync 1 DAGs
[2024-01-04T23:33:13.150+0000] {logging_mixin.py:137} INFO - [2024-01-04T23:33:13.150+0000] {dag.py:3441} INFO - Setting next_dagrun for latest_only to 2024-01-04T19:33:13.150225+00:00, run_after=2024-01-04T23:33:13.150225+00:00
[2024-01-04T23:33:13.162+0000] {processor.py:175} INFO - Processing /home/airflow/.local/lib/python3.7/site-packages/airflow/example_dags/example_latest_only.py took 0.064 seconds
[2024-01-04T23:33:43.982+0000] {processor.py:153} INFO - Started process (PID=3457) to work on /home/airflow/.local/lib/python3.7/site-packages/airflow/example_dags/example_latest_only.py
[2024-01-04T23:33:43.983+0000] {processor.py:743} INFO - Processing file /home/airflow/.local/lib/python3.7/site-packages/airflow/example_dags/example_latest_only.py for tasks to queue
[2024-01-04T23:33:43.984+0000] {logging_mixin.py:137} INFO - [2024-01-04T23:33:43.984+0000] {dagbag.py:538} INFO - Filling up the DagBag from /home/airflow/.local/lib/python3.7/site-packages/airflow/example_dags/example_latest_only.py
[2024-01-04T23:33:43.996+0000] {processor.py:753} INFO - DAG(s) dict_keys(['latest_only']) retrieved from /home/airflow/.local/lib/python3.7/site-packages/airflow/example_dags/example_latest_only.py
[2024-01-04T23:33:44.016+0000] {logging_mixin.py:137} INFO - [2024-01-04T23:33:44.016+0000] {dag.py:2690} INFO - Sync 1 DAGs
[2024-01-04T23:33:44.031+0000] {logging_mixin.py:137} INFO - [2024-01-04T23:33:44.031+0000] {dag.py:3441} INFO - Setting next_dagrun for latest_only to 2024-01-04T19:33:44.030975+00:00, run_after=2024-01-04T23:33:44.030975+00:00
[2024-01-04T23:33:44.041+0000] {processor.py:175} INFO - Processing /home/airflow/.local/lib/python3.7/site-packages/airflow/example_dags/example_latest_only.py took 0.062 seconds
[2024-01-04T23:34:14.574+0000] {processor.py:153} INFO - Started process (PID=3533) to work on /home/airflow/.local/lib/python3.7/site-packages/airflow/example_dags/example_latest_only.py
[2024-01-04T23:34:14.575+0000] {processor.py:743} INFO - Processing file /home/airflow/.local/lib/python3.7/site-packages/airflow/example_dags/example_latest_only.py for tasks to queue
[2024-01-04T23:34:14.576+0000] {logging_mixin.py:137} INFO - [2024-01-04T23:34:14.576+0000] {dagbag.py:538} INFO - Filling up the DagBag from /home/airflow/.local/lib/python3.7/site-packages/airflow/example_dags/example_latest_only.py
[2024-01-04T23:34:14.587+0000] {processor.py:753} INFO - DAG(s) dict_keys(['latest_only']) retrieved from /home/airflow/.local/lib/python3.7/site-packages/airflow/example_dags/example_latest_only.py
[2024-01-04T23:34:14.607+0000] {logging_mixin.py:137} INFO - [2024-01-04T23:34:14.607+0000] {dag.py:2690} INFO - Sync 1 DAGs
[2024-01-04T23:34:14.623+0000] {logging_mixin.py:137} INFO - [2024-01-04T23:34:14.623+0000] {dag.py:3441} INFO - Setting next_dagrun for latest_only to 2024-01-04T19:34:14.622963+00:00, run_after=2024-01-04T23:34:14.622963+00:00
[2024-01-04T23:34:14.636+0000] {processor.py:175} INFO - Processing /home/airflow/.local/lib/python3.7/site-packages/airflow/example_dags/example_latest_only.py took 0.065 seconds
[2024-01-04T23:34:45.503+0000] {processor.py:153} INFO - Started process (PID=3596) to work on /home/airflow/.local/lib/python3.7/site-packages/airflow/example_dags/example_latest_only.py
[2024-01-04T23:34:45.505+0000] {processor.py:743} INFO - Processing file /home/airflow/.local/lib/python3.7/site-packages/airflow/example_dags/example_latest_only.py for tasks to queue
[2024-01-04T23:34:45.506+0000] {logging_mixin.py:137} INFO - [2024-01-04T23:34:45.505+0000] {dagbag.py:538} INFO - Filling up the DagBag from /home/airflow/.local/lib/python3.7/site-packages/airflow/example_dags/example_latest_only.py
[2024-01-04T23:34:45.517+0000] {processor.py:753} INFO - DAG(s) dict_keys(['latest_only']) retrieved from /home/airflow/.local/lib/python3.7/site-packages/airflow/example_dags/example_latest_only.py
[2024-01-04T23:34:45.542+0000] {logging_mixin.py:137} INFO - [2024-01-04T23:34:45.542+0000] {dag.py:2690} INFO - Sync 1 DAGs
[2024-01-04T23:34:45.560+0000] {logging_mixin.py:137} INFO - [2024-01-04T23:34:45.560+0000] {dag.py:3441} INFO - Setting next_dagrun for latest_only to 2024-01-04T19:34:45.559912+00:00, run_after=2024-01-04T23:34:45.559912+00:00
[2024-01-04T23:34:45.572+0000] {processor.py:175} INFO - Processing /home/airflow/.local/lib/python3.7/site-packages/airflow/example_dags/example_latest_only.py took 0.072 seconds
[2024-01-04T23:35:16.493+0000] {processor.py:153} INFO - Started process (PID=3671) to work on /home/airflow/.local/lib/python3.7/site-packages/airflow/example_dags/example_latest_only.py
[2024-01-04T23:35:16.494+0000] {processor.py:743} INFO - Processing file /home/airflow/.local/lib/python3.7/site-packages/airflow/example_dags/example_latest_only.py for tasks to queue
[2024-01-04T23:35:16.495+0000] {logging_mixin.py:137} INFO - [2024-01-04T23:35:16.495+0000] {dagbag.py:538} INFO - Filling up the DagBag from /home/airflow/.local/lib/python3.7/site-packages/airflow/example_dags/example_latest_only.py
[2024-01-04T23:35:16.506+0000] {processor.py:753} INFO - DAG(s) dict_keys(['latest_only']) retrieved from /home/airflow/.local/lib/python3.7/site-packages/airflow/example_dags/example_latest_only.py
[2024-01-04T23:35:16.526+0000] {logging_mixin.py:137} INFO - [2024-01-04T23:35:16.525+0000] {dag.py:2690} INFO - Sync 1 DAGs
[2024-01-04T23:35:16.543+0000] {logging_mixin.py:137} INFO - [2024-01-04T23:35:16.543+0000] {dag.py:3441} INFO - Setting next_dagrun for latest_only to 2024-01-04T19:35:16.543047+00:00, run_after=2024-01-04T23:35:16.543047+00:00
[2024-01-04T23:35:16.554+0000] {processor.py:175} INFO - Processing /home/airflow/.local/lib/python3.7/site-packages/airflow/example_dags/example_latest_only.py took 0.065 seconds
[2024-01-04T23:35:47.018+0000] {processor.py:153} INFO - Started process (PID=3734) to work on /home/airflow/.local/lib/python3.7/site-packages/airflow/example_dags/example_latest_only.py
[2024-01-04T23:35:47.019+0000] {processor.py:743} INFO - Processing file /home/airflow/.local/lib/python3.7/site-packages/airflow/example_dags/example_latest_only.py for tasks to queue
[2024-01-04T23:35:47.020+0000] {logging_mixin.py:137} INFO - [2024-01-04T23:35:47.020+0000] {dagbag.py:538} INFO - Filling up the DagBag from /home/airflow/.local/lib/python3.7/site-packages/airflow/example_dags/example_latest_only.py
[2024-01-04T23:35:47.030+0000] {processor.py:753} INFO - DAG(s) dict_keys(['latest_only']) retrieved from /home/airflow/.local/lib/python3.7/site-packages/airflow/example_dags/example_latest_only.py
[2024-01-04T23:35:47.049+0000] {logging_mixin.py:137} INFO - [2024-01-04T23:35:47.049+0000] {dag.py:2690} INFO - Sync 1 DAGs
[2024-01-04T23:35:47.074+0000] {logging_mixin.py:137} INFO - [2024-01-04T23:35:47.074+0000] {dag.py:3441} INFO - Setting next_dagrun for latest_only to 2024-01-04T19:35:47.073881+00:00, run_after=2024-01-04T23:35:47.073881+00:00
[2024-01-04T23:35:47.101+0000] {processor.py:175} INFO - Processing /home/airflow/.local/lib/python3.7/site-packages/airflow/example_dags/example_latest_only.py took 0.086 seconds
[2024-01-04T23:36:18.022+0000] {processor.py:153} INFO - Started process (PID=3808) to work on /home/airflow/.local/lib/python3.7/site-packages/airflow/example_dags/example_latest_only.py
[2024-01-04T23:36:18.023+0000] {processor.py:743} INFO - Processing file /home/airflow/.local/lib/python3.7/site-packages/airflow/example_dags/example_latest_only.py for tasks to queue
[2024-01-04T23:36:18.024+0000] {logging_mixin.py:137} INFO - [2024-01-04T23:36:18.024+0000] {dagbag.py:538} INFO - Filling up the DagBag from /home/airflow/.local/lib/python3.7/site-packages/airflow/example_dags/example_latest_only.py
[2024-01-04T23:36:18.035+0000] {processor.py:753} INFO - DAG(s) dict_keys(['latest_only']) retrieved from /home/airflow/.local/lib/python3.7/site-packages/airflow/example_dags/example_latest_only.py
[2024-01-04T23:36:18.059+0000] {logging_mixin.py:137} INFO - [2024-01-04T23:36:18.059+0000] {dag.py:2690} INFO - Sync 1 DAGs
[2024-01-04T23:36:18.093+0000] {logging_mixin.py:137} INFO - [2024-01-04T23:36:18.093+0000] {dag.py:3441} INFO - Setting next_dagrun for latest_only to 2024-01-04T19:36:18.092877+00:00, run_after=2024-01-04T23:36:18.092877+00:00
[2024-01-04T23:36:18.107+0000] {processor.py:175} INFO - Processing /home/airflow/.local/lib/python3.7/site-packages/airflow/example_dags/example_latest_only.py took 0.088 seconds
[2024-01-04T23:36:48.545+0000] {processor.py:153} INFO - Started process (PID=3883) to work on /home/airflow/.local/lib/python3.7/site-packages/airflow/example_dags/example_latest_only.py
[2024-01-04T23:36:48.546+0000] {processor.py:743} INFO - Processing file /home/airflow/.local/lib/python3.7/site-packages/airflow/example_dags/example_latest_only.py for tasks to queue
[2024-01-04T23:36:48.546+0000] {logging_mixin.py:137} INFO - [2024-01-04T23:36:48.546+0000] {dagbag.py:538} INFO - Filling up the DagBag from /home/airflow/.local/lib/python3.7/site-packages/airflow/example_dags/example_latest_only.py
[2024-01-04T23:36:48.556+0000] {processor.py:753} INFO - DAG(s) dict_keys(['latest_only']) retrieved from /home/airflow/.local/lib/python3.7/site-packages/airflow/example_dags/example_latest_only.py
[2024-01-04T23:36:48.575+0000] {logging_mixin.py:137} INFO - [2024-01-04T23:36:48.575+0000] {dag.py:2690} INFO - Sync 1 DAGs
[2024-01-04T23:36:48.590+0000] {logging_mixin.py:137} INFO - [2024-01-04T23:36:48.590+0000] {dag.py:3441} INFO - Setting next_dagrun for latest_only to 2024-01-04T19:36:48.590483+00:00, run_after=2024-01-04T23:36:48.590483+00:00
[2024-01-04T23:36:48.601+0000] {processor.py:175} INFO - Processing /home/airflow/.local/lib/python3.7/site-packages/airflow/example_dags/example_latest_only.py took 0.059 seconds
[2024-01-04T23:37:19.179+0000] {processor.py:153} INFO - Started process (PID=3946) to work on /home/airflow/.local/lib/python3.7/site-packages/airflow/example_dags/example_latest_only.py
[2024-01-04T23:37:19.181+0000] {processor.py:743} INFO - Processing file /home/airflow/.local/lib/python3.7/site-packages/airflow/example_dags/example_latest_only.py for tasks to queue
[2024-01-04T23:37:19.181+0000] {logging_mixin.py:137} INFO - [2024-01-04T23:37:19.181+0000] {dagbag.py:538} INFO - Filling up the DagBag from /home/airflow/.local/lib/python3.7/site-packages/airflow/example_dags/example_latest_only.py
[2024-01-04T23:37:19.192+0000] {processor.py:753} INFO - DAG(s) dict_keys(['latest_only']) retrieved from /home/airflow/.local/lib/python3.7/site-packages/airflow/example_dags/example_latest_only.py
[2024-01-04T23:37:19.211+0000] {logging_mixin.py:137} INFO - [2024-01-04T23:37:19.211+0000] {dag.py:2690} INFO - Sync 1 DAGs
[2024-01-04T23:37:19.228+0000] {logging_mixin.py:137} INFO - [2024-01-04T23:37:19.228+0000] {dag.py:3441} INFO - Setting next_dagrun for latest_only to 2024-01-04T19:37:19.227887+00:00, run_after=2024-01-04T23:37:19.227887+00:00
[2024-01-04T23:37:19.238+0000] {processor.py:175} INFO - Processing /home/airflow/.local/lib/python3.7/site-packages/airflow/example_dags/example_latest_only.py took 0.062 seconds
[2024-01-04T23:37:49.955+0000] {processor.py:153} INFO - Started process (PID=4020) to work on /home/airflow/.local/lib/python3.7/site-packages/airflow/example_dags/example_latest_only.py
[2024-01-04T23:37:49.957+0000] {processor.py:743} INFO - Processing file /home/airflow/.local/lib/python3.7/site-packages/airflow/example_dags/example_latest_only.py for tasks to queue
[2024-01-04T23:37:49.959+0000] {logging_mixin.py:137} INFO - [2024-01-04T23:37:49.959+0000] {dagbag.py:538} INFO - Filling up the DagBag from /home/airflow/.local/lib/python3.7/site-packages/airflow/example_dags/example_latest_only.py
[2024-01-04T23:37:49.974+0000] {processor.py:753} INFO - DAG(s) dict_keys(['latest_only']) retrieved from /home/airflow/.local/lib/python3.7/site-packages/airflow/example_dags/example_latest_only.py
[2024-01-04T23:37:49.996+0000] {logging_mixin.py:137} INFO - [2024-01-04T23:37:49.996+0000] {dag.py:2690} INFO - Sync 1 DAGs
[2024-01-04T23:37:50.013+0000] {logging_mixin.py:137} INFO - [2024-01-04T23:37:50.013+0000] {dag.py:3441} INFO - Setting next_dagrun for latest_only to 2024-01-04T19:37:50.013377+00:00, run_after=2024-01-04T23:37:50.013377+00:00
[2024-01-04T23:37:50.025+0000] {processor.py:175} INFO - Processing /home/airflow/.local/lib/python3.7/site-packages/airflow/example_dags/example_latest_only.py took 0.076 seconds
[2024-01-04T23:38:20.533+0000] {processor.py:153} INFO - Started process (PID=4083) to work on /home/airflow/.local/lib/python3.7/site-packages/airflow/example_dags/example_latest_only.py
[2024-01-04T23:38:20.534+0000] {processor.py:743} INFO - Processing file /home/airflow/.local/lib/python3.7/site-packages/airflow/example_dags/example_latest_only.py for tasks to queue
[2024-01-04T23:38:20.535+0000] {logging_mixin.py:137} INFO - [2024-01-04T23:38:20.535+0000] {dagbag.py:538} INFO - Filling up the DagBag from /home/airflow/.local/lib/python3.7/site-packages/airflow/example_dags/example_latest_only.py
[2024-01-04T23:38:20.545+0000] {processor.py:753} INFO - DAG(s) dict_keys(['latest_only']) retrieved from /home/airflow/.local/lib/python3.7/site-packages/airflow/example_dags/example_latest_only.py
[2024-01-04T23:38:20.565+0000] {logging_mixin.py:137} INFO - [2024-01-04T23:38:20.564+0000] {dag.py:2690} INFO - Sync 1 DAGs
[2024-01-04T23:38:20.580+0000] {logging_mixin.py:137} INFO - [2024-01-04T23:38:20.580+0000] {dag.py:3441} INFO - Setting next_dagrun for latest_only to 2024-01-04T19:38:20.580439+00:00, run_after=2024-01-04T23:38:20.580439+00:00
[2024-01-04T23:38:20.593+0000] {processor.py:175} INFO - Processing /home/airflow/.local/lib/python3.7/site-packages/airflow/example_dags/example_latest_only.py took 0.063 seconds
[2024-01-04T23:38:51.303+0000] {processor.py:153} INFO - Started process (PID=4158) to work on /home/airflow/.local/lib/python3.7/site-packages/airflow/example_dags/example_latest_only.py
[2024-01-04T23:38:51.304+0000] {processor.py:743} INFO - Processing file /home/airflow/.local/lib/python3.7/site-packages/airflow/example_dags/example_latest_only.py for tasks to queue
[2024-01-04T23:38:51.305+0000] {logging_mixin.py:137} INFO - [2024-01-04T23:38:51.305+0000] {dagbag.py:538} INFO - Filling up the DagBag from /home/airflow/.local/lib/python3.7/site-packages/airflow/example_dags/example_latest_only.py
[2024-01-04T23:38:51.315+0000] {processor.py:753} INFO - DAG(s) dict_keys(['latest_only']) retrieved from /home/airflow/.local/lib/python3.7/site-packages/airflow/example_dags/example_latest_only.py
[2024-01-04T23:38:51.334+0000] {logging_mixin.py:137} INFO - [2024-01-04T23:38:51.334+0000] {dag.py:2690} INFO - Sync 1 DAGs
[2024-01-04T23:38:51.349+0000] {logging_mixin.py:137} INFO - [2024-01-04T23:38:51.349+0000] {dag.py:3441} INFO - Setting next_dagrun for latest_only to 2024-01-04T19:38:51.349555+00:00, run_after=2024-01-04T23:38:51.349555+00:00
[2024-01-04T23:38:51.359+0000] {processor.py:175} INFO - Processing /home/airflow/.local/lib/python3.7/site-packages/airflow/example_dags/example_latest_only.py took 0.059 seconds
[2024-01-04T23:39:22.114+0000] {processor.py:153} INFO - Started process (PID=4233) to work on /home/airflow/.local/lib/python3.7/site-packages/airflow/example_dags/example_latest_only.py
[2024-01-04T23:39:22.116+0000] {processor.py:743} INFO - Processing file /home/airflow/.local/lib/python3.7/site-packages/airflow/example_dags/example_latest_only.py for tasks to queue
[2024-01-04T23:39:22.118+0000] {logging_mixin.py:137} INFO - [2024-01-04T23:39:22.118+0000] {dagbag.py:538} INFO - Filling up the DagBag from /home/airflow/.local/lib/python3.7/site-packages/airflow/example_dags/example_latest_only.py
[2024-01-04T23:39:22.139+0000] {processor.py:753} INFO - DAG(s) dict_keys(['latest_only']) retrieved from /home/airflow/.local/lib/python3.7/site-packages/airflow/example_dags/example_latest_only.py
[2024-01-04T23:39:22.181+0000] {logging_mixin.py:137} INFO - [2024-01-04T23:39:22.181+0000] {dag.py:2690} INFO - Sync 1 DAGs
[2024-01-04T23:39:22.205+0000] {logging_mixin.py:137} INFO - [2024-01-04T23:39:22.205+0000] {dag.py:3441} INFO - Setting next_dagrun for latest_only to 2024-01-04T19:39:22.204943+00:00, run_after=2024-01-04T23:39:22.204943+00:00
[2024-01-04T23:39:22.230+0000] {processor.py:175} INFO - Processing /home/airflow/.local/lib/python3.7/site-packages/airflow/example_dags/example_latest_only.py took 0.119 seconds
[2024-01-04T23:56:23.361+0000] {processor.py:153} INFO - Started process (PID=4272) to work on /home/airflow/.local/lib/python3.7/site-packages/airflow/example_dags/example_latest_only.py
[2024-01-04T23:56:23.365+0000] {processor.py:743} INFO - Processing file /home/airflow/.local/lib/python3.7/site-packages/airflow/example_dags/example_latest_only.py for tasks to queue
[2024-01-04T23:56:23.367+0000] {logging_mixin.py:137} INFO - [2024-01-04T23:56:23.367+0000] {dagbag.py:538} INFO - Filling up the DagBag from /home/airflow/.local/lib/python3.7/site-packages/airflow/example_dags/example_latest_only.py
[2024-01-04T23:56:23.383+0000] {processor.py:753} INFO - DAG(s) dict_keys(['latest_only']) retrieved from /home/airflow/.local/lib/python3.7/site-packages/airflow/example_dags/example_latest_only.py
[2024-01-04T23:56:23.411+0000] {logging_mixin.py:137} INFO - [2024-01-04T23:56:23.410+0000] {dag.py:2690} INFO - Sync 1 DAGs
[2024-01-04T23:56:24.226+0000] {logging_mixin.py:137} INFO - [2024-01-04T23:56:24.226+0000] {dag.py:3441} INFO - Setting next_dagrun for latest_only to 2024-01-04T19:56:24.226089+00:00, run_after=2024-01-04T23:56:24.226089+00:00
[2024-01-04T23:56:24.306+0000] {processor.py:175} INFO - Processing /home/airflow/.local/lib/python3.7/site-packages/airflow/example_dags/example_latest_only.py took 0.949 seconds
