[2024-01-04T23:09:04.187+0000] {processor.py:153} INFO - Started process (PID=58) to work on /home/airflow/.local/lib/python3.7/site-packages/airflow/example_dags/example_short_circuit_operator.py
[2024-01-04T23:09:04.195+0000] {processor.py:743} INFO - Processing file /home/airflow/.local/lib/python3.7/site-packages/airflow/example_dags/example_short_circuit_operator.py for tasks to queue
[2024-01-04T23:09:04.200+0000] {logging_mixin.py:137} INFO - [2024-01-04T23:09:04.200+0000] {dagbag.py:538} INFO - Filling up the DagBag from /home/airflow/.local/lib/python3.7/site-packages/airflow/example_dags/example_short_circuit_operator.py
[2024-01-04T23:09:04.364+0000] {processor.py:753} INFO - DAG(s) dict_keys(['example_short_circuit_operator']) retrieved from /home/airflow/.local/lib/python3.7/site-packages/airflow/example_dags/example_short_circuit_operator.py
[2024-01-04T23:09:05.077+0000] {logging_mixin.py:137} INFO - [2024-01-04T23:09:05.077+0000] {manager.py:504} INFO - Created Permission View: can delete on DAG:example_short_circuit_operator
[2024-01-04T23:09:05.109+0000] {logging_mixin.py:137} INFO - [2024-01-04T23:09:05.108+0000] {manager.py:504} INFO - Created Permission View: can edit on DAG:example_short_circuit_operator
[2024-01-04T23:09:05.132+0000] {logging_mixin.py:137} INFO - [2024-01-04T23:09:05.130+0000] {manager.py:504} INFO - Created Permission View: can read on DAG:example_short_circuit_operator
[2024-01-04T23:09:05.134+0000] {logging_mixin.py:137} INFO - [2024-01-04T23:09:05.133+0000] {dag.py:2690} INFO - Sync 1 DAGs
[2024-01-04T23:09:05.243+0000] {logging_mixin.py:137} INFO - [2024-01-04T23:09:05.242+0000] {dag.py:2711} INFO - Creating ORM DAG for example_short_circuit_operator
[2024-01-04T23:09:05.268+0000] {logging_mixin.py:137} INFO - [2024-01-04T23:09:05.267+0000] {dag.py:3441} INFO - Setting next_dagrun for example_short_circuit_operator to 2024-01-03T23:09:05.267547+00:00, run_after=2024-01-04T23:09:05.267547+00:00
[2024-01-04T23:09:05.338+0000] {processor.py:175} INFO - Processing /home/airflow/.local/lib/python3.7/site-packages/airflow/example_dags/example_short_circuit_operator.py took 1.155 seconds
[2024-01-04T23:09:36.035+0000] {processor.py:153} INFO - Started process (PID=134) to work on /home/airflow/.local/lib/python3.7/site-packages/airflow/example_dags/example_short_circuit_operator.py
[2024-01-04T23:09:36.036+0000] {processor.py:743} INFO - Processing file /home/airflow/.local/lib/python3.7/site-packages/airflow/example_dags/example_short_circuit_operator.py for tasks to queue
[2024-01-04T23:09:36.037+0000] {logging_mixin.py:137} INFO - [2024-01-04T23:09:36.037+0000] {dagbag.py:538} INFO - Filling up the DagBag from /home/airflow/.local/lib/python3.7/site-packages/airflow/example_dags/example_short_circuit_operator.py
[2024-01-04T23:09:36.055+0000] {processor.py:753} INFO - DAG(s) dict_keys(['example_short_circuit_operator']) retrieved from /home/airflow/.local/lib/python3.7/site-packages/airflow/example_dags/example_short_circuit_operator.py
[2024-01-04T23:09:36.078+0000] {logging_mixin.py:137} INFO - [2024-01-04T23:09:36.078+0000] {dag.py:2690} INFO - Sync 1 DAGs
[2024-01-04T23:09:36.097+0000] {logging_mixin.py:137} INFO - [2024-01-04T23:09:36.097+0000] {dag.py:3441} INFO - Setting next_dagrun for example_short_circuit_operator to 2024-01-03T23:09:36.096949+00:00, run_after=2024-01-04T23:09:36.096949+00:00
[2024-01-04T23:09:36.112+0000] {processor.py:175} INFO - Processing /home/airflow/.local/lib/python3.7/site-packages/airflow/example_dags/example_short_circuit_operator.py took 0.080 seconds
[2024-01-04T23:10:06.394+0000] {processor.py:153} INFO - Started process (PID=197) to work on /home/airflow/.local/lib/python3.7/site-packages/airflow/example_dags/example_short_circuit_operator.py
[2024-01-04T23:10:06.395+0000] {processor.py:743} INFO - Processing file /home/airflow/.local/lib/python3.7/site-packages/airflow/example_dags/example_short_circuit_operator.py for tasks to queue
[2024-01-04T23:10:06.396+0000] {logging_mixin.py:137} INFO - [2024-01-04T23:10:06.396+0000] {dagbag.py:538} INFO - Filling up the DagBag from /home/airflow/.local/lib/python3.7/site-packages/airflow/example_dags/example_short_circuit_operator.py
[2024-01-04T23:10:06.411+0000] {processor.py:753} INFO - DAG(s) dict_keys(['example_short_circuit_operator']) retrieved from /home/airflow/.local/lib/python3.7/site-packages/airflow/example_dags/example_short_circuit_operator.py
[2024-01-04T23:10:06.429+0000] {logging_mixin.py:137} INFO - [2024-01-04T23:10:06.429+0000] {dag.py:2690} INFO - Sync 1 DAGs
[2024-01-04T23:10:06.449+0000] {logging_mixin.py:137} INFO - [2024-01-04T23:10:06.449+0000] {dag.py:3441} INFO - Setting next_dagrun for example_short_circuit_operator to 2024-01-03T23:10:06.448909+00:00, run_after=2024-01-04T23:10:06.448909+00:00
[2024-01-04T23:10:06.461+0000] {processor.py:175} INFO - Processing /home/airflow/.local/lib/python3.7/site-packages/airflow/example_dags/example_short_circuit_operator.py took 0.070 seconds
[2024-01-04T23:10:36.850+0000] {processor.py:153} INFO - Started process (PID=271) to work on /home/airflow/.local/lib/python3.7/site-packages/airflow/example_dags/example_short_circuit_operator.py
[2024-01-04T23:10:36.852+0000] {processor.py:743} INFO - Processing file /home/airflow/.local/lib/python3.7/site-packages/airflow/example_dags/example_short_circuit_operator.py for tasks to queue
[2024-01-04T23:10:36.853+0000] {logging_mixin.py:137} INFO - [2024-01-04T23:10:36.853+0000] {dagbag.py:538} INFO - Filling up the DagBag from /home/airflow/.local/lib/python3.7/site-packages/airflow/example_dags/example_short_circuit_operator.py
[2024-01-04T23:10:36.871+0000] {processor.py:753} INFO - DAG(s) dict_keys(['example_short_circuit_operator']) retrieved from /home/airflow/.local/lib/python3.7/site-packages/airflow/example_dags/example_short_circuit_operator.py
[2024-01-04T23:10:36.897+0000] {logging_mixin.py:137} INFO - [2024-01-04T23:10:36.897+0000] {dag.py:2690} INFO - Sync 1 DAGs
[2024-01-04T23:10:36.914+0000] {logging_mixin.py:137} INFO - [2024-01-04T23:10:36.914+0000] {dag.py:3441} INFO - Setting next_dagrun for example_short_circuit_operator to 2024-01-03T23:10:36.914473+00:00, run_after=2024-01-04T23:10:36.914473+00:00
[2024-01-04T23:10:36.927+0000] {processor.py:175} INFO - Processing /home/airflow/.local/lib/python3.7/site-packages/airflow/example_dags/example_short_circuit_operator.py took 0.081 seconds
[2024-01-04T23:11:06.971+0000] {processor.py:153} INFO - Started process (PID=334) to work on /home/airflow/.local/lib/python3.7/site-packages/airflow/example_dags/example_short_circuit_operator.py
[2024-01-04T23:11:06.972+0000] {processor.py:743} INFO - Processing file /home/airflow/.local/lib/python3.7/site-packages/airflow/example_dags/example_short_circuit_operator.py for tasks to queue
[2024-01-04T23:11:06.973+0000] {logging_mixin.py:137} INFO - [2024-01-04T23:11:06.973+0000] {dagbag.py:538} INFO - Filling up the DagBag from /home/airflow/.local/lib/python3.7/site-packages/airflow/example_dags/example_short_circuit_operator.py
[2024-01-04T23:11:06.987+0000] {processor.py:753} INFO - DAG(s) dict_keys(['example_short_circuit_operator']) retrieved from /home/airflow/.local/lib/python3.7/site-packages/airflow/example_dags/example_short_circuit_operator.py
[2024-01-04T23:11:07.008+0000] {logging_mixin.py:137} INFO - [2024-01-04T23:11:07.008+0000] {dag.py:2690} INFO - Sync 1 DAGs
[2024-01-04T23:11:07.025+0000] {logging_mixin.py:137} INFO - [2024-01-04T23:11:07.025+0000] {dag.py:3441} INFO - Setting next_dagrun for example_short_circuit_operator to 2024-01-03T23:11:07.025067+00:00, run_after=2024-01-04T23:11:07.025067+00:00
[2024-01-04T23:11:07.042+0000] {processor.py:175} INFO - Processing /home/airflow/.local/lib/python3.7/site-packages/airflow/example_dags/example_short_circuit_operator.py took 0.074 seconds
[2024-01-04T23:11:37.797+0000] {processor.py:153} INFO - Started process (PID=410) to work on /home/airflow/.local/lib/python3.7/site-packages/airflow/example_dags/example_short_circuit_operator.py
[2024-01-04T23:11:37.799+0000] {processor.py:743} INFO - Processing file /home/airflow/.local/lib/python3.7/site-packages/airflow/example_dags/example_short_circuit_operator.py for tasks to queue
[2024-01-04T23:11:37.801+0000] {logging_mixin.py:137} INFO - [2024-01-04T23:11:37.800+0000] {dagbag.py:538} INFO - Filling up the DagBag from /home/airflow/.local/lib/python3.7/site-packages/airflow/example_dags/example_short_circuit_operator.py
[2024-01-04T23:11:37.829+0000] {processor.py:753} INFO - DAG(s) dict_keys(['example_short_circuit_operator']) retrieved from /home/airflow/.local/lib/python3.7/site-packages/airflow/example_dags/example_short_circuit_operator.py
[2024-01-04T23:11:37.858+0000] {logging_mixin.py:137} INFO - [2024-01-04T23:11:37.858+0000] {dag.py:2690} INFO - Sync 1 DAGs
[2024-01-04T23:11:37.879+0000] {logging_mixin.py:137} INFO - [2024-01-04T23:11:37.879+0000] {dag.py:3441} INFO - Setting next_dagrun for example_short_circuit_operator to 2024-01-03T23:11:37.878923+00:00, run_after=2024-01-04T23:11:37.878923+00:00
[2024-01-04T23:11:37.893+0000] {processor.py:175} INFO - Processing /home/airflow/.local/lib/python3.7/site-packages/airflow/example_dags/example_short_circuit_operator.py took 0.104 seconds
[2024-01-04T23:12:08.193+0000] {processor.py:153} INFO - Started process (PID=485) to work on /home/airflow/.local/lib/python3.7/site-packages/airflow/example_dags/example_short_circuit_operator.py
[2024-01-04T23:12:08.196+0000] {processor.py:743} INFO - Processing file /home/airflow/.local/lib/python3.7/site-packages/airflow/example_dags/example_short_circuit_operator.py for tasks to queue
[2024-01-04T23:12:08.197+0000] {logging_mixin.py:137} INFO - [2024-01-04T23:12:08.197+0000] {dagbag.py:538} INFO - Filling up the DagBag from /home/airflow/.local/lib/python3.7/site-packages/airflow/example_dags/example_short_circuit_operator.py
[2024-01-04T23:12:08.219+0000] {processor.py:753} INFO - DAG(s) dict_keys(['example_short_circuit_operator']) retrieved from /home/airflow/.local/lib/python3.7/site-packages/airflow/example_dags/example_short_circuit_operator.py
[2024-01-04T23:12:08.257+0000] {logging_mixin.py:137} INFO - [2024-01-04T23:12:08.257+0000] {dag.py:2690} INFO - Sync 1 DAGs
[2024-01-04T23:12:08.295+0000] {logging_mixin.py:137} INFO - [2024-01-04T23:12:08.295+0000] {dag.py:3441} INFO - Setting next_dagrun for example_short_circuit_operator to 2024-01-03T23:12:08.295225+00:00, run_after=2024-01-04T23:12:08.295225+00:00
[2024-01-04T23:12:08.310+0000] {processor.py:175} INFO - Processing /home/airflow/.local/lib/python3.7/site-packages/airflow/example_dags/example_short_circuit_operator.py took 0.122 seconds
[2024-01-04T23:12:38.613+0000] {processor.py:153} INFO - Started process (PID=548) to work on /home/airflow/.local/lib/python3.7/site-packages/airflow/example_dags/example_short_circuit_operator.py
[2024-01-04T23:12:38.614+0000] {processor.py:743} INFO - Processing file /home/airflow/.local/lib/python3.7/site-packages/airflow/example_dags/example_short_circuit_operator.py for tasks to queue
[2024-01-04T23:12:38.615+0000] {logging_mixin.py:137} INFO - [2024-01-04T23:12:38.615+0000] {dagbag.py:538} INFO - Filling up the DagBag from /home/airflow/.local/lib/python3.7/site-packages/airflow/example_dags/example_short_circuit_operator.py
[2024-01-04T23:12:38.627+0000] {processor.py:753} INFO - DAG(s) dict_keys(['example_short_circuit_operator']) retrieved from /home/airflow/.local/lib/python3.7/site-packages/airflow/example_dags/example_short_circuit_operator.py
[2024-01-04T23:12:38.654+0000] {logging_mixin.py:137} INFO - [2024-01-04T23:12:38.654+0000] {dag.py:2690} INFO - Sync 1 DAGs
[2024-01-04T23:12:38.674+0000] {logging_mixin.py:137} INFO - [2024-01-04T23:12:38.674+0000] {dag.py:3441} INFO - Setting next_dagrun for example_short_circuit_operator to 2024-01-03T23:12:38.674118+00:00, run_after=2024-01-04T23:12:38.674118+00:00
[2024-01-04T23:12:38.694+0000] {processor.py:175} INFO - Processing /home/airflow/.local/lib/python3.7/site-packages/airflow/example_dags/example_short_circuit_operator.py took 0.084 seconds
[2024-01-04T23:13:08.914+0000] {processor.py:153} INFO - Started process (PID=624) to work on /home/airflow/.local/lib/python3.7/site-packages/airflow/example_dags/example_short_circuit_operator.py
[2024-01-04T23:13:08.916+0000] {processor.py:743} INFO - Processing file /home/airflow/.local/lib/python3.7/site-packages/airflow/example_dags/example_short_circuit_operator.py for tasks to queue
[2024-01-04T23:13:08.917+0000] {logging_mixin.py:137} INFO - [2024-01-04T23:13:08.917+0000] {dagbag.py:538} INFO - Filling up the DagBag from /home/airflow/.local/lib/python3.7/site-packages/airflow/example_dags/example_short_circuit_operator.py
[2024-01-04T23:13:08.937+0000] {processor.py:753} INFO - DAG(s) dict_keys(['example_short_circuit_operator']) retrieved from /home/airflow/.local/lib/python3.7/site-packages/airflow/example_dags/example_short_circuit_operator.py
[2024-01-04T23:13:08.965+0000] {logging_mixin.py:137} INFO - [2024-01-04T23:13:08.965+0000] {dag.py:2690} INFO - Sync 1 DAGs
[2024-01-04T23:13:08.985+0000] {logging_mixin.py:137} INFO - [2024-01-04T23:13:08.985+0000] {dag.py:3441} INFO - Setting next_dagrun for example_short_circuit_operator to 2024-01-03T23:13:08.985098+00:00, run_after=2024-01-04T23:13:08.985098+00:00
[2024-01-04T23:13:08.999+0000] {processor.py:175} INFO - Processing /home/airflow/.local/lib/python3.7/site-packages/airflow/example_dags/example_short_circuit_operator.py took 0.088 seconds
[2024-01-04T23:13:39.288+0000] {processor.py:153} INFO - Started process (PID=688) to work on /home/airflow/.local/lib/python3.7/site-packages/airflow/example_dags/example_short_circuit_operator.py
[2024-01-04T23:13:39.289+0000] {processor.py:743} INFO - Processing file /home/airflow/.local/lib/python3.7/site-packages/airflow/example_dags/example_short_circuit_operator.py for tasks to queue
[2024-01-04T23:13:39.290+0000] {logging_mixin.py:137} INFO - [2024-01-04T23:13:39.290+0000] {dagbag.py:538} INFO - Filling up the DagBag from /home/airflow/.local/lib/python3.7/site-packages/airflow/example_dags/example_short_circuit_operator.py
[2024-01-04T23:13:39.307+0000] {processor.py:753} INFO - DAG(s) dict_keys(['example_short_circuit_operator']) retrieved from /home/airflow/.local/lib/python3.7/site-packages/airflow/example_dags/example_short_circuit_operator.py
[2024-01-04T23:13:39.332+0000] {logging_mixin.py:137} INFO - [2024-01-04T23:13:39.332+0000] {dag.py:2690} INFO - Sync 1 DAGs
[2024-01-04T23:13:39.353+0000] {logging_mixin.py:137} INFO - [2024-01-04T23:13:39.353+0000] {dag.py:3441} INFO - Setting next_dagrun for example_short_circuit_operator to 2024-01-03T23:13:39.353424+00:00, run_after=2024-01-04T23:13:39.353424+00:00
[2024-01-04T23:13:39.368+0000] {processor.py:175} INFO - Processing /home/airflow/.local/lib/python3.7/site-packages/airflow/example_dags/example_short_circuit_operator.py took 0.083 seconds
[2024-01-04T23:14:10.032+0000] {processor.py:153} INFO - Started process (PID=763) to work on /home/airflow/.local/lib/python3.7/site-packages/airflow/example_dags/example_short_circuit_operator.py
[2024-01-04T23:14:10.034+0000] {processor.py:743} INFO - Processing file /home/airflow/.local/lib/python3.7/site-packages/airflow/example_dags/example_short_circuit_operator.py for tasks to queue
[2024-01-04T23:14:10.035+0000] {logging_mixin.py:137} INFO - [2024-01-04T23:14:10.035+0000] {dagbag.py:538} INFO - Filling up the DagBag from /home/airflow/.local/lib/python3.7/site-packages/airflow/example_dags/example_short_circuit_operator.py
[2024-01-04T23:14:10.051+0000] {processor.py:753} INFO - DAG(s) dict_keys(['example_short_circuit_operator']) retrieved from /home/airflow/.local/lib/python3.7/site-packages/airflow/example_dags/example_short_circuit_operator.py
[2024-01-04T23:14:10.073+0000] {logging_mixin.py:137} INFO - [2024-01-04T23:14:10.073+0000] {dag.py:2690} INFO - Sync 1 DAGs
[2024-01-04T23:14:10.090+0000] {logging_mixin.py:137} INFO - [2024-01-04T23:14:10.089+0000] {dag.py:3441} INFO - Setting next_dagrun for example_short_circuit_operator to 2024-01-03T23:14:10.089706+00:00, run_after=2024-01-04T23:14:10.089706+00:00
[2024-01-04T23:14:10.100+0000] {processor.py:175} INFO - Processing /home/airflow/.local/lib/python3.7/site-packages/airflow/example_dags/example_short_circuit_operator.py took 0.071 seconds
[2024-01-04T23:14:40.395+0000] {processor.py:153} INFO - Started process (PID=838) to work on /home/airflow/.local/lib/python3.7/site-packages/airflow/example_dags/example_short_circuit_operator.py
[2024-01-04T23:14:40.398+0000] {processor.py:743} INFO - Processing file /home/airflow/.local/lib/python3.7/site-packages/airflow/example_dags/example_short_circuit_operator.py for tasks to queue
[2024-01-04T23:14:40.399+0000] {logging_mixin.py:137} INFO - [2024-01-04T23:14:40.399+0000] {dagbag.py:538} INFO - Filling up the DagBag from /home/airflow/.local/lib/python3.7/site-packages/airflow/example_dags/example_short_circuit_operator.py
[2024-01-04T23:14:40.428+0000] {processor.py:753} INFO - DAG(s) dict_keys(['example_short_circuit_operator']) retrieved from /home/airflow/.local/lib/python3.7/site-packages/airflow/example_dags/example_short_circuit_operator.py
[2024-01-04T23:14:40.456+0000] {logging_mixin.py:137} INFO - [2024-01-04T23:14:40.456+0000] {dag.py:2690} INFO - Sync 1 DAGs
[2024-01-04T23:14:40.476+0000] {logging_mixin.py:137} INFO - [2024-01-04T23:14:40.476+0000] {dag.py:3441} INFO - Setting next_dagrun for example_short_circuit_operator to 2024-01-03T23:14:40.476146+00:00, run_after=2024-01-04T23:14:40.476146+00:00
[2024-01-04T23:14:40.488+0000] {processor.py:175} INFO - Processing /home/airflow/.local/lib/python3.7/site-packages/airflow/example_dags/example_short_circuit_operator.py took 0.098 seconds
[2024-01-04T23:15:10.970+0000] {processor.py:153} INFO - Started process (PID=899) to work on /home/airflow/.local/lib/python3.7/site-packages/airflow/example_dags/example_short_circuit_operator.py
[2024-01-04T23:15:10.971+0000] {processor.py:743} INFO - Processing file /home/airflow/.local/lib/python3.7/site-packages/airflow/example_dags/example_short_circuit_operator.py for tasks to queue
[2024-01-04T23:15:10.972+0000] {logging_mixin.py:137} INFO - [2024-01-04T23:15:10.972+0000] {dagbag.py:538} INFO - Filling up the DagBag from /home/airflow/.local/lib/python3.7/site-packages/airflow/example_dags/example_short_circuit_operator.py
[2024-01-04T23:15:10.988+0000] {processor.py:753} INFO - DAG(s) dict_keys(['example_short_circuit_operator']) retrieved from /home/airflow/.local/lib/python3.7/site-packages/airflow/example_dags/example_short_circuit_operator.py
[2024-01-04T23:15:11.012+0000] {logging_mixin.py:137} INFO - [2024-01-04T23:15:11.011+0000] {dag.py:2690} INFO - Sync 1 DAGs
[2024-01-04T23:15:11.028+0000] {logging_mixin.py:137} INFO - [2024-01-04T23:15:11.028+0000] {dag.py:3441} INFO - Setting next_dagrun for example_short_circuit_operator to 2024-01-03T23:15:11.027857+00:00, run_after=2024-01-04T23:15:11.027857+00:00
[2024-01-04T23:15:11.039+0000] {processor.py:175} INFO - Processing /home/airflow/.local/lib/python3.7/site-packages/airflow/example_dags/example_short_circuit_operator.py took 0.073 seconds
[2024-01-04T23:15:41.661+0000] {processor.py:153} INFO - Started process (PID=974) to work on /home/airflow/.local/lib/python3.7/site-packages/airflow/example_dags/example_short_circuit_operator.py
[2024-01-04T23:15:41.663+0000] {processor.py:743} INFO - Processing file /home/airflow/.local/lib/python3.7/site-packages/airflow/example_dags/example_short_circuit_operator.py for tasks to queue
[2024-01-04T23:15:41.664+0000] {logging_mixin.py:137} INFO - [2024-01-04T23:15:41.664+0000] {dagbag.py:538} INFO - Filling up the DagBag from /home/airflow/.local/lib/python3.7/site-packages/airflow/example_dags/example_short_circuit_operator.py
[2024-01-04T23:15:41.684+0000] {processor.py:753} INFO - DAG(s) dict_keys(['example_short_circuit_operator']) retrieved from /home/airflow/.local/lib/python3.7/site-packages/airflow/example_dags/example_short_circuit_operator.py
[2024-01-04T23:15:41.710+0000] {logging_mixin.py:137} INFO - [2024-01-04T23:15:41.710+0000] {dag.py:2690} INFO - Sync 1 DAGs
[2024-01-04T23:15:41.731+0000] {logging_mixin.py:137} INFO - [2024-01-04T23:15:41.731+0000] {dag.py:3441} INFO - Setting next_dagrun for example_short_circuit_operator to 2024-01-03T23:15:41.730786+00:00, run_after=2024-01-04T23:15:41.730786+00:00
[2024-01-04T23:15:41.743+0000] {processor.py:175} INFO - Processing /home/airflow/.local/lib/python3.7/site-packages/airflow/example_dags/example_short_circuit_operator.py took 0.087 seconds
[2024-01-04T23:16:12.088+0000] {processor.py:153} INFO - Started process (PID=1048) to work on /home/airflow/.local/lib/python3.7/site-packages/airflow/example_dags/example_short_circuit_operator.py
[2024-01-04T23:16:12.090+0000] {processor.py:743} INFO - Processing file /home/airflow/.local/lib/python3.7/site-packages/airflow/example_dags/example_short_circuit_operator.py for tasks to queue
[2024-01-04T23:16:12.091+0000] {logging_mixin.py:137} INFO - [2024-01-04T23:16:12.091+0000] {dagbag.py:538} INFO - Filling up the DagBag from /home/airflow/.local/lib/python3.7/site-packages/airflow/example_dags/example_short_circuit_operator.py
[2024-01-04T23:16:12.134+0000] {processor.py:753} INFO - DAG(s) dict_keys(['example_short_circuit_operator']) retrieved from /home/airflow/.local/lib/python3.7/site-packages/airflow/example_dags/example_short_circuit_operator.py
[2024-01-04T23:16:12.179+0000] {logging_mixin.py:137} INFO - [2024-01-04T23:16:12.179+0000] {dag.py:2690} INFO - Sync 1 DAGs
[2024-01-04T23:16:12.224+0000] {logging_mixin.py:137} INFO - [2024-01-04T23:16:12.224+0000] {dag.py:3441} INFO - Setting next_dagrun for example_short_circuit_operator to 2024-01-03T23:16:12.223560+00:00, run_after=2024-01-04T23:16:12.223560+00:00
[2024-01-04T23:16:12.244+0000] {processor.py:175} INFO - Processing /home/airflow/.local/lib/python3.7/site-packages/airflow/example_dags/example_short_circuit_operator.py took 0.161 seconds
[2024-01-04T23:16:42.684+0000] {processor.py:153} INFO - Started process (PID=1111) to work on /home/airflow/.local/lib/python3.7/site-packages/airflow/example_dags/example_short_circuit_operator.py
[2024-01-04T23:16:42.685+0000] {processor.py:743} INFO - Processing file /home/airflow/.local/lib/python3.7/site-packages/airflow/example_dags/example_short_circuit_operator.py for tasks to queue
[2024-01-04T23:16:42.686+0000] {logging_mixin.py:137} INFO - [2024-01-04T23:16:42.686+0000] {dagbag.py:538} INFO - Filling up the DagBag from /home/airflow/.local/lib/python3.7/site-packages/airflow/example_dags/example_short_circuit_operator.py
[2024-01-04T23:16:42.698+0000] {processor.py:753} INFO - DAG(s) dict_keys(['example_short_circuit_operator']) retrieved from /home/airflow/.local/lib/python3.7/site-packages/airflow/example_dags/example_short_circuit_operator.py
[2024-01-04T23:16:42.728+0000] {logging_mixin.py:137} INFO - [2024-01-04T23:16:42.728+0000] {dag.py:2690} INFO - Sync 1 DAGs
[2024-01-04T23:16:42.746+0000] {logging_mixin.py:137} INFO - [2024-01-04T23:16:42.746+0000] {dag.py:3441} INFO - Setting next_dagrun for example_short_circuit_operator to 2024-01-03T23:16:42.746083+00:00, run_after=2024-01-04T23:16:42.746083+00:00
[2024-01-04T23:16:42.758+0000] {processor.py:175} INFO - Processing /home/airflow/.local/lib/python3.7/site-packages/airflow/example_dags/example_short_circuit_operator.py took 0.077 seconds
[2024-01-04T23:17:13.320+0000] {processor.py:153} INFO - Started process (PID=1187) to work on /home/airflow/.local/lib/python3.7/site-packages/airflow/example_dags/example_short_circuit_operator.py
[2024-01-04T23:17:13.322+0000] {processor.py:743} INFO - Processing file /home/airflow/.local/lib/python3.7/site-packages/airflow/example_dags/example_short_circuit_operator.py for tasks to queue
[2024-01-04T23:17:13.324+0000] {logging_mixin.py:137} INFO - [2024-01-04T23:17:13.323+0000] {dagbag.py:538} INFO - Filling up the DagBag from /home/airflow/.local/lib/python3.7/site-packages/airflow/example_dags/example_short_circuit_operator.py
[2024-01-04T23:17:13.350+0000] {processor.py:753} INFO - DAG(s) dict_keys(['example_short_circuit_operator']) retrieved from /home/airflow/.local/lib/python3.7/site-packages/airflow/example_dags/example_short_circuit_operator.py
[2024-01-04T23:17:13.390+0000] {logging_mixin.py:137} INFO - [2024-01-04T23:17:13.390+0000] {dag.py:2690} INFO - Sync 1 DAGs
[2024-01-04T23:17:13.416+0000] {logging_mixin.py:137} INFO - [2024-01-04T23:17:13.416+0000] {dag.py:3441} INFO - Setting next_dagrun for example_short_circuit_operator to 2024-01-03T23:17:13.415670+00:00, run_after=2024-01-04T23:17:13.415670+00:00
[2024-01-04T23:17:13.433+0000] {processor.py:175} INFO - Processing /home/airflow/.local/lib/python3.7/site-packages/airflow/example_dags/example_short_circuit_operator.py took 0.119 seconds
[2024-01-04T23:17:43.817+0000] {processor.py:153} INFO - Started process (PID=1250) to work on /home/airflow/.local/lib/python3.7/site-packages/airflow/example_dags/example_short_circuit_operator.py
[2024-01-04T23:17:43.819+0000] {processor.py:743} INFO - Processing file /home/airflow/.local/lib/python3.7/site-packages/airflow/example_dags/example_short_circuit_operator.py for tasks to queue
[2024-01-04T23:17:43.820+0000] {logging_mixin.py:137} INFO - [2024-01-04T23:17:43.819+0000] {dagbag.py:538} INFO - Filling up the DagBag from /home/airflow/.local/lib/python3.7/site-packages/airflow/example_dags/example_short_circuit_operator.py
[2024-01-04T23:17:43.836+0000] {processor.py:753} INFO - DAG(s) dict_keys(['example_short_circuit_operator']) retrieved from /home/airflow/.local/lib/python3.7/site-packages/airflow/example_dags/example_short_circuit_operator.py
[2024-01-04T23:17:43.860+0000] {logging_mixin.py:137} INFO - [2024-01-04T23:17:43.860+0000] {dag.py:2690} INFO - Sync 1 DAGs
[2024-01-04T23:17:43.879+0000] {logging_mixin.py:137} INFO - [2024-01-04T23:17:43.879+0000] {dag.py:3441} INFO - Setting next_dagrun for example_short_circuit_operator to 2024-01-03T23:17:43.878901+00:00, run_after=2024-01-04T23:17:43.878901+00:00
[2024-01-04T23:17:43.891+0000] {processor.py:175} INFO - Processing /home/airflow/.local/lib/python3.7/site-packages/airflow/example_dags/example_short_circuit_operator.py took 0.078 seconds
[2024-01-04T23:18:14.764+0000] {processor.py:153} INFO - Started process (PID=1325) to work on /home/airflow/.local/lib/python3.7/site-packages/airflow/example_dags/example_short_circuit_operator.py
[2024-01-04T23:18:14.766+0000] {processor.py:743} INFO - Processing file /home/airflow/.local/lib/python3.7/site-packages/airflow/example_dags/example_short_circuit_operator.py for tasks to queue
[2024-01-04T23:18:14.768+0000] {logging_mixin.py:137} INFO - [2024-01-04T23:18:14.768+0000] {dagbag.py:538} INFO - Filling up the DagBag from /home/airflow/.local/lib/python3.7/site-packages/airflow/example_dags/example_short_circuit_operator.py
[2024-01-04T23:18:14.790+0000] {processor.py:753} INFO - DAG(s) dict_keys(['example_short_circuit_operator']) retrieved from /home/airflow/.local/lib/python3.7/site-packages/airflow/example_dags/example_short_circuit_operator.py
[2024-01-04T23:18:14.816+0000] {logging_mixin.py:137} INFO - [2024-01-04T23:18:14.816+0000] {dag.py:2690} INFO - Sync 1 DAGs
[2024-01-04T23:18:14.836+0000] {logging_mixin.py:137} INFO - [2024-01-04T23:18:14.836+0000] {dag.py:3441} INFO - Setting next_dagrun for example_short_circuit_operator to 2024-01-03T23:18:14.836480+00:00, run_after=2024-01-04T23:18:14.836480+00:00
[2024-01-04T23:18:14.850+0000] {processor.py:175} INFO - Processing /home/airflow/.local/lib/python3.7/site-packages/airflow/example_dags/example_short_circuit_operator.py took 0.091 seconds
[2024-01-04T23:18:45.544+0000] {processor.py:153} INFO - Started process (PID=1389) to work on /home/airflow/.local/lib/python3.7/site-packages/airflow/example_dags/example_short_circuit_operator.py
[2024-01-04T23:18:45.546+0000] {processor.py:743} INFO - Processing file /home/airflow/.local/lib/python3.7/site-packages/airflow/example_dags/example_short_circuit_operator.py for tasks to queue
[2024-01-04T23:18:45.547+0000] {logging_mixin.py:137} INFO - [2024-01-04T23:18:45.547+0000] {dagbag.py:538} INFO - Filling up the DagBag from /home/airflow/.local/lib/python3.7/site-packages/airflow/example_dags/example_short_circuit_operator.py
[2024-01-04T23:18:45.567+0000] {processor.py:753} INFO - DAG(s) dict_keys(['example_short_circuit_operator']) retrieved from /home/airflow/.local/lib/python3.7/site-packages/airflow/example_dags/example_short_circuit_operator.py
[2024-01-04T23:18:45.595+0000] {logging_mixin.py:137} INFO - [2024-01-04T23:18:45.595+0000] {dag.py:2690} INFO - Sync 1 DAGs
[2024-01-04T23:18:45.616+0000] {logging_mixin.py:137} INFO - [2024-01-04T23:18:45.616+0000] {dag.py:3441} INFO - Setting next_dagrun for example_short_circuit_operator to 2024-01-03T23:18:45.616534+00:00, run_after=2024-01-04T23:18:45.616534+00:00
[2024-01-04T23:18:45.632+0000] {processor.py:175} INFO - Processing /home/airflow/.local/lib/python3.7/site-packages/airflow/example_dags/example_short_circuit_operator.py took 0.092 seconds
[2024-01-04T23:19:16.420+0000] {processor.py:153} INFO - Started process (PID=1466) to work on /home/airflow/.local/lib/python3.7/site-packages/airflow/example_dags/example_short_circuit_operator.py
[2024-01-04T23:19:16.422+0000] {processor.py:743} INFO - Processing file /home/airflow/.local/lib/python3.7/site-packages/airflow/example_dags/example_short_circuit_operator.py for tasks to queue
[2024-01-04T23:19:16.423+0000] {logging_mixin.py:137} INFO - [2024-01-04T23:19:16.423+0000] {dagbag.py:538} INFO - Filling up the DagBag from /home/airflow/.local/lib/python3.7/site-packages/airflow/example_dags/example_short_circuit_operator.py
[2024-01-04T23:19:16.440+0000] {processor.py:753} INFO - DAG(s) dict_keys(['example_short_circuit_operator']) retrieved from /home/airflow/.local/lib/python3.7/site-packages/airflow/example_dags/example_short_circuit_operator.py
[2024-01-04T23:19:16.471+0000] {logging_mixin.py:137} INFO - [2024-01-04T23:19:16.471+0000] {dag.py:2690} INFO - Sync 1 DAGs
[2024-01-04T23:19:16.497+0000] {logging_mixin.py:137} INFO - [2024-01-04T23:19:16.497+0000] {dag.py:3441} INFO - Setting next_dagrun for example_short_circuit_operator to 2024-01-03T23:19:16.497433+00:00, run_after=2024-01-04T23:19:16.497433+00:00
[2024-01-04T23:19:16.517+0000] {processor.py:175} INFO - Processing /home/airflow/.local/lib/python3.7/site-packages/airflow/example_dags/example_short_circuit_operator.py took 0.100 seconds
[2024-01-04T23:19:46.790+0000] {processor.py:153} INFO - Started process (PID=1542) to work on /home/airflow/.local/lib/python3.7/site-packages/airflow/example_dags/example_short_circuit_operator.py
[2024-01-04T23:19:46.795+0000] {processor.py:743} INFO - Processing file /home/airflow/.local/lib/python3.7/site-packages/airflow/example_dags/example_short_circuit_operator.py for tasks to queue
[2024-01-04T23:19:46.797+0000] {logging_mixin.py:137} INFO - [2024-01-04T23:19:46.797+0000] {dagbag.py:538} INFO - Filling up the DagBag from /home/airflow/.local/lib/python3.7/site-packages/airflow/example_dags/example_short_circuit_operator.py
[2024-01-04T23:19:46.831+0000] {processor.py:753} INFO - DAG(s) dict_keys(['example_short_circuit_operator']) retrieved from /home/airflow/.local/lib/python3.7/site-packages/airflow/example_dags/example_short_circuit_operator.py
[2024-01-04T23:19:46.930+0000] {logging_mixin.py:137} INFO - [2024-01-04T23:19:46.930+0000] {dag.py:2690} INFO - Sync 1 DAGs
[2024-01-04T23:19:46.988+0000] {logging_mixin.py:137} INFO - [2024-01-04T23:19:46.988+0000] {dag.py:3441} INFO - Setting next_dagrun for example_short_circuit_operator to 2024-01-03T23:19:46.987626+00:00, run_after=2024-01-04T23:19:46.987626+00:00
[2024-01-04T23:19:47.097+0000] {processor.py:175} INFO - Processing /home/airflow/.local/lib/python3.7/site-packages/airflow/example_dags/example_short_circuit_operator.py took 0.313 seconds
[2024-01-04T23:20:17.963+0000] {processor.py:153} INFO - Started process (PID=1605) to work on /home/airflow/.local/lib/python3.7/site-packages/airflow/example_dags/example_short_circuit_operator.py
[2024-01-04T23:20:17.965+0000] {processor.py:743} INFO - Processing file /home/airflow/.local/lib/python3.7/site-packages/airflow/example_dags/example_short_circuit_operator.py for tasks to queue
[2024-01-04T23:20:17.967+0000] {logging_mixin.py:137} INFO - [2024-01-04T23:20:17.966+0000] {dagbag.py:538} INFO - Filling up the DagBag from /home/airflow/.local/lib/python3.7/site-packages/airflow/example_dags/example_short_circuit_operator.py
[2024-01-04T23:20:17.989+0000] {processor.py:753} INFO - DAG(s) dict_keys(['example_short_circuit_operator']) retrieved from /home/airflow/.local/lib/python3.7/site-packages/airflow/example_dags/example_short_circuit_operator.py
[2024-01-04T23:20:18.015+0000] {logging_mixin.py:137} INFO - [2024-01-04T23:20:18.015+0000] {dag.py:2690} INFO - Sync 1 DAGs
[2024-01-04T23:20:18.033+0000] {logging_mixin.py:137} INFO - [2024-01-04T23:20:18.033+0000] {dag.py:3441} INFO - Setting next_dagrun for example_short_circuit_operator to 2024-01-03T23:20:18.032773+00:00, run_after=2024-01-04T23:20:18.032773+00:00
[2024-01-04T23:20:18.058+0000] {processor.py:175} INFO - Processing /home/airflow/.local/lib/python3.7/site-packages/airflow/example_dags/example_short_circuit_operator.py took 0.101 seconds
[2024-01-04T23:20:48.420+0000] {processor.py:153} INFO - Started process (PID=1680) to work on /home/airflow/.local/lib/python3.7/site-packages/airflow/example_dags/example_short_circuit_operator.py
[2024-01-04T23:20:48.422+0000] {processor.py:743} INFO - Processing file /home/airflow/.local/lib/python3.7/site-packages/airflow/example_dags/example_short_circuit_operator.py for tasks to queue
[2024-01-04T23:20:48.424+0000] {logging_mixin.py:137} INFO - [2024-01-04T23:20:48.423+0000] {dagbag.py:538} INFO - Filling up the DagBag from /home/airflow/.local/lib/python3.7/site-packages/airflow/example_dags/example_short_circuit_operator.py
[2024-01-04T23:20:48.451+0000] {processor.py:753} INFO - DAG(s) dict_keys(['example_short_circuit_operator']) retrieved from /home/airflow/.local/lib/python3.7/site-packages/airflow/example_dags/example_short_circuit_operator.py
[2024-01-04T23:20:48.482+0000] {logging_mixin.py:137} INFO - [2024-01-04T23:20:48.482+0000] {dag.py:2690} INFO - Sync 1 DAGs
[2024-01-04T23:20:48.503+0000] {logging_mixin.py:137} INFO - [2024-01-04T23:20:48.503+0000] {dag.py:3441} INFO - Setting next_dagrun for example_short_circuit_operator to 2024-01-03T23:20:48.502946+00:00, run_after=2024-01-04T23:20:48.502946+00:00
[2024-01-04T23:20:48.517+0000] {processor.py:175} INFO - Processing /home/airflow/.local/lib/python3.7/site-packages/airflow/example_dags/example_short_circuit_operator.py took 0.102 seconds
[2024-01-04T23:21:19.553+0000] {processor.py:153} INFO - Started process (PID=1743) to work on /home/airflow/.local/lib/python3.7/site-packages/airflow/example_dags/example_short_circuit_operator.py
[2024-01-04T23:21:19.556+0000] {processor.py:743} INFO - Processing file /home/airflow/.local/lib/python3.7/site-packages/airflow/example_dags/example_short_circuit_operator.py for tasks to queue
[2024-01-04T23:21:19.558+0000] {logging_mixin.py:137} INFO - [2024-01-04T23:21:19.558+0000] {dagbag.py:538} INFO - Filling up the DagBag from /home/airflow/.local/lib/python3.7/site-packages/airflow/example_dags/example_short_circuit_operator.py
[2024-01-04T23:21:19.602+0000] {processor.py:753} INFO - DAG(s) dict_keys(['example_short_circuit_operator']) retrieved from /home/airflow/.local/lib/python3.7/site-packages/airflow/example_dags/example_short_circuit_operator.py
[2024-01-04T23:21:19.645+0000] {logging_mixin.py:137} INFO - [2024-01-04T23:21:19.645+0000] {dag.py:2690} INFO - Sync 1 DAGs
[2024-01-04T23:21:19.671+0000] {logging_mixin.py:137} INFO - [2024-01-04T23:21:19.671+0000] {dag.py:3441} INFO - Setting next_dagrun for example_short_circuit_operator to 2024-01-03T23:21:19.671347+00:00, run_after=2024-01-04T23:21:19.671347+00:00
[2024-01-04T23:21:19.688+0000] {processor.py:175} INFO - Processing /home/airflow/.local/lib/python3.7/site-packages/airflow/example_dags/example_short_circuit_operator.py took 0.141 seconds
[2024-01-04T23:21:50.708+0000] {processor.py:153} INFO - Started process (PID=1818) to work on /home/airflow/.local/lib/python3.7/site-packages/airflow/example_dags/example_short_circuit_operator.py
[2024-01-04T23:21:50.710+0000] {processor.py:743} INFO - Processing file /home/airflow/.local/lib/python3.7/site-packages/airflow/example_dags/example_short_circuit_operator.py for tasks to queue
[2024-01-04T23:21:50.712+0000] {logging_mixin.py:137} INFO - [2024-01-04T23:21:50.712+0000] {dagbag.py:538} INFO - Filling up the DagBag from /home/airflow/.local/lib/python3.7/site-packages/airflow/example_dags/example_short_circuit_operator.py
[2024-01-04T23:21:50.743+0000] {processor.py:753} INFO - DAG(s) dict_keys(['example_short_circuit_operator']) retrieved from /home/airflow/.local/lib/python3.7/site-packages/airflow/example_dags/example_short_circuit_operator.py
[2024-01-04T23:21:50.843+0000] {logging_mixin.py:137} INFO - [2024-01-04T23:21:50.843+0000] {dag.py:2690} INFO - Sync 1 DAGs
[2024-01-04T23:21:50.870+0000] {logging_mixin.py:137} INFO - [2024-01-04T23:21:50.870+0000] {dag.py:3441} INFO - Setting next_dagrun for example_short_circuit_operator to 2024-01-03T23:21:50.869744+00:00, run_after=2024-01-04T23:21:50.869744+00:00
[2024-01-04T23:21:50.885+0000] {processor.py:175} INFO - Processing /home/airflow/.local/lib/python3.7/site-packages/airflow/example_dags/example_short_circuit_operator.py took 0.184 seconds
[2024-01-04T23:22:21.415+0000] {processor.py:153} INFO - Started process (PID=1893) to work on /home/airflow/.local/lib/python3.7/site-packages/airflow/example_dags/example_short_circuit_operator.py
[2024-01-04T23:22:21.417+0000] {processor.py:743} INFO - Processing file /home/airflow/.local/lib/python3.7/site-packages/airflow/example_dags/example_short_circuit_operator.py for tasks to queue
[2024-01-04T23:22:21.419+0000] {logging_mixin.py:137} INFO - [2024-01-04T23:22:21.419+0000] {dagbag.py:538} INFO - Filling up the DagBag from /home/airflow/.local/lib/python3.7/site-packages/airflow/example_dags/example_short_circuit_operator.py
[2024-01-04T23:22:21.448+0000] {processor.py:753} INFO - DAG(s) dict_keys(['example_short_circuit_operator']) retrieved from /home/airflow/.local/lib/python3.7/site-packages/airflow/example_dags/example_short_circuit_operator.py
[2024-01-04T23:22:21.527+0000] {logging_mixin.py:137} INFO - [2024-01-04T23:22:21.527+0000] {dag.py:2690} INFO - Sync 1 DAGs
[2024-01-04T23:22:21.576+0000] {logging_mixin.py:137} INFO - [2024-01-04T23:22:21.576+0000] {dag.py:3441} INFO - Setting next_dagrun for example_short_circuit_operator to 2024-01-03T23:22:21.576119+00:00, run_after=2024-01-04T23:22:21.576119+00:00
[2024-01-04T23:22:21.594+0000] {processor.py:175} INFO - Processing /home/airflow/.local/lib/python3.7/site-packages/airflow/example_dags/example_short_circuit_operator.py took 0.183 seconds
[2024-01-04T23:22:52.277+0000] {processor.py:153} INFO - Started process (PID=1956) to work on /home/airflow/.local/lib/python3.7/site-packages/airflow/example_dags/example_short_circuit_operator.py
[2024-01-04T23:22:52.279+0000] {processor.py:743} INFO - Processing file /home/airflow/.local/lib/python3.7/site-packages/airflow/example_dags/example_short_circuit_operator.py for tasks to queue
[2024-01-04T23:22:52.280+0000] {logging_mixin.py:137} INFO - [2024-01-04T23:22:52.280+0000] {dagbag.py:538} INFO - Filling up the DagBag from /home/airflow/.local/lib/python3.7/site-packages/airflow/example_dags/example_short_circuit_operator.py
[2024-01-04T23:22:52.305+0000] {processor.py:753} INFO - DAG(s) dict_keys(['example_short_circuit_operator']) retrieved from /home/airflow/.local/lib/python3.7/site-packages/airflow/example_dags/example_short_circuit_operator.py
[2024-01-04T23:22:52.355+0000] {logging_mixin.py:137} INFO - [2024-01-04T23:22:52.355+0000] {dag.py:2690} INFO - Sync 1 DAGs
[2024-01-04T23:22:52.390+0000] {logging_mixin.py:137} INFO - [2024-01-04T23:22:52.390+0000] {dag.py:3441} INFO - Setting next_dagrun for example_short_circuit_operator to 2024-01-03T23:22:52.389800+00:00, run_after=2024-01-04T23:22:52.389800+00:00
[2024-01-04T23:22:52.406+0000] {processor.py:175} INFO - Processing /home/airflow/.local/lib/python3.7/site-packages/airflow/example_dags/example_short_circuit_operator.py took 0.136 seconds
[2024-01-04T23:23:23.023+0000] {processor.py:153} INFO - Started process (PID=2033) to work on /home/airflow/.local/lib/python3.7/site-packages/airflow/example_dags/example_short_circuit_operator.py
[2024-01-04T23:23:23.026+0000] {processor.py:743} INFO - Processing file /home/airflow/.local/lib/python3.7/site-packages/airflow/example_dags/example_short_circuit_operator.py for tasks to queue
[2024-01-04T23:23:23.027+0000] {logging_mixin.py:137} INFO - [2024-01-04T23:23:23.027+0000] {dagbag.py:538} INFO - Filling up the DagBag from /home/airflow/.local/lib/python3.7/site-packages/airflow/example_dags/example_short_circuit_operator.py
[2024-01-04T23:23:23.054+0000] {processor.py:753} INFO - DAG(s) dict_keys(['example_short_circuit_operator']) retrieved from /home/airflow/.local/lib/python3.7/site-packages/airflow/example_dags/example_short_circuit_operator.py
[2024-01-04T23:23:23.096+0000] {logging_mixin.py:137} INFO - [2024-01-04T23:23:23.096+0000] {dag.py:2690} INFO - Sync 1 DAGs
[2024-01-04T23:23:23.121+0000] {logging_mixin.py:137} INFO - [2024-01-04T23:23:23.121+0000] {dag.py:3441} INFO - Setting next_dagrun for example_short_circuit_operator to 2024-01-03T23:23:23.120823+00:00, run_after=2024-01-04T23:23:23.120823+00:00
[2024-01-04T23:23:23.135+0000] {processor.py:175} INFO - Processing /home/airflow/.local/lib/python3.7/site-packages/airflow/example_dags/example_short_circuit_operator.py took 0.117 seconds
[2024-01-04T23:23:53.578+0000] {processor.py:153} INFO - Started process (PID=2097) to work on /home/airflow/.local/lib/python3.7/site-packages/airflow/example_dags/example_short_circuit_operator.py
[2024-01-04T23:23:53.581+0000] {processor.py:743} INFO - Processing file /home/airflow/.local/lib/python3.7/site-packages/airflow/example_dags/example_short_circuit_operator.py for tasks to queue
[2024-01-04T23:23:53.582+0000] {logging_mixin.py:137} INFO - [2024-01-04T23:23:53.582+0000] {dagbag.py:538} INFO - Filling up the DagBag from /home/airflow/.local/lib/python3.7/site-packages/airflow/example_dags/example_short_circuit_operator.py
[2024-01-04T23:23:53.600+0000] {processor.py:753} INFO - DAG(s) dict_keys(['example_short_circuit_operator']) retrieved from /home/airflow/.local/lib/python3.7/site-packages/airflow/example_dags/example_short_circuit_operator.py
[2024-01-04T23:23:53.623+0000] {logging_mixin.py:137} INFO - [2024-01-04T23:23:53.623+0000] {dag.py:2690} INFO - Sync 1 DAGs
[2024-01-04T23:23:53.639+0000] {logging_mixin.py:137} INFO - [2024-01-04T23:23:53.639+0000] {dag.py:3441} INFO - Setting next_dagrun for example_short_circuit_operator to 2024-01-03T23:23:53.639336+00:00, run_after=2024-01-04T23:23:53.639336+00:00
[2024-01-04T23:23:53.652+0000] {processor.py:175} INFO - Processing /home/airflow/.local/lib/python3.7/site-packages/airflow/example_dags/example_short_circuit_operator.py took 0.078 seconds
[2024-01-04T23:24:23.719+0000] {processor.py:153} INFO - Started process (PID=2171) to work on /home/airflow/.local/lib/python3.7/site-packages/airflow/example_dags/example_short_circuit_operator.py
[2024-01-04T23:24:23.722+0000] {processor.py:743} INFO - Processing file /home/airflow/.local/lib/python3.7/site-packages/airflow/example_dags/example_short_circuit_operator.py for tasks to queue
[2024-01-04T23:24:23.726+0000] {logging_mixin.py:137} INFO - [2024-01-04T23:24:23.726+0000] {dagbag.py:538} INFO - Filling up the DagBag from /home/airflow/.local/lib/python3.7/site-packages/airflow/example_dags/example_short_circuit_operator.py
[2024-01-04T23:24:23.751+0000] {processor.py:753} INFO - DAG(s) dict_keys(['example_short_circuit_operator']) retrieved from /home/airflow/.local/lib/python3.7/site-packages/airflow/example_dags/example_short_circuit_operator.py
[2024-01-04T23:24:23.782+0000] {logging_mixin.py:137} INFO - [2024-01-04T23:24:23.782+0000] {dag.py:2690} INFO - Sync 1 DAGs
[2024-01-04T23:24:23.804+0000] {logging_mixin.py:137} INFO - [2024-01-04T23:24:23.804+0000] {dag.py:3441} INFO - Setting next_dagrun for example_short_circuit_operator to 2024-01-03T23:24:23.804310+00:00, run_after=2024-01-04T23:24:23.804310+00:00
[2024-01-04T23:24:23.818+0000] {processor.py:175} INFO - Processing /home/airflow/.local/lib/python3.7/site-packages/airflow/example_dags/example_short_circuit_operator.py took 0.105 seconds
[2024-01-04T23:24:54.675+0000] {processor.py:153} INFO - Started process (PID=2244) to work on /home/airflow/.local/lib/python3.7/site-packages/airflow/example_dags/example_short_circuit_operator.py
[2024-01-04T23:24:54.677+0000] {processor.py:743} INFO - Processing file /home/airflow/.local/lib/python3.7/site-packages/airflow/example_dags/example_short_circuit_operator.py for tasks to queue
[2024-01-04T23:24:54.679+0000] {logging_mixin.py:137} INFO - [2024-01-04T23:24:54.679+0000] {dagbag.py:538} INFO - Filling up the DagBag from /home/airflow/.local/lib/python3.7/site-packages/airflow/example_dags/example_short_circuit_operator.py
[2024-01-04T23:24:54.692+0000] {processor.py:753} INFO - DAG(s) dict_keys(['example_short_circuit_operator']) retrieved from /home/airflow/.local/lib/python3.7/site-packages/airflow/example_dags/example_short_circuit_operator.py
[2024-01-04T23:24:54.733+0000] {logging_mixin.py:137} INFO - [2024-01-04T23:24:54.733+0000] {dag.py:2690} INFO - Sync 1 DAGs
[2024-01-04T23:24:54.783+0000] {logging_mixin.py:137} INFO - [2024-01-04T23:24:54.783+0000] {dag.py:3441} INFO - Setting next_dagrun for example_short_circuit_operator to 2024-01-03T23:24:54.783085+00:00, run_after=2024-01-04T23:24:54.783085+00:00
[2024-01-04T23:24:54.814+0000] {processor.py:175} INFO - Processing /home/airflow/.local/lib/python3.7/site-packages/airflow/example_dags/example_short_circuit_operator.py took 0.141 seconds
[2024-01-04T23:25:25.152+0000] {processor.py:153} INFO - Started process (PID=2311) to work on /home/airflow/.local/lib/python3.7/site-packages/airflow/example_dags/example_short_circuit_operator.py
[2024-01-04T23:25:25.155+0000] {processor.py:743} INFO - Processing file /home/airflow/.local/lib/python3.7/site-packages/airflow/example_dags/example_short_circuit_operator.py for tasks to queue
[2024-01-04T23:25:25.156+0000] {logging_mixin.py:137} INFO - [2024-01-04T23:25:25.156+0000] {dagbag.py:538} INFO - Filling up the DagBag from /home/airflow/.local/lib/python3.7/site-packages/airflow/example_dags/example_short_circuit_operator.py
[2024-01-04T23:25:25.178+0000] {processor.py:753} INFO - DAG(s) dict_keys(['example_short_circuit_operator']) retrieved from /home/airflow/.local/lib/python3.7/site-packages/airflow/example_dags/example_short_circuit_operator.py
[2024-01-04T23:25:25.204+0000] {logging_mixin.py:137} INFO - [2024-01-04T23:25:25.204+0000] {dag.py:2690} INFO - Sync 1 DAGs
[2024-01-04T23:25:25.226+0000] {logging_mixin.py:137} INFO - [2024-01-04T23:25:25.225+0000] {dag.py:3441} INFO - Setting next_dagrun for example_short_circuit_operator to 2024-01-03T23:25:25.225690+00:00, run_after=2024-01-04T23:25:25.225690+00:00
[2024-01-04T23:25:25.238+0000] {processor.py:175} INFO - Processing /home/airflow/.local/lib/python3.7/site-packages/airflow/example_dags/example_short_circuit_operator.py took 0.092 seconds
[2024-01-04T23:25:56.138+0000] {processor.py:153} INFO - Started process (PID=2386) to work on /home/airflow/.local/lib/python3.7/site-packages/airflow/example_dags/example_short_circuit_operator.py
[2024-01-04T23:25:56.142+0000] {processor.py:743} INFO - Processing file /home/airflow/.local/lib/python3.7/site-packages/airflow/example_dags/example_short_circuit_operator.py for tasks to queue
[2024-01-04T23:25:56.145+0000] {logging_mixin.py:137} INFO - [2024-01-04T23:25:56.145+0000] {dagbag.py:538} INFO - Filling up the DagBag from /home/airflow/.local/lib/python3.7/site-packages/airflow/example_dags/example_short_circuit_operator.py
[2024-01-04T23:25:56.179+0000] {processor.py:753} INFO - DAG(s) dict_keys(['example_short_circuit_operator']) retrieved from /home/airflow/.local/lib/python3.7/site-packages/airflow/example_dags/example_short_circuit_operator.py
[2024-01-04T23:25:56.255+0000] {logging_mixin.py:137} INFO - [2024-01-04T23:25:56.254+0000] {dag.py:2690} INFO - Sync 1 DAGs
[2024-01-04T23:25:56.302+0000] {logging_mixin.py:137} INFO - [2024-01-04T23:25:56.301+0000] {dag.py:3441} INFO - Setting next_dagrun for example_short_circuit_operator to 2024-01-03T23:25:56.301390+00:00, run_after=2024-01-04T23:25:56.301390+00:00
[2024-01-04T23:25:56.328+0000] {processor.py:175} INFO - Processing /home/airflow/.local/lib/python3.7/site-packages/airflow/example_dags/example_short_circuit_operator.py took 0.201 seconds
[2024-01-04T23:26:27.058+0000] {processor.py:153} INFO - Started process (PID=2448) to work on /home/airflow/.local/lib/python3.7/site-packages/airflow/example_dags/example_short_circuit_operator.py
[2024-01-04T23:26:27.061+0000] {processor.py:743} INFO - Processing file /home/airflow/.local/lib/python3.7/site-packages/airflow/example_dags/example_short_circuit_operator.py for tasks to queue
[2024-01-04T23:26:27.063+0000] {logging_mixin.py:137} INFO - [2024-01-04T23:26:27.063+0000] {dagbag.py:538} INFO - Filling up the DagBag from /home/airflow/.local/lib/python3.7/site-packages/airflow/example_dags/example_short_circuit_operator.py
[2024-01-04T23:26:27.105+0000] {processor.py:753} INFO - DAG(s) dict_keys(['example_short_circuit_operator']) retrieved from /home/airflow/.local/lib/python3.7/site-packages/airflow/example_dags/example_short_circuit_operator.py
[2024-01-04T23:26:27.149+0000] {logging_mixin.py:137} INFO - [2024-01-04T23:26:27.149+0000] {dag.py:2690} INFO - Sync 1 DAGs
[2024-01-04T23:26:27.173+0000] {logging_mixin.py:137} INFO - [2024-01-04T23:26:27.173+0000] {dag.py:3441} INFO - Setting next_dagrun for example_short_circuit_operator to 2024-01-03T23:26:27.172688+00:00, run_after=2024-01-04T23:26:27.172688+00:00
[2024-01-04T23:26:27.188+0000] {processor.py:175} INFO - Processing /home/airflow/.local/lib/python3.7/site-packages/airflow/example_dags/example_short_circuit_operator.py took 0.142 seconds
[2024-01-04T23:26:57.783+0000] {processor.py:153} INFO - Started process (PID=2523) to work on /home/airflow/.local/lib/python3.7/site-packages/airflow/example_dags/example_short_circuit_operator.py
[2024-01-04T23:26:57.786+0000] {processor.py:743} INFO - Processing file /home/airflow/.local/lib/python3.7/site-packages/airflow/example_dags/example_short_circuit_operator.py for tasks to queue
[2024-01-04T23:26:57.787+0000] {logging_mixin.py:137} INFO - [2024-01-04T23:26:57.787+0000] {dagbag.py:538} INFO - Filling up the DagBag from /home/airflow/.local/lib/python3.7/site-packages/airflow/example_dags/example_short_circuit_operator.py
[2024-01-04T23:26:57.810+0000] {processor.py:753} INFO - DAG(s) dict_keys(['example_short_circuit_operator']) retrieved from /home/airflow/.local/lib/python3.7/site-packages/airflow/example_dags/example_short_circuit_operator.py
[2024-01-04T23:26:57.852+0000] {logging_mixin.py:137} INFO - [2024-01-04T23:26:57.851+0000] {dag.py:2690} INFO - Sync 1 DAGs
[2024-01-04T23:26:57.872+0000] {logging_mixin.py:137} INFO - [2024-01-04T23:26:57.872+0000] {dag.py:3441} INFO - Setting next_dagrun for example_short_circuit_operator to 2024-01-03T23:26:57.872330+00:00, run_after=2024-01-04T23:26:57.872330+00:00
[2024-01-04T23:26:57.885+0000] {processor.py:175} INFO - Processing /home/airflow/.local/lib/python3.7/site-packages/airflow/example_dags/example_short_circuit_operator.py took 0.109 seconds
[2024-01-04T23:27:28.337+0000] {processor.py:153} INFO - Started process (PID=2586) to work on /home/airflow/.local/lib/python3.7/site-packages/airflow/example_dags/example_short_circuit_operator.py
[2024-01-04T23:27:28.338+0000] {processor.py:743} INFO - Processing file /home/airflow/.local/lib/python3.7/site-packages/airflow/example_dags/example_short_circuit_operator.py for tasks to queue
[2024-01-04T23:27:28.339+0000] {logging_mixin.py:137} INFO - [2024-01-04T23:27:28.339+0000] {dagbag.py:538} INFO - Filling up the DagBag from /home/airflow/.local/lib/python3.7/site-packages/airflow/example_dags/example_short_circuit_operator.py
[2024-01-04T23:27:28.352+0000] {processor.py:753} INFO - DAG(s) dict_keys(['example_short_circuit_operator']) retrieved from /home/airflow/.local/lib/python3.7/site-packages/airflow/example_dags/example_short_circuit_operator.py
[2024-01-04T23:27:28.373+0000] {logging_mixin.py:137} INFO - [2024-01-04T23:27:28.373+0000] {dag.py:2690} INFO - Sync 1 DAGs
[2024-01-04T23:27:28.390+0000] {logging_mixin.py:137} INFO - [2024-01-04T23:27:28.390+0000] {dag.py:3441} INFO - Setting next_dagrun for example_short_circuit_operator to 2024-01-03T23:27:28.389994+00:00, run_after=2024-01-04T23:27:28.389994+00:00
[2024-01-04T23:27:28.401+0000] {processor.py:175} INFO - Processing /home/airflow/.local/lib/python3.7/site-packages/airflow/example_dags/example_short_circuit_operator.py took 0.070 seconds
[2024-01-04T23:27:58.768+0000] {processor.py:153} INFO - Started process (PID=2662) to work on /home/airflow/.local/lib/python3.7/site-packages/airflow/example_dags/example_short_circuit_operator.py
[2024-01-04T23:27:58.769+0000] {processor.py:743} INFO - Processing file /home/airflow/.local/lib/python3.7/site-packages/airflow/example_dags/example_short_circuit_operator.py for tasks to queue
[2024-01-04T23:27:58.770+0000] {logging_mixin.py:137} INFO - [2024-01-04T23:27:58.770+0000] {dagbag.py:538} INFO - Filling up the DagBag from /home/airflow/.local/lib/python3.7/site-packages/airflow/example_dags/example_short_circuit_operator.py
[2024-01-04T23:27:58.786+0000] {processor.py:753} INFO - DAG(s) dict_keys(['example_short_circuit_operator']) retrieved from /home/airflow/.local/lib/python3.7/site-packages/airflow/example_dags/example_short_circuit_operator.py
[2024-01-04T23:27:58.813+0000] {logging_mixin.py:137} INFO - [2024-01-04T23:27:58.813+0000] {dag.py:2690} INFO - Sync 1 DAGs
[2024-01-04T23:27:58.842+0000] {logging_mixin.py:137} INFO - [2024-01-04T23:27:58.842+0000] {dag.py:3441} INFO - Setting next_dagrun for example_short_circuit_operator to 2024-01-03T23:27:58.841743+00:00, run_after=2024-01-04T23:27:58.841743+00:00
[2024-01-04T23:27:58.857+0000] {processor.py:175} INFO - Processing /home/airflow/.local/lib/python3.7/site-packages/airflow/example_dags/example_short_circuit_operator.py took 0.092 seconds
[2024-01-04T23:28:29.802+0000] {processor.py:153} INFO - Started process (PID=2738) to work on /home/airflow/.local/lib/python3.7/site-packages/airflow/example_dags/example_short_circuit_operator.py
[2024-01-04T23:28:29.804+0000] {processor.py:743} INFO - Processing file /home/airflow/.local/lib/python3.7/site-packages/airflow/example_dags/example_short_circuit_operator.py for tasks to queue
[2024-01-04T23:28:29.805+0000] {logging_mixin.py:137} INFO - [2024-01-04T23:28:29.805+0000] {dagbag.py:538} INFO - Filling up the DagBag from /home/airflow/.local/lib/python3.7/site-packages/airflow/example_dags/example_short_circuit_operator.py
[2024-01-04T23:28:29.825+0000] {processor.py:753} INFO - DAG(s) dict_keys(['example_short_circuit_operator']) retrieved from /home/airflow/.local/lib/python3.7/site-packages/airflow/example_dags/example_short_circuit_operator.py
[2024-01-04T23:28:29.848+0000] {logging_mixin.py:137} INFO - [2024-01-04T23:28:29.848+0000] {dag.py:2690} INFO - Sync 1 DAGs
[2024-01-04T23:28:29.880+0000] {logging_mixin.py:137} INFO - [2024-01-04T23:28:29.880+0000] {dag.py:3441} INFO - Setting next_dagrun for example_short_circuit_operator to 2024-01-03T23:28:29.879654+00:00, run_after=2024-01-04T23:28:29.879654+00:00
[2024-01-04T23:28:29.893+0000] {processor.py:175} INFO - Processing /home/airflow/.local/lib/python3.7/site-packages/airflow/example_dags/example_short_circuit_operator.py took 0.098 seconds
[2024-01-04T23:29:00.605+0000] {processor.py:153} INFO - Started process (PID=2802) to work on /home/airflow/.local/lib/python3.7/site-packages/airflow/example_dags/example_short_circuit_operator.py
[2024-01-04T23:29:00.607+0000] {processor.py:743} INFO - Processing file /home/airflow/.local/lib/python3.7/site-packages/airflow/example_dags/example_short_circuit_operator.py for tasks to queue
[2024-01-04T23:29:00.608+0000] {logging_mixin.py:137} INFO - [2024-01-04T23:29:00.608+0000] {dagbag.py:538} INFO - Filling up the DagBag from /home/airflow/.local/lib/python3.7/site-packages/airflow/example_dags/example_short_circuit_operator.py
[2024-01-04T23:29:00.630+0000] {processor.py:753} INFO - DAG(s) dict_keys(['example_short_circuit_operator']) retrieved from /home/airflow/.local/lib/python3.7/site-packages/airflow/example_dags/example_short_circuit_operator.py
[2024-01-04T23:29:00.667+0000] {logging_mixin.py:137} INFO - [2024-01-04T23:29:00.667+0000] {dag.py:2690} INFO - Sync 1 DAGs
[2024-01-04T23:29:00.691+0000] {logging_mixin.py:137} INFO - [2024-01-04T23:29:00.690+0000] {dag.py:3441} INFO - Setting next_dagrun for example_short_circuit_operator to 2024-01-03T23:29:00.690664+00:00, run_after=2024-01-04T23:29:00.690664+00:00
[2024-01-04T23:29:00.703+0000] {processor.py:175} INFO - Processing /home/airflow/.local/lib/python3.7/site-packages/airflow/example_dags/example_short_circuit_operator.py took 0.103 seconds
[2024-01-04T23:29:31.269+0000] {processor.py:153} INFO - Started process (PID=2876) to work on /home/airflow/.local/lib/python3.7/site-packages/airflow/example_dags/example_short_circuit_operator.py
[2024-01-04T23:29:31.271+0000] {processor.py:743} INFO - Processing file /home/airflow/.local/lib/python3.7/site-packages/airflow/example_dags/example_short_circuit_operator.py for tasks to queue
[2024-01-04T23:29:31.272+0000] {logging_mixin.py:137} INFO - [2024-01-04T23:29:31.272+0000] {dagbag.py:538} INFO - Filling up the DagBag from /home/airflow/.local/lib/python3.7/site-packages/airflow/example_dags/example_short_circuit_operator.py
[2024-01-04T23:29:31.291+0000] {processor.py:753} INFO - DAG(s) dict_keys(['example_short_circuit_operator']) retrieved from /home/airflow/.local/lib/python3.7/site-packages/airflow/example_dags/example_short_circuit_operator.py
[2024-01-04T23:29:31.314+0000] {logging_mixin.py:137} INFO - [2024-01-04T23:29:31.314+0000] {dag.py:2690} INFO - Sync 1 DAGs
[2024-01-04T23:29:31.333+0000] {logging_mixin.py:137} INFO - [2024-01-04T23:29:31.333+0000] {dag.py:3441} INFO - Setting next_dagrun for example_short_circuit_operator to 2024-01-03T23:29:31.333264+00:00, run_after=2024-01-04T23:29:31.333264+00:00
[2024-01-04T23:29:31.349+0000] {processor.py:175} INFO - Processing /home/airflow/.local/lib/python3.7/site-packages/airflow/example_dags/example_short_circuit_operator.py took 0.085 seconds
[2024-01-04T23:30:01.600+0000] {processor.py:153} INFO - Started process (PID=2947) to work on /home/airflow/.local/lib/python3.7/site-packages/airflow/example_dags/example_short_circuit_operator.py
[2024-01-04T23:30:01.601+0000] {processor.py:743} INFO - Processing file /home/airflow/.local/lib/python3.7/site-packages/airflow/example_dags/example_short_circuit_operator.py for tasks to queue
[2024-01-04T23:30:01.602+0000] {logging_mixin.py:137} INFO - [2024-01-04T23:30:01.602+0000] {dagbag.py:538} INFO - Filling up the DagBag from /home/airflow/.local/lib/python3.7/site-packages/airflow/example_dags/example_short_circuit_operator.py
[2024-01-04T23:30:01.617+0000] {processor.py:753} INFO - DAG(s) dict_keys(['example_short_circuit_operator']) retrieved from /home/airflow/.local/lib/python3.7/site-packages/airflow/example_dags/example_short_circuit_operator.py
[2024-01-04T23:30:01.641+0000] {logging_mixin.py:137} INFO - [2024-01-04T23:30:01.641+0000] {dag.py:2690} INFO - Sync 1 DAGs
[2024-01-04T23:30:01.666+0000] {logging_mixin.py:137} INFO - [2024-01-04T23:30:01.666+0000] {dag.py:3441} INFO - Setting next_dagrun for example_short_circuit_operator to 2024-01-03T23:30:01.666425+00:00, run_after=2024-01-04T23:30:01.666425+00:00
[2024-01-04T23:30:01.686+0000] {processor.py:175} INFO - Processing /home/airflow/.local/lib/python3.7/site-packages/airflow/example_dags/example_short_circuit_operator.py took 0.090 seconds
[2024-01-04T23:30:32.146+0000] {processor.py:153} INFO - Started process (PID=3013) to work on /home/airflow/.local/lib/python3.7/site-packages/airflow/example_dags/example_short_circuit_operator.py
[2024-01-04T23:30:32.148+0000] {processor.py:743} INFO - Processing file /home/airflow/.local/lib/python3.7/site-packages/airflow/example_dags/example_short_circuit_operator.py for tasks to queue
[2024-01-04T23:30:32.149+0000] {logging_mixin.py:137} INFO - [2024-01-04T23:30:32.149+0000] {dagbag.py:538} INFO - Filling up the DagBag from /home/airflow/.local/lib/python3.7/site-packages/airflow/example_dags/example_short_circuit_operator.py
[2024-01-04T23:30:32.172+0000] {processor.py:753} INFO - DAG(s) dict_keys(['example_short_circuit_operator']) retrieved from /home/airflow/.local/lib/python3.7/site-packages/airflow/example_dags/example_short_circuit_operator.py
[2024-01-04T23:30:32.196+0000] {logging_mixin.py:137} INFO - [2024-01-04T23:30:32.196+0000] {dag.py:2690} INFO - Sync 1 DAGs
[2024-01-04T23:30:32.214+0000] {logging_mixin.py:137} INFO - [2024-01-04T23:30:32.214+0000] {dag.py:3441} INFO - Setting next_dagrun for example_short_circuit_operator to 2024-01-03T23:30:32.214336+00:00, run_after=2024-01-04T23:30:32.214336+00:00
[2024-01-04T23:30:32.226+0000] {processor.py:175} INFO - Processing /home/airflow/.local/lib/python3.7/site-packages/airflow/example_dags/example_short_circuit_operator.py took 0.086 seconds
[2024-01-04T23:31:02.978+0000] {processor.py:153} INFO - Started process (PID=3089) to work on /home/airflow/.local/lib/python3.7/site-packages/airflow/example_dags/example_short_circuit_operator.py
[2024-01-04T23:31:02.981+0000] {processor.py:743} INFO - Processing file /home/airflow/.local/lib/python3.7/site-packages/airflow/example_dags/example_short_circuit_operator.py for tasks to queue
[2024-01-04T23:31:02.983+0000] {logging_mixin.py:137} INFO - [2024-01-04T23:31:02.982+0000] {dagbag.py:538} INFO - Filling up the DagBag from /home/airflow/.local/lib/python3.7/site-packages/airflow/example_dags/example_short_circuit_operator.py
[2024-01-04T23:31:03.006+0000] {processor.py:753} INFO - DAG(s) dict_keys(['example_short_circuit_operator']) retrieved from /home/airflow/.local/lib/python3.7/site-packages/airflow/example_dags/example_short_circuit_operator.py
[2024-01-04T23:31:03.037+0000] {logging_mixin.py:137} INFO - [2024-01-04T23:31:03.036+0000] {dag.py:2690} INFO - Sync 1 DAGs
[2024-01-04T23:31:03.069+0000] {logging_mixin.py:137} INFO - [2024-01-04T23:31:03.069+0000] {dag.py:3441} INFO - Setting next_dagrun for example_short_circuit_operator to 2024-01-03T23:31:03.068734+00:00, run_after=2024-01-04T23:31:03.068734+00:00
[2024-01-04T23:31:03.082+0000] {processor.py:175} INFO - Processing /home/airflow/.local/lib/python3.7/site-packages/airflow/example_dags/example_short_circuit_operator.py took 0.109 seconds
[2024-01-04T23:31:33.607+0000] {processor.py:153} INFO - Started process (PID=3152) to work on /home/airflow/.local/lib/python3.7/site-packages/airflow/example_dags/example_short_circuit_operator.py
[2024-01-04T23:31:33.610+0000] {processor.py:743} INFO - Processing file /home/airflow/.local/lib/python3.7/site-packages/airflow/example_dags/example_short_circuit_operator.py for tasks to queue
[2024-01-04T23:31:33.611+0000] {logging_mixin.py:137} INFO - [2024-01-04T23:31:33.611+0000] {dagbag.py:538} INFO - Filling up the DagBag from /home/airflow/.local/lib/python3.7/site-packages/airflow/example_dags/example_short_circuit_operator.py
[2024-01-04T23:31:33.627+0000] {processor.py:753} INFO - DAG(s) dict_keys(['example_short_circuit_operator']) retrieved from /home/airflow/.local/lib/python3.7/site-packages/airflow/example_dags/example_short_circuit_operator.py
[2024-01-04T23:31:33.652+0000] {logging_mixin.py:137} INFO - [2024-01-04T23:31:33.652+0000] {dag.py:2690} INFO - Sync 1 DAGs
[2024-01-04T23:31:33.669+0000] {logging_mixin.py:137} INFO - [2024-01-04T23:31:33.669+0000] {dag.py:3441} INFO - Setting next_dagrun for example_short_circuit_operator to 2024-01-03T23:31:33.669307+00:00, run_after=2024-01-04T23:31:33.669307+00:00
[2024-01-04T23:31:33.680+0000] {processor.py:175} INFO - Processing /home/airflow/.local/lib/python3.7/site-packages/airflow/example_dags/example_short_circuit_operator.py took 0.077 seconds
[2024-01-04T23:32:04.140+0000] {processor.py:153} INFO - Started process (PID=3227) to work on /home/airflow/.local/lib/python3.7/site-packages/airflow/example_dags/example_short_circuit_operator.py
[2024-01-04T23:32:04.144+0000] {processor.py:743} INFO - Processing file /home/airflow/.local/lib/python3.7/site-packages/airflow/example_dags/example_short_circuit_operator.py for tasks to queue
[2024-01-04T23:32:04.145+0000] {logging_mixin.py:137} INFO - [2024-01-04T23:32:04.145+0000] {dagbag.py:538} INFO - Filling up the DagBag from /home/airflow/.local/lib/python3.7/site-packages/airflow/example_dags/example_short_circuit_operator.py
[2024-01-04T23:32:04.163+0000] {processor.py:753} INFO - DAG(s) dict_keys(['example_short_circuit_operator']) retrieved from /home/airflow/.local/lib/python3.7/site-packages/airflow/example_dags/example_short_circuit_operator.py
[2024-01-04T23:32:04.188+0000] {logging_mixin.py:137} INFO - [2024-01-04T23:32:04.188+0000] {dag.py:2690} INFO - Sync 1 DAGs
[2024-01-04T23:32:04.207+0000] {logging_mixin.py:137} INFO - [2024-01-04T23:32:04.207+0000] {dag.py:3441} INFO - Setting next_dagrun for example_short_circuit_operator to 2024-01-03T23:32:04.206858+00:00, run_after=2024-01-04T23:32:04.206858+00:00
[2024-01-04T23:32:04.220+0000] {processor.py:175} INFO - Processing /home/airflow/.local/lib/python3.7/site-packages/airflow/example_dags/example_short_circuit_operator.py took 0.093 seconds
[2024-01-04T23:32:34.856+0000] {processor.py:153} INFO - Started process (PID=3290) to work on /home/airflow/.local/lib/python3.7/site-packages/airflow/example_dags/example_short_circuit_operator.py
[2024-01-04T23:32:34.860+0000] {processor.py:743} INFO - Processing file /home/airflow/.local/lib/python3.7/site-packages/airflow/example_dags/example_short_circuit_operator.py for tasks to queue
[2024-01-04T23:32:34.862+0000] {logging_mixin.py:137} INFO - [2024-01-04T23:32:34.862+0000] {dagbag.py:538} INFO - Filling up the DagBag from /home/airflow/.local/lib/python3.7/site-packages/airflow/example_dags/example_short_circuit_operator.py
[2024-01-04T23:32:34.913+0000] {processor.py:753} INFO - DAG(s) dict_keys(['example_short_circuit_operator']) retrieved from /home/airflow/.local/lib/python3.7/site-packages/airflow/example_dags/example_short_circuit_operator.py
[2024-01-04T23:32:34.945+0000] {logging_mixin.py:137} INFO - [2024-01-04T23:32:34.945+0000] {dag.py:2690} INFO - Sync 1 DAGs
[2024-01-04T23:32:34.986+0000] {logging_mixin.py:137} INFO - [2024-01-04T23:32:34.986+0000] {dag.py:3441} INFO - Setting next_dagrun for example_short_circuit_operator to 2024-01-03T23:32:34.985642+00:00, run_after=2024-01-04T23:32:34.985642+00:00
[2024-01-04T23:32:35.001+0000] {processor.py:175} INFO - Processing /home/airflow/.local/lib/python3.7/site-packages/airflow/example_dags/example_short_circuit_operator.py took 0.152 seconds
[2024-01-04T23:33:05.938+0000] {processor.py:153} INFO - Started process (PID=3365) to work on /home/airflow/.local/lib/python3.7/site-packages/airflow/example_dags/example_short_circuit_operator.py
[2024-01-04T23:33:05.940+0000] {processor.py:743} INFO - Processing file /home/airflow/.local/lib/python3.7/site-packages/airflow/example_dags/example_short_circuit_operator.py for tasks to queue
[2024-01-04T23:33:05.941+0000] {logging_mixin.py:137} INFO - [2024-01-04T23:33:05.941+0000] {dagbag.py:538} INFO - Filling up the DagBag from /home/airflow/.local/lib/python3.7/site-packages/airflow/example_dags/example_short_circuit_operator.py
[2024-01-04T23:33:05.962+0000] {processor.py:753} INFO - DAG(s) dict_keys(['example_short_circuit_operator']) retrieved from /home/airflow/.local/lib/python3.7/site-packages/airflow/example_dags/example_short_circuit_operator.py
[2024-01-04T23:33:05.985+0000] {logging_mixin.py:137} INFO - [2024-01-04T23:33:05.984+0000] {dag.py:2690} INFO - Sync 1 DAGs
[2024-01-04T23:33:06.002+0000] {logging_mixin.py:137} INFO - [2024-01-04T23:33:06.002+0000] {dag.py:3441} INFO - Setting next_dagrun for example_short_circuit_operator to 2024-01-03T23:33:06.002138+00:00, run_after=2024-01-04T23:33:06.002138+00:00
[2024-01-04T23:33:06.014+0000] {processor.py:175} INFO - Processing /home/airflow/.local/lib/python3.7/site-packages/airflow/example_dags/example_short_circuit_operator.py took 0.080 seconds
[2024-01-04T23:33:36.600+0000] {processor.py:153} INFO - Started process (PID=3427) to work on /home/airflow/.local/lib/python3.7/site-packages/airflow/example_dags/example_short_circuit_operator.py
[2024-01-04T23:33:36.602+0000] {processor.py:743} INFO - Processing file /home/airflow/.local/lib/python3.7/site-packages/airflow/example_dags/example_short_circuit_operator.py for tasks to queue
[2024-01-04T23:33:36.603+0000] {logging_mixin.py:137} INFO - [2024-01-04T23:33:36.603+0000] {dagbag.py:538} INFO - Filling up the DagBag from /home/airflow/.local/lib/python3.7/site-packages/airflow/example_dags/example_short_circuit_operator.py
[2024-01-04T23:33:36.624+0000] {processor.py:753} INFO - DAG(s) dict_keys(['example_short_circuit_operator']) retrieved from /home/airflow/.local/lib/python3.7/site-packages/airflow/example_dags/example_short_circuit_operator.py
[2024-01-04T23:33:36.685+0000] {logging_mixin.py:137} INFO - [2024-01-04T23:33:36.685+0000] {dag.py:2690} INFO - Sync 1 DAGs
[2024-01-04T23:33:36.716+0000] {logging_mixin.py:137} INFO - [2024-01-04T23:33:36.716+0000] {dag.py:3441} INFO - Setting next_dagrun for example_short_circuit_operator to 2024-01-03T23:33:36.716200+00:00, run_after=2024-01-04T23:33:36.716200+00:00
[2024-01-04T23:33:36.732+0000] {processor.py:175} INFO - Processing /home/airflow/.local/lib/python3.7/site-packages/airflow/example_dags/example_short_circuit_operator.py took 0.136 seconds
[2024-01-04T23:34:07.519+0000] {processor.py:153} INFO - Started process (PID=3503) to work on /home/airflow/.local/lib/python3.7/site-packages/airflow/example_dags/example_short_circuit_operator.py
[2024-01-04T23:34:07.521+0000] {processor.py:743} INFO - Processing file /home/airflow/.local/lib/python3.7/site-packages/airflow/example_dags/example_short_circuit_operator.py for tasks to queue
[2024-01-04T23:34:07.523+0000] {logging_mixin.py:137} INFO - [2024-01-04T23:34:07.522+0000] {dagbag.py:538} INFO - Filling up the DagBag from /home/airflow/.local/lib/python3.7/site-packages/airflow/example_dags/example_short_circuit_operator.py
[2024-01-04T23:34:07.541+0000] {processor.py:753} INFO - DAG(s) dict_keys(['example_short_circuit_operator']) retrieved from /home/airflow/.local/lib/python3.7/site-packages/airflow/example_dags/example_short_circuit_operator.py
[2024-01-04T23:34:07.565+0000] {logging_mixin.py:137} INFO - [2024-01-04T23:34:07.565+0000] {dag.py:2690} INFO - Sync 1 DAGs
[2024-01-04T23:34:07.582+0000] {logging_mixin.py:137} INFO - [2024-01-04T23:34:07.582+0000] {dag.py:3441} INFO - Setting next_dagrun for example_short_circuit_operator to 2024-01-03T23:34:07.582526+00:00, run_after=2024-01-04T23:34:07.582526+00:00
[2024-01-04T23:34:07.594+0000] {processor.py:175} INFO - Processing /home/airflow/.local/lib/python3.7/site-packages/airflow/example_dags/example_short_circuit_operator.py took 0.082 seconds
[2024-01-04T23:34:38.241+0000] {processor.py:153} INFO - Started process (PID=3578) to work on /home/airflow/.local/lib/python3.7/site-packages/airflow/example_dags/example_short_circuit_operator.py
[2024-01-04T23:34:38.243+0000] {processor.py:743} INFO - Processing file /home/airflow/.local/lib/python3.7/site-packages/airflow/example_dags/example_short_circuit_operator.py for tasks to queue
[2024-01-04T23:34:38.244+0000] {logging_mixin.py:137} INFO - [2024-01-04T23:34:38.244+0000] {dagbag.py:538} INFO - Filling up the DagBag from /home/airflow/.local/lib/python3.7/site-packages/airflow/example_dags/example_short_circuit_operator.py
[2024-01-04T23:34:38.269+0000] {processor.py:753} INFO - DAG(s) dict_keys(['example_short_circuit_operator']) retrieved from /home/airflow/.local/lib/python3.7/site-packages/airflow/example_dags/example_short_circuit_operator.py
[2024-01-04T23:34:38.297+0000] {logging_mixin.py:137} INFO - [2024-01-04T23:34:38.297+0000] {dag.py:2690} INFO - Sync 1 DAGs
[2024-01-04T23:34:38.316+0000] {logging_mixin.py:137} INFO - [2024-01-04T23:34:38.316+0000] {dag.py:3441} INFO - Setting next_dagrun for example_short_circuit_operator to 2024-01-03T23:34:38.316553+00:00, run_after=2024-01-04T23:34:38.316553+00:00
[2024-01-04T23:34:38.329+0000] {processor.py:175} INFO - Processing /home/airflow/.local/lib/python3.7/site-packages/airflow/example_dags/example_short_circuit_operator.py took 0.094 seconds
[2024-01-04T23:35:08.937+0000] {processor.py:153} INFO - Started process (PID=3641) to work on /home/airflow/.local/lib/python3.7/site-packages/airflow/example_dags/example_short_circuit_operator.py
[2024-01-04T23:35:08.943+0000] {processor.py:743} INFO - Processing file /home/airflow/.local/lib/python3.7/site-packages/airflow/example_dags/example_short_circuit_operator.py for tasks to queue
[2024-01-04T23:35:08.945+0000] {logging_mixin.py:137} INFO - [2024-01-04T23:35:08.945+0000] {dagbag.py:538} INFO - Filling up the DagBag from /home/airflow/.local/lib/python3.7/site-packages/airflow/example_dags/example_short_circuit_operator.py
[2024-01-04T23:35:09.004+0000] {processor.py:753} INFO - DAG(s) dict_keys(['example_short_circuit_operator']) retrieved from /home/airflow/.local/lib/python3.7/site-packages/airflow/example_dags/example_short_circuit_operator.py
[2024-01-04T23:35:09.063+0000] {logging_mixin.py:137} INFO - [2024-01-04T23:35:09.062+0000] {dag.py:2690} INFO - Sync 1 DAGs
[2024-01-04T23:35:09.089+0000] {logging_mixin.py:137} INFO - [2024-01-04T23:35:09.089+0000] {dag.py:3441} INFO - Setting next_dagrun for example_short_circuit_operator to 2024-01-03T23:35:09.089274+00:00, run_after=2024-01-04T23:35:09.089274+00:00
[2024-01-04T23:35:09.121+0000] {processor.py:175} INFO - Processing /home/airflow/.local/lib/python3.7/site-packages/airflow/example_dags/example_short_circuit_operator.py took 0.198 seconds
[2024-01-04T23:35:39.585+0000] {processor.py:153} INFO - Started process (PID=3716) to work on /home/airflow/.local/lib/python3.7/site-packages/airflow/example_dags/example_short_circuit_operator.py
[2024-01-04T23:35:39.587+0000] {processor.py:743} INFO - Processing file /home/airflow/.local/lib/python3.7/site-packages/airflow/example_dags/example_short_circuit_operator.py for tasks to queue
[2024-01-04T23:35:39.590+0000] {logging_mixin.py:137} INFO - [2024-01-04T23:35:39.589+0000] {dagbag.py:538} INFO - Filling up the DagBag from /home/airflow/.local/lib/python3.7/site-packages/airflow/example_dags/example_short_circuit_operator.py
[2024-01-04T23:35:39.617+0000] {processor.py:753} INFO - DAG(s) dict_keys(['example_short_circuit_operator']) retrieved from /home/airflow/.local/lib/python3.7/site-packages/airflow/example_dags/example_short_circuit_operator.py
[2024-01-04T23:35:39.677+0000] {logging_mixin.py:137} INFO - [2024-01-04T23:35:39.676+0000] {dag.py:2690} INFO - Sync 1 DAGs
[2024-01-04T23:35:39.700+0000] {logging_mixin.py:137} INFO - [2024-01-04T23:35:39.700+0000] {dag.py:3441} INFO - Setting next_dagrun for example_short_circuit_operator to 2024-01-03T23:35:39.700164+00:00, run_after=2024-01-04T23:35:39.700164+00:00
[2024-01-04T23:35:39.729+0000] {processor.py:175} INFO - Processing /home/airflow/.local/lib/python3.7/site-packages/airflow/example_dags/example_short_circuit_operator.py took 0.156 seconds
[2024-01-04T23:36:10.570+0000] {processor.py:153} INFO - Started process (PID=3778) to work on /home/airflow/.local/lib/python3.7/site-packages/airflow/example_dags/example_short_circuit_operator.py
[2024-01-04T23:36:10.573+0000] {processor.py:743} INFO - Processing file /home/airflow/.local/lib/python3.7/site-packages/airflow/example_dags/example_short_circuit_operator.py for tasks to queue
[2024-01-04T23:36:10.575+0000] {logging_mixin.py:137} INFO - [2024-01-04T23:36:10.574+0000] {dagbag.py:538} INFO - Filling up the DagBag from /home/airflow/.local/lib/python3.7/site-packages/airflow/example_dags/example_short_circuit_operator.py
[2024-01-04T23:36:10.631+0000] {processor.py:753} INFO - DAG(s) dict_keys(['example_short_circuit_operator']) retrieved from /home/airflow/.local/lib/python3.7/site-packages/airflow/example_dags/example_short_circuit_operator.py
[2024-01-04T23:36:10.690+0000] {logging_mixin.py:137} INFO - [2024-01-04T23:36:10.690+0000] {dag.py:2690} INFO - Sync 1 DAGs
[2024-01-04T23:36:10.716+0000] {logging_mixin.py:137} INFO - [2024-01-04T23:36:10.716+0000] {dag.py:3441} INFO - Setting next_dagrun for example_short_circuit_operator to 2024-01-03T23:36:10.715833+00:00, run_after=2024-01-04T23:36:10.715833+00:00
[2024-01-04T23:36:10.751+0000] {processor.py:175} INFO - Processing /home/airflow/.local/lib/python3.7/site-packages/airflow/example_dags/example_short_circuit_operator.py took 0.191 seconds
[2024-01-04T23:36:41.726+0000] {processor.py:153} INFO - Started process (PID=3853) to work on /home/airflow/.local/lib/python3.7/site-packages/airflow/example_dags/example_short_circuit_operator.py
[2024-01-04T23:36:41.729+0000] {processor.py:743} INFO - Processing file /home/airflow/.local/lib/python3.7/site-packages/airflow/example_dags/example_short_circuit_operator.py for tasks to queue
[2024-01-04T23:36:41.732+0000] {logging_mixin.py:137} INFO - [2024-01-04T23:36:41.731+0000] {dagbag.py:538} INFO - Filling up the DagBag from /home/airflow/.local/lib/python3.7/site-packages/airflow/example_dags/example_short_circuit_operator.py
[2024-01-04T23:36:41.792+0000] {processor.py:753} INFO - DAG(s) dict_keys(['example_short_circuit_operator']) retrieved from /home/airflow/.local/lib/python3.7/site-packages/airflow/example_dags/example_short_circuit_operator.py
[2024-01-04T23:36:41.845+0000] {logging_mixin.py:137} INFO - [2024-01-04T23:36:41.844+0000] {dag.py:2690} INFO - Sync 1 DAGs
[2024-01-04T23:36:41.875+0000] {logging_mixin.py:137} INFO - [2024-01-04T23:36:41.875+0000] {dag.py:3441} INFO - Setting next_dagrun for example_short_circuit_operator to 2024-01-03T23:36:41.875114+00:00, run_after=2024-01-04T23:36:41.875114+00:00
[2024-01-04T23:36:41.895+0000] {processor.py:175} INFO - Processing /home/airflow/.local/lib/python3.7/site-packages/airflow/example_dags/example_short_circuit_operator.py took 0.189 seconds
[2024-01-04T23:37:12.116+0000] {processor.py:153} INFO - Started process (PID=3928) to work on /home/airflow/.local/lib/python3.7/site-packages/airflow/example_dags/example_short_circuit_operator.py
[2024-01-04T23:37:12.119+0000] {processor.py:743} INFO - Processing file /home/airflow/.local/lib/python3.7/site-packages/airflow/example_dags/example_short_circuit_operator.py for tasks to queue
[2024-01-04T23:37:12.120+0000] {logging_mixin.py:137} INFO - [2024-01-04T23:37:12.120+0000] {dagbag.py:538} INFO - Filling up the DagBag from /home/airflow/.local/lib/python3.7/site-packages/airflow/example_dags/example_short_circuit_operator.py
[2024-01-04T23:37:12.144+0000] {processor.py:753} INFO - DAG(s) dict_keys(['example_short_circuit_operator']) retrieved from /home/airflow/.local/lib/python3.7/site-packages/airflow/example_dags/example_short_circuit_operator.py
[2024-01-04T23:37:12.176+0000] {logging_mixin.py:137} INFO - [2024-01-04T23:37:12.176+0000] {dag.py:2690} INFO - Sync 1 DAGs
[2024-01-04T23:37:12.208+0000] {logging_mixin.py:137} INFO - [2024-01-04T23:37:12.208+0000] {dag.py:3441} INFO - Setting next_dagrun for example_short_circuit_operator to 2024-01-03T23:37:12.207956+00:00, run_after=2024-01-04T23:37:12.207956+00:00
[2024-01-04T23:37:12.225+0000] {processor.py:175} INFO - Processing /home/airflow/.local/lib/python3.7/site-packages/airflow/example_dags/example_short_circuit_operator.py took 0.118 seconds
[2024-01-04T23:37:42.717+0000] {processor.py:153} INFO - Started process (PID=3990) to work on /home/airflow/.local/lib/python3.7/site-packages/airflow/example_dags/example_short_circuit_operator.py
[2024-01-04T23:37:42.718+0000] {processor.py:743} INFO - Processing file /home/airflow/.local/lib/python3.7/site-packages/airflow/example_dags/example_short_circuit_operator.py for tasks to queue
[2024-01-04T23:37:42.719+0000] {logging_mixin.py:137} INFO - [2024-01-04T23:37:42.719+0000] {dagbag.py:538} INFO - Filling up the DagBag from /home/airflow/.local/lib/python3.7/site-packages/airflow/example_dags/example_short_circuit_operator.py
[2024-01-04T23:37:42.738+0000] {processor.py:753} INFO - DAG(s) dict_keys(['example_short_circuit_operator']) retrieved from /home/airflow/.local/lib/python3.7/site-packages/airflow/example_dags/example_short_circuit_operator.py
[2024-01-04T23:37:42.761+0000] {logging_mixin.py:137} INFO - [2024-01-04T23:37:42.761+0000] {dag.py:2690} INFO - Sync 1 DAGs
[2024-01-04T23:37:42.778+0000] {logging_mixin.py:137} INFO - [2024-01-04T23:37:42.778+0000] {dag.py:3441} INFO - Setting next_dagrun for example_short_circuit_operator to 2024-01-03T23:37:42.778453+00:00, run_after=2024-01-04T23:37:42.778453+00:00
[2024-01-04T23:37:42.790+0000] {processor.py:175} INFO - Processing /home/airflow/.local/lib/python3.7/site-packages/airflow/example_dags/example_short_circuit_operator.py took 0.078 seconds
[2024-01-04T23:38:13.397+0000] {processor.py:153} INFO - Started process (PID=4065) to work on /home/airflow/.local/lib/python3.7/site-packages/airflow/example_dags/example_short_circuit_operator.py
[2024-01-04T23:38:13.399+0000] {processor.py:743} INFO - Processing file /home/airflow/.local/lib/python3.7/site-packages/airflow/example_dags/example_short_circuit_operator.py for tasks to queue
[2024-01-04T23:38:13.400+0000] {logging_mixin.py:137} INFO - [2024-01-04T23:38:13.400+0000] {dagbag.py:538} INFO - Filling up the DagBag from /home/airflow/.local/lib/python3.7/site-packages/airflow/example_dags/example_short_circuit_operator.py
[2024-01-04T23:38:13.419+0000] {processor.py:753} INFO - DAG(s) dict_keys(['example_short_circuit_operator']) retrieved from /home/airflow/.local/lib/python3.7/site-packages/airflow/example_dags/example_short_circuit_operator.py
[2024-01-04T23:38:13.442+0000] {logging_mixin.py:137} INFO - [2024-01-04T23:38:13.442+0000] {dag.py:2690} INFO - Sync 1 DAGs
[2024-01-04T23:38:13.459+0000] {logging_mixin.py:137} INFO - [2024-01-04T23:38:13.458+0000] {dag.py:3441} INFO - Setting next_dagrun for example_short_circuit_operator to 2024-01-03T23:38:13.458726+00:00, run_after=2024-01-04T23:38:13.458726+00:00
[2024-01-04T23:38:13.471+0000] {processor.py:175} INFO - Processing /home/airflow/.local/lib/python3.7/site-packages/airflow/example_dags/example_short_circuit_operator.py took 0.081 seconds
[2024-01-04T23:38:44.029+0000] {processor.py:153} INFO - Started process (PID=4128) to work on /home/airflow/.local/lib/python3.7/site-packages/airflow/example_dags/example_short_circuit_operator.py
[2024-01-04T23:38:44.031+0000] {processor.py:743} INFO - Processing file /home/airflow/.local/lib/python3.7/site-packages/airflow/example_dags/example_short_circuit_operator.py for tasks to queue
[2024-01-04T23:38:44.032+0000] {logging_mixin.py:137} INFO - [2024-01-04T23:38:44.032+0000] {dagbag.py:538} INFO - Filling up the DagBag from /home/airflow/.local/lib/python3.7/site-packages/airflow/example_dags/example_short_circuit_operator.py
[2024-01-04T23:38:44.055+0000] {processor.py:753} INFO - DAG(s) dict_keys(['example_short_circuit_operator']) retrieved from /home/airflow/.local/lib/python3.7/site-packages/airflow/example_dags/example_short_circuit_operator.py
[2024-01-04T23:38:44.081+0000] {logging_mixin.py:137} INFO - [2024-01-04T23:38:44.081+0000] {dag.py:2690} INFO - Sync 1 DAGs
[2024-01-04T23:38:44.103+0000] {logging_mixin.py:137} INFO - [2024-01-04T23:38:44.103+0000] {dag.py:3441} INFO - Setting next_dagrun for example_short_circuit_operator to 2024-01-03T23:38:44.103307+00:00, run_after=2024-01-04T23:38:44.103307+00:00
[2024-01-04T23:38:44.117+0000] {processor.py:175} INFO - Processing /home/airflow/.local/lib/python3.7/site-packages/airflow/example_dags/example_short_circuit_operator.py took 0.095 seconds
[2024-01-04T23:39:14.938+0000] {processor.py:153} INFO - Started process (PID=4203) to work on /home/airflow/.local/lib/python3.7/site-packages/airflow/example_dags/example_short_circuit_operator.py
[2024-01-04T23:39:14.940+0000] {processor.py:743} INFO - Processing file /home/airflow/.local/lib/python3.7/site-packages/airflow/example_dags/example_short_circuit_operator.py for tasks to queue
[2024-01-04T23:39:14.941+0000] {logging_mixin.py:137} INFO - [2024-01-04T23:39:14.941+0000] {dagbag.py:538} INFO - Filling up the DagBag from /home/airflow/.local/lib/python3.7/site-packages/airflow/example_dags/example_short_circuit_operator.py
[2024-01-04T23:39:14.965+0000] {processor.py:753} INFO - DAG(s) dict_keys(['example_short_circuit_operator']) retrieved from /home/airflow/.local/lib/python3.7/site-packages/airflow/example_dags/example_short_circuit_operator.py
[2024-01-04T23:39:14.990+0000] {logging_mixin.py:137} INFO - [2024-01-04T23:39:14.990+0000] {dag.py:2690} INFO - Sync 1 DAGs
[2024-01-04T23:39:15.008+0000] {logging_mixin.py:137} INFO - [2024-01-04T23:39:15.008+0000] {dag.py:3441} INFO - Setting next_dagrun for example_short_circuit_operator to 2024-01-03T23:39:15.008660+00:00, run_after=2024-01-04T23:39:15.008660+00:00
[2024-01-04T23:39:15.021+0000] {processor.py:175} INFO - Processing /home/airflow/.local/lib/python3.7/site-packages/airflow/example_dags/example_short_circuit_operator.py took 0.087 seconds
[2024-01-04T23:56:22.299+0000] {processor.py:153} INFO - Started process (PID=4254) to work on /home/airflow/.local/lib/python3.7/site-packages/airflow/example_dags/example_short_circuit_operator.py
[2024-01-04T23:56:22.300+0000] {processor.py:743} INFO - Processing file /home/airflow/.local/lib/python3.7/site-packages/airflow/example_dags/example_short_circuit_operator.py for tasks to queue
[2024-01-04T23:56:22.301+0000] {logging_mixin.py:137} INFO - [2024-01-04T23:56:22.301+0000] {dagbag.py:538} INFO - Filling up the DagBag from /home/airflow/.local/lib/python3.7/site-packages/airflow/example_dags/example_short_circuit_operator.py
[2024-01-04T23:56:22.313+0000] {processor.py:753} INFO - DAG(s) dict_keys(['example_short_circuit_operator']) retrieved from /home/airflow/.local/lib/python3.7/site-packages/airflow/example_dags/example_short_circuit_operator.py
[2024-01-04T23:56:22.344+0000] {logging_mixin.py:137} INFO - [2024-01-04T23:56:22.344+0000] {dag.py:2690} INFO - Sync 1 DAGs
[2024-01-04T23:56:22.378+0000] {logging_mixin.py:137} INFO - [2024-01-04T23:56:22.378+0000] {dag.py:3441} INFO - Setting next_dagrun for example_short_circuit_operator to 2024-01-03T23:56:22.378037+00:00, run_after=2024-01-04T23:56:22.378037+00:00
[2024-01-04T23:56:22.392+0000] {processor.py:175} INFO - Processing /home/airflow/.local/lib/python3.7/site-packages/airflow/example_dags/example_short_circuit_operator.py took 0.096 seconds
