[2024-01-04T23:09:05.464+0000] {processor.py:153} INFO - Started process (PID=60) to work on /home/airflow/.local/lib/python3.7/site-packages/airflow/example_dags/example_sensors.py
[2024-01-04T23:09:05.467+0000] {processor.py:743} INFO - Processing file /home/airflow/.local/lib/python3.7/site-packages/airflow/example_dags/example_sensors.py for tasks to queue
[2024-01-04T23:09:05.468+0000] {logging_mixin.py:137} INFO - [2024-01-04T23:09:05.468+0000] {dagbag.py:538} INFO - Filling up the DagBag from /home/airflow/.local/lib/python3.7/site-packages/airflow/example_dags/example_sensors.py
[2024-01-04T23:09:05.603+0000] {processor.py:753} INFO - DAG(s) dict_keys(['example_sensors']) retrieved from /home/airflow/.local/lib/python3.7/site-packages/airflow/example_dags/example_sensors.py
[2024-01-04T23:09:05.937+0000] {logging_mixin.py:137} INFO - [2024-01-04T23:09:05.936+0000] {manager.py:504} INFO - Created Permission View: can delete on DAG:example_sensors
[2024-01-04T23:09:05.956+0000] {logging_mixin.py:137} INFO - [2024-01-04T23:09:05.955+0000] {manager.py:504} INFO - Created Permission View: can edit on DAG:example_sensors
[2024-01-04T23:09:05.976+0000] {logging_mixin.py:137} INFO - [2024-01-04T23:09:05.976+0000] {manager.py:504} INFO - Created Permission View: can read on DAG:example_sensors
[2024-01-04T23:09:05.978+0000] {logging_mixin.py:137} INFO - [2024-01-04T23:09:05.978+0000] {dag.py:2690} INFO - Sync 1 DAGs
[2024-01-04T23:09:06.012+0000] {logging_mixin.py:137} INFO - [2024-01-04T23:09:06.012+0000] {dag.py:2711} INFO - Creating ORM DAG for example_sensors
[2024-01-04T23:09:06.051+0000] {logging_mixin.py:137} INFO - [2024-01-04T23:09:06.050+0000] {dag.py:3441} INFO - Setting next_dagrun for example_sensors to None, run_after=None
[2024-01-04T23:09:06.406+0000] {processor.py:175} INFO - Processing /home/airflow/.local/lib/python3.7/site-packages/airflow/example_dags/example_sensors.py took 0.948 seconds
[2024-01-04T23:09:37.180+0000] {processor.py:153} INFO - Started process (PID=136) to work on /home/airflow/.local/lib/python3.7/site-packages/airflow/example_dags/example_sensors.py
[2024-01-04T23:09:37.182+0000] {processor.py:743} INFO - Processing file /home/airflow/.local/lib/python3.7/site-packages/airflow/example_dags/example_sensors.py for tasks to queue
[2024-01-04T23:09:37.183+0000] {logging_mixin.py:137} INFO - [2024-01-04T23:09:37.183+0000] {dagbag.py:538} INFO - Filling up the DagBag from /home/airflow/.local/lib/python3.7/site-packages/airflow/example_dags/example_sensors.py
[2024-01-04T23:09:37.206+0000] {processor.py:753} INFO - DAG(s) dict_keys(['example_sensors']) retrieved from /home/airflow/.local/lib/python3.7/site-packages/airflow/example_dags/example_sensors.py
[2024-01-04T23:09:37.227+0000] {logging_mixin.py:137} INFO - [2024-01-04T23:09:37.227+0000] {dag.py:2690} INFO - Sync 1 DAGs
[2024-01-04T23:09:37.244+0000] {logging_mixin.py:137} INFO - [2024-01-04T23:09:37.244+0000] {dag.py:3441} INFO - Setting next_dagrun for example_sensors to None, run_after=None
[2024-01-04T23:09:37.256+0000] {processor.py:175} INFO - Processing /home/airflow/.local/lib/python3.7/site-packages/airflow/example_dags/example_sensors.py took 0.081 seconds
[2024-01-04T23:10:07.536+0000] {processor.py:153} INFO - Started process (PID=199) to work on /home/airflow/.local/lib/python3.7/site-packages/airflow/example_dags/example_sensors.py
[2024-01-04T23:10:07.538+0000] {processor.py:743} INFO - Processing file /home/airflow/.local/lib/python3.7/site-packages/airflow/example_dags/example_sensors.py for tasks to queue
[2024-01-04T23:10:07.539+0000] {logging_mixin.py:137} INFO - [2024-01-04T23:10:07.539+0000] {dagbag.py:538} INFO - Filling up the DagBag from /home/airflow/.local/lib/python3.7/site-packages/airflow/example_dags/example_sensors.py
[2024-01-04T23:10:07.559+0000] {processor.py:753} INFO - DAG(s) dict_keys(['example_sensors']) retrieved from /home/airflow/.local/lib/python3.7/site-packages/airflow/example_dags/example_sensors.py
[2024-01-04T23:10:07.581+0000] {logging_mixin.py:137} INFO - [2024-01-04T23:10:07.580+0000] {dag.py:2690} INFO - Sync 1 DAGs
[2024-01-04T23:10:07.598+0000] {logging_mixin.py:137} INFO - [2024-01-04T23:10:07.598+0000] {dag.py:3441} INFO - Setting next_dagrun for example_sensors to None, run_after=None
[2024-01-04T23:10:07.610+0000] {processor.py:175} INFO - Processing /home/airflow/.local/lib/python3.7/site-packages/airflow/example_dags/example_sensors.py took 0.078 seconds
[2024-01-04T23:10:37.992+0000] {processor.py:153} INFO - Started process (PID=273) to work on /home/airflow/.local/lib/python3.7/site-packages/airflow/example_dags/example_sensors.py
[2024-01-04T23:10:37.994+0000] {processor.py:743} INFO - Processing file /home/airflow/.local/lib/python3.7/site-packages/airflow/example_dags/example_sensors.py for tasks to queue
[2024-01-04T23:10:37.995+0000] {logging_mixin.py:137} INFO - [2024-01-04T23:10:37.995+0000] {dagbag.py:538} INFO - Filling up the DagBag from /home/airflow/.local/lib/python3.7/site-packages/airflow/example_dags/example_sensors.py
[2024-01-04T23:10:38.014+0000] {processor.py:753} INFO - DAG(s) dict_keys(['example_sensors']) retrieved from /home/airflow/.local/lib/python3.7/site-packages/airflow/example_dags/example_sensors.py
[2024-01-04T23:10:38.035+0000] {logging_mixin.py:137} INFO - [2024-01-04T23:10:38.035+0000] {dag.py:2690} INFO - Sync 1 DAGs
[2024-01-04T23:10:38.052+0000] {logging_mixin.py:137} INFO - [2024-01-04T23:10:38.051+0000] {dag.py:3441} INFO - Setting next_dagrun for example_sensors to None, run_after=None
[2024-01-04T23:10:38.065+0000] {processor.py:175} INFO - Processing /home/airflow/.local/lib/python3.7/site-packages/airflow/example_dags/example_sensors.py took 0.077 seconds
[2024-01-04T23:11:08.217+0000] {processor.py:153} INFO - Started process (PID=346) to work on /home/airflow/.local/lib/python3.7/site-packages/airflow/example_dags/example_sensors.py
[2024-01-04T23:11:08.219+0000] {processor.py:743} INFO - Processing file /home/airflow/.local/lib/python3.7/site-packages/airflow/example_dags/example_sensors.py for tasks to queue
[2024-01-04T23:11:08.220+0000] {logging_mixin.py:137} INFO - [2024-01-04T23:11:08.220+0000] {dagbag.py:538} INFO - Filling up the DagBag from /home/airflow/.local/lib/python3.7/site-packages/airflow/example_dags/example_sensors.py
[2024-01-04T23:11:08.249+0000] {processor.py:753} INFO - DAG(s) dict_keys(['example_sensors']) retrieved from /home/airflow/.local/lib/python3.7/site-packages/airflow/example_dags/example_sensors.py
[2024-01-04T23:11:08.300+0000] {logging_mixin.py:137} INFO - [2024-01-04T23:11:08.300+0000] {dag.py:2690} INFO - Sync 1 DAGs
[2024-01-04T23:11:08.317+0000] {logging_mixin.py:137} INFO - [2024-01-04T23:11:08.317+0000] {dag.py:3441} INFO - Setting next_dagrun for example_sensors to None, run_after=None
[2024-01-04T23:11:08.332+0000] {processor.py:175} INFO - Processing /home/airflow/.local/lib/python3.7/site-packages/airflow/example_dags/example_sensors.py took 0.118 seconds
[2024-01-04T23:11:38.978+0000] {processor.py:153} INFO - Started process (PID=412) to work on /home/airflow/.local/lib/python3.7/site-packages/airflow/example_dags/example_sensors.py
[2024-01-04T23:11:38.979+0000] {processor.py:743} INFO - Processing file /home/airflow/.local/lib/python3.7/site-packages/airflow/example_dags/example_sensors.py for tasks to queue
[2024-01-04T23:11:38.980+0000] {logging_mixin.py:137} INFO - [2024-01-04T23:11:38.980+0000] {dagbag.py:538} INFO - Filling up the DagBag from /home/airflow/.local/lib/python3.7/site-packages/airflow/example_dags/example_sensors.py
[2024-01-04T23:11:39.012+0000] {processor.py:753} INFO - DAG(s) dict_keys(['example_sensors']) retrieved from /home/airflow/.local/lib/python3.7/site-packages/airflow/example_dags/example_sensors.py
[2024-01-04T23:11:39.039+0000] {logging_mixin.py:137} INFO - [2024-01-04T23:11:39.039+0000] {dag.py:2690} INFO - Sync 1 DAGs
[2024-01-04T23:11:39.068+0000] {logging_mixin.py:137} INFO - [2024-01-04T23:11:39.068+0000] {dag.py:3441} INFO - Setting next_dagrun for example_sensors to None, run_after=None
[2024-01-04T23:11:39.083+0000] {processor.py:175} INFO - Processing /home/airflow/.local/lib/python3.7/site-packages/airflow/example_dags/example_sensors.py took 0.110 seconds
[2024-01-04T23:12:09.400+0000] {processor.py:153} INFO - Started process (PID=487) to work on /home/airflow/.local/lib/python3.7/site-packages/airflow/example_dags/example_sensors.py
[2024-01-04T23:12:09.401+0000] {processor.py:743} INFO - Processing file /home/airflow/.local/lib/python3.7/site-packages/airflow/example_dags/example_sensors.py for tasks to queue
[2024-01-04T23:12:09.403+0000] {logging_mixin.py:137} INFO - [2024-01-04T23:12:09.403+0000] {dagbag.py:538} INFO - Filling up the DagBag from /home/airflow/.local/lib/python3.7/site-packages/airflow/example_dags/example_sensors.py
[2024-01-04T23:12:09.436+0000] {processor.py:753} INFO - DAG(s) dict_keys(['example_sensors']) retrieved from /home/airflow/.local/lib/python3.7/site-packages/airflow/example_dags/example_sensors.py
[2024-01-04T23:12:09.474+0000] {logging_mixin.py:137} INFO - [2024-01-04T23:12:09.474+0000] {dag.py:2690} INFO - Sync 1 DAGs
[2024-01-04T23:12:09.498+0000] {logging_mixin.py:137} INFO - [2024-01-04T23:12:09.498+0000] {dag.py:3441} INFO - Setting next_dagrun for example_sensors to None, run_after=None
[2024-01-04T23:12:09.516+0000] {processor.py:175} INFO - Processing /home/airflow/.local/lib/python3.7/site-packages/airflow/example_dags/example_sensors.py took 0.124 seconds
[2024-01-04T23:12:39.741+0000] {processor.py:153} INFO - Started process (PID=550) to work on /home/airflow/.local/lib/python3.7/site-packages/airflow/example_dags/example_sensors.py
[2024-01-04T23:12:39.742+0000] {processor.py:743} INFO - Processing file /home/airflow/.local/lib/python3.7/site-packages/airflow/example_dags/example_sensors.py for tasks to queue
[2024-01-04T23:12:39.743+0000] {logging_mixin.py:137} INFO - [2024-01-04T23:12:39.743+0000] {dagbag.py:538} INFO - Filling up the DagBag from /home/airflow/.local/lib/python3.7/site-packages/airflow/example_dags/example_sensors.py
[2024-01-04T23:12:39.757+0000] {processor.py:753} INFO - DAG(s) dict_keys(['example_sensors']) retrieved from /home/airflow/.local/lib/python3.7/site-packages/airflow/example_dags/example_sensors.py
[2024-01-04T23:12:39.791+0000] {logging_mixin.py:137} INFO - [2024-01-04T23:12:39.791+0000] {dag.py:2690} INFO - Sync 1 DAGs
[2024-01-04T23:12:39.806+0000] {logging_mixin.py:137} INFO - [2024-01-04T23:12:39.806+0000] {dag.py:3441} INFO - Setting next_dagrun for example_sensors to None, run_after=None
[2024-01-04T23:12:39.819+0000] {processor.py:175} INFO - Processing /home/airflow/.local/lib/python3.7/site-packages/airflow/example_dags/example_sensors.py took 0.081 seconds
[2024-01-04T23:13:10.078+0000] {processor.py:153} INFO - Started process (PID=626) to work on /home/airflow/.local/lib/python3.7/site-packages/airflow/example_dags/example_sensors.py
[2024-01-04T23:13:10.082+0000] {processor.py:743} INFO - Processing file /home/airflow/.local/lib/python3.7/site-packages/airflow/example_dags/example_sensors.py for tasks to queue
[2024-01-04T23:13:10.084+0000] {logging_mixin.py:137} INFO - [2024-01-04T23:13:10.084+0000] {dagbag.py:538} INFO - Filling up the DagBag from /home/airflow/.local/lib/python3.7/site-packages/airflow/example_dags/example_sensors.py
[2024-01-04T23:13:10.104+0000] {processor.py:753} INFO - DAG(s) dict_keys(['example_sensors']) retrieved from /home/airflow/.local/lib/python3.7/site-packages/airflow/example_dags/example_sensors.py
[2024-01-04T23:13:10.138+0000] {logging_mixin.py:137} INFO - [2024-01-04T23:13:10.138+0000] {dag.py:2690} INFO - Sync 1 DAGs
[2024-01-04T23:13:10.159+0000] {logging_mixin.py:137} INFO - [2024-01-04T23:13:10.158+0000] {dag.py:3441} INFO - Setting next_dagrun for example_sensors to None, run_after=None
[2024-01-04T23:13:10.179+0000] {processor.py:175} INFO - Processing /home/airflow/.local/lib/python3.7/site-packages/airflow/example_dags/example_sensors.py took 0.107 seconds
[2024-01-04T23:13:40.422+0000] {processor.py:153} INFO - Started process (PID=702) to work on /home/airflow/.local/lib/python3.7/site-packages/airflow/example_dags/example_sensors.py
[2024-01-04T23:13:40.424+0000] {processor.py:743} INFO - Processing file /home/airflow/.local/lib/python3.7/site-packages/airflow/example_dags/example_sensors.py for tasks to queue
[2024-01-04T23:13:40.426+0000] {logging_mixin.py:137} INFO - [2024-01-04T23:13:40.426+0000] {dagbag.py:538} INFO - Filling up the DagBag from /home/airflow/.local/lib/python3.7/site-packages/airflow/example_dags/example_sensors.py
[2024-01-04T23:13:40.454+0000] {processor.py:753} INFO - DAG(s) dict_keys(['example_sensors']) retrieved from /home/airflow/.local/lib/python3.7/site-packages/airflow/example_dags/example_sensors.py
[2024-01-04T23:13:40.481+0000] {logging_mixin.py:137} INFO - [2024-01-04T23:13:40.481+0000] {dag.py:2690} INFO - Sync 1 DAGs
[2024-01-04T23:13:40.500+0000] {logging_mixin.py:137} INFO - [2024-01-04T23:13:40.500+0000] {dag.py:3441} INFO - Setting next_dagrun for example_sensors to None, run_after=None
[2024-01-04T23:13:40.515+0000] {processor.py:175} INFO - Processing /home/airflow/.local/lib/python3.7/site-packages/airflow/example_dags/example_sensors.py took 0.106 seconds
[2024-01-04T23:14:11.142+0000] {processor.py:153} INFO - Started process (PID=765) to work on /home/airflow/.local/lib/python3.7/site-packages/airflow/example_dags/example_sensors.py
[2024-01-04T23:14:11.144+0000] {processor.py:743} INFO - Processing file /home/airflow/.local/lib/python3.7/site-packages/airflow/example_dags/example_sensors.py for tasks to queue
[2024-01-04T23:14:11.145+0000] {logging_mixin.py:137} INFO - [2024-01-04T23:14:11.144+0000] {dagbag.py:538} INFO - Filling up the DagBag from /home/airflow/.local/lib/python3.7/site-packages/airflow/example_dags/example_sensors.py
[2024-01-04T23:14:11.160+0000] {processor.py:753} INFO - DAG(s) dict_keys(['example_sensors']) retrieved from /home/airflow/.local/lib/python3.7/site-packages/airflow/example_dags/example_sensors.py
[2024-01-04T23:14:11.179+0000] {logging_mixin.py:137} INFO - [2024-01-04T23:14:11.179+0000] {dag.py:2690} INFO - Sync 1 DAGs
[2024-01-04T23:14:11.196+0000] {logging_mixin.py:137} INFO - [2024-01-04T23:14:11.195+0000] {dag.py:3441} INFO - Setting next_dagrun for example_sensors to None, run_after=None
[2024-01-04T23:14:11.207+0000] {processor.py:175} INFO - Processing /home/airflow/.local/lib/python3.7/site-packages/airflow/example_dags/example_sensors.py took 0.069 seconds
[2024-01-04T23:14:41.568+0000] {processor.py:153} INFO - Started process (PID=840) to work on /home/airflow/.local/lib/python3.7/site-packages/airflow/example_dags/example_sensors.py
[2024-01-04T23:14:41.570+0000] {processor.py:743} INFO - Processing file /home/airflow/.local/lib/python3.7/site-packages/airflow/example_dags/example_sensors.py for tasks to queue
[2024-01-04T23:14:41.571+0000] {logging_mixin.py:137} INFO - [2024-01-04T23:14:41.571+0000] {dagbag.py:538} INFO - Filling up the DagBag from /home/airflow/.local/lib/python3.7/site-packages/airflow/example_dags/example_sensors.py
[2024-01-04T23:14:41.591+0000] {processor.py:753} INFO - DAG(s) dict_keys(['example_sensors']) retrieved from /home/airflow/.local/lib/python3.7/site-packages/airflow/example_dags/example_sensors.py
[2024-01-04T23:14:41.615+0000] {logging_mixin.py:137} INFO - [2024-01-04T23:14:41.615+0000] {dag.py:2690} INFO - Sync 1 DAGs
[2024-01-04T23:14:41.632+0000] {logging_mixin.py:137} INFO - [2024-01-04T23:14:41.632+0000] {dag.py:3441} INFO - Setting next_dagrun for example_sensors to None, run_after=None
[2024-01-04T23:14:41.643+0000] {processor.py:175} INFO - Processing /home/airflow/.local/lib/python3.7/site-packages/airflow/example_dags/example_sensors.py took 0.079 seconds
[2024-01-04T23:15:12.104+0000] {processor.py:153} INFO - Started process (PID=901) to work on /home/airflow/.local/lib/python3.7/site-packages/airflow/example_dags/example_sensors.py
[2024-01-04T23:15:12.106+0000] {processor.py:743} INFO - Processing file /home/airflow/.local/lib/python3.7/site-packages/airflow/example_dags/example_sensors.py for tasks to queue
[2024-01-04T23:15:12.107+0000] {logging_mixin.py:137} INFO - [2024-01-04T23:15:12.107+0000] {dagbag.py:538} INFO - Filling up the DagBag from /home/airflow/.local/lib/python3.7/site-packages/airflow/example_dags/example_sensors.py
[2024-01-04T23:15:12.127+0000] {processor.py:753} INFO - DAG(s) dict_keys(['example_sensors']) retrieved from /home/airflow/.local/lib/python3.7/site-packages/airflow/example_dags/example_sensors.py
[2024-01-04T23:15:12.153+0000] {logging_mixin.py:137} INFO - [2024-01-04T23:15:12.153+0000] {dag.py:2690} INFO - Sync 1 DAGs
[2024-01-04T23:15:12.168+0000] {logging_mixin.py:137} INFO - [2024-01-04T23:15:12.168+0000] {dag.py:3441} INFO - Setting next_dagrun for example_sensors to None, run_after=None
[2024-01-04T23:15:12.180+0000] {processor.py:175} INFO - Processing /home/airflow/.local/lib/python3.7/site-packages/airflow/example_dags/example_sensors.py took 0.081 seconds
[2024-01-04T23:15:42.814+0000] {processor.py:153} INFO - Started process (PID=976) to work on /home/airflow/.local/lib/python3.7/site-packages/airflow/example_dags/example_sensors.py
[2024-01-04T23:15:42.816+0000] {processor.py:743} INFO - Processing file /home/airflow/.local/lib/python3.7/site-packages/airflow/example_dags/example_sensors.py for tasks to queue
[2024-01-04T23:15:42.817+0000] {logging_mixin.py:137} INFO - [2024-01-04T23:15:42.817+0000] {dagbag.py:538} INFO - Filling up the DagBag from /home/airflow/.local/lib/python3.7/site-packages/airflow/example_dags/example_sensors.py
[2024-01-04T23:15:42.836+0000] {processor.py:753} INFO - DAG(s) dict_keys(['example_sensors']) retrieved from /home/airflow/.local/lib/python3.7/site-packages/airflow/example_dags/example_sensors.py
[2024-01-04T23:15:42.858+0000] {logging_mixin.py:137} INFO - [2024-01-04T23:15:42.858+0000] {dag.py:2690} INFO - Sync 1 DAGs
[2024-01-04T23:15:42.874+0000] {logging_mixin.py:137} INFO - [2024-01-04T23:15:42.874+0000] {dag.py:3441} INFO - Setting next_dagrun for example_sensors to None, run_after=None
[2024-01-04T23:15:42.886+0000] {processor.py:175} INFO - Processing /home/airflow/.local/lib/python3.7/site-packages/airflow/example_dags/example_sensors.py took 0.076 seconds
[2024-01-04T23:16:13.341+0000] {processor.py:153} INFO - Started process (PID=1050) to work on /home/airflow/.local/lib/python3.7/site-packages/airflow/example_dags/example_sensors.py
[2024-01-04T23:16:13.345+0000] {processor.py:743} INFO - Processing file /home/airflow/.local/lib/python3.7/site-packages/airflow/example_dags/example_sensors.py for tasks to queue
[2024-01-04T23:16:13.347+0000] {logging_mixin.py:137} INFO - [2024-01-04T23:16:13.347+0000] {dagbag.py:538} INFO - Filling up the DagBag from /home/airflow/.local/lib/python3.7/site-packages/airflow/example_dags/example_sensors.py
[2024-01-04T23:16:13.368+0000] {processor.py:753} INFO - DAG(s) dict_keys(['example_sensors']) retrieved from /home/airflow/.local/lib/python3.7/site-packages/airflow/example_dags/example_sensors.py
[2024-01-04T23:16:13.394+0000] {logging_mixin.py:137} INFO - [2024-01-04T23:16:13.394+0000] {dag.py:2690} INFO - Sync 1 DAGs
[2024-01-04T23:16:13.412+0000] {logging_mixin.py:137} INFO - [2024-01-04T23:16:13.412+0000] {dag.py:3441} INFO - Setting next_dagrun for example_sensors to None, run_after=None
[2024-01-04T23:16:13.425+0000] {processor.py:175} INFO - Processing /home/airflow/.local/lib/python3.7/site-packages/airflow/example_dags/example_sensors.py took 0.090 seconds
[2024-01-04T23:16:43.792+0000] {processor.py:153} INFO - Started process (PID=1113) to work on /home/airflow/.local/lib/python3.7/site-packages/airflow/example_dags/example_sensors.py
[2024-01-04T23:16:43.793+0000] {processor.py:743} INFO - Processing file /home/airflow/.local/lib/python3.7/site-packages/airflow/example_dags/example_sensors.py for tasks to queue
[2024-01-04T23:16:43.793+0000] {logging_mixin.py:137} INFO - [2024-01-04T23:16:43.793+0000] {dagbag.py:538} INFO - Filling up the DagBag from /home/airflow/.local/lib/python3.7/site-packages/airflow/example_dags/example_sensors.py
[2024-01-04T23:16:43.808+0000] {processor.py:753} INFO - DAG(s) dict_keys(['example_sensors']) retrieved from /home/airflow/.local/lib/python3.7/site-packages/airflow/example_dags/example_sensors.py
[2024-01-04T23:16:43.828+0000] {logging_mixin.py:137} INFO - [2024-01-04T23:16:43.828+0000] {dag.py:2690} INFO - Sync 1 DAGs
[2024-01-04T23:16:43.844+0000] {logging_mixin.py:137} INFO - [2024-01-04T23:16:43.844+0000] {dag.py:3441} INFO - Setting next_dagrun for example_sensors to None, run_after=None
[2024-01-04T23:16:43.856+0000] {processor.py:175} INFO - Processing /home/airflow/.local/lib/python3.7/site-packages/airflow/example_dags/example_sensors.py took 0.068 seconds
[2024-01-04T23:17:14.517+0000] {processor.py:153} INFO - Started process (PID=1189) to work on /home/airflow/.local/lib/python3.7/site-packages/airflow/example_dags/example_sensors.py
[2024-01-04T23:17:14.519+0000] {processor.py:743} INFO - Processing file /home/airflow/.local/lib/python3.7/site-packages/airflow/example_dags/example_sensors.py for tasks to queue
[2024-01-04T23:17:14.521+0000] {logging_mixin.py:137} INFO - [2024-01-04T23:17:14.520+0000] {dagbag.py:538} INFO - Filling up the DagBag from /home/airflow/.local/lib/python3.7/site-packages/airflow/example_dags/example_sensors.py
[2024-01-04T23:17:14.542+0000] {processor.py:753} INFO - DAG(s) dict_keys(['example_sensors']) retrieved from /home/airflow/.local/lib/python3.7/site-packages/airflow/example_dags/example_sensors.py
[2024-01-04T23:17:14.566+0000] {logging_mixin.py:137} INFO - [2024-01-04T23:17:14.566+0000] {dag.py:2690} INFO - Sync 1 DAGs
[2024-01-04T23:17:14.584+0000] {logging_mixin.py:137} INFO - [2024-01-04T23:17:14.583+0000] {dag.py:3441} INFO - Setting next_dagrun for example_sensors to None, run_after=None
[2024-01-04T23:17:14.599+0000] {processor.py:175} INFO - Processing /home/airflow/.local/lib/python3.7/site-packages/airflow/example_dags/example_sensors.py took 0.087 seconds
[2024-01-04T23:17:44.965+0000] {processor.py:153} INFO - Started process (PID=1252) to work on /home/airflow/.local/lib/python3.7/site-packages/airflow/example_dags/example_sensors.py
[2024-01-04T23:17:44.967+0000] {processor.py:743} INFO - Processing file /home/airflow/.local/lib/python3.7/site-packages/airflow/example_dags/example_sensors.py for tasks to queue
[2024-01-04T23:17:44.968+0000] {logging_mixin.py:137} INFO - [2024-01-04T23:17:44.968+0000] {dagbag.py:538} INFO - Filling up the DagBag from /home/airflow/.local/lib/python3.7/site-packages/airflow/example_dags/example_sensors.py
[2024-01-04T23:17:44.988+0000] {processor.py:753} INFO - DAG(s) dict_keys(['example_sensors']) retrieved from /home/airflow/.local/lib/python3.7/site-packages/airflow/example_dags/example_sensors.py
[2024-01-04T23:17:45.009+0000] {logging_mixin.py:137} INFO - [2024-01-04T23:17:45.009+0000] {dag.py:2690} INFO - Sync 1 DAGs
[2024-01-04T23:17:45.026+0000] {logging_mixin.py:137} INFO - [2024-01-04T23:17:45.026+0000] {dag.py:3441} INFO - Setting next_dagrun for example_sensors to None, run_after=None
[2024-01-04T23:17:45.037+0000] {processor.py:175} INFO - Processing /home/airflow/.local/lib/python3.7/site-packages/airflow/example_dags/example_sensors.py took 0.076 seconds
[2024-01-04T23:18:15.894+0000] {processor.py:153} INFO - Started process (PID=1327) to work on /home/airflow/.local/lib/python3.7/site-packages/airflow/example_dags/example_sensors.py
[2024-01-04T23:18:15.896+0000] {processor.py:743} INFO - Processing file /home/airflow/.local/lib/python3.7/site-packages/airflow/example_dags/example_sensors.py for tasks to queue
[2024-01-04T23:18:15.897+0000] {logging_mixin.py:137} INFO - [2024-01-04T23:18:15.897+0000] {dagbag.py:538} INFO - Filling up the DagBag from /home/airflow/.local/lib/python3.7/site-packages/airflow/example_dags/example_sensors.py
[2024-01-04T23:18:15.915+0000] {processor.py:753} INFO - DAG(s) dict_keys(['example_sensors']) retrieved from /home/airflow/.local/lib/python3.7/site-packages/airflow/example_dags/example_sensors.py
[2024-01-04T23:18:15.938+0000] {logging_mixin.py:137} INFO - [2024-01-04T23:18:15.938+0000] {dag.py:2690} INFO - Sync 1 DAGs
[2024-01-04T23:18:15.958+0000] {logging_mixin.py:137} INFO - [2024-01-04T23:18:15.958+0000] {dag.py:3441} INFO - Setting next_dagrun for example_sensors to None, run_after=None
[2024-01-04T23:18:15.972+0000] {processor.py:175} INFO - Processing /home/airflow/.local/lib/python3.7/site-packages/airflow/example_dags/example_sensors.py took 0.082 seconds
[2024-01-04T23:18:46.685+0000] {processor.py:153} INFO - Started process (PID=1391) to work on /home/airflow/.local/lib/python3.7/site-packages/airflow/example_dags/example_sensors.py
[2024-01-04T23:18:46.687+0000] {processor.py:743} INFO - Processing file /home/airflow/.local/lib/python3.7/site-packages/airflow/example_dags/example_sensors.py for tasks to queue
[2024-01-04T23:18:46.688+0000] {logging_mixin.py:137} INFO - [2024-01-04T23:18:46.688+0000] {dagbag.py:538} INFO - Filling up the DagBag from /home/airflow/.local/lib/python3.7/site-packages/airflow/example_dags/example_sensors.py
[2024-01-04T23:18:46.735+0000] {processor.py:753} INFO - DAG(s) dict_keys(['example_sensors']) retrieved from /home/airflow/.local/lib/python3.7/site-packages/airflow/example_dags/example_sensors.py
[2024-01-04T23:18:46.813+0000] {logging_mixin.py:137} INFO - [2024-01-04T23:18:46.813+0000] {dag.py:2690} INFO - Sync 1 DAGs
[2024-01-04T23:18:46.872+0000] {logging_mixin.py:137} INFO - [2024-01-04T23:18:46.872+0000] {dag.py:3441} INFO - Setting next_dagrun for example_sensors to None, run_after=None
[2024-01-04T23:18:46.908+0000] {processor.py:175} INFO - Processing /home/airflow/.local/lib/python3.7/site-packages/airflow/example_dags/example_sensors.py took 0.227 seconds
[2024-01-04T23:19:17.590+0000] {processor.py:153} INFO - Started process (PID=1468) to work on /home/airflow/.local/lib/python3.7/site-packages/airflow/example_dags/example_sensors.py
[2024-01-04T23:19:17.591+0000] {processor.py:743} INFO - Processing file /home/airflow/.local/lib/python3.7/site-packages/airflow/example_dags/example_sensors.py for tasks to queue
[2024-01-04T23:19:17.592+0000] {logging_mixin.py:137} INFO - [2024-01-04T23:19:17.592+0000] {dagbag.py:538} INFO - Filling up the DagBag from /home/airflow/.local/lib/python3.7/site-packages/airflow/example_dags/example_sensors.py
[2024-01-04T23:19:17.610+0000] {processor.py:753} INFO - DAG(s) dict_keys(['example_sensors']) retrieved from /home/airflow/.local/lib/python3.7/site-packages/airflow/example_dags/example_sensors.py
[2024-01-04T23:19:17.630+0000] {logging_mixin.py:137} INFO - [2024-01-04T23:19:17.630+0000] {dag.py:2690} INFO - Sync 1 DAGs
[2024-01-04T23:19:17.646+0000] {logging_mixin.py:137} INFO - [2024-01-04T23:19:17.646+0000] {dag.py:3441} INFO - Setting next_dagrun for example_sensors to None, run_after=None
[2024-01-04T23:19:17.659+0000] {processor.py:175} INFO - Processing /home/airflow/.local/lib/python3.7/site-packages/airflow/example_dags/example_sensors.py took 0.074 seconds
[2024-01-04T23:19:48.175+0000] {processor.py:153} INFO - Started process (PID=1544) to work on /home/airflow/.local/lib/python3.7/site-packages/airflow/example_dags/example_sensors.py
[2024-01-04T23:19:48.190+0000] {processor.py:743} INFO - Processing file /home/airflow/.local/lib/python3.7/site-packages/airflow/example_dags/example_sensors.py for tasks to queue
[2024-01-04T23:19:48.193+0000] {logging_mixin.py:137} INFO - [2024-01-04T23:19:48.192+0000] {dagbag.py:538} INFO - Filling up the DagBag from /home/airflow/.local/lib/python3.7/site-packages/airflow/example_dags/example_sensors.py
[2024-01-04T23:19:48.239+0000] {processor.py:753} INFO - DAG(s) dict_keys(['example_sensors']) retrieved from /home/airflow/.local/lib/python3.7/site-packages/airflow/example_dags/example_sensors.py
[2024-01-04T23:19:48.295+0000] {logging_mixin.py:137} INFO - [2024-01-04T23:19:48.294+0000] {dag.py:2690} INFO - Sync 1 DAGs
[2024-01-04T23:19:48.323+0000] {logging_mixin.py:137} INFO - [2024-01-04T23:19:48.323+0000] {dag.py:3441} INFO - Setting next_dagrun for example_sensors to None, run_after=None
[2024-01-04T23:19:48.350+0000] {processor.py:175} INFO - Processing /home/airflow/.local/lib/python3.7/site-packages/airflow/example_dags/example_sensors.py took 0.179 seconds
[2024-01-04T23:20:19.101+0000] {processor.py:153} INFO - Started process (PID=1607) to work on /home/airflow/.local/lib/python3.7/site-packages/airflow/example_dags/example_sensors.py
[2024-01-04T23:20:19.103+0000] {processor.py:743} INFO - Processing file /home/airflow/.local/lib/python3.7/site-packages/airflow/example_dags/example_sensors.py for tasks to queue
[2024-01-04T23:20:19.104+0000] {logging_mixin.py:137} INFO - [2024-01-04T23:20:19.103+0000] {dagbag.py:538} INFO - Filling up the DagBag from /home/airflow/.local/lib/python3.7/site-packages/airflow/example_dags/example_sensors.py
[2024-01-04T23:20:19.122+0000] {processor.py:753} INFO - DAG(s) dict_keys(['example_sensors']) retrieved from /home/airflow/.local/lib/python3.7/site-packages/airflow/example_dags/example_sensors.py
[2024-01-04T23:20:19.148+0000] {logging_mixin.py:137} INFO - [2024-01-04T23:20:19.148+0000] {dag.py:2690} INFO - Sync 1 DAGs
[2024-01-04T23:20:19.168+0000] {logging_mixin.py:137} INFO - [2024-01-04T23:20:19.168+0000] {dag.py:3441} INFO - Setting next_dagrun for example_sensors to None, run_after=None
[2024-01-04T23:20:19.185+0000] {processor.py:175} INFO - Processing /home/airflow/.local/lib/python3.7/site-packages/airflow/example_dags/example_sensors.py took 0.088 seconds
[2024-01-04T23:20:49.608+0000] {processor.py:153} INFO - Started process (PID=1682) to work on /home/airflow/.local/lib/python3.7/site-packages/airflow/example_dags/example_sensors.py
[2024-01-04T23:20:49.609+0000] {processor.py:743} INFO - Processing file /home/airflow/.local/lib/python3.7/site-packages/airflow/example_dags/example_sensors.py for tasks to queue
[2024-01-04T23:20:49.611+0000] {logging_mixin.py:137} INFO - [2024-01-04T23:20:49.610+0000] {dagbag.py:538} INFO - Filling up the DagBag from /home/airflow/.local/lib/python3.7/site-packages/airflow/example_dags/example_sensors.py
[2024-01-04T23:20:49.631+0000] {processor.py:753} INFO - DAG(s) dict_keys(['example_sensors']) retrieved from /home/airflow/.local/lib/python3.7/site-packages/airflow/example_dags/example_sensors.py
[2024-01-04T23:20:49.658+0000] {logging_mixin.py:137} INFO - [2024-01-04T23:20:49.658+0000] {dag.py:2690} INFO - Sync 1 DAGs
[2024-01-04T23:20:49.676+0000] {logging_mixin.py:137} INFO - [2024-01-04T23:20:49.676+0000] {dag.py:3441} INFO - Setting next_dagrun for example_sensors to None, run_after=None
[2024-01-04T23:20:49.690+0000] {processor.py:175} INFO - Processing /home/airflow/.local/lib/python3.7/site-packages/airflow/example_dags/example_sensors.py took 0.087 seconds
[2024-01-04T23:21:19.738+0000] {processor.py:153} INFO - Started process (PID=1744) to work on /home/airflow/.local/lib/python3.7/site-packages/airflow/example_dags/example_sensors.py
[2024-01-04T23:21:19.740+0000] {processor.py:743} INFO - Processing file /home/airflow/.local/lib/python3.7/site-packages/airflow/example_dags/example_sensors.py for tasks to queue
[2024-01-04T23:21:19.742+0000] {logging_mixin.py:137} INFO - [2024-01-04T23:21:19.742+0000] {dagbag.py:538} INFO - Filling up the DagBag from /home/airflow/.local/lib/python3.7/site-packages/airflow/example_dags/example_sensors.py
[2024-01-04T23:21:19.762+0000] {processor.py:753} INFO - DAG(s) dict_keys(['example_sensors']) retrieved from /home/airflow/.local/lib/python3.7/site-packages/airflow/example_dags/example_sensors.py
[2024-01-04T23:21:19.796+0000] {logging_mixin.py:137} INFO - [2024-01-04T23:21:19.796+0000] {dag.py:2690} INFO - Sync 1 DAGs
[2024-01-04T23:21:19.828+0000] {logging_mixin.py:137} INFO - [2024-01-04T23:21:19.828+0000] {dag.py:3441} INFO - Setting next_dagrun for example_sensors to None, run_after=None
[2024-01-04T23:21:19.841+0000] {processor.py:175} INFO - Processing /home/airflow/.local/lib/python3.7/site-packages/airflow/example_dags/example_sensors.py took 0.106 seconds
[2024-01-04T23:21:50.949+0000] {processor.py:153} INFO - Started process (PID=1820) to work on /home/airflow/.local/lib/python3.7/site-packages/airflow/example_dags/example_sensors.py
[2024-01-04T23:21:50.950+0000] {processor.py:743} INFO - Processing file /home/airflow/.local/lib/python3.7/site-packages/airflow/example_dags/example_sensors.py for tasks to queue
[2024-01-04T23:21:50.951+0000] {logging_mixin.py:137} INFO - [2024-01-04T23:21:50.951+0000] {dagbag.py:538} INFO - Filling up the DagBag from /home/airflow/.local/lib/python3.7/site-packages/airflow/example_dags/example_sensors.py
[2024-01-04T23:21:50.965+0000] {processor.py:753} INFO - DAG(s) dict_keys(['example_sensors']) retrieved from /home/airflow/.local/lib/python3.7/site-packages/airflow/example_dags/example_sensors.py
[2024-01-04T23:21:50.986+0000] {logging_mixin.py:137} INFO - [2024-01-04T23:21:50.986+0000] {dag.py:2690} INFO - Sync 1 DAGs
[2024-01-04T23:21:51.001+0000] {logging_mixin.py:137} INFO - [2024-01-04T23:21:51.001+0000] {dag.py:3441} INFO - Setting next_dagrun for example_sensors to None, run_after=None
[2024-01-04T23:21:51.016+0000] {processor.py:175} INFO - Processing /home/airflow/.local/lib/python3.7/site-packages/airflow/example_dags/example_sensors.py took 0.070 seconds
[2024-01-04T23:22:21.645+0000] {processor.py:153} INFO - Started process (PID=1895) to work on /home/airflow/.local/lib/python3.7/site-packages/airflow/example_dags/example_sensors.py
[2024-01-04T23:22:21.647+0000] {processor.py:743} INFO - Processing file /home/airflow/.local/lib/python3.7/site-packages/airflow/example_dags/example_sensors.py for tasks to queue
[2024-01-04T23:22:21.649+0000] {logging_mixin.py:137} INFO - [2024-01-04T23:22:21.649+0000] {dagbag.py:538} INFO - Filling up the DagBag from /home/airflow/.local/lib/python3.7/site-packages/airflow/example_dags/example_sensors.py
[2024-01-04T23:22:21.670+0000] {processor.py:753} INFO - DAG(s) dict_keys(['example_sensors']) retrieved from /home/airflow/.local/lib/python3.7/site-packages/airflow/example_dags/example_sensors.py
[2024-01-04T23:22:21.697+0000] {logging_mixin.py:137} INFO - [2024-01-04T23:22:21.697+0000] {dag.py:2690} INFO - Sync 1 DAGs
[2024-01-04T23:22:21.715+0000] {logging_mixin.py:137} INFO - [2024-01-04T23:22:21.715+0000] {dag.py:3441} INFO - Setting next_dagrun for example_sensors to None, run_after=None
[2024-01-04T23:22:21.731+0000] {processor.py:175} INFO - Processing /home/airflow/.local/lib/python3.7/site-packages/airflow/example_dags/example_sensors.py took 0.090 seconds
[2024-01-04T23:22:52.461+0000] {processor.py:153} INFO - Started process (PID=1958) to work on /home/airflow/.local/lib/python3.7/site-packages/airflow/example_dags/example_sensors.py
[2024-01-04T23:22:52.462+0000] {processor.py:743} INFO - Processing file /home/airflow/.local/lib/python3.7/site-packages/airflow/example_dags/example_sensors.py for tasks to queue
[2024-01-04T23:22:52.463+0000] {logging_mixin.py:137} INFO - [2024-01-04T23:22:52.463+0000] {dagbag.py:538} INFO - Filling up the DagBag from /home/airflow/.local/lib/python3.7/site-packages/airflow/example_dags/example_sensors.py
[2024-01-04T23:22:52.482+0000] {processor.py:753} INFO - DAG(s) dict_keys(['example_sensors']) retrieved from /home/airflow/.local/lib/python3.7/site-packages/airflow/example_dags/example_sensors.py
[2024-01-04T23:22:52.512+0000] {logging_mixin.py:137} INFO - [2024-01-04T23:22:52.512+0000] {dag.py:2690} INFO - Sync 1 DAGs
[2024-01-04T23:22:52.528+0000] {logging_mixin.py:137} INFO - [2024-01-04T23:22:52.528+0000] {dag.py:3441} INFO - Setting next_dagrun for example_sensors to None, run_after=None
[2024-01-04T23:22:52.541+0000] {processor.py:175} INFO - Processing /home/airflow/.local/lib/python3.7/site-packages/airflow/example_dags/example_sensors.py took 0.083 seconds
[2024-01-04T23:23:23.192+0000] {processor.py:153} INFO - Started process (PID=2035) to work on /home/airflow/.local/lib/python3.7/site-packages/airflow/example_dags/example_sensors.py
[2024-01-04T23:23:23.193+0000] {processor.py:743} INFO - Processing file /home/airflow/.local/lib/python3.7/site-packages/airflow/example_dags/example_sensors.py for tasks to queue
[2024-01-04T23:23:23.194+0000] {logging_mixin.py:137} INFO - [2024-01-04T23:23:23.194+0000] {dagbag.py:538} INFO - Filling up the DagBag from /home/airflow/.local/lib/python3.7/site-packages/airflow/example_dags/example_sensors.py
[2024-01-04T23:23:23.209+0000] {processor.py:753} INFO - DAG(s) dict_keys(['example_sensors']) retrieved from /home/airflow/.local/lib/python3.7/site-packages/airflow/example_dags/example_sensors.py
[2024-01-04T23:23:23.230+0000] {logging_mixin.py:137} INFO - [2024-01-04T23:23:23.230+0000] {dag.py:2690} INFO - Sync 1 DAGs
[2024-01-04T23:23:23.246+0000] {logging_mixin.py:137} INFO - [2024-01-04T23:23:23.246+0000] {dag.py:3441} INFO - Setting next_dagrun for example_sensors to None, run_after=None
[2024-01-04T23:23:23.258+0000] {processor.py:175} INFO - Processing /home/airflow/.local/lib/python3.7/site-packages/airflow/example_dags/example_sensors.py took 0.069 seconds
[2024-01-04T23:23:53.721+0000] {processor.py:153} INFO - Started process (PID=2099) to work on /home/airflow/.local/lib/python3.7/site-packages/airflow/example_dags/example_sensors.py
[2024-01-04T23:23:53.722+0000] {processor.py:743} INFO - Processing file /home/airflow/.local/lib/python3.7/site-packages/airflow/example_dags/example_sensors.py for tasks to queue
[2024-01-04T23:23:53.723+0000] {logging_mixin.py:137} INFO - [2024-01-04T23:23:53.723+0000] {dagbag.py:538} INFO - Filling up the DagBag from /home/airflow/.local/lib/python3.7/site-packages/airflow/example_dags/example_sensors.py
[2024-01-04T23:23:53.738+0000] {processor.py:753} INFO - DAG(s) dict_keys(['example_sensors']) retrieved from /home/airflow/.local/lib/python3.7/site-packages/airflow/example_dags/example_sensors.py
[2024-01-04T23:23:53.759+0000] {logging_mixin.py:137} INFO - [2024-01-04T23:23:53.759+0000] {dag.py:2690} INFO - Sync 1 DAGs
[2024-01-04T23:23:53.774+0000] {logging_mixin.py:137} INFO - [2024-01-04T23:23:53.774+0000] {dag.py:3441} INFO - Setting next_dagrun for example_sensors to None, run_after=None
[2024-01-04T23:23:53.786+0000] {processor.py:175} INFO - Processing /home/airflow/.local/lib/python3.7/site-packages/airflow/example_dags/example_sensors.py took 0.068 seconds
[2024-01-04T23:24:23.883+0000] {processor.py:153} INFO - Started process (PID=2174) to work on /home/airflow/.local/lib/python3.7/site-packages/airflow/example_dags/example_sensors.py
[2024-01-04T23:24:23.884+0000] {processor.py:743} INFO - Processing file /home/airflow/.local/lib/python3.7/site-packages/airflow/example_dags/example_sensors.py for tasks to queue
[2024-01-04T23:24:23.885+0000] {logging_mixin.py:137} INFO - [2024-01-04T23:24:23.885+0000] {dagbag.py:538} INFO - Filling up the DagBag from /home/airflow/.local/lib/python3.7/site-packages/airflow/example_dags/example_sensors.py
[2024-01-04T23:24:23.899+0000] {processor.py:753} INFO - DAG(s) dict_keys(['example_sensors']) retrieved from /home/airflow/.local/lib/python3.7/site-packages/airflow/example_dags/example_sensors.py
[2024-01-04T23:24:23.920+0000] {logging_mixin.py:137} INFO - [2024-01-04T23:24:23.920+0000] {dag.py:2690} INFO - Sync 1 DAGs
[2024-01-04T23:24:23.937+0000] {logging_mixin.py:137} INFO - [2024-01-04T23:24:23.937+0000] {dag.py:3441} INFO - Setting next_dagrun for example_sensors to None, run_after=None
[2024-01-04T23:24:23.948+0000] {processor.py:175} INFO - Processing /home/airflow/.local/lib/python3.7/site-packages/airflow/example_dags/example_sensors.py took 0.068 seconds
[2024-01-04T23:24:54.898+0000] {processor.py:153} INFO - Started process (PID=2246) to work on /home/airflow/.local/lib/python3.7/site-packages/airflow/example_dags/example_sensors.py
[2024-01-04T23:24:54.900+0000] {processor.py:743} INFO - Processing file /home/airflow/.local/lib/python3.7/site-packages/airflow/example_dags/example_sensors.py for tasks to queue
[2024-01-04T23:24:54.901+0000] {logging_mixin.py:137} INFO - [2024-01-04T23:24:54.901+0000] {dagbag.py:538} INFO - Filling up the DagBag from /home/airflow/.local/lib/python3.7/site-packages/airflow/example_dags/example_sensors.py
[2024-01-04T23:24:54.916+0000] {processor.py:753} INFO - DAG(s) dict_keys(['example_sensors']) retrieved from /home/airflow/.local/lib/python3.7/site-packages/airflow/example_dags/example_sensors.py
[2024-01-04T23:24:54.952+0000] {logging_mixin.py:137} INFO - [2024-01-04T23:24:54.952+0000] {dag.py:2690} INFO - Sync 1 DAGs
[2024-01-04T23:24:54.974+0000] {logging_mixin.py:137} INFO - [2024-01-04T23:24:54.974+0000] {dag.py:3441} INFO - Setting next_dagrun for example_sensors to None, run_after=None
[2024-01-04T23:24:54.993+0000] {processor.py:175} INFO - Processing /home/airflow/.local/lib/python3.7/site-packages/airflow/example_dags/example_sensors.py took 0.098 seconds
[2024-01-04T23:25:25.304+0000] {processor.py:153} INFO - Started process (PID=2313) to work on /home/airflow/.local/lib/python3.7/site-packages/airflow/example_dags/example_sensors.py
[2024-01-04T23:25:25.306+0000] {processor.py:743} INFO - Processing file /home/airflow/.local/lib/python3.7/site-packages/airflow/example_dags/example_sensors.py for tasks to queue
[2024-01-04T23:25:25.306+0000] {logging_mixin.py:137} INFO - [2024-01-04T23:25:25.306+0000] {dagbag.py:538} INFO - Filling up the DagBag from /home/airflow/.local/lib/python3.7/site-packages/airflow/example_dags/example_sensors.py
[2024-01-04T23:25:25.320+0000] {processor.py:753} INFO - DAG(s) dict_keys(['example_sensors']) retrieved from /home/airflow/.local/lib/python3.7/site-packages/airflow/example_dags/example_sensors.py
[2024-01-04T23:25:25.341+0000] {logging_mixin.py:137} INFO - [2024-01-04T23:25:25.340+0000] {dag.py:2690} INFO - Sync 1 DAGs
[2024-01-04T23:25:25.356+0000] {logging_mixin.py:137} INFO - [2024-01-04T23:25:25.356+0000] {dag.py:3441} INFO - Setting next_dagrun for example_sensors to None, run_after=None
[2024-01-04T23:25:25.369+0000] {processor.py:175} INFO - Processing /home/airflow/.local/lib/python3.7/site-packages/airflow/example_dags/example_sensors.py took 0.067 seconds
[2024-01-04T23:25:56.447+0000] {processor.py:153} INFO - Started process (PID=2388) to work on /home/airflow/.local/lib/python3.7/site-packages/airflow/example_dags/example_sensors.py
[2024-01-04T23:25:56.449+0000] {processor.py:743} INFO - Processing file /home/airflow/.local/lib/python3.7/site-packages/airflow/example_dags/example_sensors.py for tasks to queue
[2024-01-04T23:25:56.451+0000] {logging_mixin.py:137} INFO - [2024-01-04T23:25:56.450+0000] {dagbag.py:538} INFO - Filling up the DagBag from /home/airflow/.local/lib/python3.7/site-packages/airflow/example_dags/example_sensors.py
[2024-01-04T23:25:56.473+0000] {processor.py:753} INFO - DAG(s) dict_keys(['example_sensors']) retrieved from /home/airflow/.local/lib/python3.7/site-packages/airflow/example_dags/example_sensors.py
[2024-01-04T23:25:56.508+0000] {logging_mixin.py:137} INFO - [2024-01-04T23:25:56.508+0000] {dag.py:2690} INFO - Sync 1 DAGs
[2024-01-04T23:25:56.541+0000] {logging_mixin.py:137} INFO - [2024-01-04T23:25:56.541+0000] {dag.py:3441} INFO - Setting next_dagrun for example_sensors to None, run_after=None
[2024-01-04T23:25:56.571+0000] {processor.py:175} INFO - Processing /home/airflow/.local/lib/python3.7/site-packages/airflow/example_dags/example_sensors.py took 0.128 seconds
[2024-01-04T23:26:27.247+0000] {processor.py:153} INFO - Started process (PID=2450) to work on /home/airflow/.local/lib/python3.7/site-packages/airflow/example_dags/example_sensors.py
[2024-01-04T23:26:27.248+0000] {processor.py:743} INFO - Processing file /home/airflow/.local/lib/python3.7/site-packages/airflow/example_dags/example_sensors.py for tasks to queue
[2024-01-04T23:26:27.249+0000] {logging_mixin.py:137} INFO - [2024-01-04T23:26:27.249+0000] {dagbag.py:538} INFO - Filling up the DagBag from /home/airflow/.local/lib/python3.7/site-packages/airflow/example_dags/example_sensors.py
[2024-01-04T23:26:27.262+0000] {processor.py:753} INFO - DAG(s) dict_keys(['example_sensors']) retrieved from /home/airflow/.local/lib/python3.7/site-packages/airflow/example_dags/example_sensors.py
[2024-01-04T23:26:27.283+0000] {logging_mixin.py:137} INFO - [2024-01-04T23:26:27.283+0000] {dag.py:2690} INFO - Sync 1 DAGs
[2024-01-04T23:26:27.298+0000] {logging_mixin.py:137} INFO - [2024-01-04T23:26:27.298+0000] {dag.py:3441} INFO - Setting next_dagrun for example_sensors to None, run_after=None
[2024-01-04T23:26:27.309+0000] {processor.py:175} INFO - Processing /home/airflow/.local/lib/python3.7/site-packages/airflow/example_dags/example_sensors.py took 0.065 seconds
[2024-01-04T23:26:57.947+0000] {processor.py:153} INFO - Started process (PID=2525) to work on /home/airflow/.local/lib/python3.7/site-packages/airflow/example_dags/example_sensors.py
[2024-01-04T23:26:57.948+0000] {processor.py:743} INFO - Processing file /home/airflow/.local/lib/python3.7/site-packages/airflow/example_dags/example_sensors.py for tasks to queue
[2024-01-04T23:26:57.949+0000] {logging_mixin.py:137} INFO - [2024-01-04T23:26:57.949+0000] {dagbag.py:538} INFO - Filling up the DagBag from /home/airflow/.local/lib/python3.7/site-packages/airflow/example_dags/example_sensors.py
[2024-01-04T23:26:57.962+0000] {processor.py:753} INFO - DAG(s) dict_keys(['example_sensors']) retrieved from /home/airflow/.local/lib/python3.7/site-packages/airflow/example_dags/example_sensors.py
[2024-01-04T23:26:57.983+0000] {logging_mixin.py:137} INFO - [2024-01-04T23:26:57.983+0000] {dag.py:2690} INFO - Sync 1 DAGs
[2024-01-04T23:26:57.998+0000] {logging_mixin.py:137} INFO - [2024-01-04T23:26:57.998+0000] {dag.py:3441} INFO - Setting next_dagrun for example_sensors to None, run_after=None
[2024-01-04T23:26:58.012+0000] {processor.py:175} INFO - Processing /home/airflow/.local/lib/python3.7/site-packages/airflow/example_dags/example_sensors.py took 0.068 seconds
[2024-01-04T23:27:28.457+0000] {processor.py:153} INFO - Started process (PID=2588) to work on /home/airflow/.local/lib/python3.7/site-packages/airflow/example_dags/example_sensors.py
[2024-01-04T23:27:28.459+0000] {processor.py:743} INFO - Processing file /home/airflow/.local/lib/python3.7/site-packages/airflow/example_dags/example_sensors.py for tasks to queue
[2024-01-04T23:27:28.460+0000] {logging_mixin.py:137} INFO - [2024-01-04T23:27:28.459+0000] {dagbag.py:538} INFO - Filling up the DagBag from /home/airflow/.local/lib/python3.7/site-packages/airflow/example_dags/example_sensors.py
[2024-01-04T23:27:28.475+0000] {processor.py:753} INFO - DAG(s) dict_keys(['example_sensors']) retrieved from /home/airflow/.local/lib/python3.7/site-packages/airflow/example_dags/example_sensors.py
[2024-01-04T23:27:28.502+0000] {logging_mixin.py:137} INFO - [2024-01-04T23:27:28.502+0000] {dag.py:2690} INFO - Sync 1 DAGs
[2024-01-04T23:27:28.520+0000] {logging_mixin.py:137} INFO - [2024-01-04T23:27:28.520+0000] {dag.py:3441} INFO - Setting next_dagrun for example_sensors to None, run_after=None
[2024-01-04T23:27:28.538+0000] {processor.py:175} INFO - Processing /home/airflow/.local/lib/python3.7/site-packages/airflow/example_dags/example_sensors.py took 0.083 seconds
[2024-01-04T23:27:58.926+0000] {processor.py:153} INFO - Started process (PID=2664) to work on /home/airflow/.local/lib/python3.7/site-packages/airflow/example_dags/example_sensors.py
[2024-01-04T23:27:58.928+0000] {processor.py:743} INFO - Processing file /home/airflow/.local/lib/python3.7/site-packages/airflow/example_dags/example_sensors.py for tasks to queue
[2024-01-04T23:27:58.928+0000] {logging_mixin.py:137} INFO - [2024-01-04T23:27:58.928+0000] {dagbag.py:538} INFO - Filling up the DagBag from /home/airflow/.local/lib/python3.7/site-packages/airflow/example_dags/example_sensors.py
[2024-01-04T23:27:58.943+0000] {processor.py:753} INFO - DAG(s) dict_keys(['example_sensors']) retrieved from /home/airflow/.local/lib/python3.7/site-packages/airflow/example_dags/example_sensors.py
[2024-01-04T23:27:58.966+0000] {logging_mixin.py:137} INFO - [2024-01-04T23:27:58.966+0000] {dag.py:2690} INFO - Sync 1 DAGs
[2024-01-04T23:27:58.983+0000] {logging_mixin.py:137} INFO - [2024-01-04T23:27:58.983+0000] {dag.py:3441} INFO - Setting next_dagrun for example_sensors to None, run_after=None
[2024-01-04T23:27:58.995+0000] {processor.py:175} INFO - Processing /home/airflow/.local/lib/python3.7/site-packages/airflow/example_dags/example_sensors.py took 0.071 seconds
[2024-01-04T23:28:29.955+0000] {processor.py:153} INFO - Started process (PID=2740) to work on /home/airflow/.local/lib/python3.7/site-packages/airflow/example_dags/example_sensors.py
[2024-01-04T23:28:29.957+0000] {processor.py:743} INFO - Processing file /home/airflow/.local/lib/python3.7/site-packages/airflow/example_dags/example_sensors.py for tasks to queue
[2024-01-04T23:28:29.958+0000] {logging_mixin.py:137} INFO - [2024-01-04T23:28:29.958+0000] {dagbag.py:538} INFO - Filling up the DagBag from /home/airflow/.local/lib/python3.7/site-packages/airflow/example_dags/example_sensors.py
[2024-01-04T23:28:29.971+0000] {processor.py:753} INFO - DAG(s) dict_keys(['example_sensors']) retrieved from /home/airflow/.local/lib/python3.7/site-packages/airflow/example_dags/example_sensors.py
[2024-01-04T23:28:29.995+0000] {logging_mixin.py:137} INFO - [2024-01-04T23:28:29.995+0000] {dag.py:2690} INFO - Sync 1 DAGs
[2024-01-04T23:28:30.013+0000] {logging_mixin.py:137} INFO - [2024-01-04T23:28:30.013+0000] {dag.py:3441} INFO - Setting next_dagrun for example_sensors to None, run_after=None
[2024-01-04T23:28:30.029+0000] {processor.py:175} INFO - Processing /home/airflow/.local/lib/python3.7/site-packages/airflow/example_dags/example_sensors.py took 0.077 seconds
[2024-01-04T23:29:00.770+0000] {processor.py:153} INFO - Started process (PID=2804) to work on /home/airflow/.local/lib/python3.7/site-packages/airflow/example_dags/example_sensors.py
[2024-01-04T23:29:00.771+0000] {processor.py:743} INFO - Processing file /home/airflow/.local/lib/python3.7/site-packages/airflow/example_dags/example_sensors.py for tasks to queue
[2024-01-04T23:29:00.772+0000] {logging_mixin.py:137} INFO - [2024-01-04T23:29:00.772+0000] {dagbag.py:538} INFO - Filling up the DagBag from /home/airflow/.local/lib/python3.7/site-packages/airflow/example_dags/example_sensors.py
[2024-01-04T23:29:00.785+0000] {processor.py:753} INFO - DAG(s) dict_keys(['example_sensors']) retrieved from /home/airflow/.local/lib/python3.7/site-packages/airflow/example_dags/example_sensors.py
[2024-01-04T23:29:00.806+0000] {logging_mixin.py:137} INFO - [2024-01-04T23:29:00.806+0000] {dag.py:2690} INFO - Sync 1 DAGs
[2024-01-04T23:29:00.822+0000] {logging_mixin.py:137} INFO - [2024-01-04T23:29:00.822+0000] {dag.py:3441} INFO - Setting next_dagrun for example_sensors to None, run_after=None
[2024-01-04T23:29:00.834+0000] {processor.py:175} INFO - Processing /home/airflow/.local/lib/python3.7/site-packages/airflow/example_dags/example_sensors.py took 0.067 seconds
[2024-01-04T23:29:31.437+0000] {processor.py:153} INFO - Started process (PID=2878) to work on /home/airflow/.local/lib/python3.7/site-packages/airflow/example_dags/example_sensors.py
[2024-01-04T23:29:31.438+0000] {processor.py:743} INFO - Processing file /home/airflow/.local/lib/python3.7/site-packages/airflow/example_dags/example_sensors.py for tasks to queue
[2024-01-04T23:29:31.439+0000] {logging_mixin.py:137} INFO - [2024-01-04T23:29:31.439+0000] {dagbag.py:538} INFO - Filling up the DagBag from /home/airflow/.local/lib/python3.7/site-packages/airflow/example_dags/example_sensors.py
[2024-01-04T23:29:31.455+0000] {processor.py:753} INFO - DAG(s) dict_keys(['example_sensors']) retrieved from /home/airflow/.local/lib/python3.7/site-packages/airflow/example_dags/example_sensors.py
[2024-01-04T23:29:31.477+0000] {logging_mixin.py:137} INFO - [2024-01-04T23:29:31.476+0000] {dag.py:2690} INFO - Sync 1 DAGs
[2024-01-04T23:29:31.493+0000] {logging_mixin.py:137} INFO - [2024-01-04T23:29:31.493+0000] {dag.py:3441} INFO - Setting next_dagrun for example_sensors to None, run_after=None
[2024-01-04T23:29:31.505+0000] {processor.py:175} INFO - Processing /home/airflow/.local/lib/python3.7/site-packages/airflow/example_dags/example_sensors.py took 0.072 seconds
[2024-01-04T23:30:01.783+0000] {processor.py:153} INFO - Started process (PID=2952) to work on /home/airflow/.local/lib/python3.7/site-packages/airflow/example_dags/example_sensors.py
[2024-01-04T23:30:01.784+0000] {processor.py:743} INFO - Processing file /home/airflow/.local/lib/python3.7/site-packages/airflow/example_dags/example_sensors.py for tasks to queue
[2024-01-04T23:30:01.785+0000] {logging_mixin.py:137} INFO - [2024-01-04T23:30:01.785+0000] {dagbag.py:538} INFO - Filling up the DagBag from /home/airflow/.local/lib/python3.7/site-packages/airflow/example_dags/example_sensors.py
[2024-01-04T23:30:01.803+0000] {processor.py:753} INFO - DAG(s) dict_keys(['example_sensors']) retrieved from /home/airflow/.local/lib/python3.7/site-packages/airflow/example_dags/example_sensors.py
[2024-01-04T23:30:01.838+0000] {logging_mixin.py:137} INFO - [2024-01-04T23:30:01.838+0000] {dag.py:2690} INFO - Sync 1 DAGs
[2024-01-04T23:30:01.863+0000] {logging_mixin.py:137} INFO - [2024-01-04T23:30:01.863+0000] {dag.py:3441} INFO - Setting next_dagrun for example_sensors to None, run_after=None
[2024-01-04T23:30:01.882+0000] {processor.py:175} INFO - Processing /home/airflow/.local/lib/python3.7/site-packages/airflow/example_dags/example_sensors.py took 0.102 seconds
[2024-01-04T23:30:32.290+0000] {processor.py:153} INFO - Started process (PID=3015) to work on /home/airflow/.local/lib/python3.7/site-packages/airflow/example_dags/example_sensors.py
[2024-01-04T23:30:32.291+0000] {processor.py:743} INFO - Processing file /home/airflow/.local/lib/python3.7/site-packages/airflow/example_dags/example_sensors.py for tasks to queue
[2024-01-04T23:30:32.292+0000] {logging_mixin.py:137} INFO - [2024-01-04T23:30:32.292+0000] {dagbag.py:538} INFO - Filling up the DagBag from /home/airflow/.local/lib/python3.7/site-packages/airflow/example_dags/example_sensors.py
[2024-01-04T23:30:32.306+0000] {processor.py:753} INFO - DAG(s) dict_keys(['example_sensors']) retrieved from /home/airflow/.local/lib/python3.7/site-packages/airflow/example_dags/example_sensors.py
[2024-01-04T23:30:32.326+0000] {logging_mixin.py:137} INFO - [2024-01-04T23:30:32.326+0000] {dag.py:2690} INFO - Sync 1 DAGs
[2024-01-04T23:30:32.346+0000] {logging_mixin.py:137} INFO - [2024-01-04T23:30:32.346+0000] {dag.py:3441} INFO - Setting next_dagrun for example_sensors to None, run_after=None
[2024-01-04T23:30:32.362+0000] {processor.py:175} INFO - Processing /home/airflow/.local/lib/python3.7/site-packages/airflow/example_dags/example_sensors.py took 0.075 seconds
[2024-01-04T23:31:03.134+0000] {processor.py:153} INFO - Started process (PID=3091) to work on /home/airflow/.local/lib/python3.7/site-packages/airflow/example_dags/example_sensors.py
[2024-01-04T23:31:03.135+0000] {processor.py:743} INFO - Processing file /home/airflow/.local/lib/python3.7/site-packages/airflow/example_dags/example_sensors.py for tasks to queue
[2024-01-04T23:31:03.136+0000] {logging_mixin.py:137} INFO - [2024-01-04T23:31:03.136+0000] {dagbag.py:538} INFO - Filling up the DagBag from /home/airflow/.local/lib/python3.7/site-packages/airflow/example_dags/example_sensors.py
[2024-01-04T23:31:03.149+0000] {processor.py:753} INFO - DAG(s) dict_keys(['example_sensors']) retrieved from /home/airflow/.local/lib/python3.7/site-packages/airflow/example_dags/example_sensors.py
[2024-01-04T23:31:03.169+0000] {logging_mixin.py:137} INFO - [2024-01-04T23:31:03.169+0000] {dag.py:2690} INFO - Sync 1 DAGs
[2024-01-04T23:31:03.185+0000] {logging_mixin.py:137} INFO - [2024-01-04T23:31:03.184+0000] {dag.py:3441} INFO - Setting next_dagrun for example_sensors to None, run_after=None
[2024-01-04T23:31:03.195+0000] {processor.py:175} INFO - Processing /home/airflow/.local/lib/python3.7/site-packages/airflow/example_dags/example_sensors.py took 0.065 seconds
[2024-01-04T23:31:33.735+0000] {processor.py:153} INFO - Started process (PID=3154) to work on /home/airflow/.local/lib/python3.7/site-packages/airflow/example_dags/example_sensors.py
[2024-01-04T23:31:33.737+0000] {processor.py:743} INFO - Processing file /home/airflow/.local/lib/python3.7/site-packages/airflow/example_dags/example_sensors.py for tasks to queue
[2024-01-04T23:31:33.737+0000] {logging_mixin.py:137} INFO - [2024-01-04T23:31:33.737+0000] {dagbag.py:538} INFO - Filling up the DagBag from /home/airflow/.local/lib/python3.7/site-packages/airflow/example_dags/example_sensors.py
[2024-01-04T23:31:33.751+0000] {processor.py:753} INFO - DAG(s) dict_keys(['example_sensors']) retrieved from /home/airflow/.local/lib/python3.7/site-packages/airflow/example_dags/example_sensors.py
[2024-01-04T23:31:33.774+0000] {logging_mixin.py:137} INFO - [2024-01-04T23:31:33.774+0000] {dag.py:2690} INFO - Sync 1 DAGs
[2024-01-04T23:31:33.789+0000] {logging_mixin.py:137} INFO - [2024-01-04T23:31:33.788+0000] {dag.py:3441} INFO - Setting next_dagrun for example_sensors to None, run_after=None
[2024-01-04T23:31:33.800+0000] {processor.py:175} INFO - Processing /home/airflow/.local/lib/python3.7/site-packages/airflow/example_dags/example_sensors.py took 0.067 seconds
[2024-01-04T23:32:04.290+0000] {processor.py:153} INFO - Started process (PID=3229) to work on /home/airflow/.local/lib/python3.7/site-packages/airflow/example_dags/example_sensors.py
[2024-01-04T23:32:04.291+0000] {processor.py:743} INFO - Processing file /home/airflow/.local/lib/python3.7/site-packages/airflow/example_dags/example_sensors.py for tasks to queue
[2024-01-04T23:32:04.292+0000] {logging_mixin.py:137} INFO - [2024-01-04T23:32:04.292+0000] {dagbag.py:538} INFO - Filling up the DagBag from /home/airflow/.local/lib/python3.7/site-packages/airflow/example_dags/example_sensors.py
[2024-01-04T23:32:04.307+0000] {processor.py:753} INFO - DAG(s) dict_keys(['example_sensors']) retrieved from /home/airflow/.local/lib/python3.7/site-packages/airflow/example_dags/example_sensors.py
[2024-01-04T23:32:04.329+0000] {logging_mixin.py:137} INFO - [2024-01-04T23:32:04.329+0000] {dag.py:2690} INFO - Sync 1 DAGs
[2024-01-04T23:32:04.347+0000] {logging_mixin.py:137} INFO - [2024-01-04T23:32:04.346+0000] {dag.py:3441} INFO - Setting next_dagrun for example_sensors to None, run_after=None
[2024-01-04T23:32:04.358+0000] {processor.py:175} INFO - Processing /home/airflow/.local/lib/python3.7/site-packages/airflow/example_dags/example_sensors.py took 0.071 seconds
[2024-01-04T23:32:35.056+0000] {processor.py:153} INFO - Started process (PID=3292) to work on /home/airflow/.local/lib/python3.7/site-packages/airflow/example_dags/example_sensors.py
[2024-01-04T23:32:35.058+0000] {processor.py:743} INFO - Processing file /home/airflow/.local/lib/python3.7/site-packages/airflow/example_dags/example_sensors.py for tasks to queue
[2024-01-04T23:32:35.058+0000] {logging_mixin.py:137} INFO - [2024-01-04T23:32:35.058+0000] {dagbag.py:538} INFO - Filling up the DagBag from /home/airflow/.local/lib/python3.7/site-packages/airflow/example_dags/example_sensors.py
[2024-01-04T23:32:35.072+0000] {processor.py:753} INFO - DAG(s) dict_keys(['example_sensors']) retrieved from /home/airflow/.local/lib/python3.7/site-packages/airflow/example_dags/example_sensors.py
[2024-01-04T23:32:35.093+0000] {logging_mixin.py:137} INFO - [2024-01-04T23:32:35.093+0000] {dag.py:2690} INFO - Sync 1 DAGs
[2024-01-04T23:32:35.108+0000] {logging_mixin.py:137} INFO - [2024-01-04T23:32:35.108+0000] {dag.py:3441} INFO - Setting next_dagrun for example_sensors to None, run_after=None
[2024-01-04T23:32:35.120+0000] {processor.py:175} INFO - Processing /home/airflow/.local/lib/python3.7/site-packages/airflow/example_dags/example_sensors.py took 0.066 seconds
[2024-01-04T23:33:06.072+0000] {processor.py:153} INFO - Started process (PID=3367) to work on /home/airflow/.local/lib/python3.7/site-packages/airflow/example_dags/example_sensors.py
[2024-01-04T23:33:06.073+0000] {processor.py:743} INFO - Processing file /home/airflow/.local/lib/python3.7/site-packages/airflow/example_dags/example_sensors.py for tasks to queue
[2024-01-04T23:33:06.074+0000] {logging_mixin.py:137} INFO - [2024-01-04T23:33:06.074+0000] {dagbag.py:538} INFO - Filling up the DagBag from /home/airflow/.local/lib/python3.7/site-packages/airflow/example_dags/example_sensors.py
[2024-01-04T23:33:06.088+0000] {processor.py:753} INFO - DAG(s) dict_keys(['example_sensors']) retrieved from /home/airflow/.local/lib/python3.7/site-packages/airflow/example_dags/example_sensors.py
[2024-01-04T23:33:06.113+0000] {logging_mixin.py:137} INFO - [2024-01-04T23:33:06.113+0000] {dag.py:2690} INFO - Sync 1 DAGs
[2024-01-04T23:33:06.130+0000] {logging_mixin.py:137} INFO - [2024-01-04T23:33:06.130+0000] {dag.py:3441} INFO - Setting next_dagrun for example_sensors to None, run_after=None
[2024-01-04T23:33:06.147+0000] {processor.py:175} INFO - Processing /home/airflow/.local/lib/python3.7/site-packages/airflow/example_dags/example_sensors.py took 0.078 seconds
[2024-01-04T23:33:36.836+0000] {processor.py:153} INFO - Started process (PID=3429) to work on /home/airflow/.local/lib/python3.7/site-packages/airflow/example_dags/example_sensors.py
[2024-01-04T23:33:36.838+0000] {processor.py:743} INFO - Processing file /home/airflow/.local/lib/python3.7/site-packages/airflow/example_dags/example_sensors.py for tasks to queue
[2024-01-04T23:33:36.838+0000] {logging_mixin.py:137} INFO - [2024-01-04T23:33:36.838+0000] {dagbag.py:538} INFO - Filling up the DagBag from /home/airflow/.local/lib/python3.7/site-packages/airflow/example_dags/example_sensors.py
[2024-01-04T23:33:36.853+0000] {processor.py:753} INFO - DAG(s) dict_keys(['example_sensors']) retrieved from /home/airflow/.local/lib/python3.7/site-packages/airflow/example_dags/example_sensors.py
[2024-01-04T23:33:36.884+0000] {logging_mixin.py:137} INFO - [2024-01-04T23:33:36.884+0000] {dag.py:2690} INFO - Sync 1 DAGs
[2024-01-04T23:33:36.910+0000] {logging_mixin.py:137} INFO - [2024-01-04T23:33:36.909+0000] {dag.py:3441} INFO - Setting next_dagrun for example_sensors to None, run_after=None
[2024-01-04T23:33:36.926+0000] {processor.py:175} INFO - Processing /home/airflow/.local/lib/python3.7/site-packages/airflow/example_dags/example_sensors.py took 0.092 seconds
[2024-01-04T23:34:07.651+0000] {processor.py:153} INFO - Started process (PID=3505) to work on /home/airflow/.local/lib/python3.7/site-packages/airflow/example_dags/example_sensors.py
[2024-01-04T23:34:07.652+0000] {processor.py:743} INFO - Processing file /home/airflow/.local/lib/python3.7/site-packages/airflow/example_dags/example_sensors.py for tasks to queue
[2024-01-04T23:34:07.653+0000] {logging_mixin.py:137} INFO - [2024-01-04T23:34:07.653+0000] {dagbag.py:538} INFO - Filling up the DagBag from /home/airflow/.local/lib/python3.7/site-packages/airflow/example_dags/example_sensors.py
[2024-01-04T23:34:07.667+0000] {processor.py:753} INFO - DAG(s) dict_keys(['example_sensors']) retrieved from /home/airflow/.local/lib/python3.7/site-packages/airflow/example_dags/example_sensors.py
[2024-01-04T23:34:07.687+0000] {logging_mixin.py:137} INFO - [2024-01-04T23:34:07.687+0000] {dag.py:2690} INFO - Sync 1 DAGs
[2024-01-04T23:34:07.702+0000] {logging_mixin.py:137} INFO - [2024-01-04T23:34:07.702+0000] {dag.py:3441} INFO - Setting next_dagrun for example_sensors to None, run_after=None
[2024-01-04T23:34:07.713+0000] {processor.py:175} INFO - Processing /home/airflow/.local/lib/python3.7/site-packages/airflow/example_dags/example_sensors.py took 0.065 seconds
[2024-01-04T23:34:38.385+0000] {processor.py:153} INFO - Started process (PID=3580) to work on /home/airflow/.local/lib/python3.7/site-packages/airflow/example_dags/example_sensors.py
[2024-01-04T23:34:38.387+0000] {processor.py:743} INFO - Processing file /home/airflow/.local/lib/python3.7/site-packages/airflow/example_dags/example_sensors.py for tasks to queue
[2024-01-04T23:34:38.388+0000] {logging_mixin.py:137} INFO - [2024-01-04T23:34:38.387+0000] {dagbag.py:538} INFO - Filling up the DagBag from /home/airflow/.local/lib/python3.7/site-packages/airflow/example_dags/example_sensors.py
[2024-01-04T23:34:38.401+0000] {processor.py:753} INFO - DAG(s) dict_keys(['example_sensors']) retrieved from /home/airflow/.local/lib/python3.7/site-packages/airflow/example_dags/example_sensors.py
[2024-01-04T23:34:38.422+0000] {logging_mixin.py:137} INFO - [2024-01-04T23:34:38.422+0000] {dag.py:2690} INFO - Sync 1 DAGs
[2024-01-04T23:34:38.437+0000] {logging_mixin.py:137} INFO - [2024-01-04T23:34:38.437+0000] {dag.py:3441} INFO - Setting next_dagrun for example_sensors to None, run_after=None
[2024-01-04T23:34:38.448+0000] {processor.py:175} INFO - Processing /home/airflow/.local/lib/python3.7/site-packages/airflow/example_dags/example_sensors.py took 0.066 seconds
[2024-01-04T23:35:09.207+0000] {processor.py:153} INFO - Started process (PID=3643) to work on /home/airflow/.local/lib/python3.7/site-packages/airflow/example_dags/example_sensors.py
[2024-01-04T23:35:09.209+0000] {processor.py:743} INFO - Processing file /home/airflow/.local/lib/python3.7/site-packages/airflow/example_dags/example_sensors.py for tasks to queue
[2024-01-04T23:35:09.210+0000] {logging_mixin.py:137} INFO - [2024-01-04T23:35:09.210+0000] {dagbag.py:538} INFO - Filling up the DagBag from /home/airflow/.local/lib/python3.7/site-packages/airflow/example_dags/example_sensors.py
[2024-01-04T23:35:09.230+0000] {processor.py:753} INFO - DAG(s) dict_keys(['example_sensors']) retrieved from /home/airflow/.local/lib/python3.7/site-packages/airflow/example_dags/example_sensors.py
[2024-01-04T23:35:09.254+0000] {logging_mixin.py:137} INFO - [2024-01-04T23:35:09.254+0000] {dag.py:2690} INFO - Sync 1 DAGs
[2024-01-04T23:35:09.283+0000] {logging_mixin.py:137} INFO - [2024-01-04T23:35:09.283+0000] {dag.py:3441} INFO - Setting next_dagrun for example_sensors to None, run_after=None
[2024-01-04T23:35:09.302+0000] {processor.py:175} INFO - Processing /home/airflow/.local/lib/python3.7/site-packages/airflow/example_dags/example_sensors.py took 0.100 seconds
[2024-01-04T23:35:39.788+0000] {processor.py:153} INFO - Started process (PID=3718) to work on /home/airflow/.local/lib/python3.7/site-packages/airflow/example_dags/example_sensors.py
[2024-01-04T23:35:39.789+0000] {processor.py:743} INFO - Processing file /home/airflow/.local/lib/python3.7/site-packages/airflow/example_dags/example_sensors.py for tasks to queue
[2024-01-04T23:35:39.790+0000] {logging_mixin.py:137} INFO - [2024-01-04T23:35:39.790+0000] {dagbag.py:538} INFO - Filling up the DagBag from /home/airflow/.local/lib/python3.7/site-packages/airflow/example_dags/example_sensors.py
[2024-01-04T23:35:39.803+0000] {processor.py:753} INFO - DAG(s) dict_keys(['example_sensors']) retrieved from /home/airflow/.local/lib/python3.7/site-packages/airflow/example_dags/example_sensors.py
[2024-01-04T23:35:39.825+0000] {logging_mixin.py:137} INFO - [2024-01-04T23:35:39.825+0000] {dag.py:2690} INFO - Sync 1 DAGs
[2024-01-04T23:35:39.841+0000] {logging_mixin.py:137} INFO - [2024-01-04T23:35:39.841+0000] {dag.py:3441} INFO - Setting next_dagrun for example_sensors to None, run_after=None
[2024-01-04T23:35:39.852+0000] {processor.py:175} INFO - Processing /home/airflow/.local/lib/python3.7/site-packages/airflow/example_dags/example_sensors.py took 0.067 seconds
[2024-01-04T23:36:10.873+0000] {processor.py:153} INFO - Started process (PID=3787) to work on /home/airflow/.local/lib/python3.7/site-packages/airflow/example_dags/example_sensors.py
[2024-01-04T23:36:10.874+0000] {processor.py:743} INFO - Processing file /home/airflow/.local/lib/python3.7/site-packages/airflow/example_dags/example_sensors.py for tasks to queue
[2024-01-04T23:36:10.875+0000] {logging_mixin.py:137} INFO - [2024-01-04T23:36:10.875+0000] {dagbag.py:538} INFO - Filling up the DagBag from /home/airflow/.local/lib/python3.7/site-packages/airflow/example_dags/example_sensors.py
[2024-01-04T23:36:10.891+0000] {processor.py:753} INFO - DAG(s) dict_keys(['example_sensors']) retrieved from /home/airflow/.local/lib/python3.7/site-packages/airflow/example_dags/example_sensors.py
[2024-01-04T23:36:10.960+0000] {logging_mixin.py:137} INFO - [2024-01-04T23:36:10.960+0000] {dag.py:2690} INFO - Sync 1 DAGs
[2024-01-04T23:36:10.982+0000] {logging_mixin.py:137} INFO - [2024-01-04T23:36:10.982+0000] {dag.py:3441} INFO - Setting next_dagrun for example_sensors to None, run_after=None
[2024-01-04T23:36:11.007+0000] {processor.py:175} INFO - Processing /home/airflow/.local/lib/python3.7/site-packages/airflow/example_dags/example_sensors.py took 0.138 seconds
[2024-01-04T23:36:42.002+0000] {processor.py:153} INFO - Started process (PID=3855) to work on /home/airflow/.local/lib/python3.7/site-packages/airflow/example_dags/example_sensors.py
[2024-01-04T23:36:42.004+0000] {processor.py:743} INFO - Processing file /home/airflow/.local/lib/python3.7/site-packages/airflow/example_dags/example_sensors.py for tasks to queue
[2024-01-04T23:36:42.005+0000] {logging_mixin.py:137} INFO - [2024-01-04T23:36:42.005+0000] {dagbag.py:538} INFO - Filling up the DagBag from /home/airflow/.local/lib/python3.7/site-packages/airflow/example_dags/example_sensors.py
[2024-01-04T23:36:42.022+0000] {processor.py:753} INFO - DAG(s) dict_keys(['example_sensors']) retrieved from /home/airflow/.local/lib/python3.7/site-packages/airflow/example_dags/example_sensors.py
[2024-01-04T23:36:42.047+0000] {logging_mixin.py:137} INFO - [2024-01-04T23:36:42.047+0000] {dag.py:2690} INFO - Sync 1 DAGs
[2024-01-04T23:36:42.070+0000] {logging_mixin.py:137} INFO - [2024-01-04T23:36:42.070+0000] {dag.py:3441} INFO - Setting next_dagrun for example_sensors to None, run_after=None
[2024-01-04T23:36:42.089+0000] {processor.py:175} INFO - Processing /home/airflow/.local/lib/python3.7/site-packages/airflow/example_dags/example_sensors.py took 0.091 seconds
[2024-01-04T23:37:12.283+0000] {processor.py:153} INFO - Started process (PID=3930) to work on /home/airflow/.local/lib/python3.7/site-packages/airflow/example_dags/example_sensors.py
[2024-01-04T23:37:12.284+0000] {processor.py:743} INFO - Processing file /home/airflow/.local/lib/python3.7/site-packages/airflow/example_dags/example_sensors.py for tasks to queue
[2024-01-04T23:37:12.285+0000] {logging_mixin.py:137} INFO - [2024-01-04T23:37:12.285+0000] {dagbag.py:538} INFO - Filling up the DagBag from /home/airflow/.local/lib/python3.7/site-packages/airflow/example_dags/example_sensors.py
[2024-01-04T23:37:12.299+0000] {processor.py:753} INFO - DAG(s) dict_keys(['example_sensors']) retrieved from /home/airflow/.local/lib/python3.7/site-packages/airflow/example_dags/example_sensors.py
[2024-01-04T23:37:12.321+0000] {logging_mixin.py:137} INFO - [2024-01-04T23:37:12.320+0000] {dag.py:2690} INFO - Sync 1 DAGs
[2024-01-04T23:37:12.339+0000] {logging_mixin.py:137} INFO - [2024-01-04T23:37:12.339+0000] {dag.py:3441} INFO - Setting next_dagrun for example_sensors to None, run_after=None
[2024-01-04T23:37:12.349+0000] {processor.py:175} INFO - Processing /home/airflow/.local/lib/python3.7/site-packages/airflow/example_dags/example_sensors.py took 0.069 seconds
[2024-01-04T23:37:42.845+0000] {processor.py:153} INFO - Started process (PID=3992) to work on /home/airflow/.local/lib/python3.7/site-packages/airflow/example_dags/example_sensors.py
[2024-01-04T23:37:42.846+0000] {processor.py:743} INFO - Processing file /home/airflow/.local/lib/python3.7/site-packages/airflow/example_dags/example_sensors.py for tasks to queue
[2024-01-04T23:37:42.847+0000] {logging_mixin.py:137} INFO - [2024-01-04T23:37:42.847+0000] {dagbag.py:538} INFO - Filling up the DagBag from /home/airflow/.local/lib/python3.7/site-packages/airflow/example_dags/example_sensors.py
[2024-01-04T23:37:42.860+0000] {processor.py:753} INFO - DAG(s) dict_keys(['example_sensors']) retrieved from /home/airflow/.local/lib/python3.7/site-packages/airflow/example_dags/example_sensors.py
[2024-01-04T23:37:42.881+0000] {logging_mixin.py:137} INFO - [2024-01-04T23:37:42.881+0000] {dag.py:2690} INFO - Sync 1 DAGs
[2024-01-04T23:37:42.895+0000] {logging_mixin.py:137} INFO - [2024-01-04T23:37:42.895+0000] {dag.py:3441} INFO - Setting next_dagrun for example_sensors to None, run_after=None
[2024-01-04T23:37:42.907+0000] {processor.py:175} INFO - Processing /home/airflow/.local/lib/python3.7/site-packages/airflow/example_dags/example_sensors.py took 0.065 seconds
[2024-01-04T23:38:13.538+0000] {processor.py:153} INFO - Started process (PID=4067) to work on /home/airflow/.local/lib/python3.7/site-packages/airflow/example_dags/example_sensors.py
[2024-01-04T23:38:13.539+0000] {processor.py:743} INFO - Processing file /home/airflow/.local/lib/python3.7/site-packages/airflow/example_dags/example_sensors.py for tasks to queue
[2024-01-04T23:38:13.540+0000] {logging_mixin.py:137} INFO - [2024-01-04T23:38:13.540+0000] {dagbag.py:538} INFO - Filling up the DagBag from /home/airflow/.local/lib/python3.7/site-packages/airflow/example_dags/example_sensors.py
[2024-01-04T23:38:13.554+0000] {processor.py:753} INFO - DAG(s) dict_keys(['example_sensors']) retrieved from /home/airflow/.local/lib/python3.7/site-packages/airflow/example_dags/example_sensors.py
[2024-01-04T23:38:13.575+0000] {logging_mixin.py:137} INFO - [2024-01-04T23:38:13.574+0000] {dag.py:2690} INFO - Sync 1 DAGs
[2024-01-04T23:38:13.589+0000] {logging_mixin.py:137} INFO - [2024-01-04T23:38:13.589+0000] {dag.py:3441} INFO - Setting next_dagrun for example_sensors to None, run_after=None
[2024-01-04T23:38:13.606+0000] {processor.py:175} INFO - Processing /home/airflow/.local/lib/python3.7/site-packages/airflow/example_dags/example_sensors.py took 0.071 seconds
[2024-01-04T23:38:44.171+0000] {processor.py:153} INFO - Started process (PID=4130) to work on /home/airflow/.local/lib/python3.7/site-packages/airflow/example_dags/example_sensors.py
[2024-01-04T23:38:44.172+0000] {processor.py:743} INFO - Processing file /home/airflow/.local/lib/python3.7/site-packages/airflow/example_dags/example_sensors.py for tasks to queue
[2024-01-04T23:38:44.173+0000] {logging_mixin.py:137} INFO - [2024-01-04T23:38:44.173+0000] {dagbag.py:538} INFO - Filling up the DagBag from /home/airflow/.local/lib/python3.7/site-packages/airflow/example_dags/example_sensors.py
[2024-01-04T23:38:44.187+0000] {processor.py:753} INFO - DAG(s) dict_keys(['example_sensors']) retrieved from /home/airflow/.local/lib/python3.7/site-packages/airflow/example_dags/example_sensors.py
[2024-01-04T23:38:44.207+0000] {logging_mixin.py:137} INFO - [2024-01-04T23:38:44.207+0000] {dag.py:2690} INFO - Sync 1 DAGs
[2024-01-04T23:38:44.223+0000] {logging_mixin.py:137} INFO - [2024-01-04T23:38:44.223+0000] {dag.py:3441} INFO - Setting next_dagrun for example_sensors to None, run_after=None
[2024-01-04T23:38:44.237+0000] {processor.py:175} INFO - Processing /home/airflow/.local/lib/python3.7/site-packages/airflow/example_dags/example_sensors.py took 0.069 seconds
[2024-01-04T23:39:15.128+0000] {processor.py:153} INFO - Started process (PID=4205) to work on /home/airflow/.local/lib/python3.7/site-packages/airflow/example_dags/example_sensors.py
[2024-01-04T23:39:15.129+0000] {processor.py:743} INFO - Processing file /home/airflow/.local/lib/python3.7/site-packages/airflow/example_dags/example_sensors.py for tasks to queue
[2024-01-04T23:39:15.130+0000] {logging_mixin.py:137} INFO - [2024-01-04T23:39:15.130+0000] {dagbag.py:538} INFO - Filling up the DagBag from /home/airflow/.local/lib/python3.7/site-packages/airflow/example_dags/example_sensors.py
[2024-01-04T23:39:15.146+0000] {processor.py:753} INFO - DAG(s) dict_keys(['example_sensors']) retrieved from /home/airflow/.local/lib/python3.7/site-packages/airflow/example_dags/example_sensors.py
[2024-01-04T23:39:15.175+0000] {logging_mixin.py:137} INFO - [2024-01-04T23:39:15.174+0000] {dag.py:2690} INFO - Sync 1 DAGs
[2024-01-04T23:39:15.203+0000] {logging_mixin.py:137} INFO - [2024-01-04T23:39:15.203+0000] {dag.py:3441} INFO - Setting next_dagrun for example_sensors to None, run_after=None
[2024-01-04T23:39:15.217+0000] {processor.py:175} INFO - Processing /home/airflow/.local/lib/python3.7/site-packages/airflow/example_dags/example_sensors.py took 0.093 seconds
[2024-01-04T23:56:22.423+0000] {processor.py:153} INFO - Started process (PID=4256) to work on /home/airflow/.local/lib/python3.7/site-packages/airflow/example_dags/example_sensors.py
[2024-01-04T23:56:22.424+0000] {processor.py:743} INFO - Processing file /home/airflow/.local/lib/python3.7/site-packages/airflow/example_dags/example_sensors.py for tasks to queue
[2024-01-04T23:56:22.425+0000] {logging_mixin.py:137} INFO - [2024-01-04T23:56:22.425+0000] {dagbag.py:538} INFO - Filling up the DagBag from /home/airflow/.local/lib/python3.7/site-packages/airflow/example_dags/example_sensors.py
[2024-01-04T23:56:22.440+0000] {processor.py:753} INFO - DAG(s) dict_keys(['example_sensors']) retrieved from /home/airflow/.local/lib/python3.7/site-packages/airflow/example_dags/example_sensors.py
[2024-01-04T23:56:22.463+0000] {logging_mixin.py:137} INFO - [2024-01-04T23:56:22.463+0000] {dag.py:2690} INFO - Sync 1 DAGs
[2024-01-04T23:56:22.481+0000] {logging_mixin.py:137} INFO - [2024-01-04T23:56:22.481+0000] {dag.py:3441} INFO - Setting next_dagrun for example_sensors to None, run_after=None
[2024-01-04T23:56:22.503+0000] {processor.py:175} INFO - Processing /home/airflow/.local/lib/python3.7/site-packages/airflow/example_dags/example_sensors.py took 0.083 seconds
