[2024-01-04T23:09:10.433+0000] {processor.py:153} INFO - Started process (PID=85) to work on /home/airflow/.local/lib/python3.7/site-packages/airflow/example_dags/example_xcomargs.py
[2024-01-04T23:09:10.441+0000] {processor.py:743} INFO - Processing file /home/airflow/.local/lib/python3.7/site-packages/airflow/example_dags/example_xcomargs.py for tasks to queue
[2024-01-04T23:09:10.447+0000] {logging_mixin.py:137} INFO - [2024-01-04T23:09:10.447+0000] {dagbag.py:538} INFO - Filling up the DagBag from /home/airflow/.local/lib/python3.7/site-packages/airflow/example_dags/example_xcomargs.py
[2024-01-04T23:09:10.540+0000] {processor.py:753} INFO - DAG(s) dict_keys(['example_xcom_args', 'example_xcom_args_with_operators']) retrieved from /home/airflow/.local/lib/python3.7/site-packages/airflow/example_dags/example_xcomargs.py
[2024-01-04T23:09:10.944+0000] {logging_mixin.py:137} INFO - [2024-01-04T23:09:10.944+0000] {manager.py:504} INFO - Created Permission View: can delete on DAG:example_xcom_args
[2024-01-04T23:09:10.955+0000] {logging_mixin.py:137} INFO - [2024-01-04T23:09:10.955+0000] {manager.py:504} INFO - Created Permission View: can edit on DAG:example_xcom_args
[2024-01-04T23:09:10.968+0000] {logging_mixin.py:137} INFO - [2024-01-04T23:09:10.968+0000] {manager.py:504} INFO - Created Permission View: can read on DAG:example_xcom_args
[2024-01-04T23:09:10.987+0000] {logging_mixin.py:137} INFO - [2024-01-04T23:09:10.987+0000] {manager.py:504} INFO - Created Permission View: can delete on DAG:example_xcom_args_with_operators
[2024-01-04T23:09:10.999+0000] {logging_mixin.py:137} INFO - [2024-01-04T23:09:10.999+0000] {manager.py:504} INFO - Created Permission View: can edit on DAG:example_xcom_args_with_operators
[2024-01-04T23:09:11.029+0000] {logging_mixin.py:137} INFO - [2024-01-04T23:09:11.029+0000] {manager.py:504} INFO - Created Permission View: can read on DAG:example_xcom_args_with_operators
[2024-01-04T23:09:11.034+0000] {logging_mixin.py:137} INFO - [2024-01-04T23:09:11.034+0000] {dag.py:2690} INFO - Sync 2 DAGs
[2024-01-04T23:09:11.054+0000] {logging_mixin.py:137} INFO - [2024-01-04T23:09:11.054+0000] {dag.py:2711} INFO - Creating ORM DAG for example_xcom_args
[2024-01-04T23:09:11.059+0000] {logging_mixin.py:137} INFO - [2024-01-04T23:09:11.058+0000] {dag.py:2711} INFO - Creating ORM DAG for example_xcom_args_with_operators
[2024-01-04T23:09:11.083+0000] {logging_mixin.py:137} INFO - [2024-01-04T23:09:11.083+0000] {dag.py:3441} INFO - Setting next_dagrun for example_xcom_args to None, run_after=None
[2024-01-04T23:09:11.086+0000] {logging_mixin.py:137} INFO - [2024-01-04T23:09:11.086+0000] {dag.py:3441} INFO - Setting next_dagrun for example_xcom_args_with_operators to None, run_after=None
[2024-01-04T23:09:11.126+0000] {processor.py:175} INFO - Processing /home/airflow/.local/lib/python3.7/site-packages/airflow/example_dags/example_xcomargs.py took 0.725 seconds
[2024-01-04T23:09:41.844+0000] {processor.py:153} INFO - Started process (PID=148) to work on /home/airflow/.local/lib/python3.7/site-packages/airflow/example_dags/example_xcomargs.py
[2024-01-04T23:09:41.846+0000] {processor.py:743} INFO - Processing file /home/airflow/.local/lib/python3.7/site-packages/airflow/example_dags/example_xcomargs.py for tasks to queue
[2024-01-04T23:09:41.847+0000] {logging_mixin.py:137} INFO - [2024-01-04T23:09:41.847+0000] {dagbag.py:538} INFO - Filling up the DagBag from /home/airflow/.local/lib/python3.7/site-packages/airflow/example_dags/example_xcomargs.py
[2024-01-04T23:09:41.868+0000] {processor.py:753} INFO - DAG(s) dict_keys(['example_xcom_args_with_operators', 'example_xcom_args']) retrieved from /home/airflow/.local/lib/python3.7/site-packages/airflow/example_dags/example_xcomargs.py
[2024-01-04T23:09:41.888+0000] {logging_mixin.py:137} INFO - [2024-01-04T23:09:41.888+0000] {dag.py:2690} INFO - Sync 2 DAGs
[2024-01-04T23:09:41.903+0000] {logging_mixin.py:137} INFO - [2024-01-04T23:09:41.903+0000] {dag.py:3441} INFO - Setting next_dagrun for example_xcom_args to None, run_after=None
[2024-01-04T23:09:41.905+0000] {logging_mixin.py:137} INFO - [2024-01-04T23:09:41.905+0000] {dag.py:3441} INFO - Setting next_dagrun for example_xcom_args_with_operators to None, run_after=None
[2024-01-04T23:09:41.915+0000] {processor.py:175} INFO - Processing /home/airflow/.local/lib/python3.7/site-packages/airflow/example_dags/example_xcomargs.py took 0.075 seconds
[2024-01-04T23:10:12.266+0000] {processor.py:153} INFO - Started process (PID=223) to work on /home/airflow/.local/lib/python3.7/site-packages/airflow/example_dags/example_xcomargs.py
[2024-01-04T23:10:12.268+0000] {processor.py:743} INFO - Processing file /home/airflow/.local/lib/python3.7/site-packages/airflow/example_dags/example_xcomargs.py for tasks to queue
[2024-01-04T23:10:12.269+0000] {logging_mixin.py:137} INFO - [2024-01-04T23:10:12.269+0000] {dagbag.py:538} INFO - Filling up the DagBag from /home/airflow/.local/lib/python3.7/site-packages/airflow/example_dags/example_xcomargs.py
[2024-01-04T23:10:12.289+0000] {processor.py:753} INFO - DAG(s) dict_keys(['example_xcom_args', 'example_xcom_args_with_operators']) retrieved from /home/airflow/.local/lib/python3.7/site-packages/airflow/example_dags/example_xcomargs.py
[2024-01-04T23:10:12.310+0000] {logging_mixin.py:137} INFO - [2024-01-04T23:10:12.310+0000] {dag.py:2690} INFO - Sync 2 DAGs
[2024-01-04T23:10:12.326+0000] {logging_mixin.py:137} INFO - [2024-01-04T23:10:12.326+0000] {dag.py:3441} INFO - Setting next_dagrun for example_xcom_args to None, run_after=None
[2024-01-04T23:10:12.328+0000] {logging_mixin.py:137} INFO - [2024-01-04T23:10:12.328+0000] {dag.py:3441} INFO - Setting next_dagrun for example_xcom_args_with_operators to None, run_after=None
[2024-01-04T23:10:12.341+0000] {processor.py:175} INFO - Processing /home/airflow/.local/lib/python3.7/site-packages/airflow/example_dags/example_xcomargs.py took 0.080 seconds
[2024-01-04T23:10:42.626+0000] {processor.py:153} INFO - Started process (PID=285) to work on /home/airflow/.local/lib/python3.7/site-packages/airflow/example_dags/example_xcomargs.py
[2024-01-04T23:10:42.628+0000] {processor.py:743} INFO - Processing file /home/airflow/.local/lib/python3.7/site-packages/airflow/example_dags/example_xcomargs.py for tasks to queue
[2024-01-04T23:10:42.629+0000] {logging_mixin.py:137} INFO - [2024-01-04T23:10:42.629+0000] {dagbag.py:538} INFO - Filling up the DagBag from /home/airflow/.local/lib/python3.7/site-packages/airflow/example_dags/example_xcomargs.py
[2024-01-04T23:10:42.653+0000] {processor.py:753} INFO - DAG(s) dict_keys(['example_xcom_args_with_operators', 'example_xcom_args']) retrieved from /home/airflow/.local/lib/python3.7/site-packages/airflow/example_dags/example_xcomargs.py
[2024-01-04T23:10:42.678+0000] {logging_mixin.py:137} INFO - [2024-01-04T23:10:42.678+0000] {dag.py:2690} INFO - Sync 2 DAGs
[2024-01-04T23:10:42.695+0000] {logging_mixin.py:137} INFO - [2024-01-04T23:10:42.695+0000] {dag.py:3441} INFO - Setting next_dagrun for example_xcom_args to None, run_after=None
[2024-01-04T23:10:42.698+0000] {logging_mixin.py:137} INFO - [2024-01-04T23:10:42.698+0000] {dag.py:3441} INFO - Setting next_dagrun for example_xcom_args_with_operators to None, run_after=None
[2024-01-04T23:10:42.709+0000] {processor.py:175} INFO - Processing /home/airflow/.local/lib/python3.7/site-packages/airflow/example_dags/example_xcomargs.py took 0.086 seconds
[2024-01-04T23:11:12.860+0000] {processor.py:153} INFO - Started process (PID=361) to work on /home/airflow/.local/lib/python3.7/site-packages/airflow/example_dags/example_xcomargs.py
[2024-01-04T23:11:12.861+0000] {processor.py:743} INFO - Processing file /home/airflow/.local/lib/python3.7/site-packages/airflow/example_dags/example_xcomargs.py for tasks to queue
[2024-01-04T23:11:12.862+0000] {logging_mixin.py:137} INFO - [2024-01-04T23:11:12.862+0000] {dagbag.py:538} INFO - Filling up the DagBag from /home/airflow/.local/lib/python3.7/site-packages/airflow/example_dags/example_xcomargs.py
[2024-01-04T23:11:12.881+0000] {processor.py:753} INFO - DAG(s) dict_keys(['example_xcom_args', 'example_xcom_args_with_operators']) retrieved from /home/airflow/.local/lib/python3.7/site-packages/airflow/example_dags/example_xcomargs.py
[2024-01-04T23:11:12.903+0000] {logging_mixin.py:137} INFO - [2024-01-04T23:11:12.903+0000] {dag.py:2690} INFO - Sync 2 DAGs
[2024-01-04T23:11:12.919+0000] {logging_mixin.py:137} INFO - [2024-01-04T23:11:12.919+0000] {dag.py:3441} INFO - Setting next_dagrun for example_xcom_args to None, run_after=None
[2024-01-04T23:11:12.921+0000] {logging_mixin.py:137} INFO - [2024-01-04T23:11:12.921+0000] {dag.py:3441} INFO - Setting next_dagrun for example_xcom_args_with_operators to None, run_after=None
[2024-01-04T23:11:12.931+0000] {processor.py:175} INFO - Processing /home/airflow/.local/lib/python3.7/site-packages/airflow/example_dags/example_xcomargs.py took 0.075 seconds
[2024-01-04T23:11:43.790+0000] {processor.py:153} INFO - Started process (PID=436) to work on /home/airflow/.local/lib/python3.7/site-packages/airflow/example_dags/example_xcomargs.py
[2024-01-04T23:11:43.792+0000] {processor.py:743} INFO - Processing file /home/airflow/.local/lib/python3.7/site-packages/airflow/example_dags/example_xcomargs.py for tasks to queue
[2024-01-04T23:11:43.795+0000] {logging_mixin.py:137} INFO - [2024-01-04T23:11:43.795+0000] {dagbag.py:538} INFO - Filling up the DagBag from /home/airflow/.local/lib/python3.7/site-packages/airflow/example_dags/example_xcomargs.py
[2024-01-04T23:11:43.827+0000] {processor.py:753} INFO - DAG(s) dict_keys(['example_xcom_args', 'example_xcom_args_with_operators']) retrieved from /home/airflow/.local/lib/python3.7/site-packages/airflow/example_dags/example_xcomargs.py
[2024-01-04T23:11:43.889+0000] {logging_mixin.py:137} INFO - [2024-01-04T23:11:43.889+0000] {dag.py:2690} INFO - Sync 2 DAGs
[2024-01-04T23:11:43.938+0000] {logging_mixin.py:137} INFO - [2024-01-04T23:11:43.938+0000] {dag.py:3441} INFO - Setting next_dagrun for example_xcom_args to None, run_after=None
[2024-01-04T23:11:43.944+0000] {logging_mixin.py:137} INFO - [2024-01-04T23:11:43.943+0000] {dag.py:3441} INFO - Setting next_dagrun for example_xcom_args_with_operators to None, run_after=None
[2024-01-04T23:11:43.991+0000] {processor.py:175} INFO - Processing /home/airflow/.local/lib/python3.7/site-packages/airflow/example_dags/example_xcomargs.py took 0.209 seconds
[2024-01-04T23:12:14.161+0000] {processor.py:153} INFO - Started process (PID=499) to work on /home/airflow/.local/lib/python3.7/site-packages/airflow/example_dags/example_xcomargs.py
[2024-01-04T23:12:14.162+0000] {processor.py:743} INFO - Processing file /home/airflow/.local/lib/python3.7/site-packages/airflow/example_dags/example_xcomargs.py for tasks to queue
[2024-01-04T23:12:14.163+0000] {logging_mixin.py:137} INFO - [2024-01-04T23:12:14.163+0000] {dagbag.py:538} INFO - Filling up the DagBag from /home/airflow/.local/lib/python3.7/site-packages/airflow/example_dags/example_xcomargs.py
[2024-01-04T23:12:14.182+0000] {processor.py:753} INFO - DAG(s) dict_keys(['example_xcom_args_with_operators', 'example_xcom_args']) retrieved from /home/airflow/.local/lib/python3.7/site-packages/airflow/example_dags/example_xcomargs.py
[2024-01-04T23:12:14.216+0000] {logging_mixin.py:137} INFO - [2024-01-04T23:12:14.216+0000] {dag.py:2690} INFO - Sync 2 DAGs
[2024-01-04T23:12:14.242+0000] {logging_mixin.py:137} INFO - [2024-01-04T23:12:14.241+0000] {dag.py:3441} INFO - Setting next_dagrun for example_xcom_args to None, run_after=None
[2024-01-04T23:12:14.245+0000] {logging_mixin.py:137} INFO - [2024-01-04T23:12:14.245+0000] {dag.py:3441} INFO - Setting next_dagrun for example_xcom_args_with_operators to None, run_after=None
[2024-01-04T23:12:14.258+0000] {processor.py:175} INFO - Processing /home/airflow/.local/lib/python3.7/site-packages/airflow/example_dags/example_xcomargs.py took 0.099 seconds
[2024-01-04T23:12:44.435+0000] {processor.py:153} INFO - Started process (PID=575) to work on /home/airflow/.local/lib/python3.7/site-packages/airflow/example_dags/example_xcomargs.py
[2024-01-04T23:12:44.436+0000] {processor.py:743} INFO - Processing file /home/airflow/.local/lib/python3.7/site-packages/airflow/example_dags/example_xcomargs.py for tasks to queue
[2024-01-04T23:12:44.438+0000] {logging_mixin.py:137} INFO - [2024-01-04T23:12:44.438+0000] {dagbag.py:538} INFO - Filling up the DagBag from /home/airflow/.local/lib/python3.7/site-packages/airflow/example_dags/example_xcomargs.py
[2024-01-04T23:12:44.459+0000] {processor.py:753} INFO - DAG(s) dict_keys(['example_xcom_args', 'example_xcom_args_with_operators']) retrieved from /home/airflow/.local/lib/python3.7/site-packages/airflow/example_dags/example_xcomargs.py
[2024-01-04T23:12:44.481+0000] {logging_mixin.py:137} INFO - [2024-01-04T23:12:44.481+0000] {dag.py:2690} INFO - Sync 2 DAGs
[2024-01-04T23:12:44.496+0000] {logging_mixin.py:137} INFO - [2024-01-04T23:12:44.496+0000] {dag.py:3441} INFO - Setting next_dagrun for example_xcom_args to None, run_after=None
[2024-01-04T23:12:44.498+0000] {logging_mixin.py:137} INFO - [2024-01-04T23:12:44.498+0000] {dag.py:3441} INFO - Setting next_dagrun for example_xcom_args_with_operators to None, run_after=None
[2024-01-04T23:12:44.507+0000] {processor.py:175} INFO - Processing /home/airflow/.local/lib/python3.7/site-packages/airflow/example_dags/example_xcomargs.py took 0.077 seconds
[2024-01-04T23:13:14.779+0000] {processor.py:153} INFO - Started process (PID=638) to work on /home/airflow/.local/lib/python3.7/site-packages/airflow/example_dags/example_xcomargs.py
[2024-01-04T23:13:14.781+0000] {processor.py:743} INFO - Processing file /home/airflow/.local/lib/python3.7/site-packages/airflow/example_dags/example_xcomargs.py for tasks to queue
[2024-01-04T23:13:14.783+0000] {logging_mixin.py:137} INFO - [2024-01-04T23:13:14.782+0000] {dagbag.py:538} INFO - Filling up the DagBag from /home/airflow/.local/lib/python3.7/site-packages/airflow/example_dags/example_xcomargs.py
[2024-01-04T23:13:14.805+0000] {processor.py:753} INFO - DAG(s) dict_keys(['example_xcom_args_with_operators', 'example_xcom_args']) retrieved from /home/airflow/.local/lib/python3.7/site-packages/airflow/example_dags/example_xcomargs.py
[2024-01-04T23:13:14.827+0000] {logging_mixin.py:137} INFO - [2024-01-04T23:13:14.827+0000] {dag.py:2690} INFO - Sync 2 DAGs
[2024-01-04T23:13:14.841+0000] {logging_mixin.py:137} INFO - [2024-01-04T23:13:14.841+0000] {dag.py:3441} INFO - Setting next_dagrun for example_xcom_args to None, run_after=None
[2024-01-04T23:13:14.844+0000] {logging_mixin.py:137} INFO - [2024-01-04T23:13:14.844+0000] {dag.py:3441} INFO - Setting next_dagrun for example_xcom_args_with_operators to None, run_after=None
[2024-01-04T23:13:14.853+0000] {processor.py:175} INFO - Processing /home/airflow/.local/lib/python3.7/site-packages/airflow/example_dags/example_xcomargs.py took 0.078 seconds
[2024-01-04T23:13:45.322+0000] {processor.py:153} INFO - Started process (PID=714) to work on /home/airflow/.local/lib/python3.7/site-packages/airflow/example_dags/example_xcomargs.py
[2024-01-04T23:13:45.324+0000] {processor.py:743} INFO - Processing file /home/airflow/.local/lib/python3.7/site-packages/airflow/example_dags/example_xcomargs.py for tasks to queue
[2024-01-04T23:13:45.325+0000] {logging_mixin.py:137} INFO - [2024-01-04T23:13:45.325+0000] {dagbag.py:538} INFO - Filling up the DagBag from /home/airflow/.local/lib/python3.7/site-packages/airflow/example_dags/example_xcomargs.py
[2024-01-04T23:13:45.346+0000] {processor.py:753} INFO - DAG(s) dict_keys(['example_xcom_args_with_operators', 'example_xcom_args']) retrieved from /home/airflow/.local/lib/python3.7/site-packages/airflow/example_dags/example_xcomargs.py
[2024-01-04T23:13:45.368+0000] {logging_mixin.py:137} INFO - [2024-01-04T23:13:45.368+0000] {dag.py:2690} INFO - Sync 2 DAGs
[2024-01-04T23:13:45.384+0000] {logging_mixin.py:137} INFO - [2024-01-04T23:13:45.384+0000] {dag.py:3441} INFO - Setting next_dagrun for example_xcom_args to None, run_after=None
[2024-01-04T23:13:45.386+0000] {logging_mixin.py:137} INFO - [2024-01-04T23:13:45.386+0000] {dag.py:3441} INFO - Setting next_dagrun for example_xcom_args_with_operators to None, run_after=None
[2024-01-04T23:13:45.396+0000] {processor.py:175} INFO - Processing /home/airflow/.local/lib/python3.7/site-packages/airflow/example_dags/example_xcomargs.py took 0.078 seconds
[2024-01-04T23:14:15.866+0000] {processor.py:153} INFO - Started process (PID=789) to work on /home/airflow/.local/lib/python3.7/site-packages/airflow/example_dags/example_xcomargs.py
[2024-01-04T23:14:15.868+0000] {processor.py:743} INFO - Processing file /home/airflow/.local/lib/python3.7/site-packages/airflow/example_dags/example_xcomargs.py for tasks to queue
[2024-01-04T23:14:15.869+0000] {logging_mixin.py:137} INFO - [2024-01-04T23:14:15.869+0000] {dagbag.py:538} INFO - Filling up the DagBag from /home/airflow/.local/lib/python3.7/site-packages/airflow/example_dags/example_xcomargs.py
[2024-01-04T23:14:15.891+0000] {processor.py:753} INFO - DAG(s) dict_keys(['example_xcom_args', 'example_xcom_args_with_operators']) retrieved from /home/airflow/.local/lib/python3.7/site-packages/airflow/example_dags/example_xcomargs.py
[2024-01-04T23:14:15.920+0000] {logging_mixin.py:137} INFO - [2024-01-04T23:14:15.920+0000] {dag.py:2690} INFO - Sync 2 DAGs
[2024-01-04T23:14:15.937+0000] {logging_mixin.py:137} INFO - [2024-01-04T23:14:15.937+0000] {dag.py:3441} INFO - Setting next_dagrun for example_xcom_args to None, run_after=None
[2024-01-04T23:14:15.939+0000] {logging_mixin.py:137} INFO - [2024-01-04T23:14:15.939+0000] {dag.py:3441} INFO - Setting next_dagrun for example_xcom_args_with_operators to None, run_after=None
[2024-01-04T23:14:15.949+0000] {processor.py:175} INFO - Processing /home/airflow/.local/lib/python3.7/site-packages/airflow/example_dags/example_xcomargs.py took 0.088 seconds
[2024-01-04T23:14:46.265+0000] {processor.py:153} INFO - Started process (PID=852) to work on /home/airflow/.local/lib/python3.7/site-packages/airflow/example_dags/example_xcomargs.py
[2024-01-04T23:14:46.266+0000] {processor.py:743} INFO - Processing file /home/airflow/.local/lib/python3.7/site-packages/airflow/example_dags/example_xcomargs.py for tasks to queue
[2024-01-04T23:14:46.267+0000] {logging_mixin.py:137} INFO - [2024-01-04T23:14:46.267+0000] {dagbag.py:538} INFO - Filling up the DagBag from /home/airflow/.local/lib/python3.7/site-packages/airflow/example_dags/example_xcomargs.py
[2024-01-04T23:14:46.292+0000] {processor.py:753} INFO - DAG(s) dict_keys(['example_xcom_args_with_operators', 'example_xcom_args']) retrieved from /home/airflow/.local/lib/python3.7/site-packages/airflow/example_dags/example_xcomargs.py
[2024-01-04T23:14:46.339+0000] {logging_mixin.py:137} INFO - [2024-01-04T23:14:46.338+0000] {dag.py:2690} INFO - Sync 2 DAGs
[2024-01-04T23:14:46.374+0000] {logging_mixin.py:137} INFO - [2024-01-04T23:14:46.374+0000] {dag.py:3441} INFO - Setting next_dagrun for example_xcom_args to None, run_after=None
[2024-01-04T23:14:46.380+0000] {logging_mixin.py:137} INFO - [2024-01-04T23:14:46.380+0000] {dag.py:3441} INFO - Setting next_dagrun for example_xcom_args_with_operators to None, run_after=None
[2024-01-04T23:14:46.406+0000] {processor.py:175} INFO - Processing /home/airflow/.local/lib/python3.7/site-packages/airflow/example_dags/example_xcomargs.py took 0.147 seconds
[2024-01-04T23:15:16.905+0000] {processor.py:153} INFO - Started process (PID=925) to work on /home/airflow/.local/lib/python3.7/site-packages/airflow/example_dags/example_xcomargs.py
[2024-01-04T23:15:16.906+0000] {processor.py:743} INFO - Processing file /home/airflow/.local/lib/python3.7/site-packages/airflow/example_dags/example_xcomargs.py for tasks to queue
[2024-01-04T23:15:16.907+0000] {logging_mixin.py:137} INFO - [2024-01-04T23:15:16.907+0000] {dagbag.py:538} INFO - Filling up the DagBag from /home/airflow/.local/lib/python3.7/site-packages/airflow/example_dags/example_xcomargs.py
[2024-01-04T23:15:16.924+0000] {processor.py:753} INFO - DAG(s) dict_keys(['example_xcom_args', 'example_xcom_args_with_operators']) retrieved from /home/airflow/.local/lib/python3.7/site-packages/airflow/example_dags/example_xcomargs.py
[2024-01-04T23:15:16.944+0000] {logging_mixin.py:137} INFO - [2024-01-04T23:15:16.944+0000] {dag.py:2690} INFO - Sync 2 DAGs
[2024-01-04T23:15:16.961+0000] {logging_mixin.py:137} INFO - [2024-01-04T23:15:16.960+0000] {dag.py:3441} INFO - Setting next_dagrun for example_xcom_args to None, run_after=None
[2024-01-04T23:15:16.963+0000] {logging_mixin.py:137} INFO - [2024-01-04T23:15:16.963+0000] {dag.py:3441} INFO - Setting next_dagrun for example_xcom_args_with_operators to None, run_after=None
[2024-01-04T23:15:16.974+0000] {processor.py:175} INFO - Processing /home/airflow/.local/lib/python3.7/site-packages/airflow/example_dags/example_xcomargs.py took 0.072 seconds
[2024-01-04T23:15:47.472+0000] {processor.py:153} INFO - Started process (PID=988) to work on /home/airflow/.local/lib/python3.7/site-packages/airflow/example_dags/example_xcomargs.py
[2024-01-04T23:15:47.473+0000] {processor.py:743} INFO - Processing file /home/airflow/.local/lib/python3.7/site-packages/airflow/example_dags/example_xcomargs.py for tasks to queue
[2024-01-04T23:15:47.474+0000] {logging_mixin.py:137} INFO - [2024-01-04T23:15:47.474+0000] {dagbag.py:538} INFO - Filling up the DagBag from /home/airflow/.local/lib/python3.7/site-packages/airflow/example_dags/example_xcomargs.py
[2024-01-04T23:15:47.491+0000] {processor.py:753} INFO - DAG(s) dict_keys(['example_xcom_args', 'example_xcom_args_with_operators']) retrieved from /home/airflow/.local/lib/python3.7/site-packages/airflow/example_dags/example_xcomargs.py
[2024-01-04T23:15:47.512+0000] {logging_mixin.py:137} INFO - [2024-01-04T23:15:47.511+0000] {dag.py:2690} INFO - Sync 2 DAGs
[2024-01-04T23:15:47.528+0000] {logging_mixin.py:137} INFO - [2024-01-04T23:15:47.527+0000] {dag.py:3441} INFO - Setting next_dagrun for example_xcom_args to None, run_after=None
[2024-01-04T23:15:47.530+0000] {logging_mixin.py:137} INFO - [2024-01-04T23:15:47.530+0000] {dag.py:3441} INFO - Setting next_dagrun for example_xcom_args_with_operators to None, run_after=None
[2024-01-04T23:15:47.543+0000] {processor.py:175} INFO - Processing /home/airflow/.local/lib/python3.7/site-packages/airflow/example_dags/example_xcomargs.py took 0.075 seconds
[2024-01-04T23:16:18.073+0000] {processor.py:153} INFO - Started process (PID=1062) to work on /home/airflow/.local/lib/python3.7/site-packages/airflow/example_dags/example_xcomargs.py
[2024-01-04T23:16:18.074+0000] {processor.py:743} INFO - Processing file /home/airflow/.local/lib/python3.7/site-packages/airflow/example_dags/example_xcomargs.py for tasks to queue
[2024-01-04T23:16:18.076+0000] {logging_mixin.py:137} INFO - [2024-01-04T23:16:18.076+0000] {dagbag.py:538} INFO - Filling up the DagBag from /home/airflow/.local/lib/python3.7/site-packages/airflow/example_dags/example_xcomargs.py
[2024-01-04T23:16:18.098+0000] {processor.py:753} INFO - DAG(s) dict_keys(['example_xcom_args', 'example_xcom_args_with_operators']) retrieved from /home/airflow/.local/lib/python3.7/site-packages/airflow/example_dags/example_xcomargs.py
[2024-01-04T23:16:18.124+0000] {logging_mixin.py:137} INFO - [2024-01-04T23:16:18.124+0000] {dag.py:2690} INFO - Sync 2 DAGs
[2024-01-04T23:16:18.142+0000] {logging_mixin.py:137} INFO - [2024-01-04T23:16:18.142+0000] {dag.py:3441} INFO - Setting next_dagrun for example_xcom_args to None, run_after=None
[2024-01-04T23:16:18.144+0000] {logging_mixin.py:137} INFO - [2024-01-04T23:16:18.144+0000] {dag.py:3441} INFO - Setting next_dagrun for example_xcom_args_with_operators to None, run_after=None
[2024-01-04T23:16:18.154+0000] {processor.py:175} INFO - Processing /home/airflow/.local/lib/python3.7/site-packages/airflow/example_dags/example_xcomargs.py took 0.086 seconds
[2024-01-04T23:16:48.524+0000] {processor.py:153} INFO - Started process (PID=1138) to work on /home/airflow/.local/lib/python3.7/site-packages/airflow/example_dags/example_xcomargs.py
[2024-01-04T23:16:48.525+0000] {processor.py:743} INFO - Processing file /home/airflow/.local/lib/python3.7/site-packages/airflow/example_dags/example_xcomargs.py for tasks to queue
[2024-01-04T23:16:48.526+0000] {logging_mixin.py:137} INFO - [2024-01-04T23:16:48.526+0000] {dagbag.py:538} INFO - Filling up the DagBag from /home/airflow/.local/lib/python3.7/site-packages/airflow/example_dags/example_xcomargs.py
[2024-01-04T23:16:48.551+0000] {processor.py:753} INFO - DAG(s) dict_keys(['example_xcom_args', 'example_xcom_args_with_operators']) retrieved from /home/airflow/.local/lib/python3.7/site-packages/airflow/example_dags/example_xcomargs.py
[2024-01-04T23:16:48.592+0000] {logging_mixin.py:137} INFO - [2024-01-04T23:16:48.591+0000] {dag.py:2690} INFO - Sync 2 DAGs
[2024-01-04T23:16:48.612+0000] {logging_mixin.py:137} INFO - [2024-01-04T23:16:48.611+0000] {dag.py:3441} INFO - Setting next_dagrun for example_xcom_args to None, run_after=None
[2024-01-04T23:16:48.614+0000] {logging_mixin.py:137} INFO - [2024-01-04T23:16:48.614+0000] {dag.py:3441} INFO - Setting next_dagrun for example_xcom_args_with_operators to None, run_after=None
[2024-01-04T23:16:48.625+0000] {processor.py:175} INFO - Processing /home/airflow/.local/lib/python3.7/site-packages/airflow/example_dags/example_xcomargs.py took 0.104 seconds
[2024-01-04T23:17:19.366+0000] {processor.py:153} INFO - Started process (PID=1201) to work on /home/airflow/.local/lib/python3.7/site-packages/airflow/example_dags/example_xcomargs.py
[2024-01-04T23:17:19.368+0000] {processor.py:743} INFO - Processing file /home/airflow/.local/lib/python3.7/site-packages/airflow/example_dags/example_xcomargs.py for tasks to queue
[2024-01-04T23:17:19.369+0000] {logging_mixin.py:137} INFO - [2024-01-04T23:17:19.369+0000] {dagbag.py:538} INFO - Filling up the DagBag from /home/airflow/.local/lib/python3.7/site-packages/airflow/example_dags/example_xcomargs.py
[2024-01-04T23:17:19.391+0000] {processor.py:753} INFO - DAG(s) dict_keys(['example_xcom_args', 'example_xcom_args_with_operators']) retrieved from /home/airflow/.local/lib/python3.7/site-packages/airflow/example_dags/example_xcomargs.py
[2024-01-04T23:17:19.418+0000] {logging_mixin.py:137} INFO - [2024-01-04T23:17:19.418+0000] {dag.py:2690} INFO - Sync 2 DAGs
[2024-01-04T23:17:19.437+0000] {logging_mixin.py:137} INFO - [2024-01-04T23:17:19.437+0000] {dag.py:3441} INFO - Setting next_dagrun for example_xcom_args to None, run_after=None
[2024-01-04T23:17:19.440+0000] {logging_mixin.py:137} INFO - [2024-01-04T23:17:19.439+0000] {dag.py:3441} INFO - Setting next_dagrun for example_xcom_args_with_operators to None, run_after=None
[2024-01-04T23:17:19.451+0000] {processor.py:175} INFO - Processing /home/airflow/.local/lib/python3.7/site-packages/airflow/example_dags/example_xcomargs.py took 0.090 seconds
[2024-01-04T23:17:49.942+0000] {processor.py:153} INFO - Started process (PID=1276) to work on /home/airflow/.local/lib/python3.7/site-packages/airflow/example_dags/example_xcomargs.py
[2024-01-04T23:17:49.945+0000] {processor.py:743} INFO - Processing file /home/airflow/.local/lib/python3.7/site-packages/airflow/example_dags/example_xcomargs.py for tasks to queue
[2024-01-04T23:17:49.947+0000] {logging_mixin.py:137} INFO - [2024-01-04T23:17:49.947+0000] {dagbag.py:538} INFO - Filling up the DagBag from /home/airflow/.local/lib/python3.7/site-packages/airflow/example_dags/example_xcomargs.py
[2024-01-04T23:17:49.976+0000] {processor.py:753} INFO - DAG(s) dict_keys(['example_xcom_args_with_operators', 'example_xcom_args']) retrieved from /home/airflow/.local/lib/python3.7/site-packages/airflow/example_dags/example_xcomargs.py
[2024-01-04T23:17:50.010+0000] {logging_mixin.py:137} INFO - [2024-01-04T23:17:50.010+0000] {dag.py:2690} INFO - Sync 2 DAGs
[2024-01-04T23:17:50.029+0000] {logging_mixin.py:137} INFO - [2024-01-04T23:17:50.029+0000] {dag.py:3441} INFO - Setting next_dagrun for example_xcom_args to None, run_after=None
[2024-01-04T23:17:50.032+0000] {logging_mixin.py:137} INFO - [2024-01-04T23:17:50.032+0000] {dag.py:3441} INFO - Setting next_dagrun for example_xcom_args_with_operators to None, run_after=None
[2024-01-04T23:17:50.042+0000] {processor.py:175} INFO - Processing /home/airflow/.local/lib/python3.7/site-packages/airflow/example_dags/example_xcomargs.py took 0.107 seconds
[2024-01-04T23:18:20.674+0000] {processor.py:153} INFO - Started process (PID=1339) to work on /home/airflow/.local/lib/python3.7/site-packages/airflow/example_dags/example_xcomargs.py
[2024-01-04T23:18:20.677+0000] {processor.py:743} INFO - Processing file /home/airflow/.local/lib/python3.7/site-packages/airflow/example_dags/example_xcomargs.py for tasks to queue
[2024-01-04T23:18:20.678+0000] {logging_mixin.py:137} INFO - [2024-01-04T23:18:20.678+0000] {dagbag.py:538} INFO - Filling up the DagBag from /home/airflow/.local/lib/python3.7/site-packages/airflow/example_dags/example_xcomargs.py
[2024-01-04T23:18:20.699+0000] {processor.py:753} INFO - DAG(s) dict_keys(['example_xcom_args', 'example_xcom_args_with_operators']) retrieved from /home/airflow/.local/lib/python3.7/site-packages/airflow/example_dags/example_xcomargs.py
[2024-01-04T23:18:20.720+0000] {logging_mixin.py:137} INFO - [2024-01-04T23:18:20.720+0000] {dag.py:2690} INFO - Sync 2 DAGs
[2024-01-04T23:18:20.734+0000] {logging_mixin.py:137} INFO - [2024-01-04T23:18:20.734+0000] {dag.py:3441} INFO - Setting next_dagrun for example_xcom_args to None, run_after=None
[2024-01-04T23:18:20.737+0000] {logging_mixin.py:137} INFO - [2024-01-04T23:18:20.737+0000] {dag.py:3441} INFO - Setting next_dagrun for example_xcom_args_with_operators to None, run_after=None
[2024-01-04T23:18:20.746+0000] {processor.py:175} INFO - Processing /home/airflow/.local/lib/python3.7/site-packages/airflow/example_dags/example_xcomargs.py took 0.076 seconds
[2024-01-04T23:18:51.348+0000] {processor.py:153} INFO - Started process (PID=1415) to work on /home/airflow/.local/lib/python3.7/site-packages/airflow/example_dags/example_xcomargs.py
[2024-01-04T23:18:51.350+0000] {processor.py:743} INFO - Processing file /home/airflow/.local/lib/python3.7/site-packages/airflow/example_dags/example_xcomargs.py for tasks to queue
[2024-01-04T23:18:51.351+0000] {logging_mixin.py:137} INFO - [2024-01-04T23:18:51.351+0000] {dagbag.py:538} INFO - Filling up the DagBag from /home/airflow/.local/lib/python3.7/site-packages/airflow/example_dags/example_xcomargs.py
[2024-01-04T23:18:51.374+0000] {processor.py:753} INFO - DAG(s) dict_keys(['example_xcom_args_with_operators', 'example_xcom_args']) retrieved from /home/airflow/.local/lib/python3.7/site-packages/airflow/example_dags/example_xcomargs.py
[2024-01-04T23:18:51.395+0000] {logging_mixin.py:137} INFO - [2024-01-04T23:18:51.395+0000] {dag.py:2690} INFO - Sync 2 DAGs
[2024-01-04T23:18:51.411+0000] {logging_mixin.py:137} INFO - [2024-01-04T23:18:51.411+0000] {dag.py:3441} INFO - Setting next_dagrun for example_xcom_args to None, run_after=None
[2024-01-04T23:18:51.414+0000] {logging_mixin.py:137} INFO - [2024-01-04T23:18:51.414+0000] {dag.py:3441} INFO - Setting next_dagrun for example_xcom_args_with_operators to None, run_after=None
[2024-01-04T23:18:51.426+0000] {processor.py:175} INFO - Processing /home/airflow/.local/lib/python3.7/site-packages/airflow/example_dags/example_xcomargs.py took 0.082 seconds
[2024-01-04T23:19:22.273+0000] {processor.py:153} INFO - Started process (PID=1480) to work on /home/airflow/.local/lib/python3.7/site-packages/airflow/example_dags/example_xcomargs.py
[2024-01-04T23:19:22.277+0000] {processor.py:743} INFO - Processing file /home/airflow/.local/lib/python3.7/site-packages/airflow/example_dags/example_xcomargs.py for tasks to queue
[2024-01-04T23:19:22.278+0000] {logging_mixin.py:137} INFO - [2024-01-04T23:19:22.278+0000] {dagbag.py:538} INFO - Filling up the DagBag from /home/airflow/.local/lib/python3.7/site-packages/airflow/example_dags/example_xcomargs.py
[2024-01-04T23:19:22.309+0000] {processor.py:753} INFO - DAG(s) dict_keys(['example_xcom_args', 'example_xcom_args_with_operators']) retrieved from /home/airflow/.local/lib/python3.7/site-packages/airflow/example_dags/example_xcomargs.py
[2024-01-04T23:19:22.354+0000] {logging_mixin.py:137} INFO - [2024-01-04T23:19:22.353+0000] {dag.py:2690} INFO - Sync 2 DAGs
[2024-01-04T23:19:22.380+0000] {logging_mixin.py:137} INFO - [2024-01-04T23:19:22.380+0000] {dag.py:3441} INFO - Setting next_dagrun for example_xcom_args to None, run_after=None
[2024-01-04T23:19:22.385+0000] {logging_mixin.py:137} INFO - [2024-01-04T23:19:22.384+0000] {dag.py:3441} INFO - Setting next_dagrun for example_xcom_args_with_operators to None, run_after=None
[2024-01-04T23:19:22.405+0000] {processor.py:175} INFO - Processing /home/airflow/.local/lib/python3.7/site-packages/airflow/example_dags/example_xcomargs.py took 0.136 seconds
[2024-01-04T23:19:53.080+0000] {processor.py:153} INFO - Started process (PID=1556) to work on /home/airflow/.local/lib/python3.7/site-packages/airflow/example_dags/example_xcomargs.py
[2024-01-04T23:19:53.083+0000] {processor.py:743} INFO - Processing file /home/airflow/.local/lib/python3.7/site-packages/airflow/example_dags/example_xcomargs.py for tasks to queue
[2024-01-04T23:19:53.085+0000] {logging_mixin.py:137} INFO - [2024-01-04T23:19:53.084+0000] {dagbag.py:538} INFO - Filling up the DagBag from /home/airflow/.local/lib/python3.7/site-packages/airflow/example_dags/example_xcomargs.py
[2024-01-04T23:19:53.109+0000] {processor.py:753} INFO - DAG(s) dict_keys(['example_xcom_args_with_operators', 'example_xcom_args']) retrieved from /home/airflow/.local/lib/python3.7/site-packages/airflow/example_dags/example_xcomargs.py
[2024-01-04T23:19:53.133+0000] {logging_mixin.py:137} INFO - [2024-01-04T23:19:53.133+0000] {dag.py:2690} INFO - Sync 2 DAGs
[2024-01-04T23:19:53.150+0000] {logging_mixin.py:137} INFO - [2024-01-04T23:19:53.150+0000] {dag.py:3441} INFO - Setting next_dagrun for example_xcom_args to None, run_after=None
[2024-01-04T23:19:53.153+0000] {logging_mixin.py:137} INFO - [2024-01-04T23:19:53.152+0000] {dag.py:3441} INFO - Setting next_dagrun for example_xcom_args_with_operators to None, run_after=None
[2024-01-04T23:19:53.164+0000] {processor.py:175} INFO - Processing /home/airflow/.local/lib/python3.7/site-packages/airflow/example_dags/example_xcomargs.py took 0.088 seconds
[2024-01-04T23:20:24.113+0000] {processor.py:153} INFO - Started process (PID=1631) to work on /home/airflow/.local/lib/python3.7/site-packages/airflow/example_dags/example_xcomargs.py
[2024-01-04T23:20:24.118+0000] {processor.py:743} INFO - Processing file /home/airflow/.local/lib/python3.7/site-packages/airflow/example_dags/example_xcomargs.py for tasks to queue
[2024-01-04T23:20:24.123+0000] {logging_mixin.py:137} INFO - [2024-01-04T23:20:24.123+0000] {dagbag.py:538} INFO - Filling up the DagBag from /home/airflow/.local/lib/python3.7/site-packages/airflow/example_dags/example_xcomargs.py
[2024-01-04T23:20:24.189+0000] {processor.py:753} INFO - DAG(s) dict_keys(['example_xcom_args_with_operators', 'example_xcom_args']) retrieved from /home/airflow/.local/lib/python3.7/site-packages/airflow/example_dags/example_xcomargs.py
[2024-01-04T23:20:24.257+0000] {logging_mixin.py:137} INFO - [2024-01-04T23:20:24.257+0000] {dag.py:2690} INFO - Sync 2 DAGs
[2024-01-04T23:20:24.301+0000] {logging_mixin.py:137} INFO - [2024-01-04T23:20:24.301+0000] {dag.py:3441} INFO - Setting next_dagrun for example_xcom_args to None, run_after=None
[2024-01-04T23:20:24.305+0000] {logging_mixin.py:137} INFO - [2024-01-04T23:20:24.305+0000] {dag.py:3441} INFO - Setting next_dagrun for example_xcom_args_with_operators to None, run_after=None
[2024-01-04T23:20:24.319+0000] {processor.py:175} INFO - Processing /home/airflow/.local/lib/python3.7/site-packages/airflow/example_dags/example_xcomargs.py took 0.216 seconds
[2024-01-04T23:20:54.437+0000] {processor.py:153} INFO - Started process (PID=1694) to work on /home/airflow/.local/lib/python3.7/site-packages/airflow/example_dags/example_xcomargs.py
[2024-01-04T23:20:54.445+0000] {processor.py:743} INFO - Processing file /home/airflow/.local/lib/python3.7/site-packages/airflow/example_dags/example_xcomargs.py for tasks to queue
[2024-01-04T23:20:54.450+0000] {logging_mixin.py:137} INFO - [2024-01-04T23:20:54.449+0000] {dagbag.py:538} INFO - Filling up the DagBag from /home/airflow/.local/lib/python3.7/site-packages/airflow/example_dags/example_xcomargs.py
[2024-01-04T23:20:54.526+0000] {processor.py:753} INFO - DAG(s) dict_keys(['example_xcom_args', 'example_xcom_args_with_operators']) retrieved from /home/airflow/.local/lib/python3.7/site-packages/airflow/example_dags/example_xcomargs.py
[2024-01-04T23:20:54.607+0000] {logging_mixin.py:137} INFO - [2024-01-04T23:20:54.606+0000] {dag.py:2690} INFO - Sync 2 DAGs
[2024-01-04T23:20:54.632+0000] {logging_mixin.py:137} INFO - [2024-01-04T23:20:54.632+0000] {dag.py:3441} INFO - Setting next_dagrun for example_xcom_args to None, run_after=None
[2024-01-04T23:20:54.636+0000] {logging_mixin.py:137} INFO - [2024-01-04T23:20:54.636+0000] {dag.py:3441} INFO - Setting next_dagrun for example_xcom_args_with_operators to None, run_after=None
[2024-01-04T23:20:54.651+0000] {processor.py:175} INFO - Processing /home/airflow/.local/lib/python3.7/site-packages/airflow/example_dags/example_xcomargs.py took 0.228 seconds
[2024-01-04T23:21:24.703+0000] {processor.py:153} INFO - Started process (PID=1768) to work on /home/airflow/.local/lib/python3.7/site-packages/airflow/example_dags/example_xcomargs.py
[2024-01-04T23:21:24.705+0000] {processor.py:743} INFO - Processing file /home/airflow/.local/lib/python3.7/site-packages/airflow/example_dags/example_xcomargs.py for tasks to queue
[2024-01-04T23:21:24.706+0000] {logging_mixin.py:137} INFO - [2024-01-04T23:21:24.706+0000] {dagbag.py:538} INFO - Filling up the DagBag from /home/airflow/.local/lib/python3.7/site-packages/airflow/example_dags/example_xcomargs.py
[2024-01-04T23:21:24.730+0000] {processor.py:753} INFO - DAG(s) dict_keys(['example_xcom_args', 'example_xcom_args_with_operators']) retrieved from /home/airflow/.local/lib/python3.7/site-packages/airflow/example_dags/example_xcomargs.py
[2024-01-04T23:21:24.778+0000] {logging_mixin.py:137} INFO - [2024-01-04T23:21:24.777+0000] {dag.py:2690} INFO - Sync 2 DAGs
[2024-01-04T23:21:24.796+0000] {logging_mixin.py:137} INFO - [2024-01-04T23:21:24.796+0000] {dag.py:3441} INFO - Setting next_dagrun for example_xcom_args to None, run_after=None
[2024-01-04T23:21:24.799+0000] {logging_mixin.py:137} INFO - [2024-01-04T23:21:24.799+0000] {dag.py:3441} INFO - Setting next_dagrun for example_xcom_args_with_operators to None, run_after=None
[2024-01-04T23:21:24.810+0000] {processor.py:175} INFO - Processing /home/airflow/.local/lib/python3.7/site-packages/airflow/example_dags/example_xcomargs.py took 0.112 seconds
[2024-01-04T23:21:55.664+0000] {processor.py:153} INFO - Started process (PID=1832) to work on /home/airflow/.local/lib/python3.7/site-packages/airflow/example_dags/example_xcomargs.py
[2024-01-04T23:21:55.666+0000] {processor.py:743} INFO - Processing file /home/airflow/.local/lib/python3.7/site-packages/airflow/example_dags/example_xcomargs.py for tasks to queue
[2024-01-04T23:21:55.667+0000] {logging_mixin.py:137} INFO - [2024-01-04T23:21:55.667+0000] {dagbag.py:538} INFO - Filling up the DagBag from /home/airflow/.local/lib/python3.7/site-packages/airflow/example_dags/example_xcomargs.py
[2024-01-04T23:21:55.689+0000] {processor.py:753} INFO - DAG(s) dict_keys(['example_xcom_args', 'example_xcom_args_with_operators']) retrieved from /home/airflow/.local/lib/python3.7/site-packages/airflow/example_dags/example_xcomargs.py
[2024-01-04T23:21:55.712+0000] {logging_mixin.py:137} INFO - [2024-01-04T23:21:55.712+0000] {dag.py:2690} INFO - Sync 2 DAGs
[2024-01-04T23:21:55.730+0000] {logging_mixin.py:137} INFO - [2024-01-04T23:21:55.730+0000] {dag.py:3441} INFO - Setting next_dagrun for example_xcom_args to None, run_after=None
[2024-01-04T23:21:55.732+0000] {logging_mixin.py:137} INFO - [2024-01-04T23:21:55.732+0000] {dag.py:3441} INFO - Setting next_dagrun for example_xcom_args_with_operators to None, run_after=None
[2024-01-04T23:21:55.742+0000] {processor.py:175} INFO - Processing /home/airflow/.local/lib/python3.7/site-packages/airflow/example_dags/example_xcomargs.py took 0.083 seconds
[2024-01-04T23:22:26.381+0000] {processor.py:153} INFO - Started process (PID=1907) to work on /home/airflow/.local/lib/python3.7/site-packages/airflow/example_dags/example_xcomargs.py
[2024-01-04T23:22:26.382+0000] {processor.py:743} INFO - Processing file /home/airflow/.local/lib/python3.7/site-packages/airflow/example_dags/example_xcomargs.py for tasks to queue
[2024-01-04T23:22:26.384+0000] {logging_mixin.py:137} INFO - [2024-01-04T23:22:26.384+0000] {dagbag.py:538} INFO - Filling up the DagBag from /home/airflow/.local/lib/python3.7/site-packages/airflow/example_dags/example_xcomargs.py
[2024-01-04T23:22:26.411+0000] {processor.py:753} INFO - DAG(s) dict_keys(['example_xcom_args', 'example_xcom_args_with_operators']) retrieved from /home/airflow/.local/lib/python3.7/site-packages/airflow/example_dags/example_xcomargs.py
[2024-01-04T23:22:26.459+0000] {logging_mixin.py:137} INFO - [2024-01-04T23:22:26.458+0000] {dag.py:2690} INFO - Sync 2 DAGs
[2024-01-04T23:22:26.493+0000] {logging_mixin.py:137} INFO - [2024-01-04T23:22:26.493+0000] {dag.py:3441} INFO - Setting next_dagrun for example_xcom_args to None, run_after=None
[2024-01-04T23:22:26.499+0000] {logging_mixin.py:137} INFO - [2024-01-04T23:22:26.499+0000] {dag.py:3441} INFO - Setting next_dagrun for example_xcom_args_with_operators to None, run_after=None
[2024-01-04T23:22:26.513+0000] {processor.py:175} INFO - Processing /home/airflow/.local/lib/python3.7/site-packages/airflow/example_dags/example_xcomargs.py took 0.139 seconds
[2024-01-04T23:22:57.274+0000] {processor.py:153} INFO - Started process (PID=1983) to work on /home/airflow/.local/lib/python3.7/site-packages/airflow/example_dags/example_xcomargs.py
[2024-01-04T23:22:57.277+0000] {processor.py:743} INFO - Processing file /home/airflow/.local/lib/python3.7/site-packages/airflow/example_dags/example_xcomargs.py for tasks to queue
[2024-01-04T23:22:57.280+0000] {logging_mixin.py:137} INFO - [2024-01-04T23:22:57.279+0000] {dagbag.py:538} INFO - Filling up the DagBag from /home/airflow/.local/lib/python3.7/site-packages/airflow/example_dags/example_xcomargs.py
[2024-01-04T23:22:57.324+0000] {processor.py:753} INFO - DAG(s) dict_keys(['example_xcom_args_with_operators', 'example_xcom_args']) retrieved from /home/airflow/.local/lib/python3.7/site-packages/airflow/example_dags/example_xcomargs.py
[2024-01-04T23:22:57.369+0000] {logging_mixin.py:137} INFO - [2024-01-04T23:22:57.369+0000] {dag.py:2690} INFO - Sync 2 DAGs
[2024-01-04T23:22:57.397+0000] {logging_mixin.py:137} INFO - [2024-01-04T23:22:57.397+0000] {dag.py:3441} INFO - Setting next_dagrun for example_xcom_args to None, run_after=None
[2024-01-04T23:22:57.403+0000] {logging_mixin.py:137} INFO - [2024-01-04T23:22:57.402+0000] {dag.py:3441} INFO - Setting next_dagrun for example_xcom_args_with_operators to None, run_after=None
[2024-01-04T23:22:57.425+0000] {processor.py:175} INFO - Processing /home/airflow/.local/lib/python3.7/site-packages/airflow/example_dags/example_xcomargs.py took 0.156 seconds
[2024-01-04T23:23:27.946+0000] {processor.py:153} INFO - Started process (PID=2047) to work on /home/airflow/.local/lib/python3.7/site-packages/airflow/example_dags/example_xcomargs.py
[2024-01-04T23:23:27.947+0000] {processor.py:743} INFO - Processing file /home/airflow/.local/lib/python3.7/site-packages/airflow/example_dags/example_xcomargs.py for tasks to queue
[2024-01-04T23:23:27.948+0000] {logging_mixin.py:137} INFO - [2024-01-04T23:23:27.948+0000] {dagbag.py:538} INFO - Filling up the DagBag from /home/airflow/.local/lib/python3.7/site-packages/airflow/example_dags/example_xcomargs.py
[2024-01-04T23:23:27.966+0000] {processor.py:753} INFO - DAG(s) dict_keys(['example_xcom_args', 'example_xcom_args_with_operators']) retrieved from /home/airflow/.local/lib/python3.7/site-packages/airflow/example_dags/example_xcomargs.py
[2024-01-04T23:23:27.987+0000] {logging_mixin.py:137} INFO - [2024-01-04T23:23:27.987+0000] {dag.py:2690} INFO - Sync 2 DAGs
[2024-01-04T23:23:28.004+0000] {logging_mixin.py:137} INFO - [2024-01-04T23:23:28.004+0000] {dag.py:3441} INFO - Setting next_dagrun for example_xcom_args to None, run_after=None
[2024-01-04T23:23:28.007+0000] {logging_mixin.py:137} INFO - [2024-01-04T23:23:28.007+0000] {dag.py:3441} INFO - Setting next_dagrun for example_xcom_args_with_operators to None, run_after=None
[2024-01-04T23:23:28.017+0000] {processor.py:175} INFO - Processing /home/airflow/.local/lib/python3.7/site-packages/airflow/example_dags/example_xcomargs.py took 0.076 seconds
[2024-01-04T23:23:58.570+0000] {processor.py:153} INFO - Started process (PID=2123) to work on /home/airflow/.local/lib/python3.7/site-packages/airflow/example_dags/example_xcomargs.py
[2024-01-04T23:23:58.572+0000] {processor.py:743} INFO - Processing file /home/airflow/.local/lib/python3.7/site-packages/airflow/example_dags/example_xcomargs.py for tasks to queue
[2024-01-04T23:23:58.573+0000] {logging_mixin.py:137} INFO - [2024-01-04T23:23:58.573+0000] {dagbag.py:538} INFO - Filling up the DagBag from /home/airflow/.local/lib/python3.7/site-packages/airflow/example_dags/example_xcomargs.py
[2024-01-04T23:23:58.614+0000] {processor.py:753} INFO - DAG(s) dict_keys(['example_xcom_args_with_operators', 'example_xcom_args']) retrieved from /home/airflow/.local/lib/python3.7/site-packages/airflow/example_dags/example_xcomargs.py
[2024-01-04T23:23:58.683+0000] {logging_mixin.py:137} INFO - [2024-01-04T23:23:58.683+0000] {dag.py:2690} INFO - Sync 2 DAGs
[2024-01-04T23:23:58.716+0000] {logging_mixin.py:137} INFO - [2024-01-04T23:23:58.716+0000] {dag.py:3441} INFO - Setting next_dagrun for example_xcom_args to None, run_after=None
[2024-01-04T23:23:58.721+0000] {logging_mixin.py:137} INFO - [2024-01-04T23:23:58.721+0000] {dag.py:3441} INFO - Setting next_dagrun for example_xcom_args_with_operators to None, run_after=None
[2024-01-04T23:23:58.755+0000] {processor.py:175} INFO - Processing /home/airflow/.local/lib/python3.7/site-packages/airflow/example_dags/example_xcomargs.py took 0.187 seconds
[2024-01-04T23:24:29.653+0000] {processor.py:153} INFO - Started process (PID=2186) to work on /home/airflow/.local/lib/python3.7/site-packages/airflow/example_dags/example_xcomargs.py
[2024-01-04T23:24:29.655+0000] {processor.py:743} INFO - Processing file /home/airflow/.local/lib/python3.7/site-packages/airflow/example_dags/example_xcomargs.py for tasks to queue
[2024-01-04T23:24:29.656+0000] {logging_mixin.py:137} INFO - [2024-01-04T23:24:29.656+0000] {dagbag.py:538} INFO - Filling up the DagBag from /home/airflow/.local/lib/python3.7/site-packages/airflow/example_dags/example_xcomargs.py
[2024-01-04T23:24:29.680+0000] {processor.py:753} INFO - DAG(s) dict_keys(['example_xcom_args', 'example_xcom_args_with_operators']) retrieved from /home/airflow/.local/lib/python3.7/site-packages/airflow/example_dags/example_xcomargs.py
[2024-01-04T23:24:29.705+0000] {logging_mixin.py:137} INFO - [2024-01-04T23:24:29.705+0000] {dag.py:2690} INFO - Sync 2 DAGs
[2024-01-04T23:24:29.721+0000] {logging_mixin.py:137} INFO - [2024-01-04T23:24:29.721+0000] {dag.py:3441} INFO - Setting next_dagrun for example_xcom_args to None, run_after=None
[2024-01-04T23:24:29.723+0000] {logging_mixin.py:137} INFO - [2024-01-04T23:24:29.723+0000] {dag.py:3441} INFO - Setting next_dagrun for example_xcom_args_with_operators to None, run_after=None
[2024-01-04T23:24:29.734+0000] {processor.py:175} INFO - Processing /home/airflow/.local/lib/python3.7/site-packages/airflow/example_dags/example_xcomargs.py took 0.086 seconds
[2024-01-04T23:24:59.940+0000] {processor.py:153} INFO - Started process (PID=2261) to work on /home/airflow/.local/lib/python3.7/site-packages/airflow/example_dags/example_xcomargs.py
[2024-01-04T23:24:59.942+0000] {processor.py:743} INFO - Processing file /home/airflow/.local/lib/python3.7/site-packages/airflow/example_dags/example_xcomargs.py for tasks to queue
[2024-01-04T23:24:59.943+0000] {logging_mixin.py:137} INFO - [2024-01-04T23:24:59.943+0000] {dagbag.py:538} INFO - Filling up the DagBag from /home/airflow/.local/lib/python3.7/site-packages/airflow/example_dags/example_xcomargs.py
[2024-01-04T23:24:59.967+0000] {processor.py:753} INFO - DAG(s) dict_keys(['example_xcom_args', 'example_xcom_args_with_operators']) retrieved from /home/airflow/.local/lib/python3.7/site-packages/airflow/example_dags/example_xcomargs.py
[2024-01-04T23:25:00.003+0000] {logging_mixin.py:137} INFO - [2024-01-04T23:25:00.003+0000] {dag.py:2690} INFO - Sync 2 DAGs
[2024-01-04T23:25:00.025+0000] {logging_mixin.py:137} INFO - [2024-01-04T23:25:00.025+0000] {dag.py:3441} INFO - Setting next_dagrun for example_xcom_args to None, run_after=None
[2024-01-04T23:25:00.027+0000] {logging_mixin.py:137} INFO - [2024-01-04T23:25:00.027+0000] {dag.py:3441} INFO - Setting next_dagrun for example_xcom_args_with_operators to None, run_after=None
[2024-01-04T23:25:00.040+0000] {processor.py:175} INFO - Processing /home/airflow/.local/lib/python3.7/site-packages/airflow/example_dags/example_xcomargs.py took 0.105 seconds
[2024-01-04T23:25:31.094+0000] {processor.py:153} INFO - Started process (PID=2334) to work on /home/airflow/.local/lib/python3.7/site-packages/airflow/example_dags/example_xcomargs.py
[2024-01-04T23:25:31.097+0000] {processor.py:743} INFO - Processing file /home/airflow/.local/lib/python3.7/site-packages/airflow/example_dags/example_xcomargs.py for tasks to queue
[2024-01-04T23:25:31.098+0000] {logging_mixin.py:137} INFO - [2024-01-04T23:25:31.098+0000] {dagbag.py:538} INFO - Filling up the DagBag from /home/airflow/.local/lib/python3.7/site-packages/airflow/example_dags/example_xcomargs.py
[2024-01-04T23:25:31.158+0000] {processor.py:753} INFO - DAG(s) dict_keys(['example_xcom_args', 'example_xcom_args_with_operators']) retrieved from /home/airflow/.local/lib/python3.7/site-packages/airflow/example_dags/example_xcomargs.py
[2024-01-04T23:25:31.214+0000] {logging_mixin.py:137} INFO - [2024-01-04T23:25:31.214+0000] {dag.py:2690} INFO - Sync 2 DAGs
[2024-01-04T23:25:31.243+0000] {logging_mixin.py:137} INFO - [2024-01-04T23:25:31.242+0000] {dag.py:3441} INFO - Setting next_dagrun for example_xcom_args to None, run_after=None
[2024-01-04T23:25:31.246+0000] {logging_mixin.py:137} INFO - [2024-01-04T23:25:31.246+0000] {dag.py:3441} INFO - Setting next_dagrun for example_xcom_args_with_operators to None, run_after=None
[2024-01-04T23:25:31.262+0000] {processor.py:175} INFO - Processing /home/airflow/.local/lib/python3.7/site-packages/airflow/example_dags/example_xcomargs.py took 0.172 seconds
[2024-01-04T23:26:02.236+0000] {processor.py:153} INFO - Started process (PID=2400) to work on /home/airflow/.local/lib/python3.7/site-packages/airflow/example_dags/example_xcomargs.py
[2024-01-04T23:26:02.237+0000] {processor.py:743} INFO - Processing file /home/airflow/.local/lib/python3.7/site-packages/airflow/example_dags/example_xcomargs.py for tasks to queue
[2024-01-04T23:26:02.238+0000] {logging_mixin.py:137} INFO - [2024-01-04T23:26:02.238+0000] {dagbag.py:538} INFO - Filling up the DagBag from /home/airflow/.local/lib/python3.7/site-packages/airflow/example_dags/example_xcomargs.py
[2024-01-04T23:26:02.255+0000] {processor.py:753} INFO - DAG(s) dict_keys(['example_xcom_args_with_operators', 'example_xcom_args']) retrieved from /home/airflow/.local/lib/python3.7/site-packages/airflow/example_dags/example_xcomargs.py
[2024-01-04T23:26:02.279+0000] {logging_mixin.py:137} INFO - [2024-01-04T23:26:02.279+0000] {dag.py:2690} INFO - Sync 2 DAGs
[2024-01-04T23:26:02.294+0000] {logging_mixin.py:137} INFO - [2024-01-04T23:26:02.294+0000] {dag.py:3441} INFO - Setting next_dagrun for example_xcom_args to None, run_after=None
[2024-01-04T23:26:02.297+0000] {logging_mixin.py:137} INFO - [2024-01-04T23:26:02.297+0000] {dag.py:3441} INFO - Setting next_dagrun for example_xcom_args_with_operators to None, run_after=None
[2024-01-04T23:26:02.313+0000] {processor.py:175} INFO - Processing /home/airflow/.local/lib/python3.7/site-packages/airflow/example_dags/example_xcomargs.py took 0.080 seconds
[2024-01-04T23:26:33.154+0000] {processor.py:153} INFO - Started process (PID=2474) to work on /home/airflow/.local/lib/python3.7/site-packages/airflow/example_dags/example_xcomargs.py
[2024-01-04T23:26:33.158+0000] {processor.py:743} INFO - Processing file /home/airflow/.local/lib/python3.7/site-packages/airflow/example_dags/example_xcomargs.py for tasks to queue
[2024-01-04T23:26:33.162+0000] {logging_mixin.py:137} INFO - [2024-01-04T23:26:33.162+0000] {dagbag.py:538} INFO - Filling up the DagBag from /home/airflow/.local/lib/python3.7/site-packages/airflow/example_dags/example_xcomargs.py
[2024-01-04T23:26:33.205+0000] {processor.py:753} INFO - DAG(s) dict_keys(['example_xcom_args', 'example_xcom_args_with_operators']) retrieved from /home/airflow/.local/lib/python3.7/site-packages/airflow/example_dags/example_xcomargs.py
[2024-01-04T23:26:33.248+0000] {logging_mixin.py:137} INFO - [2024-01-04T23:26:33.248+0000] {dag.py:2690} INFO - Sync 2 DAGs
[2024-01-04T23:26:33.270+0000] {logging_mixin.py:137} INFO - [2024-01-04T23:26:33.270+0000] {dag.py:3441} INFO - Setting next_dagrun for example_xcom_args to None, run_after=None
[2024-01-04T23:26:33.273+0000] {logging_mixin.py:137} INFO - [2024-01-04T23:26:33.273+0000] {dag.py:3441} INFO - Setting next_dagrun for example_xcom_args_with_operators to None, run_after=None
[2024-01-04T23:26:33.284+0000] {processor.py:175} INFO - Processing /home/airflow/.local/lib/python3.7/site-packages/airflow/example_dags/example_xcomargs.py took 0.139 seconds
[2024-01-04T23:27:03.703+0000] {processor.py:153} INFO - Started process (PID=2537) to work on /home/airflow/.local/lib/python3.7/site-packages/airflow/example_dags/example_xcomargs.py
[2024-01-04T23:27:03.705+0000] {processor.py:743} INFO - Processing file /home/airflow/.local/lib/python3.7/site-packages/airflow/example_dags/example_xcomargs.py for tasks to queue
[2024-01-04T23:27:03.706+0000] {logging_mixin.py:137} INFO - [2024-01-04T23:27:03.705+0000] {dagbag.py:538} INFO - Filling up the DagBag from /home/airflow/.local/lib/python3.7/site-packages/airflow/example_dags/example_xcomargs.py
[2024-01-04T23:27:03.729+0000] {processor.py:753} INFO - DAG(s) dict_keys(['example_xcom_args_with_operators', 'example_xcom_args']) retrieved from /home/airflow/.local/lib/python3.7/site-packages/airflow/example_dags/example_xcomargs.py
[2024-01-04T23:27:03.760+0000] {logging_mixin.py:137} INFO - [2024-01-04T23:27:03.760+0000] {dag.py:2690} INFO - Sync 2 DAGs
[2024-01-04T23:27:03.781+0000] {logging_mixin.py:137} INFO - [2024-01-04T23:27:03.781+0000] {dag.py:3441} INFO - Setting next_dagrun for example_xcom_args to None, run_after=None
[2024-01-04T23:27:03.786+0000] {logging_mixin.py:137} INFO - [2024-01-04T23:27:03.786+0000] {dag.py:3441} INFO - Setting next_dagrun for example_xcom_args_with_operators to None, run_after=None
[2024-01-04T23:27:03.797+0000] {processor.py:175} INFO - Processing /home/airflow/.local/lib/python3.7/site-packages/airflow/example_dags/example_xcomargs.py took 0.099 seconds
[2024-01-04T23:27:34.305+0000] {processor.py:153} INFO - Started process (PID=2612) to work on /home/airflow/.local/lib/python3.7/site-packages/airflow/example_dags/example_xcomargs.py
[2024-01-04T23:27:34.306+0000] {processor.py:743} INFO - Processing file /home/airflow/.local/lib/python3.7/site-packages/airflow/example_dags/example_xcomargs.py for tasks to queue
[2024-01-04T23:27:34.308+0000] {logging_mixin.py:137} INFO - [2024-01-04T23:27:34.307+0000] {dagbag.py:538} INFO - Filling up the DagBag from /home/airflow/.local/lib/python3.7/site-packages/airflow/example_dags/example_xcomargs.py
[2024-01-04T23:27:34.333+0000] {processor.py:753} INFO - DAG(s) dict_keys(['example_xcom_args', 'example_xcom_args_with_operators']) retrieved from /home/airflow/.local/lib/python3.7/site-packages/airflow/example_dags/example_xcomargs.py
[2024-01-04T23:27:34.360+0000] {logging_mixin.py:137} INFO - [2024-01-04T23:27:34.360+0000] {dag.py:2690} INFO - Sync 2 DAGs
[2024-01-04T23:27:34.377+0000] {logging_mixin.py:137} INFO - [2024-01-04T23:27:34.377+0000] {dag.py:3441} INFO - Setting next_dagrun for example_xcom_args to None, run_after=None
[2024-01-04T23:27:34.380+0000] {logging_mixin.py:137} INFO - [2024-01-04T23:27:34.380+0000] {dag.py:3441} INFO - Setting next_dagrun for example_xcom_args_with_operators to None, run_after=None
[2024-01-04T23:27:34.390+0000] {processor.py:175} INFO - Processing /home/airflow/.local/lib/python3.7/site-packages/airflow/example_dags/example_xcomargs.py took 0.090 seconds
[2024-01-04T23:28:04.742+0000] {processor.py:153} INFO - Started process (PID=2689) to work on /home/airflow/.local/lib/python3.7/site-packages/airflow/example_dags/example_xcomargs.py
[2024-01-04T23:28:04.747+0000] {processor.py:743} INFO - Processing file /home/airflow/.local/lib/python3.7/site-packages/airflow/example_dags/example_xcomargs.py for tasks to queue
[2024-01-04T23:28:04.749+0000] {logging_mixin.py:137} INFO - [2024-01-04T23:28:04.748+0000] {dagbag.py:538} INFO - Filling up the DagBag from /home/airflow/.local/lib/python3.7/site-packages/airflow/example_dags/example_xcomargs.py
[2024-01-04T23:28:04.778+0000] {processor.py:753} INFO - DAG(s) dict_keys(['example_xcom_args_with_operators', 'example_xcom_args']) retrieved from /home/airflow/.local/lib/python3.7/site-packages/airflow/example_dags/example_xcomargs.py
[2024-01-04T23:28:04.840+0000] {logging_mixin.py:137} INFO - [2024-01-04T23:28:04.840+0000] {dag.py:2690} INFO - Sync 2 DAGs
[2024-01-04T23:28:04.873+0000] {logging_mixin.py:137} INFO - [2024-01-04T23:28:04.873+0000] {dag.py:3441} INFO - Setting next_dagrun for example_xcom_args to None, run_after=None
[2024-01-04T23:28:04.878+0000] {logging_mixin.py:137} INFO - [2024-01-04T23:28:04.878+0000] {dag.py:3441} INFO - Setting next_dagrun for example_xcom_args_with_operators to None, run_after=None
[2024-01-04T23:28:04.905+0000] {processor.py:175} INFO - Processing /home/airflow/.local/lib/python3.7/site-packages/airflow/example_dags/example_xcomargs.py took 0.176 seconds
[2024-01-04T23:28:35.610+0000] {processor.py:153} INFO - Started process (PID=2752) to work on /home/airflow/.local/lib/python3.7/site-packages/airflow/example_dags/example_xcomargs.py
[2024-01-04T23:28:35.612+0000] {processor.py:743} INFO - Processing file /home/airflow/.local/lib/python3.7/site-packages/airflow/example_dags/example_xcomargs.py for tasks to queue
[2024-01-04T23:28:35.612+0000] {logging_mixin.py:137} INFO - [2024-01-04T23:28:35.612+0000] {dagbag.py:538} INFO - Filling up the DagBag from /home/airflow/.local/lib/python3.7/site-packages/airflow/example_dags/example_xcomargs.py
[2024-01-04T23:28:35.639+0000] {processor.py:753} INFO - DAG(s) dict_keys(['example_xcom_args', 'example_xcom_args_with_operators']) retrieved from /home/airflow/.local/lib/python3.7/site-packages/airflow/example_dags/example_xcomargs.py
[2024-01-04T23:28:35.704+0000] {logging_mixin.py:137} INFO - [2024-01-04T23:28:35.704+0000] {dag.py:2690} INFO - Sync 2 DAGs
[2024-01-04T23:28:35.736+0000] {logging_mixin.py:137} INFO - [2024-01-04T23:28:35.736+0000] {dag.py:3441} INFO - Setting next_dagrun for example_xcom_args to None, run_after=None
[2024-01-04T23:28:35.741+0000] {logging_mixin.py:137} INFO - [2024-01-04T23:28:35.741+0000] {dag.py:3441} INFO - Setting next_dagrun for example_xcom_args_with_operators to None, run_after=None
[2024-01-04T23:28:35.771+0000] {processor.py:175} INFO - Processing /home/airflow/.local/lib/python3.7/site-packages/airflow/example_dags/example_xcomargs.py took 0.164 seconds
[2024-01-04T23:29:06.598+0000] {processor.py:153} INFO - Started process (PID=2827) to work on /home/airflow/.local/lib/python3.7/site-packages/airflow/example_dags/example_xcomargs.py
[2024-01-04T23:29:06.600+0000] {processor.py:743} INFO - Processing file /home/airflow/.local/lib/python3.7/site-packages/airflow/example_dags/example_xcomargs.py for tasks to queue
[2024-01-04T23:29:06.601+0000] {logging_mixin.py:137} INFO - [2024-01-04T23:29:06.601+0000] {dagbag.py:538} INFO - Filling up the DagBag from /home/airflow/.local/lib/python3.7/site-packages/airflow/example_dags/example_xcomargs.py
[2024-01-04T23:29:06.624+0000] {processor.py:753} INFO - DAG(s) dict_keys(['example_xcom_args_with_operators', 'example_xcom_args']) retrieved from /home/airflow/.local/lib/python3.7/site-packages/airflow/example_dags/example_xcomargs.py
[2024-01-04T23:29:06.655+0000] {logging_mixin.py:137} INFO - [2024-01-04T23:29:06.655+0000] {dag.py:2690} INFO - Sync 2 DAGs
[2024-01-04T23:29:06.673+0000] {logging_mixin.py:137} INFO - [2024-01-04T23:29:06.673+0000] {dag.py:3441} INFO - Setting next_dagrun for example_xcom_args to None, run_after=None
[2024-01-04T23:29:06.676+0000] {logging_mixin.py:137} INFO - [2024-01-04T23:29:06.676+0000] {dag.py:3441} INFO - Setting next_dagrun for example_xcom_args_with_operators to None, run_after=None
[2024-01-04T23:29:06.686+0000] {processor.py:175} INFO - Processing /home/airflow/.local/lib/python3.7/site-packages/airflow/example_dags/example_xcomargs.py took 0.095 seconds
[2024-01-04T23:29:37.080+0000] {processor.py:153} INFO - Started process (PID=2890) to work on /home/airflow/.local/lib/python3.7/site-packages/airflow/example_dags/example_xcomargs.py
[2024-01-04T23:29:37.081+0000] {processor.py:743} INFO - Processing file /home/airflow/.local/lib/python3.7/site-packages/airflow/example_dags/example_xcomargs.py for tasks to queue
[2024-01-04T23:29:37.082+0000] {logging_mixin.py:137} INFO - [2024-01-04T23:29:37.082+0000] {dagbag.py:538} INFO - Filling up the DagBag from /home/airflow/.local/lib/python3.7/site-packages/airflow/example_dags/example_xcomargs.py
[2024-01-04T23:29:37.103+0000] {processor.py:753} INFO - DAG(s) dict_keys(['example_xcom_args_with_operators', 'example_xcom_args']) retrieved from /home/airflow/.local/lib/python3.7/site-packages/airflow/example_dags/example_xcomargs.py
[2024-01-04T23:29:37.127+0000] {logging_mixin.py:137} INFO - [2024-01-04T23:29:37.127+0000] {dag.py:2690} INFO - Sync 2 DAGs
[2024-01-04T23:29:37.144+0000] {logging_mixin.py:137} INFO - [2024-01-04T23:29:37.144+0000] {dag.py:3441} INFO - Setting next_dagrun for example_xcom_args to None, run_after=None
[2024-01-04T23:29:37.147+0000] {logging_mixin.py:137} INFO - [2024-01-04T23:29:37.147+0000] {dag.py:3441} INFO - Setting next_dagrun for example_xcom_args_with_operators to None, run_after=None
[2024-01-04T23:29:37.157+0000] {processor.py:175} INFO - Processing /home/airflow/.local/lib/python3.7/site-packages/airflow/example_dags/example_xcomargs.py took 0.083 seconds
[2024-01-04T23:30:07.735+0000] {processor.py:153} INFO - Started process (PID=2964) to work on /home/airflow/.local/lib/python3.7/site-packages/airflow/example_dags/example_xcomargs.py
[2024-01-04T23:30:07.736+0000] {processor.py:743} INFO - Processing file /home/airflow/.local/lib/python3.7/site-packages/airflow/example_dags/example_xcomargs.py for tasks to queue
[2024-01-04T23:30:07.737+0000] {logging_mixin.py:137} INFO - [2024-01-04T23:30:07.737+0000] {dagbag.py:538} INFO - Filling up the DagBag from /home/airflow/.local/lib/python3.7/site-packages/airflow/example_dags/example_xcomargs.py
[2024-01-04T23:30:07.759+0000] {processor.py:753} INFO - DAG(s) dict_keys(['example_xcom_args_with_operators', 'example_xcom_args']) retrieved from /home/airflow/.local/lib/python3.7/site-packages/airflow/example_dags/example_xcomargs.py
[2024-01-04T23:30:07.786+0000] {logging_mixin.py:137} INFO - [2024-01-04T23:30:07.786+0000] {dag.py:2690} INFO - Sync 2 DAGs
[2024-01-04T23:30:07.803+0000] {logging_mixin.py:137} INFO - [2024-01-04T23:30:07.803+0000] {dag.py:3441} INFO - Setting next_dagrun for example_xcom_args to None, run_after=None
[2024-01-04T23:30:07.806+0000] {logging_mixin.py:137} INFO - [2024-01-04T23:30:07.806+0000] {dag.py:3441} INFO - Setting next_dagrun for example_xcom_args_with_operators to None, run_after=None
[2024-01-04T23:30:07.816+0000] {processor.py:175} INFO - Processing /home/airflow/.local/lib/python3.7/site-packages/airflow/example_dags/example_xcomargs.py took 0.084 seconds
[2024-01-04T23:30:37.949+0000] {processor.py:153} INFO - Started process (PID=3039) to work on /home/airflow/.local/lib/python3.7/site-packages/airflow/example_dags/example_xcomargs.py
[2024-01-04T23:30:37.952+0000] {processor.py:743} INFO - Processing file /home/airflow/.local/lib/python3.7/site-packages/airflow/example_dags/example_xcomargs.py for tasks to queue
[2024-01-04T23:30:37.954+0000] {logging_mixin.py:137} INFO - [2024-01-04T23:30:37.954+0000] {dagbag.py:538} INFO - Filling up the DagBag from /home/airflow/.local/lib/python3.7/site-packages/airflow/example_dags/example_xcomargs.py
[2024-01-04T23:30:37.999+0000] {processor.py:753} INFO - DAG(s) dict_keys(['example_xcom_args', 'example_xcom_args_with_operators']) retrieved from /home/airflow/.local/lib/python3.7/site-packages/airflow/example_dags/example_xcomargs.py
[2024-01-04T23:30:38.047+0000] {logging_mixin.py:137} INFO - [2024-01-04T23:30:38.046+0000] {dag.py:2690} INFO - Sync 2 DAGs
[2024-01-04T23:30:38.089+0000] {logging_mixin.py:137} INFO - [2024-01-04T23:30:38.089+0000] {dag.py:3441} INFO - Setting next_dagrun for example_xcom_args to None, run_after=None
[2024-01-04T23:30:38.093+0000] {logging_mixin.py:137} INFO - [2024-01-04T23:30:38.093+0000] {dag.py:3441} INFO - Setting next_dagrun for example_xcom_args_with_operators to None, run_after=None
[2024-01-04T23:30:38.113+0000] {processor.py:175} INFO - Processing /home/airflow/.local/lib/python3.7/site-packages/airflow/example_dags/example_xcomargs.py took 0.183 seconds
[2024-01-04T23:31:08.805+0000] {processor.py:153} INFO - Started process (PID=3103) to work on /home/airflow/.local/lib/python3.7/site-packages/airflow/example_dags/example_xcomargs.py
[2024-01-04T23:31:08.806+0000] {processor.py:743} INFO - Processing file /home/airflow/.local/lib/python3.7/site-packages/airflow/example_dags/example_xcomargs.py for tasks to queue
[2024-01-04T23:31:08.807+0000] {logging_mixin.py:137} INFO - [2024-01-04T23:31:08.807+0000] {dagbag.py:538} INFO - Filling up the DagBag from /home/airflow/.local/lib/python3.7/site-packages/airflow/example_dags/example_xcomargs.py
[2024-01-04T23:31:08.832+0000] {processor.py:753} INFO - DAG(s) dict_keys(['example_xcom_args', 'example_xcom_args_with_operators']) retrieved from /home/airflow/.local/lib/python3.7/site-packages/airflow/example_dags/example_xcomargs.py
[2024-01-04T23:31:08.861+0000] {logging_mixin.py:137} INFO - [2024-01-04T23:31:08.861+0000] {dag.py:2690} INFO - Sync 2 DAGs
[2024-01-04T23:31:08.889+0000] {logging_mixin.py:137} INFO - [2024-01-04T23:31:08.889+0000] {dag.py:3441} INFO - Setting next_dagrun for example_xcom_args to None, run_after=None
[2024-01-04T23:31:08.894+0000] {logging_mixin.py:137} INFO - [2024-01-04T23:31:08.894+0000] {dag.py:3441} INFO - Setting next_dagrun for example_xcom_args_with_operators to None, run_after=None
[2024-01-04T23:31:08.907+0000] {processor.py:175} INFO - Processing /home/airflow/.local/lib/python3.7/site-packages/airflow/example_dags/example_xcomargs.py took 0.108 seconds
[2024-01-04T23:31:39.902+0000] {processor.py:153} INFO - Started process (PID=3178) to work on /home/airflow/.local/lib/python3.7/site-packages/airflow/example_dags/example_xcomargs.py
[2024-01-04T23:31:39.904+0000] {processor.py:743} INFO - Processing file /home/airflow/.local/lib/python3.7/site-packages/airflow/example_dags/example_xcomargs.py for tasks to queue
[2024-01-04T23:31:39.906+0000] {logging_mixin.py:137} INFO - [2024-01-04T23:31:39.906+0000] {dagbag.py:538} INFO - Filling up the DagBag from /home/airflow/.local/lib/python3.7/site-packages/airflow/example_dags/example_xcomargs.py
[2024-01-04T23:31:39.935+0000] {processor.py:753} INFO - DAG(s) dict_keys(['example_xcom_args_with_operators', 'example_xcom_args']) retrieved from /home/airflow/.local/lib/python3.7/site-packages/airflow/example_dags/example_xcomargs.py
[2024-01-04T23:31:39.963+0000] {logging_mixin.py:137} INFO - [2024-01-04T23:31:39.963+0000] {dag.py:2690} INFO - Sync 2 DAGs
[2024-01-04T23:31:39.983+0000] {logging_mixin.py:137} INFO - [2024-01-04T23:31:39.982+0000] {dag.py:3441} INFO - Setting next_dagrun for example_xcom_args to None, run_after=None
[2024-01-04T23:31:39.986+0000] {logging_mixin.py:137} INFO - [2024-01-04T23:31:39.986+0000] {dag.py:3441} INFO - Setting next_dagrun for example_xcom_args_with_operators to None, run_after=None
[2024-01-04T23:31:39.998+0000] {processor.py:175} INFO - Processing /home/airflow/.local/lib/python3.7/site-packages/airflow/example_dags/example_xcomargs.py took 0.102 seconds
[2024-01-04T23:32:10.998+0000] {processor.py:153} INFO - Started process (PID=3241) to work on /home/airflow/.local/lib/python3.7/site-packages/airflow/example_dags/example_xcomargs.py
[2024-01-04T23:32:11.000+0000] {processor.py:743} INFO - Processing file /home/airflow/.local/lib/python3.7/site-packages/airflow/example_dags/example_xcomargs.py for tasks to queue
[2024-01-04T23:32:11.001+0000] {logging_mixin.py:137} INFO - [2024-01-04T23:32:11.001+0000] {dagbag.py:538} INFO - Filling up the DagBag from /home/airflow/.local/lib/python3.7/site-packages/airflow/example_dags/example_xcomargs.py
[2024-01-04T23:32:11.022+0000] {processor.py:753} INFO - DAG(s) dict_keys(['example_xcom_args_with_operators', 'example_xcom_args']) retrieved from /home/airflow/.local/lib/python3.7/site-packages/airflow/example_dags/example_xcomargs.py
[2024-01-04T23:32:11.042+0000] {logging_mixin.py:137} INFO - [2024-01-04T23:32:11.042+0000] {dag.py:2690} INFO - Sync 2 DAGs
[2024-01-04T23:32:11.056+0000] {logging_mixin.py:137} INFO - [2024-01-04T23:32:11.056+0000] {dag.py:3441} INFO - Setting next_dagrun for example_xcom_args to None, run_after=None
[2024-01-04T23:32:11.058+0000] {logging_mixin.py:137} INFO - [2024-01-04T23:32:11.058+0000] {dag.py:3441} INFO - Setting next_dagrun for example_xcom_args_with_operators to None, run_after=None
[2024-01-04T23:32:11.068+0000] {processor.py:175} INFO - Processing /home/airflow/.local/lib/python3.7/site-packages/airflow/example_dags/example_xcomargs.py took 0.074 seconds
[2024-01-04T23:32:42.035+0000] {processor.py:153} INFO - Started process (PID=3315) to work on /home/airflow/.local/lib/python3.7/site-packages/airflow/example_dags/example_xcomargs.py
[2024-01-04T23:32:42.039+0000] {processor.py:743} INFO - Processing file /home/airflow/.local/lib/python3.7/site-packages/airflow/example_dags/example_xcomargs.py for tasks to queue
[2024-01-04T23:32:42.040+0000] {logging_mixin.py:137} INFO - [2024-01-04T23:32:42.040+0000] {dagbag.py:538} INFO - Filling up the DagBag from /home/airflow/.local/lib/python3.7/site-packages/airflow/example_dags/example_xcomargs.py
[2024-01-04T23:32:42.077+0000] {processor.py:753} INFO - DAG(s) dict_keys(['example_xcom_args', 'example_xcom_args_with_operators']) retrieved from /home/airflow/.local/lib/python3.7/site-packages/airflow/example_dags/example_xcomargs.py
[2024-01-04T23:32:42.110+0000] {logging_mixin.py:137} INFO - [2024-01-04T23:32:42.109+0000] {dag.py:2690} INFO - Sync 2 DAGs
[2024-01-04T23:32:42.131+0000] {logging_mixin.py:137} INFO - [2024-01-04T23:32:42.131+0000] {dag.py:3441} INFO - Setting next_dagrun for example_xcom_args to None, run_after=None
[2024-01-04T23:32:42.134+0000] {logging_mixin.py:137} INFO - [2024-01-04T23:32:42.134+0000] {dag.py:3441} INFO - Setting next_dagrun for example_xcom_args_with_operators to None, run_after=None
[2024-01-04T23:32:42.145+0000] {processor.py:175} INFO - Processing /home/airflow/.local/lib/python3.7/site-packages/airflow/example_dags/example_xcomargs.py took 0.121 seconds
[2024-01-04T23:33:12.765+0000] {processor.py:153} INFO - Started process (PID=3379) to work on /home/airflow/.local/lib/python3.7/site-packages/airflow/example_dags/example_xcomargs.py
[2024-01-04T23:33:12.767+0000] {processor.py:743} INFO - Processing file /home/airflow/.local/lib/python3.7/site-packages/airflow/example_dags/example_xcomargs.py for tasks to queue
[2024-01-04T23:33:12.768+0000] {logging_mixin.py:137} INFO - [2024-01-04T23:33:12.768+0000] {dagbag.py:538} INFO - Filling up the DagBag from /home/airflow/.local/lib/python3.7/site-packages/airflow/example_dags/example_xcomargs.py
[2024-01-04T23:33:12.785+0000] {processor.py:753} INFO - DAG(s) dict_keys(['example_xcom_args_with_operators', 'example_xcom_args']) retrieved from /home/airflow/.local/lib/python3.7/site-packages/airflow/example_dags/example_xcomargs.py
[2024-01-04T23:33:12.811+0000] {logging_mixin.py:137} INFO - [2024-01-04T23:33:12.811+0000] {dag.py:2690} INFO - Sync 2 DAGs
[2024-01-04T23:33:12.834+0000] {logging_mixin.py:137} INFO - [2024-01-04T23:33:12.834+0000] {dag.py:3441} INFO - Setting next_dagrun for example_xcom_args to None, run_after=None
[2024-01-04T23:33:12.837+0000] {logging_mixin.py:137} INFO - [2024-01-04T23:33:12.837+0000] {dag.py:3441} INFO - Setting next_dagrun for example_xcom_args_with_operators to None, run_after=None
[2024-01-04T23:33:12.850+0000] {processor.py:175} INFO - Processing /home/airflow/.local/lib/python3.7/site-packages/airflow/example_dags/example_xcomargs.py took 0.088 seconds
[2024-01-04T23:33:43.677+0000] {processor.py:153} INFO - Started process (PID=3453) to work on /home/airflow/.local/lib/python3.7/site-packages/airflow/example_dags/example_xcomargs.py
[2024-01-04T23:33:43.679+0000] {processor.py:743} INFO - Processing file /home/airflow/.local/lib/python3.7/site-packages/airflow/example_dags/example_xcomargs.py for tasks to queue
[2024-01-04T23:33:43.680+0000] {logging_mixin.py:137} INFO - [2024-01-04T23:33:43.680+0000] {dagbag.py:538} INFO - Filling up the DagBag from /home/airflow/.local/lib/python3.7/site-packages/airflow/example_dags/example_xcomargs.py
[2024-01-04T23:33:43.705+0000] {processor.py:753} INFO - DAG(s) dict_keys(['example_xcom_args_with_operators', 'example_xcom_args']) retrieved from /home/airflow/.local/lib/python3.7/site-packages/airflow/example_dags/example_xcomargs.py
[2024-01-04T23:33:43.734+0000] {logging_mixin.py:137} INFO - [2024-01-04T23:33:43.734+0000] {dag.py:2690} INFO - Sync 2 DAGs
[2024-01-04T23:33:43.750+0000] {logging_mixin.py:137} INFO - [2024-01-04T23:33:43.750+0000] {dag.py:3441} INFO - Setting next_dagrun for example_xcom_args to None, run_after=None
[2024-01-04T23:33:43.753+0000] {logging_mixin.py:137} INFO - [2024-01-04T23:33:43.753+0000] {dag.py:3441} INFO - Setting next_dagrun for example_xcom_args_with_operators to None, run_after=None
[2024-01-04T23:33:43.772+0000] {processor.py:175} INFO - Processing /home/airflow/.local/lib/python3.7/site-packages/airflow/example_dags/example_xcomargs.py took 0.101 seconds
[2024-01-04T23:34:14.325+0000] {processor.py:153} INFO - Started process (PID=3529) to work on /home/airflow/.local/lib/python3.7/site-packages/airflow/example_dags/example_xcomargs.py
[2024-01-04T23:34:14.326+0000] {processor.py:743} INFO - Processing file /home/airflow/.local/lib/python3.7/site-packages/airflow/example_dags/example_xcomargs.py for tasks to queue
[2024-01-04T23:34:14.327+0000] {logging_mixin.py:137} INFO - [2024-01-04T23:34:14.327+0000] {dagbag.py:538} INFO - Filling up the DagBag from /home/airflow/.local/lib/python3.7/site-packages/airflow/example_dags/example_xcomargs.py
[2024-01-04T23:34:14.368+0000] {processor.py:753} INFO - DAG(s) dict_keys(['example_xcom_args', 'example_xcom_args_with_operators']) retrieved from /home/airflow/.local/lib/python3.7/site-packages/airflow/example_dags/example_xcomargs.py
[2024-01-04T23:34:14.402+0000] {logging_mixin.py:137} INFO - [2024-01-04T23:34:14.402+0000] {dag.py:2690} INFO - Sync 2 DAGs
[2024-01-04T23:34:14.420+0000] {logging_mixin.py:137} INFO - [2024-01-04T23:34:14.420+0000] {dag.py:3441} INFO - Setting next_dagrun for example_xcom_args to None, run_after=None
[2024-01-04T23:34:14.424+0000] {logging_mixin.py:137} INFO - [2024-01-04T23:34:14.423+0000] {dag.py:3441} INFO - Setting next_dagrun for example_xcom_args_with_operators to None, run_after=None
[2024-01-04T23:34:14.435+0000] {processor.py:175} INFO - Processing /home/airflow/.local/lib/python3.7/site-packages/airflow/example_dags/example_xcomargs.py took 0.114 seconds
[2024-01-04T23:34:45.185+0000] {processor.py:153} INFO - Started process (PID=3592) to work on /home/airflow/.local/lib/python3.7/site-packages/airflow/example_dags/example_xcomargs.py
[2024-01-04T23:34:45.187+0000] {processor.py:743} INFO - Processing file /home/airflow/.local/lib/python3.7/site-packages/airflow/example_dags/example_xcomargs.py for tasks to queue
[2024-01-04T23:34:45.188+0000] {logging_mixin.py:137} INFO - [2024-01-04T23:34:45.188+0000] {dagbag.py:538} INFO - Filling up the DagBag from /home/airflow/.local/lib/python3.7/site-packages/airflow/example_dags/example_xcomargs.py
[2024-01-04T23:34:45.212+0000] {processor.py:753} INFO - DAG(s) dict_keys(['example_xcom_args_with_operators', 'example_xcom_args']) retrieved from /home/airflow/.local/lib/python3.7/site-packages/airflow/example_dags/example_xcomargs.py
[2024-01-04T23:34:45.240+0000] {logging_mixin.py:137} INFO - [2024-01-04T23:34:45.240+0000] {dag.py:2690} INFO - Sync 2 DAGs
[2024-01-04T23:34:45.259+0000] {logging_mixin.py:137} INFO - [2024-01-04T23:34:45.259+0000] {dag.py:3441} INFO - Setting next_dagrun for example_xcom_args to None, run_after=None
[2024-01-04T23:34:45.262+0000] {logging_mixin.py:137} INFO - [2024-01-04T23:34:45.262+0000] {dag.py:3441} INFO - Setting next_dagrun for example_xcom_args_with_operators to None, run_after=None
[2024-01-04T23:34:45.274+0000] {processor.py:175} INFO - Processing /home/airflow/.local/lib/python3.7/site-packages/airflow/example_dags/example_xcomargs.py took 0.094 seconds
[2024-01-04T23:35:16.203+0000] {processor.py:153} INFO - Started process (PID=3667) to work on /home/airflow/.local/lib/python3.7/site-packages/airflow/example_dags/example_xcomargs.py
[2024-01-04T23:35:16.204+0000] {processor.py:743} INFO - Processing file /home/airflow/.local/lib/python3.7/site-packages/airflow/example_dags/example_xcomargs.py for tasks to queue
[2024-01-04T23:35:16.206+0000] {logging_mixin.py:137} INFO - [2024-01-04T23:35:16.205+0000] {dagbag.py:538} INFO - Filling up the DagBag from /home/airflow/.local/lib/python3.7/site-packages/airflow/example_dags/example_xcomargs.py
[2024-01-04T23:35:16.232+0000] {processor.py:753} INFO - DAG(s) dict_keys(['example_xcom_args_with_operators', 'example_xcom_args']) retrieved from /home/airflow/.local/lib/python3.7/site-packages/airflow/example_dags/example_xcomargs.py
[2024-01-04T23:35:16.260+0000] {logging_mixin.py:137} INFO - [2024-01-04T23:35:16.260+0000] {dag.py:2690} INFO - Sync 2 DAGs
[2024-01-04T23:35:16.277+0000] {logging_mixin.py:137} INFO - [2024-01-04T23:35:16.277+0000] {dag.py:3441} INFO - Setting next_dagrun for example_xcom_args to None, run_after=None
[2024-01-04T23:35:16.279+0000] {logging_mixin.py:137} INFO - [2024-01-04T23:35:16.279+0000] {dag.py:3441} INFO - Setting next_dagrun for example_xcom_args_with_operators to None, run_after=None
[2024-01-04T23:35:16.289+0000] {processor.py:175} INFO - Processing /home/airflow/.local/lib/python3.7/site-packages/airflow/example_dags/example_xcomargs.py took 0.093 seconds
[2024-01-04T23:35:46.702+0000] {processor.py:153} INFO - Started process (PID=3730) to work on /home/airflow/.local/lib/python3.7/site-packages/airflow/example_dags/example_xcomargs.py
[2024-01-04T23:35:46.704+0000] {processor.py:743} INFO - Processing file /home/airflow/.local/lib/python3.7/site-packages/airflow/example_dags/example_xcomargs.py for tasks to queue
[2024-01-04T23:35:46.705+0000] {logging_mixin.py:137} INFO - [2024-01-04T23:35:46.705+0000] {dagbag.py:538} INFO - Filling up the DagBag from /home/airflow/.local/lib/python3.7/site-packages/airflow/example_dags/example_xcomargs.py
[2024-01-04T23:35:46.734+0000] {processor.py:753} INFO - DAG(s) dict_keys(['example_xcom_args_with_operators', 'example_xcom_args']) retrieved from /home/airflow/.local/lib/python3.7/site-packages/airflow/example_dags/example_xcomargs.py
[2024-01-04T23:35:46.768+0000] {logging_mixin.py:137} INFO - [2024-01-04T23:35:46.768+0000] {dag.py:2690} INFO - Sync 2 DAGs
[2024-01-04T23:35:46.784+0000] {logging_mixin.py:137} INFO - [2024-01-04T23:35:46.784+0000] {dag.py:3441} INFO - Setting next_dagrun for example_xcom_args to None, run_after=None
[2024-01-04T23:35:46.787+0000] {logging_mixin.py:137} INFO - [2024-01-04T23:35:46.787+0000] {dag.py:3441} INFO - Setting next_dagrun for example_xcom_args_with_operators to None, run_after=None
[2024-01-04T23:35:46.800+0000] {processor.py:175} INFO - Processing /home/airflow/.local/lib/python3.7/site-packages/airflow/example_dags/example_xcomargs.py took 0.105 seconds
[2024-01-04T23:36:17.744+0000] {processor.py:153} INFO - Started process (PID=3804) to work on /home/airflow/.local/lib/python3.7/site-packages/airflow/example_dags/example_xcomargs.py
[2024-01-04T23:36:17.746+0000] {processor.py:743} INFO - Processing file /home/airflow/.local/lib/python3.7/site-packages/airflow/example_dags/example_xcomargs.py for tasks to queue
[2024-01-04T23:36:17.747+0000] {logging_mixin.py:137} INFO - [2024-01-04T23:36:17.747+0000] {dagbag.py:538} INFO - Filling up the DagBag from /home/airflow/.local/lib/python3.7/site-packages/airflow/example_dags/example_xcomargs.py
[2024-01-04T23:36:17.768+0000] {processor.py:753} INFO - DAG(s) dict_keys(['example_xcom_args_with_operators', 'example_xcom_args']) retrieved from /home/airflow/.local/lib/python3.7/site-packages/airflow/example_dags/example_xcomargs.py
[2024-01-04T23:36:17.807+0000] {logging_mixin.py:137} INFO - [2024-01-04T23:36:17.806+0000] {dag.py:2690} INFO - Sync 2 DAGs
[2024-01-04T23:36:17.829+0000] {logging_mixin.py:137} INFO - [2024-01-04T23:36:17.829+0000] {dag.py:3441} INFO - Setting next_dagrun for example_xcom_args to None, run_after=None
[2024-01-04T23:36:17.833+0000] {logging_mixin.py:137} INFO - [2024-01-04T23:36:17.833+0000] {dag.py:3441} INFO - Setting next_dagrun for example_xcom_args_with_operators to None, run_after=None
[2024-01-04T23:36:17.852+0000] {processor.py:175} INFO - Processing /home/airflow/.local/lib/python3.7/site-packages/airflow/example_dags/example_xcomargs.py took 0.111 seconds
[2024-01-04T23:36:48.188+0000] {processor.py:153} INFO - Started process (PID=3879) to work on /home/airflow/.local/lib/python3.7/site-packages/airflow/example_dags/example_xcomargs.py
[2024-01-04T23:36:48.190+0000] {processor.py:743} INFO - Processing file /home/airflow/.local/lib/python3.7/site-packages/airflow/example_dags/example_xcomargs.py for tasks to queue
[2024-01-04T23:36:48.192+0000] {logging_mixin.py:137} INFO - [2024-01-04T23:36:48.191+0000] {dagbag.py:538} INFO - Filling up the DagBag from /home/airflow/.local/lib/python3.7/site-packages/airflow/example_dags/example_xcomargs.py
[2024-01-04T23:36:48.237+0000] {processor.py:753} INFO - DAG(s) dict_keys(['example_xcom_args_with_operators', 'example_xcom_args']) retrieved from /home/airflow/.local/lib/python3.7/site-packages/airflow/example_dags/example_xcomargs.py
[2024-01-04T23:36:48.273+0000] {logging_mixin.py:137} INFO - [2024-01-04T23:36:48.273+0000] {dag.py:2690} INFO - Sync 2 DAGs
[2024-01-04T23:36:48.309+0000] {logging_mixin.py:137} INFO - [2024-01-04T23:36:48.308+0000] {dag.py:3441} INFO - Setting next_dagrun for example_xcom_args to None, run_after=None
[2024-01-04T23:36:48.314+0000] {logging_mixin.py:137} INFO - [2024-01-04T23:36:48.314+0000] {dag.py:3441} INFO - Setting next_dagrun for example_xcom_args_with_operators to None, run_after=None
[2024-01-04T23:36:48.327+0000] {processor.py:175} INFO - Processing /home/airflow/.local/lib/python3.7/site-packages/airflow/example_dags/example_xcomargs.py took 0.143 seconds
[2024-01-04T23:37:18.868+0000] {processor.py:153} INFO - Started process (PID=3942) to work on /home/airflow/.local/lib/python3.7/site-packages/airflow/example_dags/example_xcomargs.py
[2024-01-04T23:37:18.870+0000] {processor.py:743} INFO - Processing file /home/airflow/.local/lib/python3.7/site-packages/airflow/example_dags/example_xcomargs.py for tasks to queue
[2024-01-04T23:37:18.871+0000] {logging_mixin.py:137} INFO - [2024-01-04T23:37:18.870+0000] {dagbag.py:538} INFO - Filling up the DagBag from /home/airflow/.local/lib/python3.7/site-packages/airflow/example_dags/example_xcomargs.py
[2024-01-04T23:37:18.896+0000] {processor.py:753} INFO - DAG(s) dict_keys(['example_xcom_args_with_operators', 'example_xcom_args']) retrieved from /home/airflow/.local/lib/python3.7/site-packages/airflow/example_dags/example_xcomargs.py
[2024-01-04T23:37:18.947+0000] {logging_mixin.py:137} INFO - [2024-01-04T23:37:18.947+0000] {dag.py:2690} INFO - Sync 2 DAGs
[2024-01-04T23:37:18.965+0000] {logging_mixin.py:137} INFO - [2024-01-04T23:37:18.965+0000] {dag.py:3441} INFO - Setting next_dagrun for example_xcom_args to None, run_after=None
[2024-01-04T23:37:18.968+0000] {logging_mixin.py:137} INFO - [2024-01-04T23:37:18.968+0000] {dag.py:3441} INFO - Setting next_dagrun for example_xcom_args_with_operators to None, run_after=None
[2024-01-04T23:37:18.978+0000] {processor.py:175} INFO - Processing /home/airflow/.local/lib/python3.7/site-packages/airflow/example_dags/example_xcomargs.py took 0.113 seconds
[2024-01-04T23:37:49.447+0000] {processor.py:153} INFO - Started process (PID=4016) to work on /home/airflow/.local/lib/python3.7/site-packages/airflow/example_dags/example_xcomargs.py
[2024-01-04T23:37:49.453+0000] {processor.py:743} INFO - Processing file /home/airflow/.local/lib/python3.7/site-packages/airflow/example_dags/example_xcomargs.py for tasks to queue
[2024-01-04T23:37:49.462+0000] {logging_mixin.py:137} INFO - [2024-01-04T23:37:49.462+0000] {dagbag.py:538} INFO - Filling up the DagBag from /home/airflow/.local/lib/python3.7/site-packages/airflow/example_dags/example_xcomargs.py
[2024-01-04T23:37:49.500+0000] {processor.py:753} INFO - DAG(s) dict_keys(['example_xcom_args_with_operators', 'example_xcom_args']) retrieved from /home/airflow/.local/lib/python3.7/site-packages/airflow/example_dags/example_xcomargs.py
[2024-01-04T23:37:49.546+0000] {logging_mixin.py:137} INFO - [2024-01-04T23:37:49.546+0000] {dag.py:2690} INFO - Sync 2 DAGs
[2024-01-04T23:37:49.568+0000] {logging_mixin.py:137} INFO - [2024-01-04T23:37:49.568+0000] {dag.py:3441} INFO - Setting next_dagrun for example_xcom_args to None, run_after=None
[2024-01-04T23:37:49.572+0000] {logging_mixin.py:137} INFO - [2024-01-04T23:37:49.572+0000] {dag.py:3441} INFO - Setting next_dagrun for example_xcom_args_with_operators to None, run_after=None
[2024-01-04T23:37:49.583+0000] {processor.py:175} INFO - Processing /home/airflow/.local/lib/python3.7/site-packages/airflow/example_dags/example_xcomargs.py took 0.142 seconds
[2024-01-04T23:38:20.274+0000] {processor.py:153} INFO - Started process (PID=4079) to work on /home/airflow/.local/lib/python3.7/site-packages/airflow/example_dags/example_xcomargs.py
[2024-01-04T23:38:20.277+0000] {processor.py:743} INFO - Processing file /home/airflow/.local/lib/python3.7/site-packages/airflow/example_dags/example_xcomargs.py for tasks to queue
[2024-01-04T23:38:20.279+0000] {logging_mixin.py:137} INFO - [2024-01-04T23:38:20.279+0000] {dagbag.py:538} INFO - Filling up the DagBag from /home/airflow/.local/lib/python3.7/site-packages/airflow/example_dags/example_xcomargs.py
[2024-01-04T23:38:20.317+0000] {processor.py:753} INFO - DAG(s) dict_keys(['example_xcom_args', 'example_xcom_args_with_operators']) retrieved from /home/airflow/.local/lib/python3.7/site-packages/airflow/example_dags/example_xcomargs.py
[2024-01-04T23:38:20.354+0000] {logging_mixin.py:137} INFO - [2024-01-04T23:38:20.354+0000] {dag.py:2690} INFO - Sync 2 DAGs
[2024-01-04T23:38:20.392+0000] {logging_mixin.py:137} INFO - [2024-01-04T23:38:20.392+0000] {dag.py:3441} INFO - Setting next_dagrun for example_xcom_args to None, run_after=None
[2024-01-04T23:38:20.396+0000] {logging_mixin.py:137} INFO - [2024-01-04T23:38:20.396+0000] {dag.py:3441} INFO - Setting next_dagrun for example_xcom_args_with_operators to None, run_after=None
[2024-01-04T23:38:20.408+0000] {processor.py:175} INFO - Processing /home/airflow/.local/lib/python3.7/site-packages/airflow/example_dags/example_xcomargs.py took 0.141 seconds
[2024-01-04T23:38:50.962+0000] {processor.py:153} INFO - Started process (PID=4154) to work on /home/airflow/.local/lib/python3.7/site-packages/airflow/example_dags/example_xcomargs.py
[2024-01-04T23:38:50.965+0000] {processor.py:743} INFO - Processing file /home/airflow/.local/lib/python3.7/site-packages/airflow/example_dags/example_xcomargs.py for tasks to queue
[2024-01-04T23:38:50.966+0000] {logging_mixin.py:137} INFO - [2024-01-04T23:38:50.966+0000] {dagbag.py:538} INFO - Filling up the DagBag from /home/airflow/.local/lib/python3.7/site-packages/airflow/example_dags/example_xcomargs.py
[2024-01-04T23:38:51.006+0000] {processor.py:753} INFO - DAG(s) dict_keys(['example_xcom_args_with_operators', 'example_xcom_args']) retrieved from /home/airflow/.local/lib/python3.7/site-packages/airflow/example_dags/example_xcomargs.py
[2024-01-04T23:38:51.039+0000] {logging_mixin.py:137} INFO - [2024-01-04T23:38:51.039+0000] {dag.py:2690} INFO - Sync 2 DAGs
[2024-01-04T23:38:51.060+0000] {logging_mixin.py:137} INFO - [2024-01-04T23:38:51.060+0000] {dag.py:3441} INFO - Setting next_dagrun for example_xcom_args to None, run_after=None
[2024-01-04T23:38:51.063+0000] {logging_mixin.py:137} INFO - [2024-01-04T23:38:51.063+0000] {dag.py:3441} INFO - Setting next_dagrun for example_xcom_args_with_operators to None, run_after=None
[2024-01-04T23:38:51.075+0000] {processor.py:175} INFO - Processing /home/airflow/.local/lib/python3.7/site-packages/airflow/example_dags/example_xcomargs.py took 0.119 seconds
[2024-01-04T23:39:21.625+0000] {processor.py:153} INFO - Started process (PID=4229) to work on /home/airflow/.local/lib/python3.7/site-packages/airflow/example_dags/example_xcomargs.py
[2024-01-04T23:39:21.627+0000] {processor.py:743} INFO - Processing file /home/airflow/.local/lib/python3.7/site-packages/airflow/example_dags/example_xcomargs.py for tasks to queue
[2024-01-04T23:39:21.629+0000] {logging_mixin.py:137} INFO - [2024-01-04T23:39:21.628+0000] {dagbag.py:538} INFO - Filling up the DagBag from /home/airflow/.local/lib/python3.7/site-packages/airflow/example_dags/example_xcomargs.py
[2024-01-04T23:39:21.664+0000] {processor.py:753} INFO - DAG(s) dict_keys(['example_xcom_args', 'example_xcom_args_with_operators']) retrieved from /home/airflow/.local/lib/python3.7/site-packages/airflow/example_dags/example_xcomargs.py
[2024-01-04T23:39:21.728+0000] {logging_mixin.py:137} INFO - [2024-01-04T23:39:21.728+0000] {dag.py:2690} INFO - Sync 2 DAGs
[2024-01-04T23:39:21.752+0000] {logging_mixin.py:137} INFO - [2024-01-04T23:39:21.752+0000] {dag.py:3441} INFO - Setting next_dagrun for example_xcom_args to None, run_after=None
[2024-01-04T23:39:21.756+0000] {logging_mixin.py:137} INFO - [2024-01-04T23:39:21.756+0000] {dag.py:3441} INFO - Setting next_dagrun for example_xcom_args_with_operators to None, run_after=None
[2024-01-04T23:39:21.768+0000] {processor.py:175} INFO - Processing /home/airflow/.local/lib/python3.7/site-packages/airflow/example_dags/example_xcomargs.py took 0.148 seconds
[2024-01-04T23:56:23.070+0000] {processor.py:153} INFO - Started process (PID=4268) to work on /home/airflow/.local/lib/python3.7/site-packages/airflow/example_dags/example_xcomargs.py
[2024-01-04T23:56:23.071+0000] {processor.py:743} INFO - Processing file /home/airflow/.local/lib/python3.7/site-packages/airflow/example_dags/example_xcomargs.py for tasks to queue
[2024-01-04T23:56:23.072+0000] {logging_mixin.py:137} INFO - [2024-01-04T23:56:23.072+0000] {dagbag.py:538} INFO - Filling up the DagBag from /home/airflow/.local/lib/python3.7/site-packages/airflow/example_dags/example_xcomargs.py
[2024-01-04T23:56:23.088+0000] {processor.py:753} INFO - DAG(s) dict_keys(['example_xcom_args', 'example_xcom_args_with_operators']) retrieved from /home/airflow/.local/lib/python3.7/site-packages/airflow/example_dags/example_xcomargs.py
[2024-01-04T23:56:23.111+0000] {logging_mixin.py:137} INFO - [2024-01-04T23:56:23.111+0000] {dag.py:2690} INFO - Sync 2 DAGs
[2024-01-04T23:56:23.128+0000] {logging_mixin.py:137} INFO - [2024-01-04T23:56:23.128+0000] {dag.py:3441} INFO - Setting next_dagrun for example_xcom_args to None, run_after=None
[2024-01-04T23:56:23.130+0000] {logging_mixin.py:137} INFO - [2024-01-04T23:56:23.130+0000] {dag.py:3441} INFO - Setting next_dagrun for example_xcom_args_with_operators to None, run_after=None
[2024-01-04T23:56:23.140+0000] {processor.py:175} INFO - Processing /home/airflow/.local/lib/python3.7/site-packages/airflow/example_dags/example_xcomargs.py took 0.072 seconds
