[2024-01-04T23:09:08.118+0000] {processor.py:153} INFO - Started process (PID=75) to work on /home/airflow/.local/lib/python3.7/site-packages/airflow/example_dags/example_branch_labels.py
[2024-01-04T23:09:08.121+0000] {processor.py:743} INFO - Processing file /home/airflow/.local/lib/python3.7/site-packages/airflow/example_dags/example_branch_labels.py for tasks to queue
[2024-01-04T23:09:08.125+0000] {logging_mixin.py:137} INFO - [2024-01-04T23:09:08.124+0000] {dagbag.py:538} INFO - Filling up the DagBag from /home/airflow/.local/lib/python3.7/site-packages/airflow/example_dags/example_branch_labels.py
[2024-01-04T23:09:08.163+0000] {processor.py:753} INFO - DAG(s) dict_keys(['example_branch_labels']) retrieved from /home/airflow/.local/lib/python3.7/site-packages/airflow/example_dags/example_branch_labels.py
[2024-01-04T23:09:08.320+0000] {logging_mixin.py:137} INFO - [2024-01-04T23:09:08.320+0000] {manager.py:504} INFO - Created Permission View: can delete on DAG:example_branch_labels
[2024-01-04T23:09:08.335+0000] {logging_mixin.py:137} INFO - [2024-01-04T23:09:08.335+0000] {manager.py:504} INFO - Created Permission View: can edit on DAG:example_branch_labels
[2024-01-04T23:09:08.353+0000] {logging_mixin.py:137} INFO - [2024-01-04T23:09:08.353+0000] {manager.py:504} INFO - Created Permission View: can read on DAG:example_branch_labels
[2024-01-04T23:09:08.355+0000] {logging_mixin.py:137} INFO - [2024-01-04T23:09:08.354+0000] {dag.py:2690} INFO - Sync 1 DAGs
[2024-01-04T23:09:08.384+0000] {logging_mixin.py:137} INFO - [2024-01-04T23:09:08.383+0000] {dag.py:2711} INFO - Creating ORM DAG for example_branch_labels
[2024-01-04T23:09:08.421+0000] {logging_mixin.py:137} INFO - [2024-01-04T23:09:08.421+0000] {dag.py:3441} INFO - Setting next_dagrun for example_branch_labels to 2024-01-03T00:00:00+00:00, run_after=2024-01-04T00:00:00+00:00
[2024-01-04T23:09:08.495+0000] {processor.py:175} INFO - Processing /home/airflow/.local/lib/python3.7/site-packages/airflow/example_dags/example_branch_labels.py took 0.382 seconds
[2024-01-04T23:09:39.487+0000] {processor.py:153} INFO - Started process (PID=141) to work on /home/airflow/.local/lib/python3.7/site-packages/airflow/example_dags/example_branch_labels.py
[2024-01-04T23:09:39.490+0000] {processor.py:743} INFO - Processing file /home/airflow/.local/lib/python3.7/site-packages/airflow/example_dags/example_branch_labels.py for tasks to queue
[2024-01-04T23:09:39.491+0000] {logging_mixin.py:137} INFO - [2024-01-04T23:09:39.491+0000] {dagbag.py:538} INFO - Filling up the DagBag from /home/airflow/.local/lib/python3.7/site-packages/airflow/example_dags/example_branch_labels.py
[2024-01-04T23:09:39.508+0000] {processor.py:753} INFO - DAG(s) dict_keys(['example_branch_labels']) retrieved from /home/airflow/.local/lib/python3.7/site-packages/airflow/example_dags/example_branch_labels.py
[2024-01-04T23:09:39.532+0000] {logging_mixin.py:137} INFO - [2024-01-04T23:09:39.532+0000] {dag.py:2690} INFO - Sync 1 DAGs
[2024-01-04T23:09:39.551+0000] {logging_mixin.py:137} INFO - [2024-01-04T23:09:39.550+0000] {dag.py:3441} INFO - Setting next_dagrun for example_branch_labels to 2024-01-03T00:00:00+00:00, run_after=2024-01-04T00:00:00+00:00
[2024-01-04T23:09:39.562+0000] {processor.py:175} INFO - Processing /home/airflow/.local/lib/python3.7/site-packages/airflow/example_dags/example_branch_labels.py took 0.079 seconds
[2024-01-04T23:10:09.843+0000] {processor.py:153} INFO - Started process (PID=204) to work on /home/airflow/.local/lib/python3.7/site-packages/airflow/example_dags/example_branch_labels.py
[2024-01-04T23:10:09.846+0000] {processor.py:743} INFO - Processing file /home/airflow/.local/lib/python3.7/site-packages/airflow/example_dags/example_branch_labels.py for tasks to queue
[2024-01-04T23:10:09.848+0000] {logging_mixin.py:137} INFO - [2024-01-04T23:10:09.847+0000] {dagbag.py:538} INFO - Filling up the DagBag from /home/airflow/.local/lib/python3.7/site-packages/airflow/example_dags/example_branch_labels.py
[2024-01-04T23:10:09.875+0000] {processor.py:753} INFO - DAG(s) dict_keys(['example_branch_labels']) retrieved from /home/airflow/.local/lib/python3.7/site-packages/airflow/example_dags/example_branch_labels.py
[2024-01-04T23:10:09.934+0000] {logging_mixin.py:137} INFO - [2024-01-04T23:10:09.933+0000] {dag.py:2690} INFO - Sync 1 DAGs
[2024-01-04T23:10:09.980+0000] {logging_mixin.py:137} INFO - [2024-01-04T23:10:09.980+0000] {dag.py:3441} INFO - Setting next_dagrun for example_branch_labels to 2024-01-03T00:00:00+00:00, run_after=2024-01-04T00:00:00+00:00
[2024-01-04T23:10:10.009+0000] {processor.py:175} INFO - Processing /home/airflow/.local/lib/python3.7/site-packages/airflow/example_dags/example_branch_labels.py took 0.177 seconds
[2024-01-04T23:10:40.259+0000] {processor.py:153} INFO - Started process (PID=278) to work on /home/airflow/.local/lib/python3.7/site-packages/airflow/example_dags/example_branch_labels.py
[2024-01-04T23:10:40.261+0000] {processor.py:743} INFO - Processing file /home/airflow/.local/lib/python3.7/site-packages/airflow/example_dags/example_branch_labels.py for tasks to queue
[2024-01-04T23:10:40.262+0000] {logging_mixin.py:137} INFO - [2024-01-04T23:10:40.262+0000] {dagbag.py:538} INFO - Filling up the DagBag from /home/airflow/.local/lib/python3.7/site-packages/airflow/example_dags/example_branch_labels.py
[2024-01-04T23:10:40.278+0000] {processor.py:753} INFO - DAG(s) dict_keys(['example_branch_labels']) retrieved from /home/airflow/.local/lib/python3.7/site-packages/airflow/example_dags/example_branch_labels.py
[2024-01-04T23:10:40.303+0000] {logging_mixin.py:137} INFO - [2024-01-04T23:10:40.303+0000] {dag.py:2690} INFO - Sync 1 DAGs
[2024-01-04T23:10:40.322+0000] {logging_mixin.py:137} INFO - [2024-01-04T23:10:40.322+0000] {dag.py:3441} INFO - Setting next_dagrun for example_branch_labels to 2024-01-03T00:00:00+00:00, run_after=2024-01-04T00:00:00+00:00
[2024-01-04T23:10:40.341+0000] {processor.py:175} INFO - Processing /home/airflow/.local/lib/python3.7/site-packages/airflow/example_dags/example_branch_labels.py took 0.087 seconds
[2024-01-04T23:11:10.529+0000] {processor.py:153} INFO - Started process (PID=354) to work on /home/airflow/.local/lib/python3.7/site-packages/airflow/example_dags/example_branch_labels.py
[2024-01-04T23:11:10.531+0000] {processor.py:743} INFO - Processing file /home/airflow/.local/lib/python3.7/site-packages/airflow/example_dags/example_branch_labels.py for tasks to queue
[2024-01-04T23:11:10.532+0000] {logging_mixin.py:137} INFO - [2024-01-04T23:11:10.532+0000] {dagbag.py:538} INFO - Filling up the DagBag from /home/airflow/.local/lib/python3.7/site-packages/airflow/example_dags/example_branch_labels.py
[2024-01-04T23:11:10.546+0000] {processor.py:753} INFO - DAG(s) dict_keys(['example_branch_labels']) retrieved from /home/airflow/.local/lib/python3.7/site-packages/airflow/example_dags/example_branch_labels.py
[2024-01-04T23:11:10.573+0000] {logging_mixin.py:137} INFO - [2024-01-04T23:11:10.573+0000] {dag.py:2690} INFO - Sync 1 DAGs
[2024-01-04T23:11:10.593+0000] {logging_mixin.py:137} INFO - [2024-01-04T23:11:10.593+0000] {dag.py:3441} INFO - Setting next_dagrun for example_branch_labels to 2024-01-03T00:00:00+00:00, run_after=2024-01-04T00:00:00+00:00
[2024-01-04T23:11:10.604+0000] {processor.py:175} INFO - Processing /home/airflow/.local/lib/python3.7/site-packages/airflow/example_dags/example_branch_labels.py took 0.079 seconds
[2024-01-04T23:11:41.351+0000] {processor.py:153} INFO - Started process (PID=417) to work on /home/airflow/.local/lib/python3.7/site-packages/airflow/example_dags/example_branch_labels.py
[2024-01-04T23:11:41.354+0000] {processor.py:743} INFO - Processing file /home/airflow/.local/lib/python3.7/site-packages/airflow/example_dags/example_branch_labels.py for tasks to queue
[2024-01-04T23:11:41.355+0000] {logging_mixin.py:137} INFO - [2024-01-04T23:11:41.355+0000] {dagbag.py:538} INFO - Filling up the DagBag from /home/airflow/.local/lib/python3.7/site-packages/airflow/example_dags/example_branch_labels.py
[2024-01-04T23:11:41.370+0000] {processor.py:753} INFO - DAG(s) dict_keys(['example_branch_labels']) retrieved from /home/airflow/.local/lib/python3.7/site-packages/airflow/example_dags/example_branch_labels.py
[2024-01-04T23:11:41.410+0000] {logging_mixin.py:137} INFO - [2024-01-04T23:11:41.409+0000] {dag.py:2690} INFO - Sync 1 DAGs
[2024-01-04T23:11:41.444+0000] {logging_mixin.py:137} INFO - [2024-01-04T23:11:41.444+0000] {dag.py:3441} INFO - Setting next_dagrun for example_branch_labels to 2024-01-03T00:00:00+00:00, run_after=2024-01-04T00:00:00+00:00
[2024-01-04T23:11:41.459+0000] {processor.py:175} INFO - Processing /home/airflow/.local/lib/python3.7/site-packages/airflow/example_dags/example_branch_labels.py took 0.113 seconds
[2024-01-04T23:12:11.796+0000] {processor.py:153} INFO - Started process (PID=492) to work on /home/airflow/.local/lib/python3.7/site-packages/airflow/example_dags/example_branch_labels.py
[2024-01-04T23:12:11.798+0000] {processor.py:743} INFO - Processing file /home/airflow/.local/lib/python3.7/site-packages/airflow/example_dags/example_branch_labels.py for tasks to queue
[2024-01-04T23:12:11.800+0000] {logging_mixin.py:137} INFO - [2024-01-04T23:12:11.800+0000] {dagbag.py:538} INFO - Filling up the DagBag from /home/airflow/.local/lib/python3.7/site-packages/airflow/example_dags/example_branch_labels.py
[2024-01-04T23:12:11.824+0000] {processor.py:753} INFO - DAG(s) dict_keys(['example_branch_labels']) retrieved from /home/airflow/.local/lib/python3.7/site-packages/airflow/example_dags/example_branch_labels.py
[2024-01-04T23:12:11.858+0000] {logging_mixin.py:137} INFO - [2024-01-04T23:12:11.858+0000] {dag.py:2690} INFO - Sync 1 DAGs
[2024-01-04T23:12:11.884+0000] {logging_mixin.py:137} INFO - [2024-01-04T23:12:11.883+0000] {dag.py:3441} INFO - Setting next_dagrun for example_branch_labels to 2024-01-03T00:00:00+00:00, run_after=2024-01-04T00:00:00+00:00
[2024-01-04T23:12:11.905+0000] {processor.py:175} INFO - Processing /home/airflow/.local/lib/python3.7/site-packages/airflow/example_dags/example_branch_labels.py took 0.122 seconds
[2024-01-04T23:12:41.992+0000] {processor.py:153} INFO - Started process (PID=565) to work on /home/airflow/.local/lib/python3.7/site-packages/airflow/example_dags/example_branch_labels.py
[2024-01-04T23:12:41.995+0000] {processor.py:743} INFO - Processing file /home/airflow/.local/lib/python3.7/site-packages/airflow/example_dags/example_branch_labels.py for tasks to queue
[2024-01-04T23:12:41.996+0000] {logging_mixin.py:137} INFO - [2024-01-04T23:12:41.996+0000] {dagbag.py:538} INFO - Filling up the DagBag from /home/airflow/.local/lib/python3.7/site-packages/airflow/example_dags/example_branch_labels.py
[2024-01-04T23:12:42.014+0000] {processor.py:753} INFO - DAG(s) dict_keys(['example_branch_labels']) retrieved from /home/airflow/.local/lib/python3.7/site-packages/airflow/example_dags/example_branch_labels.py
[2024-01-04T23:12:42.062+0000] {logging_mixin.py:137} INFO - [2024-01-04T23:12:42.062+0000] {dag.py:2690} INFO - Sync 1 DAGs
[2024-01-04T23:12:42.092+0000] {logging_mixin.py:137} INFO - [2024-01-04T23:12:42.092+0000] {dag.py:3441} INFO - Setting next_dagrun for example_branch_labels to 2024-01-03T00:00:00+00:00, run_after=2024-01-04T00:00:00+00:00
[2024-01-04T23:12:42.111+0000] {processor.py:175} INFO - Processing /home/airflow/.local/lib/python3.7/site-packages/airflow/example_dags/example_branch_labels.py took 0.126 seconds
[2024-01-04T23:13:12.382+0000] {processor.py:153} INFO - Started process (PID=631) to work on /home/airflow/.local/lib/python3.7/site-packages/airflow/example_dags/example_branch_labels.py
[2024-01-04T23:13:12.384+0000] {processor.py:743} INFO - Processing file /home/airflow/.local/lib/python3.7/site-packages/airflow/example_dags/example_branch_labels.py for tasks to queue
[2024-01-04T23:13:12.384+0000] {logging_mixin.py:137} INFO - [2024-01-04T23:13:12.384+0000] {dagbag.py:538} INFO - Filling up the DagBag from /home/airflow/.local/lib/python3.7/site-packages/airflow/example_dags/example_branch_labels.py
[2024-01-04T23:13:12.400+0000] {processor.py:753} INFO - DAG(s) dict_keys(['example_branch_labels']) retrieved from /home/airflow/.local/lib/python3.7/site-packages/airflow/example_dags/example_branch_labels.py
[2024-01-04T23:13:12.432+0000] {logging_mixin.py:137} INFO - [2024-01-04T23:13:12.432+0000] {dag.py:2690} INFO - Sync 1 DAGs
[2024-01-04T23:13:12.455+0000] {logging_mixin.py:137} INFO - [2024-01-04T23:13:12.454+0000] {dag.py:3441} INFO - Setting next_dagrun for example_branch_labels to 2024-01-03T00:00:00+00:00, run_after=2024-01-04T00:00:00+00:00
[2024-01-04T23:13:12.468+0000] {processor.py:175} INFO - Processing /home/airflow/.local/lib/python3.7/site-packages/airflow/example_dags/example_branch_labels.py took 0.090 seconds
[2024-01-04T23:13:42.754+0000] {processor.py:153} INFO - Started process (PID=707) to work on /home/airflow/.local/lib/python3.7/site-packages/airflow/example_dags/example_branch_labels.py
[2024-01-04T23:13:42.757+0000] {processor.py:743} INFO - Processing file /home/airflow/.local/lib/python3.7/site-packages/airflow/example_dags/example_branch_labels.py for tasks to queue
[2024-01-04T23:13:42.758+0000] {logging_mixin.py:137} INFO - [2024-01-04T23:13:42.758+0000] {dagbag.py:538} INFO - Filling up the DagBag from /home/airflow/.local/lib/python3.7/site-packages/airflow/example_dags/example_branch_labels.py
[2024-01-04T23:13:42.779+0000] {processor.py:753} INFO - DAG(s) dict_keys(['example_branch_labels']) retrieved from /home/airflow/.local/lib/python3.7/site-packages/airflow/example_dags/example_branch_labels.py
[2024-01-04T23:13:42.804+0000] {logging_mixin.py:137} INFO - [2024-01-04T23:13:42.804+0000] {dag.py:2690} INFO - Sync 1 DAGs
[2024-01-04T23:13:42.821+0000] {logging_mixin.py:137} INFO - [2024-01-04T23:13:42.821+0000] {dag.py:3441} INFO - Setting next_dagrun for example_branch_labels to 2024-01-03T00:00:00+00:00, run_after=2024-01-04T00:00:00+00:00
[2024-01-04T23:13:42.833+0000] {processor.py:175} INFO - Processing /home/airflow/.local/lib/python3.7/site-packages/airflow/example_dags/example_branch_labels.py took 0.087 seconds
[2024-01-04T23:14:13.422+0000] {processor.py:153} INFO - Started process (PID=770) to work on /home/airflow/.local/lib/python3.7/site-packages/airflow/example_dags/example_branch_labels.py
[2024-01-04T23:14:13.424+0000] {processor.py:743} INFO - Processing file /home/airflow/.local/lib/python3.7/site-packages/airflow/example_dags/example_branch_labels.py for tasks to queue
[2024-01-04T23:14:13.425+0000] {logging_mixin.py:137} INFO - [2024-01-04T23:14:13.425+0000] {dagbag.py:538} INFO - Filling up the DagBag from /home/airflow/.local/lib/python3.7/site-packages/airflow/example_dags/example_branch_labels.py
[2024-01-04T23:14:13.438+0000] {processor.py:753} INFO - DAG(s) dict_keys(['example_branch_labels']) retrieved from /home/airflow/.local/lib/python3.7/site-packages/airflow/example_dags/example_branch_labels.py
[2024-01-04T23:14:13.462+0000] {logging_mixin.py:137} INFO - [2024-01-04T23:14:13.462+0000] {dag.py:2690} INFO - Sync 1 DAGs
[2024-01-04T23:14:13.480+0000] {logging_mixin.py:137} INFO - [2024-01-04T23:14:13.479+0000] {dag.py:3441} INFO - Setting next_dagrun for example_branch_labels to 2024-01-03T00:00:00+00:00, run_after=2024-01-04T00:00:00+00:00
[2024-01-04T23:14:13.491+0000] {processor.py:175} INFO - Processing /home/airflow/.local/lib/python3.7/site-packages/airflow/example_dags/example_branch_labels.py took 0.073 seconds
[2024-01-04T23:14:43.814+0000] {processor.py:153} INFO - Started process (PID=845) to work on /home/airflow/.local/lib/python3.7/site-packages/airflow/example_dags/example_branch_labels.py
[2024-01-04T23:14:43.817+0000] {processor.py:743} INFO - Processing file /home/airflow/.local/lib/python3.7/site-packages/airflow/example_dags/example_branch_labels.py for tasks to queue
[2024-01-04T23:14:43.818+0000] {logging_mixin.py:137} INFO - [2024-01-04T23:14:43.818+0000] {dagbag.py:538} INFO - Filling up the DagBag from /home/airflow/.local/lib/python3.7/site-packages/airflow/example_dags/example_branch_labels.py
[2024-01-04T23:14:43.833+0000] {processor.py:753} INFO - DAG(s) dict_keys(['example_branch_labels']) retrieved from /home/airflow/.local/lib/python3.7/site-packages/airflow/example_dags/example_branch_labels.py
[2024-01-04T23:14:43.864+0000] {logging_mixin.py:137} INFO - [2024-01-04T23:14:43.864+0000] {dag.py:2690} INFO - Sync 1 DAGs
[2024-01-04T23:14:43.903+0000] {logging_mixin.py:137} INFO - [2024-01-04T23:14:43.903+0000] {dag.py:3441} INFO - Setting next_dagrun for example_branch_labels to 2024-01-03T00:00:00+00:00, run_after=2024-01-04T00:00:00+00:00
[2024-01-04T23:14:43.918+0000] {processor.py:175} INFO - Processing /home/airflow/.local/lib/python3.7/site-packages/airflow/example_dags/example_branch_labels.py took 0.109 seconds
[2024-01-04T23:15:14.547+0000] {processor.py:153} INFO - Started process (PID=918) to work on /home/airflow/.local/lib/python3.7/site-packages/airflow/example_dags/example_branch_labels.py
[2024-01-04T23:15:14.549+0000] {processor.py:743} INFO - Processing file /home/airflow/.local/lib/python3.7/site-packages/airflow/example_dags/example_branch_labels.py for tasks to queue
[2024-01-04T23:15:14.551+0000] {logging_mixin.py:137} INFO - [2024-01-04T23:15:14.551+0000] {dagbag.py:538} INFO - Filling up the DagBag from /home/airflow/.local/lib/python3.7/site-packages/airflow/example_dags/example_branch_labels.py
[2024-01-04T23:15:14.567+0000] {processor.py:753} INFO - DAG(s) dict_keys(['example_branch_labels']) retrieved from /home/airflow/.local/lib/python3.7/site-packages/airflow/example_dags/example_branch_labels.py
[2024-01-04T23:15:14.590+0000] {logging_mixin.py:137} INFO - [2024-01-04T23:15:14.590+0000] {dag.py:2690} INFO - Sync 1 DAGs
[2024-01-04T23:15:14.608+0000] {logging_mixin.py:137} INFO - [2024-01-04T23:15:14.607+0000] {dag.py:3441} INFO - Setting next_dagrun for example_branch_labels to 2024-01-03T00:00:00+00:00, run_after=2024-01-04T00:00:00+00:00
[2024-01-04T23:15:14.618+0000] {processor.py:175} INFO - Processing /home/airflow/.local/lib/python3.7/site-packages/airflow/example_dags/example_branch_labels.py took 0.077 seconds
[2024-01-04T23:15:45.118+0000] {processor.py:153} INFO - Started process (PID=981) to work on /home/airflow/.local/lib/python3.7/site-packages/airflow/example_dags/example_branch_labels.py
[2024-01-04T23:15:45.120+0000] {processor.py:743} INFO - Processing file /home/airflow/.local/lib/python3.7/site-packages/airflow/example_dags/example_branch_labels.py for tasks to queue
[2024-01-04T23:15:45.122+0000] {logging_mixin.py:137} INFO - [2024-01-04T23:15:45.122+0000] {dagbag.py:538} INFO - Filling up the DagBag from /home/airflow/.local/lib/python3.7/site-packages/airflow/example_dags/example_branch_labels.py
[2024-01-04T23:15:45.144+0000] {processor.py:753} INFO - DAG(s) dict_keys(['example_branch_labels']) retrieved from /home/airflow/.local/lib/python3.7/site-packages/airflow/example_dags/example_branch_labels.py
[2024-01-04T23:15:45.176+0000] {logging_mixin.py:137} INFO - [2024-01-04T23:15:45.176+0000] {dag.py:2690} INFO - Sync 1 DAGs
[2024-01-04T23:15:45.197+0000] {logging_mixin.py:137} INFO - [2024-01-04T23:15:45.197+0000] {dag.py:3441} INFO - Setting next_dagrun for example_branch_labels to 2024-01-03T00:00:00+00:00, run_after=2024-01-04T00:00:00+00:00
[2024-01-04T23:15:45.210+0000] {processor.py:175} INFO - Processing /home/airflow/.local/lib/python3.7/site-packages/airflow/example_dags/example_branch_labels.py took 0.100 seconds
[2024-01-04T23:16:15.703+0000] {processor.py:153} INFO - Started process (PID=1055) to work on /home/airflow/.local/lib/python3.7/site-packages/airflow/example_dags/example_branch_labels.py
[2024-01-04T23:16:15.707+0000] {processor.py:743} INFO - Processing file /home/airflow/.local/lib/python3.7/site-packages/airflow/example_dags/example_branch_labels.py for tasks to queue
[2024-01-04T23:16:15.709+0000] {logging_mixin.py:137} INFO - [2024-01-04T23:16:15.709+0000] {dagbag.py:538} INFO - Filling up the DagBag from /home/airflow/.local/lib/python3.7/site-packages/airflow/example_dags/example_branch_labels.py
[2024-01-04T23:16:15.725+0000] {processor.py:753} INFO - DAG(s) dict_keys(['example_branch_labels']) retrieved from /home/airflow/.local/lib/python3.7/site-packages/airflow/example_dags/example_branch_labels.py
[2024-01-04T23:16:15.750+0000] {logging_mixin.py:137} INFO - [2024-01-04T23:16:15.750+0000] {dag.py:2690} INFO - Sync 1 DAGs
[2024-01-04T23:16:15.767+0000] {logging_mixin.py:137} INFO - [2024-01-04T23:16:15.767+0000] {dag.py:3441} INFO - Setting next_dagrun for example_branch_labels to 2024-01-03T00:00:00+00:00, run_after=2024-01-04T00:00:00+00:00
[2024-01-04T23:16:15.778+0000] {processor.py:175} INFO - Processing /home/airflow/.local/lib/python3.7/site-packages/airflow/example_dags/example_branch_labels.py took 0.081 seconds
[2024-01-04T23:16:46.115+0000] {processor.py:153} INFO - Started process (PID=1118) to work on /home/airflow/.local/lib/python3.7/site-packages/airflow/example_dags/example_branch_labels.py
[2024-01-04T23:16:46.118+0000] {processor.py:743} INFO - Processing file /home/airflow/.local/lib/python3.7/site-packages/airflow/example_dags/example_branch_labels.py for tasks to queue
[2024-01-04T23:16:46.119+0000] {logging_mixin.py:137} INFO - [2024-01-04T23:16:46.119+0000] {dagbag.py:538} INFO - Filling up the DagBag from /home/airflow/.local/lib/python3.7/site-packages/airflow/example_dags/example_branch_labels.py
[2024-01-04T23:16:46.136+0000] {processor.py:753} INFO - DAG(s) dict_keys(['example_branch_labels']) retrieved from /home/airflow/.local/lib/python3.7/site-packages/airflow/example_dags/example_branch_labels.py
[2024-01-04T23:16:46.160+0000] {logging_mixin.py:137} INFO - [2024-01-04T23:16:46.160+0000] {dag.py:2690} INFO - Sync 1 DAGs
[2024-01-04T23:16:46.179+0000] {logging_mixin.py:137} INFO - [2024-01-04T23:16:46.179+0000] {dag.py:3441} INFO - Setting next_dagrun for example_branch_labels to 2024-01-03T00:00:00+00:00, run_after=2024-01-04T00:00:00+00:00
[2024-01-04T23:16:46.190+0000] {processor.py:175} INFO - Processing /home/airflow/.local/lib/python3.7/site-packages/airflow/example_dags/example_branch_labels.py took 0.081 seconds
[2024-01-04T23:17:16.862+0000] {processor.py:153} INFO - Started process (PID=1194) to work on /home/airflow/.local/lib/python3.7/site-packages/airflow/example_dags/example_branch_labels.py
[2024-01-04T23:17:16.865+0000] {processor.py:743} INFO - Processing file /home/airflow/.local/lib/python3.7/site-packages/airflow/example_dags/example_branch_labels.py for tasks to queue
[2024-01-04T23:17:16.866+0000] {logging_mixin.py:137} INFO - [2024-01-04T23:17:16.866+0000] {dagbag.py:538} INFO - Filling up the DagBag from /home/airflow/.local/lib/python3.7/site-packages/airflow/example_dags/example_branch_labels.py
[2024-01-04T23:17:16.897+0000] {processor.py:753} INFO - DAG(s) dict_keys(['example_branch_labels']) retrieved from /home/airflow/.local/lib/python3.7/site-packages/airflow/example_dags/example_branch_labels.py
[2024-01-04T23:17:16.959+0000] {logging_mixin.py:137} INFO - [2024-01-04T23:17:16.959+0000] {dag.py:2690} INFO - Sync 1 DAGs
[2024-01-04T23:17:16.994+0000] {logging_mixin.py:137} INFO - [2024-01-04T23:17:16.994+0000] {dag.py:3441} INFO - Setting next_dagrun for example_branch_labels to 2024-01-03T00:00:00+00:00, run_after=2024-01-04T00:00:00+00:00
[2024-01-04T23:17:17.020+0000] {processor.py:175} INFO - Processing /home/airflow/.local/lib/python3.7/site-packages/airflow/example_dags/example_branch_labels.py took 0.165 seconds
[2024-01-04T23:17:47.746+0000] {processor.py:153} INFO - Started process (PID=1269) to work on /home/airflow/.local/lib/python3.7/site-packages/airflow/example_dags/example_branch_labels.py
[2024-01-04T23:17:47.757+0000] {processor.py:743} INFO - Processing file /home/airflow/.local/lib/python3.7/site-packages/airflow/example_dags/example_branch_labels.py for tasks to queue
[2024-01-04T23:17:47.760+0000] {logging_mixin.py:137} INFO - [2024-01-04T23:17:47.760+0000] {dagbag.py:538} INFO - Filling up the DagBag from /home/airflow/.local/lib/python3.7/site-packages/airflow/example_dags/example_branch_labels.py
[2024-01-04T23:17:47.851+0000] {processor.py:753} INFO - DAG(s) dict_keys(['example_branch_labels']) retrieved from /home/airflow/.local/lib/python3.7/site-packages/airflow/example_dags/example_branch_labels.py
[2024-01-04T23:17:47.984+0000] {logging_mixin.py:137} INFO - [2024-01-04T23:17:47.984+0000] {dag.py:2690} INFO - Sync 1 DAGs
[2024-01-04T23:17:48.129+0000] {logging_mixin.py:137} INFO - [2024-01-04T23:17:48.129+0000] {dag.py:3441} INFO - Setting next_dagrun for example_branch_labels to 2024-01-03T00:00:00+00:00, run_after=2024-01-04T00:00:00+00:00
[2024-01-04T23:17:48.191+0000] {processor.py:175} INFO - Processing /home/airflow/.local/lib/python3.7/site-packages/airflow/example_dags/example_branch_labels.py took 0.454 seconds
[2024-01-04T23:18:18.357+0000] {processor.py:153} INFO - Started process (PID=1333) to work on /home/airflow/.local/lib/python3.7/site-packages/airflow/example_dags/example_branch_labels.py
[2024-01-04T23:18:18.358+0000] {processor.py:743} INFO - Processing file /home/airflow/.local/lib/python3.7/site-packages/airflow/example_dags/example_branch_labels.py for tasks to queue
[2024-01-04T23:18:18.359+0000] {logging_mixin.py:137} INFO - [2024-01-04T23:18:18.359+0000] {dagbag.py:538} INFO - Filling up the DagBag from /home/airflow/.local/lib/python3.7/site-packages/airflow/example_dags/example_branch_labels.py
[2024-01-04T23:18:18.369+0000] {processor.py:753} INFO - DAG(s) dict_keys(['example_branch_labels']) retrieved from /home/airflow/.local/lib/python3.7/site-packages/airflow/example_dags/example_branch_labels.py
[2024-01-04T23:18:18.390+0000] {logging_mixin.py:137} INFO - [2024-01-04T23:18:18.390+0000] {dag.py:2690} INFO - Sync 1 DAGs
[2024-01-04T23:18:18.407+0000] {logging_mixin.py:137} INFO - [2024-01-04T23:18:18.407+0000] {dag.py:3441} INFO - Setting next_dagrun for example_branch_labels to 2024-01-03T00:00:00+00:00, run_after=2024-01-04T00:00:00+00:00
[2024-01-04T23:18:18.476+0000] {processor.py:175} INFO - Processing /home/airflow/.local/lib/python3.7/site-packages/airflow/example_dags/example_branch_labels.py took 0.122 seconds
[2024-01-04T23:18:48.540+0000] {processor.py:153} INFO - Started process (PID=1408) to work on /home/airflow/.local/lib/python3.7/site-packages/airflow/example_dags/example_branch_labels.py
[2024-01-04T23:18:48.543+0000] {processor.py:743} INFO - Processing file /home/airflow/.local/lib/python3.7/site-packages/airflow/example_dags/example_branch_labels.py for tasks to queue
[2024-01-04T23:18:48.545+0000] {logging_mixin.py:137} INFO - [2024-01-04T23:18:48.545+0000] {dagbag.py:538} INFO - Filling up the DagBag from /home/airflow/.local/lib/python3.7/site-packages/airflow/example_dags/example_branch_labels.py
[2024-01-04T23:18:48.570+0000] {processor.py:753} INFO - DAG(s) dict_keys(['example_branch_labels']) retrieved from /home/airflow/.local/lib/python3.7/site-packages/airflow/example_dags/example_branch_labels.py
[2024-01-04T23:18:48.890+0000] {logging_mixin.py:137} INFO - [2024-01-04T23:18:48.889+0000] {dag.py:2690} INFO - Sync 1 DAGs
[2024-01-04T23:18:48.946+0000] {logging_mixin.py:137} INFO - [2024-01-04T23:18:48.946+0000] {dag.py:3441} INFO - Setting next_dagrun for example_branch_labels to 2024-01-03T00:00:00+00:00, run_after=2024-01-04T00:00:00+00:00
[2024-01-04T23:18:48.975+0000] {processor.py:175} INFO - Processing /home/airflow/.local/lib/python3.7/site-packages/airflow/example_dags/example_branch_labels.py took 0.441 seconds
[2024-01-04T23:19:19.939+0000] {processor.py:153} INFO - Started process (PID=1473) to work on /home/airflow/.local/lib/python3.7/site-packages/airflow/example_dags/example_branch_labels.py
[2024-01-04T23:19:19.942+0000] {processor.py:743} INFO - Processing file /home/airflow/.local/lib/python3.7/site-packages/airflow/example_dags/example_branch_labels.py for tasks to queue
[2024-01-04T23:19:19.944+0000] {logging_mixin.py:137} INFO - [2024-01-04T23:19:19.943+0000] {dagbag.py:538} INFO - Filling up the DagBag from /home/airflow/.local/lib/python3.7/site-packages/airflow/example_dags/example_branch_labels.py
[2024-01-04T23:19:19.991+0000] {processor.py:753} INFO - DAG(s) dict_keys(['example_branch_labels']) retrieved from /home/airflow/.local/lib/python3.7/site-packages/airflow/example_dags/example_branch_labels.py
[2024-01-04T23:19:20.032+0000] {logging_mixin.py:137} INFO - [2024-01-04T23:19:20.032+0000] {dag.py:2690} INFO - Sync 1 DAGs
[2024-01-04T23:19:20.064+0000] {logging_mixin.py:137} INFO - [2024-01-04T23:19:20.063+0000] {dag.py:3441} INFO - Setting next_dagrun for example_branch_labels to 2024-01-03T00:00:00+00:00, run_after=2024-01-04T00:00:00+00:00
[2024-01-04T23:19:20.079+0000] {processor.py:175} INFO - Processing /home/airflow/.local/lib/python3.7/site-packages/airflow/example_dags/example_branch_labels.py took 0.149 seconds
[2024-01-04T23:19:50.674+0000] {processor.py:153} INFO - Started process (PID=1549) to work on /home/airflow/.local/lib/python3.7/site-packages/airflow/example_dags/example_branch_labels.py
[2024-01-04T23:19:50.677+0000] {processor.py:743} INFO - Processing file /home/airflow/.local/lib/python3.7/site-packages/airflow/example_dags/example_branch_labels.py for tasks to queue
[2024-01-04T23:19:50.678+0000] {logging_mixin.py:137} INFO - [2024-01-04T23:19:50.678+0000] {dagbag.py:538} INFO - Filling up the DagBag from /home/airflow/.local/lib/python3.7/site-packages/airflow/example_dags/example_branch_labels.py
[2024-01-04T23:19:50.710+0000] {processor.py:753} INFO - DAG(s) dict_keys(['example_branch_labels']) retrieved from /home/airflow/.local/lib/python3.7/site-packages/airflow/example_dags/example_branch_labels.py
[2024-01-04T23:19:50.781+0000] {logging_mixin.py:137} INFO - [2024-01-04T23:19:50.780+0000] {dag.py:2690} INFO - Sync 1 DAGs
[2024-01-04T23:19:50.810+0000] {logging_mixin.py:137} INFO - [2024-01-04T23:19:50.810+0000] {dag.py:3441} INFO - Setting next_dagrun for example_branch_labels to 2024-01-03T00:00:00+00:00, run_after=2024-01-04T00:00:00+00:00
[2024-01-04T23:19:50.825+0000] {processor.py:175} INFO - Processing /home/airflow/.local/lib/python3.7/site-packages/airflow/example_dags/example_branch_labels.py took 0.165 seconds
[2024-01-04T23:20:21.511+0000] {processor.py:153} INFO - Started process (PID=1612) to work on /home/airflow/.local/lib/python3.7/site-packages/airflow/example_dags/example_branch_labels.py
[2024-01-04T23:20:21.515+0000] {processor.py:743} INFO - Processing file /home/airflow/.local/lib/python3.7/site-packages/airflow/example_dags/example_branch_labels.py for tasks to queue
[2024-01-04T23:20:21.519+0000] {logging_mixin.py:137} INFO - [2024-01-04T23:20:21.519+0000] {dagbag.py:538} INFO - Filling up the DagBag from /home/airflow/.local/lib/python3.7/site-packages/airflow/example_dags/example_branch_labels.py
[2024-01-04T23:20:21.546+0000] {processor.py:753} INFO - DAG(s) dict_keys(['example_branch_labels']) retrieved from /home/airflow/.local/lib/python3.7/site-packages/airflow/example_dags/example_branch_labels.py
[2024-01-04T23:20:21.596+0000] {logging_mixin.py:137} INFO - [2024-01-04T23:20:21.596+0000] {dag.py:2690} INFO - Sync 1 DAGs
[2024-01-04T23:20:21.620+0000] {logging_mixin.py:137} INFO - [2024-01-04T23:20:21.620+0000] {dag.py:3441} INFO - Setting next_dagrun for example_branch_labels to 2024-01-03T00:00:00+00:00, run_after=2024-01-04T00:00:00+00:00
[2024-01-04T23:20:21.635+0000] {processor.py:175} INFO - Processing /home/airflow/.local/lib/python3.7/site-packages/airflow/example_dags/example_branch_labels.py took 0.135 seconds
[2024-01-04T23:20:51.946+0000] {processor.py:153} INFO - Started process (PID=1687) to work on /home/airflow/.local/lib/python3.7/site-packages/airflow/example_dags/example_branch_labels.py
[2024-01-04T23:20:51.950+0000] {processor.py:743} INFO - Processing file /home/airflow/.local/lib/python3.7/site-packages/airflow/example_dags/example_branch_labels.py for tasks to queue
[2024-01-04T23:20:51.952+0000] {logging_mixin.py:137} INFO - [2024-01-04T23:20:51.952+0000] {dagbag.py:538} INFO - Filling up the DagBag from /home/airflow/.local/lib/python3.7/site-packages/airflow/example_dags/example_branch_labels.py
[2024-01-04T23:20:51.969+0000] {processor.py:753} INFO - DAG(s) dict_keys(['example_branch_labels']) retrieved from /home/airflow/.local/lib/python3.7/site-packages/airflow/example_dags/example_branch_labels.py
[2024-01-04T23:20:51.994+0000] {logging_mixin.py:137} INFO - [2024-01-04T23:20:51.994+0000] {dag.py:2690} INFO - Sync 1 DAGs
[2024-01-04T23:20:52.012+0000] {logging_mixin.py:137} INFO - [2024-01-04T23:20:52.012+0000] {dag.py:3441} INFO - Setting next_dagrun for example_branch_labels to 2024-01-03T00:00:00+00:00, run_after=2024-01-04T00:00:00+00:00
[2024-01-04T23:20:52.025+0000] {processor.py:175} INFO - Processing /home/airflow/.local/lib/python3.7/site-packages/airflow/example_dags/example_branch_labels.py took 0.087 seconds
[2024-01-04T23:21:22.167+0000] {processor.py:153} INFO - Started process (PID=1759) to work on /home/airflow/.local/lib/python3.7/site-packages/airflow/example_dags/example_branch_labels.py
[2024-01-04T23:21:22.172+0000] {processor.py:743} INFO - Processing file /home/airflow/.local/lib/python3.7/site-packages/airflow/example_dags/example_branch_labels.py for tasks to queue
[2024-01-04T23:21:22.176+0000] {logging_mixin.py:137} INFO - [2024-01-04T23:21:22.176+0000] {dagbag.py:538} INFO - Filling up the DagBag from /home/airflow/.local/lib/python3.7/site-packages/airflow/example_dags/example_branch_labels.py
[2024-01-04T23:21:22.225+0000] {processor.py:753} INFO - DAG(s) dict_keys(['example_branch_labels']) retrieved from /home/airflow/.local/lib/python3.7/site-packages/airflow/example_dags/example_branch_labels.py
[2024-01-04T23:21:22.271+0000] {logging_mixin.py:137} INFO - [2024-01-04T23:21:22.271+0000] {dag.py:2690} INFO - Sync 1 DAGs
[2024-01-04T23:21:22.313+0000] {logging_mixin.py:137} INFO - [2024-01-04T23:21:22.312+0000] {dag.py:3441} INFO - Setting next_dagrun for example_branch_labels to 2024-01-03T00:00:00+00:00, run_after=2024-01-04T00:00:00+00:00
[2024-01-04T23:21:22.329+0000] {processor.py:175} INFO - Processing /home/airflow/.local/lib/python3.7/site-packages/airflow/example_dags/example_branch_labels.py took 0.190 seconds
[2024-01-04T23:21:53.263+0000] {processor.py:153} INFO - Started process (PID=1825) to work on /home/airflow/.local/lib/python3.7/site-packages/airflow/example_dags/example_branch_labels.py
[2024-01-04T23:21:53.265+0000] {processor.py:743} INFO - Processing file /home/airflow/.local/lib/python3.7/site-packages/airflow/example_dags/example_branch_labels.py for tasks to queue
[2024-01-04T23:21:53.267+0000] {logging_mixin.py:137} INFO - [2024-01-04T23:21:53.267+0000] {dagbag.py:538} INFO - Filling up the DagBag from /home/airflow/.local/lib/python3.7/site-packages/airflow/example_dags/example_branch_labels.py
[2024-01-04T23:21:53.281+0000] {processor.py:753} INFO - DAG(s) dict_keys(['example_branch_labels']) retrieved from /home/airflow/.local/lib/python3.7/site-packages/airflow/example_dags/example_branch_labels.py
[2024-01-04T23:21:53.304+0000] {logging_mixin.py:137} INFO - [2024-01-04T23:21:53.304+0000] {dag.py:2690} INFO - Sync 1 DAGs
[2024-01-04T23:21:53.326+0000] {logging_mixin.py:137} INFO - [2024-01-04T23:21:53.326+0000] {dag.py:3441} INFO - Setting next_dagrun for example_branch_labels to 2024-01-03T00:00:00+00:00, run_after=2024-01-04T00:00:00+00:00
[2024-01-04T23:21:53.338+0000] {processor.py:175} INFO - Processing /home/airflow/.local/lib/python3.7/site-packages/airflow/example_dags/example_branch_labels.py took 0.081 seconds
[2024-01-04T23:22:24.079+0000] {processor.py:153} INFO - Started process (PID=1900) to work on /home/airflow/.local/lib/python3.7/site-packages/airflow/example_dags/example_branch_labels.py
[2024-01-04T23:22:24.082+0000] {processor.py:743} INFO - Processing file /home/airflow/.local/lib/python3.7/site-packages/airflow/example_dags/example_branch_labels.py for tasks to queue
[2024-01-04T23:22:24.084+0000] {logging_mixin.py:137} INFO - [2024-01-04T23:22:24.084+0000] {dagbag.py:538} INFO - Filling up the DagBag from /home/airflow/.local/lib/python3.7/site-packages/airflow/example_dags/example_branch_labels.py
[2024-01-04T23:22:24.106+0000] {processor.py:753} INFO - DAG(s) dict_keys(['example_branch_labels']) retrieved from /home/airflow/.local/lib/python3.7/site-packages/airflow/example_dags/example_branch_labels.py
[2024-01-04T23:22:24.140+0000] {logging_mixin.py:137} INFO - [2024-01-04T23:22:24.140+0000] {dag.py:2690} INFO - Sync 1 DAGs
[2024-01-04T23:22:24.167+0000] {logging_mixin.py:137} INFO - [2024-01-04T23:22:24.166+0000] {dag.py:3441} INFO - Setting next_dagrun for example_branch_labels to 2024-01-03T00:00:00+00:00, run_after=2024-01-04T00:00:00+00:00
[2024-01-04T23:22:24.189+0000] {processor.py:175} INFO - Processing /home/airflow/.local/lib/python3.7/site-packages/airflow/example_dags/example_branch_labels.py took 0.119 seconds
[2024-01-04T23:22:54.812+0000] {processor.py:153} INFO - Started process (PID=1963) to work on /home/airflow/.local/lib/python3.7/site-packages/airflow/example_dags/example_branch_labels.py
[2024-01-04T23:22:54.815+0000] {processor.py:743} INFO - Processing file /home/airflow/.local/lib/python3.7/site-packages/airflow/example_dags/example_branch_labels.py for tasks to queue
[2024-01-04T23:22:54.816+0000] {logging_mixin.py:137} INFO - [2024-01-04T23:22:54.816+0000] {dagbag.py:538} INFO - Filling up the DagBag from /home/airflow/.local/lib/python3.7/site-packages/airflow/example_dags/example_branch_labels.py
[2024-01-04T23:22:54.839+0000] {processor.py:753} INFO - DAG(s) dict_keys(['example_branch_labels']) retrieved from /home/airflow/.local/lib/python3.7/site-packages/airflow/example_dags/example_branch_labels.py
[2024-01-04T23:22:54.863+0000] {logging_mixin.py:137} INFO - [2024-01-04T23:22:54.863+0000] {dag.py:2690} INFO - Sync 1 DAGs
[2024-01-04T23:22:54.881+0000] {logging_mixin.py:137} INFO - [2024-01-04T23:22:54.881+0000] {dag.py:3441} INFO - Setting next_dagrun for example_branch_labels to 2024-01-03T00:00:00+00:00, run_after=2024-01-04T00:00:00+00:00
[2024-01-04T23:22:54.892+0000] {processor.py:175} INFO - Processing /home/airflow/.local/lib/python3.7/site-packages/airflow/example_dags/example_branch_labels.py took 0.089 seconds
[2024-01-04T23:23:25.530+0000] {processor.py:153} INFO - Started process (PID=2040) to work on /home/airflow/.local/lib/python3.7/site-packages/airflow/example_dags/example_branch_labels.py
[2024-01-04T23:23:25.532+0000] {processor.py:743} INFO - Processing file /home/airflow/.local/lib/python3.7/site-packages/airflow/example_dags/example_branch_labels.py for tasks to queue
[2024-01-04T23:23:25.536+0000] {logging_mixin.py:137} INFO - [2024-01-04T23:23:25.535+0000] {dagbag.py:538} INFO - Filling up the DagBag from /home/airflow/.local/lib/python3.7/site-packages/airflow/example_dags/example_branch_labels.py
[2024-01-04T23:23:25.567+0000] {processor.py:753} INFO - DAG(s) dict_keys(['example_branch_labels']) retrieved from /home/airflow/.local/lib/python3.7/site-packages/airflow/example_dags/example_branch_labels.py
[2024-01-04T23:23:25.595+0000] {logging_mixin.py:137} INFO - [2024-01-04T23:23:25.595+0000] {dag.py:2690} INFO - Sync 1 DAGs
[2024-01-04T23:23:25.615+0000] {logging_mixin.py:137} INFO - [2024-01-04T23:23:25.615+0000] {dag.py:3441} INFO - Setting next_dagrun for example_branch_labels to 2024-01-03T00:00:00+00:00, run_after=2024-01-04T00:00:00+00:00
[2024-01-04T23:23:25.640+0000] {processor.py:175} INFO - Processing /home/airflow/.local/lib/python3.7/site-packages/airflow/example_dags/example_branch_labels.py took 0.117 seconds
[2024-01-04T23:23:56.042+0000] {processor.py:153} INFO - Started process (PID=2116) to work on /home/airflow/.local/lib/python3.7/site-packages/airflow/example_dags/example_branch_labels.py
[2024-01-04T23:23:56.045+0000] {processor.py:743} INFO - Processing file /home/airflow/.local/lib/python3.7/site-packages/airflow/example_dags/example_branch_labels.py for tasks to queue
[2024-01-04T23:23:56.047+0000] {logging_mixin.py:137} INFO - [2024-01-04T23:23:56.047+0000] {dagbag.py:538} INFO - Filling up the DagBag from /home/airflow/.local/lib/python3.7/site-packages/airflow/example_dags/example_branch_labels.py
[2024-01-04T23:23:56.081+0000] {processor.py:753} INFO - DAG(s) dict_keys(['example_branch_labels']) retrieved from /home/airflow/.local/lib/python3.7/site-packages/airflow/example_dags/example_branch_labels.py
[2024-01-04T23:23:56.139+0000] {logging_mixin.py:137} INFO - [2024-01-04T23:23:56.138+0000] {dag.py:2690} INFO - Sync 1 DAGs
[2024-01-04T23:23:56.180+0000] {logging_mixin.py:137} INFO - [2024-01-04T23:23:56.180+0000] {dag.py:3441} INFO - Setting next_dagrun for example_branch_labels to 2024-01-03T00:00:00+00:00, run_after=2024-01-04T00:00:00+00:00
[2024-01-04T23:23:56.198+0000] {processor.py:175} INFO - Processing /home/airflow/.local/lib/python3.7/site-packages/airflow/example_dags/example_branch_labels.py took 0.179 seconds
[2024-01-04T23:24:27.277+0000] {processor.py:153} INFO - Started process (PID=2179) to work on /home/airflow/.local/lib/python3.7/site-packages/airflow/example_dags/example_branch_labels.py
[2024-01-04T23:24:27.283+0000] {processor.py:743} INFO - Processing file /home/airflow/.local/lib/python3.7/site-packages/airflow/example_dags/example_branch_labels.py for tasks to queue
[2024-01-04T23:24:27.285+0000] {logging_mixin.py:137} INFO - [2024-01-04T23:24:27.285+0000] {dagbag.py:538} INFO - Filling up the DagBag from /home/airflow/.local/lib/python3.7/site-packages/airflow/example_dags/example_branch_labels.py
[2024-01-04T23:24:27.319+0000] {processor.py:753} INFO - DAG(s) dict_keys(['example_branch_labels']) retrieved from /home/airflow/.local/lib/python3.7/site-packages/airflow/example_dags/example_branch_labels.py
[2024-01-04T23:24:27.360+0000] {logging_mixin.py:137} INFO - [2024-01-04T23:24:27.360+0000] {dag.py:2690} INFO - Sync 1 DAGs
[2024-01-04T23:24:27.383+0000] {logging_mixin.py:137} INFO - [2024-01-04T23:24:27.383+0000] {dag.py:3441} INFO - Setting next_dagrun for example_branch_labels to 2024-01-03T00:00:00+00:00, run_after=2024-01-04T00:00:00+00:00
[2024-01-04T23:24:27.398+0000] {processor.py:175} INFO - Processing /home/airflow/.local/lib/python3.7/site-packages/airflow/example_dags/example_branch_labels.py took 0.138 seconds
[2024-01-04T23:24:57.574+0000] {processor.py:153} INFO - Started process (PID=2254) to work on /home/airflow/.local/lib/python3.7/site-packages/airflow/example_dags/example_branch_labels.py
[2024-01-04T23:24:57.577+0000] {processor.py:743} INFO - Processing file /home/airflow/.local/lib/python3.7/site-packages/airflow/example_dags/example_branch_labels.py for tasks to queue
[2024-01-04T23:24:57.579+0000] {logging_mixin.py:137} INFO - [2024-01-04T23:24:57.578+0000] {dagbag.py:538} INFO - Filling up the DagBag from /home/airflow/.local/lib/python3.7/site-packages/airflow/example_dags/example_branch_labels.py
[2024-01-04T23:24:57.601+0000] {processor.py:753} INFO - DAG(s) dict_keys(['example_branch_labels']) retrieved from /home/airflow/.local/lib/python3.7/site-packages/airflow/example_dags/example_branch_labels.py
[2024-01-04T23:24:57.641+0000] {logging_mixin.py:137} INFO - [2024-01-04T23:24:57.641+0000] {dag.py:2690} INFO - Sync 1 DAGs
[2024-01-04T23:24:57.662+0000] {logging_mixin.py:137} INFO - [2024-01-04T23:24:57.662+0000] {dag.py:3441} INFO - Setting next_dagrun for example_branch_labels to 2024-01-03T00:00:00+00:00, run_after=2024-01-04T00:00:00+00:00
[2024-01-04T23:24:57.675+0000] {processor.py:175} INFO - Processing /home/airflow/.local/lib/python3.7/site-packages/airflow/example_dags/example_branch_labels.py took 0.110 seconds
[2024-01-04T23:25:28.642+0000] {processor.py:153} INFO - Started process (PID=2318) to work on /home/airflow/.local/lib/python3.7/site-packages/airflow/example_dags/example_branch_labels.py
[2024-01-04T23:25:28.645+0000] {processor.py:743} INFO - Processing file /home/airflow/.local/lib/python3.7/site-packages/airflow/example_dags/example_branch_labels.py for tasks to queue
[2024-01-04T23:25:28.647+0000] {logging_mixin.py:137} INFO - [2024-01-04T23:25:28.646+0000] {dagbag.py:538} INFO - Filling up the DagBag from /home/airflow/.local/lib/python3.7/site-packages/airflow/example_dags/example_branch_labels.py
[2024-01-04T23:25:28.700+0000] {processor.py:753} INFO - DAG(s) dict_keys(['example_branch_labels']) retrieved from /home/airflow/.local/lib/python3.7/site-packages/airflow/example_dags/example_branch_labels.py
[2024-01-04T23:25:28.753+0000] {logging_mixin.py:137} INFO - [2024-01-04T23:25:28.753+0000] {dag.py:2690} INFO - Sync 1 DAGs
[2024-01-04T23:25:28.777+0000] {logging_mixin.py:137} INFO - [2024-01-04T23:25:28.777+0000] {dag.py:3441} INFO - Setting next_dagrun for example_branch_labels to 2024-01-03T00:00:00+00:00, run_after=2024-01-04T00:00:00+00:00
[2024-01-04T23:25:28.792+0000] {processor.py:175} INFO - Processing /home/airflow/.local/lib/python3.7/site-packages/airflow/example_dags/example_branch_labels.py took 0.161 seconds
[2024-01-04T23:25:58.877+0000] {processor.py:153} INFO - Started process (PID=2393) to work on /home/airflow/.local/lib/python3.7/site-packages/airflow/example_dags/example_branch_labels.py
[2024-01-04T23:25:58.879+0000] {processor.py:743} INFO - Processing file /home/airflow/.local/lib/python3.7/site-packages/airflow/example_dags/example_branch_labels.py for tasks to queue
[2024-01-04T23:25:58.881+0000] {logging_mixin.py:137} INFO - [2024-01-04T23:25:58.881+0000] {dagbag.py:538} INFO - Filling up the DagBag from /home/airflow/.local/lib/python3.7/site-packages/airflow/example_dags/example_branch_labels.py
[2024-01-04T23:25:58.904+0000] {processor.py:753} INFO - DAG(s) dict_keys(['example_branch_labels']) retrieved from /home/airflow/.local/lib/python3.7/site-packages/airflow/example_dags/example_branch_labels.py
[2024-01-04T23:25:58.938+0000] {logging_mixin.py:137} INFO - [2024-01-04T23:25:58.938+0000] {dag.py:2690} INFO - Sync 1 DAGs
[2024-01-04T23:25:58.960+0000] {logging_mixin.py:137} INFO - [2024-01-04T23:25:58.960+0000] {dag.py:3441} INFO - Setting next_dagrun for example_branch_labels to 2024-01-03T00:00:00+00:00, run_after=2024-01-04T00:00:00+00:00
[2024-01-04T23:25:58.974+0000] {processor.py:175} INFO - Processing /home/airflow/.local/lib/python3.7/site-packages/airflow/example_dags/example_branch_labels.py took 0.112 seconds
[2024-01-04T23:26:29.570+0000] {processor.py:153} INFO - Started process (PID=2455) to work on /home/airflow/.local/lib/python3.7/site-packages/airflow/example_dags/example_branch_labels.py
[2024-01-04T23:26:29.572+0000] {processor.py:743} INFO - Processing file /home/airflow/.local/lib/python3.7/site-packages/airflow/example_dags/example_branch_labels.py for tasks to queue
[2024-01-04T23:26:29.573+0000] {logging_mixin.py:137} INFO - [2024-01-04T23:26:29.573+0000] {dagbag.py:538} INFO - Filling up the DagBag from /home/airflow/.local/lib/python3.7/site-packages/airflow/example_dags/example_branch_labels.py
[2024-01-04T23:26:29.586+0000] {processor.py:753} INFO - DAG(s) dict_keys(['example_branch_labels']) retrieved from /home/airflow/.local/lib/python3.7/site-packages/airflow/example_dags/example_branch_labels.py
[2024-01-04T23:26:29.686+0000] {logging_mixin.py:137} INFO - [2024-01-04T23:26:29.685+0000] {dag.py:2690} INFO - Sync 1 DAGs
[2024-01-04T23:26:29.720+0000] {logging_mixin.py:137} INFO - [2024-01-04T23:26:29.720+0000] {dag.py:3441} INFO - Setting next_dagrun for example_branch_labels to 2024-01-03T00:00:00+00:00, run_after=2024-01-04T00:00:00+00:00
[2024-01-04T23:26:29.744+0000] {processor.py:175} INFO - Processing /home/airflow/.local/lib/python3.7/site-packages/airflow/example_dags/example_branch_labels.py took 0.179 seconds
[2024-01-04T23:27:00.253+0000] {processor.py:153} INFO - Started process (PID=2530) to work on /home/airflow/.local/lib/python3.7/site-packages/airflow/example_dags/example_branch_labels.py
[2024-01-04T23:27:00.255+0000] {processor.py:743} INFO - Processing file /home/airflow/.local/lib/python3.7/site-packages/airflow/example_dags/example_branch_labels.py for tasks to queue
[2024-01-04T23:27:00.257+0000] {logging_mixin.py:137} INFO - [2024-01-04T23:27:00.257+0000] {dagbag.py:538} INFO - Filling up the DagBag from /home/airflow/.local/lib/python3.7/site-packages/airflow/example_dags/example_branch_labels.py
[2024-01-04T23:27:00.273+0000] {processor.py:753} INFO - DAG(s) dict_keys(['example_branch_labels']) retrieved from /home/airflow/.local/lib/python3.7/site-packages/airflow/example_dags/example_branch_labels.py
[2024-01-04T23:27:00.299+0000] {logging_mixin.py:137} INFO - [2024-01-04T23:27:00.299+0000] {dag.py:2690} INFO - Sync 1 DAGs
[2024-01-04T23:27:00.316+0000] {logging_mixin.py:137} INFO - [2024-01-04T23:27:00.316+0000] {dag.py:3441} INFO - Setting next_dagrun for example_branch_labels to 2024-01-03T00:00:00+00:00, run_after=2024-01-04T00:00:00+00:00
[2024-01-04T23:27:00.329+0000] {processor.py:175} INFO - Processing /home/airflow/.local/lib/python3.7/site-packages/airflow/example_dags/example_branch_labels.py took 0.081 seconds
[2024-01-04T23:27:30.939+0000] {processor.py:153} INFO - Started process (PID=2605) to work on /home/airflow/.local/lib/python3.7/site-packages/airflow/example_dags/example_branch_labels.py
[2024-01-04T23:27:30.943+0000] {processor.py:743} INFO - Processing file /home/airflow/.local/lib/python3.7/site-packages/airflow/example_dags/example_branch_labels.py for tasks to queue
[2024-01-04T23:27:30.944+0000] {logging_mixin.py:137} INFO - [2024-01-04T23:27:30.944+0000] {dagbag.py:538} INFO - Filling up the DagBag from /home/airflow/.local/lib/python3.7/site-packages/airflow/example_dags/example_branch_labels.py
[2024-01-04T23:27:30.964+0000] {processor.py:753} INFO - DAG(s) dict_keys(['example_branch_labels']) retrieved from /home/airflow/.local/lib/python3.7/site-packages/airflow/example_dags/example_branch_labels.py
[2024-01-04T23:27:30.990+0000] {logging_mixin.py:137} INFO - [2024-01-04T23:27:30.989+0000] {dag.py:2690} INFO - Sync 1 DAGs
[2024-01-04T23:27:31.016+0000] {logging_mixin.py:137} INFO - [2024-01-04T23:27:31.016+0000] {dag.py:3441} INFO - Setting next_dagrun for example_branch_labels to 2024-01-03T00:00:00+00:00, run_after=2024-01-04T00:00:00+00:00
[2024-01-04T23:27:31.030+0000] {processor.py:175} INFO - Processing /home/airflow/.local/lib/python3.7/site-packages/airflow/example_dags/example_branch_labels.py took 0.101 seconds
[2024-01-04T23:28:01.200+0000] {processor.py:153} INFO - Started process (PID=2669) to work on /home/airflow/.local/lib/python3.7/site-packages/airflow/example_dags/example_branch_labels.py
[2024-01-04T23:28:01.202+0000] {processor.py:743} INFO - Processing file /home/airflow/.local/lib/python3.7/site-packages/airflow/example_dags/example_branch_labels.py for tasks to queue
[2024-01-04T23:28:01.203+0000] {logging_mixin.py:137} INFO - [2024-01-04T23:28:01.202+0000] {dagbag.py:538} INFO - Filling up the DagBag from /home/airflow/.local/lib/python3.7/site-packages/airflow/example_dags/example_branch_labels.py
[2024-01-04T23:28:01.219+0000] {processor.py:753} INFO - DAG(s) dict_keys(['example_branch_labels']) retrieved from /home/airflow/.local/lib/python3.7/site-packages/airflow/example_dags/example_branch_labels.py
[2024-01-04T23:28:01.253+0000] {logging_mixin.py:137} INFO - [2024-01-04T23:28:01.253+0000] {dag.py:2690} INFO - Sync 1 DAGs
[2024-01-04T23:28:01.298+0000] {logging_mixin.py:137} INFO - [2024-01-04T23:28:01.297+0000] {dag.py:3441} INFO - Setting next_dagrun for example_branch_labels to 2024-01-03T00:00:00+00:00, run_after=2024-01-04T00:00:00+00:00
[2024-01-04T23:28:01.318+0000] {processor.py:175} INFO - Processing /home/airflow/.local/lib/python3.7/site-packages/airflow/example_dags/example_branch_labels.py took 0.123 seconds
[2024-01-04T23:28:32.295+0000] {processor.py:153} INFO - Started process (PID=2745) to work on /home/airflow/.local/lib/python3.7/site-packages/airflow/example_dags/example_branch_labels.py
[2024-01-04T23:28:32.298+0000] {processor.py:743} INFO - Processing file /home/airflow/.local/lib/python3.7/site-packages/airflow/example_dags/example_branch_labels.py for tasks to queue
[2024-01-04T23:28:32.299+0000] {logging_mixin.py:137} INFO - [2024-01-04T23:28:32.299+0000] {dagbag.py:538} INFO - Filling up the DagBag from /home/airflow/.local/lib/python3.7/site-packages/airflow/example_dags/example_branch_labels.py
[2024-01-04T23:28:32.320+0000] {processor.py:753} INFO - DAG(s) dict_keys(['example_branch_labels']) retrieved from /home/airflow/.local/lib/python3.7/site-packages/airflow/example_dags/example_branch_labels.py
[2024-01-04T23:28:32.346+0000] {logging_mixin.py:137} INFO - [2024-01-04T23:28:32.346+0000] {dag.py:2690} INFO - Sync 1 DAGs
[2024-01-04T23:28:32.367+0000] {logging_mixin.py:137} INFO - [2024-01-04T23:28:32.367+0000] {dag.py:3441} INFO - Setting next_dagrun for example_branch_labels to 2024-01-03T00:00:00+00:00, run_after=2024-01-04T00:00:00+00:00
[2024-01-04T23:28:32.379+0000] {processor.py:175} INFO - Processing /home/airflow/.local/lib/python3.7/site-packages/airflow/example_dags/example_branch_labels.py took 0.091 seconds
[2024-01-04T23:29:03.088+0000] {processor.py:153} INFO - Started process (PID=2820) to work on /home/airflow/.local/lib/python3.7/site-packages/airflow/example_dags/example_branch_labels.py
[2024-01-04T23:29:03.091+0000] {processor.py:743} INFO - Processing file /home/airflow/.local/lib/python3.7/site-packages/airflow/example_dags/example_branch_labels.py for tasks to queue
[2024-01-04T23:29:03.093+0000] {logging_mixin.py:137} INFO - [2024-01-04T23:29:03.093+0000] {dagbag.py:538} INFO - Filling up the DagBag from /home/airflow/.local/lib/python3.7/site-packages/airflow/example_dags/example_branch_labels.py
[2024-01-04T23:29:03.126+0000] {processor.py:753} INFO - DAG(s) dict_keys(['example_branch_labels']) retrieved from /home/airflow/.local/lib/python3.7/site-packages/airflow/example_dags/example_branch_labels.py
[2024-01-04T23:29:03.166+0000] {logging_mixin.py:137} INFO - [2024-01-04T23:29:03.166+0000] {dag.py:2690} INFO - Sync 1 DAGs
[2024-01-04T23:29:03.193+0000] {logging_mixin.py:137} INFO - [2024-01-04T23:29:03.193+0000] {dag.py:3441} INFO - Setting next_dagrun for example_branch_labels to 2024-01-03T00:00:00+00:00, run_after=2024-01-04T00:00:00+00:00
[2024-01-04T23:29:03.210+0000] {processor.py:175} INFO - Processing /home/airflow/.local/lib/python3.7/site-packages/airflow/example_dags/example_branch_labels.py took 0.129 seconds
[2024-01-04T23:29:33.708+0000] {processor.py:153} INFO - Started process (PID=2883) to work on /home/airflow/.local/lib/python3.7/site-packages/airflow/example_dags/example_branch_labels.py
[2024-01-04T23:29:33.709+0000] {processor.py:743} INFO - Processing file /home/airflow/.local/lib/python3.7/site-packages/airflow/example_dags/example_branch_labels.py for tasks to queue
[2024-01-04T23:29:33.710+0000] {logging_mixin.py:137} INFO - [2024-01-04T23:29:33.710+0000] {dagbag.py:538} INFO - Filling up the DagBag from /home/airflow/.local/lib/python3.7/site-packages/airflow/example_dags/example_branch_labels.py
[2024-01-04T23:29:33.724+0000] {processor.py:753} INFO - DAG(s) dict_keys(['example_branch_labels']) retrieved from /home/airflow/.local/lib/python3.7/site-packages/airflow/example_dags/example_branch_labels.py
[2024-01-04T23:29:33.751+0000] {logging_mixin.py:137} INFO - [2024-01-04T23:29:33.751+0000] {dag.py:2690} INFO - Sync 1 DAGs
[2024-01-04T23:29:33.770+0000] {logging_mixin.py:137} INFO - [2024-01-04T23:29:33.770+0000] {dag.py:3441} INFO - Setting next_dagrun for example_branch_labels to 2024-01-03T00:00:00+00:00, run_after=2024-01-04T00:00:00+00:00
[2024-01-04T23:29:33.782+0000] {processor.py:175} INFO - Processing /home/airflow/.local/lib/python3.7/site-packages/airflow/example_dags/example_branch_labels.py took 0.078 seconds
[2024-01-04T23:30:04.362+0000] {processor.py:153} INFO - Started process (PID=2957) to work on /home/airflow/.local/lib/python3.7/site-packages/airflow/example_dags/example_branch_labels.py
[2024-01-04T23:30:04.365+0000] {processor.py:743} INFO - Processing file /home/airflow/.local/lib/python3.7/site-packages/airflow/example_dags/example_branch_labels.py for tasks to queue
[2024-01-04T23:30:04.367+0000] {logging_mixin.py:137} INFO - [2024-01-04T23:30:04.367+0000] {dagbag.py:538} INFO - Filling up the DagBag from /home/airflow/.local/lib/python3.7/site-packages/airflow/example_dags/example_branch_labels.py
[2024-01-04T23:30:04.407+0000] {processor.py:753} INFO - DAG(s) dict_keys(['example_branch_labels']) retrieved from /home/airflow/.local/lib/python3.7/site-packages/airflow/example_dags/example_branch_labels.py
[2024-01-04T23:30:04.440+0000] {logging_mixin.py:137} INFO - [2024-01-04T23:30:04.440+0000] {dag.py:2690} INFO - Sync 1 DAGs
[2024-01-04T23:30:04.462+0000] {logging_mixin.py:137} INFO - [2024-01-04T23:30:04.462+0000] {dag.py:3441} INFO - Setting next_dagrun for example_branch_labels to 2024-01-03T00:00:00+00:00, run_after=2024-01-04T00:00:00+00:00
[2024-01-04T23:30:04.476+0000] {processor.py:175} INFO - Processing /home/airflow/.local/lib/python3.7/site-packages/airflow/example_dags/example_branch_labels.py took 0.124 seconds
[2024-01-04T23:30:34.607+0000] {processor.py:153} INFO - Started process (PID=3020) to work on /home/airflow/.local/lib/python3.7/site-packages/airflow/example_dags/example_branch_labels.py
[2024-01-04T23:30:34.609+0000] {processor.py:743} INFO - Processing file /home/airflow/.local/lib/python3.7/site-packages/airflow/example_dags/example_branch_labels.py for tasks to queue
[2024-01-04T23:30:34.611+0000] {logging_mixin.py:137} INFO - [2024-01-04T23:30:34.611+0000] {dagbag.py:538} INFO - Filling up the DagBag from /home/airflow/.local/lib/python3.7/site-packages/airflow/example_dags/example_branch_labels.py
[2024-01-04T23:30:34.630+0000] {processor.py:753} INFO - DAG(s) dict_keys(['example_branch_labels']) retrieved from /home/airflow/.local/lib/python3.7/site-packages/airflow/example_dags/example_branch_labels.py
[2024-01-04T23:30:34.659+0000] {logging_mixin.py:137} INFO - [2024-01-04T23:30:34.658+0000] {dag.py:2690} INFO - Sync 1 DAGs
[2024-01-04T23:30:34.678+0000] {logging_mixin.py:137} INFO - [2024-01-04T23:30:34.678+0000] {dag.py:3441} INFO - Setting next_dagrun for example_branch_labels to 2024-01-03T00:00:00+00:00, run_after=2024-01-04T00:00:00+00:00
[2024-01-04T23:30:34.689+0000] {processor.py:175} INFO - Processing /home/airflow/.local/lib/python3.7/site-packages/airflow/example_dags/example_branch_labels.py took 0.089 seconds
[2024-01-04T23:31:05.482+0000] {processor.py:153} INFO - Started process (PID=3096) to work on /home/airflow/.local/lib/python3.7/site-packages/airflow/example_dags/example_branch_labels.py
[2024-01-04T23:31:05.484+0000] {processor.py:743} INFO - Processing file /home/airflow/.local/lib/python3.7/site-packages/airflow/example_dags/example_branch_labels.py for tasks to queue
[2024-01-04T23:31:05.486+0000] {logging_mixin.py:137} INFO - [2024-01-04T23:31:05.486+0000] {dagbag.py:538} INFO - Filling up the DagBag from /home/airflow/.local/lib/python3.7/site-packages/airflow/example_dags/example_branch_labels.py
[2024-01-04T23:31:05.504+0000] {processor.py:753} INFO - DAG(s) dict_keys(['example_branch_labels']) retrieved from /home/airflow/.local/lib/python3.7/site-packages/airflow/example_dags/example_branch_labels.py
[2024-01-04T23:31:05.528+0000] {logging_mixin.py:137} INFO - [2024-01-04T23:31:05.528+0000] {dag.py:2690} INFO - Sync 1 DAGs
[2024-01-04T23:31:05.546+0000] {logging_mixin.py:137} INFO - [2024-01-04T23:31:05.546+0000] {dag.py:3441} INFO - Setting next_dagrun for example_branch_labels to 2024-01-03T00:00:00+00:00, run_after=2024-01-04T00:00:00+00:00
[2024-01-04T23:31:05.558+0000] {processor.py:175} INFO - Processing /home/airflow/.local/lib/python3.7/site-packages/airflow/example_dags/example_branch_labels.py took 0.082 seconds
[2024-01-04T23:31:36.070+0000] {processor.py:153} INFO - Started process (PID=3166) to work on /home/airflow/.local/lib/python3.7/site-packages/airflow/example_dags/example_branch_labels.py
[2024-01-04T23:31:36.073+0000] {processor.py:743} INFO - Processing file /home/airflow/.local/lib/python3.7/site-packages/airflow/example_dags/example_branch_labels.py for tasks to queue
[2024-01-04T23:31:36.076+0000] {logging_mixin.py:137} INFO - [2024-01-04T23:31:36.075+0000] {dagbag.py:538} INFO - Filling up the DagBag from /home/airflow/.local/lib/python3.7/site-packages/airflow/example_dags/example_branch_labels.py
[2024-01-04T23:31:36.110+0000] {processor.py:753} INFO - DAG(s) dict_keys(['example_branch_labels']) retrieved from /home/airflow/.local/lib/python3.7/site-packages/airflow/example_dags/example_branch_labels.py
[2024-01-04T23:31:36.188+0000] {logging_mixin.py:137} INFO - [2024-01-04T23:31:36.188+0000] {dag.py:2690} INFO - Sync 1 DAGs
[2024-01-04T23:31:36.241+0000] {logging_mixin.py:137} INFO - [2024-01-04T23:31:36.241+0000] {dag.py:3441} INFO - Setting next_dagrun for example_branch_labels to 2024-01-03T00:00:00+00:00, run_after=2024-01-04T00:00:00+00:00
[2024-01-04T23:31:36.280+0000] {processor.py:175} INFO - Processing /home/airflow/.local/lib/python3.7/site-packages/airflow/example_dags/example_branch_labels.py took 0.217 seconds
[2024-01-04T23:32:06.606+0000] {processor.py:153} INFO - Started process (PID=3234) to work on /home/airflow/.local/lib/python3.7/site-packages/airflow/example_dags/example_branch_labels.py
[2024-01-04T23:32:06.608+0000] {processor.py:743} INFO - Processing file /home/airflow/.local/lib/python3.7/site-packages/airflow/example_dags/example_branch_labels.py for tasks to queue
[2024-01-04T23:32:06.609+0000] {logging_mixin.py:137} INFO - [2024-01-04T23:32:06.609+0000] {dagbag.py:538} INFO - Filling up the DagBag from /home/airflow/.local/lib/python3.7/site-packages/airflow/example_dags/example_branch_labels.py
[2024-01-04T23:32:06.626+0000] {processor.py:753} INFO - DAG(s) dict_keys(['example_branch_labels']) retrieved from /home/airflow/.local/lib/python3.7/site-packages/airflow/example_dags/example_branch_labels.py
[2024-01-04T23:32:06.651+0000] {logging_mixin.py:137} INFO - [2024-01-04T23:32:06.651+0000] {dag.py:2690} INFO - Sync 1 DAGs
[2024-01-04T23:32:06.668+0000] {logging_mixin.py:137} INFO - [2024-01-04T23:32:06.668+0000] {dag.py:3441} INFO - Setting next_dagrun for example_branch_labels to 2024-01-03T00:00:00+00:00, run_after=2024-01-04T00:00:00+00:00
[2024-01-04T23:32:06.679+0000] {processor.py:175} INFO - Processing /home/airflow/.local/lib/python3.7/site-packages/airflow/example_dags/example_branch_labels.py took 0.082 seconds
[2024-01-04T23:32:37.364+0000] {processor.py:153} INFO - Started process (PID=3303) to work on /home/airflow/.local/lib/python3.7/site-packages/airflow/example_dags/example_branch_labels.py
[2024-01-04T23:32:37.366+0000] {processor.py:743} INFO - Processing file /home/airflow/.local/lib/python3.7/site-packages/airflow/example_dags/example_branch_labels.py for tasks to queue
[2024-01-04T23:32:37.368+0000] {logging_mixin.py:137} INFO - [2024-01-04T23:32:37.368+0000] {dagbag.py:538} INFO - Filling up the DagBag from /home/airflow/.local/lib/python3.7/site-packages/airflow/example_dags/example_branch_labels.py
[2024-01-04T23:32:37.387+0000] {processor.py:753} INFO - DAG(s) dict_keys(['example_branch_labels']) retrieved from /home/airflow/.local/lib/python3.7/site-packages/airflow/example_dags/example_branch_labels.py
[2024-01-04T23:32:37.429+0000] {logging_mixin.py:137} INFO - [2024-01-04T23:32:37.428+0000] {dag.py:2690} INFO - Sync 1 DAGs
[2024-01-04T23:32:37.474+0000] {logging_mixin.py:137} INFO - [2024-01-04T23:32:37.473+0000] {dag.py:3441} INFO - Setting next_dagrun for example_branch_labels to 2024-01-03T00:00:00+00:00, run_after=2024-01-04T00:00:00+00:00
[2024-01-04T23:32:37.504+0000] {processor.py:175} INFO - Processing /home/airflow/.local/lib/python3.7/site-packages/airflow/example_dags/example_branch_labels.py took 0.149 seconds
[2024-01-04T23:33:08.398+0000] {processor.py:153} INFO - Started process (PID=3372) to work on /home/airflow/.local/lib/python3.7/site-packages/airflow/example_dags/example_branch_labels.py
[2024-01-04T23:33:08.401+0000] {processor.py:743} INFO - Processing file /home/airflow/.local/lib/python3.7/site-packages/airflow/example_dags/example_branch_labels.py for tasks to queue
[2024-01-04T23:33:08.404+0000] {logging_mixin.py:137} INFO - [2024-01-04T23:33:08.403+0000] {dagbag.py:538} INFO - Filling up the DagBag from /home/airflow/.local/lib/python3.7/site-packages/airflow/example_dags/example_branch_labels.py
[2024-01-04T23:33:08.422+0000] {processor.py:753} INFO - DAG(s) dict_keys(['example_branch_labels']) retrieved from /home/airflow/.local/lib/python3.7/site-packages/airflow/example_dags/example_branch_labels.py
[2024-01-04T23:33:08.455+0000] {logging_mixin.py:137} INFO - [2024-01-04T23:33:08.454+0000] {dag.py:2690} INFO - Sync 1 DAGs
[2024-01-04T23:33:08.478+0000] {logging_mixin.py:137} INFO - [2024-01-04T23:33:08.478+0000] {dag.py:3441} INFO - Setting next_dagrun for example_branch_labels to 2024-01-03T00:00:00+00:00, run_after=2024-01-04T00:00:00+00:00
[2024-01-04T23:33:08.492+0000] {processor.py:175} INFO - Processing /home/airflow/.local/lib/python3.7/site-packages/airflow/example_dags/example_branch_labels.py took 0.103 seconds
[2024-01-04T23:33:39.253+0000] {processor.py:153} INFO - Started process (PID=3446) to work on /home/airflow/.local/lib/python3.7/site-packages/airflow/example_dags/example_branch_labels.py
[2024-01-04T23:33:39.256+0000] {processor.py:743} INFO - Processing file /home/airflow/.local/lib/python3.7/site-packages/airflow/example_dags/example_branch_labels.py for tasks to queue
[2024-01-04T23:33:39.258+0000] {logging_mixin.py:137} INFO - [2024-01-04T23:33:39.258+0000] {dagbag.py:538} INFO - Filling up the DagBag from /home/airflow/.local/lib/python3.7/site-packages/airflow/example_dags/example_branch_labels.py
[2024-01-04T23:33:39.279+0000] {processor.py:753} INFO - DAG(s) dict_keys(['example_branch_labels']) retrieved from /home/airflow/.local/lib/python3.7/site-packages/airflow/example_dags/example_branch_labels.py
[2024-01-04T23:33:39.309+0000] {logging_mixin.py:137} INFO - [2024-01-04T23:33:39.309+0000] {dag.py:2690} INFO - Sync 1 DAGs
[2024-01-04T23:33:39.331+0000] {logging_mixin.py:137} INFO - [2024-01-04T23:33:39.331+0000] {dag.py:3441} INFO - Setting next_dagrun for example_branch_labels to 2024-01-03T00:00:00+00:00, run_after=2024-01-04T00:00:00+00:00
[2024-01-04T23:33:39.353+0000] {processor.py:175} INFO - Processing /home/airflow/.local/lib/python3.7/site-packages/airflow/example_dags/example_branch_labels.py took 0.108 seconds
[2024-01-04T23:34:09.964+0000] {processor.py:153} INFO - Started process (PID=3510) to work on /home/airflow/.local/lib/python3.7/site-packages/airflow/example_dags/example_branch_labels.py
[2024-01-04T23:34:09.967+0000] {processor.py:743} INFO - Processing file /home/airflow/.local/lib/python3.7/site-packages/airflow/example_dags/example_branch_labels.py for tasks to queue
[2024-01-04T23:34:09.969+0000] {logging_mixin.py:137} INFO - [2024-01-04T23:34:09.968+0000] {dagbag.py:538} INFO - Filling up the DagBag from /home/airflow/.local/lib/python3.7/site-packages/airflow/example_dags/example_branch_labels.py
[2024-01-04T23:34:09.989+0000] {processor.py:753} INFO - DAG(s) dict_keys(['example_branch_labels']) retrieved from /home/airflow/.local/lib/python3.7/site-packages/airflow/example_dags/example_branch_labels.py
[2024-01-04T23:34:10.026+0000] {logging_mixin.py:137} INFO - [2024-01-04T23:34:10.026+0000] {dag.py:2690} INFO - Sync 1 DAGs
[2024-01-04T23:34:10.046+0000] {logging_mixin.py:137} INFO - [2024-01-04T23:34:10.046+0000] {dag.py:3441} INFO - Setting next_dagrun for example_branch_labels to 2024-01-03T00:00:00+00:00, run_after=2024-01-04T00:00:00+00:00
[2024-01-04T23:34:10.059+0000] {processor.py:175} INFO - Processing /home/airflow/.local/lib/python3.7/site-packages/airflow/example_dags/example_branch_labels.py took 0.102 seconds
[2024-01-04T23:34:40.786+0000] {processor.py:153} INFO - Started process (PID=3585) to work on /home/airflow/.local/lib/python3.7/site-packages/airflow/example_dags/example_branch_labels.py
[2024-01-04T23:34:40.788+0000] {processor.py:743} INFO - Processing file /home/airflow/.local/lib/python3.7/site-packages/airflow/example_dags/example_branch_labels.py for tasks to queue
[2024-01-04T23:34:40.789+0000] {logging_mixin.py:137} INFO - [2024-01-04T23:34:40.789+0000] {dagbag.py:538} INFO - Filling up the DagBag from /home/airflow/.local/lib/python3.7/site-packages/airflow/example_dags/example_branch_labels.py
[2024-01-04T23:34:40.810+0000] {processor.py:753} INFO - DAG(s) dict_keys(['example_branch_labels']) retrieved from /home/airflow/.local/lib/python3.7/site-packages/airflow/example_dags/example_branch_labels.py
[2024-01-04T23:34:40.844+0000] {logging_mixin.py:137} INFO - [2024-01-04T23:34:40.844+0000] {dag.py:2690} INFO - Sync 1 DAGs
[2024-01-04T23:34:40.866+0000] {logging_mixin.py:137} INFO - [2024-01-04T23:34:40.866+0000] {dag.py:3441} INFO - Setting next_dagrun for example_branch_labels to 2024-01-03T00:00:00+00:00, run_after=2024-01-04T00:00:00+00:00
[2024-01-04T23:34:40.878+0000] {processor.py:175} INFO - Processing /home/airflow/.local/lib/python3.7/site-packages/airflow/example_dags/example_branch_labels.py took 0.109 seconds
[2024-01-04T23:35:11.631+0000] {processor.py:153} INFO - Started process (PID=3660) to work on /home/airflow/.local/lib/python3.7/site-packages/airflow/example_dags/example_branch_labels.py
[2024-01-04T23:35:11.634+0000] {processor.py:743} INFO - Processing file /home/airflow/.local/lib/python3.7/site-packages/airflow/example_dags/example_branch_labels.py for tasks to queue
[2024-01-04T23:35:11.635+0000] {logging_mixin.py:137} INFO - [2024-01-04T23:35:11.635+0000] {dagbag.py:538} INFO - Filling up the DagBag from /home/airflow/.local/lib/python3.7/site-packages/airflow/example_dags/example_branch_labels.py
[2024-01-04T23:35:11.660+0000] {processor.py:753} INFO - DAG(s) dict_keys(['example_branch_labels']) retrieved from /home/airflow/.local/lib/python3.7/site-packages/airflow/example_dags/example_branch_labels.py
[2024-01-04T23:35:11.718+0000] {logging_mixin.py:137} INFO - [2024-01-04T23:35:11.718+0000] {dag.py:2690} INFO - Sync 1 DAGs
[2024-01-04T23:35:11.764+0000] {logging_mixin.py:137} INFO - [2024-01-04T23:35:11.764+0000] {dag.py:3441} INFO - Setting next_dagrun for example_branch_labels to 2024-01-03T00:00:00+00:00, run_after=2024-01-04T00:00:00+00:00
[2024-01-04T23:35:11.784+0000] {processor.py:175} INFO - Processing /home/airflow/.local/lib/python3.7/site-packages/airflow/example_dags/example_branch_labels.py took 0.160 seconds
[2024-01-04T23:35:42.308+0000] {processor.py:153} INFO - Started process (PID=3723) to work on /home/airflow/.local/lib/python3.7/site-packages/airflow/example_dags/example_branch_labels.py
[2024-01-04T23:35:42.310+0000] {processor.py:743} INFO - Processing file /home/airflow/.local/lib/python3.7/site-packages/airflow/example_dags/example_branch_labels.py for tasks to queue
[2024-01-04T23:35:42.312+0000] {logging_mixin.py:137} INFO - [2024-01-04T23:35:42.312+0000] {dagbag.py:538} INFO - Filling up the DagBag from /home/airflow/.local/lib/python3.7/site-packages/airflow/example_dags/example_branch_labels.py
[2024-01-04T23:35:42.331+0000] {processor.py:753} INFO - DAG(s) dict_keys(['example_branch_labels']) retrieved from /home/airflow/.local/lib/python3.7/site-packages/airflow/example_dags/example_branch_labels.py
[2024-01-04T23:35:42.356+0000] {logging_mixin.py:137} INFO - [2024-01-04T23:35:42.356+0000] {dag.py:2690} INFO - Sync 1 DAGs
[2024-01-04T23:35:42.374+0000] {logging_mixin.py:137} INFO - [2024-01-04T23:35:42.374+0000] {dag.py:3441} INFO - Setting next_dagrun for example_branch_labels to 2024-01-03T00:00:00+00:00, run_after=2024-01-04T00:00:00+00:00
[2024-01-04T23:35:42.385+0000] {processor.py:175} INFO - Processing /home/airflow/.local/lib/python3.7/site-packages/airflow/example_dags/example_branch_labels.py took 0.086 seconds
[2024-01-04T23:36:13.354+0000] {processor.py:153} INFO - Started process (PID=3797) to work on /home/airflow/.local/lib/python3.7/site-packages/airflow/example_dags/example_branch_labels.py
[2024-01-04T23:36:13.358+0000] {processor.py:743} INFO - Processing file /home/airflow/.local/lib/python3.7/site-packages/airflow/example_dags/example_branch_labels.py for tasks to queue
[2024-01-04T23:36:13.359+0000] {logging_mixin.py:137} INFO - [2024-01-04T23:36:13.359+0000] {dagbag.py:538} INFO - Filling up the DagBag from /home/airflow/.local/lib/python3.7/site-packages/airflow/example_dags/example_branch_labels.py
[2024-01-04T23:36:13.394+0000] {processor.py:753} INFO - DAG(s) dict_keys(['example_branch_labels']) retrieved from /home/airflow/.local/lib/python3.7/site-packages/airflow/example_dags/example_branch_labels.py
[2024-01-04T23:36:13.425+0000] {logging_mixin.py:137} INFO - [2024-01-04T23:36:13.425+0000] {dag.py:2690} INFO - Sync 1 DAGs
[2024-01-04T23:36:13.448+0000] {logging_mixin.py:137} INFO - [2024-01-04T23:36:13.447+0000] {dag.py:3441} INFO - Setting next_dagrun for example_branch_labels to 2024-01-03T00:00:00+00:00, run_after=2024-01-04T00:00:00+00:00
[2024-01-04T23:36:13.462+0000] {processor.py:175} INFO - Processing /home/airflow/.local/lib/python3.7/site-packages/airflow/example_dags/example_branch_labels.py took 0.114 seconds
[2024-01-04T23:36:43.643+0000] {processor.py:153} INFO - Started process (PID=3860) to work on /home/airflow/.local/lib/python3.7/site-packages/airflow/example_dags/example_branch_labels.py
[2024-01-04T23:36:43.646+0000] {processor.py:743} INFO - Processing file /home/airflow/.local/lib/python3.7/site-packages/airflow/example_dags/example_branch_labels.py for tasks to queue
[2024-01-04T23:36:43.649+0000] {logging_mixin.py:137} INFO - [2024-01-04T23:36:43.648+0000] {dagbag.py:538} INFO - Filling up the DagBag from /home/airflow/.local/lib/python3.7/site-packages/airflow/example_dags/example_branch_labels.py
[2024-01-04T23:36:43.689+0000] {processor.py:753} INFO - DAG(s) dict_keys(['example_branch_labels']) retrieved from /home/airflow/.local/lib/python3.7/site-packages/airflow/example_dags/example_branch_labels.py
[2024-01-04T23:36:43.785+0000] {logging_mixin.py:137} INFO - [2024-01-04T23:36:43.785+0000] {dag.py:2690} INFO - Sync 1 DAGs
[2024-01-04T23:36:43.824+0000] {logging_mixin.py:137} INFO - [2024-01-04T23:36:43.824+0000] {dag.py:3441} INFO - Setting next_dagrun for example_branch_labels to 2024-01-03T00:00:00+00:00, run_after=2024-01-04T00:00:00+00:00
[2024-01-04T23:36:43.841+0000] {processor.py:175} INFO - Processing /home/airflow/.local/lib/python3.7/site-packages/airflow/example_dags/example_branch_labels.py took 0.207 seconds
[2024-01-04T23:37:14.534+0000] {processor.py:153} INFO - Started process (PID=3935) to work on /home/airflow/.local/lib/python3.7/site-packages/airflow/example_dags/example_branch_labels.py
[2024-01-04T23:37:14.537+0000] {processor.py:743} INFO - Processing file /home/airflow/.local/lib/python3.7/site-packages/airflow/example_dags/example_branch_labels.py for tasks to queue
[2024-01-04T23:37:14.538+0000] {logging_mixin.py:137} INFO - [2024-01-04T23:37:14.538+0000] {dagbag.py:538} INFO - Filling up the DagBag from /home/airflow/.local/lib/python3.7/site-packages/airflow/example_dags/example_branch_labels.py
[2024-01-04T23:37:14.555+0000] {processor.py:753} INFO - DAG(s) dict_keys(['example_branch_labels']) retrieved from /home/airflow/.local/lib/python3.7/site-packages/airflow/example_dags/example_branch_labels.py
[2024-01-04T23:37:14.578+0000] {logging_mixin.py:137} INFO - [2024-01-04T23:37:14.578+0000] {dag.py:2690} INFO - Sync 1 DAGs
[2024-01-04T23:37:14.596+0000] {logging_mixin.py:137} INFO - [2024-01-04T23:37:14.596+0000] {dag.py:3441} INFO - Setting next_dagrun for example_branch_labels to 2024-01-03T00:00:00+00:00, run_after=2024-01-04T00:00:00+00:00
[2024-01-04T23:37:14.607+0000] {processor.py:175} INFO - Processing /home/airflow/.local/lib/python3.7/site-packages/airflow/example_dags/example_branch_labels.py took 0.078 seconds
[2024-01-04T23:37:45.089+0000] {processor.py:153} INFO - Started process (PID=3997) to work on /home/airflow/.local/lib/python3.7/site-packages/airflow/example_dags/example_branch_labels.py
[2024-01-04T23:37:45.092+0000] {processor.py:743} INFO - Processing file /home/airflow/.local/lib/python3.7/site-packages/airflow/example_dags/example_branch_labels.py for tasks to queue
[2024-01-04T23:37:45.094+0000] {logging_mixin.py:137} INFO - [2024-01-04T23:37:45.093+0000] {dagbag.py:538} INFO - Filling up the DagBag from /home/airflow/.local/lib/python3.7/site-packages/airflow/example_dags/example_branch_labels.py
[2024-01-04T23:37:45.114+0000] {processor.py:753} INFO - DAG(s) dict_keys(['example_branch_labels']) retrieved from /home/airflow/.local/lib/python3.7/site-packages/airflow/example_dags/example_branch_labels.py
[2024-01-04T23:37:45.139+0000] {logging_mixin.py:137} INFO - [2024-01-04T23:37:45.139+0000] {dag.py:2690} INFO - Sync 1 DAGs
[2024-01-04T23:37:45.156+0000] {logging_mixin.py:137} INFO - [2024-01-04T23:37:45.156+0000] {dag.py:3441} INFO - Setting next_dagrun for example_branch_labels to 2024-01-03T00:00:00+00:00, run_after=2024-01-04T00:00:00+00:00
[2024-01-04T23:37:45.168+0000] {processor.py:175} INFO - Processing /home/airflow/.local/lib/python3.7/site-packages/airflow/example_dags/example_branch_labels.py took 0.087 seconds
[2024-01-04T23:38:15.902+0000] {processor.py:153} INFO - Started process (PID=4072) to work on /home/airflow/.local/lib/python3.7/site-packages/airflow/example_dags/example_branch_labels.py
[2024-01-04T23:38:15.905+0000] {processor.py:743} INFO - Processing file /home/airflow/.local/lib/python3.7/site-packages/airflow/example_dags/example_branch_labels.py for tasks to queue
[2024-01-04T23:38:15.906+0000] {logging_mixin.py:137} INFO - [2024-01-04T23:38:15.906+0000] {dagbag.py:538} INFO - Filling up the DagBag from /home/airflow/.local/lib/python3.7/site-packages/airflow/example_dags/example_branch_labels.py
[2024-01-04T23:38:15.926+0000] {processor.py:753} INFO - DAG(s) dict_keys(['example_branch_labels']) retrieved from /home/airflow/.local/lib/python3.7/site-packages/airflow/example_dags/example_branch_labels.py
[2024-01-04T23:38:15.949+0000] {logging_mixin.py:137} INFO - [2024-01-04T23:38:15.949+0000] {dag.py:2690} INFO - Sync 1 DAGs
[2024-01-04T23:38:15.966+0000] {logging_mixin.py:137} INFO - [2024-01-04T23:38:15.966+0000] {dag.py:3441} INFO - Setting next_dagrun for example_branch_labels to 2024-01-03T00:00:00+00:00, run_after=2024-01-04T00:00:00+00:00
[2024-01-04T23:38:15.977+0000] {processor.py:175} INFO - Processing /home/airflow/.local/lib/python3.7/site-packages/airflow/example_dags/example_branch_labels.py took 0.084 seconds
[2024-01-04T23:38:46.525+0000] {processor.py:153} INFO - Started process (PID=4147) to work on /home/airflow/.local/lib/python3.7/site-packages/airflow/example_dags/example_branch_labels.py
[2024-01-04T23:38:46.530+0000] {processor.py:743} INFO - Processing file /home/airflow/.local/lib/python3.7/site-packages/airflow/example_dags/example_branch_labels.py for tasks to queue
[2024-01-04T23:38:46.532+0000] {logging_mixin.py:137} INFO - [2024-01-04T23:38:46.532+0000] {dagbag.py:538} INFO - Filling up the DagBag from /home/airflow/.local/lib/python3.7/site-packages/airflow/example_dags/example_branch_labels.py
[2024-01-04T23:38:46.547+0000] {processor.py:753} INFO - DAG(s) dict_keys(['example_branch_labels']) retrieved from /home/airflow/.local/lib/python3.7/site-packages/airflow/example_dags/example_branch_labels.py
[2024-01-04T23:38:46.569+0000] {logging_mixin.py:137} INFO - [2024-01-04T23:38:46.569+0000] {dag.py:2690} INFO - Sync 1 DAGs
[2024-01-04T23:38:46.586+0000] {logging_mixin.py:137} INFO - [2024-01-04T23:38:46.586+0000] {dag.py:3441} INFO - Setting next_dagrun for example_branch_labels to 2024-01-03T00:00:00+00:00, run_after=2024-01-04T00:00:00+00:00
[2024-01-04T23:38:46.598+0000] {processor.py:175} INFO - Processing /home/airflow/.local/lib/python3.7/site-packages/airflow/example_dags/example_branch_labels.py took 0.081 seconds
[2024-01-04T23:39:17.767+0000] {processor.py:153} INFO - Started process (PID=4210) to work on /home/airflow/.local/lib/python3.7/site-packages/airflow/example_dags/example_branch_labels.py
[2024-01-04T23:39:17.788+0000] {processor.py:743} INFO - Processing file /home/airflow/.local/lib/python3.7/site-packages/airflow/example_dags/example_branch_labels.py for tasks to queue
[2024-01-04T23:39:17.824+0000] {logging_mixin.py:137} INFO - [2024-01-04T23:39:17.823+0000] {dagbag.py:538} INFO - Filling up the DagBag from /home/airflow/.local/lib/python3.7/site-packages/airflow/example_dags/example_branch_labels.py
[2024-01-04T23:39:17.979+0000] {processor.py:753} INFO - DAG(s) dict_keys(['example_branch_labels']) retrieved from /home/airflow/.local/lib/python3.7/site-packages/airflow/example_dags/example_branch_labels.py
[2024-01-04T23:39:18.128+0000] {logging_mixin.py:137} INFO - [2024-01-04T23:39:18.128+0000] {dag.py:2690} INFO - Sync 1 DAGs
[2024-01-04T23:39:18.165+0000] {logging_mixin.py:137} INFO - [2024-01-04T23:39:18.164+0000] {dag.py:3441} INFO - Setting next_dagrun for example_branch_labels to 2024-01-03T00:00:00+00:00, run_after=2024-01-04T00:00:00+00:00
[2024-01-04T23:39:18.192+0000] {processor.py:175} INFO - Processing /home/airflow/.local/lib/python3.7/site-packages/airflow/example_dags/example_branch_labels.py took 0.459 seconds
[2024-01-04T23:56:22.742+0000] {processor.py:153} INFO - Started process (PID=4261) to work on /home/airflow/.local/lib/python3.7/site-packages/airflow/example_dags/example_branch_labels.py
[2024-01-04T23:56:22.744+0000] {processor.py:743} INFO - Processing file /home/airflow/.local/lib/python3.7/site-packages/airflow/example_dags/example_branch_labels.py for tasks to queue
[2024-01-04T23:56:22.745+0000] {logging_mixin.py:137} INFO - [2024-01-04T23:56:22.745+0000] {dagbag.py:538} INFO - Filling up the DagBag from /home/airflow/.local/lib/python3.7/site-packages/airflow/example_dags/example_branch_labels.py
[2024-01-04T23:56:22.756+0000] {processor.py:753} INFO - DAG(s) dict_keys(['example_branch_labels']) retrieved from /home/airflow/.local/lib/python3.7/site-packages/airflow/example_dags/example_branch_labels.py
[2024-01-04T23:56:22.777+0000] {logging_mixin.py:137} INFO - [2024-01-04T23:56:22.777+0000] {dag.py:2690} INFO - Sync 1 DAGs
[2024-01-04T23:56:22.794+0000] {logging_mixin.py:137} INFO - [2024-01-04T23:56:22.794+0000] {dag.py:3441} INFO - Setting next_dagrun for example_branch_labels to 2024-01-03T00:00:00+00:00, run_after=2024-01-04T00:00:00+00:00
[2024-01-04T23:56:22.805+0000] {processor.py:175} INFO - Processing /home/airflow/.local/lib/python3.7/site-packages/airflow/example_dags/example_branch_labels.py took 0.066 seconds
