[2024-01-04T23:09:09.400+0000] {processor.py:153} INFO - Started process (PID=80) to work on /home/airflow/.local/lib/python3.7/site-packages/airflow/example_dags/example_task_group_decorator.py
[2024-01-04T23:09:09.409+0000] {processor.py:743} INFO - Processing file /home/airflow/.local/lib/python3.7/site-packages/airflow/example_dags/example_task_group_decorator.py for tasks to queue
[2024-01-04T23:09:09.411+0000] {logging_mixin.py:137} INFO - [2024-01-04T23:09:09.411+0000] {dagbag.py:538} INFO - Filling up the DagBag from /home/airflow/.local/lib/python3.7/site-packages/airflow/example_dags/example_task_group_decorator.py
[2024-01-04T23:09:09.488+0000] {processor.py:753} INFO - DAG(s) dict_keys(['example_task_group_decorator']) retrieved from /home/airflow/.local/lib/python3.7/site-packages/airflow/example_dags/example_task_group_decorator.py
[2024-01-04T23:09:09.867+0000] {logging_mixin.py:137} INFO - [2024-01-04T23:09:09.867+0000] {manager.py:504} INFO - Created Permission View: can delete on DAG:example_task_group_decorator
[2024-01-04T23:09:09.934+0000] {logging_mixin.py:137} INFO - [2024-01-04T23:09:09.933+0000] {manager.py:504} INFO - Created Permission View: can edit on DAG:example_task_group_decorator
[2024-01-04T23:09:09.953+0000] {logging_mixin.py:137} INFO - [2024-01-04T23:09:09.953+0000] {manager.py:504} INFO - Created Permission View: can read on DAG:example_task_group_decorator
[2024-01-04T23:09:09.954+0000] {logging_mixin.py:137} INFO - [2024-01-04T23:09:09.954+0000] {dag.py:2690} INFO - Sync 1 DAGs
[2024-01-04T23:09:09.973+0000] {logging_mixin.py:137} INFO - [2024-01-04T23:09:09.973+0000] {dag.py:2711} INFO - Creating ORM DAG for example_task_group_decorator
[2024-01-04T23:09:10.008+0000] {logging_mixin.py:137} INFO - [2024-01-04T23:09:10.007+0000] {dag.py:3441} INFO - Setting next_dagrun for example_task_group_decorator to 2024-01-03T23:09:10.007379+00:00, run_after=2024-01-04T23:09:10.007379+00:00
[2024-01-04T23:09:10.080+0000] {processor.py:175} INFO - Processing /home/airflow/.local/lib/python3.7/site-packages/airflow/example_dags/example_task_group_decorator.py took 0.693 seconds
[2024-01-04T23:09:40.708+0000] {processor.py:153} INFO - Started process (PID=146) to work on /home/airflow/.local/lib/python3.7/site-packages/airflow/example_dags/example_task_group_decorator.py
[2024-01-04T23:09:40.710+0000] {processor.py:743} INFO - Processing file /home/airflow/.local/lib/python3.7/site-packages/airflow/example_dags/example_task_group_decorator.py for tasks to queue
[2024-01-04T23:09:40.711+0000] {logging_mixin.py:137} INFO - [2024-01-04T23:09:40.711+0000] {dagbag.py:538} INFO - Filling up the DagBag from /home/airflow/.local/lib/python3.7/site-packages/airflow/example_dags/example_task_group_decorator.py
[2024-01-04T23:09:40.743+0000] {processor.py:753} INFO - DAG(s) dict_keys(['example_task_group_decorator']) retrieved from /home/airflow/.local/lib/python3.7/site-packages/airflow/example_dags/example_task_group_decorator.py
[2024-01-04T23:09:40.767+0000] {logging_mixin.py:137} INFO - [2024-01-04T23:09:40.767+0000] {dag.py:2690} INFO - Sync 1 DAGs
[2024-01-04T23:09:40.785+0000] {logging_mixin.py:137} INFO - [2024-01-04T23:09:40.785+0000] {dag.py:3441} INFO - Setting next_dagrun for example_task_group_decorator to 2024-01-03T23:09:40.785182+00:00, run_after=2024-01-04T23:09:40.785182+00:00
[2024-01-04T23:09:40.797+0000] {processor.py:175} INFO - Processing /home/airflow/.local/lib/python3.7/site-packages/airflow/example_dags/example_task_group_decorator.py took 0.093 seconds
[2024-01-04T23:10:11.108+0000] {processor.py:153} INFO - Started process (PID=221) to work on /home/airflow/.local/lib/python3.7/site-packages/airflow/example_dags/example_task_group_decorator.py
[2024-01-04T23:10:11.110+0000] {processor.py:743} INFO - Processing file /home/airflow/.local/lib/python3.7/site-packages/airflow/example_dags/example_task_group_decorator.py for tasks to queue
[2024-01-04T23:10:11.111+0000] {logging_mixin.py:137} INFO - [2024-01-04T23:10:11.111+0000] {dagbag.py:538} INFO - Filling up the DagBag from /home/airflow/.local/lib/python3.7/site-packages/airflow/example_dags/example_task_group_decorator.py
[2024-01-04T23:10:11.139+0000] {processor.py:753} INFO - DAG(s) dict_keys(['example_task_group_decorator']) retrieved from /home/airflow/.local/lib/python3.7/site-packages/airflow/example_dags/example_task_group_decorator.py
[2024-01-04T23:10:11.172+0000] {logging_mixin.py:137} INFO - [2024-01-04T23:10:11.172+0000] {dag.py:2690} INFO - Sync 1 DAGs
[2024-01-04T23:10:11.190+0000] {logging_mixin.py:137} INFO - [2024-01-04T23:10:11.190+0000] {dag.py:3441} INFO - Setting next_dagrun for example_task_group_decorator to 2024-01-03T23:10:11.190172+00:00, run_after=2024-01-04T23:10:11.190172+00:00
[2024-01-04T23:10:11.204+0000] {processor.py:175} INFO - Processing /home/airflow/.local/lib/python3.7/site-packages/airflow/example_dags/example_task_group_decorator.py took 0.101 seconds
[2024-01-04T23:10:41.485+0000] {processor.py:153} INFO - Started process (PID=283) to work on /home/airflow/.local/lib/python3.7/site-packages/airflow/example_dags/example_task_group_decorator.py
[2024-01-04T23:10:41.486+0000] {processor.py:743} INFO - Processing file /home/airflow/.local/lib/python3.7/site-packages/airflow/example_dags/example_task_group_decorator.py for tasks to queue
[2024-01-04T23:10:41.489+0000] {logging_mixin.py:137} INFO - [2024-01-04T23:10:41.489+0000] {dagbag.py:538} INFO - Filling up the DagBag from /home/airflow/.local/lib/python3.7/site-packages/airflow/example_dags/example_task_group_decorator.py
[2024-01-04T23:10:41.513+0000] {processor.py:753} INFO - DAG(s) dict_keys(['example_task_group_decorator']) retrieved from /home/airflow/.local/lib/python3.7/site-packages/airflow/example_dags/example_task_group_decorator.py
[2024-01-04T23:10:41.535+0000] {logging_mixin.py:137} INFO - [2024-01-04T23:10:41.535+0000] {dag.py:2690} INFO - Sync 1 DAGs
[2024-01-04T23:10:41.552+0000] {logging_mixin.py:137} INFO - [2024-01-04T23:10:41.552+0000] {dag.py:3441} INFO - Setting next_dagrun for example_task_group_decorator to 2024-01-03T23:10:41.552168+00:00, run_after=2024-01-04T23:10:41.552168+00:00
[2024-01-04T23:10:41.566+0000] {processor.py:175} INFO - Processing /home/airflow/.local/lib/python3.7/site-packages/airflow/example_dags/example_task_group_decorator.py took 0.087 seconds
[2024-01-04T23:11:11.746+0000] {processor.py:153} INFO - Started process (PID=359) to work on /home/airflow/.local/lib/python3.7/site-packages/airflow/example_dags/example_task_group_decorator.py
[2024-01-04T23:11:11.747+0000] {processor.py:743} INFO - Processing file /home/airflow/.local/lib/python3.7/site-packages/airflow/example_dags/example_task_group_decorator.py for tasks to queue
[2024-01-04T23:11:11.749+0000] {logging_mixin.py:137} INFO - [2024-01-04T23:11:11.748+0000] {dagbag.py:538} INFO - Filling up the DagBag from /home/airflow/.local/lib/python3.7/site-packages/airflow/example_dags/example_task_group_decorator.py
[2024-01-04T23:11:11.776+0000] {processor.py:753} INFO - DAG(s) dict_keys(['example_task_group_decorator']) retrieved from /home/airflow/.local/lib/python3.7/site-packages/airflow/example_dags/example_task_group_decorator.py
[2024-01-04T23:11:11.798+0000] {logging_mixin.py:137} INFO - [2024-01-04T23:11:11.798+0000] {dag.py:2690} INFO - Sync 1 DAGs
[2024-01-04T23:11:11.815+0000] {logging_mixin.py:137} INFO - [2024-01-04T23:11:11.815+0000] {dag.py:3441} INFO - Setting next_dagrun for example_task_group_decorator to 2024-01-03T23:11:11.815514+00:00, run_after=2024-01-04T23:11:11.815514+00:00
[2024-01-04T23:11:11.829+0000] {processor.py:175} INFO - Processing /home/airflow/.local/lib/python3.7/site-packages/airflow/example_dags/example_task_group_decorator.py took 0.087 seconds
[2024-01-04T23:11:42.631+0000] {processor.py:153} INFO - Started process (PID=422) to work on /home/airflow/.local/lib/python3.7/site-packages/airflow/example_dags/example_task_group_decorator.py
[2024-01-04T23:11:42.633+0000] {processor.py:743} INFO - Processing file /home/airflow/.local/lib/python3.7/site-packages/airflow/example_dags/example_task_group_decorator.py for tasks to queue
[2024-01-04T23:11:42.637+0000] {logging_mixin.py:137} INFO - [2024-01-04T23:11:42.636+0000] {dagbag.py:538} INFO - Filling up the DagBag from /home/airflow/.local/lib/python3.7/site-packages/airflow/example_dags/example_task_group_decorator.py
[2024-01-04T23:11:42.667+0000] {processor.py:753} INFO - DAG(s) dict_keys(['example_task_group_decorator']) retrieved from /home/airflow/.local/lib/python3.7/site-packages/airflow/example_dags/example_task_group_decorator.py
[2024-01-04T23:11:42.693+0000] {logging_mixin.py:137} INFO - [2024-01-04T23:11:42.693+0000] {dag.py:2690} INFO - Sync 1 DAGs
[2024-01-04T23:11:42.710+0000] {logging_mixin.py:137} INFO - [2024-01-04T23:11:42.710+0000] {dag.py:3441} INFO - Setting next_dagrun for example_task_group_decorator to 2024-01-03T23:11:42.709832+00:00, run_after=2024-01-04T23:11:42.709832+00:00
[2024-01-04T23:11:42.723+0000] {processor.py:175} INFO - Processing /home/airflow/.local/lib/python3.7/site-packages/airflow/example_dags/example_task_group_decorator.py took 0.095 seconds
[2024-01-04T23:12:13.045+0000] {processor.py:153} INFO - Started process (PID=497) to work on /home/airflow/.local/lib/python3.7/site-packages/airflow/example_dags/example_task_group_decorator.py
[2024-01-04T23:12:13.047+0000] {processor.py:743} INFO - Processing file /home/airflow/.local/lib/python3.7/site-packages/airflow/example_dags/example_task_group_decorator.py for tasks to queue
[2024-01-04T23:12:13.047+0000] {logging_mixin.py:137} INFO - [2024-01-04T23:12:13.047+0000] {dagbag.py:538} INFO - Filling up the DagBag from /home/airflow/.local/lib/python3.7/site-packages/airflow/example_dags/example_task_group_decorator.py
[2024-01-04T23:12:13.069+0000] {processor.py:753} INFO - DAG(s) dict_keys(['example_task_group_decorator']) retrieved from /home/airflow/.local/lib/python3.7/site-packages/airflow/example_dags/example_task_group_decorator.py
[2024-01-04T23:12:13.093+0000] {logging_mixin.py:137} INFO - [2024-01-04T23:12:13.093+0000] {dag.py:2690} INFO - Sync 1 DAGs
[2024-01-04T23:12:13.116+0000] {logging_mixin.py:137} INFO - [2024-01-04T23:12:13.116+0000] {dag.py:3441} INFO - Setting next_dagrun for example_task_group_decorator to 2024-01-03T23:12:13.115894+00:00, run_after=2024-01-04T23:12:13.115894+00:00
[2024-01-04T23:12:13.127+0000] {processor.py:175} INFO - Processing /home/airflow/.local/lib/python3.7/site-packages/airflow/example_dags/example_task_group_decorator.py took 0.085 seconds
[2024-01-04T23:12:43.294+0000] {processor.py:153} INFO - Started process (PID=573) to work on /home/airflow/.local/lib/python3.7/site-packages/airflow/example_dags/example_task_group_decorator.py
[2024-01-04T23:12:43.295+0000] {processor.py:743} INFO - Processing file /home/airflow/.local/lib/python3.7/site-packages/airflow/example_dags/example_task_group_decorator.py for tasks to queue
[2024-01-04T23:12:43.296+0000] {logging_mixin.py:137} INFO - [2024-01-04T23:12:43.296+0000] {dagbag.py:538} INFO - Filling up the DagBag from /home/airflow/.local/lib/python3.7/site-packages/airflow/example_dags/example_task_group_decorator.py
[2024-01-04T23:12:43.322+0000] {processor.py:753} INFO - DAG(s) dict_keys(['example_task_group_decorator']) retrieved from /home/airflow/.local/lib/python3.7/site-packages/airflow/example_dags/example_task_group_decorator.py
[2024-01-04T23:12:43.347+0000] {logging_mixin.py:137} INFO - [2024-01-04T23:12:43.347+0000] {dag.py:2690} INFO - Sync 1 DAGs
[2024-01-04T23:12:43.362+0000] {logging_mixin.py:137} INFO - [2024-01-04T23:12:43.362+0000] {dag.py:3441} INFO - Setting next_dagrun for example_task_group_decorator to 2024-01-03T23:12:43.362548+00:00, run_after=2024-01-04T23:12:43.362548+00:00
[2024-01-04T23:12:43.375+0000] {processor.py:175} INFO - Processing /home/airflow/.local/lib/python3.7/site-packages/airflow/example_dags/example_task_group_decorator.py took 0.086 seconds
[2024-01-04T23:13:13.632+0000] {processor.py:153} INFO - Started process (PID=636) to work on /home/airflow/.local/lib/python3.7/site-packages/airflow/example_dags/example_task_group_decorator.py
[2024-01-04T23:13:13.633+0000] {processor.py:743} INFO - Processing file /home/airflow/.local/lib/python3.7/site-packages/airflow/example_dags/example_task_group_decorator.py for tasks to queue
[2024-01-04T23:13:13.635+0000] {logging_mixin.py:137} INFO - [2024-01-04T23:13:13.635+0000] {dagbag.py:538} INFO - Filling up the DagBag from /home/airflow/.local/lib/python3.7/site-packages/airflow/example_dags/example_task_group_decorator.py
[2024-01-04T23:13:13.659+0000] {processor.py:753} INFO - DAG(s) dict_keys(['example_task_group_decorator']) retrieved from /home/airflow/.local/lib/python3.7/site-packages/airflow/example_dags/example_task_group_decorator.py
[2024-01-04T23:13:13.681+0000] {logging_mixin.py:137} INFO - [2024-01-04T23:13:13.681+0000] {dag.py:2690} INFO - Sync 1 DAGs
[2024-01-04T23:13:13.703+0000] {logging_mixin.py:137} INFO - [2024-01-04T23:13:13.703+0000] {dag.py:3441} INFO - Setting next_dagrun for example_task_group_decorator to 2024-01-03T23:13:13.703064+00:00, run_after=2024-01-04T23:13:13.703064+00:00
[2024-01-04T23:13:13.722+0000] {processor.py:175} INFO - Processing /home/airflow/.local/lib/python3.7/site-packages/airflow/example_dags/example_task_group_decorator.py took 0.094 seconds
[2024-01-04T23:13:44.178+0000] {processor.py:153} INFO - Started process (PID=712) to work on /home/airflow/.local/lib/python3.7/site-packages/airflow/example_dags/example_task_group_decorator.py
[2024-01-04T23:13:44.180+0000] {processor.py:743} INFO - Processing file /home/airflow/.local/lib/python3.7/site-packages/airflow/example_dags/example_task_group_decorator.py for tasks to queue
[2024-01-04T23:13:44.181+0000] {logging_mixin.py:137} INFO - [2024-01-04T23:13:44.181+0000] {dagbag.py:538} INFO - Filling up the DagBag from /home/airflow/.local/lib/python3.7/site-packages/airflow/example_dags/example_task_group_decorator.py
[2024-01-04T23:13:44.207+0000] {processor.py:753} INFO - DAG(s) dict_keys(['example_task_group_decorator']) retrieved from /home/airflow/.local/lib/python3.7/site-packages/airflow/example_dags/example_task_group_decorator.py
[2024-01-04T23:13:44.233+0000] {logging_mixin.py:137} INFO - [2024-01-04T23:13:44.233+0000] {dag.py:2690} INFO - Sync 1 DAGs
[2024-01-04T23:13:44.252+0000] {logging_mixin.py:137} INFO - [2024-01-04T23:13:44.252+0000] {dag.py:3441} INFO - Setting next_dagrun for example_task_group_decorator to 2024-01-03T23:13:44.252112+00:00, run_after=2024-01-04T23:13:44.252112+00:00
[2024-01-04T23:13:44.263+0000] {processor.py:175} INFO - Processing /home/airflow/.local/lib/python3.7/site-packages/airflow/example_dags/example_task_group_decorator.py took 0.089 seconds
[2024-01-04T23:14:14.646+0000] {processor.py:153} INFO - Started process (PID=784) to work on /home/airflow/.local/lib/python3.7/site-packages/airflow/example_dags/example_task_group_decorator.py
[2024-01-04T23:14:14.648+0000] {processor.py:743} INFO - Processing file /home/airflow/.local/lib/python3.7/site-packages/airflow/example_dags/example_task_group_decorator.py for tasks to queue
[2024-01-04T23:14:14.649+0000] {logging_mixin.py:137} INFO - [2024-01-04T23:14:14.649+0000] {dagbag.py:538} INFO - Filling up the DagBag from /home/airflow/.local/lib/python3.7/site-packages/airflow/example_dags/example_task_group_decorator.py
[2024-01-04T23:14:14.700+0000] {processor.py:753} INFO - DAG(s) dict_keys(['example_task_group_decorator']) retrieved from /home/airflow/.local/lib/python3.7/site-packages/airflow/example_dags/example_task_group_decorator.py
[2024-01-04T23:14:14.733+0000] {logging_mixin.py:137} INFO - [2024-01-04T23:14:14.733+0000] {dag.py:2690} INFO - Sync 1 DAGs
[2024-01-04T23:14:14.763+0000] {logging_mixin.py:137} INFO - [2024-01-04T23:14:14.763+0000] {dag.py:3441} INFO - Setting next_dagrun for example_task_group_decorator to 2024-01-03T23:14:14.763138+00:00, run_after=2024-01-04T23:14:14.763138+00:00
[2024-01-04T23:14:14.816+0000] {processor.py:175} INFO - Processing /home/airflow/.local/lib/python3.7/site-packages/airflow/example_dags/example_task_group_decorator.py took 0.174 seconds
[2024-01-04T23:14:45.111+0000] {processor.py:153} INFO - Started process (PID=850) to work on /home/airflow/.local/lib/python3.7/site-packages/airflow/example_dags/example_task_group_decorator.py
[2024-01-04T23:14:45.113+0000] {processor.py:743} INFO - Processing file /home/airflow/.local/lib/python3.7/site-packages/airflow/example_dags/example_task_group_decorator.py for tasks to queue
[2024-01-04T23:14:45.116+0000] {logging_mixin.py:137} INFO - [2024-01-04T23:14:45.116+0000] {dagbag.py:538} INFO - Filling up the DagBag from /home/airflow/.local/lib/python3.7/site-packages/airflow/example_dags/example_task_group_decorator.py
[2024-01-04T23:14:45.145+0000] {processor.py:753} INFO - DAG(s) dict_keys(['example_task_group_decorator']) retrieved from /home/airflow/.local/lib/python3.7/site-packages/airflow/example_dags/example_task_group_decorator.py
[2024-01-04T23:14:45.179+0000] {logging_mixin.py:137} INFO - [2024-01-04T23:14:45.179+0000] {dag.py:2690} INFO - Sync 1 DAGs
[2024-01-04T23:14:45.199+0000] {logging_mixin.py:137} INFO - [2024-01-04T23:14:45.199+0000] {dag.py:3441} INFO - Setting next_dagrun for example_task_group_decorator to 2024-01-03T23:14:45.198940+00:00, run_after=2024-01-04T23:14:45.198940+00:00
[2024-01-04T23:14:45.210+0000] {processor.py:175} INFO - Processing /home/airflow/.local/lib/python3.7/site-packages/airflow/example_dags/example_task_group_decorator.py took 0.104 seconds
[2024-01-04T23:15:15.760+0000] {processor.py:153} INFO - Started process (PID=923) to work on /home/airflow/.local/lib/python3.7/site-packages/airflow/example_dags/example_task_group_decorator.py
[2024-01-04T23:15:15.761+0000] {processor.py:743} INFO - Processing file /home/airflow/.local/lib/python3.7/site-packages/airflow/example_dags/example_task_group_decorator.py for tasks to queue
[2024-01-04T23:15:15.762+0000] {logging_mixin.py:137} INFO - [2024-01-04T23:15:15.762+0000] {dagbag.py:538} INFO - Filling up the DagBag from /home/airflow/.local/lib/python3.7/site-packages/airflow/example_dags/example_task_group_decorator.py
[2024-01-04T23:15:15.794+0000] {processor.py:753} INFO - DAG(s) dict_keys(['example_task_group_decorator']) retrieved from /home/airflow/.local/lib/python3.7/site-packages/airflow/example_dags/example_task_group_decorator.py
[2024-01-04T23:15:15.821+0000] {logging_mixin.py:137} INFO - [2024-01-04T23:15:15.821+0000] {dag.py:2690} INFO - Sync 1 DAGs
[2024-01-04T23:15:15.842+0000] {logging_mixin.py:137} INFO - [2024-01-04T23:15:15.842+0000] {dag.py:3441} INFO - Setting next_dagrun for example_task_group_decorator to 2024-01-03T23:15:15.841916+00:00, run_after=2024-01-04T23:15:15.841916+00:00
[2024-01-04T23:15:15.854+0000] {processor.py:175} INFO - Processing /home/airflow/.local/lib/python3.7/site-packages/airflow/example_dags/example_task_group_decorator.py took 0.100 seconds
[2024-01-04T23:15:46.354+0000] {processor.py:153} INFO - Started process (PID=986) to work on /home/airflow/.local/lib/python3.7/site-packages/airflow/example_dags/example_task_group_decorator.py
[2024-01-04T23:15:46.356+0000] {processor.py:743} INFO - Processing file /home/airflow/.local/lib/python3.7/site-packages/airflow/example_dags/example_task_group_decorator.py for tasks to queue
[2024-01-04T23:15:46.357+0000] {logging_mixin.py:137} INFO - [2024-01-04T23:15:46.357+0000] {dagbag.py:538} INFO - Filling up the DagBag from /home/airflow/.local/lib/python3.7/site-packages/airflow/example_dags/example_task_group_decorator.py
[2024-01-04T23:15:46.383+0000] {processor.py:753} INFO - DAG(s) dict_keys(['example_task_group_decorator']) retrieved from /home/airflow/.local/lib/python3.7/site-packages/airflow/example_dags/example_task_group_decorator.py
[2024-01-04T23:15:46.406+0000] {logging_mixin.py:137} INFO - [2024-01-04T23:15:46.406+0000] {dag.py:2690} INFO - Sync 1 DAGs
[2024-01-04T23:15:46.423+0000] {logging_mixin.py:137} INFO - [2024-01-04T23:15:46.423+0000] {dag.py:3441} INFO - Setting next_dagrun for example_task_group_decorator to 2024-01-03T23:15:46.423515+00:00, run_after=2024-01-04T23:15:46.423515+00:00
[2024-01-04T23:15:46.436+0000] {processor.py:175} INFO - Processing /home/airflow/.local/lib/python3.7/site-packages/airflow/example_dags/example_task_group_decorator.py took 0.086 seconds
[2024-01-04T23:16:16.932+0000] {processor.py:153} INFO - Started process (PID=1060) to work on /home/airflow/.local/lib/python3.7/site-packages/airflow/example_dags/example_task_group_decorator.py
[2024-01-04T23:16:16.934+0000] {processor.py:743} INFO - Processing file /home/airflow/.local/lib/python3.7/site-packages/airflow/example_dags/example_task_group_decorator.py for tasks to queue
[2024-01-04T23:16:16.935+0000] {logging_mixin.py:137} INFO - [2024-01-04T23:16:16.935+0000] {dagbag.py:538} INFO - Filling up the DagBag from /home/airflow/.local/lib/python3.7/site-packages/airflow/example_dags/example_task_group_decorator.py
[2024-01-04T23:16:16.962+0000] {processor.py:753} INFO - DAG(s) dict_keys(['example_task_group_decorator']) retrieved from /home/airflow/.local/lib/python3.7/site-packages/airflow/example_dags/example_task_group_decorator.py
[2024-01-04T23:16:16.983+0000] {logging_mixin.py:137} INFO - [2024-01-04T23:16:16.983+0000] {dag.py:2690} INFO - Sync 1 DAGs
[2024-01-04T23:16:17.000+0000] {logging_mixin.py:137} INFO - [2024-01-04T23:16:17.000+0000] {dag.py:3441} INFO - Setting next_dagrun for example_task_group_decorator to 2024-01-03T23:16:17.000253+00:00, run_after=2024-01-04T23:16:17.000253+00:00
[2024-01-04T23:16:17.014+0000] {processor.py:175} INFO - Processing /home/airflow/.local/lib/python3.7/site-packages/airflow/example_dags/example_task_group_decorator.py took 0.088 seconds
[2024-01-04T23:16:47.339+0000] {processor.py:153} INFO - Started process (PID=1136) to work on /home/airflow/.local/lib/python3.7/site-packages/airflow/example_dags/example_task_group_decorator.py
[2024-01-04T23:16:47.341+0000] {processor.py:743} INFO - Processing file /home/airflow/.local/lib/python3.7/site-packages/airflow/example_dags/example_task_group_decorator.py for tasks to queue
[2024-01-04T23:16:47.343+0000] {logging_mixin.py:137} INFO - [2024-01-04T23:16:47.343+0000] {dagbag.py:538} INFO - Filling up the DagBag from /home/airflow/.local/lib/python3.7/site-packages/airflow/example_dags/example_task_group_decorator.py
[2024-01-04T23:16:47.394+0000] {processor.py:753} INFO - DAG(s) dict_keys(['example_task_group_decorator']) retrieved from /home/airflow/.local/lib/python3.7/site-packages/airflow/example_dags/example_task_group_decorator.py
[2024-01-04T23:16:47.428+0000] {logging_mixin.py:137} INFO - [2024-01-04T23:16:47.428+0000] {dag.py:2690} INFO - Sync 1 DAGs
[2024-01-04T23:16:47.461+0000] {logging_mixin.py:137} INFO - [2024-01-04T23:16:47.461+0000] {dag.py:3441} INFO - Setting next_dagrun for example_task_group_decorator to 2024-01-03T23:16:47.460301+00:00, run_after=2024-01-04T23:16:47.460301+00:00
[2024-01-04T23:16:47.484+0000] {processor.py:175} INFO - Processing /home/airflow/.local/lib/python3.7/site-packages/airflow/example_dags/example_task_group_decorator.py took 0.153 seconds
[2024-01-04T23:17:18.201+0000] {processor.py:153} INFO - Started process (PID=1199) to work on /home/airflow/.local/lib/python3.7/site-packages/airflow/example_dags/example_task_group_decorator.py
[2024-01-04T23:17:18.203+0000] {processor.py:743} INFO - Processing file /home/airflow/.local/lib/python3.7/site-packages/airflow/example_dags/example_task_group_decorator.py for tasks to queue
[2024-01-04T23:17:18.204+0000] {logging_mixin.py:137} INFO - [2024-01-04T23:17:18.204+0000] {dagbag.py:538} INFO - Filling up the DagBag from /home/airflow/.local/lib/python3.7/site-packages/airflow/example_dags/example_task_group_decorator.py
[2024-01-04T23:17:18.234+0000] {processor.py:753} INFO - DAG(s) dict_keys(['example_task_group_decorator']) retrieved from /home/airflow/.local/lib/python3.7/site-packages/airflow/example_dags/example_task_group_decorator.py
[2024-01-04T23:17:18.257+0000] {logging_mixin.py:137} INFO - [2024-01-04T23:17:18.257+0000] {dag.py:2690} INFO - Sync 1 DAGs
[2024-01-04T23:17:18.277+0000] {logging_mixin.py:137} INFO - [2024-01-04T23:17:18.277+0000] {dag.py:3441} INFO - Setting next_dagrun for example_task_group_decorator to 2024-01-03T23:17:18.277510+00:00, run_after=2024-01-04T23:17:18.277510+00:00
[2024-01-04T23:17:18.295+0000] {processor.py:175} INFO - Processing /home/airflow/.local/lib/python3.7/site-packages/airflow/example_dags/example_task_group_decorator.py took 0.100 seconds
[2024-01-04T23:17:48.895+0000] {processor.py:153} INFO - Started process (PID=1274) to work on /home/airflow/.local/lib/python3.7/site-packages/airflow/example_dags/example_task_group_decorator.py
[2024-01-04T23:17:48.898+0000] {processor.py:743} INFO - Processing file /home/airflow/.local/lib/python3.7/site-packages/airflow/example_dags/example_task_group_decorator.py for tasks to queue
[2024-01-04T23:17:48.901+0000] {logging_mixin.py:137} INFO - [2024-01-04T23:17:48.900+0000] {dagbag.py:538} INFO - Filling up the DagBag from /home/airflow/.local/lib/python3.7/site-packages/airflow/example_dags/example_task_group_decorator.py
[2024-01-04T23:17:48.949+0000] {processor.py:753} INFO - DAG(s) dict_keys(['example_task_group_decorator']) retrieved from /home/airflow/.local/lib/python3.7/site-packages/airflow/example_dags/example_task_group_decorator.py
[2024-01-04T23:17:49.002+0000] {logging_mixin.py:137} INFO - [2024-01-04T23:17:49.002+0000] {dag.py:2690} INFO - Sync 1 DAGs
[2024-01-04T23:17:49.062+0000] {logging_mixin.py:137} INFO - [2024-01-04T23:17:49.062+0000] {dag.py:3441} INFO - Setting next_dagrun for example_task_group_decorator to 2024-01-03T23:17:49.062013+00:00, run_after=2024-01-04T23:17:49.062013+00:00
[2024-01-04T23:17:49.093+0000] {processor.py:175} INFO - Processing /home/airflow/.local/lib/python3.7/site-packages/airflow/example_dags/example_task_group_decorator.py took 0.215 seconds
[2024-01-04T23:18:19.543+0000] {processor.py:153} INFO - Started process (PID=1337) to work on /home/airflow/.local/lib/python3.7/site-packages/airflow/example_dags/example_task_group_decorator.py
[2024-01-04T23:18:19.545+0000] {processor.py:743} INFO - Processing file /home/airflow/.local/lib/python3.7/site-packages/airflow/example_dags/example_task_group_decorator.py for tasks to queue
[2024-01-04T23:18:19.545+0000] {logging_mixin.py:137} INFO - [2024-01-04T23:18:19.545+0000] {dagbag.py:538} INFO - Filling up the DagBag from /home/airflow/.local/lib/python3.7/site-packages/airflow/example_dags/example_task_group_decorator.py
[2024-01-04T23:18:19.569+0000] {processor.py:753} INFO - DAG(s) dict_keys(['example_task_group_decorator']) retrieved from /home/airflow/.local/lib/python3.7/site-packages/airflow/example_dags/example_task_group_decorator.py
[2024-01-04T23:18:19.593+0000] {logging_mixin.py:137} INFO - [2024-01-04T23:18:19.593+0000] {dag.py:2690} INFO - Sync 1 DAGs
[2024-01-04T23:18:19.612+0000] {logging_mixin.py:137} INFO - [2024-01-04T23:18:19.612+0000] {dag.py:3441} INFO - Setting next_dagrun for example_task_group_decorator to 2024-01-03T23:18:19.612097+00:00, run_after=2024-01-04T23:18:19.612097+00:00
[2024-01-04T23:18:19.623+0000] {processor.py:175} INFO - Processing /home/airflow/.local/lib/python3.7/site-packages/airflow/example_dags/example_task_group_decorator.py took 0.085 seconds
[2024-01-04T23:18:50.221+0000] {processor.py:153} INFO - Started process (PID=1413) to work on /home/airflow/.local/lib/python3.7/site-packages/airflow/example_dags/example_task_group_decorator.py
[2024-01-04T23:18:50.223+0000] {processor.py:743} INFO - Processing file /home/airflow/.local/lib/python3.7/site-packages/airflow/example_dags/example_task_group_decorator.py for tasks to queue
[2024-01-04T23:18:50.223+0000] {logging_mixin.py:137} INFO - [2024-01-04T23:18:50.223+0000] {dagbag.py:538} INFO - Filling up the DagBag from /home/airflow/.local/lib/python3.7/site-packages/airflow/example_dags/example_task_group_decorator.py
[2024-01-04T23:18:50.247+0000] {processor.py:753} INFO - DAG(s) dict_keys(['example_task_group_decorator']) retrieved from /home/airflow/.local/lib/python3.7/site-packages/airflow/example_dags/example_task_group_decorator.py
[2024-01-04T23:18:50.268+0000] {logging_mixin.py:137} INFO - [2024-01-04T23:18:50.268+0000] {dag.py:2690} INFO - Sync 1 DAGs
[2024-01-04T23:18:50.287+0000] {logging_mixin.py:137} INFO - [2024-01-04T23:18:50.286+0000] {dag.py:3441} INFO - Setting next_dagrun for example_task_group_decorator to 2024-01-03T23:18:50.286707+00:00, run_after=2024-01-04T23:18:50.286707+00:00
[2024-01-04T23:18:50.296+0000] {processor.py:175} INFO - Processing /home/airflow/.local/lib/python3.7/site-packages/airflow/example_dags/example_task_group_decorator.py took 0.078 seconds
[2024-01-04T23:19:21.140+0000] {processor.py:153} INFO - Started process (PID=1478) to work on /home/airflow/.local/lib/python3.7/site-packages/airflow/example_dags/example_task_group_decorator.py
[2024-01-04T23:19:21.142+0000] {processor.py:743} INFO - Processing file /home/airflow/.local/lib/python3.7/site-packages/airflow/example_dags/example_task_group_decorator.py for tasks to queue
[2024-01-04T23:19:21.142+0000] {logging_mixin.py:137} INFO - [2024-01-04T23:19:21.142+0000] {dagbag.py:538} INFO - Filling up the DagBag from /home/airflow/.local/lib/python3.7/site-packages/airflow/example_dags/example_task_group_decorator.py
[2024-01-04T23:19:21.162+0000] {processor.py:753} INFO - DAG(s) dict_keys(['example_task_group_decorator']) retrieved from /home/airflow/.local/lib/python3.7/site-packages/airflow/example_dags/example_task_group_decorator.py
[2024-01-04T23:19:21.184+0000] {logging_mixin.py:137} INFO - [2024-01-04T23:19:21.184+0000] {dag.py:2690} INFO - Sync 1 DAGs
[2024-01-04T23:19:21.206+0000] {logging_mixin.py:137} INFO - [2024-01-04T23:19:21.205+0000] {dag.py:3441} INFO - Setting next_dagrun for example_task_group_decorator to 2024-01-03T23:19:21.205576+00:00, run_after=2024-01-04T23:19:21.205576+00:00
[2024-01-04T23:19:21.220+0000] {processor.py:175} INFO - Processing /home/airflow/.local/lib/python3.7/site-packages/airflow/example_dags/example_task_group_decorator.py took 0.083 seconds
[2024-01-04T23:19:51.969+0000] {processor.py:153} INFO - Started process (PID=1554) to work on /home/airflow/.local/lib/python3.7/site-packages/airflow/example_dags/example_task_group_decorator.py
[2024-01-04T23:19:51.970+0000] {processor.py:743} INFO - Processing file /home/airflow/.local/lib/python3.7/site-packages/airflow/example_dags/example_task_group_decorator.py for tasks to queue
[2024-01-04T23:19:51.971+0000] {logging_mixin.py:137} INFO - [2024-01-04T23:19:51.971+0000] {dagbag.py:538} INFO - Filling up the DagBag from /home/airflow/.local/lib/python3.7/site-packages/airflow/example_dags/example_task_group_decorator.py
[2024-01-04T23:19:51.990+0000] {processor.py:753} INFO - DAG(s) dict_keys(['example_task_group_decorator']) retrieved from /home/airflow/.local/lib/python3.7/site-packages/airflow/example_dags/example_task_group_decorator.py
[2024-01-04T23:19:52.010+0000] {logging_mixin.py:137} INFO - [2024-01-04T23:19:52.010+0000] {dag.py:2690} INFO - Sync 1 DAGs
[2024-01-04T23:19:52.028+0000] {logging_mixin.py:137} INFO - [2024-01-04T23:19:52.028+0000] {dag.py:3441} INFO - Setting next_dagrun for example_task_group_decorator to 2024-01-03T23:19:52.027749+00:00, run_after=2024-01-04T23:19:52.027749+00:00
[2024-01-04T23:19:52.038+0000] {processor.py:175} INFO - Processing /home/airflow/.local/lib/python3.7/site-packages/airflow/example_dags/example_task_group_decorator.py took 0.072 seconds
[2024-01-04T23:20:22.892+0000] {processor.py:153} INFO - Started process (PID=1629) to work on /home/airflow/.local/lib/python3.7/site-packages/airflow/example_dags/example_task_group_decorator.py
[2024-01-04T23:20:22.894+0000] {processor.py:743} INFO - Processing file /home/airflow/.local/lib/python3.7/site-packages/airflow/example_dags/example_task_group_decorator.py for tasks to queue
[2024-01-04T23:20:22.896+0000] {logging_mixin.py:137} INFO - [2024-01-04T23:20:22.896+0000] {dagbag.py:538} INFO - Filling up the DagBag from /home/airflow/.local/lib/python3.7/site-packages/airflow/example_dags/example_task_group_decorator.py
[2024-01-04T23:20:22.935+0000] {processor.py:753} INFO - DAG(s) dict_keys(['example_task_group_decorator']) retrieved from /home/airflow/.local/lib/python3.7/site-packages/airflow/example_dags/example_task_group_decorator.py
[2024-01-04T23:20:22.972+0000] {logging_mixin.py:137} INFO - [2024-01-04T23:20:22.972+0000] {dag.py:2690} INFO - Sync 1 DAGs
[2024-01-04T23:20:22.998+0000] {logging_mixin.py:137} INFO - [2024-01-04T23:20:22.997+0000] {dag.py:3441} INFO - Setting next_dagrun for example_task_group_decorator to 2024-01-03T23:20:22.996251+00:00, run_after=2024-01-04T23:20:22.996251+00:00
[2024-01-04T23:20:23.026+0000] {processor.py:175} INFO - Processing /home/airflow/.local/lib/python3.7/site-packages/airflow/example_dags/example_task_group_decorator.py took 0.139 seconds
[2024-01-04T23:20:53.236+0000] {processor.py:153} INFO - Started process (PID=1692) to work on /home/airflow/.local/lib/python3.7/site-packages/airflow/example_dags/example_task_group_decorator.py
[2024-01-04T23:20:53.238+0000] {processor.py:743} INFO - Processing file /home/airflow/.local/lib/python3.7/site-packages/airflow/example_dags/example_task_group_decorator.py for tasks to queue
[2024-01-04T23:20:53.239+0000] {logging_mixin.py:137} INFO - [2024-01-04T23:20:53.238+0000] {dagbag.py:538} INFO - Filling up the DagBag from /home/airflow/.local/lib/python3.7/site-packages/airflow/example_dags/example_task_group_decorator.py
[2024-01-04T23:20:53.260+0000] {processor.py:753} INFO - DAG(s) dict_keys(['example_task_group_decorator']) retrieved from /home/airflow/.local/lib/python3.7/site-packages/airflow/example_dags/example_task_group_decorator.py
[2024-01-04T23:20:53.286+0000] {logging_mixin.py:137} INFO - [2024-01-04T23:20:53.286+0000] {dag.py:2690} INFO - Sync 1 DAGs
[2024-01-04T23:20:53.309+0000] {logging_mixin.py:137} INFO - [2024-01-04T23:20:53.309+0000] {dag.py:3441} INFO - Setting next_dagrun for example_task_group_decorator to 2024-01-03T23:20:53.309292+00:00, run_after=2024-01-04T23:20:53.309292+00:00
[2024-01-04T23:20:53.324+0000] {processor.py:175} INFO - Processing /home/airflow/.local/lib/python3.7/site-packages/airflow/example_dags/example_task_group_decorator.py took 0.092 seconds
[2024-01-04T23:21:23.580+0000] {processor.py:153} INFO - Started process (PID=1767) to work on /home/airflow/.local/lib/python3.7/site-packages/airflow/example_dags/example_task_group_decorator.py
[2024-01-04T23:21:23.581+0000] {processor.py:743} INFO - Processing file /home/airflow/.local/lib/python3.7/site-packages/airflow/example_dags/example_task_group_decorator.py for tasks to queue
[2024-01-04T23:21:23.582+0000] {logging_mixin.py:137} INFO - [2024-01-04T23:21:23.582+0000] {dagbag.py:538} INFO - Filling up the DagBag from /home/airflow/.local/lib/python3.7/site-packages/airflow/example_dags/example_task_group_decorator.py
[2024-01-04T23:21:23.601+0000] {processor.py:753} INFO - DAG(s) dict_keys(['example_task_group_decorator']) retrieved from /home/airflow/.local/lib/python3.7/site-packages/airflow/example_dags/example_task_group_decorator.py
[2024-01-04T23:21:23.620+0000] {logging_mixin.py:137} INFO - [2024-01-04T23:21:23.620+0000] {dag.py:2690} INFO - Sync 1 DAGs
[2024-01-04T23:21:23.637+0000] {logging_mixin.py:137} INFO - [2024-01-04T23:21:23.636+0000] {dag.py:3441} INFO - Setting next_dagrun for example_task_group_decorator to 2024-01-03T23:21:23.636626+00:00, run_after=2024-01-04T23:21:23.636626+00:00
[2024-01-04T23:21:23.650+0000] {processor.py:175} INFO - Processing /home/airflow/.local/lib/python3.7/site-packages/airflow/example_dags/example_task_group_decorator.py took 0.072 seconds
[2024-01-04T23:21:54.539+0000] {processor.py:153} INFO - Started process (PID=1830) to work on /home/airflow/.local/lib/python3.7/site-packages/airflow/example_dags/example_task_group_decorator.py
[2024-01-04T23:21:54.540+0000] {processor.py:743} INFO - Processing file /home/airflow/.local/lib/python3.7/site-packages/airflow/example_dags/example_task_group_decorator.py for tasks to queue
[2024-01-04T23:21:54.541+0000] {logging_mixin.py:137} INFO - [2024-01-04T23:21:54.541+0000] {dagbag.py:538} INFO - Filling up the DagBag from /home/airflow/.local/lib/python3.7/site-packages/airflow/example_dags/example_task_group_decorator.py
[2024-01-04T23:21:54.562+0000] {processor.py:753} INFO - DAG(s) dict_keys(['example_task_group_decorator']) retrieved from /home/airflow/.local/lib/python3.7/site-packages/airflow/example_dags/example_task_group_decorator.py
[2024-01-04T23:21:54.588+0000] {logging_mixin.py:137} INFO - [2024-01-04T23:21:54.588+0000] {dag.py:2690} INFO - Sync 1 DAGs
[2024-01-04T23:21:54.606+0000] {logging_mixin.py:137} INFO - [2024-01-04T23:21:54.606+0000] {dag.py:3441} INFO - Setting next_dagrun for example_task_group_decorator to 2024-01-03T23:21:54.606516+00:00, run_after=2024-01-04T23:21:54.606516+00:00
[2024-01-04T23:21:54.616+0000] {processor.py:175} INFO - Processing /home/airflow/.local/lib/python3.7/site-packages/airflow/example_dags/example_task_group_decorator.py took 0.081 seconds
[2024-01-04T23:22:25.270+0000] {processor.py:153} INFO - Started process (PID=1905) to work on /home/airflow/.local/lib/python3.7/site-packages/airflow/example_dags/example_task_group_decorator.py
[2024-01-04T23:22:25.271+0000] {processor.py:743} INFO - Processing file /home/airflow/.local/lib/python3.7/site-packages/airflow/example_dags/example_task_group_decorator.py for tasks to queue
[2024-01-04T23:22:25.272+0000] {logging_mixin.py:137} INFO - [2024-01-04T23:22:25.272+0000] {dagbag.py:538} INFO - Filling up the DagBag from /home/airflow/.local/lib/python3.7/site-packages/airflow/example_dags/example_task_group_decorator.py
[2024-01-04T23:22:25.290+0000] {processor.py:753} INFO - DAG(s) dict_keys(['example_task_group_decorator']) retrieved from /home/airflow/.local/lib/python3.7/site-packages/airflow/example_dags/example_task_group_decorator.py
[2024-01-04T23:22:25.310+0000] {logging_mixin.py:137} INFO - [2024-01-04T23:22:25.310+0000] {dag.py:2690} INFO - Sync 1 DAGs
[2024-01-04T23:22:25.330+0000] {logging_mixin.py:137} INFO - [2024-01-04T23:22:25.330+0000] {dag.py:3441} INFO - Setting next_dagrun for example_task_group_decorator to 2024-01-03T23:22:25.329928+00:00, run_after=2024-01-04T23:22:25.329928+00:00
[2024-01-04T23:22:25.340+0000] {processor.py:175} INFO - Processing /home/airflow/.local/lib/python3.7/site-packages/airflow/example_dags/example_task_group_decorator.py took 0.073 seconds
[2024-01-04T23:22:56.104+0000] {processor.py:153} INFO - Started process (PID=1978) to work on /home/airflow/.local/lib/python3.7/site-packages/airflow/example_dags/example_task_group_decorator.py
[2024-01-04T23:22:56.106+0000] {processor.py:743} INFO - Processing file /home/airflow/.local/lib/python3.7/site-packages/airflow/example_dags/example_task_group_decorator.py for tasks to queue
[2024-01-04T23:22:56.107+0000] {logging_mixin.py:137} INFO - [2024-01-04T23:22:56.107+0000] {dagbag.py:538} INFO - Filling up the DagBag from /home/airflow/.local/lib/python3.7/site-packages/airflow/example_dags/example_task_group_decorator.py
[2024-01-04T23:22:56.135+0000] {processor.py:753} INFO - DAG(s) dict_keys(['example_task_group_decorator']) retrieved from /home/airflow/.local/lib/python3.7/site-packages/airflow/example_dags/example_task_group_decorator.py
[2024-01-04T23:22:56.191+0000] {logging_mixin.py:137} INFO - [2024-01-04T23:22:56.191+0000] {dag.py:2690} INFO - Sync 1 DAGs
[2024-01-04T23:22:56.222+0000] {logging_mixin.py:137} INFO - [2024-01-04T23:22:56.221+0000] {dag.py:3441} INFO - Setting next_dagrun for example_task_group_decorator to 2024-01-03T23:22:56.221606+00:00, run_after=2024-01-04T23:22:56.221606+00:00
[2024-01-04T23:22:56.236+0000] {processor.py:175} INFO - Processing /home/airflow/.local/lib/python3.7/site-packages/airflow/example_dags/example_task_group_decorator.py took 0.136 seconds
[2024-01-04T23:23:26.914+0000] {processor.py:153} INFO - Started process (PID=2045) to work on /home/airflow/.local/lib/python3.7/site-packages/airflow/example_dags/example_task_group_decorator.py
[2024-01-04T23:23:26.916+0000] {processor.py:743} INFO - Processing file /home/airflow/.local/lib/python3.7/site-packages/airflow/example_dags/example_task_group_decorator.py for tasks to queue
[2024-01-04T23:23:26.916+0000] {logging_mixin.py:137} INFO - [2024-01-04T23:23:26.916+0000] {dagbag.py:538} INFO - Filling up the DagBag from /home/airflow/.local/lib/python3.7/site-packages/airflow/example_dags/example_task_group_decorator.py
[2024-01-04T23:23:26.934+0000] {processor.py:753} INFO - DAG(s) dict_keys(['example_task_group_decorator']) retrieved from /home/airflow/.local/lib/python3.7/site-packages/airflow/example_dags/example_task_group_decorator.py
[2024-01-04T23:23:26.955+0000] {logging_mixin.py:137} INFO - [2024-01-04T23:23:26.954+0000] {dag.py:2690} INFO - Sync 1 DAGs
[2024-01-04T23:23:26.971+0000] {logging_mixin.py:137} INFO - [2024-01-04T23:23:26.970+0000] {dag.py:3441} INFO - Setting next_dagrun for example_task_group_decorator to 2024-01-03T23:23:26.970661+00:00, run_after=2024-01-04T23:23:26.970661+00:00
[2024-01-04T23:23:26.982+0000] {processor.py:175} INFO - Processing /home/airflow/.local/lib/python3.7/site-packages/airflow/example_dags/example_task_group_decorator.py took 0.070 seconds
[2024-01-04T23:23:57.430+0000] {processor.py:153} INFO - Started process (PID=2121) to work on /home/airflow/.local/lib/python3.7/site-packages/airflow/example_dags/example_task_group_decorator.py
[2024-01-04T23:23:57.434+0000] {processor.py:743} INFO - Processing file /home/airflow/.local/lib/python3.7/site-packages/airflow/example_dags/example_task_group_decorator.py for tasks to queue
[2024-01-04T23:23:57.436+0000] {logging_mixin.py:137} INFO - [2024-01-04T23:23:57.436+0000] {dagbag.py:538} INFO - Filling up the DagBag from /home/airflow/.local/lib/python3.7/site-packages/airflow/example_dags/example_task_group_decorator.py
[2024-01-04T23:23:57.463+0000] {processor.py:753} INFO - DAG(s) dict_keys(['example_task_group_decorator']) retrieved from /home/airflow/.local/lib/python3.7/site-packages/airflow/example_dags/example_task_group_decorator.py
[2024-01-04T23:23:57.489+0000] {logging_mixin.py:137} INFO - [2024-01-04T23:23:57.489+0000] {dag.py:2690} INFO - Sync 1 DAGs
[2024-01-04T23:23:57.509+0000] {logging_mixin.py:137} INFO - [2024-01-04T23:23:57.509+0000] {dag.py:3441} INFO - Setting next_dagrun for example_task_group_decorator to 2024-01-03T23:23:57.508938+00:00, run_after=2024-01-04T23:23:57.508938+00:00
[2024-01-04T23:23:57.519+0000] {processor.py:175} INFO - Processing /home/airflow/.local/lib/python3.7/site-packages/airflow/example_dags/example_task_group_decorator.py took 0.095 seconds
[2024-01-04T23:24:27.598+0000] {processor.py:153} INFO - Started process (PID=2184) to work on /home/airflow/.local/lib/python3.7/site-packages/airflow/example_dags/example_task_group_decorator.py
[2024-01-04T23:24:27.600+0000] {processor.py:743} INFO - Processing file /home/airflow/.local/lib/python3.7/site-packages/airflow/example_dags/example_task_group_decorator.py for tasks to queue
[2024-01-04T23:24:27.600+0000] {logging_mixin.py:137} INFO - [2024-01-04T23:24:27.600+0000] {dagbag.py:538} INFO - Filling up the DagBag from /home/airflow/.local/lib/python3.7/site-packages/airflow/example_dags/example_task_group_decorator.py
[2024-01-04T23:24:27.618+0000] {processor.py:753} INFO - DAG(s) dict_keys(['example_task_group_decorator']) retrieved from /home/airflow/.local/lib/python3.7/site-packages/airflow/example_dags/example_task_group_decorator.py
[2024-01-04T23:24:27.637+0000] {logging_mixin.py:137} INFO - [2024-01-04T23:24:27.637+0000] {dag.py:2690} INFO - Sync 1 DAGs
[2024-01-04T23:24:27.652+0000] {logging_mixin.py:137} INFO - [2024-01-04T23:24:27.652+0000] {dag.py:3441} INFO - Setting next_dagrun for example_task_group_decorator to 2024-01-03T23:24:27.652521+00:00, run_after=2024-01-04T23:24:27.652521+00:00
[2024-01-04T23:24:27.663+0000] {processor.py:175} INFO - Processing /home/airflow/.local/lib/python3.7/site-packages/airflow/example_dags/example_task_group_decorator.py took 0.067 seconds
[2024-01-04T23:24:57.873+0000] {processor.py:153} INFO - Started process (PID=2259) to work on /home/airflow/.local/lib/python3.7/site-packages/airflow/example_dags/example_task_group_decorator.py
[2024-01-04T23:24:57.874+0000] {processor.py:743} INFO - Processing file /home/airflow/.local/lib/python3.7/site-packages/airflow/example_dags/example_task_group_decorator.py for tasks to queue
[2024-01-04T23:24:57.875+0000] {logging_mixin.py:137} INFO - [2024-01-04T23:24:57.875+0000] {dagbag.py:538} INFO - Filling up the DagBag from /home/airflow/.local/lib/python3.7/site-packages/airflow/example_dags/example_task_group_decorator.py
[2024-01-04T23:24:57.892+0000] {processor.py:753} INFO - DAG(s) dict_keys(['example_task_group_decorator']) retrieved from /home/airflow/.local/lib/python3.7/site-packages/airflow/example_dags/example_task_group_decorator.py
[2024-01-04T23:24:57.910+0000] {logging_mixin.py:137} INFO - [2024-01-04T23:24:57.910+0000] {dag.py:2690} INFO - Sync 1 DAGs
[2024-01-04T23:24:57.926+0000] {logging_mixin.py:137} INFO - [2024-01-04T23:24:57.926+0000] {dag.py:3441} INFO - Setting next_dagrun for example_task_group_decorator to 2024-01-03T23:24:57.926044+00:00, run_after=2024-01-04T23:24:57.926044+00:00
[2024-01-04T23:24:57.937+0000] {processor.py:175} INFO - Processing /home/airflow/.local/lib/python3.7/site-packages/airflow/example_dags/example_task_group_decorator.py took 0.067 seconds
[2024-01-04T23:25:28.930+0000] {processor.py:153} INFO - Started process (PID=2323) to work on /home/airflow/.local/lib/python3.7/site-packages/airflow/example_dags/example_task_group_decorator.py
[2024-01-04T23:25:28.932+0000] {processor.py:743} INFO - Processing file /home/airflow/.local/lib/python3.7/site-packages/airflow/example_dags/example_task_group_decorator.py for tasks to queue
[2024-01-04T23:25:28.933+0000] {logging_mixin.py:137} INFO - [2024-01-04T23:25:28.933+0000] {dagbag.py:538} INFO - Filling up the DagBag from /home/airflow/.local/lib/python3.7/site-packages/airflow/example_dags/example_task_group_decorator.py
[2024-01-04T23:25:28.952+0000] {processor.py:753} INFO - DAG(s) dict_keys(['example_task_group_decorator']) retrieved from /home/airflow/.local/lib/python3.7/site-packages/airflow/example_dags/example_task_group_decorator.py
[2024-01-04T23:25:28.972+0000] {logging_mixin.py:137} INFO - [2024-01-04T23:25:28.972+0000] {dag.py:2690} INFO - Sync 1 DAGs
[2024-01-04T23:25:28.990+0000] {logging_mixin.py:137} INFO - [2024-01-04T23:25:28.990+0000] {dag.py:3441} INFO - Setting next_dagrun for example_task_group_decorator to 2024-01-03T23:25:28.989986+00:00, run_after=2024-01-04T23:25:28.989986+00:00
[2024-01-04T23:25:29.001+0000] {processor.py:175} INFO - Processing /home/airflow/.local/lib/python3.7/site-packages/airflow/example_dags/example_task_group_decorator.py took 0.073 seconds
[2024-01-04T23:25:59.125+0000] {processor.py:153} INFO - Started process (PID=2398) to work on /home/airflow/.local/lib/python3.7/site-packages/airflow/example_dags/example_task_group_decorator.py
[2024-01-04T23:25:59.126+0000] {processor.py:743} INFO - Processing file /home/airflow/.local/lib/python3.7/site-packages/airflow/example_dags/example_task_group_decorator.py for tasks to queue
[2024-01-04T23:25:59.127+0000] {logging_mixin.py:137} INFO - [2024-01-04T23:25:59.127+0000] {dagbag.py:538} INFO - Filling up the DagBag from /home/airflow/.local/lib/python3.7/site-packages/airflow/example_dags/example_task_group_decorator.py
[2024-01-04T23:25:59.145+0000] {processor.py:753} INFO - DAG(s) dict_keys(['example_task_group_decorator']) retrieved from /home/airflow/.local/lib/python3.7/site-packages/airflow/example_dags/example_task_group_decorator.py
[2024-01-04T23:25:59.165+0000] {logging_mixin.py:137} INFO - [2024-01-04T23:25:59.165+0000] {dag.py:2690} INFO - Sync 1 DAGs
[2024-01-04T23:25:59.181+0000] {logging_mixin.py:137} INFO - [2024-01-04T23:25:59.181+0000] {dag.py:3441} INFO - Setting next_dagrun for example_task_group_decorator to 2024-01-03T23:25:59.181320+00:00, run_after=2024-01-04T23:25:59.181320+00:00
[2024-01-04T23:25:59.191+0000] {processor.py:175} INFO - Processing /home/airflow/.local/lib/python3.7/site-packages/airflow/example_dags/example_task_group_decorator.py took 0.069 seconds
[2024-01-04T23:26:30.049+0000] {processor.py:153} INFO - Started process (PID=2460) to work on /home/airflow/.local/lib/python3.7/site-packages/airflow/example_dags/example_task_group_decorator.py
[2024-01-04T23:26:30.051+0000] {processor.py:743} INFO - Processing file /home/airflow/.local/lib/python3.7/site-packages/airflow/example_dags/example_task_group_decorator.py for tasks to queue
[2024-01-04T23:26:30.051+0000] {logging_mixin.py:137} INFO - [2024-01-04T23:26:30.051+0000] {dagbag.py:538} INFO - Filling up the DagBag from /home/airflow/.local/lib/python3.7/site-packages/airflow/example_dags/example_task_group_decorator.py
[2024-01-04T23:26:30.070+0000] {processor.py:753} INFO - DAG(s) dict_keys(['example_task_group_decorator']) retrieved from /home/airflow/.local/lib/python3.7/site-packages/airflow/example_dags/example_task_group_decorator.py
[2024-01-04T23:26:30.093+0000] {logging_mixin.py:137} INFO - [2024-01-04T23:26:30.093+0000] {dag.py:2690} INFO - Sync 1 DAGs
[2024-01-04T23:26:30.116+0000] {logging_mixin.py:137} INFO - [2024-01-04T23:26:30.116+0000] {dag.py:3441} INFO - Setting next_dagrun for example_task_group_decorator to 2024-01-03T23:26:30.116553+00:00, run_after=2024-01-04T23:26:30.116553+00:00
[2024-01-04T23:26:30.178+0000] {processor.py:175} INFO - Processing /home/airflow/.local/lib/python3.7/site-packages/airflow/example_dags/example_task_group_decorator.py took 0.131 seconds
[2024-01-04T23:27:00.622+0000] {processor.py:153} INFO - Started process (PID=2535) to work on /home/airflow/.local/lib/python3.7/site-packages/airflow/example_dags/example_task_group_decorator.py
[2024-01-04T23:27:00.624+0000] {processor.py:743} INFO - Processing file /home/airflow/.local/lib/python3.7/site-packages/airflow/example_dags/example_task_group_decorator.py for tasks to queue
[2024-01-04T23:27:00.626+0000] {logging_mixin.py:137} INFO - [2024-01-04T23:27:00.626+0000] {dagbag.py:538} INFO - Filling up the DagBag from /home/airflow/.local/lib/python3.7/site-packages/airflow/example_dags/example_task_group_decorator.py
[2024-01-04T23:27:00.656+0000] {processor.py:753} INFO - DAG(s) dict_keys(['example_task_group_decorator']) retrieved from /home/airflow/.local/lib/python3.7/site-packages/airflow/example_dags/example_task_group_decorator.py
[2024-01-04T23:27:00.685+0000] {logging_mixin.py:137} INFO - [2024-01-04T23:27:00.684+0000] {dag.py:2690} INFO - Sync 1 DAGs
[2024-01-04T23:27:00.703+0000] {logging_mixin.py:137} INFO - [2024-01-04T23:27:00.703+0000] {dag.py:3441} INFO - Setting next_dagrun for example_task_group_decorator to 2024-01-03T23:27:00.703622+00:00, run_after=2024-01-04T23:27:00.703622+00:00
[2024-01-04T23:27:00.714+0000] {processor.py:175} INFO - Processing /home/airflow/.local/lib/python3.7/site-packages/airflow/example_dags/example_task_group_decorator.py took 0.099 seconds
[2024-01-04T23:27:31.171+0000] {processor.py:153} INFO - Started process (PID=2610) to work on /home/airflow/.local/lib/python3.7/site-packages/airflow/example_dags/example_task_group_decorator.py
[2024-01-04T23:27:31.172+0000] {processor.py:743} INFO - Processing file /home/airflow/.local/lib/python3.7/site-packages/airflow/example_dags/example_task_group_decorator.py for tasks to queue
[2024-01-04T23:27:31.173+0000] {logging_mixin.py:137} INFO - [2024-01-04T23:27:31.173+0000] {dagbag.py:538} INFO - Filling up the DagBag from /home/airflow/.local/lib/python3.7/site-packages/airflow/example_dags/example_task_group_decorator.py
[2024-01-04T23:27:31.191+0000] {processor.py:753} INFO - DAG(s) dict_keys(['example_task_group_decorator']) retrieved from /home/airflow/.local/lib/python3.7/site-packages/airflow/example_dags/example_task_group_decorator.py
[2024-01-04T23:27:31.211+0000] {logging_mixin.py:137} INFO - [2024-01-04T23:27:31.211+0000] {dag.py:2690} INFO - Sync 1 DAGs
[2024-01-04T23:27:31.228+0000] {logging_mixin.py:137} INFO - [2024-01-04T23:27:31.228+0000] {dag.py:3441} INFO - Setting next_dagrun for example_task_group_decorator to 2024-01-03T23:27:31.227955+00:00, run_after=2024-01-04T23:27:31.227955+00:00
[2024-01-04T23:27:31.238+0000] {processor.py:175} INFO - Processing /home/airflow/.local/lib/python3.7/site-packages/airflow/example_dags/example_task_group_decorator.py took 0.070 seconds
[2024-01-04T23:28:01.560+0000] {processor.py:153} INFO - Started process (PID=2674) to work on /home/airflow/.local/lib/python3.7/site-packages/airflow/example_dags/example_task_group_decorator.py
[2024-01-04T23:28:01.562+0000] {processor.py:743} INFO - Processing file /home/airflow/.local/lib/python3.7/site-packages/airflow/example_dags/example_task_group_decorator.py for tasks to queue
[2024-01-04T23:28:01.562+0000] {logging_mixin.py:137} INFO - [2024-01-04T23:28:01.562+0000] {dagbag.py:538} INFO - Filling up the DagBag from /home/airflow/.local/lib/python3.7/site-packages/airflow/example_dags/example_task_group_decorator.py
[2024-01-04T23:28:01.586+0000] {processor.py:753} INFO - DAG(s) dict_keys(['example_task_group_decorator']) retrieved from /home/airflow/.local/lib/python3.7/site-packages/airflow/example_dags/example_task_group_decorator.py
[2024-01-04T23:28:01.619+0000] {logging_mixin.py:137} INFO - [2024-01-04T23:28:01.619+0000] {dag.py:2690} INFO - Sync 1 DAGs
[2024-01-04T23:28:01.651+0000] {logging_mixin.py:137} INFO - [2024-01-04T23:28:01.651+0000] {dag.py:3441} INFO - Setting next_dagrun for example_task_group_decorator to 2024-01-03T23:28:01.650684+00:00, run_after=2024-01-04T23:28:01.650684+00:00
[2024-01-04T23:28:01.666+0000] {processor.py:175} INFO - Processing /home/airflow/.local/lib/python3.7/site-packages/airflow/example_dags/example_task_group_decorator.py took 0.109 seconds
[2024-01-04T23:28:32.512+0000] {processor.py:153} INFO - Started process (PID=2750) to work on /home/airflow/.local/lib/python3.7/site-packages/airflow/example_dags/example_task_group_decorator.py
[2024-01-04T23:28:32.513+0000] {processor.py:743} INFO - Processing file /home/airflow/.local/lib/python3.7/site-packages/airflow/example_dags/example_task_group_decorator.py for tasks to queue
[2024-01-04T23:28:32.514+0000] {logging_mixin.py:137} INFO - [2024-01-04T23:28:32.514+0000] {dagbag.py:538} INFO - Filling up the DagBag from /home/airflow/.local/lib/python3.7/site-packages/airflow/example_dags/example_task_group_decorator.py
[2024-01-04T23:28:32.531+0000] {processor.py:753} INFO - DAG(s) dict_keys(['example_task_group_decorator']) retrieved from /home/airflow/.local/lib/python3.7/site-packages/airflow/example_dags/example_task_group_decorator.py
[2024-01-04T23:28:32.555+0000] {logging_mixin.py:137} INFO - [2024-01-04T23:28:32.555+0000] {dag.py:2690} INFO - Sync 1 DAGs
[2024-01-04T23:28:32.571+0000] {logging_mixin.py:137} INFO - [2024-01-04T23:28:32.571+0000] {dag.py:3441} INFO - Setting next_dagrun for example_task_group_decorator to 2024-01-03T23:28:32.571080+00:00, run_after=2024-01-04T23:28:32.571080+00:00
[2024-01-04T23:28:32.581+0000] {processor.py:175} INFO - Processing /home/airflow/.local/lib/python3.7/site-packages/airflow/example_dags/example_task_group_decorator.py took 0.072 seconds
[2024-01-04T23:29:03.502+0000] {processor.py:153} INFO - Started process (PID=2825) to work on /home/airflow/.local/lib/python3.7/site-packages/airflow/example_dags/example_task_group_decorator.py
[2024-01-04T23:29:03.504+0000] {processor.py:743} INFO - Processing file /home/airflow/.local/lib/python3.7/site-packages/airflow/example_dags/example_task_group_decorator.py for tasks to queue
[2024-01-04T23:29:03.504+0000] {logging_mixin.py:137} INFO - [2024-01-04T23:29:03.504+0000] {dagbag.py:538} INFO - Filling up the DagBag from /home/airflow/.local/lib/python3.7/site-packages/airflow/example_dags/example_task_group_decorator.py
[2024-01-04T23:29:03.522+0000] {processor.py:753} INFO - DAG(s) dict_keys(['example_task_group_decorator']) retrieved from /home/airflow/.local/lib/python3.7/site-packages/airflow/example_dags/example_task_group_decorator.py
[2024-01-04T23:29:03.543+0000] {logging_mixin.py:137} INFO - [2024-01-04T23:29:03.543+0000] {dag.py:2690} INFO - Sync 1 DAGs
[2024-01-04T23:29:03.565+0000] {logging_mixin.py:137} INFO - [2024-01-04T23:29:03.565+0000] {dag.py:3441} INFO - Setting next_dagrun for example_task_group_decorator to 2024-01-03T23:29:03.564751+00:00, run_after=2024-01-04T23:29:03.564751+00:00
[2024-01-04T23:29:03.582+0000] {processor.py:175} INFO - Processing /home/airflow/.local/lib/python3.7/site-packages/airflow/example_dags/example_task_group_decorator.py took 0.082 seconds
[2024-01-04T23:29:33.986+0000] {processor.py:153} INFO - Started process (PID=2888) to work on /home/airflow/.local/lib/python3.7/site-packages/airflow/example_dags/example_task_group_decorator.py
[2024-01-04T23:29:33.988+0000] {processor.py:743} INFO - Processing file /home/airflow/.local/lib/python3.7/site-packages/airflow/example_dags/example_task_group_decorator.py for tasks to queue
[2024-01-04T23:29:33.989+0000] {logging_mixin.py:137} INFO - [2024-01-04T23:29:33.989+0000] {dagbag.py:538} INFO - Filling up the DagBag from /home/airflow/.local/lib/python3.7/site-packages/airflow/example_dags/example_task_group_decorator.py
[2024-01-04T23:29:34.006+0000] {processor.py:753} INFO - DAG(s) dict_keys(['example_task_group_decorator']) retrieved from /home/airflow/.local/lib/python3.7/site-packages/airflow/example_dags/example_task_group_decorator.py
[2024-01-04T23:29:34.025+0000] {logging_mixin.py:137} INFO - [2024-01-04T23:29:34.025+0000] {dag.py:2690} INFO - Sync 1 DAGs
[2024-01-04T23:29:34.040+0000] {logging_mixin.py:137} INFO - [2024-01-04T23:29:34.040+0000] {dag.py:3441} INFO - Setting next_dagrun for example_task_group_decorator to 2024-01-03T23:29:34.039970+00:00, run_after=2024-01-04T23:29:34.039970+00:00
[2024-01-04T23:29:34.050+0000] {processor.py:175} INFO - Processing /home/airflow/.local/lib/python3.7/site-packages/airflow/example_dags/example_task_group_decorator.py took 0.067 seconds
[2024-01-04T23:30:04.677+0000] {processor.py:153} INFO - Started process (PID=2962) to work on /home/airflow/.local/lib/python3.7/site-packages/airflow/example_dags/example_task_group_decorator.py
[2024-01-04T23:30:04.678+0000] {processor.py:743} INFO - Processing file /home/airflow/.local/lib/python3.7/site-packages/airflow/example_dags/example_task_group_decorator.py for tasks to queue
[2024-01-04T23:30:04.679+0000] {logging_mixin.py:137} INFO - [2024-01-04T23:30:04.679+0000] {dagbag.py:538} INFO - Filling up the DagBag from /home/airflow/.local/lib/python3.7/site-packages/airflow/example_dags/example_task_group_decorator.py
[2024-01-04T23:30:04.697+0000] {processor.py:753} INFO - DAG(s) dict_keys(['example_task_group_decorator']) retrieved from /home/airflow/.local/lib/python3.7/site-packages/airflow/example_dags/example_task_group_decorator.py
[2024-01-04T23:30:04.716+0000] {logging_mixin.py:137} INFO - [2024-01-04T23:30:04.716+0000] {dag.py:2690} INFO - Sync 1 DAGs
[2024-01-04T23:30:04.736+0000] {logging_mixin.py:137} INFO - [2024-01-04T23:30:04.736+0000] {dag.py:3441} INFO - Setting next_dagrun for example_task_group_decorator to 2024-01-03T23:30:04.735411+00:00, run_after=2024-01-04T23:30:04.735411+00:00
[2024-01-04T23:30:04.748+0000] {processor.py:175} INFO - Processing /home/airflow/.local/lib/python3.7/site-packages/airflow/example_dags/example_task_group_decorator.py took 0.074 seconds
[2024-01-04T23:30:34.822+0000] {processor.py:153} INFO - Started process (PID=3025) to work on /home/airflow/.local/lib/python3.7/site-packages/airflow/example_dags/example_task_group_decorator.py
[2024-01-04T23:30:34.823+0000] {processor.py:743} INFO - Processing file /home/airflow/.local/lib/python3.7/site-packages/airflow/example_dags/example_task_group_decorator.py for tasks to queue
[2024-01-04T23:30:34.824+0000] {logging_mixin.py:137} INFO - [2024-01-04T23:30:34.824+0000] {dagbag.py:538} INFO - Filling up the DagBag from /home/airflow/.local/lib/python3.7/site-packages/airflow/example_dags/example_task_group_decorator.py
[2024-01-04T23:30:34.842+0000] {processor.py:753} INFO - DAG(s) dict_keys(['example_task_group_decorator']) retrieved from /home/airflow/.local/lib/python3.7/site-packages/airflow/example_dags/example_task_group_decorator.py
[2024-01-04T23:30:34.863+0000] {logging_mixin.py:137} INFO - [2024-01-04T23:30:34.863+0000] {dag.py:2690} INFO - Sync 1 DAGs
[2024-01-04T23:30:34.879+0000] {logging_mixin.py:137} INFO - [2024-01-04T23:30:34.879+0000] {dag.py:3441} INFO - Setting next_dagrun for example_task_group_decorator to 2024-01-03T23:30:34.879096+00:00, run_after=2024-01-04T23:30:34.879096+00:00
[2024-01-04T23:30:34.889+0000] {processor.py:175} INFO - Processing /home/airflow/.local/lib/python3.7/site-packages/airflow/example_dags/example_task_group_decorator.py took 0.070 seconds
[2024-01-04T23:31:05.692+0000] {processor.py:153} INFO - Started process (PID=3101) to work on /home/airflow/.local/lib/python3.7/site-packages/airflow/example_dags/example_task_group_decorator.py
[2024-01-04T23:31:05.693+0000] {processor.py:743} INFO - Processing file /home/airflow/.local/lib/python3.7/site-packages/airflow/example_dags/example_task_group_decorator.py for tasks to queue
[2024-01-04T23:31:05.694+0000] {logging_mixin.py:137} INFO - [2024-01-04T23:31:05.694+0000] {dagbag.py:538} INFO - Filling up the DagBag from /home/airflow/.local/lib/python3.7/site-packages/airflow/example_dags/example_task_group_decorator.py
[2024-01-04T23:31:05.711+0000] {processor.py:753} INFO - DAG(s) dict_keys(['example_task_group_decorator']) retrieved from /home/airflow/.local/lib/python3.7/site-packages/airflow/example_dags/example_task_group_decorator.py
[2024-01-04T23:31:05.732+0000] {logging_mixin.py:137} INFO - [2024-01-04T23:31:05.732+0000] {dag.py:2690} INFO - Sync 1 DAGs
[2024-01-04T23:31:05.753+0000] {logging_mixin.py:137} INFO - [2024-01-04T23:31:05.753+0000] {dag.py:3441} INFO - Setting next_dagrun for example_task_group_decorator to 2024-01-03T23:31:05.753288+00:00, run_after=2024-01-04T23:31:05.753288+00:00
[2024-01-04T23:31:05.764+0000] {processor.py:175} INFO - Processing /home/airflow/.local/lib/python3.7/site-packages/airflow/example_dags/example_task_group_decorator.py took 0.075 seconds
[2024-01-04T23:31:36.616+0000] {processor.py:153} INFO - Started process (PID=3173) to work on /home/airflow/.local/lib/python3.7/site-packages/airflow/example_dags/example_task_group_decorator.py
[2024-01-04T23:31:36.618+0000] {processor.py:743} INFO - Processing file /home/airflow/.local/lib/python3.7/site-packages/airflow/example_dags/example_task_group_decorator.py for tasks to queue
[2024-01-04T23:31:36.620+0000] {logging_mixin.py:137} INFO - [2024-01-04T23:31:36.619+0000] {dagbag.py:538} INFO - Filling up the DagBag from /home/airflow/.local/lib/python3.7/site-packages/airflow/example_dags/example_task_group_decorator.py
[2024-01-04T23:31:36.645+0000] {processor.py:753} INFO - DAG(s) dict_keys(['example_task_group_decorator']) retrieved from /home/airflow/.local/lib/python3.7/site-packages/airflow/example_dags/example_task_group_decorator.py
[2024-01-04T23:31:36.671+0000] {logging_mixin.py:137} INFO - [2024-01-04T23:31:36.671+0000] {dag.py:2690} INFO - Sync 1 DAGs
[2024-01-04T23:31:36.698+0000] {logging_mixin.py:137} INFO - [2024-01-04T23:31:36.698+0000] {dag.py:3441} INFO - Setting next_dagrun for example_task_group_decorator to 2024-01-03T23:31:36.698198+00:00, run_after=2024-01-04T23:31:36.698198+00:00
[2024-01-04T23:31:36.714+0000] {processor.py:175} INFO - Processing /home/airflow/.local/lib/python3.7/site-packages/airflow/example_dags/example_task_group_decorator.py took 0.100 seconds
[2024-01-04T23:32:06.852+0000] {processor.py:153} INFO - Started process (PID=3239) to work on /home/airflow/.local/lib/python3.7/site-packages/airflow/example_dags/example_task_group_decorator.py
[2024-01-04T23:32:06.854+0000] {processor.py:743} INFO - Processing file /home/airflow/.local/lib/python3.7/site-packages/airflow/example_dags/example_task_group_decorator.py for tasks to queue
[2024-01-04T23:32:06.854+0000] {logging_mixin.py:137} INFO - [2024-01-04T23:32:06.854+0000] {dagbag.py:538} INFO - Filling up the DagBag from /home/airflow/.local/lib/python3.7/site-packages/airflow/example_dags/example_task_group_decorator.py
[2024-01-04T23:32:06.877+0000] {processor.py:753} INFO - DAG(s) dict_keys(['example_task_group_decorator']) retrieved from /home/airflow/.local/lib/python3.7/site-packages/airflow/example_dags/example_task_group_decorator.py
[2024-01-04T23:32:06.898+0000] {logging_mixin.py:137} INFO - [2024-01-04T23:32:06.898+0000] {dag.py:2690} INFO - Sync 1 DAGs
[2024-01-04T23:32:06.919+0000] {logging_mixin.py:137} INFO - [2024-01-04T23:32:06.919+0000] {dag.py:3441} INFO - Setting next_dagrun for example_task_group_decorator to 2024-01-03T23:32:06.919196+00:00, run_after=2024-01-04T23:32:06.919196+00:00
[2024-01-04T23:32:06.929+0000] {processor.py:175} INFO - Processing /home/airflow/.local/lib/python3.7/site-packages/airflow/example_dags/example_task_group_decorator.py took 0.080 seconds
[2024-01-04T23:32:37.918+0000] {processor.py:153} INFO - Started process (PID=3310) to work on /home/airflow/.local/lib/python3.7/site-packages/airflow/example_dags/example_task_group_decorator.py
[2024-01-04T23:32:37.920+0000] {processor.py:743} INFO - Processing file /home/airflow/.local/lib/python3.7/site-packages/airflow/example_dags/example_task_group_decorator.py for tasks to queue
[2024-01-04T23:32:37.921+0000] {logging_mixin.py:137} INFO - [2024-01-04T23:32:37.921+0000] {dagbag.py:538} INFO - Filling up the DagBag from /home/airflow/.local/lib/python3.7/site-packages/airflow/example_dags/example_task_group_decorator.py
[2024-01-04T23:32:37.943+0000] {processor.py:753} INFO - DAG(s) dict_keys(['example_task_group_decorator']) retrieved from /home/airflow/.local/lib/python3.7/site-packages/airflow/example_dags/example_task_group_decorator.py
[2024-01-04T23:32:37.968+0000] {logging_mixin.py:137} INFO - [2024-01-04T23:32:37.968+0000] {dag.py:2690} INFO - Sync 1 DAGs
[2024-01-04T23:32:37.993+0000] {logging_mixin.py:137} INFO - [2024-01-04T23:32:37.993+0000] {dag.py:3441} INFO - Setting next_dagrun for example_task_group_decorator to 2024-01-03T23:32:37.992792+00:00, run_after=2024-01-04T23:32:37.992792+00:00
[2024-01-04T23:32:38.007+0000] {processor.py:175} INFO - Processing /home/airflow/.local/lib/python3.7/site-packages/airflow/example_dags/example_task_group_decorator.py took 0.092 seconds
[2024-01-04T23:33:08.712+0000] {processor.py:153} INFO - Started process (PID=3377) to work on /home/airflow/.local/lib/python3.7/site-packages/airflow/example_dags/example_task_group_decorator.py
[2024-01-04T23:33:08.714+0000] {processor.py:743} INFO - Processing file /home/airflow/.local/lib/python3.7/site-packages/airflow/example_dags/example_task_group_decorator.py for tasks to queue
[2024-01-04T23:33:08.715+0000] {logging_mixin.py:137} INFO - [2024-01-04T23:33:08.714+0000] {dagbag.py:538} INFO - Filling up the DagBag from /home/airflow/.local/lib/python3.7/site-packages/airflow/example_dags/example_task_group_decorator.py
[2024-01-04T23:33:08.736+0000] {processor.py:753} INFO - DAG(s) dict_keys(['example_task_group_decorator']) retrieved from /home/airflow/.local/lib/python3.7/site-packages/airflow/example_dags/example_task_group_decorator.py
[2024-01-04T23:33:08.756+0000] {logging_mixin.py:137} INFO - [2024-01-04T23:33:08.756+0000] {dag.py:2690} INFO - Sync 1 DAGs
[2024-01-04T23:33:08.772+0000] {logging_mixin.py:137} INFO - [2024-01-04T23:33:08.772+0000] {dag.py:3441} INFO - Setting next_dagrun for example_task_group_decorator to 2024-01-03T23:33:08.772245+00:00, run_after=2024-01-04T23:33:08.772245+00:00
[2024-01-04T23:33:08.783+0000] {processor.py:175} INFO - Processing /home/airflow/.local/lib/python3.7/site-packages/airflow/example_dags/example_task_group_decorator.py took 0.074 seconds
[2024-01-04T23:33:39.506+0000] {processor.py:153} INFO - Started process (PID=3451) to work on /home/airflow/.local/lib/python3.7/site-packages/airflow/example_dags/example_task_group_decorator.py
[2024-01-04T23:33:39.508+0000] {processor.py:743} INFO - Processing file /home/airflow/.local/lib/python3.7/site-packages/airflow/example_dags/example_task_group_decorator.py for tasks to queue
[2024-01-04T23:33:39.509+0000] {logging_mixin.py:137} INFO - [2024-01-04T23:33:39.509+0000] {dagbag.py:538} INFO - Filling up the DagBag from /home/airflow/.local/lib/python3.7/site-packages/airflow/example_dags/example_task_group_decorator.py
[2024-01-04T23:33:39.527+0000] {processor.py:753} INFO - DAG(s) dict_keys(['example_task_group_decorator']) retrieved from /home/airflow/.local/lib/python3.7/site-packages/airflow/example_dags/example_task_group_decorator.py
[2024-01-04T23:33:39.548+0000] {logging_mixin.py:137} INFO - [2024-01-04T23:33:39.548+0000] {dag.py:2690} INFO - Sync 1 DAGs
[2024-01-04T23:33:39.564+0000] {logging_mixin.py:137} INFO - [2024-01-04T23:33:39.564+0000] {dag.py:3441} INFO - Setting next_dagrun for example_task_group_decorator to 2024-01-03T23:33:39.564607+00:00, run_after=2024-01-04T23:33:39.564607+00:00
[2024-01-04T23:33:39.574+0000] {processor.py:175} INFO - Processing /home/airflow/.local/lib/python3.7/site-packages/airflow/example_dags/example_task_group_decorator.py took 0.070 seconds
[2024-01-04T23:34:10.267+0000] {processor.py:153} INFO - Started process (PID=3515) to work on /home/airflow/.local/lib/python3.7/site-packages/airflow/example_dags/example_task_group_decorator.py
[2024-01-04T23:34:10.269+0000] {processor.py:743} INFO - Processing file /home/airflow/.local/lib/python3.7/site-packages/airflow/example_dags/example_task_group_decorator.py for tasks to queue
[2024-01-04T23:34:10.270+0000] {logging_mixin.py:137} INFO - [2024-01-04T23:34:10.270+0000] {dagbag.py:538} INFO - Filling up the DagBag from /home/airflow/.local/lib/python3.7/site-packages/airflow/example_dags/example_task_group_decorator.py
[2024-01-04T23:34:10.291+0000] {processor.py:753} INFO - DAG(s) dict_keys(['example_task_group_decorator']) retrieved from /home/airflow/.local/lib/python3.7/site-packages/airflow/example_dags/example_task_group_decorator.py
[2024-01-04T23:34:10.317+0000] {logging_mixin.py:137} INFO - [2024-01-04T23:34:10.316+0000] {dag.py:2690} INFO - Sync 1 DAGs
[2024-01-04T23:34:10.337+0000] {logging_mixin.py:137} INFO - [2024-01-04T23:34:10.337+0000] {dag.py:3441} INFO - Setting next_dagrun for example_task_group_decorator to 2024-01-03T23:34:10.337065+00:00, run_after=2024-01-04T23:34:10.337065+00:00
[2024-01-04T23:34:10.349+0000] {processor.py:175} INFO - Processing /home/airflow/.local/lib/python3.7/site-packages/airflow/example_dags/example_task_group_decorator.py took 0.086 seconds
[2024-01-04T23:34:41.083+0000] {processor.py:153} INFO - Started process (PID=3590) to work on /home/airflow/.local/lib/python3.7/site-packages/airflow/example_dags/example_task_group_decorator.py
[2024-01-04T23:34:41.084+0000] {processor.py:743} INFO - Processing file /home/airflow/.local/lib/python3.7/site-packages/airflow/example_dags/example_task_group_decorator.py for tasks to queue
[2024-01-04T23:34:41.085+0000] {logging_mixin.py:137} INFO - [2024-01-04T23:34:41.085+0000] {dagbag.py:538} INFO - Filling up the DagBag from /home/airflow/.local/lib/python3.7/site-packages/airflow/example_dags/example_task_group_decorator.py
[2024-01-04T23:34:41.102+0000] {processor.py:753} INFO - DAG(s) dict_keys(['example_task_group_decorator']) retrieved from /home/airflow/.local/lib/python3.7/site-packages/airflow/example_dags/example_task_group_decorator.py
[2024-01-04T23:34:41.121+0000] {logging_mixin.py:137} INFO - [2024-01-04T23:34:41.121+0000] {dag.py:2690} INFO - Sync 1 DAGs
[2024-01-04T23:34:41.136+0000] {logging_mixin.py:137} INFO - [2024-01-04T23:34:41.136+0000] {dag.py:3441} INFO - Setting next_dagrun for example_task_group_decorator to 2024-01-03T23:34:41.136508+00:00, run_after=2024-01-04T23:34:41.136508+00:00
[2024-01-04T23:34:41.146+0000] {processor.py:175} INFO - Processing /home/airflow/.local/lib/python3.7/site-packages/airflow/example_dags/example_task_group_decorator.py took 0.066 seconds
[2024-01-04T23:35:12.086+0000] {processor.py:153} INFO - Started process (PID=3665) to work on /home/airflow/.local/lib/python3.7/site-packages/airflow/example_dags/example_task_group_decorator.py
[2024-01-04T23:35:12.087+0000] {processor.py:743} INFO - Processing file /home/airflow/.local/lib/python3.7/site-packages/airflow/example_dags/example_task_group_decorator.py for tasks to queue
[2024-01-04T23:35:12.088+0000] {logging_mixin.py:137} INFO - [2024-01-04T23:35:12.088+0000] {dagbag.py:538} INFO - Filling up the DagBag from /home/airflow/.local/lib/python3.7/site-packages/airflow/example_dags/example_task_group_decorator.py
[2024-01-04T23:35:12.107+0000] {processor.py:753} INFO - DAG(s) dict_keys(['example_task_group_decorator']) retrieved from /home/airflow/.local/lib/python3.7/site-packages/airflow/example_dags/example_task_group_decorator.py
[2024-01-04T23:35:12.132+0000] {logging_mixin.py:137} INFO - [2024-01-04T23:35:12.131+0000] {dag.py:2690} INFO - Sync 1 DAGs
[2024-01-04T23:35:12.149+0000] {logging_mixin.py:137} INFO - [2024-01-04T23:35:12.149+0000] {dag.py:3441} INFO - Setting next_dagrun for example_task_group_decorator to 2024-01-03T23:35:12.148996+00:00, run_after=2024-01-04T23:35:12.148996+00:00
[2024-01-04T23:35:12.162+0000] {processor.py:175} INFO - Processing /home/airflow/.local/lib/python3.7/site-packages/airflow/example_dags/example_task_group_decorator.py took 0.083 seconds
[2024-01-04T23:35:42.545+0000] {processor.py:153} INFO - Started process (PID=3728) to work on /home/airflow/.local/lib/python3.7/site-packages/airflow/example_dags/example_task_group_decorator.py
[2024-01-04T23:35:42.546+0000] {processor.py:743} INFO - Processing file /home/airflow/.local/lib/python3.7/site-packages/airflow/example_dags/example_task_group_decorator.py for tasks to queue
[2024-01-04T23:35:42.547+0000] {logging_mixin.py:137} INFO - [2024-01-04T23:35:42.547+0000] {dagbag.py:538} INFO - Filling up the DagBag from /home/airflow/.local/lib/python3.7/site-packages/airflow/example_dags/example_task_group_decorator.py
[2024-01-04T23:35:42.565+0000] {processor.py:753} INFO - DAG(s) dict_keys(['example_task_group_decorator']) retrieved from /home/airflow/.local/lib/python3.7/site-packages/airflow/example_dags/example_task_group_decorator.py
[2024-01-04T23:35:42.585+0000] {logging_mixin.py:137} INFO - [2024-01-04T23:35:42.585+0000] {dag.py:2690} INFO - Sync 1 DAGs
[2024-01-04T23:35:42.601+0000] {logging_mixin.py:137} INFO - [2024-01-04T23:35:42.601+0000] {dag.py:3441} INFO - Setting next_dagrun for example_task_group_decorator to 2024-01-03T23:35:42.601072+00:00, run_after=2024-01-04T23:35:42.601072+00:00
[2024-01-04T23:35:42.611+0000] {processor.py:175} INFO - Processing /home/airflow/.local/lib/python3.7/site-packages/airflow/example_dags/example_task_group_decorator.py took 0.069 seconds
[2024-01-04T23:36:13.604+0000] {processor.py:153} INFO - Started process (PID=3802) to work on /home/airflow/.local/lib/python3.7/site-packages/airflow/example_dags/example_task_group_decorator.py
[2024-01-04T23:36:13.606+0000] {processor.py:743} INFO - Processing file /home/airflow/.local/lib/python3.7/site-packages/airflow/example_dags/example_task_group_decorator.py for tasks to queue
[2024-01-04T23:36:13.606+0000] {logging_mixin.py:137} INFO - [2024-01-04T23:36:13.606+0000] {dagbag.py:538} INFO - Filling up the DagBag from /home/airflow/.local/lib/python3.7/site-packages/airflow/example_dags/example_task_group_decorator.py
[2024-01-04T23:36:13.625+0000] {processor.py:753} INFO - DAG(s) dict_keys(['example_task_group_decorator']) retrieved from /home/airflow/.local/lib/python3.7/site-packages/airflow/example_dags/example_task_group_decorator.py
[2024-01-04T23:36:13.656+0000] {logging_mixin.py:137} INFO - [2024-01-04T23:36:13.656+0000] {dag.py:2690} INFO - Sync 1 DAGs
[2024-01-04T23:36:13.683+0000] {logging_mixin.py:137} INFO - [2024-01-04T23:36:13.683+0000] {dag.py:3441} INFO - Setting next_dagrun for example_task_group_decorator to 2024-01-03T23:36:13.683448+00:00, run_after=2024-01-04T23:36:13.683448+00:00
[2024-01-04T23:36:13.697+0000] {processor.py:175} INFO - Processing /home/airflow/.local/lib/python3.7/site-packages/airflow/example_dags/example_task_group_decorator.py took 0.096 seconds
[2024-01-04T23:36:44.026+0000] {processor.py:153} INFO - Started process (PID=3865) to work on /home/airflow/.local/lib/python3.7/site-packages/airflow/example_dags/example_task_group_decorator.py
[2024-01-04T23:36:44.027+0000] {processor.py:743} INFO - Processing file /home/airflow/.local/lib/python3.7/site-packages/airflow/example_dags/example_task_group_decorator.py for tasks to queue
[2024-01-04T23:36:44.028+0000] {logging_mixin.py:137} INFO - [2024-01-04T23:36:44.028+0000] {dagbag.py:538} INFO - Filling up the DagBag from /home/airflow/.local/lib/python3.7/site-packages/airflow/example_dags/example_task_group_decorator.py
[2024-01-04T23:36:44.048+0000] {processor.py:753} INFO - DAG(s) dict_keys(['example_task_group_decorator']) retrieved from /home/airflow/.local/lib/python3.7/site-packages/airflow/example_dags/example_task_group_decorator.py
[2024-01-04T23:36:44.076+0000] {logging_mixin.py:137} INFO - [2024-01-04T23:36:44.076+0000] {dag.py:2690} INFO - Sync 1 DAGs
[2024-01-04T23:36:44.096+0000] {logging_mixin.py:137} INFO - [2024-01-04T23:36:44.096+0000] {dag.py:3441} INFO - Setting next_dagrun for example_task_group_decorator to 2024-01-03T23:36:44.096123+00:00, run_after=2024-01-04T23:36:44.096123+00:00
[2024-01-04T23:36:44.107+0000] {processor.py:175} INFO - Processing /home/airflow/.local/lib/python3.7/site-packages/airflow/example_dags/example_task_group_decorator.py took 0.084 seconds
[2024-01-04T23:37:14.745+0000] {processor.py:153} INFO - Started process (PID=3940) to work on /home/airflow/.local/lib/python3.7/site-packages/airflow/example_dags/example_task_group_decorator.py
[2024-01-04T23:37:14.747+0000] {processor.py:743} INFO - Processing file /home/airflow/.local/lib/python3.7/site-packages/airflow/example_dags/example_task_group_decorator.py for tasks to queue
[2024-01-04T23:37:14.747+0000] {logging_mixin.py:137} INFO - [2024-01-04T23:37:14.747+0000] {dagbag.py:538} INFO - Filling up the DagBag from /home/airflow/.local/lib/python3.7/site-packages/airflow/example_dags/example_task_group_decorator.py
[2024-01-04T23:37:14.766+0000] {processor.py:753} INFO - DAG(s) dict_keys(['example_task_group_decorator']) retrieved from /home/airflow/.local/lib/python3.7/site-packages/airflow/example_dags/example_task_group_decorator.py
[2024-01-04T23:37:14.788+0000] {logging_mixin.py:137} INFO - [2024-01-04T23:37:14.788+0000] {dag.py:2690} INFO - Sync 1 DAGs
[2024-01-04T23:37:14.804+0000] {logging_mixin.py:137} INFO - [2024-01-04T23:37:14.803+0000] {dag.py:3441} INFO - Setting next_dagrun for example_task_group_decorator to 2024-01-03T23:37:14.803768+00:00, run_after=2024-01-04T23:37:14.803768+00:00
[2024-01-04T23:37:14.815+0000] {processor.py:175} INFO - Processing /home/airflow/.local/lib/python3.7/site-packages/airflow/example_dags/example_task_group_decorator.py took 0.072 seconds
[2024-01-04T23:37:45.316+0000] {processor.py:153} INFO - Started process (PID=4002) to work on /home/airflow/.local/lib/python3.7/site-packages/airflow/example_dags/example_task_group_decorator.py
[2024-01-04T23:37:45.317+0000] {processor.py:743} INFO - Processing file /home/airflow/.local/lib/python3.7/site-packages/airflow/example_dags/example_task_group_decorator.py for tasks to queue
[2024-01-04T23:37:45.318+0000] {logging_mixin.py:137} INFO - [2024-01-04T23:37:45.318+0000] {dagbag.py:538} INFO - Filling up the DagBag from /home/airflow/.local/lib/python3.7/site-packages/airflow/example_dags/example_task_group_decorator.py
[2024-01-04T23:37:45.336+0000] {processor.py:753} INFO - DAG(s) dict_keys(['example_task_group_decorator']) retrieved from /home/airflow/.local/lib/python3.7/site-packages/airflow/example_dags/example_task_group_decorator.py
[2024-01-04T23:37:45.357+0000] {logging_mixin.py:137} INFO - [2024-01-04T23:37:45.357+0000] {dag.py:2690} INFO - Sync 1 DAGs
[2024-01-04T23:37:45.372+0000] {logging_mixin.py:137} INFO - [2024-01-04T23:37:45.372+0000] {dag.py:3441} INFO - Setting next_dagrun for example_task_group_decorator to 2024-01-03T23:37:45.372065+00:00, run_after=2024-01-04T23:37:45.372065+00:00
[2024-01-04T23:37:45.382+0000] {processor.py:175} INFO - Processing /home/airflow/.local/lib/python3.7/site-packages/airflow/example_dags/example_task_group_decorator.py took 0.069 seconds
[2024-01-04T23:38:16.115+0000] {processor.py:153} INFO - Started process (PID=4077) to work on /home/airflow/.local/lib/python3.7/site-packages/airflow/example_dags/example_task_group_decorator.py
[2024-01-04T23:38:16.116+0000] {processor.py:743} INFO - Processing file /home/airflow/.local/lib/python3.7/site-packages/airflow/example_dags/example_task_group_decorator.py for tasks to queue
[2024-01-04T23:38:16.117+0000] {logging_mixin.py:137} INFO - [2024-01-04T23:38:16.117+0000] {dagbag.py:538} INFO - Filling up the DagBag from /home/airflow/.local/lib/python3.7/site-packages/airflow/example_dags/example_task_group_decorator.py
[2024-01-04T23:38:16.135+0000] {processor.py:753} INFO - DAG(s) dict_keys(['example_task_group_decorator']) retrieved from /home/airflow/.local/lib/python3.7/site-packages/airflow/example_dags/example_task_group_decorator.py
[2024-01-04T23:38:16.156+0000] {logging_mixin.py:137} INFO - [2024-01-04T23:38:16.155+0000] {dag.py:2690} INFO - Sync 1 DAGs
[2024-01-04T23:38:16.171+0000] {logging_mixin.py:137} INFO - [2024-01-04T23:38:16.171+0000] {dag.py:3441} INFO - Setting next_dagrun for example_task_group_decorator to 2024-01-03T23:38:16.171383+00:00, run_after=2024-01-04T23:38:16.171383+00:00
[2024-01-04T23:38:16.185+0000] {processor.py:175} INFO - Processing /home/airflow/.local/lib/python3.7/site-packages/airflow/example_dags/example_task_group_decorator.py took 0.073 seconds
[2024-01-04T23:38:46.806+0000] {processor.py:153} INFO - Started process (PID=4152) to work on /home/airflow/.local/lib/python3.7/site-packages/airflow/example_dags/example_task_group_decorator.py
[2024-01-04T23:38:46.807+0000] {processor.py:743} INFO - Processing file /home/airflow/.local/lib/python3.7/site-packages/airflow/example_dags/example_task_group_decorator.py for tasks to queue
[2024-01-04T23:38:46.808+0000] {logging_mixin.py:137} INFO - [2024-01-04T23:38:46.808+0000] {dagbag.py:538} INFO - Filling up the DagBag from /home/airflow/.local/lib/python3.7/site-packages/airflow/example_dags/example_task_group_decorator.py
[2024-01-04T23:38:46.827+0000] {processor.py:753} INFO - DAG(s) dict_keys(['example_task_group_decorator']) retrieved from /home/airflow/.local/lib/python3.7/site-packages/airflow/example_dags/example_task_group_decorator.py
[2024-01-04T23:38:46.846+0000] {logging_mixin.py:137} INFO - [2024-01-04T23:38:46.845+0000] {dag.py:2690} INFO - Sync 1 DAGs
[2024-01-04T23:38:46.861+0000] {logging_mixin.py:137} INFO - [2024-01-04T23:38:46.861+0000] {dag.py:3441} INFO - Setting next_dagrun for example_task_group_decorator to 2024-01-03T23:38:46.860849+00:00, run_after=2024-01-04T23:38:46.860849+00:00
[2024-01-04T23:38:46.871+0000] {processor.py:175} INFO - Processing /home/airflow/.local/lib/python3.7/site-packages/airflow/example_dags/example_task_group_decorator.py took 0.068 seconds
[2024-01-04T23:39:18.440+0000] {processor.py:153} INFO - Started process (PID=4215) to work on /home/airflow/.local/lib/python3.7/site-packages/airflow/example_dags/example_task_group_decorator.py
[2024-01-04T23:39:18.442+0000] {processor.py:743} INFO - Processing file /home/airflow/.local/lib/python3.7/site-packages/airflow/example_dags/example_task_group_decorator.py for tasks to queue
[2024-01-04T23:39:18.444+0000] {logging_mixin.py:137} INFO - [2024-01-04T23:39:18.444+0000] {dagbag.py:538} INFO - Filling up the DagBag from /home/airflow/.local/lib/python3.7/site-packages/airflow/example_dags/example_task_group_decorator.py
[2024-01-04T23:39:18.471+0000] {processor.py:753} INFO - DAG(s) dict_keys(['example_task_group_decorator']) retrieved from /home/airflow/.local/lib/python3.7/site-packages/airflow/example_dags/example_task_group_decorator.py
[2024-01-04T23:39:18.500+0000] {logging_mixin.py:137} INFO - [2024-01-04T23:39:18.499+0000] {dag.py:2690} INFO - Sync 1 DAGs
[2024-01-04T23:39:18.518+0000] {logging_mixin.py:137} INFO - [2024-01-04T23:39:18.517+0000] {dag.py:3441} INFO - Setting next_dagrun for example_task_group_decorator to 2024-01-03T23:39:18.517547+00:00, run_after=2024-01-04T23:39:18.517547+00:00
[2024-01-04T23:39:18.529+0000] {processor.py:175} INFO - Processing /home/airflow/.local/lib/python3.7/site-packages/airflow/example_dags/example_task_group_decorator.py took 0.096 seconds
[2024-01-04T23:56:22.974+0000] {processor.py:153} INFO - Started process (PID=4266) to work on /home/airflow/.local/lib/python3.7/site-packages/airflow/example_dags/example_task_group_decorator.py
[2024-01-04T23:56:22.976+0000] {processor.py:743} INFO - Processing file /home/airflow/.local/lib/python3.7/site-packages/airflow/example_dags/example_task_group_decorator.py for tasks to queue
[2024-01-04T23:56:22.977+0000] {logging_mixin.py:137} INFO - [2024-01-04T23:56:22.977+0000] {dagbag.py:538} INFO - Filling up the DagBag from /home/airflow/.local/lib/python3.7/site-packages/airflow/example_dags/example_task_group_decorator.py
[2024-01-04T23:56:22.996+0000] {processor.py:753} INFO - DAG(s) dict_keys(['example_task_group_decorator']) retrieved from /home/airflow/.local/lib/python3.7/site-packages/airflow/example_dags/example_task_group_decorator.py
[2024-01-04T23:56:23.018+0000] {logging_mixin.py:137} INFO - [2024-01-04T23:56:23.018+0000] {dag.py:2690} INFO - Sync 1 DAGs
[2024-01-04T23:56:23.034+0000] {logging_mixin.py:137} INFO - [2024-01-04T23:56:23.034+0000] {dag.py:3441} INFO - Setting next_dagrun for example_task_group_decorator to 2024-01-03T23:56:23.034226+00:00, run_after=2024-01-04T23:56:23.034226+00:00
[2024-01-04T23:56:23.045+0000] {processor.py:175} INFO - Processing /home/airflow/.local/lib/python3.7/site-packages/airflow/example_dags/example_task_group_decorator.py took 0.074 seconds
