[2024-01-04T23:08:57.828+0000] {processor.py:153} INFO - Started process (PID=45) to work on /home/airflow/.local/lib/python3.7/site-packages/airflow/example_dags/example_bash_operator.py
[2024-01-04T23:08:57.831+0000] {processor.py:743} INFO - Processing file /home/airflow/.local/lib/python3.7/site-packages/airflow/example_dags/example_bash_operator.py for tasks to queue
[2024-01-04T23:08:57.843+0000] {logging_mixin.py:137} INFO - [2024-01-04T23:08:57.843+0000] {dagbag.py:538} INFO - Filling up the DagBag from /home/airflow/.local/lib/python3.7/site-packages/airflow/example_dags/example_bash_operator.py
[2024-01-04T23:08:57.899+0000] {processor.py:753} INFO - DAG(s) dict_keys(['example_bash_operator']) retrieved from /home/airflow/.local/lib/python3.7/site-packages/airflow/example_dags/example_bash_operator.py
[2024-01-04T23:08:58.445+0000] {logging_mixin.py:137} INFO - [2024-01-04T23:08:58.445+0000] {manager.py:504} INFO - Created Permission View: can delete on DAG:example_bash_operator
[2024-01-04T23:08:58.463+0000] {logging_mixin.py:137} INFO - [2024-01-04T23:08:58.463+0000] {manager.py:504} INFO - Created Permission View: can edit on DAG:example_bash_operator
[2024-01-04T23:08:58.502+0000] {logging_mixin.py:137} INFO - [2024-01-04T23:08:58.502+0000] {manager.py:504} INFO - Created Permission View: can read on DAG:example_bash_operator
[2024-01-04T23:08:58.508+0000] {logging_mixin.py:137} INFO - [2024-01-04T23:08:58.508+0000] {dag.py:2690} INFO - Sync 1 DAGs
[2024-01-04T23:08:58.531+0000] {logging_mixin.py:137} INFO - [2024-01-04T23:08:58.531+0000] {dag.py:2711} INFO - Creating ORM DAG for example_bash_operator
[2024-01-04T23:08:58.551+0000] {logging_mixin.py:137} INFO - [2024-01-04T23:08:58.551+0000] {dag.py:3441} INFO - Setting next_dagrun for example_bash_operator to 2024-01-03T00:00:00+00:00, run_after=2024-01-04T00:00:00+00:00
[2024-01-04T23:08:58.597+0000] {processor.py:175} INFO - Processing /home/airflow/.local/lib/python3.7/site-packages/airflow/example_dags/example_bash_operator.py took 0.772 seconds
[2024-01-04T23:09:29.065+0000] {processor.py:153} INFO - Started process (PID=109) to work on /home/airflow/.local/lib/python3.7/site-packages/airflow/example_dags/example_bash_operator.py
[2024-01-04T23:09:29.068+0000] {processor.py:743} INFO - Processing file /home/airflow/.local/lib/python3.7/site-packages/airflow/example_dags/example_bash_operator.py for tasks to queue
[2024-01-04T23:09:29.070+0000] {logging_mixin.py:137} INFO - [2024-01-04T23:09:29.070+0000] {dagbag.py:538} INFO - Filling up the DagBag from /home/airflow/.local/lib/python3.7/site-packages/airflow/example_dags/example_bash_operator.py
[2024-01-04T23:09:29.108+0000] {processor.py:753} INFO - DAG(s) dict_keys(['example_bash_operator']) retrieved from /home/airflow/.local/lib/python3.7/site-packages/airflow/example_dags/example_bash_operator.py
[2024-01-04T23:09:29.142+0000] {logging_mixin.py:137} INFO - [2024-01-04T23:09:29.142+0000] {dag.py:2690} INFO - Sync 1 DAGs
[2024-01-04T23:09:29.174+0000] {logging_mixin.py:137} INFO - [2024-01-04T23:09:29.174+0000] {dag.py:3441} INFO - Setting next_dagrun for example_bash_operator to 2024-01-03T00:00:00+00:00, run_after=2024-01-04T00:00:00+00:00
[2024-01-04T23:09:29.188+0000] {processor.py:175} INFO - Processing /home/airflow/.local/lib/python3.7/site-packages/airflow/example_dags/example_bash_operator.py took 0.128 seconds
[2024-01-04T23:09:59.618+0000] {processor.py:153} INFO - Started process (PID=184) to work on /home/airflow/.local/lib/python3.7/site-packages/airflow/example_dags/example_bash_operator.py
[2024-01-04T23:09:59.620+0000] {processor.py:743} INFO - Processing file /home/airflow/.local/lib/python3.7/site-packages/airflow/example_dags/example_bash_operator.py for tasks to queue
[2024-01-04T23:09:59.621+0000] {logging_mixin.py:137} INFO - [2024-01-04T23:09:59.621+0000] {dagbag.py:538} INFO - Filling up the DagBag from /home/airflow/.local/lib/python3.7/site-packages/airflow/example_dags/example_bash_operator.py
[2024-01-04T23:09:59.661+0000] {processor.py:753} INFO - DAG(s) dict_keys(['example_bash_operator']) retrieved from /home/airflow/.local/lib/python3.7/site-packages/airflow/example_dags/example_bash_operator.py
[2024-01-04T23:09:59.701+0000] {logging_mixin.py:137} INFO - [2024-01-04T23:09:59.700+0000] {dag.py:2690} INFO - Sync 1 DAGs
[2024-01-04T23:09:59.724+0000] {logging_mixin.py:137} INFO - [2024-01-04T23:09:59.723+0000] {dag.py:3441} INFO - Setting next_dagrun for example_bash_operator to 2024-01-03T00:00:00+00:00, run_after=2024-01-04T00:00:00+00:00
[2024-01-04T23:09:59.738+0000] {processor.py:175} INFO - Processing /home/airflow/.local/lib/python3.7/site-packages/airflow/example_dags/example_bash_operator.py took 0.122 seconds
[2024-01-04T23:10:30.092+0000] {processor.py:153} INFO - Started process (PID=247) to work on /home/airflow/.local/lib/python3.7/site-packages/airflow/example_dags/example_bash_operator.py
[2024-01-04T23:10:30.094+0000] {processor.py:743} INFO - Processing file /home/airflow/.local/lib/python3.7/site-packages/airflow/example_dags/example_bash_operator.py for tasks to queue
[2024-01-04T23:10:30.095+0000] {logging_mixin.py:137} INFO - [2024-01-04T23:10:30.095+0000] {dagbag.py:538} INFO - Filling up the DagBag from /home/airflow/.local/lib/python3.7/site-packages/airflow/example_dags/example_bash_operator.py
[2024-01-04T23:10:30.148+0000] {processor.py:753} INFO - DAG(s) dict_keys(['example_bash_operator']) retrieved from /home/airflow/.local/lib/python3.7/site-packages/airflow/example_dags/example_bash_operator.py
[2024-01-04T23:10:30.210+0000] {logging_mixin.py:137} INFO - [2024-01-04T23:10:30.210+0000] {dag.py:2690} INFO - Sync 1 DAGs
[2024-01-04T23:10:30.241+0000] {logging_mixin.py:137} INFO - [2024-01-04T23:10:30.241+0000] {dag.py:3441} INFO - Setting next_dagrun for example_bash_operator to 2024-01-03T00:00:00+00:00, run_after=2024-01-04T00:00:00+00:00
[2024-01-04T23:10:30.255+0000] {processor.py:175} INFO - Processing /home/airflow/.local/lib/python3.7/site-packages/airflow/example_dags/example_bash_operator.py took 0.167 seconds
[2024-01-04T23:11:00.381+0000] {processor.py:153} INFO - Started process (PID=322) to work on /home/airflow/.local/lib/python3.7/site-packages/airflow/example_dags/example_bash_operator.py
[2024-01-04T23:11:00.382+0000] {processor.py:743} INFO - Processing file /home/airflow/.local/lib/python3.7/site-packages/airflow/example_dags/example_bash_operator.py for tasks to queue
[2024-01-04T23:11:00.383+0000] {logging_mixin.py:137} INFO - [2024-01-04T23:11:00.383+0000] {dagbag.py:538} INFO - Filling up the DagBag from /home/airflow/.local/lib/python3.7/site-packages/airflow/example_dags/example_bash_operator.py
[2024-01-04T23:11:00.418+0000] {processor.py:753} INFO - DAG(s) dict_keys(['example_bash_operator']) retrieved from /home/airflow/.local/lib/python3.7/site-packages/airflow/example_dags/example_bash_operator.py
[2024-01-04T23:11:00.452+0000] {logging_mixin.py:137} INFO - [2024-01-04T23:11:00.452+0000] {dag.py:2690} INFO - Sync 1 DAGs
[2024-01-04T23:11:00.471+0000] {logging_mixin.py:137} INFO - [2024-01-04T23:11:00.471+0000] {dag.py:3441} INFO - Setting next_dagrun for example_bash_operator to 2024-01-03T00:00:00+00:00, run_after=2024-01-04T00:00:00+00:00
[2024-01-04T23:11:00.483+0000] {processor.py:175} INFO - Processing /home/airflow/.local/lib/python3.7/site-packages/airflow/example_dags/example_bash_operator.py took 0.105 seconds
[2024-01-04T23:11:30.715+0000] {processor.py:153} INFO - Started process (PID=384) to work on /home/airflow/.local/lib/python3.7/site-packages/airflow/example_dags/example_bash_operator.py
[2024-01-04T23:11:30.717+0000] {processor.py:743} INFO - Processing file /home/airflow/.local/lib/python3.7/site-packages/airflow/example_dags/example_bash_operator.py for tasks to queue
[2024-01-04T23:11:30.719+0000] {logging_mixin.py:137} INFO - [2024-01-04T23:11:30.719+0000] {dagbag.py:538} INFO - Filling up the DagBag from /home/airflow/.local/lib/python3.7/site-packages/airflow/example_dags/example_bash_operator.py
[2024-01-04T23:11:30.766+0000] {processor.py:753} INFO - DAG(s) dict_keys(['example_bash_operator']) retrieved from /home/airflow/.local/lib/python3.7/site-packages/airflow/example_dags/example_bash_operator.py
[2024-01-04T23:11:30.828+0000] {logging_mixin.py:137} INFO - [2024-01-04T23:11:30.828+0000] {dag.py:2690} INFO - Sync 1 DAGs
[2024-01-04T23:11:30.868+0000] {logging_mixin.py:137} INFO - [2024-01-04T23:11:30.867+0000] {dag.py:3441} INFO - Setting next_dagrun for example_bash_operator to 2024-01-03T00:00:00+00:00, run_after=2024-01-04T00:00:00+00:00
[2024-01-04T23:11:30.887+0000] {processor.py:175} INFO - Processing /home/airflow/.local/lib/python3.7/site-packages/airflow/example_dags/example_bash_operator.py took 0.177 seconds
[2024-01-04T23:12:01.516+0000] {processor.py:153} INFO - Started process (PID=460) to work on /home/airflow/.local/lib/python3.7/site-packages/airflow/example_dags/example_bash_operator.py
[2024-01-04T23:12:01.518+0000] {processor.py:743} INFO - Processing file /home/airflow/.local/lib/python3.7/site-packages/airflow/example_dags/example_bash_operator.py for tasks to queue
[2024-01-04T23:12:01.520+0000] {logging_mixin.py:137} INFO - [2024-01-04T23:12:01.520+0000] {dagbag.py:538} INFO - Filling up the DagBag from /home/airflow/.local/lib/python3.7/site-packages/airflow/example_dags/example_bash_operator.py
[2024-01-04T23:12:01.552+0000] {processor.py:753} INFO - DAG(s) dict_keys(['example_bash_operator']) retrieved from /home/airflow/.local/lib/python3.7/site-packages/airflow/example_dags/example_bash_operator.py
[2024-01-04T23:12:01.583+0000] {logging_mixin.py:137} INFO - [2024-01-04T23:12:01.583+0000] {dag.py:2690} INFO - Sync 1 DAGs
[2024-01-04T23:12:01.617+0000] {logging_mixin.py:137} INFO - [2024-01-04T23:12:01.617+0000] {dag.py:3441} INFO - Setting next_dagrun for example_bash_operator to 2024-01-03T00:00:00+00:00, run_after=2024-01-04T00:00:00+00:00
[2024-01-04T23:12:01.631+0000] {processor.py:175} INFO - Processing /home/airflow/.local/lib/python3.7/site-packages/airflow/example_dags/example_bash_operator.py took 0.119 seconds
[2024-01-04T23:12:31.914+0000] {processor.py:153} INFO - Started process (PID=535) to work on /home/airflow/.local/lib/python3.7/site-packages/airflow/example_dags/example_bash_operator.py
[2024-01-04T23:12:31.915+0000] {processor.py:743} INFO - Processing file /home/airflow/.local/lib/python3.7/site-packages/airflow/example_dags/example_bash_operator.py for tasks to queue
[2024-01-04T23:12:31.917+0000] {logging_mixin.py:137} INFO - [2024-01-04T23:12:31.917+0000] {dagbag.py:538} INFO - Filling up the DagBag from /home/airflow/.local/lib/python3.7/site-packages/airflow/example_dags/example_bash_operator.py
[2024-01-04T23:12:31.944+0000] {processor.py:753} INFO - DAG(s) dict_keys(['example_bash_operator']) retrieved from /home/airflow/.local/lib/python3.7/site-packages/airflow/example_dags/example_bash_operator.py
[2024-01-04T23:12:31.983+0000] {logging_mixin.py:137} INFO - [2024-01-04T23:12:31.983+0000] {dag.py:2690} INFO - Sync 1 DAGs
[2024-01-04T23:12:32.004+0000] {logging_mixin.py:137} INFO - [2024-01-04T23:12:32.004+0000] {dag.py:3441} INFO - Setting next_dagrun for example_bash_operator to 2024-01-03T00:00:00+00:00, run_after=2024-01-04T00:00:00+00:00
[2024-01-04T23:12:32.016+0000] {processor.py:175} INFO - Processing /home/airflow/.local/lib/python3.7/site-packages/airflow/example_dags/example_bash_operator.py took 0.106 seconds
[2024-01-04T23:13:02.227+0000] {processor.py:153} INFO - Started process (PID=599) to work on /home/airflow/.local/lib/python3.7/site-packages/airflow/example_dags/example_bash_operator.py
[2024-01-04T23:13:02.229+0000] {processor.py:743} INFO - Processing file /home/airflow/.local/lib/python3.7/site-packages/airflow/example_dags/example_bash_operator.py for tasks to queue
[2024-01-04T23:13:02.230+0000] {logging_mixin.py:137} INFO - [2024-01-04T23:13:02.230+0000] {dagbag.py:538} INFO - Filling up the DagBag from /home/airflow/.local/lib/python3.7/site-packages/airflow/example_dags/example_bash_operator.py
[2024-01-04T23:13:02.255+0000] {processor.py:753} INFO - DAG(s) dict_keys(['example_bash_operator']) retrieved from /home/airflow/.local/lib/python3.7/site-packages/airflow/example_dags/example_bash_operator.py
[2024-01-04T23:13:02.294+0000] {logging_mixin.py:137} INFO - [2024-01-04T23:13:02.294+0000] {dag.py:2690} INFO - Sync 1 DAGs
[2024-01-04T23:13:02.321+0000] {logging_mixin.py:137} INFO - [2024-01-04T23:13:02.321+0000] {dag.py:3441} INFO - Setting next_dagrun for example_bash_operator to 2024-01-03T00:00:00+00:00, run_after=2024-01-04T00:00:00+00:00
[2024-01-04T23:13:02.334+0000] {processor.py:175} INFO - Processing /home/airflow/.local/lib/python3.7/site-packages/airflow/example_dags/example_bash_operator.py took 0.110 seconds
[2024-01-04T23:13:32.628+0000] {processor.py:153} INFO - Started process (PID=675) to work on /home/airflow/.local/lib/python3.7/site-packages/airflow/example_dags/example_bash_operator.py
[2024-01-04T23:13:32.629+0000] {processor.py:743} INFO - Processing file /home/airflow/.local/lib/python3.7/site-packages/airflow/example_dags/example_bash_operator.py for tasks to queue
[2024-01-04T23:13:32.631+0000] {logging_mixin.py:137} INFO - [2024-01-04T23:13:32.631+0000] {dagbag.py:538} INFO - Filling up the DagBag from /home/airflow/.local/lib/python3.7/site-packages/airflow/example_dags/example_bash_operator.py
[2024-01-04T23:13:32.674+0000] {processor.py:753} INFO - DAG(s) dict_keys(['example_bash_operator']) retrieved from /home/airflow/.local/lib/python3.7/site-packages/airflow/example_dags/example_bash_operator.py
[2024-01-04T23:13:32.712+0000] {logging_mixin.py:137} INFO - [2024-01-04T23:13:32.712+0000] {dag.py:2690} INFO - Sync 1 DAGs
[2024-01-04T23:13:32.733+0000] {logging_mixin.py:137} INFO - [2024-01-04T23:13:32.732+0000] {dag.py:3441} INFO - Setting next_dagrun for example_bash_operator to 2024-01-03T00:00:00+00:00, run_after=2024-01-04T00:00:00+00:00
[2024-01-04T23:13:32.746+0000] {processor.py:175} INFO - Processing /home/airflow/.local/lib/python3.7/site-packages/airflow/example_dags/example_bash_operator.py took 0.124 seconds
[2024-01-04T23:14:03.208+0000] {processor.py:153} INFO - Started process (PID=750) to work on /home/airflow/.local/lib/python3.7/site-packages/airflow/example_dags/example_bash_operator.py
[2024-01-04T23:14:03.210+0000] {processor.py:743} INFO - Processing file /home/airflow/.local/lib/python3.7/site-packages/airflow/example_dags/example_bash_operator.py for tasks to queue
[2024-01-04T23:14:03.213+0000] {logging_mixin.py:137} INFO - [2024-01-04T23:14:03.213+0000] {dagbag.py:538} INFO - Filling up the DagBag from /home/airflow/.local/lib/python3.7/site-packages/airflow/example_dags/example_bash_operator.py
[2024-01-04T23:14:03.251+0000] {processor.py:753} INFO - DAG(s) dict_keys(['example_bash_operator']) retrieved from /home/airflow/.local/lib/python3.7/site-packages/airflow/example_dags/example_bash_operator.py
[2024-01-04T23:14:03.302+0000] {logging_mixin.py:137} INFO - [2024-01-04T23:14:03.302+0000] {dag.py:2690} INFO - Sync 1 DAGs
[2024-01-04T23:14:03.364+0000] {logging_mixin.py:137} INFO - [2024-01-04T23:14:03.364+0000] {dag.py:3441} INFO - Setting next_dagrun for example_bash_operator to 2024-01-03T00:00:00+00:00, run_after=2024-01-04T00:00:00+00:00
[2024-01-04T23:14:03.396+0000] {processor.py:175} INFO - Processing /home/airflow/.local/lib/python3.7/site-packages/airflow/example_dags/example_bash_operator.py took 0.194 seconds
[2024-01-04T23:14:33.684+0000] {processor.py:153} INFO - Started process (PID=813) to work on /home/airflow/.local/lib/python3.7/site-packages/airflow/example_dags/example_bash_operator.py
[2024-01-04T23:14:33.687+0000] {processor.py:743} INFO - Processing file /home/airflow/.local/lib/python3.7/site-packages/airflow/example_dags/example_bash_operator.py for tasks to queue
[2024-01-04T23:14:33.689+0000] {logging_mixin.py:137} INFO - [2024-01-04T23:14:33.688+0000] {dagbag.py:538} INFO - Filling up the DagBag from /home/airflow/.local/lib/python3.7/site-packages/airflow/example_dags/example_bash_operator.py
[2024-01-04T23:14:33.727+0000] {processor.py:753} INFO - DAG(s) dict_keys(['example_bash_operator']) retrieved from /home/airflow/.local/lib/python3.7/site-packages/airflow/example_dags/example_bash_operator.py
[2024-01-04T23:14:33.760+0000] {logging_mixin.py:137} INFO - [2024-01-04T23:14:33.760+0000] {dag.py:2690} INFO - Sync 1 DAGs
[2024-01-04T23:14:33.786+0000] {logging_mixin.py:137} INFO - [2024-01-04T23:14:33.786+0000] {dag.py:3441} INFO - Setting next_dagrun for example_bash_operator to 2024-01-03T00:00:00+00:00, run_after=2024-01-04T00:00:00+00:00
[2024-01-04T23:14:33.798+0000] {processor.py:175} INFO - Processing /home/airflow/.local/lib/python3.7/site-packages/airflow/example_dags/example_bash_operator.py took 0.118 seconds
[2024-01-04T23:15:04.246+0000] {processor.py:153} INFO - Started process (PID=886) to work on /home/airflow/.local/lib/python3.7/site-packages/airflow/example_dags/example_bash_operator.py
[2024-01-04T23:15:04.248+0000] {processor.py:743} INFO - Processing file /home/airflow/.local/lib/python3.7/site-packages/airflow/example_dags/example_bash_operator.py for tasks to queue
[2024-01-04T23:15:04.249+0000] {logging_mixin.py:137} INFO - [2024-01-04T23:15:04.249+0000] {dagbag.py:538} INFO - Filling up the DagBag from /home/airflow/.local/lib/python3.7/site-packages/airflow/example_dags/example_bash_operator.py
[2024-01-04T23:15:04.304+0000] {processor.py:753} INFO - DAG(s) dict_keys(['example_bash_operator']) retrieved from /home/airflow/.local/lib/python3.7/site-packages/airflow/example_dags/example_bash_operator.py
[2024-01-04T23:15:04.363+0000] {logging_mixin.py:137} INFO - [2024-01-04T23:15:04.363+0000] {dag.py:2690} INFO - Sync 1 DAGs
[2024-01-04T23:15:04.395+0000] {logging_mixin.py:137} INFO - [2024-01-04T23:15:04.395+0000] {dag.py:3441} INFO - Setting next_dagrun for example_bash_operator to 2024-01-03T00:00:00+00:00, run_after=2024-01-04T00:00:00+00:00
[2024-01-04T23:15:04.408+0000] {processor.py:175} INFO - Processing /home/airflow/.local/lib/python3.7/site-packages/airflow/example_dags/example_bash_operator.py took 0.166 seconds
[2024-01-04T23:15:34.783+0000] {processor.py:153} INFO - Started process (PID=949) to work on /home/airflow/.local/lib/python3.7/site-packages/airflow/example_dags/example_bash_operator.py
[2024-01-04T23:15:34.785+0000] {processor.py:743} INFO - Processing file /home/airflow/.local/lib/python3.7/site-packages/airflow/example_dags/example_bash_operator.py for tasks to queue
[2024-01-04T23:15:34.788+0000] {logging_mixin.py:137} INFO - [2024-01-04T23:15:34.788+0000] {dagbag.py:538} INFO - Filling up the DagBag from /home/airflow/.local/lib/python3.7/site-packages/airflow/example_dags/example_bash_operator.py
[2024-01-04T23:15:34.826+0000] {processor.py:753} INFO - DAG(s) dict_keys(['example_bash_operator']) retrieved from /home/airflow/.local/lib/python3.7/site-packages/airflow/example_dags/example_bash_operator.py
[2024-01-04T23:15:34.872+0000] {logging_mixin.py:137} INFO - [2024-01-04T23:15:34.872+0000] {dag.py:2690} INFO - Sync 1 DAGs
[2024-01-04T23:15:34.906+0000] {logging_mixin.py:137} INFO - [2024-01-04T23:15:34.906+0000] {dag.py:3441} INFO - Setting next_dagrun for example_bash_operator to 2024-01-03T00:00:00+00:00, run_after=2024-01-04T00:00:00+00:00
[2024-01-04T23:15:34.918+0000] {processor.py:175} INFO - Processing /home/airflow/.local/lib/python3.7/site-packages/airflow/example_dags/example_bash_operator.py took 0.141 seconds
[2024-01-04T23:16:05.478+0000] {processor.py:153} INFO - Started process (PID=1023) to work on /home/airflow/.local/lib/python3.7/site-packages/airflow/example_dags/example_bash_operator.py
[2024-01-04T23:16:05.480+0000] {processor.py:743} INFO - Processing file /home/airflow/.local/lib/python3.7/site-packages/airflow/example_dags/example_bash_operator.py for tasks to queue
[2024-01-04T23:16:05.481+0000] {logging_mixin.py:137} INFO - [2024-01-04T23:16:05.481+0000] {dagbag.py:538} INFO - Filling up the DagBag from /home/airflow/.local/lib/python3.7/site-packages/airflow/example_dags/example_bash_operator.py
[2024-01-04T23:16:05.513+0000] {processor.py:753} INFO - DAG(s) dict_keys(['example_bash_operator']) retrieved from /home/airflow/.local/lib/python3.7/site-packages/airflow/example_dags/example_bash_operator.py
[2024-01-04T23:16:05.551+0000] {logging_mixin.py:137} INFO - [2024-01-04T23:16:05.551+0000] {dag.py:2690} INFO - Sync 1 DAGs
[2024-01-04T23:16:05.573+0000] {logging_mixin.py:137} INFO - [2024-01-04T23:16:05.573+0000] {dag.py:3441} INFO - Setting next_dagrun for example_bash_operator to 2024-01-03T00:00:00+00:00, run_after=2024-01-04T00:00:00+00:00
[2024-01-04T23:16:05.585+0000] {processor.py:175} INFO - Processing /home/airflow/.local/lib/python3.7/site-packages/airflow/example_dags/example_bash_operator.py took 0.111 seconds
[2024-01-04T23:16:35.832+0000] {processor.py:153} INFO - Started process (PID=1098) to work on /home/airflow/.local/lib/python3.7/site-packages/airflow/example_dags/example_bash_operator.py
[2024-01-04T23:16:35.835+0000] {processor.py:743} INFO - Processing file /home/airflow/.local/lib/python3.7/site-packages/airflow/example_dags/example_bash_operator.py for tasks to queue
[2024-01-04T23:16:35.836+0000] {logging_mixin.py:137} INFO - [2024-01-04T23:16:35.836+0000] {dagbag.py:538} INFO - Filling up the DagBag from /home/airflow/.local/lib/python3.7/site-packages/airflow/example_dags/example_bash_operator.py
[2024-01-04T23:16:35.868+0000] {processor.py:753} INFO - DAG(s) dict_keys(['example_bash_operator']) retrieved from /home/airflow/.local/lib/python3.7/site-packages/airflow/example_dags/example_bash_operator.py
[2024-01-04T23:16:35.930+0000] {logging_mixin.py:137} INFO - [2024-01-04T23:16:35.930+0000] {dag.py:2690} INFO - Sync 1 DAGs
[2024-01-04T23:16:35.965+0000] {logging_mixin.py:137} INFO - [2024-01-04T23:16:35.965+0000] {dag.py:3441} INFO - Setting next_dagrun for example_bash_operator to 2024-01-03T00:00:00+00:00, run_after=2024-01-04T00:00:00+00:00
[2024-01-04T23:16:36.020+0000] {processor.py:175} INFO - Processing /home/airflow/.local/lib/python3.7/site-packages/airflow/example_dags/example_bash_operator.py took 0.193 seconds
[2024-01-04T23:17:06.440+0000] {processor.py:153} INFO - Started process (PID=1162) to work on /home/airflow/.local/lib/python3.7/site-packages/airflow/example_dags/example_bash_operator.py
[2024-01-04T23:17:06.444+0000] {processor.py:743} INFO - Processing file /home/airflow/.local/lib/python3.7/site-packages/airflow/example_dags/example_bash_operator.py for tasks to queue
[2024-01-04T23:17:06.446+0000] {logging_mixin.py:137} INFO - [2024-01-04T23:17:06.446+0000] {dagbag.py:538} INFO - Filling up the DagBag from /home/airflow/.local/lib/python3.7/site-packages/airflow/example_dags/example_bash_operator.py
[2024-01-04T23:17:06.482+0000] {processor.py:753} INFO - DAG(s) dict_keys(['example_bash_operator']) retrieved from /home/airflow/.local/lib/python3.7/site-packages/airflow/example_dags/example_bash_operator.py
[2024-01-04T23:17:06.536+0000] {logging_mixin.py:137} INFO - [2024-01-04T23:17:06.536+0000] {dag.py:2690} INFO - Sync 1 DAGs
[2024-01-04T23:17:06.562+0000] {logging_mixin.py:137} INFO - [2024-01-04T23:17:06.562+0000] {dag.py:3441} INFO - Setting next_dagrun for example_bash_operator to 2024-01-03T00:00:00+00:00, run_after=2024-01-04T00:00:00+00:00
[2024-01-04T23:17:06.576+0000] {processor.py:175} INFO - Processing /home/airflow/.local/lib/python3.7/site-packages/airflow/example_dags/example_bash_operator.py took 0.148 seconds
[2024-01-04T23:17:37.144+0000] {processor.py:153} INFO - Started process (PID=1237) to work on /home/airflow/.local/lib/python3.7/site-packages/airflow/example_dags/example_bash_operator.py
[2024-01-04T23:17:37.146+0000] {processor.py:743} INFO - Processing file /home/airflow/.local/lib/python3.7/site-packages/airflow/example_dags/example_bash_operator.py for tasks to queue
[2024-01-04T23:17:37.147+0000] {logging_mixin.py:137} INFO - [2024-01-04T23:17:37.147+0000] {dagbag.py:538} INFO - Filling up the DagBag from /home/airflow/.local/lib/python3.7/site-packages/airflow/example_dags/example_bash_operator.py
[2024-01-04T23:17:37.177+0000] {processor.py:753} INFO - DAG(s) dict_keys(['example_bash_operator']) retrieved from /home/airflow/.local/lib/python3.7/site-packages/airflow/example_dags/example_bash_operator.py
[2024-01-04T23:17:37.220+0000] {logging_mixin.py:137} INFO - [2024-01-04T23:17:37.220+0000] {dag.py:2690} INFO - Sync 1 DAGs
[2024-01-04T23:17:37.241+0000] {logging_mixin.py:137} INFO - [2024-01-04T23:17:37.240+0000] {dag.py:3441} INFO - Setting next_dagrun for example_bash_operator to 2024-01-03T00:00:00+00:00, run_after=2024-01-04T00:00:00+00:00
[2024-01-04T23:17:37.253+0000] {processor.py:175} INFO - Processing /home/airflow/.local/lib/python3.7/site-packages/airflow/example_dags/example_bash_operator.py took 0.115 seconds
[2024-01-04T23:18:07.828+0000] {processor.py:153} INFO - Started process (PID=1300) to work on /home/airflow/.local/lib/python3.7/site-packages/airflow/example_dags/example_bash_operator.py
[2024-01-04T23:18:07.830+0000] {processor.py:743} INFO - Processing file /home/airflow/.local/lib/python3.7/site-packages/airflow/example_dags/example_bash_operator.py for tasks to queue
[2024-01-04T23:18:07.832+0000] {logging_mixin.py:137} INFO - [2024-01-04T23:18:07.832+0000] {dagbag.py:538} INFO - Filling up the DagBag from /home/airflow/.local/lib/python3.7/site-packages/airflow/example_dags/example_bash_operator.py
[2024-01-04T23:18:07.896+0000] {processor.py:753} INFO - DAG(s) dict_keys(['example_bash_operator']) retrieved from /home/airflow/.local/lib/python3.7/site-packages/airflow/example_dags/example_bash_operator.py
[2024-01-04T23:18:07.931+0000] {logging_mixin.py:137} INFO - [2024-01-04T23:18:07.931+0000] {dag.py:2690} INFO - Sync 1 DAGs
[2024-01-04T23:18:07.953+0000] {logging_mixin.py:137} INFO - [2024-01-04T23:18:07.953+0000] {dag.py:3441} INFO - Setting next_dagrun for example_bash_operator to 2024-01-03T00:00:00+00:00, run_after=2024-01-04T00:00:00+00:00
[2024-01-04T23:18:07.967+0000] {processor.py:175} INFO - Processing /home/airflow/.local/lib/python3.7/site-packages/airflow/example_dags/example_bash_operator.py took 0.147 seconds
[2024-01-04T23:18:38.537+0000] {processor.py:153} INFO - Started process (PID=1376) to work on /home/airflow/.local/lib/python3.7/site-packages/airflow/example_dags/example_bash_operator.py
[2024-01-04T23:18:38.539+0000] {processor.py:743} INFO - Processing file /home/airflow/.local/lib/python3.7/site-packages/airflow/example_dags/example_bash_operator.py for tasks to queue
[2024-01-04T23:18:38.540+0000] {logging_mixin.py:137} INFO - [2024-01-04T23:18:38.540+0000] {dagbag.py:538} INFO - Filling up the DagBag from /home/airflow/.local/lib/python3.7/site-packages/airflow/example_dags/example_bash_operator.py
[2024-01-04T23:18:38.598+0000] {processor.py:753} INFO - DAG(s) dict_keys(['example_bash_operator']) retrieved from /home/airflow/.local/lib/python3.7/site-packages/airflow/example_dags/example_bash_operator.py
[2024-01-04T23:18:38.651+0000] {logging_mixin.py:137} INFO - [2024-01-04T23:18:38.651+0000] {dag.py:2690} INFO - Sync 1 DAGs
[2024-01-04T23:18:38.696+0000] {logging_mixin.py:137} INFO - [2024-01-04T23:18:38.696+0000] {dag.py:3441} INFO - Setting next_dagrun for example_bash_operator to 2024-01-03T00:00:00+00:00, run_after=2024-01-04T00:00:00+00:00
[2024-01-04T23:18:38.715+0000] {processor.py:175} INFO - Processing /home/airflow/.local/lib/python3.7/site-packages/airflow/example_dags/example_bash_operator.py took 0.184 seconds
[2024-01-04T23:19:09.412+0000] {processor.py:153} INFO - Started process (PID=1440) to work on /home/airflow/.local/lib/python3.7/site-packages/airflow/example_dags/example_bash_operator.py
[2024-01-04T23:19:09.414+0000] {processor.py:743} INFO - Processing file /home/airflow/.local/lib/python3.7/site-packages/airflow/example_dags/example_bash_operator.py for tasks to queue
[2024-01-04T23:19:09.416+0000] {logging_mixin.py:137} INFO - [2024-01-04T23:19:09.415+0000] {dagbag.py:538} INFO - Filling up the DagBag from /home/airflow/.local/lib/python3.7/site-packages/airflow/example_dags/example_bash_operator.py
[2024-01-04T23:19:09.476+0000] {processor.py:753} INFO - DAG(s) dict_keys(['example_bash_operator']) retrieved from /home/airflow/.local/lib/python3.7/site-packages/airflow/example_dags/example_bash_operator.py
[2024-01-04T23:19:09.513+0000] {logging_mixin.py:137} INFO - [2024-01-04T23:19:09.513+0000] {dag.py:2690} INFO - Sync 1 DAGs
[2024-01-04T23:19:09.538+0000] {logging_mixin.py:137} INFO - [2024-01-04T23:19:09.538+0000] {dag.py:3441} INFO - Setting next_dagrun for example_bash_operator to 2024-01-03T00:00:00+00:00, run_after=2024-01-04T00:00:00+00:00
[2024-01-04T23:19:09.554+0000] {processor.py:175} INFO - Processing /home/airflow/.local/lib/python3.7/site-packages/airflow/example_dags/example_bash_operator.py took 0.153 seconds
[2024-01-04T23:19:40.581+0000] {processor.py:153} INFO - Started process (PID=1517) to work on /home/airflow/.local/lib/python3.7/site-packages/airflow/example_dags/example_bash_operator.py
[2024-01-04T23:19:40.583+0000] {processor.py:743} INFO - Processing file /home/airflow/.local/lib/python3.7/site-packages/airflow/example_dags/example_bash_operator.py for tasks to queue
[2024-01-04T23:19:40.585+0000] {logging_mixin.py:137} INFO - [2024-01-04T23:19:40.585+0000] {dagbag.py:538} INFO - Filling up the DagBag from /home/airflow/.local/lib/python3.7/site-packages/airflow/example_dags/example_bash_operator.py
[2024-01-04T23:19:40.643+0000] {processor.py:753} INFO - DAG(s) dict_keys(['example_bash_operator']) retrieved from /home/airflow/.local/lib/python3.7/site-packages/airflow/example_dags/example_bash_operator.py
[2024-01-04T23:19:40.689+0000] {logging_mixin.py:137} INFO - [2024-01-04T23:19:40.689+0000] {dag.py:2690} INFO - Sync 1 DAGs
[2024-01-04T23:19:40.719+0000] {logging_mixin.py:137} INFO - [2024-01-04T23:19:40.719+0000] {dag.py:3441} INFO - Setting next_dagrun for example_bash_operator to 2024-01-03T00:00:00+00:00, run_after=2024-01-04T00:00:00+00:00
[2024-01-04T23:19:40.737+0000] {processor.py:175} INFO - Processing /home/airflow/.local/lib/python3.7/site-packages/airflow/example_dags/example_bash_operator.py took 0.161 seconds
[2024-01-04T23:20:10.856+0000] {processor.py:153} INFO - Started process (PID=1592) to work on /home/airflow/.local/lib/python3.7/site-packages/airflow/example_dags/example_bash_operator.py
[2024-01-04T23:20:10.864+0000] {processor.py:743} INFO - Processing file /home/airflow/.local/lib/python3.7/site-packages/airflow/example_dags/example_bash_operator.py for tasks to queue
[2024-01-04T23:20:10.867+0000] {logging_mixin.py:137} INFO - [2024-01-04T23:20:10.867+0000] {dagbag.py:538} INFO - Filling up the DagBag from /home/airflow/.local/lib/python3.7/site-packages/airflow/example_dags/example_bash_operator.py
[2024-01-04T23:20:10.905+0000] {processor.py:753} INFO - DAG(s) dict_keys(['example_bash_operator']) retrieved from /home/airflow/.local/lib/python3.7/site-packages/airflow/example_dags/example_bash_operator.py
[2024-01-04T23:20:10.967+0000] {logging_mixin.py:137} INFO - [2024-01-04T23:20:10.967+0000] {dag.py:2690} INFO - Sync 1 DAGs
[2024-01-04T23:20:11.010+0000] {logging_mixin.py:137} INFO - [2024-01-04T23:20:11.008+0000] {dag.py:3441} INFO - Setting next_dagrun for example_bash_operator to 2024-01-03T00:00:00+00:00, run_after=2024-01-04T00:00:00+00:00
[2024-01-04T23:20:11.029+0000] {processor.py:175} INFO - Processing /home/airflow/.local/lib/python3.7/site-packages/airflow/example_dags/example_bash_operator.py took 0.188 seconds
[2024-01-04T23:20:41.119+0000] {processor.py:153} INFO - Started process (PID=1655) to work on /home/airflow/.local/lib/python3.7/site-packages/airflow/example_dags/example_bash_operator.py
[2024-01-04T23:20:41.122+0000] {processor.py:743} INFO - Processing file /home/airflow/.local/lib/python3.7/site-packages/airflow/example_dags/example_bash_operator.py for tasks to queue
[2024-01-04T23:20:41.123+0000] {logging_mixin.py:137} INFO - [2024-01-04T23:20:41.123+0000] {dagbag.py:538} INFO - Filling up the DagBag from /home/airflow/.local/lib/python3.7/site-packages/airflow/example_dags/example_bash_operator.py
[2024-01-04T23:20:41.174+0000] {processor.py:753} INFO - DAG(s) dict_keys(['example_bash_operator']) retrieved from /home/airflow/.local/lib/python3.7/site-packages/airflow/example_dags/example_bash_operator.py
[2024-01-04T23:20:41.210+0000] {logging_mixin.py:137} INFO - [2024-01-04T23:20:41.210+0000] {dag.py:2690} INFO - Sync 1 DAGs
[2024-01-04T23:20:41.246+0000] {logging_mixin.py:137} INFO - [2024-01-04T23:20:41.246+0000] {dag.py:3441} INFO - Setting next_dagrun for example_bash_operator to 2024-01-03T00:00:00+00:00, run_after=2024-01-04T00:00:00+00:00
[2024-01-04T23:20:41.260+0000] {processor.py:175} INFO - Processing /home/airflow/.local/lib/python3.7/site-packages/airflow/example_dags/example_bash_operator.py took 0.145 seconds
[2024-01-04T23:21:11.719+0000] {processor.py:153} INFO - Started process (PID=1730) to work on /home/airflow/.local/lib/python3.7/site-packages/airflow/example_dags/example_bash_operator.py
[2024-01-04T23:21:11.720+0000] {processor.py:743} INFO - Processing file /home/airflow/.local/lib/python3.7/site-packages/airflow/example_dags/example_bash_operator.py for tasks to queue
[2024-01-04T23:21:11.721+0000] {logging_mixin.py:137} INFO - [2024-01-04T23:21:11.721+0000] {dagbag.py:538} INFO - Filling up the DagBag from /home/airflow/.local/lib/python3.7/site-packages/airflow/example_dags/example_bash_operator.py
[2024-01-04T23:21:11.752+0000] {processor.py:753} INFO - DAG(s) dict_keys(['example_bash_operator']) retrieved from /home/airflow/.local/lib/python3.7/site-packages/airflow/example_dags/example_bash_operator.py
[2024-01-04T23:21:11.788+0000] {logging_mixin.py:137} INFO - [2024-01-04T23:21:11.788+0000] {dag.py:2690} INFO - Sync 1 DAGs
[2024-01-04T23:21:11.817+0000] {logging_mixin.py:137} INFO - [2024-01-04T23:21:11.817+0000] {dag.py:3441} INFO - Setting next_dagrun for example_bash_operator to 2024-01-03T00:00:00+00:00, run_after=2024-01-04T00:00:00+00:00
[2024-01-04T23:21:11.832+0000] {processor.py:175} INFO - Processing /home/airflow/.local/lib/python3.7/site-packages/airflow/example_dags/example_bash_operator.py took 0.118 seconds
[2024-01-04T23:21:42.829+0000] {processor.py:153} INFO - Started process (PID=1793) to work on /home/airflow/.local/lib/python3.7/site-packages/airflow/example_dags/example_bash_operator.py
[2024-01-04T23:21:42.830+0000] {processor.py:743} INFO - Processing file /home/airflow/.local/lib/python3.7/site-packages/airflow/example_dags/example_bash_operator.py for tasks to queue
[2024-01-04T23:21:42.832+0000] {logging_mixin.py:137} INFO - [2024-01-04T23:21:42.832+0000] {dagbag.py:538} INFO - Filling up the DagBag from /home/airflow/.local/lib/python3.7/site-packages/airflow/example_dags/example_bash_operator.py
[2024-01-04T23:21:42.874+0000] {processor.py:753} INFO - DAG(s) dict_keys(['example_bash_operator']) retrieved from /home/airflow/.local/lib/python3.7/site-packages/airflow/example_dags/example_bash_operator.py
[2024-01-04T23:21:42.907+0000] {logging_mixin.py:137} INFO - [2024-01-04T23:21:42.907+0000] {dag.py:2690} INFO - Sync 1 DAGs
[2024-01-04T23:21:42.926+0000] {logging_mixin.py:137} INFO - [2024-01-04T23:21:42.926+0000] {dag.py:3441} INFO - Setting next_dagrun for example_bash_operator to 2024-01-03T00:00:00+00:00, run_after=2024-01-04T00:00:00+00:00
[2024-01-04T23:21:42.937+0000] {processor.py:175} INFO - Processing /home/airflow/.local/lib/python3.7/site-packages/airflow/example_dags/example_bash_operator.py took 0.112 seconds
[2024-01-04T23:22:13.655+0000] {processor.py:153} INFO - Started process (PID=1868) to work on /home/airflow/.local/lib/python3.7/site-packages/airflow/example_dags/example_bash_operator.py
[2024-01-04T23:22:13.657+0000] {processor.py:743} INFO - Processing file /home/airflow/.local/lib/python3.7/site-packages/airflow/example_dags/example_bash_operator.py for tasks to queue
[2024-01-04T23:22:13.658+0000] {logging_mixin.py:137} INFO - [2024-01-04T23:22:13.658+0000] {dagbag.py:538} INFO - Filling up the DagBag from /home/airflow/.local/lib/python3.7/site-packages/airflow/example_dags/example_bash_operator.py
[2024-01-04T23:22:13.716+0000] {processor.py:753} INFO - DAG(s) dict_keys(['example_bash_operator']) retrieved from /home/airflow/.local/lib/python3.7/site-packages/airflow/example_dags/example_bash_operator.py
[2024-01-04T23:22:13.746+0000] {logging_mixin.py:137} INFO - [2024-01-04T23:22:13.746+0000] {dag.py:2690} INFO - Sync 1 DAGs
[2024-01-04T23:22:13.766+0000] {logging_mixin.py:137} INFO - [2024-01-04T23:22:13.766+0000] {dag.py:3441} INFO - Setting next_dagrun for example_bash_operator to 2024-01-03T00:00:00+00:00, run_after=2024-01-04T00:00:00+00:00
[2024-01-04T23:22:13.778+0000] {processor.py:175} INFO - Processing /home/airflow/.local/lib/python3.7/site-packages/airflow/example_dags/example_bash_operator.py took 0.130 seconds
[2024-01-04T23:22:44.279+0000] {processor.py:153} INFO - Started process (PID=1940) to work on /home/airflow/.local/lib/python3.7/site-packages/airflow/example_dags/example_bash_operator.py
[2024-01-04T23:22:44.281+0000] {processor.py:743} INFO - Processing file /home/airflow/.local/lib/python3.7/site-packages/airflow/example_dags/example_bash_operator.py for tasks to queue
[2024-01-04T23:22:44.283+0000] {logging_mixin.py:137} INFO - [2024-01-04T23:22:44.283+0000] {dagbag.py:538} INFO - Filling up the DagBag from /home/airflow/.local/lib/python3.7/site-packages/airflow/example_dags/example_bash_operator.py
[2024-01-04T23:22:44.321+0000] {processor.py:753} INFO - DAG(s) dict_keys(['example_bash_operator']) retrieved from /home/airflow/.local/lib/python3.7/site-packages/airflow/example_dags/example_bash_operator.py
[2024-01-04T23:22:44.367+0000] {logging_mixin.py:137} INFO - [2024-01-04T23:22:44.367+0000] {dag.py:2690} INFO - Sync 1 DAGs
[2024-01-04T23:22:44.411+0000] {logging_mixin.py:137} INFO - [2024-01-04T23:22:44.411+0000] {dag.py:3441} INFO - Setting next_dagrun for example_bash_operator to 2024-01-03T00:00:00+00:00, run_after=2024-01-04T00:00:00+00:00
[2024-01-04T23:22:44.430+0000] {processor.py:175} INFO - Processing /home/airflow/.local/lib/python3.7/site-packages/airflow/example_dags/example_bash_operator.py took 0.155 seconds
[2024-01-04T23:23:15.092+0000] {processor.py:153} INFO - Started process (PID=2007) to work on /home/airflow/.local/lib/python3.7/site-packages/airflow/example_dags/example_bash_operator.py
[2024-01-04T23:23:15.094+0000] {processor.py:743} INFO - Processing file /home/airflow/.local/lib/python3.7/site-packages/airflow/example_dags/example_bash_operator.py for tasks to queue
[2024-01-04T23:23:15.095+0000] {logging_mixin.py:137} INFO - [2024-01-04T23:23:15.095+0000] {dagbag.py:538} INFO - Filling up the DagBag from /home/airflow/.local/lib/python3.7/site-packages/airflow/example_dags/example_bash_operator.py
[2024-01-04T23:23:15.147+0000] {processor.py:753} INFO - DAG(s) dict_keys(['example_bash_operator']) retrieved from /home/airflow/.local/lib/python3.7/site-packages/airflow/example_dags/example_bash_operator.py
[2024-01-04T23:23:15.183+0000] {logging_mixin.py:137} INFO - [2024-01-04T23:23:15.183+0000] {dag.py:2690} INFO - Sync 1 DAGs
[2024-01-04T23:23:15.206+0000] {logging_mixin.py:137} INFO - [2024-01-04T23:23:15.206+0000] {dag.py:3441} INFO - Setting next_dagrun for example_bash_operator to 2024-01-03T00:00:00+00:00, run_after=2024-01-04T00:00:00+00:00
[2024-01-04T23:23:15.220+0000] {processor.py:175} INFO - Processing /home/airflow/.local/lib/python3.7/site-packages/airflow/example_dags/example_bash_operator.py took 0.134 seconds
[2024-01-04T23:23:45.738+0000] {processor.py:153} INFO - Started process (PID=2084) to work on /home/airflow/.local/lib/python3.7/site-packages/airflow/example_dags/example_bash_operator.py
[2024-01-04T23:23:45.740+0000] {processor.py:743} INFO - Processing file /home/airflow/.local/lib/python3.7/site-packages/airflow/example_dags/example_bash_operator.py for tasks to queue
[2024-01-04T23:23:45.742+0000] {logging_mixin.py:137} INFO - [2024-01-04T23:23:45.742+0000] {dagbag.py:538} INFO - Filling up the DagBag from /home/airflow/.local/lib/python3.7/site-packages/airflow/example_dags/example_bash_operator.py
[2024-01-04T23:23:45.770+0000] {processor.py:753} INFO - DAG(s) dict_keys(['example_bash_operator']) retrieved from /home/airflow/.local/lib/python3.7/site-packages/airflow/example_dags/example_bash_operator.py
[2024-01-04T23:23:45.800+0000] {logging_mixin.py:137} INFO - [2024-01-04T23:23:45.800+0000] {dag.py:2690} INFO - Sync 1 DAGs
[2024-01-04T23:23:45.836+0000] {logging_mixin.py:137} INFO - [2024-01-04T23:23:45.835+0000] {dag.py:3441} INFO - Setting next_dagrun for example_bash_operator to 2024-01-03T00:00:00+00:00, run_after=2024-01-04T00:00:00+00:00
[2024-01-04T23:23:45.848+0000] {processor.py:175} INFO - Processing /home/airflow/.local/lib/python3.7/site-packages/airflow/example_dags/example_bash_operator.py took 0.118 seconds
[2024-01-04T23:24:16.653+0000] {processor.py:153} INFO - Started process (PID=2147) to work on /home/airflow/.local/lib/python3.7/site-packages/airflow/example_dags/example_bash_operator.py
[2024-01-04T23:24:16.656+0000] {processor.py:743} INFO - Processing file /home/airflow/.local/lib/python3.7/site-packages/airflow/example_dags/example_bash_operator.py for tasks to queue
[2024-01-04T23:24:16.657+0000] {logging_mixin.py:137} INFO - [2024-01-04T23:24:16.657+0000] {dagbag.py:538} INFO - Filling up the DagBag from /home/airflow/.local/lib/python3.7/site-packages/airflow/example_dags/example_bash_operator.py
[2024-01-04T23:24:16.717+0000] {processor.py:753} INFO - DAG(s) dict_keys(['example_bash_operator']) retrieved from /home/airflow/.local/lib/python3.7/site-packages/airflow/example_dags/example_bash_operator.py
[2024-01-04T23:24:16.757+0000] {logging_mixin.py:137} INFO - [2024-01-04T23:24:16.757+0000] {dag.py:2690} INFO - Sync 1 DAGs
[2024-01-04T23:24:16.780+0000] {logging_mixin.py:137} INFO - [2024-01-04T23:24:16.780+0000] {dag.py:3441} INFO - Setting next_dagrun for example_bash_operator to 2024-01-03T00:00:00+00:00, run_after=2024-01-04T00:00:00+00:00
[2024-01-04T23:24:16.793+0000] {processor.py:175} INFO - Processing /home/airflow/.local/lib/python3.7/site-packages/airflow/example_dags/example_bash_operator.py took 0.146 seconds
[2024-01-04T23:24:47.788+0000] {processor.py:153} INFO - Started process (PID=2222) to work on /home/airflow/.local/lib/python3.7/site-packages/airflow/example_dags/example_bash_operator.py
[2024-01-04T23:24:47.789+0000] {processor.py:743} INFO - Processing file /home/airflow/.local/lib/python3.7/site-packages/airflow/example_dags/example_bash_operator.py for tasks to queue
[2024-01-04T23:24:47.791+0000] {logging_mixin.py:137} INFO - [2024-01-04T23:24:47.790+0000] {dagbag.py:538} INFO - Filling up the DagBag from /home/airflow/.local/lib/python3.7/site-packages/airflow/example_dags/example_bash_operator.py
[2024-01-04T23:24:47.839+0000] {processor.py:753} INFO - DAG(s) dict_keys(['example_bash_operator']) retrieved from /home/airflow/.local/lib/python3.7/site-packages/airflow/example_dags/example_bash_operator.py
[2024-01-04T23:24:47.869+0000] {logging_mixin.py:137} INFO - [2024-01-04T23:24:47.869+0000] {dag.py:2690} INFO - Sync 1 DAGs
[2024-01-04T23:24:47.889+0000] {logging_mixin.py:137} INFO - [2024-01-04T23:24:47.889+0000] {dag.py:3441} INFO - Setting next_dagrun for example_bash_operator to 2024-01-03T00:00:00+00:00, run_after=2024-01-04T00:00:00+00:00
[2024-01-04T23:24:47.903+0000] {processor.py:175} INFO - Processing /home/airflow/.local/lib/python3.7/site-packages/airflow/example_dags/example_bash_operator.py took 0.119 seconds
[2024-01-04T23:25:18.807+0000] {processor.py:153} INFO - Started process (PID=2295) to work on /home/airflow/.local/lib/python3.7/site-packages/airflow/example_dags/example_bash_operator.py
[2024-01-04T23:25:18.809+0000] {processor.py:743} INFO - Processing file /home/airflow/.local/lib/python3.7/site-packages/airflow/example_dags/example_bash_operator.py for tasks to queue
[2024-01-04T23:25:18.811+0000] {logging_mixin.py:137} INFO - [2024-01-04T23:25:18.811+0000] {dagbag.py:538} INFO - Filling up the DagBag from /home/airflow/.local/lib/python3.7/site-packages/airflow/example_dags/example_bash_operator.py
[2024-01-04T23:25:18.928+0000] {processor.py:753} INFO - DAG(s) dict_keys(['example_bash_operator']) retrieved from /home/airflow/.local/lib/python3.7/site-packages/airflow/example_dags/example_bash_operator.py
[2024-01-04T23:25:18.984+0000] {logging_mixin.py:137} INFO - [2024-01-04T23:25:18.984+0000] {dag.py:2690} INFO - Sync 1 DAGs
[2024-01-04T23:25:19.090+0000] {logging_mixin.py:137} INFO - [2024-01-04T23:25:19.090+0000] {dag.py:3441} INFO - Setting next_dagrun for example_bash_operator to 2024-01-03T00:00:00+00:00, run_after=2024-01-04T00:00:00+00:00
[2024-01-04T23:25:19.127+0000] {processor.py:175} INFO - Processing /home/airflow/.local/lib/python3.7/site-packages/airflow/example_dags/example_bash_operator.py took 0.328 seconds
[2024-01-04T23:25:49.384+0000] {processor.py:153} INFO - Started process (PID=2361) to work on /home/airflow/.local/lib/python3.7/site-packages/airflow/example_dags/example_bash_operator.py
[2024-01-04T23:25:49.386+0000] {processor.py:743} INFO - Processing file /home/airflow/.local/lib/python3.7/site-packages/airflow/example_dags/example_bash_operator.py for tasks to queue
[2024-01-04T23:25:49.387+0000] {logging_mixin.py:137} INFO - [2024-01-04T23:25:49.387+0000] {dagbag.py:538} INFO - Filling up the DagBag from /home/airflow/.local/lib/python3.7/site-packages/airflow/example_dags/example_bash_operator.py
[2024-01-04T23:25:49.414+0000] {processor.py:753} INFO - DAG(s) dict_keys(['example_bash_operator']) retrieved from /home/airflow/.local/lib/python3.7/site-packages/airflow/example_dags/example_bash_operator.py
[2024-01-04T23:25:49.446+0000] {logging_mixin.py:137} INFO - [2024-01-04T23:25:49.446+0000] {dag.py:2690} INFO - Sync 1 DAGs
[2024-01-04T23:25:49.467+0000] {logging_mixin.py:137} INFO - [2024-01-04T23:25:49.467+0000] {dag.py:3441} INFO - Setting next_dagrun for example_bash_operator to 2024-01-03T00:00:00+00:00, run_after=2024-01-04T00:00:00+00:00
[2024-01-04T23:25:49.479+0000] {processor.py:175} INFO - Processing /home/airflow/.local/lib/python3.7/site-packages/airflow/example_dags/example_bash_operator.py took 0.101 seconds
[2024-01-04T23:26:20.096+0000] {processor.py:153} INFO - Started process (PID=2435) to work on /home/airflow/.local/lib/python3.7/site-packages/airflow/example_dags/example_bash_operator.py
[2024-01-04T23:26:20.099+0000] {processor.py:743} INFO - Processing file /home/airflow/.local/lib/python3.7/site-packages/airflow/example_dags/example_bash_operator.py for tasks to queue
[2024-01-04T23:26:20.100+0000] {logging_mixin.py:137} INFO - [2024-01-04T23:26:20.100+0000] {dagbag.py:538} INFO - Filling up the DagBag from /home/airflow/.local/lib/python3.7/site-packages/airflow/example_dags/example_bash_operator.py
[2024-01-04T23:26:20.171+0000] {processor.py:753} INFO - DAG(s) dict_keys(['example_bash_operator']) retrieved from /home/airflow/.local/lib/python3.7/site-packages/airflow/example_dags/example_bash_operator.py
[2024-01-04T23:26:20.215+0000] {logging_mixin.py:137} INFO - [2024-01-04T23:26:20.215+0000] {dag.py:2690} INFO - Sync 1 DAGs
[2024-01-04T23:26:20.241+0000] {logging_mixin.py:137} INFO - [2024-01-04T23:26:20.241+0000] {dag.py:3441} INFO - Setting next_dagrun for example_bash_operator to 2024-01-03T00:00:00+00:00, run_after=2024-01-04T00:00:00+00:00
[2024-01-04T23:26:20.254+0000] {processor.py:175} INFO - Processing /home/airflow/.local/lib/python3.7/site-packages/airflow/example_dags/example_bash_operator.py took 0.163 seconds
[2024-01-04T23:26:51.048+0000] {processor.py:153} INFO - Started process (PID=2498) to work on /home/airflow/.local/lib/python3.7/site-packages/airflow/example_dags/example_bash_operator.py
[2024-01-04T23:26:51.052+0000] {processor.py:743} INFO - Processing file /home/airflow/.local/lib/python3.7/site-packages/airflow/example_dags/example_bash_operator.py for tasks to queue
[2024-01-04T23:26:51.053+0000] {logging_mixin.py:137} INFO - [2024-01-04T23:26:51.053+0000] {dagbag.py:538} INFO - Filling up the DagBag from /home/airflow/.local/lib/python3.7/site-packages/airflow/example_dags/example_bash_operator.py
[2024-01-04T23:26:51.088+0000] {processor.py:753} INFO - DAG(s) dict_keys(['example_bash_operator']) retrieved from /home/airflow/.local/lib/python3.7/site-packages/airflow/example_dags/example_bash_operator.py
[2024-01-04T23:26:51.120+0000] {logging_mixin.py:137} INFO - [2024-01-04T23:26:51.120+0000] {dag.py:2690} INFO - Sync 1 DAGs
[2024-01-04T23:26:51.140+0000] {logging_mixin.py:137} INFO - [2024-01-04T23:26:51.140+0000] {dag.py:3441} INFO - Setting next_dagrun for example_bash_operator to 2024-01-03T00:00:00+00:00, run_after=2024-01-04T00:00:00+00:00
[2024-01-04T23:26:51.152+0000] {processor.py:175} INFO - Processing /home/airflow/.local/lib/python3.7/site-packages/airflow/example_dags/example_bash_operator.py took 0.111 seconds
[2024-01-04T23:27:21.573+0000] {processor.py:153} INFO - Started process (PID=2573) to work on /home/airflow/.local/lib/python3.7/site-packages/airflow/example_dags/example_bash_operator.py
[2024-01-04T23:27:21.575+0000] {processor.py:743} INFO - Processing file /home/airflow/.local/lib/python3.7/site-packages/airflow/example_dags/example_bash_operator.py for tasks to queue
[2024-01-04T23:27:21.576+0000] {logging_mixin.py:137} INFO - [2024-01-04T23:27:21.576+0000] {dagbag.py:538} INFO - Filling up the DagBag from /home/airflow/.local/lib/python3.7/site-packages/airflow/example_dags/example_bash_operator.py
[2024-01-04T23:27:21.603+0000] {processor.py:753} INFO - DAG(s) dict_keys(['example_bash_operator']) retrieved from /home/airflow/.local/lib/python3.7/site-packages/airflow/example_dags/example_bash_operator.py
[2024-01-04T23:27:21.632+0000] {logging_mixin.py:137} INFO - [2024-01-04T23:27:21.632+0000] {dag.py:2690} INFO - Sync 1 DAGs
[2024-01-04T23:27:21.666+0000] {logging_mixin.py:137} INFO - [2024-01-04T23:27:21.666+0000] {dag.py:3441} INFO - Setting next_dagrun for example_bash_operator to 2024-01-03T00:00:00+00:00, run_after=2024-01-04T00:00:00+00:00
[2024-01-04T23:27:21.679+0000] {processor.py:175} INFO - Processing /home/airflow/.local/lib/python3.7/site-packages/airflow/example_dags/example_bash_operator.py took 0.110 seconds
[2024-01-04T23:27:52.088+0000] {processor.py:153} INFO - Started process (PID=2646) to work on /home/airflow/.local/lib/python3.7/site-packages/airflow/example_dags/example_bash_operator.py
[2024-01-04T23:27:52.090+0000] {processor.py:743} INFO - Processing file /home/airflow/.local/lib/python3.7/site-packages/airflow/example_dags/example_bash_operator.py for tasks to queue
[2024-01-04T23:27:52.091+0000] {logging_mixin.py:137} INFO - [2024-01-04T23:27:52.091+0000] {dagbag.py:538} INFO - Filling up the DagBag from /home/airflow/.local/lib/python3.7/site-packages/airflow/example_dags/example_bash_operator.py
[2024-01-04T23:27:52.116+0000] {processor.py:753} INFO - DAG(s) dict_keys(['example_bash_operator']) retrieved from /home/airflow/.local/lib/python3.7/site-packages/airflow/example_dags/example_bash_operator.py
[2024-01-04T23:27:52.153+0000] {logging_mixin.py:137} INFO - [2024-01-04T23:27:52.153+0000] {dag.py:2690} INFO - Sync 1 DAGs
[2024-01-04T23:27:52.189+0000] {logging_mixin.py:137} INFO - [2024-01-04T23:27:52.189+0000] {dag.py:3441} INFO - Setting next_dagrun for example_bash_operator to 2024-01-03T00:00:00+00:00, run_after=2024-01-04T00:00:00+00:00
[2024-01-04T23:27:52.204+0000] {processor.py:175} INFO - Processing /home/airflow/.local/lib/python3.7/site-packages/airflow/example_dags/example_bash_operator.py took 0.122 seconds
[2024-01-04T23:28:22.830+0000] {processor.py:153} INFO - Started process (PID=2713) to work on /home/airflow/.local/lib/python3.7/site-packages/airflow/example_dags/example_bash_operator.py
[2024-01-04T23:28:22.832+0000] {processor.py:743} INFO - Processing file /home/airflow/.local/lib/python3.7/site-packages/airflow/example_dags/example_bash_operator.py for tasks to queue
[2024-01-04T23:28:22.833+0000] {logging_mixin.py:137} INFO - [2024-01-04T23:28:22.833+0000] {dagbag.py:538} INFO - Filling up the DagBag from /home/airflow/.local/lib/python3.7/site-packages/airflow/example_dags/example_bash_operator.py
[2024-01-04T23:28:22.873+0000] {processor.py:753} INFO - DAG(s) dict_keys(['example_bash_operator']) retrieved from /home/airflow/.local/lib/python3.7/site-packages/airflow/example_dags/example_bash_operator.py
[2024-01-04T23:28:22.900+0000] {logging_mixin.py:137} INFO - [2024-01-04T23:28:22.900+0000] {dag.py:2690} INFO - Sync 1 DAGs
[2024-01-04T23:28:22.918+0000] {logging_mixin.py:137} INFO - [2024-01-04T23:28:22.918+0000] {dag.py:3441} INFO - Setting next_dagrun for example_bash_operator to 2024-01-03T00:00:00+00:00, run_after=2024-01-04T00:00:00+00:00
[2024-01-04T23:28:22.929+0000] {processor.py:175} INFO - Processing /home/airflow/.local/lib/python3.7/site-packages/airflow/example_dags/example_bash_operator.py took 0.104 seconds
[2024-01-04T23:28:53.611+0000] {processor.py:153} INFO - Started process (PID=2789) to work on /home/airflow/.local/lib/python3.7/site-packages/airflow/example_dags/example_bash_operator.py
[2024-01-04T23:28:53.613+0000] {processor.py:743} INFO - Processing file /home/airflow/.local/lib/python3.7/site-packages/airflow/example_dags/example_bash_operator.py for tasks to queue
[2024-01-04T23:28:53.615+0000] {logging_mixin.py:137} INFO - [2024-01-04T23:28:53.614+0000] {dagbag.py:538} INFO - Filling up the DagBag from /home/airflow/.local/lib/python3.7/site-packages/airflow/example_dags/example_bash_operator.py
[2024-01-04T23:28:53.664+0000] {processor.py:753} INFO - DAG(s) dict_keys(['example_bash_operator']) retrieved from /home/airflow/.local/lib/python3.7/site-packages/airflow/example_dags/example_bash_operator.py
[2024-01-04T23:28:53.708+0000] {logging_mixin.py:137} INFO - [2024-01-04T23:28:53.707+0000] {dag.py:2690} INFO - Sync 1 DAGs
[2024-01-04T23:28:53.726+0000] {logging_mixin.py:137} INFO - [2024-01-04T23:28:53.726+0000] {dag.py:3441} INFO - Setting next_dagrun for example_bash_operator to 2024-01-03T00:00:00+00:00, run_after=2024-01-04T00:00:00+00:00
[2024-01-04T23:28:53.738+0000] {processor.py:175} INFO - Processing /home/airflow/.local/lib/python3.7/site-packages/airflow/example_dags/example_bash_operator.py took 0.131 seconds
[2024-01-04T23:29:24.481+0000] {processor.py:153} INFO - Started process (PID=2851) to work on /home/airflow/.local/lib/python3.7/site-packages/airflow/example_dags/example_bash_operator.py
[2024-01-04T23:29:24.483+0000] {processor.py:743} INFO - Processing file /home/airflow/.local/lib/python3.7/site-packages/airflow/example_dags/example_bash_operator.py for tasks to queue
[2024-01-04T23:29:24.484+0000] {logging_mixin.py:137} INFO - [2024-01-04T23:29:24.484+0000] {dagbag.py:538} INFO - Filling up the DagBag from /home/airflow/.local/lib/python3.7/site-packages/airflow/example_dags/example_bash_operator.py
[2024-01-04T23:29:24.530+0000] {processor.py:753} INFO - DAG(s) dict_keys(['example_bash_operator']) retrieved from /home/airflow/.local/lib/python3.7/site-packages/airflow/example_dags/example_bash_operator.py
[2024-01-04T23:29:24.570+0000] {logging_mixin.py:137} INFO - [2024-01-04T23:29:24.570+0000] {dag.py:2690} INFO - Sync 1 DAGs
[2024-01-04T23:29:24.590+0000] {logging_mixin.py:137} INFO - [2024-01-04T23:29:24.590+0000] {dag.py:3441} INFO - Setting next_dagrun for example_bash_operator to 2024-01-03T00:00:00+00:00, run_after=2024-01-04T00:00:00+00:00
[2024-01-04T23:29:24.602+0000] {processor.py:175} INFO - Processing /home/airflow/.local/lib/python3.7/site-packages/airflow/example_dags/example_bash_operator.py took 0.126 seconds
[2024-01-04T23:29:54.866+0000] {processor.py:153} INFO - Started process (PID=2925) to work on /home/airflow/.local/lib/python3.7/site-packages/airflow/example_dags/example_bash_operator.py
[2024-01-04T23:29:54.870+0000] {processor.py:743} INFO - Processing file /home/airflow/.local/lib/python3.7/site-packages/airflow/example_dags/example_bash_operator.py for tasks to queue
[2024-01-04T23:29:54.874+0000] {logging_mixin.py:137} INFO - [2024-01-04T23:29:54.873+0000] {dagbag.py:538} INFO - Filling up the DagBag from /home/airflow/.local/lib/python3.7/site-packages/airflow/example_dags/example_bash_operator.py
[2024-01-04T23:29:54.926+0000] {processor.py:753} INFO - DAG(s) dict_keys(['example_bash_operator']) retrieved from /home/airflow/.local/lib/python3.7/site-packages/airflow/example_dags/example_bash_operator.py
[2024-01-04T23:29:54.962+0000] {logging_mixin.py:137} INFO - [2024-01-04T23:29:54.962+0000] {dag.py:2690} INFO - Sync 1 DAGs
[2024-01-04T23:29:54.983+0000] {logging_mixin.py:137} INFO - [2024-01-04T23:29:54.983+0000] {dag.py:3441} INFO - Setting next_dagrun for example_bash_operator to 2024-01-03T00:00:00+00:00, run_after=2024-01-04T00:00:00+00:00
[2024-01-04T23:29:55.006+0000] {processor.py:175} INFO - Processing /home/airflow/.local/lib/python3.7/site-packages/airflow/example_dags/example_bash_operator.py took 0.144 seconds
[2024-01-04T23:30:25.570+0000] {processor.py:153} INFO - Started process (PID=3000) to work on /home/airflow/.local/lib/python3.7/site-packages/airflow/example_dags/example_bash_operator.py
[2024-01-04T23:30:25.572+0000] {processor.py:743} INFO - Processing file /home/airflow/.local/lib/python3.7/site-packages/airflow/example_dags/example_bash_operator.py for tasks to queue
[2024-01-04T23:30:25.573+0000] {logging_mixin.py:137} INFO - [2024-01-04T23:30:25.573+0000] {dagbag.py:538} INFO - Filling up the DagBag from /home/airflow/.local/lib/python3.7/site-packages/airflow/example_dags/example_bash_operator.py
[2024-01-04T23:30:25.617+0000] {processor.py:753} INFO - DAG(s) dict_keys(['example_bash_operator']) retrieved from /home/airflow/.local/lib/python3.7/site-packages/airflow/example_dags/example_bash_operator.py
[2024-01-04T23:30:25.680+0000] {logging_mixin.py:137} INFO - [2024-01-04T23:30:25.680+0000] {dag.py:2690} INFO - Sync 1 DAGs
[2024-01-04T23:30:25.710+0000] {logging_mixin.py:137} INFO - [2024-01-04T23:30:25.710+0000] {dag.py:3441} INFO - Setting next_dagrun for example_bash_operator to 2024-01-03T00:00:00+00:00, run_after=2024-01-04T00:00:00+00:00
[2024-01-04T23:30:25.727+0000] {processor.py:175} INFO - Processing /home/airflow/.local/lib/python3.7/site-packages/airflow/example_dags/example_bash_operator.py took 0.162 seconds
[2024-01-04T23:30:56.035+0000] {processor.py:153} INFO - Started process (PID=3064) to work on /home/airflow/.local/lib/python3.7/site-packages/airflow/example_dags/example_bash_operator.py
[2024-01-04T23:30:56.037+0000] {processor.py:743} INFO - Processing file /home/airflow/.local/lib/python3.7/site-packages/airflow/example_dags/example_bash_operator.py for tasks to queue
[2024-01-04T23:30:56.039+0000] {logging_mixin.py:137} INFO - [2024-01-04T23:30:56.039+0000] {dagbag.py:538} INFO - Filling up the DagBag from /home/airflow/.local/lib/python3.7/site-packages/airflow/example_dags/example_bash_operator.py
[2024-01-04T23:30:56.083+0000] {processor.py:753} INFO - DAG(s) dict_keys(['example_bash_operator']) retrieved from /home/airflow/.local/lib/python3.7/site-packages/airflow/example_dags/example_bash_operator.py
[2024-01-04T23:30:56.126+0000] {logging_mixin.py:137} INFO - [2024-01-04T23:30:56.126+0000] {dag.py:2690} INFO - Sync 1 DAGs
[2024-01-04T23:30:56.151+0000] {logging_mixin.py:137} INFO - [2024-01-04T23:30:56.150+0000] {dag.py:3441} INFO - Setting next_dagrun for example_bash_operator to 2024-01-03T00:00:00+00:00, run_after=2024-01-04T00:00:00+00:00
[2024-01-04T23:30:56.165+0000] {processor.py:175} INFO - Processing /home/airflow/.local/lib/python3.7/site-packages/airflow/example_dags/example_bash_operator.py took 0.138 seconds
[2024-01-04T23:31:26.709+0000] {processor.py:153} INFO - Started process (PID=3139) to work on /home/airflow/.local/lib/python3.7/site-packages/airflow/example_dags/example_bash_operator.py
[2024-01-04T23:31:26.715+0000] {processor.py:743} INFO - Processing file /home/airflow/.local/lib/python3.7/site-packages/airflow/example_dags/example_bash_operator.py for tasks to queue
[2024-01-04T23:31:26.720+0000] {logging_mixin.py:137} INFO - [2024-01-04T23:31:26.719+0000] {dagbag.py:538} INFO - Filling up the DagBag from /home/airflow/.local/lib/python3.7/site-packages/airflow/example_dags/example_bash_operator.py
[2024-01-04T23:31:26.785+0000] {processor.py:753} INFO - DAG(s) dict_keys(['example_bash_operator']) retrieved from /home/airflow/.local/lib/python3.7/site-packages/airflow/example_dags/example_bash_operator.py
[2024-01-04T23:31:26.828+0000] {logging_mixin.py:137} INFO - [2024-01-04T23:31:26.828+0000] {dag.py:2690} INFO - Sync 1 DAGs
[2024-01-04T23:31:26.853+0000] {logging_mixin.py:137} INFO - [2024-01-04T23:31:26.852+0000] {dag.py:3441} INFO - Setting next_dagrun for example_bash_operator to 2024-01-03T00:00:00+00:00, run_after=2024-01-04T00:00:00+00:00
[2024-01-04T23:31:26.876+0000] {processor.py:175} INFO - Processing /home/airflow/.local/lib/python3.7/site-packages/airflow/example_dags/example_bash_operator.py took 0.176 seconds
[2024-01-04T23:31:57.840+0000] {processor.py:153} INFO - Started process (PID=3202) to work on /home/airflow/.local/lib/python3.7/site-packages/airflow/example_dags/example_bash_operator.py
[2024-01-04T23:31:57.843+0000] {processor.py:743} INFO - Processing file /home/airflow/.local/lib/python3.7/site-packages/airflow/example_dags/example_bash_operator.py for tasks to queue
[2024-01-04T23:31:57.844+0000] {logging_mixin.py:137} INFO - [2024-01-04T23:31:57.844+0000] {dagbag.py:538} INFO - Filling up the DagBag from /home/airflow/.local/lib/python3.7/site-packages/airflow/example_dags/example_bash_operator.py
[2024-01-04T23:31:57.891+0000] {processor.py:753} INFO - DAG(s) dict_keys(['example_bash_operator']) retrieved from /home/airflow/.local/lib/python3.7/site-packages/airflow/example_dags/example_bash_operator.py
[2024-01-04T23:31:57.923+0000] {logging_mixin.py:137} INFO - [2024-01-04T23:31:57.922+0000] {dag.py:2690} INFO - Sync 1 DAGs
[2024-01-04T23:31:57.942+0000] {logging_mixin.py:137} INFO - [2024-01-04T23:31:57.942+0000] {dag.py:3441} INFO - Setting next_dagrun for example_bash_operator to 2024-01-03T00:00:00+00:00, run_after=2024-01-04T00:00:00+00:00
[2024-01-04T23:31:57.957+0000] {processor.py:175} INFO - Processing /home/airflow/.local/lib/python3.7/site-packages/airflow/example_dags/example_bash_operator.py took 0.123 seconds
[2024-01-04T23:32:28.852+0000] {processor.py:153} INFO - Started process (PID=3277) to work on /home/airflow/.local/lib/python3.7/site-packages/airflow/example_dags/example_bash_operator.py
[2024-01-04T23:32:28.855+0000] {processor.py:743} INFO - Processing file /home/airflow/.local/lib/python3.7/site-packages/airflow/example_dags/example_bash_operator.py for tasks to queue
[2024-01-04T23:32:28.856+0000] {logging_mixin.py:137} INFO - [2024-01-04T23:32:28.856+0000] {dagbag.py:538} INFO - Filling up the DagBag from /home/airflow/.local/lib/python3.7/site-packages/airflow/example_dags/example_bash_operator.py
[2024-01-04T23:32:28.887+0000] {processor.py:753} INFO - DAG(s) dict_keys(['example_bash_operator']) retrieved from /home/airflow/.local/lib/python3.7/site-packages/airflow/example_dags/example_bash_operator.py
[2024-01-04T23:32:28.926+0000] {logging_mixin.py:137} INFO - [2024-01-04T23:32:28.926+0000] {dag.py:2690} INFO - Sync 1 DAGs
[2024-01-04T23:32:28.950+0000] {logging_mixin.py:137} INFO - [2024-01-04T23:32:28.950+0000] {dag.py:3441} INFO - Setting next_dagrun for example_bash_operator to 2024-01-03T00:00:00+00:00, run_after=2024-01-04T00:00:00+00:00
[2024-01-04T23:32:28.966+0000] {processor.py:175} INFO - Processing /home/airflow/.local/lib/python3.7/site-packages/airflow/example_dags/example_bash_operator.py took 0.119 seconds
[2024-01-04T23:33:00.029+0000] {processor.py:153} INFO - Started process (PID=3340) to work on /home/airflow/.local/lib/python3.7/site-packages/airflow/example_dags/example_bash_operator.py
[2024-01-04T23:33:00.032+0000] {processor.py:743} INFO - Processing file /home/airflow/.local/lib/python3.7/site-packages/airflow/example_dags/example_bash_operator.py for tasks to queue
[2024-01-04T23:33:00.033+0000] {logging_mixin.py:137} INFO - [2024-01-04T23:33:00.033+0000] {dagbag.py:538} INFO - Filling up the DagBag from /home/airflow/.local/lib/python3.7/site-packages/airflow/example_dags/example_bash_operator.py
[2024-01-04T23:33:00.087+0000] {processor.py:753} INFO - DAG(s) dict_keys(['example_bash_operator']) retrieved from /home/airflow/.local/lib/python3.7/site-packages/airflow/example_dags/example_bash_operator.py
[2024-01-04T23:33:00.121+0000] {logging_mixin.py:137} INFO - [2024-01-04T23:33:00.121+0000] {dag.py:2690} INFO - Sync 1 DAGs
[2024-01-04T23:33:00.144+0000] {logging_mixin.py:137} INFO - [2024-01-04T23:33:00.144+0000] {dag.py:3441} INFO - Setting next_dagrun for example_bash_operator to 2024-01-03T00:00:00+00:00, run_after=2024-01-04T00:00:00+00:00
[2024-01-04T23:33:00.158+0000] {processor.py:175} INFO - Processing /home/airflow/.local/lib/python3.7/site-packages/airflow/example_dags/example_bash_operator.py took 0.134 seconds
[2024-01-04T23:33:30.848+0000] {processor.py:153} INFO - Started process (PID=3414) to work on /home/airflow/.local/lib/python3.7/site-packages/airflow/example_dags/example_bash_operator.py
[2024-01-04T23:33:30.851+0000] {processor.py:743} INFO - Processing file /home/airflow/.local/lib/python3.7/site-packages/airflow/example_dags/example_bash_operator.py for tasks to queue
[2024-01-04T23:33:30.853+0000] {logging_mixin.py:137} INFO - [2024-01-04T23:33:30.852+0000] {dagbag.py:538} INFO - Filling up the DagBag from /home/airflow/.local/lib/python3.7/site-packages/airflow/example_dags/example_bash_operator.py
[2024-01-04T23:33:30.885+0000] {processor.py:753} INFO - DAG(s) dict_keys(['example_bash_operator']) retrieved from /home/airflow/.local/lib/python3.7/site-packages/airflow/example_dags/example_bash_operator.py
[2024-01-04T23:33:30.935+0000] {logging_mixin.py:137} INFO - [2024-01-04T23:33:30.935+0000] {dag.py:2690} INFO - Sync 1 DAGs
[2024-01-04T23:33:30.959+0000] {logging_mixin.py:137} INFO - [2024-01-04T23:33:30.959+0000] {dag.py:3441} INFO - Setting next_dagrun for example_bash_operator to 2024-01-03T00:00:00+00:00, run_after=2024-01-04T00:00:00+00:00
[2024-01-04T23:33:30.973+0000] {processor.py:175} INFO - Processing /home/airflow/.local/lib/python3.7/site-packages/airflow/example_dags/example_bash_operator.py took 0.130 seconds
[2024-01-04T23:34:01.628+0000] {processor.py:153} INFO - Started process (PID=3490) to work on /home/airflow/.local/lib/python3.7/site-packages/airflow/example_dags/example_bash_operator.py
[2024-01-04T23:34:01.630+0000] {processor.py:743} INFO - Processing file /home/airflow/.local/lib/python3.7/site-packages/airflow/example_dags/example_bash_operator.py for tasks to queue
[2024-01-04T23:34:01.631+0000] {logging_mixin.py:137} INFO - [2024-01-04T23:34:01.631+0000] {dagbag.py:538} INFO - Filling up the DagBag from /home/airflow/.local/lib/python3.7/site-packages/airflow/example_dags/example_bash_operator.py
[2024-01-04T23:34:01.671+0000] {processor.py:753} INFO - DAG(s) dict_keys(['example_bash_operator']) retrieved from /home/airflow/.local/lib/python3.7/site-packages/airflow/example_dags/example_bash_operator.py
[2024-01-04T23:34:01.719+0000] {logging_mixin.py:137} INFO - [2024-01-04T23:34:01.719+0000] {dag.py:2690} INFO - Sync 1 DAGs
[2024-01-04T23:34:01.772+0000] {logging_mixin.py:137} INFO - [2024-01-04T23:34:01.771+0000] {dag.py:3441} INFO - Setting next_dagrun for example_bash_operator to 2024-01-03T00:00:00+00:00, run_after=2024-01-04T00:00:00+00:00
[2024-01-04T23:34:01.799+0000] {processor.py:175} INFO - Processing /home/airflow/.local/lib/python3.7/site-packages/airflow/example_dags/example_bash_operator.py took 0.175 seconds
[2024-01-04T23:34:32.325+0000] {processor.py:153} INFO - Started process (PID=3553) to work on /home/airflow/.local/lib/python3.7/site-packages/airflow/example_dags/example_bash_operator.py
[2024-01-04T23:34:32.332+0000] {processor.py:743} INFO - Processing file /home/airflow/.local/lib/python3.7/site-packages/airflow/example_dags/example_bash_operator.py for tasks to queue
[2024-01-04T23:34:32.334+0000] {logging_mixin.py:137} INFO - [2024-01-04T23:34:32.334+0000] {dagbag.py:538} INFO - Filling up the DagBag from /home/airflow/.local/lib/python3.7/site-packages/airflow/example_dags/example_bash_operator.py
[2024-01-04T23:34:32.369+0000] {processor.py:753} INFO - DAG(s) dict_keys(['example_bash_operator']) retrieved from /home/airflow/.local/lib/python3.7/site-packages/airflow/example_dags/example_bash_operator.py
[2024-01-04T23:34:32.407+0000] {logging_mixin.py:137} INFO - [2024-01-04T23:34:32.407+0000] {dag.py:2690} INFO - Sync 1 DAGs
[2024-01-04T23:34:32.445+0000] {logging_mixin.py:137} INFO - [2024-01-04T23:34:32.445+0000] {dag.py:3441} INFO - Setting next_dagrun for example_bash_operator to 2024-01-03T00:00:00+00:00, run_after=2024-01-04T00:00:00+00:00
[2024-01-04T23:34:32.460+0000] {processor.py:175} INFO - Processing /home/airflow/.local/lib/python3.7/site-packages/airflow/example_dags/example_bash_operator.py took 0.146 seconds
[2024-01-04T23:35:03.158+0000] {processor.py:153} INFO - Started process (PID=3628) to work on /home/airflow/.local/lib/python3.7/site-packages/airflow/example_dags/example_bash_operator.py
[2024-01-04T23:35:03.160+0000] {processor.py:743} INFO - Processing file /home/airflow/.local/lib/python3.7/site-packages/airflow/example_dags/example_bash_operator.py for tasks to queue
[2024-01-04T23:35:03.162+0000] {logging_mixin.py:137} INFO - [2024-01-04T23:35:03.161+0000] {dagbag.py:538} INFO - Filling up the DagBag from /home/airflow/.local/lib/python3.7/site-packages/airflow/example_dags/example_bash_operator.py
[2024-01-04T23:35:03.191+0000] {processor.py:753} INFO - DAG(s) dict_keys(['example_bash_operator']) retrieved from /home/airflow/.local/lib/python3.7/site-packages/airflow/example_dags/example_bash_operator.py
[2024-01-04T23:35:03.224+0000] {logging_mixin.py:137} INFO - [2024-01-04T23:35:03.224+0000] {dag.py:2690} INFO - Sync 1 DAGs
[2024-01-04T23:35:03.246+0000] {logging_mixin.py:137} INFO - [2024-01-04T23:35:03.245+0000] {dag.py:3441} INFO - Setting next_dagrun for example_bash_operator to 2024-01-03T00:00:00+00:00, run_after=2024-01-04T00:00:00+00:00
[2024-01-04T23:35:03.258+0000] {processor.py:175} INFO - Processing /home/airflow/.local/lib/python3.7/site-packages/airflow/example_dags/example_bash_operator.py took 0.108 seconds
[2024-01-04T23:35:34.115+0000] {processor.py:153} INFO - Started process (PID=3690) to work on /home/airflow/.local/lib/python3.7/site-packages/airflow/example_dags/example_bash_operator.py
[2024-01-04T23:35:34.118+0000] {processor.py:743} INFO - Processing file /home/airflow/.local/lib/python3.7/site-packages/airflow/example_dags/example_bash_operator.py for tasks to queue
[2024-01-04T23:35:34.120+0000] {logging_mixin.py:137} INFO - [2024-01-04T23:35:34.120+0000] {dagbag.py:538} INFO - Filling up the DagBag from /home/airflow/.local/lib/python3.7/site-packages/airflow/example_dags/example_bash_operator.py
[2024-01-04T23:35:34.149+0000] {processor.py:753} INFO - DAG(s) dict_keys(['example_bash_operator']) retrieved from /home/airflow/.local/lib/python3.7/site-packages/airflow/example_dags/example_bash_operator.py
[2024-01-04T23:35:34.226+0000] {logging_mixin.py:137} INFO - [2024-01-04T23:35:34.226+0000] {dag.py:2690} INFO - Sync 1 DAGs
[2024-01-04T23:35:34.249+0000] {logging_mixin.py:137} INFO - [2024-01-04T23:35:34.249+0000] {dag.py:3441} INFO - Setting next_dagrun for example_bash_operator to 2024-01-03T00:00:00+00:00, run_after=2024-01-04T00:00:00+00:00
[2024-01-04T23:35:34.263+0000] {processor.py:175} INFO - Processing /home/airflow/.local/lib/python3.7/site-packages/airflow/example_dags/example_bash_operator.py took 0.161 seconds
[2024-01-04T23:36:04.725+0000] {processor.py:153} INFO - Started process (PID=3765) to work on /home/airflow/.local/lib/python3.7/site-packages/airflow/example_dags/example_bash_operator.py
[2024-01-04T23:36:04.727+0000] {processor.py:743} INFO - Processing file /home/airflow/.local/lib/python3.7/site-packages/airflow/example_dags/example_bash_operator.py for tasks to queue
[2024-01-04T23:36:04.728+0000] {logging_mixin.py:137} INFO - [2024-01-04T23:36:04.728+0000] {dagbag.py:538} INFO - Filling up the DagBag from /home/airflow/.local/lib/python3.7/site-packages/airflow/example_dags/example_bash_operator.py
[2024-01-04T23:36:04.761+0000] {processor.py:753} INFO - DAG(s) dict_keys(['example_bash_operator']) retrieved from /home/airflow/.local/lib/python3.7/site-packages/airflow/example_dags/example_bash_operator.py
[2024-01-04T23:36:04.809+0000] {logging_mixin.py:137} INFO - [2024-01-04T23:36:04.809+0000] {dag.py:2690} INFO - Sync 1 DAGs
[2024-01-04T23:36:04.832+0000] {logging_mixin.py:137} INFO - [2024-01-04T23:36:04.831+0000] {dag.py:3441} INFO - Setting next_dagrun for example_bash_operator to 2024-01-03T00:00:00+00:00, run_after=2024-01-04T00:00:00+00:00
[2024-01-04T23:36:04.844+0000] {processor.py:175} INFO - Processing /home/airflow/.local/lib/python3.7/site-packages/airflow/example_dags/example_bash_operator.py took 0.126 seconds
[2024-01-04T23:36:35.671+0000] {processor.py:153} INFO - Started process (PID=3840) to work on /home/airflow/.local/lib/python3.7/site-packages/airflow/example_dags/example_bash_operator.py
[2024-01-04T23:36:35.673+0000] {processor.py:743} INFO - Processing file /home/airflow/.local/lib/python3.7/site-packages/airflow/example_dags/example_bash_operator.py for tasks to queue
[2024-01-04T23:36:35.675+0000] {logging_mixin.py:137} INFO - [2024-01-04T23:36:35.674+0000] {dagbag.py:538} INFO - Filling up the DagBag from /home/airflow/.local/lib/python3.7/site-packages/airflow/example_dags/example_bash_operator.py
[2024-01-04T23:36:35.721+0000] {processor.py:753} INFO - DAG(s) dict_keys(['example_bash_operator']) retrieved from /home/airflow/.local/lib/python3.7/site-packages/airflow/example_dags/example_bash_operator.py
[2024-01-04T23:36:35.784+0000] {logging_mixin.py:137} INFO - [2024-01-04T23:36:35.784+0000] {dag.py:2690} INFO - Sync 1 DAGs
[2024-01-04T23:36:35.826+0000] {logging_mixin.py:137} INFO - [2024-01-04T23:36:35.826+0000] {dag.py:3441} INFO - Setting next_dagrun for example_bash_operator to 2024-01-03T00:00:00+00:00, run_after=2024-01-04T00:00:00+00:00
[2024-01-04T23:36:35.875+0000] {processor.py:175} INFO - Processing /home/airflow/.local/lib/python3.7/site-packages/airflow/example_dags/example_bash_operator.py took 0.208 seconds
[2024-01-04T23:37:06.165+0000] {processor.py:153} INFO - Started process (PID=3903) to work on /home/airflow/.local/lib/python3.7/site-packages/airflow/example_dags/example_bash_operator.py
[2024-01-04T23:37:06.166+0000] {processor.py:743} INFO - Processing file /home/airflow/.local/lib/python3.7/site-packages/airflow/example_dags/example_bash_operator.py for tasks to queue
[2024-01-04T23:37:06.167+0000] {logging_mixin.py:137} INFO - [2024-01-04T23:37:06.167+0000] {dagbag.py:538} INFO - Filling up the DagBag from /home/airflow/.local/lib/python3.7/site-packages/airflow/example_dags/example_bash_operator.py
[2024-01-04T23:37:06.194+0000] {processor.py:753} INFO - DAG(s) dict_keys(['example_bash_operator']) retrieved from /home/airflow/.local/lib/python3.7/site-packages/airflow/example_dags/example_bash_operator.py
[2024-01-04T23:37:06.222+0000] {logging_mixin.py:137} INFO - [2024-01-04T23:37:06.222+0000] {dag.py:2690} INFO - Sync 1 DAGs
[2024-01-04T23:37:06.240+0000] {logging_mixin.py:137} INFO - [2024-01-04T23:37:06.240+0000] {dag.py:3441} INFO - Setting next_dagrun for example_bash_operator to 2024-01-03T00:00:00+00:00, run_after=2024-01-04T00:00:00+00:00
[2024-01-04T23:37:06.253+0000] {processor.py:175} INFO - Processing /home/airflow/.local/lib/python3.7/site-packages/airflow/example_dags/example_bash_operator.py took 0.090 seconds
[2024-01-04T23:37:36.832+0000] {processor.py:153} INFO - Started process (PID=3977) to work on /home/airflow/.local/lib/python3.7/site-packages/airflow/example_dags/example_bash_operator.py
[2024-01-04T23:37:36.840+0000] {processor.py:743} INFO - Processing file /home/airflow/.local/lib/python3.7/site-packages/airflow/example_dags/example_bash_operator.py for tasks to queue
[2024-01-04T23:37:36.843+0000] {logging_mixin.py:137} INFO - [2024-01-04T23:37:36.843+0000] {dagbag.py:538} INFO - Filling up the DagBag from /home/airflow/.local/lib/python3.7/site-packages/airflow/example_dags/example_bash_operator.py
[2024-01-04T23:37:36.887+0000] {processor.py:753} INFO - DAG(s) dict_keys(['example_bash_operator']) retrieved from /home/airflow/.local/lib/python3.7/site-packages/airflow/example_dags/example_bash_operator.py
[2024-01-04T23:37:36.918+0000] {logging_mixin.py:137} INFO - [2024-01-04T23:37:36.917+0000] {dag.py:2690} INFO - Sync 1 DAGs
[2024-01-04T23:37:36.936+0000] {logging_mixin.py:137} INFO - [2024-01-04T23:37:36.936+0000] {dag.py:3441} INFO - Setting next_dagrun for example_bash_operator to 2024-01-03T00:00:00+00:00, run_after=2024-01-04T00:00:00+00:00
[2024-01-04T23:37:36.948+0000] {processor.py:175} INFO - Processing /home/airflow/.local/lib/python3.7/site-packages/airflow/example_dags/example_bash_operator.py took 0.121 seconds
[2024-01-04T23:38:07.521+0000] {processor.py:153} INFO - Started process (PID=4040) to work on /home/airflow/.local/lib/python3.7/site-packages/airflow/example_dags/example_bash_operator.py
[2024-01-04T23:38:07.522+0000] {processor.py:743} INFO - Processing file /home/airflow/.local/lib/python3.7/site-packages/airflow/example_dags/example_bash_operator.py for tasks to queue
[2024-01-04T23:38:07.523+0000] {logging_mixin.py:137} INFO - [2024-01-04T23:38:07.523+0000] {dagbag.py:538} INFO - Filling up the DagBag from /home/airflow/.local/lib/python3.7/site-packages/airflow/example_dags/example_bash_operator.py
[2024-01-04T23:38:07.563+0000] {processor.py:753} INFO - DAG(s) dict_keys(['example_bash_operator']) retrieved from /home/airflow/.local/lib/python3.7/site-packages/airflow/example_dags/example_bash_operator.py
[2024-01-04T23:38:07.603+0000] {logging_mixin.py:137} INFO - [2024-01-04T23:38:07.603+0000] {dag.py:2690} INFO - Sync 1 DAGs
[2024-01-04T23:38:07.626+0000] {logging_mixin.py:137} INFO - [2024-01-04T23:38:07.626+0000] {dag.py:3441} INFO - Setting next_dagrun for example_bash_operator to 2024-01-03T00:00:00+00:00, run_after=2024-01-04T00:00:00+00:00
[2024-01-04T23:38:07.640+0000] {processor.py:175} INFO - Processing /home/airflow/.local/lib/python3.7/site-packages/airflow/example_dags/example_bash_operator.py took 0.123 seconds
[2024-01-04T23:38:38.135+0000] {processor.py:153} INFO - Started process (PID=4115) to work on /home/airflow/.local/lib/python3.7/site-packages/airflow/example_dags/example_bash_operator.py
[2024-01-04T23:38:38.138+0000] {processor.py:743} INFO - Processing file /home/airflow/.local/lib/python3.7/site-packages/airflow/example_dags/example_bash_operator.py for tasks to queue
[2024-01-04T23:38:38.140+0000] {logging_mixin.py:137} INFO - [2024-01-04T23:38:38.139+0000] {dagbag.py:538} INFO - Filling up the DagBag from /home/airflow/.local/lib/python3.7/site-packages/airflow/example_dags/example_bash_operator.py
[2024-01-04T23:38:38.176+0000] {processor.py:753} INFO - DAG(s) dict_keys(['example_bash_operator']) retrieved from /home/airflow/.local/lib/python3.7/site-packages/airflow/example_dags/example_bash_operator.py
[2024-01-04T23:38:38.212+0000] {logging_mixin.py:137} INFO - [2024-01-04T23:38:38.212+0000] {dag.py:2690} INFO - Sync 1 DAGs
[2024-01-04T23:38:38.237+0000] {logging_mixin.py:137} INFO - [2024-01-04T23:38:38.237+0000] {dag.py:3441} INFO - Setting next_dagrun for example_bash_operator to 2024-01-03T00:00:00+00:00, run_after=2024-01-04T00:00:00+00:00
[2024-01-04T23:38:38.251+0000] {processor.py:175} INFO - Processing /home/airflow/.local/lib/python3.7/site-packages/airflow/example_dags/example_bash_operator.py took 0.124 seconds
[2024-01-04T23:39:08.957+0000] {processor.py:153} INFO - Started process (PID=4187) to work on /home/airflow/.local/lib/python3.7/site-packages/airflow/example_dags/example_bash_operator.py
[2024-01-04T23:39:08.959+0000] {processor.py:743} INFO - Processing file /home/airflow/.local/lib/python3.7/site-packages/airflow/example_dags/example_bash_operator.py for tasks to queue
[2024-01-04T23:39:08.961+0000] {logging_mixin.py:137} INFO - [2024-01-04T23:39:08.961+0000] {dagbag.py:538} INFO - Filling up the DagBag from /home/airflow/.local/lib/python3.7/site-packages/airflow/example_dags/example_bash_operator.py
[2024-01-04T23:39:08.994+0000] {processor.py:753} INFO - DAG(s) dict_keys(['example_bash_operator']) retrieved from /home/airflow/.local/lib/python3.7/site-packages/airflow/example_dags/example_bash_operator.py
[2024-01-04T23:39:09.045+0000] {logging_mixin.py:137} INFO - [2024-01-04T23:39:09.044+0000] {dag.py:2690} INFO - Sync 1 DAGs
[2024-01-04T23:39:09.079+0000] {logging_mixin.py:137} INFO - [2024-01-04T23:39:09.078+0000] {dag.py:3441} INFO - Setting next_dagrun for example_bash_operator to 2024-01-03T00:00:00+00:00, run_after=2024-01-04T00:00:00+00:00
[2024-01-04T23:39:09.101+0000] {processor.py:175} INFO - Processing /home/airflow/.local/lib/python3.7/site-packages/airflow/example_dags/example_bash_operator.py took 0.152 seconds
[2024-01-04T23:56:19.862+0000] {processor.py:153} INFO - Started process (PID=4241) to work on /home/airflow/.local/lib/python3.7/site-packages/airflow/example_dags/example_bash_operator.py
[2024-01-04T23:56:19.869+0000] {processor.py:743} INFO - Processing file /home/airflow/.local/lib/python3.7/site-packages/airflow/example_dags/example_bash_operator.py for tasks to queue
[2024-01-04T23:56:19.880+0000] {logging_mixin.py:137} INFO - [2024-01-04T23:56:19.879+0000] {dagbag.py:538} INFO - Filling up the DagBag from /home/airflow/.local/lib/python3.7/site-packages/airflow/example_dags/example_bash_operator.py
[2024-01-04T23:56:20.449+0000] {processor.py:753} INFO - DAG(s) dict_keys(['example_bash_operator']) retrieved from /home/airflow/.local/lib/python3.7/site-packages/airflow/example_dags/example_bash_operator.py
[2024-01-04T23:56:20.554+0000] {logging_mixin.py:137} INFO - [2024-01-04T23:56:20.554+0000] {dag.py:2690} INFO - Sync 1 DAGs
[2024-01-04T23:56:20.687+0000] {logging_mixin.py:137} INFO - [2024-01-04T23:56:20.681+0000] {dag.py:3441} INFO - Setting next_dagrun for example_bash_operator to 2024-01-03T00:00:00+00:00, run_after=2024-01-04T00:00:00+00:00
[2024-01-04T23:56:20.783+0000] {processor.py:175} INFO - Processing /home/airflow/.local/lib/python3.7/site-packages/airflow/example_dags/example_bash_operator.py took 0.927 seconds
