[2024-01-04T23:09:07.547+0000] {processor.py:153} INFO - Started process (PID=74) to work on /home/airflow/.local/lib/python3.7/site-packages/airflow/example_dags/example_branch_python_dop_operator_3.py
[2024-01-04T23:09:07.559+0000] {processor.py:743} INFO - Processing file /home/airflow/.local/lib/python3.7/site-packages/airflow/example_dags/example_branch_python_dop_operator_3.py for tasks to queue
[2024-01-04T23:09:07.561+0000] {logging_mixin.py:137} INFO - [2024-01-04T23:09:07.561+0000] {dagbag.py:538} INFO - Filling up the DagBag from /home/airflow/.local/lib/python3.7/site-packages/airflow/example_dags/example_branch_python_dop_operator_3.py
[2024-01-04T23:09:07.629+0000] {processor.py:753} INFO - DAG(s) dict_keys(['example_branch_dop_operator_v3']) retrieved from /home/airflow/.local/lib/python3.7/site-packages/airflow/example_dags/example_branch_python_dop_operator_3.py
[2024-01-04T23:09:07.820+0000] {logging_mixin.py:137} INFO - [2024-01-04T23:09:07.820+0000] {manager.py:504} INFO - Created Permission View: can delete on DAG:example_branch_dop_operator_v3
[2024-01-04T23:09:07.839+0000] {logging_mixin.py:137} INFO - [2024-01-04T23:09:07.839+0000] {manager.py:504} INFO - Created Permission View: can edit on DAG:example_branch_dop_operator_v3
[2024-01-04T23:09:07.853+0000] {logging_mixin.py:137} INFO - [2024-01-04T23:09:07.853+0000] {manager.py:504} INFO - Created Permission View: can read on DAG:example_branch_dop_operator_v3
[2024-01-04T23:09:07.855+0000] {logging_mixin.py:137} INFO - [2024-01-04T23:09:07.855+0000] {dag.py:2690} INFO - Sync 1 DAGs
[2024-01-04T23:09:07.872+0000] {logging_mixin.py:137} INFO - [2024-01-04T23:09:07.871+0000] {dag.py:2711} INFO - Creating ORM DAG for example_branch_dop_operator_v3
[2024-01-04T23:09:07.957+0000] {logging_mixin.py:137} INFO - [2024-01-04T23:09:07.955+0000] {dag.py:3441} INFO - Setting next_dagrun for example_branch_dop_operator_v3 to 2024-01-04T23:08:00+00:00, run_after=2024-01-04T23:09:00+00:00
[2024-01-04T23:09:08.193+0000] {processor.py:175} INFO - Processing /home/airflow/.local/lib/python3.7/site-packages/airflow/example_dags/example_branch_python_dop_operator_3.py took 0.652 seconds
[2024-01-04T23:09:38.440+0000] {processor.py:153} INFO - Started process (PID=140) to work on /home/airflow/.local/lib/python3.7/site-packages/airflow/example_dags/example_branch_python_dop_operator_3.py
[2024-01-04T23:09:38.442+0000] {processor.py:743} INFO - Processing file /home/airflow/.local/lib/python3.7/site-packages/airflow/example_dags/example_branch_python_dop_operator_3.py for tasks to queue
[2024-01-04T23:09:38.442+0000] {logging_mixin.py:137} INFO - [2024-01-04T23:09:38.442+0000] {dagbag.py:538} INFO - Filling up the DagBag from /home/airflow/.local/lib/python3.7/site-packages/airflow/example_dags/example_branch_python_dop_operator_3.py
[2024-01-04T23:09:38.458+0000] {processor.py:753} INFO - DAG(s) dict_keys(['example_branch_dop_operator_v3']) retrieved from /home/airflow/.local/lib/python3.7/site-packages/airflow/example_dags/example_branch_python_dop_operator_3.py
[2024-01-04T23:09:38.475+0000] {logging_mixin.py:137} INFO - [2024-01-04T23:09:38.475+0000] {dag.py:2690} INFO - Sync 1 DAGs
[2024-01-04T23:09:38.492+0000] {logging_mixin.py:137} INFO - [2024-01-04T23:09:38.492+0000] {dag.py:3441} INFO - Setting next_dagrun for example_branch_dop_operator_v3 to 2024-01-04T23:08:00+00:00, run_after=2024-01-04T23:09:00+00:00
[2024-01-04T23:09:38.502+0000] {processor.py:175} INFO - Processing /home/airflow/.local/lib/python3.7/site-packages/airflow/example_dags/example_branch_python_dop_operator_3.py took 0.064 seconds
[2024-01-04T23:10:08.805+0000] {processor.py:153} INFO - Started process (PID=203) to work on /home/airflow/.local/lib/python3.7/site-packages/airflow/example_dags/example_branch_python_dop_operator_3.py
[2024-01-04T23:10:08.807+0000] {processor.py:743} INFO - Processing file /home/airflow/.local/lib/python3.7/site-packages/airflow/example_dags/example_branch_python_dop_operator_3.py for tasks to queue
[2024-01-04T23:10:08.807+0000] {logging_mixin.py:137} INFO - [2024-01-04T23:10:08.807+0000] {dagbag.py:538} INFO - Filling up the DagBag from /home/airflow/.local/lib/python3.7/site-packages/airflow/example_dags/example_branch_python_dop_operator_3.py
[2024-01-04T23:10:08.823+0000] {processor.py:753} INFO - DAG(s) dict_keys(['example_branch_dop_operator_v3']) retrieved from /home/airflow/.local/lib/python3.7/site-packages/airflow/example_dags/example_branch_python_dop_operator_3.py
[2024-01-04T23:10:08.841+0000] {logging_mixin.py:137} INFO - [2024-01-04T23:10:08.840+0000] {dag.py:2690} INFO - Sync 1 DAGs
[2024-01-04T23:10:08.858+0000] {logging_mixin.py:137} INFO - [2024-01-04T23:10:08.858+0000] {dag.py:3441} INFO - Setting next_dagrun for example_branch_dop_operator_v3 to 2024-01-04T23:09:00+00:00, run_after=2024-01-04T23:10:00+00:00
[2024-01-04T23:10:08.868+0000] {processor.py:175} INFO - Processing /home/airflow/.local/lib/python3.7/site-packages/airflow/example_dags/example_branch_python_dop_operator_3.py took 0.066 seconds
[2024-01-04T23:10:39.238+0000] {processor.py:153} INFO - Started process (PID=277) to work on /home/airflow/.local/lib/python3.7/site-packages/airflow/example_dags/example_branch_python_dop_operator_3.py
[2024-01-04T23:10:39.239+0000] {processor.py:743} INFO - Processing file /home/airflow/.local/lib/python3.7/site-packages/airflow/example_dags/example_branch_python_dop_operator_3.py for tasks to queue
[2024-01-04T23:10:39.240+0000] {logging_mixin.py:137} INFO - [2024-01-04T23:10:39.240+0000] {dagbag.py:538} INFO - Filling up the DagBag from /home/airflow/.local/lib/python3.7/site-packages/airflow/example_dags/example_branch_python_dop_operator_3.py
[2024-01-04T23:10:39.254+0000] {processor.py:753} INFO - DAG(s) dict_keys(['example_branch_dop_operator_v3']) retrieved from /home/airflow/.local/lib/python3.7/site-packages/airflow/example_dags/example_branch_python_dop_operator_3.py
[2024-01-04T23:10:39.273+0000] {logging_mixin.py:137} INFO - [2024-01-04T23:10:39.273+0000] {dag.py:2690} INFO - Sync 1 DAGs
[2024-01-04T23:10:39.290+0000] {logging_mixin.py:137} INFO - [2024-01-04T23:10:39.289+0000] {dag.py:3441} INFO - Setting next_dagrun for example_branch_dop_operator_v3 to 2024-01-04T23:09:00+00:00, run_after=2024-01-04T23:10:00+00:00
[2024-01-04T23:10:39.300+0000] {processor.py:175} INFO - Processing /home/airflow/.local/lib/python3.7/site-packages/airflow/example_dags/example_branch_python_dop_operator_3.py took 0.065 seconds
[2024-01-04T23:11:09.516+0000] {processor.py:153} INFO - Started process (PID=353) to work on /home/airflow/.local/lib/python3.7/site-packages/airflow/example_dags/example_branch_python_dop_operator_3.py
[2024-01-04T23:11:09.517+0000] {processor.py:743} INFO - Processing file /home/airflow/.local/lib/python3.7/site-packages/airflow/example_dags/example_branch_python_dop_operator_3.py for tasks to queue
[2024-01-04T23:11:09.518+0000] {logging_mixin.py:137} INFO - [2024-01-04T23:11:09.518+0000] {dagbag.py:538} INFO - Filling up the DagBag from /home/airflow/.local/lib/python3.7/site-packages/airflow/example_dags/example_branch_python_dop_operator_3.py
[2024-01-04T23:11:09.536+0000] {processor.py:753} INFO - DAG(s) dict_keys(['example_branch_dop_operator_v3']) retrieved from /home/airflow/.local/lib/python3.7/site-packages/airflow/example_dags/example_branch_python_dop_operator_3.py
[2024-01-04T23:11:09.556+0000] {logging_mixin.py:137} INFO - [2024-01-04T23:11:09.556+0000] {dag.py:2690} INFO - Sync 1 DAGs
[2024-01-04T23:11:09.573+0000] {logging_mixin.py:137} INFO - [2024-01-04T23:11:09.573+0000] {dag.py:3441} INFO - Setting next_dagrun for example_branch_dop_operator_v3 to 2024-01-04T23:10:00+00:00, run_after=2024-01-04T23:11:00+00:00
[2024-01-04T23:11:09.584+0000] {processor.py:175} INFO - Processing /home/airflow/.local/lib/python3.7/site-packages/airflow/example_dags/example_branch_python_dop_operator_3.py took 0.071 seconds
[2024-01-04T23:11:40.290+0000] {processor.py:153} INFO - Started process (PID=416) to work on /home/airflow/.local/lib/python3.7/site-packages/airflow/example_dags/example_branch_python_dop_operator_3.py
[2024-01-04T23:11:40.291+0000] {processor.py:743} INFO - Processing file /home/airflow/.local/lib/python3.7/site-packages/airflow/example_dags/example_branch_python_dop_operator_3.py for tasks to queue
[2024-01-04T23:11:40.301+0000] {logging_mixin.py:137} INFO - [2024-01-04T23:11:40.301+0000] {dagbag.py:538} INFO - Filling up the DagBag from /home/airflow/.local/lib/python3.7/site-packages/airflow/example_dags/example_branch_python_dop_operator_3.py
[2024-01-04T23:11:40.318+0000] {processor.py:753} INFO - DAG(s) dict_keys(['example_branch_dop_operator_v3']) retrieved from /home/airflow/.local/lib/python3.7/site-packages/airflow/example_dags/example_branch_python_dop_operator_3.py
[2024-01-04T23:11:40.338+0000] {logging_mixin.py:137} INFO - [2024-01-04T23:11:40.338+0000] {dag.py:2690} INFO - Sync 1 DAGs
[2024-01-04T23:11:40.357+0000] {logging_mixin.py:137} INFO - [2024-01-04T23:11:40.357+0000] {dag.py:3441} INFO - Setting next_dagrun for example_branch_dop_operator_v3 to 2024-01-04T23:10:00+00:00, run_after=2024-01-04T23:11:00+00:00
[2024-01-04T23:11:40.368+0000] {processor.py:175} INFO - Processing /home/airflow/.local/lib/python3.7/site-packages/airflow/example_dags/example_branch_python_dop_operator_3.py took 0.081 seconds
[2024-01-04T23:12:10.720+0000] {processor.py:153} INFO - Started process (PID=491) to work on /home/airflow/.local/lib/python3.7/site-packages/airflow/example_dags/example_branch_python_dop_operator_3.py
[2024-01-04T23:12:10.721+0000] {processor.py:743} INFO - Processing file /home/airflow/.local/lib/python3.7/site-packages/airflow/example_dags/example_branch_python_dop_operator_3.py for tasks to queue
[2024-01-04T23:12:10.722+0000] {logging_mixin.py:137} INFO - [2024-01-04T23:12:10.722+0000] {dagbag.py:538} INFO - Filling up the DagBag from /home/airflow/.local/lib/python3.7/site-packages/airflow/example_dags/example_branch_python_dop_operator_3.py
[2024-01-04T23:12:10.736+0000] {processor.py:753} INFO - DAG(s) dict_keys(['example_branch_dop_operator_v3']) retrieved from /home/airflow/.local/lib/python3.7/site-packages/airflow/example_dags/example_branch_python_dop_operator_3.py
[2024-01-04T23:12:10.754+0000] {logging_mixin.py:137} INFO - [2024-01-04T23:12:10.754+0000] {dag.py:2690} INFO - Sync 1 DAGs
[2024-01-04T23:12:10.772+0000] {logging_mixin.py:137} INFO - [2024-01-04T23:12:10.771+0000] {dag.py:3441} INFO - Setting next_dagrun for example_branch_dop_operator_v3 to 2024-01-04T23:11:00+00:00, run_after=2024-01-04T23:12:00+00:00
[2024-01-04T23:12:10.782+0000] {processor.py:175} INFO - Processing /home/airflow/.local/lib/python3.7/site-packages/airflow/example_dags/example_branch_python_dop_operator_3.py took 0.064 seconds
[2024-01-04T23:12:40.969+0000] {processor.py:153} INFO - Started process (PID=554) to work on /home/airflow/.local/lib/python3.7/site-packages/airflow/example_dags/example_branch_python_dop_operator_3.py
[2024-01-04T23:12:40.970+0000] {processor.py:743} INFO - Processing file /home/airflow/.local/lib/python3.7/site-packages/airflow/example_dags/example_branch_python_dop_operator_3.py for tasks to queue
[2024-01-04T23:12:40.971+0000] {logging_mixin.py:137} INFO - [2024-01-04T23:12:40.971+0000] {dagbag.py:538} INFO - Filling up the DagBag from /home/airflow/.local/lib/python3.7/site-packages/airflow/example_dags/example_branch_python_dop_operator_3.py
[2024-01-04T23:12:40.987+0000] {processor.py:753} INFO - DAG(s) dict_keys(['example_branch_dop_operator_v3']) retrieved from /home/airflow/.local/lib/python3.7/site-packages/airflow/example_dags/example_branch_python_dop_operator_3.py
[2024-01-04T23:12:41.007+0000] {logging_mixin.py:137} INFO - [2024-01-04T23:12:41.007+0000] {dag.py:2690} INFO - Sync 1 DAGs
[2024-01-04T23:12:41.025+0000] {logging_mixin.py:137} INFO - [2024-01-04T23:12:41.025+0000] {dag.py:3441} INFO - Setting next_dagrun for example_branch_dop_operator_v3 to 2024-01-04T23:11:00+00:00, run_after=2024-01-04T23:12:00+00:00
[2024-01-04T23:12:41.037+0000] {processor.py:175} INFO - Processing /home/airflow/.local/lib/python3.7/site-packages/airflow/example_dags/example_branch_python_dop_operator_3.py took 0.070 seconds
[2024-01-04T23:13:11.366+0000] {processor.py:153} INFO - Started process (PID=630) to work on /home/airflow/.local/lib/python3.7/site-packages/airflow/example_dags/example_branch_python_dop_operator_3.py
[2024-01-04T23:13:11.367+0000] {processor.py:743} INFO - Processing file /home/airflow/.local/lib/python3.7/site-packages/airflow/example_dags/example_branch_python_dop_operator_3.py for tasks to queue
[2024-01-04T23:13:11.368+0000] {logging_mixin.py:137} INFO - [2024-01-04T23:13:11.368+0000] {dagbag.py:538} INFO - Filling up the DagBag from /home/airflow/.local/lib/python3.7/site-packages/airflow/example_dags/example_branch_python_dop_operator_3.py
[2024-01-04T23:13:11.382+0000] {processor.py:753} INFO - DAG(s) dict_keys(['example_branch_dop_operator_v3']) retrieved from /home/airflow/.local/lib/python3.7/site-packages/airflow/example_dags/example_branch_python_dop_operator_3.py
[2024-01-04T23:13:11.400+0000] {logging_mixin.py:137} INFO - [2024-01-04T23:13:11.400+0000] {dag.py:2690} INFO - Sync 1 DAGs
[2024-01-04T23:13:11.417+0000] {logging_mixin.py:137} INFO - [2024-01-04T23:13:11.417+0000] {dag.py:3441} INFO - Setting next_dagrun for example_branch_dop_operator_v3 to 2024-01-04T23:12:00+00:00, run_after=2024-01-04T23:13:00+00:00
[2024-01-04T23:13:11.428+0000] {processor.py:175} INFO - Processing /home/airflow/.local/lib/python3.7/site-packages/airflow/example_dags/example_branch_python_dop_operator_3.py took 0.064 seconds
[2024-01-04T23:13:41.704+0000] {processor.py:153} INFO - Started process (PID=706) to work on /home/airflow/.local/lib/python3.7/site-packages/airflow/example_dags/example_branch_python_dop_operator_3.py
[2024-01-04T23:13:41.705+0000] {processor.py:743} INFO - Processing file /home/airflow/.local/lib/python3.7/site-packages/airflow/example_dags/example_branch_python_dop_operator_3.py for tasks to queue
[2024-01-04T23:13:41.706+0000] {logging_mixin.py:137} INFO - [2024-01-04T23:13:41.706+0000] {dagbag.py:538} INFO - Filling up the DagBag from /home/airflow/.local/lib/python3.7/site-packages/airflow/example_dags/example_branch_python_dop_operator_3.py
[2024-01-04T23:13:41.720+0000] {processor.py:753} INFO - DAG(s) dict_keys(['example_branch_dop_operator_v3']) retrieved from /home/airflow/.local/lib/python3.7/site-packages/airflow/example_dags/example_branch_python_dop_operator_3.py
[2024-01-04T23:13:41.738+0000] {logging_mixin.py:137} INFO - [2024-01-04T23:13:41.738+0000] {dag.py:2690} INFO - Sync 1 DAGs
[2024-01-04T23:13:41.756+0000] {logging_mixin.py:137} INFO - [2024-01-04T23:13:41.756+0000] {dag.py:3441} INFO - Setting next_dagrun for example_branch_dop_operator_v3 to 2024-01-04T23:12:00+00:00, run_after=2024-01-04T23:13:00+00:00
[2024-01-04T23:13:41.767+0000] {processor.py:175} INFO - Processing /home/airflow/.local/lib/python3.7/site-packages/airflow/example_dags/example_branch_python_dop_operator_3.py took 0.066 seconds
[2024-01-04T23:14:12.397+0000] {processor.py:153} INFO - Started process (PID=769) to work on /home/airflow/.local/lib/python3.7/site-packages/airflow/example_dags/example_branch_python_dop_operator_3.py
[2024-01-04T23:14:12.398+0000] {processor.py:743} INFO - Processing file /home/airflow/.local/lib/python3.7/site-packages/airflow/example_dags/example_branch_python_dop_operator_3.py for tasks to queue
[2024-01-04T23:14:12.398+0000] {logging_mixin.py:137} INFO - [2024-01-04T23:14:12.398+0000] {dagbag.py:538} INFO - Filling up the DagBag from /home/airflow/.local/lib/python3.7/site-packages/airflow/example_dags/example_branch_python_dop_operator_3.py
[2024-01-04T23:14:12.413+0000] {processor.py:753} INFO - DAG(s) dict_keys(['example_branch_dop_operator_v3']) retrieved from /home/airflow/.local/lib/python3.7/site-packages/airflow/example_dags/example_branch_python_dop_operator_3.py
[2024-01-04T23:14:12.432+0000] {logging_mixin.py:137} INFO - [2024-01-04T23:14:12.432+0000] {dag.py:2690} INFO - Sync 1 DAGs
[2024-01-04T23:14:12.449+0000] {logging_mixin.py:137} INFO - [2024-01-04T23:14:12.449+0000] {dag.py:3441} INFO - Setting next_dagrun for example_branch_dop_operator_v3 to 2024-01-04T23:13:00+00:00, run_after=2024-01-04T23:14:00+00:00
[2024-01-04T23:14:12.460+0000] {processor.py:175} INFO - Processing /home/airflow/.local/lib/python3.7/site-packages/airflow/example_dags/example_branch_python_dop_operator_3.py took 0.066 seconds
[2024-01-04T23:14:42.795+0000] {processor.py:153} INFO - Started process (PID=844) to work on /home/airflow/.local/lib/python3.7/site-packages/airflow/example_dags/example_branch_python_dop_operator_3.py
[2024-01-04T23:14:42.796+0000] {processor.py:743} INFO - Processing file /home/airflow/.local/lib/python3.7/site-packages/airflow/example_dags/example_branch_python_dop_operator_3.py for tasks to queue
[2024-01-04T23:14:42.796+0000] {logging_mixin.py:137} INFO - [2024-01-04T23:14:42.796+0000] {dagbag.py:538} INFO - Filling up the DagBag from /home/airflow/.local/lib/python3.7/site-packages/airflow/example_dags/example_branch_python_dop_operator_3.py
[2024-01-04T23:14:42.811+0000] {processor.py:753} INFO - DAG(s) dict_keys(['example_branch_dop_operator_v3']) retrieved from /home/airflow/.local/lib/python3.7/site-packages/airflow/example_dags/example_branch_python_dop_operator_3.py
[2024-01-04T23:14:42.828+0000] {logging_mixin.py:137} INFO - [2024-01-04T23:14:42.828+0000] {dag.py:2690} INFO - Sync 1 DAGs
[2024-01-04T23:14:42.845+0000] {logging_mixin.py:137} INFO - [2024-01-04T23:14:42.844+0000] {dag.py:3441} INFO - Setting next_dagrun for example_branch_dop_operator_v3 to 2024-01-04T23:13:00+00:00, run_after=2024-01-04T23:14:00+00:00
[2024-01-04T23:14:42.855+0000] {processor.py:175} INFO - Processing /home/airflow/.local/lib/python3.7/site-packages/airflow/example_dags/example_branch_python_dop_operator_3.py took 0.062 seconds
[2024-01-04T23:15:13.503+0000] {processor.py:153} INFO - Started process (PID=917) to work on /home/airflow/.local/lib/python3.7/site-packages/airflow/example_dags/example_branch_python_dop_operator_3.py
[2024-01-04T23:15:13.505+0000] {processor.py:743} INFO - Processing file /home/airflow/.local/lib/python3.7/site-packages/airflow/example_dags/example_branch_python_dop_operator_3.py for tasks to queue
[2024-01-04T23:15:13.506+0000] {logging_mixin.py:137} INFO - [2024-01-04T23:15:13.506+0000] {dagbag.py:538} INFO - Filling up the DagBag from /home/airflow/.local/lib/python3.7/site-packages/airflow/example_dags/example_branch_python_dop_operator_3.py
[2024-01-04T23:15:13.524+0000] {processor.py:753} INFO - DAG(s) dict_keys(['example_branch_dop_operator_v3']) retrieved from /home/airflow/.local/lib/python3.7/site-packages/airflow/example_dags/example_branch_python_dop_operator_3.py
[2024-01-04T23:15:13.550+0000] {logging_mixin.py:137} INFO - [2024-01-04T23:15:13.550+0000] {dag.py:2690} INFO - Sync 1 DAGs
[2024-01-04T23:15:13.571+0000] {logging_mixin.py:137} INFO - [2024-01-04T23:15:13.571+0000] {dag.py:3441} INFO - Setting next_dagrun for example_branch_dop_operator_v3 to 2024-01-04T23:14:00+00:00, run_after=2024-01-04T23:15:00+00:00
[2024-01-04T23:15:13.585+0000] {processor.py:175} INFO - Processing /home/airflow/.local/lib/python3.7/site-packages/airflow/example_dags/example_branch_python_dop_operator_3.py took 0.087 seconds
[2024-01-04T23:15:44.061+0000] {processor.py:153} INFO - Started process (PID=980) to work on /home/airflow/.local/lib/python3.7/site-packages/airflow/example_dags/example_branch_python_dop_operator_3.py
[2024-01-04T23:15:44.062+0000] {processor.py:743} INFO - Processing file /home/airflow/.local/lib/python3.7/site-packages/airflow/example_dags/example_branch_python_dop_operator_3.py for tasks to queue
[2024-01-04T23:15:44.064+0000] {logging_mixin.py:137} INFO - [2024-01-04T23:15:44.064+0000] {dagbag.py:538} INFO - Filling up the DagBag from /home/airflow/.local/lib/python3.7/site-packages/airflow/example_dags/example_branch_python_dop_operator_3.py
[2024-01-04T23:15:44.078+0000] {processor.py:753} INFO - DAG(s) dict_keys(['example_branch_dop_operator_v3']) retrieved from /home/airflow/.local/lib/python3.7/site-packages/airflow/example_dags/example_branch_python_dop_operator_3.py
[2024-01-04T23:15:44.096+0000] {logging_mixin.py:137} INFO - [2024-01-04T23:15:44.096+0000] {dag.py:2690} INFO - Sync 1 DAGs
[2024-01-04T23:15:44.114+0000] {logging_mixin.py:137} INFO - [2024-01-04T23:15:44.114+0000] {dag.py:3441} INFO - Setting next_dagrun for example_branch_dop_operator_v3 to 2024-01-04T23:14:00+00:00, run_after=2024-01-04T23:15:00+00:00
[2024-01-04T23:15:44.124+0000] {processor.py:175} INFO - Processing /home/airflow/.local/lib/python3.7/site-packages/airflow/example_dags/example_branch_python_dop_operator_3.py took 0.066 seconds
[2024-01-04T23:16:14.657+0000] {processor.py:153} INFO - Started process (PID=1054) to work on /home/airflow/.local/lib/python3.7/site-packages/airflow/example_dags/example_branch_python_dop_operator_3.py
[2024-01-04T23:16:14.658+0000] {processor.py:743} INFO - Processing file /home/airflow/.local/lib/python3.7/site-packages/airflow/example_dags/example_branch_python_dop_operator_3.py for tasks to queue
[2024-01-04T23:16:14.659+0000] {logging_mixin.py:137} INFO - [2024-01-04T23:16:14.659+0000] {dagbag.py:538} INFO - Filling up the DagBag from /home/airflow/.local/lib/python3.7/site-packages/airflow/example_dags/example_branch_python_dop_operator_3.py
[2024-01-04T23:16:14.674+0000] {processor.py:753} INFO - DAG(s) dict_keys(['example_branch_dop_operator_v3']) retrieved from /home/airflow/.local/lib/python3.7/site-packages/airflow/example_dags/example_branch_python_dop_operator_3.py
[2024-01-04T23:16:14.695+0000] {logging_mixin.py:137} INFO - [2024-01-04T23:16:14.694+0000] {dag.py:2690} INFO - Sync 1 DAGs
[2024-01-04T23:16:14.713+0000] {logging_mixin.py:137} INFO - [2024-01-04T23:16:14.712+0000] {dag.py:3441} INFO - Setting next_dagrun for example_branch_dop_operator_v3 to 2024-01-04T23:15:00+00:00, run_after=2024-01-04T23:16:00+00:00
[2024-01-04T23:16:14.723+0000] {processor.py:175} INFO - Processing /home/airflow/.local/lib/python3.7/site-packages/airflow/example_dags/example_branch_python_dop_operator_3.py took 0.070 seconds
[2024-01-04T23:16:45.081+0000] {processor.py:153} INFO - Started process (PID=1117) to work on /home/airflow/.local/lib/python3.7/site-packages/airflow/example_dags/example_branch_python_dop_operator_3.py
[2024-01-04T23:16:45.082+0000] {processor.py:743} INFO - Processing file /home/airflow/.local/lib/python3.7/site-packages/airflow/example_dags/example_branch_python_dop_operator_3.py for tasks to queue
[2024-01-04T23:16:45.083+0000] {logging_mixin.py:137} INFO - [2024-01-04T23:16:45.083+0000] {dagbag.py:538} INFO - Filling up the DagBag from /home/airflow/.local/lib/python3.7/site-packages/airflow/example_dags/example_branch_python_dop_operator_3.py
[2024-01-04T23:16:45.099+0000] {processor.py:753} INFO - DAG(s) dict_keys(['example_branch_dop_operator_v3']) retrieved from /home/airflow/.local/lib/python3.7/site-packages/airflow/example_dags/example_branch_python_dop_operator_3.py
[2024-01-04T23:16:45.118+0000] {logging_mixin.py:137} INFO - [2024-01-04T23:16:45.118+0000] {dag.py:2690} INFO - Sync 1 DAGs
[2024-01-04T23:16:45.135+0000] {logging_mixin.py:137} INFO - [2024-01-04T23:16:45.135+0000] {dag.py:3441} INFO - Setting next_dagrun for example_branch_dop_operator_v3 to 2024-01-04T23:15:00+00:00, run_after=2024-01-04T23:16:00+00:00
[2024-01-04T23:16:45.146+0000] {processor.py:175} INFO - Processing /home/airflow/.local/lib/python3.7/site-packages/airflow/example_dags/example_branch_python_dop_operator_3.py took 0.067 seconds
[2024-01-04T23:17:15.815+0000] {processor.py:153} INFO - Started process (PID=1193) to work on /home/airflow/.local/lib/python3.7/site-packages/airflow/example_dags/example_branch_python_dop_operator_3.py
[2024-01-04T23:17:15.817+0000] {processor.py:743} INFO - Processing file /home/airflow/.local/lib/python3.7/site-packages/airflow/example_dags/example_branch_python_dop_operator_3.py for tasks to queue
[2024-01-04T23:17:15.818+0000] {logging_mixin.py:137} INFO - [2024-01-04T23:17:15.817+0000] {dagbag.py:538} INFO - Filling up the DagBag from /home/airflow/.local/lib/python3.7/site-packages/airflow/example_dags/example_branch_python_dop_operator_3.py
[2024-01-04T23:17:15.840+0000] {processor.py:753} INFO - DAG(s) dict_keys(['example_branch_dop_operator_v3']) retrieved from /home/airflow/.local/lib/python3.7/site-packages/airflow/example_dags/example_branch_python_dop_operator_3.py
[2024-01-04T23:17:15.864+0000] {logging_mixin.py:137} INFO - [2024-01-04T23:17:15.864+0000] {dag.py:2690} INFO - Sync 1 DAGs
[2024-01-04T23:17:15.881+0000] {logging_mixin.py:137} INFO - [2024-01-04T23:17:15.881+0000] {dag.py:3441} INFO - Setting next_dagrun for example_branch_dop_operator_v3 to 2024-01-04T23:16:00+00:00, run_after=2024-01-04T23:17:00+00:00
[2024-01-04T23:17:15.892+0000] {processor.py:175} INFO - Processing /home/airflow/.local/lib/python3.7/site-packages/airflow/example_dags/example_branch_python_dop_operator_3.py took 0.080 seconds
[2024-01-04T23:17:46.662+0000] {processor.py:153} INFO - Started process (PID=1263) to work on /home/airflow/.local/lib/python3.7/site-packages/airflow/example_dags/example_branch_python_dop_operator_3.py
[2024-01-04T23:17:46.670+0000] {processor.py:743} INFO - Processing file /home/airflow/.local/lib/python3.7/site-packages/airflow/example_dags/example_branch_python_dop_operator_3.py for tasks to queue
[2024-01-04T23:17:46.674+0000] {logging_mixin.py:137} INFO - [2024-01-04T23:17:46.674+0000] {dagbag.py:538} INFO - Filling up the DagBag from /home/airflow/.local/lib/python3.7/site-packages/airflow/example_dags/example_branch_python_dop_operator_3.py
[2024-01-04T23:17:46.706+0000] {processor.py:753} INFO - DAG(s) dict_keys(['example_branch_dop_operator_v3']) retrieved from /home/airflow/.local/lib/python3.7/site-packages/airflow/example_dags/example_branch_python_dop_operator_3.py
[2024-01-04T23:17:46.734+0000] {logging_mixin.py:137} INFO - [2024-01-04T23:17:46.734+0000] {dag.py:2690} INFO - Sync 1 DAGs
[2024-01-04T23:17:46.759+0000] {logging_mixin.py:137} INFO - [2024-01-04T23:17:46.759+0000] {dag.py:3441} INFO - Setting next_dagrun for example_branch_dop_operator_v3 to 2024-01-04T23:16:00+00:00, run_after=2024-01-04T23:17:00+00:00
[2024-01-04T23:17:46.773+0000] {processor.py:175} INFO - Processing /home/airflow/.local/lib/python3.7/site-packages/airflow/example_dags/example_branch_python_dop_operator_3.py took 0.124 seconds
[2024-01-04T23:18:17.115+0000] {processor.py:153} INFO - Started process (PID=1331) to work on /home/airflow/.local/lib/python3.7/site-packages/airflow/example_dags/example_branch_python_dop_operator_3.py
[2024-01-04T23:18:17.116+0000] {processor.py:743} INFO - Processing file /home/airflow/.local/lib/python3.7/site-packages/airflow/example_dags/example_branch_python_dop_operator_3.py for tasks to queue
[2024-01-04T23:18:17.117+0000] {logging_mixin.py:137} INFO - [2024-01-04T23:18:17.116+0000] {dagbag.py:538} INFO - Filling up the DagBag from /home/airflow/.local/lib/python3.7/site-packages/airflow/example_dags/example_branch_python_dop_operator_3.py
[2024-01-04T23:18:17.131+0000] {processor.py:753} INFO - DAG(s) dict_keys(['example_branch_dop_operator_v3']) retrieved from /home/airflow/.local/lib/python3.7/site-packages/airflow/example_dags/example_branch_python_dop_operator_3.py
[2024-01-04T23:18:17.151+0000] {logging_mixin.py:137} INFO - [2024-01-04T23:18:17.151+0000] {dag.py:2690} INFO - Sync 1 DAGs
[2024-01-04T23:18:17.168+0000] {logging_mixin.py:137} INFO - [2024-01-04T23:18:17.168+0000] {dag.py:3441} INFO - Setting next_dagrun for example_branch_dop_operator_v3 to 2024-01-04T23:17:00+00:00, run_after=2024-01-04T23:18:00+00:00
[2024-01-04T23:18:17.179+0000] {processor.py:175} INFO - Processing /home/airflow/.local/lib/python3.7/site-packages/airflow/example_dags/example_branch_python_dop_operator_3.py took 0.067 seconds
[2024-01-04T23:18:47.280+0000] {processor.py:153} INFO - Started process (PID=1404) to work on /home/airflow/.local/lib/python3.7/site-packages/airflow/example_dags/example_branch_python_dop_operator_3.py
[2024-01-04T23:18:47.282+0000] {processor.py:743} INFO - Processing file /home/airflow/.local/lib/python3.7/site-packages/airflow/example_dags/example_branch_python_dop_operator_3.py for tasks to queue
[2024-01-04T23:18:47.284+0000] {logging_mixin.py:137} INFO - [2024-01-04T23:18:47.284+0000] {dagbag.py:538} INFO - Filling up the DagBag from /home/airflow/.local/lib/python3.7/site-packages/airflow/example_dags/example_branch_python_dop_operator_3.py
[2024-01-04T23:18:47.316+0000] {processor.py:753} INFO - DAG(s) dict_keys(['example_branch_dop_operator_v3']) retrieved from /home/airflow/.local/lib/python3.7/site-packages/airflow/example_dags/example_branch_python_dop_operator_3.py
[2024-01-04T23:18:47.366+0000] {logging_mixin.py:137} INFO - [2024-01-04T23:18:47.366+0000] {dag.py:2690} INFO - Sync 1 DAGs
[2024-01-04T23:18:47.437+0000] {logging_mixin.py:137} INFO - [2024-01-04T23:18:47.437+0000] {dag.py:3441} INFO - Setting next_dagrun for example_branch_dop_operator_v3 to 2024-01-04T23:17:00+00:00, run_after=2024-01-04T23:18:00+00:00
[2024-01-04T23:18:47.483+0000] {processor.py:175} INFO - Processing /home/airflow/.local/lib/python3.7/site-packages/airflow/example_dags/example_branch_python_dop_operator_3.py took 0.207 seconds
[2024-01-04T23:19:17.788+0000] {processor.py:153} INFO - Started process (PID=1472) to work on /home/airflow/.local/lib/python3.7/site-packages/airflow/example_dags/example_branch_python_dop_operator_3.py
[2024-01-04T23:19:17.789+0000] {processor.py:743} INFO - Processing file /home/airflow/.local/lib/python3.7/site-packages/airflow/example_dags/example_branch_python_dop_operator_3.py for tasks to queue
[2024-01-04T23:19:17.790+0000] {logging_mixin.py:137} INFO - [2024-01-04T23:19:17.790+0000] {dagbag.py:538} INFO - Filling up the DagBag from /home/airflow/.local/lib/python3.7/site-packages/airflow/example_dags/example_branch_python_dop_operator_3.py
[2024-01-04T23:19:17.808+0000] {processor.py:753} INFO - DAG(s) dict_keys(['example_branch_dop_operator_v3']) retrieved from /home/airflow/.local/lib/python3.7/site-packages/airflow/example_dags/example_branch_python_dop_operator_3.py
[2024-01-04T23:19:17.830+0000] {logging_mixin.py:137} INFO - [2024-01-04T23:19:17.830+0000] {dag.py:2690} INFO - Sync 1 DAGs
[2024-01-04T23:19:17.851+0000] {logging_mixin.py:137} INFO - [2024-01-04T23:19:17.851+0000] {dag.py:3441} INFO - Setting next_dagrun for example_branch_dop_operator_v3 to 2024-01-04T23:18:00+00:00, run_after=2024-01-04T23:19:00+00:00
[2024-01-04T23:19:17.860+0000] {processor.py:175} INFO - Processing /home/airflow/.local/lib/python3.7/site-packages/airflow/example_dags/example_branch_python_dop_operator_3.py took 0.075 seconds
[2024-01-04T23:19:48.542+0000] {processor.py:153} INFO - Started process (PID=1548) to work on /home/airflow/.local/lib/python3.7/site-packages/airflow/example_dags/example_branch_python_dop_operator_3.py
[2024-01-04T23:19:48.543+0000] {processor.py:743} INFO - Processing file /home/airflow/.local/lib/python3.7/site-packages/airflow/example_dags/example_branch_python_dop_operator_3.py for tasks to queue
[2024-01-04T23:19:48.544+0000] {logging_mixin.py:137} INFO - [2024-01-04T23:19:48.544+0000] {dagbag.py:538} INFO - Filling up the DagBag from /home/airflow/.local/lib/python3.7/site-packages/airflow/example_dags/example_branch_python_dop_operator_3.py
[2024-01-04T23:19:48.560+0000] {processor.py:753} INFO - DAG(s) dict_keys(['example_branch_dop_operator_v3']) retrieved from /home/airflow/.local/lib/python3.7/site-packages/airflow/example_dags/example_branch_python_dop_operator_3.py
[2024-01-04T23:19:48.581+0000] {logging_mixin.py:137} INFO - [2024-01-04T23:19:48.581+0000] {dag.py:2690} INFO - Sync 1 DAGs
[2024-01-04T23:19:48.602+0000] {logging_mixin.py:137} INFO - [2024-01-04T23:19:48.602+0000] {dag.py:3441} INFO - Setting next_dagrun for example_branch_dop_operator_v3 to 2024-01-04T23:18:00+00:00, run_after=2024-01-04T23:19:00+00:00
[2024-01-04T23:19:48.717+0000] {processor.py:175} INFO - Processing /home/airflow/.local/lib/python3.7/site-packages/airflow/example_dags/example_branch_python_dop_operator_3.py took 0.178 seconds
[2024-01-04T23:20:19.370+0000] {processor.py:153} INFO - Started process (PID=1611) to work on /home/airflow/.local/lib/python3.7/site-packages/airflow/example_dags/example_branch_python_dop_operator_3.py
[2024-01-04T23:20:19.372+0000] {processor.py:743} INFO - Processing file /home/airflow/.local/lib/python3.7/site-packages/airflow/example_dags/example_branch_python_dop_operator_3.py for tasks to queue
[2024-01-04T23:20:19.372+0000] {logging_mixin.py:137} INFO - [2024-01-04T23:20:19.372+0000] {dagbag.py:538} INFO - Filling up the DagBag from /home/airflow/.local/lib/python3.7/site-packages/airflow/example_dags/example_branch_python_dop_operator_3.py
[2024-01-04T23:20:19.391+0000] {processor.py:753} INFO - DAG(s) dict_keys(['example_branch_dop_operator_v3']) retrieved from /home/airflow/.local/lib/python3.7/site-packages/airflow/example_dags/example_branch_python_dop_operator_3.py
[2024-01-04T23:20:19.423+0000] {logging_mixin.py:137} INFO - [2024-01-04T23:20:19.423+0000] {dag.py:2690} INFO - Sync 1 DAGs
[2024-01-04T23:20:19.443+0000] {logging_mixin.py:137} INFO - [2024-01-04T23:20:19.443+0000] {dag.py:3441} INFO - Setting next_dagrun for example_branch_dop_operator_v3 to 2024-01-04T23:19:00+00:00, run_after=2024-01-04T23:20:00+00:00
[2024-01-04T23:20:19.454+0000] {processor.py:175} INFO - Processing /home/airflow/.local/lib/python3.7/site-packages/airflow/example_dags/example_branch_python_dop_operator_3.py took 0.088 seconds
[2024-01-04T23:20:49.819+0000] {processor.py:153} INFO - Started process (PID=1686) to work on /home/airflow/.local/lib/python3.7/site-packages/airflow/example_dags/example_branch_python_dop_operator_3.py
[2024-01-04T23:20:49.821+0000] {processor.py:743} INFO - Processing file /home/airflow/.local/lib/python3.7/site-packages/airflow/example_dags/example_branch_python_dop_operator_3.py for tasks to queue
[2024-01-04T23:20:49.822+0000] {logging_mixin.py:137} INFO - [2024-01-04T23:20:49.822+0000] {dagbag.py:538} INFO - Filling up the DagBag from /home/airflow/.local/lib/python3.7/site-packages/airflow/example_dags/example_branch_python_dop_operator_3.py
[2024-01-04T23:20:49.838+0000] {processor.py:753} INFO - DAG(s) dict_keys(['example_branch_dop_operator_v3']) retrieved from /home/airflow/.local/lib/python3.7/site-packages/airflow/example_dags/example_branch_python_dop_operator_3.py
[2024-01-04T23:20:49.857+0000] {logging_mixin.py:137} INFO - [2024-01-04T23:20:49.857+0000] {dag.py:2690} INFO - Sync 1 DAGs
[2024-01-04T23:20:49.877+0000] {logging_mixin.py:137} INFO - [2024-01-04T23:20:49.877+0000] {dag.py:3441} INFO - Setting next_dagrun for example_branch_dop_operator_v3 to 2024-01-04T23:19:00+00:00, run_after=2024-01-04T23:20:00+00:00
[2024-01-04T23:20:49.887+0000] {processor.py:175} INFO - Processing /home/airflow/.local/lib/python3.7/site-packages/airflow/example_dags/example_branch_python_dop_operator_3.py took 0.070 seconds
[2024-01-04T23:21:20.023+0000] {processor.py:153} INFO - Started process (PID=1749) to work on /home/airflow/.local/lib/python3.7/site-packages/airflow/example_dags/example_branch_python_dop_operator_3.py
[2024-01-04T23:21:20.024+0000] {processor.py:743} INFO - Processing file /home/airflow/.local/lib/python3.7/site-packages/airflow/example_dags/example_branch_python_dop_operator_3.py for tasks to queue
[2024-01-04T23:21:20.025+0000] {logging_mixin.py:137} INFO - [2024-01-04T23:21:20.025+0000] {dagbag.py:538} INFO - Filling up the DagBag from /home/airflow/.local/lib/python3.7/site-packages/airflow/example_dags/example_branch_python_dop_operator_3.py
[2024-01-04T23:21:20.043+0000] {processor.py:753} INFO - DAG(s) dict_keys(['example_branch_dop_operator_v3']) retrieved from /home/airflow/.local/lib/python3.7/site-packages/airflow/example_dags/example_branch_python_dop_operator_3.py
[2024-01-04T23:21:20.064+0000] {logging_mixin.py:137} INFO - [2024-01-04T23:21:20.064+0000] {dag.py:2690} INFO - Sync 1 DAGs
[2024-01-04T23:21:20.082+0000] {logging_mixin.py:137} INFO - [2024-01-04T23:21:20.082+0000] {dag.py:3441} INFO - Setting next_dagrun for example_branch_dop_operator_v3 to 2024-01-04T23:20:00+00:00, run_after=2024-01-04T23:21:00+00:00
[2024-01-04T23:21:20.092+0000] {processor.py:175} INFO - Processing /home/airflow/.local/lib/python3.7/site-packages/airflow/example_dags/example_branch_python_dop_operator_3.py took 0.072 seconds
[2024-01-04T23:21:51.141+0000] {processor.py:153} INFO - Started process (PID=1824) to work on /home/airflow/.local/lib/python3.7/site-packages/airflow/example_dags/example_branch_python_dop_operator_3.py
[2024-01-04T23:21:51.143+0000] {processor.py:743} INFO - Processing file /home/airflow/.local/lib/python3.7/site-packages/airflow/example_dags/example_branch_python_dop_operator_3.py for tasks to queue
[2024-01-04T23:21:51.144+0000] {logging_mixin.py:137} INFO - [2024-01-04T23:21:51.144+0000] {dagbag.py:538} INFO - Filling up the DagBag from /home/airflow/.local/lib/python3.7/site-packages/airflow/example_dags/example_branch_python_dop_operator_3.py
[2024-01-04T23:21:51.160+0000] {processor.py:753} INFO - DAG(s) dict_keys(['example_branch_dop_operator_v3']) retrieved from /home/airflow/.local/lib/python3.7/site-packages/airflow/example_dags/example_branch_python_dop_operator_3.py
[2024-01-04T23:21:51.184+0000] {logging_mixin.py:137} INFO - [2024-01-04T23:21:51.184+0000] {dag.py:2690} INFO - Sync 1 DAGs
[2024-01-04T23:21:51.203+0000] {logging_mixin.py:137} INFO - [2024-01-04T23:21:51.203+0000] {dag.py:3441} INFO - Setting next_dagrun for example_branch_dop_operator_v3 to 2024-01-04T23:20:00+00:00, run_after=2024-01-04T23:21:00+00:00
[2024-01-04T23:21:51.215+0000] {processor.py:175} INFO - Processing /home/airflow/.local/lib/python3.7/site-packages/airflow/example_dags/example_branch_python_dop_operator_3.py took 0.080 seconds
[2024-01-04T23:22:21.928+0000] {processor.py:153} INFO - Started process (PID=1899) to work on /home/airflow/.local/lib/python3.7/site-packages/airflow/example_dags/example_branch_python_dop_operator_3.py
[2024-01-04T23:22:21.930+0000] {processor.py:743} INFO - Processing file /home/airflow/.local/lib/python3.7/site-packages/airflow/example_dags/example_branch_python_dop_operator_3.py for tasks to queue
[2024-01-04T23:22:21.936+0000] {logging_mixin.py:137} INFO - [2024-01-04T23:22:21.932+0000] {dagbag.py:538} INFO - Filling up the DagBag from /home/airflow/.local/lib/python3.7/site-packages/airflow/example_dags/example_branch_python_dop_operator_3.py
[2024-01-04T23:22:21.965+0000] {processor.py:753} INFO - DAG(s) dict_keys(['example_branch_dop_operator_v3']) retrieved from /home/airflow/.local/lib/python3.7/site-packages/airflow/example_dags/example_branch_python_dop_operator_3.py
[2024-01-04T23:22:21.996+0000] {logging_mixin.py:137} INFO - [2024-01-04T23:22:21.996+0000] {dag.py:2690} INFO - Sync 1 DAGs
[2024-01-04T23:22:22.027+0000] {logging_mixin.py:137} INFO - [2024-01-04T23:22:22.027+0000] {dag.py:3441} INFO - Setting next_dagrun for example_branch_dop_operator_v3 to 2024-01-04T23:21:00+00:00, run_after=2024-01-04T23:22:00+00:00
[2024-01-04T23:22:22.042+0000] {processor.py:175} INFO - Processing /home/airflow/.local/lib/python3.7/site-packages/airflow/example_dags/example_branch_python_dop_operator_3.py took 0.123 seconds
[2024-01-04T23:22:52.744+0000] {processor.py:153} INFO - Started process (PID=1962) to work on /home/airflow/.local/lib/python3.7/site-packages/airflow/example_dags/example_branch_python_dop_operator_3.py
[2024-01-04T23:22:52.745+0000] {processor.py:743} INFO - Processing file /home/airflow/.local/lib/python3.7/site-packages/airflow/example_dags/example_branch_python_dop_operator_3.py for tasks to queue
[2024-01-04T23:22:52.746+0000] {logging_mixin.py:137} INFO - [2024-01-04T23:22:52.746+0000] {dagbag.py:538} INFO - Filling up the DagBag from /home/airflow/.local/lib/python3.7/site-packages/airflow/example_dags/example_branch_python_dop_operator_3.py
[2024-01-04T23:22:52.761+0000] {processor.py:753} INFO - DAG(s) dict_keys(['example_branch_dop_operator_v3']) retrieved from /home/airflow/.local/lib/python3.7/site-packages/airflow/example_dags/example_branch_python_dop_operator_3.py
[2024-01-04T23:22:52.779+0000] {logging_mixin.py:137} INFO - [2024-01-04T23:22:52.779+0000] {dag.py:2690} INFO - Sync 1 DAGs
[2024-01-04T23:22:52.796+0000] {logging_mixin.py:137} INFO - [2024-01-04T23:22:52.796+0000] {dag.py:3441} INFO - Setting next_dagrun for example_branch_dop_operator_v3 to 2024-01-04T23:21:00+00:00, run_after=2024-01-04T23:22:00+00:00
[2024-01-04T23:22:52.807+0000] {processor.py:175} INFO - Processing /home/airflow/.local/lib/python3.7/site-packages/airflow/example_dags/example_branch_python_dop_operator_3.py took 0.065 seconds
[2024-01-04T23:23:23.464+0000] {processor.py:153} INFO - Started process (PID=2039) to work on /home/airflow/.local/lib/python3.7/site-packages/airflow/example_dags/example_branch_python_dop_operator_3.py
[2024-01-04T23:23:23.465+0000] {processor.py:743} INFO - Processing file /home/airflow/.local/lib/python3.7/site-packages/airflow/example_dags/example_branch_python_dop_operator_3.py for tasks to queue
[2024-01-04T23:23:23.466+0000] {logging_mixin.py:137} INFO - [2024-01-04T23:23:23.466+0000] {dagbag.py:538} INFO - Filling up the DagBag from /home/airflow/.local/lib/python3.7/site-packages/airflow/example_dags/example_branch_python_dop_operator_3.py
[2024-01-04T23:23:23.485+0000] {processor.py:753} INFO - DAG(s) dict_keys(['example_branch_dop_operator_v3']) retrieved from /home/airflow/.local/lib/python3.7/site-packages/airflow/example_dags/example_branch_python_dop_operator_3.py
[2024-01-04T23:23:23.512+0000] {logging_mixin.py:137} INFO - [2024-01-04T23:23:23.512+0000] {dag.py:2690} INFO - Sync 1 DAGs
[2024-01-04T23:23:23.533+0000] {logging_mixin.py:137} INFO - [2024-01-04T23:23:23.533+0000] {dag.py:3441} INFO - Setting next_dagrun for example_branch_dop_operator_v3 to 2024-01-04T23:22:00+00:00, run_after=2024-01-04T23:23:00+00:00
[2024-01-04T23:23:23.546+0000] {processor.py:175} INFO - Processing /home/airflow/.local/lib/python3.7/site-packages/airflow/example_dags/example_branch_python_dop_operator_3.py took 0.085 seconds
[2024-01-04T23:23:53.899+0000] {processor.py:153} INFO - Started process (PID=2103) to work on /home/airflow/.local/lib/python3.7/site-packages/airflow/example_dags/example_branch_python_dop_operator_3.py
[2024-01-04T23:23:53.901+0000] {processor.py:743} INFO - Processing file /home/airflow/.local/lib/python3.7/site-packages/airflow/example_dags/example_branch_python_dop_operator_3.py for tasks to queue
[2024-01-04T23:23:53.901+0000] {logging_mixin.py:137} INFO - [2024-01-04T23:23:53.901+0000] {dagbag.py:538} INFO - Filling up the DagBag from /home/airflow/.local/lib/python3.7/site-packages/airflow/example_dags/example_branch_python_dop_operator_3.py
[2024-01-04T23:23:53.917+0000] {processor.py:753} INFO - DAG(s) dict_keys(['example_branch_dop_operator_v3']) retrieved from /home/airflow/.local/lib/python3.7/site-packages/airflow/example_dags/example_branch_python_dop_operator_3.py
[2024-01-04T23:23:53.937+0000] {logging_mixin.py:137} INFO - [2024-01-04T23:23:53.937+0000] {dag.py:2690} INFO - Sync 1 DAGs
[2024-01-04T23:23:53.955+0000] {logging_mixin.py:137} INFO - [2024-01-04T23:23:53.955+0000] {dag.py:3441} INFO - Setting next_dagrun for example_branch_dop_operator_v3 to 2024-01-04T23:22:00+00:00, run_after=2024-01-04T23:23:00+00:00
[2024-01-04T23:23:53.966+0000] {processor.py:175} INFO - Processing /home/airflow/.local/lib/python3.7/site-packages/airflow/example_dags/example_branch_python_dop_operator_3.py took 0.070 seconds
[2024-01-04T23:24:24.072+0000] {processor.py:153} INFO - Started process (PID=2178) to work on /home/airflow/.local/lib/python3.7/site-packages/airflow/example_dags/example_branch_python_dop_operator_3.py
[2024-01-04T23:24:24.073+0000] {processor.py:743} INFO - Processing file /home/airflow/.local/lib/python3.7/site-packages/airflow/example_dags/example_branch_python_dop_operator_3.py for tasks to queue
[2024-01-04T23:24:24.074+0000] {logging_mixin.py:137} INFO - [2024-01-04T23:24:24.074+0000] {dagbag.py:538} INFO - Filling up the DagBag from /home/airflow/.local/lib/python3.7/site-packages/airflow/example_dags/example_branch_python_dop_operator_3.py
[2024-01-04T23:24:24.090+0000] {processor.py:753} INFO - DAG(s) dict_keys(['example_branch_dop_operator_v3']) retrieved from /home/airflow/.local/lib/python3.7/site-packages/airflow/example_dags/example_branch_python_dop_operator_3.py
[2024-01-04T23:24:24.110+0000] {logging_mixin.py:137} INFO - [2024-01-04T23:24:24.110+0000] {dag.py:2690} INFO - Sync 1 DAGs
[2024-01-04T23:24:24.131+0000] {logging_mixin.py:137} INFO - [2024-01-04T23:24:24.131+0000] {dag.py:3441} INFO - Setting next_dagrun for example_branch_dop_operator_v3 to 2024-01-04T23:23:00+00:00, run_after=2024-01-04T23:24:00+00:00
[2024-01-04T23:24:24.141+0000] {processor.py:175} INFO - Processing /home/airflow/.local/lib/python3.7/site-packages/airflow/example_dags/example_branch_python_dop_operator_3.py took 0.072 seconds
[2024-01-04T23:24:55.363+0000] {processor.py:153} INFO - Started process (PID=2253) to work on /home/airflow/.local/lib/python3.7/site-packages/airflow/example_dags/example_branch_python_dop_operator_3.py
[2024-01-04T23:24:55.364+0000] {processor.py:743} INFO - Processing file /home/airflow/.local/lib/python3.7/site-packages/airflow/example_dags/example_branch_python_dop_operator_3.py for tasks to queue
[2024-01-04T23:24:55.366+0000] {logging_mixin.py:137} INFO - [2024-01-04T23:24:55.366+0000] {dagbag.py:538} INFO - Filling up the DagBag from /home/airflow/.local/lib/python3.7/site-packages/airflow/example_dags/example_branch_python_dop_operator_3.py
[2024-01-04T23:24:55.385+0000] {processor.py:753} INFO - DAG(s) dict_keys(['example_branch_dop_operator_v3']) retrieved from /home/airflow/.local/lib/python3.7/site-packages/airflow/example_dags/example_branch_python_dop_operator_3.py
[2024-01-04T23:24:55.418+0000] {logging_mixin.py:137} INFO - [2024-01-04T23:24:55.418+0000] {dag.py:2690} INFO - Sync 1 DAGs
[2024-01-04T23:24:55.448+0000] {logging_mixin.py:137} INFO - [2024-01-04T23:24:55.448+0000] {dag.py:3441} INFO - Setting next_dagrun for example_branch_dop_operator_v3 to 2024-01-04T23:23:00+00:00, run_after=2024-01-04T23:24:00+00:00
[2024-01-04T23:24:55.466+0000] {processor.py:175} INFO - Processing /home/airflow/.local/lib/python3.7/site-packages/airflow/example_dags/example_branch_python_dop_operator_3.py took 0.107 seconds
[2024-01-04T23:25:25.543+0000] {processor.py:153} INFO - Started process (PID=2317) to work on /home/airflow/.local/lib/python3.7/site-packages/airflow/example_dags/example_branch_python_dop_operator_3.py
[2024-01-04T23:25:25.544+0000] {processor.py:743} INFO - Processing file /home/airflow/.local/lib/python3.7/site-packages/airflow/example_dags/example_branch_python_dop_operator_3.py for tasks to queue
[2024-01-04T23:25:25.545+0000] {logging_mixin.py:137} INFO - [2024-01-04T23:25:25.545+0000] {dagbag.py:538} INFO - Filling up the DagBag from /home/airflow/.local/lib/python3.7/site-packages/airflow/example_dags/example_branch_python_dop_operator_3.py
[2024-01-04T23:25:25.560+0000] {processor.py:753} INFO - DAG(s) dict_keys(['example_branch_dop_operator_v3']) retrieved from /home/airflow/.local/lib/python3.7/site-packages/airflow/example_dags/example_branch_python_dop_operator_3.py
[2024-01-04T23:25:25.579+0000] {logging_mixin.py:137} INFO - [2024-01-04T23:25:25.579+0000] {dag.py:2690} INFO - Sync 1 DAGs
[2024-01-04T23:25:25.596+0000] {logging_mixin.py:137} INFO - [2024-01-04T23:25:25.596+0000] {dag.py:3441} INFO - Setting next_dagrun for example_branch_dop_operator_v3 to 2024-01-04T23:24:00+00:00, run_after=2024-01-04T23:25:00+00:00
[2024-01-04T23:25:25.607+0000] {processor.py:175} INFO - Processing /home/airflow/.local/lib/python3.7/site-packages/airflow/example_dags/example_branch_python_dop_operator_3.py took 0.067 seconds
[2024-01-04T23:25:56.732+0000] {processor.py:153} INFO - Started process (PID=2392) to work on /home/airflow/.local/lib/python3.7/site-packages/airflow/example_dags/example_branch_python_dop_operator_3.py
[2024-01-04T23:25:56.733+0000] {processor.py:743} INFO - Processing file /home/airflow/.local/lib/python3.7/site-packages/airflow/example_dags/example_branch_python_dop_operator_3.py for tasks to queue
[2024-01-04T23:25:56.734+0000] {logging_mixin.py:137} INFO - [2024-01-04T23:25:56.734+0000] {dagbag.py:538} INFO - Filling up the DagBag from /home/airflow/.local/lib/python3.7/site-packages/airflow/example_dags/example_branch_python_dop_operator_3.py
[2024-01-04T23:25:56.750+0000] {processor.py:753} INFO - DAG(s) dict_keys(['example_branch_dop_operator_v3']) retrieved from /home/airflow/.local/lib/python3.7/site-packages/airflow/example_dags/example_branch_python_dop_operator_3.py
[2024-01-04T23:25:56.770+0000] {logging_mixin.py:137} INFO - [2024-01-04T23:25:56.770+0000] {dag.py:2690} INFO - Sync 1 DAGs
[2024-01-04T23:25:56.789+0000] {logging_mixin.py:137} INFO - [2024-01-04T23:25:56.789+0000] {dag.py:3441} INFO - Setting next_dagrun for example_branch_dop_operator_v3 to 2024-01-04T23:24:00+00:00, run_after=2024-01-04T23:25:00+00:00
[2024-01-04T23:25:56.798+0000] {processor.py:175} INFO - Processing /home/airflow/.local/lib/python3.7/site-packages/airflow/example_dags/example_branch_python_dop_operator_3.py took 0.069 seconds
[2024-01-04T23:26:27.525+0000] {processor.py:153} INFO - Started process (PID=2454) to work on /home/airflow/.local/lib/python3.7/site-packages/airflow/example_dags/example_branch_python_dop_operator_3.py
[2024-01-04T23:26:27.526+0000] {processor.py:743} INFO - Processing file /home/airflow/.local/lib/python3.7/site-packages/airflow/example_dags/example_branch_python_dop_operator_3.py for tasks to queue
[2024-01-04T23:26:27.527+0000] {logging_mixin.py:137} INFO - [2024-01-04T23:26:27.527+0000] {dagbag.py:538} INFO - Filling up the DagBag from /home/airflow/.local/lib/python3.7/site-packages/airflow/example_dags/example_branch_python_dop_operator_3.py
[2024-01-04T23:26:27.543+0000] {processor.py:753} INFO - DAG(s) dict_keys(['example_branch_dop_operator_v3']) retrieved from /home/airflow/.local/lib/python3.7/site-packages/airflow/example_dags/example_branch_python_dop_operator_3.py
[2024-01-04T23:26:27.563+0000] {logging_mixin.py:137} INFO - [2024-01-04T23:26:27.563+0000] {dag.py:2690} INFO - Sync 1 DAGs
[2024-01-04T23:26:27.582+0000] {logging_mixin.py:137} INFO - [2024-01-04T23:26:27.582+0000] {dag.py:3441} INFO - Setting next_dagrun for example_branch_dop_operator_v3 to 2024-01-04T23:25:00+00:00, run_after=2024-01-04T23:26:00+00:00
[2024-01-04T23:26:27.594+0000] {processor.py:175} INFO - Processing /home/airflow/.local/lib/python3.7/site-packages/airflow/example_dags/example_branch_python_dop_operator_3.py took 0.073 seconds
[2024-01-04T23:26:58.121+0000] {processor.py:153} INFO - Started process (PID=2529) to work on /home/airflow/.local/lib/python3.7/site-packages/airflow/example_dags/example_branch_python_dop_operator_3.py
[2024-01-04T23:26:58.123+0000] {processor.py:743} INFO - Processing file /home/airflow/.local/lib/python3.7/site-packages/airflow/example_dags/example_branch_python_dop_operator_3.py for tasks to queue
[2024-01-04T23:26:58.123+0000] {logging_mixin.py:137} INFO - [2024-01-04T23:26:58.123+0000] {dagbag.py:538} INFO - Filling up the DagBag from /home/airflow/.local/lib/python3.7/site-packages/airflow/example_dags/example_branch_python_dop_operator_3.py
[2024-01-04T23:26:58.139+0000] {processor.py:753} INFO - DAG(s) dict_keys(['example_branch_dop_operator_v3']) retrieved from /home/airflow/.local/lib/python3.7/site-packages/airflow/example_dags/example_branch_python_dop_operator_3.py
[2024-01-04T23:26:58.161+0000] {logging_mixin.py:137} INFO - [2024-01-04T23:26:58.161+0000] {dag.py:2690} INFO - Sync 1 DAGs
[2024-01-04T23:26:58.183+0000] {logging_mixin.py:137} INFO - [2024-01-04T23:26:58.183+0000] {dag.py:3441} INFO - Setting next_dagrun for example_branch_dop_operator_v3 to 2024-01-04T23:25:00+00:00, run_after=2024-01-04T23:26:00+00:00
[2024-01-04T23:26:58.204+0000] {processor.py:175} INFO - Processing /home/airflow/.local/lib/python3.7/site-packages/airflow/example_dags/example_branch_python_dop_operator_3.py took 0.086 seconds
[2024-01-04T23:27:28.735+0000] {processor.py:153} INFO - Started process (PID=2599) to work on /home/airflow/.local/lib/python3.7/site-packages/airflow/example_dags/example_branch_python_dop_operator_3.py
[2024-01-04T23:27:28.737+0000] {processor.py:743} INFO - Processing file /home/airflow/.local/lib/python3.7/site-packages/airflow/example_dags/example_branch_python_dop_operator_3.py for tasks to queue
[2024-01-04T23:27:28.739+0000] {logging_mixin.py:137} INFO - [2024-01-04T23:27:28.738+0000] {dagbag.py:538} INFO - Filling up the DagBag from /home/airflow/.local/lib/python3.7/site-packages/airflow/example_dags/example_branch_python_dop_operator_3.py
[2024-01-04T23:27:28.763+0000] {processor.py:753} INFO - DAG(s) dict_keys(['example_branch_dop_operator_v3']) retrieved from /home/airflow/.local/lib/python3.7/site-packages/airflow/example_dags/example_branch_python_dop_operator_3.py
[2024-01-04T23:27:28.823+0000] {logging_mixin.py:137} INFO - [2024-01-04T23:27:28.823+0000] {dag.py:2690} INFO - Sync 1 DAGs
[2024-01-04T23:27:28.855+0000] {logging_mixin.py:137} INFO - [2024-01-04T23:27:28.855+0000] {dag.py:3441} INFO - Setting next_dagrun for example_branch_dop_operator_v3 to 2024-01-04T23:26:00+00:00, run_after=2024-01-04T23:27:00+00:00
[2024-01-04T23:27:28.868+0000] {processor.py:175} INFO - Processing /home/airflow/.local/lib/python3.7/site-packages/airflow/example_dags/example_branch_python_dop_operator_3.py took 0.137 seconds
[2024-01-04T23:27:59.107+0000] {processor.py:153} INFO - Started process (PID=2668) to work on /home/airflow/.local/lib/python3.7/site-packages/airflow/example_dags/example_branch_python_dop_operator_3.py
[2024-01-04T23:27:59.109+0000] {processor.py:743} INFO - Processing file /home/airflow/.local/lib/python3.7/site-packages/airflow/example_dags/example_branch_python_dop_operator_3.py for tasks to queue
[2024-01-04T23:27:59.109+0000] {logging_mixin.py:137} INFO - [2024-01-04T23:27:59.109+0000] {dagbag.py:538} INFO - Filling up the DagBag from /home/airflow/.local/lib/python3.7/site-packages/airflow/example_dags/example_branch_python_dop_operator_3.py
[2024-01-04T23:27:59.124+0000] {processor.py:753} INFO - DAG(s) dict_keys(['example_branch_dop_operator_v3']) retrieved from /home/airflow/.local/lib/python3.7/site-packages/airflow/example_dags/example_branch_python_dop_operator_3.py
[2024-01-04T23:27:59.144+0000] {logging_mixin.py:137} INFO - [2024-01-04T23:27:59.144+0000] {dag.py:2690} INFO - Sync 1 DAGs
[2024-01-04T23:27:59.163+0000] {logging_mixin.py:137} INFO - [2024-01-04T23:27:59.163+0000] {dag.py:3441} INFO - Setting next_dagrun for example_branch_dop_operator_v3 to 2024-01-04T23:26:00+00:00, run_after=2024-01-04T23:27:00+00:00
[2024-01-04T23:27:59.173+0000] {processor.py:175} INFO - Processing /home/airflow/.local/lib/python3.7/site-packages/airflow/example_dags/example_branch_python_dop_operator_3.py took 0.069 seconds
[2024-01-04T23:28:30.222+0000] {processor.py:153} INFO - Started process (PID=2744) to work on /home/airflow/.local/lib/python3.7/site-packages/airflow/example_dags/example_branch_python_dop_operator_3.py
[2024-01-04T23:28:30.223+0000] {processor.py:743} INFO - Processing file /home/airflow/.local/lib/python3.7/site-packages/airflow/example_dags/example_branch_python_dop_operator_3.py for tasks to queue
[2024-01-04T23:28:30.224+0000] {logging_mixin.py:137} INFO - [2024-01-04T23:28:30.224+0000] {dagbag.py:538} INFO - Filling up the DagBag from /home/airflow/.local/lib/python3.7/site-packages/airflow/example_dags/example_branch_python_dop_operator_3.py
[2024-01-04T23:28:30.238+0000] {processor.py:753} INFO - DAG(s) dict_keys(['example_branch_dop_operator_v3']) retrieved from /home/airflow/.local/lib/python3.7/site-packages/airflow/example_dags/example_branch_python_dop_operator_3.py
[2024-01-04T23:28:30.256+0000] {logging_mixin.py:137} INFO - [2024-01-04T23:28:30.256+0000] {dag.py:2690} INFO - Sync 1 DAGs
[2024-01-04T23:28:30.273+0000] {logging_mixin.py:137} INFO - [2024-01-04T23:28:30.273+0000] {dag.py:3441} INFO - Setting next_dagrun for example_branch_dop_operator_v3 to 2024-01-04T23:27:00+00:00, run_after=2024-01-04T23:28:00+00:00
[2024-01-04T23:28:30.284+0000] {processor.py:175} INFO - Processing /home/airflow/.local/lib/python3.7/site-packages/airflow/example_dags/example_branch_python_dop_operator_3.py took 0.064 seconds
[2024-01-04T23:29:00.945+0000] {processor.py:153} INFO - Started process (PID=2808) to work on /home/airflow/.local/lib/python3.7/site-packages/airflow/example_dags/example_branch_python_dop_operator_3.py
[2024-01-04T23:29:00.946+0000] {processor.py:743} INFO - Processing file /home/airflow/.local/lib/python3.7/site-packages/airflow/example_dags/example_branch_python_dop_operator_3.py for tasks to queue
[2024-01-04T23:29:00.947+0000] {logging_mixin.py:137} INFO - [2024-01-04T23:29:00.947+0000] {dagbag.py:538} INFO - Filling up the DagBag from /home/airflow/.local/lib/python3.7/site-packages/airflow/example_dags/example_branch_python_dop_operator_3.py
[2024-01-04T23:29:00.962+0000] {processor.py:753} INFO - DAG(s) dict_keys(['example_branch_dop_operator_v3']) retrieved from /home/airflow/.local/lib/python3.7/site-packages/airflow/example_dags/example_branch_python_dop_operator_3.py
[2024-01-04T23:29:00.985+0000] {logging_mixin.py:137} INFO - [2024-01-04T23:29:00.985+0000] {dag.py:2690} INFO - Sync 1 DAGs
[2024-01-04T23:29:01.006+0000] {logging_mixin.py:137} INFO - [2024-01-04T23:29:01.006+0000] {dag.py:3441} INFO - Setting next_dagrun for example_branch_dop_operator_v3 to 2024-01-04T23:28:00+00:00, run_after=2024-01-04T23:29:00+00:00
[2024-01-04T23:29:01.017+0000] {processor.py:175} INFO - Processing /home/airflow/.local/lib/python3.7/site-packages/airflow/example_dags/example_branch_python_dop_operator_3.py took 0.075 seconds
[2024-01-04T23:29:31.616+0000] {processor.py:153} INFO - Started process (PID=2882) to work on /home/airflow/.local/lib/python3.7/site-packages/airflow/example_dags/example_branch_python_dop_operator_3.py
[2024-01-04T23:29:31.617+0000] {processor.py:743} INFO - Processing file /home/airflow/.local/lib/python3.7/site-packages/airflow/example_dags/example_branch_python_dop_operator_3.py for tasks to queue
[2024-01-04T23:29:31.618+0000] {logging_mixin.py:137} INFO - [2024-01-04T23:29:31.618+0000] {dagbag.py:538} INFO - Filling up the DagBag from /home/airflow/.local/lib/python3.7/site-packages/airflow/example_dags/example_branch_python_dop_operator_3.py
[2024-01-04T23:29:31.633+0000] {processor.py:753} INFO - DAG(s) dict_keys(['example_branch_dop_operator_v3']) retrieved from /home/airflow/.local/lib/python3.7/site-packages/airflow/example_dags/example_branch_python_dop_operator_3.py
[2024-01-04T23:29:31.652+0000] {logging_mixin.py:137} INFO - [2024-01-04T23:29:31.652+0000] {dag.py:2690} INFO - Sync 1 DAGs
[2024-01-04T23:29:31.671+0000] {logging_mixin.py:137} INFO - [2024-01-04T23:29:31.671+0000] {dag.py:3441} INFO - Setting next_dagrun for example_branch_dop_operator_v3 to 2024-01-04T23:28:00+00:00, run_after=2024-01-04T23:29:00+00:00
[2024-01-04T23:29:31.681+0000] {processor.py:175} INFO - Processing /home/airflow/.local/lib/python3.7/site-packages/airflow/example_dags/example_branch_python_dop_operator_3.py took 0.068 seconds
[2024-01-04T23:30:02.152+0000] {processor.py:153} INFO - Started process (PID=2956) to work on /home/airflow/.local/lib/python3.7/site-packages/airflow/example_dags/example_branch_python_dop_operator_3.py
[2024-01-04T23:30:02.154+0000] {processor.py:743} INFO - Processing file /home/airflow/.local/lib/python3.7/site-packages/airflow/example_dags/example_branch_python_dop_operator_3.py for tasks to queue
[2024-01-04T23:30:02.155+0000] {logging_mixin.py:137} INFO - [2024-01-04T23:30:02.155+0000] {dagbag.py:538} INFO - Filling up the DagBag from /home/airflow/.local/lib/python3.7/site-packages/airflow/example_dags/example_branch_python_dop_operator_3.py
[2024-01-04T23:30:02.179+0000] {processor.py:753} INFO - DAG(s) dict_keys(['example_branch_dop_operator_v3']) retrieved from /home/airflow/.local/lib/python3.7/site-packages/airflow/example_dags/example_branch_python_dop_operator_3.py
[2024-01-04T23:30:02.210+0000] {logging_mixin.py:137} INFO - [2024-01-04T23:30:02.210+0000] {dag.py:2690} INFO - Sync 1 DAGs
[2024-01-04T23:30:02.238+0000] {logging_mixin.py:137} INFO - [2024-01-04T23:30:02.238+0000] {dag.py:3441} INFO - Setting next_dagrun for example_branch_dop_operator_v3 to 2024-01-04T23:29:00+00:00, run_after=2024-01-04T23:30:00+00:00
[2024-01-04T23:30:02.258+0000] {processor.py:175} INFO - Processing /home/airflow/.local/lib/python3.7/site-packages/airflow/example_dags/example_branch_python_dop_operator_3.py took 0.110 seconds
[2024-01-04T23:30:32.478+0000] {processor.py:153} INFO - Started process (PID=3019) to work on /home/airflow/.local/lib/python3.7/site-packages/airflow/example_dags/example_branch_python_dop_operator_3.py
[2024-01-04T23:30:32.479+0000] {processor.py:743} INFO - Processing file /home/airflow/.local/lib/python3.7/site-packages/airflow/example_dags/example_branch_python_dop_operator_3.py for tasks to queue
[2024-01-04T23:30:32.480+0000] {logging_mixin.py:137} INFO - [2024-01-04T23:30:32.480+0000] {dagbag.py:538} INFO - Filling up the DagBag from /home/airflow/.local/lib/python3.7/site-packages/airflow/example_dags/example_branch_python_dop_operator_3.py
[2024-01-04T23:30:32.496+0000] {processor.py:753} INFO - DAG(s) dict_keys(['example_branch_dop_operator_v3']) retrieved from /home/airflow/.local/lib/python3.7/site-packages/airflow/example_dags/example_branch_python_dop_operator_3.py
[2024-01-04T23:30:32.515+0000] {logging_mixin.py:137} INFO - [2024-01-04T23:30:32.515+0000] {dag.py:2690} INFO - Sync 1 DAGs
[2024-01-04T23:30:32.533+0000] {logging_mixin.py:137} INFO - [2024-01-04T23:30:32.533+0000] {dag.py:3441} INFO - Setting next_dagrun for example_branch_dop_operator_v3 to 2024-01-04T23:29:00+00:00, run_after=2024-01-04T23:30:00+00:00
[2024-01-04T23:30:32.544+0000] {processor.py:175} INFO - Processing /home/airflow/.local/lib/python3.7/site-packages/airflow/example_dags/example_branch_python_dop_operator_3.py took 0.069 seconds
[2024-01-04T23:31:03.422+0000] {processor.py:153} INFO - Started process (PID=3095) to work on /home/airflow/.local/lib/python3.7/site-packages/airflow/example_dags/example_branch_python_dop_operator_3.py
[2024-01-04T23:31:03.423+0000] {processor.py:743} INFO - Processing file /home/airflow/.local/lib/python3.7/site-packages/airflow/example_dags/example_branch_python_dop_operator_3.py for tasks to queue
[2024-01-04T23:31:03.424+0000] {logging_mixin.py:137} INFO - [2024-01-04T23:31:03.424+0000] {dagbag.py:538} INFO - Filling up the DagBag from /home/airflow/.local/lib/python3.7/site-packages/airflow/example_dags/example_branch_python_dop_operator_3.py
[2024-01-04T23:31:03.439+0000] {processor.py:753} INFO - DAG(s) dict_keys(['example_branch_dop_operator_v3']) retrieved from /home/airflow/.local/lib/python3.7/site-packages/airflow/example_dags/example_branch_python_dop_operator_3.py
[2024-01-04T23:31:03.459+0000] {logging_mixin.py:137} INFO - [2024-01-04T23:31:03.459+0000] {dag.py:2690} INFO - Sync 1 DAGs
[2024-01-04T23:31:03.478+0000] {logging_mixin.py:137} INFO - [2024-01-04T23:31:03.478+0000] {dag.py:3441} INFO - Setting next_dagrun for example_branch_dop_operator_v3 to 2024-01-04T23:30:00+00:00, run_after=2024-01-04T23:31:00+00:00
[2024-01-04T23:31:03.489+0000] {processor.py:175} INFO - Processing /home/airflow/.local/lib/python3.7/site-packages/airflow/example_dags/example_branch_python_dop_operator_3.py took 0.070 seconds
[2024-01-04T23:31:33.907+0000] {processor.py:153} INFO - Started process (PID=3158) to work on /home/airflow/.local/lib/python3.7/site-packages/airflow/example_dags/example_branch_python_dop_operator_3.py
[2024-01-04T23:31:33.909+0000] {processor.py:743} INFO - Processing file /home/airflow/.local/lib/python3.7/site-packages/airflow/example_dags/example_branch_python_dop_operator_3.py for tasks to queue
[2024-01-04T23:31:33.909+0000] {logging_mixin.py:137} INFO - [2024-01-04T23:31:33.909+0000] {dagbag.py:538} INFO - Filling up the DagBag from /home/airflow/.local/lib/python3.7/site-packages/airflow/example_dags/example_branch_python_dop_operator_3.py
[2024-01-04T23:31:33.924+0000] {processor.py:753} INFO - DAG(s) dict_keys(['example_branch_dop_operator_v3']) retrieved from /home/airflow/.local/lib/python3.7/site-packages/airflow/example_dags/example_branch_python_dop_operator_3.py
[2024-01-04T23:31:33.944+0000] {logging_mixin.py:137} INFO - [2024-01-04T23:31:33.944+0000] {dag.py:2690} INFO - Sync 1 DAGs
[2024-01-04T23:31:33.961+0000] {logging_mixin.py:137} INFO - [2024-01-04T23:31:33.961+0000] {dag.py:3441} INFO - Setting next_dagrun for example_branch_dop_operator_v3 to 2024-01-04T23:30:00+00:00, run_after=2024-01-04T23:31:00+00:00
[2024-01-04T23:31:33.973+0000] {processor.py:175} INFO - Processing /home/airflow/.local/lib/python3.7/site-packages/airflow/example_dags/example_branch_python_dop_operator_3.py took 0.069 seconds
[2024-01-04T23:32:04.475+0000] {processor.py:153} INFO - Started process (PID=3233) to work on /home/airflow/.local/lib/python3.7/site-packages/airflow/example_dags/example_branch_python_dop_operator_3.py
[2024-01-04T23:32:04.477+0000] {processor.py:743} INFO - Processing file /home/airflow/.local/lib/python3.7/site-packages/airflow/example_dags/example_branch_python_dop_operator_3.py for tasks to queue
[2024-01-04T23:32:04.477+0000] {logging_mixin.py:137} INFO - [2024-01-04T23:32:04.477+0000] {dagbag.py:538} INFO - Filling up the DagBag from /home/airflow/.local/lib/python3.7/site-packages/airflow/example_dags/example_branch_python_dop_operator_3.py
[2024-01-04T23:32:04.493+0000] {processor.py:753} INFO - DAG(s) dict_keys(['example_branch_dop_operator_v3']) retrieved from /home/airflow/.local/lib/python3.7/site-packages/airflow/example_dags/example_branch_python_dop_operator_3.py
[2024-01-04T23:32:04.512+0000] {logging_mixin.py:137} INFO - [2024-01-04T23:32:04.512+0000] {dag.py:2690} INFO - Sync 1 DAGs
[2024-01-04T23:32:04.531+0000] {logging_mixin.py:137} INFO - [2024-01-04T23:32:04.531+0000] {dag.py:3441} INFO - Setting next_dagrun for example_branch_dop_operator_v3 to 2024-01-04T23:31:00+00:00, run_after=2024-01-04T23:32:00+00:00
[2024-01-04T23:32:04.541+0000] {processor.py:175} INFO - Processing /home/airflow/.local/lib/python3.7/site-packages/airflow/example_dags/example_branch_python_dop_operator_3.py took 0.069 seconds
[2024-01-04T23:32:35.310+0000] {processor.py:153} INFO - Started process (PID=3296) to work on /home/airflow/.local/lib/python3.7/site-packages/airflow/example_dags/example_branch_python_dop_operator_3.py
[2024-01-04T23:32:35.311+0000] {processor.py:743} INFO - Processing file /home/airflow/.local/lib/python3.7/site-packages/airflow/example_dags/example_branch_python_dop_operator_3.py for tasks to queue
[2024-01-04T23:32:35.312+0000] {logging_mixin.py:137} INFO - [2024-01-04T23:32:35.311+0000] {dagbag.py:538} INFO - Filling up the DagBag from /home/airflow/.local/lib/python3.7/site-packages/airflow/example_dags/example_branch_python_dop_operator_3.py
[2024-01-04T23:32:35.326+0000] {processor.py:753} INFO - DAG(s) dict_keys(['example_branch_dop_operator_v3']) retrieved from /home/airflow/.local/lib/python3.7/site-packages/airflow/example_dags/example_branch_python_dop_operator_3.py
[2024-01-04T23:32:35.344+0000] {logging_mixin.py:137} INFO - [2024-01-04T23:32:35.344+0000] {dag.py:2690} INFO - Sync 1 DAGs
[2024-01-04T23:32:35.361+0000] {logging_mixin.py:137} INFO - [2024-01-04T23:32:35.361+0000] {dag.py:3441} INFO - Setting next_dagrun for example_branch_dop_operator_v3 to 2024-01-04T23:31:00+00:00, run_after=2024-01-04T23:32:00+00:00
[2024-01-04T23:32:35.372+0000] {processor.py:175} INFO - Processing /home/airflow/.local/lib/python3.7/site-packages/airflow/example_dags/example_branch_python_dop_operator_3.py took 0.064 seconds
[2024-01-04T23:33:06.260+0000] {processor.py:153} INFO - Started process (PID=3371) to work on /home/airflow/.local/lib/python3.7/site-packages/airflow/example_dags/example_branch_python_dop_operator_3.py
[2024-01-04T23:33:06.261+0000] {processor.py:743} INFO - Processing file /home/airflow/.local/lib/python3.7/site-packages/airflow/example_dags/example_branch_python_dop_operator_3.py for tasks to queue
[2024-01-04T23:33:06.262+0000] {logging_mixin.py:137} INFO - [2024-01-04T23:33:06.262+0000] {dagbag.py:538} INFO - Filling up the DagBag from /home/airflow/.local/lib/python3.7/site-packages/airflow/example_dags/example_branch_python_dop_operator_3.py
[2024-01-04T23:33:06.277+0000] {processor.py:753} INFO - DAG(s) dict_keys(['example_branch_dop_operator_v3']) retrieved from /home/airflow/.local/lib/python3.7/site-packages/airflow/example_dags/example_branch_python_dop_operator_3.py
[2024-01-04T23:33:06.297+0000] {logging_mixin.py:137} INFO - [2024-01-04T23:33:06.297+0000] {dag.py:2690} INFO - Sync 1 DAGs
[2024-01-04T23:33:06.316+0000] {logging_mixin.py:137} INFO - [2024-01-04T23:33:06.316+0000] {dag.py:3441} INFO - Setting next_dagrun for example_branch_dop_operator_v3 to 2024-01-04T23:32:00+00:00, run_after=2024-01-04T23:33:00+00:00
[2024-01-04T23:33:06.327+0000] {processor.py:175} INFO - Processing /home/airflow/.local/lib/python3.7/site-packages/airflow/example_dags/example_branch_python_dop_operator_3.py took 0.070 seconds
[2024-01-04T23:33:37.091+0000] {processor.py:153} INFO - Started process (PID=3433) to work on /home/airflow/.local/lib/python3.7/site-packages/airflow/example_dags/example_branch_python_dop_operator_3.py
[2024-01-04T23:33:37.097+0000] {processor.py:743} INFO - Processing file /home/airflow/.local/lib/python3.7/site-packages/airflow/example_dags/example_branch_python_dop_operator_3.py for tasks to queue
[2024-01-04T23:33:37.098+0000] {logging_mixin.py:137} INFO - [2024-01-04T23:33:37.098+0000] {dagbag.py:538} INFO - Filling up the DagBag from /home/airflow/.local/lib/python3.7/site-packages/airflow/example_dags/example_branch_python_dop_operator_3.py
[2024-01-04T23:33:37.116+0000] {processor.py:753} INFO - DAG(s) dict_keys(['example_branch_dop_operator_v3']) retrieved from /home/airflow/.local/lib/python3.7/site-packages/airflow/example_dags/example_branch_python_dop_operator_3.py
[2024-01-04T23:33:37.142+0000] {logging_mixin.py:137} INFO - [2024-01-04T23:33:37.142+0000] {dag.py:2690} INFO - Sync 1 DAGs
[2024-01-04T23:33:37.171+0000] {logging_mixin.py:137} INFO - [2024-01-04T23:33:37.171+0000] {dag.py:3441} INFO - Setting next_dagrun for example_branch_dop_operator_v3 to 2024-01-04T23:32:00+00:00, run_after=2024-01-04T23:33:00+00:00
[2024-01-04T23:33:37.183+0000] {processor.py:175} INFO - Processing /home/airflow/.local/lib/python3.7/site-packages/airflow/example_dags/example_branch_python_dop_operator_3.py took 0.097 seconds
[2024-01-04T23:34:07.826+0000] {processor.py:153} INFO - Started process (PID=3509) to work on /home/airflow/.local/lib/python3.7/site-packages/airflow/example_dags/example_branch_python_dop_operator_3.py
[2024-01-04T23:34:07.827+0000] {processor.py:743} INFO - Processing file /home/airflow/.local/lib/python3.7/site-packages/airflow/example_dags/example_branch_python_dop_operator_3.py for tasks to queue
[2024-01-04T23:34:07.829+0000] {logging_mixin.py:137} INFO - [2024-01-04T23:34:07.829+0000] {dagbag.py:538} INFO - Filling up the DagBag from /home/airflow/.local/lib/python3.7/site-packages/airflow/example_dags/example_branch_python_dop_operator_3.py
[2024-01-04T23:34:07.848+0000] {processor.py:753} INFO - DAG(s) dict_keys(['example_branch_dop_operator_v3']) retrieved from /home/airflow/.local/lib/python3.7/site-packages/airflow/example_dags/example_branch_python_dop_operator_3.py
[2024-01-04T23:34:07.874+0000] {logging_mixin.py:137} INFO - [2024-01-04T23:34:07.874+0000] {dag.py:2690} INFO - Sync 1 DAGs
[2024-01-04T23:34:07.896+0000] {logging_mixin.py:137} INFO - [2024-01-04T23:34:07.895+0000] {dag.py:3441} INFO - Setting next_dagrun for example_branch_dop_operator_v3 to 2024-01-04T23:33:00+00:00, run_after=2024-01-04T23:34:00+00:00
[2024-01-04T23:34:07.905+0000] {processor.py:175} INFO - Processing /home/airflow/.local/lib/python3.7/site-packages/airflow/example_dags/example_branch_python_dop_operator_3.py took 0.082 seconds
[2024-01-04T23:34:38.572+0000] {processor.py:153} INFO - Started process (PID=3584) to work on /home/airflow/.local/lib/python3.7/site-packages/airflow/example_dags/example_branch_python_dop_operator_3.py
[2024-01-04T23:34:38.574+0000] {processor.py:743} INFO - Processing file /home/airflow/.local/lib/python3.7/site-packages/airflow/example_dags/example_branch_python_dop_operator_3.py for tasks to queue
[2024-01-04T23:34:38.575+0000] {logging_mixin.py:137} INFO - [2024-01-04T23:34:38.575+0000] {dagbag.py:538} INFO - Filling up the DagBag from /home/airflow/.local/lib/python3.7/site-packages/airflow/example_dags/example_branch_python_dop_operator_3.py
[2024-01-04T23:34:38.598+0000] {processor.py:753} INFO - DAG(s) dict_keys(['example_branch_dop_operator_v3']) retrieved from /home/airflow/.local/lib/python3.7/site-packages/airflow/example_dags/example_branch_python_dop_operator_3.py
[2024-01-04T23:34:38.638+0000] {logging_mixin.py:137} INFO - [2024-01-04T23:34:38.638+0000] {dag.py:2690} INFO - Sync 1 DAGs
[2024-01-04T23:34:38.685+0000] {logging_mixin.py:137} INFO - [2024-01-04T23:34:38.685+0000] {dag.py:3441} INFO - Setting next_dagrun for example_branch_dop_operator_v3 to 2024-01-04T23:33:00+00:00, run_after=2024-01-04T23:34:00+00:00
[2024-01-04T23:34:38.703+0000] {processor.py:175} INFO - Processing /home/airflow/.local/lib/python3.7/site-packages/airflow/example_dags/example_branch_python_dop_operator_3.py took 0.136 seconds
[2024-01-04T23:35:09.484+0000] {processor.py:153} INFO - Started process (PID=3647) to work on /home/airflow/.local/lib/python3.7/site-packages/airflow/example_dags/example_branch_python_dop_operator_3.py
[2024-01-04T23:35:09.486+0000] {processor.py:743} INFO - Processing file /home/airflow/.local/lib/python3.7/site-packages/airflow/example_dags/example_branch_python_dop_operator_3.py for tasks to queue
[2024-01-04T23:35:09.487+0000] {logging_mixin.py:137} INFO - [2024-01-04T23:35:09.487+0000] {dagbag.py:538} INFO - Filling up the DagBag from /home/airflow/.local/lib/python3.7/site-packages/airflow/example_dags/example_branch_python_dop_operator_3.py
[2024-01-04T23:35:09.509+0000] {processor.py:753} INFO - DAG(s) dict_keys(['example_branch_dop_operator_v3']) retrieved from /home/airflow/.local/lib/python3.7/site-packages/airflow/example_dags/example_branch_python_dop_operator_3.py
[2024-01-04T23:35:09.533+0000] {logging_mixin.py:137} INFO - [2024-01-04T23:35:09.533+0000] {dag.py:2690} INFO - Sync 1 DAGs
[2024-01-04T23:35:09.559+0000] {logging_mixin.py:137} INFO - [2024-01-04T23:35:09.559+0000] {dag.py:3441} INFO - Setting next_dagrun for example_branch_dop_operator_v3 to 2024-01-04T23:34:00+00:00, run_after=2024-01-04T23:35:00+00:00
[2024-01-04T23:35:09.587+0000] {processor.py:175} INFO - Processing /home/airflow/.local/lib/python3.7/site-packages/airflow/example_dags/example_branch_python_dop_operator_3.py took 0.108 seconds
[2024-01-04T23:35:40.127+0000] {processor.py:153} INFO - Started process (PID=3722) to work on /home/airflow/.local/lib/python3.7/site-packages/airflow/example_dags/example_branch_python_dop_operator_3.py
[2024-01-04T23:35:40.129+0000] {processor.py:743} INFO - Processing file /home/airflow/.local/lib/python3.7/site-packages/airflow/example_dags/example_branch_python_dop_operator_3.py for tasks to queue
[2024-01-04T23:35:40.130+0000] {logging_mixin.py:137} INFO - [2024-01-04T23:35:40.130+0000] {dagbag.py:538} INFO - Filling up the DagBag from /home/airflow/.local/lib/python3.7/site-packages/airflow/example_dags/example_branch_python_dop_operator_3.py
[2024-01-04T23:35:40.154+0000] {processor.py:753} INFO - DAG(s) dict_keys(['example_branch_dop_operator_v3']) retrieved from /home/airflow/.local/lib/python3.7/site-packages/airflow/example_dags/example_branch_python_dop_operator_3.py
[2024-01-04T23:35:40.182+0000] {logging_mixin.py:137} INFO - [2024-01-04T23:35:40.182+0000] {dag.py:2690} INFO - Sync 1 DAGs
[2024-01-04T23:35:40.201+0000] {logging_mixin.py:137} INFO - [2024-01-04T23:35:40.201+0000] {dag.py:3441} INFO - Setting next_dagrun for example_branch_dop_operator_v3 to 2024-01-04T23:34:00+00:00, run_after=2024-01-04T23:35:00+00:00
[2024-01-04T23:35:40.215+0000] {processor.py:175} INFO - Processing /home/airflow/.local/lib/python3.7/site-packages/airflow/example_dags/example_branch_python_dop_operator_3.py took 0.091 seconds
[2024-01-04T23:36:11.204+0000] {processor.py:153} INFO - Started process (PID=3793) to work on /home/airflow/.local/lib/python3.7/site-packages/airflow/example_dags/example_branch_python_dop_operator_3.py
[2024-01-04T23:36:11.205+0000] {processor.py:743} INFO - Processing file /home/airflow/.local/lib/python3.7/site-packages/airflow/example_dags/example_branch_python_dop_operator_3.py for tasks to queue
[2024-01-04T23:36:11.206+0000] {logging_mixin.py:137} INFO - [2024-01-04T23:36:11.206+0000] {dagbag.py:538} INFO - Filling up the DagBag from /home/airflow/.local/lib/python3.7/site-packages/airflow/example_dags/example_branch_python_dop_operator_3.py
[2024-01-04T23:36:11.231+0000] {processor.py:753} INFO - DAG(s) dict_keys(['example_branch_dop_operator_v3']) retrieved from /home/airflow/.local/lib/python3.7/site-packages/airflow/example_dags/example_branch_python_dop_operator_3.py
[2024-01-04T23:36:11.275+0000] {logging_mixin.py:137} INFO - [2024-01-04T23:36:11.275+0000] {dag.py:2690} INFO - Sync 1 DAGs
[2024-01-04T23:36:11.295+0000] {logging_mixin.py:137} INFO - [2024-01-04T23:36:11.295+0000] {dag.py:3441} INFO - Setting next_dagrun for example_branch_dop_operator_v3 to 2024-01-04T23:35:00+00:00, run_after=2024-01-04T23:36:00+00:00
[2024-01-04T23:36:11.308+0000] {processor.py:175} INFO - Processing /home/airflow/.local/lib/python3.7/site-packages/airflow/example_dags/example_branch_python_dop_operator_3.py took 0.108 seconds
[2024-01-04T23:36:42.626+0000] {processor.py:153} INFO - Started process (PID=3859) to work on /home/airflow/.local/lib/python3.7/site-packages/airflow/example_dags/example_branch_python_dop_operator_3.py
[2024-01-04T23:36:42.635+0000] {processor.py:743} INFO - Processing file /home/airflow/.local/lib/python3.7/site-packages/airflow/example_dags/example_branch_python_dop_operator_3.py for tasks to queue
[2024-01-04T23:36:42.645+0000] {logging_mixin.py:137} INFO - [2024-01-04T23:36:42.645+0000] {dagbag.py:538} INFO - Filling up the DagBag from /home/airflow/.local/lib/python3.7/site-packages/airflow/example_dags/example_branch_python_dop_operator_3.py
[2024-01-04T23:36:42.731+0000] {processor.py:753} INFO - DAG(s) dict_keys(['example_branch_dop_operator_v3']) retrieved from /home/airflow/.local/lib/python3.7/site-packages/airflow/example_dags/example_branch_python_dop_operator_3.py
[2024-01-04T23:36:42.803+0000] {logging_mixin.py:137} INFO - [2024-01-04T23:36:42.803+0000] {dag.py:2690} INFO - Sync 1 DAGs
[2024-01-04T23:36:42.842+0000] {logging_mixin.py:137} INFO - [2024-01-04T23:36:42.842+0000] {dag.py:3441} INFO - Setting next_dagrun for example_branch_dop_operator_v3 to 2024-01-04T23:35:00+00:00, run_after=2024-01-04T23:36:00+00:00
[2024-01-04T23:36:42.889+0000] {processor.py:175} INFO - Processing /home/airflow/.local/lib/python3.7/site-packages/airflow/example_dags/example_branch_python_dop_operator_3.py took 0.288 seconds
[2024-01-04T23:37:13.499+0000] {processor.py:153} INFO - Started process (PID=3934) to work on /home/airflow/.local/lib/python3.7/site-packages/airflow/example_dags/example_branch_python_dop_operator_3.py
[2024-01-04T23:37:13.500+0000] {processor.py:743} INFO - Processing file /home/airflow/.local/lib/python3.7/site-packages/airflow/example_dags/example_branch_python_dop_operator_3.py for tasks to queue
[2024-01-04T23:37:13.501+0000] {logging_mixin.py:137} INFO - [2024-01-04T23:37:13.501+0000] {dagbag.py:538} INFO - Filling up the DagBag from /home/airflow/.local/lib/python3.7/site-packages/airflow/example_dags/example_branch_python_dop_operator_3.py
[2024-01-04T23:37:13.522+0000] {processor.py:753} INFO - DAG(s) dict_keys(['example_branch_dop_operator_v3']) retrieved from /home/airflow/.local/lib/python3.7/site-packages/airflow/example_dags/example_branch_python_dop_operator_3.py
[2024-01-04T23:37:13.542+0000] {logging_mixin.py:137} INFO - [2024-01-04T23:37:13.542+0000] {dag.py:2690} INFO - Sync 1 DAGs
[2024-01-04T23:37:13.560+0000] {logging_mixin.py:137} INFO - [2024-01-04T23:37:13.559+0000] {dag.py:3441} INFO - Setting next_dagrun for example_branch_dop_operator_v3 to 2024-01-04T23:36:00+00:00, run_after=2024-01-04T23:37:00+00:00
[2024-01-04T23:37:13.570+0000] {processor.py:175} INFO - Processing /home/airflow/.local/lib/python3.7/site-packages/airflow/example_dags/example_branch_python_dop_operator_3.py took 0.075 seconds
[2024-01-04T23:37:44.042+0000] {processor.py:153} INFO - Started process (PID=3996) to work on /home/airflow/.local/lib/python3.7/site-packages/airflow/example_dags/example_branch_python_dop_operator_3.py
[2024-01-04T23:37:44.043+0000] {processor.py:743} INFO - Processing file /home/airflow/.local/lib/python3.7/site-packages/airflow/example_dags/example_branch_python_dop_operator_3.py for tasks to queue
[2024-01-04T23:37:44.044+0000] {logging_mixin.py:137} INFO - [2024-01-04T23:37:44.044+0000] {dagbag.py:538} INFO - Filling up the DagBag from /home/airflow/.local/lib/python3.7/site-packages/airflow/example_dags/example_branch_python_dop_operator_3.py
[2024-01-04T23:37:44.061+0000] {processor.py:753} INFO - DAG(s) dict_keys(['example_branch_dop_operator_v3']) retrieved from /home/airflow/.local/lib/python3.7/site-packages/airflow/example_dags/example_branch_python_dop_operator_3.py
[2024-01-04T23:37:44.084+0000] {logging_mixin.py:137} INFO - [2024-01-04T23:37:44.083+0000] {dag.py:2690} INFO - Sync 1 DAGs
[2024-01-04T23:37:44.101+0000] {logging_mixin.py:137} INFO - [2024-01-04T23:37:44.101+0000] {dag.py:3441} INFO - Setting next_dagrun for example_branch_dop_operator_v3 to 2024-01-04T23:36:00+00:00, run_after=2024-01-04T23:37:00+00:00
[2024-01-04T23:37:44.112+0000] {processor.py:175} INFO - Processing /home/airflow/.local/lib/python3.7/site-packages/airflow/example_dags/example_branch_python_dop_operator_3.py took 0.073 seconds
[2024-01-04T23:38:14.831+0000] {processor.py:153} INFO - Started process (PID=4071) to work on /home/airflow/.local/lib/python3.7/site-packages/airflow/example_dags/example_branch_python_dop_operator_3.py
[2024-01-04T23:38:14.832+0000] {processor.py:743} INFO - Processing file /home/airflow/.local/lib/python3.7/site-packages/airflow/example_dags/example_branch_python_dop_operator_3.py for tasks to queue
[2024-01-04T23:38:14.833+0000] {logging_mixin.py:137} INFO - [2024-01-04T23:38:14.833+0000] {dagbag.py:538} INFO - Filling up the DagBag from /home/airflow/.local/lib/python3.7/site-packages/airflow/example_dags/example_branch_python_dop_operator_3.py
[2024-01-04T23:38:14.858+0000] {processor.py:753} INFO - DAG(s) dict_keys(['example_branch_dop_operator_v3']) retrieved from /home/airflow/.local/lib/python3.7/site-packages/airflow/example_dags/example_branch_python_dop_operator_3.py
[2024-01-04T23:38:14.883+0000] {logging_mixin.py:137} INFO - [2024-01-04T23:38:14.883+0000] {dag.py:2690} INFO - Sync 1 DAGs
[2024-01-04T23:38:14.904+0000] {logging_mixin.py:137} INFO - [2024-01-04T23:38:14.904+0000] {dag.py:3441} INFO - Setting next_dagrun for example_branch_dop_operator_v3 to 2024-01-04T23:37:00+00:00, run_after=2024-01-04T23:38:00+00:00
[2024-01-04T23:38:14.919+0000] {processor.py:175} INFO - Processing /home/airflow/.local/lib/python3.7/site-packages/airflow/example_dags/example_branch_python_dop_operator_3.py took 0.092 seconds
[2024-01-04T23:38:45.452+0000] {processor.py:153} INFO - Started process (PID=4143) to work on /home/airflow/.local/lib/python3.7/site-packages/airflow/example_dags/example_branch_python_dop_operator_3.py
[2024-01-04T23:38:45.454+0000] {processor.py:743} INFO - Processing file /home/airflow/.local/lib/python3.7/site-packages/airflow/example_dags/example_branch_python_dop_operator_3.py for tasks to queue
[2024-01-04T23:38:45.455+0000] {logging_mixin.py:137} INFO - [2024-01-04T23:38:45.455+0000] {dagbag.py:538} INFO - Filling up the DagBag from /home/airflow/.local/lib/python3.7/site-packages/airflow/example_dags/example_branch_python_dop_operator_3.py
[2024-01-04T23:38:45.484+0000] {processor.py:753} INFO - DAG(s) dict_keys(['example_branch_dop_operator_v3']) retrieved from /home/airflow/.local/lib/python3.7/site-packages/airflow/example_dags/example_branch_python_dop_operator_3.py
[2024-01-04T23:38:45.509+0000] {logging_mixin.py:137} INFO - [2024-01-04T23:38:45.509+0000] {dag.py:2690} INFO - Sync 1 DAGs
[2024-01-04T23:38:45.529+0000] {logging_mixin.py:137} INFO - [2024-01-04T23:38:45.529+0000] {dag.py:3441} INFO - Setting next_dagrun for example_branch_dop_operator_v3 to 2024-01-04T23:37:00+00:00, run_after=2024-01-04T23:38:00+00:00
[2024-01-04T23:38:45.541+0000] {processor.py:175} INFO - Processing /home/airflow/.local/lib/python3.7/site-packages/airflow/example_dags/example_branch_python_dop_operator_3.py took 0.096 seconds
[2024-01-04T23:39:16.380+0000] {processor.py:153} INFO - Started process (PID=4209) to work on /home/airflow/.local/lib/python3.7/site-packages/airflow/example_dags/example_branch_python_dop_operator_3.py
[2024-01-04T23:39:16.381+0000] {processor.py:743} INFO - Processing file /home/airflow/.local/lib/python3.7/site-packages/airflow/example_dags/example_branch_python_dop_operator_3.py for tasks to queue
[2024-01-04T23:39:16.382+0000] {logging_mixin.py:137} INFO - [2024-01-04T23:39:16.382+0000] {dagbag.py:538} INFO - Filling up the DagBag from /home/airflow/.local/lib/python3.7/site-packages/airflow/example_dags/example_branch_python_dop_operator_3.py
[2024-01-04T23:39:16.398+0000] {processor.py:753} INFO - DAG(s) dict_keys(['example_branch_dop_operator_v3']) retrieved from /home/airflow/.local/lib/python3.7/site-packages/airflow/example_dags/example_branch_python_dop_operator_3.py
[2024-01-04T23:39:16.417+0000] {logging_mixin.py:137} INFO - [2024-01-04T23:39:16.417+0000] {dag.py:2690} INFO - Sync 1 DAGs
[2024-01-04T23:39:16.434+0000] {logging_mixin.py:137} INFO - [2024-01-04T23:39:16.434+0000] {dag.py:3441} INFO - Setting next_dagrun for example_branch_dop_operator_v3 to 2024-01-04T23:38:00+00:00, run_after=2024-01-04T23:39:00+00:00
[2024-01-04T23:39:16.444+0000] {processor.py:175} INFO - Processing /home/airflow/.local/lib/python3.7/site-packages/airflow/example_dags/example_branch_python_dop_operator_3.py took 0.067 seconds
[2024-01-04T23:56:22.652+0000] {processor.py:153} INFO - Started process (PID=4260) to work on /home/airflow/.local/lib/python3.7/site-packages/airflow/example_dags/example_branch_python_dop_operator_3.py
[2024-01-04T23:56:22.654+0000] {processor.py:743} INFO - Processing file /home/airflow/.local/lib/python3.7/site-packages/airflow/example_dags/example_branch_python_dop_operator_3.py for tasks to queue
[2024-01-04T23:56:22.655+0000] {logging_mixin.py:137} INFO - [2024-01-04T23:56:22.654+0000] {dagbag.py:538} INFO - Filling up the DagBag from /home/airflow/.local/lib/python3.7/site-packages/airflow/example_dags/example_branch_python_dop_operator_3.py
[2024-01-04T23:56:22.678+0000] {processor.py:753} INFO - DAG(s) dict_keys(['example_branch_dop_operator_v3']) retrieved from /home/airflow/.local/lib/python3.7/site-packages/airflow/example_dags/example_branch_python_dop_operator_3.py
[2024-01-04T23:56:22.701+0000] {logging_mixin.py:137} INFO - [2024-01-04T23:56:22.701+0000] {dag.py:2690} INFO - Sync 1 DAGs
[2024-01-04T23:56:22.723+0000] {logging_mixin.py:137} INFO - [2024-01-04T23:56:22.722+0000] {dag.py:3441} INFO - Setting next_dagrun for example_branch_dop_operator_v3 to 2024-01-04T23:55:00+00:00, run_after=2024-01-04T23:56:00+00:00
[2024-01-04T23:56:22.736+0000] {processor.py:175} INFO - Processing /home/airflow/.local/lib/python3.7/site-packages/airflow/example_dags/example_branch_python_dop_operator_3.py took 0.087 seconds
