[2024-01-04T23:08:59.748+0000] {processor.py:153} INFO - Started process (PID=49) to work on /home/airflow/.local/lib/python3.7/site-packages/airflow/example_dags/example_nested_branch_dag.py
[2024-01-04T23:08:59.755+0000] {processor.py:743} INFO - Processing file /home/airflow/.local/lib/python3.7/site-packages/airflow/example_dags/example_nested_branch_dag.py for tasks to queue
[2024-01-04T23:08:59.763+0000] {logging_mixin.py:137} INFO - [2024-01-04T23:08:59.763+0000] {dagbag.py:538} INFO - Filling up the DagBag from /home/airflow/.local/lib/python3.7/site-packages/airflow/example_dags/example_nested_branch_dag.py
[2024-01-04T23:08:59.816+0000] {processor.py:753} INFO - DAG(s) dict_keys(['example_nested_branch_dag']) retrieved from /home/airflow/.local/lib/python3.7/site-packages/airflow/example_dags/example_nested_branch_dag.py
[2024-01-04T23:09:00.293+0000] {logging_mixin.py:137} INFO - [2024-01-04T23:09:00.292+0000] {manager.py:504} INFO - Created Permission View: can delete on DAG:example_nested_branch_dag
[2024-01-04T23:09:00.400+0000] {logging_mixin.py:137} INFO - [2024-01-04T23:09:00.400+0000] {manager.py:504} INFO - Created Permission View: can edit on DAG:example_nested_branch_dag
[2024-01-04T23:09:00.441+0000] {logging_mixin.py:137} INFO - [2024-01-04T23:09:00.441+0000] {manager.py:504} INFO - Created Permission View: can read on DAG:example_nested_branch_dag
[2024-01-04T23:09:00.452+0000] {logging_mixin.py:137} INFO - [2024-01-04T23:09:00.450+0000] {dag.py:2690} INFO - Sync 1 DAGs
[2024-01-04T23:09:00.577+0000] {logging_mixin.py:137} INFO - [2024-01-04T23:09:00.576+0000] {dag.py:2711} INFO - Creating ORM DAG for example_nested_branch_dag
[2024-01-04T23:09:00.667+0000] {logging_mixin.py:137} INFO - [2024-01-04T23:09:00.667+0000] {dag.py:3441} INFO - Setting next_dagrun for example_nested_branch_dag to 2024-01-03T00:00:00+00:00, run_after=2024-01-04T00:00:00+00:00
[2024-01-04T23:09:00.783+0000] {processor.py:175} INFO - Processing /home/airflow/.local/lib/python3.7/site-packages/airflow/example_dags/example_nested_branch_dag.py took 1.045 seconds
[2024-01-04T23:09:31.252+0000] {processor.py:153} INFO - Started process (PID=113) to work on /home/airflow/.local/lib/python3.7/site-packages/airflow/example_dags/example_nested_branch_dag.py
[2024-01-04T23:09:31.255+0000] {processor.py:743} INFO - Processing file /home/airflow/.local/lib/python3.7/site-packages/airflow/example_dags/example_nested_branch_dag.py for tasks to queue
[2024-01-04T23:09:31.256+0000] {logging_mixin.py:137} INFO - [2024-01-04T23:09:31.256+0000] {dagbag.py:538} INFO - Filling up the DagBag from /home/airflow/.local/lib/python3.7/site-packages/airflow/example_dags/example_nested_branch_dag.py
[2024-01-04T23:09:31.289+0000] {processor.py:753} INFO - DAG(s) dict_keys(['example_nested_branch_dag']) retrieved from /home/airflow/.local/lib/python3.7/site-packages/airflow/example_dags/example_nested_branch_dag.py
[2024-01-04T23:09:31.313+0000] {logging_mixin.py:137} INFO - [2024-01-04T23:09:31.313+0000] {dag.py:2690} INFO - Sync 1 DAGs
[2024-01-04T23:09:31.332+0000] {logging_mixin.py:137} INFO - [2024-01-04T23:09:31.332+0000] {dag.py:3441} INFO - Setting next_dagrun for example_nested_branch_dag to 2024-01-03T00:00:00+00:00, run_after=2024-01-04T00:00:00+00:00
[2024-01-04T23:09:31.346+0000] {processor.py:175} INFO - Processing /home/airflow/.local/lib/python3.7/site-packages/airflow/example_dags/example_nested_branch_dag.py took 0.102 seconds
[2024-01-04T23:10:01.837+0000] {processor.py:153} INFO - Started process (PID=188) to work on /home/airflow/.local/lib/python3.7/site-packages/airflow/example_dags/example_nested_branch_dag.py
[2024-01-04T23:10:01.839+0000] {processor.py:743} INFO - Processing file /home/airflow/.local/lib/python3.7/site-packages/airflow/example_dags/example_nested_branch_dag.py for tasks to queue
[2024-01-04T23:10:01.840+0000] {logging_mixin.py:137} INFO - [2024-01-04T23:10:01.840+0000] {dagbag.py:538} INFO - Filling up the DagBag from /home/airflow/.local/lib/python3.7/site-packages/airflow/example_dags/example_nested_branch_dag.py
[2024-01-04T23:10:01.874+0000] {processor.py:753} INFO - DAG(s) dict_keys(['example_nested_branch_dag']) retrieved from /home/airflow/.local/lib/python3.7/site-packages/airflow/example_dags/example_nested_branch_dag.py
[2024-01-04T23:10:01.938+0000] {logging_mixin.py:137} INFO - [2024-01-04T23:10:01.938+0000] {dag.py:2690} INFO - Sync 1 DAGs
[2024-01-04T23:10:01.964+0000] {logging_mixin.py:137} INFO - [2024-01-04T23:10:01.964+0000] {dag.py:3441} INFO - Setting next_dagrun for example_nested_branch_dag to 2024-01-03T00:00:00+00:00, run_after=2024-01-04T00:00:00+00:00
[2024-01-04T23:10:01.984+0000] {processor.py:175} INFO - Processing /home/airflow/.local/lib/python3.7/site-packages/airflow/example_dags/example_nested_branch_dag.py took 0.153 seconds
[2024-01-04T23:10:32.262+0000] {processor.py:153} INFO - Started process (PID=251) to work on /home/airflow/.local/lib/python3.7/site-packages/airflow/example_dags/example_nested_branch_dag.py
[2024-01-04T23:10:32.263+0000] {processor.py:743} INFO - Processing file /home/airflow/.local/lib/python3.7/site-packages/airflow/example_dags/example_nested_branch_dag.py for tasks to queue
[2024-01-04T23:10:32.264+0000] {logging_mixin.py:137} INFO - [2024-01-04T23:10:32.264+0000] {dagbag.py:538} INFO - Filling up the DagBag from /home/airflow/.local/lib/python3.7/site-packages/airflow/example_dags/example_nested_branch_dag.py
[2024-01-04T23:10:32.282+0000] {processor.py:753} INFO - DAG(s) dict_keys(['example_nested_branch_dag']) retrieved from /home/airflow/.local/lib/python3.7/site-packages/airflow/example_dags/example_nested_branch_dag.py
[2024-01-04T23:10:32.304+0000] {logging_mixin.py:137} INFO - [2024-01-04T23:10:32.304+0000] {dag.py:2690} INFO - Sync 1 DAGs
[2024-01-04T23:10:32.326+0000] {logging_mixin.py:137} INFO - [2024-01-04T23:10:32.326+0000] {dag.py:3441} INFO - Setting next_dagrun for example_nested_branch_dag to 2024-01-03T00:00:00+00:00, run_after=2024-01-04T00:00:00+00:00
[2024-01-04T23:10:32.341+0000] {processor.py:175} INFO - Processing /home/airflow/.local/lib/python3.7/site-packages/airflow/example_dags/example_nested_branch_dag.py took 0.083 seconds
[2024-01-04T23:11:02.545+0000] {processor.py:153} INFO - Started process (PID=326) to work on /home/airflow/.local/lib/python3.7/site-packages/airflow/example_dags/example_nested_branch_dag.py
[2024-01-04T23:11:02.546+0000] {processor.py:743} INFO - Processing file /home/airflow/.local/lib/python3.7/site-packages/airflow/example_dags/example_nested_branch_dag.py for tasks to queue
[2024-01-04T23:11:02.547+0000] {logging_mixin.py:137} INFO - [2024-01-04T23:11:02.547+0000] {dagbag.py:538} INFO - Filling up the DagBag from /home/airflow/.local/lib/python3.7/site-packages/airflow/example_dags/example_nested_branch_dag.py
[2024-01-04T23:11:02.566+0000] {processor.py:753} INFO - DAG(s) dict_keys(['example_nested_branch_dag']) retrieved from /home/airflow/.local/lib/python3.7/site-packages/airflow/example_dags/example_nested_branch_dag.py
[2024-01-04T23:11:02.588+0000] {logging_mixin.py:137} INFO - [2024-01-04T23:11:02.588+0000] {dag.py:2690} INFO - Sync 1 DAGs
[2024-01-04T23:11:02.607+0000] {logging_mixin.py:137} INFO - [2024-01-04T23:11:02.607+0000] {dag.py:3441} INFO - Setting next_dagrun for example_nested_branch_dag to 2024-01-03T00:00:00+00:00, run_after=2024-01-04T00:00:00+00:00
[2024-01-04T23:11:02.620+0000] {processor.py:175} INFO - Processing /home/airflow/.local/lib/python3.7/site-packages/airflow/example_dags/example_nested_branch_dag.py took 0.079 seconds
[2024-01-04T23:11:33.192+0000] {processor.py:153} INFO - Started process (PID=401) to work on /home/airflow/.local/lib/python3.7/site-packages/airflow/example_dags/example_nested_branch_dag.py
[2024-01-04T23:11:33.195+0000] {processor.py:743} INFO - Processing file /home/airflow/.local/lib/python3.7/site-packages/airflow/example_dags/example_nested_branch_dag.py for tasks to queue
[2024-01-04T23:11:33.196+0000] {logging_mixin.py:137} INFO - [2024-01-04T23:11:33.195+0000] {dagbag.py:538} INFO - Filling up the DagBag from /home/airflow/.local/lib/python3.7/site-packages/airflow/example_dags/example_nested_branch_dag.py
[2024-01-04T23:11:33.216+0000] {processor.py:753} INFO - DAG(s) dict_keys(['example_nested_branch_dag']) retrieved from /home/airflow/.local/lib/python3.7/site-packages/airflow/example_dags/example_nested_branch_dag.py
[2024-01-04T23:11:33.239+0000] {logging_mixin.py:137} INFO - [2024-01-04T23:11:33.239+0000] {dag.py:2690} INFO - Sync 1 DAGs
[2024-01-04T23:11:33.257+0000] {logging_mixin.py:137} INFO - [2024-01-04T23:11:33.257+0000] {dag.py:3441} INFO - Setting next_dagrun for example_nested_branch_dag to 2024-01-03T00:00:00+00:00, run_after=2024-01-04T00:00:00+00:00
[2024-01-04T23:11:33.269+0000] {processor.py:175} INFO - Processing /home/airflow/.local/lib/python3.7/site-packages/airflow/example_dags/example_nested_branch_dag.py took 0.082 seconds
[2024-01-04T23:12:03.709+0000] {processor.py:153} INFO - Started process (PID=464) to work on /home/airflow/.local/lib/python3.7/site-packages/airflow/example_dags/example_nested_branch_dag.py
[2024-01-04T23:12:03.713+0000] {processor.py:743} INFO - Processing file /home/airflow/.local/lib/python3.7/site-packages/airflow/example_dags/example_nested_branch_dag.py for tasks to queue
[2024-01-04T23:12:03.715+0000] {logging_mixin.py:137} INFO - [2024-01-04T23:12:03.714+0000] {dagbag.py:538} INFO - Filling up the DagBag from /home/airflow/.local/lib/python3.7/site-packages/airflow/example_dags/example_nested_branch_dag.py
[2024-01-04T23:12:03.742+0000] {processor.py:753} INFO - DAG(s) dict_keys(['example_nested_branch_dag']) retrieved from /home/airflow/.local/lib/python3.7/site-packages/airflow/example_dags/example_nested_branch_dag.py
[2024-01-04T23:12:03.765+0000] {logging_mixin.py:137} INFO - [2024-01-04T23:12:03.765+0000] {dag.py:2690} INFO - Sync 1 DAGs
[2024-01-04T23:12:03.783+0000] {logging_mixin.py:137} INFO - [2024-01-04T23:12:03.783+0000] {dag.py:3441} INFO - Setting next_dagrun for example_nested_branch_dag to 2024-01-03T00:00:00+00:00, run_after=2024-01-04T00:00:00+00:00
[2024-01-04T23:12:03.803+0000] {processor.py:175} INFO - Processing /home/airflow/.local/lib/python3.7/site-packages/airflow/example_dags/example_nested_branch_dag.py took 0.100 seconds
[2024-01-04T23:12:34.120+0000] {processor.py:153} INFO - Started process (PID=539) to work on /home/airflow/.local/lib/python3.7/site-packages/airflow/example_dags/example_nested_branch_dag.py
[2024-01-04T23:12:34.123+0000] {processor.py:743} INFO - Processing file /home/airflow/.local/lib/python3.7/site-packages/airflow/example_dags/example_nested_branch_dag.py for tasks to queue
[2024-01-04T23:12:34.125+0000] {logging_mixin.py:137} INFO - [2024-01-04T23:12:34.124+0000] {dagbag.py:538} INFO - Filling up the DagBag from /home/airflow/.local/lib/python3.7/site-packages/airflow/example_dags/example_nested_branch_dag.py
[2024-01-04T23:12:34.149+0000] {processor.py:753} INFO - DAG(s) dict_keys(['example_nested_branch_dag']) retrieved from /home/airflow/.local/lib/python3.7/site-packages/airflow/example_dags/example_nested_branch_dag.py
[2024-01-04T23:12:34.170+0000] {logging_mixin.py:137} INFO - [2024-01-04T23:12:34.170+0000] {dag.py:2690} INFO - Sync 1 DAGs
[2024-01-04T23:12:34.185+0000] {logging_mixin.py:137} INFO - [2024-01-04T23:12:34.185+0000] {dag.py:3441} INFO - Setting next_dagrun for example_nested_branch_dag to 2024-01-03T00:00:00+00:00, run_after=2024-01-04T00:00:00+00:00
[2024-01-04T23:12:34.197+0000] {processor.py:175} INFO - Processing /home/airflow/.local/lib/python3.7/site-packages/airflow/example_dags/example_nested_branch_dag.py took 0.083 seconds
[2024-01-04T23:13:04.398+0000] {processor.py:153} INFO - Started process (PID=603) to work on /home/airflow/.local/lib/python3.7/site-packages/airflow/example_dags/example_nested_branch_dag.py
[2024-01-04T23:13:04.400+0000] {processor.py:743} INFO - Processing file /home/airflow/.local/lib/python3.7/site-packages/airflow/example_dags/example_nested_branch_dag.py for tasks to queue
[2024-01-04T23:13:04.401+0000] {logging_mixin.py:137} INFO - [2024-01-04T23:13:04.401+0000] {dagbag.py:538} INFO - Filling up the DagBag from /home/airflow/.local/lib/python3.7/site-packages/airflow/example_dags/example_nested_branch_dag.py
[2024-01-04T23:13:04.419+0000] {processor.py:753} INFO - DAG(s) dict_keys(['example_nested_branch_dag']) retrieved from /home/airflow/.local/lib/python3.7/site-packages/airflow/example_dags/example_nested_branch_dag.py
[2024-01-04T23:13:04.445+0000] {logging_mixin.py:137} INFO - [2024-01-04T23:13:04.445+0000] {dag.py:2690} INFO - Sync 1 DAGs
[2024-01-04T23:13:04.467+0000] {logging_mixin.py:137} INFO - [2024-01-04T23:13:04.467+0000] {dag.py:3441} INFO - Setting next_dagrun for example_nested_branch_dag to 2024-01-03T00:00:00+00:00, run_after=2024-01-04T00:00:00+00:00
[2024-01-04T23:13:04.483+0000] {processor.py:175} INFO - Processing /home/airflow/.local/lib/python3.7/site-packages/airflow/example_dags/example_nested_branch_dag.py took 0.087 seconds
[2024-01-04T23:13:34.795+0000] {processor.py:153} INFO - Started process (PID=679) to work on /home/airflow/.local/lib/python3.7/site-packages/airflow/example_dags/example_nested_branch_dag.py
[2024-01-04T23:13:34.797+0000] {processor.py:743} INFO - Processing file /home/airflow/.local/lib/python3.7/site-packages/airflow/example_dags/example_nested_branch_dag.py for tasks to queue
[2024-01-04T23:13:34.798+0000] {logging_mixin.py:137} INFO - [2024-01-04T23:13:34.798+0000] {dagbag.py:538} INFO - Filling up the DagBag from /home/airflow/.local/lib/python3.7/site-packages/airflow/example_dags/example_nested_branch_dag.py
[2024-01-04T23:13:34.815+0000] {processor.py:753} INFO - DAG(s) dict_keys(['example_nested_branch_dag']) retrieved from /home/airflow/.local/lib/python3.7/site-packages/airflow/example_dags/example_nested_branch_dag.py
[2024-01-04T23:13:34.840+0000] {logging_mixin.py:137} INFO - [2024-01-04T23:13:34.840+0000] {dag.py:2690} INFO - Sync 1 DAGs
[2024-01-04T23:13:34.862+0000] {logging_mixin.py:137} INFO - [2024-01-04T23:13:34.862+0000] {dag.py:3441} INFO - Setting next_dagrun for example_nested_branch_dag to 2024-01-03T00:00:00+00:00, run_after=2024-01-04T00:00:00+00:00
[2024-01-04T23:13:34.876+0000] {processor.py:175} INFO - Processing /home/airflow/.local/lib/python3.7/site-packages/airflow/example_dags/example_nested_branch_dag.py took 0.084 seconds
[2024-01-04T23:14:05.627+0000] {processor.py:153} INFO - Started process (PID=754) to work on /home/airflow/.local/lib/python3.7/site-packages/airflow/example_dags/example_nested_branch_dag.py
[2024-01-04T23:14:05.629+0000] {processor.py:743} INFO - Processing file /home/airflow/.local/lib/python3.7/site-packages/airflow/example_dags/example_nested_branch_dag.py for tasks to queue
[2024-01-04T23:14:05.631+0000] {logging_mixin.py:137} INFO - [2024-01-04T23:14:05.630+0000] {dagbag.py:538} INFO - Filling up the DagBag from /home/airflow/.local/lib/python3.7/site-packages/airflow/example_dags/example_nested_branch_dag.py
[2024-01-04T23:14:05.655+0000] {processor.py:753} INFO - DAG(s) dict_keys(['example_nested_branch_dag']) retrieved from /home/airflow/.local/lib/python3.7/site-packages/airflow/example_dags/example_nested_branch_dag.py
[2024-01-04T23:14:05.676+0000] {logging_mixin.py:137} INFO - [2024-01-04T23:14:05.675+0000] {dag.py:2690} INFO - Sync 1 DAGs
[2024-01-04T23:14:05.692+0000] {logging_mixin.py:137} INFO - [2024-01-04T23:14:05.692+0000] {dag.py:3441} INFO - Setting next_dagrun for example_nested_branch_dag to 2024-01-03T00:00:00+00:00, run_after=2024-01-04T00:00:00+00:00
[2024-01-04T23:14:05.704+0000] {processor.py:175} INFO - Processing /home/airflow/.local/lib/python3.7/site-packages/airflow/example_dags/example_nested_branch_dag.py took 0.083 seconds
[2024-01-04T23:14:35.875+0000] {processor.py:153} INFO - Started process (PID=817) to work on /home/airflow/.local/lib/python3.7/site-packages/airflow/example_dags/example_nested_branch_dag.py
[2024-01-04T23:14:35.877+0000] {processor.py:743} INFO - Processing file /home/airflow/.local/lib/python3.7/site-packages/airflow/example_dags/example_nested_branch_dag.py for tasks to queue
[2024-01-04T23:14:35.878+0000] {logging_mixin.py:137} INFO - [2024-01-04T23:14:35.878+0000] {dagbag.py:538} INFO - Filling up the DagBag from /home/airflow/.local/lib/python3.7/site-packages/airflow/example_dags/example_nested_branch_dag.py
[2024-01-04T23:14:35.901+0000] {processor.py:753} INFO - DAG(s) dict_keys(['example_nested_branch_dag']) retrieved from /home/airflow/.local/lib/python3.7/site-packages/airflow/example_dags/example_nested_branch_dag.py
[2024-01-04T23:14:35.924+0000] {logging_mixin.py:137} INFO - [2024-01-04T23:14:35.924+0000] {dag.py:2690} INFO - Sync 1 DAGs
[2024-01-04T23:14:35.941+0000] {logging_mixin.py:137} INFO - [2024-01-04T23:14:35.941+0000] {dag.py:3441} INFO - Setting next_dagrun for example_nested_branch_dag to 2024-01-03T00:00:00+00:00, run_after=2024-01-04T00:00:00+00:00
[2024-01-04T23:14:35.952+0000] {processor.py:175} INFO - Processing /home/airflow/.local/lib/python3.7/site-packages/airflow/example_dags/example_nested_branch_dag.py took 0.081 seconds
[2024-01-04T23:15:06.427+0000] {processor.py:153} INFO - Started process (PID=890) to work on /home/airflow/.local/lib/python3.7/site-packages/airflow/example_dags/example_nested_branch_dag.py
[2024-01-04T23:15:06.428+0000] {processor.py:743} INFO - Processing file /home/airflow/.local/lib/python3.7/site-packages/airflow/example_dags/example_nested_branch_dag.py for tasks to queue
[2024-01-04T23:15:06.429+0000] {logging_mixin.py:137} INFO - [2024-01-04T23:15:06.429+0000] {dagbag.py:538} INFO - Filling up the DagBag from /home/airflow/.local/lib/python3.7/site-packages/airflow/example_dags/example_nested_branch_dag.py
[2024-01-04T23:15:06.453+0000] {processor.py:753} INFO - DAG(s) dict_keys(['example_nested_branch_dag']) retrieved from /home/airflow/.local/lib/python3.7/site-packages/airflow/example_dags/example_nested_branch_dag.py
[2024-01-04T23:15:06.497+0000] {logging_mixin.py:137} INFO - [2024-01-04T23:15:06.497+0000] {dag.py:2690} INFO - Sync 1 DAGs
[2024-01-04T23:15:06.521+0000] {logging_mixin.py:137} INFO - [2024-01-04T23:15:06.521+0000] {dag.py:3441} INFO - Setting next_dagrun for example_nested_branch_dag to 2024-01-03T00:00:00+00:00, run_after=2024-01-04T00:00:00+00:00
[2024-01-04T23:15:06.541+0000] {processor.py:175} INFO - Processing /home/airflow/.local/lib/python3.7/site-packages/airflow/example_dags/example_nested_branch_dag.py took 0.118 seconds
[2024-01-04T23:15:37.000+0000] {processor.py:153} INFO - Started process (PID=965) to work on /home/airflow/.local/lib/python3.7/site-packages/airflow/example_dags/example_nested_branch_dag.py
[2024-01-04T23:15:37.006+0000] {processor.py:743} INFO - Processing file /home/airflow/.local/lib/python3.7/site-packages/airflow/example_dags/example_nested_branch_dag.py for tasks to queue
[2024-01-04T23:15:37.007+0000] {logging_mixin.py:137} INFO - [2024-01-04T23:15:37.007+0000] {dagbag.py:538} INFO - Filling up the DagBag from /home/airflow/.local/lib/python3.7/site-packages/airflow/example_dags/example_nested_branch_dag.py
[2024-01-04T23:15:37.064+0000] {processor.py:753} INFO - DAG(s) dict_keys(['example_nested_branch_dag']) retrieved from /home/airflow/.local/lib/python3.7/site-packages/airflow/example_dags/example_nested_branch_dag.py
[2024-01-04T23:15:37.106+0000] {logging_mixin.py:137} INFO - [2024-01-04T23:15:37.106+0000] {dag.py:2690} INFO - Sync 1 DAGs
[2024-01-04T23:15:37.132+0000] {logging_mixin.py:137} INFO - [2024-01-04T23:15:37.132+0000] {dag.py:3441} INFO - Setting next_dagrun for example_nested_branch_dag to 2024-01-03T00:00:00+00:00, run_after=2024-01-04T00:00:00+00:00
[2024-01-04T23:15:37.168+0000] {processor.py:175} INFO - Processing /home/airflow/.local/lib/python3.7/site-packages/airflow/example_dags/example_nested_branch_dag.py took 0.179 seconds
[2024-01-04T23:16:07.658+0000] {processor.py:153} INFO - Started process (PID=1027) to work on /home/airflow/.local/lib/python3.7/site-packages/airflow/example_dags/example_nested_branch_dag.py
[2024-01-04T23:16:07.660+0000] {processor.py:743} INFO - Processing file /home/airflow/.local/lib/python3.7/site-packages/airflow/example_dags/example_nested_branch_dag.py for tasks to queue
[2024-01-04T23:16:07.661+0000] {logging_mixin.py:137} INFO - [2024-01-04T23:16:07.661+0000] {dagbag.py:538} INFO - Filling up the DagBag from /home/airflow/.local/lib/python3.7/site-packages/airflow/example_dags/example_nested_branch_dag.py
[2024-01-04T23:16:07.683+0000] {processor.py:753} INFO - DAG(s) dict_keys(['example_nested_branch_dag']) retrieved from /home/airflow/.local/lib/python3.7/site-packages/airflow/example_dags/example_nested_branch_dag.py
[2024-01-04T23:16:07.704+0000] {logging_mixin.py:137} INFO - [2024-01-04T23:16:07.704+0000] {dag.py:2690} INFO - Sync 1 DAGs
[2024-01-04T23:16:07.724+0000] {logging_mixin.py:137} INFO - [2024-01-04T23:16:07.724+0000] {dag.py:3441} INFO - Setting next_dagrun for example_nested_branch_dag to 2024-01-03T00:00:00+00:00, run_after=2024-01-04T00:00:00+00:00
[2024-01-04T23:16:07.736+0000] {processor.py:175} INFO - Processing /home/airflow/.local/lib/python3.7/site-packages/airflow/example_dags/example_nested_branch_dag.py took 0.083 seconds
[2024-01-04T23:16:38.161+0000] {processor.py:153} INFO - Started process (PID=1102) to work on /home/airflow/.local/lib/python3.7/site-packages/airflow/example_dags/example_nested_branch_dag.py
[2024-01-04T23:16:38.165+0000] {processor.py:743} INFO - Processing file /home/airflow/.local/lib/python3.7/site-packages/airflow/example_dags/example_nested_branch_dag.py for tasks to queue
[2024-01-04T23:16:38.167+0000] {logging_mixin.py:137} INFO - [2024-01-04T23:16:38.167+0000] {dagbag.py:538} INFO - Filling up the DagBag from /home/airflow/.local/lib/python3.7/site-packages/airflow/example_dags/example_nested_branch_dag.py
[2024-01-04T23:16:38.190+0000] {processor.py:753} INFO - DAG(s) dict_keys(['example_nested_branch_dag']) retrieved from /home/airflow/.local/lib/python3.7/site-packages/airflow/example_dags/example_nested_branch_dag.py
[2024-01-04T23:16:38.210+0000] {logging_mixin.py:137} INFO - [2024-01-04T23:16:38.210+0000] {dag.py:2690} INFO - Sync 1 DAGs
[2024-01-04T23:16:38.227+0000] {logging_mixin.py:137} INFO - [2024-01-04T23:16:38.227+0000] {dag.py:3441} INFO - Setting next_dagrun for example_nested_branch_dag to 2024-01-03T00:00:00+00:00, run_after=2024-01-04T00:00:00+00:00
[2024-01-04T23:16:38.238+0000] {processor.py:175} INFO - Processing /home/airflow/.local/lib/python3.7/site-packages/airflow/example_dags/example_nested_branch_dag.py took 0.082 seconds
[2024-01-04T23:17:08.650+0000] {processor.py:153} INFO - Started process (PID=1166) to work on /home/airflow/.local/lib/python3.7/site-packages/airflow/example_dags/example_nested_branch_dag.py
[2024-01-04T23:17:08.653+0000] {processor.py:743} INFO - Processing file /home/airflow/.local/lib/python3.7/site-packages/airflow/example_dags/example_nested_branch_dag.py for tasks to queue
[2024-01-04T23:17:08.655+0000] {logging_mixin.py:137} INFO - [2024-01-04T23:17:08.654+0000] {dagbag.py:538} INFO - Filling up the DagBag from /home/airflow/.local/lib/python3.7/site-packages/airflow/example_dags/example_nested_branch_dag.py
[2024-01-04T23:17:08.681+0000] {processor.py:753} INFO - DAG(s) dict_keys(['example_nested_branch_dag']) retrieved from /home/airflow/.local/lib/python3.7/site-packages/airflow/example_dags/example_nested_branch_dag.py
[2024-01-04T23:17:08.705+0000] {logging_mixin.py:137} INFO - [2024-01-04T23:17:08.705+0000] {dag.py:2690} INFO - Sync 1 DAGs
[2024-01-04T23:17:08.726+0000] {logging_mixin.py:137} INFO - [2024-01-04T23:17:08.726+0000] {dag.py:3441} INFO - Setting next_dagrun for example_nested_branch_dag to 2024-01-03T00:00:00+00:00, run_after=2024-01-04T00:00:00+00:00
[2024-01-04T23:17:08.740+0000] {processor.py:175} INFO - Processing /home/airflow/.local/lib/python3.7/site-packages/airflow/example_dags/example_nested_branch_dag.py took 0.096 seconds
[2024-01-04T23:17:39.315+0000] {processor.py:153} INFO - Started process (PID=1241) to work on /home/airflow/.local/lib/python3.7/site-packages/airflow/example_dags/example_nested_branch_dag.py
[2024-01-04T23:17:39.318+0000] {processor.py:743} INFO - Processing file /home/airflow/.local/lib/python3.7/site-packages/airflow/example_dags/example_nested_branch_dag.py for tasks to queue
[2024-01-04T23:17:39.320+0000] {logging_mixin.py:137} INFO - [2024-01-04T23:17:39.319+0000] {dagbag.py:538} INFO - Filling up the DagBag from /home/airflow/.local/lib/python3.7/site-packages/airflow/example_dags/example_nested_branch_dag.py
[2024-01-04T23:17:39.346+0000] {processor.py:753} INFO - DAG(s) dict_keys(['example_nested_branch_dag']) retrieved from /home/airflow/.local/lib/python3.7/site-packages/airflow/example_dags/example_nested_branch_dag.py
[2024-01-04T23:17:39.369+0000] {logging_mixin.py:137} INFO - [2024-01-04T23:17:39.369+0000] {dag.py:2690} INFO - Sync 1 DAGs
[2024-01-04T23:17:39.388+0000] {logging_mixin.py:137} INFO - [2024-01-04T23:17:39.387+0000] {dag.py:3441} INFO - Setting next_dagrun for example_nested_branch_dag to 2024-01-03T00:00:00+00:00, run_after=2024-01-04T00:00:00+00:00
[2024-01-04T23:17:39.401+0000] {processor.py:175} INFO - Processing /home/airflow/.local/lib/python3.7/site-packages/airflow/example_dags/example_nested_branch_dag.py took 0.092 seconds
[2024-01-04T23:18:09.982+0000] {processor.py:153} INFO - Started process (PID=1304) to work on /home/airflow/.local/lib/python3.7/site-packages/airflow/example_dags/example_nested_branch_dag.py
[2024-01-04T23:18:09.985+0000] {processor.py:743} INFO - Processing file /home/airflow/.local/lib/python3.7/site-packages/airflow/example_dags/example_nested_branch_dag.py for tasks to queue
[2024-01-04T23:18:09.988+0000] {logging_mixin.py:137} INFO - [2024-01-04T23:18:09.988+0000] {dagbag.py:538} INFO - Filling up the DagBag from /home/airflow/.local/lib/python3.7/site-packages/airflow/example_dags/example_nested_branch_dag.py
[2024-01-04T23:18:10.014+0000] {processor.py:753} INFO - DAG(s) dict_keys(['example_nested_branch_dag']) retrieved from /home/airflow/.local/lib/python3.7/site-packages/airflow/example_dags/example_nested_branch_dag.py
[2024-01-04T23:18:10.036+0000] {logging_mixin.py:137} INFO - [2024-01-04T23:18:10.035+0000] {dag.py:2690} INFO - Sync 1 DAGs
[2024-01-04T23:18:10.053+0000] {logging_mixin.py:137} INFO - [2024-01-04T23:18:10.053+0000] {dag.py:3441} INFO - Setting next_dagrun for example_nested_branch_dag to 2024-01-03T00:00:00+00:00, run_after=2024-01-04T00:00:00+00:00
[2024-01-04T23:18:10.065+0000] {processor.py:175} INFO - Processing /home/airflow/.local/lib/python3.7/site-packages/airflow/example_dags/example_nested_branch_dag.py took 0.092 seconds
[2024-01-04T23:18:40.926+0000] {processor.py:153} INFO - Started process (PID=1380) to work on /home/airflow/.local/lib/python3.7/site-packages/airflow/example_dags/example_nested_branch_dag.py
[2024-01-04T23:18:40.928+0000] {processor.py:743} INFO - Processing file /home/airflow/.local/lib/python3.7/site-packages/airflow/example_dags/example_nested_branch_dag.py for tasks to queue
[2024-01-04T23:18:40.930+0000] {logging_mixin.py:137} INFO - [2024-01-04T23:18:40.930+0000] {dagbag.py:538} INFO - Filling up the DagBag from /home/airflow/.local/lib/python3.7/site-packages/airflow/example_dags/example_nested_branch_dag.py
[2024-01-04T23:18:40.960+0000] {processor.py:753} INFO - DAG(s) dict_keys(['example_nested_branch_dag']) retrieved from /home/airflow/.local/lib/python3.7/site-packages/airflow/example_dags/example_nested_branch_dag.py
[2024-01-04T23:18:40.983+0000] {logging_mixin.py:137} INFO - [2024-01-04T23:18:40.983+0000] {dag.py:2690} INFO - Sync 1 DAGs
[2024-01-04T23:18:40.999+0000] {logging_mixin.py:137} INFO - [2024-01-04T23:18:40.999+0000] {dag.py:3441} INFO - Setting next_dagrun for example_nested_branch_dag to 2024-01-03T00:00:00+00:00, run_after=2024-01-04T00:00:00+00:00
[2024-01-04T23:18:41.016+0000] {processor.py:175} INFO - Processing /home/airflow/.local/lib/python3.7/site-packages/airflow/example_dags/example_nested_branch_dag.py took 0.097 seconds
[2024-01-04T23:19:11.858+0000] {processor.py:153} INFO - Started process (PID=1457) to work on /home/airflow/.local/lib/python3.7/site-packages/airflow/example_dags/example_nested_branch_dag.py
[2024-01-04T23:19:11.860+0000] {processor.py:743} INFO - Processing file /home/airflow/.local/lib/python3.7/site-packages/airflow/example_dags/example_nested_branch_dag.py for tasks to queue
[2024-01-04T23:19:11.862+0000] {logging_mixin.py:137} INFO - [2024-01-04T23:19:11.862+0000] {dagbag.py:538} INFO - Filling up the DagBag from /home/airflow/.local/lib/python3.7/site-packages/airflow/example_dags/example_nested_branch_dag.py
[2024-01-04T23:19:11.893+0000] {processor.py:753} INFO - DAG(s) dict_keys(['example_nested_branch_dag']) retrieved from /home/airflow/.local/lib/python3.7/site-packages/airflow/example_dags/example_nested_branch_dag.py
[2024-01-04T23:19:11.938+0000] {logging_mixin.py:137} INFO - [2024-01-04T23:19:11.938+0000] {dag.py:2690} INFO - Sync 1 DAGs
[2024-01-04T23:19:11.981+0000] {logging_mixin.py:137} INFO - [2024-01-04T23:19:11.980+0000] {dag.py:3441} INFO - Setting next_dagrun for example_nested_branch_dag to 2024-01-03T00:00:00+00:00, run_after=2024-01-04T00:00:00+00:00
[2024-01-04T23:19:12.005+0000] {processor.py:175} INFO - Processing /home/airflow/.local/lib/python3.7/site-packages/airflow/example_dags/example_nested_branch_dag.py took 0.156 seconds
[2024-01-04T23:19:42.942+0000] {processor.py:153} INFO - Started process (PID=1521) to work on /home/airflow/.local/lib/python3.7/site-packages/airflow/example_dags/example_nested_branch_dag.py
[2024-01-04T23:19:42.944+0000] {processor.py:743} INFO - Processing file /home/airflow/.local/lib/python3.7/site-packages/airflow/example_dags/example_nested_branch_dag.py for tasks to queue
[2024-01-04T23:19:42.946+0000] {logging_mixin.py:137} INFO - [2024-01-04T23:19:42.945+0000] {dagbag.py:538} INFO - Filling up the DagBag from /home/airflow/.local/lib/python3.7/site-packages/airflow/example_dags/example_nested_branch_dag.py
[2024-01-04T23:19:42.968+0000] {processor.py:753} INFO - DAG(s) dict_keys(['example_nested_branch_dag']) retrieved from /home/airflow/.local/lib/python3.7/site-packages/airflow/example_dags/example_nested_branch_dag.py
[2024-01-04T23:19:42.989+0000] {logging_mixin.py:137} INFO - [2024-01-04T23:19:42.989+0000] {dag.py:2690} INFO - Sync 1 DAGs
[2024-01-04T23:19:43.006+0000] {logging_mixin.py:137} INFO - [2024-01-04T23:19:43.005+0000] {dag.py:3441} INFO - Setting next_dagrun for example_nested_branch_dag to 2024-01-03T00:00:00+00:00, run_after=2024-01-04T00:00:00+00:00
[2024-01-04T23:19:43.018+0000] {processor.py:175} INFO - Processing /home/airflow/.local/lib/python3.7/site-packages/airflow/example_dags/example_nested_branch_dag.py took 0.081 seconds
[2024-01-04T23:20:13.248+0000] {processor.py:153} INFO - Started process (PID=1596) to work on /home/airflow/.local/lib/python3.7/site-packages/airflow/example_dags/example_nested_branch_dag.py
[2024-01-04T23:20:13.251+0000] {processor.py:743} INFO - Processing file /home/airflow/.local/lib/python3.7/site-packages/airflow/example_dags/example_nested_branch_dag.py for tasks to queue
[2024-01-04T23:20:13.253+0000] {logging_mixin.py:137} INFO - [2024-01-04T23:20:13.252+0000] {dagbag.py:538} INFO - Filling up the DagBag from /home/airflow/.local/lib/python3.7/site-packages/airflow/example_dags/example_nested_branch_dag.py
[2024-01-04T23:20:13.280+0000] {processor.py:753} INFO - DAG(s) dict_keys(['example_nested_branch_dag']) retrieved from /home/airflow/.local/lib/python3.7/site-packages/airflow/example_dags/example_nested_branch_dag.py
[2024-01-04T23:20:13.303+0000] {logging_mixin.py:137} INFO - [2024-01-04T23:20:13.303+0000] {dag.py:2690} INFO - Sync 1 DAGs
[2024-01-04T23:20:13.320+0000] {logging_mixin.py:137} INFO - [2024-01-04T23:20:13.320+0000] {dag.py:3441} INFO - Setting next_dagrun for example_nested_branch_dag to 2024-01-03T00:00:00+00:00, run_after=2024-01-04T00:00:00+00:00
[2024-01-04T23:20:13.333+0000] {processor.py:175} INFO - Processing /home/airflow/.local/lib/python3.7/site-packages/airflow/example_dags/example_nested_branch_dag.py took 0.092 seconds
[2024-01-04T23:20:43.484+0000] {processor.py:153} INFO - Started process (PID=1659) to work on /home/airflow/.local/lib/python3.7/site-packages/airflow/example_dags/example_nested_branch_dag.py
[2024-01-04T23:20:43.487+0000] {processor.py:743} INFO - Processing file /home/airflow/.local/lib/python3.7/site-packages/airflow/example_dags/example_nested_branch_dag.py for tasks to queue
[2024-01-04T23:20:43.488+0000] {logging_mixin.py:137} INFO - [2024-01-04T23:20:43.488+0000] {dagbag.py:538} INFO - Filling up the DagBag from /home/airflow/.local/lib/python3.7/site-packages/airflow/example_dags/example_nested_branch_dag.py
[2024-01-04T23:20:43.527+0000] {processor.py:753} INFO - DAG(s) dict_keys(['example_nested_branch_dag']) retrieved from /home/airflow/.local/lib/python3.7/site-packages/airflow/example_dags/example_nested_branch_dag.py
[2024-01-04T23:20:43.556+0000] {logging_mixin.py:137} INFO - [2024-01-04T23:20:43.556+0000] {dag.py:2690} INFO - Sync 1 DAGs
[2024-01-04T23:20:43.584+0000] {logging_mixin.py:137} INFO - [2024-01-04T23:20:43.584+0000] {dag.py:3441} INFO - Setting next_dagrun for example_nested_branch_dag to 2024-01-03T00:00:00+00:00, run_after=2024-01-04T00:00:00+00:00
[2024-01-04T23:20:43.604+0000] {processor.py:175} INFO - Processing /home/airflow/.local/lib/python3.7/site-packages/airflow/example_dags/example_nested_branch_dag.py took 0.128 seconds
[2024-01-04T23:21:13.906+0000] {processor.py:153} INFO - Started process (PID=1734) to work on /home/airflow/.local/lib/python3.7/site-packages/airflow/example_dags/example_nested_branch_dag.py
[2024-01-04T23:21:13.908+0000] {processor.py:743} INFO - Processing file /home/airflow/.local/lib/python3.7/site-packages/airflow/example_dags/example_nested_branch_dag.py for tasks to queue
[2024-01-04T23:21:13.909+0000] {logging_mixin.py:137} INFO - [2024-01-04T23:21:13.909+0000] {dagbag.py:538} INFO - Filling up the DagBag from /home/airflow/.local/lib/python3.7/site-packages/airflow/example_dags/example_nested_branch_dag.py
[2024-01-04T23:21:13.930+0000] {processor.py:753} INFO - DAG(s) dict_keys(['example_nested_branch_dag']) retrieved from /home/airflow/.local/lib/python3.7/site-packages/airflow/example_dags/example_nested_branch_dag.py
[2024-01-04T23:21:13.953+0000] {logging_mixin.py:137} INFO - [2024-01-04T23:21:13.952+0000] {dag.py:2690} INFO - Sync 1 DAGs
[2024-01-04T23:21:13.971+0000] {logging_mixin.py:137} INFO - [2024-01-04T23:21:13.971+0000] {dag.py:3441} INFO - Setting next_dagrun for example_nested_branch_dag to 2024-01-03T00:00:00+00:00, run_after=2024-01-04T00:00:00+00:00
[2024-01-04T23:21:13.985+0000] {processor.py:175} INFO - Processing /home/airflow/.local/lib/python3.7/site-packages/airflow/example_dags/example_nested_branch_dag.py took 0.084 seconds
[2024-01-04T23:21:44.083+0000] {processor.py:153} INFO - Started process (PID=1797) to work on /home/airflow/.local/lib/python3.7/site-packages/airflow/example_dags/example_nested_branch_dag.py
[2024-01-04T23:21:44.085+0000] {processor.py:743} INFO - Processing file /home/airflow/.local/lib/python3.7/site-packages/airflow/example_dags/example_nested_branch_dag.py for tasks to queue
[2024-01-04T23:21:44.086+0000] {logging_mixin.py:137} INFO - [2024-01-04T23:21:44.086+0000] {dagbag.py:538} INFO - Filling up the DagBag from /home/airflow/.local/lib/python3.7/site-packages/airflow/example_dags/example_nested_branch_dag.py
[2024-01-04T23:21:44.111+0000] {processor.py:753} INFO - DAG(s) dict_keys(['example_nested_branch_dag']) retrieved from /home/airflow/.local/lib/python3.7/site-packages/airflow/example_dags/example_nested_branch_dag.py
[2024-01-04T23:21:44.132+0000] {logging_mixin.py:137} INFO - [2024-01-04T23:21:44.132+0000] {dag.py:2690} INFO - Sync 1 DAGs
[2024-01-04T23:21:44.149+0000] {logging_mixin.py:137} INFO - [2024-01-04T23:21:44.149+0000] {dag.py:3441} INFO - Setting next_dagrun for example_nested_branch_dag to 2024-01-03T00:00:00+00:00, run_after=2024-01-04T00:00:00+00:00
[2024-01-04T23:21:44.161+0000] {processor.py:175} INFO - Processing /home/airflow/.local/lib/python3.7/site-packages/airflow/example_dags/example_nested_branch_dag.py took 0.086 seconds
[2024-01-04T23:22:14.910+0000] {processor.py:153} INFO - Started process (PID=1872) to work on /home/airflow/.local/lib/python3.7/site-packages/airflow/example_dags/example_nested_branch_dag.py
[2024-01-04T23:22:14.912+0000] {processor.py:743} INFO - Processing file /home/airflow/.local/lib/python3.7/site-packages/airflow/example_dags/example_nested_branch_dag.py for tasks to queue
[2024-01-04T23:22:14.913+0000] {logging_mixin.py:137} INFO - [2024-01-04T23:22:14.913+0000] {dagbag.py:538} INFO - Filling up the DagBag from /home/airflow/.local/lib/python3.7/site-packages/airflow/example_dags/example_nested_branch_dag.py
[2024-01-04T23:22:14.932+0000] {processor.py:753} INFO - DAG(s) dict_keys(['example_nested_branch_dag']) retrieved from /home/airflow/.local/lib/python3.7/site-packages/airflow/example_dags/example_nested_branch_dag.py
[2024-01-04T23:22:14.957+0000] {logging_mixin.py:137} INFO - [2024-01-04T23:22:14.957+0000] {dag.py:2690} INFO - Sync 1 DAGs
[2024-01-04T23:22:14.978+0000] {logging_mixin.py:137} INFO - [2024-01-04T23:22:14.978+0000] {dag.py:3441} INFO - Setting next_dagrun for example_nested_branch_dag to 2024-01-03T00:00:00+00:00, run_after=2024-01-04T00:00:00+00:00
[2024-01-04T23:22:14.993+0000] {processor.py:175} INFO - Processing /home/airflow/.local/lib/python3.7/site-packages/airflow/example_dags/example_nested_branch_dag.py took 0.087 seconds
[2024-01-04T23:22:45.601+0000] {processor.py:153} INFO - Started process (PID=1947) to work on /home/airflow/.local/lib/python3.7/site-packages/airflow/example_dags/example_nested_branch_dag.py
[2024-01-04T23:22:45.604+0000] {processor.py:743} INFO - Processing file /home/airflow/.local/lib/python3.7/site-packages/airflow/example_dags/example_nested_branch_dag.py for tasks to queue
[2024-01-04T23:22:45.606+0000] {logging_mixin.py:137} INFO - [2024-01-04T23:22:45.606+0000] {dagbag.py:538} INFO - Filling up the DagBag from /home/airflow/.local/lib/python3.7/site-packages/airflow/example_dags/example_nested_branch_dag.py
[2024-01-04T23:22:45.652+0000] {processor.py:753} INFO - DAG(s) dict_keys(['example_nested_branch_dag']) retrieved from /home/airflow/.local/lib/python3.7/site-packages/airflow/example_dags/example_nested_branch_dag.py
[2024-01-04T23:22:45.683+0000] {logging_mixin.py:137} INFO - [2024-01-04T23:22:45.683+0000] {dag.py:2690} INFO - Sync 1 DAGs
[2024-01-04T23:22:45.705+0000] {logging_mixin.py:137} INFO - [2024-01-04T23:22:45.705+0000] {dag.py:3441} INFO - Setting next_dagrun for example_nested_branch_dag to 2024-01-03T00:00:00+00:00, run_after=2024-01-04T00:00:00+00:00
[2024-01-04T23:22:45.717+0000] {processor.py:175} INFO - Processing /home/airflow/.local/lib/python3.7/site-packages/airflow/example_dags/example_nested_branch_dag.py took 0.125 seconds
[2024-01-04T23:23:16.405+0000] {processor.py:153} INFO - Started process (PID=2011) to work on /home/airflow/.local/lib/python3.7/site-packages/airflow/example_dags/example_nested_branch_dag.py
[2024-01-04T23:23:16.407+0000] {processor.py:743} INFO - Processing file /home/airflow/.local/lib/python3.7/site-packages/airflow/example_dags/example_nested_branch_dag.py for tasks to queue
[2024-01-04T23:23:16.408+0000] {logging_mixin.py:137} INFO - [2024-01-04T23:23:16.408+0000] {dagbag.py:538} INFO - Filling up the DagBag from /home/airflow/.local/lib/python3.7/site-packages/airflow/example_dags/example_nested_branch_dag.py
[2024-01-04T23:23:16.434+0000] {processor.py:753} INFO - DAG(s) dict_keys(['example_nested_branch_dag']) retrieved from /home/airflow/.local/lib/python3.7/site-packages/airflow/example_dags/example_nested_branch_dag.py
[2024-01-04T23:23:16.455+0000] {logging_mixin.py:137} INFO - [2024-01-04T23:23:16.455+0000] {dag.py:2690} INFO - Sync 1 DAGs
[2024-01-04T23:23:16.472+0000] {logging_mixin.py:137} INFO - [2024-01-04T23:23:16.472+0000] {dag.py:3441} INFO - Setting next_dagrun for example_nested_branch_dag to 2024-01-03T00:00:00+00:00, run_after=2024-01-04T00:00:00+00:00
[2024-01-04T23:23:16.484+0000] {processor.py:175} INFO - Processing /home/airflow/.local/lib/python3.7/site-packages/airflow/example_dags/example_nested_branch_dag.py took 0.085 seconds
[2024-01-04T23:23:46.975+0000] {processor.py:153} INFO - Started process (PID=2088) to work on /home/airflow/.local/lib/python3.7/site-packages/airflow/example_dags/example_nested_branch_dag.py
[2024-01-04T23:23:46.978+0000] {processor.py:743} INFO - Processing file /home/airflow/.local/lib/python3.7/site-packages/airflow/example_dags/example_nested_branch_dag.py for tasks to queue
[2024-01-04T23:23:46.978+0000] {logging_mixin.py:137} INFO - [2024-01-04T23:23:46.978+0000] {dagbag.py:538} INFO - Filling up the DagBag from /home/airflow/.local/lib/python3.7/site-packages/airflow/example_dags/example_nested_branch_dag.py
[2024-01-04T23:23:46.997+0000] {processor.py:753} INFO - DAG(s) dict_keys(['example_nested_branch_dag']) retrieved from /home/airflow/.local/lib/python3.7/site-packages/airflow/example_dags/example_nested_branch_dag.py
[2024-01-04T23:23:47.026+0000] {logging_mixin.py:137} INFO - [2024-01-04T23:23:47.026+0000] {dag.py:2690} INFO - Sync 1 DAGs
[2024-01-04T23:23:47.055+0000] {logging_mixin.py:137} INFO - [2024-01-04T23:23:47.055+0000] {dag.py:3441} INFO - Setting next_dagrun for example_nested_branch_dag to 2024-01-03T00:00:00+00:00, run_after=2024-01-04T00:00:00+00:00
[2024-01-04T23:23:47.074+0000] {processor.py:175} INFO - Processing /home/airflow/.local/lib/python3.7/site-packages/airflow/example_dags/example_nested_branch_dag.py took 0.102 seconds
[2024-01-04T23:24:17.954+0000] {processor.py:153} INFO - Started process (PID=2151) to work on /home/airflow/.local/lib/python3.7/site-packages/airflow/example_dags/example_nested_branch_dag.py
[2024-01-04T23:24:17.956+0000] {processor.py:743} INFO - Processing file /home/airflow/.local/lib/python3.7/site-packages/airflow/example_dags/example_nested_branch_dag.py for tasks to queue
[2024-01-04T23:24:17.958+0000] {logging_mixin.py:137} INFO - [2024-01-04T23:24:17.958+0000] {dagbag.py:538} INFO - Filling up the DagBag from /home/airflow/.local/lib/python3.7/site-packages/airflow/example_dags/example_nested_branch_dag.py
[2024-01-04T23:24:17.983+0000] {processor.py:753} INFO - DAG(s) dict_keys(['example_nested_branch_dag']) retrieved from /home/airflow/.local/lib/python3.7/site-packages/airflow/example_dags/example_nested_branch_dag.py
[2024-01-04T23:24:18.005+0000] {logging_mixin.py:137} INFO - [2024-01-04T23:24:18.005+0000] {dag.py:2690} INFO - Sync 1 DAGs
[2024-01-04T23:24:18.021+0000] {logging_mixin.py:137} INFO - [2024-01-04T23:24:18.021+0000] {dag.py:3441} INFO - Setting next_dagrun for example_nested_branch_dag to 2024-01-03T00:00:00+00:00, run_after=2024-01-04T00:00:00+00:00
[2024-01-04T23:24:18.032+0000] {processor.py:175} INFO - Processing /home/airflow/.local/lib/python3.7/site-packages/airflow/example_dags/example_nested_branch_dag.py took 0.084 seconds
[2024-01-04T23:24:48.099+0000] {processor.py:153} INFO - Started process (PID=2226) to work on /home/airflow/.local/lib/python3.7/site-packages/airflow/example_dags/example_nested_branch_dag.py
[2024-01-04T23:24:48.100+0000] {processor.py:743} INFO - Processing file /home/airflow/.local/lib/python3.7/site-packages/airflow/example_dags/example_nested_branch_dag.py for tasks to queue
[2024-01-04T23:24:48.101+0000] {logging_mixin.py:137} INFO - [2024-01-04T23:24:48.100+0000] {dagbag.py:538} INFO - Filling up the DagBag from /home/airflow/.local/lib/python3.7/site-packages/airflow/example_dags/example_nested_branch_dag.py
[2024-01-04T23:24:48.117+0000] {processor.py:753} INFO - DAG(s) dict_keys(['example_nested_branch_dag']) retrieved from /home/airflow/.local/lib/python3.7/site-packages/airflow/example_dags/example_nested_branch_dag.py
[2024-01-04T23:24:48.137+0000] {logging_mixin.py:137} INFO - [2024-01-04T23:24:48.137+0000] {dag.py:2690} INFO - Sync 1 DAGs
[2024-01-04T23:24:48.153+0000] {logging_mixin.py:137} INFO - [2024-01-04T23:24:48.152+0000] {dag.py:3441} INFO - Setting next_dagrun for example_nested_branch_dag to 2024-01-03T00:00:00+00:00, run_after=2024-01-04T00:00:00+00:00
[2024-01-04T23:24:48.166+0000] {processor.py:175} INFO - Processing /home/airflow/.local/lib/python3.7/site-packages/airflow/example_dags/example_nested_branch_dag.py took 0.070 seconds
[2024-01-04T23:25:19.555+0000] {processor.py:153} INFO - Started process (PID=2302) to work on /home/airflow/.local/lib/python3.7/site-packages/airflow/example_dags/example_nested_branch_dag.py
[2024-01-04T23:25:19.567+0000] {processor.py:743} INFO - Processing file /home/airflow/.local/lib/python3.7/site-packages/airflow/example_dags/example_nested_branch_dag.py for tasks to queue
[2024-01-04T23:25:19.568+0000] {logging_mixin.py:137} INFO - [2024-01-04T23:25:19.568+0000] {dagbag.py:538} INFO - Filling up the DagBag from /home/airflow/.local/lib/python3.7/site-packages/airflow/example_dags/example_nested_branch_dag.py
[2024-01-04T23:25:19.589+0000] {processor.py:753} INFO - DAG(s) dict_keys(['example_nested_branch_dag']) retrieved from /home/airflow/.local/lib/python3.7/site-packages/airflow/example_dags/example_nested_branch_dag.py
[2024-01-04T23:25:19.653+0000] {logging_mixin.py:137} INFO - [2024-01-04T23:25:19.652+0000] {dag.py:2690} INFO - Sync 1 DAGs
[2024-01-04T23:25:19.703+0000] {logging_mixin.py:137} INFO - [2024-01-04T23:25:19.702+0000] {dag.py:3441} INFO - Setting next_dagrun for example_nested_branch_dag to 2024-01-03T00:00:00+00:00, run_after=2024-01-04T00:00:00+00:00
[2024-01-04T23:25:19.719+0000] {processor.py:175} INFO - Processing /home/airflow/.local/lib/python3.7/site-packages/airflow/example_dags/example_nested_branch_dag.py took 0.172 seconds
[2024-01-04T23:25:50.646+0000] {processor.py:153} INFO - Started process (PID=2365) to work on /home/airflow/.local/lib/python3.7/site-packages/airflow/example_dags/example_nested_branch_dag.py
[2024-01-04T23:25:50.649+0000] {processor.py:743} INFO - Processing file /home/airflow/.local/lib/python3.7/site-packages/airflow/example_dags/example_nested_branch_dag.py for tasks to queue
[2024-01-04T23:25:50.650+0000] {logging_mixin.py:137} INFO - [2024-01-04T23:25:50.650+0000] {dagbag.py:538} INFO - Filling up the DagBag from /home/airflow/.local/lib/python3.7/site-packages/airflow/example_dags/example_nested_branch_dag.py
[2024-01-04T23:25:50.676+0000] {processor.py:753} INFO - DAG(s) dict_keys(['example_nested_branch_dag']) retrieved from /home/airflow/.local/lib/python3.7/site-packages/airflow/example_dags/example_nested_branch_dag.py
[2024-01-04T23:25:50.698+0000] {logging_mixin.py:137} INFO - [2024-01-04T23:25:50.697+0000] {dag.py:2690} INFO - Sync 1 DAGs
[2024-01-04T23:25:50.714+0000] {logging_mixin.py:137} INFO - [2024-01-04T23:25:50.714+0000] {dag.py:3441} INFO - Setting next_dagrun for example_nested_branch_dag to 2024-01-03T00:00:00+00:00, run_after=2024-01-04T00:00:00+00:00
[2024-01-04T23:25:50.725+0000] {processor.py:175} INFO - Processing /home/airflow/.local/lib/python3.7/site-packages/airflow/example_dags/example_nested_branch_dag.py took 0.087 seconds
[2024-01-04T23:26:21.435+0000] {processor.py:153} INFO - Started process (PID=2439) to work on /home/airflow/.local/lib/python3.7/site-packages/airflow/example_dags/example_nested_branch_dag.py
[2024-01-04T23:26:21.436+0000] {processor.py:743} INFO - Processing file /home/airflow/.local/lib/python3.7/site-packages/airflow/example_dags/example_nested_branch_dag.py for tasks to queue
[2024-01-04T23:26:21.437+0000] {logging_mixin.py:137} INFO - [2024-01-04T23:26:21.437+0000] {dagbag.py:538} INFO - Filling up the DagBag from /home/airflow/.local/lib/python3.7/site-packages/airflow/example_dags/example_nested_branch_dag.py
[2024-01-04T23:26:21.460+0000] {processor.py:753} INFO - DAG(s) dict_keys(['example_nested_branch_dag']) retrieved from /home/airflow/.local/lib/python3.7/site-packages/airflow/example_dags/example_nested_branch_dag.py
[2024-01-04T23:26:21.485+0000] {logging_mixin.py:137} INFO - [2024-01-04T23:26:21.485+0000] {dag.py:2690} INFO - Sync 1 DAGs
[2024-01-04T23:26:21.504+0000] {logging_mixin.py:137} INFO - [2024-01-04T23:26:21.503+0000] {dag.py:3441} INFO - Setting next_dagrun for example_nested_branch_dag to 2024-01-03T00:00:00+00:00, run_after=2024-01-04T00:00:00+00:00
[2024-01-04T23:26:21.517+0000] {processor.py:175} INFO - Processing /home/airflow/.local/lib/python3.7/site-packages/airflow/example_dags/example_nested_branch_dag.py took 0.086 seconds
[2024-01-04T23:26:52.265+0000] {processor.py:153} INFO - Started process (PID=2502) to work on /home/airflow/.local/lib/python3.7/site-packages/airflow/example_dags/example_nested_branch_dag.py
[2024-01-04T23:26:52.267+0000] {processor.py:743} INFO - Processing file /home/airflow/.local/lib/python3.7/site-packages/airflow/example_dags/example_nested_branch_dag.py for tasks to queue
[2024-01-04T23:26:52.268+0000] {logging_mixin.py:137} INFO - [2024-01-04T23:26:52.268+0000] {dagbag.py:538} INFO - Filling up the DagBag from /home/airflow/.local/lib/python3.7/site-packages/airflow/example_dags/example_nested_branch_dag.py
[2024-01-04T23:26:52.286+0000] {processor.py:753} INFO - DAG(s) dict_keys(['example_nested_branch_dag']) retrieved from /home/airflow/.local/lib/python3.7/site-packages/airflow/example_dags/example_nested_branch_dag.py
[2024-01-04T23:26:52.307+0000] {logging_mixin.py:137} INFO - [2024-01-04T23:26:52.307+0000] {dag.py:2690} INFO - Sync 1 DAGs
[2024-01-04T23:26:52.326+0000] {logging_mixin.py:137} INFO - [2024-01-04T23:26:52.326+0000] {dag.py:3441} INFO - Setting next_dagrun for example_nested_branch_dag to 2024-01-03T00:00:00+00:00, run_after=2024-01-04T00:00:00+00:00
[2024-01-04T23:26:52.340+0000] {processor.py:175} INFO - Processing /home/airflow/.local/lib/python3.7/site-packages/airflow/example_dags/example_nested_branch_dag.py took 0.077 seconds
[2024-01-04T23:27:22.832+0000] {processor.py:153} INFO - Started process (PID=2577) to work on /home/airflow/.local/lib/python3.7/site-packages/airflow/example_dags/example_nested_branch_dag.py
[2024-01-04T23:27:22.834+0000] {processor.py:743} INFO - Processing file /home/airflow/.local/lib/python3.7/site-packages/airflow/example_dags/example_nested_branch_dag.py for tasks to queue
[2024-01-04T23:27:22.835+0000] {logging_mixin.py:137} INFO - [2024-01-04T23:27:22.835+0000] {dagbag.py:538} INFO - Filling up the DagBag from /home/airflow/.local/lib/python3.7/site-packages/airflow/example_dags/example_nested_branch_dag.py
[2024-01-04T23:27:22.859+0000] {processor.py:753} INFO - DAG(s) dict_keys(['example_nested_branch_dag']) retrieved from /home/airflow/.local/lib/python3.7/site-packages/airflow/example_dags/example_nested_branch_dag.py
[2024-01-04T23:27:22.900+0000] {logging_mixin.py:137} INFO - [2024-01-04T23:27:22.900+0000] {dag.py:2690} INFO - Sync 1 DAGs
[2024-01-04T23:27:22.921+0000] {logging_mixin.py:137} INFO - [2024-01-04T23:27:22.921+0000] {dag.py:3441} INFO - Setting next_dagrun for example_nested_branch_dag to 2024-01-03T00:00:00+00:00, run_after=2024-01-04T00:00:00+00:00
[2024-01-04T23:27:22.933+0000] {processor.py:175} INFO - Processing /home/airflow/.local/lib/python3.7/site-packages/airflow/example_dags/example_nested_branch_dag.py took 0.106 seconds
[2024-01-04T23:27:53.365+0000] {processor.py:153} INFO - Started process (PID=2653) to work on /home/airflow/.local/lib/python3.7/site-packages/airflow/example_dags/example_nested_branch_dag.py
[2024-01-04T23:27:53.366+0000] {processor.py:743} INFO - Processing file /home/airflow/.local/lib/python3.7/site-packages/airflow/example_dags/example_nested_branch_dag.py for tasks to queue
[2024-01-04T23:27:53.367+0000] {logging_mixin.py:137} INFO - [2024-01-04T23:27:53.367+0000] {dagbag.py:538} INFO - Filling up the DagBag from /home/airflow/.local/lib/python3.7/site-packages/airflow/example_dags/example_nested_branch_dag.py
[2024-01-04T23:27:53.386+0000] {processor.py:753} INFO - DAG(s) dict_keys(['example_nested_branch_dag']) retrieved from /home/airflow/.local/lib/python3.7/site-packages/airflow/example_dags/example_nested_branch_dag.py
[2024-01-04T23:27:53.407+0000] {logging_mixin.py:137} INFO - [2024-01-04T23:27:53.407+0000] {dag.py:2690} INFO - Sync 1 DAGs
[2024-01-04T23:27:53.424+0000] {logging_mixin.py:137} INFO - [2024-01-04T23:27:53.424+0000] {dag.py:3441} INFO - Setting next_dagrun for example_nested_branch_dag to 2024-01-03T00:00:00+00:00, run_after=2024-01-04T00:00:00+00:00
[2024-01-04T23:27:53.436+0000] {processor.py:175} INFO - Processing /home/airflow/.local/lib/python3.7/site-packages/airflow/example_dags/example_nested_branch_dag.py took 0.075 seconds
[2024-01-04T23:28:24.072+0000] {processor.py:153} INFO - Started process (PID=2717) to work on /home/airflow/.local/lib/python3.7/site-packages/airflow/example_dags/example_nested_branch_dag.py
[2024-01-04T23:28:24.074+0000] {processor.py:743} INFO - Processing file /home/airflow/.local/lib/python3.7/site-packages/airflow/example_dags/example_nested_branch_dag.py for tasks to queue
[2024-01-04T23:28:24.075+0000] {logging_mixin.py:137} INFO - [2024-01-04T23:28:24.075+0000] {dagbag.py:538} INFO - Filling up the DagBag from /home/airflow/.local/lib/python3.7/site-packages/airflow/example_dags/example_nested_branch_dag.py
[2024-01-04T23:28:24.097+0000] {processor.py:753} INFO - DAG(s) dict_keys(['example_nested_branch_dag']) retrieved from /home/airflow/.local/lib/python3.7/site-packages/airflow/example_dags/example_nested_branch_dag.py
[2024-01-04T23:28:24.137+0000] {logging_mixin.py:137} INFO - [2024-01-04T23:28:24.136+0000] {dag.py:2690} INFO - Sync 1 DAGs
[2024-01-04T23:28:24.167+0000] {logging_mixin.py:137} INFO - [2024-01-04T23:28:24.167+0000] {dag.py:3441} INFO - Setting next_dagrun for example_nested_branch_dag to 2024-01-03T00:00:00+00:00, run_after=2024-01-04T00:00:00+00:00
[2024-01-04T23:28:24.195+0000] {processor.py:175} INFO - Processing /home/airflow/.local/lib/python3.7/site-packages/airflow/example_dags/example_nested_branch_dag.py took 0.127 seconds
[2024-01-04T23:28:54.908+0000] {processor.py:153} INFO - Started process (PID=2793) to work on /home/airflow/.local/lib/python3.7/site-packages/airflow/example_dags/example_nested_branch_dag.py
[2024-01-04T23:28:54.912+0000] {processor.py:743} INFO - Processing file /home/airflow/.local/lib/python3.7/site-packages/airflow/example_dags/example_nested_branch_dag.py for tasks to queue
[2024-01-04T23:28:54.914+0000] {logging_mixin.py:137} INFO - [2024-01-04T23:28:54.913+0000] {dagbag.py:538} INFO - Filling up the DagBag from /home/airflow/.local/lib/python3.7/site-packages/airflow/example_dags/example_nested_branch_dag.py
[2024-01-04T23:28:54.945+0000] {processor.py:753} INFO - DAG(s) dict_keys(['example_nested_branch_dag']) retrieved from /home/airflow/.local/lib/python3.7/site-packages/airflow/example_dags/example_nested_branch_dag.py
[2024-01-04T23:28:54.970+0000] {logging_mixin.py:137} INFO - [2024-01-04T23:28:54.970+0000] {dag.py:2690} INFO - Sync 1 DAGs
[2024-01-04T23:28:54.992+0000] {logging_mixin.py:137} INFO - [2024-01-04T23:28:54.992+0000] {dag.py:3441} INFO - Setting next_dagrun for example_nested_branch_dag to 2024-01-03T00:00:00+00:00, run_after=2024-01-04T00:00:00+00:00
[2024-01-04T23:28:55.005+0000] {processor.py:175} INFO - Processing /home/airflow/.local/lib/python3.7/site-packages/airflow/example_dags/example_nested_branch_dag.py took 0.103 seconds
[2024-01-04T23:29:25.736+0000] {processor.py:153} INFO - Started process (PID=2862) to work on /home/airflow/.local/lib/python3.7/site-packages/airflow/example_dags/example_nested_branch_dag.py
[2024-01-04T23:29:25.744+0000] {processor.py:743} INFO - Processing file /home/airflow/.local/lib/python3.7/site-packages/airflow/example_dags/example_nested_branch_dag.py for tasks to queue
[2024-01-04T23:29:25.750+0000] {logging_mixin.py:137} INFO - [2024-01-04T23:29:25.750+0000] {dagbag.py:538} INFO - Filling up the DagBag from /home/airflow/.local/lib/python3.7/site-packages/airflow/example_dags/example_nested_branch_dag.py
[2024-01-04T23:29:25.772+0000] {processor.py:753} INFO - DAG(s) dict_keys(['example_nested_branch_dag']) retrieved from /home/airflow/.local/lib/python3.7/site-packages/airflow/example_dags/example_nested_branch_dag.py
[2024-01-04T23:29:25.805+0000] {logging_mixin.py:137} INFO - [2024-01-04T23:29:25.805+0000] {dag.py:2690} INFO - Sync 1 DAGs
[2024-01-04T23:29:25.828+0000] {logging_mixin.py:137} INFO - [2024-01-04T23:29:25.827+0000] {dag.py:3441} INFO - Setting next_dagrun for example_nested_branch_dag to 2024-01-03T00:00:00+00:00, run_after=2024-01-04T00:00:00+00:00
[2024-01-04T23:29:25.848+0000] {processor.py:175} INFO - Processing /home/airflow/.local/lib/python3.7/site-packages/airflow/example_dags/example_nested_branch_dag.py took 0.117 seconds
[2024-01-04T23:29:56.161+0000] {processor.py:153} INFO - Started process (PID=2929) to work on /home/airflow/.local/lib/python3.7/site-packages/airflow/example_dags/example_nested_branch_dag.py
[2024-01-04T23:29:56.165+0000] {processor.py:743} INFO - Processing file /home/airflow/.local/lib/python3.7/site-packages/airflow/example_dags/example_nested_branch_dag.py for tasks to queue
[2024-01-04T23:29:56.168+0000] {logging_mixin.py:137} INFO - [2024-01-04T23:29:56.167+0000] {dagbag.py:538} INFO - Filling up the DagBag from /home/airflow/.local/lib/python3.7/site-packages/airflow/example_dags/example_nested_branch_dag.py
[2024-01-04T23:29:56.201+0000] {processor.py:753} INFO - DAG(s) dict_keys(['example_nested_branch_dag']) retrieved from /home/airflow/.local/lib/python3.7/site-packages/airflow/example_dags/example_nested_branch_dag.py
[2024-01-04T23:29:56.234+0000] {logging_mixin.py:137} INFO - [2024-01-04T23:29:56.234+0000] {dag.py:2690} INFO - Sync 1 DAGs
[2024-01-04T23:29:56.259+0000] {logging_mixin.py:137} INFO - [2024-01-04T23:29:56.259+0000] {dag.py:3441} INFO - Setting next_dagrun for example_nested_branch_dag to 2024-01-03T00:00:00+00:00, run_after=2024-01-04T00:00:00+00:00
[2024-01-04T23:29:56.274+0000] {processor.py:175} INFO - Processing /home/airflow/.local/lib/python3.7/site-packages/airflow/example_dags/example_nested_branch_dag.py took 0.121 seconds
[2024-01-04T23:30:26.429+0000] {processor.py:153} INFO - Started process (PID=3004) to work on /home/airflow/.local/lib/python3.7/site-packages/airflow/example_dags/example_nested_branch_dag.py
[2024-01-04T23:30:26.430+0000] {processor.py:743} INFO - Processing file /home/airflow/.local/lib/python3.7/site-packages/airflow/example_dags/example_nested_branch_dag.py for tasks to queue
[2024-01-04T23:30:26.432+0000] {logging_mixin.py:137} INFO - [2024-01-04T23:30:26.432+0000] {dagbag.py:538} INFO - Filling up the DagBag from /home/airflow/.local/lib/python3.7/site-packages/airflow/example_dags/example_nested_branch_dag.py
[2024-01-04T23:30:26.501+0000] {processor.py:753} INFO - DAG(s) dict_keys(['example_nested_branch_dag']) retrieved from /home/airflow/.local/lib/python3.7/site-packages/airflow/example_dags/example_nested_branch_dag.py
[2024-01-04T23:30:26.554+0000] {logging_mixin.py:137} INFO - [2024-01-04T23:30:26.553+0000] {dag.py:2690} INFO - Sync 1 DAGs
[2024-01-04T23:30:26.660+0000] {logging_mixin.py:137} INFO - [2024-01-04T23:30:26.660+0000] {dag.py:3441} INFO - Setting next_dagrun for example_nested_branch_dag to 2024-01-03T00:00:00+00:00, run_after=2024-01-04T00:00:00+00:00
[2024-01-04T23:30:26.706+0000] {processor.py:175} INFO - Processing /home/airflow/.local/lib/python3.7/site-packages/airflow/example_dags/example_nested_branch_dag.py took 0.290 seconds
[2024-01-04T23:30:57.425+0000] {processor.py:153} INFO - Started process (PID=3068) to work on /home/airflow/.local/lib/python3.7/site-packages/airflow/example_dags/example_nested_branch_dag.py
[2024-01-04T23:30:57.427+0000] {processor.py:743} INFO - Processing file /home/airflow/.local/lib/python3.7/site-packages/airflow/example_dags/example_nested_branch_dag.py for tasks to queue
[2024-01-04T23:30:57.428+0000] {logging_mixin.py:137} INFO - [2024-01-04T23:30:57.428+0000] {dagbag.py:538} INFO - Filling up the DagBag from /home/airflow/.local/lib/python3.7/site-packages/airflow/example_dags/example_nested_branch_dag.py
[2024-01-04T23:30:57.454+0000] {processor.py:753} INFO - DAG(s) dict_keys(['example_nested_branch_dag']) retrieved from /home/airflow/.local/lib/python3.7/site-packages/airflow/example_dags/example_nested_branch_dag.py
[2024-01-04T23:30:57.475+0000] {logging_mixin.py:137} INFO - [2024-01-04T23:30:57.475+0000] {dag.py:2690} INFO - Sync 1 DAGs
[2024-01-04T23:30:57.494+0000] {logging_mixin.py:137} INFO - [2024-01-04T23:30:57.494+0000] {dag.py:3441} INFO - Setting next_dagrun for example_nested_branch_dag to 2024-01-03T00:00:00+00:00, run_after=2024-01-04T00:00:00+00:00
[2024-01-04T23:30:57.506+0000] {processor.py:175} INFO - Processing /home/airflow/.local/lib/python3.7/site-packages/airflow/example_dags/example_nested_branch_dag.py took 0.089 seconds
[2024-01-04T23:31:28.189+0000] {processor.py:153} INFO - Started process (PID=3143) to work on /home/airflow/.local/lib/python3.7/site-packages/airflow/example_dags/example_nested_branch_dag.py
[2024-01-04T23:31:28.192+0000] {processor.py:743} INFO - Processing file /home/airflow/.local/lib/python3.7/site-packages/airflow/example_dags/example_nested_branch_dag.py for tasks to queue
[2024-01-04T23:31:28.194+0000] {logging_mixin.py:137} INFO - [2024-01-04T23:31:28.194+0000] {dagbag.py:538} INFO - Filling up the DagBag from /home/airflow/.local/lib/python3.7/site-packages/airflow/example_dags/example_nested_branch_dag.py
[2024-01-04T23:31:28.223+0000] {processor.py:753} INFO - DAG(s) dict_keys(['example_nested_branch_dag']) retrieved from /home/airflow/.local/lib/python3.7/site-packages/airflow/example_dags/example_nested_branch_dag.py
[2024-01-04T23:31:28.245+0000] {logging_mixin.py:137} INFO - [2024-01-04T23:31:28.245+0000] {dag.py:2690} INFO - Sync 1 DAGs
[2024-01-04T23:31:28.262+0000] {logging_mixin.py:137} INFO - [2024-01-04T23:31:28.262+0000] {dag.py:3441} INFO - Setting next_dagrun for example_nested_branch_dag to 2024-01-03T00:00:00+00:00, run_after=2024-01-04T00:00:00+00:00
[2024-01-04T23:31:28.275+0000] {processor.py:175} INFO - Processing /home/airflow/.local/lib/python3.7/site-packages/airflow/example_dags/example_nested_branch_dag.py took 0.094 seconds
[2024-01-04T23:31:59.204+0000] {processor.py:153} INFO - Started process (PID=3206) to work on /home/airflow/.local/lib/python3.7/site-packages/airflow/example_dags/example_nested_branch_dag.py
[2024-01-04T23:31:59.207+0000] {processor.py:743} INFO - Processing file /home/airflow/.local/lib/python3.7/site-packages/airflow/example_dags/example_nested_branch_dag.py for tasks to queue
[2024-01-04T23:31:59.208+0000] {logging_mixin.py:137} INFO - [2024-01-04T23:31:59.208+0000] {dagbag.py:538} INFO - Filling up the DagBag from /home/airflow/.local/lib/python3.7/site-packages/airflow/example_dags/example_nested_branch_dag.py
[2024-01-04T23:31:59.233+0000] {processor.py:753} INFO - DAG(s) dict_keys(['example_nested_branch_dag']) retrieved from /home/airflow/.local/lib/python3.7/site-packages/airflow/example_dags/example_nested_branch_dag.py
[2024-01-04T23:31:59.254+0000] {logging_mixin.py:137} INFO - [2024-01-04T23:31:59.254+0000] {dag.py:2690} INFO - Sync 1 DAGs
[2024-01-04T23:31:59.282+0000] {logging_mixin.py:137} INFO - [2024-01-04T23:31:59.282+0000] {dag.py:3441} INFO - Setting next_dagrun for example_nested_branch_dag to 2024-01-03T00:00:00+00:00, run_after=2024-01-04T00:00:00+00:00
[2024-01-04T23:31:59.294+0000] {processor.py:175} INFO - Processing /home/airflow/.local/lib/python3.7/site-packages/airflow/example_dags/example_nested_branch_dag.py took 0.095 seconds
[2024-01-04T23:32:30.264+0000] {processor.py:153} INFO - Started process (PID=3281) to work on /home/airflow/.local/lib/python3.7/site-packages/airflow/example_dags/example_nested_branch_dag.py
[2024-01-04T23:32:30.267+0000] {processor.py:743} INFO - Processing file /home/airflow/.local/lib/python3.7/site-packages/airflow/example_dags/example_nested_branch_dag.py for tasks to queue
[2024-01-04T23:32:30.268+0000] {logging_mixin.py:137} INFO - [2024-01-04T23:32:30.268+0000] {dagbag.py:538} INFO - Filling up the DagBag from /home/airflow/.local/lib/python3.7/site-packages/airflow/example_dags/example_nested_branch_dag.py
[2024-01-04T23:32:30.293+0000] {processor.py:753} INFO - DAG(s) dict_keys(['example_nested_branch_dag']) retrieved from /home/airflow/.local/lib/python3.7/site-packages/airflow/example_dags/example_nested_branch_dag.py
[2024-01-04T23:32:30.314+0000] {logging_mixin.py:137} INFO - [2024-01-04T23:32:30.314+0000] {dag.py:2690} INFO - Sync 1 DAGs
[2024-01-04T23:32:30.331+0000] {logging_mixin.py:137} INFO - [2024-01-04T23:32:30.331+0000] {dag.py:3441} INFO - Setting next_dagrun for example_nested_branch_dag to 2024-01-03T00:00:00+00:00, run_after=2024-01-04T00:00:00+00:00
[2024-01-04T23:32:30.345+0000] {processor.py:175} INFO - Processing /home/airflow/.local/lib/python3.7/site-packages/airflow/example_dags/example_nested_branch_dag.py took 0.089 seconds
[2024-01-04T23:33:01.279+0000] {processor.py:153} INFO - Started process (PID=3344) to work on /home/airflow/.local/lib/python3.7/site-packages/airflow/example_dags/example_nested_branch_dag.py
[2024-01-04T23:33:01.281+0000] {processor.py:743} INFO - Processing file /home/airflow/.local/lib/python3.7/site-packages/airflow/example_dags/example_nested_branch_dag.py for tasks to queue
[2024-01-04T23:33:01.282+0000] {logging_mixin.py:137} INFO - [2024-01-04T23:33:01.282+0000] {dagbag.py:538} INFO - Filling up the DagBag from /home/airflow/.local/lib/python3.7/site-packages/airflow/example_dags/example_nested_branch_dag.py
[2024-01-04T23:33:01.302+0000] {processor.py:753} INFO - DAG(s) dict_keys(['example_nested_branch_dag']) retrieved from /home/airflow/.local/lib/python3.7/site-packages/airflow/example_dags/example_nested_branch_dag.py
[2024-01-04T23:33:01.330+0000] {logging_mixin.py:137} INFO - [2024-01-04T23:33:01.330+0000] {dag.py:2690} INFO - Sync 1 DAGs
[2024-01-04T23:33:01.372+0000] {logging_mixin.py:137} INFO - [2024-01-04T23:33:01.372+0000] {dag.py:3441} INFO - Setting next_dagrun for example_nested_branch_dag to 2024-01-03T00:00:00+00:00, run_after=2024-01-04T00:00:00+00:00
[2024-01-04T23:33:01.400+0000] {processor.py:175} INFO - Processing /home/airflow/.local/lib/python3.7/site-packages/airflow/example_dags/example_nested_branch_dag.py took 0.125 seconds
[2024-01-04T23:33:32.138+0000] {processor.py:153} INFO - Started process (PID=3418) to work on /home/airflow/.local/lib/python3.7/site-packages/airflow/example_dags/example_nested_branch_dag.py
[2024-01-04T23:33:32.141+0000] {processor.py:743} INFO - Processing file /home/airflow/.local/lib/python3.7/site-packages/airflow/example_dags/example_nested_branch_dag.py for tasks to queue
[2024-01-04T23:33:32.142+0000] {logging_mixin.py:137} INFO - [2024-01-04T23:33:32.142+0000] {dagbag.py:538} INFO - Filling up the DagBag from /home/airflow/.local/lib/python3.7/site-packages/airflow/example_dags/example_nested_branch_dag.py
[2024-01-04T23:33:32.169+0000] {processor.py:753} INFO - DAG(s) dict_keys(['example_nested_branch_dag']) retrieved from /home/airflow/.local/lib/python3.7/site-packages/airflow/example_dags/example_nested_branch_dag.py
[2024-01-04T23:33:32.194+0000] {logging_mixin.py:137} INFO - [2024-01-04T23:33:32.194+0000] {dag.py:2690} INFO - Sync 1 DAGs
[2024-01-04T23:33:32.214+0000] {logging_mixin.py:137} INFO - [2024-01-04T23:33:32.214+0000] {dag.py:3441} INFO - Setting next_dagrun for example_nested_branch_dag to 2024-01-03T00:00:00+00:00, run_after=2024-01-04T00:00:00+00:00
[2024-01-04T23:33:32.225+0000] {processor.py:175} INFO - Processing /home/airflow/.local/lib/python3.7/site-packages/airflow/example_dags/example_nested_branch_dag.py took 0.094 seconds
[2024-01-04T23:34:02.951+0000] {processor.py:153} INFO - Started process (PID=3494) to work on /home/airflow/.local/lib/python3.7/site-packages/airflow/example_dags/example_nested_branch_dag.py
[2024-01-04T23:34:02.953+0000] {processor.py:743} INFO - Processing file /home/airflow/.local/lib/python3.7/site-packages/airflow/example_dags/example_nested_branch_dag.py for tasks to queue
[2024-01-04T23:34:02.954+0000] {logging_mixin.py:137} INFO - [2024-01-04T23:34:02.954+0000] {dagbag.py:538} INFO - Filling up the DagBag from /home/airflow/.local/lib/python3.7/site-packages/airflow/example_dags/example_nested_branch_dag.py
[2024-01-04T23:34:02.975+0000] {processor.py:753} INFO - DAG(s) dict_keys(['example_nested_branch_dag']) retrieved from /home/airflow/.local/lib/python3.7/site-packages/airflow/example_dags/example_nested_branch_dag.py
[2024-01-04T23:34:02.997+0000] {logging_mixin.py:137} INFO - [2024-01-04T23:34:02.997+0000] {dag.py:2690} INFO - Sync 1 DAGs
[2024-01-04T23:34:03.015+0000] {logging_mixin.py:137} INFO - [2024-01-04T23:34:03.015+0000] {dag.py:3441} INFO - Setting next_dagrun for example_nested_branch_dag to 2024-01-03T00:00:00+00:00, run_after=2024-01-04T00:00:00+00:00
[2024-01-04T23:34:03.028+0000] {processor.py:175} INFO - Processing /home/airflow/.local/lib/python3.7/site-packages/airflow/example_dags/example_nested_branch_dag.py took 0.081 seconds
[2024-01-04T23:34:33.594+0000] {processor.py:153} INFO - Started process (PID=3557) to work on /home/airflow/.local/lib/python3.7/site-packages/airflow/example_dags/example_nested_branch_dag.py
[2024-01-04T23:34:33.596+0000] {processor.py:743} INFO - Processing file /home/airflow/.local/lib/python3.7/site-packages/airflow/example_dags/example_nested_branch_dag.py for tasks to queue
[2024-01-04T23:34:33.596+0000] {logging_mixin.py:137} INFO - [2024-01-04T23:34:33.596+0000] {dagbag.py:538} INFO - Filling up the DagBag from /home/airflow/.local/lib/python3.7/site-packages/airflow/example_dags/example_nested_branch_dag.py
[2024-01-04T23:34:33.614+0000] {processor.py:753} INFO - DAG(s) dict_keys(['example_nested_branch_dag']) retrieved from /home/airflow/.local/lib/python3.7/site-packages/airflow/example_dags/example_nested_branch_dag.py
[2024-01-04T23:34:33.635+0000] {logging_mixin.py:137} INFO - [2024-01-04T23:34:33.635+0000] {dag.py:2690} INFO - Sync 1 DAGs
[2024-01-04T23:34:33.653+0000] {logging_mixin.py:137} INFO - [2024-01-04T23:34:33.653+0000] {dag.py:3441} INFO - Setting next_dagrun for example_nested_branch_dag to 2024-01-03T00:00:00+00:00, run_after=2024-01-04T00:00:00+00:00
[2024-01-04T23:34:33.674+0000] {processor.py:175} INFO - Processing /home/airflow/.local/lib/python3.7/site-packages/airflow/example_dags/example_nested_branch_dag.py took 0.083 seconds
[2024-01-04T23:35:04.409+0000] {processor.py:153} INFO - Started process (PID=3632) to work on /home/airflow/.local/lib/python3.7/site-packages/airflow/example_dags/example_nested_branch_dag.py
[2024-01-04T23:35:04.412+0000] {processor.py:743} INFO - Processing file /home/airflow/.local/lib/python3.7/site-packages/airflow/example_dags/example_nested_branch_dag.py for tasks to queue
[2024-01-04T23:35:04.413+0000] {logging_mixin.py:137} INFO - [2024-01-04T23:35:04.412+0000] {dagbag.py:538} INFO - Filling up the DagBag from /home/airflow/.local/lib/python3.7/site-packages/airflow/example_dags/example_nested_branch_dag.py
[2024-01-04T23:35:04.436+0000] {processor.py:753} INFO - DAG(s) dict_keys(['example_nested_branch_dag']) retrieved from /home/airflow/.local/lib/python3.7/site-packages/airflow/example_dags/example_nested_branch_dag.py
[2024-01-04T23:35:04.461+0000] {logging_mixin.py:137} INFO - [2024-01-04T23:35:04.461+0000] {dag.py:2690} INFO - Sync 1 DAGs
[2024-01-04T23:35:04.480+0000] {logging_mixin.py:137} INFO - [2024-01-04T23:35:04.480+0000] {dag.py:3441} INFO - Setting next_dagrun for example_nested_branch_dag to 2024-01-03T00:00:00+00:00, run_after=2024-01-04T00:00:00+00:00
[2024-01-04T23:35:04.493+0000] {processor.py:175} INFO - Processing /home/airflow/.local/lib/python3.7/site-packages/airflow/example_dags/example_nested_branch_dag.py took 0.088 seconds
[2024-01-04T23:35:34.537+0000] {processor.py:153} INFO - Started process (PID=3694) to work on /home/airflow/.local/lib/python3.7/site-packages/airflow/example_dags/example_nested_branch_dag.py
[2024-01-04T23:35:34.538+0000] {processor.py:743} INFO - Processing file /home/airflow/.local/lib/python3.7/site-packages/airflow/example_dags/example_nested_branch_dag.py for tasks to queue
[2024-01-04T23:35:34.539+0000] {logging_mixin.py:137} INFO - [2024-01-04T23:35:34.539+0000] {dagbag.py:538} INFO - Filling up the DagBag from /home/airflow/.local/lib/python3.7/site-packages/airflow/example_dags/example_nested_branch_dag.py
[2024-01-04T23:35:34.557+0000] {processor.py:753} INFO - DAG(s) dict_keys(['example_nested_branch_dag']) retrieved from /home/airflow/.local/lib/python3.7/site-packages/airflow/example_dags/example_nested_branch_dag.py
[2024-01-04T23:35:34.579+0000] {logging_mixin.py:137} INFO - [2024-01-04T23:35:34.579+0000] {dag.py:2690} INFO - Sync 1 DAGs
[2024-01-04T23:35:34.595+0000] {logging_mixin.py:137} INFO - [2024-01-04T23:35:34.595+0000] {dag.py:3441} INFO - Setting next_dagrun for example_nested_branch_dag to 2024-01-03T00:00:00+00:00, run_after=2024-01-04T00:00:00+00:00
[2024-01-04T23:35:34.606+0000] {processor.py:175} INFO - Processing /home/airflow/.local/lib/python3.7/site-packages/airflow/example_dags/example_nested_branch_dag.py took 0.073 seconds
[2024-01-04T23:36:05.037+0000] {processor.py:153} INFO - Started process (PID=3769) to work on /home/airflow/.local/lib/python3.7/site-packages/airflow/example_dags/example_nested_branch_dag.py
[2024-01-04T23:36:05.038+0000] {processor.py:743} INFO - Processing file /home/airflow/.local/lib/python3.7/site-packages/airflow/example_dags/example_nested_branch_dag.py for tasks to queue
[2024-01-04T23:36:05.039+0000] {logging_mixin.py:137} INFO - [2024-01-04T23:36:05.039+0000] {dagbag.py:538} INFO - Filling up the DagBag from /home/airflow/.local/lib/python3.7/site-packages/airflow/example_dags/example_nested_branch_dag.py
[2024-01-04T23:36:05.055+0000] {processor.py:753} INFO - DAG(s) dict_keys(['example_nested_branch_dag']) retrieved from /home/airflow/.local/lib/python3.7/site-packages/airflow/example_dags/example_nested_branch_dag.py
[2024-01-04T23:36:05.074+0000] {logging_mixin.py:137} INFO - [2024-01-04T23:36:05.074+0000] {dag.py:2690} INFO - Sync 1 DAGs
[2024-01-04T23:36:05.090+0000] {logging_mixin.py:137} INFO - [2024-01-04T23:36:05.090+0000] {dag.py:3441} INFO - Setting next_dagrun for example_nested_branch_dag to 2024-01-03T00:00:00+00:00, run_after=2024-01-04T00:00:00+00:00
[2024-01-04T23:36:05.100+0000] {processor.py:175} INFO - Processing /home/airflow/.local/lib/python3.7/site-packages/airflow/example_dags/example_nested_branch_dag.py took 0.066 seconds
[2024-01-04T23:36:36.038+0000] {processor.py:153} INFO - Started process (PID=3844) to work on /home/airflow/.local/lib/python3.7/site-packages/airflow/example_dags/example_nested_branch_dag.py
[2024-01-04T23:36:36.039+0000] {processor.py:743} INFO - Processing file /home/airflow/.local/lib/python3.7/site-packages/airflow/example_dags/example_nested_branch_dag.py for tasks to queue
[2024-01-04T23:36:36.040+0000] {logging_mixin.py:137} INFO - [2024-01-04T23:36:36.040+0000] {dagbag.py:538} INFO - Filling up the DagBag from /home/airflow/.local/lib/python3.7/site-packages/airflow/example_dags/example_nested_branch_dag.py
[2024-01-04T23:36:36.059+0000] {processor.py:753} INFO - DAG(s) dict_keys(['example_nested_branch_dag']) retrieved from /home/airflow/.local/lib/python3.7/site-packages/airflow/example_dags/example_nested_branch_dag.py
[2024-01-04T23:36:36.080+0000] {logging_mixin.py:137} INFO - [2024-01-04T23:36:36.080+0000] {dag.py:2690} INFO - Sync 1 DAGs
[2024-01-04T23:36:36.100+0000] {logging_mixin.py:137} INFO - [2024-01-04T23:36:36.100+0000] {dag.py:3441} INFO - Setting next_dagrun for example_nested_branch_dag to 2024-01-03T00:00:00+00:00, run_after=2024-01-04T00:00:00+00:00
[2024-01-04T23:36:36.111+0000] {processor.py:175} INFO - Processing /home/airflow/.local/lib/python3.7/site-packages/airflow/example_dags/example_nested_branch_dag.py took 0.076 seconds
[2024-01-04T23:37:06.378+0000] {processor.py:153} INFO - Started process (PID=3907) to work on /home/airflow/.local/lib/python3.7/site-packages/airflow/example_dags/example_nested_branch_dag.py
[2024-01-04T23:37:06.379+0000] {processor.py:743} INFO - Processing file /home/airflow/.local/lib/python3.7/site-packages/airflow/example_dags/example_nested_branch_dag.py for tasks to queue
[2024-01-04T23:37:06.380+0000] {logging_mixin.py:137} INFO - [2024-01-04T23:37:06.380+0000] {dagbag.py:538} INFO - Filling up the DagBag from /home/airflow/.local/lib/python3.7/site-packages/airflow/example_dags/example_nested_branch_dag.py
[2024-01-04T23:37:06.397+0000] {processor.py:753} INFO - DAG(s) dict_keys(['example_nested_branch_dag']) retrieved from /home/airflow/.local/lib/python3.7/site-packages/airflow/example_dags/example_nested_branch_dag.py
[2024-01-04T23:37:06.421+0000] {logging_mixin.py:137} INFO - [2024-01-04T23:37:06.421+0000] {dag.py:2690} INFO - Sync 1 DAGs
[2024-01-04T23:37:06.441+0000] {logging_mixin.py:137} INFO - [2024-01-04T23:37:06.441+0000] {dag.py:3441} INFO - Setting next_dagrun for example_nested_branch_dag to 2024-01-03T00:00:00+00:00, run_after=2024-01-04T00:00:00+00:00
[2024-01-04T23:37:06.454+0000] {processor.py:175} INFO - Processing /home/airflow/.local/lib/python3.7/site-packages/airflow/example_dags/example_nested_branch_dag.py took 0.079 seconds
[2024-01-04T23:37:37.150+0000] {processor.py:153} INFO - Started process (PID=3981) to work on /home/airflow/.local/lib/python3.7/site-packages/airflow/example_dags/example_nested_branch_dag.py
[2024-01-04T23:37:37.151+0000] {processor.py:743} INFO - Processing file /home/airflow/.local/lib/python3.7/site-packages/airflow/example_dags/example_nested_branch_dag.py for tasks to queue
[2024-01-04T23:37:37.152+0000] {logging_mixin.py:137} INFO - [2024-01-04T23:37:37.152+0000] {dagbag.py:538} INFO - Filling up the DagBag from /home/airflow/.local/lib/python3.7/site-packages/airflow/example_dags/example_nested_branch_dag.py
[2024-01-04T23:37:37.168+0000] {processor.py:753} INFO - DAG(s) dict_keys(['example_nested_branch_dag']) retrieved from /home/airflow/.local/lib/python3.7/site-packages/airflow/example_dags/example_nested_branch_dag.py
[2024-01-04T23:37:37.188+0000] {logging_mixin.py:137} INFO - [2024-01-04T23:37:37.188+0000] {dag.py:2690} INFO - Sync 1 DAGs
[2024-01-04T23:37:37.203+0000] {logging_mixin.py:137} INFO - [2024-01-04T23:37:37.203+0000] {dag.py:3441} INFO - Setting next_dagrun for example_nested_branch_dag to 2024-01-03T00:00:00+00:00, run_after=2024-01-04T00:00:00+00:00
[2024-01-04T23:37:37.217+0000] {processor.py:175} INFO - Processing /home/airflow/.local/lib/python3.7/site-packages/airflow/example_dags/example_nested_branch_dag.py took 0.070 seconds
[2024-01-04T23:38:07.761+0000] {processor.py:153} INFO - Started process (PID=4044) to work on /home/airflow/.local/lib/python3.7/site-packages/airflow/example_dags/example_nested_branch_dag.py
[2024-01-04T23:38:07.762+0000] {processor.py:743} INFO - Processing file /home/airflow/.local/lib/python3.7/site-packages/airflow/example_dags/example_nested_branch_dag.py for tasks to queue
[2024-01-04T23:38:07.763+0000] {logging_mixin.py:137} INFO - [2024-01-04T23:38:07.763+0000] {dagbag.py:538} INFO - Filling up the DagBag from /home/airflow/.local/lib/python3.7/site-packages/airflow/example_dags/example_nested_branch_dag.py
[2024-01-04T23:38:07.779+0000] {processor.py:753} INFO - DAG(s) dict_keys(['example_nested_branch_dag']) retrieved from /home/airflow/.local/lib/python3.7/site-packages/airflow/example_dags/example_nested_branch_dag.py
[2024-01-04T23:38:07.799+0000] {logging_mixin.py:137} INFO - [2024-01-04T23:38:07.799+0000] {dag.py:2690} INFO - Sync 1 DAGs
[2024-01-04T23:38:07.815+0000] {logging_mixin.py:137} INFO - [2024-01-04T23:38:07.815+0000] {dag.py:3441} INFO - Setting next_dagrun for example_nested_branch_dag to 2024-01-03T00:00:00+00:00, run_after=2024-01-04T00:00:00+00:00
[2024-01-04T23:38:07.827+0000] {processor.py:175} INFO - Processing /home/airflow/.local/lib/python3.7/site-packages/airflow/example_dags/example_nested_branch_dag.py took 0.069 seconds
[2024-01-04T23:38:38.501+0000] {processor.py:153} INFO - Started process (PID=4119) to work on /home/airflow/.local/lib/python3.7/site-packages/airflow/example_dags/example_nested_branch_dag.py
[2024-01-04T23:38:38.503+0000] {processor.py:743} INFO - Processing file /home/airflow/.local/lib/python3.7/site-packages/airflow/example_dags/example_nested_branch_dag.py for tasks to queue
[2024-01-04T23:38:38.503+0000] {logging_mixin.py:137} INFO - [2024-01-04T23:38:38.503+0000] {dagbag.py:538} INFO - Filling up the DagBag from /home/airflow/.local/lib/python3.7/site-packages/airflow/example_dags/example_nested_branch_dag.py
[2024-01-04T23:38:38.520+0000] {processor.py:753} INFO - DAG(s) dict_keys(['example_nested_branch_dag']) retrieved from /home/airflow/.local/lib/python3.7/site-packages/airflow/example_dags/example_nested_branch_dag.py
[2024-01-04T23:38:38.539+0000] {logging_mixin.py:137} INFO - [2024-01-04T23:38:38.539+0000] {dag.py:2690} INFO - Sync 1 DAGs
[2024-01-04T23:38:38.556+0000] {logging_mixin.py:137} INFO - [2024-01-04T23:38:38.556+0000] {dag.py:3441} INFO - Setting next_dagrun for example_nested_branch_dag to 2024-01-03T00:00:00+00:00, run_after=2024-01-04T00:00:00+00:00
[2024-01-04T23:38:38.567+0000] {processor.py:175} INFO - Processing /home/airflow/.local/lib/python3.7/site-packages/airflow/example_dags/example_nested_branch_dag.py took 0.070 seconds
[2024-01-04T23:39:09.322+0000] {processor.py:153} INFO - Started process (PID=4194) to work on /home/airflow/.local/lib/python3.7/site-packages/airflow/example_dags/example_nested_branch_dag.py
[2024-01-04T23:39:09.326+0000] {processor.py:743} INFO - Processing file /home/airflow/.local/lib/python3.7/site-packages/airflow/example_dags/example_nested_branch_dag.py for tasks to queue
[2024-01-04T23:39:09.327+0000] {logging_mixin.py:137} INFO - [2024-01-04T23:39:09.327+0000] {dagbag.py:538} INFO - Filling up the DagBag from /home/airflow/.local/lib/python3.7/site-packages/airflow/example_dags/example_nested_branch_dag.py
[2024-01-04T23:39:09.350+0000] {processor.py:753} INFO - DAG(s) dict_keys(['example_nested_branch_dag']) retrieved from /home/airflow/.local/lib/python3.7/site-packages/airflow/example_dags/example_nested_branch_dag.py
[2024-01-04T23:39:09.386+0000] {logging_mixin.py:137} INFO - [2024-01-04T23:39:09.386+0000] {dag.py:2690} INFO - Sync 1 DAGs
[2024-01-04T23:39:09.432+0000] {logging_mixin.py:137} INFO - [2024-01-04T23:39:09.432+0000] {dag.py:3441} INFO - Setting next_dagrun for example_nested_branch_dag to 2024-01-03T00:00:00+00:00, run_after=2024-01-04T00:00:00+00:00
[2024-01-04T23:39:09.445+0000] {processor.py:175} INFO - Processing /home/airflow/.local/lib/python3.7/site-packages/airflow/example_dags/example_nested_branch_dag.py took 0.127 seconds
[2024-01-04T23:56:21.257+0000] {processor.py:153} INFO - Started process (PID=4245) to work on /home/airflow/.local/lib/python3.7/site-packages/airflow/example_dags/example_nested_branch_dag.py
[2024-01-04T23:56:21.261+0000] {processor.py:743} INFO - Processing file /home/airflow/.local/lib/python3.7/site-packages/airflow/example_dags/example_nested_branch_dag.py for tasks to queue
[2024-01-04T23:56:21.266+0000] {logging_mixin.py:137} INFO - [2024-01-04T23:56:21.266+0000] {dagbag.py:538} INFO - Filling up the DagBag from /home/airflow/.local/lib/python3.7/site-packages/airflow/example_dags/example_nested_branch_dag.py
[2024-01-04T23:56:21.365+0000] {processor.py:753} INFO - DAG(s) dict_keys(['example_nested_branch_dag']) retrieved from /home/airflow/.local/lib/python3.7/site-packages/airflow/example_dags/example_nested_branch_dag.py
[2024-01-04T23:56:21.618+0000] {logging_mixin.py:137} INFO - [2024-01-04T23:56:21.618+0000] {dag.py:2690} INFO - Sync 1 DAGs
[2024-01-04T23:56:21.747+0000] {logging_mixin.py:137} INFO - [2024-01-04T23:56:21.745+0000] {dag.py:3441} INFO - Setting next_dagrun for example_nested_branch_dag to 2024-01-03T00:00:00+00:00, run_after=2024-01-04T00:00:00+00:00
[2024-01-04T23:56:21.823+0000] {processor.py:175} INFO - Processing /home/airflow/.local/lib/python3.7/site-packages/airflow/example_dags/example_nested_branch_dag.py took 0.578 seconds
