[2024-01-04T23:09:00.952+0000] {processor.py:153} INFO - Started process (PID=52) to work on /home/airflow/.local/lib/python3.7/site-packages/airflow/example_dags/example_sensor_decorator.py
[2024-01-04T23:09:00.956+0000] {processor.py:743} INFO - Processing file /home/airflow/.local/lib/python3.7/site-packages/airflow/example_dags/example_sensor_decorator.py for tasks to queue
[2024-01-04T23:09:00.959+0000] {logging_mixin.py:137} INFO - [2024-01-04T23:09:00.958+0000] {dagbag.py:538} INFO - Filling up the DagBag from /home/airflow/.local/lib/python3.7/site-packages/airflow/example_dags/example_sensor_decorator.py
[2024-01-04T23:09:01.006+0000] {processor.py:753} INFO - DAG(s) dict_keys(['example_sensor_decorator']) retrieved from /home/airflow/.local/lib/python3.7/site-packages/airflow/example_dags/example_sensor_decorator.py
[2024-01-04T23:09:01.620+0000] {logging_mixin.py:137} INFO - [2024-01-04T23:09:01.620+0000] {manager.py:504} INFO - Created Permission View: can delete on DAG:example_sensor_decorator
[2024-01-04T23:09:01.663+0000] {logging_mixin.py:137} INFO - [2024-01-04T23:09:01.663+0000] {manager.py:504} INFO - Created Permission View: can edit on DAG:example_sensor_decorator
[2024-01-04T23:09:01.674+0000] {logging_mixin.py:137} INFO - [2024-01-04T23:09:01.674+0000] {manager.py:504} INFO - Created Permission View: can read on DAG:example_sensor_decorator
[2024-01-04T23:09:01.677+0000] {logging_mixin.py:137} INFO - [2024-01-04T23:09:01.677+0000] {dag.py:2690} INFO - Sync 1 DAGs
[2024-01-04T23:09:01.714+0000] {logging_mixin.py:137} INFO - [2024-01-04T23:09:01.714+0000] {dag.py:2711} INFO - Creating ORM DAG for example_sensor_decorator
[2024-01-04T23:09:01.734+0000] {logging_mixin.py:137} INFO - [2024-01-04T23:09:01.733+0000] {dag.py:3441} INFO - Setting next_dagrun for example_sensor_decorator to None, run_after=None
[2024-01-04T23:09:01.772+0000] {processor.py:175} INFO - Processing /home/airflow/.local/lib/python3.7/site-packages/airflow/example_dags/example_sensor_decorator.py took 0.824 seconds
[2024-01-04T23:09:32.419+0000] {processor.py:153} INFO - Started process (PID=116) to work on /home/airflow/.local/lib/python3.7/site-packages/airflow/example_dags/example_sensor_decorator.py
[2024-01-04T23:09:32.421+0000] {processor.py:743} INFO - Processing file /home/airflow/.local/lib/python3.7/site-packages/airflow/example_dags/example_sensor_decorator.py for tasks to queue
[2024-01-04T23:09:32.422+0000] {logging_mixin.py:137} INFO - [2024-01-04T23:09:32.422+0000] {dagbag.py:538} INFO - Filling up the DagBag from /home/airflow/.local/lib/python3.7/site-packages/airflow/example_dags/example_sensor_decorator.py
[2024-01-04T23:09:32.446+0000] {processor.py:753} INFO - DAG(s) dict_keys(['example_sensor_decorator']) retrieved from /home/airflow/.local/lib/python3.7/site-packages/airflow/example_dags/example_sensor_decorator.py
[2024-01-04T23:09:32.466+0000] {logging_mixin.py:137} INFO - [2024-01-04T23:09:32.466+0000] {dag.py:2690} INFO - Sync 1 DAGs
[2024-01-04T23:09:32.481+0000] {logging_mixin.py:137} INFO - [2024-01-04T23:09:32.481+0000] {dag.py:3441} INFO - Setting next_dagrun for example_sensor_decorator to None, run_after=None
[2024-01-04T23:09:32.493+0000] {processor.py:175} INFO - Processing /home/airflow/.local/lib/python3.7/site-packages/airflow/example_dags/example_sensor_decorator.py took 0.078 seconds
[2024-01-04T23:10:03.055+0000] {processor.py:153} INFO - Started process (PID=191) to work on /home/airflow/.local/lib/python3.7/site-packages/airflow/example_dags/example_sensor_decorator.py
[2024-01-04T23:10:03.059+0000] {processor.py:743} INFO - Processing file /home/airflow/.local/lib/python3.7/site-packages/airflow/example_dags/example_sensor_decorator.py for tasks to queue
[2024-01-04T23:10:03.061+0000] {logging_mixin.py:137} INFO - [2024-01-04T23:10:03.061+0000] {dagbag.py:538} INFO - Filling up the DagBag from /home/airflow/.local/lib/python3.7/site-packages/airflow/example_dags/example_sensor_decorator.py
[2024-01-04T23:10:03.086+0000] {processor.py:753} INFO - DAG(s) dict_keys(['example_sensor_decorator']) retrieved from /home/airflow/.local/lib/python3.7/site-packages/airflow/example_dags/example_sensor_decorator.py
[2024-01-04T23:10:03.113+0000] {logging_mixin.py:137} INFO - [2024-01-04T23:10:03.113+0000] {dag.py:2690} INFO - Sync 1 DAGs
[2024-01-04T23:10:03.136+0000] {logging_mixin.py:137} INFO - [2024-01-04T23:10:03.136+0000] {dag.py:3441} INFO - Setting next_dagrun for example_sensor_decorator to None, run_after=None
[2024-01-04T23:10:03.151+0000] {processor.py:175} INFO - Processing /home/airflow/.local/lib/python3.7/site-packages/airflow/example_dags/example_sensor_decorator.py took 0.103 seconds
[2024-01-04T23:10:33.410+0000] {processor.py:153} INFO - Started process (PID=262) to work on /home/airflow/.local/lib/python3.7/site-packages/airflow/example_dags/example_sensor_decorator.py
[2024-01-04T23:10:33.419+0000] {processor.py:743} INFO - Processing file /home/airflow/.local/lib/python3.7/site-packages/airflow/example_dags/example_sensor_decorator.py for tasks to queue
[2024-01-04T23:10:33.421+0000] {logging_mixin.py:137} INFO - [2024-01-04T23:10:33.420+0000] {dagbag.py:538} INFO - Filling up the DagBag from /home/airflow/.local/lib/python3.7/site-packages/airflow/example_dags/example_sensor_decorator.py
[2024-01-04T23:10:33.472+0000] {processor.py:753} INFO - DAG(s) dict_keys(['example_sensor_decorator']) retrieved from /home/airflow/.local/lib/python3.7/site-packages/airflow/example_dags/example_sensor_decorator.py
[2024-01-04T23:10:33.521+0000] {logging_mixin.py:137} INFO - [2024-01-04T23:10:33.515+0000] {dag.py:2690} INFO - Sync 1 DAGs
[2024-01-04T23:10:33.587+0000] {logging_mixin.py:137} INFO - [2024-01-04T23:10:33.587+0000] {dag.py:3441} INFO - Setting next_dagrun for example_sensor_decorator to None, run_after=None
[2024-01-04T23:10:33.617+0000] {processor.py:175} INFO - Processing /home/airflow/.local/lib/python3.7/site-packages/airflow/example_dags/example_sensor_decorator.py took 0.215 seconds
[2024-01-04T23:11:03.683+0000] {processor.py:153} INFO - Started process (PID=329) to work on /home/airflow/.local/lib/python3.7/site-packages/airflow/example_dags/example_sensor_decorator.py
[2024-01-04T23:11:03.684+0000] {processor.py:743} INFO - Processing file /home/airflow/.local/lib/python3.7/site-packages/airflow/example_dags/example_sensor_decorator.py for tasks to queue
[2024-01-04T23:11:03.686+0000] {logging_mixin.py:137} INFO - [2024-01-04T23:11:03.686+0000] {dagbag.py:538} INFO - Filling up the DagBag from /home/airflow/.local/lib/python3.7/site-packages/airflow/example_dags/example_sensor_decorator.py
[2024-01-04T23:11:03.708+0000] {processor.py:753} INFO - DAG(s) dict_keys(['example_sensor_decorator']) retrieved from /home/airflow/.local/lib/python3.7/site-packages/airflow/example_dags/example_sensor_decorator.py
[2024-01-04T23:11:03.730+0000] {logging_mixin.py:137} INFO - [2024-01-04T23:11:03.730+0000] {dag.py:2690} INFO - Sync 1 DAGs
[2024-01-04T23:11:03.751+0000] {logging_mixin.py:137} INFO - [2024-01-04T23:11:03.751+0000] {dag.py:3441} INFO - Setting next_dagrun for example_sensor_decorator to None, run_after=None
[2024-01-04T23:11:03.767+0000] {processor.py:175} INFO - Processing /home/airflow/.local/lib/python3.7/site-packages/airflow/example_dags/example_sensor_decorator.py took 0.088 seconds
[2024-01-04T23:11:34.359+0000] {processor.py:153} INFO - Started process (PID=404) to work on /home/airflow/.local/lib/python3.7/site-packages/airflow/example_dags/example_sensor_decorator.py
[2024-01-04T23:11:34.360+0000] {processor.py:743} INFO - Processing file /home/airflow/.local/lib/python3.7/site-packages/airflow/example_dags/example_sensor_decorator.py for tasks to queue
[2024-01-04T23:11:34.362+0000] {logging_mixin.py:137} INFO - [2024-01-04T23:11:34.362+0000] {dagbag.py:538} INFO - Filling up the DagBag from /home/airflow/.local/lib/python3.7/site-packages/airflow/example_dags/example_sensor_decorator.py
[2024-01-04T23:11:34.386+0000] {processor.py:753} INFO - DAG(s) dict_keys(['example_sensor_decorator']) retrieved from /home/airflow/.local/lib/python3.7/site-packages/airflow/example_dags/example_sensor_decorator.py
[2024-01-04T23:11:34.409+0000] {logging_mixin.py:137} INFO - [2024-01-04T23:11:34.408+0000] {dag.py:2690} INFO - Sync 1 DAGs
[2024-01-04T23:11:34.425+0000] {logging_mixin.py:137} INFO - [2024-01-04T23:11:34.425+0000] {dag.py:3441} INFO - Setting next_dagrun for example_sensor_decorator to None, run_after=None
[2024-01-04T23:11:34.436+0000] {processor.py:175} INFO - Processing /home/airflow/.local/lib/python3.7/site-packages/airflow/example_dags/example_sensor_decorator.py took 0.083 seconds
[2024-01-04T23:12:04.860+0000] {processor.py:153} INFO - Started process (PID=467) to work on /home/airflow/.local/lib/python3.7/site-packages/airflow/example_dags/example_sensor_decorator.py
[2024-01-04T23:12:04.863+0000] {processor.py:743} INFO - Processing file /home/airflow/.local/lib/python3.7/site-packages/airflow/example_dags/example_sensor_decorator.py for tasks to queue
[2024-01-04T23:12:04.864+0000] {logging_mixin.py:137} INFO - [2024-01-04T23:12:04.864+0000] {dagbag.py:538} INFO - Filling up the DagBag from /home/airflow/.local/lib/python3.7/site-packages/airflow/example_dags/example_sensor_decorator.py
[2024-01-04T23:12:04.895+0000] {processor.py:753} INFO - DAG(s) dict_keys(['example_sensor_decorator']) retrieved from /home/airflow/.local/lib/python3.7/site-packages/airflow/example_dags/example_sensor_decorator.py
[2024-01-04T23:12:04.934+0000] {logging_mixin.py:137} INFO - [2024-01-04T23:12:04.934+0000] {dag.py:2690} INFO - Sync 1 DAGs
[2024-01-04T23:12:04.959+0000] {logging_mixin.py:137} INFO - [2024-01-04T23:12:04.959+0000] {dag.py:3441} INFO - Setting next_dagrun for example_sensor_decorator to None, run_after=None
[2024-01-04T23:12:04.976+0000] {processor.py:175} INFO - Processing /home/airflow/.local/lib/python3.7/site-packages/airflow/example_dags/example_sensor_decorator.py took 0.120 seconds
[2024-01-04T23:12:35.264+0000] {processor.py:153} INFO - Started process (PID=542) to work on /home/airflow/.local/lib/python3.7/site-packages/airflow/example_dags/example_sensor_decorator.py
[2024-01-04T23:12:35.266+0000] {processor.py:743} INFO - Processing file /home/airflow/.local/lib/python3.7/site-packages/airflow/example_dags/example_sensor_decorator.py for tasks to queue
[2024-01-04T23:12:35.267+0000] {logging_mixin.py:137} INFO - [2024-01-04T23:12:35.267+0000] {dagbag.py:538} INFO - Filling up the DagBag from /home/airflow/.local/lib/python3.7/site-packages/airflow/example_dags/example_sensor_decorator.py
[2024-01-04T23:12:35.287+0000] {processor.py:753} INFO - DAG(s) dict_keys(['example_sensor_decorator']) retrieved from /home/airflow/.local/lib/python3.7/site-packages/airflow/example_dags/example_sensor_decorator.py
[2024-01-04T23:12:35.307+0000] {logging_mixin.py:137} INFO - [2024-01-04T23:12:35.307+0000] {dag.py:2690} INFO - Sync 1 DAGs
[2024-01-04T23:12:35.322+0000] {logging_mixin.py:137} INFO - [2024-01-04T23:12:35.322+0000] {dag.py:3441} INFO - Setting next_dagrun for example_sensor_decorator to None, run_after=None
[2024-01-04T23:12:35.333+0000] {processor.py:175} INFO - Processing /home/airflow/.local/lib/python3.7/site-packages/airflow/example_dags/example_sensor_decorator.py took 0.073 seconds
[2024-01-04T23:13:05.552+0000] {processor.py:153} INFO - Started process (PID=618) to work on /home/airflow/.local/lib/python3.7/site-packages/airflow/example_dags/example_sensor_decorator.py
[2024-01-04T23:13:05.564+0000] {processor.py:743} INFO - Processing file /home/airflow/.local/lib/python3.7/site-packages/airflow/example_dags/example_sensor_decorator.py for tasks to queue
[2024-01-04T23:13:05.566+0000] {logging_mixin.py:137} INFO - [2024-01-04T23:13:05.566+0000] {dagbag.py:538} INFO - Filling up the DagBag from /home/airflow/.local/lib/python3.7/site-packages/airflow/example_dags/example_sensor_decorator.py
[2024-01-04T23:13:05.597+0000] {processor.py:753} INFO - DAG(s) dict_keys(['example_sensor_decorator']) retrieved from /home/airflow/.local/lib/python3.7/site-packages/airflow/example_dags/example_sensor_decorator.py
[2024-01-04T23:13:05.621+0000] {logging_mixin.py:137} INFO - [2024-01-04T23:13:05.621+0000] {dag.py:2690} INFO - Sync 1 DAGs
[2024-01-04T23:13:05.649+0000] {logging_mixin.py:137} INFO - [2024-01-04T23:13:05.649+0000] {dag.py:3441} INFO - Setting next_dagrun for example_sensor_decorator to None, run_after=None
[2024-01-04T23:13:05.666+0000] {processor.py:175} INFO - Processing /home/airflow/.local/lib/python3.7/site-packages/airflow/example_dags/example_sensor_decorator.py took 0.118 seconds
[2024-01-04T23:13:35.930+0000] {processor.py:153} INFO - Started process (PID=682) to work on /home/airflow/.local/lib/python3.7/site-packages/airflow/example_dags/example_sensor_decorator.py
[2024-01-04T23:13:35.931+0000] {processor.py:743} INFO - Processing file /home/airflow/.local/lib/python3.7/site-packages/airflow/example_dags/example_sensor_decorator.py for tasks to queue
[2024-01-04T23:13:35.932+0000] {logging_mixin.py:137} INFO - [2024-01-04T23:13:35.931+0000] {dagbag.py:538} INFO - Filling up the DagBag from /home/airflow/.local/lib/python3.7/site-packages/airflow/example_dags/example_sensor_decorator.py
[2024-01-04T23:13:35.949+0000] {processor.py:753} INFO - DAG(s) dict_keys(['example_sensor_decorator']) retrieved from /home/airflow/.local/lib/python3.7/site-packages/airflow/example_dags/example_sensor_decorator.py
[2024-01-04T23:13:35.969+0000] {logging_mixin.py:137} INFO - [2024-01-04T23:13:35.969+0000] {dag.py:2690} INFO - Sync 1 DAGs
[2024-01-04T23:13:35.987+0000] {logging_mixin.py:137} INFO - [2024-01-04T23:13:35.987+0000] {dag.py:3441} INFO - Setting next_dagrun for example_sensor_decorator to None, run_after=None
[2024-01-04T23:13:36.000+0000] {processor.py:175} INFO - Processing /home/airflow/.local/lib/python3.7/site-packages/airflow/example_dags/example_sensor_decorator.py took 0.073 seconds
[2024-01-04T23:14:06.782+0000] {processor.py:153} INFO - Started process (PID=757) to work on /home/airflow/.local/lib/python3.7/site-packages/airflow/example_dags/example_sensor_decorator.py
[2024-01-04T23:14:06.784+0000] {processor.py:743} INFO - Processing file /home/airflow/.local/lib/python3.7/site-packages/airflow/example_dags/example_sensor_decorator.py for tasks to queue
[2024-01-04T23:14:06.785+0000] {logging_mixin.py:137} INFO - [2024-01-04T23:14:06.785+0000] {dagbag.py:538} INFO - Filling up the DagBag from /home/airflow/.local/lib/python3.7/site-packages/airflow/example_dags/example_sensor_decorator.py
[2024-01-04T23:14:06.811+0000] {processor.py:753} INFO - DAG(s) dict_keys(['example_sensor_decorator']) retrieved from /home/airflow/.local/lib/python3.7/site-packages/airflow/example_dags/example_sensor_decorator.py
[2024-01-04T23:14:06.834+0000] {logging_mixin.py:137} INFO - [2024-01-04T23:14:06.834+0000] {dag.py:2690} INFO - Sync 1 DAGs
[2024-01-04T23:14:06.850+0000] {logging_mixin.py:137} INFO - [2024-01-04T23:14:06.850+0000] {dag.py:3441} INFO - Setting next_dagrun for example_sensor_decorator to None, run_after=None
[2024-01-04T23:14:06.860+0000] {processor.py:175} INFO - Processing /home/airflow/.local/lib/python3.7/site-packages/airflow/example_dags/example_sensor_decorator.py took 0.082 seconds
[2024-01-04T23:14:37.012+0000] {processor.py:153} INFO - Started process (PID=820) to work on /home/airflow/.local/lib/python3.7/site-packages/airflow/example_dags/example_sensor_decorator.py
[2024-01-04T23:14:37.013+0000] {processor.py:743} INFO - Processing file /home/airflow/.local/lib/python3.7/site-packages/airflow/example_dags/example_sensor_decorator.py for tasks to queue
[2024-01-04T23:14:37.015+0000] {logging_mixin.py:137} INFO - [2024-01-04T23:14:37.014+0000] {dagbag.py:538} INFO - Filling up the DagBag from /home/airflow/.local/lib/python3.7/site-packages/airflow/example_dags/example_sensor_decorator.py
[2024-01-04T23:14:37.041+0000] {processor.py:753} INFO - DAG(s) dict_keys(['example_sensor_decorator']) retrieved from /home/airflow/.local/lib/python3.7/site-packages/airflow/example_dags/example_sensor_decorator.py
[2024-01-04T23:14:37.066+0000] {logging_mixin.py:137} INFO - [2024-01-04T23:14:37.066+0000] {dag.py:2690} INFO - Sync 1 DAGs
[2024-01-04T23:14:37.102+0000] {logging_mixin.py:137} INFO - [2024-01-04T23:14:37.102+0000] {dag.py:3441} INFO - Setting next_dagrun for example_sensor_decorator to None, run_after=None
[2024-01-04T23:14:37.120+0000] {processor.py:175} INFO - Processing /home/airflow/.local/lib/python3.7/site-packages/airflow/example_dags/example_sensor_decorator.py took 0.111 seconds
[2024-01-04T23:15:07.594+0000] {processor.py:153} INFO - Started process (PID=893) to work on /home/airflow/.local/lib/python3.7/site-packages/airflow/example_dags/example_sensor_decorator.py
[2024-01-04T23:15:07.595+0000] {processor.py:743} INFO - Processing file /home/airflow/.local/lib/python3.7/site-packages/airflow/example_dags/example_sensor_decorator.py for tasks to queue
[2024-01-04T23:15:07.596+0000] {logging_mixin.py:137} INFO - [2024-01-04T23:15:07.596+0000] {dagbag.py:538} INFO - Filling up the DagBag from /home/airflow/.local/lib/python3.7/site-packages/airflow/example_dags/example_sensor_decorator.py
[2024-01-04T23:15:07.624+0000] {processor.py:753} INFO - DAG(s) dict_keys(['example_sensor_decorator']) retrieved from /home/airflow/.local/lib/python3.7/site-packages/airflow/example_dags/example_sensor_decorator.py
[2024-01-04T23:15:07.661+0000] {logging_mixin.py:137} INFO - [2024-01-04T23:15:07.661+0000] {dag.py:2690} INFO - Sync 1 DAGs
[2024-01-04T23:15:07.684+0000] {logging_mixin.py:137} INFO - [2024-01-04T23:15:07.684+0000] {dag.py:3441} INFO - Setting next_dagrun for example_sensor_decorator to None, run_after=None
[2024-01-04T23:15:07.695+0000] {processor.py:175} INFO - Processing /home/airflow/.local/lib/python3.7/site-packages/airflow/example_dags/example_sensor_decorator.py took 0.104 seconds
[2024-01-04T23:15:38.256+0000] {processor.py:153} INFO - Started process (PID=968) to work on /home/airflow/.local/lib/python3.7/site-packages/airflow/example_dags/example_sensor_decorator.py
[2024-01-04T23:15:38.257+0000] {processor.py:743} INFO - Processing file /home/airflow/.local/lib/python3.7/site-packages/airflow/example_dags/example_sensor_decorator.py for tasks to queue
[2024-01-04T23:15:38.258+0000] {logging_mixin.py:137} INFO - [2024-01-04T23:15:38.258+0000] {dagbag.py:538} INFO - Filling up the DagBag from /home/airflow/.local/lib/python3.7/site-packages/airflow/example_dags/example_sensor_decorator.py
[2024-01-04T23:15:38.282+0000] {processor.py:753} INFO - DAG(s) dict_keys(['example_sensor_decorator']) retrieved from /home/airflow/.local/lib/python3.7/site-packages/airflow/example_dags/example_sensor_decorator.py
[2024-01-04T23:15:38.302+0000] {logging_mixin.py:137} INFO - [2024-01-04T23:15:38.302+0000] {dag.py:2690} INFO - Sync 1 DAGs
[2024-01-04T23:15:38.320+0000] {logging_mixin.py:137} INFO - [2024-01-04T23:15:38.320+0000] {dag.py:3441} INFO - Setting next_dagrun for example_sensor_decorator to None, run_after=None
[2024-01-04T23:15:38.334+0000] {processor.py:175} INFO - Processing /home/airflow/.local/lib/python3.7/site-packages/airflow/example_dags/example_sensor_decorator.py took 0.082 seconds
[2024-01-04T23:16:08.772+0000] {processor.py:153} INFO - Started process (PID=1030) to work on /home/airflow/.local/lib/python3.7/site-packages/airflow/example_dags/example_sensor_decorator.py
[2024-01-04T23:16:08.773+0000] {processor.py:743} INFO - Processing file /home/airflow/.local/lib/python3.7/site-packages/airflow/example_dags/example_sensor_decorator.py for tasks to queue
[2024-01-04T23:16:08.774+0000] {logging_mixin.py:137} INFO - [2024-01-04T23:16:08.774+0000] {dagbag.py:538} INFO - Filling up the DagBag from /home/airflow/.local/lib/python3.7/site-packages/airflow/example_dags/example_sensor_decorator.py
[2024-01-04T23:16:08.791+0000] {processor.py:753} INFO - DAG(s) dict_keys(['example_sensor_decorator']) retrieved from /home/airflow/.local/lib/python3.7/site-packages/airflow/example_dags/example_sensor_decorator.py
[2024-01-04T23:16:08.809+0000] {logging_mixin.py:137} INFO - [2024-01-04T23:16:08.809+0000] {dag.py:2690} INFO - Sync 1 DAGs
[2024-01-04T23:16:08.825+0000] {logging_mixin.py:137} INFO - [2024-01-04T23:16:08.825+0000] {dag.py:3441} INFO - Setting next_dagrun for example_sensor_decorator to None, run_after=None
[2024-01-04T23:16:08.836+0000] {processor.py:175} INFO - Processing /home/airflow/.local/lib/python3.7/site-packages/airflow/example_dags/example_sensor_decorator.py took 0.066 seconds
[2024-01-04T23:16:39.327+0000] {processor.py:153} INFO - Started process (PID=1105) to work on /home/airflow/.local/lib/python3.7/site-packages/airflow/example_dags/example_sensor_decorator.py
[2024-01-04T23:16:39.331+0000] {processor.py:743} INFO - Processing file /home/airflow/.local/lib/python3.7/site-packages/airflow/example_dags/example_sensor_decorator.py for tasks to queue
[2024-01-04T23:16:39.333+0000] {logging_mixin.py:137} INFO - [2024-01-04T23:16:39.333+0000] {dagbag.py:538} INFO - Filling up the DagBag from /home/airflow/.local/lib/python3.7/site-packages/airflow/example_dags/example_sensor_decorator.py
[2024-01-04T23:16:39.364+0000] {processor.py:753} INFO - DAG(s) dict_keys(['example_sensor_decorator']) retrieved from /home/airflow/.local/lib/python3.7/site-packages/airflow/example_dags/example_sensor_decorator.py
[2024-01-04T23:16:39.387+0000] {logging_mixin.py:137} INFO - [2024-01-04T23:16:39.386+0000] {dag.py:2690} INFO - Sync 1 DAGs
[2024-01-04T23:16:39.407+0000] {logging_mixin.py:137} INFO - [2024-01-04T23:16:39.407+0000] {dag.py:3441} INFO - Setting next_dagrun for example_sensor_decorator to None, run_after=None
[2024-01-04T23:16:39.421+0000] {processor.py:175} INFO - Processing /home/airflow/.local/lib/python3.7/site-packages/airflow/example_dags/example_sensor_decorator.py took 0.105 seconds
[2024-01-04T23:17:09.815+0000] {processor.py:153} INFO - Started process (PID=1169) to work on /home/airflow/.local/lib/python3.7/site-packages/airflow/example_dags/example_sensor_decorator.py
[2024-01-04T23:17:09.816+0000] {processor.py:743} INFO - Processing file /home/airflow/.local/lib/python3.7/site-packages/airflow/example_dags/example_sensor_decorator.py for tasks to queue
[2024-01-04T23:17:09.818+0000] {logging_mixin.py:137} INFO - [2024-01-04T23:17:09.818+0000] {dagbag.py:538} INFO - Filling up the DagBag from /home/airflow/.local/lib/python3.7/site-packages/airflow/example_dags/example_sensor_decorator.py
[2024-01-04T23:17:09.841+0000] {processor.py:753} INFO - DAG(s) dict_keys(['example_sensor_decorator']) retrieved from /home/airflow/.local/lib/python3.7/site-packages/airflow/example_dags/example_sensor_decorator.py
[2024-01-04T23:17:09.864+0000] {logging_mixin.py:137} INFO - [2024-01-04T23:17:09.864+0000] {dag.py:2690} INFO - Sync 1 DAGs
[2024-01-04T23:17:09.883+0000] {logging_mixin.py:137} INFO - [2024-01-04T23:17:09.883+0000] {dag.py:3441} INFO - Setting next_dagrun for example_sensor_decorator to None, run_after=None
[2024-01-04T23:17:09.895+0000] {processor.py:175} INFO - Processing /home/airflow/.local/lib/python3.7/site-packages/airflow/example_dags/example_sensor_decorator.py took 0.085 seconds
[2024-01-04T23:17:40.478+0000] {processor.py:153} INFO - Started process (PID=1244) to work on /home/airflow/.local/lib/python3.7/site-packages/airflow/example_dags/example_sensor_decorator.py
[2024-01-04T23:17:40.479+0000] {processor.py:743} INFO - Processing file /home/airflow/.local/lib/python3.7/site-packages/airflow/example_dags/example_sensor_decorator.py for tasks to queue
[2024-01-04T23:17:40.480+0000] {logging_mixin.py:137} INFO - [2024-01-04T23:17:40.480+0000] {dagbag.py:538} INFO - Filling up the DagBag from /home/airflow/.local/lib/python3.7/site-packages/airflow/example_dags/example_sensor_decorator.py
[2024-01-04T23:17:40.503+0000] {processor.py:753} INFO - DAG(s) dict_keys(['example_sensor_decorator']) retrieved from /home/airflow/.local/lib/python3.7/site-packages/airflow/example_dags/example_sensor_decorator.py
[2024-01-04T23:17:40.523+0000] {logging_mixin.py:137} INFO - [2024-01-04T23:17:40.523+0000] {dag.py:2690} INFO - Sync 1 DAGs
[2024-01-04T23:17:40.542+0000] {logging_mixin.py:137} INFO - [2024-01-04T23:17:40.542+0000] {dag.py:3441} INFO - Setting next_dagrun for example_sensor_decorator to None, run_after=None
[2024-01-04T23:17:40.554+0000] {processor.py:175} INFO - Processing /home/airflow/.local/lib/python3.7/site-packages/airflow/example_dags/example_sensor_decorator.py took 0.081 seconds
[2024-01-04T23:18:11.107+0000] {processor.py:153} INFO - Started process (PID=1307) to work on /home/airflow/.local/lib/python3.7/site-packages/airflow/example_dags/example_sensor_decorator.py
[2024-01-04T23:18:11.109+0000] {processor.py:743} INFO - Processing file /home/airflow/.local/lib/python3.7/site-packages/airflow/example_dags/example_sensor_decorator.py for tasks to queue
[2024-01-04T23:18:11.109+0000] {logging_mixin.py:137} INFO - [2024-01-04T23:18:11.109+0000] {dagbag.py:538} INFO - Filling up the DagBag from /home/airflow/.local/lib/python3.7/site-packages/airflow/example_dags/example_sensor_decorator.py
[2024-01-04T23:18:11.128+0000] {processor.py:753} INFO - DAG(s) dict_keys(['example_sensor_decorator']) retrieved from /home/airflow/.local/lib/python3.7/site-packages/airflow/example_dags/example_sensor_decorator.py
[2024-01-04T23:18:11.152+0000] {logging_mixin.py:137} INFO - [2024-01-04T23:18:11.151+0000] {dag.py:2690} INFO - Sync 1 DAGs
[2024-01-04T23:18:11.187+0000] {logging_mixin.py:137} INFO - [2024-01-04T23:18:11.187+0000] {dag.py:3441} INFO - Setting next_dagrun for example_sensor_decorator to None, run_after=None
[2024-01-04T23:18:11.208+0000] {processor.py:175} INFO - Processing /home/airflow/.local/lib/python3.7/site-packages/airflow/example_dags/example_sensor_decorator.py took 0.104 seconds
[2024-01-04T23:18:42.092+0000] {processor.py:153} INFO - Started process (PID=1383) to work on /home/airflow/.local/lib/python3.7/site-packages/airflow/example_dags/example_sensor_decorator.py
[2024-01-04T23:18:42.094+0000] {processor.py:743} INFO - Processing file /home/airflow/.local/lib/python3.7/site-packages/airflow/example_dags/example_sensor_decorator.py for tasks to queue
[2024-01-04T23:18:42.095+0000] {logging_mixin.py:137} INFO - [2024-01-04T23:18:42.095+0000] {dagbag.py:538} INFO - Filling up the DagBag from /home/airflow/.local/lib/python3.7/site-packages/airflow/example_dags/example_sensor_decorator.py
[2024-01-04T23:18:42.118+0000] {processor.py:753} INFO - DAG(s) dict_keys(['example_sensor_decorator']) retrieved from /home/airflow/.local/lib/python3.7/site-packages/airflow/example_dags/example_sensor_decorator.py
[2024-01-04T23:18:42.138+0000] {logging_mixin.py:137} INFO - [2024-01-04T23:18:42.138+0000] {dag.py:2690} INFO - Sync 1 DAGs
[2024-01-04T23:18:42.153+0000] {logging_mixin.py:137} INFO - [2024-01-04T23:18:42.153+0000] {dag.py:3441} INFO - Setting next_dagrun for example_sensor_decorator to None, run_after=None
[2024-01-04T23:18:42.167+0000] {processor.py:175} INFO - Processing /home/airflow/.local/lib/python3.7/site-packages/airflow/example_dags/example_sensor_decorator.py took 0.078 seconds
[2024-01-04T23:19:13.098+0000] {processor.py:153} INFO - Started process (PID=1460) to work on /home/airflow/.local/lib/python3.7/site-packages/airflow/example_dags/example_sensor_decorator.py
[2024-01-04T23:19:13.100+0000] {processor.py:743} INFO - Processing file /home/airflow/.local/lib/python3.7/site-packages/airflow/example_dags/example_sensor_decorator.py for tasks to queue
[2024-01-04T23:19:13.102+0000] {logging_mixin.py:137} INFO - [2024-01-04T23:19:13.102+0000] {dagbag.py:538} INFO - Filling up the DagBag from /home/airflow/.local/lib/python3.7/site-packages/airflow/example_dags/example_sensor_decorator.py
[2024-01-04T23:19:13.132+0000] {processor.py:753} INFO - DAG(s) dict_keys(['example_sensor_decorator']) retrieved from /home/airflow/.local/lib/python3.7/site-packages/airflow/example_dags/example_sensor_decorator.py
[2024-01-04T23:19:13.156+0000] {logging_mixin.py:137} INFO - [2024-01-04T23:19:13.156+0000] {dag.py:2690} INFO - Sync 1 DAGs
[2024-01-04T23:19:13.172+0000] {logging_mixin.py:137} INFO - [2024-01-04T23:19:13.172+0000] {dag.py:3441} INFO - Setting next_dagrun for example_sensor_decorator to None, run_after=None
[2024-01-04T23:19:13.184+0000] {processor.py:175} INFO - Processing /home/airflow/.local/lib/python3.7/site-packages/airflow/example_dags/example_sensor_decorator.py took 0.093 seconds
[2024-01-04T23:19:44.076+0000] {processor.py:153} INFO - Started process (PID=1524) to work on /home/airflow/.local/lib/python3.7/site-packages/airflow/example_dags/example_sensor_decorator.py
[2024-01-04T23:19:44.078+0000] {processor.py:743} INFO - Processing file /home/airflow/.local/lib/python3.7/site-packages/airflow/example_dags/example_sensor_decorator.py for tasks to queue
[2024-01-04T23:19:44.080+0000] {logging_mixin.py:137} INFO - [2024-01-04T23:19:44.079+0000] {dagbag.py:538} INFO - Filling up the DagBag from /home/airflow/.local/lib/python3.7/site-packages/airflow/example_dags/example_sensor_decorator.py
[2024-01-04T23:19:44.100+0000] {processor.py:753} INFO - DAG(s) dict_keys(['example_sensor_decorator']) retrieved from /home/airflow/.local/lib/python3.7/site-packages/airflow/example_dags/example_sensor_decorator.py
[2024-01-04T23:19:44.122+0000] {logging_mixin.py:137} INFO - [2024-01-04T23:19:44.122+0000] {dag.py:2690} INFO - Sync 1 DAGs
[2024-01-04T23:19:44.142+0000] {logging_mixin.py:137} INFO - [2024-01-04T23:19:44.142+0000] {dag.py:3441} INFO - Setting next_dagrun for example_sensor_decorator to None, run_after=None
[2024-01-04T23:19:44.157+0000] {processor.py:175} INFO - Processing /home/airflow/.local/lib/python3.7/site-packages/airflow/example_dags/example_sensor_decorator.py took 0.084 seconds
[2024-01-04T23:20:14.415+0000] {processor.py:153} INFO - Started process (PID=1599) to work on /home/airflow/.local/lib/python3.7/site-packages/airflow/example_dags/example_sensor_decorator.py
[2024-01-04T23:20:14.416+0000] {processor.py:743} INFO - Processing file /home/airflow/.local/lib/python3.7/site-packages/airflow/example_dags/example_sensor_decorator.py for tasks to queue
[2024-01-04T23:20:14.418+0000] {logging_mixin.py:137} INFO - [2024-01-04T23:20:14.417+0000] {dagbag.py:538} INFO - Filling up the DagBag from /home/airflow/.local/lib/python3.7/site-packages/airflow/example_dags/example_sensor_decorator.py
[2024-01-04T23:20:14.440+0000] {processor.py:753} INFO - DAG(s) dict_keys(['example_sensor_decorator']) retrieved from /home/airflow/.local/lib/python3.7/site-packages/airflow/example_dags/example_sensor_decorator.py
[2024-01-04T23:20:14.460+0000] {logging_mixin.py:137} INFO - [2024-01-04T23:20:14.460+0000] {dag.py:2690} INFO - Sync 1 DAGs
[2024-01-04T23:20:14.477+0000] {logging_mixin.py:137} INFO - [2024-01-04T23:20:14.476+0000] {dag.py:3441} INFO - Setting next_dagrun for example_sensor_decorator to None, run_after=None
[2024-01-04T23:20:14.488+0000] {processor.py:175} INFO - Processing /home/airflow/.local/lib/python3.7/site-packages/airflow/example_dags/example_sensor_decorator.py took 0.078 seconds
[2024-01-04T23:20:44.670+0000] {processor.py:153} INFO - Started process (PID=1662) to work on /home/airflow/.local/lib/python3.7/site-packages/airflow/example_dags/example_sensor_decorator.py
[2024-01-04T23:20:44.672+0000] {processor.py:743} INFO - Processing file /home/airflow/.local/lib/python3.7/site-packages/airflow/example_dags/example_sensor_decorator.py for tasks to queue
[2024-01-04T23:20:44.673+0000] {logging_mixin.py:137} INFO - [2024-01-04T23:20:44.673+0000] {dagbag.py:538} INFO - Filling up the DagBag from /home/airflow/.local/lib/python3.7/site-packages/airflow/example_dags/example_sensor_decorator.py
[2024-01-04T23:20:44.691+0000] {processor.py:753} INFO - DAG(s) dict_keys(['example_sensor_decorator']) retrieved from /home/airflow/.local/lib/python3.7/site-packages/airflow/example_dags/example_sensor_decorator.py
[2024-01-04T23:20:44.710+0000] {logging_mixin.py:137} INFO - [2024-01-04T23:20:44.710+0000] {dag.py:2690} INFO - Sync 1 DAGs
[2024-01-04T23:20:44.725+0000] {logging_mixin.py:137} INFO - [2024-01-04T23:20:44.725+0000] {dag.py:3441} INFO - Setting next_dagrun for example_sensor_decorator to None, run_after=None
[2024-01-04T23:20:44.738+0000] {processor.py:175} INFO - Processing /home/airflow/.local/lib/python3.7/site-packages/airflow/example_dags/example_sensor_decorator.py took 0.070 seconds
[2024-01-04T23:21:15.057+0000] {processor.py:153} INFO - Started process (PID=1737) to work on /home/airflow/.local/lib/python3.7/site-packages/airflow/example_dags/example_sensor_decorator.py
[2024-01-04T23:21:15.059+0000] {processor.py:743} INFO - Processing file /home/airflow/.local/lib/python3.7/site-packages/airflow/example_dags/example_sensor_decorator.py for tasks to queue
[2024-01-04T23:21:15.060+0000] {logging_mixin.py:137} INFO - [2024-01-04T23:21:15.060+0000] {dagbag.py:538} INFO - Filling up the DagBag from /home/airflow/.local/lib/python3.7/site-packages/airflow/example_dags/example_sensor_decorator.py
[2024-01-04T23:21:15.085+0000] {processor.py:753} INFO - DAG(s) dict_keys(['example_sensor_decorator']) retrieved from /home/airflow/.local/lib/python3.7/site-packages/airflow/example_dags/example_sensor_decorator.py
[2024-01-04T23:21:15.105+0000] {logging_mixin.py:137} INFO - [2024-01-04T23:21:15.105+0000] {dag.py:2690} INFO - Sync 1 DAGs
[2024-01-04T23:21:15.122+0000] {logging_mixin.py:137} INFO - [2024-01-04T23:21:15.122+0000] {dag.py:3441} INFO - Setting next_dagrun for example_sensor_decorator to None, run_after=None
[2024-01-04T23:21:15.134+0000] {processor.py:175} INFO - Processing /home/airflow/.local/lib/python3.7/site-packages/airflow/example_dags/example_sensor_decorator.py took 0.082 seconds
[2024-01-04T23:21:45.214+0000] {processor.py:153} INFO - Started process (PID=1807) to work on /home/airflow/.local/lib/python3.7/site-packages/airflow/example_dags/example_sensor_decorator.py
[2024-01-04T23:21:45.216+0000] {processor.py:743} INFO - Processing file /home/airflow/.local/lib/python3.7/site-packages/airflow/example_dags/example_sensor_decorator.py for tasks to queue
[2024-01-04T23:21:45.217+0000] {logging_mixin.py:137} INFO - [2024-01-04T23:21:45.217+0000] {dagbag.py:538} INFO - Filling up the DagBag from /home/airflow/.local/lib/python3.7/site-packages/airflow/example_dags/example_sensor_decorator.py
[2024-01-04T23:21:45.235+0000] {processor.py:753} INFO - DAG(s) dict_keys(['example_sensor_decorator']) retrieved from /home/airflow/.local/lib/python3.7/site-packages/airflow/example_dags/example_sensor_decorator.py
[2024-01-04T23:21:45.268+0000] {logging_mixin.py:137} INFO - [2024-01-04T23:21:45.267+0000] {dag.py:2690} INFO - Sync 1 DAGs
[2024-01-04T23:21:45.287+0000] {logging_mixin.py:137} INFO - [2024-01-04T23:21:45.287+0000] {dag.py:3441} INFO - Setting next_dagrun for example_sensor_decorator to None, run_after=None
[2024-01-04T23:21:45.303+0000] {processor.py:175} INFO - Processing /home/airflow/.local/lib/python3.7/site-packages/airflow/example_dags/example_sensor_decorator.py took 0.092 seconds
[2024-01-04T23:22:16.046+0000] {processor.py:153} INFO - Started process (PID=1875) to work on /home/airflow/.local/lib/python3.7/site-packages/airflow/example_dags/example_sensor_decorator.py
[2024-01-04T23:22:16.047+0000] {processor.py:743} INFO - Processing file /home/airflow/.local/lib/python3.7/site-packages/airflow/example_dags/example_sensor_decorator.py for tasks to queue
[2024-01-04T23:22:16.048+0000] {logging_mixin.py:137} INFO - [2024-01-04T23:22:16.048+0000] {dagbag.py:538} INFO - Filling up the DagBag from /home/airflow/.local/lib/python3.7/site-packages/airflow/example_dags/example_sensor_decorator.py
[2024-01-04T23:22:16.068+0000] {processor.py:753} INFO - DAG(s) dict_keys(['example_sensor_decorator']) retrieved from /home/airflow/.local/lib/python3.7/site-packages/airflow/example_dags/example_sensor_decorator.py
[2024-01-04T23:22:16.088+0000] {logging_mixin.py:137} INFO - [2024-01-04T23:22:16.088+0000] {dag.py:2690} INFO - Sync 1 DAGs
[2024-01-04T23:22:16.103+0000] {logging_mixin.py:137} INFO - [2024-01-04T23:22:16.103+0000] {dag.py:3441} INFO - Setting next_dagrun for example_sensor_decorator to None, run_after=None
[2024-01-04T23:22:16.115+0000] {processor.py:175} INFO - Processing /home/airflow/.local/lib/python3.7/site-packages/airflow/example_dags/example_sensor_decorator.py took 0.074 seconds
[2024-01-04T23:22:46.794+0000] {processor.py:153} INFO - Started process (PID=1950) to work on /home/airflow/.local/lib/python3.7/site-packages/airflow/example_dags/example_sensor_decorator.py
[2024-01-04T23:22:46.797+0000] {processor.py:743} INFO - Processing file /home/airflow/.local/lib/python3.7/site-packages/airflow/example_dags/example_sensor_decorator.py for tasks to queue
[2024-01-04T23:22:46.798+0000] {logging_mixin.py:137} INFO - [2024-01-04T23:22:46.798+0000] {dagbag.py:538} INFO - Filling up the DagBag from /home/airflow/.local/lib/python3.7/site-packages/airflow/example_dags/example_sensor_decorator.py
[2024-01-04T23:22:46.828+0000] {processor.py:753} INFO - DAG(s) dict_keys(['example_sensor_decorator']) retrieved from /home/airflow/.local/lib/python3.7/site-packages/airflow/example_dags/example_sensor_decorator.py
[2024-01-04T23:22:46.904+0000] {logging_mixin.py:137} INFO - [2024-01-04T23:22:46.904+0000] {dag.py:2690} INFO - Sync 1 DAGs
[2024-01-04T23:22:46.936+0000] {logging_mixin.py:137} INFO - [2024-01-04T23:22:46.936+0000] {dag.py:3441} INFO - Setting next_dagrun for example_sensor_decorator to None, run_after=None
[2024-01-04T23:22:46.970+0000] {processor.py:175} INFO - Processing /home/airflow/.local/lib/python3.7/site-packages/airflow/example_dags/example_sensor_decorator.py took 0.181 seconds
[2024-01-04T23:23:17.547+0000] {processor.py:153} INFO - Started process (PID=2014) to work on /home/airflow/.local/lib/python3.7/site-packages/airflow/example_dags/example_sensor_decorator.py
[2024-01-04T23:23:17.548+0000] {processor.py:743} INFO - Processing file /home/airflow/.local/lib/python3.7/site-packages/airflow/example_dags/example_sensor_decorator.py for tasks to queue
[2024-01-04T23:23:17.550+0000] {logging_mixin.py:137} INFO - [2024-01-04T23:23:17.549+0000] {dagbag.py:538} INFO - Filling up the DagBag from /home/airflow/.local/lib/python3.7/site-packages/airflow/example_dags/example_sensor_decorator.py
[2024-01-04T23:23:17.579+0000] {processor.py:753} INFO - DAG(s) dict_keys(['example_sensor_decorator']) retrieved from /home/airflow/.local/lib/python3.7/site-packages/airflow/example_dags/example_sensor_decorator.py
[2024-01-04T23:23:17.607+0000] {logging_mixin.py:137} INFO - [2024-01-04T23:23:17.607+0000] {dag.py:2690} INFO - Sync 1 DAGs
[2024-01-04T23:23:17.627+0000] {logging_mixin.py:137} INFO - [2024-01-04T23:23:17.626+0000] {dag.py:3441} INFO - Setting next_dagrun for example_sensor_decorator to None, run_after=None
[2024-01-04T23:23:17.641+0000] {processor.py:175} INFO - Processing /home/airflow/.local/lib/python3.7/site-packages/airflow/example_dags/example_sensor_decorator.py took 0.098 seconds
[2024-01-04T23:23:48.150+0000] {processor.py:153} INFO - Started process (PID=2091) to work on /home/airflow/.local/lib/python3.7/site-packages/airflow/example_dags/example_sensor_decorator.py
[2024-01-04T23:23:48.152+0000] {processor.py:743} INFO - Processing file /home/airflow/.local/lib/python3.7/site-packages/airflow/example_dags/example_sensor_decorator.py for tasks to queue
[2024-01-04T23:23:48.153+0000] {logging_mixin.py:137} INFO - [2024-01-04T23:23:48.153+0000] {dagbag.py:538} INFO - Filling up the DagBag from /home/airflow/.local/lib/python3.7/site-packages/airflow/example_dags/example_sensor_decorator.py
[2024-01-04T23:23:48.177+0000] {processor.py:753} INFO - DAG(s) dict_keys(['example_sensor_decorator']) retrieved from /home/airflow/.local/lib/python3.7/site-packages/airflow/example_dags/example_sensor_decorator.py
[2024-01-04T23:23:48.196+0000] {logging_mixin.py:137} INFO - [2024-01-04T23:23:48.196+0000] {dag.py:2690} INFO - Sync 1 DAGs
[2024-01-04T23:23:48.212+0000] {logging_mixin.py:137} INFO - [2024-01-04T23:23:48.212+0000] {dag.py:3441} INFO - Setting next_dagrun for example_sensor_decorator to None, run_after=None
[2024-01-04T23:23:48.224+0000] {processor.py:175} INFO - Processing /home/airflow/.local/lib/python3.7/site-packages/airflow/example_dags/example_sensor_decorator.py took 0.078 seconds
[2024-01-04T23:24:19.086+0000] {processor.py:153} INFO - Started process (PID=2163) to work on /home/airflow/.local/lib/python3.7/site-packages/airflow/example_dags/example_sensor_decorator.py
[2024-01-04T23:24:19.089+0000] {processor.py:743} INFO - Processing file /home/airflow/.local/lib/python3.7/site-packages/airflow/example_dags/example_sensor_decorator.py for tasks to queue
[2024-01-04T23:24:19.090+0000] {logging_mixin.py:137} INFO - [2024-01-04T23:24:19.090+0000] {dagbag.py:538} INFO - Filling up the DagBag from /home/airflow/.local/lib/python3.7/site-packages/airflow/example_dags/example_sensor_decorator.py
[2024-01-04T23:24:19.137+0000] {processor.py:753} INFO - DAG(s) dict_keys(['example_sensor_decorator']) retrieved from /home/airflow/.local/lib/python3.7/site-packages/airflow/example_dags/example_sensor_decorator.py
[2024-01-04T23:24:19.181+0000] {logging_mixin.py:137} INFO - [2024-01-04T23:24:19.181+0000] {dag.py:2690} INFO - Sync 1 DAGs
[2024-01-04T23:24:19.216+0000] {logging_mixin.py:137} INFO - [2024-01-04T23:24:19.216+0000] {dag.py:3441} INFO - Setting next_dagrun for example_sensor_decorator to None, run_after=None
[2024-01-04T23:24:19.228+0000] {processor.py:175} INFO - Processing /home/airflow/.local/lib/python3.7/site-packages/airflow/example_dags/example_sensor_decorator.py took 0.146 seconds
[2024-01-04T23:24:50.266+0000] {processor.py:153} INFO - Started process (PID=2229) to work on /home/airflow/.local/lib/python3.7/site-packages/airflow/example_dags/example_sensor_decorator.py
[2024-01-04T23:24:50.268+0000] {processor.py:743} INFO - Processing file /home/airflow/.local/lib/python3.7/site-packages/airflow/example_dags/example_sensor_decorator.py for tasks to queue
[2024-01-04T23:24:50.269+0000] {logging_mixin.py:137} INFO - [2024-01-04T23:24:50.269+0000] {dagbag.py:538} INFO - Filling up the DagBag from /home/airflow/.local/lib/python3.7/site-packages/airflow/example_dags/example_sensor_decorator.py
[2024-01-04T23:24:50.291+0000] {processor.py:753} INFO - DAG(s) dict_keys(['example_sensor_decorator']) retrieved from /home/airflow/.local/lib/python3.7/site-packages/airflow/example_dags/example_sensor_decorator.py
[2024-01-04T23:24:50.309+0000] {logging_mixin.py:137} INFO - [2024-01-04T23:24:50.309+0000] {dag.py:2690} INFO - Sync 1 DAGs
[2024-01-04T23:24:50.325+0000] {logging_mixin.py:137} INFO - [2024-01-04T23:24:50.325+0000] {dag.py:3441} INFO - Setting next_dagrun for example_sensor_decorator to None, run_after=None
[2024-01-04T23:24:50.337+0000] {processor.py:175} INFO - Processing /home/airflow/.local/lib/python3.7/site-packages/airflow/example_dags/example_sensor_decorator.py took 0.076 seconds
[2024-01-04T23:25:20.800+0000] {processor.py:153} INFO - Started process (PID=2305) to work on /home/airflow/.local/lib/python3.7/site-packages/airflow/example_dags/example_sensor_decorator.py
[2024-01-04T23:25:20.803+0000] {processor.py:743} INFO - Processing file /home/airflow/.local/lib/python3.7/site-packages/airflow/example_dags/example_sensor_decorator.py for tasks to queue
[2024-01-04T23:25:20.804+0000] {logging_mixin.py:137} INFO - [2024-01-04T23:25:20.804+0000] {dagbag.py:538} INFO - Filling up the DagBag from /home/airflow/.local/lib/python3.7/site-packages/airflow/example_dags/example_sensor_decorator.py
[2024-01-04T23:25:20.844+0000] {processor.py:753} INFO - DAG(s) dict_keys(['example_sensor_decorator']) retrieved from /home/airflow/.local/lib/python3.7/site-packages/airflow/example_dags/example_sensor_decorator.py
[2024-01-04T23:25:20.866+0000] {logging_mixin.py:137} INFO - [2024-01-04T23:25:20.866+0000] {dag.py:2690} INFO - Sync 1 DAGs
[2024-01-04T23:25:20.888+0000] {logging_mixin.py:137} INFO - [2024-01-04T23:25:20.888+0000] {dag.py:3441} INFO - Setting next_dagrun for example_sensor_decorator to None, run_after=None
[2024-01-04T23:25:20.901+0000] {processor.py:175} INFO - Processing /home/airflow/.local/lib/python3.7/site-packages/airflow/example_dags/example_sensor_decorator.py took 0.105 seconds
[2024-01-04T23:25:51.762+0000] {processor.py:153} INFO - Started process (PID=2368) to work on /home/airflow/.local/lib/python3.7/site-packages/airflow/example_dags/example_sensor_decorator.py
[2024-01-04T23:25:51.764+0000] {processor.py:743} INFO - Processing file /home/airflow/.local/lib/python3.7/site-packages/airflow/example_dags/example_sensor_decorator.py for tasks to queue
[2024-01-04T23:25:51.765+0000] {logging_mixin.py:137} INFO - [2024-01-04T23:25:51.765+0000] {dagbag.py:538} INFO - Filling up the DagBag from /home/airflow/.local/lib/python3.7/site-packages/airflow/example_dags/example_sensor_decorator.py
[2024-01-04T23:25:51.782+0000] {processor.py:753} INFO - DAG(s) dict_keys(['example_sensor_decorator']) retrieved from /home/airflow/.local/lib/python3.7/site-packages/airflow/example_dags/example_sensor_decorator.py
[2024-01-04T23:25:51.801+0000] {logging_mixin.py:137} INFO - [2024-01-04T23:25:51.801+0000] {dag.py:2690} INFO - Sync 1 DAGs
[2024-01-04T23:25:51.817+0000] {logging_mixin.py:137} INFO - [2024-01-04T23:25:51.817+0000] {dag.py:3441} INFO - Setting next_dagrun for example_sensor_decorator to None, run_after=None
[2024-01-04T23:25:51.830+0000] {processor.py:175} INFO - Processing /home/airflow/.local/lib/python3.7/site-packages/airflow/example_dags/example_sensor_decorator.py took 0.072 seconds
[2024-01-04T23:26:22.581+0000] {processor.py:153} INFO - Started process (PID=2442) to work on /home/airflow/.local/lib/python3.7/site-packages/airflow/example_dags/example_sensor_decorator.py
[2024-01-04T23:26:22.584+0000] {processor.py:743} INFO - Processing file /home/airflow/.local/lib/python3.7/site-packages/airflow/example_dags/example_sensor_decorator.py for tasks to queue
[2024-01-04T23:26:22.585+0000] {logging_mixin.py:137} INFO - [2024-01-04T23:26:22.585+0000] {dagbag.py:538} INFO - Filling up the DagBag from /home/airflow/.local/lib/python3.7/site-packages/airflow/example_dags/example_sensor_decorator.py
[2024-01-04T23:26:22.611+0000] {processor.py:753} INFO - DAG(s) dict_keys(['example_sensor_decorator']) retrieved from /home/airflow/.local/lib/python3.7/site-packages/airflow/example_dags/example_sensor_decorator.py
[2024-01-04T23:26:22.633+0000] {logging_mixin.py:137} INFO - [2024-01-04T23:26:22.633+0000] {dag.py:2690} INFO - Sync 1 DAGs
[2024-01-04T23:26:22.651+0000] {logging_mixin.py:137} INFO - [2024-01-04T23:26:22.651+0000] {dag.py:3441} INFO - Setting next_dagrun for example_sensor_decorator to None, run_after=None
[2024-01-04T23:26:22.664+0000] {processor.py:175} INFO - Processing /home/airflow/.local/lib/python3.7/site-packages/airflow/example_dags/example_sensor_decorator.py took 0.089 seconds
[2024-01-04T23:26:53.376+0000] {processor.py:153} INFO - Started process (PID=2505) to work on /home/airflow/.local/lib/python3.7/site-packages/airflow/example_dags/example_sensor_decorator.py
[2024-01-04T23:26:53.378+0000] {processor.py:743} INFO - Processing file /home/airflow/.local/lib/python3.7/site-packages/airflow/example_dags/example_sensor_decorator.py for tasks to queue
[2024-01-04T23:26:53.379+0000] {logging_mixin.py:137} INFO - [2024-01-04T23:26:53.379+0000] {dagbag.py:538} INFO - Filling up the DagBag from /home/airflow/.local/lib/python3.7/site-packages/airflow/example_dags/example_sensor_decorator.py
[2024-01-04T23:26:53.401+0000] {processor.py:753} INFO - DAG(s) dict_keys(['example_sensor_decorator']) retrieved from /home/airflow/.local/lib/python3.7/site-packages/airflow/example_dags/example_sensor_decorator.py
[2024-01-04T23:26:53.428+0000] {logging_mixin.py:137} INFO - [2024-01-04T23:26:53.428+0000] {dag.py:2690} INFO - Sync 1 DAGs
[2024-01-04T23:26:53.451+0000] {logging_mixin.py:137} INFO - [2024-01-04T23:26:53.451+0000] {dag.py:3441} INFO - Setting next_dagrun for example_sensor_decorator to None, run_after=None
[2024-01-04T23:26:53.479+0000] {processor.py:175} INFO - Processing /home/airflow/.local/lib/python3.7/site-packages/airflow/example_dags/example_sensor_decorator.py took 0.107 seconds
[2024-01-04T23:27:23.996+0000] {processor.py:153} INFO - Started process (PID=2580) to work on /home/airflow/.local/lib/python3.7/site-packages/airflow/example_dags/example_sensor_decorator.py
[2024-01-04T23:27:23.997+0000] {processor.py:743} INFO - Processing file /home/airflow/.local/lib/python3.7/site-packages/airflow/example_dags/example_sensor_decorator.py for tasks to queue
[2024-01-04T23:27:23.999+0000] {logging_mixin.py:137} INFO - [2024-01-04T23:27:23.999+0000] {dagbag.py:538} INFO - Filling up the DagBag from /home/airflow/.local/lib/python3.7/site-packages/airflow/example_dags/example_sensor_decorator.py
[2024-01-04T23:27:24.019+0000] {processor.py:753} INFO - DAG(s) dict_keys(['example_sensor_decorator']) retrieved from /home/airflow/.local/lib/python3.7/site-packages/airflow/example_dags/example_sensor_decorator.py
[2024-01-04T23:27:24.039+0000] {logging_mixin.py:137} INFO - [2024-01-04T23:27:24.039+0000] {dag.py:2690} INFO - Sync 1 DAGs
[2024-01-04T23:27:24.055+0000] {logging_mixin.py:137} INFO - [2024-01-04T23:27:24.055+0000] {dag.py:3441} INFO - Setting next_dagrun for example_sensor_decorator to None, run_after=None
[2024-01-04T23:27:24.070+0000] {processor.py:175} INFO - Processing /home/airflow/.local/lib/python3.7/site-packages/airflow/example_dags/example_sensor_decorator.py took 0.078 seconds
[2024-01-04T23:27:54.480+0000] {processor.py:153} INFO - Started process (PID=2656) to work on /home/airflow/.local/lib/python3.7/site-packages/airflow/example_dags/example_sensor_decorator.py
[2024-01-04T23:27:54.481+0000] {processor.py:743} INFO - Processing file /home/airflow/.local/lib/python3.7/site-packages/airflow/example_dags/example_sensor_decorator.py for tasks to queue
[2024-01-04T23:27:54.482+0000] {logging_mixin.py:137} INFO - [2024-01-04T23:27:54.482+0000] {dagbag.py:538} INFO - Filling up the DagBag from /home/airflow/.local/lib/python3.7/site-packages/airflow/example_dags/example_sensor_decorator.py
[2024-01-04T23:27:54.504+0000] {processor.py:753} INFO - DAG(s) dict_keys(['example_sensor_decorator']) retrieved from /home/airflow/.local/lib/python3.7/site-packages/airflow/example_dags/example_sensor_decorator.py
[2024-01-04T23:27:54.523+0000] {logging_mixin.py:137} INFO - [2024-01-04T23:27:54.523+0000] {dag.py:2690} INFO - Sync 1 DAGs
[2024-01-04T23:27:54.538+0000] {logging_mixin.py:137} INFO - [2024-01-04T23:27:54.538+0000] {dag.py:3441} INFO - Setting next_dagrun for example_sensor_decorator to None, run_after=None
[2024-01-04T23:27:54.549+0000] {processor.py:175} INFO - Processing /home/airflow/.local/lib/python3.7/site-packages/airflow/example_dags/example_sensor_decorator.py took 0.072 seconds
[2024-01-04T23:28:25.260+0000] {processor.py:153} INFO - Started process (PID=2720) to work on /home/airflow/.local/lib/python3.7/site-packages/airflow/example_dags/example_sensor_decorator.py
[2024-01-04T23:28:25.262+0000] {processor.py:743} INFO - Processing file /home/airflow/.local/lib/python3.7/site-packages/airflow/example_dags/example_sensor_decorator.py for tasks to queue
[2024-01-04T23:28:25.263+0000] {logging_mixin.py:137} INFO - [2024-01-04T23:28:25.263+0000] {dagbag.py:538} INFO - Filling up the DagBag from /home/airflow/.local/lib/python3.7/site-packages/airflow/example_dags/example_sensor_decorator.py
[2024-01-04T23:28:25.284+0000] {processor.py:753} INFO - DAG(s) dict_keys(['example_sensor_decorator']) retrieved from /home/airflow/.local/lib/python3.7/site-packages/airflow/example_dags/example_sensor_decorator.py
[2024-01-04T23:28:25.304+0000] {logging_mixin.py:137} INFO - [2024-01-04T23:28:25.304+0000] {dag.py:2690} INFO - Sync 1 DAGs
[2024-01-04T23:28:25.319+0000] {logging_mixin.py:137} INFO - [2024-01-04T23:28:25.319+0000] {dag.py:3441} INFO - Setting next_dagrun for example_sensor_decorator to None, run_after=None
[2024-01-04T23:28:25.330+0000] {processor.py:175} INFO - Processing /home/airflow/.local/lib/python3.7/site-packages/airflow/example_dags/example_sensor_decorator.py took 0.074 seconds
[2024-01-04T23:28:56.083+0000] {processor.py:153} INFO - Started process (PID=2796) to work on /home/airflow/.local/lib/python3.7/site-packages/airflow/example_dags/example_sensor_decorator.py
[2024-01-04T23:28:56.085+0000] {processor.py:743} INFO - Processing file /home/airflow/.local/lib/python3.7/site-packages/airflow/example_dags/example_sensor_decorator.py for tasks to queue
[2024-01-04T23:28:56.086+0000] {logging_mixin.py:137} INFO - [2024-01-04T23:28:56.086+0000] {dagbag.py:538} INFO - Filling up the DagBag from /home/airflow/.local/lib/python3.7/site-packages/airflow/example_dags/example_sensor_decorator.py
[2024-01-04T23:28:56.109+0000] {processor.py:753} INFO - DAG(s) dict_keys(['example_sensor_decorator']) retrieved from /home/airflow/.local/lib/python3.7/site-packages/airflow/example_dags/example_sensor_decorator.py
[2024-01-04T23:28:56.130+0000] {logging_mixin.py:137} INFO - [2024-01-04T23:28:56.130+0000] {dag.py:2690} INFO - Sync 1 DAGs
[2024-01-04T23:28:56.145+0000] {logging_mixin.py:137} INFO - [2024-01-04T23:28:56.145+0000] {dag.py:3441} INFO - Setting next_dagrun for example_sensor_decorator to None, run_after=None
[2024-01-04T23:28:56.160+0000] {processor.py:175} INFO - Processing /home/airflow/.local/lib/python3.7/site-packages/airflow/example_dags/example_sensor_decorator.py took 0.081 seconds
[2024-01-04T23:29:26.945+0000] {processor.py:153} INFO - Started process (PID=2870) to work on /home/airflow/.local/lib/python3.7/site-packages/airflow/example_dags/example_sensor_decorator.py
[2024-01-04T23:29:26.951+0000] {processor.py:743} INFO - Processing file /home/airflow/.local/lib/python3.7/site-packages/airflow/example_dags/example_sensor_decorator.py for tasks to queue
[2024-01-04T23:29:26.955+0000] {logging_mixin.py:137} INFO - [2024-01-04T23:29:26.954+0000] {dagbag.py:538} INFO - Filling up the DagBag from /home/airflow/.local/lib/python3.7/site-packages/airflow/example_dags/example_sensor_decorator.py
[2024-01-04T23:29:27.006+0000] {processor.py:753} INFO - DAG(s) dict_keys(['example_sensor_decorator']) retrieved from /home/airflow/.local/lib/python3.7/site-packages/airflow/example_dags/example_sensor_decorator.py
[2024-01-04T23:29:27.046+0000] {logging_mixin.py:137} INFO - [2024-01-04T23:29:27.046+0000] {dag.py:2690} INFO - Sync 1 DAGs
[2024-01-04T23:29:27.072+0000] {logging_mixin.py:137} INFO - [2024-01-04T23:29:27.072+0000] {dag.py:3441} INFO - Setting next_dagrun for example_sensor_decorator to None, run_after=None
[2024-01-04T23:29:27.089+0000] {processor.py:175} INFO - Processing /home/airflow/.local/lib/python3.7/site-packages/airflow/example_dags/example_sensor_decorator.py took 0.150 seconds
[2024-01-04T23:29:57.327+0000] {processor.py:153} INFO - Started process (PID=2932) to work on /home/airflow/.local/lib/python3.7/site-packages/airflow/example_dags/example_sensor_decorator.py
[2024-01-04T23:29:57.328+0000] {processor.py:743} INFO - Processing file /home/airflow/.local/lib/python3.7/site-packages/airflow/example_dags/example_sensor_decorator.py for tasks to queue
[2024-01-04T23:29:57.329+0000] {logging_mixin.py:137} INFO - [2024-01-04T23:29:57.329+0000] {dagbag.py:538} INFO - Filling up the DagBag from /home/airflow/.local/lib/python3.7/site-packages/airflow/example_dags/example_sensor_decorator.py
[2024-01-04T23:29:57.351+0000] {processor.py:753} INFO - DAG(s) dict_keys(['example_sensor_decorator']) retrieved from /home/airflow/.local/lib/python3.7/site-packages/airflow/example_dags/example_sensor_decorator.py
[2024-01-04T23:29:57.370+0000] {logging_mixin.py:137} INFO - [2024-01-04T23:29:57.370+0000] {dag.py:2690} INFO - Sync 1 DAGs
[2024-01-04T23:29:57.385+0000] {logging_mixin.py:137} INFO - [2024-01-04T23:29:57.385+0000] {dag.py:3441} INFO - Setting next_dagrun for example_sensor_decorator to None, run_after=None
[2024-01-04T23:29:57.395+0000] {processor.py:175} INFO - Processing /home/airflow/.local/lib/python3.7/site-packages/airflow/example_dags/example_sensor_decorator.py took 0.073 seconds
[2024-01-04T23:30:27.770+0000] {processor.py:153} INFO - Started process (PID=3007) to work on /home/airflow/.local/lib/python3.7/site-packages/airflow/example_dags/example_sensor_decorator.py
[2024-01-04T23:30:27.773+0000] {processor.py:743} INFO - Processing file /home/airflow/.local/lib/python3.7/site-packages/airflow/example_dags/example_sensor_decorator.py for tasks to queue
[2024-01-04T23:30:27.774+0000] {logging_mixin.py:137} INFO - [2024-01-04T23:30:27.774+0000] {dagbag.py:538} INFO - Filling up the DagBag from /home/airflow/.local/lib/python3.7/site-packages/airflow/example_dags/example_sensor_decorator.py
[2024-01-04T23:30:27.813+0000] {processor.py:753} INFO - DAG(s) dict_keys(['example_sensor_decorator']) retrieved from /home/airflow/.local/lib/python3.7/site-packages/airflow/example_dags/example_sensor_decorator.py
[2024-01-04T23:30:27.837+0000] {logging_mixin.py:137} INFO - [2024-01-04T23:30:27.837+0000] {dag.py:2690} INFO - Sync 1 DAGs
[2024-01-04T23:30:27.854+0000] {logging_mixin.py:137} INFO - [2024-01-04T23:30:27.854+0000] {dag.py:3441} INFO - Setting next_dagrun for example_sensor_decorator to None, run_after=None
[2024-01-04T23:30:27.868+0000] {processor.py:175} INFO - Processing /home/airflow/.local/lib/python3.7/site-packages/airflow/example_dags/example_sensor_decorator.py took 0.102 seconds
[2024-01-04T23:30:58.572+0000] {processor.py:153} INFO - Started process (PID=3071) to work on /home/airflow/.local/lib/python3.7/site-packages/airflow/example_dags/example_sensor_decorator.py
[2024-01-04T23:30:58.573+0000] {processor.py:743} INFO - Processing file /home/airflow/.local/lib/python3.7/site-packages/airflow/example_dags/example_sensor_decorator.py for tasks to queue
[2024-01-04T23:30:58.574+0000] {logging_mixin.py:137} INFO - [2024-01-04T23:30:58.574+0000] {dagbag.py:538} INFO - Filling up the DagBag from /home/airflow/.local/lib/python3.7/site-packages/airflow/example_dags/example_sensor_decorator.py
[2024-01-04T23:30:58.606+0000] {processor.py:753} INFO - DAG(s) dict_keys(['example_sensor_decorator']) retrieved from /home/airflow/.local/lib/python3.7/site-packages/airflow/example_dags/example_sensor_decorator.py
[2024-01-04T23:30:58.628+0000] {logging_mixin.py:137} INFO - [2024-01-04T23:30:58.628+0000] {dag.py:2690} INFO - Sync 1 DAGs
[2024-01-04T23:30:58.653+0000] {logging_mixin.py:137} INFO - [2024-01-04T23:30:58.653+0000] {dag.py:3441} INFO - Setting next_dagrun for example_sensor_decorator to None, run_after=None
[2024-01-04T23:30:58.670+0000] {processor.py:175} INFO - Processing /home/airflow/.local/lib/python3.7/site-packages/airflow/example_dags/example_sensor_decorator.py took 0.104 seconds
[2024-01-04T23:31:29.319+0000] {processor.py:153} INFO - Started process (PID=3146) to work on /home/airflow/.local/lib/python3.7/site-packages/airflow/example_dags/example_sensor_decorator.py
[2024-01-04T23:31:29.321+0000] {processor.py:743} INFO - Processing file /home/airflow/.local/lib/python3.7/site-packages/airflow/example_dags/example_sensor_decorator.py for tasks to queue
[2024-01-04T23:31:29.322+0000] {logging_mixin.py:137} INFO - [2024-01-04T23:31:29.322+0000] {dagbag.py:538} INFO - Filling up the DagBag from /home/airflow/.local/lib/python3.7/site-packages/airflow/example_dags/example_sensor_decorator.py
[2024-01-04T23:31:29.340+0000] {processor.py:753} INFO - DAG(s) dict_keys(['example_sensor_decorator']) retrieved from /home/airflow/.local/lib/python3.7/site-packages/airflow/example_dags/example_sensor_decorator.py
[2024-01-04T23:31:29.363+0000] {logging_mixin.py:137} INFO - [2024-01-04T23:31:29.363+0000] {dag.py:2690} INFO - Sync 1 DAGs
[2024-01-04T23:31:29.382+0000] {logging_mixin.py:137} INFO - [2024-01-04T23:31:29.382+0000] {dag.py:3441} INFO - Setting next_dagrun for example_sensor_decorator to None, run_after=None
[2024-01-04T23:31:29.394+0000] {processor.py:175} INFO - Processing /home/airflow/.local/lib/python3.7/site-packages/airflow/example_dags/example_sensor_decorator.py took 0.078 seconds
[2024-01-04T23:32:00.368+0000] {processor.py:153} INFO - Started process (PID=3209) to work on /home/airflow/.local/lib/python3.7/site-packages/airflow/example_dags/example_sensor_decorator.py
[2024-01-04T23:32:00.370+0000] {processor.py:743} INFO - Processing file /home/airflow/.local/lib/python3.7/site-packages/airflow/example_dags/example_sensor_decorator.py for tasks to queue
[2024-01-04T23:32:00.371+0000] {logging_mixin.py:137} INFO - [2024-01-04T23:32:00.371+0000] {dagbag.py:538} INFO - Filling up the DagBag from /home/airflow/.local/lib/python3.7/site-packages/airflow/example_dags/example_sensor_decorator.py
[2024-01-04T23:32:00.391+0000] {processor.py:753} INFO - DAG(s) dict_keys(['example_sensor_decorator']) retrieved from /home/airflow/.local/lib/python3.7/site-packages/airflow/example_dags/example_sensor_decorator.py
[2024-01-04T23:32:00.410+0000] {logging_mixin.py:137} INFO - [2024-01-04T23:32:00.410+0000] {dag.py:2690} INFO - Sync 1 DAGs
[2024-01-04T23:32:00.426+0000] {logging_mixin.py:137} INFO - [2024-01-04T23:32:00.426+0000] {dag.py:3441} INFO - Setting next_dagrun for example_sensor_decorator to None, run_after=None
[2024-01-04T23:32:00.438+0000] {processor.py:175} INFO - Processing /home/airflow/.local/lib/python3.7/site-packages/airflow/example_dags/example_sensor_decorator.py took 0.073 seconds
[2024-01-04T23:32:31.424+0000] {processor.py:153} INFO - Started process (PID=3284) to work on /home/airflow/.local/lib/python3.7/site-packages/airflow/example_dags/example_sensor_decorator.py
[2024-01-04T23:32:31.426+0000] {processor.py:743} INFO - Processing file /home/airflow/.local/lib/python3.7/site-packages/airflow/example_dags/example_sensor_decorator.py for tasks to queue
[2024-01-04T23:32:31.427+0000] {logging_mixin.py:137} INFO - [2024-01-04T23:32:31.427+0000] {dagbag.py:538} INFO - Filling up the DagBag from /home/airflow/.local/lib/python3.7/site-packages/airflow/example_dags/example_sensor_decorator.py
[2024-01-04T23:32:31.447+0000] {processor.py:753} INFO - DAG(s) dict_keys(['example_sensor_decorator']) retrieved from /home/airflow/.local/lib/python3.7/site-packages/airflow/example_dags/example_sensor_decorator.py
[2024-01-04T23:32:31.467+0000] {logging_mixin.py:137} INFO - [2024-01-04T23:32:31.467+0000] {dag.py:2690} INFO - Sync 1 DAGs
[2024-01-04T23:32:31.484+0000] {logging_mixin.py:137} INFO - [2024-01-04T23:32:31.484+0000] {dag.py:3441} INFO - Setting next_dagrun for example_sensor_decorator to None, run_after=None
[2024-01-04T23:32:31.500+0000] {processor.py:175} INFO - Processing /home/airflow/.local/lib/python3.7/site-packages/airflow/example_dags/example_sensor_decorator.py took 0.080 seconds
[2024-01-04T23:33:02.467+0000] {processor.py:153} INFO - Started process (PID=3359) to work on /home/airflow/.local/lib/python3.7/site-packages/airflow/example_dags/example_sensor_decorator.py
[2024-01-04T23:33:02.469+0000] {processor.py:743} INFO - Processing file /home/airflow/.local/lib/python3.7/site-packages/airflow/example_dags/example_sensor_decorator.py for tasks to queue
[2024-01-04T23:33:02.470+0000] {logging_mixin.py:137} INFO - [2024-01-04T23:33:02.470+0000] {dagbag.py:538} INFO - Filling up the DagBag from /home/airflow/.local/lib/python3.7/site-packages/airflow/example_dags/example_sensor_decorator.py
[2024-01-04T23:33:02.498+0000] {processor.py:753} INFO - DAG(s) dict_keys(['example_sensor_decorator']) retrieved from /home/airflow/.local/lib/python3.7/site-packages/airflow/example_dags/example_sensor_decorator.py
[2024-01-04T23:33:02.533+0000] {logging_mixin.py:137} INFO - [2024-01-04T23:33:02.533+0000] {dag.py:2690} INFO - Sync 1 DAGs
[2024-01-04T23:33:02.564+0000] {logging_mixin.py:137} INFO - [2024-01-04T23:33:02.564+0000] {dag.py:3441} INFO - Setting next_dagrun for example_sensor_decorator to None, run_after=None
[2024-01-04T23:33:02.588+0000] {processor.py:175} INFO - Processing /home/airflow/.local/lib/python3.7/site-packages/airflow/example_dags/example_sensor_decorator.py took 0.126 seconds
[2024-01-04T23:33:33.281+0000] {processor.py:153} INFO - Started process (PID=3421) to work on /home/airflow/.local/lib/python3.7/site-packages/airflow/example_dags/example_sensor_decorator.py
[2024-01-04T23:33:33.282+0000] {processor.py:743} INFO - Processing file /home/airflow/.local/lib/python3.7/site-packages/airflow/example_dags/example_sensor_decorator.py for tasks to queue
[2024-01-04T23:33:33.283+0000] {logging_mixin.py:137} INFO - [2024-01-04T23:33:33.283+0000] {dagbag.py:538} INFO - Filling up the DagBag from /home/airflow/.local/lib/python3.7/site-packages/airflow/example_dags/example_sensor_decorator.py
[2024-01-04T23:33:33.304+0000] {processor.py:753} INFO - DAG(s) dict_keys(['example_sensor_decorator']) retrieved from /home/airflow/.local/lib/python3.7/site-packages/airflow/example_dags/example_sensor_decorator.py
[2024-01-04T23:33:33.323+0000] {logging_mixin.py:137} INFO - [2024-01-04T23:33:33.323+0000] {dag.py:2690} INFO - Sync 1 DAGs
[2024-01-04T23:33:33.339+0000] {logging_mixin.py:137} INFO - [2024-01-04T23:33:33.339+0000] {dag.py:3441} INFO - Setting next_dagrun for example_sensor_decorator to None, run_after=None
[2024-01-04T23:33:33.350+0000] {processor.py:175} INFO - Processing /home/airflow/.local/lib/python3.7/site-packages/airflow/example_dags/example_sensor_decorator.py took 0.073 seconds
[2024-01-04T23:34:04.106+0000] {processor.py:153} INFO - Started process (PID=3497) to work on /home/airflow/.local/lib/python3.7/site-packages/airflow/example_dags/example_sensor_decorator.py
[2024-01-04T23:34:04.108+0000] {processor.py:743} INFO - Processing file /home/airflow/.local/lib/python3.7/site-packages/airflow/example_dags/example_sensor_decorator.py for tasks to queue
[2024-01-04T23:34:04.109+0000] {logging_mixin.py:137} INFO - [2024-01-04T23:34:04.109+0000] {dagbag.py:538} INFO - Filling up the DagBag from /home/airflow/.local/lib/python3.7/site-packages/airflow/example_dags/example_sensor_decorator.py
[2024-01-04T23:34:04.132+0000] {processor.py:753} INFO - DAG(s) dict_keys(['example_sensor_decorator']) retrieved from /home/airflow/.local/lib/python3.7/site-packages/airflow/example_dags/example_sensor_decorator.py
[2024-01-04T23:34:04.151+0000] {logging_mixin.py:137} INFO - [2024-01-04T23:34:04.151+0000] {dag.py:2690} INFO - Sync 1 DAGs
[2024-01-04T23:34:04.166+0000] {logging_mixin.py:137} INFO - [2024-01-04T23:34:04.166+0000] {dag.py:3441} INFO - Setting next_dagrun for example_sensor_decorator to None, run_after=None
[2024-01-04T23:34:04.177+0000] {processor.py:175} INFO - Processing /home/airflow/.local/lib/python3.7/site-packages/airflow/example_dags/example_sensor_decorator.py took 0.076 seconds
[2024-01-04T23:34:34.741+0000] {processor.py:153} INFO - Started process (PID=3560) to work on /home/airflow/.local/lib/python3.7/site-packages/airflow/example_dags/example_sensor_decorator.py
[2024-01-04T23:34:34.743+0000] {processor.py:743} INFO - Processing file /home/airflow/.local/lib/python3.7/site-packages/airflow/example_dags/example_sensor_decorator.py for tasks to queue
[2024-01-04T23:34:34.744+0000] {logging_mixin.py:137} INFO - [2024-01-04T23:34:34.744+0000] {dagbag.py:538} INFO - Filling up the DagBag from /home/airflow/.local/lib/python3.7/site-packages/airflow/example_dags/example_sensor_decorator.py
[2024-01-04T23:34:34.792+0000] {processor.py:753} INFO - DAG(s) dict_keys(['example_sensor_decorator']) retrieved from /home/airflow/.local/lib/python3.7/site-packages/airflow/example_dags/example_sensor_decorator.py
[2024-01-04T23:34:34.820+0000] {logging_mixin.py:137} INFO - [2024-01-04T23:34:34.820+0000] {dag.py:2690} INFO - Sync 1 DAGs
[2024-01-04T23:34:34.842+0000] {logging_mixin.py:137} INFO - [2024-01-04T23:34:34.842+0000] {dag.py:3441} INFO - Setting next_dagrun for example_sensor_decorator to None, run_after=None
[2024-01-04T23:34:34.865+0000] {processor.py:175} INFO - Processing /home/airflow/.local/lib/python3.7/site-packages/airflow/example_dags/example_sensor_decorator.py took 0.130 seconds
[2024-01-04T23:35:05.564+0000] {processor.py:153} INFO - Started process (PID=3635) to work on /home/airflow/.local/lib/python3.7/site-packages/airflow/example_dags/example_sensor_decorator.py
[2024-01-04T23:35:05.566+0000] {processor.py:743} INFO - Processing file /home/airflow/.local/lib/python3.7/site-packages/airflow/example_dags/example_sensor_decorator.py for tasks to queue
[2024-01-04T23:35:05.568+0000] {logging_mixin.py:137} INFO - [2024-01-04T23:35:05.568+0000] {dagbag.py:538} INFO - Filling up the DagBag from /home/airflow/.local/lib/python3.7/site-packages/airflow/example_dags/example_sensor_decorator.py
[2024-01-04T23:35:05.590+0000] {processor.py:753} INFO - DAG(s) dict_keys(['example_sensor_decorator']) retrieved from /home/airflow/.local/lib/python3.7/site-packages/airflow/example_dags/example_sensor_decorator.py
[2024-01-04T23:35:05.610+0000] {logging_mixin.py:137} INFO - [2024-01-04T23:35:05.610+0000] {dag.py:2690} INFO - Sync 1 DAGs
[2024-01-04T23:35:05.626+0000] {logging_mixin.py:137} INFO - [2024-01-04T23:35:05.626+0000] {dag.py:3441} INFO - Setting next_dagrun for example_sensor_decorator to None, run_after=None
[2024-01-04T23:35:05.640+0000] {processor.py:175} INFO - Processing /home/airflow/.local/lib/python3.7/site-packages/airflow/example_dags/example_sensor_decorator.py took 0.080 seconds
[2024-01-04T23:35:35.758+0000] {processor.py:153} INFO - Started process (PID=3710) to work on /home/airflow/.local/lib/python3.7/site-packages/airflow/example_dags/example_sensor_decorator.py
[2024-01-04T23:35:35.760+0000] {processor.py:743} INFO - Processing file /home/airflow/.local/lib/python3.7/site-packages/airflow/example_dags/example_sensor_decorator.py for tasks to queue
[2024-01-04T23:35:35.764+0000] {logging_mixin.py:137} INFO - [2024-01-04T23:35:35.764+0000] {dagbag.py:538} INFO - Filling up the DagBag from /home/airflow/.local/lib/python3.7/site-packages/airflow/example_dags/example_sensor_decorator.py
[2024-01-04T23:35:35.822+0000] {processor.py:753} INFO - DAG(s) dict_keys(['example_sensor_decorator']) retrieved from /home/airflow/.local/lib/python3.7/site-packages/airflow/example_dags/example_sensor_decorator.py
[2024-01-04T23:35:35.879+0000] {logging_mixin.py:137} INFO - [2024-01-04T23:35:35.878+0000] {dag.py:2690} INFO - Sync 1 DAGs
[2024-01-04T23:35:35.923+0000] {logging_mixin.py:137} INFO - [2024-01-04T23:35:35.923+0000] {dag.py:3441} INFO - Setting next_dagrun for example_sensor_decorator to None, run_after=None
[2024-01-04T23:35:35.959+0000] {processor.py:175} INFO - Processing /home/airflow/.local/lib/python3.7/site-packages/airflow/example_dags/example_sensor_decorator.py took 0.206 seconds
[2024-01-04T23:36:06.141+0000] {processor.py:153} INFO - Started process (PID=3772) to work on /home/airflow/.local/lib/python3.7/site-packages/airflow/example_dags/example_sensor_decorator.py
[2024-01-04T23:36:06.143+0000] {processor.py:743} INFO - Processing file /home/airflow/.local/lib/python3.7/site-packages/airflow/example_dags/example_sensor_decorator.py for tasks to queue
[2024-01-04T23:36:06.144+0000] {logging_mixin.py:137} INFO - [2024-01-04T23:36:06.144+0000] {dagbag.py:538} INFO - Filling up the DagBag from /home/airflow/.local/lib/python3.7/site-packages/airflow/example_dags/example_sensor_decorator.py
[2024-01-04T23:36:06.162+0000] {processor.py:753} INFO - DAG(s) dict_keys(['example_sensor_decorator']) retrieved from /home/airflow/.local/lib/python3.7/site-packages/airflow/example_dags/example_sensor_decorator.py
[2024-01-04T23:36:06.183+0000] {logging_mixin.py:137} INFO - [2024-01-04T23:36:06.183+0000] {dag.py:2690} INFO - Sync 1 DAGs
[2024-01-04T23:36:06.203+0000] {logging_mixin.py:137} INFO - [2024-01-04T23:36:06.203+0000] {dag.py:3441} INFO - Setting next_dagrun for example_sensor_decorator to None, run_after=None
[2024-01-04T23:36:06.217+0000] {processor.py:175} INFO - Processing /home/airflow/.local/lib/python3.7/site-packages/airflow/example_dags/example_sensor_decorator.py took 0.079 seconds
[2024-01-04T23:36:37.193+0000] {processor.py:153} INFO - Started process (PID=3847) to work on /home/airflow/.local/lib/python3.7/site-packages/airflow/example_dags/example_sensor_decorator.py
[2024-01-04T23:36:37.195+0000] {processor.py:743} INFO - Processing file /home/airflow/.local/lib/python3.7/site-packages/airflow/example_dags/example_sensor_decorator.py for tasks to queue
[2024-01-04T23:36:37.196+0000] {logging_mixin.py:137} INFO - [2024-01-04T23:36:37.196+0000] {dagbag.py:538} INFO - Filling up the DagBag from /home/airflow/.local/lib/python3.7/site-packages/airflow/example_dags/example_sensor_decorator.py
[2024-01-04T23:36:37.217+0000] {processor.py:753} INFO - DAG(s) dict_keys(['example_sensor_decorator']) retrieved from /home/airflow/.local/lib/python3.7/site-packages/airflow/example_dags/example_sensor_decorator.py
[2024-01-04T23:36:37.244+0000] {logging_mixin.py:137} INFO - [2024-01-04T23:36:37.244+0000] {dag.py:2690} INFO - Sync 1 DAGs
[2024-01-04T23:36:37.262+0000] {logging_mixin.py:137} INFO - [2024-01-04T23:36:37.262+0000] {dag.py:3441} INFO - Setting next_dagrun for example_sensor_decorator to None, run_after=None
[2024-01-04T23:36:37.275+0000] {processor.py:175} INFO - Processing /home/airflow/.local/lib/python3.7/site-packages/airflow/example_dags/example_sensor_decorator.py took 0.088 seconds
[2024-01-04T23:37:07.528+0000] {processor.py:153} INFO - Started process (PID=3910) to work on /home/airflow/.local/lib/python3.7/site-packages/airflow/example_dags/example_sensor_decorator.py
[2024-01-04T23:37:07.534+0000] {processor.py:743} INFO - Processing file /home/airflow/.local/lib/python3.7/site-packages/airflow/example_dags/example_sensor_decorator.py for tasks to queue
[2024-01-04T23:37:07.539+0000] {logging_mixin.py:137} INFO - [2024-01-04T23:37:07.538+0000] {dagbag.py:538} INFO - Filling up the DagBag from /home/airflow/.local/lib/python3.7/site-packages/airflow/example_dags/example_sensor_decorator.py
[2024-01-04T23:37:07.574+0000] {processor.py:753} INFO - DAG(s) dict_keys(['example_sensor_decorator']) retrieved from /home/airflow/.local/lib/python3.7/site-packages/airflow/example_dags/example_sensor_decorator.py
[2024-01-04T23:37:07.599+0000] {logging_mixin.py:137} INFO - [2024-01-04T23:37:07.598+0000] {dag.py:2690} INFO - Sync 1 DAGs
[2024-01-04T23:37:07.620+0000] {logging_mixin.py:137} INFO - [2024-01-04T23:37:07.619+0000] {dag.py:3441} INFO - Setting next_dagrun for example_sensor_decorator to None, run_after=None
[2024-01-04T23:37:07.634+0000] {processor.py:175} INFO - Processing /home/airflow/.local/lib/python3.7/site-packages/airflow/example_dags/example_sensor_decorator.py took 0.117 seconds
[2024-01-04T23:37:38.262+0000] {processor.py:153} INFO - Started process (PID=3984) to work on /home/airflow/.local/lib/python3.7/site-packages/airflow/example_dags/example_sensor_decorator.py
[2024-01-04T23:37:38.264+0000] {processor.py:743} INFO - Processing file /home/airflow/.local/lib/python3.7/site-packages/airflow/example_dags/example_sensor_decorator.py for tasks to queue
[2024-01-04T23:37:38.265+0000] {logging_mixin.py:137} INFO - [2024-01-04T23:37:38.265+0000] {dagbag.py:538} INFO - Filling up the DagBag from /home/airflow/.local/lib/python3.7/site-packages/airflow/example_dags/example_sensor_decorator.py
[2024-01-04T23:37:38.282+0000] {processor.py:753} INFO - DAG(s) dict_keys(['example_sensor_decorator']) retrieved from /home/airflow/.local/lib/python3.7/site-packages/airflow/example_dags/example_sensor_decorator.py
[2024-01-04T23:37:38.302+0000] {logging_mixin.py:137} INFO - [2024-01-04T23:37:38.301+0000] {dag.py:2690} INFO - Sync 1 DAGs
[2024-01-04T23:37:38.316+0000] {logging_mixin.py:137} INFO - [2024-01-04T23:37:38.316+0000] {dag.py:3441} INFO - Setting next_dagrun for example_sensor_decorator to None, run_after=None
[2024-01-04T23:37:38.327+0000] {processor.py:175} INFO - Processing /home/airflow/.local/lib/python3.7/site-packages/airflow/example_dags/example_sensor_decorator.py took 0.068 seconds
[2024-01-04T23:38:08.867+0000] {processor.py:153} INFO - Started process (PID=4047) to work on /home/airflow/.local/lib/python3.7/site-packages/airflow/example_dags/example_sensor_decorator.py
[2024-01-04T23:38:08.869+0000] {processor.py:743} INFO - Processing file /home/airflow/.local/lib/python3.7/site-packages/airflow/example_dags/example_sensor_decorator.py for tasks to queue
[2024-01-04T23:38:08.870+0000] {logging_mixin.py:137} INFO - [2024-01-04T23:38:08.870+0000] {dagbag.py:538} INFO - Filling up the DagBag from /home/airflow/.local/lib/python3.7/site-packages/airflow/example_dags/example_sensor_decorator.py
[2024-01-04T23:38:08.887+0000] {processor.py:753} INFO - DAG(s) dict_keys(['example_sensor_decorator']) retrieved from /home/airflow/.local/lib/python3.7/site-packages/airflow/example_dags/example_sensor_decorator.py
[2024-01-04T23:38:08.906+0000] {logging_mixin.py:137} INFO - [2024-01-04T23:38:08.906+0000] {dag.py:2690} INFO - Sync 1 DAGs
[2024-01-04T23:38:08.922+0000] {logging_mixin.py:137} INFO - [2024-01-04T23:38:08.921+0000] {dag.py:3441} INFO - Setting next_dagrun for example_sensor_decorator to None, run_after=None
[2024-01-04T23:38:08.933+0000] {processor.py:175} INFO - Processing /home/airflow/.local/lib/python3.7/site-packages/airflow/example_dags/example_sensor_decorator.py took 0.069 seconds
[2024-01-04T23:38:39.609+0000] {processor.py:153} INFO - Started process (PID=4122) to work on /home/airflow/.local/lib/python3.7/site-packages/airflow/example_dags/example_sensor_decorator.py
[2024-01-04T23:38:39.610+0000] {processor.py:743} INFO - Processing file /home/airflow/.local/lib/python3.7/site-packages/airflow/example_dags/example_sensor_decorator.py for tasks to queue
[2024-01-04T23:38:39.611+0000] {logging_mixin.py:137} INFO - [2024-01-04T23:38:39.610+0000] {dagbag.py:538} INFO - Filling up the DagBag from /home/airflow/.local/lib/python3.7/site-packages/airflow/example_dags/example_sensor_decorator.py
[2024-01-04T23:38:39.626+0000] {processor.py:753} INFO - DAG(s) dict_keys(['example_sensor_decorator']) retrieved from /home/airflow/.local/lib/python3.7/site-packages/airflow/example_dags/example_sensor_decorator.py
[2024-01-04T23:38:39.645+0000] {logging_mixin.py:137} INFO - [2024-01-04T23:38:39.645+0000] {dag.py:2690} INFO - Sync 1 DAGs
[2024-01-04T23:38:39.662+0000] {logging_mixin.py:137} INFO - [2024-01-04T23:38:39.662+0000] {dag.py:3441} INFO - Setting next_dagrun for example_sensor_decorator to None, run_after=None
[2024-01-04T23:38:39.673+0000] {processor.py:175} INFO - Processing /home/airflow/.local/lib/python3.7/site-packages/airflow/example_dags/example_sensor_decorator.py took 0.067 seconds
[2024-01-04T23:39:10.536+0000] {processor.py:153} INFO - Started process (PID=4197) to work on /home/airflow/.local/lib/python3.7/site-packages/airflow/example_dags/example_sensor_decorator.py
[2024-01-04T23:39:10.537+0000] {processor.py:743} INFO - Processing file /home/airflow/.local/lib/python3.7/site-packages/airflow/example_dags/example_sensor_decorator.py for tasks to queue
[2024-01-04T23:39:10.538+0000] {logging_mixin.py:137} INFO - [2024-01-04T23:39:10.538+0000] {dagbag.py:538} INFO - Filling up the DagBag from /home/airflow/.local/lib/python3.7/site-packages/airflow/example_dags/example_sensor_decorator.py
[2024-01-04T23:39:10.562+0000] {processor.py:753} INFO - DAG(s) dict_keys(['example_sensor_decorator']) retrieved from /home/airflow/.local/lib/python3.7/site-packages/airflow/example_dags/example_sensor_decorator.py
[2024-01-04T23:39:10.585+0000] {logging_mixin.py:137} INFO - [2024-01-04T23:39:10.585+0000] {dag.py:2690} INFO - Sync 1 DAGs
[2024-01-04T23:39:10.601+0000] {logging_mixin.py:137} INFO - [2024-01-04T23:39:10.601+0000] {dag.py:3441} INFO - Setting next_dagrun for example_sensor_decorator to None, run_after=None
[2024-01-04T23:39:10.616+0000] {processor.py:175} INFO - Processing /home/airflow/.local/lib/python3.7/site-packages/airflow/example_dags/example_sensor_decorator.py took 0.085 seconds
[2024-01-04T23:56:21.960+0000] {processor.py:153} INFO - Started process (PID=4248) to work on /home/airflow/.local/lib/python3.7/site-packages/airflow/example_dags/example_sensor_decorator.py
[2024-01-04T23:56:21.961+0000] {processor.py:743} INFO - Processing file /home/airflow/.local/lib/python3.7/site-packages/airflow/example_dags/example_sensor_decorator.py for tasks to queue
[2024-01-04T23:56:21.962+0000] {logging_mixin.py:137} INFO - [2024-01-04T23:56:21.962+0000] {dagbag.py:538} INFO - Filling up the DagBag from /home/airflow/.local/lib/python3.7/site-packages/airflow/example_dags/example_sensor_decorator.py
[2024-01-04T23:56:21.992+0000] {processor.py:753} INFO - DAG(s) dict_keys(['example_sensor_decorator']) retrieved from /home/airflow/.local/lib/python3.7/site-packages/airflow/example_dags/example_sensor_decorator.py
[2024-01-04T23:56:22.013+0000] {logging_mixin.py:137} INFO - [2024-01-04T23:56:22.013+0000] {dag.py:2690} INFO - Sync 1 DAGs
[2024-01-04T23:56:22.030+0000] {logging_mixin.py:137} INFO - [2024-01-04T23:56:22.030+0000] {dag.py:3441} INFO - Setting next_dagrun for example_sensor_decorator to None, run_after=None
[2024-01-04T23:56:22.045+0000] {processor.py:175} INFO - Processing /home/airflow/.local/lib/python3.7/site-packages/airflow/example_dags/example_sensor_decorator.py took 0.088 seconds
