[2024-01-04T23:09:10.183+0000] {processor.py:153} INFO - Started process (PID=81) to work on /home/airflow/.local/lib/python3.7/site-packages/airflow/example_dags/example_trigger_target_dag.py
[2024-01-04T23:09:10.185+0000] {processor.py:743} INFO - Processing file /home/airflow/.local/lib/python3.7/site-packages/airflow/example_dags/example_trigger_target_dag.py for tasks to queue
[2024-01-04T23:09:10.186+0000] {logging_mixin.py:137} INFO - [2024-01-04T23:09:10.186+0000] {dagbag.py:538} INFO - Filling up the DagBag from /home/airflow/.local/lib/python3.7/site-packages/airflow/example_dags/example_trigger_target_dag.py
[2024-01-04T23:09:10.260+0000] {processor.py:753} INFO - DAG(s) dict_keys(['example_trigger_target_dag']) retrieved from /home/airflow/.local/lib/python3.7/site-packages/airflow/example_dags/example_trigger_target_dag.py
[2024-01-04T23:09:10.597+0000] {logging_mixin.py:137} INFO - [2024-01-04T23:09:10.596+0000] {manager.py:504} INFO - Created Permission View: can delete on DAG:example_trigger_target_dag
[2024-01-04T23:09:10.638+0000] {logging_mixin.py:137} INFO - [2024-01-04T23:09:10.638+0000] {manager.py:504} INFO - Created Permission View: can edit on DAG:example_trigger_target_dag
[2024-01-04T23:09:10.691+0000] {logging_mixin.py:137} INFO - [2024-01-04T23:09:10.690+0000] {manager.py:504} INFO - Created Permission View: can read on DAG:example_trigger_target_dag
[2024-01-04T23:09:10.693+0000] {logging_mixin.py:137} INFO - [2024-01-04T23:09:10.693+0000] {dag.py:2690} INFO - Sync 1 DAGs
[2024-01-04T23:09:10.730+0000] {logging_mixin.py:137} INFO - [2024-01-04T23:09:10.728+0000] {dag.py:2711} INFO - Creating ORM DAG for example_trigger_target_dag
[2024-01-04T23:09:10.775+0000] {logging_mixin.py:137} INFO - [2024-01-04T23:09:10.775+0000] {dag.py:3441} INFO - Setting next_dagrun for example_trigger_target_dag to None, run_after=None
[2024-01-04T23:09:10.897+0000] {processor.py:175} INFO - Processing /home/airflow/.local/lib/python3.7/site-packages/airflow/example_dags/example_trigger_target_dag.py took 0.724 seconds
[2024-01-04T23:09:41.839+0000] {processor.py:153} INFO - Started process (PID=147) to work on /home/airflow/.local/lib/python3.7/site-packages/airflow/example_dags/example_trigger_target_dag.py
[2024-01-04T23:09:41.841+0000] {processor.py:743} INFO - Processing file /home/airflow/.local/lib/python3.7/site-packages/airflow/example_dags/example_trigger_target_dag.py for tasks to queue
[2024-01-04T23:09:41.843+0000] {logging_mixin.py:137} INFO - [2024-01-04T23:09:41.843+0000] {dagbag.py:538} INFO - Filling up the DagBag from /home/airflow/.local/lib/python3.7/site-packages/airflow/example_dags/example_trigger_target_dag.py
[2024-01-04T23:09:41.865+0000] {processor.py:753} INFO - DAG(s) dict_keys(['example_trigger_target_dag']) retrieved from /home/airflow/.local/lib/python3.7/site-packages/airflow/example_dags/example_trigger_target_dag.py
[2024-01-04T23:09:41.886+0000] {logging_mixin.py:137} INFO - [2024-01-04T23:09:41.886+0000] {dag.py:2690} INFO - Sync 1 DAGs
[2024-01-04T23:09:41.902+0000] {logging_mixin.py:137} INFO - [2024-01-04T23:09:41.902+0000] {dag.py:3441} INFO - Setting next_dagrun for example_trigger_target_dag to None, run_after=None
[2024-01-04T23:09:41.914+0000] {processor.py:175} INFO - Processing /home/airflow/.local/lib/python3.7/site-packages/airflow/example_dags/example_trigger_target_dag.py took 0.080 seconds
[2024-01-04T23:10:12.259+0000] {processor.py:153} INFO - Started process (PID=222) to work on /home/airflow/.local/lib/python3.7/site-packages/airflow/example_dags/example_trigger_target_dag.py
[2024-01-04T23:10:12.262+0000] {processor.py:743} INFO - Processing file /home/airflow/.local/lib/python3.7/site-packages/airflow/example_dags/example_trigger_target_dag.py for tasks to queue
[2024-01-04T23:10:12.263+0000] {logging_mixin.py:137} INFO - [2024-01-04T23:10:12.263+0000] {dagbag.py:538} INFO - Filling up the DagBag from /home/airflow/.local/lib/python3.7/site-packages/airflow/example_dags/example_trigger_target_dag.py
[2024-01-04T23:10:12.286+0000] {processor.py:753} INFO - DAG(s) dict_keys(['example_trigger_target_dag']) retrieved from /home/airflow/.local/lib/python3.7/site-packages/airflow/example_dags/example_trigger_target_dag.py
[2024-01-04T23:10:12.308+0000] {logging_mixin.py:137} INFO - [2024-01-04T23:10:12.308+0000] {dag.py:2690} INFO - Sync 1 DAGs
[2024-01-04T23:10:12.325+0000] {logging_mixin.py:137} INFO - [2024-01-04T23:10:12.325+0000] {dag.py:3441} INFO - Setting next_dagrun for example_trigger_target_dag to None, run_after=None
[2024-01-04T23:10:12.337+0000] {processor.py:175} INFO - Processing /home/airflow/.local/lib/python3.7/site-packages/airflow/example_dags/example_trigger_target_dag.py took 0.085 seconds
[2024-01-04T23:10:42.618+0000] {processor.py:153} INFO - Started process (PID=284) to work on /home/airflow/.local/lib/python3.7/site-packages/airflow/example_dags/example_trigger_target_dag.py
[2024-01-04T23:10:42.621+0000] {processor.py:743} INFO - Processing file /home/airflow/.local/lib/python3.7/site-packages/airflow/example_dags/example_trigger_target_dag.py for tasks to queue
[2024-01-04T23:10:42.622+0000] {logging_mixin.py:137} INFO - [2024-01-04T23:10:42.622+0000] {dagbag.py:538} INFO - Filling up the DagBag from /home/airflow/.local/lib/python3.7/site-packages/airflow/example_dags/example_trigger_target_dag.py
[2024-01-04T23:10:42.647+0000] {processor.py:753} INFO - DAG(s) dict_keys(['example_trigger_target_dag']) retrieved from /home/airflow/.local/lib/python3.7/site-packages/airflow/example_dags/example_trigger_target_dag.py
[2024-01-04T23:10:42.672+0000] {logging_mixin.py:137} INFO - [2024-01-04T23:10:42.671+0000] {dag.py:2690} INFO - Sync 1 DAGs
[2024-01-04T23:10:42.689+0000] {logging_mixin.py:137} INFO - [2024-01-04T23:10:42.689+0000] {dag.py:3441} INFO - Setting next_dagrun for example_trigger_target_dag to None, run_after=None
[2024-01-04T23:10:42.702+0000] {processor.py:175} INFO - Processing /home/airflow/.local/lib/python3.7/site-packages/airflow/example_dags/example_trigger_target_dag.py took 0.090 seconds
[2024-01-04T23:11:12.855+0000] {processor.py:153} INFO - Started process (PID=360) to work on /home/airflow/.local/lib/python3.7/site-packages/airflow/example_dags/example_trigger_target_dag.py
[2024-01-04T23:11:12.858+0000] {processor.py:743} INFO - Processing file /home/airflow/.local/lib/python3.7/site-packages/airflow/example_dags/example_trigger_target_dag.py for tasks to queue
[2024-01-04T23:11:12.860+0000] {logging_mixin.py:137} INFO - [2024-01-04T23:11:12.859+0000] {dagbag.py:538} INFO - Filling up the DagBag from /home/airflow/.local/lib/python3.7/site-packages/airflow/example_dags/example_trigger_target_dag.py
[2024-01-04T23:11:12.879+0000] {processor.py:753} INFO - DAG(s) dict_keys(['example_trigger_target_dag']) retrieved from /home/airflow/.local/lib/python3.7/site-packages/airflow/example_dags/example_trigger_target_dag.py
[2024-01-04T23:11:12.901+0000] {logging_mixin.py:137} INFO - [2024-01-04T23:11:12.901+0000] {dag.py:2690} INFO - Sync 1 DAGs
[2024-01-04T23:11:12.918+0000] {logging_mixin.py:137} INFO - [2024-01-04T23:11:12.918+0000] {dag.py:3441} INFO - Setting next_dagrun for example_trigger_target_dag to None, run_after=None
[2024-01-04T23:11:12.931+0000] {processor.py:175} INFO - Processing /home/airflow/.local/lib/python3.7/site-packages/airflow/example_dags/example_trigger_target_dag.py took 0.080 seconds
[2024-01-04T23:11:43.768+0000] {processor.py:153} INFO - Started process (PID=435) to work on /home/airflow/.local/lib/python3.7/site-packages/airflow/example_dags/example_trigger_target_dag.py
[2024-01-04T23:11:43.771+0000] {processor.py:743} INFO - Processing file /home/airflow/.local/lib/python3.7/site-packages/airflow/example_dags/example_trigger_target_dag.py for tasks to queue
[2024-01-04T23:11:43.776+0000] {logging_mixin.py:137} INFO - [2024-01-04T23:11:43.775+0000] {dagbag.py:538} INFO - Filling up the DagBag from /home/airflow/.local/lib/python3.7/site-packages/airflow/example_dags/example_trigger_target_dag.py
[2024-01-04T23:11:43.816+0000] {processor.py:753} INFO - DAG(s) dict_keys(['example_trigger_target_dag']) retrieved from /home/airflow/.local/lib/python3.7/site-packages/airflow/example_dags/example_trigger_target_dag.py
[2024-01-04T23:11:43.886+0000] {logging_mixin.py:137} INFO - [2024-01-04T23:11:43.885+0000] {dag.py:2690} INFO - Sync 1 DAGs
[2024-01-04T23:11:43.943+0000] {logging_mixin.py:137} INFO - [2024-01-04T23:11:43.943+0000] {dag.py:3441} INFO - Setting next_dagrun for example_trigger_target_dag to None, run_after=None
[2024-01-04T23:11:43.991+0000] {processor.py:175} INFO - Processing /home/airflow/.local/lib/python3.7/site-packages/airflow/example_dags/example_trigger_target_dag.py took 0.230 seconds
[2024-01-04T23:12:14.152+0000] {processor.py:153} INFO - Started process (PID=498) to work on /home/airflow/.local/lib/python3.7/site-packages/airflow/example_dags/example_trigger_target_dag.py
[2024-01-04T23:12:14.154+0000] {processor.py:743} INFO - Processing file /home/airflow/.local/lib/python3.7/site-packages/airflow/example_dags/example_trigger_target_dag.py for tasks to queue
[2024-01-04T23:12:14.155+0000] {logging_mixin.py:137} INFO - [2024-01-04T23:12:14.155+0000] {dagbag.py:538} INFO - Filling up the DagBag from /home/airflow/.local/lib/python3.7/site-packages/airflow/example_dags/example_trigger_target_dag.py
[2024-01-04T23:12:14.173+0000] {processor.py:753} INFO - DAG(s) dict_keys(['example_trigger_target_dag']) retrieved from /home/airflow/.local/lib/python3.7/site-packages/airflow/example_dags/example_trigger_target_dag.py
[2024-01-04T23:12:14.201+0000] {logging_mixin.py:137} INFO - [2024-01-04T23:12:14.201+0000] {dag.py:2690} INFO - Sync 1 DAGs
[2024-01-04T23:12:14.230+0000] {logging_mixin.py:137} INFO - [2024-01-04T23:12:14.230+0000] {dag.py:3441} INFO - Setting next_dagrun for example_trigger_target_dag to None, run_after=None
[2024-01-04T23:12:14.246+0000] {processor.py:175} INFO - Processing /home/airflow/.local/lib/python3.7/site-packages/airflow/example_dags/example_trigger_target_dag.py took 0.100 seconds
[2024-01-04T23:12:44.429+0000] {processor.py:153} INFO - Started process (PID=574) to work on /home/airflow/.local/lib/python3.7/site-packages/airflow/example_dags/example_trigger_target_dag.py
[2024-01-04T23:12:44.432+0000] {processor.py:743} INFO - Processing file /home/airflow/.local/lib/python3.7/site-packages/airflow/example_dags/example_trigger_target_dag.py for tasks to queue
[2024-01-04T23:12:44.433+0000] {logging_mixin.py:137} INFO - [2024-01-04T23:12:44.433+0000] {dagbag.py:538} INFO - Filling up the DagBag from /home/airflow/.local/lib/python3.7/site-packages/airflow/example_dags/example_trigger_target_dag.py
[2024-01-04T23:12:44.456+0000] {processor.py:753} INFO - DAG(s) dict_keys(['example_trigger_target_dag']) retrieved from /home/airflow/.local/lib/python3.7/site-packages/airflow/example_dags/example_trigger_target_dag.py
[2024-01-04T23:12:44.479+0000] {logging_mixin.py:137} INFO - [2024-01-04T23:12:44.479+0000] {dag.py:2690} INFO - Sync 1 DAGs
[2024-01-04T23:12:44.495+0000] {logging_mixin.py:137} INFO - [2024-01-04T23:12:44.495+0000] {dag.py:3441} INFO - Setting next_dagrun for example_trigger_target_dag to None, run_after=None
[2024-01-04T23:12:44.506+0000] {processor.py:175} INFO - Processing /home/airflow/.local/lib/python3.7/site-packages/airflow/example_dags/example_trigger_target_dag.py took 0.085 seconds
[2024-01-04T23:13:14.773+0000] {processor.py:153} INFO - Started process (PID=637) to work on /home/airflow/.local/lib/python3.7/site-packages/airflow/example_dags/example_trigger_target_dag.py
[2024-01-04T23:13:14.775+0000] {processor.py:743} INFO - Processing file /home/airflow/.local/lib/python3.7/site-packages/airflow/example_dags/example_trigger_target_dag.py for tasks to queue
[2024-01-04T23:13:14.777+0000] {logging_mixin.py:137} INFO - [2024-01-04T23:13:14.777+0000] {dagbag.py:538} INFO - Filling up the DagBag from /home/airflow/.local/lib/python3.7/site-packages/airflow/example_dags/example_trigger_target_dag.py
[2024-01-04T23:13:14.801+0000] {processor.py:753} INFO - DAG(s) dict_keys(['example_trigger_target_dag']) retrieved from /home/airflow/.local/lib/python3.7/site-packages/airflow/example_dags/example_trigger_target_dag.py
[2024-01-04T23:13:14.825+0000] {logging_mixin.py:137} INFO - [2024-01-04T23:13:14.825+0000] {dag.py:2690} INFO - Sync 1 DAGs
[2024-01-04T23:13:14.841+0000] {logging_mixin.py:137} INFO - [2024-01-04T23:13:14.841+0000] {dag.py:3441} INFO - Setting next_dagrun for example_trigger_target_dag to None, run_after=None
[2024-01-04T23:13:14.853+0000] {processor.py:175} INFO - Processing /home/airflow/.local/lib/python3.7/site-packages/airflow/example_dags/example_trigger_target_dag.py took 0.086 seconds
[2024-01-04T23:13:45.316+0000] {processor.py:153} INFO - Started process (PID=713) to work on /home/airflow/.local/lib/python3.7/site-packages/airflow/example_dags/example_trigger_target_dag.py
[2024-01-04T23:13:45.319+0000] {processor.py:743} INFO - Processing file /home/airflow/.local/lib/python3.7/site-packages/airflow/example_dags/example_trigger_target_dag.py for tasks to queue
[2024-01-04T23:13:45.320+0000] {logging_mixin.py:137} INFO - [2024-01-04T23:13:45.320+0000] {dagbag.py:538} INFO - Filling up the DagBag from /home/airflow/.local/lib/python3.7/site-packages/airflow/example_dags/example_trigger_target_dag.py
[2024-01-04T23:13:45.343+0000] {processor.py:753} INFO - DAG(s) dict_keys(['example_trigger_target_dag']) retrieved from /home/airflow/.local/lib/python3.7/site-packages/airflow/example_dags/example_trigger_target_dag.py
[2024-01-04T23:13:45.366+0000] {logging_mixin.py:137} INFO - [2024-01-04T23:13:45.366+0000] {dag.py:2690} INFO - Sync 1 DAGs
[2024-01-04T23:13:45.383+0000] {logging_mixin.py:137} INFO - [2024-01-04T23:13:45.383+0000] {dag.py:3441} INFO - Setting next_dagrun for example_trigger_target_dag to None, run_after=None
[2024-01-04T23:13:45.395+0000] {processor.py:175} INFO - Processing /home/airflow/.local/lib/python3.7/site-packages/airflow/example_dags/example_trigger_target_dag.py took 0.085 seconds
[2024-01-04T23:14:15.859+0000] {processor.py:153} INFO - Started process (PID=788) to work on /home/airflow/.local/lib/python3.7/site-packages/airflow/example_dags/example_trigger_target_dag.py
[2024-01-04T23:14:15.861+0000] {processor.py:743} INFO - Processing file /home/airflow/.local/lib/python3.7/site-packages/airflow/example_dags/example_trigger_target_dag.py for tasks to queue
[2024-01-04T23:14:15.863+0000] {logging_mixin.py:137} INFO - [2024-01-04T23:14:15.863+0000] {dagbag.py:538} INFO - Filling up the DagBag from /home/airflow/.local/lib/python3.7/site-packages/airflow/example_dags/example_trigger_target_dag.py
[2024-01-04T23:14:15.885+0000] {processor.py:753} INFO - DAG(s) dict_keys(['example_trigger_target_dag']) retrieved from /home/airflow/.local/lib/python3.7/site-packages/airflow/example_dags/example_trigger_target_dag.py
[2024-01-04T23:14:15.916+0000] {logging_mixin.py:137} INFO - [2024-01-04T23:14:15.916+0000] {dag.py:2690} INFO - Sync 1 DAGs
[2024-01-04T23:14:15.935+0000] {logging_mixin.py:137} INFO - [2024-01-04T23:14:15.935+0000] {dag.py:3441} INFO - Setting next_dagrun for example_trigger_target_dag to None, run_after=None
[2024-01-04T23:14:15.948+0000] {processor.py:175} INFO - Processing /home/airflow/.local/lib/python3.7/site-packages/airflow/example_dags/example_trigger_target_dag.py took 0.095 seconds
[2024-01-04T23:14:46.260+0000] {processor.py:153} INFO - Started process (PID=851) to work on /home/airflow/.local/lib/python3.7/site-packages/airflow/example_dags/example_trigger_target_dag.py
[2024-01-04T23:14:46.264+0000] {processor.py:743} INFO - Processing file /home/airflow/.local/lib/python3.7/site-packages/airflow/example_dags/example_trigger_target_dag.py for tasks to queue
[2024-01-04T23:14:46.265+0000] {logging_mixin.py:137} INFO - [2024-01-04T23:14:46.265+0000] {dagbag.py:538} INFO - Filling up the DagBag from /home/airflow/.local/lib/python3.7/site-packages/airflow/example_dags/example_trigger_target_dag.py
[2024-01-04T23:14:46.292+0000] {processor.py:753} INFO - DAG(s) dict_keys(['example_trigger_target_dag']) retrieved from /home/airflow/.local/lib/python3.7/site-packages/airflow/example_dags/example_trigger_target_dag.py
[2024-01-04T23:14:46.335+0000] {logging_mixin.py:137} INFO - [2024-01-04T23:14:46.335+0000] {dag.py:2690} INFO - Sync 1 DAGs
[2024-01-04T23:14:46.377+0000] {logging_mixin.py:137} INFO - [2024-01-04T23:14:46.376+0000] {dag.py:3441} INFO - Setting next_dagrun for example_trigger_target_dag to None, run_after=None
[2024-01-04T23:14:46.406+0000] {processor.py:175} INFO - Processing /home/airflow/.local/lib/python3.7/site-packages/airflow/example_dags/example_trigger_target_dag.py took 0.156 seconds
[2024-01-04T23:15:16.893+0000] {processor.py:153} INFO - Started process (PID=924) to work on /home/airflow/.local/lib/python3.7/site-packages/airflow/example_dags/example_trigger_target_dag.py
[2024-01-04T23:15:16.901+0000] {processor.py:743} INFO - Processing file /home/airflow/.local/lib/python3.7/site-packages/airflow/example_dags/example_trigger_target_dag.py for tasks to queue
[2024-01-04T23:15:16.902+0000] {logging_mixin.py:137} INFO - [2024-01-04T23:15:16.902+0000] {dagbag.py:538} INFO - Filling up the DagBag from /home/airflow/.local/lib/python3.7/site-packages/airflow/example_dags/example_trigger_target_dag.py
[2024-01-04T23:15:16.920+0000] {processor.py:753} INFO - DAG(s) dict_keys(['example_trigger_target_dag']) retrieved from /home/airflow/.local/lib/python3.7/site-packages/airflow/example_dags/example_trigger_target_dag.py
[2024-01-04T23:15:16.942+0000] {logging_mixin.py:137} INFO - [2024-01-04T23:15:16.942+0000] {dag.py:2690} INFO - Sync 1 DAGs
[2024-01-04T23:15:16.958+0000] {logging_mixin.py:137} INFO - [2024-01-04T23:15:16.958+0000] {dag.py:3441} INFO - Setting next_dagrun for example_trigger_target_dag to None, run_after=None
[2024-01-04T23:15:16.972+0000] {processor.py:175} INFO - Processing /home/airflow/.local/lib/python3.7/site-packages/airflow/example_dags/example_trigger_target_dag.py took 0.084 seconds
[2024-01-04T23:15:47.466+0000] {processor.py:153} INFO - Started process (PID=987) to work on /home/airflow/.local/lib/python3.7/site-packages/airflow/example_dags/example_trigger_target_dag.py
[2024-01-04T23:15:47.468+0000] {processor.py:743} INFO - Processing file /home/airflow/.local/lib/python3.7/site-packages/airflow/example_dags/example_trigger_target_dag.py for tasks to queue
[2024-01-04T23:15:47.469+0000] {logging_mixin.py:137} INFO - [2024-01-04T23:15:47.469+0000] {dagbag.py:538} INFO - Filling up the DagBag from /home/airflow/.local/lib/python3.7/site-packages/airflow/example_dags/example_trigger_target_dag.py
[2024-01-04T23:15:47.487+0000] {processor.py:753} INFO - DAG(s) dict_keys(['example_trigger_target_dag']) retrieved from /home/airflow/.local/lib/python3.7/site-packages/airflow/example_dags/example_trigger_target_dag.py
[2024-01-04T23:15:47.508+0000] {logging_mixin.py:137} INFO - [2024-01-04T23:15:47.507+0000] {dag.py:2690} INFO - Sync 1 DAGs
[2024-01-04T23:15:47.524+0000] {logging_mixin.py:137} INFO - [2024-01-04T23:15:47.524+0000] {dag.py:3441} INFO - Setting next_dagrun for example_trigger_target_dag to None, run_after=None
[2024-01-04T23:15:47.536+0000] {processor.py:175} INFO - Processing /home/airflow/.local/lib/python3.7/site-packages/airflow/example_dags/example_trigger_target_dag.py took 0.075 seconds
[2024-01-04T23:16:18.071+0000] {processor.py:153} INFO - Started process (PID=1061) to work on /home/airflow/.local/lib/python3.7/site-packages/airflow/example_dags/example_trigger_target_dag.py
[2024-01-04T23:16:18.074+0000] {processor.py:743} INFO - Processing file /home/airflow/.local/lib/python3.7/site-packages/airflow/example_dags/example_trigger_target_dag.py for tasks to queue
[2024-01-04T23:16:18.076+0000] {logging_mixin.py:137} INFO - [2024-01-04T23:16:18.076+0000] {dagbag.py:538} INFO - Filling up the DagBag from /home/airflow/.local/lib/python3.7/site-packages/airflow/example_dags/example_trigger_target_dag.py
[2024-01-04T23:16:18.097+0000] {processor.py:753} INFO - DAG(s) dict_keys(['example_trigger_target_dag']) retrieved from /home/airflow/.local/lib/python3.7/site-packages/airflow/example_dags/example_trigger_target_dag.py
[2024-01-04T23:16:18.122+0000] {logging_mixin.py:137} INFO - [2024-01-04T23:16:18.122+0000] {dag.py:2690} INFO - Sync 1 DAGs
[2024-01-04T23:16:18.141+0000] {logging_mixin.py:137} INFO - [2024-01-04T23:16:18.141+0000] {dag.py:3441} INFO - Setting next_dagrun for example_trigger_target_dag to None, run_after=None
[2024-01-04T23:16:18.153+0000] {processor.py:175} INFO - Processing /home/airflow/.local/lib/python3.7/site-packages/airflow/example_dags/example_trigger_target_dag.py took 0.090 seconds
[2024-01-04T23:16:48.516+0000] {processor.py:153} INFO - Started process (PID=1137) to work on /home/airflow/.local/lib/python3.7/site-packages/airflow/example_dags/example_trigger_target_dag.py
[2024-01-04T23:16:48.519+0000] {processor.py:743} INFO - Processing file /home/airflow/.local/lib/python3.7/site-packages/airflow/example_dags/example_trigger_target_dag.py for tasks to queue
[2024-01-04T23:16:48.520+0000] {logging_mixin.py:137} INFO - [2024-01-04T23:16:48.520+0000] {dagbag.py:538} INFO - Filling up the DagBag from /home/airflow/.local/lib/python3.7/site-packages/airflow/example_dags/example_trigger_target_dag.py
[2024-01-04T23:16:48.541+0000] {processor.py:753} INFO - DAG(s) dict_keys(['example_trigger_target_dag']) retrieved from /home/airflow/.local/lib/python3.7/site-packages/airflow/example_dags/example_trigger_target_dag.py
[2024-01-04T23:16:48.588+0000] {logging_mixin.py:137} INFO - [2024-01-04T23:16:48.587+0000] {dag.py:2690} INFO - Sync 1 DAGs
[2024-01-04T23:16:48.610+0000] {logging_mixin.py:137} INFO - [2024-01-04T23:16:48.610+0000] {dag.py:3441} INFO - Setting next_dagrun for example_trigger_target_dag to None, run_after=None
[2024-01-04T23:16:48.624+0000] {processor.py:175} INFO - Processing /home/airflow/.local/lib/python3.7/site-packages/airflow/example_dags/example_trigger_target_dag.py took 0.111 seconds
[2024-01-04T23:17:19.362+0000] {processor.py:153} INFO - Started process (PID=1200) to work on /home/airflow/.local/lib/python3.7/site-packages/airflow/example_dags/example_trigger_target_dag.py
[2024-01-04T23:17:19.365+0000] {processor.py:743} INFO - Processing file /home/airflow/.local/lib/python3.7/site-packages/airflow/example_dags/example_trigger_target_dag.py for tasks to queue
[2024-01-04T23:17:19.366+0000] {logging_mixin.py:137} INFO - [2024-01-04T23:17:19.366+0000] {dagbag.py:538} INFO - Filling up the DagBag from /home/airflow/.local/lib/python3.7/site-packages/airflow/example_dags/example_trigger_target_dag.py
[2024-01-04T23:17:19.389+0000] {processor.py:753} INFO - DAG(s) dict_keys(['example_trigger_target_dag']) retrieved from /home/airflow/.local/lib/python3.7/site-packages/airflow/example_dags/example_trigger_target_dag.py
[2024-01-04T23:17:19.414+0000] {logging_mixin.py:137} INFO - [2024-01-04T23:17:19.413+0000] {dag.py:2690} INFO - Sync 1 DAGs
[2024-01-04T23:17:19.432+0000] {logging_mixin.py:137} INFO - [2024-01-04T23:17:19.432+0000] {dag.py:3441} INFO - Setting next_dagrun for example_trigger_target_dag to None, run_after=None
[2024-01-04T23:17:19.447+0000] {processor.py:175} INFO - Processing /home/airflow/.local/lib/python3.7/site-packages/airflow/example_dags/example_trigger_target_dag.py took 0.093 seconds
[2024-01-04T23:17:49.937+0000] {processor.py:153} INFO - Started process (PID=1275) to work on /home/airflow/.local/lib/python3.7/site-packages/airflow/example_dags/example_trigger_target_dag.py
[2024-01-04T23:17:49.942+0000] {processor.py:743} INFO - Processing file /home/airflow/.local/lib/python3.7/site-packages/airflow/example_dags/example_trigger_target_dag.py for tasks to queue
[2024-01-04T23:17:49.944+0000] {logging_mixin.py:137} INFO - [2024-01-04T23:17:49.944+0000] {dagbag.py:538} INFO - Filling up the DagBag from /home/airflow/.local/lib/python3.7/site-packages/airflow/example_dags/example_trigger_target_dag.py
[2024-01-04T23:17:49.975+0000] {processor.py:753} INFO - DAG(s) dict_keys(['example_trigger_target_dag']) retrieved from /home/airflow/.local/lib/python3.7/site-packages/airflow/example_dags/example_trigger_target_dag.py
[2024-01-04T23:17:50.008+0000] {logging_mixin.py:137} INFO - [2024-01-04T23:17:50.008+0000] {dag.py:2690} INFO - Sync 1 DAGs
[2024-01-04T23:17:50.029+0000] {logging_mixin.py:137} INFO - [2024-01-04T23:17:50.029+0000] {dag.py:3441} INFO - Setting next_dagrun for example_trigger_target_dag to None, run_after=None
[2024-01-04T23:17:50.042+0000] {processor.py:175} INFO - Processing /home/airflow/.local/lib/python3.7/site-packages/airflow/example_dags/example_trigger_target_dag.py took 0.113 seconds
[2024-01-04T23:18:20.668+0000] {processor.py:153} INFO - Started process (PID=1338) to work on /home/airflow/.local/lib/python3.7/site-packages/airflow/example_dags/example_trigger_target_dag.py
[2024-01-04T23:18:20.671+0000] {processor.py:743} INFO - Processing file /home/airflow/.local/lib/python3.7/site-packages/airflow/example_dags/example_trigger_target_dag.py for tasks to queue
[2024-01-04T23:18:20.672+0000] {logging_mixin.py:137} INFO - [2024-01-04T23:18:20.672+0000] {dagbag.py:538} INFO - Filling up the DagBag from /home/airflow/.local/lib/python3.7/site-packages/airflow/example_dags/example_trigger_target_dag.py
[2024-01-04T23:18:20.694+0000] {processor.py:753} INFO - DAG(s) dict_keys(['example_trigger_target_dag']) retrieved from /home/airflow/.local/lib/python3.7/site-packages/airflow/example_dags/example_trigger_target_dag.py
[2024-01-04T23:18:20.717+0000] {logging_mixin.py:137} INFO - [2024-01-04T23:18:20.717+0000] {dag.py:2690} INFO - Sync 1 DAGs
[2024-01-04T23:18:20.732+0000] {logging_mixin.py:137} INFO - [2024-01-04T23:18:20.732+0000] {dag.py:3441} INFO - Setting next_dagrun for example_trigger_target_dag to None, run_after=None
[2024-01-04T23:18:20.744+0000] {processor.py:175} INFO - Processing /home/airflow/.local/lib/python3.7/site-packages/airflow/example_dags/example_trigger_target_dag.py took 0.082 seconds
[2024-01-04T23:18:51.341+0000] {processor.py:153} INFO - Started process (PID=1414) to work on /home/airflow/.local/lib/python3.7/site-packages/airflow/example_dags/example_trigger_target_dag.py
[2024-01-04T23:18:51.344+0000] {processor.py:743} INFO - Processing file /home/airflow/.local/lib/python3.7/site-packages/airflow/example_dags/example_trigger_target_dag.py for tasks to queue
[2024-01-04T23:18:51.345+0000] {logging_mixin.py:137} INFO - [2024-01-04T23:18:51.345+0000] {dagbag.py:538} INFO - Filling up the DagBag from /home/airflow/.local/lib/python3.7/site-packages/airflow/example_dags/example_trigger_target_dag.py
[2024-01-04T23:18:51.370+0000] {processor.py:753} INFO - DAG(s) dict_keys(['example_trigger_target_dag']) retrieved from /home/airflow/.local/lib/python3.7/site-packages/airflow/example_dags/example_trigger_target_dag.py
[2024-01-04T23:18:51.393+0000] {logging_mixin.py:137} INFO - [2024-01-04T23:18:51.393+0000] {dag.py:2690} INFO - Sync 1 DAGs
[2024-01-04T23:18:51.410+0000] {logging_mixin.py:137} INFO - [2024-01-04T23:18:51.410+0000] {dag.py:3441} INFO - Setting next_dagrun for example_trigger_target_dag to None, run_after=None
[2024-01-04T23:18:51.424+0000] {processor.py:175} INFO - Processing /home/airflow/.local/lib/python3.7/site-packages/airflow/example_dags/example_trigger_target_dag.py took 0.090 seconds
[2024-01-04T23:19:22.251+0000] {processor.py:153} INFO - Started process (PID=1479) to work on /home/airflow/.local/lib/python3.7/site-packages/airflow/example_dags/example_trigger_target_dag.py
[2024-01-04T23:19:22.254+0000] {processor.py:743} INFO - Processing file /home/airflow/.local/lib/python3.7/site-packages/airflow/example_dags/example_trigger_target_dag.py for tasks to queue
[2024-01-04T23:19:22.256+0000] {logging_mixin.py:137} INFO - [2024-01-04T23:19:22.256+0000] {dagbag.py:538} INFO - Filling up the DagBag from /home/airflow/.local/lib/python3.7/site-packages/airflow/example_dags/example_trigger_target_dag.py
[2024-01-04T23:19:22.294+0000] {processor.py:753} INFO - DAG(s) dict_keys(['example_trigger_target_dag']) retrieved from /home/airflow/.local/lib/python3.7/site-packages/airflow/example_dags/example_trigger_target_dag.py
[2024-01-04T23:19:22.343+0000] {logging_mixin.py:137} INFO - [2024-01-04T23:19:22.343+0000] {dag.py:2690} INFO - Sync 1 DAGs
[2024-01-04T23:19:22.373+0000] {logging_mixin.py:137} INFO - [2024-01-04T23:19:22.373+0000] {dag.py:3441} INFO - Setting next_dagrun for example_trigger_target_dag to None, run_after=None
[2024-01-04T23:19:22.395+0000] {processor.py:175} INFO - Processing /home/airflow/.local/lib/python3.7/site-packages/airflow/example_dags/example_trigger_target_dag.py took 0.151 seconds
[2024-01-04T23:19:53.066+0000] {processor.py:153} INFO - Started process (PID=1555) to work on /home/airflow/.local/lib/python3.7/site-packages/airflow/example_dags/example_trigger_target_dag.py
[2024-01-04T23:19:53.069+0000] {processor.py:743} INFO - Processing file /home/airflow/.local/lib/python3.7/site-packages/airflow/example_dags/example_trigger_target_dag.py for tasks to queue
[2024-01-04T23:19:53.071+0000] {logging_mixin.py:137} INFO - [2024-01-04T23:19:53.071+0000] {dagbag.py:538} INFO - Filling up the DagBag from /home/airflow/.local/lib/python3.7/site-packages/airflow/example_dags/example_trigger_target_dag.py
[2024-01-04T23:19:53.099+0000] {processor.py:753} INFO - DAG(s) dict_keys(['example_trigger_target_dag']) retrieved from /home/airflow/.local/lib/python3.7/site-packages/airflow/example_dags/example_trigger_target_dag.py
[2024-01-04T23:19:53.124+0000] {logging_mixin.py:137} INFO - [2024-01-04T23:19:53.124+0000] {dag.py:2690} INFO - Sync 1 DAGs
[2024-01-04T23:19:53.142+0000] {logging_mixin.py:137} INFO - [2024-01-04T23:19:53.142+0000] {dag.py:3441} INFO - Setting next_dagrun for example_trigger_target_dag to None, run_after=None
[2024-01-04T23:19:53.154+0000] {processor.py:175} INFO - Processing /home/airflow/.local/lib/python3.7/site-packages/airflow/example_dags/example_trigger_target_dag.py took 0.095 seconds
[2024-01-04T23:20:24.077+0000] {processor.py:153} INFO - Started process (PID=1630) to work on /home/airflow/.local/lib/python3.7/site-packages/airflow/example_dags/example_trigger_target_dag.py
[2024-01-04T23:20:24.095+0000] {processor.py:743} INFO - Processing file /home/airflow/.local/lib/python3.7/site-packages/airflow/example_dags/example_trigger_target_dag.py for tasks to queue
[2024-01-04T23:20:24.099+0000] {logging_mixin.py:137} INFO - [2024-01-04T23:20:24.099+0000] {dagbag.py:538} INFO - Filling up the DagBag from /home/airflow/.local/lib/python3.7/site-packages/airflow/example_dags/example_trigger_target_dag.py
[2024-01-04T23:20:24.145+0000] {processor.py:753} INFO - DAG(s) dict_keys(['example_trigger_target_dag']) retrieved from /home/airflow/.local/lib/python3.7/site-packages/airflow/example_dags/example_trigger_target_dag.py
[2024-01-04T23:20:24.224+0000] {logging_mixin.py:137} INFO - [2024-01-04T23:20:24.223+0000] {dag.py:2690} INFO - Sync 1 DAGs
[2024-01-04T23:20:24.281+0000] {logging_mixin.py:137} INFO - [2024-01-04T23:20:24.281+0000] {dag.py:3441} INFO - Setting next_dagrun for example_trigger_target_dag to None, run_after=None
[2024-01-04T23:20:24.309+0000] {processor.py:175} INFO - Processing /home/airflow/.local/lib/python3.7/site-packages/airflow/example_dags/example_trigger_target_dag.py took 0.252 seconds
[2024-01-04T23:20:54.424+0000] {processor.py:153} INFO - Started process (PID=1693) to work on /home/airflow/.local/lib/python3.7/site-packages/airflow/example_dags/example_trigger_target_dag.py
[2024-01-04T23:20:54.434+0000] {processor.py:743} INFO - Processing file /home/airflow/.local/lib/python3.7/site-packages/airflow/example_dags/example_trigger_target_dag.py for tasks to queue
[2024-01-04T23:20:54.442+0000] {logging_mixin.py:137} INFO - [2024-01-04T23:20:54.441+0000] {dagbag.py:538} INFO - Filling up the DagBag from /home/airflow/.local/lib/python3.7/site-packages/airflow/example_dags/example_trigger_target_dag.py
[2024-01-04T23:20:54.525+0000] {processor.py:753} INFO - DAG(s) dict_keys(['example_trigger_target_dag']) retrieved from /home/airflow/.local/lib/python3.7/site-packages/airflow/example_dags/example_trigger_target_dag.py
[2024-01-04T23:20:54.603+0000] {logging_mixin.py:137} INFO - [2024-01-04T23:20:54.602+0000] {dag.py:2690} INFO - Sync 1 DAGs
[2024-01-04T23:20:54.632+0000] {logging_mixin.py:137} INFO - [2024-01-04T23:20:54.632+0000] {dag.py:3441} INFO - Setting next_dagrun for example_trigger_target_dag to None, run_after=None
[2024-01-04T23:20:54.651+0000] {processor.py:175} INFO - Processing /home/airflow/.local/lib/python3.7/site-packages/airflow/example_dags/example_trigger_target_dag.py took 0.237 seconds
[2024-01-04T23:21:24.838+0000] {processor.py:153} INFO - Started process (PID=1769) to work on /home/airflow/.local/lib/python3.7/site-packages/airflow/example_dags/example_trigger_target_dag.py
[2024-01-04T23:21:24.839+0000] {processor.py:743} INFO - Processing file /home/airflow/.local/lib/python3.7/site-packages/airflow/example_dags/example_trigger_target_dag.py for tasks to queue
[2024-01-04T23:21:24.840+0000] {logging_mixin.py:137} INFO - [2024-01-04T23:21:24.840+0000] {dagbag.py:538} INFO - Filling up the DagBag from /home/airflow/.local/lib/python3.7/site-packages/airflow/example_dags/example_trigger_target_dag.py
[2024-01-04T23:21:24.861+0000] {processor.py:753} INFO - DAG(s) dict_keys(['example_trigger_target_dag']) retrieved from /home/airflow/.local/lib/python3.7/site-packages/airflow/example_dags/example_trigger_target_dag.py
[2024-01-04T23:21:24.885+0000] {logging_mixin.py:137} INFO - [2024-01-04T23:21:24.885+0000] {dag.py:2690} INFO - Sync 1 DAGs
[2024-01-04T23:21:24.904+0000] {logging_mixin.py:137} INFO - [2024-01-04T23:21:24.904+0000] {dag.py:3441} INFO - Setting next_dagrun for example_trigger_target_dag to None, run_after=None
[2024-01-04T23:21:24.919+0000] {processor.py:175} INFO - Processing /home/airflow/.local/lib/python3.7/site-packages/airflow/example_dags/example_trigger_target_dag.py took 0.085 seconds
[2024-01-04T23:21:55.658+0000] {processor.py:153} INFO - Started process (PID=1831) to work on /home/airflow/.local/lib/python3.7/site-packages/airflow/example_dags/example_trigger_target_dag.py
[2024-01-04T23:21:55.660+0000] {processor.py:743} INFO - Processing file /home/airflow/.local/lib/python3.7/site-packages/airflow/example_dags/example_trigger_target_dag.py for tasks to queue
[2024-01-04T23:21:55.662+0000] {logging_mixin.py:137} INFO - [2024-01-04T23:21:55.662+0000] {dagbag.py:538} INFO - Filling up the DagBag from /home/airflow/.local/lib/python3.7/site-packages/airflow/example_dags/example_trigger_target_dag.py
[2024-01-04T23:21:55.685+0000] {processor.py:753} INFO - DAG(s) dict_keys(['example_trigger_target_dag']) retrieved from /home/airflow/.local/lib/python3.7/site-packages/airflow/example_dags/example_trigger_target_dag.py
[2024-01-04T23:21:55.709+0000] {logging_mixin.py:137} INFO - [2024-01-04T23:21:55.709+0000] {dag.py:2690} INFO - Sync 1 DAGs
[2024-01-04T23:21:55.727+0000] {logging_mixin.py:137} INFO - [2024-01-04T23:21:55.727+0000] {dag.py:3441} INFO - Setting next_dagrun for example_trigger_target_dag to None, run_after=None
[2024-01-04T23:21:55.740+0000] {processor.py:175} INFO - Processing /home/airflow/.local/lib/python3.7/site-packages/airflow/example_dags/example_trigger_target_dag.py took 0.088 seconds
[2024-01-04T23:22:26.381+0000] {processor.py:153} INFO - Started process (PID=1906) to work on /home/airflow/.local/lib/python3.7/site-packages/airflow/example_dags/example_trigger_target_dag.py
[2024-01-04T23:22:26.382+0000] {processor.py:743} INFO - Processing file /home/airflow/.local/lib/python3.7/site-packages/airflow/example_dags/example_trigger_target_dag.py for tasks to queue
[2024-01-04T23:22:26.384+0000] {logging_mixin.py:137} INFO - [2024-01-04T23:22:26.384+0000] {dagbag.py:538} INFO - Filling up the DagBag from /home/airflow/.local/lib/python3.7/site-packages/airflow/example_dags/example_trigger_target_dag.py
[2024-01-04T23:22:26.409+0000] {processor.py:753} INFO - DAG(s) dict_keys(['example_trigger_target_dag']) retrieved from /home/airflow/.local/lib/python3.7/site-packages/airflow/example_dags/example_trigger_target_dag.py
[2024-01-04T23:22:26.454+0000] {logging_mixin.py:137} INFO - [2024-01-04T23:22:26.454+0000] {dag.py:2690} INFO - Sync 1 DAGs
[2024-01-04T23:22:26.492+0000] {logging_mixin.py:137} INFO - [2024-01-04T23:22:26.492+0000] {dag.py:3441} INFO - Setting next_dagrun for example_trigger_target_dag to None, run_after=None
[2024-01-04T23:22:26.512+0000] {processor.py:175} INFO - Processing /home/airflow/.local/lib/python3.7/site-packages/airflow/example_dags/example_trigger_target_dag.py took 0.138 seconds
[2024-01-04T23:22:57.251+0000] {processor.py:153} INFO - Started process (PID=1982) to work on /home/airflow/.local/lib/python3.7/site-packages/airflow/example_dags/example_trigger_target_dag.py
[2024-01-04T23:22:57.254+0000] {processor.py:743} INFO - Processing file /home/airflow/.local/lib/python3.7/site-packages/airflow/example_dags/example_trigger_target_dag.py for tasks to queue
[2024-01-04T23:22:57.255+0000] {logging_mixin.py:137} INFO - [2024-01-04T23:22:57.255+0000] {dagbag.py:538} INFO - Filling up the DagBag from /home/airflow/.local/lib/python3.7/site-packages/airflow/example_dags/example_trigger_target_dag.py
[2024-01-04T23:22:57.302+0000] {processor.py:753} INFO - DAG(s) dict_keys(['example_trigger_target_dag']) retrieved from /home/airflow/.local/lib/python3.7/site-packages/airflow/example_dags/example_trigger_target_dag.py
[2024-01-04T23:22:57.353+0000] {logging_mixin.py:137} INFO - [2024-01-04T23:22:57.353+0000] {dag.py:2690} INFO - Sync 1 DAGs
[2024-01-04T23:22:57.381+0000] {logging_mixin.py:137} INFO - [2024-01-04T23:22:57.381+0000] {dag.py:3441} INFO - Setting next_dagrun for example_trigger_target_dag to None, run_after=None
[2024-01-04T23:22:57.406+0000] {processor.py:175} INFO - Processing /home/airflow/.local/lib/python3.7/site-packages/airflow/example_dags/example_trigger_target_dag.py took 0.160 seconds
[2024-01-04T23:23:27.939+0000] {processor.py:153} INFO - Started process (PID=2046) to work on /home/airflow/.local/lib/python3.7/site-packages/airflow/example_dags/example_trigger_target_dag.py
[2024-01-04T23:23:27.941+0000] {processor.py:743} INFO - Processing file /home/airflow/.local/lib/python3.7/site-packages/airflow/example_dags/example_trigger_target_dag.py for tasks to queue
[2024-01-04T23:23:27.942+0000] {logging_mixin.py:137} INFO - [2024-01-04T23:23:27.942+0000] {dagbag.py:538} INFO - Filling up the DagBag from /home/airflow/.local/lib/python3.7/site-packages/airflow/example_dags/example_trigger_target_dag.py
[2024-01-04T23:23:27.960+0000] {processor.py:753} INFO - DAG(s) dict_keys(['example_trigger_target_dag']) retrieved from /home/airflow/.local/lib/python3.7/site-packages/airflow/example_dags/example_trigger_target_dag.py
[2024-01-04T23:23:27.982+0000] {logging_mixin.py:137} INFO - [2024-01-04T23:23:27.982+0000] {dag.py:2690} INFO - Sync 1 DAGs
[2024-01-04T23:23:27.998+0000] {logging_mixin.py:137} INFO - [2024-01-04T23:23:27.998+0000] {dag.py:3441} INFO - Setting next_dagrun for example_trigger_target_dag to None, run_after=None
[2024-01-04T23:23:28.010+0000] {processor.py:175} INFO - Processing /home/airflow/.local/lib/python3.7/site-packages/airflow/example_dags/example_trigger_target_dag.py took 0.075 seconds
[2024-01-04T23:23:58.564+0000] {processor.py:153} INFO - Started process (PID=2122) to work on /home/airflow/.local/lib/python3.7/site-packages/airflow/example_dags/example_trigger_target_dag.py
[2024-01-04T23:23:58.568+0000] {processor.py:743} INFO - Processing file /home/airflow/.local/lib/python3.7/site-packages/airflow/example_dags/example_trigger_target_dag.py for tasks to queue
[2024-01-04T23:23:58.569+0000] {logging_mixin.py:137} INFO - [2024-01-04T23:23:58.569+0000] {dagbag.py:538} INFO - Filling up the DagBag from /home/airflow/.local/lib/python3.7/site-packages/airflow/example_dags/example_trigger_target_dag.py
[2024-01-04T23:23:58.596+0000] {processor.py:753} INFO - DAG(s) dict_keys(['example_trigger_target_dag']) retrieved from /home/airflow/.local/lib/python3.7/site-packages/airflow/example_dags/example_trigger_target_dag.py
[2024-01-04T23:23:58.666+0000] {logging_mixin.py:137} INFO - [2024-01-04T23:23:58.666+0000] {dag.py:2690} INFO - Sync 1 DAGs
[2024-01-04T23:23:58.712+0000] {logging_mixin.py:137} INFO - [2024-01-04T23:23:58.712+0000] {dag.py:3441} INFO - Setting next_dagrun for example_trigger_target_dag to None, run_after=None
[2024-01-04T23:23:58.745+0000] {processor.py:175} INFO - Processing /home/airflow/.local/lib/python3.7/site-packages/airflow/example_dags/example_trigger_target_dag.py took 0.186 seconds
[2024-01-04T23:24:29.645+0000] {processor.py:153} INFO - Started process (PID=2185) to work on /home/airflow/.local/lib/python3.7/site-packages/airflow/example_dags/example_trigger_target_dag.py
[2024-01-04T23:24:29.647+0000] {processor.py:743} INFO - Processing file /home/airflow/.local/lib/python3.7/site-packages/airflow/example_dags/example_trigger_target_dag.py for tasks to queue
[2024-01-04T23:24:29.649+0000] {logging_mixin.py:137} INFO - [2024-01-04T23:24:29.649+0000] {dagbag.py:538} INFO - Filling up the DagBag from /home/airflow/.local/lib/python3.7/site-packages/airflow/example_dags/example_trigger_target_dag.py
[2024-01-04T23:24:29.674+0000] {processor.py:753} INFO - DAG(s) dict_keys(['example_trigger_target_dag']) retrieved from /home/airflow/.local/lib/python3.7/site-packages/airflow/example_dags/example_trigger_target_dag.py
[2024-01-04T23:24:29.701+0000] {logging_mixin.py:137} INFO - [2024-01-04T23:24:29.701+0000] {dag.py:2690} INFO - Sync 1 DAGs
[2024-01-04T23:24:29.716+0000] {logging_mixin.py:137} INFO - [2024-01-04T23:24:29.716+0000] {dag.py:3441} INFO - Setting next_dagrun for example_trigger_target_dag to None, run_after=None
[2024-01-04T23:24:29.728+0000] {processor.py:175} INFO - Processing /home/airflow/.local/lib/python3.7/site-packages/airflow/example_dags/example_trigger_target_dag.py took 0.089 seconds
[2024-01-04T23:24:59.934+0000] {processor.py:153} INFO - Started process (PID=2260) to work on /home/airflow/.local/lib/python3.7/site-packages/airflow/example_dags/example_trigger_target_dag.py
[2024-01-04T23:24:59.936+0000] {processor.py:743} INFO - Processing file /home/airflow/.local/lib/python3.7/site-packages/airflow/example_dags/example_trigger_target_dag.py for tasks to queue
[2024-01-04T23:24:59.937+0000] {logging_mixin.py:137} INFO - [2024-01-04T23:24:59.937+0000] {dagbag.py:538} INFO - Filling up the DagBag from /home/airflow/.local/lib/python3.7/site-packages/airflow/example_dags/example_trigger_target_dag.py
[2024-01-04T23:24:59.962+0000] {processor.py:753} INFO - DAG(s) dict_keys(['example_trigger_target_dag']) retrieved from /home/airflow/.local/lib/python3.7/site-packages/airflow/example_dags/example_trigger_target_dag.py
[2024-01-04T23:25:00.000+0000] {logging_mixin.py:137} INFO - [2024-01-04T23:25:00.000+0000] {dag.py:2690} INFO - Sync 1 DAGs
[2024-01-04T23:25:00.022+0000] {logging_mixin.py:137} INFO - [2024-01-04T23:25:00.022+0000] {dag.py:3441} INFO - Setting next_dagrun for example_trigger_target_dag to None, run_after=None
[2024-01-04T23:25:00.037+0000] {processor.py:175} INFO - Processing /home/airflow/.local/lib/python3.7/site-packages/airflow/example_dags/example_trigger_target_dag.py took 0.109 seconds
[2024-01-04T23:25:31.069+0000] {processor.py:153} INFO - Started process (PID=2333) to work on /home/airflow/.local/lib/python3.7/site-packages/airflow/example_dags/example_trigger_target_dag.py
[2024-01-04T23:25:31.074+0000] {processor.py:743} INFO - Processing file /home/airflow/.local/lib/python3.7/site-packages/airflow/example_dags/example_trigger_target_dag.py for tasks to queue
[2024-01-04T23:25:31.076+0000] {logging_mixin.py:137} INFO - [2024-01-04T23:25:31.075+0000] {dagbag.py:538} INFO - Filling up the DagBag from /home/airflow/.local/lib/python3.7/site-packages/airflow/example_dags/example_trigger_target_dag.py
[2024-01-04T23:25:31.145+0000] {processor.py:753} INFO - DAG(s) dict_keys(['example_trigger_target_dag']) retrieved from /home/airflow/.local/lib/python3.7/site-packages/airflow/example_dags/example_trigger_target_dag.py
[2024-01-04T23:25:31.234+0000] {logging_mixin.py:137} INFO - [2024-01-04T23:25:31.234+0000] {dag.py:2690} INFO - Sync 1 DAGs
[2024-01-04T23:25:31.269+0000] {logging_mixin.py:137} INFO - [2024-01-04T23:25:31.269+0000] {dag.py:3441} INFO - Setting next_dagrun for example_trigger_target_dag to None, run_after=None
[2024-01-04T23:25:31.298+0000] {processor.py:175} INFO - Processing /home/airflow/.local/lib/python3.7/site-packages/airflow/example_dags/example_trigger_target_dag.py took 0.241 seconds
[2024-01-04T23:26:02.234+0000] {processor.py:153} INFO - Started process (PID=2399) to work on /home/airflow/.local/lib/python3.7/site-packages/airflow/example_dags/example_trigger_target_dag.py
[2024-01-04T23:26:02.235+0000] {processor.py:743} INFO - Processing file /home/airflow/.local/lib/python3.7/site-packages/airflow/example_dags/example_trigger_target_dag.py for tasks to queue
[2024-01-04T23:26:02.236+0000] {logging_mixin.py:137} INFO - [2024-01-04T23:26:02.236+0000] {dagbag.py:538} INFO - Filling up the DagBag from /home/airflow/.local/lib/python3.7/site-packages/airflow/example_dags/example_trigger_target_dag.py
[2024-01-04T23:26:02.254+0000] {processor.py:753} INFO - DAG(s) dict_keys(['example_trigger_target_dag']) retrieved from /home/airflow/.local/lib/python3.7/site-packages/airflow/example_dags/example_trigger_target_dag.py
[2024-01-04T23:26:02.277+0000] {logging_mixin.py:137} INFO - [2024-01-04T23:26:02.277+0000] {dag.py:2690} INFO - Sync 1 DAGs
[2024-01-04T23:26:02.294+0000] {logging_mixin.py:137} INFO - [2024-01-04T23:26:02.294+0000] {dag.py:3441} INFO - Setting next_dagrun for example_trigger_target_dag to None, run_after=None
[2024-01-04T23:26:02.306+0000] {processor.py:175} INFO - Processing /home/airflow/.local/lib/python3.7/site-packages/airflow/example_dags/example_trigger_target_dag.py took 0.079 seconds
[2024-01-04T23:26:33.152+0000] {processor.py:153} INFO - Started process (PID=2473) to work on /home/airflow/.local/lib/python3.7/site-packages/airflow/example_dags/example_trigger_target_dag.py
[2024-01-04T23:26:33.156+0000] {processor.py:743} INFO - Processing file /home/airflow/.local/lib/python3.7/site-packages/airflow/example_dags/example_trigger_target_dag.py for tasks to queue
[2024-01-04T23:26:33.161+0000] {logging_mixin.py:137} INFO - [2024-01-04T23:26:33.160+0000] {dagbag.py:538} INFO - Filling up the DagBag from /home/airflow/.local/lib/python3.7/site-packages/airflow/example_dags/example_trigger_target_dag.py
[2024-01-04T23:26:33.205+0000] {processor.py:753} INFO - DAG(s) dict_keys(['example_trigger_target_dag']) retrieved from /home/airflow/.local/lib/python3.7/site-packages/airflow/example_dags/example_trigger_target_dag.py
[2024-01-04T23:26:33.246+0000] {logging_mixin.py:137} INFO - [2024-01-04T23:26:33.246+0000] {dag.py:2690} INFO - Sync 1 DAGs
[2024-01-04T23:26:33.270+0000] {logging_mixin.py:137} INFO - [2024-01-04T23:26:33.270+0000] {dag.py:3441} INFO - Setting next_dagrun for example_trigger_target_dag to None, run_after=None
[2024-01-04T23:26:33.284+0000] {processor.py:175} INFO - Processing /home/airflow/.local/lib/python3.7/site-packages/airflow/example_dags/example_trigger_target_dag.py took 0.143 seconds
[2024-01-04T23:27:03.700+0000] {processor.py:153} INFO - Started process (PID=2536) to work on /home/airflow/.local/lib/python3.7/site-packages/airflow/example_dags/example_trigger_target_dag.py
[2024-01-04T23:27:03.702+0000] {processor.py:743} INFO - Processing file /home/airflow/.local/lib/python3.7/site-packages/airflow/example_dags/example_trigger_target_dag.py for tasks to queue
[2024-01-04T23:27:03.703+0000] {logging_mixin.py:137} INFO - [2024-01-04T23:27:03.703+0000] {dagbag.py:538} INFO - Filling up the DagBag from /home/airflow/.local/lib/python3.7/site-packages/airflow/example_dags/example_trigger_target_dag.py
[2024-01-04T23:27:03.728+0000] {processor.py:753} INFO - DAG(s) dict_keys(['example_trigger_target_dag']) retrieved from /home/airflow/.local/lib/python3.7/site-packages/airflow/example_dags/example_trigger_target_dag.py
[2024-01-04T23:27:03.758+0000] {logging_mixin.py:137} INFO - [2024-01-04T23:27:03.758+0000] {dag.py:2690} INFO - Sync 1 DAGs
[2024-01-04T23:27:03.781+0000] {logging_mixin.py:137} INFO - [2024-01-04T23:27:03.781+0000] {dag.py:3441} INFO - Setting next_dagrun for example_trigger_target_dag to None, run_after=None
[2024-01-04T23:27:03.797+0000] {processor.py:175} INFO - Processing /home/airflow/.local/lib/python3.7/site-packages/airflow/example_dags/example_trigger_target_dag.py took 0.102 seconds
[2024-01-04T23:27:34.300+0000] {processor.py:153} INFO - Started process (PID=2611) to work on /home/airflow/.local/lib/python3.7/site-packages/airflow/example_dags/example_trigger_target_dag.py
[2024-01-04T23:27:34.303+0000] {processor.py:743} INFO - Processing file /home/airflow/.local/lib/python3.7/site-packages/airflow/example_dags/example_trigger_target_dag.py for tasks to queue
[2024-01-04T23:27:34.305+0000] {logging_mixin.py:137} INFO - [2024-01-04T23:27:34.305+0000] {dagbag.py:538} INFO - Filling up the DagBag from /home/airflow/.local/lib/python3.7/site-packages/airflow/example_dags/example_trigger_target_dag.py
[2024-01-04T23:27:34.333+0000] {processor.py:753} INFO - DAG(s) dict_keys(['example_trigger_target_dag']) retrieved from /home/airflow/.local/lib/python3.7/site-packages/airflow/example_dags/example_trigger_target_dag.py
[2024-01-04T23:27:34.358+0000] {logging_mixin.py:137} INFO - [2024-01-04T23:27:34.357+0000] {dag.py:2690} INFO - Sync 1 DAGs
[2024-01-04T23:27:34.377+0000] {logging_mixin.py:137} INFO - [2024-01-04T23:27:34.377+0000] {dag.py:3441} INFO - Setting next_dagrun for example_trigger_target_dag to None, run_after=None
[2024-01-04T23:27:34.390+0000] {processor.py:175} INFO - Processing /home/airflow/.local/lib/python3.7/site-packages/airflow/example_dags/example_trigger_target_dag.py took 0.096 seconds
[2024-01-04T23:28:04.742+0000] {processor.py:153} INFO - Started process (PID=2688) to work on /home/airflow/.local/lib/python3.7/site-packages/airflow/example_dags/example_trigger_target_dag.py
[2024-01-04T23:28:04.747+0000] {processor.py:743} INFO - Processing file /home/airflow/.local/lib/python3.7/site-packages/airflow/example_dags/example_trigger_target_dag.py for tasks to queue
[2024-01-04T23:28:04.749+0000] {logging_mixin.py:137} INFO - [2024-01-04T23:28:04.749+0000] {dagbag.py:538} INFO - Filling up the DagBag from /home/airflow/.local/lib/python3.7/site-packages/airflow/example_dags/example_trigger_target_dag.py
[2024-01-04T23:28:04.778+0000] {processor.py:753} INFO - DAG(s) dict_keys(['example_trigger_target_dag']) retrieved from /home/airflow/.local/lib/python3.7/site-packages/airflow/example_dags/example_trigger_target_dag.py
[2024-01-04T23:28:04.836+0000] {logging_mixin.py:137} INFO - [2024-01-04T23:28:04.836+0000] {dag.py:2690} INFO - Sync 1 DAGs
[2024-01-04T23:28:04.875+0000] {logging_mixin.py:137} INFO - [2024-01-04T23:28:04.874+0000] {dag.py:3441} INFO - Setting next_dagrun for example_trigger_target_dag to None, run_after=None
[2024-01-04T23:28:04.912+0000] {processor.py:175} INFO - Processing /home/airflow/.local/lib/python3.7/site-packages/airflow/example_dags/example_trigger_target_dag.py took 0.182 seconds
[2024-01-04T23:28:35.606+0000] {processor.py:153} INFO - Started process (PID=2751) to work on /home/airflow/.local/lib/python3.7/site-packages/airflow/example_dags/example_trigger_target_dag.py
[2024-01-04T23:28:35.608+0000] {processor.py:743} INFO - Processing file /home/airflow/.local/lib/python3.7/site-packages/airflow/example_dags/example_trigger_target_dag.py for tasks to queue
[2024-01-04T23:28:35.609+0000] {logging_mixin.py:137} INFO - [2024-01-04T23:28:35.609+0000] {dagbag.py:538} INFO - Filling up the DagBag from /home/airflow/.local/lib/python3.7/site-packages/airflow/example_dags/example_trigger_target_dag.py
[2024-01-04T23:28:35.633+0000] {processor.py:753} INFO - DAG(s) dict_keys(['example_trigger_target_dag']) retrieved from /home/airflow/.local/lib/python3.7/site-packages/airflow/example_dags/example_trigger_target_dag.py
[2024-01-04T23:28:35.702+0000] {logging_mixin.py:137} INFO - [2024-01-04T23:28:35.701+0000] {dag.py:2690} INFO - Sync 1 DAGs
[2024-01-04T23:28:35.738+0000] {logging_mixin.py:137} INFO - [2024-01-04T23:28:35.737+0000] {dag.py:3441} INFO - Setting next_dagrun for example_trigger_target_dag to None, run_after=None
[2024-01-04T23:28:35.770+0000] {processor.py:175} INFO - Processing /home/airflow/.local/lib/python3.7/site-packages/airflow/example_dags/example_trigger_target_dag.py took 0.168 seconds
[2024-01-04T23:29:06.592+0000] {processor.py:153} INFO - Started process (PID=2826) to work on /home/airflow/.local/lib/python3.7/site-packages/airflow/example_dags/example_trigger_target_dag.py
[2024-01-04T23:29:06.594+0000] {processor.py:743} INFO - Processing file /home/airflow/.local/lib/python3.7/site-packages/airflow/example_dags/example_trigger_target_dag.py for tasks to queue
[2024-01-04T23:29:06.595+0000] {logging_mixin.py:137} INFO - [2024-01-04T23:29:06.595+0000] {dagbag.py:538} INFO - Filling up the DagBag from /home/airflow/.local/lib/python3.7/site-packages/airflow/example_dags/example_trigger_target_dag.py
[2024-01-04T23:29:06.621+0000] {processor.py:753} INFO - DAG(s) dict_keys(['example_trigger_target_dag']) retrieved from /home/airflow/.local/lib/python3.7/site-packages/airflow/example_dags/example_trigger_target_dag.py
[2024-01-04T23:29:06.653+0000] {logging_mixin.py:137} INFO - [2024-01-04T23:29:06.653+0000] {dag.py:2690} INFO - Sync 1 DAGs
[2024-01-04T23:29:06.673+0000] {logging_mixin.py:137} INFO - [2024-01-04T23:29:06.673+0000] {dag.py:3441} INFO - Setting next_dagrun for example_trigger_target_dag to None, run_after=None
[2024-01-04T23:29:06.686+0000] {processor.py:175} INFO - Processing /home/airflow/.local/lib/python3.7/site-packages/airflow/example_dags/example_trigger_target_dag.py took 0.102 seconds
[2024-01-04T23:29:37.076+0000] {processor.py:153} INFO - Started process (PID=2889) to work on /home/airflow/.local/lib/python3.7/site-packages/airflow/example_dags/example_trigger_target_dag.py
[2024-01-04T23:29:37.078+0000] {processor.py:743} INFO - Processing file /home/airflow/.local/lib/python3.7/site-packages/airflow/example_dags/example_trigger_target_dag.py for tasks to queue
[2024-01-04T23:29:37.079+0000] {logging_mixin.py:137} INFO - [2024-01-04T23:29:37.079+0000] {dagbag.py:538} INFO - Filling up the DagBag from /home/airflow/.local/lib/python3.7/site-packages/airflow/example_dags/example_trigger_target_dag.py
[2024-01-04T23:29:37.102+0000] {processor.py:753} INFO - DAG(s) dict_keys(['example_trigger_target_dag']) retrieved from /home/airflow/.local/lib/python3.7/site-packages/airflow/example_dags/example_trigger_target_dag.py
[2024-01-04T23:29:37.125+0000] {logging_mixin.py:137} INFO - [2024-01-04T23:29:37.125+0000] {dag.py:2690} INFO - Sync 1 DAGs
[2024-01-04T23:29:37.144+0000] {logging_mixin.py:137} INFO - [2024-01-04T23:29:37.144+0000] {dag.py:3441} INFO - Setting next_dagrun for example_trigger_target_dag to None, run_after=None
[2024-01-04T23:29:37.156+0000] {processor.py:175} INFO - Processing /home/airflow/.local/lib/python3.7/site-packages/airflow/example_dags/example_trigger_target_dag.py took 0.089 seconds
[2024-01-04T23:30:07.733+0000] {processor.py:153} INFO - Started process (PID=2963) to work on /home/airflow/.local/lib/python3.7/site-packages/airflow/example_dags/example_trigger_target_dag.py
[2024-01-04T23:30:07.735+0000] {processor.py:743} INFO - Processing file /home/airflow/.local/lib/python3.7/site-packages/airflow/example_dags/example_trigger_target_dag.py for tasks to queue
[2024-01-04T23:30:07.736+0000] {logging_mixin.py:137} INFO - [2024-01-04T23:30:07.736+0000] {dagbag.py:538} INFO - Filling up the DagBag from /home/airflow/.local/lib/python3.7/site-packages/airflow/example_dags/example_trigger_target_dag.py
[2024-01-04T23:30:07.758+0000] {processor.py:753} INFO - DAG(s) dict_keys(['example_trigger_target_dag']) retrieved from /home/airflow/.local/lib/python3.7/site-packages/airflow/example_dags/example_trigger_target_dag.py
[2024-01-04T23:30:07.784+0000] {logging_mixin.py:137} INFO - [2024-01-04T23:30:07.784+0000] {dag.py:2690} INFO - Sync 1 DAGs
[2024-01-04T23:30:07.803+0000] {logging_mixin.py:137} INFO - [2024-01-04T23:30:07.803+0000] {dag.py:3441} INFO - Setting next_dagrun for example_trigger_target_dag to None, run_after=None
[2024-01-04T23:30:07.816+0000] {processor.py:175} INFO - Processing /home/airflow/.local/lib/python3.7/site-packages/airflow/example_dags/example_trigger_target_dag.py took 0.087 seconds
[2024-01-04T23:30:37.949+0000] {processor.py:153} INFO - Started process (PID=3038) to work on /home/airflow/.local/lib/python3.7/site-packages/airflow/example_dags/example_trigger_target_dag.py
[2024-01-04T23:30:37.952+0000] {processor.py:743} INFO - Processing file /home/airflow/.local/lib/python3.7/site-packages/airflow/example_dags/example_trigger_target_dag.py for tasks to queue
[2024-01-04T23:30:37.954+0000] {logging_mixin.py:137} INFO - [2024-01-04T23:30:37.954+0000] {dagbag.py:538} INFO - Filling up the DagBag from /home/airflow/.local/lib/python3.7/site-packages/airflow/example_dags/example_trigger_target_dag.py
[2024-01-04T23:30:38.004+0000] {processor.py:753} INFO - DAG(s) dict_keys(['example_trigger_target_dag']) retrieved from /home/airflow/.local/lib/python3.7/site-packages/airflow/example_dags/example_trigger_target_dag.py
[2024-01-04T23:30:38.077+0000] {logging_mixin.py:137} INFO - [2024-01-04T23:30:38.077+0000] {dag.py:2690} INFO - Sync 1 DAGs
[2024-01-04T23:30:38.107+0000] {logging_mixin.py:137} INFO - [2024-01-04T23:30:38.107+0000] {dag.py:3441} INFO - Setting next_dagrun for example_trigger_target_dag to None, run_after=None
[2024-01-04T23:30:38.125+0000] {processor.py:175} INFO - Processing /home/airflow/.local/lib/python3.7/site-packages/airflow/example_dags/example_trigger_target_dag.py took 0.196 seconds
[2024-01-04T23:31:08.803+0000] {processor.py:153} INFO - Started process (PID=3102) to work on /home/airflow/.local/lib/python3.7/site-packages/airflow/example_dags/example_trigger_target_dag.py
[2024-01-04T23:31:08.805+0000] {processor.py:743} INFO - Processing file /home/airflow/.local/lib/python3.7/site-packages/airflow/example_dags/example_trigger_target_dag.py for tasks to queue
[2024-01-04T23:31:08.807+0000] {logging_mixin.py:137} INFO - [2024-01-04T23:31:08.806+0000] {dagbag.py:538} INFO - Filling up the DagBag from /home/airflow/.local/lib/python3.7/site-packages/airflow/example_dags/example_trigger_target_dag.py
[2024-01-04T23:31:08.832+0000] {processor.py:753} INFO - DAG(s) dict_keys(['example_trigger_target_dag']) retrieved from /home/airflow/.local/lib/python3.7/site-packages/airflow/example_dags/example_trigger_target_dag.py
[2024-01-04T23:31:08.859+0000] {logging_mixin.py:137} INFO - [2024-01-04T23:31:08.859+0000] {dag.py:2690} INFO - Sync 1 DAGs
[2024-01-04T23:31:08.889+0000] {logging_mixin.py:137} INFO - [2024-01-04T23:31:08.889+0000] {dag.py:3441} INFO - Setting next_dagrun for example_trigger_target_dag to None, run_after=None
[2024-01-04T23:31:08.907+0000] {processor.py:175} INFO - Processing /home/airflow/.local/lib/python3.7/site-packages/airflow/example_dags/example_trigger_target_dag.py took 0.110 seconds
[2024-01-04T23:31:39.899+0000] {processor.py:153} INFO - Started process (PID=3177) to work on /home/airflow/.local/lib/python3.7/site-packages/airflow/example_dags/example_trigger_target_dag.py
[2024-01-04T23:31:39.902+0000] {processor.py:743} INFO - Processing file /home/airflow/.local/lib/python3.7/site-packages/airflow/example_dags/example_trigger_target_dag.py for tasks to queue
[2024-01-04T23:31:39.904+0000] {logging_mixin.py:137} INFO - [2024-01-04T23:31:39.903+0000] {dagbag.py:538} INFO - Filling up the DagBag from /home/airflow/.local/lib/python3.7/site-packages/airflow/example_dags/example_trigger_target_dag.py
[2024-01-04T23:31:39.934+0000] {processor.py:753} INFO - DAG(s) dict_keys(['example_trigger_target_dag']) retrieved from /home/airflow/.local/lib/python3.7/site-packages/airflow/example_dags/example_trigger_target_dag.py
[2024-01-04T23:31:39.961+0000] {logging_mixin.py:137} INFO - [2024-01-04T23:31:39.961+0000] {dag.py:2690} INFO - Sync 1 DAGs
[2024-01-04T23:31:39.983+0000] {logging_mixin.py:137} INFO - [2024-01-04T23:31:39.982+0000] {dag.py:3441} INFO - Setting next_dagrun for example_trigger_target_dag to None, run_after=None
[2024-01-04T23:31:39.998+0000] {processor.py:175} INFO - Processing /home/airflow/.local/lib/python3.7/site-packages/airflow/example_dags/example_trigger_target_dag.py took 0.110 seconds
[2024-01-04T23:32:10.992+0000] {processor.py:153} INFO - Started process (PID=3240) to work on /home/airflow/.local/lib/python3.7/site-packages/airflow/example_dags/example_trigger_target_dag.py
[2024-01-04T23:32:10.994+0000] {processor.py:743} INFO - Processing file /home/airflow/.local/lib/python3.7/site-packages/airflow/example_dags/example_trigger_target_dag.py for tasks to queue
[2024-01-04T23:32:10.996+0000] {logging_mixin.py:137} INFO - [2024-01-04T23:32:10.995+0000] {dagbag.py:538} INFO - Filling up the DagBag from /home/airflow/.local/lib/python3.7/site-packages/airflow/example_dags/example_trigger_target_dag.py
[2024-01-04T23:32:11.017+0000] {processor.py:753} INFO - DAG(s) dict_keys(['example_trigger_target_dag']) retrieved from /home/airflow/.local/lib/python3.7/site-packages/airflow/example_dags/example_trigger_target_dag.py
[2024-01-04T23:32:11.040+0000] {logging_mixin.py:137} INFO - [2024-01-04T23:32:11.040+0000] {dag.py:2690} INFO - Sync 1 DAGs
[2024-01-04T23:32:11.055+0000] {logging_mixin.py:137} INFO - [2024-01-04T23:32:11.055+0000] {dag.py:3441} INFO - Setting next_dagrun for example_trigger_target_dag to None, run_after=None
[2024-01-04T23:32:11.067+0000] {processor.py:175} INFO - Processing /home/airflow/.local/lib/python3.7/site-packages/airflow/example_dags/example_trigger_target_dag.py took 0.081 seconds
[2024-01-04T23:32:42.035+0000] {processor.py:153} INFO - Started process (PID=3314) to work on /home/airflow/.local/lib/python3.7/site-packages/airflow/example_dags/example_trigger_target_dag.py
[2024-01-04T23:32:42.038+0000] {processor.py:743} INFO - Processing file /home/airflow/.local/lib/python3.7/site-packages/airflow/example_dags/example_trigger_target_dag.py for tasks to queue
[2024-01-04T23:32:42.040+0000] {logging_mixin.py:137} INFO - [2024-01-04T23:32:42.039+0000] {dagbag.py:538} INFO - Filling up the DagBag from /home/airflow/.local/lib/python3.7/site-packages/airflow/example_dags/example_trigger_target_dag.py
[2024-01-04T23:32:42.077+0000] {processor.py:753} INFO - DAG(s) dict_keys(['example_trigger_target_dag']) retrieved from /home/airflow/.local/lib/python3.7/site-packages/airflow/example_dags/example_trigger_target_dag.py
[2024-01-04T23:32:42.107+0000] {logging_mixin.py:137} INFO - [2024-01-04T23:32:42.107+0000] {dag.py:2690} INFO - Sync 1 DAGs
[2024-01-04T23:32:42.131+0000] {logging_mixin.py:137} INFO - [2024-01-04T23:32:42.131+0000] {dag.py:3441} INFO - Setting next_dagrun for example_trigger_target_dag to None, run_after=None
[2024-01-04T23:32:42.145+0000] {processor.py:175} INFO - Processing /home/airflow/.local/lib/python3.7/site-packages/airflow/example_dags/example_trigger_target_dag.py took 0.125 seconds
[2024-01-04T23:33:12.761+0000] {processor.py:153} INFO - Started process (PID=3378) to work on /home/airflow/.local/lib/python3.7/site-packages/airflow/example_dags/example_trigger_target_dag.py
[2024-01-04T23:33:12.763+0000] {processor.py:743} INFO - Processing file /home/airflow/.local/lib/python3.7/site-packages/airflow/example_dags/example_trigger_target_dag.py for tasks to queue
[2024-01-04T23:33:12.764+0000] {logging_mixin.py:137} INFO - [2024-01-04T23:33:12.764+0000] {dagbag.py:538} INFO - Filling up the DagBag from /home/airflow/.local/lib/python3.7/site-packages/airflow/example_dags/example_trigger_target_dag.py
[2024-01-04T23:33:12.781+0000] {processor.py:753} INFO - DAG(s) dict_keys(['example_trigger_target_dag']) retrieved from /home/airflow/.local/lib/python3.7/site-packages/airflow/example_dags/example_trigger_target_dag.py
[2024-01-04T23:33:12.806+0000] {logging_mixin.py:137} INFO - [2024-01-04T23:33:12.806+0000] {dag.py:2690} INFO - Sync 1 DAGs
[2024-01-04T23:33:12.828+0000] {logging_mixin.py:137} INFO - [2024-01-04T23:33:12.828+0000] {dag.py:3441} INFO - Setting next_dagrun for example_trigger_target_dag to None, run_after=None
[2024-01-04T23:33:12.843+0000] {processor.py:175} INFO - Processing /home/airflow/.local/lib/python3.7/site-packages/airflow/example_dags/example_trigger_target_dag.py took 0.085 seconds
[2024-01-04T23:33:43.669+0000] {processor.py:153} INFO - Started process (PID=3452) to work on /home/airflow/.local/lib/python3.7/site-packages/airflow/example_dags/example_trigger_target_dag.py
[2024-01-04T23:33:43.674+0000] {processor.py:743} INFO - Processing file /home/airflow/.local/lib/python3.7/site-packages/airflow/example_dags/example_trigger_target_dag.py for tasks to queue
[2024-01-04T23:33:43.676+0000] {logging_mixin.py:137} INFO - [2024-01-04T23:33:43.676+0000] {dagbag.py:538} INFO - Filling up the DagBag from /home/airflow/.local/lib/python3.7/site-packages/airflow/example_dags/example_trigger_target_dag.py
[2024-01-04T23:33:43.705+0000] {processor.py:753} INFO - DAG(s) dict_keys(['example_trigger_target_dag']) retrieved from /home/airflow/.local/lib/python3.7/site-packages/airflow/example_dags/example_trigger_target_dag.py
[2024-01-04T23:33:43.732+0000] {logging_mixin.py:137} INFO - [2024-01-04T23:33:43.732+0000] {dag.py:2690} INFO - Sync 1 DAGs
[2024-01-04T23:33:43.750+0000] {logging_mixin.py:137} INFO - [2024-01-04T23:33:43.750+0000] {dag.py:3441} INFO - Setting next_dagrun for example_trigger_target_dag to None, run_after=None
[2024-01-04T23:33:43.772+0000] {processor.py:175} INFO - Processing /home/airflow/.local/lib/python3.7/site-packages/airflow/example_dags/example_trigger_target_dag.py took 0.109 seconds
[2024-01-04T23:34:14.321+0000] {processor.py:153} INFO - Started process (PID=3528) to work on /home/airflow/.local/lib/python3.7/site-packages/airflow/example_dags/example_trigger_target_dag.py
[2024-01-04T23:34:14.323+0000] {processor.py:743} INFO - Processing file /home/airflow/.local/lib/python3.7/site-packages/airflow/example_dags/example_trigger_target_dag.py for tasks to queue
[2024-01-04T23:34:14.324+0000] {logging_mixin.py:137} INFO - [2024-01-04T23:34:14.324+0000] {dagbag.py:538} INFO - Filling up the DagBag from /home/airflow/.local/lib/python3.7/site-packages/airflow/example_dags/example_trigger_target_dag.py
[2024-01-04T23:34:14.368+0000] {processor.py:753} INFO - DAG(s) dict_keys(['example_trigger_target_dag']) retrieved from /home/airflow/.local/lib/python3.7/site-packages/airflow/example_dags/example_trigger_target_dag.py
[2024-01-04T23:34:14.399+0000] {logging_mixin.py:137} INFO - [2024-01-04T23:34:14.399+0000] {dag.py:2690} INFO - Sync 1 DAGs
[2024-01-04T23:34:14.421+0000] {logging_mixin.py:137} INFO - [2024-01-04T23:34:14.420+0000] {dag.py:3441} INFO - Setting next_dagrun for example_trigger_target_dag to None, run_after=None
[2024-01-04T23:34:14.434+0000] {processor.py:175} INFO - Processing /home/airflow/.local/lib/python3.7/site-packages/airflow/example_dags/example_trigger_target_dag.py took 0.118 seconds
[2024-01-04T23:34:45.180+0000] {processor.py:153} INFO - Started process (PID=3591) to work on /home/airflow/.local/lib/python3.7/site-packages/airflow/example_dags/example_trigger_target_dag.py
[2024-01-04T23:34:45.182+0000] {processor.py:743} INFO - Processing file /home/airflow/.local/lib/python3.7/site-packages/airflow/example_dags/example_trigger_target_dag.py for tasks to queue
[2024-01-04T23:34:45.183+0000] {logging_mixin.py:137} INFO - [2024-01-04T23:34:45.183+0000] {dagbag.py:538} INFO - Filling up the DagBag from /home/airflow/.local/lib/python3.7/site-packages/airflow/example_dags/example_trigger_target_dag.py
[2024-01-04T23:34:45.210+0000] {processor.py:753} INFO - DAG(s) dict_keys(['example_trigger_target_dag']) retrieved from /home/airflow/.local/lib/python3.7/site-packages/airflow/example_dags/example_trigger_target_dag.py
[2024-01-04T23:34:45.236+0000] {logging_mixin.py:137} INFO - [2024-01-04T23:34:45.236+0000] {dag.py:2690} INFO - Sync 1 DAGs
[2024-01-04T23:34:45.255+0000] {logging_mixin.py:137} INFO - [2024-01-04T23:34:45.255+0000] {dag.py:3441} INFO - Setting next_dagrun for example_trigger_target_dag to None, run_after=None
[2024-01-04T23:34:45.269+0000] {processor.py:175} INFO - Processing /home/airflow/.local/lib/python3.7/site-packages/airflow/example_dags/example_trigger_target_dag.py took 0.097 seconds
[2024-01-04T23:35:16.200+0000] {processor.py:153} INFO - Started process (PID=3666) to work on /home/airflow/.local/lib/python3.7/site-packages/airflow/example_dags/example_trigger_target_dag.py
[2024-01-04T23:35:16.203+0000] {processor.py:743} INFO - Processing file /home/airflow/.local/lib/python3.7/site-packages/airflow/example_dags/example_trigger_target_dag.py for tasks to queue
[2024-01-04T23:35:16.204+0000] {logging_mixin.py:137} INFO - [2024-01-04T23:35:16.204+0000] {dagbag.py:538} INFO - Filling up the DagBag from /home/airflow/.local/lib/python3.7/site-packages/airflow/example_dags/example_trigger_target_dag.py
[2024-01-04T23:35:16.232+0000] {processor.py:753} INFO - DAG(s) dict_keys(['example_trigger_target_dag']) retrieved from /home/airflow/.local/lib/python3.7/site-packages/airflow/example_dags/example_trigger_target_dag.py
[2024-01-04T23:35:16.258+0000] {logging_mixin.py:137} INFO - [2024-01-04T23:35:16.258+0000] {dag.py:2690} INFO - Sync 1 DAGs
[2024-01-04T23:35:16.277+0000] {logging_mixin.py:137} INFO - [2024-01-04T23:35:16.277+0000] {dag.py:3441} INFO - Setting next_dagrun for example_trigger_target_dag to None, run_after=None
[2024-01-04T23:35:16.289+0000] {processor.py:175} INFO - Processing /home/airflow/.local/lib/python3.7/site-packages/airflow/example_dags/example_trigger_target_dag.py took 0.098 seconds
[2024-01-04T23:35:46.700+0000] {processor.py:153} INFO - Started process (PID=3729) to work on /home/airflow/.local/lib/python3.7/site-packages/airflow/example_dags/example_trigger_target_dag.py
[2024-01-04T23:35:46.703+0000] {processor.py:743} INFO - Processing file /home/airflow/.local/lib/python3.7/site-packages/airflow/example_dags/example_trigger_target_dag.py for tasks to queue
[2024-01-04T23:35:46.705+0000] {logging_mixin.py:137} INFO - [2024-01-04T23:35:46.705+0000] {dagbag.py:538} INFO - Filling up the DagBag from /home/airflow/.local/lib/python3.7/site-packages/airflow/example_dags/example_trigger_target_dag.py
[2024-01-04T23:35:46.733+0000] {processor.py:753} INFO - DAG(s) dict_keys(['example_trigger_target_dag']) retrieved from /home/airflow/.local/lib/python3.7/site-packages/airflow/example_dags/example_trigger_target_dag.py
[2024-01-04T23:35:46.766+0000] {logging_mixin.py:137} INFO - [2024-01-04T23:35:46.766+0000] {dag.py:2690} INFO - Sync 1 DAGs
[2024-01-04T23:35:46.783+0000] {logging_mixin.py:137} INFO - [2024-01-04T23:35:46.783+0000] {dag.py:3441} INFO - Setting next_dagrun for example_trigger_target_dag to None, run_after=None
[2024-01-04T23:35:46.796+0000] {processor.py:175} INFO - Processing /home/airflow/.local/lib/python3.7/site-packages/airflow/example_dags/example_trigger_target_dag.py took 0.106 seconds
[2024-01-04T23:36:17.737+0000] {processor.py:153} INFO - Started process (PID=3803) to work on /home/airflow/.local/lib/python3.7/site-packages/airflow/example_dags/example_trigger_target_dag.py
[2024-01-04T23:36:17.739+0000] {processor.py:743} INFO - Processing file /home/airflow/.local/lib/python3.7/site-packages/airflow/example_dags/example_trigger_target_dag.py for tasks to queue
[2024-01-04T23:36:17.740+0000] {logging_mixin.py:137} INFO - [2024-01-04T23:36:17.740+0000] {dagbag.py:538} INFO - Filling up the DagBag from /home/airflow/.local/lib/python3.7/site-packages/airflow/example_dags/example_trigger_target_dag.py
[2024-01-04T23:36:17.762+0000] {processor.py:753} INFO - DAG(s) dict_keys(['example_trigger_target_dag']) retrieved from /home/airflow/.local/lib/python3.7/site-packages/airflow/example_dags/example_trigger_target_dag.py
[2024-01-04T23:36:17.797+0000] {logging_mixin.py:137} INFO - [2024-01-04T23:36:17.797+0000] {dag.py:2690} INFO - Sync 1 DAGs
[2024-01-04T23:36:17.823+0000] {logging_mixin.py:137} INFO - [2024-01-04T23:36:17.823+0000] {dag.py:3441} INFO - Setting next_dagrun for example_trigger_target_dag to None, run_after=None
[2024-01-04T23:36:17.840+0000] {processor.py:175} INFO - Processing /home/airflow/.local/lib/python3.7/site-packages/airflow/example_dags/example_trigger_target_dag.py took 0.108 seconds
[2024-01-04T23:36:48.187+0000] {processor.py:153} INFO - Started process (PID=3878) to work on /home/airflow/.local/lib/python3.7/site-packages/airflow/example_dags/example_trigger_target_dag.py
[2024-01-04T23:36:48.190+0000] {processor.py:743} INFO - Processing file /home/airflow/.local/lib/python3.7/site-packages/airflow/example_dags/example_trigger_target_dag.py for tasks to queue
[2024-01-04T23:36:48.192+0000] {logging_mixin.py:137} INFO - [2024-01-04T23:36:48.191+0000] {dagbag.py:538} INFO - Filling up the DagBag from /home/airflow/.local/lib/python3.7/site-packages/airflow/example_dags/example_trigger_target_dag.py
[2024-01-04T23:36:48.236+0000] {processor.py:753} INFO - DAG(s) dict_keys(['example_trigger_target_dag']) retrieved from /home/airflow/.local/lib/python3.7/site-packages/airflow/example_dags/example_trigger_target_dag.py
[2024-01-04T23:36:48.272+0000] {logging_mixin.py:137} INFO - [2024-01-04T23:36:48.271+0000] {dag.py:2690} INFO - Sync 1 DAGs
[2024-01-04T23:36:48.309+0000] {logging_mixin.py:137} INFO - [2024-01-04T23:36:48.308+0000] {dag.py:3441} INFO - Setting next_dagrun for example_trigger_target_dag to None, run_after=None
[2024-01-04T23:36:48.325+0000] {processor.py:175} INFO - Processing /home/airflow/.local/lib/python3.7/site-packages/airflow/example_dags/example_trigger_target_dag.py took 0.146 seconds
[2024-01-04T23:37:18.866+0000] {processor.py:153} INFO - Started process (PID=3941) to work on /home/airflow/.local/lib/python3.7/site-packages/airflow/example_dags/example_trigger_target_dag.py
[2024-01-04T23:37:18.869+0000] {processor.py:743} INFO - Processing file /home/airflow/.local/lib/python3.7/site-packages/airflow/example_dags/example_trigger_target_dag.py for tasks to queue
[2024-01-04T23:37:18.870+0000] {logging_mixin.py:137} INFO - [2024-01-04T23:37:18.870+0000] {dagbag.py:538} INFO - Filling up the DagBag from /home/airflow/.local/lib/python3.7/site-packages/airflow/example_dags/example_trigger_target_dag.py
[2024-01-04T23:37:18.896+0000] {processor.py:753} INFO - DAG(s) dict_keys(['example_trigger_target_dag']) retrieved from /home/airflow/.local/lib/python3.7/site-packages/airflow/example_dags/example_trigger_target_dag.py
[2024-01-04T23:37:18.945+0000] {logging_mixin.py:137} INFO - [2024-01-04T23:37:18.945+0000] {dag.py:2690} INFO - Sync 1 DAGs
[2024-01-04T23:37:18.965+0000] {logging_mixin.py:137} INFO - [2024-01-04T23:37:18.965+0000] {dag.py:3441} INFO - Setting next_dagrun for example_trigger_target_dag to None, run_after=None
[2024-01-04T23:37:18.978+0000] {processor.py:175} INFO - Processing /home/airflow/.local/lib/python3.7/site-packages/airflow/example_dags/example_trigger_target_dag.py took 0.118 seconds
[2024-01-04T23:37:49.447+0000] {processor.py:153} INFO - Started process (PID=4015) to work on /home/airflow/.local/lib/python3.7/site-packages/airflow/example_dags/example_trigger_target_dag.py
[2024-01-04T23:37:49.453+0000] {processor.py:743} INFO - Processing file /home/airflow/.local/lib/python3.7/site-packages/airflow/example_dags/example_trigger_target_dag.py for tasks to queue
[2024-01-04T23:37:49.462+0000] {logging_mixin.py:137} INFO - [2024-01-04T23:37:49.462+0000] {dagbag.py:538} INFO - Filling up the DagBag from /home/airflow/.local/lib/python3.7/site-packages/airflow/example_dags/example_trigger_target_dag.py
[2024-01-04T23:37:49.500+0000] {processor.py:753} INFO - DAG(s) dict_keys(['example_trigger_target_dag']) retrieved from /home/airflow/.local/lib/python3.7/site-packages/airflow/example_dags/example_trigger_target_dag.py
[2024-01-04T23:37:49.544+0000] {logging_mixin.py:137} INFO - [2024-01-04T23:37:49.544+0000] {dag.py:2690} INFO - Sync 1 DAGs
[2024-01-04T23:37:49.568+0000] {logging_mixin.py:137} INFO - [2024-01-04T23:37:49.568+0000] {dag.py:3441} INFO - Setting next_dagrun for example_trigger_target_dag to None, run_after=None
[2024-01-04T23:37:49.583+0000] {processor.py:175} INFO - Processing /home/airflow/.local/lib/python3.7/site-packages/airflow/example_dags/example_trigger_target_dag.py took 0.145 seconds
[2024-01-04T23:38:20.269+0000] {processor.py:153} INFO - Started process (PID=4078) to work on /home/airflow/.local/lib/python3.7/site-packages/airflow/example_dags/example_trigger_target_dag.py
[2024-01-04T23:38:20.273+0000] {processor.py:743} INFO - Processing file /home/airflow/.local/lib/python3.7/site-packages/airflow/example_dags/example_trigger_target_dag.py for tasks to queue
[2024-01-04T23:38:20.277+0000] {logging_mixin.py:137} INFO - [2024-01-04T23:38:20.276+0000] {dagbag.py:538} INFO - Filling up the DagBag from /home/airflow/.local/lib/python3.7/site-packages/airflow/example_dags/example_trigger_target_dag.py
[2024-01-04T23:38:20.317+0000] {processor.py:753} INFO - DAG(s) dict_keys(['example_trigger_target_dag']) retrieved from /home/airflow/.local/lib/python3.7/site-packages/airflow/example_dags/example_trigger_target_dag.py
[2024-01-04T23:38:20.352+0000] {logging_mixin.py:137} INFO - [2024-01-04T23:38:20.352+0000] {dag.py:2690} INFO - Sync 1 DAGs
[2024-01-04T23:38:20.392+0000] {logging_mixin.py:137} INFO - [2024-01-04T23:38:20.392+0000] {dag.py:3441} INFO - Setting next_dagrun for example_trigger_target_dag to None, run_after=None
[2024-01-04T23:38:20.408+0000] {processor.py:175} INFO - Processing /home/airflow/.local/lib/python3.7/site-packages/airflow/example_dags/example_trigger_target_dag.py took 0.145 seconds
[2024-01-04T23:38:50.962+0000] {processor.py:153} INFO - Started process (PID=4153) to work on /home/airflow/.local/lib/python3.7/site-packages/airflow/example_dags/example_trigger_target_dag.py
[2024-01-04T23:38:50.965+0000] {processor.py:743} INFO - Processing file /home/airflow/.local/lib/python3.7/site-packages/airflow/example_dags/example_trigger_target_dag.py for tasks to queue
[2024-01-04T23:38:50.966+0000] {logging_mixin.py:137} INFO - [2024-01-04T23:38:50.966+0000] {dagbag.py:538} INFO - Filling up the DagBag from /home/airflow/.local/lib/python3.7/site-packages/airflow/example_dags/example_trigger_target_dag.py
[2024-01-04T23:38:51.006+0000] {processor.py:753} INFO - DAG(s) dict_keys(['example_trigger_target_dag']) retrieved from /home/airflow/.local/lib/python3.7/site-packages/airflow/example_dags/example_trigger_target_dag.py
[2024-01-04T23:38:51.038+0000] {logging_mixin.py:137} INFO - [2024-01-04T23:38:51.037+0000] {dag.py:2690} INFO - Sync 1 DAGs
[2024-01-04T23:38:51.060+0000] {logging_mixin.py:137} INFO - [2024-01-04T23:38:51.060+0000] {dag.py:3441} INFO - Setting next_dagrun for example_trigger_target_dag to None, run_after=None
[2024-01-04T23:38:51.075+0000] {processor.py:175} INFO - Processing /home/airflow/.local/lib/python3.7/site-packages/airflow/example_dags/example_trigger_target_dag.py took 0.123 seconds
[2024-01-04T23:39:21.623+0000] {processor.py:153} INFO - Started process (PID=4228) to work on /home/airflow/.local/lib/python3.7/site-packages/airflow/example_dags/example_trigger_target_dag.py
[2024-01-04T23:39:21.625+0000] {processor.py:743} INFO - Processing file /home/airflow/.local/lib/python3.7/site-packages/airflow/example_dags/example_trigger_target_dag.py for tasks to queue
[2024-01-04T23:39:21.627+0000] {logging_mixin.py:137} INFO - [2024-01-04T23:39:21.627+0000] {dagbag.py:538} INFO - Filling up the DagBag from /home/airflow/.local/lib/python3.7/site-packages/airflow/example_dags/example_trigger_target_dag.py
[2024-01-04T23:39:21.664+0000] {processor.py:753} INFO - DAG(s) dict_keys(['example_trigger_target_dag']) retrieved from /home/airflow/.local/lib/python3.7/site-packages/airflow/example_dags/example_trigger_target_dag.py
[2024-01-04T23:39:21.726+0000] {logging_mixin.py:137} INFO - [2024-01-04T23:39:21.726+0000] {dag.py:2690} INFO - Sync 1 DAGs
[2024-01-04T23:39:21.752+0000] {logging_mixin.py:137} INFO - [2024-01-04T23:39:21.752+0000] {dag.py:3441} INFO - Setting next_dagrun for example_trigger_target_dag to None, run_after=None
[2024-01-04T23:39:21.768+0000] {processor.py:175} INFO - Processing /home/airflow/.local/lib/python3.7/site-packages/airflow/example_dags/example_trigger_target_dag.py took 0.154 seconds
[2024-01-04T23:56:23.019+0000] {processor.py:153} INFO - Started process (PID=4267) to work on /home/airflow/.local/lib/python3.7/site-packages/airflow/example_dags/example_trigger_target_dag.py
[2024-01-04T23:56:23.020+0000] {processor.py:743} INFO - Processing file /home/airflow/.local/lib/python3.7/site-packages/airflow/example_dags/example_trigger_target_dag.py for tasks to queue
[2024-01-04T23:56:23.021+0000] {logging_mixin.py:137} INFO - [2024-01-04T23:56:23.020+0000] {dagbag.py:538} INFO - Filling up the DagBag from /home/airflow/.local/lib/python3.7/site-packages/airflow/example_dags/example_trigger_target_dag.py
[2024-01-04T23:56:23.035+0000] {processor.py:753} INFO - DAG(s) dict_keys(['example_trigger_target_dag']) retrieved from /home/airflow/.local/lib/python3.7/site-packages/airflow/example_dags/example_trigger_target_dag.py
[2024-01-04T23:56:23.056+0000] {logging_mixin.py:137} INFO - [2024-01-04T23:56:23.056+0000] {dag.py:2690} INFO - Sync 1 DAGs
[2024-01-04T23:56:23.072+0000] {logging_mixin.py:137} INFO - [2024-01-04T23:56:23.072+0000] {dag.py:3441} INFO - Setting next_dagrun for example_trigger_target_dag to None, run_after=None
[2024-01-04T23:56:23.086+0000] {processor.py:175} INFO - Processing /home/airflow/.local/lib/python3.7/site-packages/airflow/example_dags/example_trigger_target_dag.py took 0.071 seconds
