[2024-01-04T23:09:07.000+0000] {processor.py:153} INFO - Started process (PID=70) to work on /home/airflow/.local/lib/python3.7/site-packages/airflow/example_dags/example_latest_only_with_trigger.py
[2024-01-04T23:09:07.003+0000] {processor.py:743} INFO - Processing file /home/airflow/.local/lib/python3.7/site-packages/airflow/example_dags/example_latest_only_with_trigger.py for tasks to queue
[2024-01-04T23:09:07.008+0000] {logging_mixin.py:137} INFO - [2024-01-04T23:09:07.006+0000] {dagbag.py:538} INFO - Filling up the DagBag from /home/airflow/.local/lib/python3.7/site-packages/airflow/example_dags/example_latest_only_with_trigger.py
[2024-01-04T23:09:07.036+0000] {processor.py:753} INFO - DAG(s) dict_keys(['latest_only_with_trigger']) retrieved from /home/airflow/.local/lib/python3.7/site-packages/airflow/example_dags/example_latest_only_with_trigger.py
[2024-01-04T23:09:07.238+0000] {logging_mixin.py:137} INFO - [2024-01-04T23:09:07.238+0000] {manager.py:504} INFO - Created Permission View: can delete on DAG:latest_only_with_trigger
[2024-01-04T23:09:07.253+0000] {logging_mixin.py:137} INFO - [2024-01-04T23:09:07.253+0000] {manager.py:504} INFO - Created Permission View: can edit on DAG:latest_only_with_trigger
[2024-01-04T23:09:07.274+0000] {logging_mixin.py:137} INFO - [2024-01-04T23:09:07.274+0000] {manager.py:504} INFO - Created Permission View: can read on DAG:latest_only_with_trigger
[2024-01-04T23:09:07.276+0000] {logging_mixin.py:137} INFO - [2024-01-04T23:09:07.275+0000] {dag.py:2690} INFO - Sync 1 DAGs
[2024-01-04T23:09:07.297+0000] {logging_mixin.py:137} INFO - [2024-01-04T23:09:07.296+0000] {dag.py:2711} INFO - Creating ORM DAG for latest_only_with_trigger
[2024-01-04T23:09:07.334+0000] {logging_mixin.py:137} INFO - [2024-01-04T23:09:07.334+0000] {dag.py:3441} INFO - Setting next_dagrun for latest_only_with_trigger to 2024-01-04T19:09:07.334310+00:00, run_after=2024-01-04T23:09:07.334310+00:00
[2024-01-04T23:09:07.459+0000] {processor.py:175} INFO - Processing /home/airflow/.local/lib/python3.7/site-packages/airflow/example_dags/example_latest_only_with_trigger.py took 0.464 seconds
[2024-01-04T23:09:38.349+0000] {processor.py:153} INFO - Started process (PID=138) to work on /home/airflow/.local/lib/python3.7/site-packages/airflow/example_dags/example_latest_only_with_trigger.py
[2024-01-04T23:09:38.351+0000] {processor.py:743} INFO - Processing file /home/airflow/.local/lib/python3.7/site-packages/airflow/example_dags/example_latest_only_with_trigger.py for tasks to queue
[2024-01-04T23:09:38.353+0000] {logging_mixin.py:137} INFO - [2024-01-04T23:09:38.353+0000] {dagbag.py:538} INFO - Filling up the DagBag from /home/airflow/.local/lib/python3.7/site-packages/airflow/example_dags/example_latest_only_with_trigger.py
[2024-01-04T23:09:38.370+0000] {processor.py:753} INFO - DAG(s) dict_keys(['latest_only_with_trigger']) retrieved from /home/airflow/.local/lib/python3.7/site-packages/airflow/example_dags/example_latest_only_with_trigger.py
[2024-01-04T23:09:38.392+0000] {logging_mixin.py:137} INFO - [2024-01-04T23:09:38.392+0000] {dag.py:2690} INFO - Sync 1 DAGs
[2024-01-04T23:09:38.407+0000] {logging_mixin.py:137} INFO - [2024-01-04T23:09:38.407+0000] {dag.py:3441} INFO - Setting next_dagrun for latest_only_with_trigger to 2024-01-04T19:09:38.407685+00:00, run_after=2024-01-04T23:09:38.407685+00:00
[2024-01-04T23:09:38.419+0000] {processor.py:175} INFO - Processing /home/airflow/.local/lib/python3.7/site-packages/airflow/example_dags/example_latest_only_with_trigger.py took 0.076 seconds
[2024-01-04T23:10:08.698+0000] {processor.py:153} INFO - Started process (PID=201) to work on /home/airflow/.local/lib/python3.7/site-packages/airflow/example_dags/example_latest_only_with_trigger.py
[2024-01-04T23:10:08.700+0000] {processor.py:743} INFO - Processing file /home/airflow/.local/lib/python3.7/site-packages/airflow/example_dags/example_latest_only_with_trigger.py for tasks to queue
[2024-01-04T23:10:08.702+0000] {logging_mixin.py:137} INFO - [2024-01-04T23:10:08.702+0000] {dagbag.py:538} INFO - Filling up the DagBag from /home/airflow/.local/lib/python3.7/site-packages/airflow/example_dags/example_latest_only_with_trigger.py
[2024-01-04T23:10:08.721+0000] {processor.py:753} INFO - DAG(s) dict_keys(['latest_only_with_trigger']) retrieved from /home/airflow/.local/lib/python3.7/site-packages/airflow/example_dags/example_latest_only_with_trigger.py
[2024-01-04T23:10:08.750+0000] {logging_mixin.py:137} INFO - [2024-01-04T23:10:08.750+0000] {dag.py:2690} INFO - Sync 1 DAGs
[2024-01-04T23:10:08.769+0000] {logging_mixin.py:137} INFO - [2024-01-04T23:10:08.769+0000] {dag.py:3441} INFO - Setting next_dagrun for latest_only_with_trigger to 2024-01-04T19:10:08.769336+00:00, run_after=2024-01-04T23:10:08.769336+00:00
[2024-01-04T23:10:08.781+0000] {processor.py:175} INFO - Processing /home/airflow/.local/lib/python3.7/site-packages/airflow/example_dags/example_latest_only_with_trigger.py took 0.089 seconds
[2024-01-04T23:10:39.137+0000] {processor.py:153} INFO - Started process (PID=275) to work on /home/airflow/.local/lib/python3.7/site-packages/airflow/example_dags/example_latest_only_with_trigger.py
[2024-01-04T23:10:39.139+0000] {processor.py:743} INFO - Processing file /home/airflow/.local/lib/python3.7/site-packages/airflow/example_dags/example_latest_only_with_trigger.py for tasks to queue
[2024-01-04T23:10:39.140+0000] {logging_mixin.py:137} INFO - [2024-01-04T23:10:39.140+0000] {dagbag.py:538} INFO - Filling up the DagBag from /home/airflow/.local/lib/python3.7/site-packages/airflow/example_dags/example_latest_only_with_trigger.py
[2024-01-04T23:10:39.159+0000] {processor.py:753} INFO - DAG(s) dict_keys(['latest_only_with_trigger']) retrieved from /home/airflow/.local/lib/python3.7/site-packages/airflow/example_dags/example_latest_only_with_trigger.py
[2024-01-04T23:10:39.186+0000] {logging_mixin.py:137} INFO - [2024-01-04T23:10:39.186+0000] {dag.py:2690} INFO - Sync 1 DAGs
[2024-01-04T23:10:39.203+0000] {logging_mixin.py:137} INFO - [2024-01-04T23:10:39.203+0000] {dag.py:3441} INFO - Setting next_dagrun for latest_only_with_trigger to 2024-01-04T19:10:39.203197+00:00, run_after=2024-01-04T23:10:39.203197+00:00
[2024-01-04T23:10:39.215+0000] {processor.py:175} INFO - Processing /home/airflow/.local/lib/python3.7/site-packages/airflow/example_dags/example_latest_only_with_trigger.py took 0.084 seconds
[2024-01-04T23:11:09.400+0000] {processor.py:153} INFO - Started process (PID=351) to work on /home/airflow/.local/lib/python3.7/site-packages/airflow/example_dags/example_latest_only_with_trigger.py
[2024-01-04T23:11:09.403+0000] {processor.py:743} INFO - Processing file /home/airflow/.local/lib/python3.7/site-packages/airflow/example_dags/example_latest_only_with_trigger.py for tasks to queue
[2024-01-04T23:11:09.405+0000] {logging_mixin.py:137} INFO - [2024-01-04T23:11:09.405+0000] {dagbag.py:538} INFO - Filling up the DagBag from /home/airflow/.local/lib/python3.7/site-packages/airflow/example_dags/example_latest_only_with_trigger.py
[2024-01-04T23:11:09.424+0000] {processor.py:753} INFO - DAG(s) dict_keys(['latest_only_with_trigger']) retrieved from /home/airflow/.local/lib/python3.7/site-packages/airflow/example_dags/example_latest_only_with_trigger.py
[2024-01-04T23:11:09.460+0000] {logging_mixin.py:137} INFO - [2024-01-04T23:11:09.460+0000] {dag.py:2690} INFO - Sync 1 DAGs
[2024-01-04T23:11:09.479+0000] {logging_mixin.py:137} INFO - [2024-01-04T23:11:09.479+0000] {dag.py:3441} INFO - Setting next_dagrun for latest_only_with_trigger to 2024-01-04T19:11:09.479576+00:00, run_after=2024-01-04T23:11:09.479576+00:00
[2024-01-04T23:11:09.491+0000] {processor.py:175} INFO - Processing /home/airflow/.local/lib/python3.7/site-packages/airflow/example_dags/example_latest_only_with_trigger.py took 0.096 seconds
[2024-01-04T23:11:40.189+0000] {processor.py:153} INFO - Started process (PID=414) to work on /home/airflow/.local/lib/python3.7/site-packages/airflow/example_dags/example_latest_only_with_trigger.py
[2024-01-04T23:11:40.191+0000] {processor.py:743} INFO - Processing file /home/airflow/.local/lib/python3.7/site-packages/airflow/example_dags/example_latest_only_with_trigger.py for tasks to queue
[2024-01-04T23:11:40.193+0000] {logging_mixin.py:137} INFO - [2024-01-04T23:11:40.193+0000] {dagbag.py:538} INFO - Filling up the DagBag from /home/airflow/.local/lib/python3.7/site-packages/airflow/example_dags/example_latest_only_with_trigger.py
[2024-01-04T23:11:40.210+0000] {processor.py:753} INFO - DAG(s) dict_keys(['latest_only_with_trigger']) retrieved from /home/airflow/.local/lib/python3.7/site-packages/airflow/example_dags/example_latest_only_with_trigger.py
[2024-01-04T23:11:40.234+0000] {logging_mixin.py:137} INFO - [2024-01-04T23:11:40.234+0000] {dag.py:2690} INFO - Sync 1 DAGs
[2024-01-04T23:11:40.252+0000] {logging_mixin.py:137} INFO - [2024-01-04T23:11:40.252+0000] {dag.py:3441} INFO - Setting next_dagrun for latest_only_with_trigger to 2024-01-04T19:11:40.252457+00:00, run_after=2024-01-04T23:11:40.252457+00:00
[2024-01-04T23:11:40.266+0000] {processor.py:175} INFO - Processing /home/airflow/.local/lib/python3.7/site-packages/airflow/example_dags/example_latest_only_with_trigger.py took 0.083 seconds
[2024-01-04T23:12:10.618+0000] {processor.py:153} INFO - Started process (PID=489) to work on /home/airflow/.local/lib/python3.7/site-packages/airflow/example_dags/example_latest_only_with_trigger.py
[2024-01-04T23:12:10.622+0000] {processor.py:743} INFO - Processing file /home/airflow/.local/lib/python3.7/site-packages/airflow/example_dags/example_latest_only_with_trigger.py for tasks to queue
[2024-01-04T23:12:10.624+0000] {logging_mixin.py:137} INFO - [2024-01-04T23:12:10.624+0000] {dagbag.py:538} INFO - Filling up the DagBag from /home/airflow/.local/lib/python3.7/site-packages/airflow/example_dags/example_latest_only_with_trigger.py
[2024-01-04T23:12:10.642+0000] {processor.py:753} INFO - DAG(s) dict_keys(['latest_only_with_trigger']) retrieved from /home/airflow/.local/lib/python3.7/site-packages/airflow/example_dags/example_latest_only_with_trigger.py
[2024-01-04T23:12:10.667+0000] {logging_mixin.py:137} INFO - [2024-01-04T23:12:10.667+0000] {dag.py:2690} INFO - Sync 1 DAGs
[2024-01-04T23:12:10.684+0000] {logging_mixin.py:137} INFO - [2024-01-04T23:12:10.684+0000] {dag.py:3441} INFO - Setting next_dagrun for latest_only_with_trigger to 2024-01-04T19:12:10.683882+00:00, run_after=2024-01-04T23:12:10.683882+00:00
[2024-01-04T23:12:10.697+0000] {processor.py:175} INFO - Processing /home/airflow/.local/lib/python3.7/site-packages/airflow/example_dags/example_latest_only_with_trigger.py took 0.088 seconds
[2024-01-04T23:12:40.874+0000] {processor.py:153} INFO - Started process (PID=552) to work on /home/airflow/.local/lib/python3.7/site-packages/airflow/example_dags/example_latest_only_with_trigger.py
[2024-01-04T23:12:40.876+0000] {processor.py:743} INFO - Processing file /home/airflow/.local/lib/python3.7/site-packages/airflow/example_dags/example_latest_only_with_trigger.py for tasks to queue
[2024-01-04T23:12:40.876+0000] {logging_mixin.py:137} INFO - [2024-01-04T23:12:40.876+0000] {dagbag.py:538} INFO - Filling up the DagBag from /home/airflow/.local/lib/python3.7/site-packages/airflow/example_dags/example_latest_only_with_trigger.py
[2024-01-04T23:12:40.890+0000] {processor.py:753} INFO - DAG(s) dict_keys(['latest_only_with_trigger']) retrieved from /home/airflow/.local/lib/python3.7/site-packages/airflow/example_dags/example_latest_only_with_trigger.py
[2024-01-04T23:12:40.914+0000] {logging_mixin.py:137} INFO - [2024-01-04T23:12:40.913+0000] {dag.py:2690} INFO - Sync 1 DAGs
[2024-01-04T23:12:40.932+0000] {logging_mixin.py:137} INFO - [2024-01-04T23:12:40.932+0000] {dag.py:3441} INFO - Setting next_dagrun for latest_only_with_trigger to 2024-01-04T19:12:40.932197+00:00, run_after=2024-01-04T23:12:40.932197+00:00
[2024-01-04T23:12:40.945+0000] {processor.py:175} INFO - Processing /home/airflow/.local/lib/python3.7/site-packages/airflow/example_dags/example_latest_only_with_trigger.py took 0.074 seconds
[2024-01-04T23:13:11.271+0000] {processor.py:153} INFO - Started process (PID=628) to work on /home/airflow/.local/lib/python3.7/site-packages/airflow/example_dags/example_latest_only_with_trigger.py
[2024-01-04T23:13:11.275+0000] {processor.py:743} INFO - Processing file /home/airflow/.local/lib/python3.7/site-packages/airflow/example_dags/example_latest_only_with_trigger.py for tasks to queue
[2024-01-04T23:13:11.276+0000] {logging_mixin.py:137} INFO - [2024-01-04T23:13:11.276+0000] {dagbag.py:538} INFO - Filling up the DagBag from /home/airflow/.local/lib/python3.7/site-packages/airflow/example_dags/example_latest_only_with_trigger.py
[2024-01-04T23:13:11.292+0000] {processor.py:753} INFO - DAG(s) dict_keys(['latest_only_with_trigger']) retrieved from /home/airflow/.local/lib/python3.7/site-packages/airflow/example_dags/example_latest_only_with_trigger.py
[2024-01-04T23:13:11.315+0000] {logging_mixin.py:137} INFO - [2024-01-04T23:13:11.315+0000] {dag.py:2690} INFO - Sync 1 DAGs
[2024-01-04T23:13:11.331+0000] {logging_mixin.py:137} INFO - [2024-01-04T23:13:11.331+0000] {dag.py:3441} INFO - Setting next_dagrun for latest_only_with_trigger to 2024-01-04T19:13:11.331167+00:00, run_after=2024-01-04T23:13:11.331167+00:00
[2024-01-04T23:13:11.343+0000] {processor.py:175} INFO - Processing /home/airflow/.local/lib/python3.7/site-packages/airflow/example_dags/example_latest_only_with_trigger.py took 0.078 seconds
[2024-01-04T23:13:41.607+0000] {processor.py:153} INFO - Started process (PID=704) to work on /home/airflow/.local/lib/python3.7/site-packages/airflow/example_dags/example_latest_only_with_trigger.py
[2024-01-04T23:13:41.610+0000] {processor.py:743} INFO - Processing file /home/airflow/.local/lib/python3.7/site-packages/airflow/example_dags/example_latest_only_with_trigger.py for tasks to queue
[2024-01-04T23:13:41.611+0000] {logging_mixin.py:137} INFO - [2024-01-04T23:13:41.611+0000] {dagbag.py:538} INFO - Filling up the DagBag from /home/airflow/.local/lib/python3.7/site-packages/airflow/example_dags/example_latest_only_with_trigger.py
[2024-01-04T23:13:41.629+0000] {processor.py:753} INFO - DAG(s) dict_keys(['latest_only_with_trigger']) retrieved from /home/airflow/.local/lib/python3.7/site-packages/airflow/example_dags/example_latest_only_with_trigger.py
[2024-01-04T23:13:41.653+0000] {logging_mixin.py:137} INFO - [2024-01-04T23:13:41.653+0000] {dag.py:2690} INFO - Sync 1 DAGs
[2024-01-04T23:13:41.669+0000] {logging_mixin.py:137} INFO - [2024-01-04T23:13:41.668+0000] {dag.py:3441} INFO - Setting next_dagrun for latest_only_with_trigger to 2024-01-04T19:13:41.668734+00:00, run_after=2024-01-04T23:13:41.668734+00:00
[2024-01-04T23:13:41.681+0000] {processor.py:175} INFO - Processing /home/airflow/.local/lib/python3.7/site-packages/airflow/example_dags/example_latest_only_with_trigger.py took 0.080 seconds
[2024-01-04T23:14:12.295+0000] {processor.py:153} INFO - Started process (PID=767) to work on /home/airflow/.local/lib/python3.7/site-packages/airflow/example_dags/example_latest_only_with_trigger.py
[2024-01-04T23:14:12.297+0000] {processor.py:743} INFO - Processing file /home/airflow/.local/lib/python3.7/site-packages/airflow/example_dags/example_latest_only_with_trigger.py for tasks to queue
[2024-01-04T23:14:12.299+0000] {logging_mixin.py:137} INFO - [2024-01-04T23:14:12.299+0000] {dagbag.py:538} INFO - Filling up the DagBag from /home/airflow/.local/lib/python3.7/site-packages/airflow/example_dags/example_latest_only_with_trigger.py
[2024-01-04T23:14:12.317+0000] {processor.py:753} INFO - DAG(s) dict_keys(['latest_only_with_trigger']) retrieved from /home/airflow/.local/lib/python3.7/site-packages/airflow/example_dags/example_latest_only_with_trigger.py
[2024-01-04T23:14:12.345+0000] {logging_mixin.py:137} INFO - [2024-01-04T23:14:12.344+0000] {dag.py:2690} INFO - Sync 1 DAGs
[2024-01-04T23:14:12.361+0000] {logging_mixin.py:137} INFO - [2024-01-04T23:14:12.361+0000] {dag.py:3441} INFO - Setting next_dagrun for latest_only_with_trigger to 2024-01-04T19:14:12.361027+00:00, run_after=2024-01-04T23:14:12.361027+00:00
[2024-01-04T23:14:12.372+0000] {processor.py:175} INFO - Processing /home/airflow/.local/lib/python3.7/site-packages/airflow/example_dags/example_latest_only_with_trigger.py took 0.083 seconds
[2024-01-04T23:14:42.706+0000] {processor.py:153} INFO - Started process (PID=842) to work on /home/airflow/.local/lib/python3.7/site-packages/airflow/example_dags/example_latest_only_with_trigger.py
[2024-01-04T23:14:42.708+0000] {processor.py:743} INFO - Processing file /home/airflow/.local/lib/python3.7/site-packages/airflow/example_dags/example_latest_only_with_trigger.py for tasks to queue
[2024-01-04T23:14:42.709+0000] {logging_mixin.py:137} INFO - [2024-01-04T23:14:42.709+0000] {dagbag.py:538} INFO - Filling up the DagBag from /home/airflow/.local/lib/python3.7/site-packages/airflow/example_dags/example_latest_only_with_trigger.py
[2024-01-04T23:14:42.722+0000] {processor.py:753} INFO - DAG(s) dict_keys(['latest_only_with_trigger']) retrieved from /home/airflow/.local/lib/python3.7/site-packages/airflow/example_dags/example_latest_only_with_trigger.py
[2024-01-04T23:14:42.744+0000] {logging_mixin.py:137} INFO - [2024-01-04T23:14:42.744+0000] {dag.py:2690} INFO - Sync 1 DAGs
[2024-01-04T23:14:42.761+0000] {logging_mixin.py:137} INFO - [2024-01-04T23:14:42.760+0000] {dag.py:3441} INFO - Setting next_dagrun for latest_only_with_trigger to 2024-01-04T19:14:42.760703+00:00, run_after=2024-01-04T23:14:42.760703+00:00
[2024-01-04T23:14:42.772+0000] {processor.py:175} INFO - Processing /home/airflow/.local/lib/python3.7/site-packages/airflow/example_dags/example_latest_only_with_trigger.py took 0.070 seconds
[2024-01-04T23:15:13.280+0000] {processor.py:153} INFO - Started process (PID=915) to work on /home/airflow/.local/lib/python3.7/site-packages/airflow/example_dags/example_latest_only_with_trigger.py
[2024-01-04T23:15:13.282+0000] {processor.py:743} INFO - Processing file /home/airflow/.local/lib/python3.7/site-packages/airflow/example_dags/example_latest_only_with_trigger.py for tasks to queue
[2024-01-04T23:15:13.284+0000] {logging_mixin.py:137} INFO - [2024-01-04T23:15:13.284+0000] {dagbag.py:538} INFO - Filling up the DagBag from /home/airflow/.local/lib/python3.7/site-packages/airflow/example_dags/example_latest_only_with_trigger.py
[2024-01-04T23:15:13.345+0000] {processor.py:753} INFO - DAG(s) dict_keys(['latest_only_with_trigger']) retrieved from /home/airflow/.local/lib/python3.7/site-packages/airflow/example_dags/example_latest_only_with_trigger.py
[2024-01-04T23:15:13.398+0000] {logging_mixin.py:137} INFO - [2024-01-04T23:15:13.397+0000] {dag.py:2690} INFO - Sync 1 DAGs
[2024-01-04T23:15:13.428+0000] {logging_mixin.py:137} INFO - [2024-01-04T23:15:13.427+0000] {dag.py:3441} INFO - Setting next_dagrun for latest_only_with_trigger to 2024-01-04T19:15:13.427454+00:00, run_after=2024-01-04T23:15:13.427454+00:00
[2024-01-04T23:15:13.460+0000] {processor.py:175} INFO - Processing /home/airflow/.local/lib/python3.7/site-packages/airflow/example_dags/example_latest_only_with_trigger.py took 0.188 seconds
[2024-01-04T23:15:43.965+0000] {processor.py:153} INFO - Started process (PID=978) to work on /home/airflow/.local/lib/python3.7/site-packages/airflow/example_dags/example_latest_only_with_trigger.py
[2024-01-04T23:15:43.970+0000] {processor.py:743} INFO - Processing file /home/airflow/.local/lib/python3.7/site-packages/airflow/example_dags/example_latest_only_with_trigger.py for tasks to queue
[2024-01-04T23:15:43.971+0000] {logging_mixin.py:137} INFO - [2024-01-04T23:15:43.971+0000] {dagbag.py:538} INFO - Filling up the DagBag from /home/airflow/.local/lib/python3.7/site-packages/airflow/example_dags/example_latest_only_with_trigger.py
[2024-01-04T23:15:43.984+0000] {processor.py:753} INFO - DAG(s) dict_keys(['latest_only_with_trigger']) retrieved from /home/airflow/.local/lib/python3.7/site-packages/airflow/example_dags/example_latest_only_with_trigger.py
[2024-01-04T23:15:44.007+0000] {logging_mixin.py:137} INFO - [2024-01-04T23:15:44.007+0000] {dag.py:2690} INFO - Sync 1 DAGs
[2024-01-04T23:15:44.025+0000] {logging_mixin.py:137} INFO - [2024-01-04T23:15:44.025+0000] {dag.py:3441} INFO - Setting next_dagrun for latest_only_with_trigger to 2024-01-04T19:15:44.025402+00:00, run_after=2024-01-04T23:15:44.025402+00:00
[2024-01-04T23:15:44.038+0000] {processor.py:175} INFO - Processing /home/airflow/.local/lib/python3.7/site-packages/airflow/example_dags/example_latest_only_with_trigger.py took 0.079 seconds
[2024-01-04T23:16:14.490+0000] {processor.py:153} INFO - Started process (PID=1052) to work on /home/airflow/.local/lib/python3.7/site-packages/airflow/example_dags/example_latest_only_with_trigger.py
[2024-01-04T23:16:14.492+0000] {processor.py:743} INFO - Processing file /home/airflow/.local/lib/python3.7/site-packages/airflow/example_dags/example_latest_only_with_trigger.py for tasks to queue
[2024-01-04T23:16:14.494+0000] {logging_mixin.py:137} INFO - [2024-01-04T23:16:14.493+0000] {dagbag.py:538} INFO - Filling up the DagBag from /home/airflow/.local/lib/python3.7/site-packages/airflow/example_dags/example_latest_only_with_trigger.py
[2024-01-04T23:16:14.522+0000] {processor.py:753} INFO - DAG(s) dict_keys(['latest_only_with_trigger']) retrieved from /home/airflow/.local/lib/python3.7/site-packages/airflow/example_dags/example_latest_only_with_trigger.py
[2024-01-04T23:16:14.572+0000] {logging_mixin.py:137} INFO - [2024-01-04T23:16:14.572+0000] {dag.py:2690} INFO - Sync 1 DAGs
[2024-01-04T23:16:14.599+0000] {logging_mixin.py:137} INFO - [2024-01-04T23:16:14.599+0000] {dag.py:3441} INFO - Setting next_dagrun for latest_only_with_trigger to 2024-01-04T19:16:14.598694+00:00, run_after=2024-01-04T23:16:14.598694+00:00
[2024-01-04T23:16:14.629+0000] {processor.py:175} INFO - Processing /home/airflow/.local/lib/python3.7/site-packages/airflow/example_dags/example_latest_only_with_trigger.py took 0.144 seconds
[2024-01-04T23:16:44.952+0000] {processor.py:153} INFO - Started process (PID=1115) to work on /home/airflow/.local/lib/python3.7/site-packages/airflow/example_dags/example_latest_only_with_trigger.py
[2024-01-04T23:16:44.958+0000] {processor.py:743} INFO - Processing file /home/airflow/.local/lib/python3.7/site-packages/airflow/example_dags/example_latest_only_with_trigger.py for tasks to queue
[2024-01-04T23:16:44.961+0000] {logging_mixin.py:137} INFO - [2024-01-04T23:16:44.961+0000] {dagbag.py:538} INFO - Filling up the DagBag from /home/airflow/.local/lib/python3.7/site-packages/airflow/example_dags/example_latest_only_with_trigger.py
[2024-01-04T23:16:44.987+0000] {processor.py:753} INFO - DAG(s) dict_keys(['latest_only_with_trigger']) retrieved from /home/airflow/.local/lib/python3.7/site-packages/airflow/example_dags/example_latest_only_with_trigger.py
[2024-01-04T23:16:45.014+0000] {logging_mixin.py:137} INFO - [2024-01-04T23:16:45.013+0000] {dag.py:2690} INFO - Sync 1 DAGs
[2024-01-04T23:16:45.035+0000] {logging_mixin.py:137} INFO - [2024-01-04T23:16:45.035+0000] {dag.py:3441} INFO - Setting next_dagrun for latest_only_with_trigger to 2024-01-04T19:16:45.035222+00:00, run_after=2024-01-04T23:16:45.035222+00:00
[2024-01-04T23:16:45.049+0000] {processor.py:175} INFO - Processing /home/airflow/.local/lib/python3.7/site-packages/airflow/example_dags/example_latest_only_with_trigger.py took 0.105 seconds
[2024-01-04T23:17:15.715+0000] {processor.py:153} INFO - Started process (PID=1191) to work on /home/airflow/.local/lib/python3.7/site-packages/airflow/example_dags/example_latest_only_with_trigger.py
[2024-01-04T23:17:15.718+0000] {processor.py:743} INFO - Processing file /home/airflow/.local/lib/python3.7/site-packages/airflow/example_dags/example_latest_only_with_trigger.py for tasks to queue
[2024-01-04T23:17:15.720+0000] {logging_mixin.py:137} INFO - [2024-01-04T23:17:15.719+0000] {dagbag.py:538} INFO - Filling up the DagBag from /home/airflow/.local/lib/python3.7/site-packages/airflow/example_dags/example_latest_only_with_trigger.py
[2024-01-04T23:17:15.737+0000] {processor.py:753} INFO - DAG(s) dict_keys(['latest_only_with_trigger']) retrieved from /home/airflow/.local/lib/python3.7/site-packages/airflow/example_dags/example_latest_only_with_trigger.py
[2024-01-04T23:17:15.759+0000] {logging_mixin.py:137} INFO - [2024-01-04T23:17:15.759+0000] {dag.py:2690} INFO - Sync 1 DAGs
[2024-01-04T23:17:15.778+0000] {logging_mixin.py:137} INFO - [2024-01-04T23:17:15.778+0000] {dag.py:3441} INFO - Setting next_dagrun for latest_only_with_trigger to 2024-01-04T19:17:15.777802+00:00, run_after=2024-01-04T23:17:15.777802+00:00
[2024-01-04T23:17:15.792+0000] {processor.py:175} INFO - Processing /home/airflow/.local/lib/python3.7/site-packages/airflow/example_dags/example_latest_only_with_trigger.py took 0.085 seconds
[2024-01-04T23:17:46.119+0000] {processor.py:153} INFO - Started process (PID=1260) to work on /home/airflow/.local/lib/python3.7/site-packages/airflow/example_dags/example_latest_only_with_trigger.py
[2024-01-04T23:17:46.166+0000] {processor.py:743} INFO - Processing file /home/airflow/.local/lib/python3.7/site-packages/airflow/example_dags/example_latest_only_with_trigger.py for tasks to queue
[2024-01-04T23:17:46.203+0000] {logging_mixin.py:137} INFO - [2024-01-04T23:17:46.202+0000] {dagbag.py:538} INFO - Filling up the DagBag from /home/airflow/.local/lib/python3.7/site-packages/airflow/example_dags/example_latest_only_with_trigger.py
[2024-01-04T23:17:46.240+0000] {processor.py:753} INFO - DAG(s) dict_keys(['latest_only_with_trigger']) retrieved from /home/airflow/.local/lib/python3.7/site-packages/airflow/example_dags/example_latest_only_with_trigger.py
[2024-01-04T23:17:46.308+0000] {logging_mixin.py:137} INFO - [2024-01-04T23:17:46.308+0000] {dag.py:2690} INFO - Sync 1 DAGs
[2024-01-04T23:17:46.457+0000] {logging_mixin.py:137} INFO - [2024-01-04T23:17:46.457+0000] {dag.py:3441} INFO - Setting next_dagrun for latest_only_with_trigger to 2024-01-04T19:17:46.454736+00:00, run_after=2024-01-04T23:17:46.454736+00:00
[2024-01-04T23:17:46.566+0000] {processor.py:175} INFO - Processing /home/airflow/.local/lib/python3.7/site-packages/airflow/example_dags/example_latest_only_with_trigger.py took 0.459 seconds
[2024-01-04T23:18:17.026+0000] {processor.py:153} INFO - Started process (PID=1329) to work on /home/airflow/.local/lib/python3.7/site-packages/airflow/example_dags/example_latest_only_with_trigger.py
[2024-01-04T23:18:17.029+0000] {processor.py:743} INFO - Processing file /home/airflow/.local/lib/python3.7/site-packages/airflow/example_dags/example_latest_only_with_trigger.py for tasks to queue
[2024-01-04T23:18:17.030+0000] {logging_mixin.py:137} INFO - [2024-01-04T23:18:17.030+0000] {dagbag.py:538} INFO - Filling up the DagBag from /home/airflow/.local/lib/python3.7/site-packages/airflow/example_dags/example_latest_only_with_trigger.py
[2024-01-04T23:18:17.041+0000] {processor.py:753} INFO - DAG(s) dict_keys(['latest_only_with_trigger']) retrieved from /home/airflow/.local/lib/python3.7/site-packages/airflow/example_dags/example_latest_only_with_trigger.py
[2024-01-04T23:18:17.061+0000] {logging_mixin.py:137} INFO - [2024-01-04T23:18:17.061+0000] {dag.py:2690} INFO - Sync 1 DAGs
[2024-01-04T23:18:17.078+0000] {logging_mixin.py:137} INFO - [2024-01-04T23:18:17.078+0000] {dag.py:3441} INFO - Setting next_dagrun for latest_only_with_trigger to 2024-01-04T19:18:17.078020+00:00, run_after=2024-01-04T23:18:17.078020+00:00
[2024-01-04T23:18:17.089+0000] {processor.py:175} INFO - Processing /home/airflow/.local/lib/python3.7/site-packages/airflow/example_dags/example_latest_only_with_trigger.py took 0.066 seconds
[2024-01-04T23:18:47.122+0000] {processor.py:153} INFO - Started process (PID=1402) to work on /home/airflow/.local/lib/python3.7/site-packages/airflow/example_dags/example_latest_only_with_trigger.py
[2024-01-04T23:18:47.124+0000] {processor.py:743} INFO - Processing file /home/airflow/.local/lib/python3.7/site-packages/airflow/example_dags/example_latest_only_with_trigger.py for tasks to queue
[2024-01-04T23:18:47.125+0000] {logging_mixin.py:137} INFO - [2024-01-04T23:18:47.125+0000] {dagbag.py:538} INFO - Filling up the DagBag from /home/airflow/.local/lib/python3.7/site-packages/airflow/example_dags/example_latest_only_with_trigger.py
[2024-01-04T23:18:47.141+0000] {processor.py:753} INFO - DAG(s) dict_keys(['latest_only_with_trigger']) retrieved from /home/airflow/.local/lib/python3.7/site-packages/airflow/example_dags/example_latest_only_with_trigger.py
[2024-01-04T23:18:47.169+0000] {logging_mixin.py:137} INFO - [2024-01-04T23:18:47.169+0000] {dag.py:2690} INFO - Sync 1 DAGs
[2024-01-04T23:18:47.210+0000] {logging_mixin.py:137} INFO - [2024-01-04T23:18:47.209+0000] {dag.py:3441} INFO - Setting next_dagrun for latest_only_with_trigger to 2024-01-04T19:18:47.208911+00:00, run_after=2024-01-04T23:18:47.208911+00:00
[2024-01-04T23:18:47.229+0000] {processor.py:175} INFO - Processing /home/airflow/.local/lib/python3.7/site-packages/airflow/example_dags/example_latest_only_with_trigger.py took 0.110 seconds
[2024-01-04T23:19:17.702+0000] {processor.py:153} INFO - Started process (PID=1470) to work on /home/airflow/.local/lib/python3.7/site-packages/airflow/example_dags/example_latest_only_with_trigger.py
[2024-01-04T23:19:17.704+0000] {processor.py:743} INFO - Processing file /home/airflow/.local/lib/python3.7/site-packages/airflow/example_dags/example_latest_only_with_trigger.py for tasks to queue
[2024-01-04T23:19:17.704+0000] {logging_mixin.py:137} INFO - [2024-01-04T23:19:17.704+0000] {dagbag.py:538} INFO - Filling up the DagBag from /home/airflow/.local/lib/python3.7/site-packages/airflow/example_dags/example_latest_only_with_trigger.py
[2024-01-04T23:19:17.714+0000] {processor.py:753} INFO - DAG(s) dict_keys(['latest_only_with_trigger']) retrieved from /home/airflow/.local/lib/python3.7/site-packages/airflow/example_dags/example_latest_only_with_trigger.py
[2024-01-04T23:19:17.734+0000] {logging_mixin.py:137} INFO - [2024-01-04T23:19:17.734+0000] {dag.py:2690} INFO - Sync 1 DAGs
[2024-01-04T23:19:17.750+0000] {logging_mixin.py:137} INFO - [2024-01-04T23:19:17.750+0000] {dag.py:3441} INFO - Setting next_dagrun for latest_only_with_trigger to 2024-01-04T19:19:17.750209+00:00, run_after=2024-01-04T23:19:17.750209+00:00
[2024-01-04T23:19:17.763+0000] {processor.py:175} INFO - Processing /home/airflow/.local/lib/python3.7/site-packages/airflow/example_dags/example_latest_only_with_trigger.py took 0.063 seconds
[2024-01-04T23:19:48.432+0000] {processor.py:153} INFO - Started process (PID=1546) to work on /home/airflow/.local/lib/python3.7/site-packages/airflow/example_dags/example_latest_only_with_trigger.py
[2024-01-04T23:19:48.434+0000] {processor.py:743} INFO - Processing file /home/airflow/.local/lib/python3.7/site-packages/airflow/example_dags/example_latest_only_with_trigger.py for tasks to queue
[2024-01-04T23:19:48.435+0000] {logging_mixin.py:137} INFO - [2024-01-04T23:19:48.435+0000] {dagbag.py:538} INFO - Filling up the DagBag from /home/airflow/.local/lib/python3.7/site-packages/airflow/example_dags/example_latest_only_with_trigger.py
[2024-01-04T23:19:48.447+0000] {processor.py:753} INFO - DAG(s) dict_keys(['latest_only_with_trigger']) retrieved from /home/airflow/.local/lib/python3.7/site-packages/airflow/example_dags/example_latest_only_with_trigger.py
[2024-01-04T23:19:48.482+0000] {logging_mixin.py:137} INFO - [2024-01-04T23:19:48.481+0000] {dag.py:2690} INFO - Sync 1 DAGs
[2024-01-04T23:19:48.503+0000] {logging_mixin.py:137} INFO - [2024-01-04T23:19:48.503+0000] {dag.py:3441} INFO - Setting next_dagrun for latest_only_with_trigger to 2024-01-04T19:19:48.502921+00:00, run_after=2024-01-04T23:19:48.502921+00:00
[2024-01-04T23:19:48.516+0000] {processor.py:175} INFO - Processing /home/airflow/.local/lib/python3.7/site-packages/airflow/example_dags/example_latest_only_with_trigger.py took 0.088 seconds
[2024-01-04T23:20:19.253+0000] {processor.py:153} INFO - Started process (PID=1609) to work on /home/airflow/.local/lib/python3.7/site-packages/airflow/example_dags/example_latest_only_with_trigger.py
[2024-01-04T23:20:19.255+0000] {processor.py:743} INFO - Processing file /home/airflow/.local/lib/python3.7/site-packages/airflow/example_dags/example_latest_only_with_trigger.py for tasks to queue
[2024-01-04T23:20:19.255+0000] {logging_mixin.py:137} INFO - [2024-01-04T23:20:19.255+0000] {dagbag.py:538} INFO - Filling up the DagBag from /home/airflow/.local/lib/python3.7/site-packages/airflow/example_dags/example_latest_only_with_trigger.py
[2024-01-04T23:20:19.267+0000] {processor.py:753} INFO - DAG(s) dict_keys(['latest_only_with_trigger']) retrieved from /home/airflow/.local/lib/python3.7/site-packages/airflow/example_dags/example_latest_only_with_trigger.py
[2024-01-04T23:20:19.293+0000] {logging_mixin.py:137} INFO - [2024-01-04T23:20:19.292+0000] {dag.py:2690} INFO - Sync 1 DAGs
[2024-01-04T23:20:19.313+0000] {logging_mixin.py:137} INFO - [2024-01-04T23:20:19.313+0000] {dag.py:3441} INFO - Setting next_dagrun for latest_only_with_trigger to 2024-01-04T19:20:19.313198+00:00, run_after=2024-01-04T23:20:19.313198+00:00
[2024-01-04T23:20:19.333+0000] {processor.py:175} INFO - Processing /home/airflow/.local/lib/python3.7/site-packages/airflow/example_dags/example_latest_only_with_trigger.py took 0.083 seconds
[2024-01-04T23:20:49.734+0000] {processor.py:153} INFO - Started process (PID=1684) to work on /home/airflow/.local/lib/python3.7/site-packages/airflow/example_dags/example_latest_only_with_trigger.py
[2024-01-04T23:20:49.735+0000] {processor.py:743} INFO - Processing file /home/airflow/.local/lib/python3.7/site-packages/airflow/example_dags/example_latest_only_with_trigger.py for tasks to queue
[2024-01-04T23:20:49.736+0000] {logging_mixin.py:137} INFO - [2024-01-04T23:20:49.736+0000] {dagbag.py:538} INFO - Filling up the DagBag from /home/airflow/.local/lib/python3.7/site-packages/airflow/example_dags/example_latest_only_with_trigger.py
[2024-01-04T23:20:49.747+0000] {processor.py:753} INFO - DAG(s) dict_keys(['latest_only_with_trigger']) retrieved from /home/airflow/.local/lib/python3.7/site-packages/airflow/example_dags/example_latest_only_with_trigger.py
[2024-01-04T23:20:49.766+0000] {logging_mixin.py:137} INFO - [2024-01-04T23:20:49.766+0000] {dag.py:2690} INFO - Sync 1 DAGs
[2024-01-04T23:20:49.782+0000] {logging_mixin.py:137} INFO - [2024-01-04T23:20:49.782+0000] {dag.py:3441} INFO - Setting next_dagrun for latest_only_with_trigger to 2024-01-04T19:20:49.782118+00:00, run_after=2024-01-04T23:20:49.782118+00:00
[2024-01-04T23:20:49.794+0000] {processor.py:175} INFO - Processing /home/airflow/.local/lib/python3.7/site-packages/airflow/example_dags/example_latest_only_with_trigger.py took 0.063 seconds
[2024-01-04T23:21:19.922+0000] {processor.py:153} INFO - Started process (PID=1747) to work on /home/airflow/.local/lib/python3.7/site-packages/airflow/example_dags/example_latest_only_with_trigger.py
[2024-01-04T23:21:19.924+0000] {processor.py:743} INFO - Processing file /home/airflow/.local/lib/python3.7/site-packages/airflow/example_dags/example_latest_only_with_trigger.py for tasks to queue
[2024-01-04T23:21:19.924+0000] {logging_mixin.py:137} INFO - [2024-01-04T23:21:19.924+0000] {dagbag.py:538} INFO - Filling up the DagBag from /home/airflow/.local/lib/python3.7/site-packages/airflow/example_dags/example_latest_only_with_trigger.py
[2024-01-04T23:21:19.935+0000] {processor.py:753} INFO - DAG(s) dict_keys(['latest_only_with_trigger']) retrieved from /home/airflow/.local/lib/python3.7/site-packages/airflow/example_dags/example_latest_only_with_trigger.py
[2024-01-04T23:21:19.957+0000] {logging_mixin.py:137} INFO - [2024-01-04T23:21:19.957+0000] {dag.py:2690} INFO - Sync 1 DAGs
[2024-01-04T23:21:19.975+0000] {logging_mixin.py:137} INFO - [2024-01-04T23:21:19.975+0000] {dag.py:3441} INFO - Setting next_dagrun for latest_only_with_trigger to 2024-01-04T19:21:19.975573+00:00, run_after=2024-01-04T23:21:19.975573+00:00
[2024-01-04T23:21:19.988+0000] {processor.py:175} INFO - Processing /home/airflow/.local/lib/python3.7/site-packages/airflow/example_dags/example_latest_only_with_trigger.py took 0.069 seconds
[2024-01-04T23:21:51.045+0000] {processor.py:153} INFO - Started process (PID=1822) to work on /home/airflow/.local/lib/python3.7/site-packages/airflow/example_dags/example_latest_only_with_trigger.py
[2024-01-04T23:21:51.046+0000] {processor.py:743} INFO - Processing file /home/airflow/.local/lib/python3.7/site-packages/airflow/example_dags/example_latest_only_with_trigger.py for tasks to queue
[2024-01-04T23:21:51.047+0000] {logging_mixin.py:137} INFO - [2024-01-04T23:21:51.047+0000] {dagbag.py:538} INFO - Filling up the DagBag from /home/airflow/.local/lib/python3.7/site-packages/airflow/example_dags/example_latest_only_with_trigger.py
[2024-01-04T23:21:51.058+0000] {processor.py:753} INFO - DAG(s) dict_keys(['latest_only_with_trigger']) retrieved from /home/airflow/.local/lib/python3.7/site-packages/airflow/example_dags/example_latest_only_with_trigger.py
[2024-01-04T23:21:51.078+0000] {logging_mixin.py:137} INFO - [2024-01-04T23:21:51.078+0000] {dag.py:2690} INFO - Sync 1 DAGs
[2024-01-04T23:21:51.094+0000] {logging_mixin.py:137} INFO - [2024-01-04T23:21:51.094+0000] {dag.py:3441} INFO - Setting next_dagrun for latest_only_with_trigger to 2024-01-04T19:21:51.093931+00:00, run_after=2024-01-04T23:21:51.093931+00:00
[2024-01-04T23:21:51.111+0000] {processor.py:175} INFO - Processing /home/airflow/.local/lib/python3.7/site-packages/airflow/example_dags/example_latest_only_with_trigger.py took 0.069 seconds
[2024-01-04T23:22:21.784+0000] {processor.py:153} INFO - Started process (PID=1897) to work on /home/airflow/.local/lib/python3.7/site-packages/airflow/example_dags/example_latest_only_with_trigger.py
[2024-01-04T23:22:21.786+0000] {processor.py:743} INFO - Processing file /home/airflow/.local/lib/python3.7/site-packages/airflow/example_dags/example_latest_only_with_trigger.py for tasks to queue
[2024-01-04T23:22:21.787+0000] {logging_mixin.py:137} INFO - [2024-01-04T23:22:21.787+0000] {dagbag.py:538} INFO - Filling up the DagBag from /home/airflow/.local/lib/python3.7/site-packages/airflow/example_dags/example_latest_only_with_trigger.py
[2024-01-04T23:22:21.804+0000] {processor.py:753} INFO - DAG(s) dict_keys(['latest_only_with_trigger']) retrieved from /home/airflow/.local/lib/python3.7/site-packages/airflow/example_dags/example_latest_only_with_trigger.py
[2024-01-04T23:22:21.852+0000] {logging_mixin.py:137} INFO - [2024-01-04T23:22:21.851+0000] {dag.py:2690} INFO - Sync 1 DAGs
[2024-01-04T23:22:21.875+0000] {logging_mixin.py:137} INFO - [2024-01-04T23:22:21.875+0000] {dag.py:3441} INFO - Setting next_dagrun for latest_only_with_trigger to 2024-01-04T19:22:21.875259+00:00, run_after=2024-01-04T23:22:21.875259+00:00
[2024-01-04T23:22:21.888+0000] {processor.py:175} INFO - Processing /home/airflow/.local/lib/python3.7/site-packages/airflow/example_dags/example_latest_only_with_trigger.py took 0.109 seconds
[2024-01-04T23:22:52.658+0000] {processor.py:153} INFO - Started process (PID=1960) to work on /home/airflow/.local/lib/python3.7/site-packages/airflow/example_dags/example_latest_only_with_trigger.py
[2024-01-04T23:22:52.660+0000] {processor.py:743} INFO - Processing file /home/airflow/.local/lib/python3.7/site-packages/airflow/example_dags/example_latest_only_with_trigger.py for tasks to queue
[2024-01-04T23:22:52.661+0000] {logging_mixin.py:137} INFO - [2024-01-04T23:22:52.661+0000] {dagbag.py:538} INFO - Filling up the DagBag from /home/airflow/.local/lib/python3.7/site-packages/airflow/example_dags/example_latest_only_with_trigger.py
[2024-01-04T23:22:52.672+0000] {processor.py:753} INFO - DAG(s) dict_keys(['latest_only_with_trigger']) retrieved from /home/airflow/.local/lib/python3.7/site-packages/airflow/example_dags/example_latest_only_with_trigger.py
[2024-01-04T23:22:52.692+0000] {logging_mixin.py:137} INFO - [2024-01-04T23:22:52.692+0000] {dag.py:2690} INFO - Sync 1 DAGs
[2024-01-04T23:22:52.709+0000] {logging_mixin.py:137} INFO - [2024-01-04T23:22:52.708+0000] {dag.py:3441} INFO - Setting next_dagrun for latest_only_with_trigger to 2024-01-04T19:22:52.708765+00:00, run_after=2024-01-04T23:22:52.708765+00:00
[2024-01-04T23:22:52.720+0000] {processor.py:175} INFO - Processing /home/airflow/.local/lib/python3.7/site-packages/airflow/example_dags/example_latest_only_with_trigger.py took 0.065 seconds
[2024-01-04T23:23:23.368+0000] {processor.py:153} INFO - Started process (PID=2037) to work on /home/airflow/.local/lib/python3.7/site-packages/airflow/example_dags/example_latest_only_with_trigger.py
[2024-01-04T23:23:23.372+0000] {processor.py:743} INFO - Processing file /home/airflow/.local/lib/python3.7/site-packages/airflow/example_dags/example_latest_only_with_trigger.py for tasks to queue
[2024-01-04T23:23:23.372+0000] {logging_mixin.py:137} INFO - [2024-01-04T23:23:23.372+0000] {dagbag.py:538} INFO - Filling up the DagBag from /home/airflow/.local/lib/python3.7/site-packages/airflow/example_dags/example_latest_only_with_trigger.py
[2024-01-04T23:23:23.385+0000] {processor.py:753} INFO - DAG(s) dict_keys(['latest_only_with_trigger']) retrieved from /home/airflow/.local/lib/python3.7/site-packages/airflow/example_dags/example_latest_only_with_trigger.py
[2024-01-04T23:23:23.408+0000] {logging_mixin.py:137} INFO - [2024-01-04T23:23:23.408+0000] {dag.py:2690} INFO - Sync 1 DAGs
[2024-01-04T23:23:23.426+0000] {logging_mixin.py:137} INFO - [2024-01-04T23:23:23.426+0000] {dag.py:3441} INFO - Setting next_dagrun for latest_only_with_trigger to 2024-01-04T19:23:23.425923+00:00, run_after=2024-01-04T23:23:23.425923+00:00
[2024-01-04T23:23:23.439+0000] {processor.py:175} INFO - Processing /home/airflow/.local/lib/python3.7/site-packages/airflow/example_dags/example_latest_only_with_trigger.py took 0.074 seconds
[2024-01-04T23:23:53.812+0000] {processor.py:153} INFO - Started process (PID=2101) to work on /home/airflow/.local/lib/python3.7/site-packages/airflow/example_dags/example_latest_only_with_trigger.py
[2024-01-04T23:23:53.813+0000] {processor.py:743} INFO - Processing file /home/airflow/.local/lib/python3.7/site-packages/airflow/example_dags/example_latest_only_with_trigger.py for tasks to queue
[2024-01-04T23:23:53.814+0000] {logging_mixin.py:137} INFO - [2024-01-04T23:23:53.814+0000] {dagbag.py:538} INFO - Filling up the DagBag from /home/airflow/.local/lib/python3.7/site-packages/airflow/example_dags/example_latest_only_with_trigger.py
[2024-01-04T23:23:53.825+0000] {processor.py:753} INFO - DAG(s) dict_keys(['latest_only_with_trigger']) retrieved from /home/airflow/.local/lib/python3.7/site-packages/airflow/example_dags/example_latest_only_with_trigger.py
[2024-01-04T23:23:53.844+0000] {logging_mixin.py:137} INFO - [2024-01-04T23:23:53.844+0000] {dag.py:2690} INFO - Sync 1 DAGs
[2024-01-04T23:23:53.860+0000] {logging_mixin.py:137} INFO - [2024-01-04T23:23:53.860+0000] {dag.py:3441} INFO - Setting next_dagrun for latest_only_with_trigger to 2024-01-04T19:23:53.860660+00:00, run_after=2024-01-04T23:23:53.860660+00:00
[2024-01-04T23:23:53.873+0000] {processor.py:175} INFO - Processing /home/airflow/.local/lib/python3.7/site-packages/airflow/example_dags/example_latest_only_with_trigger.py took 0.063 seconds
[2024-01-04T23:24:23.974+0000] {processor.py:153} INFO - Started process (PID=2176) to work on /home/airflow/.local/lib/python3.7/site-packages/airflow/example_dags/example_latest_only_with_trigger.py
[2024-01-04T23:24:23.976+0000] {processor.py:743} INFO - Processing file /home/airflow/.local/lib/python3.7/site-packages/airflow/example_dags/example_latest_only_with_trigger.py for tasks to queue
[2024-01-04T23:24:23.977+0000] {logging_mixin.py:137} INFO - [2024-01-04T23:24:23.977+0000] {dagbag.py:538} INFO - Filling up the DagBag from /home/airflow/.local/lib/python3.7/site-packages/airflow/example_dags/example_latest_only_with_trigger.py
[2024-01-04T23:24:23.986+0000] {processor.py:753} INFO - DAG(s) dict_keys(['latest_only_with_trigger']) retrieved from /home/airflow/.local/lib/python3.7/site-packages/airflow/example_dags/example_latest_only_with_trigger.py
[2024-01-04T23:24:24.010+0000] {logging_mixin.py:137} INFO - [2024-01-04T23:24:24.009+0000] {dag.py:2690} INFO - Sync 1 DAGs
[2024-01-04T23:24:24.032+0000] {logging_mixin.py:137} INFO - [2024-01-04T23:24:24.032+0000] {dag.py:3441} INFO - Setting next_dagrun for latest_only_with_trigger to 2024-01-04T19:24:24.032086+00:00, run_after=2024-01-04T23:24:24.032086+00:00
[2024-01-04T23:24:24.045+0000] {processor.py:175} INFO - Processing /home/airflow/.local/lib/python3.7/site-packages/airflow/example_dags/example_latest_only_with_trigger.py took 0.074 seconds
[2024-01-04T23:24:55.073+0000] {processor.py:153} INFO - Started process (PID=2248) to work on /home/airflow/.local/lib/python3.7/site-packages/airflow/example_dags/example_latest_only_with_trigger.py
[2024-01-04T23:24:55.074+0000] {processor.py:743} INFO - Processing file /home/airflow/.local/lib/python3.7/site-packages/airflow/example_dags/example_latest_only_with_trigger.py for tasks to queue
[2024-01-04T23:24:55.077+0000] {logging_mixin.py:137} INFO - [2024-01-04T23:24:55.077+0000] {dagbag.py:538} INFO - Filling up the DagBag from /home/airflow/.local/lib/python3.7/site-packages/airflow/example_dags/example_latest_only_with_trigger.py
[2024-01-04T23:24:55.095+0000] {processor.py:753} INFO - DAG(s) dict_keys(['latest_only_with_trigger']) retrieved from /home/airflow/.local/lib/python3.7/site-packages/airflow/example_dags/example_latest_only_with_trigger.py
[2024-01-04T23:24:55.126+0000] {logging_mixin.py:137} INFO - [2024-01-04T23:24:55.125+0000] {dag.py:2690} INFO - Sync 1 DAGs
[2024-01-04T23:24:55.153+0000] {logging_mixin.py:137} INFO - [2024-01-04T23:24:55.153+0000] {dag.py:3441} INFO - Setting next_dagrun for latest_only_with_trigger to 2024-01-04T19:24:55.152779+00:00, run_after=2024-01-04T23:24:55.152779+00:00
[2024-01-04T23:24:55.194+0000] {processor.py:175} INFO - Processing /home/airflow/.local/lib/python3.7/site-packages/airflow/example_dags/example_latest_only_with_trigger.py took 0.125 seconds
[2024-01-04T23:25:25.394+0000] {processor.py:153} INFO - Started process (PID=2315) to work on /home/airflow/.local/lib/python3.7/site-packages/airflow/example_dags/example_latest_only_with_trigger.py
[2024-01-04T23:25:25.396+0000] {processor.py:743} INFO - Processing file /home/airflow/.local/lib/python3.7/site-packages/airflow/example_dags/example_latest_only_with_trigger.py for tasks to queue
[2024-01-04T23:25:25.396+0000] {logging_mixin.py:137} INFO - [2024-01-04T23:25:25.396+0000] {dagbag.py:538} INFO - Filling up the DagBag from /home/airflow/.local/lib/python3.7/site-packages/airflow/example_dags/example_latest_only_with_trigger.py
[2024-01-04T23:25:25.407+0000] {processor.py:753} INFO - DAG(s) dict_keys(['latest_only_with_trigger']) retrieved from /home/airflow/.local/lib/python3.7/site-packages/airflow/example_dags/example_latest_only_with_trigger.py
[2024-01-04T23:25:25.428+0000] {logging_mixin.py:137} INFO - [2024-01-04T23:25:25.428+0000] {dag.py:2690} INFO - Sync 1 DAGs
[2024-01-04T23:25:25.446+0000] {logging_mixin.py:137} INFO - [2024-01-04T23:25:25.446+0000] {dag.py:3441} INFO - Setting next_dagrun for latest_only_with_trigger to 2024-01-04T19:25:25.445942+00:00, run_after=2024-01-04T23:25:25.445942+00:00
[2024-01-04T23:25:25.458+0000] {processor.py:175} INFO - Processing /home/airflow/.local/lib/python3.7/site-packages/airflow/example_dags/example_latest_only_with_trigger.py took 0.066 seconds
[2024-01-04T23:25:56.612+0000] {processor.py:153} INFO - Started process (PID=2390) to work on /home/airflow/.local/lib/python3.7/site-packages/airflow/example_dags/example_latest_only_with_trigger.py
[2024-01-04T23:25:56.614+0000] {processor.py:743} INFO - Processing file /home/airflow/.local/lib/python3.7/site-packages/airflow/example_dags/example_latest_only_with_trigger.py for tasks to queue
[2024-01-04T23:25:56.616+0000] {logging_mixin.py:137} INFO - [2024-01-04T23:25:56.615+0000] {dagbag.py:538} INFO - Filling up the DagBag from /home/airflow/.local/lib/python3.7/site-packages/airflow/example_dags/example_latest_only_with_trigger.py
[2024-01-04T23:25:56.630+0000] {processor.py:753} INFO - DAG(s) dict_keys(['latest_only_with_trigger']) retrieved from /home/airflow/.local/lib/python3.7/site-packages/airflow/example_dags/example_latest_only_with_trigger.py
[2024-01-04T23:25:56.658+0000] {logging_mixin.py:137} INFO - [2024-01-04T23:25:56.658+0000] {dag.py:2690} INFO - Sync 1 DAGs
[2024-01-04T23:25:56.684+0000] {logging_mixin.py:137} INFO - [2024-01-04T23:25:56.684+0000] {dag.py:3441} INFO - Setting next_dagrun for latest_only_with_trigger to 2024-01-04T19:25:56.683771+00:00, run_after=2024-01-04T23:25:56.683771+00:00
[2024-01-04T23:25:56.704+0000] {processor.py:175} INFO - Processing /home/airflow/.local/lib/python3.7/site-packages/airflow/example_dags/example_latest_only_with_trigger.py took 0.095 seconds
[2024-01-04T23:26:27.440+0000] {processor.py:153} INFO - Started process (PID=2452) to work on /home/airflow/.local/lib/python3.7/site-packages/airflow/example_dags/example_latest_only_with_trigger.py
[2024-01-04T23:26:27.442+0000] {processor.py:743} INFO - Processing file /home/airflow/.local/lib/python3.7/site-packages/airflow/example_dags/example_latest_only_with_trigger.py for tasks to queue
[2024-01-04T23:26:27.444+0000] {logging_mixin.py:137} INFO - [2024-01-04T23:26:27.443+0000] {dagbag.py:538} INFO - Filling up the DagBag from /home/airflow/.local/lib/python3.7/site-packages/airflow/example_dags/example_latest_only_with_trigger.py
[2024-01-04T23:26:27.454+0000] {processor.py:753} INFO - DAG(s) dict_keys(['latest_only_with_trigger']) retrieved from /home/airflow/.local/lib/python3.7/site-packages/airflow/example_dags/example_latest_only_with_trigger.py
[2024-01-04T23:26:27.474+0000] {logging_mixin.py:137} INFO - [2024-01-04T23:26:27.474+0000] {dag.py:2690} INFO - Sync 1 DAGs
[2024-01-04T23:26:27.490+0000] {logging_mixin.py:137} INFO - [2024-01-04T23:26:27.489+0000] {dag.py:3441} INFO - Setting next_dagrun for latest_only_with_trigger to 2024-01-04T19:26:27.489753+00:00, run_after=2024-01-04T23:26:27.489753+00:00
[2024-01-04T23:26:27.500+0000] {processor.py:175} INFO - Processing /home/airflow/.local/lib/python3.7/site-packages/airflow/example_dags/example_latest_only_with_trigger.py took 0.072 seconds
[2024-01-04T23:26:58.037+0000] {processor.py:153} INFO - Started process (PID=2527) to work on /home/airflow/.local/lib/python3.7/site-packages/airflow/example_dags/example_latest_only_with_trigger.py
[2024-01-04T23:26:58.038+0000] {processor.py:743} INFO - Processing file /home/airflow/.local/lib/python3.7/site-packages/airflow/example_dags/example_latest_only_with_trigger.py for tasks to queue
[2024-01-04T23:26:58.039+0000] {logging_mixin.py:137} INFO - [2024-01-04T23:26:58.039+0000] {dagbag.py:538} INFO - Filling up the DagBag from /home/airflow/.local/lib/python3.7/site-packages/airflow/example_dags/example_latest_only_with_trigger.py
[2024-01-04T23:26:58.049+0000] {processor.py:753} INFO - DAG(s) dict_keys(['latest_only_with_trigger']) retrieved from /home/airflow/.local/lib/python3.7/site-packages/airflow/example_dags/example_latest_only_with_trigger.py
[2024-01-04T23:26:58.068+0000] {logging_mixin.py:137} INFO - [2024-01-04T23:26:58.068+0000] {dag.py:2690} INFO - Sync 1 DAGs
[2024-01-04T23:26:58.084+0000] {logging_mixin.py:137} INFO - [2024-01-04T23:26:58.084+0000] {dag.py:3441} INFO - Setting next_dagrun for latest_only_with_trigger to 2024-01-04T19:26:58.083771+00:00, run_after=2024-01-04T23:26:58.083771+00:00
[2024-01-04T23:26:58.096+0000] {processor.py:175} INFO - Processing /home/airflow/.local/lib/python3.7/site-packages/airflow/example_dags/example_latest_only_with_trigger.py took 0.061 seconds
[2024-01-04T23:27:28.568+0000] {processor.py:153} INFO - Started process (PID=2594) to work on /home/airflow/.local/lib/python3.7/site-packages/airflow/example_dags/example_latest_only_with_trigger.py
[2024-01-04T23:27:28.573+0000] {processor.py:743} INFO - Processing file /home/airflow/.local/lib/python3.7/site-packages/airflow/example_dags/example_latest_only_with_trigger.py for tasks to queue
[2024-01-04T23:27:28.575+0000] {logging_mixin.py:137} INFO - [2024-01-04T23:27:28.575+0000] {dagbag.py:538} INFO - Filling up the DagBag from /home/airflow/.local/lib/python3.7/site-packages/airflow/example_dags/example_latest_only_with_trigger.py
[2024-01-04T23:27:28.587+0000] {processor.py:753} INFO - DAG(s) dict_keys(['latest_only_with_trigger']) retrieved from /home/airflow/.local/lib/python3.7/site-packages/airflow/example_dags/example_latest_only_with_trigger.py
[2024-01-04T23:27:28.608+0000] {logging_mixin.py:137} INFO - [2024-01-04T23:27:28.608+0000] {dag.py:2690} INFO - Sync 1 DAGs
[2024-01-04T23:27:28.627+0000] {logging_mixin.py:137} INFO - [2024-01-04T23:27:28.626+0000] {dag.py:3441} INFO - Setting next_dagrun for latest_only_with_trigger to 2024-01-04T19:27:28.626673+00:00, run_after=2024-01-04T23:27:28.626673+00:00
[2024-01-04T23:27:28.653+0000] {processor.py:175} INFO - Processing /home/airflow/.local/lib/python3.7/site-packages/airflow/example_dags/example_latest_only_with_trigger.py took 0.088 seconds
[2024-01-04T23:27:59.021+0000] {processor.py:153} INFO - Started process (PID=2666) to work on /home/airflow/.local/lib/python3.7/site-packages/airflow/example_dags/example_latest_only_with_trigger.py
[2024-01-04T23:27:59.022+0000] {processor.py:743} INFO - Processing file /home/airflow/.local/lib/python3.7/site-packages/airflow/example_dags/example_latest_only_with_trigger.py for tasks to queue
[2024-01-04T23:27:59.023+0000] {logging_mixin.py:137} INFO - [2024-01-04T23:27:59.023+0000] {dagbag.py:538} INFO - Filling up the DagBag from /home/airflow/.local/lib/python3.7/site-packages/airflow/example_dags/example_latest_only_with_trigger.py
[2024-01-04T23:27:59.033+0000] {processor.py:753} INFO - DAG(s) dict_keys(['latest_only_with_trigger']) retrieved from /home/airflow/.local/lib/python3.7/site-packages/airflow/example_dags/example_latest_only_with_trigger.py
[2024-01-04T23:27:59.053+0000] {logging_mixin.py:137} INFO - [2024-01-04T23:27:59.053+0000] {dag.py:2690} INFO - Sync 1 DAGs
[2024-01-04T23:27:59.069+0000] {logging_mixin.py:137} INFO - [2024-01-04T23:27:59.069+0000] {dag.py:3441} INFO - Setting next_dagrun for latest_only_with_trigger to 2024-01-04T19:27:59.069514+00:00, run_after=2024-01-04T23:27:59.069514+00:00
[2024-01-04T23:27:59.082+0000] {processor.py:175} INFO - Processing /home/airflow/.local/lib/python3.7/site-packages/airflow/example_dags/example_latest_only_with_trigger.py took 0.064 seconds
[2024-01-04T23:28:30.139+0000] {processor.py:153} INFO - Started process (PID=2742) to work on /home/airflow/.local/lib/python3.7/site-packages/airflow/example_dags/example_latest_only_with_trigger.py
[2024-01-04T23:28:30.140+0000] {processor.py:743} INFO - Processing file /home/airflow/.local/lib/python3.7/site-packages/airflow/example_dags/example_latest_only_with_trigger.py for tasks to queue
[2024-01-04T23:28:30.141+0000] {logging_mixin.py:137} INFO - [2024-01-04T23:28:30.141+0000] {dagbag.py:538} INFO - Filling up the DagBag from /home/airflow/.local/lib/python3.7/site-packages/airflow/example_dags/example_latest_only_with_trigger.py
[2024-01-04T23:28:30.152+0000] {processor.py:753} INFO - DAG(s) dict_keys(['latest_only_with_trigger']) retrieved from /home/airflow/.local/lib/python3.7/site-packages/airflow/example_dags/example_latest_only_with_trigger.py
[2024-01-04T23:28:30.172+0000] {logging_mixin.py:137} INFO - [2024-01-04T23:28:30.172+0000] {dag.py:2690} INFO - Sync 1 DAGs
[2024-01-04T23:28:30.188+0000] {logging_mixin.py:137} INFO - [2024-01-04T23:28:30.188+0000] {dag.py:3441} INFO - Setting next_dagrun for latest_only_with_trigger to 2024-01-04T19:28:30.188033+00:00, run_after=2024-01-04T23:28:30.188033+00:00
[2024-01-04T23:28:30.199+0000] {processor.py:175} INFO - Processing /home/airflow/.local/lib/python3.7/site-packages/airflow/example_dags/example_latest_only_with_trigger.py took 0.063 seconds
[2024-01-04T23:29:00.860+0000] {processor.py:153} INFO - Started process (PID=2806) to work on /home/airflow/.local/lib/python3.7/site-packages/airflow/example_dags/example_latest_only_with_trigger.py
[2024-01-04T23:29:00.861+0000] {processor.py:743} INFO - Processing file /home/airflow/.local/lib/python3.7/site-packages/airflow/example_dags/example_latest_only_with_trigger.py for tasks to queue
[2024-01-04T23:29:00.862+0000] {logging_mixin.py:137} INFO - [2024-01-04T23:29:00.862+0000] {dagbag.py:538} INFO - Filling up the DagBag from /home/airflow/.local/lib/python3.7/site-packages/airflow/example_dags/example_latest_only_with_trigger.py
[2024-01-04T23:29:00.872+0000] {processor.py:753} INFO - DAG(s) dict_keys(['latest_only_with_trigger']) retrieved from /home/airflow/.local/lib/python3.7/site-packages/airflow/example_dags/example_latest_only_with_trigger.py
[2024-01-04T23:29:00.892+0000] {logging_mixin.py:137} INFO - [2024-01-04T23:29:00.892+0000] {dag.py:2690} INFO - Sync 1 DAGs
[2024-01-04T23:29:00.907+0000] {logging_mixin.py:137} INFO - [2024-01-04T23:29:00.907+0000] {dag.py:3441} INFO - Setting next_dagrun for latest_only_with_trigger to 2024-01-04T19:29:00.907382+00:00, run_after=2024-01-04T23:29:00.907382+00:00
[2024-01-04T23:29:00.920+0000] {processor.py:175} INFO - Processing /home/airflow/.local/lib/python3.7/site-packages/airflow/example_dags/example_latest_only_with_trigger.py took 0.063 seconds
[2024-01-04T23:29:31.531+0000] {processor.py:153} INFO - Started process (PID=2880) to work on /home/airflow/.local/lib/python3.7/site-packages/airflow/example_dags/example_latest_only_with_trigger.py
[2024-01-04T23:29:31.532+0000] {processor.py:743} INFO - Processing file /home/airflow/.local/lib/python3.7/site-packages/airflow/example_dags/example_latest_only_with_trigger.py for tasks to queue
[2024-01-04T23:29:31.533+0000] {logging_mixin.py:137} INFO - [2024-01-04T23:29:31.533+0000] {dagbag.py:538} INFO - Filling up the DagBag from /home/airflow/.local/lib/python3.7/site-packages/airflow/example_dags/example_latest_only_with_trigger.py
[2024-01-04T23:29:31.543+0000] {processor.py:753} INFO - DAG(s) dict_keys(['latest_only_with_trigger']) retrieved from /home/airflow/.local/lib/python3.7/site-packages/airflow/example_dags/example_latest_only_with_trigger.py
[2024-01-04T23:29:31.562+0000] {logging_mixin.py:137} INFO - [2024-01-04T23:29:31.562+0000] {dag.py:2690} INFO - Sync 1 DAGs
[2024-01-04T23:29:31.578+0000] {logging_mixin.py:137} INFO - [2024-01-04T23:29:31.578+0000] {dag.py:3441} INFO - Setting next_dagrun for latest_only_with_trigger to 2024-01-04T19:29:31.578622+00:00, run_after=2024-01-04T23:29:31.578622+00:00
[2024-01-04T23:29:31.590+0000] {processor.py:175} INFO - Processing /home/airflow/.local/lib/python3.7/site-packages/airflow/example_dags/example_latest_only_with_trigger.py took 0.062 seconds
[2024-01-04T23:30:01.954+0000] {processor.py:153} INFO - Started process (PID=2954) to work on /home/airflow/.local/lib/python3.7/site-packages/airflow/example_dags/example_latest_only_with_trigger.py
[2024-01-04T23:30:01.958+0000] {processor.py:743} INFO - Processing file /home/airflow/.local/lib/python3.7/site-packages/airflow/example_dags/example_latest_only_with_trigger.py for tasks to queue
[2024-01-04T23:30:01.961+0000] {logging_mixin.py:137} INFO - [2024-01-04T23:30:01.961+0000] {dagbag.py:538} INFO - Filling up the DagBag from /home/airflow/.local/lib/python3.7/site-packages/airflow/example_dags/example_latest_only_with_trigger.py
[2024-01-04T23:30:01.977+0000] {processor.py:753} INFO - DAG(s) dict_keys(['latest_only_with_trigger']) retrieved from /home/airflow/.local/lib/python3.7/site-packages/airflow/example_dags/example_latest_only_with_trigger.py
[2024-01-04T23:30:02.014+0000] {logging_mixin.py:137} INFO - [2024-01-04T23:30:02.014+0000] {dag.py:2690} INFO - Sync 1 DAGs
[2024-01-04T23:30:02.066+0000] {logging_mixin.py:137} INFO - [2024-01-04T23:30:02.066+0000] {dag.py:3441} INFO - Setting next_dagrun for latest_only_with_trigger to 2024-01-04T19:30:02.065890+00:00, run_after=2024-01-04T23:30:02.065890+00:00
[2024-01-04T23:30:02.086+0000] {processor.py:175} INFO - Processing /home/airflow/.local/lib/python3.7/site-packages/airflow/example_dags/example_latest_only_with_trigger.py took 0.136 seconds
[2024-01-04T23:30:32.393+0000] {processor.py:153} INFO - Started process (PID=3017) to work on /home/airflow/.local/lib/python3.7/site-packages/airflow/example_dags/example_latest_only_with_trigger.py
[2024-01-04T23:30:32.394+0000] {processor.py:743} INFO - Processing file /home/airflow/.local/lib/python3.7/site-packages/airflow/example_dags/example_latest_only_with_trigger.py for tasks to queue
[2024-01-04T23:30:32.395+0000] {logging_mixin.py:137} INFO - [2024-01-04T23:30:32.395+0000] {dagbag.py:538} INFO - Filling up the DagBag from /home/airflow/.local/lib/python3.7/site-packages/airflow/example_dags/example_latest_only_with_trigger.py
[2024-01-04T23:30:32.406+0000] {processor.py:753} INFO - DAG(s) dict_keys(['latest_only_with_trigger']) retrieved from /home/airflow/.local/lib/python3.7/site-packages/airflow/example_dags/example_latest_only_with_trigger.py
[2024-01-04T23:30:32.425+0000] {logging_mixin.py:137} INFO - [2024-01-04T23:30:32.425+0000] {dag.py:2690} INFO - Sync 1 DAGs
[2024-01-04T23:30:32.441+0000] {logging_mixin.py:137} INFO - [2024-01-04T23:30:32.441+0000] {dag.py:3441} INFO - Setting next_dagrun for latest_only_with_trigger to 2024-01-04T19:30:32.441035+00:00, run_after=2024-01-04T23:30:32.441035+00:00
[2024-01-04T23:30:32.453+0000] {processor.py:175} INFO - Processing /home/airflow/.local/lib/python3.7/site-packages/airflow/example_dags/example_latest_only_with_trigger.py took 0.064 seconds
[2024-01-04T23:31:03.324+0000] {processor.py:153} INFO - Started process (PID=3093) to work on /home/airflow/.local/lib/python3.7/site-packages/airflow/example_dags/example_latest_only_with_trigger.py
[2024-01-04T23:31:03.325+0000] {processor.py:743} INFO - Processing file /home/airflow/.local/lib/python3.7/site-packages/airflow/example_dags/example_latest_only_with_trigger.py for tasks to queue
[2024-01-04T23:31:03.326+0000] {logging_mixin.py:137} INFO - [2024-01-04T23:31:03.326+0000] {dagbag.py:538} INFO - Filling up the DagBag from /home/airflow/.local/lib/python3.7/site-packages/airflow/example_dags/example_latest_only_with_trigger.py
[2024-01-04T23:31:03.337+0000] {processor.py:753} INFO - DAG(s) dict_keys(['latest_only_with_trigger']) retrieved from /home/airflow/.local/lib/python3.7/site-packages/airflow/example_dags/example_latest_only_with_trigger.py
[2024-01-04T23:31:03.360+0000] {logging_mixin.py:137} INFO - [2024-01-04T23:31:03.360+0000] {dag.py:2690} INFO - Sync 1 DAGs
[2024-01-04T23:31:03.379+0000] {logging_mixin.py:137} INFO - [2024-01-04T23:31:03.379+0000] {dag.py:3441} INFO - Setting next_dagrun for latest_only_with_trigger to 2024-01-04T19:31:03.378964+00:00, run_after=2024-01-04T23:31:03.378964+00:00
[2024-01-04T23:31:03.393+0000] {processor.py:175} INFO - Processing /home/airflow/.local/lib/python3.7/site-packages/airflow/example_dags/example_latest_only_with_trigger.py took 0.073 seconds
[2024-01-04T23:31:33.825+0000] {processor.py:153} INFO - Started process (PID=3156) to work on /home/airflow/.local/lib/python3.7/site-packages/airflow/example_dags/example_latest_only_with_trigger.py
[2024-01-04T23:31:33.826+0000] {processor.py:743} INFO - Processing file /home/airflow/.local/lib/python3.7/site-packages/airflow/example_dags/example_latest_only_with_trigger.py for tasks to queue
[2024-01-04T23:31:33.827+0000] {logging_mixin.py:137} INFO - [2024-01-04T23:31:33.827+0000] {dagbag.py:538} INFO - Filling up the DagBag from /home/airflow/.local/lib/python3.7/site-packages/airflow/example_dags/example_latest_only_with_trigger.py
[2024-01-04T23:31:33.837+0000] {processor.py:753} INFO - DAG(s) dict_keys(['latest_only_with_trigger']) retrieved from /home/airflow/.local/lib/python3.7/site-packages/airflow/example_dags/example_latest_only_with_trigger.py
[2024-01-04T23:31:33.856+0000] {logging_mixin.py:137} INFO - [2024-01-04T23:31:33.856+0000] {dag.py:2690} INFO - Sync 1 DAGs
[2024-01-04T23:31:33.872+0000] {logging_mixin.py:137} INFO - [2024-01-04T23:31:33.872+0000] {dag.py:3441} INFO - Setting next_dagrun for latest_only_with_trigger to 2024-01-04T19:31:33.872135+00:00, run_after=2024-01-04T23:31:33.872135+00:00
[2024-01-04T23:31:33.883+0000] {processor.py:175} INFO - Processing /home/airflow/.local/lib/python3.7/site-packages/airflow/example_dags/example_latest_only_with_trigger.py took 0.061 seconds
[2024-01-04T23:32:04.384+0000] {processor.py:153} INFO - Started process (PID=3231) to work on /home/airflow/.local/lib/python3.7/site-packages/airflow/example_dags/example_latest_only_with_trigger.py
[2024-01-04T23:32:04.385+0000] {processor.py:743} INFO - Processing file /home/airflow/.local/lib/python3.7/site-packages/airflow/example_dags/example_latest_only_with_trigger.py for tasks to queue
[2024-01-04T23:32:04.386+0000] {logging_mixin.py:137} INFO - [2024-01-04T23:32:04.386+0000] {dagbag.py:538} INFO - Filling up the DagBag from /home/airflow/.local/lib/python3.7/site-packages/airflow/example_dags/example_latest_only_with_trigger.py
[2024-01-04T23:32:04.398+0000] {processor.py:753} INFO - DAG(s) dict_keys(['latest_only_with_trigger']) retrieved from /home/airflow/.local/lib/python3.7/site-packages/airflow/example_dags/example_latest_only_with_trigger.py
[2024-01-04T23:32:04.421+0000] {logging_mixin.py:137} INFO - [2024-01-04T23:32:04.421+0000] {dag.py:2690} INFO - Sync 1 DAGs
[2024-01-04T23:32:04.438+0000] {logging_mixin.py:137} INFO - [2024-01-04T23:32:04.438+0000] {dag.py:3441} INFO - Setting next_dagrun for latest_only_with_trigger to 2024-01-04T19:32:04.438028+00:00, run_after=2024-01-04T23:32:04.438028+00:00
[2024-01-04T23:32:04.450+0000] {processor.py:175} INFO - Processing /home/airflow/.local/lib/python3.7/site-packages/airflow/example_dags/example_latest_only_with_trigger.py took 0.069 seconds
[2024-01-04T23:32:35.227+0000] {processor.py:153} INFO - Started process (PID=3294) to work on /home/airflow/.local/lib/python3.7/site-packages/airflow/example_dags/example_latest_only_with_trigger.py
[2024-01-04T23:32:35.228+0000] {processor.py:743} INFO - Processing file /home/airflow/.local/lib/python3.7/site-packages/airflow/example_dags/example_latest_only_with_trigger.py for tasks to queue
[2024-01-04T23:32:35.229+0000] {logging_mixin.py:137} INFO - [2024-01-04T23:32:35.229+0000] {dagbag.py:538} INFO - Filling up the DagBag from /home/airflow/.local/lib/python3.7/site-packages/airflow/example_dags/example_latest_only_with_trigger.py
[2024-01-04T23:32:35.240+0000] {processor.py:753} INFO - DAG(s) dict_keys(['latest_only_with_trigger']) retrieved from /home/airflow/.local/lib/python3.7/site-packages/airflow/example_dags/example_latest_only_with_trigger.py
[2024-01-04T23:32:35.260+0000] {logging_mixin.py:137} INFO - [2024-01-04T23:32:35.259+0000] {dag.py:2690} INFO - Sync 1 DAGs
[2024-01-04T23:32:35.275+0000] {logging_mixin.py:137} INFO - [2024-01-04T23:32:35.275+0000] {dag.py:3441} INFO - Setting next_dagrun for latest_only_with_trigger to 2024-01-04T19:32:35.275379+00:00, run_after=2024-01-04T23:32:35.275379+00:00
[2024-01-04T23:32:35.286+0000] {processor.py:175} INFO - Processing /home/airflow/.local/lib/python3.7/site-packages/airflow/example_dags/example_latest_only_with_trigger.py took 0.063 seconds
[2024-01-04T23:33:06.174+0000] {processor.py:153} INFO - Started process (PID=3369) to work on /home/airflow/.local/lib/python3.7/site-packages/airflow/example_dags/example_latest_only_with_trigger.py
[2024-01-04T23:33:06.176+0000] {processor.py:743} INFO - Processing file /home/airflow/.local/lib/python3.7/site-packages/airflow/example_dags/example_latest_only_with_trigger.py for tasks to queue
[2024-01-04T23:33:06.177+0000] {logging_mixin.py:137} INFO - [2024-01-04T23:33:06.176+0000] {dagbag.py:538} INFO - Filling up the DagBag from /home/airflow/.local/lib/python3.7/site-packages/airflow/example_dags/example_latest_only_with_trigger.py
[2024-01-04T23:33:06.188+0000] {processor.py:753} INFO - DAG(s) dict_keys(['latest_only_with_trigger']) retrieved from /home/airflow/.local/lib/python3.7/site-packages/airflow/example_dags/example_latest_only_with_trigger.py
[2024-01-04T23:33:06.207+0000] {logging_mixin.py:137} INFO - [2024-01-04T23:33:06.207+0000] {dag.py:2690} INFO - Sync 1 DAGs
[2024-01-04T23:33:06.224+0000] {logging_mixin.py:137} INFO - [2024-01-04T23:33:06.224+0000] {dag.py:3441} INFO - Setting next_dagrun for latest_only_with_trigger to 2024-01-04T19:33:06.223857+00:00, run_after=2024-01-04T23:33:06.223857+00:00
[2024-01-04T23:33:06.235+0000] {processor.py:175} INFO - Processing /home/airflow/.local/lib/python3.7/site-packages/airflow/example_dags/example_latest_only_with_trigger.py took 0.064 seconds
[2024-01-04T23:33:36.964+0000] {processor.py:153} INFO - Started process (PID=3431) to work on /home/airflow/.local/lib/python3.7/site-packages/airflow/example_dags/example_latest_only_with_trigger.py
[2024-01-04T23:33:36.965+0000] {processor.py:743} INFO - Processing file /home/airflow/.local/lib/python3.7/site-packages/airflow/example_dags/example_latest_only_with_trigger.py for tasks to queue
[2024-01-04T23:33:36.966+0000] {logging_mixin.py:137} INFO - [2024-01-04T23:33:36.966+0000] {dagbag.py:538} INFO - Filling up the DagBag from /home/airflow/.local/lib/python3.7/site-packages/airflow/example_dags/example_latest_only_with_trigger.py
[2024-01-04T23:33:36.979+0000] {processor.py:753} INFO - DAG(s) dict_keys(['latest_only_with_trigger']) retrieved from /home/airflow/.local/lib/python3.7/site-packages/airflow/example_dags/example_latest_only_with_trigger.py
[2024-01-04T23:33:37.010+0000] {logging_mixin.py:137} INFO - [2024-01-04T23:33:37.010+0000] {dag.py:2690} INFO - Sync 1 DAGs
[2024-01-04T23:33:37.039+0000] {logging_mixin.py:137} INFO - [2024-01-04T23:33:37.039+0000] {dag.py:3441} INFO - Setting next_dagrun for latest_only_with_trigger to 2024-01-04T19:33:37.039352+00:00, run_after=2024-01-04T23:33:37.039352+00:00
[2024-01-04T23:33:37.057+0000] {processor.py:175} INFO - Processing /home/airflow/.local/lib/python3.7/site-packages/airflow/example_dags/example_latest_only_with_trigger.py took 0.096 seconds
[2024-01-04T23:34:07.738+0000] {processor.py:153} INFO - Started process (PID=3507) to work on /home/airflow/.local/lib/python3.7/site-packages/airflow/example_dags/example_latest_only_with_trigger.py
[2024-01-04T23:34:07.739+0000] {processor.py:743} INFO - Processing file /home/airflow/.local/lib/python3.7/site-packages/airflow/example_dags/example_latest_only_with_trigger.py for tasks to queue
[2024-01-04T23:34:07.740+0000] {logging_mixin.py:137} INFO - [2024-01-04T23:34:07.740+0000] {dagbag.py:538} INFO - Filling up the DagBag from /home/airflow/.local/lib/python3.7/site-packages/airflow/example_dags/example_latest_only_with_trigger.py
[2024-01-04T23:34:07.750+0000] {processor.py:753} INFO - DAG(s) dict_keys(['latest_only_with_trigger']) retrieved from /home/airflow/.local/lib/python3.7/site-packages/airflow/example_dags/example_latest_only_with_trigger.py
[2024-01-04T23:34:07.773+0000] {logging_mixin.py:137} INFO - [2024-01-04T23:34:07.773+0000] {dag.py:2690} INFO - Sync 1 DAGs
[2024-01-04T23:34:07.788+0000] {logging_mixin.py:137} INFO - [2024-01-04T23:34:07.788+0000] {dag.py:3441} INFO - Setting next_dagrun for latest_only_with_trigger to 2024-01-04T19:34:07.788658+00:00, run_after=2024-01-04T23:34:07.788658+00:00
[2024-01-04T23:34:07.800+0000] {processor.py:175} INFO - Processing /home/airflow/.local/lib/python3.7/site-packages/airflow/example_dags/example_latest_only_with_trigger.py took 0.065 seconds
[2024-01-04T23:34:38.474+0000] {processor.py:153} INFO - Started process (PID=3582) to work on /home/airflow/.local/lib/python3.7/site-packages/airflow/example_dags/example_latest_only_with_trigger.py
[2024-01-04T23:34:38.475+0000] {processor.py:743} INFO - Processing file /home/airflow/.local/lib/python3.7/site-packages/airflow/example_dags/example_latest_only_with_trigger.py for tasks to queue
[2024-01-04T23:34:38.476+0000] {logging_mixin.py:137} INFO - [2024-01-04T23:34:38.476+0000] {dagbag.py:538} INFO - Filling up the DagBag from /home/airflow/.local/lib/python3.7/site-packages/airflow/example_dags/example_latest_only_with_trigger.py
[2024-01-04T23:34:38.486+0000] {processor.py:753} INFO - DAG(s) dict_keys(['latest_only_with_trigger']) retrieved from /home/airflow/.local/lib/python3.7/site-packages/airflow/example_dags/example_latest_only_with_trigger.py
[2024-01-04T23:34:38.509+0000] {logging_mixin.py:137} INFO - [2024-01-04T23:34:38.509+0000] {dag.py:2690} INFO - Sync 1 DAGs
[2024-01-04T23:34:38.525+0000] {logging_mixin.py:137} INFO - [2024-01-04T23:34:38.525+0000] {dag.py:3441} INFO - Setting next_dagrun for latest_only_with_trigger to 2024-01-04T19:34:38.525283+00:00, run_after=2024-01-04T23:34:38.525283+00:00
[2024-01-04T23:34:38.538+0000] {processor.py:175} INFO - Processing /home/airflow/.local/lib/python3.7/site-packages/airflow/example_dags/example_latest_only_with_trigger.py took 0.066 seconds
[2024-01-04T23:35:09.376+0000] {processor.py:153} INFO - Started process (PID=3645) to work on /home/airflow/.local/lib/python3.7/site-packages/airflow/example_dags/example_latest_only_with_trigger.py
[2024-01-04T23:35:09.378+0000] {processor.py:743} INFO - Processing file /home/airflow/.local/lib/python3.7/site-packages/airflow/example_dags/example_latest_only_with_trigger.py for tasks to queue
[2024-01-04T23:35:09.380+0000] {logging_mixin.py:137} INFO - [2024-01-04T23:35:09.380+0000] {dagbag.py:538} INFO - Filling up the DagBag from /home/airflow/.local/lib/python3.7/site-packages/airflow/example_dags/example_latest_only_with_trigger.py
[2024-01-04T23:35:09.392+0000] {processor.py:753} INFO - DAG(s) dict_keys(['latest_only_with_trigger']) retrieved from /home/airflow/.local/lib/python3.7/site-packages/airflow/example_dags/example_latest_only_with_trigger.py
[2024-01-04T23:35:09.413+0000] {logging_mixin.py:137} INFO - [2024-01-04T23:35:09.413+0000] {dag.py:2690} INFO - Sync 1 DAGs
[2024-01-04T23:35:09.434+0000] {logging_mixin.py:137} INFO - [2024-01-04T23:35:09.434+0000] {dag.py:3441} INFO - Setting next_dagrun for latest_only_with_trigger to 2024-01-04T19:35:09.433990+00:00, run_after=2024-01-04T23:35:09.433990+00:00
[2024-01-04T23:35:09.447+0000] {processor.py:175} INFO - Processing /home/airflow/.local/lib/python3.7/site-packages/airflow/example_dags/example_latest_only_with_trigger.py took 0.074 seconds
[2024-01-04T23:35:39.958+0000] {processor.py:153} INFO - Started process (PID=3720) to work on /home/airflow/.local/lib/python3.7/site-packages/airflow/example_dags/example_latest_only_with_trigger.py
[2024-01-04T23:35:39.959+0000] {processor.py:743} INFO - Processing file /home/airflow/.local/lib/python3.7/site-packages/airflow/example_dags/example_latest_only_with_trigger.py for tasks to queue
[2024-01-04T23:35:39.960+0000] {logging_mixin.py:137} INFO - [2024-01-04T23:35:39.960+0000] {dagbag.py:538} INFO - Filling up the DagBag from /home/airflow/.local/lib/python3.7/site-packages/airflow/example_dags/example_latest_only_with_trigger.py
[2024-01-04T23:35:39.970+0000] {processor.py:753} INFO - DAG(s) dict_keys(['latest_only_with_trigger']) retrieved from /home/airflow/.local/lib/python3.7/site-packages/airflow/example_dags/example_latest_only_with_trigger.py
[2024-01-04T23:35:39.991+0000] {logging_mixin.py:137} INFO - [2024-01-04T23:35:39.991+0000] {dag.py:2690} INFO - Sync 1 DAGs
[2024-01-04T23:35:40.007+0000] {logging_mixin.py:137} INFO - [2024-01-04T23:35:40.006+0000] {dag.py:3441} INFO - Setting next_dagrun for latest_only_with_trigger to 2024-01-04T19:35:40.006726+00:00, run_after=2024-01-04T23:35:40.006726+00:00
[2024-01-04T23:35:40.019+0000] {processor.py:175} INFO - Processing /home/airflow/.local/lib/python3.7/site-packages/airflow/example_dags/example_latest_only_with_trigger.py took 0.064 seconds
[2024-01-04T23:36:11.046+0000] {processor.py:153} INFO - Started process (PID=3791) to work on /home/airflow/.local/lib/python3.7/site-packages/airflow/example_dags/example_latest_only_with_trigger.py
[2024-01-04T23:36:11.048+0000] {processor.py:743} INFO - Processing file /home/airflow/.local/lib/python3.7/site-packages/airflow/example_dags/example_latest_only_with_trigger.py for tasks to queue
[2024-01-04T23:36:11.049+0000] {logging_mixin.py:137} INFO - [2024-01-04T23:36:11.049+0000] {dagbag.py:538} INFO - Filling up the DagBag from /home/airflow/.local/lib/python3.7/site-packages/airflow/example_dags/example_latest_only_with_trigger.py
[2024-01-04T23:36:11.064+0000] {processor.py:753} INFO - DAG(s) dict_keys(['latest_only_with_trigger']) retrieved from /home/airflow/.local/lib/python3.7/site-packages/airflow/example_dags/example_latest_only_with_trigger.py
[2024-01-04T23:36:11.107+0000] {logging_mixin.py:137} INFO - [2024-01-04T23:36:11.107+0000] {dag.py:2690} INFO - Sync 1 DAGs
[2024-01-04T23:36:11.129+0000] {logging_mixin.py:137} INFO - [2024-01-04T23:36:11.129+0000] {dag.py:3441} INFO - Setting next_dagrun for latest_only_with_trigger to 2024-01-04T19:36:11.129210+00:00, run_after=2024-01-04T23:36:11.129210+00:00
[2024-01-04T23:36:11.164+0000] {processor.py:175} INFO - Processing /home/airflow/.local/lib/python3.7/site-packages/airflow/example_dags/example_latest_only_with_trigger.py took 0.122 seconds
[2024-01-04T23:36:42.234+0000] {processor.py:153} INFO - Started process (PID=3857) to work on /home/airflow/.local/lib/python3.7/site-packages/airflow/example_dags/example_latest_only_with_trigger.py
[2024-01-04T23:36:42.236+0000] {processor.py:743} INFO - Processing file /home/airflow/.local/lib/python3.7/site-packages/airflow/example_dags/example_latest_only_with_trigger.py for tasks to queue
[2024-01-04T23:36:42.237+0000] {logging_mixin.py:137} INFO - [2024-01-04T23:36:42.237+0000] {dagbag.py:538} INFO - Filling up the DagBag from /home/airflow/.local/lib/python3.7/site-packages/airflow/example_dags/example_latest_only_with_trigger.py
[2024-01-04T23:36:42.279+0000] {processor.py:753} INFO - DAG(s) dict_keys(['latest_only_with_trigger']) retrieved from /home/airflow/.local/lib/python3.7/site-packages/airflow/example_dags/example_latest_only_with_trigger.py
[2024-01-04T23:36:42.378+0000] {logging_mixin.py:137} INFO - [2024-01-04T23:36:42.378+0000] {dag.py:2690} INFO - Sync 1 DAGs
[2024-01-04T23:36:42.445+0000] {logging_mixin.py:137} INFO - [2024-01-04T23:36:42.444+0000] {dag.py:3441} INFO - Setting next_dagrun for latest_only_with_trigger to 2024-01-04T19:36:42.444153+00:00, run_after=2024-01-04T23:36:42.444153+00:00
[2024-01-04T23:36:42.501+0000] {processor.py:175} INFO - Processing /home/airflow/.local/lib/python3.7/site-packages/airflow/example_dags/example_latest_only_with_trigger.py took 0.271 seconds
[2024-01-04T23:37:13.404+0000] {processor.py:153} INFO - Started process (PID=3932) to work on /home/airflow/.local/lib/python3.7/site-packages/airflow/example_dags/example_latest_only_with_trigger.py
[2024-01-04T23:37:13.406+0000] {processor.py:743} INFO - Processing file /home/airflow/.local/lib/python3.7/site-packages/airflow/example_dags/example_latest_only_with_trigger.py for tasks to queue
[2024-01-04T23:37:13.407+0000] {logging_mixin.py:137} INFO - [2024-01-04T23:37:13.407+0000] {dagbag.py:538} INFO - Filling up the DagBag from /home/airflow/.local/lib/python3.7/site-packages/airflow/example_dags/example_latest_only_with_trigger.py
[2024-01-04T23:37:13.424+0000] {processor.py:753} INFO - DAG(s) dict_keys(['latest_only_with_trigger']) retrieved from /home/airflow/.local/lib/python3.7/site-packages/airflow/example_dags/example_latest_only_with_trigger.py
[2024-01-04T23:37:13.447+0000] {logging_mixin.py:137} INFO - [2024-01-04T23:37:13.447+0000] {dag.py:2690} INFO - Sync 1 DAGs
[2024-01-04T23:37:13.464+0000] {logging_mixin.py:137} INFO - [2024-01-04T23:37:13.463+0000] {dag.py:3441} INFO - Setting next_dagrun for latest_only_with_trigger to 2024-01-04T19:37:13.463805+00:00, run_after=2024-01-04T23:37:13.463805+00:00
[2024-01-04T23:37:13.475+0000] {processor.py:175} INFO - Processing /home/airflow/.local/lib/python3.7/site-packages/airflow/example_dags/example_latest_only_with_trigger.py took 0.076 seconds
[2024-01-04T23:37:43.946+0000] {processor.py:153} INFO - Started process (PID=3994) to work on /home/airflow/.local/lib/python3.7/site-packages/airflow/example_dags/example_latest_only_with_trigger.py
[2024-01-04T23:37:43.948+0000] {processor.py:743} INFO - Processing file /home/airflow/.local/lib/python3.7/site-packages/airflow/example_dags/example_latest_only_with_trigger.py for tasks to queue
[2024-01-04T23:37:43.949+0000] {logging_mixin.py:137} INFO - [2024-01-04T23:37:43.949+0000] {dagbag.py:538} INFO - Filling up the DagBag from /home/airflow/.local/lib/python3.7/site-packages/airflow/example_dags/example_latest_only_with_trigger.py
[2024-01-04T23:37:43.962+0000] {processor.py:753} INFO - DAG(s) dict_keys(['latest_only_with_trigger']) retrieved from /home/airflow/.local/lib/python3.7/site-packages/airflow/example_dags/example_latest_only_with_trigger.py
[2024-01-04T23:37:43.984+0000] {logging_mixin.py:137} INFO - [2024-01-04T23:37:43.984+0000] {dag.py:2690} INFO - Sync 1 DAGs
[2024-01-04T23:37:44.000+0000] {logging_mixin.py:137} INFO - [2024-01-04T23:37:44.000+0000] {dag.py:3441} INFO - Setting next_dagrun for latest_only_with_trigger to 2024-01-04T19:37:44.000494+00:00, run_after=2024-01-04T23:37:44.000494+00:00
[2024-01-04T23:37:44.013+0000] {processor.py:175} INFO - Processing /home/airflow/.local/lib/python3.7/site-packages/airflow/example_dags/example_latest_only_with_trigger.py took 0.071 seconds
[2024-01-04T23:38:14.648+0000] {processor.py:153} INFO - Started process (PID=4069) to work on /home/airflow/.local/lib/python3.7/site-packages/airflow/example_dags/example_latest_only_with_trigger.py
[2024-01-04T23:38:14.650+0000] {processor.py:743} INFO - Processing file /home/airflow/.local/lib/python3.7/site-packages/airflow/example_dags/example_latest_only_with_trigger.py for tasks to queue
[2024-01-04T23:38:14.651+0000] {logging_mixin.py:137} INFO - [2024-01-04T23:38:14.651+0000] {dagbag.py:538} INFO - Filling up the DagBag from /home/airflow/.local/lib/python3.7/site-packages/airflow/example_dags/example_latest_only_with_trigger.py
[2024-01-04T23:38:14.677+0000] {processor.py:753} INFO - DAG(s) dict_keys(['latest_only_with_trigger']) retrieved from /home/airflow/.local/lib/python3.7/site-packages/airflow/example_dags/example_latest_only_with_trigger.py
[2024-01-04T23:38:14.711+0000] {logging_mixin.py:137} INFO - [2024-01-04T23:38:14.711+0000] {dag.py:2690} INFO - Sync 1 DAGs
[2024-01-04T23:38:14.773+0000] {logging_mixin.py:137} INFO - [2024-01-04T23:38:14.773+0000] {dag.py:3441} INFO - Setting next_dagrun for latest_only_with_trigger to 2024-01-04T19:38:14.772589+00:00, run_after=2024-01-04T23:38:14.772589+00:00
[2024-01-04T23:38:14.796+0000] {processor.py:175} INFO - Processing /home/airflow/.local/lib/python3.7/site-packages/airflow/example_dags/example_latest_only_with_trigger.py took 0.153 seconds
[2024-01-04T23:38:45.285+0000] {processor.py:153} INFO - Started process (PID=4141) to work on /home/airflow/.local/lib/python3.7/site-packages/airflow/example_dags/example_latest_only_with_trigger.py
[2024-01-04T23:38:45.289+0000] {processor.py:743} INFO - Processing file /home/airflow/.local/lib/python3.7/site-packages/airflow/example_dags/example_latest_only_with_trigger.py for tasks to queue
[2024-01-04T23:38:45.292+0000] {logging_mixin.py:137} INFO - [2024-01-04T23:38:45.291+0000] {dagbag.py:538} INFO - Filling up the DagBag from /home/airflow/.local/lib/python3.7/site-packages/airflow/example_dags/example_latest_only_with_trigger.py
[2024-01-04T23:38:45.322+0000] {processor.py:753} INFO - DAG(s) dict_keys(['latest_only_with_trigger']) retrieved from /home/airflow/.local/lib/python3.7/site-packages/airflow/example_dags/example_latest_only_with_trigger.py
[2024-01-04T23:38:45.379+0000] {logging_mixin.py:137} INFO - [2024-01-04T23:38:45.379+0000] {dag.py:2690} INFO - Sync 1 DAGs
[2024-01-04T23:38:45.404+0000] {logging_mixin.py:137} INFO - [2024-01-04T23:38:45.404+0000] {dag.py:3441} INFO - Setting next_dagrun for latest_only_with_trigger to 2024-01-04T19:38:45.404088+00:00, run_after=2024-01-04T23:38:45.404088+00:00
[2024-01-04T23:38:45.420+0000] {processor.py:175} INFO - Processing /home/airflow/.local/lib/python3.7/site-packages/airflow/example_dags/example_latest_only_with_trigger.py took 0.145 seconds
[2024-01-04T23:39:16.284+0000] {processor.py:153} INFO - Started process (PID=4207) to work on /home/airflow/.local/lib/python3.7/site-packages/airflow/example_dags/example_latest_only_with_trigger.py
[2024-01-04T23:39:16.287+0000] {processor.py:743} INFO - Processing file /home/airflow/.local/lib/python3.7/site-packages/airflow/example_dags/example_latest_only_with_trigger.py for tasks to queue
[2024-01-04T23:39:16.288+0000] {logging_mixin.py:137} INFO - [2024-01-04T23:39:16.288+0000] {dagbag.py:538} INFO - Filling up the DagBag from /home/airflow/.local/lib/python3.7/site-packages/airflow/example_dags/example_latest_only_with_trigger.py
[2024-01-04T23:39:16.306+0000] {processor.py:753} INFO - DAG(s) dict_keys(['latest_only_with_trigger']) retrieved from /home/airflow/.local/lib/python3.7/site-packages/airflow/example_dags/example_latest_only_with_trigger.py
[2024-01-04T23:39:16.330+0000] {logging_mixin.py:137} INFO - [2024-01-04T23:39:16.330+0000] {dag.py:2690} INFO - Sync 1 DAGs
[2024-01-04T23:39:16.347+0000] {logging_mixin.py:137} INFO - [2024-01-04T23:39:16.347+0000] {dag.py:3441} INFO - Setting next_dagrun for latest_only_with_trigger to 2024-01-04T19:39:16.346934+00:00, run_after=2024-01-04T23:39:16.346934+00:00
[2024-01-04T23:39:16.358+0000] {processor.py:175} INFO - Processing /home/airflow/.local/lib/python3.7/site-packages/airflow/example_dags/example_latest_only_with_trigger.py took 0.079 seconds
[2024-01-04T23:56:22.534+0000] {processor.py:153} INFO - Started process (PID=4258) to work on /home/airflow/.local/lib/python3.7/site-packages/airflow/example_dags/example_latest_only_with_trigger.py
[2024-01-04T23:56:22.535+0000] {processor.py:743} INFO - Processing file /home/airflow/.local/lib/python3.7/site-packages/airflow/example_dags/example_latest_only_with_trigger.py for tasks to queue
[2024-01-04T23:56:22.536+0000] {logging_mixin.py:137} INFO - [2024-01-04T23:56:22.536+0000] {dagbag.py:538} INFO - Filling up the DagBag from /home/airflow/.local/lib/python3.7/site-packages/airflow/example_dags/example_latest_only_with_trigger.py
[2024-01-04T23:56:22.547+0000] {processor.py:753} INFO - DAG(s) dict_keys(['latest_only_with_trigger']) retrieved from /home/airflow/.local/lib/python3.7/site-packages/airflow/example_dags/example_latest_only_with_trigger.py
[2024-01-04T23:56:22.575+0000] {logging_mixin.py:137} INFO - [2024-01-04T23:56:22.575+0000] {dag.py:2690} INFO - Sync 1 DAGs
[2024-01-04T23:56:22.597+0000] {logging_mixin.py:137} INFO - [2024-01-04T23:56:22.597+0000] {dag.py:3441} INFO - Setting next_dagrun for latest_only_with_trigger to 2024-01-04T19:56:22.597533+00:00, run_after=2024-01-04T23:56:22.597533+00:00
[2024-01-04T23:56:22.625+0000] {processor.py:175} INFO - Processing /home/airflow/.local/lib/python3.7/site-packages/airflow/example_dags/example_latest_only_with_trigger.py took 0.094 seconds
