[2024-01-04T23:09:12.432+0000] {processor.py:153} INFO - Started process (PID=93) to work on /home/airflow/.local/lib/python3.7/site-packages/airflow/example_dags/example_short_circuit_decorator.py
[2024-01-04T23:09:12.435+0000] {processor.py:743} INFO - Processing file /home/airflow/.local/lib/python3.7/site-packages/airflow/example_dags/example_short_circuit_decorator.py for tasks to queue
[2024-01-04T23:09:12.437+0000] {logging_mixin.py:137} INFO - [2024-01-04T23:09:12.437+0000] {dagbag.py:538} INFO - Filling up the DagBag from /home/airflow/.local/lib/python3.7/site-packages/airflow/example_dags/example_short_circuit_decorator.py
[2024-01-04T23:09:12.503+0000] {processor.py:753} INFO - DAG(s) dict_keys(['example_short_circuit_decorator']) retrieved from /home/airflow/.local/lib/python3.7/site-packages/airflow/example_dags/example_short_circuit_decorator.py
[2024-01-04T23:09:12.700+0000] {logging_mixin.py:137} INFO - [2024-01-04T23:09:12.700+0000] {manager.py:504} INFO - Created Permission View: can delete on DAG:example_short_circuit_decorator
[2024-01-04T23:09:12.711+0000] {logging_mixin.py:137} INFO - [2024-01-04T23:09:12.711+0000] {manager.py:504} INFO - Created Permission View: can edit on DAG:example_short_circuit_decorator
[2024-01-04T23:09:12.717+0000] {logging_mixin.py:137} INFO - [2024-01-04T23:09:12.717+0000] {manager.py:504} INFO - Created Permission View: can read on DAG:example_short_circuit_decorator
[2024-01-04T23:09:12.718+0000] {logging_mixin.py:137} INFO - [2024-01-04T23:09:12.718+0000] {dag.py:2690} INFO - Sync 1 DAGs
[2024-01-04T23:09:12.730+0000] {logging_mixin.py:137} INFO - [2024-01-04T23:09:12.730+0000] {dag.py:2711} INFO - Creating ORM DAG for example_short_circuit_decorator
[2024-01-04T23:09:12.743+0000] {logging_mixin.py:137} INFO - [2024-01-04T23:09:12.743+0000] {dag.py:3441} INFO - Setting next_dagrun for example_short_circuit_decorator to 2024-01-03T23:09:12.743127+00:00, run_after=2024-01-04T23:09:12.743127+00:00
[2024-01-04T23:09:12.778+0000] {processor.py:175} INFO - Processing /home/airflow/.local/lib/python3.7/site-packages/airflow/example_dags/example_short_circuit_decorator.py took 0.352 seconds
[2024-01-04T23:09:43.343+0000] {processor.py:153} INFO - Started process (PID=156) to work on /home/airflow/.local/lib/python3.7/site-packages/airflow/example_dags/example_short_circuit_decorator.py
[2024-01-04T23:09:43.344+0000] {processor.py:743} INFO - Processing file /home/airflow/.local/lib/python3.7/site-packages/airflow/example_dags/example_short_circuit_decorator.py for tasks to queue
[2024-01-04T23:09:43.345+0000] {logging_mixin.py:137} INFO - [2024-01-04T23:09:43.345+0000] {dagbag.py:538} INFO - Filling up the DagBag from /home/airflow/.local/lib/python3.7/site-packages/airflow/example_dags/example_short_circuit_decorator.py
[2024-01-04T23:09:43.361+0000] {processor.py:753} INFO - DAG(s) dict_keys(['example_short_circuit_decorator']) retrieved from /home/airflow/.local/lib/python3.7/site-packages/airflow/example_dags/example_short_circuit_decorator.py
[2024-01-04T23:09:43.381+0000] {logging_mixin.py:137} INFO - [2024-01-04T23:09:43.381+0000] {dag.py:2690} INFO - Sync 1 DAGs
[2024-01-04T23:09:43.397+0000] {logging_mixin.py:137} INFO - [2024-01-04T23:09:43.397+0000] {dag.py:3441} INFO - Setting next_dagrun for example_short_circuit_decorator to 2024-01-03T23:09:43.397223+00:00, run_after=2024-01-04T23:09:43.397223+00:00
[2024-01-04T23:09:43.409+0000] {processor.py:175} INFO - Processing /home/airflow/.local/lib/python3.7/site-packages/airflow/example_dags/example_short_circuit_decorator.py took 0.069 seconds
[2024-01-04T23:10:13.777+0000] {processor.py:153} INFO - Started process (PID=231) to work on /home/airflow/.local/lib/python3.7/site-packages/airflow/example_dags/example_short_circuit_decorator.py
[2024-01-04T23:10:13.778+0000] {processor.py:743} INFO - Processing file /home/airflow/.local/lib/python3.7/site-packages/airflow/example_dags/example_short_circuit_decorator.py for tasks to queue
[2024-01-04T23:10:13.779+0000] {logging_mixin.py:137} INFO - [2024-01-04T23:10:13.779+0000] {dagbag.py:538} INFO - Filling up the DagBag from /home/airflow/.local/lib/python3.7/site-packages/airflow/example_dags/example_short_circuit_decorator.py
[2024-01-04T23:10:13.797+0000] {processor.py:753} INFO - DAG(s) dict_keys(['example_short_circuit_decorator']) retrieved from /home/airflow/.local/lib/python3.7/site-packages/airflow/example_dags/example_short_circuit_decorator.py
[2024-01-04T23:10:13.817+0000] {logging_mixin.py:137} INFO - [2024-01-04T23:10:13.817+0000] {dag.py:2690} INFO - Sync 1 DAGs
[2024-01-04T23:10:13.834+0000] {logging_mixin.py:137} INFO - [2024-01-04T23:10:13.834+0000] {dag.py:3441} INFO - Setting next_dagrun for example_short_circuit_decorator to 2024-01-03T23:10:13.834230+00:00, run_after=2024-01-04T23:10:13.834230+00:00
[2024-01-04T23:10:13.847+0000] {processor.py:175} INFO - Processing /home/airflow/.local/lib/python3.7/site-packages/airflow/example_dags/example_short_circuit_decorator.py took 0.073 seconds
[2024-01-04T23:10:44.032+0000] {processor.py:153} INFO - Started process (PID=293) to work on /home/airflow/.local/lib/python3.7/site-packages/airflow/example_dags/example_short_circuit_decorator.py
[2024-01-04T23:10:44.034+0000] {processor.py:743} INFO - Processing file /home/airflow/.local/lib/python3.7/site-packages/airflow/example_dags/example_short_circuit_decorator.py for tasks to queue
[2024-01-04T23:10:44.034+0000] {logging_mixin.py:137} INFO - [2024-01-04T23:10:44.034+0000] {dagbag.py:538} INFO - Filling up the DagBag from /home/airflow/.local/lib/python3.7/site-packages/airflow/example_dags/example_short_circuit_decorator.py
[2024-01-04T23:10:44.053+0000] {processor.py:753} INFO - DAG(s) dict_keys(['example_short_circuit_decorator']) retrieved from /home/airflow/.local/lib/python3.7/site-packages/airflow/example_dags/example_short_circuit_decorator.py
[2024-01-04T23:10:44.076+0000] {logging_mixin.py:137} INFO - [2024-01-04T23:10:44.076+0000] {dag.py:2690} INFO - Sync 1 DAGs
[2024-01-04T23:10:44.098+0000] {logging_mixin.py:137} INFO - [2024-01-04T23:10:44.098+0000] {dag.py:3441} INFO - Setting next_dagrun for example_short_circuit_decorator to 2024-01-03T23:10:44.097848+00:00, run_after=2024-01-04T23:10:44.097848+00:00
[2024-01-04T23:10:44.111+0000] {processor.py:175} INFO - Processing /home/airflow/.local/lib/python3.7/site-packages/airflow/example_dags/example_short_circuit_decorator.py took 0.082 seconds
[2024-01-04T23:11:14.277+0000] {processor.py:153} INFO - Started process (PID=369) to work on /home/airflow/.local/lib/python3.7/site-packages/airflow/example_dags/example_short_circuit_decorator.py
[2024-01-04T23:11:14.278+0000] {processor.py:743} INFO - Processing file /home/airflow/.local/lib/python3.7/site-packages/airflow/example_dags/example_short_circuit_decorator.py for tasks to queue
[2024-01-04T23:11:14.279+0000] {logging_mixin.py:137} INFO - [2024-01-04T23:11:14.279+0000] {dagbag.py:538} INFO - Filling up the DagBag from /home/airflow/.local/lib/python3.7/site-packages/airflow/example_dags/example_short_circuit_decorator.py
[2024-01-04T23:11:14.303+0000] {processor.py:753} INFO - DAG(s) dict_keys(['example_short_circuit_decorator']) retrieved from /home/airflow/.local/lib/python3.7/site-packages/airflow/example_dags/example_short_circuit_decorator.py
[2024-01-04T23:11:14.323+0000] {logging_mixin.py:137} INFO - [2024-01-04T23:11:14.323+0000] {dag.py:2690} INFO - Sync 1 DAGs
[2024-01-04T23:11:14.338+0000] {logging_mixin.py:137} INFO - [2024-01-04T23:11:14.338+0000] {dag.py:3441} INFO - Setting next_dagrun for example_short_circuit_decorator to 2024-01-03T23:11:14.338019+00:00, run_after=2024-01-04T23:11:14.338019+00:00
[2024-01-04T23:11:14.349+0000] {processor.py:175} INFO - Processing /home/airflow/.local/lib/python3.7/site-packages/airflow/example_dags/example_short_circuit_decorator.py took 0.075 seconds
[2024-01-04T23:11:45.142+0000] {processor.py:153} INFO - Started process (PID=444) to work on /home/airflow/.local/lib/python3.7/site-packages/airflow/example_dags/example_short_circuit_decorator.py
[2024-01-04T23:11:45.146+0000] {processor.py:743} INFO - Processing file /home/airflow/.local/lib/python3.7/site-packages/airflow/example_dags/example_short_circuit_decorator.py for tasks to queue
[2024-01-04T23:11:45.148+0000] {logging_mixin.py:137} INFO - [2024-01-04T23:11:45.148+0000] {dagbag.py:538} INFO - Filling up the DagBag from /home/airflow/.local/lib/python3.7/site-packages/airflow/example_dags/example_short_circuit_decorator.py
[2024-01-04T23:11:45.179+0000] {processor.py:753} INFO - DAG(s) dict_keys(['example_short_circuit_decorator']) retrieved from /home/airflow/.local/lib/python3.7/site-packages/airflow/example_dags/example_short_circuit_decorator.py
[2024-01-04T23:11:45.208+0000] {logging_mixin.py:137} INFO - [2024-01-04T23:11:45.207+0000] {dag.py:2690} INFO - Sync 1 DAGs
[2024-01-04T23:11:45.227+0000] {logging_mixin.py:137} INFO - [2024-01-04T23:11:45.227+0000] {dag.py:3441} INFO - Setting next_dagrun for example_short_circuit_decorator to 2024-01-03T23:11:45.227198+00:00, run_after=2024-01-04T23:11:45.227198+00:00
[2024-01-04T23:11:45.242+0000] {processor.py:175} INFO - Processing /home/airflow/.local/lib/python3.7/site-packages/airflow/example_dags/example_short_circuit_decorator.py took 0.109 seconds
[2024-01-04T23:12:15.626+0000] {processor.py:153} INFO - Started process (PID=507) to work on /home/airflow/.local/lib/python3.7/site-packages/airflow/example_dags/example_short_circuit_decorator.py
[2024-01-04T23:12:15.628+0000] {processor.py:743} INFO - Processing file /home/airflow/.local/lib/python3.7/site-packages/airflow/example_dags/example_short_circuit_decorator.py for tasks to queue
[2024-01-04T23:12:15.629+0000] {logging_mixin.py:137} INFO - [2024-01-04T23:12:15.629+0000] {dagbag.py:538} INFO - Filling up the DagBag from /home/airflow/.local/lib/python3.7/site-packages/airflow/example_dags/example_short_circuit_decorator.py
[2024-01-04T23:12:15.647+0000] {processor.py:753} INFO - DAG(s) dict_keys(['example_short_circuit_decorator']) retrieved from /home/airflow/.local/lib/python3.7/site-packages/airflow/example_dags/example_short_circuit_decorator.py
[2024-01-04T23:12:15.668+0000] {logging_mixin.py:137} INFO - [2024-01-04T23:12:15.668+0000] {dag.py:2690} INFO - Sync 1 DAGs
[2024-01-04T23:12:15.686+0000] {logging_mixin.py:137} INFO - [2024-01-04T23:12:15.686+0000] {dag.py:3441} INFO - Setting next_dagrun for example_short_circuit_decorator to 2024-01-03T23:12:15.686318+00:00, run_after=2024-01-04T23:12:15.686318+00:00
[2024-01-04T23:12:15.704+0000] {processor.py:175} INFO - Processing /home/airflow/.local/lib/python3.7/site-packages/airflow/example_dags/example_short_circuit_decorator.py took 0.080 seconds
[2024-01-04T23:12:45.905+0000] {processor.py:153} INFO - Started process (PID=583) to work on /home/airflow/.local/lib/python3.7/site-packages/airflow/example_dags/example_short_circuit_decorator.py
[2024-01-04T23:12:45.906+0000] {processor.py:743} INFO - Processing file /home/airflow/.local/lib/python3.7/site-packages/airflow/example_dags/example_short_circuit_decorator.py for tasks to queue
[2024-01-04T23:12:45.907+0000] {logging_mixin.py:137} INFO - [2024-01-04T23:12:45.906+0000] {dagbag.py:538} INFO - Filling up the DagBag from /home/airflow/.local/lib/python3.7/site-packages/airflow/example_dags/example_short_circuit_decorator.py
[2024-01-04T23:12:45.924+0000] {processor.py:753} INFO - DAG(s) dict_keys(['example_short_circuit_decorator']) retrieved from /home/airflow/.local/lib/python3.7/site-packages/airflow/example_dags/example_short_circuit_decorator.py
[2024-01-04T23:12:45.944+0000] {logging_mixin.py:137} INFO - [2024-01-04T23:12:45.944+0000] {dag.py:2690} INFO - Sync 1 DAGs
[2024-01-04T23:12:45.960+0000] {logging_mixin.py:137} INFO - [2024-01-04T23:12:45.959+0000] {dag.py:3441} INFO - Setting next_dagrun for example_short_circuit_decorator to 2024-01-03T23:12:45.959773+00:00, run_after=2024-01-04T23:12:45.959773+00:00
[2024-01-04T23:12:45.971+0000] {processor.py:175} INFO - Processing /home/airflow/.local/lib/python3.7/site-packages/airflow/example_dags/example_short_circuit_decorator.py took 0.070 seconds
[2024-01-04T23:13:16.217+0000] {processor.py:153} INFO - Started process (PID=653) to work on /home/airflow/.local/lib/python3.7/site-packages/airflow/example_dags/example_short_circuit_decorator.py
[2024-01-04T23:13:16.219+0000] {processor.py:743} INFO - Processing file /home/airflow/.local/lib/python3.7/site-packages/airflow/example_dags/example_short_circuit_decorator.py for tasks to queue
[2024-01-04T23:13:16.221+0000] {logging_mixin.py:137} INFO - [2024-01-04T23:13:16.221+0000] {dagbag.py:538} INFO - Filling up the DagBag from /home/airflow/.local/lib/python3.7/site-packages/airflow/example_dags/example_short_circuit_decorator.py
[2024-01-04T23:13:16.241+0000] {processor.py:753} INFO - DAG(s) dict_keys(['example_short_circuit_decorator']) retrieved from /home/airflow/.local/lib/python3.7/site-packages/airflow/example_dags/example_short_circuit_decorator.py
[2024-01-04T23:13:16.285+0000] {logging_mixin.py:137} INFO - [2024-01-04T23:13:16.285+0000] {dag.py:2690} INFO - Sync 1 DAGs
[2024-01-04T23:13:16.315+0000] {logging_mixin.py:137} INFO - [2024-01-04T23:13:16.315+0000] {dag.py:3441} INFO - Setting next_dagrun for example_short_circuit_decorator to 2024-01-03T23:13:16.314763+00:00, run_after=2024-01-04T23:13:16.314763+00:00
[2024-01-04T23:13:16.349+0000] {processor.py:175} INFO - Processing /home/airflow/.local/lib/python3.7/site-packages/airflow/example_dags/example_short_circuit_decorator.py took 0.136 seconds
[2024-01-04T23:13:46.807+0000] {processor.py:153} INFO - Started process (PID=722) to work on /home/airflow/.local/lib/python3.7/site-packages/airflow/example_dags/example_short_circuit_decorator.py
[2024-01-04T23:13:46.811+0000] {processor.py:743} INFO - Processing file /home/airflow/.local/lib/python3.7/site-packages/airflow/example_dags/example_short_circuit_decorator.py for tasks to queue
[2024-01-04T23:13:46.812+0000] {logging_mixin.py:137} INFO - [2024-01-04T23:13:46.812+0000] {dagbag.py:538} INFO - Filling up the DagBag from /home/airflow/.local/lib/python3.7/site-packages/airflow/example_dags/example_short_circuit_decorator.py
[2024-01-04T23:13:46.831+0000] {processor.py:753} INFO - DAG(s) dict_keys(['example_short_circuit_decorator']) retrieved from /home/airflow/.local/lib/python3.7/site-packages/airflow/example_dags/example_short_circuit_decorator.py
[2024-01-04T23:13:46.869+0000] {logging_mixin.py:137} INFO - [2024-01-04T23:13:46.869+0000] {dag.py:2690} INFO - Sync 1 DAGs
[2024-01-04T23:13:46.894+0000] {logging_mixin.py:137} INFO - [2024-01-04T23:13:46.894+0000] {dag.py:3441} INFO - Setting next_dagrun for example_short_circuit_decorator to 2024-01-03T23:13:46.894218+00:00, run_after=2024-01-04T23:13:46.894218+00:00
[2024-01-04T23:13:46.909+0000] {processor.py:175} INFO - Processing /home/airflow/.local/lib/python3.7/site-packages/airflow/example_dags/example_short_circuit_decorator.py took 0.105 seconds
[2024-01-04T23:14:17.367+0000] {processor.py:153} INFO - Started process (PID=797) to work on /home/airflow/.local/lib/python3.7/site-packages/airflow/example_dags/example_short_circuit_decorator.py
[2024-01-04T23:14:17.368+0000] {processor.py:743} INFO - Processing file /home/airflow/.local/lib/python3.7/site-packages/airflow/example_dags/example_short_circuit_decorator.py for tasks to queue
[2024-01-04T23:14:17.369+0000] {logging_mixin.py:137} INFO - [2024-01-04T23:14:17.369+0000] {dagbag.py:538} INFO - Filling up the DagBag from /home/airflow/.local/lib/python3.7/site-packages/airflow/example_dags/example_short_circuit_decorator.py
[2024-01-04T23:14:17.386+0000] {processor.py:753} INFO - DAG(s) dict_keys(['example_short_circuit_decorator']) retrieved from /home/airflow/.local/lib/python3.7/site-packages/airflow/example_dags/example_short_circuit_decorator.py
[2024-01-04T23:14:17.409+0000] {logging_mixin.py:137} INFO - [2024-01-04T23:14:17.409+0000] {dag.py:2690} INFO - Sync 1 DAGs
[2024-01-04T23:14:17.425+0000] {logging_mixin.py:137} INFO - [2024-01-04T23:14:17.425+0000] {dag.py:3441} INFO - Setting next_dagrun for example_short_circuit_decorator to 2024-01-03T23:14:17.425646+00:00, run_after=2024-01-04T23:14:17.425646+00:00
[2024-01-04T23:14:17.438+0000] {processor.py:175} INFO - Processing /home/airflow/.local/lib/python3.7/site-packages/airflow/example_dags/example_short_circuit_decorator.py took 0.073 seconds
[2024-01-04T23:14:47.926+0000] {processor.py:153} INFO - Started process (PID=862) to work on /home/airflow/.local/lib/python3.7/site-packages/airflow/example_dags/example_short_circuit_decorator.py
[2024-01-04T23:14:47.927+0000] {processor.py:743} INFO - Processing file /home/airflow/.local/lib/python3.7/site-packages/airflow/example_dags/example_short_circuit_decorator.py for tasks to queue
[2024-01-04T23:14:47.927+0000] {logging_mixin.py:137} INFO - [2024-01-04T23:14:47.927+0000] {dagbag.py:538} INFO - Filling up the DagBag from /home/airflow/.local/lib/python3.7/site-packages/airflow/example_dags/example_short_circuit_decorator.py
[2024-01-04T23:14:47.945+0000] {processor.py:753} INFO - DAG(s) dict_keys(['example_short_circuit_decorator']) retrieved from /home/airflow/.local/lib/python3.7/site-packages/airflow/example_dags/example_short_circuit_decorator.py
[2024-01-04T23:14:47.963+0000] {logging_mixin.py:137} INFO - [2024-01-04T23:14:47.962+0000] {dag.py:2690} INFO - Sync 1 DAGs
[2024-01-04T23:14:47.978+0000] {logging_mixin.py:137} INFO - [2024-01-04T23:14:47.977+0000] {dag.py:3441} INFO - Setting next_dagrun for example_short_circuit_decorator to 2024-01-03T23:14:47.977718+00:00, run_after=2024-01-04T23:14:47.977718+00:00
[2024-01-04T23:14:47.988+0000] {processor.py:175} INFO - Processing /home/airflow/.local/lib/python3.7/site-packages/airflow/example_dags/example_short_circuit_decorator.py took 0.065 seconds
[2024-01-04T23:15:18.498+0000] {processor.py:153} INFO - Started process (PID=935) to work on /home/airflow/.local/lib/python3.7/site-packages/airflow/example_dags/example_short_circuit_decorator.py
[2024-01-04T23:15:18.499+0000] {processor.py:743} INFO - Processing file /home/airflow/.local/lib/python3.7/site-packages/airflow/example_dags/example_short_circuit_decorator.py for tasks to queue
[2024-01-04T23:15:18.500+0000] {logging_mixin.py:137} INFO - [2024-01-04T23:15:18.500+0000] {dagbag.py:538} INFO - Filling up the DagBag from /home/airflow/.local/lib/python3.7/site-packages/airflow/example_dags/example_short_circuit_decorator.py
[2024-01-04T23:15:18.514+0000] {processor.py:753} INFO - DAG(s) dict_keys(['example_short_circuit_decorator']) retrieved from /home/airflow/.local/lib/python3.7/site-packages/airflow/example_dags/example_short_circuit_decorator.py
[2024-01-04T23:15:18.533+0000] {logging_mixin.py:137} INFO - [2024-01-04T23:15:18.532+0000] {dag.py:2690} INFO - Sync 1 DAGs
[2024-01-04T23:15:18.549+0000] {logging_mixin.py:137} INFO - [2024-01-04T23:15:18.549+0000] {dag.py:3441} INFO - Setting next_dagrun for example_short_circuit_decorator to 2024-01-03T23:15:18.548829+00:00, run_after=2024-01-04T23:15:18.548829+00:00
[2024-01-04T23:15:18.559+0000] {processor.py:175} INFO - Processing /home/airflow/.local/lib/python3.7/site-packages/airflow/example_dags/example_short_circuit_decorator.py took 0.064 seconds
[2024-01-04T23:15:49.169+0000] {processor.py:153} INFO - Started process (PID=1009) to work on /home/airflow/.local/lib/python3.7/site-packages/airflow/example_dags/example_short_circuit_decorator.py
[2024-01-04T23:15:49.171+0000] {processor.py:743} INFO - Processing file /home/airflow/.local/lib/python3.7/site-packages/airflow/example_dags/example_short_circuit_decorator.py for tasks to queue
[2024-01-04T23:15:49.172+0000] {logging_mixin.py:137} INFO - [2024-01-04T23:15:49.172+0000] {dagbag.py:538} INFO - Filling up the DagBag from /home/airflow/.local/lib/python3.7/site-packages/airflow/example_dags/example_short_circuit_decorator.py
[2024-01-04T23:15:49.190+0000] {processor.py:753} INFO - DAG(s) dict_keys(['example_short_circuit_decorator']) retrieved from /home/airflow/.local/lib/python3.7/site-packages/airflow/example_dags/example_short_circuit_decorator.py
[2024-01-04T23:15:49.223+0000] {logging_mixin.py:137} INFO - [2024-01-04T23:15:49.223+0000] {dag.py:2690} INFO - Sync 1 DAGs
[2024-01-04T23:15:49.257+0000] {logging_mixin.py:137} INFO - [2024-01-04T23:15:49.257+0000] {dag.py:3441} INFO - Setting next_dagrun for example_short_circuit_decorator to 2024-01-03T23:15:49.256856+00:00, run_after=2024-01-04T23:15:49.256856+00:00
[2024-01-04T23:15:49.274+0000] {processor.py:175} INFO - Processing /home/airflow/.local/lib/python3.7/site-packages/airflow/example_dags/example_short_circuit_decorator.py took 0.108 seconds
[2024-01-04T23:16:19.594+0000] {processor.py:153} INFO - Started process (PID=1072) to work on /home/airflow/.local/lib/python3.7/site-packages/airflow/example_dags/example_short_circuit_decorator.py
[2024-01-04T23:16:19.596+0000] {processor.py:743} INFO - Processing file /home/airflow/.local/lib/python3.7/site-packages/airflow/example_dags/example_short_circuit_decorator.py for tasks to queue
[2024-01-04T23:16:19.596+0000] {logging_mixin.py:137} INFO - [2024-01-04T23:16:19.596+0000] {dagbag.py:538} INFO - Filling up the DagBag from /home/airflow/.local/lib/python3.7/site-packages/airflow/example_dags/example_short_circuit_decorator.py
[2024-01-04T23:16:19.613+0000] {processor.py:753} INFO - DAG(s) dict_keys(['example_short_circuit_decorator']) retrieved from /home/airflow/.local/lib/python3.7/site-packages/airflow/example_dags/example_short_circuit_decorator.py
[2024-01-04T23:16:19.632+0000] {logging_mixin.py:137} INFO - [2024-01-04T23:16:19.632+0000] {dag.py:2690} INFO - Sync 1 DAGs
[2024-01-04T23:16:19.647+0000] {logging_mixin.py:137} INFO - [2024-01-04T23:16:19.647+0000] {dag.py:3441} INFO - Setting next_dagrun for example_short_circuit_decorator to 2024-01-03T23:16:19.647613+00:00, run_after=2024-01-04T23:16:19.647613+00:00
[2024-01-04T23:16:19.658+0000] {processor.py:175} INFO - Processing /home/airflow/.local/lib/python3.7/site-packages/airflow/example_dags/example_short_circuit_decorator.py took 0.067 seconds
[2024-01-04T23:16:50.137+0000] {processor.py:153} INFO - Started process (PID=1148) to work on /home/airflow/.local/lib/python3.7/site-packages/airflow/example_dags/example_short_circuit_decorator.py
[2024-01-04T23:16:50.138+0000] {processor.py:743} INFO - Processing file /home/airflow/.local/lib/python3.7/site-packages/airflow/example_dags/example_short_circuit_decorator.py for tasks to queue
[2024-01-04T23:16:50.139+0000] {logging_mixin.py:137} INFO - [2024-01-04T23:16:50.139+0000] {dagbag.py:538} INFO - Filling up the DagBag from /home/airflow/.local/lib/python3.7/site-packages/airflow/example_dags/example_short_circuit_decorator.py
[2024-01-04T23:16:50.156+0000] {processor.py:753} INFO - DAG(s) dict_keys(['example_short_circuit_decorator']) retrieved from /home/airflow/.local/lib/python3.7/site-packages/airflow/example_dags/example_short_circuit_decorator.py
[2024-01-04T23:16:50.175+0000] {logging_mixin.py:137} INFO - [2024-01-04T23:16:50.175+0000] {dag.py:2690} INFO - Sync 1 DAGs
[2024-01-04T23:16:50.191+0000] {logging_mixin.py:137} INFO - [2024-01-04T23:16:50.191+0000] {dag.py:3441} INFO - Setting next_dagrun for example_short_circuit_decorator to 2024-01-03T23:16:50.191005+00:00, run_after=2024-01-04T23:16:50.191005+00:00
[2024-01-04T23:16:50.202+0000] {processor.py:175} INFO - Processing /home/airflow/.local/lib/python3.7/site-packages/airflow/example_dags/example_short_circuit_decorator.py took 0.067 seconds
[2024-01-04T23:17:20.779+0000] {processor.py:153} INFO - Started process (PID=1209) to work on /home/airflow/.local/lib/python3.7/site-packages/airflow/example_dags/example_short_circuit_decorator.py
[2024-01-04T23:17:20.780+0000] {processor.py:743} INFO - Processing file /home/airflow/.local/lib/python3.7/site-packages/airflow/example_dags/example_short_circuit_decorator.py for tasks to queue
[2024-01-04T23:17:20.781+0000] {logging_mixin.py:137} INFO - [2024-01-04T23:17:20.781+0000] {dagbag.py:538} INFO - Filling up the DagBag from /home/airflow/.local/lib/python3.7/site-packages/airflow/example_dags/example_short_circuit_decorator.py
[2024-01-04T23:17:20.798+0000] {processor.py:753} INFO - DAG(s) dict_keys(['example_short_circuit_decorator']) retrieved from /home/airflow/.local/lib/python3.7/site-packages/airflow/example_dags/example_short_circuit_decorator.py
[2024-01-04T23:17:20.818+0000] {logging_mixin.py:137} INFO - [2024-01-04T23:17:20.818+0000] {dag.py:2690} INFO - Sync 1 DAGs
[2024-01-04T23:17:20.835+0000] {logging_mixin.py:137} INFO - [2024-01-04T23:17:20.835+0000] {dag.py:3441} INFO - Setting next_dagrun for example_short_circuit_decorator to 2024-01-03T23:17:20.835558+00:00, run_after=2024-01-04T23:17:20.835558+00:00
[2024-01-04T23:17:20.847+0000] {processor.py:175} INFO - Processing /home/airflow/.local/lib/python3.7/site-packages/airflow/example_dags/example_short_circuit_decorator.py took 0.070 seconds
[2024-01-04T23:17:51.528+0000] {processor.py:153} INFO - Started process (PID=1284) to work on /home/airflow/.local/lib/python3.7/site-packages/airflow/example_dags/example_short_circuit_decorator.py
[2024-01-04T23:17:51.529+0000] {processor.py:743} INFO - Processing file /home/airflow/.local/lib/python3.7/site-packages/airflow/example_dags/example_short_circuit_decorator.py for tasks to queue
[2024-01-04T23:17:51.530+0000] {logging_mixin.py:137} INFO - [2024-01-04T23:17:51.530+0000] {dagbag.py:538} INFO - Filling up the DagBag from /home/airflow/.local/lib/python3.7/site-packages/airflow/example_dags/example_short_circuit_decorator.py
[2024-01-04T23:17:51.548+0000] {processor.py:753} INFO - DAG(s) dict_keys(['example_short_circuit_decorator']) retrieved from /home/airflow/.local/lib/python3.7/site-packages/airflow/example_dags/example_short_circuit_decorator.py
[2024-01-04T23:17:51.567+0000] {logging_mixin.py:137} INFO - [2024-01-04T23:17:51.567+0000] {dag.py:2690} INFO - Sync 1 DAGs
[2024-01-04T23:17:51.585+0000] {logging_mixin.py:137} INFO - [2024-01-04T23:17:51.585+0000] {dag.py:3441} INFO - Setting next_dagrun for example_short_circuit_decorator to 2024-01-03T23:17:51.585663+00:00, run_after=2024-01-04T23:17:51.585663+00:00
[2024-01-04T23:17:51.597+0000] {processor.py:175} INFO - Processing /home/airflow/.local/lib/python3.7/site-packages/airflow/example_dags/example_short_circuit_decorator.py took 0.073 seconds
[2024-01-04T23:18:22.212+0000] {processor.py:153} INFO - Started process (PID=1347) to work on /home/airflow/.local/lib/python3.7/site-packages/airflow/example_dags/example_short_circuit_decorator.py
[2024-01-04T23:18:22.213+0000] {processor.py:743} INFO - Processing file /home/airflow/.local/lib/python3.7/site-packages/airflow/example_dags/example_short_circuit_decorator.py for tasks to queue
[2024-01-04T23:18:22.214+0000] {logging_mixin.py:137} INFO - [2024-01-04T23:18:22.214+0000] {dagbag.py:538} INFO - Filling up the DagBag from /home/airflow/.local/lib/python3.7/site-packages/airflow/example_dags/example_short_circuit_decorator.py
[2024-01-04T23:18:22.231+0000] {processor.py:753} INFO - DAG(s) dict_keys(['example_short_circuit_decorator']) retrieved from /home/airflow/.local/lib/python3.7/site-packages/airflow/example_dags/example_short_circuit_decorator.py
[2024-01-04T23:18:22.252+0000] {logging_mixin.py:137} INFO - [2024-01-04T23:18:22.252+0000] {dag.py:2690} INFO - Sync 1 DAGs
[2024-01-04T23:18:22.269+0000] {logging_mixin.py:137} INFO - [2024-01-04T23:18:22.269+0000] {dag.py:3441} INFO - Setting next_dagrun for example_short_circuit_decorator to 2024-01-03T23:18:22.268998+00:00, run_after=2024-01-04T23:18:22.268998+00:00
[2024-01-04T23:18:22.281+0000] {processor.py:175} INFO - Processing /home/airflow/.local/lib/python3.7/site-packages/airflow/example_dags/example_short_circuit_decorator.py took 0.072 seconds
[2024-01-04T23:18:52.880+0000] {processor.py:153} INFO - Started process (PID=1423) to work on /home/airflow/.local/lib/python3.7/site-packages/airflow/example_dags/example_short_circuit_decorator.py
[2024-01-04T23:18:52.881+0000] {processor.py:743} INFO - Processing file /home/airflow/.local/lib/python3.7/site-packages/airflow/example_dags/example_short_circuit_decorator.py for tasks to queue
[2024-01-04T23:18:52.881+0000] {logging_mixin.py:137} INFO - [2024-01-04T23:18:52.881+0000] {dagbag.py:538} INFO - Filling up the DagBag from /home/airflow/.local/lib/python3.7/site-packages/airflow/example_dags/example_short_circuit_decorator.py
[2024-01-04T23:18:52.899+0000] {processor.py:753} INFO - DAG(s) dict_keys(['example_short_circuit_decorator']) retrieved from /home/airflow/.local/lib/python3.7/site-packages/airflow/example_dags/example_short_circuit_decorator.py
[2024-01-04T23:18:52.929+0000] {logging_mixin.py:137} INFO - [2024-01-04T23:18:52.929+0000] {dag.py:2690} INFO - Sync 1 DAGs
[2024-01-04T23:18:53.004+0000] {logging_mixin.py:137} INFO - [2024-01-04T23:18:53.004+0000] {dag.py:3441} INFO - Setting next_dagrun for example_short_circuit_decorator to 2024-01-03T23:18:53.003663+00:00, run_after=2024-01-04T23:18:53.003663+00:00
[2024-01-04T23:18:53.041+0000] {processor.py:175} INFO - Processing /home/airflow/.local/lib/python3.7/site-packages/airflow/example_dags/example_short_circuit_decorator.py took 0.164 seconds
[2024-01-04T23:19:24.154+0000] {processor.py:153} INFO - Started process (PID=1500) to work on /home/airflow/.local/lib/python3.7/site-packages/airflow/example_dags/example_short_circuit_decorator.py
[2024-01-04T23:19:24.155+0000] {processor.py:743} INFO - Processing file /home/airflow/.local/lib/python3.7/site-packages/airflow/example_dags/example_short_circuit_decorator.py for tasks to queue
[2024-01-04T23:19:24.156+0000] {logging_mixin.py:137} INFO - [2024-01-04T23:19:24.156+0000] {dagbag.py:538} INFO - Filling up the DagBag from /home/airflow/.local/lib/python3.7/site-packages/airflow/example_dags/example_short_circuit_decorator.py
[2024-01-04T23:19:24.178+0000] {processor.py:753} INFO - DAG(s) dict_keys(['example_short_circuit_decorator']) retrieved from /home/airflow/.local/lib/python3.7/site-packages/airflow/example_dags/example_short_circuit_decorator.py
[2024-01-04T23:19:24.205+0000] {logging_mixin.py:137} INFO - [2024-01-04T23:19:24.205+0000] {dag.py:2690} INFO - Sync 1 DAGs
[2024-01-04T23:19:24.224+0000] {logging_mixin.py:137} INFO - [2024-01-04T23:19:24.223+0000] {dag.py:3441} INFO - Setting next_dagrun for example_short_circuit_decorator to 2024-01-03T23:19:24.223753+00:00, run_after=2024-01-04T23:19:24.223753+00:00
[2024-01-04T23:19:24.237+0000] {processor.py:175} INFO - Processing /home/airflow/.local/lib/python3.7/site-packages/airflow/example_dags/example_short_circuit_decorator.py took 0.088 seconds
[2024-01-04T23:19:54.600+0000] {processor.py:153} INFO - Started process (PID=1565) to work on /home/airflow/.local/lib/python3.7/site-packages/airflow/example_dags/example_short_circuit_decorator.py
[2024-01-04T23:19:54.602+0000] {processor.py:743} INFO - Processing file /home/airflow/.local/lib/python3.7/site-packages/airflow/example_dags/example_short_circuit_decorator.py for tasks to queue
[2024-01-04T23:19:54.602+0000] {logging_mixin.py:137} INFO - [2024-01-04T23:19:54.602+0000] {dagbag.py:538} INFO - Filling up the DagBag from /home/airflow/.local/lib/python3.7/site-packages/airflow/example_dags/example_short_circuit_decorator.py
[2024-01-04T23:19:54.618+0000] {processor.py:753} INFO - DAG(s) dict_keys(['example_short_circuit_decorator']) retrieved from /home/airflow/.local/lib/python3.7/site-packages/airflow/example_dags/example_short_circuit_decorator.py
[2024-01-04T23:19:54.640+0000] {logging_mixin.py:137} INFO - [2024-01-04T23:19:54.640+0000] {dag.py:2690} INFO - Sync 1 DAGs
[2024-01-04T23:19:54.658+0000] {logging_mixin.py:137} INFO - [2024-01-04T23:19:54.658+0000] {dag.py:3441} INFO - Setting next_dagrun for example_short_circuit_decorator to 2024-01-03T23:19:54.657966+00:00, run_after=2024-01-04T23:19:54.657966+00:00
[2024-01-04T23:19:54.669+0000] {processor.py:175} INFO - Processing /home/airflow/.local/lib/python3.7/site-packages/airflow/example_dags/example_short_circuit_decorator.py took 0.072 seconds
[2024-01-04T23:20:24.750+0000] {processor.py:153} INFO - Started process (PID=1640) to work on /home/airflow/.local/lib/python3.7/site-packages/airflow/example_dags/example_short_circuit_decorator.py
[2024-01-04T23:20:24.751+0000] {processor.py:743} INFO - Processing file /home/airflow/.local/lib/python3.7/site-packages/airflow/example_dags/example_short_circuit_decorator.py for tasks to queue
[2024-01-04T23:20:24.753+0000] {logging_mixin.py:137} INFO - [2024-01-04T23:20:24.753+0000] {dagbag.py:538} INFO - Filling up the DagBag from /home/airflow/.local/lib/python3.7/site-packages/airflow/example_dags/example_short_circuit_decorator.py
[2024-01-04T23:20:24.771+0000] {processor.py:753} INFO - DAG(s) dict_keys(['example_short_circuit_decorator']) retrieved from /home/airflow/.local/lib/python3.7/site-packages/airflow/example_dags/example_short_circuit_decorator.py
[2024-01-04T23:20:24.792+0000] {logging_mixin.py:137} INFO - [2024-01-04T23:20:24.792+0000] {dag.py:2690} INFO - Sync 1 DAGs
[2024-01-04T23:20:24.808+0000] {logging_mixin.py:137} INFO - [2024-01-04T23:20:24.808+0000] {dag.py:3441} INFO - Setting next_dagrun for example_short_circuit_decorator to 2024-01-03T23:20:24.807826+00:00, run_after=2024-01-04T23:20:24.807826+00:00
[2024-01-04T23:20:24.818+0000] {processor.py:175} INFO - Processing /home/airflow/.local/lib/python3.7/site-packages/airflow/example_dags/example_short_circuit_decorator.py took 0.071 seconds
[2024-01-04T23:20:55.225+0000] {processor.py:153} INFO - Started process (PID=1703) to work on /home/airflow/.local/lib/python3.7/site-packages/airflow/example_dags/example_short_circuit_decorator.py
[2024-01-04T23:20:55.226+0000] {processor.py:743} INFO - Processing file /home/airflow/.local/lib/python3.7/site-packages/airflow/example_dags/example_short_circuit_decorator.py for tasks to queue
[2024-01-04T23:20:55.227+0000] {logging_mixin.py:137} INFO - [2024-01-04T23:20:55.227+0000] {dagbag.py:538} INFO - Filling up the DagBag from /home/airflow/.local/lib/python3.7/site-packages/airflow/example_dags/example_short_circuit_decorator.py
[2024-01-04T23:20:55.246+0000] {processor.py:753} INFO - DAG(s) dict_keys(['example_short_circuit_decorator']) retrieved from /home/airflow/.local/lib/python3.7/site-packages/airflow/example_dags/example_short_circuit_decorator.py
[2024-01-04T23:20:55.272+0000] {logging_mixin.py:137} INFO - [2024-01-04T23:20:55.272+0000] {dag.py:2690} INFO - Sync 1 DAGs
[2024-01-04T23:20:55.301+0000] {logging_mixin.py:137} INFO - [2024-01-04T23:20:55.301+0000] {dag.py:3441} INFO - Setting next_dagrun for example_short_circuit_decorator to 2024-01-03T23:20:55.300342+00:00, run_after=2024-01-04T23:20:55.300342+00:00
[2024-01-04T23:20:55.330+0000] {processor.py:175} INFO - Processing /home/airflow/.local/lib/python3.7/site-packages/airflow/example_dags/example_short_circuit_decorator.py took 0.108 seconds
[2024-01-04T23:21:26.460+0000] {processor.py:153} INFO - Started process (PID=1777) to work on /home/airflow/.local/lib/python3.7/site-packages/airflow/example_dags/example_short_circuit_decorator.py
[2024-01-04T23:21:26.461+0000] {processor.py:743} INFO - Processing file /home/airflow/.local/lib/python3.7/site-packages/airflow/example_dags/example_short_circuit_decorator.py for tasks to queue
[2024-01-04T23:21:26.462+0000] {logging_mixin.py:137} INFO - [2024-01-04T23:21:26.462+0000] {dagbag.py:538} INFO - Filling up the DagBag from /home/airflow/.local/lib/python3.7/site-packages/airflow/example_dags/example_short_circuit_decorator.py
[2024-01-04T23:21:26.478+0000] {processor.py:753} INFO - DAG(s) dict_keys(['example_short_circuit_decorator']) retrieved from /home/airflow/.local/lib/python3.7/site-packages/airflow/example_dags/example_short_circuit_decorator.py
[2024-01-04T23:21:26.497+0000] {logging_mixin.py:137} INFO - [2024-01-04T23:21:26.497+0000] {dag.py:2690} INFO - Sync 1 DAGs
[2024-01-04T23:21:26.516+0000] {logging_mixin.py:137} INFO - [2024-01-04T23:21:26.516+0000] {dag.py:3441} INFO - Setting next_dagrun for example_short_circuit_decorator to 2024-01-03T23:21:26.515765+00:00, run_after=2024-01-04T23:21:26.515765+00:00
[2024-01-04T23:21:26.529+0000] {processor.py:175} INFO - Processing /home/airflow/.local/lib/python3.7/site-packages/airflow/example_dags/example_short_circuit_decorator.py took 0.072 seconds
[2024-01-04T23:21:57.270+0000] {processor.py:153} INFO - Started process (PID=1849) to work on /home/airflow/.local/lib/python3.7/site-packages/airflow/example_dags/example_short_circuit_decorator.py
[2024-01-04T23:21:57.272+0000] {processor.py:743} INFO - Processing file /home/airflow/.local/lib/python3.7/site-packages/airflow/example_dags/example_short_circuit_decorator.py for tasks to queue
[2024-01-04T23:21:57.274+0000] {logging_mixin.py:137} INFO - [2024-01-04T23:21:57.273+0000] {dagbag.py:538} INFO - Filling up the DagBag from /home/airflow/.local/lib/python3.7/site-packages/airflow/example_dags/example_short_circuit_decorator.py
[2024-01-04T23:21:57.297+0000] {processor.py:753} INFO - DAG(s) dict_keys(['example_short_circuit_decorator']) retrieved from /home/airflow/.local/lib/python3.7/site-packages/airflow/example_dags/example_short_circuit_decorator.py
[2024-01-04T23:21:57.327+0000] {logging_mixin.py:137} INFO - [2024-01-04T23:21:57.327+0000] {dag.py:2690} INFO - Sync 1 DAGs
[2024-01-04T23:21:57.347+0000] {logging_mixin.py:137} INFO - [2024-01-04T23:21:57.346+0000] {dag.py:3441} INFO - Setting next_dagrun for example_short_circuit_decorator to 2024-01-03T23:21:57.346699+00:00, run_after=2024-01-04T23:21:57.346699+00:00
[2024-01-04T23:21:57.361+0000] {processor.py:175} INFO - Processing /home/airflow/.local/lib/python3.7/site-packages/airflow/example_dags/example_short_circuit_decorator.py took 0.094 seconds
[2024-01-04T23:22:27.965+0000] {processor.py:153} INFO - Started process (PID=1915) to work on /home/airflow/.local/lib/python3.7/site-packages/airflow/example_dags/example_short_circuit_decorator.py
[2024-01-04T23:22:27.967+0000] {processor.py:743} INFO - Processing file /home/airflow/.local/lib/python3.7/site-packages/airflow/example_dags/example_short_circuit_decorator.py for tasks to queue
[2024-01-04T23:22:27.968+0000] {logging_mixin.py:137} INFO - [2024-01-04T23:22:27.968+0000] {dagbag.py:538} INFO - Filling up the DagBag from /home/airflow/.local/lib/python3.7/site-packages/airflow/example_dags/example_short_circuit_decorator.py
[2024-01-04T23:22:27.996+0000] {processor.py:753} INFO - DAG(s) dict_keys(['example_short_circuit_decorator']) retrieved from /home/airflow/.local/lib/python3.7/site-packages/airflow/example_dags/example_short_circuit_decorator.py
[2024-01-04T23:22:28.021+0000] {logging_mixin.py:137} INFO - [2024-01-04T23:22:28.021+0000] {dag.py:2690} INFO - Sync 1 DAGs
[2024-01-04T23:22:28.039+0000] {logging_mixin.py:137} INFO - [2024-01-04T23:22:28.038+0000] {dag.py:3441} INFO - Setting next_dagrun for example_short_circuit_decorator to 2024-01-03T23:22:28.038764+00:00, run_after=2024-01-04T23:22:28.038764+00:00
[2024-01-04T23:22:28.051+0000] {processor.py:175} INFO - Processing /home/airflow/.local/lib/python3.7/site-packages/airflow/example_dags/example_short_circuit_decorator.py took 0.090 seconds
[2024-01-04T23:22:59.698+0000] {processor.py:153} INFO - Started process (PID=1991) to work on /home/airflow/.local/lib/python3.7/site-packages/airflow/example_dags/example_short_circuit_decorator.py
[2024-01-04T23:22:59.700+0000] {processor.py:743} INFO - Processing file /home/airflow/.local/lib/python3.7/site-packages/airflow/example_dags/example_short_circuit_decorator.py for tasks to queue
[2024-01-04T23:22:59.700+0000] {logging_mixin.py:137} INFO - [2024-01-04T23:22:59.700+0000] {dagbag.py:538} INFO - Filling up the DagBag from /home/airflow/.local/lib/python3.7/site-packages/airflow/example_dags/example_short_circuit_decorator.py
[2024-01-04T23:22:59.717+0000] {processor.py:753} INFO - DAG(s) dict_keys(['example_short_circuit_decorator']) retrieved from /home/airflow/.local/lib/python3.7/site-packages/airflow/example_dags/example_short_circuit_decorator.py
[2024-01-04T23:22:59.736+0000] {logging_mixin.py:137} INFO - [2024-01-04T23:22:59.736+0000] {dag.py:2690} INFO - Sync 1 DAGs
[2024-01-04T23:22:59.752+0000] {logging_mixin.py:137} INFO - [2024-01-04T23:22:59.752+0000] {dag.py:3441} INFO - Setting next_dagrun for example_short_circuit_decorator to 2024-01-03T23:22:59.751990+00:00, run_after=2024-01-04T23:22:59.751990+00:00
[2024-01-04T23:22:59.765+0000] {processor.py:175} INFO - Processing /home/airflow/.local/lib/python3.7/site-packages/airflow/example_dags/example_short_circuit_decorator.py took 0.070 seconds
[2024-01-04T23:23:30.379+0000] {processor.py:153} INFO - Started process (PID=2055) to work on /home/airflow/.local/lib/python3.7/site-packages/airflow/example_dags/example_short_circuit_decorator.py
[2024-01-04T23:23:30.380+0000] {processor.py:743} INFO - Processing file /home/airflow/.local/lib/python3.7/site-packages/airflow/example_dags/example_short_circuit_decorator.py for tasks to queue
[2024-01-04T23:23:30.381+0000] {logging_mixin.py:137} INFO - [2024-01-04T23:23:30.381+0000] {dagbag.py:538} INFO - Filling up the DagBag from /home/airflow/.local/lib/python3.7/site-packages/airflow/example_dags/example_short_circuit_decorator.py
[2024-01-04T23:23:30.402+0000] {processor.py:753} INFO - DAG(s) dict_keys(['example_short_circuit_decorator']) retrieved from /home/airflow/.local/lib/python3.7/site-packages/airflow/example_dags/example_short_circuit_decorator.py
[2024-01-04T23:23:30.422+0000] {logging_mixin.py:137} INFO - [2024-01-04T23:23:30.421+0000] {dag.py:2690} INFO - Sync 1 DAGs
[2024-01-04T23:23:30.440+0000] {logging_mixin.py:137} INFO - [2024-01-04T23:23:30.440+0000] {dag.py:3441} INFO - Setting next_dagrun for example_short_circuit_decorator to 2024-01-03T23:23:30.439910+00:00, run_after=2024-01-04T23:23:30.439910+00:00
[2024-01-04T23:23:30.459+0000] {processor.py:175} INFO - Processing /home/airflow/.local/lib/python3.7/site-packages/airflow/example_dags/example_short_circuit_decorator.py took 0.084 seconds
[2024-01-04T23:24:01.235+0000] {processor.py:153} INFO - Started process (PID=2131) to work on /home/airflow/.local/lib/python3.7/site-packages/airflow/example_dags/example_short_circuit_decorator.py
[2024-01-04T23:24:01.236+0000] {processor.py:743} INFO - Processing file /home/airflow/.local/lib/python3.7/site-packages/airflow/example_dags/example_short_circuit_decorator.py for tasks to queue
[2024-01-04T23:24:01.237+0000] {logging_mixin.py:137} INFO - [2024-01-04T23:24:01.237+0000] {dagbag.py:538} INFO - Filling up the DagBag from /home/airflow/.local/lib/python3.7/site-packages/airflow/example_dags/example_short_circuit_decorator.py
[2024-01-04T23:24:01.255+0000] {processor.py:753} INFO - DAG(s) dict_keys(['example_short_circuit_decorator']) retrieved from /home/airflow/.local/lib/python3.7/site-packages/airflow/example_dags/example_short_circuit_decorator.py
[2024-01-04T23:24:01.278+0000] {logging_mixin.py:137} INFO - [2024-01-04T23:24:01.278+0000] {dag.py:2690} INFO - Sync 1 DAGs
[2024-01-04T23:24:01.299+0000] {logging_mixin.py:137} INFO - [2024-01-04T23:24:01.299+0000] {dag.py:3441} INFO - Setting next_dagrun for example_short_circuit_decorator to 2024-01-03T23:24:01.299446+00:00, run_after=2024-01-04T23:24:01.299446+00:00
[2024-01-04T23:24:01.312+0000] {processor.py:175} INFO - Processing /home/airflow/.local/lib/python3.7/site-packages/airflow/example_dags/example_short_circuit_decorator.py took 0.080 seconds
[2024-01-04T23:24:32.356+0000] {processor.py:153} INFO - Started process (PID=2206) to work on /home/airflow/.local/lib/python3.7/site-packages/airflow/example_dags/example_short_circuit_decorator.py
[2024-01-04T23:24:32.358+0000] {processor.py:743} INFO - Processing file /home/airflow/.local/lib/python3.7/site-packages/airflow/example_dags/example_short_circuit_decorator.py for tasks to queue
[2024-01-04T23:24:32.359+0000] {logging_mixin.py:137} INFO - [2024-01-04T23:24:32.359+0000] {dagbag.py:538} INFO - Filling up the DagBag from /home/airflow/.local/lib/python3.7/site-packages/airflow/example_dags/example_short_circuit_decorator.py
[2024-01-04T23:24:32.398+0000] {processor.py:753} INFO - DAG(s) dict_keys(['example_short_circuit_decorator']) retrieved from /home/airflow/.local/lib/python3.7/site-packages/airflow/example_dags/example_short_circuit_decorator.py
[2024-01-04T23:24:32.434+0000] {logging_mixin.py:137} INFO - [2024-01-04T23:24:32.434+0000] {dag.py:2690} INFO - Sync 1 DAGs
[2024-01-04T23:24:32.455+0000] {logging_mixin.py:137} INFO - [2024-01-04T23:24:32.455+0000] {dag.py:3441} INFO - Setting next_dagrun for example_short_circuit_decorator to 2024-01-03T23:24:32.455050+00:00, run_after=2024-01-04T23:24:32.455050+00:00
[2024-01-04T23:24:32.476+0000] {processor.py:175} INFO - Processing /home/airflow/.local/lib/python3.7/site-packages/airflow/example_dags/example_short_circuit_decorator.py took 0.129 seconds
[2024-01-04T23:25:03.452+0000] {processor.py:153} INFO - Started process (PID=2269) to work on /home/airflow/.local/lib/python3.7/site-packages/airflow/example_dags/example_short_circuit_decorator.py
[2024-01-04T23:25:03.454+0000] {processor.py:743} INFO - Processing file /home/airflow/.local/lib/python3.7/site-packages/airflow/example_dags/example_short_circuit_decorator.py for tasks to queue
[2024-01-04T23:25:03.454+0000] {logging_mixin.py:137} INFO - [2024-01-04T23:25:03.454+0000] {dagbag.py:538} INFO - Filling up the DagBag from /home/airflow/.local/lib/python3.7/site-packages/airflow/example_dags/example_short_circuit_decorator.py
[2024-01-04T23:25:03.472+0000] {processor.py:753} INFO - DAG(s) dict_keys(['example_short_circuit_decorator']) retrieved from /home/airflow/.local/lib/python3.7/site-packages/airflow/example_dags/example_short_circuit_decorator.py
[2024-01-04T23:25:03.493+0000] {logging_mixin.py:137} INFO - [2024-01-04T23:25:03.492+0000] {dag.py:2690} INFO - Sync 1 DAGs
[2024-01-04T23:25:03.510+0000] {logging_mixin.py:137} INFO - [2024-01-04T23:25:03.510+0000] {dag.py:3441} INFO - Setting next_dagrun for example_short_circuit_decorator to 2024-01-03T23:25:03.509888+00:00, run_after=2024-01-04T23:25:03.509888+00:00
[2024-01-04T23:25:03.522+0000] {processor.py:175} INFO - Processing /home/airflow/.local/lib/python3.7/site-packages/airflow/example_dags/example_short_circuit_decorator.py took 0.074 seconds
[2024-01-04T23:25:33.939+0000] {processor.py:153} INFO - Started process (PID=2345) to work on /home/airflow/.local/lib/python3.7/site-packages/airflow/example_dags/example_short_circuit_decorator.py
[2024-01-04T23:25:33.940+0000] {processor.py:743} INFO - Processing file /home/airflow/.local/lib/python3.7/site-packages/airflow/example_dags/example_short_circuit_decorator.py for tasks to queue
[2024-01-04T23:25:33.941+0000] {logging_mixin.py:137} INFO - [2024-01-04T23:25:33.941+0000] {dagbag.py:538} INFO - Filling up the DagBag from /home/airflow/.local/lib/python3.7/site-packages/airflow/example_dags/example_short_circuit_decorator.py
[2024-01-04T23:25:33.957+0000] {processor.py:753} INFO - DAG(s) dict_keys(['example_short_circuit_decorator']) retrieved from /home/airflow/.local/lib/python3.7/site-packages/airflow/example_dags/example_short_circuit_decorator.py
[2024-01-04T23:25:33.975+0000] {logging_mixin.py:137} INFO - [2024-01-04T23:25:33.975+0000] {dag.py:2690} INFO - Sync 1 DAGs
[2024-01-04T23:25:33.991+0000] {logging_mixin.py:137} INFO - [2024-01-04T23:25:33.991+0000] {dag.py:3441} INFO - Setting next_dagrun for example_short_circuit_decorator to 2024-01-03T23:25:33.991263+00:00, run_after=2024-01-04T23:25:33.991263+00:00
[2024-01-04T23:25:34.002+0000] {processor.py:175} INFO - Processing /home/airflow/.local/lib/python3.7/site-packages/airflow/example_dags/example_short_circuit_decorator.py took 0.065 seconds
[2024-01-04T23:26:04.697+0000] {processor.py:153} INFO - Started process (PID=2408) to work on /home/airflow/.local/lib/python3.7/site-packages/airflow/example_dags/example_short_circuit_decorator.py
[2024-01-04T23:26:04.699+0000] {processor.py:743} INFO - Processing file /home/airflow/.local/lib/python3.7/site-packages/airflow/example_dags/example_short_circuit_decorator.py for tasks to queue
[2024-01-04T23:26:04.699+0000] {logging_mixin.py:137} INFO - [2024-01-04T23:26:04.699+0000] {dagbag.py:538} INFO - Filling up the DagBag from /home/airflow/.local/lib/python3.7/site-packages/airflow/example_dags/example_short_circuit_decorator.py
[2024-01-04T23:26:04.715+0000] {processor.py:753} INFO - DAG(s) dict_keys(['example_short_circuit_decorator']) retrieved from /home/airflow/.local/lib/python3.7/site-packages/airflow/example_dags/example_short_circuit_decorator.py
[2024-01-04T23:26:04.734+0000] {logging_mixin.py:137} INFO - [2024-01-04T23:26:04.734+0000] {dag.py:2690} INFO - Sync 1 DAGs
[2024-01-04T23:26:04.749+0000] {logging_mixin.py:137} INFO - [2024-01-04T23:26:04.749+0000] {dag.py:3441} INFO - Setting next_dagrun for example_short_circuit_decorator to 2024-01-03T23:26:04.749625+00:00, run_after=2024-01-04T23:26:04.749625+00:00
[2024-01-04T23:26:04.760+0000] {processor.py:175} INFO - Processing /home/airflow/.local/lib/python3.7/site-packages/airflow/example_dags/example_short_circuit_decorator.py took 0.065 seconds
[2024-01-04T23:26:35.691+0000] {processor.py:153} INFO - Started process (PID=2482) to work on /home/airflow/.local/lib/python3.7/site-packages/airflow/example_dags/example_short_circuit_decorator.py
[2024-01-04T23:26:35.692+0000] {processor.py:743} INFO - Processing file /home/airflow/.local/lib/python3.7/site-packages/airflow/example_dags/example_short_circuit_decorator.py for tasks to queue
[2024-01-04T23:26:35.693+0000] {logging_mixin.py:137} INFO - [2024-01-04T23:26:35.692+0000] {dagbag.py:538} INFO - Filling up the DagBag from /home/airflow/.local/lib/python3.7/site-packages/airflow/example_dags/example_short_circuit_decorator.py
[2024-01-04T23:26:35.708+0000] {processor.py:753} INFO - DAG(s) dict_keys(['example_short_circuit_decorator']) retrieved from /home/airflow/.local/lib/python3.7/site-packages/airflow/example_dags/example_short_circuit_decorator.py
[2024-01-04T23:26:35.727+0000] {logging_mixin.py:137} INFO - [2024-01-04T23:26:35.727+0000] {dag.py:2690} INFO - Sync 1 DAGs
[2024-01-04T23:26:35.742+0000] {logging_mixin.py:137} INFO - [2024-01-04T23:26:35.742+0000] {dag.py:3441} INFO - Setting next_dagrun for example_short_circuit_decorator to 2024-01-03T23:26:35.741818+00:00, run_after=2024-01-04T23:26:35.741818+00:00
[2024-01-04T23:26:35.752+0000] {processor.py:175} INFO - Processing /home/airflow/.local/lib/python3.7/site-packages/airflow/example_dags/example_short_circuit_decorator.py took 0.064 seconds
[2024-01-04T23:27:06.259+0000] {processor.py:153} INFO - Started process (PID=2557) to work on /home/airflow/.local/lib/python3.7/site-packages/airflow/example_dags/example_short_circuit_decorator.py
[2024-01-04T23:27:06.261+0000] {processor.py:743} INFO - Processing file /home/airflow/.local/lib/python3.7/site-packages/airflow/example_dags/example_short_circuit_decorator.py for tasks to queue
[2024-01-04T23:27:06.263+0000] {logging_mixin.py:137} INFO - [2024-01-04T23:27:06.262+0000] {dagbag.py:538} INFO - Filling up the DagBag from /home/airflow/.local/lib/python3.7/site-packages/airflow/example_dags/example_short_circuit_decorator.py
[2024-01-04T23:27:06.291+0000] {processor.py:753} INFO - DAG(s) dict_keys(['example_short_circuit_decorator']) retrieved from /home/airflow/.local/lib/python3.7/site-packages/airflow/example_dags/example_short_circuit_decorator.py
[2024-01-04T23:27:06.321+0000] {logging_mixin.py:137} INFO - [2024-01-04T23:27:06.321+0000] {dag.py:2690} INFO - Sync 1 DAGs
[2024-01-04T23:27:06.345+0000] {logging_mixin.py:137} INFO - [2024-01-04T23:27:06.345+0000] {dag.py:3441} INFO - Setting next_dagrun for example_short_circuit_decorator to 2024-01-03T23:27:06.345577+00:00, run_after=2024-01-04T23:27:06.345577+00:00
[2024-01-04T23:27:06.361+0000] {processor.py:175} INFO - Processing /home/airflow/.local/lib/python3.7/site-packages/airflow/example_dags/example_short_circuit_decorator.py took 0.107 seconds
[2024-01-04T23:27:36.749+0000] {processor.py:153} INFO - Started process (PID=2620) to work on /home/airflow/.local/lib/python3.7/site-packages/airflow/example_dags/example_short_circuit_decorator.py
[2024-01-04T23:27:36.750+0000] {processor.py:743} INFO - Processing file /home/airflow/.local/lib/python3.7/site-packages/airflow/example_dags/example_short_circuit_decorator.py for tasks to queue
[2024-01-04T23:27:36.751+0000] {logging_mixin.py:137} INFO - [2024-01-04T23:27:36.751+0000] {dagbag.py:538} INFO - Filling up the DagBag from /home/airflow/.local/lib/python3.7/site-packages/airflow/example_dags/example_short_circuit_decorator.py
[2024-01-04T23:27:36.768+0000] {processor.py:753} INFO - DAG(s) dict_keys(['example_short_circuit_decorator']) retrieved from /home/airflow/.local/lib/python3.7/site-packages/airflow/example_dags/example_short_circuit_decorator.py
[2024-01-04T23:27:36.788+0000] {logging_mixin.py:137} INFO - [2024-01-04T23:27:36.788+0000] {dag.py:2690} INFO - Sync 1 DAGs
[2024-01-04T23:27:36.804+0000] {logging_mixin.py:137} INFO - [2024-01-04T23:27:36.804+0000] {dag.py:3441} INFO - Setting next_dagrun for example_short_circuit_decorator to 2024-01-03T23:27:36.804345+00:00, run_after=2024-01-04T23:27:36.804345+00:00
[2024-01-04T23:27:36.816+0000] {processor.py:175} INFO - Processing /home/airflow/.local/lib/python3.7/site-packages/airflow/example_dags/example_short_circuit_decorator.py took 0.070 seconds
[2024-01-04T23:28:07.490+0000] {processor.py:153} INFO - Started process (PID=2697) to work on /home/airflow/.local/lib/python3.7/site-packages/airflow/example_dags/example_short_circuit_decorator.py
[2024-01-04T23:28:07.492+0000] {processor.py:743} INFO - Processing file /home/airflow/.local/lib/python3.7/site-packages/airflow/example_dags/example_short_circuit_decorator.py for tasks to queue
[2024-01-04T23:28:07.492+0000] {logging_mixin.py:137} INFO - [2024-01-04T23:28:07.492+0000] {dagbag.py:538} INFO - Filling up the DagBag from /home/airflow/.local/lib/python3.7/site-packages/airflow/example_dags/example_short_circuit_decorator.py
[2024-01-04T23:28:07.508+0000] {processor.py:753} INFO - DAG(s) dict_keys(['example_short_circuit_decorator']) retrieved from /home/airflow/.local/lib/python3.7/site-packages/airflow/example_dags/example_short_circuit_decorator.py
[2024-01-04T23:28:07.527+0000] {logging_mixin.py:137} INFO - [2024-01-04T23:28:07.527+0000] {dag.py:2690} INFO - Sync 1 DAGs
[2024-01-04T23:28:07.542+0000] {logging_mixin.py:137} INFO - [2024-01-04T23:28:07.542+0000] {dag.py:3441} INFO - Setting next_dagrun for example_short_circuit_decorator to 2024-01-03T23:28:07.542085+00:00, run_after=2024-01-04T23:28:07.542085+00:00
[2024-01-04T23:28:07.552+0000] {processor.py:175} INFO - Processing /home/airflow/.local/lib/python3.7/site-packages/airflow/example_dags/example_short_circuit_decorator.py took 0.064 seconds
[2024-01-04T23:28:38.321+0000] {processor.py:153} INFO - Started process (PID=2760) to work on /home/airflow/.local/lib/python3.7/site-packages/airflow/example_dags/example_short_circuit_decorator.py
[2024-01-04T23:28:38.322+0000] {processor.py:743} INFO - Processing file /home/airflow/.local/lib/python3.7/site-packages/airflow/example_dags/example_short_circuit_decorator.py for tasks to queue
[2024-01-04T23:28:38.323+0000] {logging_mixin.py:137} INFO - [2024-01-04T23:28:38.323+0000] {dagbag.py:538} INFO - Filling up the DagBag from /home/airflow/.local/lib/python3.7/site-packages/airflow/example_dags/example_short_circuit_decorator.py
[2024-01-04T23:28:38.338+0000] {processor.py:753} INFO - DAG(s) dict_keys(['example_short_circuit_decorator']) retrieved from /home/airflow/.local/lib/python3.7/site-packages/airflow/example_dags/example_short_circuit_decorator.py
[2024-01-04T23:28:38.358+0000] {logging_mixin.py:137} INFO - [2024-01-04T23:28:38.358+0000] {dag.py:2690} INFO - Sync 1 DAGs
[2024-01-04T23:28:38.372+0000] {logging_mixin.py:137} INFO - [2024-01-04T23:28:38.372+0000] {dag.py:3441} INFO - Setting next_dagrun for example_short_circuit_decorator to 2024-01-03T23:28:38.372476+00:00, run_after=2024-01-04T23:28:38.372476+00:00
[2024-01-04T23:28:38.383+0000] {processor.py:175} INFO - Processing /home/airflow/.local/lib/python3.7/site-packages/airflow/example_dags/example_short_circuit_decorator.py took 0.064 seconds
[2024-01-04T23:29:09.072+0000] {processor.py:153} INFO - Started process (PID=2835) to work on /home/airflow/.local/lib/python3.7/site-packages/airflow/example_dags/example_short_circuit_decorator.py
[2024-01-04T23:29:09.073+0000] {processor.py:743} INFO - Processing file /home/airflow/.local/lib/python3.7/site-packages/airflow/example_dags/example_short_circuit_decorator.py for tasks to queue
[2024-01-04T23:29:09.073+0000] {logging_mixin.py:137} INFO - [2024-01-04T23:29:09.073+0000] {dagbag.py:538} INFO - Filling up the DagBag from /home/airflow/.local/lib/python3.7/site-packages/airflow/example_dags/example_short_circuit_decorator.py
[2024-01-04T23:29:09.089+0000] {processor.py:753} INFO - DAG(s) dict_keys(['example_short_circuit_decorator']) retrieved from /home/airflow/.local/lib/python3.7/site-packages/airflow/example_dags/example_short_circuit_decorator.py
[2024-01-04T23:29:09.108+0000] {logging_mixin.py:137} INFO - [2024-01-04T23:29:09.108+0000] {dag.py:2690} INFO - Sync 1 DAGs
[2024-01-04T23:29:09.123+0000] {logging_mixin.py:137} INFO - [2024-01-04T23:29:09.123+0000] {dag.py:3441} INFO - Setting next_dagrun for example_short_circuit_decorator to 2024-01-03T23:29:09.123143+00:00, run_after=2024-01-04T23:29:09.123143+00:00
[2024-01-04T23:29:09.133+0000] {processor.py:175} INFO - Processing /home/airflow/.local/lib/python3.7/site-packages/airflow/example_dags/example_short_circuit_decorator.py took 0.064 seconds
[2024-01-04T23:29:39.579+0000] {processor.py:153} INFO - Started process (PID=2910) to work on /home/airflow/.local/lib/python3.7/site-packages/airflow/example_dags/example_short_circuit_decorator.py
[2024-01-04T23:29:39.581+0000] {processor.py:743} INFO - Processing file /home/airflow/.local/lib/python3.7/site-packages/airflow/example_dags/example_short_circuit_decorator.py for tasks to queue
[2024-01-04T23:29:39.582+0000] {logging_mixin.py:137} INFO - [2024-01-04T23:29:39.582+0000] {dagbag.py:538} INFO - Filling up the DagBag from /home/airflow/.local/lib/python3.7/site-packages/airflow/example_dags/example_short_circuit_decorator.py
[2024-01-04T23:29:39.602+0000] {processor.py:753} INFO - DAG(s) dict_keys(['example_short_circuit_decorator']) retrieved from /home/airflow/.local/lib/python3.7/site-packages/airflow/example_dags/example_short_circuit_decorator.py
[2024-01-04T23:29:39.624+0000] {logging_mixin.py:137} INFO - [2024-01-04T23:29:39.624+0000] {dag.py:2690} INFO - Sync 1 DAGs
[2024-01-04T23:29:39.641+0000] {logging_mixin.py:137} INFO - [2024-01-04T23:29:39.641+0000] {dag.py:3441} INFO - Setting next_dagrun for example_short_circuit_decorator to 2024-01-03T23:29:39.641299+00:00, run_after=2024-01-04T23:29:39.641299+00:00
[2024-01-04T23:29:39.653+0000] {processor.py:175} INFO - Processing /home/airflow/.local/lib/python3.7/site-packages/airflow/example_dags/example_short_circuit_decorator.py took 0.077 seconds
[2024-01-04T23:30:10.220+0000] {processor.py:153} INFO - Started process (PID=2972) to work on /home/airflow/.local/lib/python3.7/site-packages/airflow/example_dags/example_short_circuit_decorator.py
[2024-01-04T23:30:10.221+0000] {processor.py:743} INFO - Processing file /home/airflow/.local/lib/python3.7/site-packages/airflow/example_dags/example_short_circuit_decorator.py for tasks to queue
[2024-01-04T23:30:10.222+0000] {logging_mixin.py:137} INFO - [2024-01-04T23:30:10.222+0000] {dagbag.py:538} INFO - Filling up the DagBag from /home/airflow/.local/lib/python3.7/site-packages/airflow/example_dags/example_short_circuit_decorator.py
[2024-01-04T23:30:10.245+0000] {processor.py:753} INFO - DAG(s) dict_keys(['example_short_circuit_decorator']) retrieved from /home/airflow/.local/lib/python3.7/site-packages/airflow/example_dags/example_short_circuit_decorator.py
[2024-01-04T23:30:10.268+0000] {logging_mixin.py:137} INFO - [2024-01-04T23:30:10.268+0000] {dag.py:2690} INFO - Sync 1 DAGs
[2024-01-04T23:30:10.286+0000] {logging_mixin.py:137} INFO - [2024-01-04T23:30:10.286+0000] {dag.py:3441} INFO - Setting next_dagrun for example_short_circuit_decorator to 2024-01-03T23:30:10.285827+00:00, run_after=2024-01-04T23:30:10.285827+00:00
[2024-01-04T23:30:10.299+0000] {processor.py:175} INFO - Processing /home/airflow/.local/lib/python3.7/site-packages/airflow/example_dags/example_short_circuit_decorator.py took 0.084 seconds
[2024-01-04T23:30:40.606+0000] {processor.py:153} INFO - Started process (PID=3047) to work on /home/airflow/.local/lib/python3.7/site-packages/airflow/example_dags/example_short_circuit_decorator.py
[2024-01-04T23:30:40.608+0000] {processor.py:743} INFO - Processing file /home/airflow/.local/lib/python3.7/site-packages/airflow/example_dags/example_short_circuit_decorator.py for tasks to queue
[2024-01-04T23:30:40.608+0000] {logging_mixin.py:137} INFO - [2024-01-04T23:30:40.608+0000] {dagbag.py:538} INFO - Filling up the DagBag from /home/airflow/.local/lib/python3.7/site-packages/airflow/example_dags/example_short_circuit_decorator.py
[2024-01-04T23:30:40.625+0000] {processor.py:753} INFO - DAG(s) dict_keys(['example_short_circuit_decorator']) retrieved from /home/airflow/.local/lib/python3.7/site-packages/airflow/example_dags/example_short_circuit_decorator.py
[2024-01-04T23:30:40.650+0000] {logging_mixin.py:137} INFO - [2024-01-04T23:30:40.650+0000] {dag.py:2690} INFO - Sync 1 DAGs
[2024-01-04T23:30:40.667+0000] {logging_mixin.py:137} INFO - [2024-01-04T23:30:40.666+0000] {dag.py:3441} INFO - Setting next_dagrun for example_short_circuit_decorator to 2024-01-03T23:30:40.666674+00:00, run_after=2024-01-04T23:30:40.666674+00:00
[2024-01-04T23:30:40.678+0000] {processor.py:175} INFO - Processing /home/airflow/.local/lib/python3.7/site-packages/airflow/example_dags/example_short_circuit_decorator.py took 0.076 seconds
[2024-01-04T23:31:11.288+0000] {processor.py:153} INFO - Started process (PID=3111) to work on /home/airflow/.local/lib/python3.7/site-packages/airflow/example_dags/example_short_circuit_decorator.py
[2024-01-04T23:31:11.289+0000] {processor.py:743} INFO - Processing file /home/airflow/.local/lib/python3.7/site-packages/airflow/example_dags/example_short_circuit_decorator.py for tasks to queue
[2024-01-04T23:31:11.290+0000] {logging_mixin.py:137} INFO - [2024-01-04T23:31:11.290+0000] {dagbag.py:538} INFO - Filling up the DagBag from /home/airflow/.local/lib/python3.7/site-packages/airflow/example_dags/example_short_circuit_decorator.py
[2024-01-04T23:31:11.305+0000] {processor.py:753} INFO - DAG(s) dict_keys(['example_short_circuit_decorator']) retrieved from /home/airflow/.local/lib/python3.7/site-packages/airflow/example_dags/example_short_circuit_decorator.py
[2024-01-04T23:31:11.323+0000] {logging_mixin.py:137} INFO - [2024-01-04T23:31:11.323+0000] {dag.py:2690} INFO - Sync 1 DAGs
[2024-01-04T23:31:11.338+0000] {logging_mixin.py:137} INFO - [2024-01-04T23:31:11.338+0000] {dag.py:3441} INFO - Setting next_dagrun for example_short_circuit_decorator to 2024-01-03T23:31:11.338725+00:00, run_after=2024-01-04T23:31:11.338725+00:00
[2024-01-04T23:31:11.349+0000] {processor.py:175} INFO - Processing /home/airflow/.local/lib/python3.7/site-packages/airflow/example_dags/example_short_circuit_decorator.py took 0.064 seconds
[2024-01-04T23:31:41.455+0000] {processor.py:153} INFO - Started process (PID=3186) to work on /home/airflow/.local/lib/python3.7/site-packages/airflow/example_dags/example_short_circuit_decorator.py
[2024-01-04T23:31:41.457+0000] {processor.py:743} INFO - Processing file /home/airflow/.local/lib/python3.7/site-packages/airflow/example_dags/example_short_circuit_decorator.py for tasks to queue
[2024-01-04T23:31:41.457+0000] {logging_mixin.py:137} INFO - [2024-01-04T23:31:41.457+0000] {dagbag.py:538} INFO - Filling up the DagBag from /home/airflow/.local/lib/python3.7/site-packages/airflow/example_dags/example_short_circuit_decorator.py
[2024-01-04T23:31:41.473+0000] {processor.py:753} INFO - DAG(s) dict_keys(['example_short_circuit_decorator']) retrieved from /home/airflow/.local/lib/python3.7/site-packages/airflow/example_dags/example_short_circuit_decorator.py
[2024-01-04T23:31:41.493+0000] {logging_mixin.py:137} INFO - [2024-01-04T23:31:41.493+0000] {dag.py:2690} INFO - Sync 1 DAGs
[2024-01-04T23:31:41.508+0000] {logging_mixin.py:137} INFO - [2024-01-04T23:31:41.507+0000] {dag.py:3441} INFO - Setting next_dagrun for example_short_circuit_decorator to 2024-01-03T23:31:41.507794+00:00, run_after=2024-01-04T23:31:41.507794+00:00
[2024-01-04T23:31:41.519+0000] {processor.py:175} INFO - Processing /home/airflow/.local/lib/python3.7/site-packages/airflow/example_dags/example_short_circuit_decorator.py took 0.067 seconds
[2024-01-04T23:32:12.478+0000] {processor.py:153} INFO - Started process (PID=3249) to work on /home/airflow/.local/lib/python3.7/site-packages/airflow/example_dags/example_short_circuit_decorator.py
[2024-01-04T23:32:12.480+0000] {processor.py:743} INFO - Processing file /home/airflow/.local/lib/python3.7/site-packages/airflow/example_dags/example_short_circuit_decorator.py for tasks to queue
[2024-01-04T23:32:12.480+0000] {logging_mixin.py:137} INFO - [2024-01-04T23:32:12.480+0000] {dagbag.py:538} INFO - Filling up the DagBag from /home/airflow/.local/lib/python3.7/site-packages/airflow/example_dags/example_short_circuit_decorator.py
[2024-01-04T23:32:12.501+0000] {processor.py:753} INFO - DAG(s) dict_keys(['example_short_circuit_decorator']) retrieved from /home/airflow/.local/lib/python3.7/site-packages/airflow/example_dags/example_short_circuit_decorator.py
[2024-01-04T23:32:12.524+0000] {logging_mixin.py:137} INFO - [2024-01-04T23:32:12.524+0000] {dag.py:2690} INFO - Sync 1 DAGs
[2024-01-04T23:32:12.541+0000] {logging_mixin.py:137} INFO - [2024-01-04T23:32:12.541+0000] {dag.py:3441} INFO - Setting next_dagrun for example_short_circuit_decorator to 2024-01-03T23:32:12.540882+00:00, run_after=2024-01-04T23:32:12.540882+00:00
[2024-01-04T23:32:12.553+0000] {processor.py:175} INFO - Processing /home/airflow/.local/lib/python3.7/site-packages/airflow/example_dags/example_short_circuit_decorator.py took 0.078 seconds
[2024-01-04T23:32:42.614+0000] {processor.py:153} INFO - Started process (PID=3323) to work on /home/airflow/.local/lib/python3.7/site-packages/airflow/example_dags/example_short_circuit_decorator.py
[2024-01-04T23:32:42.615+0000] {processor.py:743} INFO - Processing file /home/airflow/.local/lib/python3.7/site-packages/airflow/example_dags/example_short_circuit_decorator.py for tasks to queue
[2024-01-04T23:32:42.615+0000] {logging_mixin.py:137} INFO - [2024-01-04T23:32:42.615+0000] {dagbag.py:538} INFO - Filling up the DagBag from /home/airflow/.local/lib/python3.7/site-packages/airflow/example_dags/example_short_circuit_decorator.py
[2024-01-04T23:32:42.631+0000] {processor.py:753} INFO - DAG(s) dict_keys(['example_short_circuit_decorator']) retrieved from /home/airflow/.local/lib/python3.7/site-packages/airflow/example_dags/example_short_circuit_decorator.py
[2024-01-04T23:32:42.649+0000] {logging_mixin.py:137} INFO - [2024-01-04T23:32:42.649+0000] {dag.py:2690} INFO - Sync 1 DAGs
[2024-01-04T23:32:42.665+0000] {logging_mixin.py:137} INFO - [2024-01-04T23:32:42.664+0000] {dag.py:3441} INFO - Setting next_dagrun for example_short_circuit_decorator to 2024-01-03T23:32:42.664740+00:00, run_after=2024-01-04T23:32:42.664740+00:00
[2024-01-04T23:32:42.675+0000] {processor.py:175} INFO - Processing /home/airflow/.local/lib/python3.7/site-packages/airflow/example_dags/example_short_circuit_decorator.py took 0.064 seconds
[2024-01-04T23:33:13.498+0000] {processor.py:153} INFO - Started process (PID=3393) to work on /home/airflow/.local/lib/python3.7/site-packages/airflow/example_dags/example_short_circuit_decorator.py
[2024-01-04T23:33:13.501+0000] {processor.py:743} INFO - Processing file /home/airflow/.local/lib/python3.7/site-packages/airflow/example_dags/example_short_circuit_decorator.py for tasks to queue
[2024-01-04T23:33:13.503+0000] {logging_mixin.py:137} INFO - [2024-01-04T23:33:13.502+0000] {dagbag.py:538} INFO - Filling up the DagBag from /home/airflow/.local/lib/python3.7/site-packages/airflow/example_dags/example_short_circuit_decorator.py
[2024-01-04T23:33:13.576+0000] {processor.py:753} INFO - DAG(s) dict_keys(['example_short_circuit_decorator']) retrieved from /home/airflow/.local/lib/python3.7/site-packages/airflow/example_dags/example_short_circuit_decorator.py
[2024-01-04T23:33:13.627+0000] {logging_mixin.py:137} INFO - [2024-01-04T23:33:13.627+0000] {dag.py:2690} INFO - Sync 1 DAGs
[2024-01-04T23:33:13.653+0000] {logging_mixin.py:137} INFO - [2024-01-04T23:33:13.653+0000] {dag.py:3441} INFO - Setting next_dagrun for example_short_circuit_decorator to 2024-01-03T23:33:13.653256+00:00, run_after=2024-01-04T23:33:13.653256+00:00
[2024-01-04T23:33:13.687+0000] {processor.py:175} INFO - Processing /home/airflow/.local/lib/python3.7/site-packages/airflow/example_dags/example_short_circuit_decorator.py took 0.192 seconds
[2024-01-04T23:33:44.291+0000] {processor.py:153} INFO - Started process (PID=3462) to work on /home/airflow/.local/lib/python3.7/site-packages/airflow/example_dags/example_short_circuit_decorator.py
[2024-01-04T23:33:44.293+0000] {processor.py:743} INFO - Processing file /home/airflow/.local/lib/python3.7/site-packages/airflow/example_dags/example_short_circuit_decorator.py for tasks to queue
[2024-01-04T23:33:44.294+0000] {logging_mixin.py:137} INFO - [2024-01-04T23:33:44.293+0000] {dagbag.py:538} INFO - Filling up the DagBag from /home/airflow/.local/lib/python3.7/site-packages/airflow/example_dags/example_short_circuit_decorator.py
[2024-01-04T23:33:44.312+0000] {processor.py:753} INFO - DAG(s) dict_keys(['example_short_circuit_decorator']) retrieved from /home/airflow/.local/lib/python3.7/site-packages/airflow/example_dags/example_short_circuit_decorator.py
[2024-01-04T23:33:44.333+0000] {logging_mixin.py:137} INFO - [2024-01-04T23:33:44.333+0000] {dag.py:2690} INFO - Sync 1 DAGs
[2024-01-04T23:33:44.349+0000] {logging_mixin.py:137} INFO - [2024-01-04T23:33:44.349+0000] {dag.py:3441} INFO - Setting next_dagrun for example_short_circuit_decorator to 2024-01-03T23:33:44.349125+00:00, run_after=2024-01-04T23:33:44.349125+00:00
[2024-01-04T23:33:44.360+0000] {processor.py:175} INFO - Processing /home/airflow/.local/lib/python3.7/site-packages/airflow/example_dags/example_short_circuit_decorator.py took 0.072 seconds
[2024-01-04T23:34:14.798+0000] {processor.py:153} INFO - Started process (PID=3538) to work on /home/airflow/.local/lib/python3.7/site-packages/airflow/example_dags/example_short_circuit_decorator.py
[2024-01-04T23:34:14.799+0000] {processor.py:743} INFO - Processing file /home/airflow/.local/lib/python3.7/site-packages/airflow/example_dags/example_short_circuit_decorator.py for tasks to queue
[2024-01-04T23:34:14.800+0000] {logging_mixin.py:137} INFO - [2024-01-04T23:34:14.800+0000] {dagbag.py:538} INFO - Filling up the DagBag from /home/airflow/.local/lib/python3.7/site-packages/airflow/example_dags/example_short_circuit_decorator.py
[2024-01-04T23:34:14.818+0000] {processor.py:753} INFO - DAG(s) dict_keys(['example_short_circuit_decorator']) retrieved from /home/airflow/.local/lib/python3.7/site-packages/airflow/example_dags/example_short_circuit_decorator.py
[2024-01-04T23:34:14.840+0000] {logging_mixin.py:137} INFO - [2024-01-04T23:34:14.840+0000] {dag.py:2690} INFO - Sync 1 DAGs
[2024-01-04T23:34:14.857+0000] {logging_mixin.py:137} INFO - [2024-01-04T23:34:14.857+0000] {dag.py:3441} INFO - Setting next_dagrun for example_short_circuit_decorator to 2024-01-03T23:34:14.856850+00:00, run_after=2024-01-04T23:34:14.856850+00:00
[2024-01-04T23:34:14.875+0000] {processor.py:175} INFO - Processing /home/airflow/.local/lib/python3.7/site-packages/airflow/example_dags/example_short_circuit_decorator.py took 0.080 seconds
[2024-01-04T23:34:45.823+0000] {processor.py:153} INFO - Started process (PID=3600) to work on /home/airflow/.local/lib/python3.7/site-packages/airflow/example_dags/example_short_circuit_decorator.py
[2024-01-04T23:34:45.824+0000] {processor.py:743} INFO - Processing file /home/airflow/.local/lib/python3.7/site-packages/airflow/example_dags/example_short_circuit_decorator.py for tasks to queue
[2024-01-04T23:34:45.826+0000] {logging_mixin.py:137} INFO - [2024-01-04T23:34:45.826+0000] {dagbag.py:538} INFO - Filling up the DagBag from /home/airflow/.local/lib/python3.7/site-packages/airflow/example_dags/example_short_circuit_decorator.py
[2024-01-04T23:34:45.844+0000] {processor.py:753} INFO - DAG(s) dict_keys(['example_short_circuit_decorator']) retrieved from /home/airflow/.local/lib/python3.7/site-packages/airflow/example_dags/example_short_circuit_decorator.py
[2024-01-04T23:34:45.869+0000] {logging_mixin.py:137} INFO - [2024-01-04T23:34:45.869+0000] {dag.py:2690} INFO - Sync 1 DAGs
[2024-01-04T23:34:45.896+0000] {logging_mixin.py:137} INFO - [2024-01-04T23:34:45.896+0000] {dag.py:3441} INFO - Setting next_dagrun for example_short_circuit_decorator to 2024-01-03T23:34:45.895985+00:00, run_after=2024-01-04T23:34:45.895985+00:00
[2024-01-04T23:34:45.916+0000] {processor.py:175} INFO - Processing /home/airflow/.local/lib/python3.7/site-packages/airflow/example_dags/example_short_circuit_decorator.py took 0.097 seconds
[2024-01-04T23:35:16.752+0000] {processor.py:153} INFO - Started process (PID=3675) to work on /home/airflow/.local/lib/python3.7/site-packages/airflow/example_dags/example_short_circuit_decorator.py
[2024-01-04T23:35:16.753+0000] {processor.py:743} INFO - Processing file /home/airflow/.local/lib/python3.7/site-packages/airflow/example_dags/example_short_circuit_decorator.py for tasks to queue
[2024-01-04T23:35:16.754+0000] {logging_mixin.py:137} INFO - [2024-01-04T23:35:16.754+0000] {dagbag.py:538} INFO - Filling up the DagBag from /home/airflow/.local/lib/python3.7/site-packages/airflow/example_dags/example_short_circuit_decorator.py
[2024-01-04T23:35:16.771+0000] {processor.py:753} INFO - DAG(s) dict_keys(['example_short_circuit_decorator']) retrieved from /home/airflow/.local/lib/python3.7/site-packages/airflow/example_dags/example_short_circuit_decorator.py
[2024-01-04T23:35:16.793+0000] {logging_mixin.py:137} INFO - [2024-01-04T23:35:16.792+0000] {dag.py:2690} INFO - Sync 1 DAGs
[2024-01-04T23:35:16.808+0000] {logging_mixin.py:137} INFO - [2024-01-04T23:35:16.808+0000] {dag.py:3441} INFO - Setting next_dagrun for example_short_circuit_decorator to 2024-01-03T23:35:16.808360+00:00, run_after=2024-01-04T23:35:16.808360+00:00
[2024-01-04T23:35:16.820+0000] {processor.py:175} INFO - Processing /home/airflow/.local/lib/python3.7/site-packages/airflow/example_dags/example_short_circuit_decorator.py took 0.071 seconds
[2024-01-04T23:35:47.311+0000] {processor.py:153} INFO - Started process (PID=3744) to work on /home/airflow/.local/lib/python3.7/site-packages/airflow/example_dags/example_short_circuit_decorator.py
[2024-01-04T23:35:47.313+0000] {processor.py:743} INFO - Processing file /home/airflow/.local/lib/python3.7/site-packages/airflow/example_dags/example_short_circuit_decorator.py for tasks to queue
[2024-01-04T23:35:47.314+0000] {logging_mixin.py:137} INFO - [2024-01-04T23:35:47.314+0000] {dagbag.py:538} INFO - Filling up the DagBag from /home/airflow/.local/lib/python3.7/site-packages/airflow/example_dags/example_short_circuit_decorator.py
[2024-01-04T23:35:47.332+0000] {processor.py:753} INFO - DAG(s) dict_keys(['example_short_circuit_decorator']) retrieved from /home/airflow/.local/lib/python3.7/site-packages/airflow/example_dags/example_short_circuit_decorator.py
[2024-01-04T23:35:47.357+0000] {logging_mixin.py:137} INFO - [2024-01-04T23:35:47.357+0000] {dag.py:2690} INFO - Sync 1 DAGs
[2024-01-04T23:35:47.383+0000] {logging_mixin.py:137} INFO - [2024-01-04T23:35:47.383+0000] {dag.py:3441} INFO - Setting next_dagrun for example_short_circuit_decorator to 2024-01-03T23:35:47.383232+00:00, run_after=2024-01-04T23:35:47.383232+00:00
[2024-01-04T23:35:47.403+0000] {processor.py:175} INFO - Processing /home/airflow/.local/lib/python3.7/site-packages/airflow/example_dags/example_short_circuit_decorator.py took 0.095 seconds
[2024-01-04T23:36:18.249+0000] {processor.py:153} INFO - Started process (PID=3812) to work on /home/airflow/.local/lib/python3.7/site-packages/airflow/example_dags/example_short_circuit_decorator.py
[2024-01-04T23:36:18.250+0000] {processor.py:743} INFO - Processing file /home/airflow/.local/lib/python3.7/site-packages/airflow/example_dags/example_short_circuit_decorator.py for tasks to queue
[2024-01-04T23:36:18.251+0000] {logging_mixin.py:137} INFO - [2024-01-04T23:36:18.251+0000] {dagbag.py:538} INFO - Filling up the DagBag from /home/airflow/.local/lib/python3.7/site-packages/airflow/example_dags/example_short_circuit_decorator.py
[2024-01-04T23:36:18.269+0000] {processor.py:753} INFO - DAG(s) dict_keys(['example_short_circuit_decorator']) retrieved from /home/airflow/.local/lib/python3.7/site-packages/airflow/example_dags/example_short_circuit_decorator.py
[2024-01-04T23:36:18.298+0000] {logging_mixin.py:137} INFO - [2024-01-04T23:36:18.298+0000] {dag.py:2690} INFO - Sync 1 DAGs
[2024-01-04T23:36:18.326+0000] {logging_mixin.py:137} INFO - [2024-01-04T23:36:18.326+0000] {dag.py:3441} INFO - Setting next_dagrun for example_short_circuit_decorator to 2024-01-03T23:36:18.326238+00:00, run_after=2024-01-04T23:36:18.326238+00:00
[2024-01-04T23:36:18.341+0000] {processor.py:175} INFO - Processing /home/airflow/.local/lib/python3.7/site-packages/airflow/example_dags/example_short_circuit_decorator.py took 0.096 seconds
[2024-01-04T23:36:48.840+0000] {processor.py:153} INFO - Started process (PID=3887) to work on /home/airflow/.local/lib/python3.7/site-packages/airflow/example_dags/example_short_circuit_decorator.py
[2024-01-04T23:36:48.841+0000] {processor.py:743} INFO - Processing file /home/airflow/.local/lib/python3.7/site-packages/airflow/example_dags/example_short_circuit_decorator.py for tasks to queue
[2024-01-04T23:36:48.842+0000] {logging_mixin.py:137} INFO - [2024-01-04T23:36:48.842+0000] {dagbag.py:538} INFO - Filling up the DagBag from /home/airflow/.local/lib/python3.7/site-packages/airflow/example_dags/example_short_circuit_decorator.py
[2024-01-04T23:36:48.861+0000] {processor.py:753} INFO - DAG(s) dict_keys(['example_short_circuit_decorator']) retrieved from /home/airflow/.local/lib/python3.7/site-packages/airflow/example_dags/example_short_circuit_decorator.py
[2024-01-04T23:36:48.883+0000] {logging_mixin.py:137} INFO - [2024-01-04T23:36:48.883+0000] {dag.py:2690} INFO - Sync 1 DAGs
[2024-01-04T23:36:48.900+0000] {logging_mixin.py:137} INFO - [2024-01-04T23:36:48.900+0000] {dag.py:3441} INFO - Setting next_dagrun for example_short_circuit_decorator to 2024-01-03T23:36:48.900353+00:00, run_after=2024-01-04T23:36:48.900353+00:00
[2024-01-04T23:36:48.913+0000] {processor.py:175} INFO - Processing /home/airflow/.local/lib/python3.7/site-packages/airflow/example_dags/example_short_circuit_decorator.py took 0.076 seconds
[2024-01-04T23:37:19.352+0000] {processor.py:153} INFO - Started process (PID=3950) to work on /home/airflow/.local/lib/python3.7/site-packages/airflow/example_dags/example_short_circuit_decorator.py
[2024-01-04T23:37:19.353+0000] {processor.py:743} INFO - Processing file /home/airflow/.local/lib/python3.7/site-packages/airflow/example_dags/example_short_circuit_decorator.py for tasks to queue
[2024-01-04T23:37:19.354+0000] {logging_mixin.py:137} INFO - [2024-01-04T23:37:19.354+0000] {dagbag.py:538} INFO - Filling up the DagBag from /home/airflow/.local/lib/python3.7/site-packages/airflow/example_dags/example_short_circuit_decorator.py
[2024-01-04T23:37:19.376+0000] {processor.py:753} INFO - DAG(s) dict_keys(['example_short_circuit_decorator']) retrieved from /home/airflow/.local/lib/python3.7/site-packages/airflow/example_dags/example_short_circuit_decorator.py
[2024-01-04T23:37:19.399+0000] {logging_mixin.py:137} INFO - [2024-01-04T23:37:19.399+0000] {dag.py:2690} INFO - Sync 1 DAGs
[2024-01-04T23:37:19.416+0000] {logging_mixin.py:137} INFO - [2024-01-04T23:37:19.416+0000] {dag.py:3441} INFO - Setting next_dagrun for example_short_circuit_decorator to 2024-01-03T23:37:19.416329+00:00, run_after=2024-01-04T23:37:19.416329+00:00
[2024-01-04T23:37:19.500+0000] {processor.py:175} INFO - Processing /home/airflow/.local/lib/python3.7/site-packages/airflow/example_dags/example_short_circuit_decorator.py took 0.151 seconds
[2024-01-04T23:37:50.148+0000] {processor.py:153} INFO - Started process (PID=4024) to work on /home/airflow/.local/lib/python3.7/site-packages/airflow/example_dags/example_short_circuit_decorator.py
[2024-01-04T23:37:50.149+0000] {processor.py:743} INFO - Processing file /home/airflow/.local/lib/python3.7/site-packages/airflow/example_dags/example_short_circuit_decorator.py for tasks to queue
[2024-01-04T23:37:50.151+0000] {logging_mixin.py:137} INFO - [2024-01-04T23:37:50.150+0000] {dagbag.py:538} INFO - Filling up the DagBag from /home/airflow/.local/lib/python3.7/site-packages/airflow/example_dags/example_short_circuit_decorator.py
[2024-01-04T23:37:50.168+0000] {processor.py:753} INFO - DAG(s) dict_keys(['example_short_circuit_decorator']) retrieved from /home/airflow/.local/lib/python3.7/site-packages/airflow/example_dags/example_short_circuit_decorator.py
[2024-01-04T23:37:50.187+0000] {logging_mixin.py:137} INFO - [2024-01-04T23:37:50.187+0000] {dag.py:2690} INFO - Sync 1 DAGs
[2024-01-04T23:37:50.206+0000] {logging_mixin.py:137} INFO - [2024-01-04T23:37:50.206+0000] {dag.py:3441} INFO - Setting next_dagrun for example_short_circuit_decorator to 2024-01-03T23:37:50.205931+00:00, run_after=2024-01-04T23:37:50.205931+00:00
[2024-01-04T23:37:50.216+0000] {processor.py:175} INFO - Processing /home/airflow/.local/lib/python3.7/site-packages/airflow/example_dags/example_short_circuit_decorator.py took 0.071 seconds
[2024-01-04T23:38:20.757+0000] {processor.py:153} INFO - Started process (PID=4088) to work on /home/airflow/.local/lib/python3.7/site-packages/airflow/example_dags/example_short_circuit_decorator.py
[2024-01-04T23:38:20.758+0000] {processor.py:743} INFO - Processing file /home/airflow/.local/lib/python3.7/site-packages/airflow/example_dags/example_short_circuit_decorator.py for tasks to queue
[2024-01-04T23:38:20.759+0000] {logging_mixin.py:137} INFO - [2024-01-04T23:38:20.759+0000] {dagbag.py:538} INFO - Filling up the DagBag from /home/airflow/.local/lib/python3.7/site-packages/airflow/example_dags/example_short_circuit_decorator.py
[2024-01-04T23:38:20.781+0000] {processor.py:753} INFO - DAG(s) dict_keys(['example_short_circuit_decorator']) retrieved from /home/airflow/.local/lib/python3.7/site-packages/airflow/example_dags/example_short_circuit_decorator.py
[2024-01-04T23:38:20.805+0000] {logging_mixin.py:137} INFO - [2024-01-04T23:38:20.805+0000] {dag.py:2690} INFO - Sync 1 DAGs
[2024-01-04T23:38:20.821+0000] {logging_mixin.py:137} INFO - [2024-01-04T23:38:20.821+0000] {dag.py:3441} INFO - Setting next_dagrun for example_short_circuit_decorator to 2024-01-03T23:38:20.821493+00:00, run_after=2024-01-04T23:38:20.821493+00:00
[2024-01-04T23:38:20.834+0000] {processor.py:175} INFO - Processing /home/airflow/.local/lib/python3.7/site-packages/airflow/example_dags/example_short_circuit_decorator.py took 0.080 seconds
[2024-01-04T23:38:51.558+0000] {processor.py:153} INFO - Started process (PID=4162) to work on /home/airflow/.local/lib/python3.7/site-packages/airflow/example_dags/example_short_circuit_decorator.py
[2024-01-04T23:38:51.560+0000] {processor.py:743} INFO - Processing file /home/airflow/.local/lib/python3.7/site-packages/airflow/example_dags/example_short_circuit_decorator.py for tasks to queue
[2024-01-04T23:38:51.561+0000] {logging_mixin.py:137} INFO - [2024-01-04T23:38:51.560+0000] {dagbag.py:538} INFO - Filling up the DagBag from /home/airflow/.local/lib/python3.7/site-packages/airflow/example_dags/example_short_circuit_decorator.py
[2024-01-04T23:38:51.577+0000] {processor.py:753} INFO - DAG(s) dict_keys(['example_short_circuit_decorator']) retrieved from /home/airflow/.local/lib/python3.7/site-packages/airflow/example_dags/example_short_circuit_decorator.py
[2024-01-04T23:38:51.601+0000] {logging_mixin.py:137} INFO - [2024-01-04T23:38:51.601+0000] {dag.py:2690} INFO - Sync 1 DAGs
[2024-01-04T23:38:51.625+0000] {logging_mixin.py:137} INFO - [2024-01-04T23:38:51.625+0000] {dag.py:3441} INFO - Setting next_dagrun for example_short_circuit_decorator to 2024-01-03T23:38:51.624908+00:00, run_after=2024-01-04T23:38:51.624908+00:00
[2024-01-04T23:38:51.639+0000] {processor.py:175} INFO - Processing /home/airflow/.local/lib/python3.7/site-packages/airflow/example_dags/example_short_circuit_decorator.py took 0.083 seconds
[2024-01-04T23:39:22.520+0000] {processor.py:153} INFO - Started process (PID=4237) to work on /home/airflow/.local/lib/python3.7/site-packages/airflow/example_dags/example_short_circuit_decorator.py
[2024-01-04T23:39:22.526+0000] {processor.py:743} INFO - Processing file /home/airflow/.local/lib/python3.7/site-packages/airflow/example_dags/example_short_circuit_decorator.py for tasks to queue
[2024-01-04T23:39:22.543+0000] {logging_mixin.py:137} INFO - [2024-01-04T23:39:22.543+0000] {dagbag.py:538} INFO - Filling up the DagBag from /home/airflow/.local/lib/python3.7/site-packages/airflow/example_dags/example_short_circuit_decorator.py
[2024-01-04T23:39:22.643+0000] {processor.py:753} INFO - DAG(s) dict_keys(['example_short_circuit_decorator']) retrieved from /home/airflow/.local/lib/python3.7/site-packages/airflow/example_dags/example_short_circuit_decorator.py
[2024-01-04T23:39:22.708+0000] {logging_mixin.py:137} INFO - [2024-01-04T23:39:22.708+0000] {dag.py:2690} INFO - Sync 1 DAGs
[2024-01-04T23:39:22.738+0000] {logging_mixin.py:137} INFO - [2024-01-04T23:39:22.738+0000] {dag.py:3441} INFO - Setting next_dagrun for example_short_circuit_decorator to 2024-01-03T23:39:22.737683+00:00, run_after=2024-01-04T23:39:22.737683+00:00
[2024-01-04T23:39:22.768+0000] {processor.py:175} INFO - Processing /home/airflow/.local/lib/python3.7/site-packages/airflow/example_dags/example_short_circuit_decorator.py took 0.262 seconds
[2024-01-04T23:56:24.651+0000] {processor.py:153} INFO - Started process (PID=4276) to work on /home/airflow/.local/lib/python3.7/site-packages/airflow/example_dags/example_short_circuit_decorator.py
[2024-01-04T23:56:24.653+0000] {processor.py:743} INFO - Processing file /home/airflow/.local/lib/python3.7/site-packages/airflow/example_dags/example_short_circuit_decorator.py for tasks to queue
[2024-01-04T23:56:24.654+0000] {logging_mixin.py:137} INFO - [2024-01-04T23:56:24.654+0000] {dagbag.py:538} INFO - Filling up the DagBag from /home/airflow/.local/lib/python3.7/site-packages/airflow/example_dags/example_short_circuit_decorator.py
[2024-01-04T23:56:24.677+0000] {processor.py:753} INFO - DAG(s) dict_keys(['example_short_circuit_decorator']) retrieved from /home/airflow/.local/lib/python3.7/site-packages/airflow/example_dags/example_short_circuit_decorator.py
[2024-01-04T23:56:24.712+0000] {logging_mixin.py:137} INFO - [2024-01-04T23:56:24.712+0000] {dag.py:2690} INFO - Sync 1 DAGs
[2024-01-04T23:56:24.735+0000] {logging_mixin.py:137} INFO - [2024-01-04T23:56:24.735+0000] {dag.py:3441} INFO - Setting next_dagrun for example_short_circuit_decorator to 2024-01-03T23:56:24.734908+00:00, run_after=2024-01-04T23:56:24.734908+00:00
[2024-01-04T23:56:24.749+0000] {processor.py:175} INFO - Processing /home/airflow/.local/lib/python3.7/site-packages/airflow/example_dags/example_short_circuit_decorator.py took 0.101 seconds
