[2024-01-04T23:09:10.973+0000] {processor.py:153} INFO - Started process (PID=86) to work on /home/airflow/.local/lib/python3.7/site-packages/airflow/example_dags/tutorial.py
[2024-01-04T23:09:10.975+0000] {processor.py:743} INFO - Processing file /home/airflow/.local/lib/python3.7/site-packages/airflow/example_dags/tutorial.py for tasks to queue
[2024-01-04T23:09:10.976+0000] {logging_mixin.py:137} INFO - [2024-01-04T23:09:10.976+0000] {dagbag.py:538} INFO - Filling up the DagBag from /home/airflow/.local/lib/python3.7/site-packages/airflow/example_dags/tutorial.py
[2024-01-04T23:09:11.006+0000] {processor.py:753} INFO - DAG(s) dict_keys(['tutorial']) retrieved from /home/airflow/.local/lib/python3.7/site-packages/airflow/example_dags/tutorial.py
[2024-01-04T23:09:11.195+0000] {logging_mixin.py:137} INFO - [2024-01-04T23:09:11.194+0000] {manager.py:504} INFO - Created Permission View: can delete on DAG:tutorial
[2024-01-04T23:09:11.225+0000] {logging_mixin.py:137} INFO - [2024-01-04T23:09:11.224+0000] {manager.py:504} INFO - Created Permission View: can edit on DAG:tutorial
[2024-01-04T23:09:11.245+0000] {logging_mixin.py:137} INFO - [2024-01-04T23:09:11.244+0000] {manager.py:504} INFO - Created Permission View: can read on DAG:tutorial
[2024-01-04T23:09:11.249+0000] {logging_mixin.py:137} INFO - [2024-01-04T23:09:11.248+0000] {dag.py:2690} INFO - Sync 1 DAGs
[2024-01-04T23:09:11.265+0000] {logging_mixin.py:137} INFO - [2024-01-04T23:09:11.265+0000] {dag.py:2711} INFO - Creating ORM DAG for tutorial
[2024-01-04T23:09:11.279+0000] {logging_mixin.py:137} INFO - [2024-01-04T23:09:11.279+0000] {dag.py:3441} INFO - Setting next_dagrun for tutorial to 2024-01-03T23:09:11.279259+00:00, run_after=2024-01-04T23:09:11.279259+00:00
[2024-01-04T23:09:11.299+0000] {processor.py:175} INFO - Processing /home/airflow/.local/lib/python3.7/site-packages/airflow/example_dags/tutorial.py took 0.329 seconds
[2024-01-04T23:09:41.938+0000] {processor.py:153} INFO - Started process (PID=149) to work on /home/airflow/.local/lib/python3.7/site-packages/airflow/example_dags/tutorial.py
[2024-01-04T23:09:41.939+0000] {processor.py:743} INFO - Processing file /home/airflow/.local/lib/python3.7/site-packages/airflow/example_dags/tutorial.py for tasks to queue
[2024-01-04T23:09:41.940+0000] {logging_mixin.py:137} INFO - [2024-01-04T23:09:41.940+0000] {dagbag.py:538} INFO - Filling up the DagBag from /home/airflow/.local/lib/python3.7/site-packages/airflow/example_dags/tutorial.py
[2024-01-04T23:09:41.950+0000] {processor.py:753} INFO - DAG(s) dict_keys(['tutorial']) retrieved from /home/airflow/.local/lib/python3.7/site-packages/airflow/example_dags/tutorial.py
[2024-01-04T23:09:41.968+0000] {logging_mixin.py:137} INFO - [2024-01-04T23:09:41.967+0000] {dag.py:2690} INFO - Sync 1 DAGs
[2024-01-04T23:09:41.982+0000] {logging_mixin.py:137} INFO - [2024-01-04T23:09:41.982+0000] {dag.py:3441} INFO - Setting next_dagrun for tutorial to 2024-01-03T23:09:41.982276+00:00, run_after=2024-01-04T23:09:41.982276+00:00
[2024-01-04T23:09:41.993+0000] {processor.py:175} INFO - Processing /home/airflow/.local/lib/python3.7/site-packages/airflow/example_dags/tutorial.py took 0.059 seconds
[2024-01-04T23:10:12.359+0000] {processor.py:153} INFO - Started process (PID=224) to work on /home/airflow/.local/lib/python3.7/site-packages/airflow/example_dags/tutorial.py
[2024-01-04T23:10:12.360+0000] {processor.py:743} INFO - Processing file /home/airflow/.local/lib/python3.7/site-packages/airflow/example_dags/tutorial.py for tasks to queue
[2024-01-04T23:10:12.361+0000] {logging_mixin.py:137} INFO - [2024-01-04T23:10:12.361+0000] {dagbag.py:538} INFO - Filling up the DagBag from /home/airflow/.local/lib/python3.7/site-packages/airflow/example_dags/tutorial.py
[2024-01-04T23:10:12.372+0000] {processor.py:753} INFO - DAG(s) dict_keys(['tutorial']) retrieved from /home/airflow/.local/lib/python3.7/site-packages/airflow/example_dags/tutorial.py
[2024-01-04T23:10:12.394+0000] {logging_mixin.py:137} INFO - [2024-01-04T23:10:12.394+0000] {dag.py:2690} INFO - Sync 1 DAGs
[2024-01-04T23:10:12.412+0000] {logging_mixin.py:137} INFO - [2024-01-04T23:10:12.412+0000] {dag.py:3441} INFO - Setting next_dagrun for tutorial to 2024-01-03T23:10:12.411849+00:00, run_after=2024-01-04T23:10:12.411849+00:00
[2024-01-04T23:10:12.423+0000] {processor.py:175} INFO - Processing /home/airflow/.local/lib/python3.7/site-packages/airflow/example_dags/tutorial.py took 0.067 seconds
[2024-01-04T23:10:42.725+0000] {processor.py:153} INFO - Started process (PID=286) to work on /home/airflow/.local/lib/python3.7/site-packages/airflow/example_dags/tutorial.py
[2024-01-04T23:10:42.727+0000] {processor.py:743} INFO - Processing file /home/airflow/.local/lib/python3.7/site-packages/airflow/example_dags/tutorial.py for tasks to queue
[2024-01-04T23:10:42.727+0000] {logging_mixin.py:137} INFO - [2024-01-04T23:10:42.727+0000] {dagbag.py:538} INFO - Filling up the DagBag from /home/airflow/.local/lib/python3.7/site-packages/airflow/example_dags/tutorial.py
[2024-01-04T23:10:42.738+0000] {processor.py:753} INFO - DAG(s) dict_keys(['tutorial']) retrieved from /home/airflow/.local/lib/python3.7/site-packages/airflow/example_dags/tutorial.py
[2024-01-04T23:10:42.758+0000] {logging_mixin.py:137} INFO - [2024-01-04T23:10:42.758+0000] {dag.py:2690} INFO - Sync 1 DAGs
[2024-01-04T23:10:42.774+0000] {logging_mixin.py:137} INFO - [2024-01-04T23:10:42.774+0000] {dag.py:3441} INFO - Setting next_dagrun for tutorial to 2024-01-03T23:10:42.773979+00:00, run_after=2024-01-04T23:10:42.773979+00:00
[2024-01-04T23:10:42.785+0000] {processor.py:175} INFO - Processing /home/airflow/.local/lib/python3.7/site-packages/airflow/example_dags/tutorial.py took 0.062 seconds
[2024-01-04T23:11:12.955+0000] {processor.py:153} INFO - Started process (PID=362) to work on /home/airflow/.local/lib/python3.7/site-packages/airflow/example_dags/tutorial.py
[2024-01-04T23:11:12.958+0000] {processor.py:743} INFO - Processing file /home/airflow/.local/lib/python3.7/site-packages/airflow/example_dags/tutorial.py for tasks to queue
[2024-01-04T23:11:12.959+0000] {logging_mixin.py:137} INFO - [2024-01-04T23:11:12.959+0000] {dagbag.py:538} INFO - Filling up the DagBag from /home/airflow/.local/lib/python3.7/site-packages/airflow/example_dags/tutorial.py
[2024-01-04T23:11:12.971+0000] {processor.py:753} INFO - DAG(s) dict_keys(['tutorial']) retrieved from /home/airflow/.local/lib/python3.7/site-packages/airflow/example_dags/tutorial.py
[2024-01-04T23:11:12.991+0000] {logging_mixin.py:137} INFO - [2024-01-04T23:11:12.991+0000] {dag.py:2690} INFO - Sync 1 DAGs
[2024-01-04T23:11:13.008+0000] {logging_mixin.py:137} INFO - [2024-01-04T23:11:13.008+0000] {dag.py:3441} INFO - Setting next_dagrun for tutorial to 2024-01-03T23:11:13.007777+00:00, run_after=2024-01-04T23:11:13.007777+00:00
[2024-01-04T23:11:13.018+0000] {processor.py:175} INFO - Processing /home/airflow/.local/lib/python3.7/site-packages/airflow/example_dags/tutorial.py took 0.068 seconds
[2024-01-04T23:11:44.103+0000] {processor.py:153} INFO - Started process (PID=437) to work on /home/airflow/.local/lib/python3.7/site-packages/airflow/example_dags/tutorial.py
[2024-01-04T23:11:44.111+0000] {processor.py:743} INFO - Processing file /home/airflow/.local/lib/python3.7/site-packages/airflow/example_dags/tutorial.py for tasks to queue
[2024-01-04T23:11:44.116+0000] {logging_mixin.py:137} INFO - [2024-01-04T23:11:44.116+0000] {dagbag.py:538} INFO - Filling up the DagBag from /home/airflow/.local/lib/python3.7/site-packages/airflow/example_dags/tutorial.py
[2024-01-04T23:11:44.153+0000] {processor.py:753} INFO - DAG(s) dict_keys(['tutorial']) retrieved from /home/airflow/.local/lib/python3.7/site-packages/airflow/example_dags/tutorial.py
[2024-01-04T23:11:44.198+0000] {logging_mixin.py:137} INFO - [2024-01-04T23:11:44.197+0000] {dag.py:2690} INFO - Sync 1 DAGs
[2024-01-04T23:11:44.224+0000] {logging_mixin.py:137} INFO - [2024-01-04T23:11:44.223+0000] {dag.py:3441} INFO - Setting next_dagrun for tutorial to 2024-01-03T23:11:44.223634+00:00, run_after=2024-01-04T23:11:44.223634+00:00
[2024-01-04T23:11:44.239+0000] {processor.py:175} INFO - Processing /home/airflow/.local/lib/python3.7/site-packages/airflow/example_dags/tutorial.py took 0.148 seconds
[2024-01-04T23:12:14.276+0000] {processor.py:153} INFO - Started process (PID=500) to work on /home/airflow/.local/lib/python3.7/site-packages/airflow/example_dags/tutorial.py
[2024-01-04T23:12:14.277+0000] {processor.py:743} INFO - Processing file /home/airflow/.local/lib/python3.7/site-packages/airflow/example_dags/tutorial.py for tasks to queue
[2024-01-04T23:12:14.278+0000] {logging_mixin.py:137} INFO - [2024-01-04T23:12:14.278+0000] {dagbag.py:538} INFO - Filling up the DagBag from /home/airflow/.local/lib/python3.7/site-packages/airflow/example_dags/tutorial.py
[2024-01-04T23:12:14.290+0000] {processor.py:753} INFO - DAG(s) dict_keys(['tutorial']) retrieved from /home/airflow/.local/lib/python3.7/site-packages/airflow/example_dags/tutorial.py
[2024-01-04T23:12:14.308+0000] {logging_mixin.py:137} INFO - [2024-01-04T23:12:14.308+0000] {dag.py:2690} INFO - Sync 1 DAGs
[2024-01-04T23:12:14.324+0000] {logging_mixin.py:137} INFO - [2024-01-04T23:12:14.324+0000] {dag.py:3441} INFO - Setting next_dagrun for tutorial to 2024-01-03T23:12:14.324177+00:00, run_after=2024-01-04T23:12:14.324177+00:00
[2024-01-04T23:12:14.346+0000] {processor.py:175} INFO - Processing /home/airflow/.local/lib/python3.7/site-packages/airflow/example_dags/tutorial.py took 0.074 seconds
[2024-01-04T23:12:44.529+0000] {processor.py:153} INFO - Started process (PID=576) to work on /home/airflow/.local/lib/python3.7/site-packages/airflow/example_dags/tutorial.py
[2024-01-04T23:12:44.531+0000] {processor.py:743} INFO - Processing file /home/airflow/.local/lib/python3.7/site-packages/airflow/example_dags/tutorial.py for tasks to queue
[2024-01-04T23:12:44.531+0000] {logging_mixin.py:137} INFO - [2024-01-04T23:12:44.531+0000] {dagbag.py:538} INFO - Filling up the DagBag from /home/airflow/.local/lib/python3.7/site-packages/airflow/example_dags/tutorial.py
[2024-01-04T23:12:44.541+0000] {processor.py:753} INFO - DAG(s) dict_keys(['tutorial']) retrieved from /home/airflow/.local/lib/python3.7/site-packages/airflow/example_dags/tutorial.py
[2024-01-04T23:12:44.559+0000] {logging_mixin.py:137} INFO - [2024-01-04T23:12:44.559+0000] {dag.py:2690} INFO - Sync 1 DAGs
[2024-01-04T23:12:44.574+0000] {logging_mixin.py:137} INFO - [2024-01-04T23:12:44.574+0000] {dag.py:3441} INFO - Setting next_dagrun for tutorial to 2024-01-03T23:12:44.574226+00:00, run_after=2024-01-04T23:12:44.574226+00:00
[2024-01-04T23:12:44.585+0000] {processor.py:175} INFO - Processing /home/airflow/.local/lib/python3.7/site-packages/airflow/example_dags/tutorial.py took 0.058 seconds
[2024-01-04T23:13:14.875+0000] {processor.py:153} INFO - Started process (PID=639) to work on /home/airflow/.local/lib/python3.7/site-packages/airflow/example_dags/tutorial.py
[2024-01-04T23:13:14.876+0000] {processor.py:743} INFO - Processing file /home/airflow/.local/lib/python3.7/site-packages/airflow/example_dags/tutorial.py for tasks to queue
[2024-01-04T23:13:14.877+0000] {logging_mixin.py:137} INFO - [2024-01-04T23:13:14.877+0000] {dagbag.py:538} INFO - Filling up the DagBag from /home/airflow/.local/lib/python3.7/site-packages/airflow/example_dags/tutorial.py
[2024-01-04T23:13:14.887+0000] {processor.py:753} INFO - DAG(s) dict_keys(['tutorial']) retrieved from /home/airflow/.local/lib/python3.7/site-packages/airflow/example_dags/tutorial.py
[2024-01-04T23:13:14.905+0000] {logging_mixin.py:137} INFO - [2024-01-04T23:13:14.905+0000] {dag.py:2690} INFO - Sync 1 DAGs
[2024-01-04T23:13:14.920+0000] {logging_mixin.py:137} INFO - [2024-01-04T23:13:14.920+0000] {dag.py:3441} INFO - Setting next_dagrun for tutorial to 2024-01-03T23:13:14.920552+00:00, run_after=2024-01-04T23:13:14.920552+00:00
[2024-01-04T23:13:14.930+0000] {processor.py:175} INFO - Processing /home/airflow/.local/lib/python3.7/site-packages/airflow/example_dags/tutorial.py took 0.057 seconds
[2024-01-04T23:13:45.418+0000] {processor.py:153} INFO - Started process (PID=715) to work on /home/airflow/.local/lib/python3.7/site-packages/airflow/example_dags/tutorial.py
[2024-01-04T23:13:45.419+0000] {processor.py:743} INFO - Processing file /home/airflow/.local/lib/python3.7/site-packages/airflow/example_dags/tutorial.py for tasks to queue
[2024-01-04T23:13:45.420+0000] {logging_mixin.py:137} INFO - [2024-01-04T23:13:45.420+0000] {dagbag.py:538} INFO - Filling up the DagBag from /home/airflow/.local/lib/python3.7/site-packages/airflow/example_dags/tutorial.py
[2024-01-04T23:13:45.430+0000] {processor.py:753} INFO - DAG(s) dict_keys(['tutorial']) retrieved from /home/airflow/.local/lib/python3.7/site-packages/airflow/example_dags/tutorial.py
[2024-01-04T23:13:45.449+0000] {logging_mixin.py:137} INFO - [2024-01-04T23:13:45.448+0000] {dag.py:2690} INFO - Sync 1 DAGs
[2024-01-04T23:13:45.464+0000] {logging_mixin.py:137} INFO - [2024-01-04T23:13:45.464+0000] {dag.py:3441} INFO - Setting next_dagrun for tutorial to 2024-01-03T23:13:45.464305+00:00, run_after=2024-01-04T23:13:45.464305+00:00
[2024-01-04T23:13:45.474+0000] {processor.py:175} INFO - Processing /home/airflow/.local/lib/python3.7/site-packages/airflow/example_dags/tutorial.py took 0.059 seconds
[2024-01-04T23:14:15.973+0000] {processor.py:153} INFO - Started process (PID=790) to work on /home/airflow/.local/lib/python3.7/site-packages/airflow/example_dags/tutorial.py
[2024-01-04T23:14:15.975+0000] {processor.py:743} INFO - Processing file /home/airflow/.local/lib/python3.7/site-packages/airflow/example_dags/tutorial.py for tasks to queue
[2024-01-04T23:14:15.975+0000] {logging_mixin.py:137} INFO - [2024-01-04T23:14:15.975+0000] {dagbag.py:538} INFO - Filling up the DagBag from /home/airflow/.local/lib/python3.7/site-packages/airflow/example_dags/tutorial.py
[2024-01-04T23:14:15.986+0000] {processor.py:753} INFO - DAG(s) dict_keys(['tutorial']) retrieved from /home/airflow/.local/lib/python3.7/site-packages/airflow/example_dags/tutorial.py
[2024-01-04T23:14:16.004+0000] {logging_mixin.py:137} INFO - [2024-01-04T23:14:16.004+0000] {dag.py:2690} INFO - Sync 1 DAGs
[2024-01-04T23:14:16.019+0000] {logging_mixin.py:137} INFO - [2024-01-04T23:14:16.019+0000] {dag.py:3441} INFO - Setting next_dagrun for tutorial to 2024-01-03T23:14:16.019483+00:00, run_after=2024-01-04T23:14:16.019483+00:00
[2024-01-04T23:14:16.029+0000] {processor.py:175} INFO - Processing /home/airflow/.local/lib/python3.7/site-packages/airflow/example_dags/tutorial.py took 0.059 seconds
[2024-01-04T23:14:46.446+0000] {processor.py:153} INFO - Started process (PID=853) to work on /home/airflow/.local/lib/python3.7/site-packages/airflow/example_dags/tutorial.py
[2024-01-04T23:14:46.447+0000] {processor.py:743} INFO - Processing file /home/airflow/.local/lib/python3.7/site-packages/airflow/example_dags/tutorial.py for tasks to queue
[2024-01-04T23:14:46.450+0000] {logging_mixin.py:137} INFO - [2024-01-04T23:14:46.450+0000] {dagbag.py:538} INFO - Filling up the DagBag from /home/airflow/.local/lib/python3.7/site-packages/airflow/example_dags/tutorial.py
[2024-01-04T23:14:46.468+0000] {processor.py:753} INFO - DAG(s) dict_keys(['tutorial']) retrieved from /home/airflow/.local/lib/python3.7/site-packages/airflow/example_dags/tutorial.py
[2024-01-04T23:14:46.490+0000] {logging_mixin.py:137} INFO - [2024-01-04T23:14:46.490+0000] {dag.py:2690} INFO - Sync 1 DAGs
[2024-01-04T23:14:46.506+0000] {logging_mixin.py:137} INFO - [2024-01-04T23:14:46.506+0000] {dag.py:3441} INFO - Setting next_dagrun for tutorial to 2024-01-03T23:14:46.506501+00:00, run_after=2024-01-04T23:14:46.506501+00:00
[2024-01-04T23:14:46.517+0000] {processor.py:175} INFO - Processing /home/airflow/.local/lib/python3.7/site-packages/airflow/example_dags/tutorial.py took 0.074 seconds
[2024-01-04T23:15:17.000+0000] {processor.py:153} INFO - Started process (PID=926) to work on /home/airflow/.local/lib/python3.7/site-packages/airflow/example_dags/tutorial.py
[2024-01-04T23:15:17.002+0000] {processor.py:743} INFO - Processing file /home/airflow/.local/lib/python3.7/site-packages/airflow/example_dags/tutorial.py for tasks to queue
[2024-01-04T23:15:17.003+0000] {logging_mixin.py:137} INFO - [2024-01-04T23:15:17.003+0000] {dagbag.py:538} INFO - Filling up the DagBag from /home/airflow/.local/lib/python3.7/site-packages/airflow/example_dags/tutorial.py
[2024-01-04T23:15:17.014+0000] {processor.py:753} INFO - DAG(s) dict_keys(['tutorial']) retrieved from /home/airflow/.local/lib/python3.7/site-packages/airflow/example_dags/tutorial.py
[2024-01-04T23:15:17.032+0000] {logging_mixin.py:137} INFO - [2024-01-04T23:15:17.032+0000] {dag.py:2690} INFO - Sync 1 DAGs
[2024-01-04T23:15:17.049+0000] {logging_mixin.py:137} INFO - [2024-01-04T23:15:17.049+0000] {dag.py:3441} INFO - Setting next_dagrun for tutorial to 2024-01-03T23:15:17.049116+00:00, run_after=2024-01-04T23:15:17.049116+00:00
[2024-01-04T23:15:17.061+0000] {processor.py:175} INFO - Processing /home/airflow/.local/lib/python3.7/site-packages/airflow/example_dags/tutorial.py took 0.066 seconds
[2024-01-04T23:15:47.559+0000] {processor.py:153} INFO - Started process (PID=989) to work on /home/airflow/.local/lib/python3.7/site-packages/airflow/example_dags/tutorial.py
[2024-01-04T23:15:47.560+0000] {processor.py:743} INFO - Processing file /home/airflow/.local/lib/python3.7/site-packages/airflow/example_dags/tutorial.py for tasks to queue
[2024-01-04T23:15:47.561+0000] {logging_mixin.py:137} INFO - [2024-01-04T23:15:47.561+0000] {dagbag.py:538} INFO - Filling up the DagBag from /home/airflow/.local/lib/python3.7/site-packages/airflow/example_dags/tutorial.py
[2024-01-04T23:15:47.576+0000] {processor.py:753} INFO - DAG(s) dict_keys(['tutorial']) retrieved from /home/airflow/.local/lib/python3.7/site-packages/airflow/example_dags/tutorial.py
[2024-01-04T23:15:47.595+0000] {logging_mixin.py:137} INFO - [2024-01-04T23:15:47.595+0000] {dag.py:2690} INFO - Sync 1 DAGs
[2024-01-04T23:15:47.610+0000] {logging_mixin.py:137} INFO - [2024-01-04T23:15:47.610+0000] {dag.py:3441} INFO - Setting next_dagrun for tutorial to 2024-01-03T23:15:47.610459+00:00, run_after=2024-01-04T23:15:47.610459+00:00
[2024-01-04T23:15:47.620+0000] {processor.py:175} INFO - Processing /home/airflow/.local/lib/python3.7/site-packages/airflow/example_dags/tutorial.py took 0.064 seconds
[2024-01-04T23:16:18.175+0000] {processor.py:153} INFO - Started process (PID=1063) to work on /home/airflow/.local/lib/python3.7/site-packages/airflow/example_dags/tutorial.py
[2024-01-04T23:16:18.177+0000] {processor.py:743} INFO - Processing file /home/airflow/.local/lib/python3.7/site-packages/airflow/example_dags/tutorial.py for tasks to queue
[2024-01-04T23:16:18.177+0000] {logging_mixin.py:137} INFO - [2024-01-04T23:16:18.177+0000] {dagbag.py:538} INFO - Filling up the DagBag from /home/airflow/.local/lib/python3.7/site-packages/airflow/example_dags/tutorial.py
[2024-01-04T23:16:18.187+0000] {processor.py:753} INFO - DAG(s) dict_keys(['tutorial']) retrieved from /home/airflow/.local/lib/python3.7/site-packages/airflow/example_dags/tutorial.py
[2024-01-04T23:16:18.205+0000] {logging_mixin.py:137} INFO - [2024-01-04T23:16:18.205+0000] {dag.py:2690} INFO - Sync 1 DAGs
[2024-01-04T23:16:18.220+0000] {logging_mixin.py:137} INFO - [2024-01-04T23:16:18.220+0000] {dag.py:3441} INFO - Setting next_dagrun for tutorial to 2024-01-03T23:16:18.220019+00:00, run_after=2024-01-04T23:16:18.220019+00:00
[2024-01-04T23:16:18.230+0000] {processor.py:175} INFO - Processing /home/airflow/.local/lib/python3.7/site-packages/airflow/example_dags/tutorial.py took 0.057 seconds
[2024-01-04T23:16:48.652+0000] {processor.py:153} INFO - Started process (PID=1139) to work on /home/airflow/.local/lib/python3.7/site-packages/airflow/example_dags/tutorial.py
[2024-01-04T23:16:48.654+0000] {processor.py:743} INFO - Processing file /home/airflow/.local/lib/python3.7/site-packages/airflow/example_dags/tutorial.py for tasks to queue
[2024-01-04T23:16:48.655+0000] {logging_mixin.py:137} INFO - [2024-01-04T23:16:48.655+0000] {dagbag.py:538} INFO - Filling up the DagBag from /home/airflow/.local/lib/python3.7/site-packages/airflow/example_dags/tutorial.py
[2024-01-04T23:16:48.670+0000] {processor.py:753} INFO - DAG(s) dict_keys(['tutorial']) retrieved from /home/airflow/.local/lib/python3.7/site-packages/airflow/example_dags/tutorial.py
[2024-01-04T23:16:48.695+0000] {logging_mixin.py:137} INFO - [2024-01-04T23:16:48.694+0000] {dag.py:2690} INFO - Sync 1 DAGs
[2024-01-04T23:16:48.714+0000] {logging_mixin.py:137} INFO - [2024-01-04T23:16:48.714+0000] {dag.py:3441} INFO - Setting next_dagrun for tutorial to 2024-01-03T23:16:48.713784+00:00, run_after=2024-01-04T23:16:48.713784+00:00
[2024-01-04T23:16:48.737+0000] {processor.py:175} INFO - Processing /home/airflow/.local/lib/python3.7/site-packages/airflow/example_dags/tutorial.py took 0.089 seconds
[2024-01-04T23:17:19.471+0000] {processor.py:153} INFO - Started process (PID=1202) to work on /home/airflow/.local/lib/python3.7/site-packages/airflow/example_dags/tutorial.py
[2024-01-04T23:17:19.472+0000] {processor.py:743} INFO - Processing file /home/airflow/.local/lib/python3.7/site-packages/airflow/example_dags/tutorial.py for tasks to queue
[2024-01-04T23:17:19.473+0000] {logging_mixin.py:137} INFO - [2024-01-04T23:17:19.473+0000] {dagbag.py:538} INFO - Filling up the DagBag from /home/airflow/.local/lib/python3.7/site-packages/airflow/example_dags/tutorial.py
[2024-01-04T23:17:19.483+0000] {processor.py:753} INFO - DAG(s) dict_keys(['tutorial']) retrieved from /home/airflow/.local/lib/python3.7/site-packages/airflow/example_dags/tutorial.py
[2024-01-04T23:17:19.502+0000] {logging_mixin.py:137} INFO - [2024-01-04T23:17:19.502+0000] {dag.py:2690} INFO - Sync 1 DAGs
[2024-01-04T23:17:19.518+0000] {logging_mixin.py:137} INFO - [2024-01-04T23:17:19.518+0000] {dag.py:3441} INFO - Setting next_dagrun for tutorial to 2024-01-03T23:17:19.518350+00:00, run_after=2024-01-04T23:17:19.518350+00:00
[2024-01-04T23:17:19.529+0000] {processor.py:175} INFO - Processing /home/airflow/.local/lib/python3.7/site-packages/airflow/example_dags/tutorial.py took 0.060 seconds
[2024-01-04T23:17:50.075+0000] {processor.py:153} INFO - Started process (PID=1277) to work on /home/airflow/.local/lib/python3.7/site-packages/airflow/example_dags/tutorial.py
[2024-01-04T23:17:50.076+0000] {processor.py:743} INFO - Processing file /home/airflow/.local/lib/python3.7/site-packages/airflow/example_dags/tutorial.py for tasks to queue
[2024-01-04T23:17:50.077+0000] {logging_mixin.py:137} INFO - [2024-01-04T23:17:50.077+0000] {dagbag.py:538} INFO - Filling up the DagBag from /home/airflow/.local/lib/python3.7/site-packages/airflow/example_dags/tutorial.py
[2024-01-04T23:17:50.090+0000] {processor.py:753} INFO - DAG(s) dict_keys(['tutorial']) retrieved from /home/airflow/.local/lib/python3.7/site-packages/airflow/example_dags/tutorial.py
[2024-01-04T23:17:50.112+0000] {logging_mixin.py:137} INFO - [2024-01-04T23:17:50.111+0000] {dag.py:2690} INFO - Sync 1 DAGs
[2024-01-04T23:17:50.128+0000] {logging_mixin.py:137} INFO - [2024-01-04T23:17:50.128+0000] {dag.py:3441} INFO - Setting next_dagrun for tutorial to 2024-01-03T23:17:50.128539+00:00, run_after=2024-01-04T23:17:50.128539+00:00
[2024-01-04T23:17:50.140+0000] {processor.py:175} INFO - Processing /home/airflow/.local/lib/python3.7/site-packages/airflow/example_dags/tutorial.py took 0.070 seconds
[2024-01-04T23:18:20.767+0000] {processor.py:153} INFO - Started process (PID=1340) to work on /home/airflow/.local/lib/python3.7/site-packages/airflow/example_dags/tutorial.py
[2024-01-04T23:18:20.768+0000] {processor.py:743} INFO - Processing file /home/airflow/.local/lib/python3.7/site-packages/airflow/example_dags/tutorial.py for tasks to queue
[2024-01-04T23:18:20.769+0000] {logging_mixin.py:137} INFO - [2024-01-04T23:18:20.769+0000] {dagbag.py:538} INFO - Filling up the DagBag from /home/airflow/.local/lib/python3.7/site-packages/airflow/example_dags/tutorial.py
[2024-01-04T23:18:20.779+0000] {processor.py:753} INFO - DAG(s) dict_keys(['tutorial']) retrieved from /home/airflow/.local/lib/python3.7/site-packages/airflow/example_dags/tutorial.py
[2024-01-04T23:18:20.802+0000] {logging_mixin.py:137} INFO - [2024-01-04T23:18:20.801+0000] {dag.py:2690} INFO - Sync 1 DAGs
[2024-01-04T23:18:20.817+0000] {logging_mixin.py:137} INFO - [2024-01-04T23:18:20.817+0000] {dag.py:3441} INFO - Setting next_dagrun for tutorial to 2024-01-03T23:18:20.817642+00:00, run_after=2024-01-04T23:18:20.817642+00:00
[2024-01-04T23:18:20.828+0000] {processor.py:175} INFO - Processing /home/airflow/.local/lib/python3.7/site-packages/airflow/example_dags/tutorial.py took 0.064 seconds
[2024-01-04T23:18:51.448+0000] {processor.py:153} INFO - Started process (PID=1416) to work on /home/airflow/.local/lib/python3.7/site-packages/airflow/example_dags/tutorial.py
[2024-01-04T23:18:51.450+0000] {processor.py:743} INFO - Processing file /home/airflow/.local/lib/python3.7/site-packages/airflow/example_dags/tutorial.py for tasks to queue
[2024-01-04T23:18:51.451+0000] {logging_mixin.py:137} INFO - [2024-01-04T23:18:51.451+0000] {dagbag.py:538} INFO - Filling up the DagBag from /home/airflow/.local/lib/python3.7/site-packages/airflow/example_dags/tutorial.py
[2024-01-04T23:18:51.461+0000] {processor.py:753} INFO - DAG(s) dict_keys(['tutorial']) retrieved from /home/airflow/.local/lib/python3.7/site-packages/airflow/example_dags/tutorial.py
[2024-01-04T23:18:51.480+0000] {logging_mixin.py:137} INFO - [2024-01-04T23:18:51.480+0000] {dag.py:2690} INFO - Sync 1 DAGs
[2024-01-04T23:18:51.495+0000] {logging_mixin.py:137} INFO - [2024-01-04T23:18:51.495+0000] {dag.py:3441} INFO - Setting next_dagrun for tutorial to 2024-01-03T23:18:51.495475+00:00, run_after=2024-01-04T23:18:51.495475+00:00
[2024-01-04T23:18:51.506+0000] {processor.py:175} INFO - Processing /home/airflow/.local/lib/python3.7/site-packages/airflow/example_dags/tutorial.py took 0.060 seconds
[2024-01-04T23:19:22.436+0000] {processor.py:153} INFO - Started process (PID=1481) to work on /home/airflow/.local/lib/python3.7/site-packages/airflow/example_dags/tutorial.py
[2024-01-04T23:19:22.439+0000] {processor.py:743} INFO - Processing file /home/airflow/.local/lib/python3.7/site-packages/airflow/example_dags/tutorial.py for tasks to queue
[2024-01-04T23:19:22.442+0000] {logging_mixin.py:137} INFO - [2024-01-04T23:19:22.441+0000] {dagbag.py:538} INFO - Filling up the DagBag from /home/airflow/.local/lib/python3.7/site-packages/airflow/example_dags/tutorial.py
[2024-01-04T23:19:22.460+0000] {processor.py:753} INFO - DAG(s) dict_keys(['tutorial']) retrieved from /home/airflow/.local/lib/python3.7/site-packages/airflow/example_dags/tutorial.py
[2024-01-04T23:19:22.485+0000] {logging_mixin.py:137} INFO - [2024-01-04T23:19:22.484+0000] {dag.py:2690} INFO - Sync 1 DAGs
[2024-01-04T23:19:22.503+0000] {logging_mixin.py:137} INFO - [2024-01-04T23:19:22.503+0000] {dag.py:3441} INFO - Setting next_dagrun for tutorial to 2024-01-03T23:19:22.503135+00:00, run_after=2024-01-04T23:19:22.503135+00:00
[2024-01-04T23:19:22.516+0000] {processor.py:175} INFO - Processing /home/airflow/.local/lib/python3.7/site-packages/airflow/example_dags/tutorial.py took 0.084 seconds
[2024-01-04T23:19:53.178+0000] {processor.py:153} INFO - Started process (PID=1557) to work on /home/airflow/.local/lib/python3.7/site-packages/airflow/example_dags/tutorial.py
[2024-01-04T23:19:53.179+0000] {processor.py:743} INFO - Processing file /home/airflow/.local/lib/python3.7/site-packages/airflow/example_dags/tutorial.py for tasks to queue
[2024-01-04T23:19:53.180+0000] {logging_mixin.py:137} INFO - [2024-01-04T23:19:53.180+0000] {dagbag.py:538} INFO - Filling up the DagBag from /home/airflow/.local/lib/python3.7/site-packages/airflow/example_dags/tutorial.py
[2024-01-04T23:19:53.190+0000] {processor.py:753} INFO - DAG(s) dict_keys(['tutorial']) retrieved from /home/airflow/.local/lib/python3.7/site-packages/airflow/example_dags/tutorial.py
[2024-01-04T23:19:53.208+0000] {logging_mixin.py:137} INFO - [2024-01-04T23:19:53.208+0000] {dag.py:2690} INFO - Sync 1 DAGs
[2024-01-04T23:19:53.223+0000] {logging_mixin.py:137} INFO - [2024-01-04T23:19:53.223+0000] {dag.py:3441} INFO - Setting next_dagrun for tutorial to 2024-01-03T23:19:53.223650+00:00, run_after=2024-01-04T23:19:53.223650+00:00
[2024-01-04T23:19:53.234+0000] {processor.py:175} INFO - Processing /home/airflow/.local/lib/python3.7/site-packages/airflow/example_dags/tutorial.py took 0.059 seconds
[2024-01-04T23:20:24.340+0000] {processor.py:153} INFO - Started process (PID=1632) to work on /home/airflow/.local/lib/python3.7/site-packages/airflow/example_dags/tutorial.py
[2024-01-04T23:20:24.341+0000] {processor.py:743} INFO - Processing file /home/airflow/.local/lib/python3.7/site-packages/airflow/example_dags/tutorial.py for tasks to queue
[2024-01-04T23:20:24.342+0000] {logging_mixin.py:137} INFO - [2024-01-04T23:20:24.342+0000] {dagbag.py:538} INFO - Filling up the DagBag from /home/airflow/.local/lib/python3.7/site-packages/airflow/example_dags/tutorial.py
[2024-01-04T23:20:24.355+0000] {processor.py:753} INFO - DAG(s) dict_keys(['tutorial']) retrieved from /home/airflow/.local/lib/python3.7/site-packages/airflow/example_dags/tutorial.py
[2024-01-04T23:20:24.376+0000] {logging_mixin.py:137} INFO - [2024-01-04T23:20:24.376+0000] {dag.py:2690} INFO - Sync 1 DAGs
[2024-01-04T23:20:24.402+0000] {logging_mixin.py:137} INFO - [2024-01-04T23:20:24.402+0000] {dag.py:3441} INFO - Setting next_dagrun for tutorial to 2024-01-03T23:20:24.402409+00:00, run_after=2024-01-04T23:20:24.402409+00:00
[2024-01-04T23:20:24.416+0000] {processor.py:175} INFO - Processing /home/airflow/.local/lib/python3.7/site-packages/airflow/example_dags/tutorial.py took 0.079 seconds
[2024-01-04T23:20:54.696+0000] {processor.py:153} INFO - Started process (PID=1695) to work on /home/airflow/.local/lib/python3.7/site-packages/airflow/example_dags/tutorial.py
[2024-01-04T23:20:54.698+0000] {processor.py:743} INFO - Processing file /home/airflow/.local/lib/python3.7/site-packages/airflow/example_dags/tutorial.py for tasks to queue
[2024-01-04T23:20:54.699+0000] {logging_mixin.py:137} INFO - [2024-01-04T23:20:54.699+0000] {dagbag.py:538} INFO - Filling up the DagBag from /home/airflow/.local/lib/python3.7/site-packages/airflow/example_dags/tutorial.py
[2024-01-04T23:20:54.713+0000] {processor.py:753} INFO - DAG(s) dict_keys(['tutorial']) retrieved from /home/airflow/.local/lib/python3.7/site-packages/airflow/example_dags/tutorial.py
[2024-01-04T23:20:54.737+0000] {logging_mixin.py:137} INFO - [2024-01-04T23:20:54.737+0000] {dag.py:2690} INFO - Sync 1 DAGs
[2024-01-04T23:20:54.756+0000] {logging_mixin.py:137} INFO - [2024-01-04T23:20:54.756+0000] {dag.py:3441} INFO - Setting next_dagrun for tutorial to 2024-01-03T23:20:54.755823+00:00, run_after=2024-01-04T23:20:54.755823+00:00
[2024-01-04T23:20:54.771+0000] {processor.py:175} INFO - Processing /home/airflow/.local/lib/python3.7/site-packages/airflow/example_dags/tutorial.py took 0.078 seconds
[2024-01-04T23:21:24.842+0000] {processor.py:153} INFO - Started process (PID=1770) to work on /home/airflow/.local/lib/python3.7/site-packages/airflow/example_dags/tutorial.py
[2024-01-04T23:21:24.844+0000] {processor.py:743} INFO - Processing file /home/airflow/.local/lib/python3.7/site-packages/airflow/example_dags/tutorial.py for tasks to queue
[2024-01-04T23:21:24.846+0000] {logging_mixin.py:137} INFO - [2024-01-04T23:21:24.846+0000] {dagbag.py:538} INFO - Filling up the DagBag from /home/airflow/.local/lib/python3.7/site-packages/airflow/example_dags/tutorial.py
[2024-01-04T23:21:24.863+0000] {processor.py:753} INFO - DAG(s) dict_keys(['tutorial']) retrieved from /home/airflow/.local/lib/python3.7/site-packages/airflow/example_dags/tutorial.py
[2024-01-04T23:21:24.885+0000] {logging_mixin.py:137} INFO - [2024-01-04T23:21:24.885+0000] {dag.py:2690} INFO - Sync 1 DAGs
[2024-01-04T23:21:24.905+0000] {logging_mixin.py:137} INFO - [2024-01-04T23:21:24.905+0000] {dag.py:3441} INFO - Setting next_dagrun for tutorial to 2024-01-03T23:21:24.904936+00:00, run_after=2024-01-04T23:21:24.904936+00:00
[2024-01-04T23:21:24.919+0000] {processor.py:175} INFO - Processing /home/airflow/.local/lib/python3.7/site-packages/airflow/example_dags/tutorial.py took 0.080 seconds
[2024-01-04T23:21:55.765+0000] {processor.py:153} INFO - Started process (PID=1833) to work on /home/airflow/.local/lib/python3.7/site-packages/airflow/example_dags/tutorial.py
[2024-01-04T23:21:55.766+0000] {processor.py:743} INFO - Processing file /home/airflow/.local/lib/python3.7/site-packages/airflow/example_dags/tutorial.py for tasks to queue
[2024-01-04T23:21:55.767+0000] {logging_mixin.py:137} INFO - [2024-01-04T23:21:55.767+0000] {dagbag.py:538} INFO - Filling up the DagBag from /home/airflow/.local/lib/python3.7/site-packages/airflow/example_dags/tutorial.py
[2024-01-04T23:21:55.778+0000] {processor.py:753} INFO - DAG(s) dict_keys(['tutorial']) retrieved from /home/airflow/.local/lib/python3.7/site-packages/airflow/example_dags/tutorial.py
[2024-01-04T23:21:55.797+0000] {logging_mixin.py:137} INFO - [2024-01-04T23:21:55.797+0000] {dag.py:2690} INFO - Sync 1 DAGs
[2024-01-04T23:21:55.812+0000] {logging_mixin.py:137} INFO - [2024-01-04T23:21:55.812+0000] {dag.py:3441} INFO - Setting next_dagrun for tutorial to 2024-01-03T23:21:55.812022+00:00, run_after=2024-01-04T23:21:55.812022+00:00
[2024-01-04T23:21:55.824+0000] {processor.py:175} INFO - Processing /home/airflow/.local/lib/python3.7/site-packages/airflow/example_dags/tutorial.py took 0.062 seconds
[2024-01-04T23:22:26.549+0000] {processor.py:153} INFO - Started process (PID=1908) to work on /home/airflow/.local/lib/python3.7/site-packages/airflow/example_dags/tutorial.py
[2024-01-04T23:22:26.552+0000] {processor.py:743} INFO - Processing file /home/airflow/.local/lib/python3.7/site-packages/airflow/example_dags/tutorial.py for tasks to queue
[2024-01-04T23:22:26.553+0000] {logging_mixin.py:137} INFO - [2024-01-04T23:22:26.553+0000] {dagbag.py:538} INFO - Filling up the DagBag from /home/airflow/.local/lib/python3.7/site-packages/airflow/example_dags/tutorial.py
[2024-01-04T23:22:26.568+0000] {processor.py:753} INFO - DAG(s) dict_keys(['tutorial']) retrieved from /home/airflow/.local/lib/python3.7/site-packages/airflow/example_dags/tutorial.py
[2024-01-04T23:22:26.591+0000] {logging_mixin.py:137} INFO - [2024-01-04T23:22:26.591+0000] {dag.py:2690} INFO - Sync 1 DAGs
[2024-01-04T23:22:26.609+0000] {logging_mixin.py:137} INFO - [2024-01-04T23:22:26.608+0000] {dag.py:3441} INFO - Setting next_dagrun for tutorial to 2024-01-03T23:22:26.608632+00:00, run_after=2024-01-04T23:22:26.608632+00:00
[2024-01-04T23:22:26.620+0000] {processor.py:175} INFO - Processing /home/airflow/.local/lib/python3.7/site-packages/airflow/example_dags/tutorial.py took 0.077 seconds
[2024-01-04T23:22:57.454+0000] {processor.py:153} INFO - Started process (PID=1984) to work on /home/airflow/.local/lib/python3.7/site-packages/airflow/example_dags/tutorial.py
[2024-01-04T23:22:57.456+0000] {processor.py:743} INFO - Processing file /home/airflow/.local/lib/python3.7/site-packages/airflow/example_dags/tutorial.py for tasks to queue
[2024-01-04T23:22:57.458+0000] {logging_mixin.py:137} INFO - [2024-01-04T23:22:57.457+0000] {dagbag.py:538} INFO - Filling up the DagBag from /home/airflow/.local/lib/python3.7/site-packages/airflow/example_dags/tutorial.py
[2024-01-04T23:22:57.478+0000] {processor.py:753} INFO - DAG(s) dict_keys(['tutorial']) retrieved from /home/airflow/.local/lib/python3.7/site-packages/airflow/example_dags/tutorial.py
[2024-01-04T23:22:57.517+0000] {logging_mixin.py:137} INFO - [2024-01-04T23:22:57.516+0000] {dag.py:2690} INFO - Sync 1 DAGs
[2024-01-04T23:22:57.541+0000] {logging_mixin.py:137} INFO - [2024-01-04T23:22:57.540+0000] {dag.py:3441} INFO - Setting next_dagrun for tutorial to 2024-01-03T23:22:57.540740+00:00, run_after=2024-01-04T23:22:57.540740+00:00
[2024-01-04T23:22:57.554+0000] {processor.py:175} INFO - Processing /home/airflow/.local/lib/python3.7/site-packages/airflow/example_dags/tutorial.py took 0.111 seconds
[2024-01-04T23:23:28.035+0000] {processor.py:153} INFO - Started process (PID=2048) to work on /home/airflow/.local/lib/python3.7/site-packages/airflow/example_dags/tutorial.py
[2024-01-04T23:23:28.036+0000] {processor.py:743} INFO - Processing file /home/airflow/.local/lib/python3.7/site-packages/airflow/example_dags/tutorial.py for tasks to queue
[2024-01-04T23:23:28.037+0000] {logging_mixin.py:137} INFO - [2024-01-04T23:23:28.037+0000] {dagbag.py:538} INFO - Filling up the DagBag from /home/airflow/.local/lib/python3.7/site-packages/airflow/example_dags/tutorial.py
[2024-01-04T23:23:28.050+0000] {processor.py:753} INFO - DAG(s) dict_keys(['tutorial']) retrieved from /home/airflow/.local/lib/python3.7/site-packages/airflow/example_dags/tutorial.py
[2024-01-04T23:23:28.075+0000] {logging_mixin.py:137} INFO - [2024-01-04T23:23:28.075+0000] {dag.py:2690} INFO - Sync 1 DAGs
[2024-01-04T23:23:28.093+0000] {logging_mixin.py:137} INFO - [2024-01-04T23:23:28.093+0000] {dag.py:3441} INFO - Setting next_dagrun for tutorial to 2024-01-03T23:23:28.093458+00:00, run_after=2024-01-04T23:23:28.093458+00:00
[2024-01-04T23:23:28.104+0000] {processor.py:175} INFO - Processing /home/airflow/.local/lib/python3.7/site-packages/airflow/example_dags/tutorial.py took 0.073 seconds
[2024-01-04T23:23:58.801+0000] {processor.py:153} INFO - Started process (PID=2124) to work on /home/airflow/.local/lib/python3.7/site-packages/airflow/example_dags/tutorial.py
[2024-01-04T23:23:58.805+0000] {processor.py:743} INFO - Processing file /home/airflow/.local/lib/python3.7/site-packages/airflow/example_dags/tutorial.py for tasks to queue
[2024-01-04T23:23:58.806+0000] {logging_mixin.py:137} INFO - [2024-01-04T23:23:58.806+0000] {dagbag.py:538} INFO - Filling up the DagBag from /home/airflow/.local/lib/python3.7/site-packages/airflow/example_dags/tutorial.py
[2024-01-04T23:23:58.818+0000] {processor.py:753} INFO - DAG(s) dict_keys(['tutorial']) retrieved from /home/airflow/.local/lib/python3.7/site-packages/airflow/example_dags/tutorial.py
[2024-01-04T23:23:58.839+0000] {logging_mixin.py:137} INFO - [2024-01-04T23:23:58.839+0000] {dag.py:2690} INFO - Sync 1 DAGs
[2024-01-04T23:23:58.859+0000] {logging_mixin.py:137} INFO - [2024-01-04T23:23:58.859+0000] {dag.py:3441} INFO - Setting next_dagrun for tutorial to 2024-01-03T23:23:58.859045+00:00, run_after=2024-01-04T23:23:58.859045+00:00
[2024-01-04T23:23:58.874+0000] {processor.py:175} INFO - Processing /home/airflow/.local/lib/python3.7/site-packages/airflow/example_dags/tutorial.py took 0.079 seconds
[2024-01-04T23:24:29.751+0000] {processor.py:153} INFO - Started process (PID=2187) to work on /home/airflow/.local/lib/python3.7/site-packages/airflow/example_dags/tutorial.py
[2024-01-04T23:24:29.752+0000] {processor.py:743} INFO - Processing file /home/airflow/.local/lib/python3.7/site-packages/airflow/example_dags/tutorial.py for tasks to queue
[2024-01-04T23:24:29.753+0000] {logging_mixin.py:137} INFO - [2024-01-04T23:24:29.753+0000] {dagbag.py:538} INFO - Filling up the DagBag from /home/airflow/.local/lib/python3.7/site-packages/airflow/example_dags/tutorial.py
[2024-01-04T23:24:29.763+0000] {processor.py:753} INFO - DAG(s) dict_keys(['tutorial']) retrieved from /home/airflow/.local/lib/python3.7/site-packages/airflow/example_dags/tutorial.py
[2024-01-04T23:24:29.781+0000] {logging_mixin.py:137} INFO - [2024-01-04T23:24:29.780+0000] {dag.py:2690} INFO - Sync 1 DAGs
[2024-01-04T23:24:29.795+0000] {logging_mixin.py:137} INFO - [2024-01-04T23:24:29.795+0000] {dag.py:3441} INFO - Setting next_dagrun for tutorial to 2024-01-03T23:24:29.795426+00:00, run_after=2024-01-04T23:24:29.795426+00:00
[2024-01-04T23:24:29.805+0000] {processor.py:175} INFO - Processing /home/airflow/.local/lib/python3.7/site-packages/airflow/example_dags/tutorial.py took 0.056 seconds
[2024-01-04T23:25:00.064+0000] {processor.py:153} INFO - Started process (PID=2262) to work on /home/airflow/.local/lib/python3.7/site-packages/airflow/example_dags/tutorial.py
[2024-01-04T23:25:00.065+0000] {processor.py:743} INFO - Processing file /home/airflow/.local/lib/python3.7/site-packages/airflow/example_dags/tutorial.py for tasks to queue
[2024-01-04T23:25:00.066+0000] {logging_mixin.py:137} INFO - [2024-01-04T23:25:00.065+0000] {dagbag.py:538} INFO - Filling up the DagBag from /home/airflow/.local/lib/python3.7/site-packages/airflow/example_dags/tutorial.py
[2024-01-04T23:25:00.076+0000] {processor.py:753} INFO - DAG(s) dict_keys(['tutorial']) retrieved from /home/airflow/.local/lib/python3.7/site-packages/airflow/example_dags/tutorial.py
[2024-01-04T23:25:00.096+0000] {logging_mixin.py:137} INFO - [2024-01-04T23:25:00.095+0000] {dag.py:2690} INFO - Sync 1 DAGs
[2024-01-04T23:25:00.111+0000] {logging_mixin.py:137} INFO - [2024-01-04T23:25:00.111+0000] {dag.py:3441} INFO - Setting next_dagrun for tutorial to 2024-01-03T23:25:00.111236+00:00, run_after=2024-01-04T23:25:00.111236+00:00
[2024-01-04T23:25:00.122+0000] {processor.py:175} INFO - Processing /home/airflow/.local/lib/python3.7/site-packages/airflow/example_dags/tutorial.py took 0.061 seconds
[2024-01-04T23:25:31.317+0000] {processor.py:153} INFO - Started process (PID=2335) to work on /home/airflow/.local/lib/python3.7/site-packages/airflow/example_dags/tutorial.py
[2024-01-04T23:25:31.324+0000] {processor.py:743} INFO - Processing file /home/airflow/.local/lib/python3.7/site-packages/airflow/example_dags/tutorial.py for tasks to queue
[2024-01-04T23:25:31.334+0000] {logging_mixin.py:137} INFO - [2024-01-04T23:25:31.333+0000] {dagbag.py:538} INFO - Filling up the DagBag from /home/airflow/.local/lib/python3.7/site-packages/airflow/example_dags/tutorial.py
[2024-01-04T23:25:31.351+0000] {processor.py:753} INFO - DAG(s) dict_keys(['tutorial']) retrieved from /home/airflow/.local/lib/python3.7/site-packages/airflow/example_dags/tutorial.py
[2024-01-04T23:25:31.413+0000] {logging_mixin.py:137} INFO - [2024-01-04T23:25:31.412+0000] {dag.py:2690} INFO - Sync 1 DAGs
[2024-01-04T23:25:31.474+0000] {logging_mixin.py:137} INFO - [2024-01-04T23:25:31.474+0000] {dag.py:3441} INFO - Setting next_dagrun for tutorial to 2024-01-03T23:25:31.473731+00:00, run_after=2024-01-04T23:25:31.473731+00:00
[2024-01-04T23:25:31.503+0000] {processor.py:175} INFO - Processing /home/airflow/.local/lib/python3.7/site-packages/airflow/example_dags/tutorial.py took 0.191 seconds
[2024-01-04T23:26:02.331+0000] {processor.py:153} INFO - Started process (PID=2401) to work on /home/airflow/.local/lib/python3.7/site-packages/airflow/example_dags/tutorial.py
[2024-01-04T23:26:02.333+0000] {processor.py:743} INFO - Processing file /home/airflow/.local/lib/python3.7/site-packages/airflow/example_dags/tutorial.py for tasks to queue
[2024-01-04T23:26:02.334+0000] {logging_mixin.py:137} INFO - [2024-01-04T23:26:02.334+0000] {dagbag.py:538} INFO - Filling up the DagBag from /home/airflow/.local/lib/python3.7/site-packages/airflow/example_dags/tutorial.py
[2024-01-04T23:26:02.350+0000] {processor.py:753} INFO - DAG(s) dict_keys(['tutorial']) retrieved from /home/airflow/.local/lib/python3.7/site-packages/airflow/example_dags/tutorial.py
[2024-01-04T23:26:02.371+0000] {logging_mixin.py:137} INFO - [2024-01-04T23:26:02.371+0000] {dag.py:2690} INFO - Sync 1 DAGs
[2024-01-04T23:26:02.387+0000] {logging_mixin.py:137} INFO - [2024-01-04T23:26:02.387+0000] {dag.py:3441} INFO - Setting next_dagrun for tutorial to 2024-01-03T23:26:02.387362+00:00, run_after=2024-01-04T23:26:02.387362+00:00
[2024-01-04T23:26:02.398+0000] {processor.py:175} INFO - Processing /home/airflow/.local/lib/python3.7/site-packages/airflow/example_dags/tutorial.py took 0.070 seconds
[2024-01-04T23:26:33.310+0000] {processor.py:153} INFO - Started process (PID=2475) to work on /home/airflow/.local/lib/python3.7/site-packages/airflow/example_dags/tutorial.py
[2024-01-04T23:26:33.311+0000] {processor.py:743} INFO - Processing file /home/airflow/.local/lib/python3.7/site-packages/airflow/example_dags/tutorial.py for tasks to queue
[2024-01-04T23:26:33.312+0000] {logging_mixin.py:137} INFO - [2024-01-04T23:26:33.312+0000] {dagbag.py:538} INFO - Filling up the DagBag from /home/airflow/.local/lib/python3.7/site-packages/airflow/example_dags/tutorial.py
[2024-01-04T23:26:33.323+0000] {processor.py:753} INFO - DAG(s) dict_keys(['tutorial']) retrieved from /home/airflow/.local/lib/python3.7/site-packages/airflow/example_dags/tutorial.py
[2024-01-04T23:26:33.343+0000] {logging_mixin.py:137} INFO - [2024-01-04T23:26:33.343+0000] {dag.py:2690} INFO - Sync 1 DAGs
[2024-01-04T23:26:33.362+0000] {logging_mixin.py:137} INFO - [2024-01-04T23:26:33.362+0000] {dag.py:3441} INFO - Setting next_dagrun for tutorial to 2024-01-03T23:26:33.362378+00:00, run_after=2024-01-04T23:26:33.362378+00:00
[2024-01-04T23:26:33.378+0000] {processor.py:175} INFO - Processing /home/airflow/.local/lib/python3.7/site-packages/airflow/example_dags/tutorial.py took 0.071 seconds
[2024-01-04T23:27:03.823+0000] {processor.py:153} INFO - Started process (PID=2538) to work on /home/airflow/.local/lib/python3.7/site-packages/airflow/example_dags/tutorial.py
[2024-01-04T23:27:03.824+0000] {processor.py:743} INFO - Processing file /home/airflow/.local/lib/python3.7/site-packages/airflow/example_dags/tutorial.py for tasks to queue
[2024-01-04T23:27:03.825+0000] {logging_mixin.py:137} INFO - [2024-01-04T23:27:03.825+0000] {dagbag.py:538} INFO - Filling up the DagBag from /home/airflow/.local/lib/python3.7/site-packages/airflow/example_dags/tutorial.py
[2024-01-04T23:27:03.836+0000] {processor.py:753} INFO - DAG(s) dict_keys(['tutorial']) retrieved from /home/airflow/.local/lib/python3.7/site-packages/airflow/example_dags/tutorial.py
[2024-01-04T23:27:03.855+0000] {logging_mixin.py:137} INFO - [2024-01-04T23:27:03.855+0000] {dag.py:2690} INFO - Sync 1 DAGs
[2024-01-04T23:27:03.871+0000] {logging_mixin.py:137} INFO - [2024-01-04T23:27:03.871+0000] {dag.py:3441} INFO - Setting next_dagrun for tutorial to 2024-01-03T23:27:03.871466+00:00, run_after=2024-01-04T23:27:03.871466+00:00
[2024-01-04T23:27:03.884+0000] {processor.py:175} INFO - Processing /home/airflow/.local/lib/python3.7/site-packages/airflow/example_dags/tutorial.py took 0.064 seconds
[2024-01-04T23:27:34.413+0000] {processor.py:153} INFO - Started process (PID=2613) to work on /home/airflow/.local/lib/python3.7/site-packages/airflow/example_dags/tutorial.py
[2024-01-04T23:27:34.414+0000] {processor.py:743} INFO - Processing file /home/airflow/.local/lib/python3.7/site-packages/airflow/example_dags/tutorial.py for tasks to queue
[2024-01-04T23:27:34.415+0000] {logging_mixin.py:137} INFO - [2024-01-04T23:27:34.415+0000] {dagbag.py:538} INFO - Filling up the DagBag from /home/airflow/.local/lib/python3.7/site-packages/airflow/example_dags/tutorial.py
[2024-01-04T23:27:34.426+0000] {processor.py:753} INFO - DAG(s) dict_keys(['tutorial']) retrieved from /home/airflow/.local/lib/python3.7/site-packages/airflow/example_dags/tutorial.py
[2024-01-04T23:27:34.445+0000] {logging_mixin.py:137} INFO - [2024-01-04T23:27:34.445+0000] {dag.py:2690} INFO - Sync 1 DAGs
[2024-01-04T23:27:34.462+0000] {logging_mixin.py:137} INFO - [2024-01-04T23:27:34.462+0000] {dag.py:3441} INFO - Setting next_dagrun for tutorial to 2024-01-03T23:27:34.461882+00:00, run_after=2024-01-04T23:27:34.461882+00:00
[2024-01-04T23:27:34.473+0000] {processor.py:175} INFO - Processing /home/airflow/.local/lib/python3.7/site-packages/airflow/example_dags/tutorial.py took 0.063 seconds
[2024-01-04T23:28:04.961+0000] {processor.py:153} INFO - Started process (PID=2690) to work on /home/airflow/.local/lib/python3.7/site-packages/airflow/example_dags/tutorial.py
[2024-01-04T23:28:04.963+0000] {processor.py:743} INFO - Processing file /home/airflow/.local/lib/python3.7/site-packages/airflow/example_dags/tutorial.py for tasks to queue
[2024-01-04T23:28:04.965+0000] {logging_mixin.py:137} INFO - [2024-01-04T23:28:04.964+0000] {dagbag.py:538} INFO - Filling up the DagBag from /home/airflow/.local/lib/python3.7/site-packages/airflow/example_dags/tutorial.py
[2024-01-04T23:28:04.979+0000] {processor.py:753} INFO - DAG(s) dict_keys(['tutorial']) retrieved from /home/airflow/.local/lib/python3.7/site-packages/airflow/example_dags/tutorial.py
[2024-01-04T23:28:05.010+0000] {logging_mixin.py:137} INFO - [2024-01-04T23:28:05.010+0000] {dag.py:2690} INFO - Sync 1 DAGs
[2024-01-04T23:28:05.032+0000] {logging_mixin.py:137} INFO - [2024-01-04T23:28:05.032+0000] {dag.py:3441} INFO - Setting next_dagrun for tutorial to 2024-01-03T23:28:05.032500+00:00, run_after=2024-01-04T23:28:05.032500+00:00
[2024-01-04T23:28:05.050+0000] {processor.py:175} INFO - Processing /home/airflow/.local/lib/python3.7/site-packages/airflow/example_dags/tutorial.py took 0.096 seconds
[2024-01-04T23:28:35.809+0000] {processor.py:153} INFO - Started process (PID=2753) to work on /home/airflow/.local/lib/python3.7/site-packages/airflow/example_dags/tutorial.py
[2024-01-04T23:28:35.811+0000] {processor.py:743} INFO - Processing file /home/airflow/.local/lib/python3.7/site-packages/airflow/example_dags/tutorial.py for tasks to queue
[2024-01-04T23:28:35.812+0000] {logging_mixin.py:137} INFO - [2024-01-04T23:28:35.812+0000] {dagbag.py:538} INFO - Filling up the DagBag from /home/airflow/.local/lib/python3.7/site-packages/airflow/example_dags/tutorial.py
[2024-01-04T23:28:35.829+0000] {processor.py:753} INFO - DAG(s) dict_keys(['tutorial']) retrieved from /home/airflow/.local/lib/python3.7/site-packages/airflow/example_dags/tutorial.py
[2024-01-04T23:28:35.853+0000] {logging_mixin.py:137} INFO - [2024-01-04T23:28:35.853+0000] {dag.py:2690} INFO - Sync 1 DAGs
[2024-01-04T23:28:35.872+0000] {logging_mixin.py:137} INFO - [2024-01-04T23:28:35.872+0000] {dag.py:3441} INFO - Setting next_dagrun for tutorial to 2024-01-03T23:28:35.871817+00:00, run_after=2024-01-04T23:28:35.871817+00:00
[2024-01-04T23:28:35.884+0000] {processor.py:175} INFO - Processing /home/airflow/.local/lib/python3.7/site-packages/airflow/example_dags/tutorial.py took 0.079 seconds
[2024-01-04T23:29:06.712+0000] {processor.py:153} INFO - Started process (PID=2828) to work on /home/airflow/.local/lib/python3.7/site-packages/airflow/example_dags/tutorial.py
[2024-01-04T23:29:06.713+0000] {processor.py:743} INFO - Processing file /home/airflow/.local/lib/python3.7/site-packages/airflow/example_dags/tutorial.py for tasks to queue
[2024-01-04T23:29:06.714+0000] {logging_mixin.py:137} INFO - [2024-01-04T23:29:06.714+0000] {dagbag.py:538} INFO - Filling up the DagBag from /home/airflow/.local/lib/python3.7/site-packages/airflow/example_dags/tutorial.py
[2024-01-04T23:29:06.724+0000] {processor.py:753} INFO - DAG(s) dict_keys(['tutorial']) retrieved from /home/airflow/.local/lib/python3.7/site-packages/airflow/example_dags/tutorial.py
[2024-01-04T23:29:06.744+0000] {logging_mixin.py:137} INFO - [2024-01-04T23:29:06.744+0000] {dag.py:2690} INFO - Sync 1 DAGs
[2024-01-04T23:29:06.760+0000] {logging_mixin.py:137} INFO - [2024-01-04T23:29:06.760+0000] {dag.py:3441} INFO - Setting next_dagrun for tutorial to 2024-01-03T23:29:06.760031+00:00, run_after=2024-01-04T23:29:06.760031+00:00
[2024-01-04T23:29:06.772+0000] {processor.py:175} INFO - Processing /home/airflow/.local/lib/python3.7/site-packages/airflow/example_dags/tutorial.py took 0.064 seconds
[2024-01-04T23:29:37.181+0000] {processor.py:153} INFO - Started process (PID=2891) to work on /home/airflow/.local/lib/python3.7/site-packages/airflow/example_dags/tutorial.py
[2024-01-04T23:29:37.182+0000] {processor.py:743} INFO - Processing file /home/airflow/.local/lib/python3.7/site-packages/airflow/example_dags/tutorial.py for tasks to queue
[2024-01-04T23:29:37.183+0000] {logging_mixin.py:137} INFO - [2024-01-04T23:29:37.183+0000] {dagbag.py:538} INFO - Filling up the DagBag from /home/airflow/.local/lib/python3.7/site-packages/airflow/example_dags/tutorial.py
[2024-01-04T23:29:37.199+0000] {processor.py:753} INFO - DAG(s) dict_keys(['tutorial']) retrieved from /home/airflow/.local/lib/python3.7/site-packages/airflow/example_dags/tutorial.py
[2024-01-04T23:29:37.222+0000] {logging_mixin.py:137} INFO - [2024-01-04T23:29:37.222+0000] {dag.py:2690} INFO - Sync 1 DAGs
[2024-01-04T23:29:37.239+0000] {logging_mixin.py:137} INFO - [2024-01-04T23:29:37.239+0000] {dag.py:3441} INFO - Setting next_dagrun for tutorial to 2024-01-03T23:29:37.238988+00:00, run_after=2024-01-04T23:29:37.238988+00:00
[2024-01-04T23:29:37.250+0000] {processor.py:175} INFO - Processing /home/airflow/.local/lib/python3.7/site-packages/airflow/example_dags/tutorial.py took 0.073 seconds
[2024-01-04T23:30:07.839+0000] {processor.py:153} INFO - Started process (PID=2965) to work on /home/airflow/.local/lib/python3.7/site-packages/airflow/example_dags/tutorial.py
[2024-01-04T23:30:07.841+0000] {processor.py:743} INFO - Processing file /home/airflow/.local/lib/python3.7/site-packages/airflow/example_dags/tutorial.py for tasks to queue
[2024-01-04T23:30:07.841+0000] {logging_mixin.py:137} INFO - [2024-01-04T23:30:07.841+0000] {dagbag.py:538} INFO - Filling up the DagBag from /home/airflow/.local/lib/python3.7/site-packages/airflow/example_dags/tutorial.py
[2024-01-04T23:30:07.851+0000] {processor.py:753} INFO - DAG(s) dict_keys(['tutorial']) retrieved from /home/airflow/.local/lib/python3.7/site-packages/airflow/example_dags/tutorial.py
[2024-01-04T23:30:07.870+0000] {logging_mixin.py:137} INFO - [2024-01-04T23:30:07.870+0000] {dag.py:2690} INFO - Sync 1 DAGs
[2024-01-04T23:30:07.884+0000] {logging_mixin.py:137} INFO - [2024-01-04T23:30:07.884+0000] {dag.py:3441} INFO - Setting next_dagrun for tutorial to 2024-01-03T23:30:07.884442+00:00, run_after=2024-01-04T23:30:07.884442+00:00
[2024-01-04T23:30:07.894+0000] {processor.py:175} INFO - Processing /home/airflow/.local/lib/python3.7/site-packages/airflow/example_dags/tutorial.py took 0.058 seconds
[2024-01-04T23:30:38.159+0000] {processor.py:153} INFO - Started process (PID=3040) to work on /home/airflow/.local/lib/python3.7/site-packages/airflow/example_dags/tutorial.py
[2024-01-04T23:30:38.160+0000] {processor.py:743} INFO - Processing file /home/airflow/.local/lib/python3.7/site-packages/airflow/example_dags/tutorial.py for tasks to queue
[2024-01-04T23:30:38.161+0000] {logging_mixin.py:137} INFO - [2024-01-04T23:30:38.161+0000] {dagbag.py:538} INFO - Filling up the DagBag from /home/airflow/.local/lib/python3.7/site-packages/airflow/example_dags/tutorial.py
[2024-01-04T23:30:38.174+0000] {processor.py:753} INFO - DAG(s) dict_keys(['tutorial']) retrieved from /home/airflow/.local/lib/python3.7/site-packages/airflow/example_dags/tutorial.py
[2024-01-04T23:30:38.195+0000] {logging_mixin.py:137} INFO - [2024-01-04T23:30:38.195+0000] {dag.py:2690} INFO - Sync 1 DAGs
[2024-01-04T23:30:38.216+0000] {logging_mixin.py:137} INFO - [2024-01-04T23:30:38.216+0000] {dag.py:3441} INFO - Setting next_dagrun for tutorial to 2024-01-03T23:30:38.216490+00:00, run_after=2024-01-04T23:30:38.216490+00:00
[2024-01-04T23:30:38.248+0000] {processor.py:175} INFO - Processing /home/airflow/.local/lib/python3.7/site-packages/airflow/example_dags/tutorial.py took 0.093 seconds
[2024-01-04T23:31:08.935+0000] {processor.py:153} INFO - Started process (PID=3104) to work on /home/airflow/.local/lib/python3.7/site-packages/airflow/example_dags/tutorial.py
[2024-01-04T23:31:08.936+0000] {processor.py:743} INFO - Processing file /home/airflow/.local/lib/python3.7/site-packages/airflow/example_dags/tutorial.py for tasks to queue
[2024-01-04T23:31:08.937+0000] {logging_mixin.py:137} INFO - [2024-01-04T23:31:08.937+0000] {dagbag.py:538} INFO - Filling up the DagBag from /home/airflow/.local/lib/python3.7/site-packages/airflow/example_dags/tutorial.py
[2024-01-04T23:31:08.950+0000] {processor.py:753} INFO - DAG(s) dict_keys(['tutorial']) retrieved from /home/airflow/.local/lib/python3.7/site-packages/airflow/example_dags/tutorial.py
[2024-01-04T23:31:08.971+0000] {logging_mixin.py:137} INFO - [2024-01-04T23:31:08.971+0000] {dag.py:2690} INFO - Sync 1 DAGs
[2024-01-04T23:31:08.987+0000] {logging_mixin.py:137} INFO - [2024-01-04T23:31:08.987+0000] {dag.py:3441} INFO - Setting next_dagrun for tutorial to 2024-01-03T23:31:08.987317+00:00, run_after=2024-01-04T23:31:08.987317+00:00
[2024-01-04T23:31:08.998+0000] {processor.py:175} INFO - Processing /home/airflow/.local/lib/python3.7/site-packages/airflow/example_dags/tutorial.py took 0.066 seconds
[2024-01-04T23:31:40.028+0000] {processor.py:153} INFO - Started process (PID=3179) to work on /home/airflow/.local/lib/python3.7/site-packages/airflow/example_dags/tutorial.py
[2024-01-04T23:31:40.030+0000] {processor.py:743} INFO - Processing file /home/airflow/.local/lib/python3.7/site-packages/airflow/example_dags/tutorial.py for tasks to queue
[2024-01-04T23:31:40.031+0000] {logging_mixin.py:137} INFO - [2024-01-04T23:31:40.030+0000] {dagbag.py:538} INFO - Filling up the DagBag from /home/airflow/.local/lib/python3.7/site-packages/airflow/example_dags/tutorial.py
[2024-01-04T23:31:40.043+0000] {processor.py:753} INFO - DAG(s) dict_keys(['tutorial']) retrieved from /home/airflow/.local/lib/python3.7/site-packages/airflow/example_dags/tutorial.py
[2024-01-04T23:31:40.067+0000] {logging_mixin.py:137} INFO - [2024-01-04T23:31:40.067+0000] {dag.py:2690} INFO - Sync 1 DAGs
[2024-01-04T23:31:40.083+0000] {logging_mixin.py:137} INFO - [2024-01-04T23:31:40.083+0000] {dag.py:3441} INFO - Setting next_dagrun for tutorial to 2024-01-03T23:31:40.082727+00:00, run_after=2024-01-04T23:31:40.082727+00:00
[2024-01-04T23:31:40.094+0000] {processor.py:175} INFO - Processing /home/airflow/.local/lib/python3.7/site-packages/airflow/example_dags/tutorial.py took 0.069 seconds
[2024-01-04T23:32:11.090+0000] {processor.py:153} INFO - Started process (PID=3242) to work on /home/airflow/.local/lib/python3.7/site-packages/airflow/example_dags/tutorial.py
[2024-01-04T23:32:11.091+0000] {processor.py:743} INFO - Processing file /home/airflow/.local/lib/python3.7/site-packages/airflow/example_dags/tutorial.py for tasks to queue
[2024-01-04T23:32:11.092+0000] {logging_mixin.py:137} INFO - [2024-01-04T23:32:11.092+0000] {dagbag.py:538} INFO - Filling up the DagBag from /home/airflow/.local/lib/python3.7/site-packages/airflow/example_dags/tutorial.py
[2024-01-04T23:32:11.102+0000] {processor.py:753} INFO - DAG(s) dict_keys(['tutorial']) retrieved from /home/airflow/.local/lib/python3.7/site-packages/airflow/example_dags/tutorial.py
[2024-01-04T23:32:11.122+0000] {logging_mixin.py:137} INFO - [2024-01-04T23:32:11.121+0000] {dag.py:2690} INFO - Sync 1 DAGs
[2024-01-04T23:32:11.137+0000] {logging_mixin.py:137} INFO - [2024-01-04T23:32:11.137+0000] {dag.py:3441} INFO - Setting next_dagrun for tutorial to 2024-01-03T23:32:11.136954+00:00, run_after=2024-01-04T23:32:11.136954+00:00
[2024-01-04T23:32:11.147+0000] {processor.py:175} INFO - Processing /home/airflow/.local/lib/python3.7/site-packages/airflow/example_dags/tutorial.py took 0.060 seconds
[2024-01-04T23:32:42.178+0000] {processor.py:153} INFO - Started process (PID=3316) to work on /home/airflow/.local/lib/python3.7/site-packages/airflow/example_dags/tutorial.py
[2024-01-04T23:32:42.179+0000] {processor.py:743} INFO - Processing file /home/airflow/.local/lib/python3.7/site-packages/airflow/example_dags/tutorial.py for tasks to queue
[2024-01-04T23:32:42.179+0000] {logging_mixin.py:137} INFO - [2024-01-04T23:32:42.179+0000] {dagbag.py:538} INFO - Filling up the DagBag from /home/airflow/.local/lib/python3.7/site-packages/airflow/example_dags/tutorial.py
[2024-01-04T23:32:42.190+0000] {processor.py:753} INFO - DAG(s) dict_keys(['tutorial']) retrieved from /home/airflow/.local/lib/python3.7/site-packages/airflow/example_dags/tutorial.py
[2024-01-04T23:32:42.209+0000] {logging_mixin.py:137} INFO - [2024-01-04T23:32:42.209+0000] {dag.py:2690} INFO - Sync 1 DAGs
[2024-01-04T23:32:42.229+0000] {logging_mixin.py:137} INFO - [2024-01-04T23:32:42.228+0000] {dag.py:3441} INFO - Setting next_dagrun for tutorial to 2024-01-03T23:32:42.228507+00:00, run_after=2024-01-04T23:32:42.228507+00:00
[2024-01-04T23:32:42.240+0000] {processor.py:175} INFO - Processing /home/airflow/.local/lib/python3.7/site-packages/airflow/example_dags/tutorial.py took 0.065 seconds
[2024-01-04T23:33:12.871+0000] {processor.py:153} INFO - Started process (PID=3380) to work on /home/airflow/.local/lib/python3.7/site-packages/airflow/example_dags/tutorial.py
[2024-01-04T23:33:12.873+0000] {processor.py:743} INFO - Processing file /home/airflow/.local/lib/python3.7/site-packages/airflow/example_dags/tutorial.py for tasks to queue
[2024-01-04T23:33:12.874+0000] {logging_mixin.py:137} INFO - [2024-01-04T23:33:12.874+0000] {dagbag.py:538} INFO - Filling up the DagBag from /home/airflow/.local/lib/python3.7/site-packages/airflow/example_dags/tutorial.py
[2024-01-04T23:33:12.888+0000] {processor.py:753} INFO - DAG(s) dict_keys(['tutorial']) retrieved from /home/airflow/.local/lib/python3.7/site-packages/airflow/example_dags/tutorial.py
[2024-01-04T23:33:12.910+0000] {logging_mixin.py:137} INFO - [2024-01-04T23:33:12.910+0000] {dag.py:2690} INFO - Sync 1 DAGs
[2024-01-04T23:33:12.927+0000] {logging_mixin.py:137} INFO - [2024-01-04T23:33:12.927+0000] {dag.py:3441} INFO - Setting next_dagrun for tutorial to 2024-01-03T23:33:12.927578+00:00, run_after=2024-01-04T23:33:12.927578+00:00
[2024-01-04T23:33:12.940+0000] {processor.py:175} INFO - Processing /home/airflow/.local/lib/python3.7/site-packages/airflow/example_dags/tutorial.py took 0.073 seconds
[2024-01-04T23:33:43.804+0000] {processor.py:153} INFO - Started process (PID=3454) to work on /home/airflow/.local/lib/python3.7/site-packages/airflow/example_dags/tutorial.py
[2024-01-04T23:33:43.805+0000] {processor.py:743} INFO - Processing file /home/airflow/.local/lib/python3.7/site-packages/airflow/example_dags/tutorial.py for tasks to queue
[2024-01-04T23:33:43.806+0000] {logging_mixin.py:137} INFO - [2024-01-04T23:33:43.806+0000] {dagbag.py:538} INFO - Filling up the DagBag from /home/airflow/.local/lib/python3.7/site-packages/airflow/example_dags/tutorial.py
[2024-01-04T23:33:43.818+0000] {processor.py:753} INFO - DAG(s) dict_keys(['tutorial']) retrieved from /home/airflow/.local/lib/python3.7/site-packages/airflow/example_dags/tutorial.py
[2024-01-04T23:33:43.840+0000] {logging_mixin.py:137} INFO - [2024-01-04T23:33:43.840+0000] {dag.py:2690} INFO - Sync 1 DAGs
[2024-01-04T23:33:43.858+0000] {logging_mixin.py:137} INFO - [2024-01-04T23:33:43.858+0000] {dag.py:3441} INFO - Setting next_dagrun for tutorial to 2024-01-03T23:33:43.858605+00:00, run_after=2024-01-04T23:33:43.858605+00:00
[2024-01-04T23:33:43.870+0000] {processor.py:175} INFO - Processing /home/airflow/.local/lib/python3.7/site-packages/airflow/example_dags/tutorial.py took 0.069 seconds
[2024-01-04T23:34:14.464+0000] {processor.py:153} INFO - Started process (PID=3530) to work on /home/airflow/.local/lib/python3.7/site-packages/airflow/example_dags/tutorial.py
[2024-01-04T23:34:14.466+0000] {processor.py:743} INFO - Processing file /home/airflow/.local/lib/python3.7/site-packages/airflow/example_dags/tutorial.py for tasks to queue
[2024-01-04T23:34:14.467+0000] {logging_mixin.py:137} INFO - [2024-01-04T23:34:14.467+0000] {dagbag.py:538} INFO - Filling up the DagBag from /home/airflow/.local/lib/python3.7/site-packages/airflow/example_dags/tutorial.py
[2024-01-04T23:34:14.481+0000] {processor.py:753} INFO - DAG(s) dict_keys(['tutorial']) retrieved from /home/airflow/.local/lib/python3.7/site-packages/airflow/example_dags/tutorial.py
[2024-01-04T23:34:14.504+0000] {logging_mixin.py:137} INFO - [2024-01-04T23:34:14.504+0000] {dag.py:2690} INFO - Sync 1 DAGs
[2024-01-04T23:34:14.522+0000] {logging_mixin.py:137} INFO - [2024-01-04T23:34:14.522+0000] {dag.py:3441} INFO - Setting next_dagrun for tutorial to 2024-01-03T23:34:14.522011+00:00, run_after=2024-01-04T23:34:14.522011+00:00
[2024-01-04T23:34:14.533+0000] {processor.py:175} INFO - Processing /home/airflow/.local/lib/python3.7/site-packages/airflow/example_dags/tutorial.py took 0.074 seconds
[2024-01-04T23:34:45.296+0000] {processor.py:153} INFO - Started process (PID=3593) to work on /home/airflow/.local/lib/python3.7/site-packages/airflow/example_dags/tutorial.py
[2024-01-04T23:34:45.298+0000] {processor.py:743} INFO - Processing file /home/airflow/.local/lib/python3.7/site-packages/airflow/example_dags/tutorial.py for tasks to queue
[2024-01-04T23:34:45.299+0000] {logging_mixin.py:137} INFO - [2024-01-04T23:34:45.299+0000] {dagbag.py:538} INFO - Filling up the DagBag from /home/airflow/.local/lib/python3.7/site-packages/airflow/example_dags/tutorial.py
[2024-01-04T23:34:45.315+0000] {processor.py:753} INFO - DAG(s) dict_keys(['tutorial']) retrieved from /home/airflow/.local/lib/python3.7/site-packages/airflow/example_dags/tutorial.py
[2024-01-04T23:34:45.340+0000] {logging_mixin.py:137} INFO - [2024-01-04T23:34:45.340+0000] {dag.py:2690} INFO - Sync 1 DAGs
[2024-01-04T23:34:45.360+0000] {logging_mixin.py:137} INFO - [2024-01-04T23:34:45.360+0000] {dag.py:3441} INFO - Setting next_dagrun for tutorial to 2024-01-03T23:34:45.360607+00:00, run_after=2024-01-04T23:34:45.360607+00:00
[2024-01-04T23:34:45.377+0000] {processor.py:175} INFO - Processing /home/airflow/.local/lib/python3.7/site-packages/airflow/example_dags/tutorial.py took 0.084 seconds
[2024-01-04T23:35:16.312+0000] {processor.py:153} INFO - Started process (PID=3668) to work on /home/airflow/.local/lib/python3.7/site-packages/airflow/example_dags/tutorial.py
[2024-01-04T23:35:16.314+0000] {processor.py:743} INFO - Processing file /home/airflow/.local/lib/python3.7/site-packages/airflow/example_dags/tutorial.py for tasks to queue
[2024-01-04T23:35:16.314+0000] {logging_mixin.py:137} INFO - [2024-01-04T23:35:16.314+0000] {dagbag.py:538} INFO - Filling up the DagBag from /home/airflow/.local/lib/python3.7/site-packages/airflow/example_dags/tutorial.py
[2024-01-04T23:35:16.324+0000] {processor.py:753} INFO - DAG(s) dict_keys(['tutorial']) retrieved from /home/airflow/.local/lib/python3.7/site-packages/airflow/example_dags/tutorial.py
[2024-01-04T23:35:16.342+0000] {logging_mixin.py:137} INFO - [2024-01-04T23:35:16.342+0000] {dag.py:2690} INFO - Sync 1 DAGs
[2024-01-04T23:35:16.357+0000] {logging_mixin.py:137} INFO - [2024-01-04T23:35:16.357+0000] {dag.py:3441} INFO - Setting next_dagrun for tutorial to 2024-01-03T23:35:16.357479+00:00, run_after=2024-01-04T23:35:16.357479+00:00
[2024-01-04T23:35:16.367+0000] {processor.py:175} INFO - Processing /home/airflow/.local/lib/python3.7/site-packages/airflow/example_dags/tutorial.py took 0.058 seconds
[2024-01-04T23:35:46.821+0000] {processor.py:153} INFO - Started process (PID=3731) to work on /home/airflow/.local/lib/python3.7/site-packages/airflow/example_dags/tutorial.py
[2024-01-04T23:35:46.822+0000] {processor.py:743} INFO - Processing file /home/airflow/.local/lib/python3.7/site-packages/airflow/example_dags/tutorial.py for tasks to queue
[2024-01-04T23:35:46.823+0000] {logging_mixin.py:137} INFO - [2024-01-04T23:35:46.823+0000] {dagbag.py:538} INFO - Filling up the DagBag from /home/airflow/.local/lib/python3.7/site-packages/airflow/example_dags/tutorial.py
[2024-01-04T23:35:46.833+0000] {processor.py:753} INFO - DAG(s) dict_keys(['tutorial']) retrieved from /home/airflow/.local/lib/python3.7/site-packages/airflow/example_dags/tutorial.py
[2024-01-04T23:35:46.853+0000] {logging_mixin.py:137} INFO - [2024-01-04T23:35:46.853+0000] {dag.py:2690} INFO - Sync 1 DAGs
[2024-01-04T23:35:46.868+0000] {logging_mixin.py:137} INFO - [2024-01-04T23:35:46.868+0000] {dag.py:3441} INFO - Setting next_dagrun for tutorial to 2024-01-03T23:35:46.867843+00:00, run_after=2024-01-04T23:35:46.867843+00:00
[2024-01-04T23:35:46.880+0000] {processor.py:175} INFO - Processing /home/airflow/.local/lib/python3.7/site-packages/airflow/example_dags/tutorial.py took 0.062 seconds
[2024-01-04T23:36:17.875+0000] {processor.py:153} INFO - Started process (PID=3805) to work on /home/airflow/.local/lib/python3.7/site-packages/airflow/example_dags/tutorial.py
[2024-01-04T23:36:17.876+0000] {processor.py:743} INFO - Processing file /home/airflow/.local/lib/python3.7/site-packages/airflow/example_dags/tutorial.py for tasks to queue
[2024-01-04T23:36:17.877+0000] {logging_mixin.py:137} INFO - [2024-01-04T23:36:17.877+0000] {dagbag.py:538} INFO - Filling up the DagBag from /home/airflow/.local/lib/python3.7/site-packages/airflow/example_dags/tutorial.py
[2024-01-04T23:36:17.894+0000] {processor.py:753} INFO - DAG(s) dict_keys(['tutorial']) retrieved from /home/airflow/.local/lib/python3.7/site-packages/airflow/example_dags/tutorial.py
[2024-01-04T23:36:17.920+0000] {logging_mixin.py:137} INFO - [2024-01-04T23:36:17.920+0000] {dag.py:2690} INFO - Sync 1 DAGs
[2024-01-04T23:36:17.942+0000] {logging_mixin.py:137} INFO - [2024-01-04T23:36:17.941+0000] {dag.py:3441} INFO - Setting next_dagrun for tutorial to 2024-01-03T23:36:17.941621+00:00, run_after=2024-01-04T23:36:17.941621+00:00
[2024-01-04T23:36:17.958+0000] {processor.py:175} INFO - Processing /home/airflow/.local/lib/python3.7/site-packages/airflow/example_dags/tutorial.py took 0.087 seconds
[2024-01-04T23:36:48.353+0000] {processor.py:153} INFO - Started process (PID=3880) to work on /home/airflow/.local/lib/python3.7/site-packages/airflow/example_dags/tutorial.py
[2024-01-04T23:36:48.354+0000] {processor.py:743} INFO - Processing file /home/airflow/.local/lib/python3.7/site-packages/airflow/example_dags/tutorial.py for tasks to queue
[2024-01-04T23:36:48.355+0000] {logging_mixin.py:137} INFO - [2024-01-04T23:36:48.355+0000] {dagbag.py:538} INFO - Filling up the DagBag from /home/airflow/.local/lib/python3.7/site-packages/airflow/example_dags/tutorial.py
[2024-01-04T23:36:48.366+0000] {processor.py:753} INFO - DAG(s) dict_keys(['tutorial']) retrieved from /home/airflow/.local/lib/python3.7/site-packages/airflow/example_dags/tutorial.py
[2024-01-04T23:36:48.385+0000] {logging_mixin.py:137} INFO - [2024-01-04T23:36:48.385+0000] {dag.py:2690} INFO - Sync 1 DAGs
[2024-01-04T23:36:48.401+0000] {logging_mixin.py:137} INFO - [2024-01-04T23:36:48.401+0000] {dag.py:3441} INFO - Setting next_dagrun for tutorial to 2024-01-03T23:36:48.401390+00:00, run_after=2024-01-04T23:36:48.401390+00:00
[2024-01-04T23:36:48.412+0000] {processor.py:175} INFO - Processing /home/airflow/.local/lib/python3.7/site-packages/airflow/example_dags/tutorial.py took 0.062 seconds
[2024-01-04T23:37:19.005+0000] {processor.py:153} INFO - Started process (PID=3943) to work on /home/airflow/.local/lib/python3.7/site-packages/airflow/example_dags/tutorial.py
[2024-01-04T23:37:19.006+0000] {processor.py:743} INFO - Processing file /home/airflow/.local/lib/python3.7/site-packages/airflow/example_dags/tutorial.py for tasks to queue
[2024-01-04T23:37:19.012+0000] {logging_mixin.py:137} INFO - [2024-01-04T23:37:19.012+0000] {dagbag.py:538} INFO - Filling up the DagBag from /home/airflow/.local/lib/python3.7/site-packages/airflow/example_dags/tutorial.py
[2024-01-04T23:37:19.025+0000] {processor.py:753} INFO - DAG(s) dict_keys(['tutorial']) retrieved from /home/airflow/.local/lib/python3.7/site-packages/airflow/example_dags/tutorial.py
[2024-01-04T23:37:19.045+0000] {logging_mixin.py:137} INFO - [2024-01-04T23:37:19.045+0000] {dag.py:2690} INFO - Sync 1 DAGs
[2024-01-04T23:37:19.061+0000] {logging_mixin.py:137} INFO - [2024-01-04T23:37:19.061+0000] {dag.py:3441} INFO - Setting next_dagrun for tutorial to 2024-01-03T23:37:19.060923+00:00, run_after=2024-01-04T23:37:19.060923+00:00
[2024-01-04T23:37:19.072+0000] {processor.py:175} INFO - Processing /home/airflow/.local/lib/python3.7/site-packages/airflow/example_dags/tutorial.py took 0.071 seconds
[2024-01-04T23:37:49.612+0000] {processor.py:153} INFO - Started process (PID=4017) to work on /home/airflow/.local/lib/python3.7/site-packages/airflow/example_dags/tutorial.py
[2024-01-04T23:37:49.614+0000] {processor.py:743} INFO - Processing file /home/airflow/.local/lib/python3.7/site-packages/airflow/example_dags/tutorial.py for tasks to queue
[2024-01-04T23:37:49.615+0000] {logging_mixin.py:137} INFO - [2024-01-04T23:37:49.615+0000] {dagbag.py:538} INFO - Filling up the DagBag from /home/airflow/.local/lib/python3.7/site-packages/airflow/example_dags/tutorial.py
[2024-01-04T23:37:49.626+0000] {processor.py:753} INFO - DAG(s) dict_keys(['tutorial']) retrieved from /home/airflow/.local/lib/python3.7/site-packages/airflow/example_dags/tutorial.py
[2024-01-04T23:37:49.718+0000] {logging_mixin.py:137} INFO - [2024-01-04T23:37:49.718+0000] {dag.py:2690} INFO - Sync 1 DAGs
[2024-01-04T23:37:49.741+0000] {logging_mixin.py:137} INFO - [2024-01-04T23:37:49.741+0000] {dag.py:3441} INFO - Setting next_dagrun for tutorial to 2024-01-03T23:37:49.741105+00:00, run_after=2024-01-04T23:37:49.741105+00:00
[2024-01-04T23:37:49.827+0000] {processor.py:175} INFO - Processing /home/airflow/.local/lib/python3.7/site-packages/airflow/example_dags/tutorial.py took 0.218 seconds
[2024-01-04T23:38:20.435+0000] {processor.py:153} INFO - Started process (PID=4080) to work on /home/airflow/.local/lib/python3.7/site-packages/airflow/example_dags/tutorial.py
[2024-01-04T23:38:20.436+0000] {processor.py:743} INFO - Processing file /home/airflow/.local/lib/python3.7/site-packages/airflow/example_dags/tutorial.py for tasks to queue
[2024-01-04T23:38:20.437+0000] {logging_mixin.py:137} INFO - [2024-01-04T23:38:20.437+0000] {dagbag.py:538} INFO - Filling up the DagBag from /home/airflow/.local/lib/python3.7/site-packages/airflow/example_dags/tutorial.py
[2024-01-04T23:38:20.448+0000] {processor.py:753} INFO - DAG(s) dict_keys(['tutorial']) retrieved from /home/airflow/.local/lib/python3.7/site-packages/airflow/example_dags/tutorial.py
[2024-01-04T23:38:20.468+0000] {logging_mixin.py:137} INFO - [2024-01-04T23:38:20.468+0000] {dag.py:2690} INFO - Sync 1 DAGs
[2024-01-04T23:38:20.485+0000] {logging_mixin.py:137} INFO - [2024-01-04T23:38:20.484+0000] {dag.py:3441} INFO - Setting next_dagrun for tutorial to 2024-01-03T23:38:20.484639+00:00, run_after=2024-01-04T23:38:20.484639+00:00
[2024-01-04T23:38:20.496+0000] {processor.py:175} INFO - Processing /home/airflow/.local/lib/python3.7/site-packages/airflow/example_dags/tutorial.py took 0.064 seconds
[2024-01-04T23:38:51.122+0000] {processor.py:153} INFO - Started process (PID=4155) to work on /home/airflow/.local/lib/python3.7/site-packages/airflow/example_dags/tutorial.py
[2024-01-04T23:38:51.124+0000] {processor.py:743} INFO - Processing file /home/airflow/.local/lib/python3.7/site-packages/airflow/example_dags/tutorial.py for tasks to queue
[2024-01-04T23:38:51.125+0000] {logging_mixin.py:137} INFO - [2024-01-04T23:38:51.124+0000] {dagbag.py:538} INFO - Filling up the DagBag from /home/airflow/.local/lib/python3.7/site-packages/airflow/example_dags/tutorial.py
[2024-01-04T23:38:51.136+0000] {processor.py:753} INFO - DAG(s) dict_keys(['tutorial']) retrieved from /home/airflow/.local/lib/python3.7/site-packages/airflow/example_dags/tutorial.py
[2024-01-04T23:38:51.155+0000] {logging_mixin.py:137} INFO - [2024-01-04T23:38:51.155+0000] {dag.py:2690} INFO - Sync 1 DAGs
[2024-01-04T23:38:51.171+0000] {logging_mixin.py:137} INFO - [2024-01-04T23:38:51.171+0000] {dag.py:3441} INFO - Setting next_dagrun for tutorial to 2024-01-03T23:38:51.170844+00:00, run_after=2024-01-04T23:38:51.170844+00:00
[2024-01-04T23:38:51.182+0000] {processor.py:175} INFO - Processing /home/airflow/.local/lib/python3.7/site-packages/airflow/example_dags/tutorial.py took 0.064 seconds
[2024-01-04T23:39:21.810+0000] {processor.py:153} INFO - Started process (PID=4230) to work on /home/airflow/.local/lib/python3.7/site-packages/airflow/example_dags/tutorial.py
[2024-01-04T23:39:21.812+0000] {processor.py:743} INFO - Processing file /home/airflow/.local/lib/python3.7/site-packages/airflow/example_dags/tutorial.py for tasks to queue
[2024-01-04T23:39:21.814+0000] {logging_mixin.py:137} INFO - [2024-01-04T23:39:21.813+0000] {dagbag.py:538} INFO - Filling up the DagBag from /home/airflow/.local/lib/python3.7/site-packages/airflow/example_dags/tutorial.py
[2024-01-04T23:39:21.827+0000] {processor.py:753} INFO - DAG(s) dict_keys(['tutorial']) retrieved from /home/airflow/.local/lib/python3.7/site-packages/airflow/example_dags/tutorial.py
[2024-01-04T23:39:21.850+0000] {logging_mixin.py:137} INFO - [2024-01-04T23:39:21.850+0000] {dag.py:2690} INFO - Sync 1 DAGs
[2024-01-04T23:39:21.868+0000] {logging_mixin.py:137} INFO - [2024-01-04T23:39:21.868+0000] {dag.py:3441} INFO - Setting next_dagrun for tutorial to 2024-01-03T23:39:21.868139+00:00, run_after=2024-01-04T23:39:21.868139+00:00
[2024-01-04T23:39:21.881+0000] {processor.py:175} INFO - Processing /home/airflow/.local/lib/python3.7/site-packages/airflow/example_dags/tutorial.py took 0.074 seconds
[2024-01-04T23:56:23.112+0000] {processor.py:153} INFO - Started process (PID=4269) to work on /home/airflow/.local/lib/python3.7/site-packages/airflow/example_dags/tutorial.py
[2024-01-04T23:56:23.113+0000] {processor.py:743} INFO - Processing file /home/airflow/.local/lib/python3.7/site-packages/airflow/example_dags/tutorial.py for tasks to queue
[2024-01-04T23:56:23.114+0000] {logging_mixin.py:137} INFO - [2024-01-04T23:56:23.114+0000] {dagbag.py:538} INFO - Filling up the DagBag from /home/airflow/.local/lib/python3.7/site-packages/airflow/example_dags/tutorial.py
[2024-01-04T23:56:23.125+0000] {processor.py:753} INFO - DAG(s) dict_keys(['tutorial']) retrieved from /home/airflow/.local/lib/python3.7/site-packages/airflow/example_dags/tutorial.py
[2024-01-04T23:56:23.145+0000] {logging_mixin.py:137} INFO - [2024-01-04T23:56:23.145+0000] {dag.py:2690} INFO - Sync 1 DAGs
[2024-01-04T23:56:23.163+0000] {logging_mixin.py:137} INFO - [2024-01-04T23:56:23.162+0000] {dag.py:3441} INFO - Setting next_dagrun for tutorial to 2024-01-03T23:56:23.162727+00:00, run_after=2024-01-04T23:56:23.162727+00:00
[2024-01-04T23:56:23.176+0000] {processor.py:175} INFO - Processing /home/airflow/.local/lib/python3.7/site-packages/airflow/example_dags/tutorial.py took 0.067 seconds
