[2024-01-04T23:08:58.652+0000] {processor.py:153} INFO - Started process (PID=46) to work on /home/airflow/.local/lib/python3.7/site-packages/airflow/example_dags/tutorial_dag.py
[2024-01-04T23:08:58.656+0000] {processor.py:743} INFO - Processing file /home/airflow/.local/lib/python3.7/site-packages/airflow/example_dags/tutorial_dag.py for tasks to queue
[2024-01-04T23:08:58.659+0000] {logging_mixin.py:137} INFO - [2024-01-04T23:08:58.659+0000] {dagbag.py:538} INFO - Filling up the DagBag from /home/airflow/.local/lib/python3.7/site-packages/airflow/example_dags/tutorial_dag.py
[2024-01-04T23:08:58.828+0000] {processor.py:753} INFO - DAG(s) dict_keys(['tutorial_dag']) retrieved from /home/airflow/.local/lib/python3.7/site-packages/airflow/example_dags/tutorial_dag.py
[2024-01-04T23:08:59.111+0000] {logging_mixin.py:137} INFO - [2024-01-04T23:08:59.111+0000] {manager.py:504} INFO - Created Permission View: can delete on DAG:tutorial_dag
[2024-01-04T23:08:59.147+0000] {logging_mixin.py:137} INFO - [2024-01-04T23:08:59.146+0000] {manager.py:504} INFO - Created Permission View: can edit on DAG:tutorial_dag
[2024-01-04T23:08:59.174+0000] {logging_mixin.py:137} INFO - [2024-01-04T23:08:59.174+0000] {manager.py:504} INFO - Created Permission View: can read on DAG:tutorial_dag
[2024-01-04T23:08:59.176+0000] {logging_mixin.py:137} INFO - [2024-01-04T23:08:59.176+0000] {dag.py:2690} INFO - Sync 1 DAGs
[2024-01-04T23:08:59.209+0000] {logging_mixin.py:137} INFO - [2024-01-04T23:08:59.209+0000] {dag.py:2711} INFO - Creating ORM DAG for tutorial_dag
[2024-01-04T23:08:59.230+0000] {logging_mixin.py:137} INFO - [2024-01-04T23:08:59.230+0000] {dag.py:3441} INFO - Setting next_dagrun for tutorial_dag to None, run_after=None
[2024-01-04T23:08:59.273+0000] {processor.py:175} INFO - Processing /home/airflow/.local/lib/python3.7/site-packages/airflow/example_dags/tutorial_dag.py took 0.625 seconds
[2024-01-04T23:09:30.087+0000] {processor.py:153} INFO - Started process (PID=110) to work on /home/airflow/.local/lib/python3.7/site-packages/airflow/example_dags/tutorial_dag.py
[2024-01-04T23:09:30.088+0000] {processor.py:743} INFO - Processing file /home/airflow/.local/lib/python3.7/site-packages/airflow/example_dags/tutorial_dag.py for tasks to queue
[2024-01-04T23:09:30.089+0000] {logging_mixin.py:137} INFO - [2024-01-04T23:09:30.089+0000] {dagbag.py:538} INFO - Filling up the DagBag from /home/airflow/.local/lib/python3.7/site-packages/airflow/example_dags/tutorial_dag.py
[2024-01-04T23:09:30.101+0000] {processor.py:753} INFO - DAG(s) dict_keys(['tutorial_dag']) retrieved from /home/airflow/.local/lib/python3.7/site-packages/airflow/example_dags/tutorial_dag.py
[2024-01-04T23:09:30.122+0000] {logging_mixin.py:137} INFO - [2024-01-04T23:09:30.122+0000] {dag.py:2690} INFO - Sync 1 DAGs
[2024-01-04T23:09:30.140+0000] {logging_mixin.py:137} INFO - [2024-01-04T23:09:30.139+0000] {dag.py:3441} INFO - Setting next_dagrun for tutorial_dag to None, run_after=None
[2024-01-04T23:09:30.151+0000] {processor.py:175} INFO - Processing /home/airflow/.local/lib/python3.7/site-packages/airflow/example_dags/tutorial_dag.py took 0.068 seconds
[2024-01-04T23:10:00.660+0000] {processor.py:153} INFO - Started process (PID=185) to work on /home/airflow/.local/lib/python3.7/site-packages/airflow/example_dags/tutorial_dag.py
[2024-01-04T23:10:00.663+0000] {processor.py:743} INFO - Processing file /home/airflow/.local/lib/python3.7/site-packages/airflow/example_dags/tutorial_dag.py for tasks to queue
[2024-01-04T23:10:00.666+0000] {logging_mixin.py:137} INFO - [2024-01-04T23:10:00.666+0000] {dagbag.py:538} INFO - Filling up the DagBag from /home/airflow/.local/lib/python3.7/site-packages/airflow/example_dags/tutorial_dag.py
[2024-01-04T23:10:00.685+0000] {processor.py:753} INFO - DAG(s) dict_keys(['tutorial_dag']) retrieved from /home/airflow/.local/lib/python3.7/site-packages/airflow/example_dags/tutorial_dag.py
[2024-01-04T23:10:00.721+0000] {logging_mixin.py:137} INFO - [2024-01-04T23:10:00.721+0000] {dag.py:2690} INFO - Sync 1 DAGs
[2024-01-04T23:10:00.747+0000] {logging_mixin.py:137} INFO - [2024-01-04T23:10:00.747+0000] {dag.py:3441} INFO - Setting next_dagrun for tutorial_dag to None, run_after=None
[2024-01-04T23:10:00.761+0000] {processor.py:175} INFO - Processing /home/airflow/.local/lib/python3.7/site-packages/airflow/example_dags/tutorial_dag.py took 0.110 seconds
[2024-01-04T23:10:31.140+0000] {processor.py:153} INFO - Started process (PID=248) to work on /home/airflow/.local/lib/python3.7/site-packages/airflow/example_dags/tutorial_dag.py
[2024-01-04T23:10:31.142+0000] {processor.py:743} INFO - Processing file /home/airflow/.local/lib/python3.7/site-packages/airflow/example_dags/tutorial_dag.py for tasks to queue
[2024-01-04T23:10:31.144+0000] {logging_mixin.py:137} INFO - [2024-01-04T23:10:31.144+0000] {dagbag.py:538} INFO - Filling up the DagBag from /home/airflow/.local/lib/python3.7/site-packages/airflow/example_dags/tutorial_dag.py
[2024-01-04T23:10:31.161+0000] {processor.py:753} INFO - DAG(s) dict_keys(['tutorial_dag']) retrieved from /home/airflow/.local/lib/python3.7/site-packages/airflow/example_dags/tutorial_dag.py
[2024-01-04T23:10:31.187+0000] {logging_mixin.py:137} INFO - [2024-01-04T23:10:31.187+0000] {dag.py:2690} INFO - Sync 1 DAGs
[2024-01-04T23:10:31.204+0000] {logging_mixin.py:137} INFO - [2024-01-04T23:10:31.204+0000] {dag.py:3441} INFO - Setting next_dagrun for tutorial_dag to None, run_after=None
[2024-01-04T23:10:31.216+0000] {processor.py:175} INFO - Processing /home/airflow/.local/lib/python3.7/site-packages/airflow/example_dags/tutorial_dag.py took 0.084 seconds
[2024-01-04T23:11:01.425+0000] {processor.py:153} INFO - Started process (PID=323) to work on /home/airflow/.local/lib/python3.7/site-packages/airflow/example_dags/tutorial_dag.py
[2024-01-04T23:11:01.427+0000] {processor.py:743} INFO - Processing file /home/airflow/.local/lib/python3.7/site-packages/airflow/example_dags/tutorial_dag.py for tasks to queue
[2024-01-04T23:11:01.429+0000] {logging_mixin.py:137} INFO - [2024-01-04T23:11:01.429+0000] {dagbag.py:538} INFO - Filling up the DagBag from /home/airflow/.local/lib/python3.7/site-packages/airflow/example_dags/tutorial_dag.py
[2024-01-04T23:11:01.446+0000] {processor.py:753} INFO - DAG(s) dict_keys(['tutorial_dag']) retrieved from /home/airflow/.local/lib/python3.7/site-packages/airflow/example_dags/tutorial_dag.py
[2024-01-04T23:11:01.474+0000] {logging_mixin.py:137} INFO - [2024-01-04T23:11:01.474+0000] {dag.py:2690} INFO - Sync 1 DAGs
[2024-01-04T23:11:01.491+0000] {logging_mixin.py:137} INFO - [2024-01-04T23:11:01.491+0000] {dag.py:3441} INFO - Setting next_dagrun for tutorial_dag to None, run_after=None
[2024-01-04T23:11:01.503+0000] {processor.py:175} INFO - Processing /home/airflow/.local/lib/python3.7/site-packages/airflow/example_dags/tutorial_dag.py took 0.084 seconds
[2024-01-04T23:11:31.938+0000] {processor.py:153} INFO - Started process (PID=398) to work on /home/airflow/.local/lib/python3.7/site-packages/airflow/example_dags/tutorial_dag.py
[2024-01-04T23:11:31.940+0000] {processor.py:743} INFO - Processing file /home/airflow/.local/lib/python3.7/site-packages/airflow/example_dags/tutorial_dag.py for tasks to queue
[2024-01-04T23:11:31.941+0000] {logging_mixin.py:137} INFO - [2024-01-04T23:11:31.941+0000] {dagbag.py:538} INFO - Filling up the DagBag from /home/airflow/.local/lib/python3.7/site-packages/airflow/example_dags/tutorial_dag.py
[2024-01-04T23:11:31.970+0000] {processor.py:753} INFO - DAG(s) dict_keys(['tutorial_dag']) retrieved from /home/airflow/.local/lib/python3.7/site-packages/airflow/example_dags/tutorial_dag.py
[2024-01-04T23:11:32.035+0000] {logging_mixin.py:137} INFO - [2024-01-04T23:11:32.034+0000] {dag.py:2690} INFO - Sync 1 DAGs
[2024-01-04T23:11:32.084+0000] {logging_mixin.py:137} INFO - [2024-01-04T23:11:32.083+0000] {dag.py:3441} INFO - Setting next_dagrun for tutorial_dag to None, run_after=None
[2024-01-04T23:11:32.110+0000] {processor.py:175} INFO - Processing /home/airflow/.local/lib/python3.7/site-packages/airflow/example_dags/tutorial_dag.py took 0.178 seconds
[2024-01-04T23:12:02.554+0000] {processor.py:153} INFO - Started process (PID=461) to work on /home/airflow/.local/lib/python3.7/site-packages/airflow/example_dags/tutorial_dag.py
[2024-01-04T23:12:02.558+0000] {processor.py:743} INFO - Processing file /home/airflow/.local/lib/python3.7/site-packages/airflow/example_dags/tutorial_dag.py for tasks to queue
[2024-01-04T23:12:02.560+0000] {logging_mixin.py:137} INFO - [2024-01-04T23:12:02.560+0000] {dagbag.py:538} INFO - Filling up the DagBag from /home/airflow/.local/lib/python3.7/site-packages/airflow/example_dags/tutorial_dag.py
[2024-01-04T23:12:02.578+0000] {processor.py:753} INFO - DAG(s) dict_keys(['tutorial_dag']) retrieved from /home/airflow/.local/lib/python3.7/site-packages/airflow/example_dags/tutorial_dag.py
[2024-01-04T23:12:02.603+0000] {logging_mixin.py:137} INFO - [2024-01-04T23:12:02.603+0000] {dag.py:2690} INFO - Sync 1 DAGs
[2024-01-04T23:12:02.619+0000] {logging_mixin.py:137} INFO - [2024-01-04T23:12:02.619+0000] {dag.py:3441} INFO - Setting next_dagrun for tutorial_dag to None, run_after=None
[2024-01-04T23:12:02.632+0000] {processor.py:175} INFO - Processing /home/airflow/.local/lib/python3.7/site-packages/airflow/example_dags/tutorial_dag.py took 0.084 seconds
[2024-01-04T23:12:32.962+0000] {processor.py:153} INFO - Started process (PID=536) to work on /home/airflow/.local/lib/python3.7/site-packages/airflow/example_dags/tutorial_dag.py
[2024-01-04T23:12:32.965+0000] {processor.py:743} INFO - Processing file /home/airflow/.local/lib/python3.7/site-packages/airflow/example_dags/tutorial_dag.py for tasks to queue
[2024-01-04T23:12:32.966+0000] {logging_mixin.py:137} INFO - [2024-01-04T23:12:32.966+0000] {dagbag.py:538} INFO - Filling up the DagBag from /home/airflow/.local/lib/python3.7/site-packages/airflow/example_dags/tutorial_dag.py
[2024-01-04T23:12:32.984+0000] {processor.py:753} INFO - DAG(s) dict_keys(['tutorial_dag']) retrieved from /home/airflow/.local/lib/python3.7/site-packages/airflow/example_dags/tutorial_dag.py
[2024-01-04T23:12:33.007+0000] {logging_mixin.py:137} INFO - [2024-01-04T23:12:33.007+0000] {dag.py:2690} INFO - Sync 1 DAGs
[2024-01-04T23:12:33.023+0000] {logging_mixin.py:137} INFO - [2024-01-04T23:12:33.023+0000] {dag.py:3441} INFO - Setting next_dagrun for tutorial_dag to None, run_after=None
[2024-01-04T23:12:33.035+0000] {processor.py:175} INFO - Processing /home/airflow/.local/lib/python3.7/site-packages/airflow/example_dags/tutorial_dag.py took 0.080 seconds
[2024-01-04T23:13:03.276+0000] {processor.py:153} INFO - Started process (PID=600) to work on /home/airflow/.local/lib/python3.7/site-packages/airflow/example_dags/tutorial_dag.py
[2024-01-04T23:13:03.279+0000] {processor.py:743} INFO - Processing file /home/airflow/.local/lib/python3.7/site-packages/airflow/example_dags/tutorial_dag.py for tasks to queue
[2024-01-04T23:13:03.282+0000] {logging_mixin.py:137} INFO - [2024-01-04T23:13:03.281+0000] {dagbag.py:538} INFO - Filling up the DagBag from /home/airflow/.local/lib/python3.7/site-packages/airflow/example_dags/tutorial_dag.py
[2024-01-04T23:13:03.301+0000] {processor.py:753} INFO - DAG(s) dict_keys(['tutorial_dag']) retrieved from /home/airflow/.local/lib/python3.7/site-packages/airflow/example_dags/tutorial_dag.py
[2024-01-04T23:13:03.327+0000] {logging_mixin.py:137} INFO - [2024-01-04T23:13:03.327+0000] {dag.py:2690} INFO - Sync 1 DAGs
[2024-01-04T23:13:03.342+0000] {logging_mixin.py:137} INFO - [2024-01-04T23:13:03.342+0000] {dag.py:3441} INFO - Setting next_dagrun for tutorial_dag to None, run_after=None
[2024-01-04T23:13:03.355+0000] {processor.py:175} INFO - Processing /home/airflow/.local/lib/python3.7/site-packages/airflow/example_dags/tutorial_dag.py took 0.086 seconds
[2024-01-04T23:13:33.667+0000] {processor.py:153} INFO - Started process (PID=676) to work on /home/airflow/.local/lib/python3.7/site-packages/airflow/example_dags/tutorial_dag.py
[2024-01-04T23:13:33.670+0000] {processor.py:743} INFO - Processing file /home/airflow/.local/lib/python3.7/site-packages/airflow/example_dags/tutorial_dag.py for tasks to queue
[2024-01-04T23:13:33.671+0000] {logging_mixin.py:137} INFO - [2024-01-04T23:13:33.671+0000] {dagbag.py:538} INFO - Filling up the DagBag from /home/airflow/.local/lib/python3.7/site-packages/airflow/example_dags/tutorial_dag.py
[2024-01-04T23:13:33.691+0000] {processor.py:753} INFO - DAG(s) dict_keys(['tutorial_dag']) retrieved from /home/airflow/.local/lib/python3.7/site-packages/airflow/example_dags/tutorial_dag.py
[2024-01-04T23:13:33.723+0000] {logging_mixin.py:137} INFO - [2024-01-04T23:13:33.723+0000] {dag.py:2690} INFO - Sync 1 DAGs
[2024-01-04T23:13:33.745+0000] {logging_mixin.py:137} INFO - [2024-01-04T23:13:33.745+0000] {dag.py:3441} INFO - Setting next_dagrun for tutorial_dag to None, run_after=None
[2024-01-04T23:13:33.757+0000] {processor.py:175} INFO - Processing /home/airflow/.local/lib/python3.7/site-packages/airflow/example_dags/tutorial_dag.py took 0.096 seconds
[2024-01-04T23:14:04.477+0000] {processor.py:153} INFO - Started process (PID=751) to work on /home/airflow/.local/lib/python3.7/site-packages/airflow/example_dags/tutorial_dag.py
[2024-01-04T23:14:04.480+0000] {processor.py:743} INFO - Processing file /home/airflow/.local/lib/python3.7/site-packages/airflow/example_dags/tutorial_dag.py for tasks to queue
[2024-01-04T23:14:04.482+0000] {logging_mixin.py:137} INFO - [2024-01-04T23:14:04.482+0000] {dagbag.py:538} INFO - Filling up the DagBag from /home/airflow/.local/lib/python3.7/site-packages/airflow/example_dags/tutorial_dag.py
[2024-01-04T23:14:04.494+0000] {processor.py:753} INFO - DAG(s) dict_keys(['tutorial_dag']) retrieved from /home/airflow/.local/lib/python3.7/site-packages/airflow/example_dags/tutorial_dag.py
[2024-01-04T23:14:04.523+0000] {logging_mixin.py:137} INFO - [2024-01-04T23:14:04.523+0000] {dag.py:2690} INFO - Sync 1 DAGs
[2024-01-04T23:14:04.540+0000] {logging_mixin.py:137} INFO - [2024-01-04T23:14:04.540+0000] {dag.py:3441} INFO - Setting next_dagrun for tutorial_dag to None, run_after=None
[2024-01-04T23:14:04.555+0000] {processor.py:175} INFO - Processing /home/airflow/.local/lib/python3.7/site-packages/airflow/example_dags/tutorial_dag.py took 0.085 seconds
[2024-01-04T23:14:34.741+0000] {processor.py:153} INFO - Started process (PID=814) to work on /home/airflow/.local/lib/python3.7/site-packages/airflow/example_dags/tutorial_dag.py
[2024-01-04T23:14:34.743+0000] {processor.py:743} INFO - Processing file /home/airflow/.local/lib/python3.7/site-packages/airflow/example_dags/tutorial_dag.py for tasks to queue
[2024-01-04T23:14:34.745+0000] {logging_mixin.py:137} INFO - [2024-01-04T23:14:34.744+0000] {dagbag.py:538} INFO - Filling up the DagBag from /home/airflow/.local/lib/python3.7/site-packages/airflow/example_dags/tutorial_dag.py
[2024-01-04T23:14:34.760+0000] {processor.py:753} INFO - DAG(s) dict_keys(['tutorial_dag']) retrieved from /home/airflow/.local/lib/python3.7/site-packages/airflow/example_dags/tutorial_dag.py
[2024-01-04T23:14:34.793+0000] {logging_mixin.py:137} INFO - [2024-01-04T23:14:34.793+0000] {dag.py:2690} INFO - Sync 1 DAGs
[2024-01-04T23:14:34.811+0000] {logging_mixin.py:137} INFO - [2024-01-04T23:14:34.811+0000] {dag.py:3441} INFO - Setting next_dagrun for tutorial_dag to None, run_after=None
[2024-01-04T23:14:34.823+0000] {processor.py:175} INFO - Processing /home/airflow/.local/lib/python3.7/site-packages/airflow/example_dags/tutorial_dag.py took 0.089 seconds
[2024-01-04T23:15:05.299+0000] {processor.py:153} INFO - Started process (PID=887) to work on /home/airflow/.local/lib/python3.7/site-packages/airflow/example_dags/tutorial_dag.py
[2024-01-04T23:15:05.301+0000] {processor.py:743} INFO - Processing file /home/airflow/.local/lib/python3.7/site-packages/airflow/example_dags/tutorial_dag.py for tasks to queue
[2024-01-04T23:15:05.302+0000] {logging_mixin.py:137} INFO - [2024-01-04T23:15:05.302+0000] {dagbag.py:538} INFO - Filling up the DagBag from /home/airflow/.local/lib/python3.7/site-packages/airflow/example_dags/tutorial_dag.py
[2024-01-04T23:15:05.317+0000] {processor.py:753} INFO - DAG(s) dict_keys(['tutorial_dag']) retrieved from /home/airflow/.local/lib/python3.7/site-packages/airflow/example_dags/tutorial_dag.py
[2024-01-04T23:15:05.341+0000] {logging_mixin.py:137} INFO - [2024-01-04T23:15:05.341+0000] {dag.py:2690} INFO - Sync 1 DAGs
[2024-01-04T23:15:05.357+0000] {logging_mixin.py:137} INFO - [2024-01-04T23:15:05.357+0000] {dag.py:3441} INFO - Setting next_dagrun for tutorial_dag to None, run_after=None
[2024-01-04T23:15:05.373+0000] {processor.py:175} INFO - Processing /home/airflow/.local/lib/python3.7/site-packages/airflow/example_dags/tutorial_dag.py took 0.081 seconds
[2024-01-04T23:15:35.821+0000] {processor.py:153} INFO - Started process (PID=950) to work on /home/airflow/.local/lib/python3.7/site-packages/airflow/example_dags/tutorial_dag.py
[2024-01-04T23:15:35.824+0000] {processor.py:743} INFO - Processing file /home/airflow/.local/lib/python3.7/site-packages/airflow/example_dags/tutorial_dag.py for tasks to queue
[2024-01-04T23:15:35.825+0000] {logging_mixin.py:137} INFO - [2024-01-04T23:15:35.825+0000] {dagbag.py:538} INFO - Filling up the DagBag from /home/airflow/.local/lib/python3.7/site-packages/airflow/example_dags/tutorial_dag.py
[2024-01-04T23:15:35.841+0000] {processor.py:753} INFO - DAG(s) dict_keys(['tutorial_dag']) retrieved from /home/airflow/.local/lib/python3.7/site-packages/airflow/example_dags/tutorial_dag.py
[2024-01-04T23:15:35.869+0000] {logging_mixin.py:137} INFO - [2024-01-04T23:15:35.869+0000] {dag.py:2690} INFO - Sync 1 DAGs
[2024-01-04T23:15:35.886+0000] {logging_mixin.py:137} INFO - [2024-01-04T23:15:35.886+0000] {dag.py:3441} INFO - Setting next_dagrun for tutorial_dag to None, run_after=None
[2024-01-04T23:15:35.901+0000] {processor.py:175} INFO - Processing /home/airflow/.local/lib/python3.7/site-packages/airflow/example_dags/tutorial_dag.py took 0.086 seconds
[2024-01-04T23:16:06.522+0000] {processor.py:153} INFO - Started process (PID=1024) to work on /home/airflow/.local/lib/python3.7/site-packages/airflow/example_dags/tutorial_dag.py
[2024-01-04T23:16:06.525+0000] {processor.py:743} INFO - Processing file /home/airflow/.local/lib/python3.7/site-packages/airflow/example_dags/tutorial_dag.py for tasks to queue
[2024-01-04T23:16:06.526+0000] {logging_mixin.py:137} INFO - [2024-01-04T23:16:06.526+0000] {dagbag.py:538} INFO - Filling up the DagBag from /home/airflow/.local/lib/python3.7/site-packages/airflow/example_dags/tutorial_dag.py
[2024-01-04T23:16:06.546+0000] {processor.py:753} INFO - DAG(s) dict_keys(['tutorial_dag']) retrieved from /home/airflow/.local/lib/python3.7/site-packages/airflow/example_dags/tutorial_dag.py
[2024-01-04T23:16:06.569+0000] {logging_mixin.py:137} INFO - [2024-01-04T23:16:06.569+0000] {dag.py:2690} INFO - Sync 1 DAGs
[2024-01-04T23:16:06.586+0000] {logging_mixin.py:137} INFO - [2024-01-04T23:16:06.586+0000] {dag.py:3441} INFO - Setting next_dagrun for tutorial_dag to None, run_after=None
[2024-01-04T23:16:06.597+0000] {processor.py:175} INFO - Processing /home/airflow/.local/lib/python3.7/site-packages/airflow/example_dags/tutorial_dag.py took 0.082 seconds
[2024-01-04T23:16:37.027+0000] {processor.py:153} INFO - Started process (PID=1099) to work on /home/airflow/.local/lib/python3.7/site-packages/airflow/example_dags/tutorial_dag.py
[2024-01-04T23:16:37.029+0000] {processor.py:743} INFO - Processing file /home/airflow/.local/lib/python3.7/site-packages/airflow/example_dags/tutorial_dag.py for tasks to queue
[2024-01-04T23:16:37.029+0000] {logging_mixin.py:137} INFO - [2024-01-04T23:16:37.029+0000] {dagbag.py:538} INFO - Filling up the DagBag from /home/airflow/.local/lib/python3.7/site-packages/airflow/example_dags/tutorial_dag.py
[2024-01-04T23:16:37.047+0000] {processor.py:753} INFO - DAG(s) dict_keys(['tutorial_dag']) retrieved from /home/airflow/.local/lib/python3.7/site-packages/airflow/example_dags/tutorial_dag.py
[2024-01-04T23:16:37.081+0000] {logging_mixin.py:137} INFO - [2024-01-04T23:16:37.081+0000] {dag.py:2690} INFO - Sync 1 DAGs
[2024-01-04T23:16:37.101+0000] {logging_mixin.py:137} INFO - [2024-01-04T23:16:37.101+0000] {dag.py:3441} INFO - Setting next_dagrun for tutorial_dag to None, run_after=None
[2024-01-04T23:16:37.117+0000] {processor.py:175} INFO - Processing /home/airflow/.local/lib/python3.7/site-packages/airflow/example_dags/tutorial_dag.py took 0.093 seconds
[2024-01-04T23:17:07.495+0000] {processor.py:153} INFO - Started process (PID=1163) to work on /home/airflow/.local/lib/python3.7/site-packages/airflow/example_dags/tutorial_dag.py
[2024-01-04T23:17:07.499+0000] {processor.py:743} INFO - Processing file /home/airflow/.local/lib/python3.7/site-packages/airflow/example_dags/tutorial_dag.py for tasks to queue
[2024-01-04T23:17:07.500+0000] {logging_mixin.py:137} INFO - [2024-01-04T23:17:07.500+0000] {dagbag.py:538} INFO - Filling up the DagBag from /home/airflow/.local/lib/python3.7/site-packages/airflow/example_dags/tutorial_dag.py
[2024-01-04T23:17:07.517+0000] {processor.py:753} INFO - DAG(s) dict_keys(['tutorial_dag']) retrieved from /home/airflow/.local/lib/python3.7/site-packages/airflow/example_dags/tutorial_dag.py
[2024-01-04T23:17:07.545+0000] {logging_mixin.py:137} INFO - [2024-01-04T23:17:07.545+0000] {dag.py:2690} INFO - Sync 1 DAGs
[2024-01-04T23:17:07.562+0000] {logging_mixin.py:137} INFO - [2024-01-04T23:17:07.562+0000] {dag.py:3441} INFO - Setting next_dagrun for tutorial_dag to None, run_after=None
[2024-01-04T23:17:07.574+0000] {processor.py:175} INFO - Processing /home/airflow/.local/lib/python3.7/site-packages/airflow/example_dags/tutorial_dag.py took 0.085 seconds
[2024-01-04T23:17:38.167+0000] {processor.py:153} INFO - Started process (PID=1238) to work on /home/airflow/.local/lib/python3.7/site-packages/airflow/example_dags/tutorial_dag.py
[2024-01-04T23:17:38.169+0000] {processor.py:743} INFO - Processing file /home/airflow/.local/lib/python3.7/site-packages/airflow/example_dags/tutorial_dag.py for tasks to queue
[2024-01-04T23:17:38.171+0000] {logging_mixin.py:137} INFO - [2024-01-04T23:17:38.171+0000] {dagbag.py:538} INFO - Filling up the DagBag from /home/airflow/.local/lib/python3.7/site-packages/airflow/example_dags/tutorial_dag.py
[2024-01-04T23:17:38.185+0000] {processor.py:753} INFO - DAG(s) dict_keys(['tutorial_dag']) retrieved from /home/airflow/.local/lib/python3.7/site-packages/airflow/example_dags/tutorial_dag.py
[2024-01-04T23:17:38.209+0000] {logging_mixin.py:137} INFO - [2024-01-04T23:17:38.209+0000] {dag.py:2690} INFO - Sync 1 DAGs
[2024-01-04T23:17:38.225+0000] {logging_mixin.py:137} INFO - [2024-01-04T23:17:38.225+0000] {dag.py:3441} INFO - Setting next_dagrun for tutorial_dag to None, run_after=None
[2024-01-04T23:17:38.237+0000] {processor.py:175} INFO - Processing /home/airflow/.local/lib/python3.7/site-packages/airflow/example_dags/tutorial_dag.py took 0.076 seconds
[2024-01-04T23:18:08.850+0000] {processor.py:153} INFO - Started process (PID=1301) to work on /home/airflow/.local/lib/python3.7/site-packages/airflow/example_dags/tutorial_dag.py
[2024-01-04T23:18:08.851+0000] {processor.py:743} INFO - Processing file /home/airflow/.local/lib/python3.7/site-packages/airflow/example_dags/tutorial_dag.py for tasks to queue
[2024-01-04T23:18:08.852+0000] {logging_mixin.py:137} INFO - [2024-01-04T23:18:08.852+0000] {dagbag.py:538} INFO - Filling up the DagBag from /home/airflow/.local/lib/python3.7/site-packages/airflow/example_dags/tutorial_dag.py
[2024-01-04T23:18:08.861+0000] {processor.py:753} INFO - DAG(s) dict_keys(['tutorial_dag']) retrieved from /home/airflow/.local/lib/python3.7/site-packages/airflow/example_dags/tutorial_dag.py
[2024-01-04T23:18:08.881+0000] {logging_mixin.py:137} INFO - [2024-01-04T23:18:08.881+0000] {dag.py:2690} INFO - Sync 1 DAGs
[2024-01-04T23:18:08.897+0000] {logging_mixin.py:137} INFO - [2024-01-04T23:18:08.897+0000] {dag.py:3441} INFO - Setting next_dagrun for tutorial_dag to None, run_after=None
[2024-01-04T23:18:08.909+0000] {processor.py:175} INFO - Processing /home/airflow/.local/lib/python3.7/site-packages/airflow/example_dags/tutorial_dag.py took 0.062 seconds
[2024-01-04T23:18:39.780+0000] {processor.py:153} INFO - Started process (PID=1377) to work on /home/airflow/.local/lib/python3.7/site-packages/airflow/example_dags/tutorial_dag.py
[2024-01-04T23:18:39.783+0000] {processor.py:743} INFO - Processing file /home/airflow/.local/lib/python3.7/site-packages/airflow/example_dags/tutorial_dag.py for tasks to queue
[2024-01-04T23:18:39.785+0000] {logging_mixin.py:137} INFO - [2024-01-04T23:18:39.784+0000] {dagbag.py:538} INFO - Filling up the DagBag from /home/airflow/.local/lib/python3.7/site-packages/airflow/example_dags/tutorial_dag.py
[2024-01-04T23:18:39.803+0000] {processor.py:753} INFO - DAG(s) dict_keys(['tutorial_dag']) retrieved from /home/airflow/.local/lib/python3.7/site-packages/airflow/example_dags/tutorial_dag.py
[2024-01-04T23:18:39.829+0000] {logging_mixin.py:137} INFO - [2024-01-04T23:18:39.829+0000] {dag.py:2690} INFO - Sync 1 DAGs
[2024-01-04T23:18:39.846+0000] {logging_mixin.py:137} INFO - [2024-01-04T23:18:39.846+0000] {dag.py:3441} INFO - Setting next_dagrun for tutorial_dag to None, run_after=None
[2024-01-04T23:18:39.858+0000] {processor.py:175} INFO - Processing /home/airflow/.local/lib/python3.7/site-packages/airflow/example_dags/tutorial_dag.py took 0.084 seconds
[2024-01-04T23:19:10.624+0000] {processor.py:153} INFO - Started process (PID=1441) to work on /home/airflow/.local/lib/python3.7/site-packages/airflow/example_dags/tutorial_dag.py
[2024-01-04T23:19:10.627+0000] {processor.py:743} INFO - Processing file /home/airflow/.local/lib/python3.7/site-packages/airflow/example_dags/tutorial_dag.py for tasks to queue
[2024-01-04T23:19:10.628+0000] {logging_mixin.py:137} INFO - [2024-01-04T23:19:10.628+0000] {dagbag.py:538} INFO - Filling up the DagBag from /home/airflow/.local/lib/python3.7/site-packages/airflow/example_dags/tutorial_dag.py
[2024-01-04T23:19:10.643+0000] {processor.py:753} INFO - DAG(s) dict_keys(['tutorial_dag']) retrieved from /home/airflow/.local/lib/python3.7/site-packages/airflow/example_dags/tutorial_dag.py
[2024-01-04T23:19:10.679+0000] {logging_mixin.py:137} INFO - [2024-01-04T23:19:10.679+0000] {dag.py:2690} INFO - Sync 1 DAGs
[2024-01-04T23:19:10.722+0000] {logging_mixin.py:137} INFO - [2024-01-04T23:19:10.721+0000] {dag.py:3441} INFO - Setting next_dagrun for tutorial_dag to None, run_after=None
[2024-01-04T23:19:10.742+0000] {processor.py:175} INFO - Processing /home/airflow/.local/lib/python3.7/site-packages/airflow/example_dags/tutorial_dag.py took 0.121 seconds
[2024-01-04T23:19:41.807+0000] {processor.py:153} INFO - Started process (PID=1518) to work on /home/airflow/.local/lib/python3.7/site-packages/airflow/example_dags/tutorial_dag.py
[2024-01-04T23:19:41.810+0000] {processor.py:743} INFO - Processing file /home/airflow/.local/lib/python3.7/site-packages/airflow/example_dags/tutorial_dag.py for tasks to queue
[2024-01-04T23:19:41.812+0000] {logging_mixin.py:137} INFO - [2024-01-04T23:19:41.812+0000] {dagbag.py:538} INFO - Filling up the DagBag from /home/airflow/.local/lib/python3.7/site-packages/airflow/example_dags/tutorial_dag.py
[2024-01-04T23:19:41.829+0000] {processor.py:753} INFO - DAG(s) dict_keys(['tutorial_dag']) retrieved from /home/airflow/.local/lib/python3.7/site-packages/airflow/example_dags/tutorial_dag.py
[2024-01-04T23:19:41.853+0000] {logging_mixin.py:137} INFO - [2024-01-04T23:19:41.853+0000] {dag.py:2690} INFO - Sync 1 DAGs
[2024-01-04T23:19:41.870+0000] {logging_mixin.py:137} INFO - [2024-01-04T23:19:41.870+0000] {dag.py:3441} INFO - Setting next_dagrun for tutorial_dag to None, run_after=None
[2024-01-04T23:19:41.881+0000] {processor.py:175} INFO - Processing /home/airflow/.local/lib/python3.7/site-packages/airflow/example_dags/tutorial_dag.py took 0.081 seconds
[2024-01-04T23:20:12.096+0000] {processor.py:153} INFO - Started process (PID=1593) to work on /home/airflow/.local/lib/python3.7/site-packages/airflow/example_dags/tutorial_dag.py
[2024-01-04T23:20:12.099+0000] {processor.py:743} INFO - Processing file /home/airflow/.local/lib/python3.7/site-packages/airflow/example_dags/tutorial_dag.py for tasks to queue
[2024-01-04T23:20:12.100+0000] {logging_mixin.py:137} INFO - [2024-01-04T23:20:12.100+0000] {dagbag.py:538} INFO - Filling up the DagBag from /home/airflow/.local/lib/python3.7/site-packages/airflow/example_dags/tutorial_dag.py
[2024-01-04T23:20:12.120+0000] {processor.py:753} INFO - DAG(s) dict_keys(['tutorial_dag']) retrieved from /home/airflow/.local/lib/python3.7/site-packages/airflow/example_dags/tutorial_dag.py
[2024-01-04T23:20:12.143+0000] {logging_mixin.py:137} INFO - [2024-01-04T23:20:12.143+0000] {dag.py:2690} INFO - Sync 1 DAGs
[2024-01-04T23:20:12.160+0000] {logging_mixin.py:137} INFO - [2024-01-04T23:20:12.160+0000] {dag.py:3441} INFO - Setting next_dagrun for tutorial_dag to None, run_after=None
[2024-01-04T23:20:12.172+0000] {processor.py:175} INFO - Processing /home/airflow/.local/lib/python3.7/site-packages/airflow/example_dags/tutorial_dag.py took 0.082 seconds
[2024-01-04T23:20:42.295+0000] {processor.py:153} INFO - Started process (PID=1656) to work on /home/airflow/.local/lib/python3.7/site-packages/airflow/example_dags/tutorial_dag.py
[2024-01-04T23:20:42.297+0000] {processor.py:743} INFO - Processing file /home/airflow/.local/lib/python3.7/site-packages/airflow/example_dags/tutorial_dag.py for tasks to queue
[2024-01-04T23:20:42.298+0000] {logging_mixin.py:137} INFO - [2024-01-04T23:20:42.298+0000] {dagbag.py:538} INFO - Filling up the DagBag from /home/airflow/.local/lib/python3.7/site-packages/airflow/example_dags/tutorial_dag.py
[2024-01-04T23:20:42.312+0000] {processor.py:753} INFO - DAG(s) dict_keys(['tutorial_dag']) retrieved from /home/airflow/.local/lib/python3.7/site-packages/airflow/example_dags/tutorial_dag.py
[2024-01-04T23:20:42.342+0000] {logging_mixin.py:137} INFO - [2024-01-04T23:20:42.342+0000] {dag.py:2690} INFO - Sync 1 DAGs
[2024-01-04T23:20:42.365+0000] {logging_mixin.py:137} INFO - [2024-01-04T23:20:42.364+0000] {dag.py:3441} INFO - Setting next_dagrun for tutorial_dag to None, run_after=None
[2024-01-04T23:20:42.391+0000] {processor.py:175} INFO - Processing /home/airflow/.local/lib/python3.7/site-packages/airflow/example_dags/tutorial_dag.py took 0.100 seconds
[2024-01-04T23:21:12.764+0000] {processor.py:153} INFO - Started process (PID=1731) to work on /home/airflow/.local/lib/python3.7/site-packages/airflow/example_dags/tutorial_dag.py
[2024-01-04T23:21:12.767+0000] {processor.py:743} INFO - Processing file /home/airflow/.local/lib/python3.7/site-packages/airflow/example_dags/tutorial_dag.py for tasks to queue
[2024-01-04T23:21:12.768+0000] {logging_mixin.py:137} INFO - [2024-01-04T23:21:12.768+0000] {dagbag.py:538} INFO - Filling up the DagBag from /home/airflow/.local/lib/python3.7/site-packages/airflow/example_dags/tutorial_dag.py
[2024-01-04T23:21:12.785+0000] {processor.py:753} INFO - DAG(s) dict_keys(['tutorial_dag']) retrieved from /home/airflow/.local/lib/python3.7/site-packages/airflow/example_dags/tutorial_dag.py
[2024-01-04T23:21:12.810+0000] {logging_mixin.py:137} INFO - [2024-01-04T23:21:12.810+0000] {dag.py:2690} INFO - Sync 1 DAGs
[2024-01-04T23:21:12.829+0000] {logging_mixin.py:137} INFO - [2024-01-04T23:21:12.829+0000] {dag.py:3441} INFO - Setting next_dagrun for tutorial_dag to None, run_after=None
[2024-01-04T23:21:12.842+0000] {processor.py:175} INFO - Processing /home/airflow/.local/lib/python3.7/site-packages/airflow/example_dags/tutorial_dag.py took 0.085 seconds
[2024-01-04T23:21:42.962+0000] {processor.py:153} INFO - Started process (PID=1794) to work on /home/airflow/.local/lib/python3.7/site-packages/airflow/example_dags/tutorial_dag.py
[2024-01-04T23:21:42.964+0000] {processor.py:743} INFO - Processing file /home/airflow/.local/lib/python3.7/site-packages/airflow/example_dags/tutorial_dag.py for tasks to queue
[2024-01-04T23:21:42.964+0000] {logging_mixin.py:137} INFO - [2024-01-04T23:21:42.964+0000] {dagbag.py:538} INFO - Filling up the DagBag from /home/airflow/.local/lib/python3.7/site-packages/airflow/example_dags/tutorial_dag.py
[2024-01-04T23:21:42.974+0000] {processor.py:753} INFO - DAG(s) dict_keys(['tutorial_dag']) retrieved from /home/airflow/.local/lib/python3.7/site-packages/airflow/example_dags/tutorial_dag.py
[2024-01-04T23:21:42.993+0000] {logging_mixin.py:137} INFO - [2024-01-04T23:21:42.993+0000] {dag.py:2690} INFO - Sync 1 DAGs
[2024-01-04T23:21:43.009+0000] {logging_mixin.py:137} INFO - [2024-01-04T23:21:43.009+0000] {dag.py:3441} INFO - Setting next_dagrun for tutorial_dag to None, run_after=None
[2024-01-04T23:21:43.019+0000] {processor.py:175} INFO - Processing /home/airflow/.local/lib/python3.7/site-packages/airflow/example_dags/tutorial_dag.py took 0.060 seconds
[2024-01-04T23:22:13.811+0000] {processor.py:153} INFO - Started process (PID=1869) to work on /home/airflow/.local/lib/python3.7/site-packages/airflow/example_dags/tutorial_dag.py
[2024-01-04T23:22:13.813+0000] {processor.py:743} INFO - Processing file /home/airflow/.local/lib/python3.7/site-packages/airflow/example_dags/tutorial_dag.py for tasks to queue
[2024-01-04T23:22:13.815+0000] {logging_mixin.py:137} INFO - [2024-01-04T23:22:13.814+0000] {dagbag.py:538} INFO - Filling up the DagBag from /home/airflow/.local/lib/python3.7/site-packages/airflow/example_dags/tutorial_dag.py
[2024-01-04T23:22:13.825+0000] {processor.py:753} INFO - DAG(s) dict_keys(['tutorial_dag']) retrieved from /home/airflow/.local/lib/python3.7/site-packages/airflow/example_dags/tutorial_dag.py
[2024-01-04T23:22:13.846+0000] {logging_mixin.py:137} INFO - [2024-01-04T23:22:13.846+0000] {dag.py:2690} INFO - Sync 1 DAGs
[2024-01-04T23:22:13.862+0000] {logging_mixin.py:137} INFO - [2024-01-04T23:22:13.862+0000] {dag.py:3441} INFO - Setting next_dagrun for tutorial_dag to None, run_after=None
[2024-01-04T23:22:13.873+0000] {processor.py:175} INFO - Processing /home/airflow/.local/lib/python3.7/site-packages/airflow/example_dags/tutorial_dag.py took 0.069 seconds
[2024-01-04T23:22:44.467+0000] {processor.py:153} INFO - Started process (PID=1941) to work on /home/airflow/.local/lib/python3.7/site-packages/airflow/example_dags/tutorial_dag.py
[2024-01-04T23:22:44.469+0000] {processor.py:743} INFO - Processing file /home/airflow/.local/lib/python3.7/site-packages/airflow/example_dags/tutorial_dag.py for tasks to queue
[2024-01-04T23:22:44.471+0000] {logging_mixin.py:137} INFO - [2024-01-04T23:22:44.470+0000] {dagbag.py:538} INFO - Filling up the DagBag from /home/airflow/.local/lib/python3.7/site-packages/airflow/example_dags/tutorial_dag.py
[2024-01-04T23:22:44.487+0000] {processor.py:753} INFO - DAG(s) dict_keys(['tutorial_dag']) retrieved from /home/airflow/.local/lib/python3.7/site-packages/airflow/example_dags/tutorial_dag.py
[2024-01-04T23:22:44.510+0000] {logging_mixin.py:137} INFO - [2024-01-04T23:22:44.510+0000] {dag.py:2690} INFO - Sync 1 DAGs
[2024-01-04T23:22:44.529+0000] {logging_mixin.py:137} INFO - [2024-01-04T23:22:44.529+0000] {dag.py:3441} INFO - Setting next_dagrun for tutorial_dag to None, run_after=None
[2024-01-04T23:22:44.544+0000] {processor.py:175} INFO - Processing /home/airflow/.local/lib/python3.7/site-packages/airflow/example_dags/tutorial_dag.py took 0.081 seconds
[2024-01-04T23:23:15.247+0000] {processor.py:153} INFO - Started process (PID=2008) to work on /home/airflow/.local/lib/python3.7/site-packages/airflow/example_dags/tutorial_dag.py
[2024-01-04T23:23:15.248+0000] {processor.py:743} INFO - Processing file /home/airflow/.local/lib/python3.7/site-packages/airflow/example_dags/tutorial_dag.py for tasks to queue
[2024-01-04T23:23:15.249+0000] {logging_mixin.py:137} INFO - [2024-01-04T23:23:15.249+0000] {dagbag.py:538} INFO - Filling up the DagBag from /home/airflow/.local/lib/python3.7/site-packages/airflow/example_dags/tutorial_dag.py
[2024-01-04T23:23:15.260+0000] {processor.py:753} INFO - DAG(s) dict_keys(['tutorial_dag']) retrieved from /home/airflow/.local/lib/python3.7/site-packages/airflow/example_dags/tutorial_dag.py
[2024-01-04T23:23:15.280+0000] {logging_mixin.py:137} INFO - [2024-01-04T23:23:15.280+0000] {dag.py:2690} INFO - Sync 1 DAGs
[2024-01-04T23:23:15.297+0000] {logging_mixin.py:137} INFO - [2024-01-04T23:23:15.297+0000] {dag.py:3441} INFO - Setting next_dagrun for tutorial_dag to None, run_after=None
[2024-01-04T23:23:15.312+0000] {processor.py:175} INFO - Processing /home/airflow/.local/lib/python3.7/site-packages/airflow/example_dags/tutorial_dag.py took 0.068 seconds
[2024-01-04T23:23:45.873+0000] {processor.py:153} INFO - Started process (PID=2085) to work on /home/airflow/.local/lib/python3.7/site-packages/airflow/example_dags/tutorial_dag.py
[2024-01-04T23:23:45.874+0000] {processor.py:743} INFO - Processing file /home/airflow/.local/lib/python3.7/site-packages/airflow/example_dags/tutorial_dag.py for tasks to queue
[2024-01-04T23:23:45.875+0000] {logging_mixin.py:137} INFO - [2024-01-04T23:23:45.875+0000] {dagbag.py:538} INFO - Filling up the DagBag from /home/airflow/.local/lib/python3.7/site-packages/airflow/example_dags/tutorial_dag.py
[2024-01-04T23:23:45.885+0000] {processor.py:753} INFO - DAG(s) dict_keys(['tutorial_dag']) retrieved from /home/airflow/.local/lib/python3.7/site-packages/airflow/example_dags/tutorial_dag.py
[2024-01-04T23:23:45.905+0000] {logging_mixin.py:137} INFO - [2024-01-04T23:23:45.905+0000] {dag.py:2690} INFO - Sync 1 DAGs
[2024-01-04T23:23:45.920+0000] {logging_mixin.py:137} INFO - [2024-01-04T23:23:45.920+0000] {dag.py:3441} INFO - Setting next_dagrun for tutorial_dag to None, run_after=None
[2024-01-04T23:23:45.930+0000] {processor.py:175} INFO - Processing /home/airflow/.local/lib/python3.7/site-packages/airflow/example_dags/tutorial_dag.py took 0.060 seconds
[2024-01-04T23:24:16.821+0000] {processor.py:153} INFO - Started process (PID=2148) to work on /home/airflow/.local/lib/python3.7/site-packages/airflow/example_dags/tutorial_dag.py
[2024-01-04T23:24:16.822+0000] {processor.py:743} INFO - Processing file /home/airflow/.local/lib/python3.7/site-packages/airflow/example_dags/tutorial_dag.py for tasks to queue
[2024-01-04T23:24:16.823+0000] {logging_mixin.py:137} INFO - [2024-01-04T23:24:16.823+0000] {dagbag.py:538} INFO - Filling up the DagBag from /home/airflow/.local/lib/python3.7/site-packages/airflow/example_dags/tutorial_dag.py
[2024-01-04T23:24:16.833+0000] {processor.py:753} INFO - DAG(s) dict_keys(['tutorial_dag']) retrieved from /home/airflow/.local/lib/python3.7/site-packages/airflow/example_dags/tutorial_dag.py
[2024-01-04T23:24:16.853+0000] {logging_mixin.py:137} INFO - [2024-01-04T23:24:16.853+0000] {dag.py:2690} INFO - Sync 1 DAGs
[2024-01-04T23:24:16.869+0000] {logging_mixin.py:137} INFO - [2024-01-04T23:24:16.869+0000] {dag.py:3441} INFO - Setting next_dagrun for tutorial_dag to None, run_after=None
[2024-01-04T23:24:16.880+0000] {processor.py:175} INFO - Processing /home/airflow/.local/lib/python3.7/site-packages/airflow/example_dags/tutorial_dag.py took 0.063 seconds
[2024-01-04T23:24:47.930+0000] {processor.py:153} INFO - Started process (PID=2223) to work on /home/airflow/.local/lib/python3.7/site-packages/airflow/example_dags/tutorial_dag.py
[2024-01-04T23:24:47.931+0000] {processor.py:743} INFO - Processing file /home/airflow/.local/lib/python3.7/site-packages/airflow/example_dags/tutorial_dag.py for tasks to queue
[2024-01-04T23:24:47.932+0000] {logging_mixin.py:137} INFO - [2024-01-04T23:24:47.932+0000] {dagbag.py:538} INFO - Filling up the DagBag from /home/airflow/.local/lib/python3.7/site-packages/airflow/example_dags/tutorial_dag.py
[2024-01-04T23:24:47.942+0000] {processor.py:753} INFO - DAG(s) dict_keys(['tutorial_dag']) retrieved from /home/airflow/.local/lib/python3.7/site-packages/airflow/example_dags/tutorial_dag.py
[2024-01-04T23:24:47.962+0000] {logging_mixin.py:137} INFO - [2024-01-04T23:24:47.962+0000] {dag.py:2690} INFO - Sync 1 DAGs
[2024-01-04T23:24:47.977+0000] {logging_mixin.py:137} INFO - [2024-01-04T23:24:47.977+0000] {dag.py:3441} INFO - Setting next_dagrun for tutorial_dag to None, run_after=None
[2024-01-04T23:24:47.987+0000] {processor.py:175} INFO - Processing /home/airflow/.local/lib/python3.7/site-packages/airflow/example_dags/tutorial_dag.py took 0.060 seconds
[2024-01-04T23:25:19.192+0000] {processor.py:153} INFO - Started process (PID=2296) to work on /home/airflow/.local/lib/python3.7/site-packages/airflow/example_dags/tutorial_dag.py
[2024-01-04T23:25:19.194+0000] {processor.py:743} INFO - Processing file /home/airflow/.local/lib/python3.7/site-packages/airflow/example_dags/tutorial_dag.py for tasks to queue
[2024-01-04T23:25:19.195+0000] {logging_mixin.py:137} INFO - [2024-01-04T23:25:19.195+0000] {dagbag.py:538} INFO - Filling up the DagBag from /home/airflow/.local/lib/python3.7/site-packages/airflow/example_dags/tutorial_dag.py
[2024-01-04T23:25:19.208+0000] {processor.py:753} INFO - DAG(s) dict_keys(['tutorial_dag']) retrieved from /home/airflow/.local/lib/python3.7/site-packages/airflow/example_dags/tutorial_dag.py
[2024-01-04T23:25:19.232+0000] {logging_mixin.py:137} INFO - [2024-01-04T23:25:19.232+0000] {dag.py:2690} INFO - Sync 1 DAGs
[2024-01-04T23:25:19.251+0000] {logging_mixin.py:137} INFO - [2024-01-04T23:25:19.251+0000] {dag.py:3441} INFO - Setting next_dagrun for tutorial_dag to None, run_after=None
[2024-01-04T23:25:19.265+0000] {processor.py:175} INFO - Processing /home/airflow/.local/lib/python3.7/site-packages/airflow/example_dags/tutorial_dag.py took 0.075 seconds
[2024-01-04T23:25:49.506+0000] {processor.py:153} INFO - Started process (PID=2362) to work on /home/airflow/.local/lib/python3.7/site-packages/airflow/example_dags/tutorial_dag.py
[2024-01-04T23:25:49.508+0000] {processor.py:743} INFO - Processing file /home/airflow/.local/lib/python3.7/site-packages/airflow/example_dags/tutorial_dag.py for tasks to queue
[2024-01-04T23:25:49.510+0000] {logging_mixin.py:137} INFO - [2024-01-04T23:25:49.510+0000] {dagbag.py:538} INFO - Filling up the DagBag from /home/airflow/.local/lib/python3.7/site-packages/airflow/example_dags/tutorial_dag.py
[2024-01-04T23:25:49.522+0000] {processor.py:753} INFO - DAG(s) dict_keys(['tutorial_dag']) retrieved from /home/airflow/.local/lib/python3.7/site-packages/airflow/example_dags/tutorial_dag.py
[2024-01-04T23:25:49.544+0000] {logging_mixin.py:137} INFO - [2024-01-04T23:25:49.544+0000] {dag.py:2690} INFO - Sync 1 DAGs
[2024-01-04T23:25:49.559+0000] {logging_mixin.py:137} INFO - [2024-01-04T23:25:49.559+0000] {dag.py:3441} INFO - Setting next_dagrun for tutorial_dag to None, run_after=None
[2024-01-04T23:25:49.570+0000] {processor.py:175} INFO - Processing /home/airflow/.local/lib/python3.7/site-packages/airflow/example_dags/tutorial_dag.py took 0.069 seconds
[2024-01-04T23:26:20.282+0000] {processor.py:153} INFO - Started process (PID=2436) to work on /home/airflow/.local/lib/python3.7/site-packages/airflow/example_dags/tutorial_dag.py
[2024-01-04T23:26:20.284+0000] {processor.py:743} INFO - Processing file /home/airflow/.local/lib/python3.7/site-packages/airflow/example_dags/tutorial_dag.py for tasks to queue
[2024-01-04T23:26:20.285+0000] {logging_mixin.py:137} INFO - [2024-01-04T23:26:20.285+0000] {dagbag.py:538} INFO - Filling up the DagBag from /home/airflow/.local/lib/python3.7/site-packages/airflow/example_dags/tutorial_dag.py
[2024-01-04T23:26:20.301+0000] {processor.py:753} INFO - DAG(s) dict_keys(['tutorial_dag']) retrieved from /home/airflow/.local/lib/python3.7/site-packages/airflow/example_dags/tutorial_dag.py
[2024-01-04T23:26:20.325+0000] {logging_mixin.py:137} INFO - [2024-01-04T23:26:20.325+0000] {dag.py:2690} INFO - Sync 1 DAGs
[2024-01-04T23:26:20.341+0000] {logging_mixin.py:137} INFO - [2024-01-04T23:26:20.341+0000] {dag.py:3441} INFO - Setting next_dagrun for tutorial_dag to None, run_after=None
[2024-01-04T23:26:20.352+0000] {processor.py:175} INFO - Processing /home/airflow/.local/lib/python3.7/site-packages/airflow/example_dags/tutorial_dag.py took 0.075 seconds
[2024-01-04T23:26:51.176+0000] {processor.py:153} INFO - Started process (PID=2499) to work on /home/airflow/.local/lib/python3.7/site-packages/airflow/example_dags/tutorial_dag.py
[2024-01-04T23:26:51.178+0000] {processor.py:743} INFO - Processing file /home/airflow/.local/lib/python3.7/site-packages/airflow/example_dags/tutorial_dag.py for tasks to queue
[2024-01-04T23:26:51.178+0000] {logging_mixin.py:137} INFO - [2024-01-04T23:26:51.178+0000] {dagbag.py:538} INFO - Filling up the DagBag from /home/airflow/.local/lib/python3.7/site-packages/airflow/example_dags/tutorial_dag.py
[2024-01-04T23:26:51.187+0000] {processor.py:753} INFO - DAG(s) dict_keys(['tutorial_dag']) retrieved from /home/airflow/.local/lib/python3.7/site-packages/airflow/example_dags/tutorial_dag.py
[2024-01-04T23:26:51.207+0000] {logging_mixin.py:137} INFO - [2024-01-04T23:26:51.207+0000] {dag.py:2690} INFO - Sync 1 DAGs
[2024-01-04T23:26:51.221+0000] {logging_mixin.py:137} INFO - [2024-01-04T23:26:51.221+0000] {dag.py:3441} INFO - Setting next_dagrun for tutorial_dag to None, run_after=None
[2024-01-04T23:26:51.231+0000] {processor.py:175} INFO - Processing /home/airflow/.local/lib/python3.7/site-packages/airflow/example_dags/tutorial_dag.py took 0.058 seconds
[2024-01-04T23:27:21.704+0000] {processor.py:153} INFO - Started process (PID=2574) to work on /home/airflow/.local/lib/python3.7/site-packages/airflow/example_dags/tutorial_dag.py
[2024-01-04T23:27:21.705+0000] {processor.py:743} INFO - Processing file /home/airflow/.local/lib/python3.7/site-packages/airflow/example_dags/tutorial_dag.py for tasks to queue
[2024-01-04T23:27:21.706+0000] {logging_mixin.py:137} INFO - [2024-01-04T23:27:21.706+0000] {dagbag.py:538} INFO - Filling up the DagBag from /home/airflow/.local/lib/python3.7/site-packages/airflow/example_dags/tutorial_dag.py
[2024-01-04T23:27:21.715+0000] {processor.py:753} INFO - DAG(s) dict_keys(['tutorial_dag']) retrieved from /home/airflow/.local/lib/python3.7/site-packages/airflow/example_dags/tutorial_dag.py
[2024-01-04T23:27:21.735+0000] {logging_mixin.py:137} INFO - [2024-01-04T23:27:21.735+0000] {dag.py:2690} INFO - Sync 1 DAGs
[2024-01-04T23:27:21.749+0000] {logging_mixin.py:137} INFO - [2024-01-04T23:27:21.749+0000] {dag.py:3441} INFO - Setting next_dagrun for tutorial_dag to None, run_after=None
[2024-01-04T23:27:21.760+0000] {processor.py:175} INFO - Processing /home/airflow/.local/lib/python3.7/site-packages/airflow/example_dags/tutorial_dag.py took 0.059 seconds
[2024-01-04T23:27:52.241+0000] {processor.py:153} INFO - Started process (PID=2647) to work on /home/airflow/.local/lib/python3.7/site-packages/airflow/example_dags/tutorial_dag.py
[2024-01-04T23:27:52.243+0000] {processor.py:743} INFO - Processing file /home/airflow/.local/lib/python3.7/site-packages/airflow/example_dags/tutorial_dag.py for tasks to queue
[2024-01-04T23:27:52.245+0000] {logging_mixin.py:137} INFO - [2024-01-04T23:27:52.245+0000] {dagbag.py:538} INFO - Filling up the DagBag from /home/airflow/.local/lib/python3.7/site-packages/airflow/example_dags/tutorial_dag.py
[2024-01-04T23:27:52.258+0000] {processor.py:753} INFO - DAG(s) dict_keys(['tutorial_dag']) retrieved from /home/airflow/.local/lib/python3.7/site-packages/airflow/example_dags/tutorial_dag.py
[2024-01-04T23:27:52.281+0000] {logging_mixin.py:137} INFO - [2024-01-04T23:27:52.281+0000] {dag.py:2690} INFO - Sync 1 DAGs
[2024-01-04T23:27:52.299+0000] {logging_mixin.py:137} INFO - [2024-01-04T23:27:52.299+0000] {dag.py:3441} INFO - Setting next_dagrun for tutorial_dag to None, run_after=None
[2024-01-04T23:27:52.312+0000] {processor.py:175} INFO - Processing /home/airflow/.local/lib/python3.7/site-packages/airflow/example_dags/tutorial_dag.py took 0.076 seconds
[2024-01-04T23:28:22.954+0000] {processor.py:153} INFO - Started process (PID=2714) to work on /home/airflow/.local/lib/python3.7/site-packages/airflow/example_dags/tutorial_dag.py
[2024-01-04T23:28:22.955+0000] {processor.py:743} INFO - Processing file /home/airflow/.local/lib/python3.7/site-packages/airflow/example_dags/tutorial_dag.py for tasks to queue
[2024-01-04T23:28:22.956+0000] {logging_mixin.py:137} INFO - [2024-01-04T23:28:22.956+0000] {dagbag.py:538} INFO - Filling up the DagBag from /home/airflow/.local/lib/python3.7/site-packages/airflow/example_dags/tutorial_dag.py
[2024-01-04T23:28:22.966+0000] {processor.py:753} INFO - DAG(s) dict_keys(['tutorial_dag']) retrieved from /home/airflow/.local/lib/python3.7/site-packages/airflow/example_dags/tutorial_dag.py
[2024-01-04T23:28:22.992+0000] {logging_mixin.py:137} INFO - [2024-01-04T23:28:22.992+0000] {dag.py:2690} INFO - Sync 1 DAGs
[2024-01-04T23:28:23.008+0000] {logging_mixin.py:137} INFO - [2024-01-04T23:28:23.008+0000] {dag.py:3441} INFO - Setting next_dagrun for tutorial_dag to None, run_after=None
[2024-01-04T23:28:23.019+0000] {processor.py:175} INFO - Processing /home/airflow/.local/lib/python3.7/site-packages/airflow/example_dags/tutorial_dag.py took 0.068 seconds
[2024-01-04T23:28:53.766+0000] {processor.py:153} INFO - Started process (PID=2790) to work on /home/airflow/.local/lib/python3.7/site-packages/airflow/example_dags/tutorial_dag.py
[2024-01-04T23:28:53.767+0000] {processor.py:743} INFO - Processing file /home/airflow/.local/lib/python3.7/site-packages/airflow/example_dags/tutorial_dag.py for tasks to queue
[2024-01-04T23:28:53.768+0000] {logging_mixin.py:137} INFO - [2024-01-04T23:28:53.768+0000] {dagbag.py:538} INFO - Filling up the DagBag from /home/airflow/.local/lib/python3.7/site-packages/airflow/example_dags/tutorial_dag.py
[2024-01-04T23:28:53.778+0000] {processor.py:753} INFO - DAG(s) dict_keys(['tutorial_dag']) retrieved from /home/airflow/.local/lib/python3.7/site-packages/airflow/example_dags/tutorial_dag.py
[2024-01-04T23:28:53.801+0000] {logging_mixin.py:137} INFO - [2024-01-04T23:28:53.801+0000] {dag.py:2690} INFO - Sync 1 DAGs
[2024-01-04T23:28:53.819+0000] {logging_mixin.py:137} INFO - [2024-01-04T23:28:53.819+0000] {dag.py:3441} INFO - Setting next_dagrun for tutorial_dag to None, run_after=None
[2024-01-04T23:28:53.830+0000] {processor.py:175} INFO - Processing /home/airflow/.local/lib/python3.7/site-packages/airflow/example_dags/tutorial_dag.py took 0.068 seconds
[2024-01-04T23:29:24.629+0000] {processor.py:153} INFO - Started process (PID=2852) to work on /home/airflow/.local/lib/python3.7/site-packages/airflow/example_dags/tutorial_dag.py
[2024-01-04T23:29:24.631+0000] {processor.py:743} INFO - Processing file /home/airflow/.local/lib/python3.7/site-packages/airflow/example_dags/tutorial_dag.py for tasks to queue
[2024-01-04T23:29:24.631+0000] {logging_mixin.py:137} INFO - [2024-01-04T23:29:24.631+0000] {dagbag.py:538} INFO - Filling up the DagBag from /home/airflow/.local/lib/python3.7/site-packages/airflow/example_dags/tutorial_dag.py
[2024-01-04T23:29:24.641+0000] {processor.py:753} INFO - DAG(s) dict_keys(['tutorial_dag']) retrieved from /home/airflow/.local/lib/python3.7/site-packages/airflow/example_dags/tutorial_dag.py
[2024-01-04T23:29:24.660+0000] {logging_mixin.py:137} INFO - [2024-01-04T23:29:24.660+0000] {dag.py:2690} INFO - Sync 1 DAGs
[2024-01-04T23:29:24.680+0000] {logging_mixin.py:137} INFO - [2024-01-04T23:29:24.680+0000] {dag.py:3441} INFO - Setting next_dagrun for tutorial_dag to None, run_after=None
[2024-01-04T23:29:24.691+0000] {processor.py:175} INFO - Processing /home/airflow/.local/lib/python3.7/site-packages/airflow/example_dags/tutorial_dag.py took 0.065 seconds
[2024-01-04T23:29:55.034+0000] {processor.py:153} INFO - Started process (PID=2926) to work on /home/airflow/.local/lib/python3.7/site-packages/airflow/example_dags/tutorial_dag.py
[2024-01-04T23:29:55.036+0000] {processor.py:743} INFO - Processing file /home/airflow/.local/lib/python3.7/site-packages/airflow/example_dags/tutorial_dag.py for tasks to queue
[2024-01-04T23:29:55.037+0000] {logging_mixin.py:137} INFO - [2024-01-04T23:29:55.037+0000] {dagbag.py:538} INFO - Filling up the DagBag from /home/airflow/.local/lib/python3.7/site-packages/airflow/example_dags/tutorial_dag.py
[2024-01-04T23:29:55.048+0000] {processor.py:753} INFO - DAG(s) dict_keys(['tutorial_dag']) retrieved from /home/airflow/.local/lib/python3.7/site-packages/airflow/example_dags/tutorial_dag.py
[2024-01-04T23:29:55.068+0000] {logging_mixin.py:137} INFO - [2024-01-04T23:29:55.068+0000] {dag.py:2690} INFO - Sync 1 DAGs
[2024-01-04T23:29:55.086+0000] {logging_mixin.py:137} INFO - [2024-01-04T23:29:55.085+0000] {dag.py:3441} INFO - Setting next_dagrun for tutorial_dag to None, run_after=None
[2024-01-04T23:29:55.098+0000] {processor.py:175} INFO - Processing /home/airflow/.local/lib/python3.7/site-packages/airflow/example_dags/tutorial_dag.py took 0.066 seconds
[2024-01-04T23:30:25.772+0000] {processor.py:153} INFO - Started process (PID=3001) to work on /home/airflow/.local/lib/python3.7/site-packages/airflow/example_dags/tutorial_dag.py
[2024-01-04T23:30:25.774+0000] {processor.py:743} INFO - Processing file /home/airflow/.local/lib/python3.7/site-packages/airflow/example_dags/tutorial_dag.py for tasks to queue
[2024-01-04T23:30:25.775+0000] {logging_mixin.py:137} INFO - [2024-01-04T23:30:25.775+0000] {dagbag.py:538} INFO - Filling up the DagBag from /home/airflow/.local/lib/python3.7/site-packages/airflow/example_dags/tutorial_dag.py
[2024-01-04T23:30:25.786+0000] {processor.py:753} INFO - DAG(s) dict_keys(['tutorial_dag']) retrieved from /home/airflow/.local/lib/python3.7/site-packages/airflow/example_dags/tutorial_dag.py
[2024-01-04T23:30:25.809+0000] {logging_mixin.py:137} INFO - [2024-01-04T23:30:25.809+0000] {dag.py:2690} INFO - Sync 1 DAGs
[2024-01-04T23:30:25.826+0000] {logging_mixin.py:137} INFO - [2024-01-04T23:30:25.826+0000] {dag.py:3441} INFO - Setting next_dagrun for tutorial_dag to None, run_after=None
[2024-01-04T23:30:25.840+0000] {processor.py:175} INFO - Processing /home/airflow/.local/lib/python3.7/site-packages/airflow/example_dags/tutorial_dag.py took 0.082 seconds
[2024-01-04T23:30:56.194+0000] {processor.py:153} INFO - Started process (PID=3065) to work on /home/airflow/.local/lib/python3.7/site-packages/airflow/example_dags/tutorial_dag.py
[2024-01-04T23:30:56.196+0000] {processor.py:743} INFO - Processing file /home/airflow/.local/lib/python3.7/site-packages/airflow/example_dags/tutorial_dag.py for tasks to queue
[2024-01-04T23:30:56.196+0000] {logging_mixin.py:137} INFO - [2024-01-04T23:30:56.196+0000] {dagbag.py:538} INFO - Filling up the DagBag from /home/airflow/.local/lib/python3.7/site-packages/airflow/example_dags/tutorial_dag.py
[2024-01-04T23:30:56.206+0000] {processor.py:753} INFO - DAG(s) dict_keys(['tutorial_dag']) retrieved from /home/airflow/.local/lib/python3.7/site-packages/airflow/example_dags/tutorial_dag.py
[2024-01-04T23:30:56.225+0000] {logging_mixin.py:137} INFO - [2024-01-04T23:30:56.225+0000] {dag.py:2690} INFO - Sync 1 DAGs
[2024-01-04T23:30:56.240+0000] {logging_mixin.py:137} INFO - [2024-01-04T23:30:56.239+0000] {dag.py:3441} INFO - Setting next_dagrun for tutorial_dag to None, run_after=None
[2024-01-04T23:30:56.250+0000] {processor.py:175} INFO - Processing /home/airflow/.local/lib/python3.7/site-packages/airflow/example_dags/tutorial_dag.py took 0.058 seconds
[2024-01-04T23:31:26.908+0000] {processor.py:153} INFO - Started process (PID=3140) to work on /home/airflow/.local/lib/python3.7/site-packages/airflow/example_dags/tutorial_dag.py
[2024-01-04T23:31:26.910+0000] {processor.py:743} INFO - Processing file /home/airflow/.local/lib/python3.7/site-packages/airflow/example_dags/tutorial_dag.py for tasks to queue
[2024-01-04T23:31:26.911+0000] {logging_mixin.py:137} INFO - [2024-01-04T23:31:26.911+0000] {dagbag.py:538} INFO - Filling up the DagBag from /home/airflow/.local/lib/python3.7/site-packages/airflow/example_dags/tutorial_dag.py
[2024-01-04T23:31:26.922+0000] {processor.py:753} INFO - DAG(s) dict_keys(['tutorial_dag']) retrieved from /home/airflow/.local/lib/python3.7/site-packages/airflow/example_dags/tutorial_dag.py
[2024-01-04T23:31:26.943+0000] {logging_mixin.py:137} INFO - [2024-01-04T23:31:26.943+0000] {dag.py:2690} INFO - Sync 1 DAGs
[2024-01-04T23:31:26.961+0000] {logging_mixin.py:137} INFO - [2024-01-04T23:31:26.961+0000] {dag.py:3441} INFO - Setting next_dagrun for tutorial_dag to None, run_after=None
[2024-01-04T23:31:26.979+0000] {processor.py:175} INFO - Processing /home/airflow/.local/lib/python3.7/site-packages/airflow/example_dags/tutorial_dag.py took 0.076 seconds
[2024-01-04T23:31:57.983+0000] {processor.py:153} INFO - Started process (PID=3203) to work on /home/airflow/.local/lib/python3.7/site-packages/airflow/example_dags/tutorial_dag.py
[2024-01-04T23:31:57.984+0000] {processor.py:743} INFO - Processing file /home/airflow/.local/lib/python3.7/site-packages/airflow/example_dags/tutorial_dag.py for tasks to queue
[2024-01-04T23:31:57.985+0000] {logging_mixin.py:137} INFO - [2024-01-04T23:31:57.984+0000] {dagbag.py:538} INFO - Filling up the DagBag from /home/airflow/.local/lib/python3.7/site-packages/airflow/example_dags/tutorial_dag.py
[2024-01-04T23:31:57.994+0000] {processor.py:753} INFO - DAG(s) dict_keys(['tutorial_dag']) retrieved from /home/airflow/.local/lib/python3.7/site-packages/airflow/example_dags/tutorial_dag.py
[2024-01-04T23:31:58.015+0000] {logging_mixin.py:137} INFO - [2024-01-04T23:31:58.015+0000] {dag.py:2690} INFO - Sync 1 DAGs
[2024-01-04T23:31:58.031+0000] {logging_mixin.py:137} INFO - [2024-01-04T23:31:58.030+0000] {dag.py:3441} INFO - Setting next_dagrun for tutorial_dag to None, run_after=None
[2024-01-04T23:31:58.041+0000] {processor.py:175} INFO - Processing /home/airflow/.local/lib/python3.7/site-packages/airflow/example_dags/tutorial_dag.py took 0.061 seconds
[2024-01-04T23:32:29.018+0000] {processor.py:153} INFO - Started process (PID=3278) to work on /home/airflow/.local/lib/python3.7/site-packages/airflow/example_dags/tutorial_dag.py
[2024-01-04T23:32:29.023+0000] {processor.py:743} INFO - Processing file /home/airflow/.local/lib/python3.7/site-packages/airflow/example_dags/tutorial_dag.py for tasks to queue
[2024-01-04T23:32:29.027+0000] {logging_mixin.py:137} INFO - [2024-01-04T23:32:29.027+0000] {dagbag.py:538} INFO - Filling up the DagBag from /home/airflow/.local/lib/python3.7/site-packages/airflow/example_dags/tutorial_dag.py
[2024-01-04T23:32:29.038+0000] {processor.py:753} INFO - DAG(s) dict_keys(['tutorial_dag']) retrieved from /home/airflow/.local/lib/python3.7/site-packages/airflow/example_dags/tutorial_dag.py
[2024-01-04T23:32:29.059+0000] {logging_mixin.py:137} INFO - [2024-01-04T23:32:29.059+0000] {dag.py:2690} INFO - Sync 1 DAGs
[2024-01-04T23:32:29.074+0000] {logging_mixin.py:137} INFO - [2024-01-04T23:32:29.074+0000] {dag.py:3441} INFO - Setting next_dagrun for tutorial_dag to None, run_after=None
[2024-01-04T23:32:29.084+0000] {processor.py:175} INFO - Processing /home/airflow/.local/lib/python3.7/site-packages/airflow/example_dags/tutorial_dag.py took 0.070 seconds
[2024-01-04T23:33:00.185+0000] {processor.py:153} INFO - Started process (PID=3341) to work on /home/airflow/.local/lib/python3.7/site-packages/airflow/example_dags/tutorial_dag.py
[2024-01-04T23:33:00.186+0000] {processor.py:743} INFO - Processing file /home/airflow/.local/lib/python3.7/site-packages/airflow/example_dags/tutorial_dag.py for tasks to queue
[2024-01-04T23:33:00.187+0000] {logging_mixin.py:137} INFO - [2024-01-04T23:33:00.187+0000] {dagbag.py:538} INFO - Filling up the DagBag from /home/airflow/.local/lib/python3.7/site-packages/airflow/example_dags/tutorial_dag.py
[2024-01-04T23:33:00.196+0000] {processor.py:753} INFO - DAG(s) dict_keys(['tutorial_dag']) retrieved from /home/airflow/.local/lib/python3.7/site-packages/airflow/example_dags/tutorial_dag.py
[2024-01-04T23:33:00.216+0000] {logging_mixin.py:137} INFO - [2024-01-04T23:33:00.216+0000] {dag.py:2690} INFO - Sync 1 DAGs
[2024-01-04T23:33:00.230+0000] {logging_mixin.py:137} INFO - [2024-01-04T23:33:00.230+0000] {dag.py:3441} INFO - Setting next_dagrun for tutorial_dag to None, run_after=None
[2024-01-04T23:33:00.241+0000] {processor.py:175} INFO - Processing /home/airflow/.local/lib/python3.7/site-packages/airflow/example_dags/tutorial_dag.py took 0.058 seconds
[2024-01-04T23:33:31.008+0000] {processor.py:153} INFO - Started process (PID=3415) to work on /home/airflow/.local/lib/python3.7/site-packages/airflow/example_dags/tutorial_dag.py
[2024-01-04T23:33:31.009+0000] {processor.py:743} INFO - Processing file /home/airflow/.local/lib/python3.7/site-packages/airflow/example_dags/tutorial_dag.py for tasks to queue
[2024-01-04T23:33:31.010+0000] {logging_mixin.py:137} INFO - [2024-01-04T23:33:31.010+0000] {dagbag.py:538} INFO - Filling up the DagBag from /home/airflow/.local/lib/python3.7/site-packages/airflow/example_dags/tutorial_dag.py
[2024-01-04T23:33:31.019+0000] {processor.py:753} INFO - DAG(s) dict_keys(['tutorial_dag']) retrieved from /home/airflow/.local/lib/python3.7/site-packages/airflow/example_dags/tutorial_dag.py
[2024-01-04T23:33:31.040+0000] {logging_mixin.py:137} INFO - [2024-01-04T23:33:31.040+0000] {dag.py:2690} INFO - Sync 1 DAGs
[2024-01-04T23:33:31.056+0000] {logging_mixin.py:137} INFO - [2024-01-04T23:33:31.055+0000] {dag.py:3441} INFO - Setting next_dagrun for tutorial_dag to None, run_after=None
[2024-01-04T23:33:31.066+0000] {processor.py:175} INFO - Processing /home/airflow/.local/lib/python3.7/site-packages/airflow/example_dags/tutorial_dag.py took 0.062 seconds
[2024-01-04T23:34:01.825+0000] {processor.py:153} INFO - Started process (PID=3491) to work on /home/airflow/.local/lib/python3.7/site-packages/airflow/example_dags/tutorial_dag.py
[2024-01-04T23:34:01.827+0000] {processor.py:743} INFO - Processing file /home/airflow/.local/lib/python3.7/site-packages/airflow/example_dags/tutorial_dag.py for tasks to queue
[2024-01-04T23:34:01.828+0000] {logging_mixin.py:137} INFO - [2024-01-04T23:34:01.828+0000] {dagbag.py:538} INFO - Filling up the DagBag from /home/airflow/.local/lib/python3.7/site-packages/airflow/example_dags/tutorial_dag.py
[2024-01-04T23:34:01.842+0000] {processor.py:753} INFO - DAG(s) dict_keys(['tutorial_dag']) retrieved from /home/airflow/.local/lib/python3.7/site-packages/airflow/example_dags/tutorial_dag.py
[2024-01-04T23:34:01.866+0000] {logging_mixin.py:137} INFO - [2024-01-04T23:34:01.865+0000] {dag.py:2690} INFO - Sync 1 DAGs
[2024-01-04T23:34:01.883+0000] {logging_mixin.py:137} INFO - [2024-01-04T23:34:01.882+0000] {dag.py:3441} INFO - Setting next_dagrun for tutorial_dag to None, run_after=None
[2024-01-04T23:34:01.895+0000] {processor.py:175} INFO - Processing /home/airflow/.local/lib/python3.7/site-packages/airflow/example_dags/tutorial_dag.py took 0.073 seconds
[2024-01-04T23:34:32.489+0000] {processor.py:153} INFO - Started process (PID=3554) to work on /home/airflow/.local/lib/python3.7/site-packages/airflow/example_dags/tutorial_dag.py
[2024-01-04T23:34:32.491+0000] {processor.py:743} INFO - Processing file /home/airflow/.local/lib/python3.7/site-packages/airflow/example_dags/tutorial_dag.py for tasks to queue
[2024-01-04T23:34:32.491+0000] {logging_mixin.py:137} INFO - [2024-01-04T23:34:32.491+0000] {dagbag.py:538} INFO - Filling up the DagBag from /home/airflow/.local/lib/python3.7/site-packages/airflow/example_dags/tutorial_dag.py
[2024-01-04T23:34:32.502+0000] {processor.py:753} INFO - DAG(s) dict_keys(['tutorial_dag']) retrieved from /home/airflow/.local/lib/python3.7/site-packages/airflow/example_dags/tutorial_dag.py
[2024-01-04T23:34:32.525+0000] {logging_mixin.py:137} INFO - [2024-01-04T23:34:32.524+0000] {dag.py:2690} INFO - Sync 1 DAGs
[2024-01-04T23:34:32.541+0000] {logging_mixin.py:137} INFO - [2024-01-04T23:34:32.541+0000] {dag.py:3441} INFO - Setting next_dagrun for tutorial_dag to None, run_after=None
[2024-01-04T23:34:32.553+0000] {processor.py:175} INFO - Processing /home/airflow/.local/lib/python3.7/site-packages/airflow/example_dags/tutorial_dag.py took 0.067 seconds
[2024-01-04T23:35:03.286+0000] {processor.py:153} INFO - Started process (PID=3629) to work on /home/airflow/.local/lib/python3.7/site-packages/airflow/example_dags/tutorial_dag.py
[2024-01-04T23:35:03.288+0000] {processor.py:743} INFO - Processing file /home/airflow/.local/lib/python3.7/site-packages/airflow/example_dags/tutorial_dag.py for tasks to queue
[2024-01-04T23:35:03.289+0000] {logging_mixin.py:137} INFO - [2024-01-04T23:35:03.289+0000] {dagbag.py:538} INFO - Filling up the DagBag from /home/airflow/.local/lib/python3.7/site-packages/airflow/example_dags/tutorial_dag.py
[2024-01-04T23:35:03.299+0000] {processor.py:753} INFO - DAG(s) dict_keys(['tutorial_dag']) retrieved from /home/airflow/.local/lib/python3.7/site-packages/airflow/example_dags/tutorial_dag.py
[2024-01-04T23:35:03.321+0000] {logging_mixin.py:137} INFO - [2024-01-04T23:35:03.320+0000] {dag.py:2690} INFO - Sync 1 DAGs
[2024-01-04T23:35:03.338+0000] {logging_mixin.py:137} INFO - [2024-01-04T23:35:03.338+0000] {dag.py:3441} INFO - Setting next_dagrun for tutorial_dag to None, run_after=None
[2024-01-04T23:35:03.350+0000] {processor.py:175} INFO - Processing /home/airflow/.local/lib/python3.7/site-packages/airflow/example_dags/tutorial_dag.py took 0.067 seconds
[2024-01-04T23:35:34.294+0000] {processor.py:153} INFO - Started process (PID=3691) to work on /home/airflow/.local/lib/python3.7/site-packages/airflow/example_dags/tutorial_dag.py
[2024-01-04T23:35:34.295+0000] {processor.py:743} INFO - Processing file /home/airflow/.local/lib/python3.7/site-packages/airflow/example_dags/tutorial_dag.py for tasks to queue
[2024-01-04T23:35:34.296+0000] {logging_mixin.py:137} INFO - [2024-01-04T23:35:34.296+0000] {dagbag.py:538} INFO - Filling up the DagBag from /home/airflow/.local/lib/python3.7/site-packages/airflow/example_dags/tutorial_dag.py
[2024-01-04T23:35:34.306+0000] {processor.py:753} INFO - DAG(s) dict_keys(['tutorial_dag']) retrieved from /home/airflow/.local/lib/python3.7/site-packages/airflow/example_dags/tutorial_dag.py
[2024-01-04T23:35:34.326+0000] {logging_mixin.py:137} INFO - [2024-01-04T23:35:34.326+0000] {dag.py:2690} INFO - Sync 1 DAGs
[2024-01-04T23:35:34.341+0000] {logging_mixin.py:137} INFO - [2024-01-04T23:35:34.341+0000] {dag.py:3441} INFO - Setting next_dagrun for tutorial_dag to None, run_after=None
[2024-01-04T23:35:34.353+0000] {processor.py:175} INFO - Processing /home/airflow/.local/lib/python3.7/site-packages/airflow/example_dags/tutorial_dag.py took 0.062 seconds
[2024-01-04T23:36:04.869+0000] {processor.py:153} INFO - Started process (PID=3766) to work on /home/airflow/.local/lib/python3.7/site-packages/airflow/example_dags/tutorial_dag.py
[2024-01-04T23:36:04.870+0000] {processor.py:743} INFO - Processing file /home/airflow/.local/lib/python3.7/site-packages/airflow/example_dags/tutorial_dag.py for tasks to queue
[2024-01-04T23:36:04.872+0000] {logging_mixin.py:137} INFO - [2024-01-04T23:36:04.871+0000] {dagbag.py:538} INFO - Filling up the DagBag from /home/airflow/.local/lib/python3.7/site-packages/airflow/example_dags/tutorial_dag.py
[2024-01-04T23:36:04.880+0000] {processor.py:753} INFO - DAG(s) dict_keys(['tutorial_dag']) retrieved from /home/airflow/.local/lib/python3.7/site-packages/airflow/example_dags/tutorial_dag.py
[2024-01-04T23:36:04.901+0000] {logging_mixin.py:137} INFO - [2024-01-04T23:36:04.901+0000] {dag.py:2690} INFO - Sync 1 DAGs
[2024-01-04T23:36:04.915+0000] {logging_mixin.py:137} INFO - [2024-01-04T23:36:04.915+0000] {dag.py:3441} INFO - Setting next_dagrun for tutorial_dag to None, run_after=None
[2024-01-04T23:36:04.926+0000] {processor.py:175} INFO - Processing /home/airflow/.local/lib/python3.7/site-packages/airflow/example_dags/tutorial_dag.py took 0.059 seconds
[2024-01-04T23:36:35.924+0000] {processor.py:153} INFO - Started process (PID=3841) to work on /home/airflow/.local/lib/python3.7/site-packages/airflow/example_dags/tutorial_dag.py
[2024-01-04T23:36:35.925+0000] {processor.py:743} INFO - Processing file /home/airflow/.local/lib/python3.7/site-packages/airflow/example_dags/tutorial_dag.py for tasks to queue
[2024-01-04T23:36:35.926+0000] {logging_mixin.py:137} INFO - [2024-01-04T23:36:35.926+0000] {dagbag.py:538} INFO - Filling up the DagBag from /home/airflow/.local/lib/python3.7/site-packages/airflow/example_dags/tutorial_dag.py
[2024-01-04T23:36:35.938+0000] {processor.py:753} INFO - DAG(s) dict_keys(['tutorial_dag']) retrieved from /home/airflow/.local/lib/python3.7/site-packages/airflow/example_dags/tutorial_dag.py
[2024-01-04T23:36:35.962+0000] {logging_mixin.py:137} INFO - [2024-01-04T23:36:35.962+0000] {dag.py:2690} INFO - Sync 1 DAGs
[2024-01-04T23:36:35.982+0000] {logging_mixin.py:137} INFO - [2024-01-04T23:36:35.981+0000] {dag.py:3441} INFO - Setting next_dagrun for tutorial_dag to None, run_after=None
[2024-01-04T23:36:35.995+0000] {processor.py:175} INFO - Processing /home/airflow/.local/lib/python3.7/site-packages/airflow/example_dags/tutorial_dag.py took 0.074 seconds
[2024-01-04T23:37:06.278+0000] {processor.py:153} INFO - Started process (PID=3904) to work on /home/airflow/.local/lib/python3.7/site-packages/airflow/example_dags/tutorial_dag.py
[2024-01-04T23:37:06.280+0000] {processor.py:743} INFO - Processing file /home/airflow/.local/lib/python3.7/site-packages/airflow/example_dags/tutorial_dag.py for tasks to queue
[2024-01-04T23:37:06.281+0000] {logging_mixin.py:137} INFO - [2024-01-04T23:37:06.281+0000] {dagbag.py:538} INFO - Filling up the DagBag from /home/airflow/.local/lib/python3.7/site-packages/airflow/example_dags/tutorial_dag.py
[2024-01-04T23:37:06.295+0000] {processor.py:753} INFO - DAG(s) dict_keys(['tutorial_dag']) retrieved from /home/airflow/.local/lib/python3.7/site-packages/airflow/example_dags/tutorial_dag.py
[2024-01-04T23:37:06.316+0000] {logging_mixin.py:137} INFO - [2024-01-04T23:37:06.316+0000] {dag.py:2690} INFO - Sync 1 DAGs
[2024-01-04T23:37:06.332+0000] {logging_mixin.py:137} INFO - [2024-01-04T23:37:06.332+0000] {dag.py:3441} INFO - Setting next_dagrun for tutorial_dag to None, run_after=None
[2024-01-04T23:37:06.343+0000] {processor.py:175} INFO - Processing /home/airflow/.local/lib/python3.7/site-packages/airflow/example_dags/tutorial_dag.py took 0.068 seconds
[2024-01-04T23:37:36.979+0000] {processor.py:153} INFO - Started process (PID=3978) to work on /home/airflow/.local/lib/python3.7/site-packages/airflow/example_dags/tutorial_dag.py
[2024-01-04T23:37:36.980+0000] {processor.py:743} INFO - Processing file /home/airflow/.local/lib/python3.7/site-packages/airflow/example_dags/tutorial_dag.py for tasks to queue
[2024-01-04T23:37:36.981+0000] {logging_mixin.py:137} INFO - [2024-01-04T23:37:36.981+0000] {dagbag.py:538} INFO - Filling up the DagBag from /home/airflow/.local/lib/python3.7/site-packages/airflow/example_dags/tutorial_dag.py
[2024-01-04T23:37:36.990+0000] {processor.py:753} INFO - DAG(s) dict_keys(['tutorial_dag']) retrieved from /home/airflow/.local/lib/python3.7/site-packages/airflow/example_dags/tutorial_dag.py
[2024-01-04T23:37:37.011+0000] {logging_mixin.py:137} INFO - [2024-01-04T23:37:37.010+0000] {dag.py:2690} INFO - Sync 1 DAGs
[2024-01-04T23:37:37.026+0000] {logging_mixin.py:137} INFO - [2024-01-04T23:37:37.026+0000] {dag.py:3441} INFO - Setting next_dagrun for tutorial_dag to None, run_after=None
[2024-01-04T23:37:37.036+0000] {processor.py:175} INFO - Processing /home/airflow/.local/lib/python3.7/site-packages/airflow/example_dags/tutorial_dag.py took 0.061 seconds
[2024-01-04T23:38:07.666+0000] {processor.py:153} INFO - Started process (PID=4041) to work on /home/airflow/.local/lib/python3.7/site-packages/airflow/example_dags/tutorial_dag.py
[2024-01-04T23:38:07.668+0000] {processor.py:743} INFO - Processing file /home/airflow/.local/lib/python3.7/site-packages/airflow/example_dags/tutorial_dag.py for tasks to queue
[2024-01-04T23:38:07.668+0000] {logging_mixin.py:137} INFO - [2024-01-04T23:38:07.668+0000] {dagbag.py:538} INFO - Filling up the DagBag from /home/airflow/.local/lib/python3.7/site-packages/airflow/example_dags/tutorial_dag.py
[2024-01-04T23:38:07.679+0000] {processor.py:753} INFO - DAG(s) dict_keys(['tutorial_dag']) retrieved from /home/airflow/.local/lib/python3.7/site-packages/airflow/example_dags/tutorial_dag.py
[2024-01-04T23:38:07.699+0000] {logging_mixin.py:137} INFO - [2024-01-04T23:38:07.699+0000] {dag.py:2690} INFO - Sync 1 DAGs
[2024-01-04T23:38:07.715+0000] {logging_mixin.py:137} INFO - [2024-01-04T23:38:07.714+0000] {dag.py:3441} INFO - Setting next_dagrun for tutorial_dag to None, run_after=None
[2024-01-04T23:38:07.726+0000] {processor.py:175} INFO - Processing /home/airflow/.local/lib/python3.7/site-packages/airflow/example_dags/tutorial_dag.py took 0.062 seconds
[2024-01-04T23:38:38.281+0000] {processor.py:153} INFO - Started process (PID=4116) to work on /home/airflow/.local/lib/python3.7/site-packages/airflow/example_dags/tutorial_dag.py
[2024-01-04T23:38:38.283+0000] {processor.py:743} INFO - Processing file /home/airflow/.local/lib/python3.7/site-packages/airflow/example_dags/tutorial_dag.py for tasks to queue
[2024-01-04T23:38:38.284+0000] {logging_mixin.py:137} INFO - [2024-01-04T23:38:38.284+0000] {dagbag.py:538} INFO - Filling up the DagBag from /home/airflow/.local/lib/python3.7/site-packages/airflow/example_dags/tutorial_dag.py
[2024-01-04T23:38:38.296+0000] {processor.py:753} INFO - DAG(s) dict_keys(['tutorial_dag']) retrieved from /home/airflow/.local/lib/python3.7/site-packages/airflow/example_dags/tutorial_dag.py
[2024-01-04T23:38:38.319+0000] {logging_mixin.py:137} INFO - [2024-01-04T23:38:38.319+0000] {dag.py:2690} INFO - Sync 1 DAGs
[2024-01-04T23:38:38.337+0000] {logging_mixin.py:137} INFO - [2024-01-04T23:38:38.337+0000] {dag.py:3441} INFO - Setting next_dagrun for tutorial_dag to None, run_after=None
[2024-01-04T23:38:38.354+0000] {processor.py:175} INFO - Processing /home/airflow/.local/lib/python3.7/site-packages/airflow/example_dags/tutorial_dag.py took 0.077 seconds
[2024-01-04T23:39:09.149+0000] {processor.py:153} INFO - Started process (PID=4191) to work on /home/airflow/.local/lib/python3.7/site-packages/airflow/example_dags/tutorial_dag.py
[2024-01-04T23:39:09.155+0000] {processor.py:743} INFO - Processing file /home/airflow/.local/lib/python3.7/site-packages/airflow/example_dags/tutorial_dag.py for tasks to queue
[2024-01-04T23:39:09.156+0000] {logging_mixin.py:137} INFO - [2024-01-04T23:39:09.156+0000] {dagbag.py:538} INFO - Filling up the DagBag from /home/airflow/.local/lib/python3.7/site-packages/airflow/example_dags/tutorial_dag.py
[2024-01-04T23:39:09.182+0000] {processor.py:753} INFO - DAG(s) dict_keys(['tutorial_dag']) retrieved from /home/airflow/.local/lib/python3.7/site-packages/airflow/example_dags/tutorial_dag.py
[2024-01-04T23:39:09.220+0000] {logging_mixin.py:137} INFO - [2024-01-04T23:39:09.219+0000] {dag.py:2690} INFO - Sync 1 DAGs
[2024-01-04T23:39:09.240+0000] {logging_mixin.py:137} INFO - [2024-01-04T23:39:09.240+0000] {dag.py:3441} INFO - Setting next_dagrun for tutorial_dag to None, run_after=None
[2024-01-04T23:39:09.253+0000] {processor.py:175} INFO - Processing /home/airflow/.local/lib/python3.7/site-packages/airflow/example_dags/tutorial_dag.py took 0.107 seconds
[2024-01-04T23:56:20.803+0000] {processor.py:153} INFO - Started process (PID=4242) to work on /home/airflow/.local/lib/python3.7/site-packages/airflow/example_dags/tutorial_dag.py
[2024-01-04T23:56:20.805+0000] {processor.py:743} INFO - Processing file /home/airflow/.local/lib/python3.7/site-packages/airflow/example_dags/tutorial_dag.py for tasks to queue
[2024-01-04T23:56:20.806+0000] {logging_mixin.py:137} INFO - [2024-01-04T23:56:20.806+0000] {dagbag.py:538} INFO - Filling up the DagBag from /home/airflow/.local/lib/python3.7/site-packages/airflow/example_dags/tutorial_dag.py
[2024-01-04T23:56:20.854+0000] {processor.py:753} INFO - DAG(s) dict_keys(['tutorial_dag']) retrieved from /home/airflow/.local/lib/python3.7/site-packages/airflow/example_dags/tutorial_dag.py
[2024-01-04T23:56:20.961+0000] {logging_mixin.py:137} INFO - [2024-01-04T23:56:20.960+0000] {dag.py:2690} INFO - Sync 1 DAGs
[2024-01-04T23:56:21.025+0000] {logging_mixin.py:137} INFO - [2024-01-04T23:56:21.025+0000] {dag.py:3441} INFO - Setting next_dagrun for tutorial_dag to None, run_after=None
[2024-01-04T23:56:21.055+0000] {processor.py:175} INFO - Processing /home/airflow/.local/lib/python3.7/site-packages/airflow/example_dags/tutorial_dag.py took 0.265 seconds
